 iscf   Eharris(eV)      E_KS(eV)   FreeEng(eV)    dHmax    dDmax   Ef(eV)
    1      -31.3298      -31.3218      -31.3218   0.01026   0.00000 -4.72328
    2      -31.3292      -31.3291      -31.3291   0.00131   0.00000 -4.84461
    3      -31.3292      -31.3284      -31.3284   0.00044   0.00000 -4.83179
    4      -31.3292      -31.3291      -31.3291   0.00011   0.00000 -4.83285
    5      -31.3292      -31.3291      -31.3291   0.00011   0.00000 -4.83287
    6      -31.3292      -31.3291      -31.3291   0.00011   0.00000 -4.83289
    7      -31.3292      -31.3291      -31.3291   0.00011   0.00000 -4.83291
    8      -31.3292      -31.3291      -31.3291   0.00010   0.00000 -4.83293
    9      -31.3292      -31.3291      -31.3291   0.00010   0.00000 -4.83295
   10      -31.3292      -31.3291      -31.3291   0.00010   0.00000 -4.83297
   11      -31.3292      -31.3291      -31.3291   0.00009   0.00000 -4.83299
   12      -31.3292      -31.3291      -31.3291   0.00009   0.00000 -4.83301
   13      -31.3292      -31.3291      -31.3291   0.00009   0.00000 -4.83303
   14      -31.3292      -31.3291      -31.3291   0.00009   0.00000 -4.83305
   15      -31.3292      -31.3291      -31.3291   0.00009   0.00000 -4.83306
   16      -31.3292      -31.3291      -31.3291   0.00008   0.00000 -4.83308
   17      -31.3292      -31.3291      -31.3291   0.00008   0.00000 -4.83310
   18      -31.3292      -31.3291      -31.3291   0.00008   0.00000 -4.83311
   19      -31.3292      -31.3291      -31.3291   0.00008   0.00000 -4.83313
   20      -31.3292      -31.3291      -31.3291   0.00008   0.00000 -4.83315
   21      -31.3292      -31.3291      -31.3291   0.00007   0.00000 -4.83316
   22      -31.3292      -31.3291      -31.3291   0.00007   0.00000 -4.83318
   23      -31.3292      -31.3291      -31.3291   0.00007   0.00000 -4.83319
   24      -31.3292      -31.3291      -31.3291   0.00007   0.00000 -4.83321
   25      -31.3292      -31.3291      -31.3291   0.00007   0.00000 -4.83322
   26      -31.3292      -31.3291      -31.3291   0.00006   0.00000 -4.83323
   27      -31.3292      -31.3291      -31.3291   0.00006   0.00000 -4.83325
   28      -31.3292      -31.3291      -31.3291   0.00006   0.00000 -4.83326
   29      -31.3292      -31.3291      -31.3291   0.00006   0.00000 -4.83327
   30      -31.3292      -31.3291      -31.3291   0.00006   0.00000 -4.83329
   31      -31.3292      -31.3291      -31.3291   0.00006   0.00000 -4.83330
   32      -31.3292      -31.3291      -31.3291   0.00006   0.00000 -4.83331
   33      -31.3292      -31.3291      -31.3291   0.00005   0.00000 -4.83332
   34      -31.3292      -31.3291      -31.3291   0.00005   0.00000 -4.83333
   35      -31.3292      -31.3291      -31.3291   0.00005   0.00000 -4.83334
   36      -31.3292      -31.3291      -31.3291   0.00005   0.00000 -4.83335
   37      -31.3292      -31.3291      -31.3291   0.00005   0.00000 -4.83337
   38      -31.3292      -31.3291      -31.3291   0.00005   0.00000 -4.83338
   39      -31.3292      -31.3291      -31.3291   0.00005   0.00000 -4.83339
   40      -31.3292      -31.3291      -31.3291   0.00005   0.00000 -4.83340
   41      -31.3292      -31.3291      -31.3291   0.00004   0.00000 -4.83341
   42      -31.3292      -31.3291      -31.3291   0.00004   0.00000 -4.83342
   43      -31.3292      -31.3291      -31.3291   0.00004   0.00000 -4.83342
   44      -31.3292      -31.3291      -31.3291   0.00004   0.00000 -4.83343
   45      -31.3292      -31.3291      -31.3291   0.00004   0.00000 -4.83344
   46      -31.3292      -31.3291      -31.3291   0.00004   0.00000 -4.83345
   47      -31.3292      -31.3291      -31.3291   0.00004   0.00000 -4.83346
   48      -31.3292      -31.3291      -31.3291   0.00004   0.00000 -4.83347
   49      -31.3292      -31.3291      -31.3291   0.00004   0.00000 -4.83348
   50      -31.3292      -31.3291      -31.3291   0.00004   0.00000 -4.83349
   51      -31.3292      -31.3291      -31.3291   0.00003   0.00000 -4.83349
   52      -31.3292      -31.3291      -31.3291   0.00003   0.00000 -4.83350
   53      -31.3292      -31.3291      -31.3291   0.00003   0.00000 -4.83351
   54      -31.3292      -31.3291      -31.3291   0.00003   0.00000 -4.83352
   55      -31.3292      -31.3291      -31.3291   0.00003   0.00000 -4.83352
   56      -31.3292      -31.3291      -31.3291   0.00003   0.00000 -4.83353
   57      -31.3292      -31.3291      -31.3291   0.00003   0.00000 -4.83354
   58      -31.3292      -31.3291      -31.3291   0.00003   0.00000 -4.83354
   59      -31.3292      -31.3291      -31.3291   0.00003   0.00000 -4.83355
   60      -31.3292      -31.3291      -31.3291   0.00003   0.00000 -4.83356
   61      -31.3292      -31.3291      -31.3291   0.00003   0.00000 -4.83356
   62      -31.3292      -31.3291      -31.3291   0.00003   0.00000 -4.83357
   63      -31.3292      -31.3291      -31.3291   0.00003   0.00000 -4.83357
   64      -31.3292      -31.3291      -31.3291   0.00002   0.00000 -4.83358
   65      -31.3292      -31.3291      -31.3291   0.00002   0.00000 -4.83359
   66      -31.3292      -31.3291      -31.3291   0.00002   0.00000 -4.83359
   67      -31.3292      -31.3291      -31.3291   0.00002   0.00000 -4.83360
   68      -31.3292      -31.3291      -31.3291   0.00002   0.00000 -4.83360
   69      -31.3292      -31.3291      -31.3291   0.00002   0.00000 -4.83361
   70      -31.3292      -31.3291      -31.3291   0.00002   0.00000 -4.83361
   71      -31.3292      -31.3291      -31.3291   0.00002   0.00000 -4.83362
   72      -31.3292      -31.3291      -31.3291   0.00002   0.00000 -4.83362
   73      -31.3292      -31.3291      -31.3291   0.00002   0.00000 -4.83363
