 iscf   Eharris(eV)      E_KS(eV)   FreeEng(eV)    dHmax    dDmax   Ef(eV)
    1      -31.3300      -31.3220      -31.3220   0.01030   0.00000 -4.72415
    2      -31.3294      -31.3293      -31.3293   0.00140   0.00000 -4.84545
    3      -31.3294      -31.3286      -31.3286   0.00044   0.00000 -4.83263
    4      -31.3294      -31.3293      -31.3293   0.00017   0.00000 -4.83370
    5      -31.3294      -31.3293      -31.3293   0.00016   0.00000 -4.83372
    6      -31.3294      -31.3293      -31.3293   0.00016   0.00000 -4.83374
    7      -31.3294      -31.3293      -31.3293   0.00015   0.00000 -4.83376
    8      -31.3294      -31.3293      -31.3293   0.00015   0.00000 -4.83378
    9      -31.3294      -31.3293      -31.3293   0.00015   0.00000 -4.83380
   10      -31.3294      -31.3293      -31.3293   0.00014   0.00000 -4.83382
   11      -31.3294      -31.3293      -31.3293   0.00014   0.00000 -4.83384
   12      -31.3294      -31.3293      -31.3293   0.00013   0.00000 -4.83386
   13      -31.3294      -31.3293      -31.3293   0.00013   0.00000 -4.83388
   14      -31.3294      -31.3293      -31.3293   0.00013   0.00000 -4.83389
   15      -31.3294      -31.3293      -31.3293   0.00012   0.00000 -4.83391
   16      -31.3294      -31.3293      -31.3293   0.00012   0.00000 -4.83393
   17      -31.3294      -31.3293      -31.3293   0.00012   0.00000 -4.83395
   18      -31.3294      -31.3293      -31.3293   0.00011   0.00000 -4.83396
   19      -31.3294      -31.3293      -31.3293   0.00011   0.00000 -4.83398
   20      -31.3294      -31.3293      -31.3293   0.00011   0.00000 -4.83399
   21      -31.3294      -31.3293      -31.3293   0.00010   0.00000 -4.83401
   22      -31.3294      -31.3293      -31.3293   0.00010   0.00000 -4.83402
   23      -31.3294      -31.3293      -31.3293   0.00010   0.00000 -4.83404
   24      -31.3294      -31.3293      -31.3293   0.00010   0.00000 -4.83405
   25      -31.3294      -31.3293      -31.3293   0.00009   0.00000 -4.83407
   26      -31.3294      -31.3293      -31.3293   0.00009   0.00000 -4.83408
   27      -31.3294      -31.3293      -31.3293   0.00009   0.00000 -4.83409
   28      -31.3294      -31.3293      -31.3293   0.00009   0.00000 -4.83411
   29      -31.3294      -31.3293      -31.3293   0.00008   0.00000 -4.83412
   30      -31.3294      -31.3293      -31.3293   0.00008   0.00000 -4.83413
   31      -31.3294      -31.3293      -31.3293   0.00008   0.00000 -4.83414
   32      -31.3294      -31.3293      -31.3293   0.00008   0.00000 -4.83416
   33      -31.3294      -31.3293      -31.3293   0.00007   0.00000 -4.83417
   34      -31.3294      -31.3293      -31.3293   0.00007   0.00000 -4.83418
   35      -31.3294      -31.3293      -31.3293   0.00007   0.00000 -4.83419
   36      -31.3294      -31.3293      -31.3293   0.00007   0.00000 -4.83420
   37      -31.3294      -31.3293      -31.3293   0.00007   0.00000 -4.83421
   38      -31.3294      -31.3293      -31.3293   0.00007   0.00000 -4.83422
   39      -31.3294      -31.3293      -31.3293   0.00006   0.00000 -4.83423
   40      -31.3294      -31.3293      -31.3293   0.00006   0.00000 -4.83424
   41      -31.3294      -31.3293      -31.3293   0.00006   0.00000 -4.83425
   42      -31.3294      -31.3293      -31.3293   0.00006   0.00000 -4.83426
   43      -31.3294      -31.3293      -31.3293   0.00006   0.00000 -4.83427
   44      -31.3294      -31.3293      -31.3293   0.00006   0.00000 -4.83428
   45      -31.3294      -31.3293      -31.3293   0.00005   0.00000 -4.83429
   46      -31.3294      -31.3293      -31.3293   0.00005   0.00000 -4.83430
   47      -31.3294      -31.3293      -31.3293   0.00005   0.00000 -4.83431
   48      -31.3294      -31.3293      -31.3293   0.00005   0.00000 -4.83431
   49      -31.3294      -31.3293      -31.3293   0.00005   0.00000 -4.83432
   50      -31.3294      -31.3293      -31.3293   0.00005   0.00000 -4.83433
   51      -31.3294      -31.3293      -31.3293   0.00005   0.00000 -4.83434
   52      -31.3294      -31.3293      -31.3293   0.00004   0.00000 -4.83435
   53      -31.3294      -31.3293      -31.3293   0.00004   0.00000 -4.83435
   54      -31.3294      -31.3293      -31.3293   0.00004   0.00000 -4.83436
   55      -31.3294      -31.3293      -31.3293   0.00004   0.00000 -4.83437
   56      -31.3294      -31.3293      -31.3293   0.00004   0.00000 -4.83437
   57      -31.3294      -31.3293      -31.3293   0.00004   0.00000 -4.83438
   58      -31.3294      -31.3293      -31.3293   0.00004   0.00000 -4.83439
   59      -31.3294      -31.3293      -31.3293   0.00004   0.00000 -4.83439
   60      -31.3294      -31.3293      -31.3293   0.00004   0.00000 -4.83440
   61      -31.3294      -31.3293      -31.3293   0.00004   0.00000 -4.83441
   62      -31.3294      -31.3293      -31.3293   0.00003   0.00000 -4.83441
   63      -31.3294      -31.3293      -31.3293   0.00003   0.00000 -4.83442
   64      -31.3294      -31.3293      -31.3293   0.00003   0.00000 -4.83443
   65      -31.3294      -31.3293      -31.3293   0.00003   0.00000 -4.83443
   66      -31.3294      -31.3293      -31.3293   0.00003   0.00000 -4.83444
   67      -31.3294      -31.3293      -31.3293   0.00003   0.00000 -4.83444
   68      -31.3294      -31.3293      -31.3293   0.00003   0.00000 -4.83445
   69      -31.3294      -31.3293      -31.3293   0.00003   0.00000 -4.83445
   70      -31.3294      -31.3293      -31.3293   0.00003   0.00000 -4.83446
   71      -31.3294      -31.3293      -31.3293   0.00003   0.00000 -4.83446
   72      -31.3294      -31.3293      -31.3293   0.00003   0.00000 -4.83447
   73      -31.3294      -31.3293      -31.3293   0.00003   0.00000 -4.83447
   74      -31.3294      -31.3293      -31.3293   0.00002   0.00000 -4.83448
   75      -31.3294      -31.3293      -31.3293   0.00002   0.00000 -4.83448
   76      -31.3294      -31.3293      -31.3293   0.00002   0.00000 -4.83449
   77      -31.3294      -31.3293      -31.3293   0.00002   0.00000 -4.83449
   78      -31.3294      -31.3293      -31.3293   0.00002   0.00000 -4.83450
   79      -31.3294      -31.3293      -31.3293   0.00002   0.00000 -4.83450
   80      -31.3294      -31.3293      -31.3293   0.00002   0.00000 -4.83450
   81      -31.3294      -31.3293      -31.3293   0.00002   0.00000 -4.83451
   82      -31.3294      -31.3293      -31.3293   0.00002   0.00000 -4.83451
   83      -31.3294      -31.3294      -31.3294   0.00002   0.00000 -4.83452
