rm: cannot remove `modes': No such file or directory
Done.


###############################################################################
TCHPC Cluster: lonsdale
Job 162106 (freq-1.6) for User 'baim' in Account 'hpc_12_00447'
Finished at: Sat Oct  5 12:40:34 IST 2013

Job completion status:
======================

       JobID    JobName      Account  Partition   NTasks  AllocCPUS  MaxVMSize    Elapsed      State ExitCode 
------------ ---------- ------------ ---------- -------- ---------- ---------- ---------- ---------- -------- 
162106         freq-1.6 hpc_12_00447    compute                   8              01:11:06    RUNNING      0:0 
162106.batch      batch hpc_12_00447                   1          1   3640576K   01:11:06  COMPLETED      0:0 


Job details:
============

JobId=162106 Name=freq-1.6
   UserId=baim(5349) GroupId=baim(9152)
   Priority=11038127 Account=hpc_12_00447 QOS=normal
   JobState=COMPLETED Reason=None Dependency=(null)
   Requeue=0 Restarts=0 BatchFlag=1 ExitCode=0:0
   DerivedExitCode=0:0
   RunTime=01:11:06 TimeLimit=09:30:00 TimeMin=N/A
   SubmitTime=2013-10-05T03:14:24 EligibleTime=2013-10-05T03:14:24
   StartTime=2013-10-05T11:29:28 EndTime=2013-10-05T12:40:34
   PreemptTime=None SuspendTime=None SecsPreSuspend=0
   Partition=compute AllocNode:Sid=lonsdale01:17633
   ReqNodeList=(null) ExcNodeList=(null)
   NodeList=lonsdale-n087
   BatchHost=lonsdale-n087
   NumNodes=1 NumCPUs=8 CPUs/Task=1 ReqS:C:T=*:*:*
     Nodes=lonsdale-n087 CPU_IDs=0-7 Mem=15200
   MinCPUsNode=1 MinMemoryCPU=1900M MinTmpDiskNode=0
   Features=(null) Gres=(null) Reservation=(null)
   Shared=0 Contiguous=0 Licenses=(null) Network=(null)
   Command=/home/users/baim/workspace/MD/gold/3d/100/jp/spd/newbasis/bias/h2/1.6/freq/freq.sh
   WorkDir=/home/users/baim/workspace/MD/gold/3d/100/jp/spd/newbasis/bias/h2/1.6/freq


Disk quota details:
===================

Quota Type           Name  Filesystem     Usage in MB     Limit in MB    % Used
-------------------------------------------------------------------------------
USER                 baim       /home          48,608          51,200    94.94%
USER                 baim   /projects             188               0       N/A

GROUP         pi-ssanvito   /projects       6,128,767       6,291,456    97.41%


SLURM Bank Statement:
=====================

User           Usage |        Account     Usage | Account Limit Available (CPU hrs)
---------- --------- + -------------- --------- + ------------- ---------

baim         129,108 |   HPC_12_00447   129,108 |       300,000   170,892
ssanvito           0 |   HPC_12_00447   129,108 |       300,000   170,892


Acknowledgements:
=================

Note that usage of TCHPC Resources *must* be acknowledged in all publications.

Please see this page for details relevant to this cluster:

http://www.tchpc.tcd.ie/resources/acknowledgementpolicy

################################################################################
