 iscf   Eharris(eV)      E_KS(eV)   FreeEng(eV)    dHmax    dDmax   Ef(eV)
    1      -31.3301      -31.3221      -31.3221   0.01031   0.00000 -4.72434
    2      -31.3294      -31.3294      -31.3294   0.00142   0.00000 -4.84564
    3      -31.3294      -31.3287      -31.3287   0.00044   0.00000 -4.83281
    4      -31.3294      -31.3294      -31.3294   0.00018   0.00000 -4.83388
    5      -31.3294      -31.3294      -31.3294   0.00017   0.00000 -4.83390
    6      -31.3294      -31.3294      -31.3294   0.00017   0.00000 -4.83393
    7      -31.3294      -31.3294      -31.3294   0.00016   0.00000 -4.83395
    8      -31.3294      -31.3294      -31.3294   0.00016   0.00000 -4.83397
    9      -31.3294      -31.3294      -31.3294   0.00015   0.00000 -4.83399
   10      -31.3294      -31.3294      -31.3294   0.00015   0.00000 -4.83401
   11      -31.3294      -31.3294      -31.3294   0.00015   0.00000 -4.83403
   12      -31.3294      -31.3294      -31.3294   0.00014   0.00000 -4.83404
   13      -31.3294      -31.3294      -31.3294   0.00014   0.00000 -4.83406
   14      -31.3294      -31.3294      -31.3294   0.00013   0.00000 -4.83408
   15      -31.3294      -31.3294      -31.3294   0.00013   0.00000 -4.83410
   16      -31.3294      -31.3294      -31.3294   0.00013   0.00000 -4.83411
   17      -31.3294      -31.3294      -31.3294   0.00012   0.00000 -4.83413
   18      -31.3294      -31.3294      -31.3294   0.00012   0.00000 -4.83415
   19      -31.3294      -31.3294      -31.3294   0.00012   0.00000 -4.83416
   20      -31.3294      -31.3294      -31.3294   0.00011   0.00000 -4.83418
   21      -31.3294      -31.3294      -31.3294   0.00011   0.00000 -4.83419
   22      -31.3294      -31.3294      -31.3294   0.00011   0.00000 -4.83421
   23      -31.3294      -31.3294      -31.3294   0.00010   0.00000 -4.83422
   24      -31.3294      -31.3294      -31.3294   0.00010   0.00000 -4.83424
   25      -31.3294      -31.3294      -31.3294   0.00010   0.00000 -4.83425
   26      -31.3294      -31.3294      -31.3294   0.00010   0.00000 -4.83426
   27      -31.3294      -31.3294      -31.3294   0.00009   0.00000 -4.83428
   28      -31.3294      -31.3294      -31.3294   0.00009   0.00000 -4.83429
   29      -31.3294      -31.3294      -31.3294   0.00009   0.00000 -4.83430
   30      -31.3294      -31.3294      -31.3294   0.00009   0.00000 -4.83432
   31      -31.3294      -31.3294      -31.3294   0.00008   0.00000 -4.83433
   32      -31.3294      -31.3294      -31.3294   0.00008   0.00000 -4.83434
   33      -31.3294      -31.3294      -31.3294   0.00008   0.00000 -4.83435
   34      -31.3294      -31.3294      -31.3294   0.00008   0.00000 -4.83436
   35      -31.3294      -31.3294      -31.3294   0.00007   0.00000 -4.83437
   36      -31.3294      -31.3294      -31.3294   0.00007   0.00000 -4.83439
   37      -31.3294      -31.3294      -31.3294   0.00007   0.00000 -4.83440
   38      -31.3294      -31.3294      -31.3294   0.00007   0.00000 -4.83441
   39      -31.3294      -31.3294      -31.3294   0.00007   0.00000 -4.83442
   40      -31.3294      -31.3294      -31.3294   0.00007   0.00000 -4.83443
   41      -31.3294      -31.3294      -31.3294   0.00006   0.00000 -4.83444
   42      -31.3294      -31.3294      -31.3294   0.00006   0.00000 -4.83445
   43      -31.3294      -31.3294      -31.3294   0.00006   0.00000 -4.83446
   44      -31.3294      -31.3294      -31.3294   0.00006   0.00000 -4.83446
   45      -31.3294      -31.3294      -31.3294   0.00006   0.00000 -4.83447
   46      -31.3294      -31.3294      -31.3294   0.00006   0.00000 -4.83448
   47      -31.3294      -31.3294      -31.3294   0.00005   0.00000 -4.83449
   48      -31.3294      -31.3294      -31.3294   0.00005   0.00000 -4.83450
   49      -31.3294      -31.3294      -31.3294   0.00005   0.00000 -4.83451
   50      -31.3294      -31.3294      -31.3294   0.00005   0.00000 -4.83452
   51      -31.3294      -31.3294      -31.3294   0.00005   0.00000 -4.83452
   52      -31.3294      -31.3294      -31.3294   0.00005   0.00000 -4.83453
   53      -31.3294      -31.3294      -31.3294   0.00005   0.00000 -4.83454
   54      -31.3294      -31.3294      -31.3294   0.00004   0.00000 -4.83455
   55      -31.3294      -31.3294      -31.3294   0.00004   0.00000 -4.83455
   56      -31.3294      -31.3294      -31.3294   0.00004   0.00000 -4.83456
   57      -31.3294      -31.3294      -31.3294   0.00004   0.00000 -4.83457
   58      -31.3294      -31.3294      -31.3294   0.00004   0.00000 -4.83457
   59      -31.3294      -31.3294      -31.3294   0.00004   0.00000 -4.83458
   60      -31.3294      -31.3294      -31.3294   0.00004   0.00000 -4.83459
   61      -31.3294      -31.3294      -31.3294   0.00004   0.00000 -4.83459
   62      -31.3294      -31.3294      -31.3294   0.00004   0.00000 -4.83460
   63      -31.3294      -31.3294      -31.3294   0.00003   0.00000 -4.83460
   64      -31.3294      -31.3294      -31.3294   0.00003   0.00000 -4.83461
   65      -31.3294      -31.3294      -31.3294   0.00003   0.00000 -4.83462
   66      -31.3294      -31.3294      -31.3294   0.00003   0.00000 -4.83462
   67      -31.3294      -31.3294      -31.3294   0.00003   0.00000 -4.83463
   68      -31.3294      -31.3294      -31.3294   0.00003   0.00000 -4.83463
   69      -31.3294      -31.3294      -31.3294   0.00003   0.00000 -4.83464
   70      -31.3294      -31.3294      -31.3294   0.00003   0.00000 -4.83464
   71      -31.3294      -31.3294      -31.3294   0.00003   0.00000 -4.83465
   72      -31.3294      -31.3294      -31.3294   0.00003   0.00000 -4.83465
   73      -31.3294      -31.3294      -31.3294   0.00003   0.00000 -4.83466
   74      -31.3294      -31.3294      -31.3294   0.00003   0.00000 -4.83466
   75      -31.3294      -31.3294      -31.3294   0.00003   0.00000 -4.83467
   76      -31.3294      -31.3294      -31.3294   0.00002   0.00000 -4.83467
   77      -31.3294      -31.3294      -31.3294   0.00002   0.00000 -4.83468
   78      -31.3294      -31.3294      -31.3294   0.00002   0.00000 -4.83468
   79      -31.3294      -31.3294      -31.3294   0.00002   0.00000 -4.83468
   80      -31.3294      -31.3294      -31.3294   0.00002   0.00000 -4.83469
   81      -31.3294      -31.3294      -31.3294   0.00002   0.00000 -4.83469
   82      -31.3294      -31.3294      -31.3294   0.00002   0.00000 -4.83470
   83      -31.3294      -31.3294      -31.3294   0.00002   0.00000 -4.83470
   84      -31.3294      -31.3294      -31.3294   0.00002   0.00000 -4.83470
