Done.


###############################################################################
TCHPC Cluster: kelvin
Job 55592 (freq-0.0) for User 'baim' in Account 'hpc_12_00448'
Finished at: Sat Nov 16 03:54:41 GMT 2013

Job completion status:
======================

       JobID    JobName      Account  Partition   NTasks  AllocCPUS  MaxVMSize    Elapsed      State ExitCode 
------------ ---------- ------------ ---------- -------- ---------- ---------- ---------- ---------- -------- 
55592          freq-0.0 hpc_12_00448    compute                  36              03:17:06    RUNNING      0:0 
55592.batch       batch hpc_12_00448                   1          1          0   03:17:06    RUNNING      0:0 
55592.0           orted hpc_12_00448                   2          2          0   03:17:06    RUNNING      0:0 


Job details:
============

JobId=55592 Name=freq-0.0
   UserId=baim(5349) GroupId=baim(9152)
   Priority=132315 Account=hpc_12_00448 QOS=normal
   JobState=COMPLETING Reason=None Dependency=(null)
   Requeue=0 Restarts=0 BatchFlag=1 ExitCode=0:0
   DerivedExitCode=0:0
   RunTime=03:17:06 TimeLimit=11:00:00 TimeMin=N/A
   SubmitTime=2013-11-16T00:37:06 EligibleTime=2013-11-16T00:37:07
   StartTime=2013-11-16T00:37:35 EndTime=2013-11-16T03:54:41
   PreemptTime=None SuspendTime=None SecsPreSuspend=0
   Partition=compute AllocNode:Sid=kelvin01:28421
   ReqNodeList=(null) ExcNodeList=(null)
   NodeList=kelvin-n048
   BatchHost=kelvin-n047
   NumNodes=1 NumCPUs=12 CPUs/Task=1 ReqS:C:T=*:*:*
     Nodes=kelvin-n048 CPU_IDs=0-11 Mem=22800
   MinCPUsNode=1 MinMemoryCPU=1900M MinTmpDiskNode=0
   Features=(null) Gres=(null) Reservation=(null)
   Shared=0 Contiguous=0 Licenses=(null) Network=(null)
   Command=/home/users/baim/workspace/MD/gold/3d/100/jp/spd/newbasis/bias/0.0/800/freq/less/freq.sh
   WorkDir=/home/users/baim/workspace/MD/gold/3d/100/jp/spd/newbasis/bias/0.0/800/freq/less


Disk quota details:
===================

Quota Type           Name  Filesystem     Usage in MB     Limit in MB    % Used
-------------------------------------------------------------------------------
USER                 baim       /home          37,430          51,200    73.11%
USER                 baim   /projects             188               0       N/A

GROUP         pi-ssanvito   /projects       6,192,849       6,291,456    98.43%


SLURM Bank Statement:
=====================

User           Usage |        Account     Usage | Account Limit Available (CPU hrs)
---------- --------- + -------------- --------- + ------------- ---------

baim         139,593 |   HPC_12_00448   139,593 |       300,000   160,407
ssanvito           0 |   HPC_12_00448   139,593 |       300,000   160,407


Acknowledgements:
=================

Note that usage of TCHPC Resources *must* be acknowledged in all publications.

Please see this page for details relevant to this cluster:

http://www.tchpc.tcd.ie/resources/acknowledgementpolicy

################################################################################
