Warning: failed to read system config.
The clean configuration has been saved as: /work/e05/e05/cahart/.allinea/system.config
To use this configuration file as a template for all Arm Forge users copy it to: /mnt/lustre/a2fs-work1/work/y07/shared/utils/core/arm/forge/22.1.3/system.config

Lmod is automatically replacing "cce/15.0.0" with "gcc/11.2.0".


Lmod is automatically replacing "PrgEnv-cray/8.3.3" with "PrgEnv-gnu/8.3.3".


Due to MODULEPATH changes, the following have been reloaded:
  1) cray-mpich/8.1.23

Arm Forge 22.1.3 - Arm MAP

Profiling             : /work/e05/e05/cahart/cp2k/cp2k-2023.1-updated/cp2k-2023.1-recompiled-forge-mkl/exe/ARCHER2/cp2k.psmp -i 2_dft_wfn.inp -o log_2_dft_wfn.out
Allinea sampler       : dynamically linked
MPI enabled           : Yes
* MPI implementation  : SLURM (generic)
* number of processes : 64
* number of nodes     : 8
* Allinea MPI wrapper : dynamically linked

===================================================================
The Allinea Sampler has limited support for MPI when thread support
is set to MPI_THREAD_SERIALIZED or MPI_THREAD_MULTIPLE (as specified
in the call to MPI_Init_thread).
Only MPI communication on the main thread will appear in the MPI
metrics graph. Time spent in MPI calls on non-main threads will be
reported as MPI-time (vs compute-time) but the MPI calls from those
threads will not contribute to the metric graphs.
The fully supported arguments to MPI_Init_thread are MPI_THREAD_SINGLE
(only one thread will execute) and MPI_THREAD_FUNNELED (if the
process is multithreaded, only the main thread will make MPI
calls).
===================================================================

MAP analysing program...
Allinea Sampler: 53 libunwind: Bad register number (1/1529 samples)
Allinea Sampler: 50 libunwind: Bad register number (1/1544 samples)
Allinea Sampler: 28 libunwind: Bad register number (1/1550 samples)
Allinea Sampler: 26 libunwind: Bad register number (1/1523 samples)
Allinea Sampler: 39 libunwind: Bad register number (1/1566 samples)
Allinea Sampler: 41 libunwind: Bad register number (1/1539 samples)
Allinea Sampler: 29 libunwind: Bad register number (1/1530 samples)
Allinea Sampler: 30 libunwind: Bad register number (1/1510 samples)
Allinea Sampler: 48 libunwind: Bad register number (1/1488 samples)
Allinea Sampler: 46 libunwind: Bad register number (1/1512 samples)
Allinea Sampler: 36 libunwind: Bad register number (1/1546 samples)
Allinea Sampler: 34 libunwind: Bad register number (1/1578 samples)
Allinea Sampler: 47 libunwind: Bad register number (1/1536 samples)
Allinea Sampler: 24 libunwind: Bad register number (1/1568 samples)
Allinea Sampler: 32 libunwind: Bad register number (1/1576 samples)
Allinea Sampler: 52 libunwind: Bad register number (1/1545 samples)
Allinea Sampler: 37 libunwind: Bad register number (1/1566 samples)
Allinea Sampler: 54 libunwind: Bad register number (1/1528 samples)
Allinea Sampler: 23 libunwind: Bad register number (1/1566 samples)
Allinea Sampler: 33 libunwind: Bad register number (1/1537 samples)
Allinea Sampler: 45 libunwind: Bad register number (1/1544 samples)
Allinea Sampler: 60 libunwind: Bad register number (1/1553 samples)
Allinea Sampler: 2 libunwind: Bad register number (1/1465 samples)
Allinea Sampler: 6 libunwind: Bad register number (1/1505 samples)
Allinea Sampler: 58 libunwind: Bad register number (1/1521 samples)
Allinea Sampler: 18 libunwind: Bad register number (1/1552 samples)
Allinea Sampler: 4 libunwind: Bad register number (1/1500 samples)
Allinea Sampler: 0 libunwind: Bad register number (1/1491 samples)
Allinea Sampler: 16 libunwind: Bad register number (1/1579 samples)
Allinea Sampler: 19 libunwind: Bad register number (1/1566 samples)
Allinea Sampler: 63 libunwind: Bad register number (1/1524 samples)
Allinea Sampler: 44 libunwind: Bad register number (1/1601 samples)
Allinea Sampler: 22 libunwind: Bad register number (1/1560 samples)
Allinea Sampler: 3 libunwind: Bad register number (1/1498 samples)
Allinea Sampler: 42 libunwind: Bad register number (1/1587 samples)
Allinea Sampler: 17 libunwind: Bad register number (1/1586 samples)
MAP gathering samples...
MAP generated /mnt/lustre/a2fs-work2/work/e05/e05/cahart/postdoc/transport/au-bdt/benchmarking/archer/profiling/arm_forge/NEnergReal-64-memory_OrderF-F_omp-16/atoms-428/steps-5/kpoints-1-1-20_hlb-auto_cores-64_dft-official-mkl/cp2k_64p_8n_16t_2023-08-21_17-14.map
grep: bulk-VH_AV.dat: No such file or directory

