Done.


###############################################################################
TCHPC Cluster: lonsdale
Job 164205 (opt-0.01) for User 'baim' in Account 'hpc_12_00447'
Finished at: Fri Nov  8 18:14:09 GMT 2013

Job completion status:
======================

       JobID    JobName      Account  Partition   NTasks  AllocCPUS  MaxVMSize    Elapsed      State ExitCode 
------------ ---------- ------------ ---------- -------- ---------- ---------- ---------- ---------- -------- 
164205         opt-0.01 hpc_12_00447    compute                   8              00:08:51  COMPLETED      0:0 
164205.batch      batch hpc_12_00447                   1          1   2330084K   00:08:51  COMPLETED      0:0 


Job details:
============

JobId=164205 Name=opt-0.01
   UserId=baim(5349) GroupId=baim(9152)
   Priority=15623509 Account=hpc_12_00447 QOS=normal
   JobState=COMPLETING Reason=None Dependency=(null)
   Requeue=0 Restarts=0 BatchFlag=1 ExitCode=0:0
   DerivedExitCode=0:0
   RunTime=00:08:51 TimeLimit=04:30:00 TimeMin=N/A
   SubmitTime=2013-11-08T15:27:06 EligibleTime=2013-11-08T15:27:06
   StartTime=2013-11-08T18:05:18 EndTime=2013-11-08T18:14:09
   PreemptTime=None SuspendTime=None SecsPreSuspend=0
   Partition=compute AllocNode:Sid=lonsdale01:2302
   ReqNodeList=(null) ExcNodeList=(null)
   NodeList=lonsdale-n114
   BatchHost=lonsdale-n114
   NumNodes=1 NumCPUs=8 CPUs/Task=1 ReqS:C:T=*:*:*
     Nodes=lonsdale-n114 CPU_IDs=0-7 Mem=15200
   MinCPUsNode=1 MinMemoryCPU=1900M MinTmpDiskNode=0
   Features=(null) Gres=(null) Reservation=(null)
   Shared=0 Contiguous=0 Licenses=(null) Network=(null)
   Command=/home/users/baim/workspace/MD/gold/3d/100/jp/spd/newbasis/bias/h2/0.01/opt/opt.sh
   WorkDir=/home/users/baim/workspace/MD/gold/3d/100/jp/spd/newbasis/bias/h2/0.01/opt


Disk quota details:
===================

Quota Type           Name  Filesystem     Usage in MB     Limit in MB    % Used
-------------------------------------------------------------------------------
USER                 baim       /home          41,454          51,200    80.97%
USER                 baim   /projects             188               0       N/A

GROUP         pi-ssanvito   /projects       6,183,879       6,291,456    98.29%


SLURM Bank Statement:
=====================

User           Usage |        Account     Usage | Account Limit Available (CPU hrs)
---------- --------- + -------------- --------- + ------------- ---------

baim         129,482 |   HPC_12_00447   129,482 |       300,000   170,518
ssanvito           0 |   HPC_12_00447   129,482 |       300,000   170,518


Acknowledgements:
=================

Note that usage of TCHPC Resources *must* be acknowledged in all publications.

Please see this page for details relevant to this cluster:

http://www.tchpc.tcd.ie/resources/acknowledgementpolicy

################################################################################
