cpu-bind=MASK - cn1152, task  0  0 [56322]: mask 0xffffffffffffffff set
-1.1035206681E+001
--------------------------------------------------------------------------
Open MPI failed an OFI Libfabric library call (fi_domain).  This is highly
unusual; your job may behave unpredictably (and/or abort) after this.

  Local host: cn1158
  Location: mtl_ofi_component.c:928
  Error: No data available (61)
--------------------------------------------------------------------------
[cn1152.scarf.rl.ac.uk:56372] 239 more processes have sent help message help-mtl-ofi.txt / OFI call fail
[cn1152.scarf.rl.ac.uk:56372] Set MCA parameter "orte_base_help_aggregate" to 0 to see all help / error messages
[1679308248.090619] [cn1152:56463:0]          mpool.c:43   UCX  WARN  object 0xb250bc0 was not returned to mpool ucp_requests
[1679308248.090618] [cn1152:56467:0]          mpool.c:43   UCX  WARN  object 0xc188d80 was not returned to mpool ucp_requests
[1679308248.090715] [cn1152:56459:0]          mpool.c:43   UCX  WARN  object 0xb9aff80 was not returned to mpool ucp_requests
[1679308248.092896] [cn1152:56438:0]          mpool.c:43   UCX  WARN  object 0xba142c0 was not returned to mpool ucp_requests
[1679308248.092893] [cn1152:56443:0]          mpool.c:43   UCX  WARN  object 0xa700840 was not returned to mpool ucp_requests
[1679308248.092886] [cn1152:56451:0]          mpool.c:43   UCX  WARN  object 0xbea9cc0 was not returned to mpool ucp_requests
[1679308248.092890] [cn1152:56455:0]          mpool.c:43   UCX  WARN  object 0x50a9ec0 was not returned to mpool ucp_requests
[1679308248.092885] [cn1152:56457:0]          mpool.c:43   UCX  WARN  object 0xb9ff2c0 was not returned to mpool ucp_requests
[1679308248.092931] [cn1152:56445:0]          mpool.c:43   UCX  WARN  object 0xb912b40 was not returned to mpool ucp_requests
[1679308248.092911] [cn1152:56448:0]          mpool.c:43   UCX  WARN  object 0xac92d00 was not returned to mpool ucp_requests
cp: cannot stat ‘0V-VH_z-0088.dat’: No such file or directory
cp: cannot stat ‘0V-VH_z-0088.dat’: No such file or directory
cp: cannot stat ‘0V-RHO_z-0088.dat’: No such file or directory
cp: cannot stat ‘0V-RHO_z-0088.dat’: No such file or directory
