cpu-bind=MASK - cn1092, task  0  0 [6878]: mask 0xffffffffffffffff set
-1.1035206681E+001
--------------------------------------------------------------------------
Open MPI failed an OFI Libfabric library call (fi_domain).  This is highly
unusual; your job may behave unpredictably (and/or abort) after this.

  Local host: cn1098
  Location: mtl_ofi_component.c:928
  Error: No data available (61)
--------------------------------------------------------------------------
[cn1092.scarf.rl.ac.uk:06918] 239 more processes have sent help message help-mtl-ofi.txt / OFI call fail
[cn1092.scarf.rl.ac.uk:06918] Set MCA parameter "orte_base_help_aggregate" to 0 to see all help / error messages
[1679308745.512797] [cn1092:7010 :0]          mpool.c:43   UCX  WARN  object 0x5952e80 was not returned to mpool ucp_requests
[1679308745.512858] [cn1092:7012 :0]          mpool.c:43   UCX  WARN  object 0x6c3efc0 was not returned to mpool ucp_requests
[1679308745.512846] [cn1092:7015 :0]          mpool.c:43   UCX  WARN  object 0xa87a180 was not returned to mpool ucp_requests
[1679308745.514637] [cn1092:7001 :0]          mpool.c:43   UCX  WARN  object 0xad21340 was not returned to mpool ucp_requests
[1679308745.514662] [cn1092:6992 :0]          mpool.c:43   UCX  WARN  object 0xc030380 was not returned to mpool ucp_requests
[1679308745.514675] [cn1092:7003 :0]          mpool.c:43   UCX  WARN  object 0xa72a940 was not returned to mpool ucp_requests
[1679308745.514691] [cn1092:6991 :0]          mpool.c:43   UCX  WARN  object 0xa451600 was not returned to mpool ucp_requests
[1679308745.514682] [cn1092:6999 :0]          mpool.c:43   UCX  WARN  object 0xa690f40 was not returned to mpool ucp_requests
[1679308745.514722] [cn1092:7007 :0]          mpool.c:43   UCX  WARN  object 0x52646c0 was not returned to mpool ucp_requests
[1679308745.514754] [cn1092:6995 :0]          mpool.c:43   UCX  WARN  object 0xb94c800 was not returned to mpool ucp_requests
cp: cannot stat ‘0V-VH_z-00.dat’: No such file or directory
cp: cannot stat ‘0V-VH_z-00.dat’: No such file or directory
cp: cannot stat ‘0V-RHO_z-00.dat’: No such file or directory
cp: cannot stat ‘0V-RHO_z-00.dat’: No such file or directory
