ACMOC: Analysis on Contribution of Molecular Orbitals to Conductance
Multi-thread program -- OpenMP

 * Running on   8 threads in parallel

>> Start of run:  25-DEC-2013   1:27:03

********************* Standard input: Controlling parameters *********************

reinit: Reading from standard input
reinit: System Name: 
reinit: System Label: siesta
redata: Transport directory                  =     /home/users/baim/workspace/MD/gold/3d/100/jp/spd/newbasis/bias/0.0/800/coop
redata: Transport standard input File        =     mx.fdf
redata: Transport standard output file       =     mx.log
redata: Lead directory                       =     ../../../../lead/800
redata: Lead standard input file             =     lead.fdf
redata: Lead standard output file            =     lead.log
redata: Calculate middle molecule            =     T
redata: molecule directory                   =     ../mol
redata: Molecule standard input file         =     mol.fdf
redata: Molecule standard output file        =     mol.log
redata: Green Function calculation           =     T
redata: Scattering States calculation        =     F
redata: Init spin index                      =      1
redata: Final spin index                     =      2
redata: Init Kpoint index                    =      1
redata: Final Kpoint index                   =     No. of Kpoints
redata: TRC scale to Fermi level             =     T
redata: Number of energy points              =   1600
redata: Lower energy bound                   =    -8.000   eV
redata: Upper energy bound                   =     8.000   eV
redata: Applied bias                         =     0.000   eV
redata: Broadening of Green Function         =     1.0E-06
redata: Tolerance for Green Function         =     1.0E-05
redata: First atom of middle molecule        =     61
redata: Last atom of middle molecule         =     62
redata: Number of atoms of middle molecule   =      2
redata: Indices of atoms of middle molecule  =     61    62
                                             .

********************************* End of redata  *********************************


****************************** SYSTEM INFORMATIONS  ******************************


------------------------- Electrode System -------------------------

reinit: Reading from file : ../../../../lead/800/lead.fdf
reinit: System Name: lead
reinit: System Label: lead

Read HS of ELECTRODE system from : ../../../../lead/800/lead.HS
Total number of orbitals =    360, Number of spin =   1, 1st dimension of H & S =     566270
Total number of electrons =  396.00, Temperature =  25.85 meV =299.997 K
 - Gamma =   F
 - max(listh)/nbasis =    9720/    360 =  27.00
 - PBC =    3 x    3 x    3 =   27 (from standard output file of smeagol)

Read Fermi level from lead file : ../../../../lead/800/lead.log
 -- EF =  -3.085554   eV

------------------------- Transport System -------------------------

reinit: Reading from file : /home/users/baim/workspace/MD/gold/3d/100/jp/spd/newbasis/bias/0.0/800/coop/mx.fdf
reinit: System Name: mx
reinit: System Label: mx

Number of species =      2 , Atoms =    113 , Orbitals =   1120

Read HS of TRANSPORT system from : /home/users/baim/workspace/MD/gold/3d/100/jp/spd/newbasis/bias/0.0/800/coop/mx.HS
Total number of orbitals =   1120, Number of spin =   1, 1st dimension of H & S =    1484037
Total number of electrons = 1223.00, Temperature =  25.85 meV =299.997 K
 - Gamma =   F
 - max(listh)/nbasis =   10080/   1120 =   9.00
 - PBC =    3 x    3 x    1 =    9 (from standard output file of smeagol)

nSpin =  1 : No spin porlarisation

NO. of energy sampling points =   1600
From  -11.0856 (  -8.0000) to    4.9144 (   8.0000) eV
 
Orbitals of  LEFT electrode in transport system, from       1 to     360
Orbitals of RIGHT electrode in transport system, from     761 to    1120

------------------------- Molecule System -------------------------

reinit: Reading from file : ../mol/mol.fdf
reinit: System Name: mol
reinit: System Label: mol

Read HS of MOLECULE system from : ../mol/mol.HS
Total number of orbitals =     10, Number of spin =   1, 1st dimension of H & S =        185
Total number of electrons =    2.00, Temperature =  25.85 meV =299.997 K
 - Gamma =   T
 - max(listh)/nbasis =      10/     10 =   1.00
 - PBC =    1 x    1 x    1 =    1 (from standard output file of smeagol)

Orbital indices of middle molecule :
    601    602    603    604    605    606    607    608    609    610
 

Eigen energies of middle molecule
     10    1
      1
   -10.39330     0.60532     4.12674     4.12674     9.18759    10.30508    10.30509    16.00438    48.17198    85.94256

Max overlap matrix difference between molecule and transport system =  7.40E-13

******************************** INFORMATIONS END ********************************


********************************* GREEN FUNCTION *********************************

 *** Kp =    1 in [    1,   6] :   -0.12499   0.00000   0.00000 , weight =  0.111111
        - Green Function

 *** Kp =    2 in [    1,   6] :    0.00000   0.00000   0.00000 , weight =  0.111111
        - Green Function

 *** Kp =    3 in [    1,   6] :    0.12499   0.00000   0.00000 , weight =  0.111111
        - Green Function

 *** Kp =    4 in [    1,   6] :   -0.12499   0.12499   0.00000 , weight =  0.222222
        - Green Function

 *** Kp =    5 in [    1,   6] :    0.00000   0.12499   0.00000 , weight =  0.222222
        - Green Function

 *** Kp =    6 in [    1,   6] :    0.12499   0.12499   0.00000 , weight =  0.222222
        - Green Function

**********************************************************************************

timer: CPU execution times:
timer:        Routine       Calls   Time/call    Tot.time        %
timer:     acmoc                1  116640.038  116640.038   100.00
timer:     iohs                 3       1.190       3.569     0.00
timer:     hsxyk                7       0.490       3.433     0.00
timer:     EigStates_k          1       0.267       0.267     0.00
timer:     hslk                 6       0.158       0.950     0.00
timer:     green_eq             6   19436.351  116618.107    99.98
timer:     surfgflr          1200      64.773   77728.069    66.64
timer:     gfdostrc          1200      28.901   34681.112    29.73
timer:     modos             1200       0.000       0.543     0.00
  
>> End of run:  25-DEC-2013   5:36:32
