
Lmod is automatically replacing "cce/15.0.0" with "gcc/11.2.0".


Lmod is automatically replacing "PrgEnv-cray/8.3.3" with "PrgEnv-gnu/8.3.3".


Due to MODULEPATH changes, the following have been reloaded:
  1) cray-mpich/8.1.23

Lmod has detected the following error: The following module(s) are unknown:
"cpe/21.09"

Please check the spelling or version number. Also try "module spider ..."
It is also possible your cache file is out-of-date; it may help to try:
  $ module --ignore-cache load "cpe/21.09"

Also make sure that all modulefiles written in TCL start with the string
#%Module



sed: can't read 4_V.inp: No such file or directory
1
mv: cannot stat '4_V.inp': No such file or directory
sed: can't read 4_1V.inp: No such file or directory
sed: can't read 4_1V.inp: No such file or directory
sed: can't read 4_1V.inp: No such file or directory
MPICH ERROR [Rank 0] [job id 4959018.2] [Mon Nov 27 15:05:28 2023] [nid002685] - Abort(1) (rank 0 in comm 0): application called MPI_Abort(MPI_COMM_WORLD, 1) - process 0

aborting job:
application called MPI_Abort(MPI_COMM_WORLD, 1) - process 0
srun: error: nid002685: task 0: Exited with exit code 255
srun: launch/slurm: _step_signal: Terminating StepId=4959018.2
slurmstepd: error: *** STEP 4959018.2 ON nid002685 CANCELLED AT 2023-11-27T15:05:28 ***
srun: error: nid002685: tasks 1-63: Terminated
srun: Force Terminated StepId=4959018.2
