 iscf   Eharris(eV)      E_KS(eV)   FreeEng(eV)    dHmax    dDmax   Ef(eV)
    1   -21805.9198    15878.1115    15878.1115142.92503 21.71036  0.00000
    2     2308.9315     4507.7222     4507.7222140.76610 35.72702  0.00000
    3     4378.6352     2014.2129     2014.2129136.68619 46.76219  0.00000
    4     3568.4208     5864.0892     5864.0892 74.43863 30.86508  0.00000
    5     4593.5832     5351.5603     5351.5603  2.30084 12.99345  0.00000
    6     4974.3729     4964.2308     4964.2308  1.93396  0.41767  0.00000
    7     5453.4705     4939.1460     4939.1460  1.74765 37.70923  0.00000
    8     3689.2726     3430.1074     3430.1074  1.29767 15.88937  0.00000
    9     2428.8097     2827.5256     2827.5256  1.80996 24.44886  0.00000
   10     4311.3855     3756.3008     3756.3008  1.05182 33.91499  0.00000
   11     7494.7765     2473.7570     2473.7570  2.18489311.30200  0.00000
   12    -7789.9342    -7474.7693    -7474.7693 13.56893 19.74638  0.00000
   13   -11565.9601    -6942.5241    -6942.5241 12.82469284.25807  0.00000
   14     2352.2345     2204.4876     2204.4876  2.43222  8.97059  0.00000
   15     7848.3127     1870.8286     1870.8286  2.75686371.45288  0.00000
   16   -13825.9461    -9434.2039    -9434.2039 16.61198276.05365  0.00000
   17    -4132.9369    -1475.2144    -1475.2144  6.33991170.81950  0.00000
   18     5298.7678     4763.4253     4763.4253  0.65727 32.16181  0.00000
   19     3227.3264     3529.0261     3529.0261  1.28087 20.79917  0.00000
   20     4376.5025     4329.4613     4329.4613  0.65320  3.80420  0.00000
   21     4380.2733     4183.8683     4183.8683  0.68342 12.89457  0.00000
   22     3750.0384     3690.7005     3690.7005  1.04530  3.35924  0.00000
   23     3664.6076     3568.3702     3568.3702  1.04216  6.00016  0.00000
   24     3186.6599     3347.0409     3347.0409  1.09819 10.17385  0.00000
   25     3540.4057     3735.7799     3735.7799  0.86229 12.57825  0.00000
   26     4191.4294     4215.2781     4215.2781  0.39312  1.64879  0.00000
   27     4277.7447     4280.1589     4280.1589  0.32492  0.37310  0.00000
   28     4254.4540     4280.8250     4280.8250  0.16332  1.59475  0.00000
   29     4346.8738     4341.9254     4341.9254  0.09823  0.21160  0.00000
   30     4363.3833     4332.7467     4332.7467  0.12415  2.03210  0.00000
   31     4218.9473     4256.1682     4256.1682  0.15864  2.40253  0.00000
   32     4353.6299     4350.0440     4350.0440  0.04883  0.18117  0.00000
   33     4341.8820     4343.7521     4343.7521  0.04125  0.11783  0.00000
   34     4345.3862     4344.5526     4344.5526  0.04501  0.07016  0.00000
   35     4360.5534     4341.7287     4341.7287  0.04688  1.63971  0.00000
   36     4266.3964     4278.2432     4278.2432  0.01928  1.07576  0.00000
   37     4331.8844     4319.4581     4319.4581  0.03697  1.04035  0.00000
   38     4285.6016     4279.7881     4279.7881  0.02174  0.34326  0.00000
   39     4267.3769     4267.1550     4267.1550  0.02011  0.01054  0.00000
   40     4267.8288     4266.7932     4266.7932  0.01855  0.19431  0.00000
   41     4256.7761     4258.2015     4258.2015  0.01136  0.11772  0.00000
   42     4263.5851     4263.0463     4263.0463  0.01698  0.03901  0.00000
   43     4265.7600     4261.3181     4261.3181  0.01010  0.31847  0.00000
   44     4248.9114     4249.3677     4249.3677  0.01316  0.07119  0.00000
   45     4247.6986     4251.7646     4251.7646  0.00995  0.32355  0.00000
   46     4260.6834     4264.2212     4264.2212  0.00665  0.17666  0.00000
   47     4273.9498     4270.5734     4270.5734  0.00895  0.17472  0.00000
   48     4265.0352     4264.1587     4264.1587  0.00627  0.05741  0.00000
   49     4261.5417     4262.1553     4262.1553  0.00598  0.04949  0.00000
   50     4264.8014     4264.0240     4264.0240  0.00643  0.12484  0.00000
   51     4259.4186     4259.2933     4259.2933  0.00133  0.00898  0.00000
   52     4259.1131     4258.9564     4258.9564  0.00123  0.00926  0.00000
   53     4259.2628     4258.6061     4258.6061  0.00121  0.03755  0.00000
   54     4257.1761     4257.2234     4257.2234  0.00139  0.00119  0.00000
   55     4256.8497     4257.2271     4257.2271  0.00135  0.03155  0.00000
   56     4258.6913     4258.4462     4258.4462  0.00136  0.02309  0.00000
   57     4257.8437     4257.6225     4257.6225  0.00147  0.00353  0.00000
   58     4257.6699     4257.4927     4257.4927  0.00105  0.01808  0.00000
   59     4256.3094     4256.8176     4256.8176  0.00139  0.03933  0.00000
   60     4258.2469     4258.2547     4258.2547  0.00105  0.00012  0.00000
   61     4258.6559     4258.2416     4258.2416  0.00098  0.03782  0.00000
   62     4256.7503     4256.7591     4256.7591  0.00094  0.00095  0.00000
   63     4257.2857     4256.7854     4256.7854  0.00093  0.02250  0.00000
   64     4256.4566     4255.9802     4255.9802  0.00052  0.02687  0.00000
   65     4254.8082     4254.9599     4254.9599  0.00061  0.00804  0.00000
   66     4254.9266     4255.2560     4255.2560  0.00057  0.02040  0.00000
   67     4255.7591     4256.0224     4256.0224  0.00027  0.01552  0.00000
   68     4256.5936     4256.5921     4256.5921  0.00011  0.00010  0.00000
   69     4256.6198     4256.5944     4256.5944  0.00010  0.00158  0.00000
   70     4256.5265     4256.5196     4256.5196  0.00010  0.00047  0.00000
   71     4256.5112     4256.5151     4256.5151  0.00008  0.00018  0.00000
   72     4256.5283     4256.5247     4256.5247  0.00007  0.00025  0.00000
   73     4256.5170     4256.5159     4256.5159  0.00006  0.00021  0.00000
   74     4256.4554     4256.5104     4256.5104  0.00007  0.00277  0.00000
   75     4256.6096     4256.6175     4256.6175  0.00004  0.00044  0.00000
   76     4256.6389     4256.6280     4256.6280  0.00005  0.00068  0.00000
   77     4256.6028     4256.5966     4256.5966  0.00005  0.00049  0.00000
   78     4256.5851     4256.5878     4256.5878  0.00004  0.00005  0.00000
