cpu-bind=MASK - cn1112, task  0  0 [20895]: mask 0xffffffffffffffff set
--------------------------------------------------------------------------
Open MPI failed an OFI Libfabric library call (fi_domain).  This is highly
unusual; your job may behave unpredictably (and/or abort) after this.

  Local host: cn1112
  Location: mtl_ofi_component.c:928
  Error: No data available (61)
--------------------------------------------------------------------------
[cn1112.scarf.rl.ac.uk:21897] 239 more processes have sent help message help-mtl-ofi.txt / OFI call fail
[cn1112.scarf.rl.ac.uk:21897] Set MCA parameter "orte_base_help_aggregate" to 0 to see all help / error messages
--------------------------------------------------------------------------
Open MPI failed an OFI Libfabric library call (fi_domain).  This is highly
unusual; your job may behave unpredictably (and/or abort) after this.

  Local host: cn1112
  Location: mtl_ofi_component.c:928
  Error: No data available (61)
--------------------------------------------------------------------------
[cn1112.scarf.rl.ac.uk:23717] 239 more processes have sent help message help-mtl-ofi.txt / OFI call fail
[cn1112.scarf.rl.ac.uk:23717] Set MCA parameter "orte_base_help_aggregate" to 0 to see all help / error messages
[1678912841.049782] [cn1112:24126:0]          mpool.c:43   UCX  WARN  object 0x6cea000 was not returned to mpool ucp_requests
[1678912841.049913] [cn1112:24121:0]          mpool.c:43   UCX  WARN  object 0xbf40380 was not returned to mpool ucp_requests
[1678912841.050022] [cn1112:24123:0]          mpool.c:43   UCX  WARN  object 0xa3cad80 was not returned to mpool ucp_requests
[1678912841.051474] [cn1112:24115:0]          mpool.c:43   UCX  WARN  object 0xc13e1c0 was not returned to mpool ucp_requests
[1678912841.051464] [cn1112:24104:0]          mpool.c:43   UCX  WARN  object 0xb573f80 was not returned to mpool ucp_requests
[1678912841.051465] [cn1112:24105:0]          mpool.c:43   UCX  WARN  object 0xc2504c0 was not returned to mpool ucp_requests
[1678912841.051515] [cn1112:24099:0]          mpool.c:43   UCX  WARN  object 0xacb6400 was not returned to mpool ucp_requests
[1678912841.051525] [cn1112:24108:0]          mpool.c:43   UCX  WARN  object 0xaabed80 was not returned to mpool ucp_requests
[1678912841.051595] [cn1112:24111:0]          mpool.c:43   UCX  WARN  object 0xaa92b00 was not returned to mpool ucp_requests
[1678912841.051619] [cn1112:24118:0]          mpool.c:43   UCX  WARN  object 0xa1e97c0 was not returned to mpool ucp_requests
-1.0998628440E+001
--------------------------------------------------------------------------
Open MPI failed an OFI Libfabric library call (fi_domain).  This is highly
unusual; your job may behave unpredictably (and/or abort) after this.

  Local host: cn1114
  Location: mtl_ofi_component.c:928
  Error: No data available (61)
--------------------------------------------------------------------------
[cn1112.scarf.rl.ac.uk:24729] 239 more processes have sent help message help-mtl-ofi.txt / OFI call fail
[cn1112.scarf.rl.ac.uk:24729] Set MCA parameter "orte_base_help_aggregate" to 0 to see all help / error messages
[1678915835.991150] [cn1112:24818:0]          mpool.c:43   UCX  WARN  object 0xa47ed40 was not returned to mpool ucp_requests
[1678915835.991261] [cn1112:24822:0]          mpool.c:43   UCX  WARN  object 0x548b0c0 was not returned to mpool ucp_requests
[1678915835.991273] [cn1112:24825:0]          mpool.c:43   UCX  WARN  object 0xbe12a00 was not returned to mpool ucp_requests
[1678915835.991891] [cn1112:24810:0]          mpool.c:43   UCX  WARN  object 0xae6bc00 was not returned to mpool ucp_requests
[1678915835.991930] [cn1112:24798:0]          mpool.c:43   UCX  WARN  object 0xad84600 was not returned to mpool ucp_requests
[1678915835.991945] [cn1112:24814:0]          mpool.c:43   UCX  WARN  object 0xb9d9100 was not returned to mpool ucp_requests
[1678915835.991944] [cn1112:24816:0]          mpool.c:43   UCX  WARN  object 0xbd158c0 was not returned to mpool ucp_requests
[1678915835.991968] [cn1112:24802:0]          mpool.c:43   UCX  WARN  object 0x5e6e800 was not returned to mpool ucp_requests
[1678915835.991959] [cn1112:24806:0]          mpool.c:43   UCX  WARN  object 0xbcab180 was not returned to mpool ucp_requests
[1678915835.991983] [cn1112:24803:0]          mpool.c:43   UCX  WARN  object 0xb123740 was not returned to mpool ucp_requests
cp: cannot stat ‘0V-VH_z-0043.dat’: No such file or directory
cp: cannot stat ‘0V-VH_z-0043.dat’: No such file or directory
cp: cannot stat ‘0V-RHO_z-0043.dat’: No such file or directory
cp: cannot stat ‘0V-RHO_z-0043.dat’: No such file or directory
