cpu-bind=MASK - cn1148, task  0  0 [42330]: mask 0xffffffffffffffff set
--------------------------------------------------------------------------
Open MPI failed an OFI Libfabric library call (fi_domain).  This is highly
unusual; your job may behave unpredictably (and/or abort) after this.

  Local host: cn1150
  Location: mtl_ofi_component.c:928
  Error: No data available (61)
--------------------------------------------------------------------------
[cn1148.scarf.rl.ac.uk:42999] 119 more processes have sent help message help-mtl-ofi.txt / OFI call fail
[cn1148.scarf.rl.ac.uk:42999] Set MCA parameter "orte_base_help_aggregate" to 0 to see all help / error messages
--------------------------------------------------------------------------
Open MPI failed an OFI Libfabric library call (fi_domain).  This is highly
unusual; your job may behave unpredictably (and/or abort) after this.

  Local host: cn1151
  Location: mtl_ofi_component.c:928
  Error: No data available (61)
--------------------------------------------------------------------------
[cn1148.scarf.rl.ac.uk:43939] 119 more processes have sent help message help-mtl-ofi.txt / OFI call fail
[cn1148.scarf.rl.ac.uk:43939] Set MCA parameter "orte_base_help_aggregate" to 0 to see all help / error messages
[1685855086.480760] [cn1148:43987:0]          mpool.c:43   UCX  WARN  object 0x5255b40 was not returned to mpool ucp_requests
[1685855086.480761] [cn1148:43988:0]          mpool.c:43   UCX  WARN  object 0x542ea00 was not returned to mpool ucp_requests
[1685855086.480882] [cn1148:43989:0]          mpool.c:43   UCX  WARN  object 0x5c263c0 was not returned to mpool ucp_requests
[1685855086.480881] [cn1148:43990:0]          mpool.c:43   UCX  WARN  object 0x51f3080 was not returned to mpool ucp_requests
[1685855086.481069] [cn1148:43979:0]          mpool.c:43   UCX  WARN  object 0x6826b40 was not returned to mpool ucp_requests
[1685855086.481101] [cn1148:43972:0]          mpool.c:43   UCX  WARN  object 0x5c72f00 was not returned to mpool ucp_requests
[1685855086.481096] [cn1148:43976:0]          mpool.c:43   UCX  WARN  object 0x53e2440 was not returned to mpool ucp_requests
[1685855086.481088] [cn1148:43977:0]          mpool.c:43   UCX  WARN  object 0x65f85c0 was not returned to mpool ucp_requests
[1685855086.481096] [cn1148:43980:0]          mpool.c:43   UCX  WARN  object 0x64d11c0 was not returned to mpool ucp_requests
[1685855086.481107] [cn1148:43981:0]          mpool.c:43   UCX  WARN  object 0x63f3d40 was not returned to mpool ucp_requests
[1685855086.481103] [cn1148:43982:0]          mpool.c:43   UCX  WARN  object 0x61b7740 was not returned to mpool ucp_requests
[1685855086.481124] [cn1148:43982:0]          mpool.c:43   UCX  WARN  object 0x61b8c40 was not returned to mpool ucp_requests
[1685855086.481116] [cn1148:43983:0]          mpool.c:43   UCX  WARN  object 0x6855900 was not returned to mpool ucp_requests
[1685855086.481108] [cn1148:43965:0]          mpool.c:43   UCX  WARN  object 0x60b8e00 was not returned to mpool ucp_requests
[1685855086.481130] [cn1148:43967:0]          mpool.c:43   UCX  WARN  object 0x4e1f380 was not returned to mpool ucp_requests
[1685855086.481137] [cn1148:43968:0]          mpool.c:43   UCX  WARN  object 0x530ed40 was not returned to mpool ucp_requests
[1685855086.481117] [cn1148:43971:0]          mpool.c:43   UCX  WARN  object 0x529f100 was not returned to mpool ucp_requests
[1685855086.481161] [cn1148:43978:0]          mpool.c:43   UCX  WARN  object 0x59f2380 was not returned to mpool ucp_requests
[1685855086.481237] [cn1148:43969:0]          mpool.c:43   UCX  WARN  object 0x5a657c0 was not returned to mpool ucp_requests
-5.4597094602E+000
--------------------------------------------------------------------------
Open MPI failed an OFI Libfabric library call (fi_domain).  This is highly
unusual; your job may behave unpredictably (and/or abort) after this.

  Local host: cn1151
  Location: mtl_ofi_component.c:928
  Error: No data available (61)
--------------------------------------------------------------------------
[cn1148.scarf.rl.ac.uk:44768] 119 more processes have sent help message help-mtl-ofi.txt / OFI call fail
[cn1148.scarf.rl.ac.uk:44768] Set MCA parameter "orte_base_help_aggregate" to 0 to see all help / error messages
[1685855131.043052] [cn1148:44816:0]          mpool.c:43   UCX  WARN  object 0x5af57c0 was not returned to mpool ucp_requests
[1685855131.043218] [cn1148:44815:0]          mpool.c:43   UCX  WARN  object 0x667ad80 was not returned to mpool ucp_requests
[1685855131.043514] [cn1148:44812:0]          mpool.c:43   UCX  WARN  object 0x58094c0 was not returned to mpool ucp_requests
[1685855131.043592] [cn1148:44814:0]          mpool.c:43   UCX  WARN  object 0x634f800 was not returned to mpool ucp_requests
[1685855131.043687] [cn1148:44800:0]          mpool.c:43   UCX  WARN  object 0x688bd00 was not returned to mpool ucp_requests
[1685855131.043697] [cn1148:44802:0]          mpool.c:43   UCX  WARN  object 0x5ca4b80 was not returned to mpool ucp_requests
[1685855131.043668] [cn1148:44805:0]          mpool.c:43   UCX  WARN  object 0x554ff80 was not returned to mpool ucp_requests
[1685855131.043704] [cn1148:44806:0]          mpool.c:43   UCX  WARN  object 0x54a7200 was not returned to mpool ucp_requests
[1685855131.043678] [cn1148:44808:0]          mpool.c:43   UCX  WARN  object 0x558e980 was not returned to mpool ucp_requests
[1685855131.043679] [cn1148:44809:0]          mpool.c:43   UCX  WARN  object 0x4ed5ec0 was not returned to mpool ucp_requests
[1685855131.043700] [cn1148:44809:0]          mpool.c:43   UCX  WARN  object 0x4ed7900 was not returned to mpool ucp_requests
[1685855131.043679] [cn1148:44811:0]          mpool.c:43   UCX  WARN  object 0x50690c0 was not returned to mpool ucp_requests
[1685855131.043697] [cn1148:44798:0]          mpool.c:43   UCX  WARN  object 0x58f8b80 was not returned to mpool ucp_requests
[1685855131.043728] [cn1148:44804:0]          mpool.c:43   UCX  WARN  object 0x6b8f1c0 was not returned to mpool ucp_requests
[1685855131.043763] [cn1148:44807:0]          mpool.c:43   UCX  WARN  object 0x6aa97c0 was not returned to mpool ucp_requests
[1685855131.043791] [cn1148:44793:0]          mpool.c:43   UCX  WARN  object 0x5cf5780 was not returned to mpool ucp_requests
[1685855131.043816] [cn1148:44796:0]          mpool.c:43   UCX  WARN  object 0x6469480 was not returned to mpool ucp_requests
[1685855131.043889] [cn1148:44797:0]          mpool.c:43   UCX  WARN  object 0x631cf00 was not returned to mpool ucp_requests
[1685855131.044008] [cn1148:44795:0]          mpool.c:43   UCX  WARN  object 0x62b1580 was not returned to mpool ucp_requests
-5.4597094602E+000
--------------------------------------------------------------------------
Open MPI failed an OFI Libfabric library call (fi_domain).  This is highly
unusual; your job may behave unpredictably (and/or abort) after this.

  Local host: cn1151
  Location: mtl_ofi_component.c:928
  Error: No data available (61)
--------------------------------------------------------------------------
[cn1148.scarf.rl.ac.uk:45695] 119 more processes have sent help message help-mtl-ofi.txt / OFI call fail
[cn1148.scarf.rl.ac.uk:45695] Set MCA parameter "orte_base_help_aggregate" to 0 to see all help / error messages
[1685855187.753617] [cn1148:45754:0]          mpool.c:43   UCX  WARN  object 0x573c640 was not returned to mpool ucp_requests
[1685855187.753689] [cn1148:45750:0]          mpool.c:43   UCX  WARN  object 0x514bb80 was not returned to mpool ucp_requests
[1685855187.753674] [cn1148:45751:0]          mpool.c:43   UCX  WARN  object 0x5503840 was not returned to mpool ucp_requests
[1685855187.753671] [cn1148:45752:0]          mpool.c:43   UCX  WARN  object 0x5676b40 was not returned to mpool ucp_requests
[1685855187.753673] [cn1148:45741:0]          mpool.c:43   UCX  WARN  object 0x6495740 was not returned to mpool ucp_requests
[1685855187.753681] [cn1148:45744:0]          mpool.c:43   UCX  WARN  object 0x54cf740 was not returned to mpool ucp_requests
[1685855187.753696] [cn1148:45746:0]          mpool.c:43   UCX  WARN  object 0x517fa80 was not returned to mpool ucp_requests
[1685855187.753716] [cn1148:45721:0]          mpool.c:43   UCX  WARN  object 0x6a68380 was not returned to mpool ucp_requests
[1685855187.753744] [cn1148:45726:0]          mpool.c:43   UCX  WARN  object 0x665eb00 was not returned to mpool ucp_requests
[1685855187.753777] [cn1148:45730:0]          mpool.c:43   UCX  WARN  object 0x681eb80 was not returned to mpool ucp_requests
[1685855187.753721] [cn1148:45732:0]          mpool.c:43   UCX  WARN  object 0x6840f80 was not returned to mpool ucp_requests
[1685855187.753716] [cn1148:45733:0]          mpool.c:43   UCX  WARN  object 0x680c100 was not returned to mpool ucp_requests
[1685855187.753728] [cn1148:45734:0]          mpool.c:43   UCX  WARN  object 0x6679200 was not returned to mpool ucp_requests
[1685855187.753795] [cn1148:45735:0]          mpool.c:43   UCX  WARN  object 0x6b09b80 was not returned to mpool ucp_requests
[1685855187.753725] [cn1148:45745:0]          mpool.c:43   UCX  WARN  object 0x668d900 was not returned to mpool ucp_requests
[1685855187.753750] [cn1148:45747:0]          mpool.c:43   UCX  WARN  object 0x65bae00 was not returned to mpool ucp_requests
[1685855187.753768] [cn1148:45747:0]          mpool.c:43   UCX  WARN  object 0x65bf240 was not returned to mpool ucp_requests
[1685855187.753756] [cn1148:45748:0]          mpool.c:43   UCX  WARN  object 0x635aa40 was not returned to mpool ucp_requests
[1685855187.757613] [cn1148:45724:0]          mpool.c:43   UCX  WARN  object 0x6b82cc0 was not returned to mpool ucp_requests
