 iscf   Eharris(eV)      E_KS(eV)   FreeEng(eV)    dHmax    dDmax   Ef(eV)
    1  -190076.8303  -190371.9157  -190371.9157  1.92382  1.92382  0.00000
    2  -190240.8578  -190288.4033  -190288.4033  1.96598  1.72574  0.00000
    3  -189731.2679  -190022.1108  -190022.1108  4.40877  2.13593  0.00000
    4  -151988.8387  -150972.5023  -150972.5023 51.46618  2.01773  0.00000
    5  -189941.2225  -189921.1981  -189921.1981  3.00079  0.31513  0.00000
    6  -190104.3425  -190118.4177  -190118.4177  2.78046  0.16353  0.00000
    7  -190147.3182  -190154.9986  -190154.9986  1.88987  0.14167  0.00000
    8  -190181.4302  -190185.6031  -190185.6031  1.08112  0.14368  0.00000
    9  -190200.1251  -190201.9124  -190201.9124  0.33332  0.08355  0.00000
   10  -190204.1804  -190199.4090  -190199.4090  0.34792  0.06305  0.00000
   11  -190203.6599  -190205.4349  -190205.4349  0.16126  0.03743  0.00000
   12  -190204.6861  -190203.6156  -190203.6156  0.13300  0.01470  0.00000
   13  -190205.3413  -190204.9264  -190204.9264  0.04552  0.00591  0.00000
   14  -190205.9560  -190205.2931  -190205.2931  0.05141  0.00898  0.00000
   15  -190206.1964  -190206.0335  -190206.0335  0.01516  0.00488  0.00000
   16  -190206.4649  -190206.1942  -190206.1942  0.01442  0.00622  0.00000
   17  -190205.9910  -190206.4659  -190206.4659  0.01589  0.00772  0.00000
   18  -190206.2777  -190205.9958  -190205.9958  0.02063  0.00491  0.00000
   19  -190206.2971  -190206.2707  -190206.2707  0.00458  0.00230  0.00000
   20  -190206.0631  -190206.3047  -190206.3047  0.01094  0.00472  0.00000
   21  -190206.1496  -190206.0575  -190206.0575  0.01133  0.00323  0.00000
   22  -190206.1236  -190206.1564  -190206.1564  0.00494  0.00054  0.00000
   23  -190206.0979  -190206.1269  -190206.1269  0.00781  0.00047  0.00000
   24  -190206.0195  -190206.0973  -190206.0973  0.00667  0.00083  0.00000
   25  -190206.0130  -190206.0211  -190206.0211  0.00440  0.00041  0.00000
   26  -190205.9665  -190206.0124  -190206.0124  0.00266  0.00127  0.00000
   27  -190205.9978  -190205.9647  -190205.9647  0.00303  0.00063  0.00000
   28  -190206.0042  -190205.9984  -190205.9984  0.00039  0.00007  0.00000
   29  -190206.0045  -190206.0042  -190206.0042  0.00017  0.00013  0.00000
   30  -190206.0046  -190206.0042  -190206.0042  0.00048  0.00001  0.00000
   31  -190206.0074  -190206.0047  -190206.0047  0.00040  0.00002  0.00000
   32  -190206.0089  -190206.0073  -190206.0073  0.00030  0.00003  0.00000
   33  -190206.0069  -190206.0089  -190206.0089  0.00011  0.00002  0.00000
   34  -190206.0061  -190206.0071  -190206.0071  0.00006  0.00001  0.00000
    1  -190215.3501  -190206.0061  -190206.0061  0.02368  0.08119  0.00000
    2  -190180.9981  -190203.5275  -190203.5275  0.68137  0.26896  0.00000
    3  -190141.2767  -190119.0284  -190119.0284  1.86643  0.19575  0.00000
    4  -190208.0463  -190208.4595  -190208.4595  0.04385  0.00412  0.00000
    5  -190207.5997  -190208.0947  -190208.0947  0.02068  0.00611  0.00000
    6  -190207.8749  -190207.6710  -190207.6710  0.02065  0.00221  0.00000
    7  -190207.8171  -190207.8487  -190207.8487  0.01061  0.00062  0.00000
    8  -190207.7920  -190207.8202  -190207.8202  0.00774  0.00138  0.00000
    9  -190207.8000  -190207.7931  -190207.7931  0.00129  0.00029  0.00000
   10  -190207.8108  -190207.7998  -190207.7998  0.00092  0.00022  0.00000
   11  -190207.8067  -190207.8095  -190207.8095  0.00083  0.00012  0.00000
   12  -190207.8207  -190207.8075  -190207.8075  0.00055  0.00015  0.00000
   13  -190207.8205  -190207.8197  -190207.8197  0.00031  0.00003  0.00000
   14  -190207.8230  -190207.8206  -190207.8206  0.00014  0.00002  0.00000
   15  -190207.8230  -190207.8229  -190207.8229  0.00010  0.00003  0.00000
    1  -190212.7570  -190207.8230  -190207.8230  0.02367  0.08058  0.00000
    2  -190184.6190  -190200.8478  -190200.8478  0.61887  0.23666  0.00000
    3  -190149.6627  -190131.5493  -190131.5493  1.64801  0.17525  0.00000
    4  -190207.5651  -190208.5246  -190208.5246  0.07579  0.01202  0.00000
    5  -190207.2709  -190207.6794  -190207.6794  0.02673  0.00568  0.00000
    6  -190207.4090  -190207.3287  -190207.3287  0.01384  0.00100  0.00000
    7  -190207.3417  -190207.3961  -190207.3961  0.01114  0.00073  0.00000
    8  -190207.2732  -190207.3445  -190207.3445  0.00842  0.00114  0.00000
    9  -190207.2833  -190207.2740  -190207.2740  0.00185  0.00027  0.00000
   10  -190207.2846  -190207.2830  -190207.2830  0.00080  0.00011  0.00000
   11  -190207.2954  -190207.2848  -190207.2848  0.00104  0.00011  0.00000
   12  -190207.3017  -190207.2945  -190207.2945  0.00072  0.00011  0.00000
   13  -190207.3075  -190207.3020  -190207.3020  0.00043  0.00007  0.00000
   14  -190207.3136  -190207.3074  -190207.3074  0.00036  0.00009  0.00000
   15  -190207.3182  -190207.3135  -190207.3135  0.00023  0.00006  0.00000
   16  -190207.3181  -190207.3180  -190207.3180  0.00011  0.00001  0.00000
   17  -190207.3206  -190207.3181  -190207.3181  0.00008  0.00003  0.00000
    1  -190212.8419  -190207.3205  -190207.3205  0.02371  0.08070  0.00000
    2  -190185.8599  -190200.9031  -190200.9031  0.64652  0.25371  0.00000
    3  -190143.8182  -190126.4212  -190126.4212  1.74363  0.18490  0.00000
    4  -190207.9924  -190208.7631  -190208.7631  0.06338  0.01060  0.00000
    5  -190207.8085  -190208.0656  -190208.0656  0.02316  0.00436  0.00000
    6  -190207.7985  -190207.8366  -190207.8366  0.01381  0.00092  0.00000
    7  -190207.7428  -190207.7964  -190207.7964  0.01075  0.00060  0.00000
    8  -190207.6678  -190207.7443  -190207.7443  0.00788  0.00110  0.00000
    9  -190207.7067  -190207.6687  -190207.6687  0.00227  0.00053  0.00000
   10  -190207.6908  -190207.7043  -190207.7043  0.00198  0.00026  0.00000
   11  -190207.7142  -190207.6919  -190207.6919  0.00075  0.00022  0.00000
   12  -190207.7162  -190207.7137  -190207.7137  0.00051  0.00004  0.00000
   13  -190207.7263  -190207.7163  -190207.7163  0.00037  0.00009  0.00000
   14  -190207.7305  -190207.7261  -190207.7261  0.00018  0.00005  0.00000
   15  -190207.7306  -190207.7305  -190207.7305  0.00009  0.00002  0.00000
    1  -190212.2857  -190207.7306  -190207.7306  0.02370  0.08336  0.00000
    2  -190187.4897  -190200.3966  -190200.3966  0.65806  0.25881  0.00000
    3  -190140.8235  -190124.7850  -190124.7850  1.78092  0.19017  0.00000
    4  -190208.0414  -190208.8053  -190208.8053  0.06365  0.00998  0.00000
    5  -190207.8812  -190208.1128  -190208.1128  0.02385  0.00467  0.00000
    6  -190207.8957  -190207.9011  -190207.9011  0.01390  0.00093  0.00000
    7  -190207.8548  -190207.8948  -190207.8948  0.01086  0.00062  0.00000
    8  -190207.7974  -190207.8554  -190207.8554  0.00795  0.00110  0.00000
    9  -190207.8257  -190207.7979  -190207.7979  0.00229  0.00055  0.00000
   10  -190207.8144  -190207.8240  -190207.8240  0.00152  0.00023  0.00000
   11  -190207.8320  -190207.8152  -190207.8152  0.00081  0.00024  0.00000
   12  -190207.8290  -190207.8317  -190207.8317  0.00049  0.00007  0.00000
   13  -190207.8374  -190207.8291  -190207.8291  0.00046  0.00011  0.00000
   14  -190207.8418  -190207.8373  -190207.8373  0.00024  0.00007  0.00000
   15  -190207.8427  -190207.8418  -190207.8418  0.00009  0.00003  0.00000
    1  -190211.4860  -190207.8427  -190207.8427  0.02369  0.08623  0.00000
    2  -190189.5536  -190199.7953  -190199.7953  0.65510  0.26129  0.00000
    3  -190139.3304  -190125.0668  -190125.0668  1.78781  0.18866  0.00000
    4  -190208.0685  -190208.8699  -190208.8699  0.06354  0.01082  0.00000
    5  -190207.9888  -190208.1392  -190208.1392  0.02226  0.00382  0.00000
    6  -190207.9196  -190207.9946  -190207.9946  0.01411  0.00105  0.00000
    7  -190207.8659  -190207.9220  -190207.9220  0.01085  0.00075  0.00000
    8  -190207.7949  -190207.8656  -190207.8656  0.00758  0.00108  0.00000
    9  -190207.8455  -190207.7953  -190207.7953  0.00274  0.00055  0.00000
   10  -190207.8168  -190207.8435  -190207.8435  0.00242  0.00028  0.00000
   11  -190207.8245  -190207.8178  -190207.8178  0.00094  0.00010  0.00000
   12  -190207.8371  -190207.8247  -190207.8247  0.00093  0.00013  0.00000
   13  -190207.8479  -190207.8368  -190207.8368  0.00044  0.00011  0.00000
   14  -190207.8550  -190207.8479  -190207.8479  0.00025  0.00007  0.00000
   15  -190207.8549  -190207.8550  -190207.8550  0.00012  0.00002  0.00000
   16  -190207.8577  -190207.8550  -190207.8550  0.00014  0.00003  0.00000
   17  -190207.8575  -190207.8577  -190207.8577  0.00008  0.00001  0.00000
    1  -190210.4204  -190207.8574  -190207.8574  0.02367  0.08268  0.00000
    2  -190191.8631  -190199.5887  -190199.5887  0.63712  0.25089  0.00000
    3  -190140.9789  -190128.5116  -190128.5116  1.76516  0.18678  0.00000
    4  -190207.8386  -190208.7793  -190208.7793  0.08104  0.01793  0.00000
    5  -190207.5354  -190207.9443  -190207.9443  0.03162  0.00737  0.00000
    6  -190207.6630  -190207.5315  -190207.5315  0.02409  0.00206  0.00000
    7  -190207.6315  -190207.6764  -190207.6764  0.01159  0.00099  0.00000
    8  -190207.5886  -190207.6303  -190207.6303  0.00839  0.00120  0.00000
    9  -190207.5854  -190207.5875  -190207.5875  0.00244  0.00023  0.00000
   10  -190207.6003  -190207.5850  -190207.5850  0.00102  0.00027  0.00000
   11  -190207.6068  -190207.6003  -190207.6003  0.00054  0.00011  0.00000
   12  -190207.6075  -190207.6066  -190207.6066  0.00033  0.00003  0.00000
   13  -190207.6119  -190207.6077  -190207.6077  0.00028  0.00005  0.00000
   14  -190207.6121  -190207.6118  -190207.6118  0.00013  0.00002  0.00000
   15  -190207.6148  -190207.6122  -190207.6122  0.00015  0.00003  0.00000
   16  -190207.6157  -190207.6148  -190207.6148  0.00008  0.00001  0.00000
    1  -190210.6899  -190207.6157  -190207.6157  0.02364  0.08155  0.00000
    2  -190185.8333  -190199.5178  -190199.5178  0.65847  0.26816  0.00000
    3  -190068.0742  -190044.7326  -190044.7326  2.93034  0.22789  0.00000
    4  -190208.1950  -190210.4118  -190210.4118  0.29897  0.02897  0.00000
    5  -190208.4074  -190208.8187  -190208.8187  0.16997  0.00800  0.00000
    6  -190208.1911  -190208.5891  -190208.5891  0.09792  0.00935  0.00000
    7  -190208.0136  -190208.2610  -190208.2610  0.03724  0.00792  0.00000
    8  -190208.1623  -190208.0095  -190208.0095  0.01350  0.00317  0.00000
    9  -190208.1293  -190208.1661  -190208.1661  0.01247  0.00132  0.00000
   10  -190208.2255  -190208.1355  -190208.1355  0.01349  0.00452  0.00000
   11  -190208.0823  -190208.2200  -190208.2200  0.02220  0.00446  0.00000
   12  -190208.0247  -190208.0777  -190208.0777  0.00927  0.01669  0.00000
   13  -190208.0048  -190208.0252  -190208.0252  0.03931  0.01100  0.00000
   14  -190208.1247  -190208.0064  -190208.0064  0.00933  0.00443  0.00000
   15  -190208.0845  -190208.1238  -190208.1238  0.00773  0.00284  0.00000
   16  -190208.0423  -190208.0852  -190208.0852  0.00341  0.00061  0.00000
   17  -190208.0524  -190208.0425  -190208.0425  0.00122  0.00020  0.00000
   18  -190208.0540  -190208.0519  -190208.0519  0.00037  0.00008  0.00000
   19  -190208.0547  -190208.0546  -190208.0546  0.00036  0.00007  0.00000
   20  -190208.0558  -190208.0543  -190208.0543  0.00032  0.00003  0.00000
   21  -190208.0614  -190208.0558  -190208.0558  0.00030  0.00011  0.00000
   22  -190208.0589  -190208.0616  -190208.0616  0.00049  0.00008  0.00000
   23  -190208.0595  -190208.0588  -190208.0588  0.00011  0.00001  0.00000
   24  -190208.0598  -190208.0595  -190208.0595  0.00006  0.00001  0.00000
    1  -190206.9384  -190208.0598  -190208.0598  0.02368  0.09157  0.00000
    2  -190183.5687  -190198.2010  -190198.2010  0.55582  0.24903  0.00000
    3  -190037.3115  -190010.1236  -190010.1236  3.28796  0.22280  0.00000
    4  -190205.0942  -190209.0819  -190209.0819  0.42089  0.04554  0.00000
    5  -190206.1111  -190206.6271  -190206.6271  0.16739  0.02103  0.00000
    6  -190206.2699  -190206.3130  -190206.3130  0.06778  0.01143  0.00000
    7  -190206.2188  -190206.2709  -190206.2709  0.06535  0.00706  0.00000
    8  -190205.6883  -190206.2172  -190206.2172  0.04330  0.01553  0.00000
    9  -190206.6448  -190205.6661  -190205.6661  0.03963  0.01884  0.00000
   10  -190206.2288  -190206.5705  -190206.5705  0.12567  0.01728  0.00000
   11  -190205.4674  -190206.2813  -190206.2813  0.10043  0.02318  0.00000
   12  -190205.9102  -190205.4703  -190205.4703  0.06119  0.01076  0.00000
   13  -190205.3497  -190205.9420  -190205.9420  0.02891  0.01437  0.00000
   14  -190205.4648  -190205.2756  -190205.2756  0.08156  0.02720  0.00000
   15  -190205.8316  -190205.4901  -190205.4901  0.05037  0.02460  0.00000
   16  -190205.9833  -190205.8951  -190205.8951  0.02885  0.00746  0.00000
   17  -190206.0247  -190205.9782  -190205.9782  0.03463  0.00458  0.00000
   18  -190205.9978  -190206.0240  -190206.0240  0.03778  0.00270  0.00000
   19  -190205.8499  -190205.9962  -190205.9962  0.03704  0.00390  0.00000
   20  -190205.9447  -190205.8328  -190205.8328  0.01840  0.00968  0.00000
   21  -190205.8444  -190205.9648  -190205.9648  0.02593  0.00385  0.00000
   22  -190205.7917  -190205.8393  -190205.8393  0.01179  0.00385  0.00000
   23  -190205.7113  -190205.7882  -190205.7882  0.00394  0.00201  0.00000
   24  -190205.6950  -190205.7112  -190205.7112  0.00718  0.00353  0.00000
   25  -190205.7630  -190205.6889  -190205.6889  0.01214  0.00251  0.00000
   26  -190205.8160  -190205.7712  -190205.7712  0.00310  0.00252  0.00000
   27  -190205.8087  -190205.8178  -190205.8178  0.00807  0.00101  0.00000
   28  -190205.8105  -190205.8103  -190205.8103  0.00779  0.00115  0.00000
   29  -190205.7010  -190205.8091  -190205.8091  0.00702  0.00455  0.00000
   30  -190205.7156  -190205.6921  -190205.6921  0.00940  0.00223  0.00000
   31  -190205.7689  -190205.7186  -190205.7186  0.00622  0.00273  0.00000
   32  -190205.7822  -190205.7736  -190205.7736  0.00297  0.00049  0.00000
   33  -190205.7711  -190205.7815  -190205.7815  0.00282  0.00034  0.00000
   34  -190205.7668  -190205.7706  -190205.7706  0.00202  0.00073  0.00000
   35  -190205.7511  -190205.7673  -190205.7673  0.00146  0.00068  0.00000
   36  -190205.7658  -190205.7494  -190205.7494  0.00137  0.00056  0.00000
   37  -190205.7648  -190205.7670  -190205.7670  0.00113  0.00008  0.00000
   38  -190205.7613  -190205.7646  -190205.7646  0.00084  0.00031  0.00000
   39  -190205.7645  -190205.7610  -190205.7610  0.00027  0.00026  0.00000
   40  -190205.7624  -190205.7644  -190205.7644  0.00044  0.00015  0.00000
   41  -190205.7619  -190205.7624  -190205.7624  0.00018  0.00002  0.00000
   42  -190205.7620  -190205.7618  -190205.7618  0.00005  0.00001  0.00000
