 @target G0.S0
 @type xy
  -0.1000000E+02      0.4377878E-30
  -0.9975937E+01      0.5551158E-30
  -0.9951870E+01      0.1944857E-30
  -0.9927802E+01      0.1480609E-30
  -0.9903735E+01      0.1227234E-30
  -0.9879668E+01      0.2520113E-31
  -0.9855600E+01      0.1585613E-30
  -0.9831533E+01      0.2605113E-31
  -0.9807465E+01      0.1929791E-31
  -0.9783398E+01      0.5705140E-32
  -0.9759331E+01      0.5499781E-32
  -0.9735263E+01      0.1218114E-31
  -0.9711196E+01      0.3012705E-32
  -0.9687128E+01      0.1253533E-31
  -0.9663061E+01      0.2216197E-32
  -0.9638994E+01      0.5208210E-32
  -0.9614926E+01      0.7265608E-32
  -0.9590859E+01      0.6805975E-33
  -0.9566791E+01      0.2031322E-32
  -0.9542724E+01      0.3925581E-32
  -0.9518657E+01      0.2015950E-32
  -0.9494589E+01      0.1899875E-32
  -0.9470522E+01      0.3179026E-32
  -0.9446454E+01      0.4518082E-32
  -0.9422387E+01      0.2224745E-31
  -0.9398320E+01      0.1904076E-32
  -0.9374252E+01      0.1667138E-31
  -0.9350185E+01      0.4737920E-31
  -0.9326117E+01      0.1894553E-30
  -0.9302050E+01      0.1213440E-32
  -0.9277983E+01      0.1149822E-30
  -0.9253915E+01      0.1552994E-30
  -0.9229848E+01      0.1004945E-29
  -0.9205780E+01      0.4870859E-29
  -0.9181713E+01      0.7597709E-29
  -0.9157646E+01      0.3622904E-29
  -0.9133578E+01      0.1507188E-04
  -0.9109511E+01      0.6007518E-04
  -0.9085443E+01      0.1607732E-03
  -0.9061376E+01      0.3096537E-03
  -0.9037309E+01      0.5246394E-03
  -0.9013241E+01      0.8266109E-03
  -0.8989174E+01      0.1230096E-02
  -0.8965106E+01      0.1686799E-02
  -0.8941039E+01      0.2408318E-02
  -0.8916972E+01      0.4701655E-02
  -0.8892904E+01      0.9788469E-02
  -0.8868837E+01      0.2099204E-01
  -0.8844769E+01      0.4564408E-01
  -0.8820702E+01      0.1029966E+00
  -0.8796635E+01      0.2398234E+00
  -0.8772567E+01      0.5158861E+00
  -0.8748500E+01      0.8496433E+00
  -0.8724432E+01      0.7713303E+00
  -0.8700365E+01      0.4243490E+00
  -0.8676298E+01      0.2764332E+00
  -0.8652230E+01      0.2036566E+00
  -0.8628163E+01      0.1624344E+00
  -0.8604095E+01      0.1367696E+00
  -0.8580028E+01      0.1197259E+00
  -0.8555961E+01      0.1079011E+00
  -0.8531893E+01      0.9948917E-01
  -0.8507826E+01      0.9300561E-01
  -0.8483758E+01      0.8870067E-01
  -0.8459691E+01      0.8547078E-01
  -0.8435624E+01      0.8319300E-01
  -0.8411556E+01      0.8169038E-01
  -0.8387489E+01      0.8083727E-01
  -0.8363421E+01      0.8054692E-01
  -0.8339354E+01      0.8076108E-01
  -0.8315287E+01      0.8144361E-01
  -0.8291219E+01      0.8258109E-01
  -0.8267152E+01      0.8411595E-01
  -0.8243084E+01      0.8614897E-01
  -0.8219017E+01      0.9099688E-01
  -0.8194950E+01      0.9903091E-01
  -0.8170882E+01      0.1058252E+00
  -0.8146815E+01      0.1128275E+00
  -0.8122747E+01      0.1203761E+00
  -0.8098680E+01      0.1286825E+00
  -0.8074613E+01      0.1379369E+00
  -0.8050545E+01      0.1483442E+00
  -0.8026478E+01      0.1601514E+00
  -0.8002410E+01      0.1737134E+00
  -0.7978343E+01      0.1939594E+00
  -0.7954276E+01      0.2160438E+00
  -0.7930208E+01      0.2402985E+00
  -0.7906141E+01      0.2678851E+00
  -0.7882073E+01      0.2996316E+00
  -0.7858006E+01      0.3363827E+00
  -0.7833939E+01      0.3790396E+00
  -0.7809871E+01      0.4285217E+00
  -0.7785804E+01      0.4856496E+00
  -0.7761736E+01      0.5509093E+00
  -0.7737669E+01      0.6240499E+00
  -0.7713602E+01      0.7034862E+00
  -0.7689534E+01      0.7855936E+00
  -0.7665467E+01      0.8641941E+00
  -0.7641399E+01      0.9307565E+00
  -0.7617332E+01      0.9757826E+00
  -0.7593265E+01      0.9912445E+00
  -0.7569197E+01      0.9732759E+00
  -0.7545130E+01      0.9237764E+00
  -0.7521062E+01      0.8500489E+00
  -0.7496995E+01      0.7623422E+00
  -0.7472928E+01      0.6707487E+00
  -0.7448860E+01      0.5828526E+00
  -0.7424793E+01      0.5033749E+00
  -0.7400725E+01      0.4351985E+00
  -0.7376658E+01      0.3834928E+00
  -0.7352591E+01      0.4035696E+00
  -0.7328523E+01      0.4548607E+00
  -0.7304456E+01      0.2555848E+00
  -0.7280388E+01      0.2126521E+00
  -0.7256321E+01      0.1834667E+00
  -0.7232254E+01      0.1596800E+00
  -0.7208186E+01      0.1393872E+00
  -0.7184119E+01      0.1217332E+00
  -0.7160051E+01      0.1061724E+00
  -0.7135984E+01      0.9239312E-01
  -0.7111917E+01      0.8176666E-01
  -0.7087849E+01      0.7124281E-01
  -0.7063782E+01      0.6135447E-01
  -0.7039714E+01      0.5202845E-01
  -0.7015647E+01      0.4317328E-01
  -0.6991580E+01      0.3471003E-01
  -0.6967512E+01      0.2658778E-01
  -0.6943445E+01      0.1882071E-01
  -0.6919377E+01      0.1158497E-01
  -0.6895310E+01      0.5486208E-02
  -0.6871243E+01      0.1951728E-02
  -0.6847175E+01      0.5491704E-02
  -0.6823108E+01      0.2991868E-01
  -0.6799040E+01      0.1224959E+00
  -0.6774973E+01      0.4326045E+00
  -0.6750906E+01      0.9215495E+00
  -0.6726838E+01      0.8371912E+00
  -0.6702771E+01      0.5494047E+00
  -0.6678703E+01      0.3860972E+00
  -0.6654636E+01      0.2929980E+00
  -0.6630569E+01      0.2352300E+00
  -0.6606501E+01      0.1992489E+00
  -0.6582434E+01      0.1736571E+00
  -0.6558366E+01      0.1532288E+00
  -0.6534299E+01      0.1348357E+00
  -0.6510232E+01      0.1234433E+00
  -0.6486164E+01      0.1071579E+00
  -0.6462097E+01      0.1000503E+00
  -0.6438029E+01      0.9494785E-01
  -0.6413962E+01      0.9052655E-01
  -0.6389895E+01      0.8632174E-01
  -0.6365827E+01      0.8175563E-01
  -0.6341760E+01      0.7619676E-01
  -0.6317692E+01      0.6808312E-01
  -0.6293625E+01      0.5567705E-01
  -0.6269558E+01      0.5328883E-01
  -0.6245490E+01      0.4637213E-01
  -0.6221423E+01      0.4565468E-01
  -0.6197355E+01      0.4773133E-01
  -0.6173288E+01      0.5498038E-01
  -0.6149221E+01      0.8041939E-01
  -0.6125153E+01      0.2164085E+00
  -0.6101086E+01      0.1098695E+01
  -0.6077018E+01      0.6923540E+00
  -0.6052951E+01      0.3946452E+00
  -0.6028884E+01      0.3267663E+00
  -0.6004816E+01      0.3325816E+00
  -0.5980749E+01      0.4185115E+00
  -0.5956681E+01      0.7051809E+00
  -0.5932614E+01      0.7076185E+00
  -0.5908547E+01      0.6678394E+00
  -0.5884479E+01      0.7076848E+00
  -0.5860412E+01      0.8067613E+00
  -0.5836344E+01      0.8700860E+00
  -0.5812277E+01      0.8611470E+00
  -0.5788210E+01      0.1010767E+01
  -0.5764142E+01      0.1099146E+01
  -0.5740075E+01      0.1039906E+01
  -0.5716007E+01      0.9528211E+00
  -0.5691940E+01      0.9147763E+00
  -0.5667873E+01      0.8756010E+00
  -0.5643805E+01      0.6092916E+00
  -0.5619738E+01      0.5825522E+00
  -0.5595670E+01      0.6227180E+00
  -0.5571603E+01      0.5165790E+00
  -0.5547536E+01      0.5314566E+00
  -0.5523468E+01      0.5317893E+00
  -0.5499401E+01      0.5549146E+00
  -0.5475333E+01      0.4435887E+00
  -0.5451266E+01      0.4179405E+00
  -0.5427199E+01      0.6571544E+00
  -0.5403131E+01      0.8004989E+00
  -0.5379064E+01      0.8746551E+00
  -0.5354996E+01      0.8638325E+00
  -0.5330929E+01      0.1069242E+01
  -0.5306862E+01      0.8098940E+00
  -0.5282794E+01      0.5891217E+00
  -0.5258727E+01      0.5446392E+00
  -0.5234659E+01      0.7172348E+00
  -0.5210592E+01      0.6970386E+00
  -0.5186525E+01      0.8167814E+00
  -0.5162457E+01      0.8177512E+00
  -0.5138390E+01      0.1051847E+01
  -0.5114322E+01      0.9601605E+00
  -0.5090255E+01      0.9344459E+00
  -0.5066188E+01      0.5752767E+00
  -0.5042120E+01      0.9427149E+00
  -0.5018053E+01      0.9405455E+00
  -0.4993985E+01      0.8710415E+00
  -0.4969918E+01      0.1093261E+01
  -0.4945851E+01      0.7582117E+00
  -0.4921783E+01      0.8870210E+00
  -0.4897716E+01      0.1106713E+01
  -0.4873648E+01      0.1303013E+01
  -0.4849581E+01      0.1236007E+01
  -0.4825514E+01      0.1244201E+01
  -0.4801446E+01      0.1271029E+01
  -0.4777379E+01      0.1654226E+01
  -0.4753311E+01      0.1694131E+01
  -0.4729244E+01      0.1592284E+01
  -0.4705177E+01      0.1560043E+01
  -0.4681109E+01      0.1511307E+01
  -0.4657042E+01      0.1482864E+01
  -0.4632974E+01      0.1389906E+01
  -0.4608907E+01      0.1391631E+01
  -0.4584840E+01      0.1455487E+01
  -0.4560772E+01      0.1791337E+01
  -0.4536705E+01      0.1787455E+01
  -0.4512637E+01      0.1835527E+01
  -0.4488570E+01      0.1845833E+01
  -0.4464503E+01      0.1869682E+01
  -0.4440435E+01      0.1903474E+01
  -0.4416368E+01      0.2014585E+01
  -0.4392300E+01      0.2061325E+01
  -0.4368233E+01      0.1921440E+01
  -0.4344166E+01      0.1538346E+01
  -0.4320098E+01      0.1253949E+01
  -0.4296031E+01      0.1119954E+01
  -0.4271963E+01      0.1105410E+01
  -0.4247896E+01      0.9192778E+00
  -0.4223829E+01      0.9308235E+00
  -0.4199761E+01      0.9248116E+00
  -0.4175694E+01      0.8545152E+00
  -0.4151626E+01      0.8689640E+00
  -0.4127559E+01      0.8746379E+00
  -0.4103492E+01      0.8611051E+00
  -0.4079424E+01      0.9036251E+00
  -0.4055357E+01      0.8548885E+00
  -0.4031289E+01      0.8451303E+00
  -0.4007222E+01      0.7521827E+00
  -0.3983155E+01      0.7290655E+00
  -0.3959087E+01      0.7327642E+00
  -0.3935020E+01      0.7505412E+00
  -0.3910952E+01      0.6565664E+00
  -0.3886885E+01      0.6041787E+00
  -0.3862818E+01      0.5375903E+00
  -0.3838750E+01      0.6261095E+00
  -0.3814683E+01      0.6774338E+00
  -0.3790615E+01      0.6878181E+00
  -0.3766548E+01      0.7403678E+00
  -0.3742481E+01      0.6746420E+00
  -0.3718413E+01      0.6616923E+00
  -0.3694346E+01      0.4935485E+00
  -0.3670278E+01      0.4046444E+00
  -0.3646211E+01      0.3587980E+00
  -0.3622144E+01      0.3404531E+00
  -0.3598076E+01      0.3329326E+00
  -0.3574009E+01      0.3152076E+00
  -0.3549941E+01      0.3386562E+00
  -0.3525874E+01      0.4353416E+00
  -0.3501807E+01      0.4555999E+00
  -0.3477739E+01      0.4618971E+00
  -0.3453672E+01      0.4717998E+00
  -0.3429604E+01      0.4790726E+00
  -0.3405537E+01      0.4727801E+00
  -0.3381470E+01      0.6755579E+00
  -0.3357402E+01      0.6584676E+00
  -0.3333335E+01      0.6926197E+00
  -0.3309267E+01      0.5784147E+00
  -0.3285200E+01      0.5211053E+00
  -0.3261133E+01      0.5107822E+00
  -0.3237065E+01      0.6849947E+00
  -0.3212998E+01      0.6630470E+00
  -0.3188930E+01      0.7306767E+00
  -0.3164863E+01      0.8200999E+00
  -0.3140796E+01      0.8029552E+00
  -0.3116728E+01      0.7398189E+00
  -0.3092661E+01      0.8339715E+00
  -0.3068593E+01      0.7946024E+00
  -0.3044526E+01      0.7575460E+00
  -0.3020459E+01      0.7500932E+00
  -0.2996391E+01      0.7518253E+00
  -0.2972324E+01      0.7574146E+00
  -0.2948256E+01      0.7693346E+00
  -0.2924189E+01      0.7487600E+00
  -0.2900122E+01      0.7693359E+00
  -0.2876054E+01      0.8117928E+00
  -0.2851987E+01      0.9062110E+00
  -0.2827919E+01      0.9796475E+00
  -0.2803852E+01      0.8117204E+00
  -0.2779785E+01      0.7683304E+00
  -0.2755717E+01      0.7156152E+00
  -0.2731650E+01      0.7517512E+00
  -0.2707582E+01      0.8347084E+00
  -0.2683515E+01      0.8754004E+00
  -0.2659448E+01      0.8271894E+00
  -0.2635380E+01      0.6578391E+00
  -0.2611313E+01      0.7105936E+00
  -0.2587245E+01      0.6807911E+00
  -0.2563178E+01      0.7120883E+00
  -0.2539111E+01      0.7458921E+00
  -0.2515043E+01      0.7569816E+00
  -0.2490976E+01      0.8361175E+00
  -0.2466908E+01      0.9193436E+00
  -0.2442841E+01      0.8512591E+00
  -0.2418774E+01      0.7951402E+00
  -0.2394706E+01      0.7389786E+00
  -0.2370639E+01      0.6884270E+00
  -0.2346571E+01      0.6588589E+00
  -0.2322504E+01      0.6454521E+00
  -0.2298437E+01      0.6106107E+00
  -0.2274369E+01      0.5761061E+00
  -0.2250302E+01      0.6053082E+00
  -0.2226234E+01      0.6505065E+00
  -0.2202167E+01      0.6583277E+00
  -0.2178100E+01      0.4434565E+00
  -0.2154032E+01      0.3646831E+00
  -0.2129965E+01      0.3356755E+00
  -0.2105897E+01      0.3159106E+00
  -0.2081830E+01      0.3210370E+00
  -0.2057763E+01      0.9892042E+00
  -0.2033695E+01      0.2984285E+00
  -0.2009628E+01      0.2433177E+00
  -0.1985560E+01      0.1874965E+00
  -0.1961493E+01      0.1829930E+00
  -0.1937426E+01      0.1823732E+00
  -0.1913358E+01      0.1831906E+00
  -0.1889291E+01      0.1032821E+00
  -0.1865223E+01      0.1072480E+00
  -0.1841156E+01      0.1436707E+00
  -0.1817089E+01      0.9723778E-01
  -0.1793021E+01      0.1289341E+00
  -0.1768954E+01      0.2535492E+00
  -0.1744886E+01      0.2080986E+00
  -0.1720819E+01      0.1753897E+00
  -0.1696752E+01      0.1792707E+00
  -0.1672684E+01      0.1889119E+00
  -0.1648617E+01      0.1978788E+00
  -0.1624549E+01      0.2081437E+00
  -0.1600482E+01      0.2603251E+00
  -0.1576415E+01      0.2458819E+00
  -0.1552347E+01      0.3029700E+00
  -0.1528280E+01      0.2859536E+00
  -0.1504212E+01      0.3545141E+00
  -0.1480145E+01      0.4216100E+00
  -0.1456078E+01      0.4828952E+00
  -0.1432010E+01      0.5449986E+00
  -0.1407943E+01      0.5811872E+00
  -0.1383875E+01      0.5754911E+00
  -0.1359808E+01      0.5954451E+00
  -0.1335741E+01      0.6783415E+00
  -0.1311673E+01      0.7296242E+00
  -0.1287606E+01      0.7674633E+00
  -0.1263538E+01      0.7981121E+00
  -0.1239471E+01      0.8241440E+00
  -0.1215404E+01      0.8468888E+00
  -0.1191336E+01      0.8672043E+00
  -0.1167269E+01      0.8810136E+00
  -0.1143201E+01      0.8866476E+00
  -0.1119134E+01      0.8902914E+00
  -0.1095067E+01      0.8985616E+00
  -0.1070999E+01      0.8756026E+00
  -0.1046932E+01      0.8833621E+00
  -0.1022864E+01      0.8850803E+00
  -0.9987971E+00      0.8881261E+00
  -0.9747297E+00      0.8902414E+00
  -0.9506623E+00      0.8906582E+00
  -0.9265949E+00      0.8888030E+00
  -0.9025275E+00      0.8846199E+00
  -0.8784601E+00      0.8784175E+00
  -0.8543927E+00      0.8705664E+00
  -0.8303253E+00      0.8613416E+00
  -0.8062579E+00      0.8509076E+00
  -0.7821905E+00      0.8393526E+00
  -0.7581231E+00      0.8266587E+00
  -0.7340557E+00      0.8128318E+00
  -0.7099883E+00      0.7975578E+00
  -0.6859209E+00      0.7777983E+00
  -0.6618535E+00      0.7607897E+00
  -0.6377861E+00      0.7437685E+00
  -0.6137187E+00      0.7285184E+00
  -0.5896513E+00      0.7136623E+00
  -0.5655839E+00      0.6980017E+00
  -0.5415165E+00      0.6807963E+00
  -0.5174491E+00      0.6618717E+00
  -0.4933817E+00      0.6414147E+00
  -0.4693143E+00      0.6197024E+00
  -0.4452469E+00      0.5969220E+00
  -0.4211795E+00      0.5729871E+00
  -0.3971121E+00      0.5462316E+00
  -0.3730447E+00      0.5238487E+00
  -0.3489773E+00      0.5054823E+00
  -0.3249099E+00      0.4872050E+00
  -0.3008425E+00      0.4692613E+00
  -0.2767751E+00      0.4527075E+00
  -0.2527077E+00      0.4353403E+00
  -0.2286403E+00      0.4148530E+00
  -0.2045729E+00      0.3950936E+00
  -0.1805055E+00      0.3750830E+00
  -0.1564381E+00      0.3529153E+00
  -0.1323707E+00      0.3139500E+00
  -0.1083033E+00      0.3268202E+00
  -0.8423590E-01      0.3402565E+00
  -0.6016850E-01      0.3156290E+00
  -0.3610110E-01      0.2985242E+00
  -0.1203370E-01      0.2839574E+00
   0.1203370E-01      0.2708052E+00
   0.3610110E-01      0.2586941E+00
   0.6016850E-01      0.2474587E+00
   0.8423590E-01      0.2370123E+00
   0.1083033E+00      0.2273088E+00
   0.1323707E+00      0.2183331E+00
   0.1564381E+00      0.2101129E+00
   0.1805055E+00      0.2028317E+00
   0.2045729E+00      0.1981897E+00
   0.2286403E+00      0.1975466E+00
   0.2527077E+00      0.1790396E+00
   0.2767751E+00      0.1698036E+00
   0.3008425E+00      0.1627600E+00
   0.3249099E+00      0.1575410E+00
   0.3489773E+00      0.1541320E+00
   0.3730447E+00      0.1508122E+00
   0.3971121E+00      0.1461156E+00
   0.4211795E+00      0.1406562E+00
   0.4452469E+00      0.1352944E+00
   0.4693143E+00      0.1303617E+00
   0.4933817E+00      0.1258423E+00
   0.5174491E+00      0.1226184E+00
   0.5415165E+00      0.1213676E+00
   0.5655839E+00      0.1205796E+00
   0.5896513E+00      0.1200183E+00
   0.6137187E+00      0.1189774E+00
   0.6377861E+00      0.1169517E+00
   0.6618535E+00      0.1142070E+00
   0.6859209E+00      0.1113861E+00
   0.7099883E+00      0.1088695E+00
   0.7340557E+00      0.1067221E+00
   0.7581231E+00      0.1051924E+00
   0.7821905E+00      0.1039885E+00
   0.8062579E+00      0.1026856E+00
   0.8303253E+00      0.1014150E+00
   0.8543927E+00      0.1001771E+00
   0.8784601E+00      0.9897003E-01
   0.9025275E+00      0.9771269E-01
   0.9265949E+00      0.9647488E-01
   0.9506623E+00      0.9517987E-01
   0.9747297E+00      0.9379510E-01
   0.9987971E+00      0.9226677E-01
   0.1022864E+01      0.9050646E-01
   0.1046932E+01      0.8832235E-01
   0.1070999E+01      0.8603056E-01
   0.1095067E+01      0.8114765E-01
   0.1119134E+01      0.7849097E-01
   0.1143201E+01      0.7495886E-01
   0.1167269E+01      0.6887973E-01
   0.1191336E+01      0.6728457E-01
   0.1215404E+01      0.6725256E-01
   0.1239471E+01      0.6993348E-01
   0.1263538E+01      0.7678287E-01
   0.1287606E+01      0.8636434E-01
   0.1311673E+01      0.9482719E-01
   0.1335741E+01      0.1026705E+00
   0.1359808E+01      0.1160185E+00
   0.1383875E+01      0.1236361E+00
   0.1407943E+01      0.1155836E+00
   0.1432010E+01      0.1049652E+00
   0.1456078E+01      0.9731824E-01
   0.1480145E+01      0.9209219E-01
   0.1504212E+01      0.8837103E-01
   0.1528280E+01      0.8560108E-01
   0.1552347E+01      0.8347604E-01
   0.1576415E+01      0.8182546E-01
   0.1600482E+01      0.8053461E-01
   0.1624549E+01      0.7939123E-01
   0.1648617E+01      0.7581803E-01
   0.1672684E+01      0.7654686E-01
   0.1696752E+01      0.7914143E-01
   0.1720819E+01      0.8350855E-01
   0.1744886E+01      0.9163919E-01
   0.1768954E+01      0.1131210E+00
   0.1793021E+01      0.1364178E+00
   0.1817089E+01      0.1276749E+00
   0.1841156E+01      0.1173596E+00
   0.1865223E+01      0.1111665E+00
   0.1889291E+01      0.1062393E+00
   0.1913358E+01      0.1018150E+00
   0.1937426E+01      0.9780818E-01
   0.1961493E+01      0.9426021E-01
   0.1985560E+01      0.9128614E-01
   0.2009628E+01      0.9002368E-01
   0.2033695E+01      0.8863041E-01
   0.2057763E+01      0.8747573E-01
   0.2081830E+01      0.8652187E-01
   0.2105897E+01      0.8559766E-01
   0.2129965E+01      0.8425319E-01
   0.2154032E+01      0.8380815E-01
   0.2178100E+01      0.8743593E-01
   0.2202167E+01      0.9158896E-01
   0.2226234E+01      0.9711330E-01
   0.2250302E+01      0.1053228E+00
   0.2274369E+01      0.1178864E+00
   0.2298437E+01      0.1353750E+00
   0.2322504E+01      0.1541369E+00
   0.2346571E+01      0.1673431E+00
   0.2370639E+01      0.1720829E+00
   0.2394706E+01      0.1712010E+00
   0.2418774E+01      0.1689746E+00
   0.2442841E+01      0.1680536E+00
   0.2466908E+01      0.1688331E+00
   0.2490976E+01      0.1720639E+00
   0.2515043E+01      0.1780799E+00
   0.2539111E+01      0.1874756E+00
   0.2563178E+01      0.2015930E+00
   0.2587245E+01      0.2238776E+00
   0.2611313E+01      0.2663937E+00
   0.2635380E+01      0.4003668E+00
   0.2659448E+01      0.4160087E+00
   0.2683515E+01      0.3896928E+00
   0.2707582E+01      0.5549570E+00
   0.2731650E+01      0.6342571E+00
   0.2755717E+01      0.4522682E+00
   0.2779785E+01      0.4250497E+00
   0.2803852E+01      0.4033264E+00
   0.2827919E+01      0.1933383E+00
   0.2851987E+01      0.1257321E+00
   0.2876054E+01      0.7724041E-01
   0.2900122E+01      0.1235248E+00
   0.2924189E+01      0.1945646E+00
   0.2948256E+01      0.1862592E+00
   0.2972324E+01      0.2199283E+00
   0.2996391E+01      0.2707401E+00
   0.3020459E+01      0.3460418E+00
   0.3044526E+01      0.4520811E+00
   0.3068593E+01      0.6073285E+00
   0.3092661E+01      0.7524503E+00
   0.3116728E+01      0.7988607E+00
   0.3140796E+01      0.8029565E+00
   0.3164863E+01      0.8430337E+00
   0.3188930E+01      0.8686855E+00
   0.3212998E+01      0.8575268E+00
   0.3237065E+01      0.7994050E+00
   0.3261133E+01      0.9473531E+00
   0.3285200E+01      0.9738736E+00
   0.3309267E+01      0.9680414E+00
   0.3333335E+01      0.9570165E+00
   0.3357402E+01      0.9425520E+00
   0.3381470E+01      0.9258401E+00
   0.3405537E+01      0.9151561E+00
   0.3429604E+01      0.8985904E+00
   0.3453672E+01      0.8592279E+00
   0.3477739E+01      0.9228513E+00
   0.3501807E+01      0.9166717E+00
   0.3525874E+01      0.8988127E+00
   0.3549941E+01      0.8571667E+00
   0.3574009E+01      0.8124625E+00
   0.3598076E+01      0.7994200E+00
   0.3622144E+01      0.7822567E+00
   0.3646211E+01      0.7672731E+00
   0.3670278E+01      0.8710097E+00
   0.3694346E+01      0.8457328E+00
   0.3718413E+01      0.8209550E+00
   0.3742481E+01      0.8051042E+00
   0.3766548E+01      0.8107664E+00
   0.3790615E+01      0.7747450E+00
   0.3814683E+01      0.7367360E+00
   0.3838750E+01      0.7008681E+00
   0.3862818E+01      0.6701538E+00
   0.3886885E+01      0.6417318E+00
   0.3910952E+01      0.6175486E+00
   0.3935020E+01      0.6119602E+00
   0.3959087E+01      0.6793634E+00
   0.3983155E+01      0.6148049E+00
   0.4007222E+01      0.5649582E+00
   0.4031289E+01      0.5206196E+00
   0.4055357E+01      0.4721154E+00
   0.4079424E+01      0.4643228E+00
   0.4103492E+01      0.4468951E+00
   0.4127559E+01      0.4276671E+00
   0.4151626E+01      0.4113451E+00
   0.4175694E+01      0.3966762E+00
   0.4199761E+01      0.3830012E+00
   0.4223829E+01      0.3701544E+00
   0.4247896E+01      0.3581875E+00
   0.4271963E+01      0.3469347E+00
   0.4296031E+01      0.3360915E+00
   0.4320098E+01      0.3247013E+00
   0.4344166E+01      0.3469124E+00
   0.4368233E+01      0.3586529E+00
   0.4392300E+01      0.3532542E+00
   0.4416368E+01      0.3451121E+00
   0.4440435E+01      0.3376220E+00
   0.4464503E+01      0.3306345E+00
   0.4488570E+01      0.3207320E+00
   0.4512637E+01      0.3320904E+00
   0.4536705E+01      0.3367411E+00
   0.4560772E+01      0.3412840E+00
   0.4584840E+01      0.3471897E+00
   0.4608907E+01      0.3555581E+00
   0.4632974E+01      0.3692982E+00
   0.4657042E+01      0.4453256E+00
   0.4681109E+01      0.4053409E+00
   0.4705177E+01      0.4209302E+00
   0.4729244E+01      0.5459766E+00
   0.4753311E+01      0.3859099E+00
   0.4777379E+01      0.3761519E+00
   0.4801446E+01      0.3820893E+00
   0.4825514E+01      0.3955843E+00
   0.4849581E+01      0.4141798E+00
   0.4873648E+01      0.4367504E+00
   0.4897716E+01      0.4634954E+00
   0.4921783E+01      0.4859222E+00
   0.4945851E+01      0.5186956E+00
   0.4969918E+01      0.5570867E+00
   0.4993985E+01      0.5972099E+00
   0.5018053E+01      0.6313100E+00
   0.5042120E+01      0.6475688E+00
   0.5066188E+01      0.6844715E+00
   0.5090255E+01      0.7141857E+00
   0.5114322E+01      0.7341501E+00
   0.5138390E+01      0.7345260E+00
   0.5162457E+01      0.7099641E+00
   0.5186525E+01      0.8631356E+00
   0.5210592E+01      0.8619091E+00
   0.5234659E+01      0.8661833E+00
   0.5258727E+01      0.8701435E+00
   0.5282794E+01      0.8727081E+00
   0.5306862E+01      0.8735472E+00
   0.5330929E+01      0.8724914E+00
   0.5354996E+01      0.8693802E+00
   0.5379064E+01      0.8640211E+00
   0.5403131E+01      0.8562002E+00
   0.5427199E+01      0.8457215E+00
   0.5451266E+01      0.8324622E+00
   0.5475333E+01      0.8164260E+00
   0.5499401E+01      0.7977801E+00
   0.5523468E+01      0.7768857E+00
   0.5547536E+01      0.7543236E+00
   0.5571603E+01      0.7310498E+00
   0.5595670E+01      0.7094531E+00
   0.5619738E+01      0.6797934E+00
   0.5643805E+01      0.6379568E+00
   0.5667873E+01      0.6103162E+00
   0.5691940E+01      0.5848617E+00
   0.5716007E+01      0.5613375E+00
   0.5740075E+01      0.5398686E+00
   0.5764142E+01      0.5205948E+00
   0.5788210E+01      0.5035582E+00
   0.5812277E+01      0.4883913E+00
   0.5836344E+01      0.4716992E+00
   0.5860412E+01      0.4163355E+00
   0.5884479E+01      0.3960144E+00
   0.5908547E+01      0.3687201E+00
   0.5932614E+01      0.5919253E+00
   0.5956681E+01      0.4863678E+00
   0.5980749E+01      0.4944663E+00
   0.6004816E+01      0.3914602E+00
   0.6028884E+01      0.3718899E+00
   0.6052951E+01      0.3613409E+00
   0.6077018E+01      0.3553038E+00
   0.6101086E+01      0.3517572E+00
   0.6125153E+01      0.3501284E+00
   0.6149221E+01      0.3503381E+00
   0.6173288E+01      0.3519071E+00
   0.6197355E+01      0.3641976E+00
   0.6221423E+01      0.5557921E+00
   0.6245490E+01      0.4677125E+00
   0.6269558E+01      0.4639366E+00
   0.6293625E+01      0.4662098E+00
   0.6317692E+01      0.4738236E+00
   0.6341760E+01      0.4846055E+00
   0.6365827E+01      0.4970949E+00
   0.6389895E+01      0.5238997E+00
   0.6413962E+01      0.5465871E+00
   0.6438029E+01      0.5672859E+00
   0.6462097E+01      0.5839406E+00
   0.6486164E+01      0.5652402E+00
   0.6510232E+01      0.5755312E+00
   0.6534299E+01      0.5938068E+00
   0.6558366E+01      0.6157493E+00
   0.6582434E+01      0.6405504E+00
   0.6606501E+01      0.6677025E+00
   0.6630569E+01      0.6964863E+00
   0.6654636E+01      0.7255270E+00
   0.6678703E+01      0.7496929E+00
   0.6702771E+01      0.7727763E+00
   0.6726838E+01      0.8078291E+00
   0.6750906E+01      0.8427429E+00
   0.6774973E+01      0.8764753E+00
   0.6799040E+01      0.9072326E+00
   0.6823108E+01      0.9336141E+00
   0.6847175E+01      0.9495700E+00
   0.6871243E+01      0.9506322E+00
   0.6895310E+01      0.9764717E+00
   0.6919377E+01      0.9975256E+00
   0.6943445E+01      0.1010610E+01
   0.6967512E+01      0.1013592E+01
   0.6991580E+01      0.1005149E+01
   0.7015647E+01      0.9848563E+00
   0.7039714E+01      0.9534253E+00
   0.7063782E+01      0.9126728E+00
   0.7087849E+01      0.8647761E+00
   0.7111917E+01      0.8125439E+00
   0.7135984E+01      0.7585397E+00
   0.7160051E+01      0.7049642E+00
   0.7184119E+01      0.6535078E+00
   0.7208186E+01      0.6053388E+00
   0.7232254E+01      0.5611739E+00
   0.7256321E+01      0.5213841E+00
   0.7280388E+01      0.4861179E+00
   0.7304456E+01      0.4554950E+00
   0.7328523E+01      0.4302285E+00
   0.7352591E+01      0.4016765E+00
   0.7376658E+01      0.3689923E+00
   0.7400725E+01      0.3415569E+00
   0.7424793E+01      0.3181407E+00
   0.7448860E+01      0.2983990E+00
   0.7472928E+01      0.2822875E+00
   0.7496995E+01      0.2700509E+00
   0.7521062E+01      0.2623938E+00
   0.7545130E+01      0.2609834E+00
   0.7569197E+01      0.2701090E+00
   0.7593265E+01      0.3041763E+00
   0.7617332E+01      0.4267830E+00
   0.7641399E+01      0.5012226E+00
   0.7665467E+01      0.4227548E+00
   0.7689534E+01      0.4317184E+00
   0.7713602E+01      0.4230421E+00
   0.7737669E+01      0.3801624E+00
   0.7761736E+01      0.3311675E+00
   0.7785804E+01      0.2945205E+00
   0.7809871E+01      0.2722420E+00
   0.7833939E+01      0.2613584E+00
   0.7858006E+01      0.2589721E+00
   0.7882073E+01      0.2634999E+00
   0.7906141E+01      0.2732568E+00
   0.7930208E+01      0.2880217E+00
   0.7954276E+01      0.3078341E+00
   0.7978343E+01      0.3338227E+00
   0.8002410E+01      0.3691050E+00
   0.8026478E+01      0.4207418E+00
   0.8050545E+01      0.4989059E+00
   0.8074613E+01      0.5880513E+00
   0.8098680E+01      0.6073700E+00
   0.8122747E+01      0.5525520E+00
   0.8146815E+01      0.4930209E+00
   0.8170882E+01      0.4465448E+00
   0.8194950E+01      0.4082134E+00
   0.8219017E+01      0.3518080E+00
   0.8243084E+01      0.3116229E+00
   0.8267152E+01      0.2824992E+00
   0.8291219E+01      0.2611231E+00
   0.8315287E+01      0.2454265E+00
   0.8339354E+01      0.2339544E+00
   0.8363421E+01      0.2266783E+00
   0.8387489E+01      0.2211245E+00
   0.8411556E+01      0.2175746E+00
   0.8435624E+01      0.2155170E+00
   0.8459691E+01      0.2147847E+00
   0.8483758E+01      0.2156081E+00
   0.8507826E+01      0.1980970E+00
   0.8531893E+01      0.2147634E+00
   0.8555961E+01      0.2181435E+00
   0.8580028E+01      0.2217994E+00
   0.8604095E+01      0.2262361E+00
   0.8628163E+01      0.2316542E+00
   0.8652230E+01      0.2382624E+00
   0.8676298E+01      0.2463850E+00
   0.8700365E+01      0.2599110E+00
   0.8724432E+01      0.2745456E+00
   0.8748500E+01      0.2912434E+00
   0.8772567E+01      0.3220408E+00
   0.8796635E+01      0.3455786E+00
   0.8820702E+01      0.3678843E+00
   0.8844769E+01      0.3903828E+00
   0.8868837E+01      0.4135496E+00
   0.8892904E+01      0.4376201E+00
   0.8916972E+01      0.4627186E+00
   0.8941039E+01      0.4888945E+00
   0.8965106E+01      0.5174602E+00
   0.8989174E+01      0.5463468E+00
   0.9013241E+01      0.5726160E+00
   0.9037309E+01      0.5855150E+00
   0.9061376E+01      0.6142903E+00
   0.9085443E+01      0.6414302E+00
   0.9109511E+01      0.6717024E+00
   0.9133578E+01      0.7050808E+00
   0.9157646E+01      0.7403908E+00
   0.9181713E+01      0.7774946E+00
   0.9205780E+01      0.8165706E+00
   0.9229848E+01      0.8583907E+00
   0.9253915E+01      0.9042962E+00
   0.9277983E+01      0.9594907E+00
   0.9302050E+01      0.1032509E+01
   0.9326117E+01      0.1121682E+01
   0.9350185E+01      0.1195143E+01
   0.9374252E+01      0.1267380E+01
   0.9398320E+01      0.1286145E+01
   0.9422387E+01      0.1191373E+01
   0.9446454E+01      0.1107346E+01
   0.9470522E+01      0.1080741E+01
   0.9494589E+01      0.1087300E+01
   0.9518657E+01      0.1117776E+01
   0.9542724E+01      0.1154262E+01
   0.9566791E+01      0.1232481E+01
   0.9590859E+01      0.1303130E+01
   0.9614926E+01      0.1369395E+01
   0.9638994E+01      0.1432549E+01
   0.9663061E+01      0.1489402E+01
   0.9687128E+01      0.1535060E+01
   0.9711196E+01      0.1563839E+01
   0.9735263E+01      0.1575098E+01
   0.9759331E+01      0.1572610E+01
   0.9783398E+01      0.1562955E+01
   0.9807465E+01      0.1552090E+01
   0.9831533E+01      0.1544148E+01
   0.9855600E+01      0.1546911E+01
   0.9879668E+01      0.1557852E+01
   0.9903735E+01      0.1548896E+01
   0.9927802E+01      0.1511000E+01
   0.9951870E+01      0.1482268E+01
   0.9975937E+01      0.1476912E+01
   0.1000000E+02      0.1494867E+01
 &
 @autoscale
 @target G1.S0
