 @target G2.S0
 @type xy
  -0.1000000E+02     -0.2881760E-14
  -0.9975937E+01     -0.3300530E-13
  -0.9951870E+01     -0.2223289E-13
  -0.9927802E+01     -0.1459846E-13
  -0.9903735E+01     -0.1150468E-13
  -0.9879668E+01     -0.2035624E-14
  -0.9855600E+01      0.4619729E-14
  -0.9831533E+01     -0.1482577E-13
  -0.9807465E+01     -0.3048870E-13
  -0.9783398E+01      0.1077477E-13
  -0.9759331E+01     -0.3675984E-13
  -0.9735263E+01     -0.2251288E-14
  -0.9711196E+01     -0.1494988E-13
  -0.9687128E+01      0.1546942E-13
  -0.9663061E+01      0.9470024E-14
  -0.9638994E+01     -0.1272260E-13
  -0.9614926E+01      0.1236474E-13
  -0.9590859E+01     -0.9496172E-14
  -0.9566791E+01      0.7755642E-14
  -0.9542724E+01      0.1167401E-13
  -0.9518657E+01     -0.1153968E-13
  -0.9494589E+01      0.2514141E-13
  -0.9470522E+01     -0.3952508E-14
  -0.9446454E+01     -0.2251273E-13
  -0.9422387E+01     -0.3950089E-14
  -0.9398320E+01     -0.1522898E-13
  -0.9374252E+01     -0.1817205E-13
  -0.9350185E+01      0.2632321E-13
  -0.9326117E+01      0.4311392E-14
  -0.9302050E+01      0.1964306E-13
  -0.9277983E+01      0.1263105E-13
  -0.9253915E+01      0.3057520E-14
  -0.9229848E+01     -0.5532430E-13
  -0.9205780E+01     -0.3830333E-13
  -0.9181713E+01     -0.2185663E-14
  -0.9157646E+01      0.5440098E-13
  -0.9133578E+01      0.6387769E-01
  -0.9109511E+01      0.1466160E+00
  -0.9085443E+01      0.2475795E+00
  -0.9061376E+01      0.2581161E+00
  -0.9037309E+01      0.2411266E+00
  -0.9013241E+01      0.2113582E+00
  -0.8989174E+01      0.1757839E+00
  -0.8965106E+01      0.1375318E+00
  -0.8941039E+01      0.5506561E-01
  -0.8916972E+01      0.1424820E-01
  -0.8892904E+01      0.1791649E-01
  -0.8868837E+01      0.5269856E-01
  -0.8844769E+01      0.6316115E-01
  -0.8820702E+01      0.7097791E-01
  -0.8796635E+01      0.7812930E-01
  -0.8772567E+01      0.8092760E-01
  -0.8748500E+01      0.6627582E-01
  -0.8724432E+01      0.5952593E-01
  -0.8700365E+01      0.5454284E-01
  -0.8676298E+01      0.5666437E-01
  -0.8652230E+01      0.6213961E-01
  -0.8628163E+01      0.6806470E-01
  -0.8604095E+01      0.7347798E-01
  -0.8580028E+01      0.7799686E-01
  -0.8555961E+01      0.8143873E-01
  -0.8531893E+01      0.8372597E-01
  -0.8507826E+01      0.8459869E-01
  -0.8483758E+01      0.8454424E-01
  -0.8459691E+01      0.1248987E+00
  -0.8435624E+01      0.1213319E+00
  -0.8411556E+01      0.1163011E+00
  -0.8387489E+01      0.1100056E+00
  -0.8363421E+01      0.1060764E+00
  -0.8339354E+01      0.6295608E-01
  -0.8315287E+01      0.5720247E-01
  -0.8291219E+01      0.5131070E-01
  -0.8267152E+01      0.4541499E-01
  -0.8243084E+01      0.3978853E-01
  -0.8219017E+01      0.8948621E-01
  -0.8194950E+01      0.1507765E+00
  -0.8170882E+01      0.1479095E+00
  -0.8146815E+01      0.1289816E+00
  -0.8122747E+01      0.1058318E+00
  -0.8098680E+01      0.8371854E-01
  -0.8074613E+01      0.6519819E-01
  -0.8050545E+01      0.5141198E-01
  -0.8026478E+01      0.4267337E-01
  -0.8002410E+01      0.3879826E-01
  -0.7978343E+01      0.1552635E+00
  -0.7954276E+01      0.1904914E+00
  -0.7930208E+01      0.1801711E+00
  -0.7906141E+01      0.1598333E+00
  -0.7882073E+01      0.1404659E+00
  -0.7858006E+01      0.1261242E+00
  -0.7833939E+01      0.1177748E+00
  -0.7809871E+01      0.1147919E+00
  -0.7785804E+01      0.1157072E+00
  -0.7761736E+01      0.1186582E+00
  -0.7737669E+01      0.1217211E+00
  -0.7713602E+01      0.1232352E+00
  -0.7689534E+01      0.1221778E+00
  -0.7665467E+01      0.1185586E+00
  -0.7641399E+01      0.1136391E+00
  -0.7617332E+01      0.1096416E+00
  -0.7593265E+01      0.1088411E+00
  -0.7569197E+01      0.1123220E+00
  -0.7545130E+01      0.1193955E+00
  -0.7521062E+01      0.1279624E+00
  -0.7496995E+01      0.1355291E+00
  -0.7472928E+01      0.1401716E+00
  -0.7448860E+01      0.1408327E+00
  -0.7424793E+01      0.1373258E+00
  -0.7400725E+01      0.1300635E+00
  -0.7376658E+01      0.1198422E+00
  -0.7352591E+01      0.1079294E+00
  -0.7328523E+01      0.1676583E+00
  -0.7304456E+01      0.2131434E+00
  -0.7280388E+01      0.1911623E+00
  -0.7256321E+01      0.1543581E+00
  -0.7232254E+01      0.1168028E+00
  -0.7208186E+01      0.8453025E-01
  -0.7184119E+01      0.6016345E-01
  -0.7160051E+01      0.4454608E-01
  -0.7135984E+01      0.1389864E+00
  -0.7111917E+01      0.3160548E+00
  -0.7087849E+01      0.2978065E+00
  -0.7063782E+01      0.2419121E+00
  -0.7039714E+01      0.1847148E+00
  -0.7015647E+01      0.1476047E+00
  -0.6991580E+01      0.1424088E+00
  -0.6967512E+01      0.1681334E+00
  -0.6943445E+01      0.2104029E+00
  -0.6919377E+01      0.8356289E+00
  -0.6895310E+01      0.1344081E+01
  -0.6871243E+01      0.2016380E+01
  -0.6847175E+01      0.1586393E+01
  -0.6823108E+01      0.9857934E+00
  -0.6799040E+01      0.4598731E+00
  -0.6774973E+01      0.8051647E+00
  -0.6750906E+01      0.6598399E+00
  -0.6726838E+01      0.5230003E+00
  -0.6702771E+01      0.7636838E+00
  -0.6678703E+01      0.9806877E+00
  -0.6654636E+01      0.8183122E+00
  -0.6630569E+01      0.7020839E+00
  -0.6606501E+01      0.7892375E+00
  -0.6582434E+01      0.8476570E+00
  -0.6558366E+01      0.9160713E+00
  -0.6534299E+01      0.1159234E+01
  -0.6510232E+01      0.1928400E+01
  -0.6486164E+01      0.1322093E+01
  -0.6462097E+01      0.8911158E+00
  -0.6438029E+01      0.8261940E+00
  -0.6413962E+01      0.9598726E+00
  -0.6389895E+01      0.9063453E+00
  -0.6365827E+01      0.1257067E+01
  -0.6341760E+01      0.1252205E+01
  -0.6317692E+01      0.1477122E+01
  -0.6293625E+01      0.1021765E+01
  -0.6269558E+01      0.1241008E+01
  -0.6245490E+01      0.9451628E+00
  -0.6221423E+01      0.1317512E+01
  -0.6197355E+01      0.1160753E+01
  -0.6173288E+01      0.1005440E+01
  -0.6149221E+01      0.9824224E+00
  -0.6125153E+01      0.9583367E+00
  -0.6101086E+01      0.8924276E+00
  -0.6077018E+01      0.8938899E+00
  -0.6052951E+01      0.1094166E+01
  -0.6028884E+01      0.1090204E+01
  -0.6004816E+01      0.1052418E+01
  -0.5980749E+01      0.1020319E+01
  -0.5956681E+01      0.3365518E+01
  -0.5932614E+01      0.2683107E+01
  -0.5908547E+01      0.1235794E+01
  -0.5884479E+01      0.1175623E+01
  -0.5860412E+01      0.9387313E+00
  -0.5836344E+01      0.8323883E+00
  -0.5812277E+01      0.1087824E+01
  -0.5788210E+01      0.8936399E+00
  -0.5764142E+01      0.9585046E+00
  -0.5740075E+01      0.1012151E+01
  -0.5716007E+01      0.1045025E+01
  -0.5691940E+01      0.1021882E+01
  -0.5667873E+01      0.1789491E+01
  -0.5643805E+01      0.1712366E+01
  -0.5619738E+01      0.1417325E+01
  -0.5595670E+01      0.1111678E+01
  -0.5571603E+01      0.1633912E+01
  -0.5547536E+01      0.1558434E+01
  -0.5523468E+01      0.1500160E+01
  -0.5499401E+01      0.1435060E+01
  -0.5475333E+01      0.1228930E+01
  -0.5451266E+01      0.1038443E+01
  -0.5427199E+01      0.8942592E+00
  -0.5403131E+01      0.8394971E+00
  -0.5379064E+01      0.2054921E+01
  -0.5354996E+01      0.2059218E+01
  -0.5330929E+01      0.1397600E+01
  -0.5306862E+01      0.1663932E+01
  -0.5282794E+01      0.1323798E+01
  -0.5258727E+01      0.1221896E+01
  -0.5234659E+01      0.1211107E+01
  -0.5210592E+01      0.1151543E+01
  -0.5186525E+01      0.1052908E+01
  -0.5162457E+01      0.9343357E+00
  -0.5138390E+01      0.1116213E+01
  -0.5114322E+01      0.1247416E+01
  -0.5090255E+01      0.2305741E+01
  -0.5066188E+01      0.8865956E+00
  -0.5042120E+01      0.1329640E+01
  -0.5018053E+01      0.2281055E+01
  -0.4993985E+01      0.2465517E+01
  -0.4969918E+01      0.2692781E+01
  -0.4945851E+01      0.1481414E+01
  -0.4921783E+01      0.1875849E+01
  -0.4897716E+01      0.1554861E+01
  -0.4873648E+01      0.1640338E+01
  -0.4849581E+01      0.1464949E+01
  -0.4825514E+01      0.1415518E+01
  -0.4801446E+01      0.1283089E+01
  -0.4777379E+01      0.1286180E+01
  -0.4753311E+01      0.1410576E+01
  -0.4729244E+01      0.1329081E+01
  -0.4705177E+01      0.3159644E+01
  -0.4681109E+01      0.2113209E+01
  -0.4657042E+01      0.2019020E+01
  -0.4632974E+01      0.2216966E+01
  -0.4608907E+01      0.3203933E+01
  -0.4584840E+01      0.1945394E+01
  -0.4560772E+01      0.2070544E+01
  -0.4536705E+01      0.1429622E+01
  -0.4512637E+01      0.1583862E+01
  -0.4488570E+01      0.1644663E+01
  -0.4464503E+01      0.1597174E+01
  -0.4440435E+01      0.1775715E+01
  -0.4416368E+01      0.2153512E+01
  -0.4392300E+01      0.1410459E+01
  -0.4368233E+01      0.1535939E+01
  -0.4344166E+01      0.1484079E+01
  -0.4320098E+01      0.2784605E+01
  -0.4296031E+01      0.2070356E+01
  -0.4271963E+01      0.2280316E+01
  -0.4247896E+01      0.1854113E+01
  -0.4223829E+01      0.1760889E+01
  -0.4199761E+01      0.1731656E+01
  -0.4175694E+01      0.3227823E+01
  -0.4151626E+01      0.2833438E+01
  -0.4127559E+01      0.2042941E+01
  -0.4103492E+01      0.2031239E+01
  -0.4079424E+01      0.2161909E+01
  -0.4055357E+01      0.2197248E+01
  -0.4031289E+01      0.1268601E+01
  -0.4007222E+01      0.1322489E+01
  -0.3983155E+01      0.1295705E+01
  -0.3959087E+01      0.1346215E+01
  -0.3935020E+01      0.1205487E+01
  -0.3910952E+01      0.1209681E+01
  -0.3886885E+01      0.1529343E+01
  -0.3862818E+01      0.1634428E+01
  -0.3838750E+01      0.1994194E+01
  -0.3814683E+01      0.2174808E+01
  -0.3790615E+01      0.2046775E+01
  -0.3766548E+01      0.1914909E+01
  -0.3742481E+01      0.1506549E+01
  -0.3718413E+01      0.1099829E+01
  -0.3694346E+01      0.1041416E+01
  -0.3670278E+01      0.9692353E+00
  -0.3646211E+01      0.9175164E+00
  -0.3622144E+01      0.1016042E+01
  -0.3598076E+01      0.1279665E+01
  -0.3574009E+01      0.1479629E+01
  -0.3549941E+01      0.1691597E+01
  -0.3525874E+01      0.1668974E+01
  -0.3501807E+01      0.1559975E+01
  -0.3477739E+01      0.1727994E+01
  -0.3453672E+01      0.2011845E+01
  -0.3429604E+01      0.1554155E+01
  -0.3405537E+01      0.1297052E+01
  -0.3381470E+01      0.1117829E+01
  -0.3357402E+01      0.1179828E+01
  -0.3333335E+01      0.1236143E+01
  -0.3309267E+01      0.1277601E+01
  -0.3285200E+01      0.1549987E+01
  -0.3261133E+01      0.1587334E+01
  -0.3237065E+01      0.1805004E+01
  -0.3212998E+01      0.2081514E+01
  -0.3188930E+01      0.2423452E+01
  -0.3164863E+01      0.2377899E+01
  -0.3140796E+01      0.2005470E+01
  -0.3116728E+01      0.1506119E+01
  -0.3092661E+01      0.3576103E+01
  -0.3068593E+01      0.2071767E+01
  -0.3044526E+01      0.2089857E+01
  -0.3020459E+01      0.1654612E+01
  -0.2996391E+01      0.1843579E+01
  -0.2972324E+01      0.1947555E+01
  -0.2948256E+01      0.1953221E+01
  -0.2924189E+01      0.1498347E+01
  -0.2900122E+01      0.1446469E+01
  -0.2876054E+01      0.1428683E+01
  -0.2851987E+01      0.1432799E+01
  -0.2827919E+01      0.1412668E+01
  -0.2803852E+01      0.1468385E+01
  -0.2779785E+01      0.1415894E+01
  -0.2755717E+01      0.1441222E+01
  -0.2731650E+01      0.2074792E+01
  -0.2707582E+01      0.1985367E+01
  -0.2683515E+01      0.1598737E+01
  -0.2659448E+01      0.2028194E+01
  -0.2635380E+01      0.1262704E+01
  -0.2611313E+01      0.1033622E+01
  -0.2587245E+01      0.8685875E+00
  -0.2563178E+01      0.9018343E+00
  -0.2539111E+01      0.1152562E+01
  -0.2515043E+01      0.2182744E+01
  -0.2490976E+01      0.2149834E+01
  -0.2466908E+01      0.1813702E+01
  -0.2442841E+01      0.1627830E+01
  -0.2418774E+01      0.1489532E+01
  -0.2394706E+01      0.1589320E+01
  -0.2370639E+01      0.1444521E+01
  -0.2346571E+01      0.1705857E+01
  -0.2322504E+01      0.2046258E+01
  -0.2298437E+01      0.2381103E+01
  -0.2274369E+01      0.2136651E+01
  -0.2250302E+01      0.1931551E+01
  -0.2226234E+01      0.1891687E+01
  -0.2202167E+01      0.2101097E+01
  -0.2178100E+01      0.1799679E+01
  -0.2154032E+01      0.1869525E+01
  -0.2129965E+01      0.1834874E+01
  -0.2105897E+01      0.1939415E+01
  -0.2081830E+01      0.1466846E+01
  -0.2057763E+01      0.1404289E+01
  -0.2033695E+01      0.1452551E+01
  -0.2009628E+01      0.1711815E+01
  -0.1985560E+01      0.1597299E+01
  -0.1961493E+01      0.1701184E+01
  -0.1937426E+01      0.2091241E+01
  -0.1913358E+01      0.2959695E+01
  -0.1889291E+01      0.2634166E+01
  -0.1865223E+01      0.2192855E+01
  -0.1841156E+01      0.1981130E+01
  -0.1817089E+01      0.1477557E+01
  -0.1793021E+01      0.1399258E+01
  -0.1768954E+01      0.2395770E+01
  -0.1744886E+01      0.1331297E+01
  -0.1720819E+01      0.1251117E+01
  -0.1696752E+01      0.6250144E+00
  -0.1672684E+01      0.5266290E+00
  -0.1648617E+01      0.5168253E+00
  -0.1624549E+01      0.6018055E+00
  -0.1600482E+01      0.8103905E+00
  -0.1576415E+01      0.1221765E+01
  -0.1552347E+01      0.2987025E+00
  -0.1528280E+01      0.3003437E+00
  -0.1504212E+01      0.3257183E+00
  -0.1480145E+01      0.3633639E+00
  -0.1456078E+01      0.5291428E+00
  -0.1432010E+01      0.5670556E+00
  -0.1407943E+01      0.3520080E+00
  -0.1383875E+01      0.3022125E+00
  -0.1359808E+01      0.2456136E+00
  -0.1335741E+01      0.2207367E+00
  -0.1311673E+01      0.2077942E+00
  -0.1287606E+01      0.2002567E+00
  -0.1263538E+01      0.1956681E+00
  -0.1239471E+01      0.1928550E+00
  -0.1215404E+01      0.1912818E+00
  -0.1191336E+01      0.2002153E+00
  -0.1167269E+01      0.2176554E+00
  -0.1143201E+01      0.4848981E+00
  -0.1119134E+01      0.5836525E+00
  -0.1095067E+01      0.6271849E+00
  -0.1070999E+01      0.6755408E+00
  -0.1046932E+01      0.5460548E+00
  -0.1022864E+01      0.2376523E+00
  -0.9987971E+00      0.2387000E+00
  -0.9747297E+00      0.2366015E+00
  -0.9506623E+00      0.2356248E+00
  -0.9265949E+00      0.2366883E+00
  -0.9025275E+00      0.2384793E+00
  -0.8784601E+00      0.2395500E+00
  -0.8543927E+00      0.2394866E+00
  -0.8303253E+00      0.2394138E+00
  -0.8062579E+00      0.2425558E+00
  -0.7821905E+00      0.2550962E+00
  -0.7581231E+00      0.4178026E+00
  -0.7340557E+00      0.5064554E+00
  -0.7099883E+00      0.6267503E+00
  -0.6859209E+00      0.3432772E+00
  -0.6618535E+00      0.2892755E+00
  -0.6377861E+00      0.2733514E+00
  -0.6137187E+00      0.2852953E+00
  -0.5896513E+00      0.2851551E+00
  -0.5655839E+00      0.2789896E+00
  -0.5415165E+00      0.2698893E+00
  -0.5174491E+00      0.2601172E+00
  -0.4933817E+00      0.2518689E+00
  -0.4693143E+00      0.2476911E+00
  -0.4452469E+00      0.2504573E+00
  -0.4211795E+00      0.2630511E+00
  -0.3971121E+00      0.2874347E+00
  -0.3730447E+00      0.3346837E+00
  -0.3489773E+00      0.3672722E+00
  -0.3249099E+00      0.3609373E+00
  -0.3008425E+00      0.3210374E+00
  -0.2767751E+00      0.1566440E+01
  -0.2527077E+00      0.2045350E+00
  -0.2286403E+00      0.2043888E+00
  -0.2045729E+00      0.2049115E+00
  -0.1805055E+00      0.2056055E+00
  -0.1564381E+00      0.2064109E+00
  -0.1323707E+00      0.2076639E+00
  -0.1083033E+00      0.3887425E+00
  -0.8423590E-01      0.4746054E+00
  -0.6016850E-01      0.4097282E+00
  -0.3610110E-01      0.3343267E+00
  -0.1203370E-01      0.2766495E+00
   0.1203370E-01      0.2413475E+00
   0.3610110E-01      0.2255946E+00
   0.6016850E-01      0.2244414E+00
   0.8423590E-01      0.2329779E+00
   0.1083033E+00      0.2472296E+00
   0.1323707E+00      0.2644776E+00
   0.1564381E+00      0.2831689E+00
   0.1805055E+00      0.2987950E+00
   0.2045729E+00      0.6301024E+00
   0.2286403E+00      0.4741376E+00
   0.2527077E+00      0.2439165E+00
   0.2767751E+00      0.2353340E+00
   0.3008425E+00      0.2255223E+00
   0.3249099E+00      0.2151409E+00
   0.3489773E+00      0.2057115E+00
   0.3730447E+00      0.1981244E+00
   0.3971121E+00      0.1917741E+00
   0.4211795E+00      0.1860452E+00
   0.4452469E+00      0.1810158E+00
   0.4693143E+00      0.1769669E+00
   0.4933817E+00      0.1741710E+00
   0.5174491E+00      0.1992925E+00
   0.5415165E+00      0.2138850E+00
   0.5655839E+00      0.2193768E+00
   0.5896513E+00      0.2214401E+00
   0.6137187E+00      0.2220446E+00
   0.6377861E+00      0.2223297E+00
   0.6618535E+00      0.2228343E+00
   0.6859209E+00      0.2235612E+00
   0.7099883E+00      0.2243042E+00
   0.7340557E+00      0.2249361E+00
   0.7581231E+00      0.3192826E+00
   0.7821905E+00      0.6422696E+00
   0.8062579E+00      0.6066167E+00
   0.8303253E+00      0.5385511E+00
   0.8543927E+00      0.4750634E+00
   0.8784601E+00      0.3632703E+00
   0.9025275E+00      0.2648828E+00
   0.9265949E+00      0.2633807E+00
   0.9506623E+00      0.2734655E+00
   0.9747297E+00      0.2914062E+00
   0.9987971E+00      0.3130407E+00
   0.1022864E+01      0.3340105E+00
   0.1046932E+01      0.3497503E+00
   0.1070999E+01      0.3669605E+00
   0.1095067E+01      0.3601601E+00
   0.1119134E+01      0.3475306E+00
   0.1143201E+01      0.2957766E+00
   0.1167269E+01      0.2381433E+00
   0.1191336E+01      0.2392415E+00
   0.1215404E+01      0.2392756E+00
   0.1239471E+01      0.2392719E+00
   0.1263538E+01      0.3645184E+00
   0.1287606E+01      0.3993324E+00
   0.1311673E+01      0.3856766E+00
   0.1335741E+01      0.3564058E+00
   0.1359808E+01      0.3238756E+00
   0.1383875E+01      0.2927147E+00
   0.1407943E+01      0.2666100E+00
   0.1432010E+01      0.2475234E+00
   0.1456078E+01      0.2343286E+00
   0.1480145E+01      0.2256998E+00
   0.1504212E+01      0.2204405E+00
   0.1528280E+01      0.2173162E+00
   0.1552347E+01      0.2150043E+00
   0.1576415E+01      0.2120276E+00
   0.1600482E+01      0.2065063E+00
   0.1624549E+01      0.1949987E+00
   0.1648617E+01      0.1601045E+00
   0.1672684E+01      0.1550862E+00
   0.1696752E+01      0.1519195E+00
   0.1720819E+01      0.1506056E+00
   0.1744886E+01      0.1530125E+00
   0.1768954E+01      0.1637908E+00
   0.1793021E+01      0.1775543E+00
   0.1817089E+01      0.1592452E+00
   0.1841156E+01      0.1404826E+00
   0.1865223E+01      0.1319719E+00
   0.1889291E+01      0.1278918E+00
   0.1913358E+01      0.1258504E+00
   0.1937426E+01      0.1250047E+00
   0.1961493E+01      0.1250286E+00
   0.1985560E+01      0.1316642E+00
   0.2009628E+01      0.1566015E+00
   0.2033695E+01      0.1659552E+00
   0.2057763E+01      0.1716063E+00
   0.2081830E+01      0.1753954E+00
   0.2105897E+01      0.1781299E+00
   0.2129965E+01      0.1803570E+00
   0.2154032E+01      0.1817574E+00
   0.2178100E+01      0.2448782E+00
   0.2202167E+01      0.2651648E+00
   0.2226234E+01      0.2697690E+00
   0.2250302E+01      0.2672484E+00
   0.2274369E+01      0.2607022E+00
   0.2298437E+01      0.2514739E+00
   0.2322504E+01      0.3676909E+00
   0.2346571E+01      0.3486714E+00
   0.2370639E+01      0.3300739E+00
   0.2394706E+01      0.3136852E+00
   0.2418774E+01      0.2591190E+00
   0.2442841E+01      0.2324226E+00
   0.2466908E+01      0.2338125E+00
   0.2490976E+01      0.2298114E+00
   0.2515043E+01      0.2239325E+00
   0.2539111E+01      0.2176022E+00
   0.2563178E+01      0.2115236E+00
   0.2587245E+01      0.2060405E+00
   0.2611313E+01      0.2012270E+00
   0.2635380E+01      0.1963537E+00
   0.2659448E+01      0.1935081E+00
   0.2683515E+01      0.1943553E+00
   0.2707582E+01      0.2039693E+00
   0.2731650E+01      0.2296646E+00
   0.2755717E+01      0.2145362E+00
   0.2779785E+01      0.2017034E+00
   0.2803852E+01      0.2037586E+00
   0.2827919E+01      0.1975156E+00
   0.2851987E+01      0.1992800E+00
   0.2876054E+01      0.2144259E+00
   0.2900122E+01      0.2240208E+00
   0.2924189E+01      0.2179056E+00
   0.2948256E+01      0.2131155E+00
   0.2972324E+01      0.1994176E+00
   0.2996391E+01      0.1997426E+00
   0.3020459E+01      0.2060370E+00
   0.3044526E+01      0.2131949E+00
   0.3068593E+01      0.2174626E+00
   0.3092661E+01      0.2151679E+00
   0.3116728E+01      0.2080986E+00
   0.3140796E+01      0.2062158E+00
   0.3164863E+01      0.2320913E+00
   0.3188930E+01      0.2460080E+00
   0.3212998E+01      0.2577796E+00
   0.3237065E+01      0.3236033E+00
   0.3261133E+01      0.3746430E+00
   0.3285200E+01      0.3614787E+00
   0.3309267E+01      0.3591059E+00
   0.3333335E+01      0.3526321E+00
   0.3357402E+01      0.3442116E+00
   0.3381470E+01      0.3358191E+00
   0.3405537E+01      0.3382310E+00
   0.3429604E+01      0.3328073E+00
   0.3453672E+01      0.3241349E+00
   0.3477739E+01      0.3197690E+00
   0.3501807E+01      0.3170834E+00
   0.3525874E+01      0.3145941E+00
   0.3549941E+01      0.3286201E+00
   0.3574009E+01      0.3580376E+00
   0.3598076E+01      0.3657184E+00
   0.3622144E+01      0.3746876E+00
   0.3646211E+01      0.3918547E+00
   0.3670278E+01      0.3636065E+00
   0.3694346E+01      0.3507654E+00
   0.3718413E+01      0.3454479E+00
   0.3742481E+01      0.3408019E+00
   0.3766548E+01      0.3064842E+00
   0.3790615E+01      0.2991608E+00
   0.3814683E+01      0.2959185E+00
   0.3838750E+01      0.3820273E+00
   0.3862818E+01      0.6095740E+00
   0.3886885E+01      0.6044993E+00
   0.3910952E+01      0.5888504E+00
   0.3935020E+01      0.5832134E+00
   0.3959087E+01      0.3633873E+00
   0.3983155E+01      0.2610203E+00
   0.4007222E+01      0.2541193E+00
   0.4031289E+01      0.2507022E+00
   0.4055357E+01      0.2555783E+00
   0.4079424E+01      0.2916497E+00
   0.4103492E+01      0.2869522E+00
   0.4127559E+01      0.2821942E+00
   0.4151626E+01      0.3252267E+00
   0.4175694E+01      0.3360893E+00
   0.4199761E+01      0.3375954E+00
   0.4223829E+01      0.3348071E+00
   0.4247896E+01      0.3299183E+00
   0.4271963E+01      0.3243902E+00
   0.4296031E+01      0.3196768E+00
   0.4320098E+01      0.3189740E+00
   0.4344166E+01      0.3460632E+00
   0.4368233E+01      0.3049193E+00
   0.4392300E+01      0.2818227E+00
   0.4416368E+01      0.2695595E+00
   0.4440435E+01      0.2605964E+00
   0.4464503E+01      0.2541467E+00
   0.4488570E+01      0.2532023E+00
   0.4512637E+01      0.2733420E+00
   0.4536705E+01      0.2720005E+00
   0.4560772E+01      0.2724531E+00
   0.4584840E+01      0.2750710E+00
   0.4608907E+01      0.2803587E+00
   0.4632974E+01      0.2905971E+00
   0.4657042E+01      0.2868306E+00
   0.4681109E+01      0.2773413E+00
   0.4705177E+01      0.2930235E+00
   0.4729244E+01      0.3324276E+00
   0.4753311E+01      0.2329992E+00
   0.4777379E+01      0.2280645E+00
   0.4801446E+01      0.2269783E+00
   0.4825514E+01      0.2272017E+00
   0.4849581E+01      0.2283056E+00
   0.4873648E+01      0.2305559E+00
   0.4897716E+01      0.2352655E+00
   0.4921783E+01      0.2131807E+00
   0.4945851E+01      0.2070840E+00
   0.4969918E+01      0.2046345E+00
   0.4993985E+01      0.2052731E+00
   0.5018053E+01      0.2162894E+00
   0.5042120E+01      0.2540447E+00
   0.5066188E+01      0.2407535E+00
   0.5090255E+01      0.2381432E+00
   0.5114322E+01      0.2403361E+00
   0.5138390E+01      0.2531779E+00
   0.5162457E+01      0.3560075E+00
   0.5186525E+01      0.3123151E+00
   0.5210592E+01      0.3005245E+00
   0.5234659E+01      0.2964481E+00
   0.5258727E+01      0.2945767E+00
   0.5282794E+01      0.2937683E+00
   0.5306862E+01      0.2936594E+00
   0.5330929E+01      0.2940987E+00
   0.5354996E+01      0.2949810E+00
   0.5379064E+01      0.2961839E+00
   0.5403131E+01      0.4528794E+00
   0.5427199E+01      0.4554308E+00
   0.5451266E+01      0.4576118E+00
   0.5475333E+01      0.4593019E+00
   0.5499401E+01      0.3883563E+00
   0.5523468E+01      0.3023677E+00
   0.5547536E+01      0.3038282E+00
   0.5571603E+01      0.3078783E+00
   0.5595670E+01      0.3218349E+00
   0.5619738E+01      0.2929570E+00
   0.5643805E+01      0.2700587E+00
   0.5667873E+01      0.2649779E+00
   0.5691940E+01      0.2611403E+00
   0.5716007E+01      0.2580816E+00
   0.5740075E+01      0.2558219E+00
   0.5764142E+01      0.2544754E+00
   0.5788210E+01      0.2541824E+00
   0.5812277E+01      0.2549891E+00
   0.5836344E+01      0.2553410E+00
   0.5860412E+01      0.2233406E+00
   0.5884479E+01      0.2254577E+00
   0.5908547E+01      0.2395418E+00
   0.5932614E+01      0.4313299E+00
   0.5956681E+01      0.3117572E+00
   0.5980749E+01      0.3037243E+00
   0.6004816E+01      0.2573793E+00
   0.6028884E+01      0.2439027E+00
   0.6052951E+01      0.2361708E+00
   0.6077018E+01      0.2319444E+00
   0.6101086E+01      0.2298307E+00
   0.6125153E+01      0.2295252E+00
   0.6149221E+01      0.2312123E+00
   0.6173288E+01      0.2348960E+00
   0.6197355E+01      0.2486884E+00
   0.6221423E+01      0.3209006E+00
   0.6245490E+01      0.2759989E+00
   0.6269558E+01      0.2763717E+00
   0.6293625E+01      0.2788859E+00
   0.6317692E+01      0.2824148E+00
   0.6341760E+01      0.2863593E+00
   0.6365827E+01      0.2905903E+00
   0.6389895E+01      0.3035382E+00
   0.6413962E+01      0.3115914E+00
   0.6438029E+01      0.3183300E+00
   0.6462097E+01      0.3229444E+00
   0.6486164E+01      0.3118928E+00
   0.6510232E+01      0.3164318E+00
   0.6534299E+01      0.3219059E+00
   0.6558366E+01      0.3262398E+00
   0.6582434E+01      0.3285670E+00
   0.6606501E+01      0.3285403E+00
   0.6630569E+01      0.3261113E+00
   0.6654636E+01      0.3211814E+00
   0.6678703E+01      0.3120078E+00
   0.6702771E+01      0.2992237E+00
   0.6726838E+01      0.2922182E+00
   0.6750906E+01      0.2854052E+00
   0.6774973E+01      0.2788791E+00
   0.6799040E+01      0.2726899E+00
   0.6823108E+01      0.2669060E+00
   0.6847175E+01      0.2570277E+00
   0.6871243E+01      0.2366616E+00
   0.6895310E+01      0.2321990E+00
   0.6919377E+01      0.2290455E+00
   0.6943445E+01      0.3356374E+00
   0.6967512E+01      0.3329911E+00
   0.6991580E+01      0.3314213E+00
   0.7015647E+01      0.3305825E+00
   0.7039714E+01      0.2757706E+00
   0.7063782E+01      0.2227976E+00
   0.7087849E+01      0.2230099E+00
   0.7111917E+01      0.2235890E+00
   0.7135984E+01      0.2245784E+00
   0.7160051E+01      0.2260113E+00
   0.7184119E+01      0.2278978E+00
   0.7208186E+01      0.2302192E+00
   0.7232254E+01      0.2329242E+00
   0.7256321E+01      0.2359206E+00
   0.7280388E+01      0.2390372E+00
   0.7304456E+01      0.2420173E+00
   0.7328523E+01      0.2437539E+00
   0.7352591E+01      0.2378823E+00
   0.7376658E+01      0.2406075E+00
   0.7400725E+01      0.2442503E+00
   0.7424793E+01      0.2481898E+00
   0.7448860E+01      0.2522477E+00
   0.7472928E+01      0.2563344E+00
   0.7496995E+01      0.2603911E+00
   0.7521062E+01      0.2643710E+00
   0.7545130E+01      0.2682292E+00
   0.7569197E+01      0.2719178E+00
   0.7593265E+01      0.2754621E+00
   0.7617332E+01      0.2804814E+00
   0.7641399E+01      0.2909921E+00
   0.7665467E+01      0.2957824E+00
   0.7689534E+01      0.3036335E+00
   0.7713602E+01      0.3064052E+00
   0.7737669E+01      0.3083124E+00
   0.7761736E+01      0.3104152E+00
   0.7785804E+01      0.3125585E+00
   0.7809871E+01      0.3144188E+00
   0.7833939E+01      0.3158436E+00
   0.7858006E+01      0.3168557E+00
   0.7882073E+01      0.3223322E+00
   0.7906141E+01      0.3250085E+00
   0.7930208E+01      0.3264188E+00
   0.7954276E+01      0.3276630E+00
   0.7978343E+01      0.3289908E+00
   0.8002410E+01      0.3306467E+00
   0.8026478E+01      0.3326776E+00
   0.8050545E+01      0.3345469E+00
   0.8074613E+01      0.3350364E+00
   0.8098680E+01      0.3352767E+00
   0.8122747E+01      0.3382950E+00
   0.8146815E+01      0.3428490E+00
   0.8170882E+01      0.3465903E+00
   0.8194950E+01      0.3469131E+00
   0.8219017E+01      0.3347915E+00
   0.8243084E+01      0.3316813E+00
   0.8267152E+01      0.3284217E+00
   0.8291219E+01      0.3243667E+00
   0.8315287E+01      0.3195234E+00
   0.8339354E+01      0.3140453E+00
   0.8363421E+01      0.3118705E+00
   0.8387489E+01      0.3110607E+00
   0.8411556E+01      0.3137851E+00
   0.8435624E+01      0.3140928E+00
   0.8459691E+01      0.3140672E+00
   0.8483758E+01      0.4694780E+00
   0.8507826E+01      0.4556379E+00
   0.8531893E+01      0.4686143E+00
   0.8555961E+01      0.4706899E+00
   0.8580028E+01      0.3964225E+00
   0.8604095E+01      0.3258978E+00
   0.8628163E+01      0.3310580E+00
   0.8652230E+01      0.3371367E+00
   0.8676298E+01      0.3440116E+00
   0.8700365E+01      0.3589161E+00
   0.8724432E+01      0.3743878E+00
   0.8748500E+01      0.3879607E+00
   0.8772567E+01      0.5292857E+00
   0.8796635E+01      0.5623083E+00
   0.8820702E+01      0.5717692E+00
   0.8844769E+01      0.5712660E+00
   0.8868837E+01      0.5656692E+00
   0.8892904E+01      0.5571544E+00
   0.8916972E+01      0.5469996E+00
   0.8941039E+01      0.5363490E+00
   0.8965106E+01      0.5303573E+00
   0.8989174E+01      0.5266232E+00
   0.9013241E+01      0.5225087E+00
   0.9037309E+01      0.4071164E+00
   0.9061376E+01      0.3974912E+00
   0.9085443E+01      0.3930915E+00
   0.9109511E+01      0.3997954E+00
   0.9133578E+01      0.4123014E+00
   0.9157646E+01      0.4312500E+00
   0.9181713E+01      0.4559969E+00
   0.9205780E+01      0.4844491E+00
   0.9229848E+01      0.5120365E+00
   0.9253915E+01      0.5295092E+00
   0.9277983E+01      0.5125116E+00
   0.9302050E+01      0.3472841E+00
   0.9326117E+01      0.3477976E+00
   0.9350185E+01      0.3634054E+00
   0.9374252E+01      0.3803586E+00
   0.9398320E+01      0.3987564E+00
   0.9422387E+01      0.4041224E+00
   0.9446454E+01      0.3954093E+00
   0.9470522E+01      0.3884373E+00
   0.9494589E+01      0.3932778E+00
   0.9518657E+01      0.4042042E+00
   0.9542724E+01      0.4126920E+00
   0.9566791E+01      0.4841278E+00
   0.9590859E+01      0.5280219E+00
   0.9614926E+01      0.5595210E+00
   0.9638994E+01      0.5840555E+00
   0.9663061E+01      0.6019099E+00
   0.9687128E+01      0.6118581E+00
   0.9711196E+01      0.6190559E+00
   0.9735263E+01      0.6184074E+00
   0.9759331E+01      0.6073329E+00
   0.9783398E+01      0.5917731E+00
   0.9807465E+01      0.5815530E+00
   0.9831533E+01      0.5778308E+00
   0.9855600E+01      0.5780307E+00
   0.9879668E+01      0.5809523E+00
   0.9903735E+01      0.5851358E+00
   0.9927802E+01      0.5914250E+00
   0.9951870E+01      0.6094032E+00
   0.9975937E+01      0.6223350E+00
   0.1000000E+02      0.6324945E+00
 &
 @autoscale
 @target G3.S0
