 @target G3.S0
 @type xy
  -0.1000000E+02     -0.1240519E-13
  -0.9975937E+01      0.9686484E-14
  -0.9951870E+01     -0.1718823E-14
  -0.9927802E+01     -0.5640308E-15
  -0.9903735E+01      0.9597769E-15
  -0.9879668E+01      0.2306445E-13
  -0.9855600E+01     -0.1543082E-13
  -0.9831533E+01      0.2706964E-13
  -0.9807465E+01      0.1522150E-13
  -0.9783398E+01     -0.2616347E-13
  -0.9759331E+01     -0.4265768E-13
  -0.9735263E+01      0.2538822E-14
  -0.9711196E+01      0.3762316E-13
  -0.9687128E+01      0.9389684E-14
  -0.9663061E+01      0.7714176E-14
  -0.9638994E+01     -0.9356763E-14
  -0.9614926E+01      0.2317941E-13
  -0.9590859E+01     -0.5839284E-13
  -0.9566791E+01     -0.7005375E-13
  -0.9542724E+01      0.5234679E-13
  -0.9518657E+01     -0.4894774E-13
  -0.9494589E+01      0.4602950E-13
  -0.9470522E+01     -0.4577634E-13
  -0.9446454E+01      0.4494736E-13
  -0.9422387E+01      0.3314310E-13
  -0.9398320E+01     -0.1645181E-12
  -0.9374252E+01     -0.5537957E-13
  -0.9350185E+01      0.1323290E-12
  -0.9326117E+01     -0.4226394E-13
  -0.9302050E+01      0.2846746E-12
  -0.9277983E+01      0.2657837E-12
  -0.9253915E+01     -0.7104723E-13
  -0.9229848E+01     -0.4723181E-12
  -0.9205780E+01     -0.8796523E-12
  -0.9181713E+01     -0.1072525E-12
  -0.9157646E+01      0.5869522E-11
  -0.9133578E+01      0.1916796E+01
  -0.9109511E+01      0.8680141E+01
  -0.9085443E+01      0.2906497E+01
  -0.9061376E+01      0.2226187E+01
  -0.9037309E+01      0.1908551E+01
  -0.9013241E+01      0.1733779E+01
  -0.8989174E+01      0.1662448E+01
  -0.8965106E+01      0.1839161E+01
  -0.8941039E+01      0.1042895E+01
  -0.8916972E+01      0.9797437E+00
  -0.8892904E+01      0.4241285E+01
  -0.8868837E+01      0.1813553E+01
  -0.8844769E+01      0.1521070E+01
  -0.8820702E+01      0.1371559E+01
  -0.8796635E+01      0.1272367E+01
  -0.8772567E+01      0.1198522E+01
  -0.8748500E+01      0.1139892E+01
  -0.8724432E+01      0.1091434E+01
  -0.8700365E+01      0.1050253E+01
  -0.8676298E+01      0.1014538E+01
  -0.8652230E+01      0.9830795E+00
  -0.8628163E+01      0.9550270E+00
  -0.8604095E+01      0.9297597E+00
  -0.8580028E+01      0.9068103E+00
  -0.8555961E+01      0.8858188E+00
  -0.8531893E+01      0.8665025E+00
  -0.8507826E+01      0.8486373E+00
  -0.8483758E+01      0.8320328E+00
  -0.8459691E+01      0.8165477E+00
  -0.8435624E+01      0.8020559E+00
  -0.8411556E+01      0.7884544E+00
  -0.8387489E+01      0.7756567E+00
  -0.8363421E+01      0.7635897E+00
  -0.8339354E+01      0.7521911E+00
  -0.8315287E+01      0.7414073E+00
  -0.8291219E+01      0.7311923E+00
  -0.8267152E+01      0.7215056E+00
  -0.8243084E+01      0.7123115E+00
  -0.8219017E+01      0.6276202E+01
  -0.8194950E+01      0.2602241E+01
  -0.8170882E+01      0.2080386E+01
  -0.8146815E+01      0.1832176E+01
  -0.8122747E+01      0.1678684E+01
  -0.8098680E+01      0.1571137E+01
  -0.8074613E+01      0.1490028E+01
  -0.8050545E+01      0.1425824E+01
  -0.8026478E+01      0.1373239E+01
  -0.8002410E+01      0.1329073E+01
  -0.7978343E+01      0.4660902E+01
  -0.7954276E+01      0.3123271E+01
  -0.7930208E+01      0.2667999E+01
  -0.7906141E+01      0.2421034E+01
  -0.7882073E+01      0.2257709E+01
  -0.7858006E+01      0.2138301E+01
  -0.7833939E+01      0.2045595E+01
  -0.7809871E+01      0.1970718E+01
  -0.7785804E+01      0.1908548E+01
  -0.7761736E+01      0.1855882E+01
  -0.7737669E+01      0.1810593E+01
  -0.7713602E+01      0.1771201E+01
  -0.7689534E+01      0.1736637E+01
  -0.7665467E+01      0.1706106E+01
  -0.7641399E+01      0.1679000E+01
  -0.7617332E+01      0.1654846E+01
  -0.7593265E+01      0.1633265E+01
  -0.7569197E+01      0.1613953E+01
  -0.7545130E+01      0.1596660E+01
  -0.7521062E+01      0.1581178E+01
  -0.7496995E+01      0.1567332E+01
  -0.7472928E+01      0.1554973E+01
  -0.7448860E+01      0.1543972E+01
  -0.7424793E+01      0.1534219E+01
  -0.7400725E+01      0.1525615E+01
  -0.7376658E+01      0.1518076E+01
  -0.7352591E+01      0.1511525E+01
  -0.7328523E+01      0.6746504E+01
  -0.7304456E+01      0.3544115E+01
  -0.7280388E+01      0.3006690E+01
  -0.7256321E+01      0.2749804E+01
  -0.7232254E+01      0.2592404E+01
  -0.7208186E+01      0.2483887E+01
  -0.7184119E+01      0.2403788E+01
  -0.7160051E+01      0.2342043E+01
  -0.7135984E+01      0.4651942E+01
  -0.7111917E+01      0.6692615E+01
  -0.7087849E+01      0.5551443E+01
  -0.7063782E+01      0.5038842E+01
  -0.7039714E+01      0.4739697E+01
  -0.7015647E+01      0.4526719E+01
  -0.6991580E+01      0.4343469E+01
  -0.6967512E+01      0.4175348E+01
  -0.6943445E+01      0.4027821E+01
  -0.6919377E+01      0.4044907E+02
  -0.6895310E+01      0.1126435E+02
  -0.6871243E+01      0.1593253E+02
  -0.6847175E+01      0.1243982E+02
  -0.6823108E+01      0.1088004E+02
  -0.6799040E+01      0.9939636E+01
  -0.6774973E+01      0.1570114E+02
  -0.6750906E+01      0.1307852E+02
  -0.6726838E+01      0.1187557E+02
  -0.6702771E+01      0.1489566E+02
  -0.6678703E+01      0.1749160E+02
  -0.6654636E+01      0.1544769E+02
  -0.6630569E+01      0.1442230E+02
  -0.6606501E+01      0.1681762E+02
  -0.6582434E+01      0.1528549E+02
  -0.6558366E+01      0.1472563E+02
  -0.6534299E+01      0.2422742E+02
  -0.6510232E+01      0.2839142E+02
  -0.6486164E+01      0.2170707E+02
  -0.6462097E+01      0.1788692E+02
  -0.6438029E+01      0.2245140E+02
  -0.6413962E+01      0.2176087E+02
  -0.6389895E+01      0.1952630E+02
  -0.6365827E+01      0.2346166E+02
  -0.6341760E+01      0.2206726E+02
  -0.6317692E+01      0.3157137E+02
  -0.6293625E+01      0.2062474E+02
  -0.6269558E+01      0.2273404E+02
  -0.6245490E+01      0.2373062E+02
  -0.6221423E+01      0.2316766E+02
  -0.6197355E+01      0.2094493E+02
  -0.6173288E+01      0.1985463E+02
  -0.6149221E+01      0.2247409E+02
  -0.6125153E+01      0.2113045E+02
  -0.6101086E+01      0.1859864E+02
  -0.6077018E+01      0.1812563E+02
  -0.6052951E+01      0.1991646E+02
  -0.6028884E+01      0.1904786E+02
  -0.6004816E+01      0.1905984E+02
  -0.5980749E+01      0.1843391E+02
  -0.5956681E+01      0.5445083E+02
  -0.5932614E+01      0.4427879E+02
  -0.5908547E+01      0.2508809E+02
  -0.5884479E+01      0.2338752E+02
  -0.5860412E+01      0.2423480E+02
  -0.5836344E+01      0.1965364E+02
  -0.5812277E+01      0.2484341E+02
  -0.5788210E+01      0.2063407E+02
  -0.5764142E+01      0.1879557E+02
  -0.5740075E+01      0.1894424E+02
  -0.5716007E+01      0.1961441E+02
  -0.5691940E+01      0.2207320E+02
  -0.5667873E+01      0.3788417E+02
  -0.5643805E+01      0.2485857E+02
  -0.5619738E+01      0.2673038E+02
  -0.5595670E+01      0.2414585E+02
  -0.5571603E+01      0.3400330E+02
  -0.5547536E+01      0.2962100E+02
  -0.5523468E+01      0.3349577E+02
  -0.5499401E+01      0.2734881E+02
  -0.5475333E+01      0.2093106E+02
  -0.5451266E+01      0.1652691E+02
  -0.5427199E+01      0.1609579E+02
  -0.5403131E+01      0.1629263E+02
  -0.5379064E+01      0.2026698E+02
  -0.5354996E+01      0.1770564E+02
  -0.5330929E+01      0.3930602E+02
  -0.5306862E+01      0.2628084E+02
  -0.5282794E+01      0.2805052E+02
  -0.5258727E+01      0.1815761E+02
  -0.5234659E+01      0.1982431E+02
  -0.5210592E+01      0.2098622E+02
  -0.5186525E+01      0.2003080E+02
  -0.5162457E+01      0.2026193E+02
  -0.5138390E+01      0.3722427E+02
  -0.5114322E+01      0.2634782E+02
  -0.5090255E+01      0.4024615E+02
  -0.5066188E+01      0.1965344E+02
  -0.5042120E+01      0.2851370E+02
  -0.5018053E+01      0.3861332E+02
  -0.4993985E+01      0.6535545E+02
  -0.4969918E+01      0.5054047E+02
  -0.4945851E+01      0.2451470E+02
  -0.4921783E+01      0.4003197E+02
  -0.4897716E+01      0.2479149E+02
  -0.4873648E+01      0.2703164E+02
  -0.4849581E+01      0.2190665E+02
  -0.4825514E+01      0.2193194E+02
  -0.4801446E+01      0.2245371E+02
  -0.4777379E+01      0.2935969E+02
  -0.4753311E+01      0.3337929E+02
  -0.4729244E+01      0.2626853E+02
  -0.4705177E+01      0.7525824E+02
  -0.4681109E+01      0.3028656E+02
  -0.4657042E+01      0.3281523E+02
  -0.4632974E+01      0.6904190E+02
  -0.4608907E+01      0.6833615E+02
  -0.4584840E+01      0.3532776E+02
  -0.4560772E+01      0.4538803E+02
  -0.4536705E+01      0.2774232E+02
  -0.4512637E+01      0.2964775E+02
  -0.4488570E+01      0.2958351E+02
  -0.4464503E+01      0.3587861E+02
  -0.4440435E+01      0.3543973E+02
  -0.4416368E+01      0.3385114E+02
  -0.4392300E+01      0.2865687E+02
  -0.4368233E+01      0.3083735E+02
  -0.4344166E+01      0.2810017E+02
  -0.4320098E+01      0.4900386E+02
  -0.4296031E+01      0.3659060E+02
  -0.4271963E+01      0.3846561E+02
  -0.4247896E+01      0.3563658E+02
  -0.4223829E+01      0.3641907E+02
  -0.4199761E+01      0.3709032E+02
  -0.4175694E+01      0.5697251E+02
  -0.4151626E+01      0.6694788E+02
  -0.4127559E+01      0.3818125E+02
  -0.4103492E+01      0.4118666E+02
  -0.4079424E+01      0.3105994E+02
  -0.4055357E+01      0.6645003E+02
  -0.4031289E+01      0.2499060E+02
  -0.4007222E+01      0.2314407E+02
  -0.3983155E+01      0.2253588E+02
  -0.3959087E+01      0.3004656E+02
  -0.3935020E+01      0.2590964E+02
  -0.3910952E+01      0.2388811E+02
  -0.3886885E+01      0.3125600E+02
  -0.3862818E+01      0.3283005E+02
  -0.3838750E+01      0.2438891E+02
  -0.3814683E+01      0.2825511E+02
  -0.3790615E+01      0.2416353E+02
  -0.3766548E+01      0.2005136E+02
  -0.3742481E+01      0.2132988E+02
  -0.3718413E+01      0.1925541E+02
  -0.3694346E+01      0.1902448E+02
  -0.3670278E+01      0.1771771E+02
  -0.3646211E+01      0.1732535E+02
  -0.3622144E+01      0.2272830E+02
  -0.3598076E+01      0.2849077E+02
  -0.3574009E+01      0.2610240E+02
  -0.3549941E+01      0.3241119E+02
  -0.3525874E+01      0.2866162E+02
  -0.3501807E+01      0.2545808E+02
  -0.3477739E+01      0.3454821E+02
  -0.3453672E+01      0.3992254E+02
  -0.3429604E+01      0.2993039E+02
  -0.3405537E+01      0.2895995E+02
  -0.3381470E+01      0.2631197E+02
  -0.3357402E+01      0.2566466E+02
  -0.3333335E+01      0.2593664E+02
  -0.3309267E+01      0.2595661E+02
  -0.3285200E+01      0.3216245E+02
  -0.3261133E+01      0.3274807E+02
  -0.3237065E+01      0.3334033E+02
  -0.3212998E+01      0.3317037E+02
  -0.3188930E+01      0.9999732E+02
  -0.3164863E+01      0.3851888E+02
  -0.3140796E+01      0.3551821E+02
  -0.3116728E+01      0.3185486E+02
  -0.3092661E+01      0.7264616E+02
  -0.3068593E+01      0.3575537E+02
  -0.3044526E+01      0.4526081E+02
  -0.3020459E+01      0.2532363E+02
  -0.2996391E+01      0.3022817E+02
  -0.2972324E+01      0.5716392E+02
  -0.2948256E+01      0.2837194E+02
  -0.2924189E+01      0.2841501E+02
  -0.2900122E+01      0.2874468E+02
  -0.2876054E+01      0.2953468E+02
  -0.2851987E+01      0.2671660E+02
  -0.2827919E+01      0.2458939E+02
  -0.2803852E+01      0.2606254E+02
  -0.2779785E+01      0.3469570E+02
  -0.2755717E+01      0.3264680E+02
  -0.2731650E+01      0.4514791E+02
  -0.2707582E+01      0.3148319E+02
  -0.2683515E+01      0.1748956E+03
  -0.2659448E+01      0.3645910E+02
  -0.2635380E+01      0.2315867E+02
  -0.2611313E+01      0.2328194E+02
  -0.2587245E+01      0.1761909E+02
  -0.2563178E+01      0.2143972E+02
  -0.2539111E+01      0.2072369E+02
  -0.2515043E+01      0.4145050E+02
  -0.2490976E+01      0.2819098E+02
  -0.2466908E+01      0.2821177E+02
  -0.2442841E+01      0.2716043E+02
  -0.2418774E+01      0.2614725E+02
  -0.2394706E+01      0.2888626E+02
  -0.2370639E+01      0.2783389E+02
  -0.2346571E+01      0.4893598E+02
  -0.2322504E+01      0.3790753E+02
  -0.2298437E+01      0.2834812E+02
  -0.2274369E+01      0.2961077E+02
  -0.2250302E+01      0.2420971E+02
  -0.2226234E+01      0.2212053E+02
  -0.2202167E+01      0.2797398E+02
  -0.2178100E+01      0.2906213E+02
  -0.2154032E+01      0.3093620E+02
  -0.2129965E+01      0.3228704E+02
  -0.2105897E+01      0.6255180E+02
  -0.2081830E+01      0.3212564E+02
  -0.2057763E+01      0.2987639E+02
  -0.2033695E+01      0.3351529E+02
  -0.2009628E+01      0.4229314E+02
  -0.1985560E+01      0.3403762E+02
  -0.1961493E+01      0.3427666E+02
  -0.1937426E+01      0.3897184E+02
  -0.1913358E+01      0.5275284E+02
  -0.1889291E+01      0.3253208E+02
  -0.1865223E+01      0.3589354E+02
  -0.1841156E+01      0.3474687E+02
  -0.1817089E+01      0.3825277E+02
  -0.1793021E+01      0.3459063E+02
  -0.1768954E+01      0.3038713E+02
  -0.1744886E+01      0.1978713E+02
  -0.1720819E+01      0.2147219E+02
  -0.1696752E+01      0.1273834E+02
  -0.1672684E+01      0.1308297E+02
  -0.1648617E+01      0.1414980E+02
  -0.1624549E+01      0.1419607E+02
  -0.1600482E+01      0.1494275E+02
  -0.1576415E+01      0.2044445E+02
  -0.1552347E+01      0.4841307E+01
  -0.1528280E+01      0.4949019E+01
  -0.1504212E+01      0.5123260E+01
  -0.1480145E+01      0.5423366E+01
  -0.1456078E+01      0.1141650E+02
  -0.1432010E+01      0.1029046E+02
  -0.1407943E+01      0.4426189E+01
  -0.1383875E+01      0.4113752E+01
  -0.1359808E+01      0.3927094E+01
  -0.1335741E+01      0.3799715E+01
  -0.1311673E+01      0.3705132E+01
  -0.1287606E+01      0.3630654E+01
  -0.1263538E+01      0.3569423E+01
  -0.1239471E+01      0.3517409E+01
  -0.1215404E+01      0.3472083E+01
  -0.1191336E+01      0.6524437E+01
  -0.1167269E+01      0.4399249E+01
  -0.1143201E+01      0.1037718E+02
  -0.1119134E+01      0.8336724E+01
  -0.1095067E+01      0.8114763E+01
  -0.1070999E+01      0.8826314E+01
  -0.1046932E+01      0.1997463E+02
  -0.1022864E+01      0.4478290E+01
  -0.9987971E+00      0.4411466E+01
  -0.9747297E+00      0.4363427E+01
  -0.9506623E+00      0.4330157E+01
  -0.9265949E+00      0.4309671E+01
  -0.9025275E+00      0.4301375E+01
  -0.8784601E+00      0.4305877E+01
  -0.8543927E+00      0.4325173E+01
  -0.8303253E+00      0.4363298E+01
  -0.8062579E+00      0.4427954E+01
  -0.7821905E+00      0.4534719E+01
  -0.7581231E+00      0.4720124E+01
  -0.7340557E+00      0.5099167E+01
  -0.7099883E+00      0.6473551E+01
  -0.6859209E+00      0.3418680E+01
  -0.6618535E+00      0.3394606E+01
  -0.6377861E+00      0.5091881E+01
  -0.6137187E+00      0.4621213E+01
  -0.5896513E+00      0.4450327E+01
  -0.5655839E+00      0.4369638E+01
  -0.5415165E+00      0.4334037E+01
  -0.5174491E+00      0.4328681E+01
  -0.4933817E+00      0.4348756E+01
  -0.4693143E+00      0.4394474E+01
  -0.4452469E+00      0.4470036E+01
  -0.4211795E+00      0.4584501E+01
  -0.3971121E+00      0.4754911E+01
  -0.3730447E+00      0.5934620E+01
  -0.3489773E+00      0.6064743E+01
  -0.3249099E+00      0.6710183E+01
  -0.3008425E+00      0.8402289E+01
  -0.2767751E+00      0.1782025E+02
  -0.2527077E+00      0.3474026E+01
  -0.2286403E+00      0.3439041E+01
  -0.2045729E+00      0.3409597E+01
  -0.1805055E+00      0.3384308E+01
  -0.1564381E+00      0.3362333E+01
  -0.1323707E+00      0.3343166E+01
  -0.1083033E+00      0.9995551E+01
  -0.8423590E-01      0.5887597E+01
  -0.6016850E-01      0.5157105E+01
  -0.3610110E-01      0.4800582E+01
  -0.1203370E-01      0.4580185E+01
   0.1203370E-01      0.4428861E+01
   0.3610110E-01      0.4319684E+01
   0.6016850E-01      0.4240007E+01
   0.8423590E-01      0.4183850E+01
   0.1083033E+00      0.4149417E+01
   0.1323707E+00      0.4138983E+01
   0.1564381E+00      0.4161461E+01
   0.1805055E+00      0.4242779E+01
   0.2045729E+00      0.7379835E+01
   0.2286403E+00      0.9630380E+01
   0.2527077E+00      0.3523062E+01
   0.2767751E+00      0.3490005E+01
   0.3008425E+00      0.3459506E+01
   0.3249099E+00      0.3431255E+01
   0.3489773E+00      0.3405006E+01
   0.3730447E+00      0.3380557E+01
   0.3971121E+00      0.3357749E+01
   0.4211795E+00      0.3336455E+01
   0.4452469E+00      0.3316572E+01
   0.4693143E+00      0.3298024E+01
   0.4933817E+00      0.3280753E+01
   0.5174491E+00      0.5077421E+01
   0.5415165E+00      0.4247873E+01
   0.5655839E+00      0.4009403E+01
   0.5896513E+00      0.3881456E+01
   0.6137187E+00      0.3797514E+01
   0.6377861E+00      0.3736725E+01
   0.6618535E+00      0.3690226E+01
   0.6859209E+00      0.3653577E+01
   0.7099883E+00      0.3624333E+01
   0.7340557E+00      0.3601080E+01
   0.7581231E+00      0.1120343E+02
   0.7821905E+00      0.5902435E+01
   0.8062579E+00      0.5268747E+01
   0.8303253E+00      0.4980909E+01
   0.8543927E+00      0.4814871E+01
   0.8784601E+00      0.4711586E+01
   0.9025275E+00      0.4648849E+01
   0.9265949E+00      0.4617565E+01
   0.9506623E+00      0.4615264E+01
   0.9747297E+00      0.4644673E+01
   0.9987971E+00      0.4715480E+01
   0.1022864E+01      0.4852380E+01
   0.1046932E+01      0.5131608E+01
   0.1070999E+01      0.7279950E+01
   0.1095067E+01      0.5178151E+01
   0.1119134E+01      0.5520029E+01
   0.1143201E+01      0.7992128E+01
   0.1167269E+01      0.3177511E+01
   0.1191336E+01      0.3236723E+01
   0.1215404E+01      0.2859025E+01
   0.1239471E+01      0.2830042E+01
   0.1263538E+01      0.5771713E+01
   0.1287606E+01      0.4509380E+01
   0.1311673E+01      0.4118687E+01
   0.1335741E+01      0.3910409E+01
   0.1359808E+01      0.3777762E+01
   0.1383875E+01      0.3686341E+01
   0.1407943E+01      0.3621559E+01
   0.1432010E+01      0.3576465E+01
   0.1456078E+01      0.3547872E+01
   0.1480145E+01      0.3535000E+01
   0.1504212E+01      0.3539260E+01
   0.1528280E+01      0.3564985E+01
   0.1552347E+01      0.3621874E+01
   0.1576415E+01      0.3732410E+01
   0.1600482E+01      0.3960297E+01
   0.1624549E+01      0.4601911E+01
   0.1648617E+01      0.2366907E+01
   0.1672684E+01      0.2358368E+01
   0.1696752E+01      0.2350397E+01
   0.1720819E+01      0.2343012E+01
   0.1744886E+01      0.2336242E+01
   0.1768954E+01      0.2330128E+01
   0.1793021E+01      0.2324727E+01
   0.1817089E+01      0.2320114E+01
   0.1841156E+01      0.2316395E+01
   0.1865223E+01      0.2313700E+01
   0.1889291E+01      0.2312225E+01
   0.1913358E+01      0.2312231E+01
   0.1937426E+01      0.2314094E+01
   0.1961493E+01      0.2318370E+01
   0.1985560E+01      0.8523521E+01
   0.2009628E+01      0.3408573E+01
   0.2033695E+01      0.3126007E+01
   0.2057763E+01      0.3023115E+01
   0.2081830E+01      0.2999379E+01
   0.2105897E+01      0.3067725E+01
   0.2129965E+01      0.3619504E+01
   0.2154032E+01      0.2445284E+01
   0.2178100E+01      0.4227475E+01
   0.2202167E+01      0.3545653E+01
   0.2226234E+01      0.3286259E+01
   0.2250302E+01      0.3134978E+01
   0.2274369E+01      0.3030911E+01
   0.2298437E+01      0.2952699E+01
   0.2322504E+01      0.2890598E+01
   0.2346571E+01      0.2839424E+01
   0.2370639E+01      0.2796123E+01
   0.2394706E+01      0.2758752E+01
   0.2418774E+01      0.2726021E+01
   0.2442841E+01      0.3521401E+01
   0.2466908E+01      0.3243308E+01
   0.2490976E+01      0.3113651E+01
   0.2515043E+01      0.3030666E+01
   0.2539111E+01      0.2970098E+01
   0.2563178E+01      0.2922755E+01
   0.2587245E+01      0.2884292E+01
   0.2611313E+01      0.2852389E+01
   0.2635380E+01      0.2825734E+01
   0.2659448E+01      0.2803611E+01
   0.2683515E+01      0.2785722E+01
   0.2707582E+01      0.2772145E+01
   0.2731650E+01      0.2763406E+01
   0.2755717E+01      0.2760718E+01
   0.2779785E+01      0.2766609E+01
   0.2803852E+01      0.2786715E+01
   0.2827919E+01      0.2836585E+01
   0.2851987E+01      0.2992632E+01
   0.2876054E+01      0.2709494E+01
   0.2900122E+01      0.3307594E+01
   0.2924189E+01      0.2235689E+01
   0.2948256E+01      0.2226290E+01
   0.2972324E+01      0.2217244E+01
   0.2996391E+01      0.2208545E+01
   0.3020459E+01      0.2200189E+01
   0.3044526E+01      0.2192175E+01
   0.3068593E+01      0.2184509E+01
   0.3092661E+01      0.2177199E+01
   0.3116728E+01      0.2170261E+01
   0.3140796E+01      0.6817828E+01
   0.3164863E+01      0.6828537E+01
   0.3188930E+01      0.5032873E+01
   0.3212998E+01      0.4446956E+01
   0.3237065E+01      0.6566714E+01
   0.3261133E+01      0.5210296E+01
   0.3285200E+01      0.5223867E+01
   0.3309267E+01      0.4817250E+01
   0.3333335E+01      0.4580673E+01
   0.3357402E+01      0.4415720E+01
   0.3381470E+01      0.4295128E+01
   0.3405537E+01      0.5053331E+01
   0.3429604E+01      0.4762123E+01
   0.3453672E+01      0.4962237E+01
   0.3477739E+01      0.3973708E+01
   0.3501807E+01      0.3890001E+01
   0.3525874E+01      0.3830425E+01
   0.3549941E+01      0.5874057E+01
   0.3574009E+01      0.5308417E+01
   0.3598076E+01      0.4976433E+01
   0.3622144E+01      0.4928569E+01
   0.3646211E+01      0.5346748E+01
   0.3670278E+01      0.3851888E+01
   0.3694346E+01      0.3823086E+01
   0.3718413E+01      0.3853822E+01
   0.3742481E+01      0.4153669E+01
   0.3766548E+01      0.3306186E+01
   0.3790615E+01      0.3276329E+01
   0.3814683E+01      0.3255156E+01
   0.3838750E+01      0.5088838E+01
   0.3862818E+01      0.4553693E+01
   0.3886885E+01      0.4420336E+01
   0.3910952E+01      0.4530399E+01
   0.3935020E+01      0.5662584E+01
   0.3959087E+01      0.2883229E+01
   0.3983155E+01      0.2862854E+01
   0.4007222E+01      0.2844151E+01
   0.4031289E+01      0.2827061E+01
   0.4055357E+01      0.2811556E+01
   0.4079424E+01      0.3749540E+01
   0.4103492E+01      0.3471989E+01
   0.4127559E+01      0.3358838E+01
   0.4151626E+01      0.4803432E+01
   0.4175694E+01      0.4255530E+01
   0.4199761E+01      0.4030174E+01
   0.4223829E+01      0.3899914E+01
   0.4247896E+01      0.3816391E+01
   0.4271963E+01      0.3763874E+01
   0.4296031E+01      0.3739538E+01
   0.4320098E+01      0.3755057E+01
   0.4344166E+01      0.5008957E+01
   0.4368233E+01      0.3805615E+01
   0.4392300E+01      0.3669902E+01
   0.4416368E+01      0.3597064E+01
   0.4440435E+01      0.3549097E+01
   0.4464503E+01      0.3515695E+01
   0.4488570E+01      0.3493265E+01
   0.4512637E+01      0.4641931E+01
   0.4536705E+01      0.4310488E+01
   0.4560772E+01      0.4189814E+01
   0.4584840E+01      0.4151836E+01
   0.4608907E+01      0.4190900E+01
   0.4632974E+01      0.4413265E+01
   0.4657042E+01      0.3455890E+01
   0.4681109E+01      0.3501353E+01
   0.4705177E+01      0.3663623E+01
   0.4729244E+01      0.1023003E+02
   0.4753311E+01      0.2831604E+01
   0.4777379E+01      0.2817869E+01
   0.4801446E+01      0.2808836E+01
   0.4825514E+01      0.2806409E+01
   0.4849581E+01      0.2815735E+01
   0.4873648E+01      0.2854804E+01
   0.4897716E+01      0.3076005E+01
   0.4921783E+01      0.2524661E+01
   0.4945851E+01      0.2509952E+01
   0.4969918E+01      0.2495914E+01
   0.4993985E+01      0.2482495E+01
   0.5018053E+01      0.2469653E+01
   0.5042120E+01      0.3597160E+01
   0.5066188E+01      0.3126310E+01
   0.5090255E+01      0.2991701E+01
   0.5114322E+01      0.2920023E+01
   0.5138390E+01      0.2872671E+01
   0.5162457E+01      0.3374311E+01
   0.5186525E+01      0.4170297E+01
   0.5210592E+01      0.3801399E+01
   0.5234659E+01      0.3676337E+01
   0.5258727E+01      0.3613774E+01
   0.5282794E+01      0.3578483E+01
   0.5306862E+01      0.3557547E+01
   0.5330929E+01      0.3544558E+01
   0.5354996E+01      0.3535733E+01
   0.5379064E+01      0.3528734E+01
   0.5403131E+01      0.3522315E+01
   0.5427199E+01      0.3516216E+01
   0.5451266E+01      0.3511146E+01
   0.5475333E+01      0.3508854E+01
   0.5499401E+01      0.3512531E+01
   0.5523468E+01      0.3528159E+01
   0.5547536E+01      0.3568900E+01
   0.5571603E+01      0.3673096E+01
   0.5595670E+01      0.4035858E+01
   0.5619738E+01      0.3214385E+01
   0.5643805E+01      0.3198035E+01
   0.5667873E+01      0.3183504E+01
   0.5691940E+01      0.3171239E+01
   0.5716007E+01      0.3161903E+01
   0.5740075E+01      0.3156611E+01
   0.5764142E+01      0.3157496E+01
   0.5788210E+01      0.3169344E+01
   0.5812277E+01      0.3206277E+01
   0.5836344E+01      0.3346446E+01
   0.5860412E+01      0.2889986E+01
   0.5884479E+01      0.2889176E+01
   0.5908547E+01      0.2895834E+01
   0.5932614E+01      0.2918199E+01
   0.5956681E+01      0.4205454E+01
   0.5980749E+01      0.3553879E+01
   0.6004816E+01      0.3402668E+01
   0.6028884E+01      0.3310771E+01
   0.6052951E+01      0.3246330E+01
   0.6077018E+01      0.3197281E+01
   0.6101086E+01      0.3158023E+01
   0.6125153E+01      0.3125531E+01
   0.6149221E+01      0.3098069E+01
   0.6173288E+01      0.3074506E+01
   0.6197355E+01      0.3054226E+01
   0.6221423E+01      0.3036798E+01
   0.6245490E+01      0.3938422E+01
   0.6269558E+01      0.3360973E+01
   0.6293625E+01      0.3276775E+01
   0.6317692E+01      0.3237972E+01
   0.6341760E+01      0.3216915E+01
   0.6365827E+01      0.3207250E+01
   0.6389895E+01      0.3795826E+01
   0.6413962E+01      0.3719233E+01
   0.6438029E+01      0.3760731E+01
   0.6462097E+01      0.3932889E+01
   0.6486164E+01      0.3484120E+01
   0.6510232E+01      0.3501203E+01
   0.6534299E+01      0.3509038E+01
   0.6558366E+01      0.3506076E+01
   0.6582434E+01      0.3495687E+01
   0.6606501E+01      0.3483915E+01
   0.6630569E+01      0.3479148E+01
   0.6654636E+01      0.3500737E+01
   0.6678703E+01      0.3772597E+01
   0.6702771E+01      0.3262382E+01
   0.6726838E+01      0.3244601E+01
   0.6750906E+01      0.3232569E+01
   0.6774973E+01      0.3229251E+01
   0.6799040E+01      0.3242453E+01
   0.6823108E+01      0.3303442E+01
   0.6847175E+01      0.5331396E+01
   0.6871243E+01      0.2965078E+01
   0.6895310E+01      0.2948613E+01
   0.6919377E+01      0.2933273E+01
   0.6943445E+01      0.2918994E+01
   0.6967512E+01      0.2905728E+01
   0.6991580E+01      0.2893442E+01
   0.7015647E+01      0.2882126E+01
   0.7039714E+01      0.2871856E+01
   0.7063782E+01      0.2862458E+01
   0.7087849E+01      0.2854203E+01
   0.7111917E+01      0.2847132E+01
   0.7135984E+01      0.2841416E+01
   0.7160051E+01      0.2837320E+01
   0.7184119E+01      0.2835272E+01
   0.7208186E+01      0.2835974E+01
   0.7232254E+01      0.2840680E+01
   0.7256321E+01      0.2851844E+01
   0.7280388E+01      0.2875141E+01
   0.7304456E+01      0.2928051E+01
   0.7328523E+01      0.3121929E+01
   0.7352591E+01      0.2621936E+01
   0.7376658E+01      0.2614322E+01
   0.7400725E+01      0.2607000E+01
   0.7424793E+01      0.2599965E+01
   0.7448860E+01      0.2593211E+01
   0.7472928E+01      0.2586738E+01
   0.7496995E+01      0.2580541E+01
   0.7521062E+01      0.2574623E+01
   0.7545130E+01      0.2568982E+01
   0.7569197E+01      0.2563622E+01
   0.7593265E+01      0.2558547E+01
   0.7617332E+01      0.2553761E+01
   0.7641399E+01      0.2549272E+01
   0.7665467E+01      0.4390014E+01
   0.7689534E+01      0.3010750E+01
   0.7713602E+01      0.2889235E+01
   0.7737669E+01      0.2836136E+01
   0.7761736E+01      0.2806196E+01
   0.7785804E+01      0.2787714E+01
   0.7809871E+01      0.2776184E+01
   0.7833939E+01      0.2769499E+01
   0.7858006E+01      0.2766559E+01
   0.7882073E+01      0.3051342E+01
   0.7906141E+01      0.2973370E+01
   0.7930208E+01      0.2946307E+01
   0.7954276E+01      0.2936500E+01
   0.7978343E+01      0.2935991E+01
   0.8002410E+01      0.2941845E+01
   0.8026478E+01      0.2952769E+01
   0.8050545E+01      0.2968243E+01
   0.8074613E+01      0.2988329E+01
   0.8098680E+01      0.3013872E+01
   0.8122747E+01      0.3047303E+01
   0.8146815E+01      0.3095299E+01
   0.8170882E+01      0.3180906E+01
   0.8194950E+01      0.3488919E+01
   0.8219017E+01      0.2861832E+01
   0.8243084E+01      0.2867667E+01
   0.8267152E+01      0.2872631E+01
   0.8291219E+01      0.2876875E+01
   0.8315287E+01      0.2880585E+01
   0.8339354E+01      0.2883960E+01
   0.8363421E+01      0.3244469E+01
   0.8387489E+01      0.4064554E+01
   0.8411556E+01      0.3386949E+01
   0.8435624E+01      0.3285499E+01
   0.8459691E+01      0.3237211E+01
   0.8483758E+01      0.3209432E+01
   0.8507826E+01      0.3085501E+01
   0.8531893E+01      0.3181629E+01
   0.8555961E+01      0.3175790E+01
   0.8580028E+01      0.3174299E+01
   0.8604095E+01      0.3176370E+01
   0.8628163E+01      0.3181716E+01
   0.8652230E+01      0.3190244E+01
   0.8676298E+01      0.3201986E+01
   0.8700365E+01      0.3911021E+01
   0.8724432E+01      0.3559232E+01
   0.8748500E+01      0.3500963E+01
   0.8772567E+01      0.6312565E+01
   0.8796635E+01      0.5363118E+01
   0.8820702E+01      0.5009194E+01
   0.8844769E+01      0.4823604E+01
   0.8868837E+01      0.4720249E+01
   0.8892904E+01      0.4671540E+01
   0.8916972E+01      0.4671078E+01
   0.8941039E+01      0.4728251E+01
   0.8965106E+01      0.5244489E+01
   0.8989174E+01      0.5428190E+01
   0.9013241E+01      0.7034423E+01
   0.9037309E+01      0.4158985E+01
   0.9061376E+01      0.4254671E+01
   0.9085443E+01      0.3856142E+01
   0.9109511E+01      0.3859155E+01
   0.9133578E+01      0.3874799E+01
   0.9157646E+01      0.3905293E+01
   0.9181713E+01      0.3955183E+01
   0.9205780E+01      0.4033742E+01
   0.9229848E+01      0.4162063E+01
   0.9253915E+01      0.4400131E+01
   0.9277983E+01      0.5031643E+01
   0.9302050E+01      0.3023817E+01
   0.9326117E+01      0.3017321E+01
   0.9350185E+01      0.3264891E+01
   0.9374252E+01      0.3168569E+01
   0.9398320E+01      0.3125511E+01
   0.9422387E+01      0.3097140E+01
   0.9446454E+01      0.3075625E+01
   0.9470522E+01      0.3058399E+01
   0.9494589E+01      0.3998368E+01
   0.9518657E+01      0.3373466E+01
   0.9542724E+01      0.3274345E+01
   0.9566791E+01      0.6271169E+01
   0.9590859E+01      0.5215991E+01
   0.9614926E+01      0.4927700E+01
   0.9638994E+01      0.4824847E+01
   0.9663061E+01      0.4810742E+01
   0.9687128E+01      0.4852788E+01
   0.9711196E+01      0.4932899E+01
   0.9735263E+01      0.5422650E+01
   0.9759331E+01      0.5451874E+01
   0.9783398E+01      0.5006894E+01
   0.9807465E+01      0.4861313E+01
   0.9831533E+01      0.4700106E+01
   0.9855600E+01      0.4546907E+01
   0.9879668E+01      0.4412467E+01
   0.9903735E+01      0.4298553E+01
   0.9927802E+01      0.4202929E+01
   0.9951870E+01      0.4706789E+01
   0.9975937E+01      0.4336325E+01
   0.1000000E+02      0.4208820E+01
 &
