 iscf   Eharris(eV)      E_KS(eV)   FreeEng(eV)    dHmax    dDmax   Ef(eV)
    1      -31.3388      -31.3308      -31.3308   0.01068   0.00000 -4.73493
    2      -31.3381      -31.3381      -31.3381   0.00222   0.00000 -4.85617
    3      -31.3381      -31.3374      -31.3374   0.00079   0.00000 -4.84300
    4      -31.3381      -31.3379      -31.3379   0.00024   0.00000 -4.84414
    5      -31.3381      -31.3375      -31.3375   0.00072   0.00000 -4.84423
    6      -31.3381      -31.3375      -31.3375   0.00070   0.00000 -4.84426
    7      -31.3381      -31.3375      -31.3375   0.00067   0.00000 -4.84428
    8      -31.3381      -31.3375      -31.3375   0.00065   0.00000 -4.84431
    9      -31.3381      -31.3376      -31.3376   0.00063   0.00000 -4.84433
   10      -31.3381      -31.3376      -31.3376   0.00061   0.00000 -4.84435
   11      -31.3381      -31.3376      -31.3376   0.00059   0.00000 -4.84438
   12      -31.3381      -31.3376      -31.3376   0.00057   0.00000 -4.84440
   13      -31.3381      -31.3376      -31.3376   0.00056   0.00000 -4.84442
   14      -31.3381      -31.3376      -31.3376   0.00054   0.00000 -4.84444
   15      -31.3381      -31.3376      -31.3376   0.00052   0.00000 -4.84446
   16      -31.3381      -31.3376      -31.3376   0.00050   0.00000 -4.84448
   17      -31.3381      -31.3376      -31.3376   0.00049   0.00000 -4.84450
   18      -31.3381      -31.3377      -31.3377   0.00047   0.00000 -4.84452
   19      -31.3381      -31.3377      -31.3377   0.00046   0.00000 -4.84454
   20      -31.3381      -31.3377      -31.3377   0.00044   0.00000 -4.84456
   21      -31.3381      -31.3377      -31.3377   0.00043   0.00000 -4.84458
   22      -31.3381      -31.3377      -31.3377   0.00042   0.00000 -4.84459
   23      -31.3381      -31.3377      -31.3377   0.00040   0.00000 -4.84461
   24      -31.3381      -31.3377      -31.3377   0.00039   0.00000 -4.84463
   25      -31.3381      -31.3377      -31.3377   0.00038   0.00000 -4.84465
   26      -31.3381      -31.3377      -31.3377   0.00037   0.00000 -4.84466
   27      -31.3381      -31.3377      -31.3377   0.00036   0.00000 -4.84468
   28      -31.3381      -31.3377      -31.3377   0.00034   0.00000 -4.84469
   29      -31.3381      -31.3378      -31.3378   0.00033   0.00000 -4.84471
   30      -31.3381      -31.3378      -31.3378   0.00032   0.00000 -4.84472
   31      -31.3381      -31.3378      -31.3378   0.00031   0.00000 -4.84474
   32      -31.3381      -31.3378      -31.3378   0.00030   0.00000 -4.84475
   33      -31.3381      -31.3378      -31.3378   0.00029   0.00000 -4.84477
   34      -31.3381      -31.3378      -31.3378   0.00028   0.00000 -4.84478
   35      -31.3381      -31.3378      -31.3378   0.00028   0.00000 -4.84479
   36      -31.3381      -31.3378      -31.3378   0.00027   0.00000 -4.84480
   37      -31.3381      -31.3378      -31.3378   0.00026   0.00000 -4.84482
   38      -31.3381      -31.3378      -31.3378   0.00025   0.00000 -4.84483
   39      -31.3381      -31.3378      -31.3378   0.00024   0.00000 -4.84484
   40      -31.3381      -31.3378      -31.3378   0.00023   0.00000 -4.84485
   41      -31.3381      -31.3378      -31.3378   0.00023   0.00000 -4.84486
   42      -31.3381      -31.3378      -31.3378   0.00022   0.00000 -4.84488
   43      -31.3381      -31.3378      -31.3378   0.00021   0.00000 -4.84489
   44      -31.3381      -31.3379      -31.3379   0.00021   0.00000 -4.84490
   45      -31.3381      -31.3379      -31.3379   0.00020   0.00000 -4.84491
   46      -31.3381      -31.3379      -31.3379   0.00019   0.00000 -4.84492
   47      -31.3381      -31.3379      -31.3379   0.00019   0.00000 -4.84493
   48      -31.3381      -31.3379      -31.3379   0.00019   0.00000 -4.84494
   49      -31.3381      -31.3379      -31.3379   0.00018   0.00000 -4.84495
   50      -31.3381      -31.3379      -31.3379   0.00018   0.00000 -4.84496
   51      -31.3381      -31.3379      -31.3379   0.00018   0.00000 -4.84497
   52      -31.3381      -31.3379      -31.3379   0.00017   0.00000 -4.84498
   53      -31.3381      -31.3379      -31.3379   0.00017   0.00000 -4.84498
   54      -31.3381      -31.3379      -31.3379   0.00017   0.00000 -4.84499
   55      -31.3381      -31.3379      -31.3379   0.00016   0.00000 -4.84500
   56      -31.3381      -31.3379      -31.3379   0.00016   0.00000 -4.84501
   57      -31.3381      -31.3379      -31.3379   0.00016   0.00000 -4.84502
   58      -31.3381      -31.3379      -31.3379   0.00016   0.00000 -4.84503
   59      -31.3381      -31.3379      -31.3379   0.00015   0.00000 -4.84503
   60      -31.3381      -31.3379      -31.3379   0.00015   0.00000 -4.84504
   61      -31.3381      -31.3379      -31.3379   0.00015   0.00000 -4.84505
   62      -31.3381      -31.3379      -31.3379   0.00014   0.00000 -4.84506
   63      -31.3381      -31.3379      -31.3379   0.00014   0.00000 -4.84506
   64      -31.3381      -31.3379      -31.3379   0.00014   0.00000 -4.84507
   65      -31.3381      -31.3379      -31.3379   0.00014   0.00000 -4.84508
   66      -31.3381      -31.3380      -31.3380   0.00013   0.00000 -4.84508
   67      -31.3381      -31.3380      -31.3380   0.00013   0.00000 -4.84509
   68      -31.3381      -31.3380      -31.3380   0.00013   0.00000 -4.84510
   69      -31.3381      -31.3380      -31.3380   0.00013   0.00000 -4.84510
   70      -31.3381      -31.3380      -31.3380   0.00012   0.00000 -4.84511
   71      -31.3381      -31.3380      -31.3380   0.00012   0.00000 -4.84511
   72      -31.3381      -31.3380      -31.3380   0.00012   0.00000 -4.84512
   73      -31.3381      -31.3380      -31.3380   0.00012   0.00000 -4.84513
   74      -31.3381      -31.3380      -31.3380   0.00011   0.00000 -4.84513
   75      -31.3381      -31.3380      -31.3380   0.00011   0.00000 -4.84514
   76      -31.3381      -31.3380      -31.3380   0.00011   0.00000 -4.84514
   77      -31.3381      -31.3380      -31.3380   0.00011   0.00000 -4.84515
   78      -31.3381      -31.3380      -31.3380   0.00011   0.00000 -4.84515
   79      -31.3381      -31.3380      -31.3380   0.00010   0.00000 -4.84516
   80      -31.3381      -31.3380      -31.3380   0.00010   0.00000 -4.84516
   81      -31.3381      -31.3380      -31.3380   0.00010   0.00000 -4.84517
   82      -31.3381      -31.3380      -31.3380   0.00010   0.00000 -4.84517
   83      -31.3381      -31.3380      -31.3380   0.00010   0.00000 -4.84517
   84      -31.3381      -31.3380      -31.3380   0.00009   0.00000 -4.84518
   85      -31.3381      -31.3380      -31.3380   0.00009   0.00000 -4.84518
   86      -31.3381      -31.3380      -31.3380   0.00009   0.00000 -4.84519
   87      -31.3381      -31.3380      -31.3380   0.00009   0.00000 -4.84519
   88      -31.3381      -31.3380      -31.3380   0.00009   0.00000 -4.84520
   89      -31.3381      -31.3380      -31.3380   0.00009   0.00000 -4.84520
   90      -31.3381      -31.3380      -31.3380   0.00008   0.00000 -4.84520
   91      -31.3381      -31.3380      -31.3380   0.00008   0.00000 -4.84521
   92      -31.3381      -31.3380      -31.3380   0.00008   0.00000 -4.84521
   93      -31.3381      -31.3380      -31.3380   0.00008   0.00000 -4.84521
   94      -31.3381      -31.3380      -31.3380   0.00008   0.00000 -4.84522
   95      -31.3381      -31.3380      -31.3380   0.00008   0.00000 -4.84522
   96      -31.3381      -31.3380      -31.3380   0.00008   0.00000 -4.84522
   97      -31.3381      -31.3380      -31.3380   0.00007   0.00000 -4.84523
   98      -31.3381      -31.3380      -31.3380   0.00007   0.00000 -4.84523
   99      -31.3381      -31.3380      -31.3380   0.00007   0.00000 -4.84523
  100      -31.3381      -31.3380      -31.3380   0.00007   0.00000 -4.84524
  101      -31.3381      -31.3380      -31.3380   0.00007   0.00000 -4.84524
  102      -31.3381      -31.3380      -31.3380   0.00007   0.00000 -4.84524
  103      -31.3381      -31.3380      -31.3380   0.00007   0.00000 -4.84525
  104      -31.3381      -31.3381      -31.3381   0.00006   0.00000 -4.84525
  105      -31.3381      -31.3381      -31.3381   0.00006   0.00000 -4.84525
  106      -31.3381      -31.3381      -31.3381   0.00006   0.00000 -4.84525
  107      -31.3381      -31.3381      -31.3381   0.00006   0.00000 -4.84526
  108      -31.3381      -31.3381      -31.3381   0.00006   0.00000 -4.84526
  109      -31.3381      -31.3381      -31.3381   0.00006   0.00000 -4.84526
  110      -31.3381      -31.3381      -31.3381   0.00006   0.00000 -4.84526
  111      -31.3381      -31.3381      -31.3381   0.00006   0.00000 -4.84527
  112      -31.3381      -31.3381      -31.3381   0.00006   0.00000 -4.84527
  113      -31.3381      -31.3381      -31.3381   0.00005   0.00000 -4.84527
  114      -31.3381      -31.3381      -31.3381   0.00005   0.00000 -4.84527
  115      -31.3381      -31.3381      -31.3381   0.00005   0.00000 -4.84528
  116      -31.3381      -31.3381      -31.3381   0.00005   0.00000 -4.84528
  117      -31.3381      -31.3381      -31.3381   0.00005   0.00000 -4.84528
  118      -31.3381      -31.3381      -31.3381   0.00005   0.00000 -4.84528
  119      -31.3381      -31.3381      -31.3381   0.00005   0.00000 -4.84528
  120      -31.3381      -31.3381      -31.3381   0.00005   0.00000 -4.84529
  121      -31.3381      -31.3381      -31.3381   0.00005   0.00000 -4.84529
  122      -31.3381      -31.3381      -31.3381   0.00005   0.00000 -4.84529
  123      -31.3381      -31.3381      -31.3381   0.00005   0.00000 -4.84529
  124      -31.3381      -31.3381      -31.3381   0.00004   0.00000 -4.84529
  125      -31.3381      -31.3381      -31.3381   0.00004   0.00000 -4.84530
  126      -31.3381      -31.3381      -31.3381   0.00004   0.00000 -4.84530
  127      -31.3381      -31.3381      -31.3381   0.00004   0.00000 -4.84530
  128      -31.3381      -31.3381      -31.3381   0.00004   0.00000 -4.84530
  129      -31.3381      -31.3381      -31.3381   0.00004   0.00000 -4.84530
  130      -31.3381      -31.3381      -31.3381   0.00004   0.00000 -4.84530
  131      -31.3381      -31.3381      -31.3381   0.00004   0.00000 -4.84531
  132      -31.3381      -31.3381      -31.3381   0.00004   0.00000 -4.84531
  133      -31.3381      -31.3381      -31.3381   0.00004   0.00000 -4.84531
  134      -31.3381      -31.3381      -31.3381   0.00004   0.00000 -4.84531
  135      -31.3381      -31.3381      -31.3381   0.00004   0.00000 -4.84531
  136      -31.3381      -31.3381      -31.3381   0.00004   0.00000 -4.84531
  137      -31.3381      -31.3381      -31.3381   0.00003   0.00000 -4.84531
  138      -31.3381      -31.3381      -31.3381   0.00003   0.00000 -4.84531
  139      -31.3381      -31.3381      -31.3381   0.00003   0.00000 -4.84532
  140      -31.3381      -31.3381      -31.3381   0.00003   0.00000 -4.84532
  141      -31.3381      -31.3381      -31.3381   0.00003   0.00000 -4.84532
  142      -31.3381      -31.3381      -31.3381   0.00003   0.00000 -4.84532
  143      -31.3381      -31.3381      -31.3381   0.00003   0.00000 -4.84532
  144      -31.3381      -31.3381      -31.3381   0.00003   0.00000 -4.84532
  145      -31.3381      -31.3381      -31.3381   0.00003   0.00000 -4.84532
  146      -31.3381      -31.3381      -31.3381   0.00003   0.00000 -4.84532
  147      -31.3381      -31.3381      -31.3381   0.00003   0.00000 -4.84533
  148      -31.3381      -31.3381      -31.3381   0.00003   0.00000 -4.84533
  149      -31.3381      -31.3381      -31.3381   0.00003   0.00000 -4.84533
  150      -31.3381      -31.3381      -31.3381   0.00003   0.00000 -4.84533
  151      -31.3381      -31.3381      -31.3381   0.00003   0.00000 -4.84533
  152      -31.3381      -31.3381      -31.3381   0.00003   0.00000 -4.84533
  153      -31.3381      -31.3381      -31.3381   0.00003   0.00000 -4.84533
  154      -31.3381      -31.3381      -31.3381   0.00002   0.00000 -4.84533
  155      -31.3381      -31.3381      -31.3381   0.00002   0.00000 -4.84533
  156      -31.3381      -31.3381      -31.3381   0.00002   0.00000 -4.84533
  157      -31.3381      -31.3381      -31.3381   0.00002   0.00000 -4.84533
  158      -31.3381      -31.3381      -31.3381   0.00002   0.00000 -4.84534
  159      -31.3381      -31.3381      -31.3381   0.00002   0.00000 -4.84534
  160      -31.3381      -31.3381      -31.3381   0.00002   0.00000 -4.84534
  161      -31.3381      -31.3381      -31.3381   0.00002   0.00000 -4.84534
  162      -31.3381      -31.3381      -31.3381   0.00002   0.00000 -4.84534
  163      -31.3381      -31.3381      -31.3381   0.00002   0.00000 -4.84534
  164      -31.3381      -31.3381      -31.3381   0.00002   0.00000 -4.84534
  165      -31.3381      -31.3381      -31.3381   0.00002   0.00000 -4.84534
  166      -31.3381      -31.3381      -31.3381   0.00002   0.00000 -4.84534
