 iscf   Eharris(eV)      E_KS(eV)   FreeEng(eV)    dHmax    dDmax   Ef(eV)
    1  -195889.8675  -196129.0898  -196129.0898******************  0.00000
    2  -195955.0474  -196075.5288  -196075.5288  1.30610*********  0.00000
    3  -195571.4867  -195812.8229  -195812.8229  3.45351*********  0.00000
    4  -182386.1394  -181875.0129  -181875.0129 32.99962*********  0.00000
    5  -195349.1949  -195291.7463  -195291.7463  5.93372*********  0.00000
    6  -195867.7466  -195878.7914  -195878.7914  2.22681*********  0.00000
    7  -195884.0273  -195894.8949  -195894.8949  1.55994993.80169  0.00000
    8  -195877.5320  -195891.6429  -195891.6429  1.55747*********  0.00000
    9  -195873.4469  -195856.8267  -195856.8267  3.12966*********  0.00000
   10  -195909.8281  -195910.9794  -195910.9794  0.18792661.12979  0.00000
   11  -195903.9428  -195902.0995  -195902.0995  1.41595739.44311  0.00000
   12  -195912.5170  -195912.3352  -195912.3352  0.05485 63.10852  0.00000
   13  -195913.1073  -195912.8091  -195912.8091  0.03748189.15065  0.00000
   14  -195913.4572  -195913.1434  -195913.1434  0.08445 56.39583  0.00000
   15  -195913.2069  -195913.4727  -195913.4727  0.05574 22.03457  0.00000
   16  -195913.5859  -195913.1992  -195913.1992  0.03062143.80235  0.00000
   17  -195913.6135  -195913.6137  -195913.6137  0.01357 28.98893  0.00000
   18  -195913.6781  -195913.7349  -195913.7349  0.00757 21.90833  0.00000
   19  -195913.7153  -195913.6965  -195913.6965  0.00737 24.38693  0.00000
   20  -195913.7357  -195913.7928  -195913.7928  0.00533 21.32777  0.00000
   21  -195913.4443  -195913.4979  -195913.4979  0.00423 33.93550  0.00000
   22  -195913.5632  -195913.5887  -195913.5887  0.00153  5.55622  0.00000
   23  -195913.4667  -195913.5108  -195913.5108  0.00204 19.45935  0.00000
   24  -195913.4675  -195913.4880  -195913.4880  0.00127  7.51420  0.00000
   25  -195913.4631  -195913.4753  -195913.4753  0.00153  5.61842  0.00000
   26  -195913.3991  -195913.4183  -195913.4183  0.00132  5.34333  0.00000
   27  -195913.3698  -195913.3547  -195913.3547  0.00182  0.92062  0.00000
   28  -195913.3934  -195913.3994  -195913.3994  0.00093  1.40438  0.00000
   29  -195913.3697  -195913.3642  -195913.3642  0.00066  1.43993  0.00000
   30  -195913.3477  -195913.3441  -195913.3441  0.00050  1.57132  0.00000
   31  -195913.3737  -195913.3758  -195913.3758  0.00058  0.26610  0.00000
   32  -195913.3635  -195913.3631  -195913.3631  0.00059  0.55436  0.00000
   33  -195913.4005  -195913.3994  -195913.3994  0.00051  0.60226  0.00000
   34  -195913.4651  -195913.4651  -195913.4651  0.00110  0.08947  0.00000
   35  -195913.4359  -195913.4367  -195913.4367  0.00090  0.09445  0.00000
   36  -195913.3660  -195913.3627  -195913.3627  0.00073  0.91373  0.00000
   37  -195913.4194  -195913.4183  -195913.4183  0.00078  0.15595  0.00000
   38  -195913.3623  -195913.3629  -195913.3629  0.00050  0.27451  0.00000
   39  -195913.4116  -195913.4082  -195913.4082  0.00072  0.96775  0.00000
   40  -195913.4302  -195913.4309  -195913.4309  0.00151  0.39107  0.00000
   41  -195913.3861  -195913.3857  -195913.3857  0.00057  0.11132  0.00000
   42  -195913.3439  -195913.3427  -195913.3427  0.00087  0.19910  0.00000
   43  -195913.3664  -195913.3674  -195913.3674  0.00064  0.35213  0.00000
   44  -195913.4562  -195913.4549  -195913.4549  0.00097  0.19582  0.00000
   45  -195913.5398  -195913.5401  -195913.5401  0.00182  0.05468  0.00000
   46  -195913.5469  -195913.5468  -195913.5468  0.00178  0.13233  0.00000
   47  -195913.4200  -195913.4188  -195913.4188  0.00044  0.32898  0.00000
   48  -195913.4300  -195913.4306  -195913.4306  0.00090  0.12856  0.00000
   49  -195913.5018  -195913.5008  -195913.5008  0.00121  0.10026  0.00000
   50  -195913.4555  -195913.4578  -195913.4578  0.00116  0.36764  0.00000
   51  -195913.4703  -195913.4693  -195913.4693  0.00120  0.10392  0.00000
   52  -195913.4280  -195913.4280  -195913.4280  0.00066  0.30971  0.00000
   53  -195913.4065  -195913.4062  -195913.4062  0.00040  0.24827  0.00000
   54  -195913.4222  -195913.4219  -195913.4219  0.00059  0.16614  0.00000
   55  -195913.4126  -195913.4120  -195913.4120  0.00057  0.08208  0.00000
   56  -195913.4223  -195913.4222  -195913.4222  0.00073  0.05017  0.00000
   57  -195913.4492  -195913.4485  -195913.4485  0.00051  0.23560  0.00000
   58  -195913.3742  -195913.3740  -195913.3740  0.00080  0.27670  0.00000
   59  -195913.4245  -195913.4234  -195913.4234  0.00023  0.15485  0.00000
   60  -195913.4514  -195913.4514  -195913.4514  0.00050  0.15420  0.00000
   61  -195913.4370  -195913.4370  -195913.4370  0.00047  0.21391  0.00000
   62  -195913.4598  -195913.4598  -195913.4598  0.00065  0.01816  0.00000
   63  -195913.4847  -195913.4853  -195913.4853  0.00081  0.05499  0.00000
   64  -195913.5497  -195913.5491  -195913.5491  0.00133  0.14829  0.00000
   65  -195913.4786  -195913.4788  -195913.4788  0.00084  0.18828  0.00000
   66  -195913.4072  -195913.4059  -195913.4059  0.00054  0.17686  0.00000
   67  -195913.4470  -195913.4473  -195913.4473  0.00080  0.05290  0.00000
   68  -195913.4381  -195913.4376  -195913.4376  0.00060  0.06001  0.00000
   69  -195913.4879  -195913.4875  -195913.4875  0.00110  0.22067  0.00000
   70  -195913.4178  -195913.4183  -195913.4183  0.00086  0.12065  0.00000
   71  -195913.4481  -195913.4477  -195913.4477  0.00075  0.16634  0.00000
   72  -195913.4904  -195913.4924  -195913.4924  0.00103  0.43643  0.00000
   73  -195913.3898  -195913.3879  -195913.3879  0.00083  0.13870  0.00000
   74  -195913.5175  -195913.5174  -195913.5174  0.00100  0.02212  0.00000
   75  -195913.4938  -195913.4940  -195913.4940  0.00078  0.14385  0.00000
   76  -195913.5490  -195913.5489  -195913.5489  0.00179  0.12731  0.00000
   77  -195913.4231  -195913.4258  -195913.4258  0.00062  0.18016  0.00000
   78  -195913.4373  -195913.4352  -195913.4352  0.00061  0.42198  0.00000
   79  -195913.4606  -195913.4599  -195913.4599  0.00040  0.13464  0.00000
   80  -195913.5346  -195913.5351  -195913.5351  0.00130  0.07706  0.00000
   81  -195913.4668  -195913.4664  -195913.4664  0.00047  0.12214  0.00000
   82  -195913.4702  -195913.4700  -195913.4700  0.00062  0.12485  0.00000
   83  -195913.5091  -195913.5118  -195913.5118  0.00106  0.17747  0.00000
   84  -195913.4972  -195913.4965  -195913.4965  0.00079  0.23341  0.00000
   85  -195913.5320  -195913.5323  -195913.5323  0.00135  0.10581  0.00000
   86  -195913.4972  -195913.5009  -195913.5009  0.00092  1.24005  0.00000
   87  -195913.5189  -195913.5185  -195913.5185  0.00180  0.66699  0.00000
   88  -195913.5167  -195913.5147  -195913.5147  0.00077  0.28919  0.00000
   89  -195913.4117  -195913.4099  -195913.4099  0.00153  0.37639  0.00000
   90  -195913.5150  -195913.5152  -195913.5152  0.00024  0.26303  0.00000
   91  -195913.5125  -195913.5125  -195913.5125  0.00125  0.10138  0.00000
   92  -195913.5610  -195913.5611  -195913.5611  0.00134  0.04702  0.00000
   93  -195913.5174  -195913.5177  -195913.5177  0.00109  0.07319  0.00000
   94  -195913.5178  -195913.5166  -195913.5166  0.00099  0.45537  0.00000
   95  -195913.5448  -195913.5466  -195913.5466  0.00089  0.10604  0.00000
   96  -195913.4659  -195913.4648  -195913.4648  0.00120  0.16630  0.00000
   97  -195913.5260  -195913.5242  -195913.5242  0.00075  0.46728  0.00000
   98  -195913.4740  -195913.4752  -195913.4752  0.00059  0.22959  0.00000
   99  -195913.4681  -195913.4671  -195913.4671  0.00113  0.24347  0.00000
  100  -195913.4459  -195913.4438  -195913.4438  0.00097  0.14849  0.00000
  101  -195913.4570  -195913.4578  -195913.4578  0.00100  0.06661  0.00000
  102  -195913.4851  -195913.4859  -195913.4859  0.00072  0.47403  0.00000
  103  -195913.4430  -195913.4437  -195913.4437  0.00075  0.21610  0.00000
  104  -195913.5050  -195913.5054  -195913.5054  0.00128  0.13283  0.00000
  105  -195913.5034  -195913.5040  -195913.5040  0.00086  0.06994  0.00000
  106  -195913.5094  -195913.5092  -195913.5092  0.00075  0.24963  0.00000
  107  -195913.4676  -195913.4710  -195913.4710  0.00066  0.49486  0.00000
  108  -195913.4971  -195913.4932  -195913.4932  0.00092  0.37088  0.00000
  109  -195913.4548  -195913.4552  -195913.4552  0.00113  0.28728  0.00000
  110  -195913.4635  -195913.4646  -195913.4646  0.00085  0.13373  0.00000
  111  -195913.4849  -195913.4848  -195913.4848  0.00037  0.16152  0.00000
  112  -195913.4947  -195913.4952  -195913.4952  0.00033  0.12397  0.00000
  113  -195913.4122  -195913.4112  -195913.4112  0.00108  0.13305  0.00000
  114  -195913.4112  -195913.4113  -195913.4113  0.00100  0.02379  0.00000
  115  -195913.4824  -195913.4827  -195913.4827  0.00076  0.02661  0.00000
  116  -195913.4743  -195913.4710  -195913.4710  0.00066  0.38104  0.00000
  117  -195913.5006  -195913.5034  -195913.5034  0.00024  0.11604  0.00000
  118  -195913.5601  -195913.5595  -195913.5595  0.00129  0.13368  0.00000
  119  -195913.5270  -195913.5267  -195913.5267  0.00036  0.09153  0.00000
  120  -195913.4909  -195913.4913  -195913.4913  0.00025  0.07622  0.00000
  121  -195913.4786  -195913.4785  -195913.4785  0.00056  0.06044  0.00000
  122  -195913.4979  -195913.4979  -195913.4979  0.00037  0.00965  0.00000
  123  -195913.4809  -195913.4799  -195913.4799  0.00025  0.18953  0.00000
  124  -195913.5523  -195913.5530  -195913.5530  0.00134  0.21246  0.00000
  125  -195913.5358  -195913.5361  -195913.5361  0.00059  0.05132  0.00000
  126  -195913.4779  -195913.4776  -195913.4776  0.00058  0.05876  0.00000
  127  -195913.4938  -195913.4941  -195913.4941  0.00036  0.09932  0.00000
  128  -195913.4987  -195913.4994  -195913.4994  0.00051  0.03886  0.00000
  129  -195913.4849  -195913.4850  -195913.4850  0.00046  0.05411  0.00000
  130  -195913.5420  -195913.5434  -195913.5434  0.00092  0.17231  0.00000
  131  -195913.4846  -195913.4835  -195913.4835  0.00079  0.11235  0.00000
  132  -195913.5474  -195913.5466  -195913.5466  0.00113  0.06297  0.00000
  133  -195913.5044  -195913.5081  -195913.5081  0.00075  0.47488  0.00000
  134  -195913.4053  -195913.4022  -195913.4022  0.00117  0.35182  0.00000
  135  -195913.4327  -195913.4333  -195913.4333  0.00112  0.18700  0.00000
  136  -195913.4841  -195913.4836  -195913.4836  0.00055  0.10770  0.00000
  137  -195913.3882  -195913.3863  -195913.3863  0.00132  0.12108  0.00000
  138  -195913.4460  -195913.4460  -195913.4460  0.00107  0.33967  0.00000
  139  -195913.4156  -195913.4161  -195913.4161  0.00147  0.10079  0.00000
  140  -195913.4105  -195913.4101  -195913.4101  0.00132  0.39231  0.00000
  141  -195913.4958  -195913.4947  -195913.4947  0.00163  0.52791  0.00000
  142  -195913.4498  -195913.4523  -195913.4523  0.00061  0.18686  0.00000
  143  -195913.4596  -195913.4583  -195913.4583  0.00037  0.25614  0.00000
  144  -195913.5227  -195913.5241  -195913.5241  0.00120  0.14229  0.00000
  145  -195913.4513  -195913.4507  -195913.4507  0.00025  0.07639  0.00000
  146  -195913.3879  -195913.3872  -195913.3872  0.00132  0.04147  0.00000
  147  -195913.4844  -195913.4848  -195913.4848  0.00093  0.06249  0.00000
  148  -195913.4785  -195913.4785  -195913.4785  0.00074  0.01432  0.00000
  149  -195913.4415  -195913.4440  -195913.4440  0.00060  0.25440  0.00000
  150  -195913.5111  -195913.5085  -195913.5085  0.00127  0.13654  0.00000
  151  -195913.4492  -195913.4486  -195913.4486  0.00038  0.14338  0.00000
  152  -195913.3898  -195913.3903  -195913.3903  0.00100  0.05890  0.00000
  153  -195913.4453  -195913.4449  -195913.4449  0.00073  0.12380  0.00000
  154  -195913.4321  -195913.4332  -195913.4332  0.00063  0.10417  0.00000
  155  -195913.4341  -195913.4322  -195913.4322  0.00073  0.25230  0.00000
  156  -195913.4448  -195913.4455  -195913.4455  0.00044  0.36942  0.00000
  157  -195913.4677  -195913.4674  -195913.4674  0.00068  0.27289  0.00000
  158  -195913.4344  -195913.4345  -195913.4345  0.00032  0.05594  0.00000
  159  -195913.4461  -195913.4462  -195913.4462  0.00055  0.01629  0.00000
  160  -195913.4720  -195913.4718  -195913.4718  0.00050  0.05181  0.00000
  161  -195913.4593  -195913.4605  -195913.4605  0.00061  0.07140  0.00000
  162  -195913.4828  -195913.4849  -195913.4849  0.00057  0.45628  0.00000
  163  -195913.5139  -195913.5140  -195913.5140  0.00117  0.06847  0.00000
  164  -195913.5372  -195913.5361  -195913.5361  0.00144  0.18051  0.00000
  165  -195913.5029  -195913.5039  -195913.5039  0.00083  0.58602  0.00000
  166  -195913.4326  -195913.4319  -195913.4319  0.00108  0.48939  0.00000
  167  -195913.5077  -195913.5063  -195913.5063  0.00050  0.11291  0.00000
  168  -195913.4662  -195913.4649  -195913.4649  0.00050  0.19511  0.00000
  169  -195913.4502  -195913.4495  -195913.4495  0.00055  0.32018  0.00000
  170  -195913.4760  -195913.4781  -195913.4781  0.00024  0.21752  0.00000
  171  -195913.4418  -195913.4419  -195913.4419  0.00083  0.21968  0.00000
