cpu-bind=MASK - cn1036, task  0  0 [64931]: mask 0xffffffffffffffff set
-1.0998942658E+001
--------------------------------------------------------------------------
Open MPI failed an OFI Libfabric library call (fi_domain).  This is highly
unusual; your job may behave unpredictably (and/or abort) after this.

  Local host: cn1036
  Location: mtl_ofi_component.c:928
  Error: No data available (61)
--------------------------------------------------------------------------
[cn1036.scarf.rl.ac.uk:64987] 239 more processes have sent help message help-mtl-ofi.txt / OFI call fail
[cn1036.scarf.rl.ac.uk:64987] Set MCA parameter "orte_base_help_aggregate" to 0 to see all help / error messages
[1679308811.470051] [cn1036:65087:0]          mpool.c:43   UCX  WARN  object 0xa675740 was not returned to mpool ucp_requests
[1679308811.470102] [cn1036:65081:0]          mpool.c:43   UCX  WARN  object 0xc12bd80 was not returned to mpool ucp_requests
[1679308811.472638] [cn1036:65072:0]          mpool.c:43   UCX  WARN  object 0x61ba7c0 was not returned to mpool ucp_requests
[1679308811.472651] [cn1036:65076:0]          mpool.c:43   UCX  WARN  object 0xbd51d80 was not returned to mpool ucp_requests
[1679308811.472638] [cn1036:65070:0]          mpool.c:43   UCX  WARN  object 0x5fd8840 was not returned to mpool ucp_requests
[1679308811.472692] [cn1036:65062:0]          mpool.c:43   UCX  WARN  object 0xb55ae80 was not returned to mpool ucp_requests
[1679308811.472733] [cn1036:65056:0]          mpool.c:43   UCX  WARN  object 0xbf640c0 was not returned to mpool ucp_requests
[1679308811.472749] [cn1036:65065:0]          mpool.c:43   UCX  WARN  object 0xa659200 was not returned to mpool ucp_requests
[1679308811.472743] [cn1036:65059:0]          mpool.c:43   UCX  WARN  object 0x6302d80 was not returned to mpool ucp_requests
[1679308811.473275] [cn1036:65083:0]          mpool.c:43   UCX  WARN  object 0xb2eb900 was not returned to mpool ucp_requests
cp: cannot stat ‘0V-VH_z-00.dat’: No such file or directory
cp: cannot stat ‘0V-VH_z-00.dat’: No such file or directory
cp: cannot stat ‘0V-RHO_z-00.dat’: No such file or directory
cp: cannot stat ‘0V-RHO_z-00.dat’: No such file or directory
