 @target G2.S0
 @type xy
  -0.2721140E+02      0.3864235E-13
  -0.2715465E+02      0.1540857E-12
  -0.2709790E+02     -0.2929655E-13
  -0.2704115E+02      0.6429280E-14
  -0.2698440E+02     -0.9329289E-13
  -0.2692765E+02      0.1024804E-12
  -0.2687090E+02      0.5823666E-13
  -0.2681415E+02      0.1825706E-12
  -0.2675740E+02      0.2832695E-13
  -0.2670065E+02     -0.1191431E-12
  -0.2664390E+02      0.1978258E-13
  -0.2658715E+02     -0.8180736E-13
  -0.2653040E+02     -0.1225575E-13
  -0.2647365E+02      0.1608013E-13
  -0.2641690E+02     -0.3856657E-13
  -0.2636015E+02     -0.2340953E-12
  -0.2630340E+02     -0.5456223E-14
  -0.2624665E+02      0.3076261E-13
  -0.2618990E+02     -0.5274246E-13
  -0.2613316E+02      0.5014709E-13
  -0.2607641E+02      0.3847769E-13
  -0.2601966E+02      0.1216206E-13
  -0.2596291E+02      0.3770555E-13
  -0.2590616E+02      0.2190941E-13
  -0.2584941E+02      0.9298536E-13
  -0.2579266E+02     -0.3439089E-13
  -0.2573591E+02      0.1648646E-12
  -0.2567916E+02      0.4865195E-13
  -0.2562241E+02      0.9353641E-13
  -0.2556566E+02     -0.1128569E-12
  -0.2550891E+02      0.1352764E-12
  -0.2545216E+02     -0.3208122E-12
  -0.2539541E+02      0.9644703E-13
  -0.2533866E+02      0.2169119E-12
  -0.2528191E+02      0.2262209E-12
  -0.2522516E+02      0.1140002E-12
  -0.2516841E+02     -0.1947716E-13
  -0.2511166E+02      0.5898860E-15
  -0.2505491E+02     -0.1690908E-12
  -0.2499816E+02     -0.1172758E-12
  -0.2494142E+02     -0.2265322E-12
  -0.2488467E+02     -0.8597836E-13
  -0.2482792E+02      0.5907502E-14
  -0.2477117E+02      0.9998293E-13
  -0.2471442E+02      0.5454242E-13
  -0.2465767E+02     -0.4768429E-13
  -0.2460092E+02      0.2440040E-12
  -0.2454417E+02      0.1368625E-12
  -0.2448742E+02     -0.1590831E-12
  -0.2443067E+02      0.5449028E-13
  -0.2437392E+02     -0.1776681E-12
  -0.2431717E+02     -0.7112686E-13
  -0.2426042E+02     -0.7417078E-13
  -0.2420367E+02      0.9383150E-15
  -0.2414692E+02     -0.3147845E-12
  -0.2409017E+02     -0.7184080E-13
  -0.2403342E+02     -0.3491884E-13
  -0.2397667E+02      0.2486036E-13
  -0.2391992E+02      0.1646444E-12
  -0.2386317E+02     -0.1874539E-12
  -0.2380642E+02      0.3622179E-12
  -0.2374968E+02      0.9101171E-14
  -0.2369293E+02     -0.2649031E-13
  -0.2363618E+02      0.4017233E-13
  -0.2357943E+02      0.6954083E-13
  -0.2352268E+02      0.7697082E-13
  -0.2346593E+02      0.1342767E-12
  -0.2340918E+02      0.1769262E-12
  -0.2335243E+02      0.2621162E-13
  -0.2329568E+02      0.1120393E-13
  -0.2323893E+02      0.1100398E-12
  -0.2318218E+02      0.4657903E-13
  -0.2312543E+02     -0.6497105E-13
  -0.2306868E+02      0.1110857E-12
  -0.2301193E+02     -0.9566708E-13
  -0.2295518E+02      0.4128526E-13
  -0.2289843E+02     -0.2348034E-12
  -0.2284168E+02     -0.2961539E-13
  -0.2278493E+02     -0.3051626E-13
  -0.2272818E+02     -0.2894778E-13
  -0.2267143E+02      0.7077390E-13
  -0.2261468E+02      0.2512136E-12
  -0.2255794E+02     -0.2960841E-12
  -0.2250119E+02      0.2054532E-12
  -0.2244444E+02      0.3007676E-12
  -0.2238769E+02      0.1545026E-13
  -0.2233094E+02     -0.3569603E-14
  -0.2227419E+02     -0.4441934E-14
  -0.2221744E+02      0.8128019E-13
  -0.2216069E+02     -0.1316483E-12
  -0.2210394E+02      0.2369895E-12
  -0.2204719E+02     -0.6283068E-13
  -0.2199044E+02     -0.1349555E-12
  -0.2193369E+02     -0.5462515E-13
  -0.2187694E+02      0.2201251E-12
  -0.2182019E+02      0.9131684E-13
  -0.2176344E+02     -0.9213471E-13
  -0.2170669E+02     -0.2036741E-12
  -0.2164994E+02     -0.1314510E-12
  -0.2159319E+02     -0.5964958E-13
  -0.2153644E+02     -0.2373375E-12
  -0.2147969E+02     -0.1025671E-12
  -0.2142294E+02     -0.1013474E-13
  -0.2136620E+02      0.2187827E-13
  -0.2130945E+02      0.2431570E-13
  -0.2125270E+02      0.1686027E-13
  -0.2119595E+02     -0.1656310E-13
  -0.2113920E+02     -0.9378201E-13
  -0.2108245E+02     -0.1816572E-13
  -0.2102570E+02      0.2289452E-12
  -0.2096895E+02     -0.8438997E-13
  -0.2091220E+02      0.8282277E-13
  -0.2085545E+02      0.1089981E-13
  -0.2079870E+02      0.2652448E-12
  -0.2074195E+02      0.2943220E-13
  -0.2068520E+02     -0.4338733E-13
  -0.2062845E+02     -0.1885298E-12
  -0.2057170E+02      0.7256672E-13
  -0.2051495E+02     -0.1143185E-12
  -0.2045820E+02      0.1144448E-12
  -0.2040145E+02      0.1068931E-12
  -0.2034470E+02     -0.7778738E-13
  -0.2028795E+02      0.3906598E-13
  -0.2023120E+02      0.2154747E-12
  -0.2017446E+02      0.5406041E-13
  -0.2011771E+02      0.3570673E-14
  -0.2006096E+02      0.9622918E-13
  -0.2000421E+02     -0.1828969E-12
  -0.1994746E+02      0.1136675E-12
  -0.1989071E+02      0.5861007E-13
  -0.1983396E+02     -0.2350523E-14
  -0.1977721E+02      0.1650039E-12
  -0.1972046E+02     -0.1878724E-13
  -0.1966371E+02     -0.8617152E-13
  -0.1960696E+02     -0.2000751E-13
  -0.1955021E+02     -0.6795243E-13
  -0.1949346E+02      0.6779717E-13
  -0.1943671E+02      0.1246159E-12
  -0.1937996E+02      0.1124075E-12
  -0.1932321E+02      0.2082124E-12
  -0.1926646E+02      0.8550265E-14
  -0.1920971E+02      0.4196827E-14
  -0.1915296E+02     -0.2597852E-12
  -0.1909621E+02      0.2153502E-13
  -0.1903946E+02     -0.1157182E-12
  -0.1898272E+02     -0.1512778E-12
  -0.1892597E+02     -0.5580482E-13
  -0.1886922E+02      0.8761401E-13
  -0.1881247E+02     -0.3294478E-13
  -0.1875572E+02      0.2478577E-14
  -0.1869897E+02     -0.8741007E-13
  -0.1864222E+02      0.3730092E-13
  -0.1858547E+02     -0.7065517E-13
  -0.1852872E+02      0.7049171E-14
  -0.1847197E+02     -0.2087418E-12
  -0.1841522E+02      0.1734530E-12
  -0.1835847E+02     -0.1008057E-12
  -0.1830172E+02      0.4090771E-14
  -0.1824497E+02      0.1036142E-12
  -0.1818822E+02     -0.9621052E-13
  -0.1813147E+02     -0.1245995E-12
  -0.1807472E+02     -0.6248438E-13
  -0.1801797E+02     -0.8719350E-14
  -0.1796122E+02     -0.1628504E-13
  -0.1790447E+02     -0.1127722E-12
  -0.1784772E+02     -0.7532484E-13
  -0.1779098E+02      0.1451921E-12
  -0.1773423E+02     -0.2186172E-13
  -0.1767748E+02     -0.1153778E-12
  -0.1762073E+02      0.8292611E-13
  -0.1756398E+02      0.4476213E-13
  -0.1750723E+02     -0.1266268E-12
  -0.1745048E+02      0.8701428E-13
  -0.1739373E+02      0.5621785E-13
  -0.1733698E+02      0.8273293E-13
  -0.1728023E+02     -0.1714325E-12
  -0.1722348E+02      0.1204681E-12
  -0.1716673E+02     -0.1109946E-12
  -0.1710998E+02     -0.3385537E-12
  -0.1705323E+02      0.1229422E-12
  -0.1699648E+02     -0.1431470E-13
  -0.1693973E+02      0.4119227E-13
  -0.1688298E+02      0.1244184E-13
  -0.1682623E+02      0.1726673E-13
  -0.1676948E+02      0.2570106E-13
  -0.1671273E+02     -0.9150591E-13
  -0.1665598E+02     -0.1618790E-12
  -0.1659924E+02      0.2065826E-12
  -0.1654249E+02     -0.4913138E-13
  -0.1648574E+02      0.7498723E-13
  -0.1642899E+02     -0.1990618E-12
  -0.1637224E+02     -0.7948898E-13
  -0.1631549E+02      0.4753707E-13
  -0.1625874E+02      0.4646787E-13
  -0.1620199E+02     -0.2120800E-12
  -0.1614524E+02      0.2958677E-13
  -0.1608849E+02      0.3552804E-13
  -0.1603174E+02      0.1994417E-13
  -0.1597499E+02      0.1880055E-12
  -0.1591824E+02      0.2157598E-13
  -0.1586149E+02     -0.2039678E-13
  -0.1580474E+02      0.9482093E-13
  -0.1574799E+02      0.1231323E-13
  -0.1569124E+02      0.7674952E-14
  -0.1563449E+02     -0.7196853E-13
  -0.1557774E+02      0.1541307E-13
  -0.1552099E+02      0.1066855E-12
  -0.1546424E+02     -0.1137433E-12
  -0.1540750E+02     -0.1264564E-12
  -0.1535075E+02      0.3442886E-13
  -0.1529400E+02     -0.2233186E-12
  -0.1523725E+02     -0.3180633E-13
  -0.1518050E+02      0.8963597E-13
  -0.1512375E+02     -0.9275694E-13
  -0.1506700E+02     -0.3253036E-13
  -0.1501025E+02     -0.1759159E-13
  -0.1495350E+02      0.2088201E-13
  -0.1489675E+02      0.8328396E-13
  -0.1484000E+02      0.4209778E-13
  -0.1478325E+02     -0.1056118E-12
  -0.1472650E+02     -0.1781437E-12
  -0.1466975E+02     -0.1418717E-12
  -0.1461300E+02      0.4379890E-13
  -0.1455625E+02     -0.7232610E-13
  -0.1449950E+02      0.2010501E-13
  -0.1444275E+02      0.1408584E-12
  -0.1438600E+02      0.4641580E-14
  -0.1432925E+02     -0.9388913E-13
  -0.1427250E+02      0.4952170E-13
  -0.1421576E+02     -0.1979301E-12
  -0.1415901E+02      0.1135203E-12
  -0.1410226E+02     -0.2175543E-12
  -0.1404551E+02     -0.1875136E-12
  -0.1398876E+02      0.4008439E-13
  -0.1393201E+02      0.1057469E-12
  -0.1387526E+02     -0.1165554E-12
  -0.1381851E+02      0.3134014E-13
  -0.1376176E+02     -0.9298373E-14
  -0.1370501E+02     -0.8171046E-13
  -0.1364826E+02      0.1556810E-12
  -0.1359151E+02      0.4901290E-13
  -0.1353476E+02     -0.1649340E-13
  -0.1347801E+02     -0.7200295E-13
  -0.1342126E+02      0.6776677E-09
  -0.1336451E+02      0.5237161E-13
  -0.1330776E+02      0.7810559E-14
  -0.1325101E+02      0.5031548E-13
  -0.1319426E+02     -0.8396836E-13
  -0.1313751E+02     -0.3317246E-13
  -0.1308077E+02      0.2134215E-12
  -0.1302402E+02      0.1755957E-12
  -0.1296727E+02     -0.8146604E-13
  -0.1291052E+02     -0.8359499E-13
  -0.1285377E+02     -0.3729229E-14
  -0.1279702E+02     -0.8805189E-13
  -0.1274027E+02      0.3748604E-13
  -0.1268352E+02      0.1587798E-13
  -0.1262677E+02     -0.4751764E-13
  -0.1257002E+02      0.2963424E-13
  -0.1251327E+02      0.1259144E-12
  -0.1245652E+02     -0.3240472E-13
  -0.1239977E+02     -0.6319157E-13
  -0.1234302E+02      0.7905716E-14
  -0.1228627E+02      0.6923767E-13
  -0.1222952E+02      0.6502037E-15
  -0.1217277E+02     -0.3151308E-13
  -0.1211602E+02      0.1429303E-13
  -0.1205927E+02     -0.2433368E-12
  -0.1200252E+02      0.2031826E-13
  -0.1194577E+02      0.2353959E-13
  -0.1188903E+02     -0.8503084E-13
  -0.1183228E+02     -0.9485191E-13
  -0.1177553E+02      0.8217942E-13
  -0.1171878E+02      0.7075689E-13
  -0.1166203E+02     -0.8998164E-13
  -0.1160528E+02      0.1911690E-13
  -0.1154853E+02      0.1617260E-13
  -0.1149178E+02     -0.1404188E-12
  -0.1143503E+02     -0.2073263E-13
  -0.1137828E+02      0.1069652E-12
  -0.1132153E+02     -0.1773658E-13
  -0.1126478E+02      0.7162507E-13
  -0.1120803E+02      0.5892336E-13
  -0.1115128E+02      0.1428664E-12
  -0.1109453E+02     -0.1191748E-12
  -0.1103778E+02      0.6135916E-13
  -0.1098103E+02     -0.3979413E-13
  -0.1092428E+02      0.1675547E-12
  -0.1086753E+02     -0.3034671E-13
  -0.1081078E+02     -0.4158413E-13
  -0.1075403E+02     -0.5211195E-13
  -0.1069729E+02      0.7453962E-12
  -0.1064054E+02     -0.2194275E-13
  -0.1058379E+02      0.4660170E-14
  -0.1052704E+02      0.2761180E-13
  -0.1047029E+02      0.5465822E-13
  -0.1041354E+02     -0.4030573E-13
  -0.1035679E+02     -0.8668532E-14
  -0.1030004E+02      0.4537570E-13
  -0.1024329E+02     -0.3104646E-13
  -0.1018654E+02      0.7665214E-14
  -0.1012979E+02      0.7887650E-13
  -0.1007304E+02      0.9603031E-13
  -0.1001629E+02      0.1554498E-12
  -0.9959541E+01     -0.3715200E-13
  -0.9902792E+01      0.1024360E-12
  -0.9846042E+01      0.5042756E-13
  -0.9789293E+01      0.7010000E-13
  -0.9732543E+01      0.1465140E-13
  -0.9675794E+01      0.1003766E-13
  -0.9619044E+01      0.3873712E-13
  -0.9562295E+01      0.1311801E-12
  -0.9505545E+01     -0.1088804E-12
  -0.9448796E+01      0.1656826E-13
  -0.9392046E+01     -0.6858253E-13
  -0.9335297E+01     -0.1036074E-12
  -0.9278547E+01     -0.3116210E-12
  -0.9221797E+01      0.7186897E-13
  -0.9165048E+01      0.2158619E-13
  -0.9108298E+01     -0.3894805E-12
  -0.9051549E+01     -0.2451839E-12
  -0.8994799E+01     -0.5794777E-12
  -0.8938050E+01      0.1736958E+01
  -0.8881300E+01      0.6061428E+01
  -0.8824551E+01      0.6388836E+01
  -0.8767801E+01      0.6022550E+01
  -0.8711052E+01      0.5139280E+01
  -0.8654302E+01      0.5240901E+01
  -0.8597553E+01      0.4941193E+01
  -0.8540803E+01      0.4957596E+01
  -0.8484054E+01      0.5487802E+01
  -0.8427304E+01      0.6479035E+01
  -0.8370555E+01      0.5964894E+01
  -0.8313805E+01      0.4426402E+01
  -0.8257056E+01      0.3711442E+01
  -0.8200306E+01      0.3398868E+01
  -0.8143557E+01      0.3235081E+01
  -0.8086807E+01      0.3133800E+01
  -0.8030057E+01      0.6464866E+01
  -0.7973308E+01      0.6610727E+01
  -0.7916558E+01      0.6445726E+01
  -0.7859809E+01      0.1488576E+02
  -0.7803059E+01      0.9491246E+01
  -0.7746310E+01      0.8625735E+01
  -0.7689560E+01      0.7474331E+01
  -0.7632811E+01      0.6613532E+01
  -0.7576061E+01      0.6160378E+01
  -0.7519312E+01      0.6039120E+01
  -0.7462562E+01      0.6126484E+01
  -0.7405813E+01      0.6317088E+01
  -0.7349063E+01      0.6553817E+01
  -0.7292314E+01      0.6846040E+01
  -0.7235564E+01      0.7266106E+01
  -0.7178815E+01      0.7968955E+01
  -0.7122065E+01      0.3654778E+02
  -0.7065316E+01      0.4884531E+02
  -0.7008566E+01      0.2644882E+02
  -0.6951817E+01      0.2379721E+02
  -0.6895067E+01      0.1912919E+02
  -0.6838318E+01      0.1558145E+02
  -0.6781568E+01      0.2079939E+02
  -0.6724818E+01      0.4732616E+02
  -0.6668069E+01      0.4001228E+02
  -0.6611319E+01      0.4440103E+02
  -0.6554570E+01      0.4562801E+02
  -0.6497820E+01      0.4839134E+02
  -0.6441071E+01      0.4947189E+02
  -0.6384321E+01      0.6046904E+02
  -0.6327572E+01      0.6878701E+02
  -0.6270822E+01      0.7497551E+02
  -0.6214073E+01      0.7683572E+02
  -0.6157323E+01      0.7093524E+02
  -0.6100574E+01      0.7323498E+02
  -0.6043824E+01      0.7085549E+02
  -0.5987075E+01      0.6633137E+02
  -0.5930325E+01      0.6400541E+02
  -0.5873576E+01      0.6771861E+02
  -0.5816826E+01      0.1466265E+03
  -0.5760077E+01      0.8940301E+02
  -0.5703327E+01      0.8038268E+02
  -0.5646578E+01      0.6846846E+02
  -0.5589828E+01      0.7017445E+02
  -0.5533078E+01      0.9696199E+02
  -0.5476329E+01      0.8618471E+02
  -0.5419579E+01      0.1051775E+03
  -0.5362830E+01      0.8001614E+02
  -0.5306080E+01      0.8178945E+02
  -0.5249331E+01      0.7782006E+02
  -0.5192581E+01      0.8754550E+02
  -0.5135832E+01      0.7783098E+02
  -0.5079082E+01      0.7169826E+02
  -0.5022333E+01      0.8554030E+02
  -0.4965583E+01      0.1142047E+03
  -0.4908834E+01      0.1223061E+03
  -0.4852084E+01      0.1378246E+03
  -0.4795335E+01      0.1122045E+03
  -0.4738585E+01      0.1225605E+03
  -0.4681836E+01      0.9156139E+02
  -0.4625086E+01      0.1166878E+03
  -0.4568337E+01      0.1234748E+03
  -0.4511587E+01      0.1315770E+03
  -0.4454838E+01      0.1352121E+03
  -0.4398088E+01      0.1127535E+03
  -0.4341338E+01      0.1279098E+03
  -0.4284589E+01      0.1293985E+03
  -0.4227839E+01      0.1432820E+03
  -0.4171090E+01      0.1330831E+03
  -0.4114340E+01      0.1321379E+03
  -0.4057591E+01      0.1675455E+03
  -0.4000841E+01      0.1386326E+03
  -0.3944092E+01      0.1280827E+03
  -0.3887342E+01      0.1044109E+03
  -0.3830593E+01      0.1082456E+03
  -0.3773843E+01      0.1185506E+03
  -0.3717094E+01      0.9647927E+02
  -0.3660344E+01      0.8010440E+02
  -0.3603595E+01      0.7121170E+02
  -0.3546845E+01      0.8061962E+02
  -0.3490096E+01      0.1028210E+03
  -0.3433346E+01      0.1087569E+03
  -0.3376597E+01      0.1302355E+03
  -0.3319847E+01      0.1089584E+03
  -0.3263098E+01      0.1094479E+03
  -0.3206348E+01      0.1099448E+03
  -0.3149599E+01      0.1194563E+03
  -0.3092849E+01      0.1369256E+03
  -0.3036099E+01      0.1711160E+03
  -0.2979350E+01      0.1116684E+03
  -0.2922600E+01      0.1330887E+03
  -0.2865851E+01      0.1154409E+03
  -0.2809101E+01      0.1085344E+03
  -0.2752352E+01      0.1036044E+03
  -0.2695602E+01      0.1113205E+03
  -0.2638853E+01      0.1117946E+03
  -0.2582103E+01      0.9760641E+02
  -0.2525354E+01      0.9678923E+02
  -0.2468604E+01      0.1215450E+03
  -0.2411855E+01      0.1105306E+03
  -0.2355105E+01      0.1051321E+03
  -0.2298356E+01      0.1240381E+03
  -0.2241606E+01      0.1060095E+03
  -0.2184857E+01      0.1017075E+03
  -0.2128107E+01      0.1150970E+03
  -0.2071358E+01      0.1292733E+03
  -0.2014608E+01      0.1386122E+03
  -0.1957859E+01      0.1272779E+03
  -0.1901109E+01      0.1631987E+03
  -0.1844359E+01      0.1380857E+03
  -0.1787610E+01      0.1843296E+03
  -0.1730860E+01      0.7655492E+02
  -0.1674111E+01      0.5414655E+02
  -0.1617361E+01      0.7943477E+02
  -0.1560612E+01      0.7274136E+02
  -0.1503862E+01      0.9331408E+02
  -0.1447113E+01      0.2346137E+02
  -0.1390363E+01      0.2737967E+02
  -0.1333614E+01      0.1829036E+02
  -0.1276864E+01      0.1766071E+02
  -0.1220115E+01      0.1581591E+02
  -0.1163365E+01      0.1950236E+02
  -0.1106616E+01      0.2763083E+02
  -0.1049866E+01      0.2671508E+02
  -0.9931166E+00      0.1896774E+02
  -0.9363671E+00      0.1734170E+02
  -0.8796176E+00      0.1676240E+02
  -0.8228681E+00      0.1652565E+02
  -0.7661186E+00      0.1667655E+02
  -0.7093690E+00      0.1775398E+02
  -0.6526195E+00      0.1688937E+02
  -0.5958700E+00      0.1600776E+02
  -0.5391205E+00      0.1658373E+02
  -0.4823709E+00      0.1657275E+02
  -0.4256214E+00      0.1667338E+02
  -0.3688719E+00      0.1805851E+02
  -0.3121224E+00      0.2349248E+02
  -0.2553729E+00      0.1359857E+02
  -0.1986233E+00      0.1340727E+02
  -0.1418738E+00      0.1301341E+02
  -0.8512428E-01      0.1943152E+02
  -0.2837476E-01      0.1779605E+02
   0.2837476E-01      0.1622739E+02
   0.8512428E-01      0.1567609E+02
   0.1418738E+00      0.2573209E+02
   0.1986233E+00      0.1444345E+02
   0.2553729E+00      0.1447712E+02
   0.3121224E+00      0.1657205E+02
   0.3688719E+00      0.1466295E+02
   0.4256214E+00      0.1321812E+02
   0.4823709E+00      0.1273511E+02
   0.5391205E+00      0.1356434E+02
   0.5958700E+00      0.1384706E+02
   0.6526195E+00      0.1382790E+02
   0.7093690E+00      0.1373127E+02
   0.7661186E+00      0.1473656E+02
   0.8228681E+00      0.1876483E+02
   0.8796176E+00      0.1758385E+02
   0.9363671E+00      0.1639374E+02
   0.9931166E+00      0.1562307E+02
   0.1049866E+01      0.1508184E+02
   0.1106616E+01      0.1428285E+02
   0.1163365E+01      0.1376794E+02
   0.1220115E+01      0.1339507E+02
   0.1276864E+01      0.1787968E+02
   0.1333614E+01      0.1810628E+02
   0.1390363E+01      0.1638658E+02
   0.1447113E+01      0.1448508E+02
   0.1503862E+01      0.1327102E+02
   0.1560612E+01      0.1249918E+02
   0.1617361E+01      0.1178506E+02
   0.1674111E+01      0.1258502E+02
   0.1730860E+01      0.1373733E+02
   0.1787610E+01      0.1169470E+02
   0.1844359E+01      0.1048437E+02
   0.1901109E+01      0.9942050E+01
   0.1957859E+01      0.9658819E+01
   0.2014608E+01      0.9498744E+01
   0.2071358E+01      0.1045322E+02
   0.2128107E+01      0.1202141E+02
   0.2184857E+01      0.1336826E+02
   0.2241606E+01      0.1365814E+02
   0.2298356E+01      0.1365528E+02
   0.2355105E+01      0.1352233E+02
   0.2411855E+01      0.1387876E+02
   0.2468604E+01      0.1553024E+02
   0.2525354E+01      0.1913553E+02
   0.2582103E+01      0.2325223E+02
   0.2638853E+01      0.1486127E+02
   0.2695602E+01      0.1310335E+02
   0.2752352E+01      0.1266759E+02
   0.2809101E+01      0.1269470E+02
   0.2865851E+01      0.1323055E+02
   0.2922600E+01      0.1465095E+02
   0.2979350E+01      0.1389996E+02
   0.3036099E+01      0.1364629E+02
   0.3092849E+01      0.1344909E+02
   0.3149599E+01      0.1413153E+02
   0.3206348E+01      0.1540245E+02
   0.3263098E+01      0.1636860E+02
   0.3319847E+01      0.1633610E+02
   0.3376597E+01      0.1596231E+02
   0.3433346E+01      0.1506032E+02
   0.3490096E+01      0.1530842E+02
   0.3546845E+01      0.1646065E+02
   0.3603595E+01      0.1536666E+02
   0.3660344E+01      0.1457461E+02
   0.3717094E+01      0.1415920E+02
   0.3773843E+01      0.1691700E+02
   0.3830593E+01      0.1692335E+02
   0.3887342E+01      0.1326894E+02
   0.3944092E+01      0.1279744E+02
   0.4000841E+01      0.1286478E+02
   0.4057591E+01      0.1430569E+02
   0.4114340E+01      0.1395943E+02
   0.4171090E+01      0.1541433E+02
   0.4227839E+01      0.1566482E+02
   0.4284589E+01      0.1588573E+02
   0.4341338E+01      0.1543390E+02
   0.4398088E+01      0.1546088E+02
   0.4454838E+01      0.1680962E+02
   0.4511587E+01      0.1606529E+02
   0.4568337E+01      0.1580562E+02
   0.4625086E+01      0.1668567E+02
   0.4681836E+01      0.1500792E+02
   0.4738585E+01      0.1265932E+02
   0.4795335E+01      0.1241967E+02
   0.4852084E+01      0.1245685E+02
   0.4908834E+01      0.1205714E+02
   0.4965583E+01      0.1251354E+02
   0.5022333E+01      0.1357874E+02
   0.5079082E+01      0.1387302E+02
   0.5135832E+01      0.1466031E+02
   0.5192581E+01      0.1415786E+02
   0.5249331E+01      0.1402383E+02
   0.5306080E+01      0.1401120E+02
   0.5362830E+01      0.1406821E+02
   0.5419579E+01      0.1414847E+02
   0.5476329E+01      0.1421482E+02
   0.5533078E+01      0.1426969E+02
   0.5589828E+01      0.1444732E+02
   0.5646578E+01      0.1377648E+02
   0.5703327E+01      0.1352544E+02
   0.5760077E+01      0.1350698E+02
   0.5816826E+01      0.1350256E+02
   0.5873576E+01      0.1307220E+02
   0.5930325E+01      0.1711153E+02
   0.5987075E+01      0.1524403E+02
   0.6043824E+01      0.1407139E+02
   0.6100574E+01      0.1372569E+02
   0.6157323E+01      0.1422488E+02
   0.6214073E+01      0.1459807E+02
   0.6270822E+01      0.1391684E+02
   0.6327572E+01      0.1415920E+02
   0.6384321E+01      0.1452258E+02
   0.6441071E+01      0.1482304E+02
   0.6497820E+01      0.1459621E+02
   0.6554570E+01      0.1480466E+02
   0.6611319E+01      0.1451295E+02
   0.6668069E+01      0.1442893E+02
   0.6724818E+01      0.1434734E+02
   0.6781568E+01      0.1348179E+02
   0.6838318E+01      0.1325410E+02
   0.6895067E+01      0.1312924E+02
   0.6951817E+01      0.1304830E+02
   0.7008566E+01      0.1297781E+02
   0.7065316E+01      0.1287622E+02
   0.7122065E+01      0.1271446E+02
   0.7178815E+01      0.1249970E+02
   0.7235564E+01      0.1222465E+02
   0.7292314E+01      0.1172956E+02
   0.7349063E+01      0.1162181E+02
   0.7405813E+01      0.1162552E+02
   0.7462562E+01      0.1177026E+02
   0.7519312E+01      0.1226732E+02
   0.7576061E+01      0.1345868E+02
   0.7632811E+01      0.1253074E+02
   0.7689560E+01      0.1222757E+02
   0.7746310E+01      0.1219257E+02
   0.7803059E+01      0.1227098E+02
   0.7859809E+01      0.1244228E+02
   0.7916558E+01      0.1273787E+02
   0.7973308E+01      0.1328437E+02
   0.8030057E+01      0.1396394E+02
   0.8086807E+01      0.1395571E+02
   0.8143557E+01      0.1376760E+02
   0.8200306E+01      0.1368064E+02
   0.8257056E+01      0.1398915E+02
   0.8313805E+01      0.1449300E+02
   0.8370555E+01      0.1571815E+02
   0.8427304E+01      0.1780800E+02
   0.8484054E+01      0.1723932E+02
   0.8540803E+01      0.1699273E+02
   0.8597553E+01      0.1710493E+02
   0.8654302E+01      0.1751466E+02
   0.8711052E+01      0.1676796E+02
   0.8767801E+01      0.1756106E+02
   0.8824551E+01      0.1867938E+02
   0.8881300E+01      0.1915122E+02
   0.8938050E+01      0.1518868E+02
   0.8994799E+01      0.1593299E+02
   0.9051549E+01      0.1721719E+02
   0.9108298E+01      0.1565306E+02
   0.9165048E+01      0.1487939E+02
   0.9221797E+01      0.1474623E+02
   0.9278547E+01      0.1491065E+02
   0.9335297E+01      0.1794774E+02
   0.9392046E+01      0.1985474E+02
   0.9448796E+01      0.2037552E+02
   0.9505545E+01      0.2033027E+02
   0.9562295E+01      0.2030944E+02
   0.9619044E+01      0.2048198E+02
   0.9675794E+01      0.2030104E+02
   0.9732543E+01      0.2003967E+02
   0.9789293E+01      0.2033435E+02
   0.9846042E+01      0.1921472E+02
   0.9902792E+01      0.1865212E+02
   0.9959541E+01      0.1887321E+02
   0.1001629E+02      0.2030567E+02
   0.1007304E+02      0.2250422E+02
   0.1012979E+02      0.2256421E+02
   0.1018654E+02      0.2235265E+02
   0.1024329E+02      0.2211624E+02
   0.1030004E+02      0.2177008E+02
   0.1035679E+02      0.2147937E+02
   0.1041354E+02      0.2472917E+02
   0.1047029E+02      0.2564444E+02
   0.1052704E+02      0.2510646E+02
   0.1058379E+02      0.2417967E+02
   0.1064054E+02      0.2341910E+02
   0.1069729E+02      0.2278445E+02
   0.1075403E+02      0.2243339E+02
   0.1081078E+02      0.2169034E+02
   0.1086753E+02      0.2132136E+02
   0.1092428E+02      0.2111461E+02
   0.1098103E+02      0.2108154E+02
   0.1103778E+02      0.2122446E+02
   0.1109453E+02      0.2138491E+02
   0.1115128E+02      0.2143600E+02
   0.1120803E+02      0.2142628E+02
   0.1126478E+02      0.2153037E+02
   0.1132153E+02      0.2180736E+02
   0.1137828E+02      0.2342170E+02
   0.1143503E+02      0.2380368E+02
   0.1149178E+02      0.2455972E+02
   0.1154853E+02      0.2496619E+02
   0.1160528E+02      0.2472942E+02
   0.1166203E+02      0.2409528E+02
   0.1171878E+02      0.2002136E+02
   0.1177553E+02      0.1989840E+02
   0.1183228E+02      0.1987190E+02
   0.1188903E+02      0.1994671E+02
   0.1194577E+02      0.2006844E+02
   0.1200252E+02      0.2018670E+02
   0.1205927E+02      0.2034041E+02
   0.1211602E+02      0.2057995E+02
   0.1217277E+02      0.2088219E+02
   0.1222952E+02      0.2119175E+02
   0.1228627E+02      0.2136106E+02
   0.1234302E+02      0.2116832E+02
   0.1239977E+02      0.1989414E+02
   0.1245652E+02      0.1699041E+02
   0.1251327E+02      0.1707158E+02
   0.1257002E+02      0.1719910E+02
   0.1262677E+02      0.1740301E+02
   0.1268352E+02      0.1730460E+02
   0.1274027E+02      0.1703479E+02
   0.1279702E+02      0.1716992E+02
   0.1285377E+02      0.1776172E+02
   0.1291052E+02      0.1939725E+02
   0.1296727E+02      0.3084654E+02
   0.1302402E+02      0.2095290E+02
   0.1308077E+02      0.2012886E+02
   0.1313751E+02      0.1985958E+02
   0.1319426E+02      0.1970027E+02
   0.1325101E+02      0.1985215E+02
   0.1330776E+02      0.2387316E+02
   0.1336451E+02      0.2324372E+02
   0.1342126E+02      0.2240036E+02
   0.1347801E+02      0.2184197E+02
   0.1353476E+02      0.2167748E+02
   0.1359151E+02      0.2185221E+02
   0.1364826E+02      0.2229619E+02
   0.1370501E+02      0.2302367E+02
   0.1376176E+02      0.2373313E+02
   0.1381851E+02      0.2496441E+02
   0.1387526E+02      0.2584170E+02
   0.1393201E+02      0.3277920E+02
   0.1398876E+02      0.3134195E+02
   0.1404551E+02      0.2608147E+02
   0.1410226E+02      0.2330767E+02
   0.1415901E+02      0.2103562E+02
   0.1421576E+02      0.2028972E+02
   0.1427250E+02      0.1977471E+02
   0.1432925E+02      0.1940152E+02
   0.1438600E+02      0.1931003E+02
   0.1444275E+02      0.1914701E+02
   0.1449950E+02      0.1900934E+02
   0.1455625E+02      0.1891187E+02
   0.1461300E+02      0.1886473E+02
   0.1466975E+02      0.1887885E+02
   0.1472650E+02      0.1896717E+02
   0.1478325E+02      0.1915504E+02
   0.1484000E+02      0.1948948E+02
   0.1489675E+02      0.2379817E+02
   0.1495350E+02      0.2498653E+02
   0.1501025E+02      0.2468336E+02
   0.1506700E+02      0.2425650E+02
   0.1512375E+02      0.2372775E+02
   0.1518050E+02      0.2334667E+02
   0.1523725E+02      0.2304747E+02
   0.1529400E+02      0.2157197E+02
   0.1535075E+02      0.1908253E+02
   0.1540750E+02      0.1607729E+02
   0.1546424E+02      0.1594853E+02
   0.1552099E+02      0.1587558E+02
   0.1557774E+02      0.1585577E+02
   0.1563449E+02      0.1598874E+02
   0.1569124E+02      0.1660693E+02
   0.1574799E+02      0.1869635E+02
   0.1580474E+02      0.1636968E+02
   0.1586149E+02      0.1553001E+02
   0.1591824E+02      0.1517103E+02
   0.1597499E+02      0.1508979E+02
   0.1603174E+02      0.1519980E+02
   0.1608849E+02      0.1545654E+02
   0.1614524E+02      0.1583527E+02
   0.1620199E+02      0.1629950E+02
   0.1625874E+02      0.1690119E+02
   0.1631549E+02      0.1755958E+02
   0.1637224E+02      0.1824929E+02
   0.1642899E+02      0.1883814E+02
   0.1648574E+02      0.1884712E+02
   0.1654249E+02      0.1672729E+02
   0.1659924E+02      0.1686671E+02
   0.1665598E+02      0.1709519E+02
   0.1671273E+02      0.1687795E+02
   0.1676948E+02      0.1608930E+02
   0.1682623E+02      0.1512461E+02
   0.1688298E+02      0.1581370E+02
   0.1693973E+02      0.1777346E+02
   0.1699648E+02      0.3141940E+02
   0.1705323E+02      0.3073540E+02
   0.1710998E+02      0.2483981E+02
   0.1716673E+02      0.1538248E+02
   0.1722348E+02      0.1427676E+02
   0.1728023E+02      0.1367028E+02
   0.1733698E+02      0.1329616E+02
   0.1739373E+02      0.1306431E+02
   0.1745048E+02      0.1295186E+02
   0.1750723E+02      0.1294458E+02
   0.1756398E+02      0.1303303E+02
   0.1762073E+02      0.1318253E+02
   0.1767748E+02      0.1340108E+02
   0.1773423E+02      0.1378913E+02
   0.1779098E+02      0.1545458E+02
   0.1784772E+02      0.2453634E+02
   0.1790447E+02      0.2406454E+02
   0.1796122E+02      0.2279572E+02
   0.1801797E+02      0.2153720E+02
   0.1807472E+02      0.2079837E+02
   0.1813147E+02      0.2059960E+02
   0.1818822E+02      0.2163323E+02
   0.1824497E+02      0.2152796E+02
   0.1830172E+02      0.2069090E+02
   0.1835847E+02      0.2081232E+02
   0.1841522E+02      0.2141294E+02
   0.1847197E+02      0.2218588E+02
   0.1852872E+02      0.2304896E+02
   0.1858547E+02      0.2391849E+02
   0.1864222E+02      0.2471116E+02
   0.1869897E+02      0.2536181E+02
   0.1875572E+02      0.2625088E+02
   0.1881247E+02      0.1764190E+02
   0.1886922E+02      0.2286221E+02
   0.1892597E+02      0.1896467E+02
   0.1898272E+02      0.1423709E+02
   0.1903946E+02      0.1387999E+02
   0.1909621E+02      0.1363156E+02
   0.1915296E+02      0.1354209E+02
   0.1920971E+02      0.1396627E+02
   0.1926646E+02      0.1398338E+02
   0.1932321E+02      0.1385287E+02
   0.1937996E+02      0.1361369E+02
   0.1943671E+02      0.1297800E+02
   0.1949346E+02      0.1261726E+02
   0.1955021E+02      0.1233855E+02
   0.1960696E+02      0.1212847E+02
   0.1966371E+02      0.1198951E+02
   0.1972046E+02      0.1190049E+02
   0.1977721E+02      0.1188034E+02
   0.1983396E+02      0.1189657E+02
   0.1989071E+02      0.1194547E+02
   0.1994746E+02      0.1201522E+02
   0.2000421E+02      0.1204151E+02
   0.2006096E+02      0.1203305E+02
   0.2011771E+02      0.1205852E+02
   0.2017446E+02      0.1211042E+02
   0.2023120E+02      0.1221450E+02
   0.2028795E+02      0.1236521E+02
   0.2034470E+02      0.1256178E+02
   0.2040145E+02      0.1280703E+02
   0.2045820E+02      0.1310899E+02
   0.2051495E+02      0.1347894E+02
   0.2057170E+02      0.1393058E+02
   0.2062845E+02      0.1448030E+02
   0.2068520E+02      0.1515002E+02
   0.2074195E+02      0.1597525E+02
   0.2079870E+02      0.1718690E+02
   0.2085545E+02      0.1875184E+02
   0.2091220E+02      0.2080502E+02
   0.2096895E+02      0.2460385E+02
   0.2102570E+02      0.5496936E+02
   0.2108245E+02      0.3783740E+02
   0.2113920E+02      0.2737988E+02
   0.2119595E+02      0.3961669E+02
   0.2125270E+02      0.2142158E+02
   0.2130945E+02      0.2984687E+02
   0.2136620E+02      0.1818293E+02
   0.2142294E+02      0.1710996E+02
   0.2147969E+02      0.1632024E+02
   0.2153644E+02      0.1568804E+02
   0.2159319E+02      0.1517049E+02
   0.2164994E+02      0.1474112E+02
   0.2170669E+02      0.1437356E+02
   0.2176344E+02      0.1409657E+02
   0.2182019E+02      0.1385932E+02
   0.2187694E+02      0.1366583E+02
   0.2193369E+02      0.1350842E+02
   0.2199044E+02      0.1337989E+02
   0.2204719E+02      0.1327314E+02
   0.2210394E+02      0.1318471E+02
   0.2216069E+02      0.1309262E+02
   0.2221744E+02      0.1301540E+02
   0.2227419E+02      0.1295080E+02
   0.2233094E+02      0.1291040E+02
   0.2238769E+02      0.1290568E+02
   0.2244444E+02      0.1294517E+02
   0.2250119E+02      0.1303423E+02
   0.2255794E+02      0.1317597E+02
   0.2261468E+02      0.1337237E+02
   0.2267143E+02      0.1362523E+02
   0.2272818E+02      0.1393714E+02
   0.2278493E+02      0.1431518E+02
   0.2284168E+02      0.1490891E+02
   0.2289843E+02      0.1545949E+02
   0.2295518E+02      0.1601484E+02
   0.2301193E+02      0.1666651E+02
   0.2306868E+02      0.1733457E+02
   0.2312543E+02      0.1810808E+02
   0.2318218E+02      0.1900680E+02
   0.2323893E+02      0.2008028E+02
   0.2329568E+02      0.2141535E+02
   0.2335243E+02      0.2317282E+02
   0.2340918E+02      0.2571327E+02
   0.2346593E+02      0.2987223E+02
   0.2352268E+02      0.3710567E+02
   0.2357943E+02      0.6050283E+02
   0.2363618E+02      0.1766522E+02
   0.2369293E+02      0.1711543E+02
   0.2374968E+02      0.1690720E+02
   0.2380642E+02      0.1677045E+02
   0.2386317E+02      0.1653220E+02
   0.2391992E+02      0.1681199E+02
   0.2397667E+02      0.1675161E+02
   0.2403342E+02      0.1675531E+02
   0.2409017E+02      0.1678147E+02
   0.2414692E+02      0.1681519E+02
   0.2420367E+02      0.1684209E+02
   0.2426042E+02      0.1684435E+02
   0.2431717E+02      0.1679189E+02
   0.2437392E+02      0.1665284E+02
   0.2443067E+02      0.1635323E+02
   0.2448742E+02      0.1575161E+02
   0.2454417E+02      0.1436712E+02
   0.2460092E+02      0.1230602E+02
   0.2465767E+02      0.1220498E+02
   0.2471442E+02      0.1201675E+02
   0.2477117E+02      0.1175562E+02
   0.2482792E+02      0.1171835E+02
   0.2488467E+02      0.1169783E+02
   0.2494142E+02      0.1170691E+02
   0.2499816E+02      0.1173079E+02
   0.2505491E+02      0.1176606E+02
   0.2511166E+02      0.1179511E+02
   0.2516841E+02      0.1186187E+02
   0.2522516E+02      0.1182400E+02
   0.2528191E+02      0.1166401E+02
   0.2533866E+02      0.1162764E+02
   0.2539541E+02      0.1174135E+02
   0.2545216E+02      0.1177339E+02
   0.2550891E+02      0.1179461E+02
   0.2556566E+02      0.1180131E+02
   0.2562241E+02      0.1179095E+02
   0.2567916E+02      0.1176525E+02
   0.2573591E+02      0.1173194E+02
   0.2579266E+02      0.1170011E+02
   0.2584941E+02      0.1167585E+02
   0.2590616E+02      0.1166147E+02
   0.2596291E+02      0.1165637E+02
   0.2601966E+02      0.1165830E+02
   0.2607641E+02      0.1166570E+02
   0.2613316E+02      0.1168681E+02
   0.2618990E+02      0.1193572E+02
   0.2624665E+02      0.1201065E+02
   0.2630340E+02      0.1204970E+02
   0.2636015E+02      0.1207781E+02
   0.2641690E+02      0.1210548E+02
   0.2647365E+02      0.1213831E+02
   0.2653040E+02      0.1217938E+02
   0.2658715E+02      0.1223038E+02
   0.2664390E+02      0.1229213E+02
   0.2670065E+02      0.1236500E+02
   0.2675740E+02      0.1244904E+02
   0.2681415E+02      0.1254417E+02
   0.2687090E+02      0.1265002E+02
   0.2692765E+02      0.1276766E+02
   0.2698440E+02      0.1289559E+02
   0.2704115E+02      0.1302635E+02
   0.2709790E+02      0.1317738E+02
   0.2715465E+02      0.1333672E+02
   0.2721140E+02      0.1351279E+02
 &
 @autoscale
 @target G3.S0
