 iscf   Eharris(eV)      E_KS(eV)   FreeEng(eV)    dHmax    dDmax   Ef(eV)
    1  -195890.5689  -196126.2686  -196126.2686******************  0.00000
    2  -195956.0297  -196072.4585  -196072.4585  1.31351*********  0.00000
    3  -195558.7691  -195807.5322  -195807.5322  3.54813*********  0.00000
    4  -181044.7308  -180499.7165  -180499.7165 34.55327*********  0.00000
    5  -195287.3273  -195224.3827  -195224.3827  6.30879*********  0.00000
    6  -195866.9929  -195878.6464  -195878.6464  2.27179*********  0.00000
    7  -195886.0749  -195894.7965  -195894.7965  1.58761909.53037  0.00000
    8  -195889.1636  -195904.1918  -195904.1918  0.83909965.93588  0.00000
    9  -195888.1925  -195870.3707  -195870.3707  2.65837*********  0.00000
   10  -195897.4902  -195896.8836  -195896.8836  0.94031*********  0.00000
   11  -195911.9144  -195910.5003  -195910.5003  0.09655113.30708  0.00000
   12  -195912.9029  -195912.6676  -195912.6676  0.08518 90.20719  0.00000
   13  -195913.6069  -195913.1063  -195913.1063  0.10286 32.90802  0.00000
   14  -195913.4467  -195913.6432  -195913.6432  0.01793 50.72457  0.00000
   15  -195913.6246  -195913.4436  -195913.4436  0.02014 29.05643  0.00000
   16  -195913.3752  -195913.6071  -195913.6071  0.01085 26.95337  0.00000
   17  -195913.6731  -195913.4928  -195913.4928  0.01840 35.62131  0.00000
   18  -195913.6131  -195913.6434  -195913.6434  0.00685 61.12634  0.00000
   19  -195913.5094  -195913.5432  -195913.5432  0.00524 42.71368  0.00000
   20  -195913.5071  -195913.5676  -195913.5676  0.00275 20.66681  0.00000
   21  -195913.4995  -195913.5438  -195913.5438  0.00173 19.63745  0.00000
   22  -195913.3878  -195913.3700  -195913.3700  0.00211  4.52883  0.00000
   23  -195913.4408  -195913.4716  -195913.4716  0.00124 10.49964  0.00000
   24  -195913.3919  -195913.4160  -195913.4160  0.00104 11.95379  0.00000
   25  -195913.3355  -195913.3362  -195913.3362  0.00063  2.48529  0.00000
   26  -195913.4653  -195913.4557  -195913.4557  0.00170  4.20578  0.00000
   27  -195913.4013  -195913.4077  -195913.4077  0.00074  4.87522  0.00000
   28  -195913.3985  -195913.3972  -195913.3972  0.00105  0.40314  0.00000
   29  -195913.3360  -195913.3353  -195913.3353  0.00065  1.90664  0.00000
   30  -195913.4677  -195913.4688  -195913.4688  0.00116  1.16319  0.00000
   31  -195913.4195  -195913.4176  -195913.4176  0.00037  0.95125  0.00000
   32  -195913.4032  -195913.4024  -195913.4024  0.00059  0.42066  0.00000
   33  -195913.4041  -195913.4029  -195913.4029  0.00046  0.73211  0.00000
   34  -195913.4325  -195913.4331  -195913.4331  0.00078  0.12429  0.00000
   35  -195913.4677  -195913.4671  -195913.4671  0.00099  0.25177  0.00000
   36  -195913.4384  -195913.4392  -195913.4392  0.00111  0.13994  0.00000
   37  -195913.4691  -195913.4715  -195913.4715  0.00123  0.59276  0.00000
   38  -195913.5187  -195913.5168  -195913.5168  0.00147  0.19139  0.00000
   39  -195913.5156  -195913.5150  -195913.5150  0.00151  0.34101  0.00000
   40  -195913.5249  -195913.5269  -195913.5269  0.00187  1.36235  0.00000
   41  -195913.3466  -195913.3449  -195913.3449  0.00061  0.71750  0.00000
   42  -195913.4779  -195913.4782  -195913.4782  0.00108  0.22808  0.00000
   43  -195913.5718  -195913.5720  -195913.5720  0.00217  0.33686  0.00000
   44  -195913.5108  -195913.5090  -195913.5090  0.00126  0.17357  0.00000
   45  -195913.5289  -195913.5286  -195913.5286  0.00203  0.15567  0.00000
   46  -195913.5790  -195913.5777  -195913.5777  0.00191  1.10426  0.00000
   47  -195913.5127  -195913.5119  -195913.5119  0.00158  0.74307  0.00000
   48  -195913.4775  -195913.4820  -195913.4820  0.00086  0.44578  0.00000
   49  -195913.4841  -195913.4800  -195913.4800  0.00102  0.59580  0.00000
   50  -195913.3760  -195913.3757  -195913.3757  0.00103  0.35321  0.00000
   51  -195913.5072  -195913.5075  -195913.5075  0.00104  0.53970  0.00000
   52  -195913.4475  -195913.4478  -195913.4478  0.00050  0.21359  0.00000
   53  -195913.4895  -195913.4888  -195913.4888  0.00145  0.07088  0.00000
   54  -195913.4695  -195913.4679  -195913.4679  0.00117  0.47602  0.00000
   55  -195913.4663  -195913.4678  -195913.4678  0.00030  0.31237  0.00000
   56  -195913.4110  -195913.4123  -195913.4123  0.00111  0.13219  0.00000
   57  -195913.4108  -195913.4091  -195913.4091  0.00087  0.34294  0.00000
   58  -195913.4383  -195913.4380  -195913.4380  0.00080  0.17429  0.00000
   59  -195913.4399  -195913.4390  -195913.4390  0.00078  0.62709  0.00000
   60  -195913.4966  -195913.4966  -195913.4966  0.00147  0.33167  0.00000
   61  -195913.3859  -195913.3860  -195913.3860  0.00111  0.35746  0.00000
   62  -195913.3794  -195913.3792  -195913.3792  0.00058  0.12678  0.00000
   63  -195913.3628  -195913.3633  -195913.3633  0.00064  0.18624  0.00000
   64  -195913.3875  -195913.3839  -195913.3839  0.00055  0.44454  0.00000
   65  -195913.4090  -195913.4123  -195913.4123  0.00053  0.24033  0.00000
   66  -195913.4162  -195913.4161  -195913.4161  0.00046  0.03648  0.00000
   67  -195913.3668  -195913.3668  -195913.3668  0.00074  0.02994  0.00000
   68  -195913.3734  -195913.3737  -195913.3737  0.00071  0.16798  0.00000
   69  -195913.3283  -195913.3277  -195913.3277  0.00121  0.04346  0.00000
   70  -195913.3405  -195913.3382  -195913.3382  0.00102  0.57443  0.00000
   71  -195913.4131  -195913.4140  -195913.4140  0.00103  0.41450  0.00000
   72  -195913.3935  -195913.3942  -195913.3942  0.00039  0.17097  0.00000
   73  -195913.3834  -195913.3835  -195913.3835  0.00049  0.17635  0.00000
   74  -195913.3829  -195913.3828  -195913.3828  0.00045  0.10657  0.00000
   75  -195913.4183  -195913.4187  -195913.4187  0.00073  0.02729  0.00000
   76  -195913.3573  -195913.3576  -195913.3576  0.00088  0.24266  0.00000
   77  -195913.3837  -195913.3825  -195913.3825  0.00025  0.18765  0.00000
   78  -195913.3933  -195913.3936  -195913.3936  0.00036  0.11157  0.00000
   79  -195913.3778  -195913.3774  -195913.3774  0.00027  0.08280  0.00000
   80  -195913.3986  -195913.3990  -195913.3990  0.00027  0.05984  0.00000
   81  -195913.3703  -195913.3717  -195913.3717  0.00070  0.07874  0.00000
   82  -195913.3740  -195913.3726  -195913.3726  0.00057  0.16077  0.00000
   83  -195913.4469  -195913.4468  -195913.4468  0.00092  0.11799  0.00000
   84  -195913.3912  -195913.3911  -195913.3911  0.00020  0.07552  0.00000
   85  -195913.4564  -195913.4565  -195913.4565  0.00083  0.04439  0.00000
   86  -195913.4559  -195913.4568  -195913.4568  0.00097  0.02254  0.00000
   87  -195913.4536  -195913.4530  -195913.4530  0.00106  0.07123  0.00000
   88  -195913.4285  -195913.4289  -195913.4289  0.00054  0.33686  0.00000
   89  -195913.4612  -195913.4610  -195913.4610  0.00040  0.23387  0.00000
   90  -195913.4251  -195913.4269  -195913.4269  0.00081  0.24883  0.00000
   91  -195913.4182  -195913.4174  -195913.4174  0.00071  0.18271  0.00000
   92  -195913.4315  -195913.4299  -195913.4299  0.00017  0.31224  0.00000
   93  -195913.4607  -195913.4620  -195913.4620  0.00112  0.17211  0.00000
   94  -195913.4620  -195913.4620  -195913.4620  0.00052  0.00419  0.00000
   95  -195913.4492  -195913.4492  -195913.4492  0.00051  0.02737  0.00000
   96  -195913.4608  -195913.4588  -195913.4588  0.00053  0.26537  0.00000
   97  -195913.4200  -195913.4223  -195913.4223  0.00044  0.08842  0.00000
   98  -195913.4352  -195913.4336  -195913.4336  0.00015  0.13738  0.00000
   99  -195913.4822  -195913.4830  -195913.4830  0.00096  0.07374  0.00000
  100  -195913.4744  -195913.4746  -195913.4746  0.00071  0.09411  0.00000
  101  -195913.4807  -195913.4796  -195913.4796  0.00074  0.04844  0.00000
  102  -195913.4667  -195913.4736  -195913.4736  0.00075  0.69233  0.00000
  103  -195913.5064  -195913.5019  -195913.5019  0.00066  0.45425  0.00000
  104  -195913.4744  -195913.4751  -195913.4751  0.00060  0.15662  0.00000
  105  -195913.4551  -195913.4549  -195913.4549  0.00065  0.18703  0.00000
  106  -195913.4845  -195913.4824  -195913.4824  0.00093  0.22213  0.00000
  107  -195913.4754  -195913.4765  -195913.4765  0.00096  0.04263  0.00000
  108  -195913.4318  -195913.4317  -195913.4317  0.00098  0.48183  0.00000
  109  -195913.4711  -195913.4712  -195913.4712  0.00032  0.12694  0.00000
  110  -195913.5217  -195913.5222  -195913.5222  0.00065  0.15103  0.00000
  111  -195913.4738  -195913.4736  -195913.4736  0.00043  0.09697  0.00000
  112  -195913.4551  -195913.4548  -195913.4548  0.00052  0.07558  0.00000
  113  -195913.4330  -195913.4326  -195913.4326  0.00085  0.05156  0.00000
  114  -195913.4412  -195913.4384  -195913.4384  0.00125  0.17827  0.00000
  115  -195913.3829  -195913.3804  -195913.3804  0.00125  0.45322  0.00000
  116  -195913.5355  -195913.5410  -195913.5410  0.00125  0.60727  0.00000
  117  -195913.4246  -195913.4240  -195913.4240  0.00079  0.20726  0.00000
  118  -195913.4305  -195913.4303  -195913.4303  0.00053  0.08647  0.00000
  119  -195913.4960  -195913.4963  -195913.4963  0.00088  0.11182  0.00000
  120  -195913.4776  -195913.4771  -195913.4771  0.00052  0.07476  0.00000
  121  -195913.4587  -195913.4602  -195913.4602  0.00037  0.16564  0.00000
  122  -195913.4501  -195913.4497  -195913.4497  0.00026  0.15377  0.00000
  123  -195913.4416  -195913.4416  -195913.4416  0.00055  0.03353  0.00000
  124  -195913.4879  -195913.4880  -195913.4880  0.00052  0.09137  0.00000
  125  -195913.4400  -195913.4390  -195913.4390  0.00048  0.06587  0.00000
  126  -195913.4382  -195913.4391  -195913.4391  0.00054  0.07695  0.00000
  127  -195913.4377  -195913.4367  -195913.4367  0.00015  0.07330  0.00000
  128  -195913.4968  -195913.4977  -195913.4977  0.00064  0.13453  0.00000
  129  -195913.4776  -195913.4775  -195913.4775  0.00041  0.08901  0.00000
  130  -195913.4518  -195913.4515  -195913.4515  0.00052  0.13029  0.00000
  131  -195913.4785  -195913.4792  -195913.4792  0.00078  0.06693  0.00000
  132  -195913.4303  -195913.4296  -195913.4296  0.00082  0.16206  0.00000
  133  -195913.5205  -195913.5214  -195913.5214  0.00083  0.11695  0.00000
  134  -195913.4681  -195913.4677  -195913.4677  0.00030  0.20104  0.00000
  135  -195913.4006  -195913.4002  -195913.4002  0.00073  0.09887  0.00000
  136  -195913.4229  -195913.4230  -195913.4230  0.00038  0.05440  0.00000
  137  -195913.4332  -195913.4326  -195913.4326  0.00040  0.13318  0.00000
  138  -195913.4331  -195913.4332  -195913.4332  0.00045  0.17131  0.00000
  139  -195913.4112  -195913.4100  -195913.4100  0.00069  0.12196  0.00000
  140  -195913.4271  -195913.4280  -195913.4280  0.00056  0.06841  0.00000
  141  -195913.4771  -195913.4770  -195913.4770  0.00054  0.12226  0.00000
  142  -195913.4133  -195913.4136  -195913.4136  0.00045  0.07346  0.00000
  143  -195913.4354  -195913.4373  -195913.4373  0.00028  0.13662  0.00000
  144  -195913.4433  -195913.4431  -195913.4431  0.00041  0.11101  0.00000
  145  -195913.4405  -195913.4398  -195913.4398  0.00068  0.08293  0.00000
  146  -195913.4056  -195913.4057  -195913.4057  0.00063  0.03255  0.00000
  147  -195913.4245  -195913.4220  -195913.4220  0.00050  0.13975  0.00000
  148  -195913.4147  -195913.4168  -195913.4168  0.00040  0.33005  0.00000
  149  -195913.4553  -195913.4550  -195913.4550  0.00070  0.20249  0.00000
  150  -195913.4486  -195913.4494  -195913.4494  0.00069  0.14953  0.00000
  151  -195913.4119  -195913.4113  -195913.4113  0.00058  0.12824  0.00000
  152  -195913.4348  -195913.4347  -195913.4347  0.00037  0.14360  0.00000
  153  -195913.4287  -195913.4284  -195913.4284  0.00026  0.05817  0.00000
  154  -195913.4459  -195913.4463  -195913.4463  0.00031  0.09444  0.00000
  155  -195913.4191  -195913.4190  -195913.4190  0.00047  0.05036  0.00000
  156  -195913.4795  -195913.4794  -195913.4794  0.00077  0.00880  0.00000
  157  -195913.4782  -195913.4787  -195913.4787  0.00078  0.06877  0.00000
  158  -195913.4207  -195913.4198  -195913.4198  0.00043  0.11492  0.00000
  159  -195913.4166  -195913.4170  -195913.4170  0.00062  0.07301  0.00000
  160  -195913.4446  -195913.4437  -195913.4437  0.00033  0.08715  0.00000
  161  -195913.4918  -195913.4931  -195913.4931  0.00128  0.07933  0.00000
  162  -195913.5031  -195913.5028  -195913.5028  0.00077  0.14649  0.00000
  163  -195913.4236  -195913.4233  -195913.4233  0.00058  0.08230  0.00000
  164  -195913.4425  -195913.4416  -195913.4416  0.00081  0.25152  0.00000
  165  -195913.3851  -195913.3873  -195913.3873  0.00091  0.11638  0.00000
  166  -195913.4339  -195913.4306  -195913.4306  0.00024  0.22674  0.00000
  167  -195913.3926  -195913.3943  -195913.3943  0.00059  0.15783  0.00000
  168  -195913.4363  -195913.4359  -195913.4359  0.00021  0.11482  0.00000
  169  -195913.4517  -195913.4516  -195913.4516  0.00047  0.06410  0.00000
  170  -195913.4283  -195913.4288  -195913.4288  0.00048  0.10082  0.00000
