cpu-bind=MASK - cn1068, task  0  0 [43646]: mask 0xffffffffffffffff set
--------------------------------------------------------------------------
Open MPI failed an OFI Libfabric library call (fi_domain).  This is highly
unusual; your job may behave unpredictably (and/or abort) after this.

  Local host: cn1069
  Location: mtl_ofi_component.c:928
  Error: No data available (61)
--------------------------------------------------------------------------
[cn1068.scarf.rl.ac.uk:44653] 119 more processes have sent help message help-mtl-ofi.txt / OFI call fail
[cn1068.scarf.rl.ac.uk:44653] Set MCA parameter "orte_base_help_aggregate" to 0 to see all help / error messages
--------------------------------------------------------------------------
Open MPI failed an OFI Libfabric library call (fi_domain).  This is highly
unusual; your job may behave unpredictably (and/or abort) after this.

  Local host: cn1069
  Location: mtl_ofi_component.c:928
  Error: No data available (61)
--------------------------------------------------------------------------
[cn1068.scarf.rl.ac.uk:45252] 119 more processes have sent help message help-mtl-ofi.txt / OFI call fail
[cn1068.scarf.rl.ac.uk:45252] Set MCA parameter "orte_base_help_aggregate" to 0 to see all help / error messages
[1679576157.126303] [cn1068:45305:0]          mpool.c:43   UCX  WARN  object 0x6d96040 was not returned to mpool ucp_requests
[1679576157.126303] [cn1068:45308:0]          mpool.c:43   UCX  WARN  object 0x557ff00 was not returned to mpool ucp_requests
[1679576157.126334] [cn1068:45311:0]          mpool.c:43   UCX  WARN  object 0x6704940 was not returned to mpool ucp_requests
[1679576157.126400] [cn1068:45317:0]          mpool.c:43   UCX  WARN  object 0x5d75e40 was not returned to mpool ucp_requests
[1679576157.126406] [cn1068:45337:0]          mpool.c:43   UCX  WARN  object 0x632a400 was not returned to mpool ucp_requests
[1679576157.126407] [cn1068:45342:0]          mpool.c:43   UCX  WARN  object 0x5445b80 was not returned to mpool ucp_requests
[1679576157.126415] [cn1068:45319:0]          mpool.c:43   UCX  WARN  object 0x588b880 was not returned to mpool ucp_requests
[1679576157.126464] [cn1068:45322:0]          mpool.c:43   UCX  WARN  object 0x5f61e40 was not returned to mpool ucp_requests
[1679576157.126501] [cn1068:45301:0]          mpool.c:43   UCX  WARN  object 0x678c540 was not returned to mpool ucp_requests
[1679576157.126485] [cn1068:45313:0]          mpool.c:43   UCX  WARN  object 0x53ae940 was not returned to mpool ucp_requests
[1679576157.126507] [cn1068:45332:0]          mpool.c:43   UCX  WARN  object 0x4ee7240 was not returned to mpool ucp_requests
[1679576157.126507] [cn1068:45334:0]          mpool.c:43   UCX  WARN  object 0x63dff80 was not returned to mpool ucp_requests
[1679576157.126531] [cn1068:45326:0]          mpool.c:43   UCX  WARN  object 0x5bfa080 was not returned to mpool ucp_requests
[1679576157.126548] [cn1068:45326:0]          mpool.c:43   UCX  WARN  object 0x5bfae80 was not returned to mpool ucp_requests
[1679576157.126535] [cn1068:45329:0]          mpool.c:43   UCX  WARN  object 0x6a6cd00 was not returned to mpool ucp_requests
[1679576157.126589] [cn1068:45290:0]          mpool.c:43   UCX  WARN  object 0x6dae080 was not returned to mpool ucp_requests
[1679576157.126580] [cn1068:45292:0]          mpool.c:43   UCX  WARN  object 0x59c1b00 was not returned to mpool ucp_requests
[1679576157.126642] [cn1068:45299:0]          mpool.c:43   UCX  WARN  object 0x6302680 was not returned to mpool ucp_requests
[1679576157.126667] [cn1068:45296:0]          mpool.c:43   UCX  WARN  object 0x510e800 was not returned to mpool ucp_requests
-5.4597094601E+000
--------------------------------------------------------------------------
Open MPI failed an OFI Libfabric library call (fi_domain).  This is highly
unusual; your job may behave unpredictably (and/or abort) after this.

  Local host: cn1069
  Location: mtl_ofi_component.c:928
  Error: No data available (61)
--------------------------------------------------------------------------
[cn1068.scarf.rl.ac.uk:45821] 119 more processes have sent help message help-mtl-ofi.txt / OFI call fail
[cn1068.scarf.rl.ac.uk:45821] Set MCA parameter "orte_base_help_aggregate" to 0 to see all help / error messages
[1679576195.514154] [cn1068:45911:0]          mpool.c:43   UCX  WARN  object 0x5152980 was not returned to mpool ucp_requests
[1679576195.514320] [cn1068:45903:0]          mpool.c:43   UCX  WARN  object 0x542d5c0 was not returned to mpool ucp_requests
[1679576195.514308] [cn1068:45907:0]          mpool.c:43   UCX  WARN  object 0x57dc180 was not returned to mpool ucp_requests
[1679576195.514371] [cn1068:45900:0]          mpool.c:43   UCX  WARN  object 0x53fca80 was not returned to mpool ucp_requests
[1679576195.514374] [cn1068:45871:0]          mpool.c:43   UCX  WARN  object 0x58b8f00 was not returned to mpool ucp_requests
[1679576195.514391] [cn1068:45874:0]          mpool.c:43   UCX  WARN  object 0x5950f80 was not returned to mpool ucp_requests
[1679576195.514381] [cn1068:45880:0]          mpool.c:43   UCX  WARN  object 0x5ccde40 was not returned to mpool ucp_requests
[1679576195.514393] [cn1068:45887:0]          mpool.c:43   UCX  WARN  object 0x61a6e80 was not returned to mpool ucp_requests
[1679576195.514402] [cn1068:45888:0]          mpool.c:43   UCX  WARN  object 0x57e9740 was not returned to mpool ucp_requests
[1679576195.514411] [cn1068:45890:0]          mpool.c:43   UCX  WARN  object 0x6516300 was not returned to mpool ucp_requests
[1679576195.514457] [cn1068:45894:0]          mpool.c:43   UCX  WARN  object 0x527fc40 was not returned to mpool ucp_requests
[1679576195.514480] [cn1068:45894:0]          mpool.c:43   UCX  WARN  object 0x52837c0 was not returned to mpool ucp_requests
[1679576195.514490] [cn1068:45861:0]          mpool.c:43   UCX  WARN  object 0x4f61580 was not returned to mpool ucp_requests
[1679576195.514502] [cn1068:45868:0]          mpool.c:43   UCX  WARN  object 0x6d789c0 was not returned to mpool ucp_requests
[1679576195.514482] [cn1068:45877:0]          mpool.c:43   UCX  WARN  object 0x5eda2c0 was not returned to mpool ucp_requests
[1679576195.514482] [cn1068:45898:0]          mpool.c:43   UCX  WARN  object 0x52280c0 was not returned to mpool ucp_requests
[1679576195.514513] [cn1068:45883:0]          mpool.c:43   UCX  WARN  object 0x52c30c0 was not returned to mpool ucp_requests
[1679576195.514562] [cn1068:45859:0]          mpool.c:43   UCX  WARN  object 0x5d86000 was not returned to mpool ucp_requests
[1679576195.514566] [cn1068:45865:0]          mpool.c:43   UCX  WARN  object 0x539c400 was not returned to mpool ucp_requests
-5.4597094601E+000
--------------------------------------------------------------------------
Open MPI failed an OFI Libfabric library call (fi_domain).  This is highly
unusual; your job may behave unpredictably (and/or abort) after this.

  Local host: cn1083
  Location: mtl_ofi_component.c:928
  Error: No data available (61)
--------------------------------------------------------------------------
[cn1068.scarf.rl.ac.uk:46435] 119 more processes have sent help message help-mtl-ofi.txt / OFI call fail
[cn1068.scarf.rl.ac.uk:46435] Set MCA parameter "orte_base_help_aggregate" to 0 to see all help / error messages
[1679576275.798359] [cn1068:46523:0]          mpool.c:43   UCX  WARN  object 0x561dd00 was not returned to mpool ucp_requests
[1679576275.798411] [cn1068:46499:0]          mpool.c:43   UCX  WARN  object 0x651e940 was not returned to mpool ucp_requests
[1679576275.798411] [cn1068:46501:0]          mpool.c:43   UCX  WARN  object 0x6437900 was not returned to mpool ucp_requests
[1679576275.798413] [cn1068:46519:0]          mpool.c:43   UCX  WARN  object 0x5a2c440 was not returned to mpool ucp_requests
[1679576275.798423] [cn1068:46497:0]          mpool.c:43   UCX  WARN  object 0x6c24dc0 was not returned to mpool ucp_requests
[1679576275.798448] [cn1068:46505:0]          mpool.c:43   UCX  WARN  object 0x6b8fe40 was not returned to mpool ucp_requests
[1679576275.798433] [cn1068:46521:0]          mpool.c:43   UCX  WARN  object 0x690a840 was not returned to mpool ucp_requests
[1679576275.798496] [cn1068:46488:0]          mpool.c:43   UCX  WARN  object 0x5fd9a40 was not returned to mpool ucp_requests
[1679576275.798497] [cn1068:46490:0]          mpool.c:43   UCX  WARN  object 0x510c880 was not returned to mpool ucp_requests
[1679576275.798505] [cn1068:46493:0]          mpool.c:43   UCX  WARN  object 0x689cc00 was not returned to mpool ucp_requests
[1679576275.798512] [cn1068:46511:0]          mpool.c:43   UCX  WARN  object 0x5655c40 was not returned to mpool ucp_requests
[1679576275.798507] [cn1068:46514:0]          mpool.c:43   UCX  WARN  object 0x6385d00 was not returned to mpool ucp_requests
[1679576275.798520] [cn1068:46508:0]          mpool.c:43   UCX  WARN  object 0x57387c0 was not returned to mpool ucp_requests
[1679576275.798539] [cn1068:46508:0]          mpool.c:43   UCX  WARN  object 0x573b000 was not returned to mpool ucp_requests
[1679576275.798630] [cn1068:46467:0]          mpool.c:43   UCX  WARN  object 0x4e8e540 was not returned to mpool ucp_requests
[1679576275.798612] [cn1068:46473:0]          mpool.c:43   UCX  WARN  object 0x6a15680 was not returned to mpool ucp_requests
[1679576275.798627] [cn1068:46482:0]          mpool.c:43   UCX  WARN  object 0x5702400 was not returned to mpool ucp_requests
[1679576275.798616] [cn1068:46486:0]          mpool.c:43   UCX  WARN  object 0x6c85780 was not returned to mpool ucp_requests
[1679576275.798672] [cn1068:46479:0]          mpool.c:43   UCX  WARN  object 0x59ca4c0 was not returned to mpool ucp_requests
