cpu-bind=MASK - cn1016, task  0  0 [56076]: mask 0xffffffffffffffff set
--------------------------------------------------------------------------
Open MPI failed an OFI Libfabric library call (fi_domain).  This is highly
unusual; your job may behave unpredictably (and/or abort) after this.

  Local host: cn1019
  Location: mtl_ofi_component.c:928
  Error: No data available (61)
--------------------------------------------------------------------------
[cn1016.scarf.rl.ac.uk:57083] 119 more processes have sent help message help-mtl-ofi.txt / OFI call fail
[cn1016.scarf.rl.ac.uk:57083] Set MCA parameter "orte_base_help_aggregate" to 0 to see all help / error messages
--------------------------------------------------------------------------
Open MPI failed an OFI Libfabric library call (fi_domain).  This is highly
unusual; your job may behave unpredictably (and/or abort) after this.

  Local host: cn1016
  Location: mtl_ofi_component.c:928
  Error: No data available (61)
--------------------------------------------------------------------------
[cn1016.scarf.rl.ac.uk:59214] 119 more processes have sent help message help-mtl-ofi.txt / OFI call fail
[cn1016.scarf.rl.ac.uk:59214] Set MCA parameter "orte_base_help_aggregate" to 0 to see all help / error messages
[1679666478.407654] [cn1016:59908:0]          mpool.c:43   UCX  WARN  object 0xda67e80 was not returned to mpool ucp_requests
[1679666478.407655] [cn1016:59911:0]          mpool.c:43   UCX  WARN  object 0xe1162c0 was not returned to mpool ucp_requests
[1679666478.407981] [cn1016:59686:0]          mpool.c:43   UCX  WARN  object 0x5241800 was not returned to mpool ucp_requests
[1679666478.407997] [cn1016:59690:0]          mpool.c:43   UCX  WARN  object 0xd4cde40 was not returned to mpool ucp_requests
[1679666478.407984] [cn1016:59691:0]          mpool.c:43   UCX  WARN  object 0xda193c0 was not returned to mpool ucp_requests
[1679666478.407978] [cn1016:59718:0]          mpool.c:43   UCX  WARN  object 0xdd1c880 was not returned to mpool ucp_requests
[1679666478.408049] [cn1016:59720:0]          mpool.c:43   UCX  WARN  object 0xea15f00 was not returned to mpool ucp_requests
[1679666478.407967] [cn1016:59723:0]          mpool.c:43   UCX  WARN  object 0xe510bc0 was not returned to mpool ucp_requests
[1679666478.407985] [cn1016:59724:0]          mpool.c:43   UCX  WARN  object 0xee4c840 was not returned to mpool ucp_requests
[1679666478.407980] [cn1016:59729:0]          mpool.c:43   UCX  WARN  object 0xf5b2940 was not returned to mpool ucp_requests
[1679666478.408018] [cn1016:59732:0]          mpool.c:43   UCX  WARN  object 0xe767d40 was not returned to mpool ucp_requests
[1679666478.408037] [cn1016:59732:0]          mpool.c:43   UCX  WARN  object 0x5a87c00 was not returned to mpool ucp_requests
[1679666478.408008] [cn1016:59906:0]          mpool.c:43   UCX  WARN  object 0xe1fd300 was not returned to mpool ucp_requests
[1679666478.407851] [cn1016:59915:0]          mpool.c:43   UCX  WARN  object 0xe741d00 was not returned to mpool ucp_requests
[1679666478.407826] [cn1016:59918:0]          mpool.c:43   UCX  WARN  object 0xe926900 was not returned to mpool ucp_requests
[1679666478.408078] [cn1016:59671:0]          mpool.c:43   UCX  WARN  object 0xfc7b340 was not returned to mpool ucp_requests
[1679666478.408067] [cn1016:59677:0]          mpool.c:43   UCX  WARN  object 0xef11f00 was not returned to mpool ucp_requests
[1679666478.408016] [cn1016:59679:0]          mpool.c:43   UCX  WARN  object 0xf478f40 was not returned to mpool ucp_requests
[1679666478.408040] [cn1016:59682:0]          mpool.c:43   UCX  WARN  object 0x6341540 was not returned to mpool ucp_requests
-5.4590543354E+000
--------------------------------------------------------------------------
Open MPI failed an OFI Libfabric library call (fi_domain).  This is highly
unusual; your job may behave unpredictably (and/or abort) after this.

  Local host: cn1018
  Location: mtl_ofi_component.c:928
  Error: No data available (61)
--------------------------------------------------------------------------
[cn1016.scarf.rl.ac.uk:61047] 119 more processes have sent help message help-mtl-ofi.txt / OFI call fail
[cn1016.scarf.rl.ac.uk:61047] Set MCA parameter "orte_base_help_aggregate" to 0 to see all help / error messages
[1679667920.280484] [cn1016:61136:0]          mpool.c:43   UCX  WARN  object 0x646e2c0 was not returned to mpool ucp_requests
[1679667920.280498] [cn1016:61098:0]          mpool.c:43   UCX  WARN  object 0x4f68540 was not returned to mpool ucp_requests
[1679667920.280492] [cn1016:61102:0]          mpool.c:43   UCX  WARN  object 0x6183400 was not returned to mpool ucp_requests
[1679667920.280552] [cn1016:61107:0]          mpool.c:43   UCX  WARN  object 0x5be5880 was not returned to mpool ucp_requests
[1679667920.280769] [cn1016:61090:0]          mpool.c:43   UCX  WARN  object 0x4e74700 was not returned to mpool ucp_requests
[1679667920.280749] [cn1016:61092:0]          mpool.c:43   UCX  WARN  object 0x4de5500 was not returned to mpool ucp_requests
[1679667920.280716] [cn1016:61095:0]          mpool.c:43   UCX  WARN  object 0x608dc80 was not returned to mpool ucp_requests
[1679667920.280667] [cn1016:61104:0]          mpool.c:43   UCX  WARN  object 0x57ec200 was not returned to mpool ucp_requests
[1679667920.280782] [cn1016:61113:0]          mpool.c:43   UCX  WARN  object 0x528ec80 was not returned to mpool ucp_requests
[1679667920.280832] [cn1016:61114:0]          mpool.c:43   UCX  WARN  object 0x5f09140 was not returned to mpool ucp_requests
[1679667920.280689] [cn1016:61118:0]          mpool.c:43   UCX  WARN  object 0x6479280 was not returned to mpool ucp_requests
[1679667920.280687] [cn1016:61127:0]          mpool.c:43   UCX  WARN  object 0x63c87c0 was not returned to mpool ucp_requests
[1679667920.280624] [cn1016:61129:0]          mpool.c:43   UCX  WARN  object 0x5f31d00 was not returned to mpool ucp_requests
[1679667920.280666] [cn1016:61133:0]          mpool.c:43   UCX  WARN  object 0x56f3e80 was not returned to mpool ucp_requests
[1679667920.280811] [cn1016:61086:0]          mpool.c:43   UCX  WARN  object 0x4e33540 was not returned to mpool ucp_requests
[1679667920.285045] [cn1016:61111:0]          mpool.c:43   UCX  WARN  object 0x5b97840 was not returned to mpool ucp_requests
[1679667920.285118] [cn1016:61125:0]          mpool.c:43   UCX  WARN  object 0x53a0d40 was not returned to mpool ucp_requests
[1679667920.285218] [cn1016:61123:0]          mpool.c:43   UCX  WARN  object 0x5386f40 was not returned to mpool ucp_requests
[1679667920.285250] [cn1016:61123:0]          mpool.c:43   UCX  WARN  object 0x538b1c0 was not returned to mpool ucp_requests
-5.4590543354E+000
--------------------------------------------------------------------------
Open MPI failed an OFI Libfabric library call (fi_domain).  This is highly
unusual; your job may behave unpredictably (and/or abort) after this.

  Local host: cn1019
  Location: mtl_ofi_component.c:928
  Error: No data available (61)
--------------------------------------------------------------------------
[cn1016.scarf.rl.ac.uk:64565] 119 more processes have sent help message help-mtl-ofi.txt / OFI call fail
[cn1016.scarf.rl.ac.uk:64565] Set MCA parameter "orte_base_help_aggregate" to 0 to see all help / error messages
[1679673674.373381] [cn1016:64650:0]          mpool.c:43   UCX  WARN  object 0x5097dc0 was not returned to mpool ucp_requests
[1679673674.373403] [cn1016:64654:0]          mpool.c:43   UCX  WARN  object 0x55c8ac0 was not returned to mpool ucp_requests
[1679673674.376673] [cn1016:64627:0]          mpool.c:43   UCX  WARN  object 0x65256c0 was not returned to mpool ucp_requests
[1679673674.373706] [cn1016:64629:0]          mpool.c:43   UCX  WARN  object 0x5b114c0 was not returned to mpool ucp_requests
[1679673674.373779] [cn1016:64634:0]          mpool.c:43   UCX  WARN  object 0x6979f80 was not returned to mpool ucp_requests
[1679673674.373552] [cn1016:64638:0]          mpool.c:43   UCX  WARN  object 0x6bb7c40 was not returned to mpool ucp_requests
[1679673674.373611] [cn1016:64639:0]          mpool.c:43   UCX  WARN  object 0x63838c0 was not returned to mpool ucp_requests
[1679673674.373629] [cn1016:64639:0]          mpool.c:43   UCX  WARN  object 0x6385300 was not returned to mpool ucp_requests
[1679673674.373665] [cn1016:64643:0]          mpool.c:43   UCX  WARN  object 0x6c7b3c0 was not returned to mpool ucp_requests
[1679673674.373454] [cn1016:64645:0]          mpool.c:43   UCX  WARN  object 0x5c1d8c0 was not returned to mpool ucp_requests
[1679673674.373451] [cn1016:64648:0]          mpool.c:43   UCX  WARN  object 0x5d23540 was not returned to mpool ucp_requests
[1679673674.373634] [cn1016:64603:0]          mpool.c:43   UCX  WARN  object 0x5593200 was not returned to mpool ucp_requests
[1679673674.373710] [cn1016:64607:0]          mpool.c:43   UCX  WARN  object 0x64bb9c0 was not returned to mpool ucp_requests
[1679673674.373663] [cn1016:64610:0]          mpool.c:43   UCX  WARN  object 0x67caa40 was not returned to mpool ucp_requests
[1679673674.373702] [cn1016:64614:0]          mpool.c:43   UCX  WARN  object 0x61626c0 was not returned to mpool ucp_requests
[1679673674.373501] [cn1016:64617:0]          mpool.c:43   UCX  WARN  object 0x64bd240 was not returned to mpool ucp_requests
[1679673674.373470] [cn1016:64618:0]          mpool.c:43   UCX  WARN  object 0x4e4b680 was not returned to mpool ucp_requests
[1679673674.373473] [cn1016:64621:0]          mpool.c:43   UCX  WARN  object 0x5f37ac0 was not returned to mpool ucp_requests
[1679673674.373743] [cn1016:64625:0]          mpool.c:43   UCX  WARN  object 0x50a5f00 was not returned to mpool ucp_requests
