cpu-bind=MASK - cn1022, task  0  0 [49402]: mask 0xffffffffffffffff set
--------------------------------------------------------------------------
Open MPI failed an OFI Libfabric library call (fi_domain).  This is highly
unusual; your job may behave unpredictably (and/or abort) after this.

  Local host: cn1025
  Location: mtl_ofi_component.c:928
  Error: No data available (61)
--------------------------------------------------------------------------
[cn1022.scarf.rl.ac.uk:50391] 119 more processes have sent help message help-mtl-ofi.txt / OFI call fail
[cn1022.scarf.rl.ac.uk:50391] Set MCA parameter "orte_base_help_aggregate" to 0 to see all help / error messages
--------------------------------------------------------------------------
Open MPI failed an OFI Libfabric library call (fi_domain).  This is highly
unusual; your job may behave unpredictably (and/or abort) after this.

  Local host: cn1025
  Location: mtl_ofi_component.c:928
  Error: No data available (61)
--------------------------------------------------------------------------
[cn1022.scarf.rl.ac.uk:53568] 119 more processes have sent help message help-mtl-ofi.txt / OFI call fail
[cn1022.scarf.rl.ac.uk:53568] Set MCA parameter "orte_base_help_aggregate" to 0 to see all help / error messages
[1679702240.733120] [cn1022:53651:0]          mpool.c:43   UCX  WARN  object 0xeb09c40 was not returned to mpool ucp_requests
[1679702240.733117] [cn1022:53653:0]          mpool.c:43   UCX  WARN  object 0xe573680 was not returned to mpool ucp_requests
[1679702240.733208] [cn1022:53633:0]          mpool.c:43   UCX  WARN  object 0xf00e780 was not returned to mpool ucp_requests
[1679702240.733177] [cn1022:53656:0]          mpool.c:43   UCX  WARN  object 0xd2f7b80 was not returned to mpool ucp_requests
[1679702240.733226] [cn1022:53662:0]          mpool.c:43   UCX  WARN  object 0x5979640 was not returned to mpool ucp_requests
[1679702240.733283] [cn1022:53615:0]          mpool.c:43   UCX  WARN  object 0xe87cf40 was not returned to mpool ucp_requests
[1679702240.733283] [cn1022:53619:0]          mpool.c:43   UCX  WARN  object 0xeebf480 was not returned to mpool ucp_requests
[1679702240.733294] [cn1022:53640:0]          mpool.c:43   UCX  WARN  object 0xe565a80 was not returned to mpool ucp_requests
[1679702240.733300] [cn1022:53646:0]          mpool.c:43   UCX  WARN  object 0xeb11f40 was not returned to mpool ucp_requests
[1679702240.733317] [cn1022:53612:0]          mpool.c:43   UCX  WARN  object 0x5ef3540 was not returned to mpool ucp_requests
[1679702240.733308] [cn1022:53643:0]          mpool.c:43   UCX  WARN  object 0xf133240 was not returned to mpool ucp_requests
[1679702240.733326] [cn1022:53643:0]          mpool.c:43   UCX  WARN  object 0x645ab00 was not returned to mpool ucp_requests
[1679702240.733345] [cn1022:53621:0]          mpool.c:43   UCX  WARN  object 0x54777c0 was not returned to mpool ucp_requests
[1679702240.733360] [cn1022:53635:0]          mpool.c:43   UCX  WARN  object 0xefafb80 was not returned to mpool ucp_requests
[1679702240.733384] [cn1022:53610:0]          mpool.c:43   UCX  WARN  object 0xf248340 was not returned to mpool ucp_requests
[1679702240.733388] [cn1022:53632:0]          mpool.c:43   UCX  WARN  object 0xd6397c0 was not returned to mpool ucp_requests
[1679702240.733411] [cn1022:53623:0]          mpool.c:43   UCX  WARN  object 0xe4c6c40 was not returned to mpool ucp_requests
[1679702240.733411] [cn1022:53628:0]          mpool.c:43   UCX  WARN  object 0xec98a80 was not returned to mpool ucp_requests
[1679702240.733439] [cn1022:53639:0]          mpool.c:43   UCX  WARN  object 0xe0f0600 was not returned to mpool ucp_requests
-5.4590543354E+000
--------------------------------------------------------------------------
Open MPI failed an OFI Libfabric library call (fi_domain).  This is highly
unusual; your job may behave unpredictably (and/or abort) after this.

  Local host: cn1022
  Location: mtl_ofi_component.c:928
  Error: No data available (61)
--------------------------------------------------------------------------
[cn1022.scarf.rl.ac.uk:54605] 119 more processes have sent help message help-mtl-ofi.txt / OFI call fail
[cn1022.scarf.rl.ac.uk:54605] Set MCA parameter "orte_base_help_aggregate" to 0 to see all help / error messages
[1679703616.523982] [cn1022:54688:0]          mpool.c:43   UCX  WARN  object 0x54de940 was not returned to mpool ucp_requests
[1679703616.523975] [cn1022:54692:0]          mpool.c:43   UCX  WARN  object 0x6845ec0 was not returned to mpool ucp_requests
[1679703616.524055] [cn1022:54669:0]          mpool.c:43   UCX  WARN  object 0x6dd9740 was not returned to mpool ucp_requests
[1679703616.524105] [cn1022:54674:0]          mpool.c:43   UCX  WARN  object 0x5614bc0 was not returned to mpool ucp_requests
[1679703616.524069] [cn1022:54677:0]          mpool.c:43   UCX  WARN  object 0x6be0b00 was not returned to mpool ucp_requests
[1679703616.524229] [cn1022:54679:0]          mpool.c:43   UCX  WARN  object 0x66f51c0 was not returned to mpool ucp_requests
[1679703616.524246] [cn1022:54679:0]          mpool.c:43   UCX  WARN  object 0x66fa240 was not returned to mpool ucp_requests
[1679703616.524156] [cn1022:54681:0]          mpool.c:43   UCX  WARN  object 0x5390e40 was not returned to mpool ucp_requests
[1679703616.524103] [cn1022:54685:0]          mpool.c:43   UCX  WARN  object 0x5238340 was not returned to mpool ucp_requests
[1679703616.524102] [cn1022:54690:0]          mpool.c:43   UCX  WARN  object 0x5899840 was not returned to mpool ucp_requests
[1679703616.524170] [cn1022:54643:0]          mpool.c:43   UCX  WARN  object 0x6926640 was not returned to mpool ucp_requests
[1679703616.524178] [cn1022:54647:0]          mpool.c:43   UCX  WARN  object 0x546dd00 was not returned to mpool ucp_requests
[1679703616.524182] [cn1022:54649:0]          mpool.c:43   UCX  WARN  object 0x6511b40 was not returned to mpool ucp_requests
[1679703616.524171] [cn1022:54653:0]          mpool.c:43   UCX  WARN  object 0x5efdf40 was not returned to mpool ucp_requests
[1679703616.524153] [cn1022:54657:0]          mpool.c:43   UCX  WARN  object 0x561f200 was not returned to mpool ucp_requests
[1679703616.524118] [cn1022:54658:0]          mpool.c:43   UCX  WARN  object 0x59f1600 was not returned to mpool ucp_requests
[1679703616.524118] [cn1022:54661:0]          mpool.c:43   UCX  WARN  object 0x56373c0 was not returned to mpool ucp_requests
[1679703616.524118] [cn1022:54665:0]          mpool.c:43   UCX  WARN  object 0x5acd580 was not returned to mpool ucp_requests
[1679703616.527412] [cn1022:54667:0]          mpool.c:43   UCX  WARN  object 0x688f040 was not returned to mpool ucp_requests
-5.4590543354E+000
--------------------------------------------------------------------------
Open MPI failed an OFI Libfabric library call (fi_domain).  This is highly
unusual; your job may behave unpredictably (and/or abort) after this.

  Local host: cn1023
  Location: mtl_ofi_component.c:928
  Error: No data available (61)
--------------------------------------------------------------------------
[cn1022.scarf.rl.ac.uk:57997] 119 more processes have sent help message help-mtl-ofi.txt / OFI call fail
[cn1022.scarf.rl.ac.uk:57997] Set MCA parameter "orte_base_help_aggregate" to 0 to see all help / error messages
[1679709525.272670] [cn1022:58192:0]          mpool.c:43   UCX  WARN  object 0x5483f40 was not returned to mpool ucp_requests
[1679709525.273012] [cn1022:58218:0]          mpool.c:43   UCX  WARN  object 0x6d8e340 was not returned to mpool ucp_requests
[1679709525.273158] [cn1022:58196:0]          mpool.c:43   UCX  WARN  object 0x569a000 was not returned to mpool ucp_requests
[1679709525.273228] [cn1022:58198:0]          mpool.c:43   UCX  WARN  object 0x680e4c0 was not returned to mpool ucp_requests
[1679709525.273308] [cn1022:58217:0]          mpool.c:43   UCX  WARN  object 0x54666c0 was not returned to mpool ucp_requests
[1679709525.273332] [cn1022:58183:0]          mpool.c:43   UCX  WARN  object 0x6af3840 was not returned to mpool ucp_requests
[1679709525.273337] [cn1022:58214:0]          mpool.c:43   UCX  WARN  object 0x535c840 was not returned to mpool ucp_requests
[1679709525.273378] [cn1022:58179:0]          mpool.c:43   UCX  WARN  object 0x58860c0 was not returned to mpool ucp_requests
[1679709525.273385] [cn1022:58185:0]          mpool.c:43   UCX  WARN  object 0x4ec8900 was not returned to mpool ucp_requests
[1679709525.273417] [cn1022:58187:0]          mpool.c:43   UCX  WARN  object 0x60c7980 was not returned to mpool ucp_requests
[1679709525.273438] [cn1022:58165:0]          mpool.c:43   UCX  WARN  object 0x6788840 was not returned to mpool ucp_requests
[1679709525.273455] [cn1022:58176:0]          mpool.c:43   UCX  WARN  object 0x60734c0 was not returned to mpool ucp_requests
[1679709525.273490] [cn1022:58160:0]          mpool.c:43   UCX  WARN  object 0x62e8e80 was not returned to mpool ucp_requests
[1679709525.273612] [cn1022:58153:0]          mpool.c:43   UCX  WARN  object 0x62876c0 was not returned to mpool ucp_requests
[1679709525.274242] [cn1022:58209:0]          mpool.c:43   UCX  WARN  object 0x6905000 was not returned to mpool ucp_requests
[1679709525.276789] [cn1022:58190:0]          mpool.c:43   UCX  WARN  object 0x68e1c00 was not returned to mpool ucp_requests
[1679709525.277436] [cn1022:58203:0]          mpool.c:43   UCX  WARN  object 0x503e980 was not returned to mpool ucp_requests
[1679709525.277472] [cn1022:58199:0]          mpool.c:43   UCX  WARN  object 0x55019c0 was not returned to mpool ucp_requests
[1679709525.277499] [cn1022:58199:0]          mpool.c:43   UCX  WARN  object 0x5503b00 was not returned to mpool ucp_requests
