cpu-bind=MASK - cn1153, task  0  0 [49686]: mask 0xffffffffffffffff set
--------------------------------------------------------------------------
Open MPI failed an OFI Libfabric library call (fi_domain).  This is highly
unusual; your job may behave unpredictably (and/or abort) after this.

  Local host: cn1155
  Location: mtl_ofi_component.c:928
  Error: No data available (61)
--------------------------------------------------------------------------
[cn1153.scarf.rl.ac.uk:49731] 119 more processes have sent help message help-mtl-ofi.txt / OFI call fail
[cn1153.scarf.rl.ac.uk:49731] Set MCA parameter "orte_base_help_aggregate" to 0 to see all help / error messages
--------------------------------------------------------------------------
Open MPI failed an OFI Libfabric library call (fi_domain).  This is highly
unusual; your job may behave unpredictably (and/or abort) after this.

  Local host: cn1153
  Location: mtl_ofi_component.c:928
  Error: No data available (61)
--------------------------------------------------------------------------
[cn1153.scarf.rl.ac.uk:50796] 119 more processes have sent help message help-mtl-ofi.txt / OFI call fail
[cn1153.scarf.rl.ac.uk:50796] Set MCA parameter "orte_base_help_aggregate" to 0 to see all help / error messages
[1685855431.925511] [cn1153:50845:0]          mpool.c:43   UCX  WARN  object 0x6591c00 was not returned to mpool ucp_requests
[1685855431.925536] [cn1153:50845:0]          mpool.c:43   UCX  WARN  object 0x6592300 was not returned to mpool ucp_requests
[1685855431.925557] [cn1153:50846:0]          mpool.c:43   UCX  WARN  object 0x6049c40 was not returned to mpool ucp_requests
[1685855431.925575] [cn1153:50846:0]          mpool.c:43   UCX  WARN  object 0x604c2c0 was not returned to mpool ucp_requests
[1685855431.925631] [cn1153:50839:0]          mpool.c:43   UCX  WARN  object 0x5b0e680 was not returned to mpool ucp_requests
[1685855431.925673] [cn1153:50839:0]          mpool.c:43   UCX  WARN  object 0x5b0f480 was not returned to mpool ucp_requests
[1685855431.925650] [cn1153:50841:0]          mpool.c:43   UCX  WARN  object 0x6909640 was not returned to mpool ucp_requests
[1685855431.925673] [cn1153:50841:0]          mpool.c:43   UCX  WARN  object 0x6909f00 was not returned to mpool ucp_requests
[1685855431.925625] [cn1153:50844:0]          mpool.c:43   UCX  WARN  object 0x66e5140 was not returned to mpool ucp_requests
[1685855431.925673] [cn1153:50844:0]          mpool.c:43   UCX  WARN  object 0x66e7280 was not returned to mpool ucp_requests
[1685855431.925680] [cn1153:50837:0]          mpool.c:43   UCX  WARN  object 0x4dedc40 was not returned to mpool ucp_requests
[1685855431.925691] [cn1153:50838:0]          mpool.c:43   UCX  WARN  object 0x6cab700 was not returned to mpool ucp_requests
[1685855431.925719] [cn1153:50836:0]          mpool.c:43   UCX  WARN  object 0x5a1e240 was not returned to mpool ucp_requests
[1685855431.925701] [cn1153:50840:0]          mpool.c:43   UCX  WARN  object 0x65c6600 was not returned to mpool ucp_requests
[1685855431.925719] [cn1153:50840:0]          mpool.c:43   UCX  WARN  object 0x65c7b00 was not returned to mpool ucp_requests
[1685855431.925780] [cn1153:50829:0]          mpool.c:43   UCX  WARN  object 0x5fca5c0 was not returned to mpool ucp_requests
[1685855431.925771] [cn1153:50832:0]          mpool.c:43   UCX  WARN  object 0x6cc8f00 was not returned to mpool ucp_requests
[1685855431.925782] [cn1153:50833:0]          mpool.c:43   UCX  WARN  object 0x544fb40 was not returned to mpool ucp_requests
[1685855431.925816] [cn1153:50825:0]          mpool.c:43   UCX  WARN  object 0x5a55bc0 was not returned to mpool ucp_requests
[1685855431.925809] [cn1153:50827:0]          mpool.c:43   UCX  WARN  object 0x5b76100 was not returned to mpool ucp_requests
[1685855431.925809] [cn1153:50822:0]          mpool.c:43   UCX  WARN  object 0x4e55e00 was not returned to mpool ucp_requests
[1685855431.925857] [cn1153:50830:0]          mpool.c:43   UCX  WARN  object 0x551f040 was not returned to mpool ucp_requests
[1685855431.925879] [cn1153:50834:0]          mpool.c:43   UCX  WARN  object 0x551b000 was not returned to mpool ucp_requests
[1685855431.925906] [cn1153:50821:0]          mpool.c:43   UCX  WARN  object 0x5ab2e40 was not returned to mpool ucp_requests
-8.1890414397E+000
--------------------------------------------------------------------------
Open MPI failed an OFI Libfabric library call (fi_domain).  This is highly
unusual; your job may behave unpredictably (and/or abort) after this.

  Local host: cn1153
  Location: mtl_ofi_component.c:928
  Error: No data available (61)
--------------------------------------------------------------------------
[cn1153.scarf.rl.ac.uk:51660] 119 more processes have sent help message help-mtl-ofi.txt / OFI call fail
[cn1153.scarf.rl.ac.uk:51660] Set MCA parameter "orte_base_help_aggregate" to 0 to see all help / error messages
[1685855591.545665] [cn1153:51714:0]          mpool.c:43   UCX  WARN  object 0x5b03780 was not returned to mpool ucp_requests
[1685855591.545685] [cn1153:51714:0]          mpool.c:43   UCX  WARN  object 0x5b05700 was not returned to mpool ucp_requests
[1685855591.545661] [cn1153:51718:0]          mpool.c:43   UCX  WARN  object 0x5e16880 was not returned to mpool ucp_requests
[1685855591.545685] [cn1153:51718:0]          mpool.c:43   UCX  WARN  object 0x5e17680 was not returned to mpool ucp_requests
[1685855591.545909] [cn1153:51697:0]          mpool.c:43   UCX  WARN  object 0x64040c0 was not returned to mpool ucp_requests
[1685855591.545908] [cn1153:51698:0]          mpool.c:43   UCX  WARN  object 0x4ed2b40 was not returned to mpool ucp_requests
[1685855591.545979] [cn1153:51706:0]          mpool.c:43   UCX  WARN  object 0x515d040 was not returned to mpool ucp_requests
[1685855591.546002] [cn1153:51706:0]          mpool.c:43   UCX  WARN  object 0x5160300 was not returned to mpool ucp_requests
[1685855591.545989] [cn1153:51699:0]          mpool.c:43   UCX  WARN  object 0x4ebd480 was not returned to mpool ucp_requests
[1685855591.546011] [cn1153:51704:0]          mpool.c:43   UCX  WARN  object 0x5204e00 was not returned to mpool ucp_requests
[1685855591.546027] [cn1153:51701:0]          mpool.c:43   UCX  WARN  object 0x6170c80 was not returned to mpool ucp_requests
[1685855591.546037] [cn1153:51710:0]          mpool.c:43   UCX  WARN  object 0x5844900 was not returned to mpool ucp_requests
[1685855591.546054] [cn1153:51710:0]          mpool.c:43   UCX  WARN  object 0x5846180 was not returned to mpool ucp_requests
[1685855591.546025] [cn1153:51713:0]          mpool.c:43   UCX  WARN  object 0x6cf3140 was not returned to mpool ucp_requests
[1685855591.546043] [cn1153:51713:0]          mpool.c:43   UCX  WARN  object 0x6cf6cc0 was not returned to mpool ucp_requests
[1685855591.546068] [cn1153:51686:0]          mpool.c:43   UCX  WARN  object 0x67a2d40 was not returned to mpool ucp_requests
[1685855591.546059] [cn1153:51690:0]          mpool.c:43   UCX  WARN  object 0x61ea5c0 was not returned to mpool ucp_requests
[1685855591.546057] [cn1153:51700:0]          mpool.c:43   UCX  WARN  object 0x5fa1a00 was not returned to mpool ucp_requests
[1685855591.546076] [cn1153:51705:0]          mpool.c:43   UCX  WARN  object 0x5bd4280 was not returned to mpool ucp_requests
[1685855591.546117] [cn1153:51688:0]          mpool.c:43   UCX  WARN  object 0x5362000 was not returned to mpool ucp_requests
[1685855591.546112] [cn1153:51694:0]          mpool.c:43   UCX  WARN  object 0x5783a80 was not returned to mpool ucp_requests
[1685855591.546097] [cn1153:51702:0]          mpool.c:43   UCX  WARN  object 0x69b1080 was not returned to mpool ucp_requests
[1685855591.546131] [cn1153:51708:0]          mpool.c:43   UCX  WARN  object 0x4f96a00 was not returned to mpool ucp_requests
[1685855591.546148] [cn1153:51708:0]          mpool.c:43   UCX  WARN  object 0x4f972c0 was not returned to mpool ucp_requests
-8.1890414397E+000
--------------------------------------------------------------------------
Open MPI failed an OFI Libfabric library call (fi_domain).  This is highly
unusual; your job may behave unpredictably (and/or abort) after this.

  Local host: cn1153
  Location: mtl_ofi_component.c:928
  Error: No data available (61)
--------------------------------------------------------------------------
[cn1153.scarf.rl.ac.uk:52816] 119 more processes have sent help message help-mtl-ofi.txt / OFI call fail
[cn1153.scarf.rl.ac.uk:52816] Set MCA parameter "orte_base_help_aggregate" to 0 to see all help / error messages
[1685855791.590816] [cn1153:52847:0]          mpool.c:43   UCX  WARN  object 0x61ef080 was not returned to mpool ucp_requests
[1685855791.590812] [cn1153:52849:0]          mpool.c:43   UCX  WARN  object 0x6389f80 was not returned to mpool ucp_requests
[1685855791.590855] [cn1153:52850:0]          mpool.c:43   UCX  WARN  object 0x673b740 was not returned to mpool ucp_requests
[1685855791.590842] [cn1153:52867:0]          mpool.c:43   UCX  WARN  object 0x5c7aa40 was not returned to mpool ucp_requests
[1685855791.590862] [cn1153:52867:0]          mpool.c:43   UCX  WARN  object 0x5c81c00 was not returned to mpool ucp_requests
[1685855791.590864] [cn1153:52868:0]          mpool.c:43   UCX  WARN  object 0x504b180 was not returned to mpool ucp_requests
[1685855791.590881] [cn1153:52868:0]          mpool.c:43   UCX  WARN  object 0x504eb40 was not returned to mpool ucp_requests
[1685855791.590951] [cn1153:52854:0]          mpool.c:43   UCX  WARN  object 0x6862380 was not returned to mpool ucp_requests
[1685855791.590961] [cn1153:52855:0]          mpool.c:43   UCX  WARN  object 0x6470580 was not returned to mpool ucp_requests
[1685855791.590993] [cn1153:52864:0]          mpool.c:43   UCX  WARN  object 0x4f99940 was not returned to mpool ucp_requests
[1685855791.591028] [cn1153:52864:0]          mpool.c:43   UCX  WARN  object 0x4f9a200 was not returned to mpool ucp_requests
[1685855791.591000] [cn1153:52865:0]          mpool.c:43   UCX  WARN  object 0x52304c0 was not returned to mpool ucp_requests
[1685855791.591019] [cn1153:52865:0]          mpool.c:43   UCX  WARN  object 0x5232980 was not returned to mpool ucp_requests
[1685855791.591019] [cn1153:52841:0]          mpool.c:43   UCX  WARN  object 0x5ac2900 was not returned to mpool ucp_requests
[1685855791.591016] [cn1153:52843:0]          mpool.c:43   UCX  WARN  object 0x6724900 was not returned to mpool ucp_requests
[1685855791.591016] [cn1153:52852:0]          mpool.c:43   UCX  WARN  object 0x5624940 was not returned to mpool ucp_requests
[1685855791.591029] [cn1153:52857:0]          mpool.c:43   UCX  WARN  object 0x566ad80 was not returned to mpool ucp_requests
[1685855791.591059] [cn1153:52842:0]          mpool.c:43   UCX  WARN  object 0x659dcc0 was not returned to mpool ucp_requests
[1685855791.591097] [cn1153:52859:0]          mpool.c:43   UCX  WARN  object 0x6c47a80 was not returned to mpool ucp_requests
[1685855791.591114] [cn1153:52859:0]          mpool.c:43   UCX  WARN  object 0x6c4c940 was not returned to mpool ucp_requests
[1685855791.591090] [cn1153:52862:0]          mpool.c:43   UCX  WARN  object 0x5ece500 was not returned to mpool ucp_requests
[1685855791.591108] [cn1153:52862:0]          mpool.c:43   UCX  WARN  object 0x5ed1980 was not returned to mpool ucp_requests
[1685855791.591105] [cn1153:52844:0]          mpool.c:43   UCX  WARN  object 0x5eee780 was not returned to mpool ucp_requests
[1685855791.592748] [cn1153:52853:0]          mpool.c:43   UCX  WARN  object 0x6532a40 was not returned to mpool ucp_requests
