cpu-bind=MASK - cn1144, task  0  0 [64079]: mask 0xffffffffffffffff set
--------------------------------------------------------------------------
Open MPI failed an OFI Libfabric library call (fi_domain).  This is highly
unusual; your job may behave unpredictably (and/or abort) after this.

  Local host: cn1145
  Location: mtl_ofi_component.c:928
  Error: No data available (61)
--------------------------------------------------------------------------
[cn1144.scarf.rl.ac.uk:64115] 239 more processes have sent help message help-mtl-ofi.txt / OFI call fail
[cn1144.scarf.rl.ac.uk:64115] Set MCA parameter "orte_base_help_aggregate" to 0 to see all help / error messages
--------------------------------------------------------------------------
Open MPI failed an OFI Libfabric library call (fi_domain).  This is highly
unusual; your job may behave unpredictably (and/or abort) after this.

  Local host: cn1145
  Location: mtl_ofi_component.c:928
  Error: No data available (61)
--------------------------------------------------------------------------
[cn1144.scarf.rl.ac.uk:64764] 239 more processes have sent help message help-mtl-ofi.txt / OFI call fail
[cn1144.scarf.rl.ac.uk:64764] Set MCA parameter "orte_base_help_aggregate" to 0 to see all help / error messages
[1678642435.572226] [cn1144:64829:0]          mpool.c:43   UCX  WARN  object 0x51e61c0 was not returned to mpool ucp_requests
[1678642435.572226] [cn1144:64837:0]          mpool.c:43   UCX  WARN  object 0x5d92b80 was not returned to mpool ucp_requests
[1678642435.572254] [cn1144:64832:0]          mpool.c:43   UCX  WARN  object 0xb201380 was not returned to mpool ucp_requests
[1678642435.572323] [cn1144:64839:0]          mpool.c:43   UCX  WARN  object 0xb852400 was not returned to mpool ucp_requests
[1678642435.572292] [cn1144:64843:0]          mpool.c:43   UCX  WARN  object 0xb75ad40 was not returned to mpool ucp_requests
[1678642435.572379] [cn1144:64846:0]          mpool.c:43   UCX  WARN  object 0x6c2a480 was not returned to mpool ucp_requests
[1678642435.572391] [cn1144:64850:0]          mpool.c:43   UCX  WARN  object 0xb694f00 was not returned to mpool ucp_requests
[1678642435.572417] [cn1144:64853:0]          mpool.c:43   UCX  WARN  object 0xb101340 was not returned to mpool ucp_requests
[1678642435.572496] [cn1144:64856:0]          mpool.c:43   UCX  WARN  object 0xa1131c0 was not returned to mpool ucp_requests
[1678642435.572488] [cn1144:64859:0]          mpool.c:43   UCX  WARN  object 0xbc9a580 was not returned to mpool ucp_requests
--------------------------------------------------------------------------
Open MPI failed an OFI Libfabric library call (fi_domain).  This is highly
unusual; your job may behave unpredictably (and/or abort) after this.

  Local host: cn1155
  Location: mtl_ofi_component.c:928
  Error: No data available (61)
--------------------------------------------------------------------------
[cn1144.scarf.rl.ac.uk:65362] 239 more processes have sent help message help-mtl-ofi.txt / OFI call fail
[cn1144.scarf.rl.ac.uk:65362] Set MCA parameter "orte_base_help_aggregate" to 0 to see all help / error messages
[1678642831.972129] [cn1144:65441:0]          mpool.c:43   UCX  WARN  object 0xadd2e00 was not returned to mpool ucp_requests
[1678642831.972490] [cn1144:65447:0]          mpool.c:43   UCX  WARN  object 0xb017940 was not returned to mpool ucp_requests
[1678642831.972458] [cn1144:65449:0]          mpool.c:43   UCX  WARN  object 0xb81ac40 was not returned to mpool ucp_requests
[1678642831.972471] [cn1144:65456:0]          mpool.c:43   UCX  WARN  object 0xbe19400 was not returned to mpool ucp_requests
[1678642831.972482] [cn1144:65435:0]          mpool.c:43   UCX  WARN  object 0xb3bc680 was not returned to mpool ucp_requests
[1678642831.972533] [cn1144:65452:0]          mpool.c:43   UCX  WARN  object 0xa8b7840 was not returned to mpool ucp_requests
[1678642831.972536] [cn1144:65439:0]          mpool.c:43   UCX  WARN  object 0xb4b4040 was not returned to mpool ucp_requests
[1678642831.972603] [cn1144:65459:0]          mpool.c:43   UCX  WARN  object 0xae70800 was not returned to mpool ucp_requests
[1678642831.972621] [cn1144:65461:0]          mpool.c:43   UCX  WARN  object 0xa64a040 was not returned to mpool ucp_requests
[1678642831.972622] [cn1144:65444:0]          mpool.c:43   UCX  WARN  object 0xa6cd780 was not returned to mpool ucp_requests
cp: cannot stat ‘0V-VH_z-0049.dat’: No such file or directory
cp: cannot stat ‘0V-VH_z-0049.dat’: No such file or directory
cp: cannot stat ‘0V-RHO_z-0049.dat’: No such file or directory
cp: cannot stat ‘0V-RHO_z-0049.dat’: No such file or directory
