cpu-bind=MASK - cn1120, task  0  0 [27854]: mask 0xffffffffffffffff set
--------------------------------------------------------------------------
Open MPI failed an OFI Libfabric library call (fi_domain).  This is highly
unusual; your job may behave unpredictably (and/or abort) after this.

  Local host: cn1122
  Location: mtl_ofi_component.c:928
  Error: No data available (61)
--------------------------------------------------------------------------
[cn1120.scarf.rl.ac.uk:28901] 239 more processes have sent help message help-mtl-ofi.txt / OFI call fail
[cn1120.scarf.rl.ac.uk:28901] Set MCA parameter "orte_base_help_aggregate" to 0 to see all help / error messages
--------------------------------------------------------------------------
Open MPI failed an OFI Libfabric library call (fi_domain).  This is highly
unusual; your job may behave unpredictably (and/or abort) after this.

  Local host: cn1120
  Location: mtl_ofi_component.c:928
  Error: No data available (61)
--------------------------------------------------------------------------
[cn1120.scarf.rl.ac.uk:30154] 239 more processes have sent help message help-mtl-ofi.txt / OFI call fail
[cn1120.scarf.rl.ac.uk:30154] Set MCA parameter "orte_base_help_aggregate" to 0 to see all help / error messages
[1678911640.663336] [cn1120:30247:0]          mpool.c:43   UCX  WARN  object 0x5617a00 was not returned to mpool ucp_requests
[1678911640.663450] [cn1120:30242:0]          mpool.c:43   UCX  WARN  object 0xbc3aa00 was not returned to mpool ucp_requests
[1678911640.663680] [cn1120:30245:0]          mpool.c:43   UCX  WARN  object 0x6991bc0 was not returned to mpool ucp_requests
[1678911640.664411] [cn1120:30220:0]          mpool.c:43   UCX  WARN  object 0xbcea040 was not returned to mpool ucp_requests
[1678911640.664428] [cn1120:30223:0]          mpool.c:43   UCX  WARN  object 0xb05f1c0 was not returned to mpool ucp_requests
[1678911640.664421] [cn1120:30229:0]          mpool.c:43   UCX  WARN  object 0x5cfb400 was not returned to mpool ucp_requests
[1678911640.664585] [cn1120:30234:0]          mpool.c:43   UCX  WARN  object 0xb76d200 was not returned to mpool ucp_requests
[1678911640.664630] [cn1120:30227:0]          mpool.c:43   UCX  WARN  object 0xbc263c0 was not returned to mpool ucp_requests
[1678911640.664649] [cn1120:30233:0]          mpool.c:43   UCX  WARN  object 0xb5aa200 was not returned to mpool ucp_requests
[1678911640.664660] [cn1120:30239:0]          mpool.c:43   UCX  WARN  object 0xb618940 was not returned to mpool ucp_requests
-1.0987820289E+001
--------------------------------------------------------------------------
Open MPI failed an OFI Libfabric library call (fi_domain).  This is highly
unusual; your job may behave unpredictably (and/or abort) after this.

  Local host: cn1120
  Location: mtl_ofi_component.c:928
  Error: No data available (61)
--------------------------------------------------------------------------
[cn1120.scarf.rl.ac.uk:30773] 239 more processes have sent help message help-mtl-ofi.txt / OFI call fail
[cn1120.scarf.rl.ac.uk:30773] Set MCA parameter "orte_base_help_aggregate" to 0 to see all help / error messages
[1678913037.370897] [cn1120:30864:0]          mpool.c:43   UCX  WARN  object 0xb171780 was not returned to mpool ucp_requests
[1678913037.370899] [cn1120:30866:0]          mpool.c:43   UCX  WARN  object 0xb875b00 was not returned to mpool ucp_requests
[1678913037.370945] [cn1120:30859:0]          mpool.c:43   UCX  WARN  object 0x6a7eac0 was not returned to mpool ucp_requests
[1678913037.372646] [cn1120:30851:0]          mpool.c:43   UCX  WARN  object 0xbee5280 was not returned to mpool ucp_requests
[1678913037.372644] [cn1120:30854:0]          mpool.c:43   UCX  WARN  object 0x68fbcc0 was not returned to mpool ucp_requests
[1678913037.372690] [cn1120:30857:0]          mpool.c:43   UCX  WARN  object 0xafd2640 was not returned to mpool ucp_requests
[1678913037.372760] [cn1120:30839:0]          mpool.c:43   UCX  WARN  object 0xb2c5b80 was not returned to mpool ucp_requests
[1678913037.372771] [cn1120:30843:0]          mpool.c:43   UCX  WARN  object 0xbf9b500 was not returned to mpool ucp_requests
[1678913037.372741] [cn1120:30846:0]          mpool.c:43   UCX  WARN  object 0xb471b40 was not returned to mpool ucp_requests
[1678913037.374523] [cn1120:30842:0]          mpool.c:43   UCX  WARN  object 0xbdbd3c0 was not returned to mpool ucp_requests
cp: cannot stat ‘0V-VH_z-0043.dat’: No such file or directory
cp: cannot stat ‘0V-VH_z-0043.dat’: No such file or directory
cp: cannot stat ‘0V-RHO_z-0043.dat’: No such file or directory
cp: cannot stat ‘0V-RHO_z-0043.dat’: No such file or directory
