cpu-bind=MASK - cn1103, task  0  0 [30569]: mask 0xffffffffffffffff set
--------------------------------------------------------------------------
Open MPI failed an OFI Libfabric library call (fi_domain).  This is highly
unusual; your job may behave unpredictably (and/or abort) after this.

  Local host: cn1118
  Location: mtl_ofi_component.c:928
  Error: No data available (61)
--------------------------------------------------------------------------
[cn1103.scarf.rl.ac.uk:31408] 239 more processes have sent help message help-mtl-ofi.txt / OFI call fail
[cn1103.scarf.rl.ac.uk:31408] Set MCA parameter "orte_base_help_aggregate" to 0 to see all help / error messages
--------------------------------------------------------------------------
Open MPI failed an OFI Libfabric library call (fi_domain).  This is highly
unusual; your job may behave unpredictably (and/or abort) after this.

  Local host: cn1118
  Location: mtl_ofi_component.c:928
  Error: No data available (61)
--------------------------------------------------------------------------
[cn1103.scarf.rl.ac.uk:32605] 239 more processes have sent help message help-mtl-ofi.txt / OFI call fail
[cn1103.scarf.rl.ac.uk:32605] Set MCA parameter "orte_base_help_aggregate" to 0 to see all help / error messages
[1678827626.288505] [cn1103:33018:0]          mpool.c:43   UCX  WARN  object 0xb30fa00 was not returned to mpool ucp_requests
[1678827626.288565] [cn1103:33016:0]          mpool.c:43   UCX  WARN  object 0xba0bf80 was not returned to mpool ucp_requests
[1678827626.288572] [cn1103:33012:0]          mpool.c:43   UCX  WARN  object 0x5fabb80 was not returned to mpool ucp_requests
[1678827626.290029] [cn1103:32989:0]          mpool.c:43   UCX  WARN  object 0xae19340 was not returned to mpool ucp_requests
[1678827626.290029] [cn1103:32993:0]          mpool.c:43   UCX  WARN  object 0xc31c3c0 was not returned to mpool ucp_requests
[1678827626.290028] [cn1103:32995:0]          mpool.c:43   UCX  WARN  object 0x4eff6c0 was not returned to mpool ucp_requests
[1678827626.290032] [cn1103:33000:0]          mpool.c:43   UCX  WARN  object 0xb3e5980 was not returned to mpool ucp_requests
[1678827626.290096] [cn1103:33002:0]          mpool.c:43   UCX  WARN  object 0xafee600 was not returned to mpool ucp_requests
[1678827626.290106] [cn1103:33006:0]          mpool.c:43   UCX  WARN  object 0x586e180 was not returned to mpool ucp_requests
[1678827626.290142] [cn1103:33008:0]          mpool.c:43   UCX  WARN  object 0xad12740 was not returned to mpool ucp_requests
-1.0987820289E+001
--------------------------------------------------------------------------
Open MPI failed an OFI Libfabric library call (fi_domain).  This is highly
unusual; your job may behave unpredictably (and/or abort) after this.

  Local host: cn1119
  Location: mtl_ofi_component.c:928
  Error: No data available (61)
--------------------------------------------------------------------------
[cn1103.scarf.rl.ac.uk:33625] 239 more processes have sent help message help-mtl-ofi.txt / OFI call fail
[cn1103.scarf.rl.ac.uk:33625] Set MCA parameter "orte_base_help_aggregate" to 0 to see all help / error messages
[1678828743.926114] [cn1103:33720:0]          mpool.c:43   UCX  WARN  object 0xb5edec0 was not returned to mpool ucp_requests
[1678828743.926192] [cn1103:33713:0]          mpool.c:43   UCX  WARN  object 0xaf2bd00 was not returned to mpool ucp_requests
[1678828743.926229] [cn1103:33716:0]          mpool.c:43   UCX  WARN  object 0x4ef4280 was not returned to mpool ucp_requests
[1678828743.927375] [cn1103:33697:0]          mpool.c:43   UCX  WARN  object 0xbf6a580 was not returned to mpool ucp_requests
[1678828743.927371] [cn1103:33708:0]          mpool.c:43   UCX  WARN  object 0xb916b40 was not returned to mpool ucp_requests
[1678828743.927409] [cn1103:33691:0]          mpool.c:43   UCX  WARN  object 0xa55de00 was not returned to mpool ucp_requests
[1678828743.927393] [cn1103:33693:0]          mpool.c:43   UCX  WARN  object 0xb9ac740 was not returned to mpool ucp_requests
[1678828743.927405] [cn1103:33700:0]          mpool.c:43   UCX  WARN  object 0xa414e00 was not returned to mpool ucp_requests
[1678828743.927416] [cn1103:33703:0]          mpool.c:43   UCX  WARN  object 0x52d0a40 was not returned to mpool ucp_requests
[1678828743.927419] [cn1103:33710:0]          mpool.c:43   UCX  WARN  object 0xab80400 was not returned to mpool ucp_requests
cp: cannot stat ‘0V-VH_z-0032.dat’: No such file or directory
cp: cannot stat ‘0V-VH_z-0032.dat’: No such file or directory
cp: cannot stat ‘0V-RHO_z-0032.dat’: No such file or directory
cp: cannot stat ‘0V-RHO_z-0032.dat’: No such file or directory
