cpu-bind=MASK - cn1100, task  0  0 [38538]: mask 0xffffffffffffffff set
-1.1035206681E+001
--------------------------------------------------------------------------
Open MPI failed an OFI Libfabric library call (fi_domain).  This is highly
unusual; your job may behave unpredictably (and/or abort) after this.

  Local host: cn1105
  Location: mtl_ofi_component.c:928
  Error: No data available (61)
--------------------------------------------------------------------------
[cn1100.scarf.rl.ac.uk:39546] 239 more processes have sent help message help-mtl-ofi.txt / OFI call fail
[cn1100.scarf.rl.ac.uk:39546] Set MCA parameter "orte_base_help_aggregate" to 0 to see all help / error messages
[1679308528.421646] [cn1100:39596:0]          mpool.c:43   UCX  WARN  object 0xc1849c0 was not returned to mpool ucp_requests
[1679308528.422278] [cn1100:39589:0]          mpool.c:43   UCX  WARN  object 0xa60e100 was not returned to mpool ucp_requests
[1679308528.422352] [cn1100:39590:0]          mpool.c:43   UCX  WARN  object 0xc06f0c0 was not returned to mpool ucp_requests
[1679308528.422192] [cn1100:39591:0]          mpool.c:43   UCX  WARN  object 0x6656b80 was not returned to mpool ucp_requests
[1679308528.422162] [cn1100:39592:0]          mpool.c:43   UCX  WARN  object 0xb6f9300 was not returned to mpool ucp_requests
[1679308528.422257] [cn1100:39593:0]          mpool.c:43   UCX  WARN  object 0xab5e800 was not returned to mpool ucp_requests
[1679308528.422249] [cn1100:39594:0]          mpool.c:43   UCX  WARN  object 0x50c3cc0 was not returned to mpool ucp_requests
[1679308528.422139] [cn1100:39595:0]          mpool.c:43   UCX  WARN  object 0xb1a8040 was not returned to mpool ucp_requests
[1679308528.421834] [cn1100:39597:0]          mpool.c:43   UCX  WARN  object 0xac2df80 was not returned to mpool ucp_requests
[1679308528.421760] [cn1100:39598:0]          mpool.c:43   UCX  WARN  object 0xb7ad680 was not returned to mpool ucp_requests
cp: cannot stat ‘0V-VH_z-00.dat’: No such file or directory
cp: cannot stat ‘0V-VH_z-00.dat’: No such file or directory
cp: cannot stat ‘0V-RHO_z-00.dat’: No such file or directory
cp: cannot stat ‘0V-RHO_z-00.dat’: No such file or directory
