cpu-bind=MASK - cn1100, task  0  0 [7458]: mask 0xffffffffffffffff set
-1.0999095290E+001
--------------------------------------------------------------------------
Open MPI failed an OFI Libfabric library call (fi_domain).  This is highly
unusual; your job may behave unpredictably (and/or abort) after this.

  Local host: cn1102
  Location: mtl_ofi_component.c:928
  Error: No data available (61)
--------------------------------------------------------------------------
[cn1100.scarf.rl.ac.uk:08181] [[6223,0],0] ORTE_ERROR_LOG: Data unpack would read past end of buffer in file util/show_help.c at line 501
[cn1100.scarf.rl.ac.uk:08181] 238 more processes have sent help message help-mtl-ofi.txt / OFI call fail
[cn1100.scarf.rl.ac.uk:08181] Set MCA parameter "orte_base_help_aggregate" to 0 to see all help / error messages
[1679319361.426395] [cn1100:8235 :0]          mpool.c:43   UCX  WARN  object 0xa804600 was not returned to mpool ucp_requests
[1679319361.426441] [cn1100:8232 :0]          mpool.c:43   UCX  WARN  object 0x512b900 was not returned to mpool ucp_requests
[1679319361.426495] [cn1100:8233 :0]          mpool.c:43   UCX  WARN  object 0x56873c0 was not returned to mpool ucp_requests
[1679319361.428276] [cn1100:8231 :0]          mpool.c:43   UCX  WARN  object 0xb80a840 was not returned to mpool ucp_requests
[1679319361.428309] [cn1100:8229 :0]          mpool.c:43   UCX  WARN  object 0xab8f380 was not returned to mpool ucp_requests
[1679319361.428297] [cn1100:8230 :0]          mpool.c:43   UCX  WARN  object 0x5ef9a00 was not returned to mpool ucp_requests
[1679319361.428326] [cn1100:8225 :0]          mpool.c:43   UCX  WARN  object 0xb66da00 was not returned to mpool ucp_requests
[1679319361.428324] [cn1100:8226 :0]          mpool.c:43   UCX  WARN  object 0xc3de800 was not returned to mpool ucp_requests
[1679319361.428334] [cn1100:8227 :0]          mpool.c:43   UCX  WARN  object 0x58f1980 was not returned to mpool ucp_requests
[1679319361.428310] [cn1100:8228 :0]          mpool.c:43   UCX  WARN  object 0xa71dc40 was not returned to mpool ucp_requests
cp: cannot stat ‘0V-VH_z-00.dat’: No such file or directory
cp: cannot stat ‘0V-VH_z-00.dat’: No such file or directory
cp: cannot stat ‘0V-RHO_z-00.dat’: No such file or directory
cp: cannot stat ‘0V-RHO_z-00.dat’: No such file or directory
