 @target G0.S0
 @type xy
  -0.1000000E+02      0.1401290E-32
  -0.9975937E+01      0.1721320E-32
  -0.9951870E+01      0.6524680E-33
  -0.9927802E+01      0.8006767E-33
  -0.9903735E+01      0.1048802E-32
  -0.9879668E+01      0.1239729E-32
  -0.9855600E+01      0.1174548E-32
  -0.9831533E+01      0.1278185E-32
  -0.9807465E+01      0.0000000E+00
  -0.9783398E+01      0.2102656E-33
  -0.9759331E+01      0.1374832E-32
  -0.9735263E+01      0.2625529E-32
  -0.9711196E+01      0.1927871E-32
  -0.9687128E+01      0.2033176E-33
  -0.9663061E+01      0.7009612E-33
  -0.9638994E+01      0.0000000E+00
  -0.9614926E+01      0.3368144E-32
  -0.9590859E+01      0.3318439E-32
  -0.9566791E+01      0.1300867E-31
  -0.9542724E+01      0.1976213E-31
  -0.9518657E+01      0.2542171E-31
  -0.9494589E+01      0.3039533E-31
  -0.9470522E+01      0.2963950E-29
  -0.9446454E+01      0.2979684E-30
  -0.9422387E+01      0.1252285E-30
  -0.9398320E+01      0.5088119E-31
  -0.9374252E+01      0.5759754E-32
  -0.9350185E+01      0.3780148E-31
  -0.9326117E+01      0.2500630E-31
  -0.9302050E+01      0.0000000E+00
  -0.9277983E+01      0.7195243E-32
  -0.9253915E+01      0.8448414E-32
  -0.9229848E+01      0.8640846E-32
  -0.9205780E+01      0.7023618E-32
  -0.9181713E+01      0.7327840E-32
  -0.9157646E+01      0.2167462E-31
  -0.9133578E+01      0.1671845E-31
  -0.9109511E+01      0.1377209E-31
  -0.9085443E+01      0.7787439E-32
  -0.9061376E+01      0.2462696E-32
  -0.9037309E+01      0.2249797E-31
  -0.9013241E+01      0.4706008E-31
  -0.8989174E+01      0.2098185E-31
  -0.8965106E+01      0.0000000E+00
  -0.8941039E+01      0.2563529E-31
  -0.8916972E+01      0.1509223E-30
  -0.8892904E+01      0.6602338E-32
  -0.8868837E+01      0.2410861E-30
  -0.8844769E+01      0.3282002E-29
  -0.8820702E+01      0.7079347E-29
  -0.8796635E+01      0.9527106E-30
  -0.8772567E+01      0.1078534E-28
  -0.8748500E+01      0.2442891E-27
  -0.8724432E+01      0.4781199E-28
  -0.8700365E+01      0.1261210E-27
  -0.8676298E+01      0.3559457E-26
  -0.8652230E+01      0.7004202E-25
  -0.8628163E+01      0.4138963E-23
  -0.8604095E+01      0.1634129E-24
  -0.8580028E+01      0.2460140E+00
  -0.8555961E+01      0.4984106E+00
  -0.8531893E+01      0.5538947E+00
  -0.8507826E+01      0.5226055E+00
  -0.8483758E+01      0.4577015E+00
  -0.8459691E+01      0.3864197E+00
  -0.8435624E+01      0.3210409E+00
  -0.8411556E+01      0.2657082E+00
  -0.8387489E+01      0.2207272E+00
  -0.8363421E+01      0.1849216E+00
  -0.8339354E+01      0.1567565E+00
  -0.8315287E+01      0.1348037E+00
  -0.8291219E+01      0.1179012E+00
  -0.8267152E+01      0.1051918E+00
  -0.8243084E+01      0.9613248E-01
  -0.8219017E+01      0.9053646E-01
  -0.8194950E+01      0.8872093E-01
  -0.8170882E+01      0.9195517E-01
  -0.8146815E+01      0.1039089E+00
  -0.8122747E+01      0.1365228E+00
  -0.8098680E+01      0.2463419E+00
  -0.8074613E+01      0.8678734E+00
  -0.8050545E+01      0.1392247E+00
  -0.8026478E+01      0.6444463E-02
  -0.8002410E+01      0.3161658E-02
  -0.7978343E+01      0.8395164E+00
  -0.7954276E+01      0.7992814E+00
  -0.7930208E+01      0.7124331E+00
  -0.7906141E+01      0.6212887E+00
  -0.7882073E+01      0.5367258E+00
  -0.7858006E+01      0.4641078E+00
  -0.7833939E+01      0.4045149E+00
  -0.7809871E+01      0.3567915E+00
  -0.7785804E+01      0.3190757E+00
  -0.7761736E+01      0.2895716E+00
  -0.7737669E+01      0.2668450E+00
  -0.7713602E+01      0.2499075E+00
  -0.7689534E+01      0.2382470E+00
  -0.7665467E+01      0.2318940E+00
  -0.7641399E+01      0.2316101E+00
  -0.7617332E+01      0.2393320E+00
  -0.7593265E+01      0.2591885E+00
  -0.7569197E+01      0.2998408E+00
  -0.7545130E+01      0.3795160E+00
  -0.7521062E+01      0.5306080E+00
  -0.7496995E+01      0.7502467E+00
  -0.7472928E+01      0.8498744E+00
  -0.7448860E+01      0.7990547E+00
  -0.7424793E+01      0.7634748E+00
  -0.7400725E+01      0.5677193E+00
  -0.7376658E+01      0.5922994E+00
  -0.7352591E+01      0.6086306E+00
  -0.7328523E+01      0.6261043E+00
  -0.7304456E+01      0.6435081E+00
  -0.7280388E+01      0.6595075E+00
  -0.7256321E+01      0.6760708E+00
  -0.7232254E+01      0.7396303E+00
  -0.7208186E+01      0.1623371E+01
  -0.7184119E+01      0.1108757E+01
  -0.7160051E+01      0.9266823E+00
  -0.7135984E+01      0.8692936E+00
  -0.7111917E+01      0.8363763E+00
  -0.7087849E+01      0.8081956E+00
  -0.7063782E+01      0.7788083E+00
  -0.7039714E+01      0.7461463E+00
  -0.7015647E+01      0.7096649E+00
  -0.6991580E+01      0.6695713E+00
  -0.6967512E+01      0.6264716E+00
  -0.6943445E+01      0.5811558E+00
  -0.6919377E+01      0.5344630E+00
  -0.6895310E+01      0.4872120E+00
  -0.6871243E+01      0.4401755E+00
  -0.6847175E+01      0.3940710E+00
  -0.6823108E+01      0.3495505E+00
  -0.6799040E+01      0.3071855E+00
  -0.6774973E+01      0.2674516E+00
  -0.6750906E+01      0.2307194E+00
  -0.6726838E+01      0.1972532E+00
  -0.6702771E+01      0.1672033E+00
  -0.6678703E+01      0.1407143E+00
  -0.6654636E+01      0.1177703E+00
  -0.6630569E+01      0.9841732E-01
  -0.6606501E+01      0.8273366E-01
  -0.6582434E+01      0.7096159E-01
  -0.6558366E+01      0.6376486E-01
  -0.6534299E+01      0.6296463E-01
  -0.6510232E+01      0.7402282E-01
  -0.6486164E+01      0.1179217E+00
  -0.6462097E+01      0.3200211E+00
  -0.6438029E+01      0.1032396E+01
  -0.6413962E+01      0.2828796E+00
  -0.6389895E+01      0.2097211E+00
  -0.6365827E+01      0.6588153E-01
  -0.6341760E+01      0.1236121E+00
  -0.6317692E+01      0.2897043E+00
  -0.6293625E+01      0.3476206E+00
  -0.6269558E+01      0.8069727E+00
  -0.6245490E+01      0.7967844E+00
  -0.6221423E+01      0.9603814E+00
  -0.6197355E+01      0.9760756E+00
  -0.6173288E+01      0.8320800E+00
  -0.6149221E+01      0.1004220E+01
  -0.6125153E+01      0.9952610E+00
  -0.6101086E+01      0.1007373E+01
  -0.6077018E+01      0.8901009E+00
  -0.6052951E+01      0.4503711E+00
  -0.6028884E+01      0.4722483E+00
  -0.6004816E+01      0.1897189E+00
  -0.5980749E+01      0.4053696E+00
  -0.5956681E+01      0.5921740E+00
  -0.5932614E+01      0.7016122E+00
  -0.5908547E+01      0.8736571E+00
  -0.5884479E+01      0.8343537E+00
  -0.5860412E+01      0.6719525E+00
  -0.5836344E+01      0.4612996E+00
  -0.5812277E+01      0.8891974E+00
  -0.5788210E+01      0.1416535E+01
  -0.5764142E+01      0.1087704E+01
  -0.5740075E+01      0.8304111E+00
  -0.5716007E+01      0.5882799E+00
  -0.5691940E+01      0.3408567E+00
  -0.5667873E+01      0.9401330E+00
  -0.5643805E+01      0.1125808E+01
  -0.5619738E+01      0.1114422E+01
  -0.5595670E+01      0.1181654E+01
  -0.5571603E+01      0.1267470E+01
  -0.5547536E+01      0.1340059E+01
  -0.5523468E+01      0.8929581E+00
  -0.5499401E+01      0.1536220E+01
  -0.5475333E+01      0.1377417E+01
  -0.5451266E+01      0.1740476E+01
  -0.5427199E+01      0.1360930E+01
  -0.5403131E+01      0.1224348E+01
  -0.5379064E+01      0.1158332E+01
  -0.5354996E+01      0.1120129E+01
  -0.5330929E+01      0.1098536E+01
  -0.5306862E+01      0.1089860E+01
  -0.5282794E+01      0.1088791E+01
  -0.5258727E+01      0.1078501E+01
  -0.5234659E+01      0.1033573E+01
  -0.5210592E+01      0.1024907E+01
  -0.5186525E+01      0.6396887E+00
  -0.5162457E+01      0.9394745E-01
  -0.5138390E+01      0.9675038E-01
  -0.5114322E+01      0.1847927E+00
  -0.5090255E+01      0.3899977E+00
  -0.5066188E+01      0.5628254E+00
  -0.5042120E+01      0.7448037E+00
  -0.5018053E+01      0.8654936E+00
  -0.4993985E+01      0.9911678E+00
  -0.4969918E+01      0.6836086E+00
  -0.4945851E+01      0.1978827E+00
  -0.4921783E+01      0.7251941E-01
  -0.4897716E+01      0.1106947E+00
  -0.4873648E+01      0.1428413E+00
  -0.4849581E+01      0.5590872E+00
  -0.4825514E+01      0.5919302E+00
  -0.4801446E+01      0.5923918E+00
  -0.4777379E+01      0.4338350E+00
  -0.4753311E+01      0.6298601E+00
  -0.4729244E+01      0.6971163E+00
  -0.4705177E+01      0.9905183E+00
  -0.4681109E+01      0.3814037E+00
  -0.4657042E+01      0.1089129E+01
  -0.4632974E+01      0.8948607E+00
  -0.4608907E+01      0.8773304E+00
  -0.4584840E+01      0.1021063E+01
  -0.4560772E+01      0.6349590E+00
  -0.4536705E+01      0.4599482E+00
  -0.4512637E+01      0.4122427E+00
  -0.4488570E+01      0.5809851E+00
  -0.4464503E+01      0.5809986E+00
  -0.4440435E+01      0.7901924E+00
  -0.4416368E+01      0.9223120E+00
  -0.4392300E+01      0.1026389E+01
  -0.4368233E+01      0.7395166E+00
  -0.4344166E+01      0.6425926E+00
  -0.4320098E+01      0.2972119E+00
  -0.4296031E+01      0.1621934E+00
  -0.4271963E+01      0.1703235E+00
  -0.4247896E+01      0.1248804E+00
  -0.4223829E+01      0.1418432E+00
  -0.4199761E+01      0.1734595E+00
  -0.4175694E+01      0.1127170E+00
  -0.4151626E+01      0.1191265E+00
  -0.4127559E+01      0.1421690E+00
  -0.4103492E+01      0.1511122E+00
  -0.4079424E+01      0.2008529E+00
  -0.4055357E+01      0.1831510E+00
  -0.4031289E+01      0.1370890E+00
  -0.4007222E+01      0.1013107E+00
  -0.3983155E+01      0.7431312E-01
  -0.3959087E+01      0.8071631E-01
  -0.3935020E+01      0.1014875E+00
  -0.3910952E+01      0.1131865E+00
  -0.3886885E+01      0.1307379E+00
  -0.3862818E+01      0.1132719E+00
  -0.3838750E+01      0.4134029E+00
  -0.3814683E+01      0.4663424E+00
  -0.3790615E+01      0.6579996E+00
  -0.3766548E+01      0.7762914E+00
  -0.3742481E+01      0.9654406E+00
  -0.3718413E+01      0.8516199E+00
  -0.3694346E+01      0.5984014E+00
  -0.3670278E+01      0.4341673E+00
  -0.3646211E+01      0.4018341E+00
  -0.3622144E+01      0.4365972E+00
  -0.3598076E+01      0.6187877E+00
  -0.3574009E+01      0.5852258E+00
  -0.3549941E+01      0.6178118E+00
  -0.3525874E+01      0.6728101E+00
  -0.3501807E+01      0.7461702E+00
  -0.3477739E+01      0.8300062E+00
  -0.3453672E+01      0.9048037E+00
  -0.3429604E+01      0.9611998E+00
  -0.3405537E+01      0.9904384E+00
  -0.3381470E+01      0.9765197E+00
  -0.3357402E+01      0.1037055E+01
  -0.3333335E+01      0.1045538E+01
  -0.3309267E+01      0.1080799E+01
  -0.3285200E+01      0.9002627E+00
  -0.3261133E+01      0.8457757E+00
  -0.3237065E+01      0.8420867E+00
  -0.3212998E+01      0.9563347E+00
  -0.3188930E+01      0.1000827E+01
  -0.3164863E+01      0.9765067E+00
  -0.3140796E+01      0.9479672E+00
  -0.3116728E+01      0.9655818E+00
  -0.3092661E+01      0.9886256E+00
  -0.3068593E+01      0.1006131E+01
  -0.3044526E+01      0.1012664E+01
  -0.3020459E+01      0.1013413E+01
  -0.2996391E+01      0.9961955E+00
  -0.2972324E+01      0.9632881E+00
  -0.2948256E+01      0.9438185E+00
  -0.2924189E+01      0.9314671E+00
  -0.2900122E+01      0.9163478E+00
  -0.2876054E+01      0.8921365E+00
  -0.2851987E+01      0.8513000E+00
  -0.2827919E+01      0.7880758E+00
  -0.2803852E+01      0.6998738E+00
  -0.2779785E+01      0.5926108E+00
  -0.2755717E+01      0.4875892E+00
  -0.2731650E+01      0.4064516E+00
  -0.2707582E+01      0.1142910E+00
  -0.2683515E+01      0.6787297E-01
  -0.2659448E+01      0.7292381E-01
  -0.2635380E+01      0.8427142E-01
  -0.2611313E+01      0.9987990E-01
  -0.2587245E+01      0.1043424E+00
  -0.2563178E+01      0.1091119E+00
  -0.2539111E+01      0.1669181E+00
  -0.2515043E+01      0.1863833E+00
  -0.2490976E+01      0.2079087E+00
  -0.2466908E+01      0.2355531E+00
  -0.2442841E+01      0.9284034E+00
  -0.2418774E+01      0.5111454E+00
  -0.2394706E+01      0.1964158E+00
  -0.2370639E+01      0.1762116E+00
  -0.2346571E+01      0.1593262E+00
  -0.2322504E+01      0.1442343E+00
  -0.2298437E+01      0.1303067E+00
  -0.2274369E+01      0.1166325E+00
  -0.2250302E+01      0.1014552E+00
  -0.2226234E+01      0.8403446E-01
  -0.2202167E+01      0.7211478E-01
  -0.2178100E+01      0.6395291E-01
  -0.2154032E+01      0.6260570E-01
  -0.2129965E+01      0.7324199E-01
  -0.2105897E+01      0.1089501E+00
  -0.2081830E+01      0.1019696E+00
  -0.2057763E+01      0.1097710E+00
  -0.2033695E+01      0.1364582E+00
  -0.2009628E+01      0.1308323E+00
  -0.1985560E+01      0.1465404E+00
  -0.1961493E+01      0.1951503E+00
  -0.1937426E+01      0.2160535E+00
  -0.1913358E+01      0.2425990E+00
  -0.1889291E+01      0.2654776E+00
  -0.1865223E+01      0.2925715E+00
  -0.1841156E+01      0.3340752E+00
  -0.1817089E+01      0.4406180E+00
  -0.1793021E+01      0.5389045E+00
  -0.1768954E+01      0.6383084E+00
  -0.1744886E+01      0.7600835E+00
  -0.1720819E+01      0.8604249E+00
  -0.1696752E+01      0.9341860E+00
  -0.1672684E+01      0.9839280E+00
  -0.1648617E+01      0.1014185E+01
  -0.1624549E+01      0.1030299E+01
  -0.1600482E+01      0.1036960E+01
  -0.1576415E+01      0.1037740E+01
  -0.1552347E+01      0.1035197E+01
  -0.1528280E+01      0.1031056E+01
  -0.1504212E+01      0.1026464E+01
  -0.1480145E+01      0.1021812E+01
  -0.1456078E+01      0.1016562E+01
  -0.1432010E+01      0.1008980E+01
  -0.1407943E+01      0.9959564E+00
  -0.1383875E+01      0.9730851E+00
  -0.1359808E+01      0.9352850E+00
  -0.1335741E+01      0.8781913E+00
  -0.1311673E+01      0.8001329E+00
  -0.1287606E+01      0.7037656E+00
  -0.1263538E+01      0.5960628E+00
  -0.1239471E+01      0.4862371E+00
  -0.1215404E+01      0.3827707E+00
  -0.1191336E+01      0.2913185E+00
  -0.1167269E+01      0.2142660E+00
  -0.1143201E+01      0.1514845E+00
  -0.1119134E+01      0.1014485E+00
  -0.1095067E+01      0.6222661E-01
  -0.1070999E+01      0.3247834E-01
  -0.1046932E+01      0.1506991E-01
  -0.1022864E+01      0.2422080E+00
  -0.9987971E+00      0.3104064E+00
  -0.9747297E+00      0.3147906E+00
  -0.9506623E+00      0.3086964E+00
  -0.9265949E+00      0.2988244E+00
  -0.9025275E+00      0.2873622E+00
  -0.8784601E+00      0.2752678E+00
  -0.8543927E+00      0.2630284E+00
  -0.8303253E+00      0.2509131E+00
  -0.8062579E+00      0.2390765E+00
  -0.7821905E+00      0.2276077E+00
  -0.7581231E+00      0.2165562E+00
  -0.7340557E+00      0.2059461E+00
  -0.7099883E+00      0.1957853E+00
  -0.6859209E+00      0.1860702E+00
  -0.6618535E+00      0.1767904E+00
  -0.6377861E+00      0.1679302E+00
  -0.6137187E+00      0.1594704E+00
  -0.5896513E+00      0.1513901E+00
  -0.5655839E+00      0.1436663E+00
  -0.5415165E+00      0.1362753E+00
  -0.5174491E+00      0.1291928E+00
  -0.4933817E+00      0.1223936E+00
  -0.4693143E+00      0.1158518E+00
  -0.4452469E+00      0.1095408E+00
  -0.4211795E+00      0.1034324E+00
  -0.3971121E+00      0.9749637E-01
  -0.3730447E+00      0.9169944E-01
  -0.3489773E+00      0.8600337E-01
  -0.3249099E+00      0.8036242E-01
  -0.3008425E+00      0.7471883E-01
  -0.2767751E+00      0.6899509E-01
  -0.2527077E+00      0.6307960E-01
  -0.2286403E+00      0.5679773E-01
  -0.2045729E+00      0.4985801E-01
  -0.1805055E+00      0.4170068E-01
  -0.1564381E+00      0.3147905E-01
  -0.1323707E+00      0.3620900E-01
  -0.1083033E+00      0.8398512E-01
  -0.8423590E-01      0.9065501E-01
  -0.6016850E-01      0.9251999E-01
  -0.3610110E-01      0.9103505E-01
  -0.1203370E-01      0.8877682E-01
   0.1203370E-01      0.8622635E-01
   0.3610110E-01      0.8352652E-01
   0.6016850E-01      0.8072305E-01
   0.8423590E-01      0.7782341E-01
   0.1083033E+00      0.7481515E-01
   0.1323707E+00      0.7167161E-01
   0.1564381E+00      0.6835253E-01
   0.1805055E+00      0.6486203E-01
   0.2045729E+00      0.6090891E-01
   0.2286403E+00      0.5657282E-01
   0.2527077E+00      0.5154841E-01
   0.2767751E+00      0.4538642E-01
   0.3008425E+00      0.3691507E-01
   0.3249099E+00      0.1991227E-01
   0.3489773E+00      0.6238477E-01
   0.3730447E+00      0.7616469E-01
   0.3971121E+00      0.8502761E-01
   0.4211795E+00      0.9159816E-01
   0.4452469E+00      0.9687744E-01
   0.4693143E+00      0.1012883E+00
   0.4933817E+00      0.1051043E+00
   0.5174491E+00      0.1084863E+00
   0.5415165E+00      0.1115407E+00
   0.5655839E+00      0.1143444E+00
   0.5896513E+00      0.1169422E+00
   0.6137187E+00      0.1193830E+00
   0.6377861E+00      0.1216943E+00
   0.6618535E+00      0.1239002E+00
   0.6859209E+00      0.1260200E+00
   0.7099883E+00      0.1280695E+00
   0.7340557E+00      0.1300616E+00
   0.7581231E+00      0.1320075E+00
   0.7821905E+00      0.1339163E+00
   0.8062579E+00      0.1357961E+00
   0.8303253E+00      0.1376537E+00
   0.8543927E+00      0.1394948E+00
   0.8784601E+00      0.1413245E+00
   0.9025275E+00      0.1431468E+00
   0.9265949E+00      0.1449650E+00
   0.9506623E+00      0.1467823E+00
   0.9747297E+00      0.1486036E+00
   0.9987971E+00      0.1504837E+00
   0.1022864E+01      0.1521461E+00
   0.1046932E+01      0.1539695E+00
   0.1070999E+01      0.1557569E+00
   0.1095067E+01      0.1575152E+00
   0.1119134E+01      0.1592328E+00
   0.1143201E+01      0.1608897E+00
   0.1167269E+01      0.1624570E+00
   0.1191336E+01      0.1638929E+00
   0.1215404E+01      0.1651356E+00
   0.1239471E+01      0.1660920E+00
   0.1263538E+01      0.1666144E+00
   0.1287606E+01      0.1664535E+00
   0.1311673E+01      0.1651430E+00
   0.1335741E+01      0.1616715E+00
   0.1359808E+01      0.1529794E+00
   0.1383875E+01      0.2326267E+00
   0.1407943E+01      0.2955678E+00
   0.1432010E+01      0.3211592E+00
   0.1456078E+01      0.3423283E+00
   0.1480145E+01      0.3630027E+00
   0.1504212E+01      0.3856657E+00
   0.1528280E+01      0.4172893E+00
   0.1552347E+01      0.4604585E+00
   0.1576415E+01      0.4590061E+00
   0.1600482E+01      0.4565752E+00
   0.1624549E+01      0.4553470E+00
   0.1648617E+01      0.4554611E+00
   0.1672684E+01      0.4568262E+00
   0.1696752E+01      0.4591014E+00
   0.1720819E+01      0.4624935E+00
   0.1744886E+01      0.4666644E+00
   0.1768954E+01      0.4715664E+00
   0.1793021E+01      0.4771382E+00
   0.1817089E+01      0.4833337E+00
   0.1841156E+01      0.4901216E+00
   0.1865223E+01      0.4974842E+00
   0.1889291E+01      0.5054173E+00
   0.1913358E+01      0.5139303E+00
   0.1937426E+01      0.5230473E+00
   0.1961493E+01      0.5328101E+00
   0.1985560E+01      0.5432798E+00
   0.2009628E+01      0.5545425E+00
   0.2033695E+01      0.5667147E+00
   0.2057763E+01      0.5799514E+00
   0.2081830E+01      0.5944566E+00
   0.2105897E+01      0.6104977E+00
   0.2129965E+01      0.6284245E+00
   0.2154032E+01      0.6486959E+00
   0.2178100E+01      0.6719170E+00
   0.2202167E+01      0.6988965E+00
   0.2226234E+01      0.7307391E+00
   0.2250302E+01      0.7690200E+00
   0.2274369E+01      0.8161693E+00
   0.2298437E+01      0.8764765E+00
   0.2322504E+01      0.9592211E+00
   0.2346571E+01      0.1089385E+01
   0.2370639E+01      0.1345176E+01
   0.2394706E+01      0.1802557E+01
   0.2418774E+01      0.1684601E+01
   0.2442841E+01      0.1333715E+01
   0.2466908E+01      0.1156585E+01
   0.2490976E+01      0.1033157E+01
   0.2515043E+01      0.9217923E+00
   0.2539111E+01      0.8192289E+00
   0.2563178E+01      0.7301412E+00
   0.2587245E+01      0.6576899E+00
   0.2611313E+01      0.6021385E+00
   0.2635380E+01      0.5619057E+00
   0.2659448E+01      0.5346365E+00
   0.2683515E+01      0.5179096E+00
   0.2707582E+01      0.5095136E+00
   0.2731650E+01      0.5075351E+00
   0.2755717E+01      0.5103570E+00
   0.2779785E+01      0.5166266E+00
   0.2803852E+01      0.5252179E+00
   0.2827919E+01      0.5351923E+00
   0.2851987E+01      0.5457566E+00
   0.2876054E+01      0.5562117E+00
   0.2900122E+01      0.5658818E+00
   0.2924189E+01      0.5739958E+00
   0.2948256E+01      0.5794484E+00
   0.2972324E+01      0.5802069E+00
   0.2996391E+01      0.5715379E+00
   0.3020459E+01      0.5314774E+00
   0.3044526E+01      0.6074988E+00
   0.3068593E+01      0.5709014E+00
   0.3092661E+01      0.4750222E+00
   0.3116728E+01      0.5803490E+00
   0.3140796E+01      0.4724960E+00
   0.3164863E+01      0.3367001E+00
   0.3188930E+01      0.3394252E+00
   0.3212998E+01      0.5799739E+00
   0.3237065E+01      0.5778006E+00
   0.3261133E+01      0.5716077E+00
   0.3285200E+01      0.5642999E+00
   0.3309267E+01      0.5563812E+00
   0.3333335E+01      0.5466936E+00
   0.3357402E+01      0.5629806E+00
   0.3381470E+01      0.6824594E+00
   0.3405537E+01      0.7973468E+00
   0.3429604E+01      0.8089265E+00
   0.3453672E+01      0.8015808E+00
   0.3477739E+01      0.7830591E+00
   0.3501807E+01      0.7552872E+00
   0.3525874E+01      0.7195890E+00
   0.3549941E+01      0.6208931E+00
   0.3574009E+01      0.5810173E+00
   0.3598076E+01      0.5507498E+00
   0.3622144E+01      0.5154083E+00
   0.3646211E+01      0.4682697E+00
   0.3670278E+01      0.4038840E+00
   0.3694346E+01      0.3780042E+00
   0.3718413E+01      0.4811281E+00
   0.3742481E+01      0.4730166E+00
   0.3766548E+01      0.4709188E+00
   0.3790615E+01      0.4698673E+00
   0.3814683E+01      0.4691492E+00
   0.3838750E+01      0.4685742E+00
   0.3862818E+01      0.4680810E+00
   0.3886885E+01      0.4676506E+00
   0.3910952E+01      0.4672790E+00
   0.3935020E+01      0.4669680E+00
   0.3959087E+01      0.4667211E+00
   0.3983155E+01      0.4665425E+00
   0.4007222E+01      0.4664355E+00
   0.4031289E+01      0.4664031E+00
   0.4055357E+01      0.4664496E+00
   0.4079424E+01      0.4665739E+00
   0.4103492E+01      0.4667790E+00
   0.4127559E+01      0.4670658E+00
   0.4151626E+01      0.4674343E+00
   0.4175694E+01      0.4678941E+00
   0.4199761E+01      0.4684221E+00
   0.4223829E+01      0.4690383E+00
   0.4247896E+01      0.4697370E+00
   0.4271963E+01      0.4705176E+00
   0.4296031E+01      0.4713793E+00
   0.4320098E+01      0.4723214E+00
   0.4344166E+01      0.4733429E+00
   0.4368233E+01      0.4744425E+00
   0.4392300E+01      0.4756185E+00
   0.4416368E+01      0.4768687E+00
   0.4440435E+01      0.4781900E+00
   0.4464503E+01      0.4795788E+00
   0.4488570E+01      0.4810302E+00
   0.4512637E+01      0.4825392E+00
   0.4536705E+01      0.4841020E+00
   0.4560772E+01      0.4857193E+00
   0.4584840E+01      0.4874136E+00
   0.4608907E+01      0.4892760E+00
   0.4632974E+01      0.4916656E+00
   0.4657042E+01      0.4965017E+00
   0.4681109E+01      0.5314526E+00
   0.4705177E+01      0.5471432E+00
   0.4729244E+01      0.5616590E+00
   0.4753311E+01      0.5779385E+00
   0.4777379E+01      0.5969669E+00
   0.4801446E+01      0.6195413E+00
   0.4825514E+01      0.6467642E+00
   0.4849581E+01      0.6815147E+00
   0.4873648E+01      0.6105259E+00
   0.4897716E+01      0.5946965E+00
   0.4921783E+01      0.5894640E+00
   0.4945851E+01      0.5881926E+00
   0.4969918E+01      0.5888608E+00
   0.4993985E+01      0.5906054E+00
   0.5018053E+01      0.5930231E+00
   0.5042120E+01      0.5959691E+00
   0.5066188E+01      0.5994852E+00
   0.5090255E+01      0.6037484E+00
   0.5114322E+01      0.6090017E+00
   0.5138390E+01      0.6154630E+00
   0.5162457E+01      0.6232283E+00
   0.5186525E+01      0.6322213E+00
   0.5210592E+01      0.6421666E+00
   0.5234659E+01      0.6526211E+00
   0.5258727E+01      0.6630309E+00
   0.5282794E+01      0.6728132E+00
   0.5306862E+01      0.6814349E+00
   0.5330929E+01      0.6884863E+00
   0.5354996E+01      0.6937273E+00
   0.5379064E+01      0.6971028E+00
   0.5403131E+01      0.6987269E+00
   0.5427199E+01      0.6988449E+00
   0.5451266E+01      0.6977859E+00
   0.5475333E+01      0.6959154E+00
   0.5499401E+01      0.6935960E+00
   0.5523468E+01      0.6911615E+00
   0.5547536E+01      0.6889001E+00
   0.5571603E+01      0.6870481E+00
   0.5595670E+01      0.6857891E+00
   0.5619738E+01      0.6852572E+00
   0.5643805E+01      0.6855395E+00
   0.5667873E+01      0.6866788E+00
   0.5691940E+01      0.6886718E+00
   0.5716007E+01      0.6914603E+00
   0.5740075E+01      0.6949112E+00
   0.5764142E+01      0.6987702E+00
   0.5788210E+01      0.7025554E+00
   0.5812277E+01      0.7055162E+00
   0.5836344E+01      0.7050120E+00
   0.5860412E+01      0.6943635E+00
   0.5884479E+01      0.5893604E+00
   0.5908547E+01      0.5612706E+00
   0.5932614E+01      0.5528748E+00
   0.5956681E+01      0.5512447E+00
   0.5980749E+01      0.5535301E+00
   0.6004816E+01      0.5585873E+00
   0.6028884E+01      0.5658487E+00
   0.6052951E+01      0.5750017E+00
   0.6077018E+01      0.5858651E+00
   0.6101086E+01      0.5983323E+00
   0.6125153E+01      0.6123411E+00
   0.6149221E+01      0.6278548E+00
   0.6173288E+01      0.6448564E+00
   0.6197355E+01      0.6633251E+00
   0.6221423E+01      0.6832437E+00
   0.6245490E+01      0.7045820E+00
   0.6269558E+01      0.7272900E+00
   0.6293625E+01      0.7512888E+00
   0.6317692E+01      0.7764651E+00
   0.6341760E+01      0.8026125E+00
   0.6365827E+01      0.8295437E+00
   0.6389895E+01      0.8569149E+00
   0.6413962E+01      0.8843185E+00
   0.6438029E+01      0.9112385E+00
   0.6462097E+01      0.9370252E+00
   0.6486164E+01      0.9612631E+00
   0.6510232E+01      0.9825022E+00
   0.6534299E+01      0.1000301E+01
   0.6558366E+01      0.1013659E+01
   0.6582434E+01      0.1021695E+01
   0.6606501E+01      0.1023644E+01
   0.6630569E+01      0.1018932E+01
   0.6654636E+01      0.1007245E+01
   0.6678703E+01      0.9886007E+00
   0.6702771E+01      0.9680236E+00
   0.6726838E+01      0.9388943E+00
   0.6750906E+01      0.9039182E+00
   0.6774973E+01      0.8643487E+00
   0.6799040E+01      0.8218024E+00
   0.6823108E+01      0.7771370E+00
   0.6847175E+01      0.7315599E+00
   0.6871243E+01      0.6860355E+00
   0.6895310E+01      0.6413645E+00
   0.6919377E+01      0.5981763E+00
   0.6943445E+01      0.5569364E+00
   0.6967512E+01      0.5179629E+00
   0.6991580E+01      0.4814484E+00
   0.7015647E+01      0.4474837E+00
   0.7039714E+01      0.4160807E+00
   0.7063782E+01      0.3871920E+00
   0.7087849E+01      0.3607288E+00
   0.7111917E+01      0.3365740E+00
   0.7135984E+01      0.3145936E+00
   0.7160051E+01      0.2946450E+00
   0.7184119E+01      0.2765829E+00
   0.7208186E+01      0.2602638E+00
   0.7232254E+01      0.2455496E+00
   0.7256321E+01      0.2323093E+00
   0.7280388E+01      0.2204206E+00
   0.7304456E+01      0.2097707E+00
   0.7328523E+01      0.2002572E+00
   0.7352591E+01      0.1917868E+00
   0.7376658E+01      0.1842771E+00
   0.7400725E+01      0.1776555E+00
   0.7424793E+01      0.1718564E+00
   0.7448860E+01      0.1668276E+00
   0.7472928E+01      0.1625225E+00
   0.7496995E+01      0.1589046E+00
   0.7521062E+01      0.1559459E+00
   0.7545130E+01      0.1536283E+00
   0.7569197E+01      0.1519428E+00
   0.7593265E+01      0.1508923E+00
   0.7617332E+01      0.1504924E+00
   0.7641399E+01      0.1507746E+00
   0.7665467E+01      0.1517902E+00
   0.7689534E+01      0.1536172E+00
   0.7713602E+01      0.1563693E+00
   0.7737669E+01      0.1602109E+00
   0.7761736E+01      0.1653803E+00
   0.7785804E+01      0.1722272E+00
   0.7809871E+01      0.1812740E+00
   0.7833939E+01      0.1933218E+00
   0.7858006E+01      0.2096378E+00
   0.7882073E+01      0.2323004E+00
   0.7906141E+01      0.2648560E+00
   0.7930208E+01      0.3136302E+00
   0.7954276E+01      0.3901603E+00
   0.7978343E+01      0.5151850E+00
   0.8002410E+01      0.7180528E+00
   0.8026478E+01      0.9903668E+00
   0.8050545E+01      0.1148142E+01
   0.8074613E+01      0.9963891E+00
   0.8098680E+01      0.7396305E+00
   0.8122747E+01      0.5525060E+00
   0.8146815E+01      0.4400168E+00
   0.8170882E+01      0.3742992E+00
   0.8194950E+01      0.3357801E+00
   0.8219017E+01      0.3134752E+00
   0.8243084E+01      0.3013478E+00
   0.8267152E+01      0.2959942E+00
   0.8291219E+01      0.2954285E+00
   0.8315287E+01      0.2984558E+00
   0.8339354E+01      0.3043413E+00
   0.8363421E+01      0.3126292E+00
   0.8387489E+01      0.3230406E+00
   0.8411556E+01      0.3354206E+00
   0.8435624E+01      0.3494995E+00
   0.8459691E+01      0.3656650E+00
   0.8483758E+01      0.3835858E+00
   0.8507826E+01      0.4033820E+00
   0.8531893E+01      0.4251163E+00
   0.8555961E+01      0.4488642E+00
   0.8580028E+01      0.4747110E+00
   0.8604095E+01      0.5027476E+00
   0.8628163E+01      0.5330660E+00
   0.8652230E+01      0.5657536E+00
   0.8676298E+01      0.6008882E+00
   0.8700365E+01      0.6385312E+00
   0.8724432E+01      0.6787219E+00
   0.8748500E+01      0.7214714E+00
   0.8772567E+01      0.7667568E+00
   0.8796635E+01      0.8145191E+00
   0.8820702E+01      0.8646635E+00
   0.8844769E+01      0.9170660E+00
   0.8868837E+01      0.9715886E+00
   0.8892904E+01      0.1028105E+01
   0.8916972E+01      0.1086543E+01
   0.8941039E+01      0.1146937E+01
   0.8965106E+01      0.1209507E+01
   0.8989174E+01      0.1274745E+01
   0.9013241E+01      0.1343504E+01
   0.9037309E+01      0.1417058E+01
   0.9061376E+01      0.1497058E+01
   0.9085443E+01      0.1585299E+01
   0.9109511E+01      0.1684159E+01
   0.9133578E+01      0.1772945E+01
   0.9157646E+01      0.1791741E+01
   0.9181713E+01      0.1778829E+01
   0.9205780E+01      0.1734090E+01
   0.9229848E+01      0.1662225E+01
   0.9253915E+01      0.1571889E+01
   0.9277983E+01      0.1472881E+01
   0.9302050E+01      0.1373454E+01
   0.9326117E+01      0.1278889E+01
   0.9350185E+01      0.1191265E+01
   0.9374252E+01      0.1109081E+01
   0.9398320E+01      0.1011881E+01
   0.9422387E+01      0.1017981E+01
   0.9446454E+01      0.1010044E+01
   0.9470522E+01      0.1003702E+01
   0.9494589E+01      0.1002196E+01
   0.9518657E+01      0.1002782E+01
   0.9542724E+01      0.9957109E+00
   0.9566791E+01      0.9922527E+00
   0.9590859E+01      0.9918981E+00
   0.9614926E+01      0.9942768E+00
   0.9638994E+01      0.9975519E+00
   0.9663061E+01      0.1008312E+01
   0.9687128E+01      0.1018243E+01
   0.9711196E+01      0.1030865E+01
   0.9735263E+01      0.1045964E+01
   0.9759331E+01      0.1063506E+01
   0.9783398E+01      0.1083492E+01
   0.9807465E+01      0.1105939E+01
   0.9831533E+01      0.1130879E+01
   0.9855600E+01      0.1158357E+01
   0.9879668E+01      0.1188429E+01
   0.9903735E+01      0.1221171E+01
   0.9927802E+01      0.1256679E+01
   0.9951870E+01      0.1295075E+01
   0.9975937E+01      0.1336520E+01
   0.1000000E+02      0.1381218E+01
 &
 @autoscale
 @target G1.S0
