 @target G2.S0
 @type xy
  -0.1000000E+02     -0.9758113E-14
  -0.9975937E+01     -0.1711756E-13
  -0.9951870E+01      0.1605101E-13
  -0.9927802E+01      0.4881760E-13
  -0.9903735E+01     -0.7817513E-14
  -0.9879668E+01     -0.1611596E-13
  -0.9855600E+01     -0.1522799E-13
  -0.9831533E+01      0.3977006E-13
  -0.9807465E+01     -0.1546759E-14
  -0.9783398E+01     -0.9402790E-14
  -0.9759331E+01      0.2261635E-13
  -0.9735263E+01     -0.1803527E-13
  -0.9711196E+01      0.1315781E-13
  -0.9687128E+01     -0.2633881E-13
  -0.9663061E+01      0.6519786E-14
  -0.9638994E+01     -0.4448835E-13
  -0.9614926E+01     -0.1573100E-13
  -0.9590859E+01     -0.2022210E-13
  -0.9566791E+01      0.3365992E-14
  -0.9542724E+01     -0.5855162E-13
  -0.9518657E+01     -0.1720860E-13
  -0.9494589E+01      0.6284684E-13
  -0.9470522E+01     -0.3674864E-13
  -0.9446454E+01      0.5729037E-13
  -0.9422387E+01     -0.2515107E-13
  -0.9398320E+01      0.2335270E-14
  -0.9374252E+01      0.2715591E-14
  -0.9350185E+01      0.2993459E-13
  -0.9326117E+01     -0.1539494E-13
  -0.9302050E+01     -0.9056976E-14
  -0.9277983E+01      0.4675909E-14
  -0.9253915E+01      0.2286482E-14
  -0.9229848E+01     -0.2613792E-13
  -0.9205780E+01      0.1845418E-14
  -0.9181713E+01      0.2624788E-13
  -0.9157646E+01     -0.4132808E-13
  -0.9133578E+01      0.5461978E-13
  -0.9109511E+01     -0.1022794E-13
  -0.9085443E+01     -0.1238969E-13
  -0.9061376E+01      0.6769455E-14
  -0.9037309E+01      0.1524404E-13
  -0.9013241E+01     -0.2539065E-14
  -0.8989174E+01     -0.4637410E-13
  -0.8965106E+01     -0.1062294E-13
  -0.8941039E+01      0.1266970E-13
  -0.8916972E+01      0.8846721E-14
  -0.8892904E+01      0.4903631E-13
  -0.8868837E+01      0.2907448E-13
  -0.8844769E+01      0.7471558E-15
  -0.8820702E+01     -0.4751667E-13
  -0.8796635E+01     -0.3332745E-14
  -0.8772567E+01     -0.6908478E-13
  -0.8748500E+01      0.3158770E-13
  -0.8724432E+01     -0.2868954E-13
  -0.8700365E+01      0.8923296E-13
  -0.8676298E+01     -0.2593267E-13
  -0.8652230E+01     -0.7556846E-13
  -0.8628163E+01      0.1007707E-13
  -0.8604095E+01     -0.6752341E-13
  -0.8580028E+01      0.1886688E+00
  -0.8555961E+01      0.2417152E+00
  -0.8531893E+01      0.2013005E+00
  -0.8507826E+01      0.1356526E+00
  -0.8483758E+01      0.7593513E-01
  -0.8459691E+01      0.5118022E-01
  -0.8435624E+01      0.2015300E-01
  -0.8411556E+01      0.1403467E-01
  -0.8387489E+01      0.2548748E-01
  -0.8363421E+01      0.4895511E-01
  -0.8339354E+01      0.4937530E-01
  -0.8315287E+01      0.6809587E-01
  -0.8291219E+01      0.8552043E-01
  -0.8267152E+01      0.1002725E+00
  -0.8243084E+01      0.1114379E+00
  -0.8219017E+01      0.1184350E+00
  -0.8194950E+01      0.1208975E+00
  -0.8170882E+01      0.1185369E+00
  -0.8146815E+01      0.1109026E+00
  -0.8122747E+01      0.9676531E-01
  -0.8098680E+01      0.7237727E-01
  -0.8074613E+01      0.7418017E-01
  -0.8050545E+01      0.1629526E+00
  -0.8026478E+01      0.1145394E+00
  -0.8002410E+01      0.1107645E+00
  -0.7978343E+01      0.1031585E+01
  -0.7954276E+01      0.3574687E+00
  -0.7930208E+01      0.1517846E+00
  -0.7906141E+01      0.8670790E-01
  -0.7882073E+01      0.8476530E-01
  -0.7858006E+01      0.1116435E+00
  -0.7833939E+01      0.1488295E+00
  -0.7809871E+01      0.1860390E+00
  -0.7785804E+01      0.2177956E+00
  -0.7761736E+01      0.2414937E+00
  -0.7737669E+01      0.2562401E+00
  -0.7713602E+01      0.2621578E+00
  -0.7689534E+01      0.2599700E+00
  -0.7665467E+01      0.2507515E+00
  -0.7641399E+01      0.2357720E+00
  -0.7617332E+01      0.2163755E+00
  -0.7593265E+01      0.1938272E+00
  -0.7569197E+01      0.1690384E+00
  -0.7545130E+01      0.1421872E+00
  -0.7521062E+01      0.1139005E+00
  -0.7496995E+01      0.9796858E-01
  -0.7472928E+01      0.1309353E+00
  -0.7448860E+01      0.1912165E+00
  -0.7424793E+01      0.2501236E+00
  -0.7400725E+01      0.5974684E+00
  -0.7376658E+01      0.5730751E+00
  -0.7352591E+01      0.4887032E+00
  -0.7328523E+01      0.4127205E+00
  -0.7304456E+01      0.3574287E+00
  -0.7280388E+01      0.3230460E+00
  -0.7256321E+01      0.3048042E+00
  -0.7232254E+01      0.2959503E+00
  -0.7208186E+01      0.3017996E+00
  -0.7184119E+01      0.3097120E+00
  -0.7160051E+01      0.3066880E+00
  -0.7135984E+01      0.3023535E+00
  -0.7111917E+01      0.2957329E+00
  -0.7087849E+01      0.2875364E+00
  -0.7063782E+01      0.2793841E+00
  -0.7039714E+01      0.2731707E+00
  -0.7015647E+01      0.2704421E+00
  -0.6991580E+01      0.2718390E+00
  -0.6967512E+01      0.2767756E+00
  -0.6943445E+01      0.2834862E+00
  -0.6919377E+01      0.4401803E+00
  -0.6895310E+01      0.4486318E+00
  -0.6871243E+01      0.4485137E+00
  -0.6847175E+01      0.4378249E+00
  -0.6823108E+01      0.3851114E+00
  -0.6799040E+01      0.2469492E+00
  -0.6774973E+01      0.2282947E+00
  -0.6750906E+01      0.2129038E+00
  -0.6726838E+01      0.2041274E+00
  -0.6702771E+01      0.2043467E+00
  -0.6678703E+01      0.2147241E+00
  -0.6654636E+01      0.2345080E+00
  -0.6630569E+01      0.2616109E+00
  -0.6606501E+01      0.2926252E+00
  -0.6582434E+01      0.3233692E+00
  -0.6558366E+01      0.3494808E+00
  -0.6534299E+01      0.3668396E+00
  -0.6510232E+01      0.3722007E+00
  -0.6486164E+01      0.3628832E+00
  -0.6462097E+01      0.3337918E+00
  -0.6438029E+01      0.2869646E+00
  -0.6413962E+01      0.2848212E+00
  -0.6389895E+01      0.2690799E+00
  -0.6365827E+01      0.2421972E+00
  -0.6341760E+01      0.2102633E+00
  -0.6317692E+01      0.2862323E+00
  -0.6293625E+01      0.6335418E+00
  -0.6269558E+01      0.1286789E+01
  -0.6245490E+01      0.1815943E+01
  -0.6221423E+01      0.2451633E+01
  -0.6197355E+01      0.2234839E+01
  -0.6173288E+01      0.1893569E+01
  -0.6149221E+01      0.2487604E+01
  -0.6125153E+01      0.1794956E+01
  -0.6101086E+01      0.1315245E+01
  -0.6077018E+01      0.1410728E+01
  -0.6052951E+01      0.1184342E+01
  -0.6028884E+01      0.1116618E+01
  -0.6004816E+01      0.1148307E+01
  -0.5980749E+01      0.1705911E+01
  -0.5956681E+01      0.7605789E+01
  -0.5932614E+01      0.3771606E+01
  -0.5908547E+01      0.3737097E+01
  -0.5884479E+01      0.2309831E+01
  -0.5860412E+01      0.1769560E+01
  -0.5836344E+01      0.1387755E+01
  -0.5812277E+01      0.7460554E+00
  -0.5788210E+01      0.7961616E+00
  -0.5764142E+01      0.1019366E+01
  -0.5740075E+01      0.1042449E+01
  -0.5716007E+01      0.9148340E+00
  -0.5691940E+01      0.8141083E+00
  -0.5667873E+01      0.6150670E+00
  -0.5643805E+01      0.5303448E+00
  -0.5619738E+01      0.6977606E+00
  -0.5595670E+01      0.6887536E+00
  -0.5571603E+01      0.6904350E+00
  -0.5547536E+01      0.7106644E+00
  -0.5523468E+01      0.7480037E+00
  -0.5499401E+01      0.6716946E+00
  -0.5475333E+01      0.9041876E+00
  -0.5451266E+01      0.1058774E+01
  -0.5427199E+01      0.1411118E+01
  -0.5403131E+01      0.1520066E+01
  -0.5379064E+01      0.2097608E+01
  -0.5354996E+01      0.1957849E+01
  -0.5330929E+01      0.1772846E+01
  -0.5306862E+01      0.1593797E+01
  -0.5282794E+01      0.1307214E+01
  -0.5258727E+01      0.8482108E+00
  -0.5234659E+01      0.7385420E+00
  -0.5210592E+01      0.6691859E+00
  -0.5186525E+01      0.7508976E+00
  -0.5162457E+01      0.6316865E+00
  -0.5138390E+01      0.8381643E+00
  -0.5114322E+01      0.8972994E+00
  -0.5090255E+01      0.1623195E+01
  -0.5066188E+01      0.1426176E+01
  -0.5042120E+01      0.1252491E+01
  -0.5018053E+01      0.1133371E+01
  -0.4993985E+01      0.1307048E+01
  -0.4969918E+01      0.2820443E+01
  -0.4945851E+01      0.8591240E+00
  -0.4921783E+01      0.5867630E+00
  -0.4897716E+01      0.1084259E+01
  -0.4873648E+01      0.1485576E+01
  -0.4849581E+01      0.1358714E+01
  -0.4825514E+01      0.1366035E+01
  -0.4801446E+01      0.1862847E+01
  -0.4777379E+01      0.7208327E+00
  -0.4753311E+01      0.7569727E+00
  -0.4729244E+01      0.7812073E+00
  -0.4705177E+01      0.7835272E+00
  -0.4681109E+01      0.7544059E+00
  -0.4657042E+01      0.8147369E+00
  -0.4632974E+01      0.1464652E+01
  -0.4608907E+01      0.1656630E+01
  -0.4584840E+01      0.1131471E+01
  -0.4560772E+01      0.1265993E+01
  -0.4536705E+01      0.1830776E+01
  -0.4512637E+01      0.3086828E+01
  -0.4488570E+01      0.2724831E+01
  -0.4464503E+01      0.1837981E+01
  -0.4440435E+01      0.1413615E+01
  -0.4416368E+01      0.1411643E+01
  -0.4392300E+01      0.1706958E+01
  -0.4368233E+01      0.1876796E+01
  -0.4344166E+01      0.1819484E+01
  -0.4320098E+01      0.1948480E+01
  -0.4296031E+01      0.1774671E+01
  -0.4271963E+01      0.1912639E+01
  -0.4247896E+01      0.1946526E+01
  -0.4223829E+01      0.1962119E+01
  -0.4199761E+01      0.2062582E+01
  -0.4175694E+01      0.4429788E+01
  -0.4151626E+01      0.5646056E+01
  -0.4127559E+01      0.3721420E+01
  -0.4103492E+01      0.4523975E+01
  -0.4079424E+01      0.5090884E+01
  -0.4055357E+01      0.2025666E+02
  -0.4031289E+01      0.2397379E+01
  -0.4007222E+01      0.1993452E+01
  -0.3983155E+01      0.1823345E+01
  -0.3959087E+01      0.3040545E+01
  -0.3935020E+01      0.2469957E+01
  -0.3910952E+01      0.1708766E+01
  -0.3886885E+01      0.1597774E+01
  -0.3862818E+01      0.2100308E+01
  -0.3838750E+01      0.2918186E+01
  -0.3814683E+01      0.3306649E+01
  -0.3790615E+01      0.2542728E+01
  -0.3766548E+01      0.2511123E+01
  -0.3742481E+01      0.1567621E+01
  -0.3718413E+01      0.1144489E+01
  -0.3694346E+01      0.1149936E+01
  -0.3670278E+01      0.1111270E+01
  -0.3646211E+01      0.9756709E+00
  -0.3622144E+01      0.1166542E+01
  -0.3598076E+01      0.1623486E+01
  -0.3574009E+01      0.1320221E+01
  -0.3549941E+01      0.1228257E+01
  -0.3525874E+01      0.1286482E+01
  -0.3501807E+01      0.1266540E+01
  -0.3477739E+01      0.1370161E+01
  -0.3453672E+01      0.1479892E+01
  -0.3429604E+01      0.1497316E+01
  -0.3405537E+01      0.1490630E+01
  -0.3381470E+01      0.1694777E+01
  -0.3357402E+01      0.1346864E+01
  -0.3333335E+01      0.1117614E+01
  -0.3309267E+01      0.1120503E+01
  -0.3285200E+01      0.1262735E+01
  -0.3261133E+01      0.1526963E+01
  -0.3237065E+01      0.1745244E+01
  -0.3212998E+01      0.1831454E+01
  -0.3188930E+01      0.1885051E+01
  -0.3164863E+01      0.1972222E+01
  -0.3140796E+01      0.1722351E+01
  -0.3116728E+01      0.1844685E+01
  -0.3092661E+01      0.1969359E+01
  -0.3068593E+01      0.2194157E+01
  -0.3044526E+01      0.1933681E+01
  -0.3020459E+01      0.1862050E+01
  -0.2996391E+01      0.1806407E+01
  -0.2972324E+01      0.1665851E+01
  -0.2948256E+01      0.1711332E+01
  -0.2924189E+01      0.1730117E+01
  -0.2900122E+01      0.9435538E+00
  -0.2876054E+01      0.1015176E+01
  -0.2851987E+01      0.1113597E+01
  -0.2827919E+01      0.1184166E+01
  -0.2803852E+01      0.1188068E+01
  -0.2779785E+01      0.1067195E+01
  -0.2755717E+01      0.8633823E+00
  -0.2731650E+01      0.1082903E+01
  -0.2707582E+01      0.2992638E+01
  -0.2683515E+01      0.3583999E+01
  -0.2659448E+01      0.1088907E+01
  -0.2635380E+01      0.1059105E+01
  -0.2611313E+01      0.1030113E+01
  -0.2587245E+01      0.9556437E+00
  -0.2563178E+01      0.7320066E+00
  -0.2539111E+01      0.1345482E+01
  -0.2515043E+01      0.1034620E+01
  -0.2490976E+01      0.8431660E+00
  -0.2466908E+01      0.7572653E+00
  -0.2442841E+01      0.7523742E+00
  -0.2418774E+01      0.9732764E+00
  -0.2394706E+01      0.9694500E+00
  -0.2370639E+01      0.1165147E+01
  -0.2346571E+01      0.1399097E+01
  -0.2322504E+01      0.1558497E+01
  -0.2298437E+01      0.1645499E+01
  -0.2274369E+01      0.1180843E+01
  -0.2250302E+01      0.1321698E+01
  -0.2226234E+01      0.1633020E+01
  -0.2202167E+01      0.1493874E+01
  -0.2178100E+01      0.9002168E+00
  -0.2154032E+01      0.8739748E+00
  -0.2129965E+01      0.9194380E+00
  -0.2105897E+01      0.1924122E+01
  -0.2081830E+01      0.1492263E+01
  -0.2057763E+01      0.1390980E+01
  -0.2033695E+01      0.1632925E+01
  -0.2009628E+01      0.1447363E+01
  -0.1985560E+01      0.1998011E+01
  -0.1961493E+01      0.3829759E+01
  -0.1937426E+01      0.3982104E+01
  -0.1913358E+01      0.6403293E+01
  -0.1889291E+01      0.9417049E+01
  -0.1865223E+01      0.5852643E+01
  -0.1841156E+01      0.3374041E+01
  -0.1817089E+01      0.1954459E+01
  -0.1793021E+01      0.2843913E+01
  -0.1768954E+01      0.2233209E+01
  -0.1744886E+01      0.1410739E+00
  -0.1720819E+01      0.1378570E+00
  -0.1696752E+01      0.1350999E+00
  -0.1672684E+01      0.1324940E+00
  -0.1648617E+01      0.1299770E+00
  -0.1624549E+01      0.1275175E+00
  -0.1600482E+01      0.1251332E+00
  -0.1576415E+01      0.1228331E+00
  -0.1552347E+01      0.1207029E+00
  -0.1528280E+01      0.1187714E+00
  -0.1504212E+01      0.1170590E+00
  -0.1480145E+01      0.1155936E+00
  -0.1456078E+01      0.1144202E+00
  -0.1432010E+01      0.1136052E+00
  -0.1407943E+01      0.1132255E+00
  -0.1383875E+01      0.1133385E+00
  -0.1359808E+01      0.1139389E+00
  -0.1335741E+01      0.1149159E+00
  -0.1311673E+01      0.1160395E+00
  -0.1287606E+01      0.1170074E+00
  -0.1263538E+01      0.1175485E+00
  -0.1239471E+01      0.1175333E+00
  -0.1215404E+01      0.1170284E+00
  -0.1191336E+01      0.1162867E+00
  -0.1167269E+01      0.1157241E+00
  -0.1143201E+01      0.1159701E+00
  -0.1119134E+01      0.1181313E+00
  -0.1095067E+01      0.1247305E+00
  -0.1070999E+01      0.1436696E+00
  -0.1046932E+01      0.2161183E+00
  -0.1022864E+01      0.1105064E+01
  -0.9987971E+00      0.5795293E+00
  -0.9747297E+00      0.3831972E+00
  -0.9506623E+00      0.2808974E+00
  -0.9265949E+00      0.2245398E+00
  -0.9025275E+00      0.1940039E+00
  -0.8784601E+00      0.1788754E+00
  -0.8543927E+00      0.1731491E+00
  -0.8303253E+00      0.1731308E+00
  -0.8062579E+00      0.1764529E+00
  -0.7821905E+00      0.1815588E+00
  -0.7581231E+00      0.2840859E+00
  -0.7340557E+00      0.2911714E+00
  -0.7099883E+00      0.2977824E+00
  -0.6859209E+00      0.3035010E+00
  -0.6618535E+00      0.2688103E+00
  -0.6377861E+00      0.2105414E+00
  -0.6137187E+00      0.2125101E+00
  -0.5896513E+00      0.2134845E+00
  -0.5655839E+00      0.2135019E+00
  -0.5415165E+00      0.2126212E+00
  -0.5174491E+00      0.2109157E+00
  -0.4933817E+00      0.2084681E+00
  -0.4693143E+00      0.2053669E+00
  -0.4452469E+00      0.2017035E+00
  -0.4211795E+00      0.1975706E+00
  -0.3971121E+00      0.1930602E+00
  -0.3730447E+00      0.1882635E+00
  -0.3489773E+00      0.1832706E+00
  -0.3249099E+00      0.1781725E+00
  -0.3008425E+00      0.1730660E+00
  -0.2767751E+00      0.1680669E+00
  -0.2527077E+00      0.1633453E+00
  -0.2286403E+00      0.1592336E+00
  -0.2045729E+00      0.1566205E+00
  -0.1805055E+00      0.1586857E+00
  -0.1564381E+00      0.1837473E+00
  -0.1323707E+00      0.5122889E+00
  -0.1083033E+00      0.6186131E+00
  -0.8423590E-01      0.3330460E+00
  -0.6016850E-01      0.2713909E+00
  -0.3610110E-01      0.2786967E+00
  -0.1203370E-01      0.3069094E+00
   0.1203370E-01      0.3387586E+00
   0.3610110E-01      0.3667011E+00
   0.6016850E-01      0.3875675E+00
   0.8423590E-01      0.4004349E+00
   0.1083033E+00      0.4055907E+00
   0.1323707E+00      0.4039689E+00
   0.1564381E+00      0.3968257E+00
   0.1805055E+00      0.3856637E+00
   0.2045729E+00      0.3715352E+00
   0.2286403E+00      0.3562820E+00
   0.2527077E+00      0.3413892E+00
   0.2767751E+00      0.3292979E+00
   0.3008425E+00      0.3268492E+00
   0.3249099E+00      0.5741530E+00
   0.3489773E+00      0.6481630E+00
   0.3730447E+00      0.5405568E+00
   0.3971121E+00      0.4550132E+00
   0.4211795E+00      0.3904701E+00
   0.4452469E+00      0.3427962E+00
   0.4693143E+00      0.3084347E+00
   0.4933817E+00      0.2846368E+00
   0.5174491E+00      0.2692055E+00
   0.5415165E+00      0.2603618E+00
   0.5655839E+00      0.2566422E+00
   0.5896513E+00      0.2568339E+00
   0.6137187E+00      0.2599227E+00
   0.6377861E+00      0.2650653E+00
   0.6618535E+00      0.2715621E+00
   0.6859209E+00      0.2788375E+00
   0.7099883E+00      0.2864247E+00
   0.7340557E+00      0.2939512E+00
   0.7581231E+00      0.3011271E+00
   0.7821905E+00      0.4648951E+00
   0.8062579E+00      0.4736016E+00
   0.8303253E+00      0.4812177E+00
   0.8543927E+00      0.4876268E+00
   0.8784601E+00      0.4172752E+00
   0.9025275E+00      0.3285217E+00
   0.9265949E+00      0.3300743E+00
   0.9506623E+00      0.3308508E+00
   0.9747297E+00      0.3309340E+00
   0.9987971E+00      0.3304210E+00
   0.1022864E+01      0.3294150E+00
   0.1046932E+01      0.3280356E+00
   0.1070999E+01      0.3263987E+00
   0.1095067E+01      0.3246252E+00
   0.1119134E+01      0.3228352E+00
   0.1143201E+01      0.3211461E+00
   0.1167269E+01      0.3196702E+00
   0.1191336E+01      0.3185137E+00
   0.1215404E+01      0.3177754E+00
   0.1239471E+01      0.3175488E+00
   0.1263538E+01      0.3179311E+00
   0.1287606E+01      0.3190587E+00
   0.1311673E+01      0.3212420E+00
   0.1335741E+01      0.3256273E+00
   0.1359808E+01      0.3396211E+00
   0.1383875E+01      0.1070320E+01
   0.1407943E+01      0.7908049E+00
   0.1432010E+01      0.6279808E+00
   0.1456078E+01      0.5335878E+00
   0.1480145E+01      0.4776365E+00
   0.1504212E+01      0.4438591E+00
   0.1528280E+01      0.4142171E+00
   0.1552347E+01      0.2843016E+00
   0.1576415E+01      0.2582880E+00
   0.1600482E+01      0.2493911E+00
   0.1624549E+01      0.2503720E+00
   0.1648617E+01      0.2561746E+00
   0.1672684E+01      0.2646773E+00
   0.1696752E+01      0.2745356E+00
   0.1720819E+01      0.2848221E+00
   0.1744886E+01      0.2948824E+00
   0.1768954E+01      0.3042432E+00
   0.1793021E+01      0.3125651E+00
   0.1817089E+01      0.3196113E+00
   0.1841156E+01      0.3252243E+00
   0.1865223E+01      0.3293106E+00
   0.1889291E+01      0.3318287E+00
   0.1913358E+01      0.3327796E+00
   0.1937426E+01      0.3322003E+00
   0.1961493E+01      0.3301577E+00
   0.1985560E+01      0.3267448E+00
   0.2009628E+01      0.3220766E+00
   0.2033695E+01      0.3162877E+00
   0.2057763E+01      0.3095295E+00
   0.2081830E+01      0.3019682E+00
   0.2105897E+01      0.2937831E+00
   0.2129965E+01      0.2851649E+00
   0.2154032E+01      0.2763143E+00
   0.2178100E+01      0.2674406E+00
   0.2202167E+01      0.2587602E+00
   0.2226234E+01      0.2504958E+00
   0.2250302E+01      0.2428744E+00
   0.2274369E+01      0.2361266E+00
   0.2298437E+01      0.2304849E+00
   0.2322504E+01      0.3424581E+00
   0.2346571E+01      0.3371893E+00
   0.2370639E+01      0.3346199E+00
   0.2394706E+01      0.3344127E+00
   0.2418774E+01      0.2793260E+00
   0.2442841E+01      0.2207600E+00
   0.2466908E+01      0.2226901E+00
   0.2490976E+01      0.2252898E+00
   0.2515043E+01      0.2284948E+00
   0.2539111E+01      0.2324703E+00
   0.2563178E+01      0.2373166E+00
   0.2587245E+01      0.2429689E+00
   0.2611313E+01      0.2492120E+00
   0.2635380E+01      0.2557486E+00
   0.2659448E+01      0.2622552E+00
   0.2683515E+01      0.2684345E+00
   0.2707582E+01      0.2740443E+00
   0.2731650E+01      0.2789148E+00
   0.2755717E+01      0.2829550E+00
   0.2779785E+01      0.2861515E+00
   0.2803852E+01      0.2885627E+00
   0.2827919E+01      0.2903116E+00
   0.2851987E+01      0.2915825E+00
   0.2876054E+01      0.2926244E+00
   0.2900122E+01      0.2937736E+00
   0.2924189E+01      0.2955139E+00
   0.2948256E+01      0.2986341E+00
   0.2972324E+01      0.3046993E+00
   0.2996391E+01      0.3179759E+00
   0.3020459E+01      0.3894463E+00
   0.3044526E+01      0.6024457E+00
   0.3068593E+01      0.5366861E+00
   0.3092661E+01      0.5592149E+00
   0.3116728E+01      0.6498725E+00
   0.3140796E+01      0.4455125E+00
   0.3164863E+01      0.4187770E+00
   0.3188930E+01      0.4005880E+00
   0.3212998E+01      0.3901625E+00
   0.3237065E+01      0.3869480E+00
   0.3261133E+01      0.3815650E+00
   0.3285200E+01      0.3755920E+00
   0.3309267E+01      0.3683108E+00
   0.3333335E+01      0.3564242E+00
   0.3357402E+01      0.3221684E+00
   0.3381470E+01      0.3006313E+00
   0.3405537E+01      0.2654962E+00
   0.3429604E+01      0.2559299E+00
   0.3453672E+01      0.2487052E+00
   0.3477739E+01      0.2422536E+00
   0.3501807E+01      0.2364313E+00
   0.3525874E+01      0.2390109E+00
   0.3549941E+01      0.2949208E+00
   0.3574009E+01      0.2991371E+00
   0.3598076E+01      0.3016119E+00
   0.3622144E+01      0.3082545E+00
   0.3646211E+01      0.3257573E+00
   0.3670278E+01      0.3719480E+00
   0.3694346E+01      0.4508836E+00
   0.3718413E+01      0.3895562E+00
   0.3742481E+01      0.3773794E+00
   0.3766548E+01      0.3708492E+00
   0.3790615E+01      0.3657271E+00
   0.3814683E+01      0.3610724E+00
   0.3838750E+01      0.3565517E+00
   0.3862818E+01      0.5066530E+00
   0.3886885E+01      0.4992550E+00
   0.3910952E+01      0.4919677E+00
   0.3935020E+01      0.4848117E+00
   0.3959087E+01      0.4136939E+00
   0.3983155E+01      0.3285051E+00
   0.4007222E+01      0.3237115E+00
   0.4031289E+01      0.3189509E+00
   0.4055357E+01      0.3142531E+00
   0.4079424E+01      0.3096501E+00
   0.4103492E+01      0.3051709E+00
   0.4127559E+01      0.3008443E+00
   0.4151626E+01      0.2966975E+00
   0.4175694E+01      0.2927480E+00
   0.4199761E+01      0.2890388E+00
   0.4223829E+01      0.2855736E+00
   0.4247896E+01      0.2823761E+00
   0.4271963E+01      0.2794630E+00
   0.4296031E+01      0.2768483E+00
   0.4320098E+01      0.2745438E+00
   0.4344166E+01      0.2725586E+00
   0.4368233E+01      0.2708994E+00
   0.4392300E+01      0.2695701E+00
   0.4416368E+01      0.2685717E+00
   0.4440435E+01      0.2679023E+00
   0.4464503E+01      0.2675560E+00
   0.4488570E+01      0.2675221E+00
   0.4512637E+01      0.2677814E+00
   0.4536705E+01      0.2683151E+00
   0.4560772E+01      0.2690536E+00
   0.4584840E+01      0.2699034E+00
   0.4608907E+01      0.2706249E+00
   0.4632974E+01      0.2705301E+00
   0.4657042E+01      0.2665441E+00
   0.4681109E+01      0.2211729E+00
   0.4705177E+01      0.2158812E+00
   0.4729244E+01      0.2168889E+00
   0.4753311E+01      0.2203776E+00
   0.4777379E+01      0.2255048E+00
   0.4801446E+01      0.2319845E+00
   0.4825514E+01      0.2398953E+00
   0.4849581E+01      0.2508814E+00
   0.4873648E+01      0.2796076E+00
   0.4897716E+01      0.2907793E+00
   0.4921783E+01      0.2999040E+00
   0.4945851E+01      0.3088516E+00
   0.4969918E+01      0.3182798E+00
   0.4993985E+01      0.3283745E+00
   0.5018053E+01      0.3389223E+00
   0.5042120E+01      0.3492855E+00
   0.5066188E+01      0.3584512E+00
   0.5090255E+01      0.3652426E+00
   0.5114322E+01      0.3686644E+00
   0.5138390E+01      0.3682275E+00
   0.5162457E+01      0.3640777E+00
   0.5186525E+01      0.3568849E+00
   0.5210592E+01      0.3475929E+00
   0.5234659E+01      0.3371785E+00
   0.5258727E+01      0.3265036E+00
   0.5282794E+01      0.3162685E+00
   0.5306862E+01      0.3070209E+00
   0.5330929E+01      0.2991844E+00
   0.5354996E+01      0.2930760E+00
   0.5379064E+01      0.2889109E+00
   0.5403131E+01      0.4238640E+00
   0.5427199E+01      0.4220317E+00
   0.5451266E+01      0.4239367E+00
   0.5475333E+01      0.4292223E+00
   0.5499401E+01      0.3633964E+00
   0.5523468E+01      0.3043172E+00
   0.5547536E+01      0.3119540E+00
   0.5571603E+01      0.3203366E+00
   0.5595670E+01      0.3291959E+00
   0.5619738E+01      0.3382812E+00
   0.5643805E+01      0.3473629E+00
   0.5667873E+01      0.3562299E+00
   0.5691940E+01      0.3646848E+00
   0.5716007E+01      0.3725324E+00
   0.5740075E+01      0.3795618E+00
   0.5764142E+01      0.3855141E+00
   0.5788210E+01      0.3900170E+00
   0.5812277E+01      0.3925383E+00
   0.5836344E+01      0.3915978E+00
   0.5860412E+01      0.3836591E+00
   0.5884479E+01      0.3469807E+00
   0.5908547E+01      0.3435834E+00
   0.5932614E+01      0.3409773E+00
   0.5956681E+01      0.3379455E+00
   0.5980749E+01      0.3343302E+00
   0.6004816E+01      0.3301273E+00
   0.6028884E+01      0.3253795E+00
   0.6052951E+01      0.3201486E+00
   0.6077018E+01      0.3145052E+00
   0.6101086E+01      0.3085248E+00
   0.6125153E+01      0.3022847E+00
   0.6149221E+01      0.2958621E+00
   0.6173288E+01      0.2893357E+00
   0.6197355E+01      0.2827789E+00
   0.6221423E+01      0.2762650E+00
   0.6245490E+01      0.2698634E+00
   0.6269558E+01      0.2636390E+00
   0.6293625E+01      0.2576524E+00
   0.6317692E+01      0.2519631E+00
   0.6341760E+01      0.2465849E+00
   0.6365827E+01      0.2416041E+00
   0.6389895E+01      0.2370235E+00
   0.6413962E+01      0.2328632E+00
   0.6438029E+01      0.2291280E+00
   0.6462097E+01      0.2258024E+00
   0.6486164E+01      0.2229555E+00
   0.6510232E+01      0.2203742E+00
   0.6534299E+01      0.2181419E+00
   0.6558366E+01      0.2161789E+00
   0.6582434E+01      0.2144255E+00
   0.6606501E+01      0.2128250E+00
   0.6630569E+01      0.2113316E+00
   0.6654636E+01      0.2099238E+00
   0.6678703E+01      0.2086770E+00
   0.6702771E+01      0.2283905E+00
   0.6726838E+01      0.2366917E+00
   0.6750906E+01      0.2419749E+00
   0.6774973E+01      0.2460087E+00
   0.6799040E+01      0.2487913E+00
   0.6823108E+01      0.2512070E+00
   0.6847175E+01      0.2532791E+00
   0.6871243E+01      0.2551332E+00
   0.6895310E+01      0.2568473E+00
   0.6919377E+01      0.2584611E+00
   0.6943445E+01      0.4236714E+00
   0.6967512E+01      0.4279690E+00
   0.6991580E+01      0.4318313E+00
   0.7015647E+01      0.4352029E+00
   0.7039714E+01      0.3459305E+00
   0.7063782E+01      0.2652955E+00
   0.7087849E+01      0.2656671E+00
   0.7111917E+01      0.2657894E+00
   0.7135984E+01      0.2657052E+00
   0.7160051E+01      0.2654890E+00
   0.7184119E+01      0.2652445E+00
   0.7208186E+01      0.2650989E+00
   0.7232254E+01      0.2651937E+00
   0.7256321E+01      0.2656739E+00
   0.7280388E+01      0.2666768E+00
   0.7304456E+01      0.2683218E+00
   0.7328523E+01      0.2707037E+00
   0.7352591E+01      0.2738824E+00
   0.7376658E+01      0.2778877E+00
   0.7400725E+01      0.2827137E+00
   0.7424793E+01      0.2883235E+00
   0.7448860E+01      0.2946528E+00
   0.7472928E+01      0.3016147E+00
   0.7496995E+01      0.3091055E+00
   0.7521062E+01      0.3170094E+00
   0.7545130E+01      0.3252043E+00
   0.7569197E+01      0.3335652E+00
   0.7593265E+01      0.3419693E+00
   0.7617332E+01      0.3502982E+00
   0.7641399E+01      0.3584405E+00
   0.7665467E+01      0.3662937E+00
   0.7689534E+01      0.3737652E+00
   0.7713602E+01      0.3807730E+00
   0.7737669E+01      0.3872460E+00
   0.7761736E+01      0.3931237E+00
   0.7785804E+01      0.3983555E+00
   0.7809871E+01      0.4028996E+00
   0.7833939E+01      0.4067214E+00
   0.7858006E+01      0.4097911E+00
   0.7882073E+01      0.4120810E+00
   0.7906141E+01      0.4135776E+00
   0.7930208E+01      0.4141029E+00
   0.7954276E+01      0.4137689E+00
   0.7978343E+01      0.4123607E+00
   0.8002410E+01      0.4098614E+00
   0.8026478E+01      0.4068953E+00
   0.8050545E+01      0.4057066E+00
   0.8074613E+01      0.4065975E+00
   0.8098680E+01      0.4067022E+00
   0.8122747E+01      0.4050346E+00
   0.8146815E+01      0.4021198E+00
   0.8170882E+01      0.3984324E+00
   0.8194950E+01      0.3942319E+00
   0.8219017E+01      0.3896614E+00
   0.8243084E+01      0.3848095E+00
   0.8267152E+01      0.3797400E+00
   0.8291219E+01      0.3745036E+00
   0.8315287E+01      0.3691441E+00
   0.8339354E+01      0.3637005E+00
   0.8363421E+01      0.3582082E+00
   0.8387489E+01      0.3527003E+00
   0.8411556E+01      0.3472099E+00
   0.8435624E+01      0.3417061E+00
   0.8459691E+01      0.3363469E+00
   0.8483758E+01      0.4736996E+00
   0.8507826E+01      0.4663463E+00
   0.8531893E+01      0.4592423E+00
   0.8555961E+01      0.4524071E+00
   0.8580028E+01      0.3618799E+00
   0.8604095E+01      0.3064405E+00
   0.8628163E+01      0.3019842E+00
   0.8652230E+01      0.2976994E+00
   0.8676298E+01      0.2935889E+00
   0.8700365E+01      0.2896532E+00
   0.8724432E+01      0.2858917E+00
   0.8748500E+01      0.2823025E+00
   0.8772567E+01      0.2788838E+00
   0.8796635E+01      0.2756344E+00
   0.8820702E+01      0.2725555E+00
   0.8844769E+01      0.2696524E+00
   0.8868837E+01      0.2669367E+00
   0.8892904E+01      0.2644293E+00
   0.8916972E+01      0.2621650E+00
   0.8941039E+01      0.2601977E+00
   0.8965106E+01      0.2586083E+00
   0.8989174E+01      0.2575173E+00
   0.9013241E+01      0.2571054E+00
   0.9037309E+01      0.2576502E+00
   0.9061376E+01      0.2596066E+00
   0.9085443E+01      0.2638316E+00
   0.9109511E+01      0.2727828E+00
   0.9133578E+01      0.3175186E+00
   0.9157646E+01      0.3338104E+00
   0.9181713E+01      0.3411910E+00
   0.9205780E+01      0.3447807E+00
   0.9229848E+01      0.3466298E+00
   0.9253915E+01      0.3479883E+00
   0.9277983E+01      0.3496282E+00
   0.9302050E+01      0.3519699E+00
   0.9326117E+01      0.3552241E+00
   0.9350185E+01      0.3595632E+00
   0.9374252E+01      0.3654315E+00
   0.9398320E+01      0.3866869E+00
   0.9422387E+01      0.4401558E+00
   0.9446454E+01      0.4656371E+00
   0.9470522E+01      0.4855023E+00
   0.9494589E+01      0.5026505E+00
   0.9518657E+01      0.5121896E+00
   0.9542724E+01      0.5223331E+00
   0.9566791E+01      0.5320883E+00
   0.9590859E+01      0.5412457E+00
   0.9614926E+01      0.5498736E+00
   0.9638994E+01      0.5592488E+00
   0.9663061E+01      0.5644306E+00
   0.9687128E+01      0.5715773E+00
   0.9711196E+01      0.5780802E+00
   0.9735263E+01      0.5841064E+00
   0.9759331E+01      0.5896980E+00
   0.9783398E+01      0.5948762E+00
   0.9807465E+01      0.5996530E+00
   0.9831533E+01      0.6040350E+00
   0.9855600E+01      0.6080245E+00
   0.9879668E+01      0.6116198E+00
   0.9903735E+01      0.6148161E+00
   0.9927802E+01      0.6176052E+00
   0.9951870E+01      0.6199760E+00
   0.9975937E+01      0.6219142E+00
   0.1000000E+02      0.6234022E+00
 &
 @autoscale
 @target G3.S0
