 @target G3.S0
 @type xy
  -0.1000000E+02     -0.4492142E-14
  -0.9975937E+01      0.2367078E-14
  -0.9951870E+01      0.3794078E-14
  -0.9927802E+01      0.2924894E-13
  -0.9903735E+01      0.5897617E-14
  -0.9879668E+01      0.1998014E-13
  -0.9855600E+01      0.1150827E-14
  -0.9831533E+01      0.1137234E-13
  -0.9807465E+01      0.2520035E-15
  -0.9783398E+01      0.8012552E-14
  -0.9759331E+01      0.2642882E-13
  -0.9735263E+01     -0.2785415E-13
  -0.9711196E+01      0.2340075E-13
  -0.9687128E+01     -0.3790685E-13
  -0.9663061E+01      0.1596819E-13
  -0.9638994E+01      0.2730425E-13
  -0.9614926E+01      0.7570930E-14
  -0.9590859E+01      0.1579315E-13
  -0.9566791E+01     -0.1352117E-13
  -0.9542724E+01     -0.1487953E-13
  -0.9518657E+01      0.2919782E-13
  -0.9494589E+01      0.3167401E-13
  -0.9470522E+01      0.3988221E-13
  -0.9446454E+01     -0.1702103E-14
  -0.9422387E+01      0.2493481E-13
  -0.9398320E+01     -0.1479031E-13
  -0.9374252E+01     -0.4079125E-15
  -0.9350185E+01      0.2084113E-13
  -0.9326117E+01     -0.1472921E-13
  -0.9302050E+01      0.1637921E-13
  -0.9277983E+01     -0.1247389E-13
  -0.9253915E+01      0.1268850E-13
  -0.9229848E+01     -0.1458596E-13
  -0.9205780E+01      0.5272644E-14
  -0.9181713E+01     -0.2410251E-13
  -0.9157646E+01     -0.3087947E-13
  -0.9133578E+01     -0.1226121E-13
  -0.9109511E+01     -0.3062155E-13
  -0.9085443E+01     -0.3886705E-13
  -0.9061376E+01      0.7492726E-14
  -0.9037309E+01     -0.2478200E-13
  -0.9013241E+01      0.2168906E-13
  -0.8989174E+01      0.4145439E-13
  -0.8965106E+01      0.1416654E-12
  -0.8941039E+01      0.8584232E-13
  -0.8916972E+01     -0.4830849E-13
  -0.8892904E+01      0.2096814E-13
  -0.8868837E+01      0.1281234E-12
  -0.8844769E+01      0.5858595E-14
  -0.8820702E+01     -0.2146486E-13
  -0.8796635E+01     -0.1504398E-13
  -0.8772567E+01     -0.1343764E-13
  -0.8748500E+01      0.5426514E-12
  -0.8724432E+01     -0.1285437E-12
  -0.8700365E+01      0.3476647E-12
  -0.8676298E+01      0.3148045E-12
  -0.8652230E+01      0.2463395E-12
  -0.8628163E+01      0.1219502E-11
  -0.8604095E+01     -0.7195707E-11
  -0.8580028E+01      0.5822526E+01
  -0.8555961E+01      0.3261166E+01
  -0.8531893E+01      0.2525226E+01
  -0.8507826E+01      0.2142975E+01
  -0.8483758E+01      0.1900952E+01
  -0.8459691E+01      0.1731173E+01
  -0.8435624E+01      0.1604329E+01
  -0.8411556E+01      0.1505429E+01
  -0.8387489E+01      0.1425896E+01
  -0.8363421E+01      0.1360412E+01
  -0.8339354E+01      0.1305478E+01
  -0.8315287E+01      0.1258680E+01
  -0.8291219E+01      0.1218283E+01
  -0.8267152E+01      0.1183007E+01
  -0.8243084E+01      0.1151875E+01
  -0.8219017E+01      0.1124131E+01
  -0.8194950E+01      0.1099178E+01
  -0.8170882E+01      0.1076534E+01
  -0.8146815E+01      0.1055811E+01
  -0.8122747E+01      0.1036693E+01
  -0.8098680E+01      0.1018919E+01
  -0.8074613E+01      0.1002277E+01
  -0.8050545E+01      0.9865918E+00
  -0.8026478E+01      0.9717232E+00
  -0.8002410E+01      0.9575568E+00
  -0.7978343E+01      0.1795821E+02
  -0.7954276E+01      0.8844185E+01
  -0.7930208E+01      0.6868902E+01
  -0.7906141E+01      0.5890968E+01
  -0.7882073E+01      0.5281688E+01
  -0.7858006E+01      0.4856406E+01
  -0.7833939E+01      0.4538677E+01
  -0.7809871E+01      0.4290387E+01
  -0.7785804E+01      0.4090127E+01
  -0.7761736E+01      0.3924828E+01
  -0.7737669E+01      0.3785999E+01
  -0.7713602E+01      0.3667849E+01
  -0.7689534E+01      0.3566273E+01
  -0.7665467E+01      0.3478263E+01
  -0.7641399E+01      0.3401550E+01
  -0.7617332E+01      0.3334383E+01
  -0.7593265E+01      0.3275375E+01
  -0.7569197E+01      0.3223404E+01
  -0.7545130E+01      0.3177544E+01
  -0.7521062E+01      0.3137015E+01
  -0.7496995E+01      0.3101146E+01
  -0.7472928E+01      0.3069350E+01
  -0.7448860E+01      0.3041107E+01
  -0.7424793E+01      0.3015948E+01
  -0.7400725E+01      0.2081713E+02
  -0.7376658E+01      0.9320174E+01
  -0.7352591E+01      0.7593222E+01
  -0.7328523E+01      0.6777984E+01
  -0.7304456E+01      0.6284080E+01
  -0.7280388E+01      0.5949276E+01
  -0.7256321E+01      0.5708623E+01
  -0.7232254E+01      0.5530518E+01
  -0.7208186E+01      0.5397586E+01
  -0.7184119E+01      0.5299356E+01
  -0.7160051E+01      0.5228842E+01
  -0.7135984E+01      0.5180764E+01
  -0.7111917E+01      0.5150211E+01
  -0.7087849E+01      0.5131742E+01
  -0.7063782E+01      0.5118815E+01
  -0.7039714E+01      0.5103928E+01
  -0.7015647E+01      0.5079821E+01
  -0.6991580E+01      0.5041497E+01
  -0.6967512E+01      0.4987894E+01
  -0.6943445E+01      0.4921926E+01
  -0.6919377E+01      0.4848839E+01
  -0.6895310E+01      0.4774136E+01
  -0.6871243E+01      0.4702209E+01
  -0.6847175E+01      0.4635937E+01
  -0.6823108E+01      0.4576880E+01
  -0.6799040E+01      0.4525685E+01
  -0.6774973E+01      0.4482444E+01
  -0.6750906E+01      0.4446969E+01
  -0.6726838E+01      0.4418954E+01
  -0.6702771E+01      0.4398084E+01
  -0.6678703E+01      0.4384079E+01
  -0.6654636E+01      0.4376738E+01
  -0.6630569E+01      0.4375942E+01
  -0.6606501E+01      0.4381666E+01
  -0.6582434E+01      0.4393987E+01
  -0.6558366E+01      0.4413089E+01
  -0.6534299E+01      0.4439276E+01
  -0.6510232E+01      0.4472987E+01
  -0.6486164E+01      0.4514817E+01
  -0.6462097E+01      0.4565548E+01
  -0.6438029E+01      0.4626201E+01
  -0.6413962E+01      0.4698095E+01
  -0.6389895E+01      0.4782954E+01
  -0.6365827E+01      0.4883048E+01
  -0.6341760E+01      0.5001431E+01
  -0.6317692E+01      0.5142310E+01
  -0.6293625E+01      0.5311690E+01
  -0.6269558E+01      0.2307818E+02
  -0.6245490E+01      0.6005889E+02
  -0.6221423E+01      0.3777927E+02
  -0.6197355E+01      0.3036205E+02
  -0.6173288E+01      0.2781683E+02
  -0.6149221E+01      0.6110693E+02
  -0.6125153E+01      0.5665335E+02
  -0.6101086E+01      0.2637888E+02
  -0.6077018E+01      0.2452364E+02
  -0.6052951E+01      0.2365612E+02
  -0.6028884E+01      0.2349379E+02
  -0.6004816E+01      0.2409171E+02
  -0.5980749E+01      0.2596977E+02
  -0.5956681E+01      0.7569467E+02
  -0.5932614E+01      0.6163129E+02
  -0.5908547E+01      0.5658242E+02
  -0.5884479E+01      0.1128863E+03
  -0.5860412E+01      0.2839759E+02
  -0.5836344E+01      0.2375158E+02
  -0.5812277E+01      0.1699788E+02
  -0.5788210E+01      0.1478525E+02
  -0.5764142E+01      0.4553835E+02
  -0.5740075E+01      0.2125292E+02
  -0.5716007E+01      0.2017579E+02
  -0.5691940E+01      0.1315230E+02
  -0.5667873E+01      0.1239602E+02
  -0.5643805E+01      0.1189803E+02
  -0.5619738E+01      0.1966301E+02
  -0.5595670E+01      0.1714845E+02
  -0.5571603E+01      0.1650004E+02
  -0.5547536E+01      0.1714428E+02
  -0.5523468E+01      0.1141972E+02
  -0.5499401E+01      0.1106115E+02
  -0.5475333E+01      0.1078463E+02
  -0.5451266E+01      0.5731928E+02
  -0.5427199E+01      0.2669163E+02
  -0.5403131E+01      0.2251167E+02
  -0.5379064E+01      0.2052176E+02
  -0.5354996E+01      0.1933557E+02
  -0.5330929E+01      0.1857079E+02
  -0.5306862E+01      0.1807858E+02
  -0.5282794E+01      0.1779654E+02
  -0.5258727E+01      0.1771005E+02
  -0.5234659E+01      0.4911567E+02
  -0.5210592E+01      0.2510052E+02
  -0.5186525E+01      0.2691912E+02
  -0.5162457E+01      0.1003020E+03
  -0.5138390E+01      0.1412906E+02
  -0.5114322E+01      0.1433665E+02
  -0.5090255E+01      0.2327076E+02
  -0.5066188E+01      0.2026142E+02
  -0.5042120E+01      0.1980597E+02
  -0.5018053E+01      0.2043708E+02
  -0.4993985E+01      0.2252207E+02
  -0.4969918E+01      0.8587967E+02
  -0.4945851E+01      0.4183629E+02
  -0.4921783E+01      0.1158147E+02
  -0.4897716E+01      0.2414144E+02
  -0.4873648E+01      0.1637630E+02
  -0.4849581E+01      0.3625571E+02
  -0.4825514E+01      0.2843353E+02
  -0.4801446E+01      0.3412092E+02
  -0.4777379E+01      0.1497050E+02
  -0.4753311E+01      0.1420587E+02
  -0.4729244E+01      0.1375199E+02
  -0.4705177E+01      0.1352561E+02
  -0.4681109E+01      0.1350862E+02
  -0.4657042E+01      0.1374000E+02
  -0.4632974E+01      0.2550599E+02
  -0.4608907E+01      0.2435417E+02
  -0.4584840E+01      0.1150766E+02
  -0.4560772E+01      0.1280058E+02
  -0.4536705E+01      0.6543997E+02
  -0.4512637E+01      0.5812373E+02
  -0.4488570E+01      0.3574092E+02
  -0.4464503E+01      0.2194530E+02
  -0.4440435E+01      0.1846321E+02
  -0.4416368E+01      0.1673851E+02
  -0.4392300E+01      0.1574019E+02
  -0.4368233E+01      0.4098119E+02
  -0.4344166E+01      0.5690030E+02
  -0.4320098E+01      0.3314329E+02
  -0.4296031E+01      0.3018366E+02
  -0.4271963E+01      0.2915152E+02
  -0.4247896E+01      0.2945010E+02
  -0.4223829E+01      0.4862229E+02
  -0.4199761E+01      0.3211247E+02
  -0.4175694E+01      0.6718029E+02
  -0.4151626E+01      0.8162857E+02
  -0.4127559E+01      0.1397753E+03
  -0.4103492E+01      0.9503626E+02
  -0.4079424E+01      0.8635658E+02
  -0.4055357E+01      0.2307609E+03
  -0.4031289E+01      0.4179647E+02
  -0.4007222E+01      0.3836477E+02
  -0.3983155E+01      0.3668741E+02
  -0.3959087E+01      0.9219945E+02
  -0.3935020E+01      0.5203103E+02
  -0.3910952E+01      0.3568925E+02
  -0.3886885E+01      0.3708664E+02
  -0.3862818E+01      0.2562437E+02
  -0.3838750E+01      0.2742143E+02
  -0.3814683E+01      0.5686815E+02
  -0.3790615E+01      0.3222503E+02
  -0.3766548E+01      0.3236924E+02
  -0.3742481E+01      0.1899447E+02
  -0.3718413E+01      0.1897962E+02
  -0.3694346E+01      0.1939993E+02
  -0.3670278E+01      0.2085902E+02
  -0.3646211E+01      0.4474288E+02
  -0.3622144E+01      0.1430931E+02
  -0.3598076E+01      0.7301937E+02
  -0.3574009E+01      0.3245348E+02
  -0.3549941E+01      0.2998002E+02
  -0.3525874E+01      0.3227041E+02
  -0.3501807E+01      0.2268375E+02
  -0.3477739E+01      0.2227474E+02
  -0.3453672E+01      0.2454447E+02
  -0.3429604E+01      0.2362420E+02
  -0.3405537E+01      0.2302094E+02
  -0.3381470E+01      0.2243370E+02
  -0.3357402E+01      0.2997973E+02
  -0.3333335E+01      0.2681301E+02
  -0.3309267E+01      0.2543487E+02
  -0.3285200E+01      0.4491763E+02
  -0.3261133E+01      0.3172994E+02
  -0.3237065E+01      0.3011307E+02
  -0.3212998E+01      0.3626314E+02
  -0.3188930E+01      0.3517030E+02
  -0.3164863E+01      0.3914071E+02
  -0.3140796E+01      0.2656379E+02
  -0.3116728E+01      0.2657022E+02
  -0.3092661E+01      0.2709546E+02
  -0.3068593E+01      0.3896262E+02
  -0.3044526E+01      0.3312731E+02
  -0.3020459E+01      0.3593310E+02
  -0.2996391E+01      0.4579273E+02
  -0.2972324E+01      0.3531014E+02
  -0.2948256E+01      0.3098850E+02
  -0.2924189E+01      0.3127314E+02
  -0.2900122E+01      0.2361126E+02
  -0.2876054E+01      0.2324869E+02
  -0.2851987E+01      0.2325627E+02
  -0.2827919E+01      0.2378390E+02
  -0.2803852E+01      0.2546932E+02
  -0.2779785E+01      0.3416317E+02
  -0.2755717E+01      0.1731361E+02
  -0.2731650E+01      0.1869974E+02
  -0.2707582E+01      0.4319534E+02
  -0.2683515E+01      0.4298942E+02
  -0.2659448E+01      0.1821071E+02
  -0.2635380E+01      0.1792699E+02
  -0.2611313E+01      0.1825104E+02
  -0.2587245E+01      0.1986007E+02
  -0.2563178E+01      0.1339980E+02
  -0.2539111E+01      0.1334854E+02
  -0.2515043E+01      0.2254166E+02
  -0.2490976E+01      0.1955526E+02
  -0.2466908E+01      0.1915816E+02
  -0.2442841E+01      0.2061612E+02
  -0.2418774E+01      0.1790091E+02
  -0.2394706E+01      0.1884813E+02
  -0.2370639E+01      0.1880455E+02
  -0.2346571E+01      0.1935704E+02
  -0.2322504E+01      0.2096023E+02
  -0.2298437E+01      0.3487388E+02
  -0.2274369E+01      0.1483689E+02
  -0.2250302E+01      0.1516510E+02
  -0.2226234E+01      0.1580064E+02
  -0.2202167E+01      0.2458720E+02
  -0.2178100E+01      0.1639810E+02
  -0.2154032E+01      0.1596745E+02
  -0.2129965E+01      0.1596680E+02
  -0.2105897E+01      0.5458222E+02
  -0.2081830E+01      0.3507822E+02
  -0.2057763E+01      0.3181189E+02
  -0.2033695E+01      0.3090544E+02
  -0.2009628E+01      0.3106213E+02
  -0.1985560E+01      0.1185213E+03
  -0.1961493E+01      0.6993218E+02
  -0.1937426E+01      0.5609521E+02
  -0.1913358E+01      0.7769056E+02
  -0.1889291E+01      0.1092814E+03
  -0.1865223E+01      0.3054780E+03
  -0.1841156E+01      0.1162934E+03
  -0.1817089E+01      0.2021131E+02
  -0.1793021E+01      0.3297307E+02
  -0.1768954E+01      0.5396845E+02
  -0.1744886E+01      0.2373376E+01
  -0.1720819E+01      0.2337014E+01
  -0.1696752E+01      0.2301425E+01
  -0.1672684E+01      0.2266651E+01
  -0.1648617E+01      0.2232729E+01
  -0.1624549E+01      0.2199692E+01
  -0.1600482E+01      0.2167562E+01
  -0.1576415E+01      0.2136357E+01
  -0.1552347E+01      0.2106086E+01
  -0.1528280E+01      0.2076754E+01
  -0.1504212E+01      0.2048358E+01
  -0.1480145E+01      0.2020892E+01
  -0.1456078E+01      0.1994344E+01
  -0.1432010E+01      0.1968697E+01
  -0.1407943E+01      0.1943934E+01
  -0.1383875E+01      0.1920032E+01
  -0.1359808E+01      0.1896968E+01
  -0.1335741E+01      0.1874717E+01
  -0.1311673E+01      0.1853252E+01
  -0.1287606E+01      0.1832545E+01
  -0.1263538E+01      0.1812570E+01
  -0.1239471E+01      0.1793297E+01
  -0.1215404E+01      0.1774701E+01
  -0.1191336E+01      0.1756752E+01
  -0.1167269E+01      0.1739424E+01
  -0.1143201E+01      0.1722691E+01
  -0.1119134E+01      0.1706528E+01
  -0.1095067E+01      0.1690908E+01
  -0.1070999E+01      0.1675809E+01
  -0.1046932E+01      0.1661207E+01
  -0.1022864E+01      0.2382270E+02
  -0.9987971E+00      0.8818385E+01
  -0.9747297E+00      0.6667377E+01
  -0.9506623E+00      0.5654458E+01
  -0.9265949E+00      0.5041074E+01
  -0.9025275E+00      0.4622646E+01
  -0.8784601E+00      0.4316287E+01
  -0.8543927E+00      0.4081100E+01
  -0.8303253E+00      0.3894264E+01
  -0.8062579E+00      0.3741926E+01
  -0.7821905E+00      0.3615134E+01
  -0.7581231E+00      0.3507822E+01
  -0.7340557E+00      0.3415726E+01
  -0.7099883E+00      0.3335749E+01
  -0.6859209E+00      0.3265589E+01
  -0.6618535E+00      0.3203494E+01
  -0.6377861E+00      0.3148109E+01
  -0.6137187E+00      0.3098366E+01
  -0.5896513E+00      0.3053413E+01
  -0.5655839E+00      0.3012562E+01
  -0.5415165E+00      0.2975248E+01
  -0.5174491E+00      0.2941008E+01
  -0.4933817E+00      0.2909454E+01
  -0.4693143E+00      0.2880260E+01
  -0.4452469E+00      0.2853151E+01
  -0.4211795E+00      0.2827892E+01
  -0.3971121E+00      0.2804279E+01
  -0.3730447E+00      0.2782141E+01
  -0.3489773E+00      0.2761324E+01
  -0.3249099E+00      0.2741696E+01
  -0.3008425E+00      0.2723142E+01
  -0.2767751E+00      0.2705558E+01
  -0.2527077E+00      0.2688854E+01
  -0.2286403E+00      0.2672950E+01
  -0.2045729E+00      0.2657772E+01
  -0.1805055E+00      0.2643257E+01
  -0.1564381E+00      0.2629346E+01
  -0.1323707E+00      0.2615987E+01
  -0.1083033E+00      0.2603131E+01
  -0.8423590E-01      0.1469463E+02
  -0.6016850E-01      0.9838460E+01
  -0.3610110E-01      0.8197301E+01
  -0.1203370E-01      0.7298545E+01
   0.1203370E-01      0.6710521E+01
   0.3610110E-01      0.6287482E+01
   0.6016850E-01      0.5964518E+01
   0.8423590E-01      0.5707702E+01
   0.1083033E+00      0.5497313E+01
   0.1323707E+00      0.5320992E+01
   0.1564381E+00      0.5170537E+01
   0.1805055E+00      0.5040332E+01
   0.2045729E+00      0.4926073E+01
   0.2286403E+00      0.4824948E+01
   0.2527077E+00      0.4734593E+01
   0.2767751E+00      0.4653233E+01
   0.3008425E+00      0.4579467E+01
   0.3249099E+00      0.6088451E+02
   0.3489773E+00      0.9700844E+01
   0.3730447E+00      0.8150273E+01
   0.3971121E+00      0.7440126E+01
   0.4211795E+00      0.7002743E+01
   0.4452469E+00      0.6694567E+01
   0.4693143E+00      0.6460019E+01
   0.4933817E+00      0.6272369E+01
   0.5174491E+00      0.6116929E+01
   0.5415165E+00      0.5984848E+01
   0.5655839E+00      0.5870418E+01
   0.5896513E+00      0.5769759E+01
   0.6137187E+00      0.5680126E+01
   0.6377861E+00      0.5599514E+01
   0.6618535E+00      0.5526412E+01
   0.6859209E+00      0.5459664E+01
   0.7099883E+00      0.5398364E+01
   0.7340557E+00      0.5341794E+01
   0.7581231E+00      0.5289375E+01
   0.7821905E+00      0.5240642E+01
   0.8062579E+00      0.5195211E+01
   0.8303253E+00      0.5152773E+01
   0.8543927E+00      0.5113073E+01
   0.8784601E+00      0.5075905E+01
   0.9025275E+00      0.5041102E+01
   0.9265949E+00      0.5008536E+01
   0.9506623E+00      0.4978110E+01
   0.9747297E+00      0.4949758E+01
   0.9987971E+00      0.4923446E+01
   0.1022864E+01      0.4899158E+01
   0.1046932E+01      0.4876924E+01
   0.1070999E+01      0.4856800E+01
   0.1095067E+01      0.4838877E+01
   0.1119134E+01      0.4823294E+01
   0.1143201E+01      0.4810238E+01
   0.1167269E+01      0.4799964E+01
   0.1191336E+01      0.4792807E+01
   0.1215404E+01      0.4789211E+01
   0.1239471E+01      0.4789765E+01
   0.1263538E+01      0.4795258E+01
   0.1287606E+01      0.4806764E+01
   0.1311673E+01      0.4825779E+01
   0.1335741E+01      0.4854443E+01
   0.1359808E+01      0.4895928E+01
   0.1383875E+01      0.2029166E+02
   0.1407943E+01      0.1079228E+02
   0.1432010E+01      0.9410511E+01
   0.1456078E+01      0.8894145E+01
   0.1480145E+01      0.8796314E+01
   0.1504212E+01      0.9212314E+01
   0.1528280E+01      0.1225671E+02
   0.1552347E+01      0.5491899E+01
   0.1576415E+01      0.5341205E+01
   0.1600482E+01      0.5214493E+01
   0.1624549E+01      0.5105934E+01
   0.1648617E+01      0.5011276E+01
   0.1672684E+01      0.4927593E+01
   0.1696752E+01      0.4852753E+01
   0.1720819E+01      0.4785161E+01
   0.1744886E+01      0.4723602E+01
   0.1768954E+01      0.4667127E+01
   0.1793021E+01      0.4614984E+01
   0.1817089E+01      0.4566568E+01
   0.1841156E+01      0.4521389E+01
   0.1865223E+01      0.4479041E+01
   0.1889291E+01      0.4439187E+01
   0.1913358E+01      0.4401545E+01
   0.1937426E+01      0.4365878E+01
   0.1961493E+01      0.4331980E+01
   0.1985560E+01      0.4299678E+01
   0.2009628E+01      0.4268822E+01
   0.2033695E+01      0.4239282E+01
   0.2057763E+01      0.4210945E+01
   0.2081830E+01      0.4183712E+01
   0.2105897E+01      0.4157497E+01
   0.2129965E+01      0.4132224E+01
   0.2154032E+01      0.4107827E+01
   0.2178100E+01      0.4084248E+01
   0.2202167E+01      0.4061434E+01
   0.2226234E+01      0.4039342E+01
   0.2250302E+01      0.4017933E+01
   0.2274369E+01      0.3997173E+01
   0.2298437E+01      0.3977032E+01
   0.2322504E+01      0.3957487E+01
   0.2346571E+01      0.3938518E+01
   0.2370639E+01      0.3920109E+01
   0.2394706E+01      0.3902249E+01
   0.2418774E+01      0.3884930E+01
   0.2442841E+01      0.3868150E+01
   0.2466908E+01      0.3851912E+01
   0.2490976E+01      0.3836221E+01
   0.2515043E+01      0.3821093E+01
   0.2539111E+01      0.3806547E+01
   0.2563178E+01      0.3792611E+01
   0.2587245E+01      0.3779324E+01
   0.2611313E+01      0.3766735E+01
   0.2635380E+01      0.3754911E+01
   0.2659448E+01      0.3743937E+01
   0.2683515E+01      0.3733925E+01
   0.2707582E+01      0.3725022E+01
   0.2731650E+01      0.3717427E+01
   0.2755717E+01      0.3711407E+01
   0.2779785E+01      0.3707335E+01
   0.2803852E+01      0.3705739E+01
   0.2827919E+01      0.3707400E+01
   0.2851987E+01      0.3713508E+01
   0.2876054E+01      0.3725980E+01
   0.2900122E+01      0.3748093E+01
   0.2924189E+01      0.3785942E+01
   0.2948256E+01      0.3852258E+01
   0.2972324E+01      0.3978764E+01
   0.2996391E+01      0.4273656E+01
   0.3020459E+01      0.1091948E+02
   0.3044526E+01      0.1152265E+02
   0.3068593E+01      0.6704884E+01
   0.3092661E+01      0.5704007E+01
   0.3116728E+01      0.5195793E+01
   0.3140796E+01      0.4882182E+01
   0.3164863E+01      0.4673258E+01
   0.3188930E+01      0.4532267E+01
   0.3212998E+01      0.7793755E+01
   0.3237065E+01      0.6592390E+01
   0.3261133E+01      0.6315493E+01
   0.3285200E+01      0.6268603E+01
   0.3309267E+01      0.6423093E+01
   0.3333335E+01      0.7111358E+01
   0.3357402E+01      0.6243581E+01
   0.3381470E+01      0.6374665E+01
   0.3405537E+01      0.2898541E+01
   0.3429604E+01      0.2861700E+01
   0.3453672E+01      0.2829127E+01
   0.3477739E+01      0.2799900E+01
   0.3501807E+01      0.2773367E+01
   0.3525874E+01      0.2749052E+01
   0.3549941E+01      0.6501525E+01
   0.3574009E+01      0.4072025E+01
   0.3598076E+01      0.3800007E+01
   0.3622144E+01      0.3675036E+01
   0.3646211E+01      0.3596645E+01
   0.3670278E+01      0.3539438E+01
   0.3694346E+01      0.3493887E+01
   0.3718413E+01      0.5874752E+01
   0.3742481E+01      0.4834589E+01
   0.3766548E+01      0.4557949E+01
   0.3790615E+01      0.4413246E+01
   0.3814683E+01      0.4318542E+01
   0.3838750E+01      0.4248871E+01
   0.3862818E+01      0.4193806E+01
   0.3886885E+01      0.4148161E+01
   0.3910952E+01      0.4109040E+01
   0.3935020E+01      0.4074697E+01
   0.3959087E+01      0.4044010E+01
   0.3983155E+01      0.4016228E+01
   0.4007222E+01      0.3990830E+01
   0.4031289E+01      0.3967442E+01
   0.4055357E+01      0.3945796E+01
   0.4079424E+01      0.3925693E+01
   0.4103492E+01      0.3906986E+01
   0.4127559E+01      0.3889568E+01
   0.4151626E+01      0.3873363E+01
   0.4175694E+01      0.3858320E+01
   0.4199761E+01      0.3844411E+01
   0.4223829E+01      0.3831625E+01
   0.4247896E+01      0.3819970E+01
   0.4271963E+01      0.3809475E+01
   0.4296031E+01      0.3800187E+01
   0.4320098E+01      0.3792177E+01
   0.4344166E+01      0.3785544E+01
   0.4368233E+01      0.3780423E+01
   0.4392300E+01      0.3776996E+01
   0.4416368E+01      0.3775512E+01
   0.4440435E+01      0.3776314E+01
   0.4464503E+01      0.3779888E+01
   0.4488570E+01      0.3786955E+01
   0.4512637E+01      0.3798622E+01
   0.4536705E+01      0.3816710E+01
   0.4560772E+01      0.3844456E+01
   0.4584840E+01      0.3888285E+01
   0.4608907E+01      0.3963192E+01
   0.4632974E+01      0.4115118E+01
   0.4657042E+01      0.4607253E+01
   0.4681109E+01      0.2979110E+01
   0.4705177E+01      0.2966158E+01
   0.4729244E+01      0.2953415E+01
   0.4753311E+01      0.2940878E+01
   0.4777379E+01      0.2928541E+01
   0.4801446E+01      0.2916403E+01
   0.4825514E+01      0.2904461E+01
   0.4849581E+01      0.2892713E+01
   0.4873648E+01      0.4821234E+01
   0.4897716E+01      0.4474590E+01
   0.4921783E+01      0.4409165E+01
   0.4945851E+01      0.4418478E+01
   0.4969918E+01      0.4459241E+01
   0.4993985E+01      0.4514195E+01
   0.5018053E+01      0.4572804E+01
   0.5042120E+01      0.4626817E+01
   0.5066188E+01      0.4669549E+01
   0.5090255E+01      0.4696348E+01
   0.5114322E+01      0.4705123E+01
   0.5138390E+01      0.4696330E+01
   0.5162457E+01      0.4672335E+01
   0.5186525E+01      0.4636493E+01
   0.5210592E+01      0.4592302E+01
   0.5234659E+01      0.4542879E+01
   0.5258727E+01      0.4490720E+01
   0.5282794E+01      0.4437682E+01
   0.5306862E+01      0.4385069E+01
   0.5330929E+01      0.4333752E+01
   0.5354996E+01      0.4284279E+01
   0.5379064E+01      0.4236976E+01
   0.5403131E+01      0.4192017E+01
   0.5427199E+01      0.4149481E+01
   0.5451266E+01      0.4109388E+01
   0.5475333E+01      0.4071728E+01
   0.5499401E+01      0.4036482E+01
   0.5523468E+01      0.4003636E+01
   0.5547536E+01      0.3973194E+01
   0.5571603E+01      0.3945195E+01
   0.5595670E+01      0.3919720E+01
   0.5619738E+01      0.3896918E+01
   0.5643805E+01      0.3877033E+01
   0.5667873E+01      0.3860446E+01
   0.5691940E+01      0.3847753E+01
   0.5716007E+01      0.3839903E+01
   0.5740075E+01      0.3838456E+01
   0.5764142E+01      0.3846141E+01
   0.5788210E+01      0.3868198E+01
   0.5812277E+01      0.3916264E+01
   0.5836344E+01      0.4023570E+01
   0.5860412E+01      0.4357708E+01
   0.5884479E+01      0.3309937E+01
   0.5908547E+01      0.3288105E+01
   0.5932614E+01      0.3266849E+01
   0.5956681E+01      0.3246134E+01
   0.5980749E+01      0.3225931E+01
   0.6004816E+01      0.3206213E+01
   0.6028884E+01      0.3186954E+01
   0.6052951E+01      0.3168131E+01
   0.6077018E+01      0.3149722E+01
   0.6101086E+01      0.3131707E+01
   0.6125153E+01      0.3114066E+01
   0.6149221E+01      0.3096783E+01
   0.6173288E+01      0.3079841E+01
   0.6197355E+01      0.3063224E+01
   0.6221423E+01      0.3046919E+01
   0.6245490E+01      0.3030913E+01
   0.6269558E+01      0.3015192E+01
   0.6293625E+01      0.2999746E+01
   0.6317692E+01      0.2984563E+01
   0.6341760E+01      0.2969633E+01
   0.6365827E+01      0.2954947E+01
   0.6389895E+01      0.2940495E+01
   0.6413962E+01      0.2926270E+01
   0.6438029E+01      0.2912262E+01
   0.6462097E+01      0.2898466E+01
   0.6486164E+01      0.2884875E+01
   0.6510232E+01      0.2871476E+01
   0.6534299E+01      0.2858270E+01
   0.6558366E+01      0.2845248E+01
   0.6582434E+01      0.2832405E+01
   0.6606501E+01      0.2819736E+01
   0.6630569E+01      0.2807234E+01
   0.6654636E+01      0.2794897E+01
   0.6678703E+01      0.2782718E+01
   0.6702771E+01      0.4195685E+01
   0.6726838E+01      0.3744903E+01
   0.6750906E+01      0.3569136E+01
   0.6774973E+01      0.3469784E+01
   0.6799040E+01      0.3404241E+01
   0.6823108E+01      0.3357266E+01
   0.6847175E+01      0.3321785E+01
   0.6871243E+01      0.3294039E+01
   0.6895310E+01      0.3271803E+01
   0.6919377E+01      0.3253652E+01
   0.6943445E+01      0.3238611E+01
   0.6967512E+01      0.3225974E+01
   0.6991580E+01      0.3215201E+01
   0.7015647E+01      0.3205862E+01
   0.7039714E+01      0.3197600E+01
   0.7063782E+01      0.3190108E+01
   0.7087849E+01      0.3183123E+01
   0.7111917E+01      0.3176411E+01
   0.7135984E+01      0.3169769E+01
   0.7160051E+01      0.3163021E+01
   0.7184119E+01      0.3156021E+01
   0.7208186E+01      0.3148649E+01
   0.7232254E+01      0.3140813E+01
   0.7256321E+01      0.3132450E+01
   0.7280388E+01      0.3123521E+01
   0.7304456E+01      0.3114009E+01
   0.7328523E+01      0.3103920E+01
   0.7352591E+01      0.3093274E+01
   0.7376658E+01      0.3082106E+01
   0.7400725E+01      0.3070461E+01
   0.7424793E+01      0.3058389E+01
   0.7448860E+01      0.3045946E+01
   0.7472928E+01      0.3033186E+01
   0.7496995E+01      0.3020165E+01
   0.7521062E+01      0.3006935E+01
   0.7545130E+01      0.2993548E+01
   0.7569197E+01      0.2980049E+01
   0.7593265E+01      0.2966480E+01
   0.7617332E+01      0.2952878E+01
   0.7641399E+01      0.2939277E+01
   0.7665467E+01      0.2925706E+01
   0.7689534E+01      0.2912189E+01
   0.7713602E+01      0.2898750E+01
   0.7737669E+01      0.2885406E+01
   0.7761736E+01      0.2872173E+01
   0.7785804E+01      0.2859064E+01
   0.7809871E+01      0.2846089E+01
   0.7833939E+01      0.2833257E+01
   0.7858006E+01      0.2820576E+01
   0.7882073E+01      0.2808052E+01
   0.7906141E+01      0.2795694E+01
   0.7930208E+01      0.2783487E+01
   0.7954276E+01      0.2771448E+01
   0.7978343E+01      0.2759578E+01
   0.8002410E+01      0.2747876E+01
   0.8026478E+01      0.2736366E+01
   0.8050545E+01      0.2724978E+01
   0.8074613E+01      0.2713780E+01
   0.8098680E+01      0.2702749E+01
   0.8122747E+01      0.2691885E+01
   0.8146815E+01      0.2681187E+01
   0.8170882E+01      0.2670652E+01
   0.8194950E+01      0.2660281E+01
   0.8219017E+01      0.2650071E+01
   0.8243084E+01      0.2640023E+01
   0.8267152E+01      0.2630135E+01
   0.8291219E+01      0.2620405E+01
   0.8315287E+01      0.2610834E+01
   0.8339354E+01      0.2601421E+01
   0.8363421E+01      0.2592164E+01
   0.8387489E+01      0.2583064E+01
   0.8411556E+01      0.2574120E+01
   0.8435624E+01      0.2565335E+01
   0.8459691E+01      0.2556702E+01
   0.8483758E+01      0.2548229E+01
   0.8507826E+01      0.2539914E+01
   0.8531893E+01      0.2531759E+01
   0.8555961E+01      0.2523765E+01
   0.8580028E+01      0.2515935E+01
   0.8604095E+01      0.2508270E+01
   0.8628163E+01      0.2500774E+01
   0.8652230E+01      0.2493451E+01
   0.8676298E+01      0.2486303E+01
   0.8700365E+01      0.2479338E+01
   0.8724432E+01      0.2472560E+01
   0.8748500E+01      0.2465976E+01
   0.8772567E+01      0.2459593E+01
   0.8796635E+01      0.2453422E+01
   0.8820702E+01      0.2447472E+01
   0.8844769E+01      0.2441755E+01
   0.8868837E+01      0.2436285E+01
   0.8892904E+01      0.2431079E+01
   0.8916972E+01      0.2426156E+01
   0.8941039E+01      0.2421538E+01
   0.8965106E+01      0.2417250E+01
   0.8989174E+01      0.2413325E+01
   0.9013241E+01      0.2409797E+01
   0.9037309E+01      0.2406712E+01
   0.9061376E+01      0.2404121E+01
   0.9085443E+01      0.2402088E+01
   0.9109511E+01      0.2400691E+01
   0.9133578E+01      0.3547122E+01
   0.9157646E+01      0.3063488E+01
   0.9181713E+01      0.2914789E+01
   0.9205780E+01      0.2837257E+01
   0.9229848E+01      0.2789543E+01
   0.9253915E+01      0.2758419E+01
   0.9277983E+01      0.2738437E+01
   0.9302050E+01      0.2727226E+01
   0.9326117E+01      0.2724036E+01
   0.9350185E+01      0.2729332E+01
   0.9374252E+01      0.2744953E+01
   0.9398320E+01      0.1308512E+02
   0.9422387E+01      0.4267473E+01
   0.9446454E+01      0.3952432E+01
   0.9470522E+01      0.3984792E+01
   0.9494589E+01      0.4861161E+01
   0.9518657E+01      0.2756413E+01
   0.9542724E+01      0.2690456E+01
   0.9566791E+01      0.2637443E+01
   0.9590859E+01      0.2593309E+01
   0.9614926E+01      0.2555604E+01
   0.9638994E+01      0.2522877E+01
   0.9663061E+01      0.2493667E+01
   0.9687128E+01      0.2467598E+01
   0.9711196E+01      0.2444006E+01
   0.9735263E+01      0.2422473E+01
   0.9759331E+01      0.2402680E+01
   0.9783398E+01      0.2384382E+01
   0.9807465E+01      0.2367382E+01
   0.9831533E+01      0.2351523E+01
   0.9855600E+01      0.2336677E+01
   0.9879668E+01      0.2322741E+01
   0.9903735E+01      0.2309627E+01
   0.9927802E+01      0.2297264E+01
   0.9951870E+01      0.2285593E+01
   0.9975937E+01      0.2274564E+01
   0.1000000E+02      0.2264136E+01
 &
