cpu-bind=MASK - cn1144, task  0  0 [32730]: mask 0xffffffffffffffff set
-1.0998942658E+001
--------------------------------------------------------------------------
Open MPI failed an OFI Libfabric library call (fi_domain).  This is highly
unusual; your job may behave unpredictably (and/or abort) after this.

  Local host: cn1145
  Location: mtl_ofi_component.c:928
  Error: No data available (61)
--------------------------------------------------------------------------
[cn1144.scarf.rl.ac.uk:32775] 239 more processes have sent help message help-mtl-ofi.txt / OFI call fail
[cn1144.scarf.rl.ac.uk:32775] Set MCA parameter "orte_base_help_aggregate" to 0 to see all help / error messages
[1679308777.101512] [cn1144:32862:0]          mpool.c:43   UCX  WARN  object 0xbcb8b00 was not returned to mpool ucp_requests
[1679308777.101494] [cn1144:32865:0]          mpool.c:43   UCX  WARN  object 0x5303640 was not returned to mpool ucp_requests
[1679308777.101492] [cn1144:32868:0]          mpool.c:43   UCX  WARN  object 0xb763a80 was not returned to mpool ucp_requests
[1679308777.103413] [cn1144:32842:0]          mpool.c:43   UCX  WARN  object 0xa608740 was not returned to mpool ucp_requests
[1679308777.103458] [cn1144:32844:0]          mpool.c:43   UCX  WARN  object 0xb658d00 was not returned to mpool ucp_requests
[1679308777.103654] [cn1144:32848:0]          mpool.c:43   UCX  WARN  object 0xb431cc0 was not returned to mpool ucp_requests
[1679308777.103416] [cn1144:32851:0]          mpool.c:43   UCX  WARN  object 0xbba7240 was not returned to mpool ucp_requests
[1679308777.103342] [cn1144:32852:0]          mpool.c:43   UCX  WARN  object 0xa9349c0 was not returned to mpool ucp_requests
[1679308777.103360] [cn1144:32856:0]          mpool.c:43   UCX  WARN  object 0xa59ec00 was not returned to mpool ucp_requests
[1679308777.103408] [cn1144:32860:0]          mpool.c:43   UCX  WARN  object 0xbcc05c0 was not returned to mpool ucp_requests
cp: cannot stat ‘0V-VH_z-00.dat’: No such file or directory
cp: cannot stat ‘0V-VH_z-00.dat’: No such file or directory
cp: cannot stat ‘0V-RHO_z-00.dat’: No such file or directory
cp: cannot stat ‘0V-RHO_z-00.dat’: No such file or directory
