forrtl: No such file or directory
forrtl: No such file or directory
forrtl: No such file or directory
forrtl: No such file or directory
forrtl: No such file or directory
forrtl: No such file or directory
forrtl: No such file or directory
forrtl: No such file or directory
forrtl: No such file or directory
forrtl: No such file or directory
forrtl: No such file or directory
forrtl: No such file or directory
forrtl: No such file or directory
forrtl: No such file or directory
forrtl: No such file or directory
forrtl: No such file or directory
forrtl: No such file or directory
forrtl: No such file or directory
forrtl: No such file or directory
forrtl: No such file or directory
forrtl: No such file or directory
forrtl: No such file or directory
forrtl: No such file or directory
forrtl: No such file or directory
forrtl: No such file or directory
forrtl: No such file or directory
forrtl: No such file or directory
forrtl: No such file or directory
forrtl: No such file or directory
forrtl: No such file or directory
forrtl: No such file or directory
forrtl: No such file or directory
forrtl: No such file or directory
forrtl: No such file or directory
forrtl: No such file or directory
forrtl: No such file or directory
forrtl: No such file or directory
forrtl: No such file or directory
forrtl: No such file or directory
forrtl: No such file or directory
forrtl: No such file or directory
forrtl: No such file or directory
forrtl: No such file or directory
forrtl: No such file or directory
forrtl: No such file or directory
forrtl: No such file or directory
forrtl: No such file or directory
forrtl: No such file or directory
forrtl: No such file or directory
forrtl: No such file or directory
forrtl: No such file or directory
forrtl: No such file or directory
forrtl: No such file or directory
forrtl: No such file or directory
forrtl: No such file or directory
forrtl: No such file or directory
forrtl: No such file or directory
forrtl: No such file or directory
forrtl: severe (29): file not found, unit 12346, file /lustre/scratch/mmm1169/work/cp2k-smeagol-examples/melamine/siesta1-smeagol/au_from-h2/iv-curve/c1_leads-sz-custom_surf-tip-dzp/info.out61
Image              PC                Routine            Line        Source             
smeagol-1.2_csg    0000000002C4151E  Unknown               Unknown  Unknown
smeagol-1.2_csg    0000000002C5FEF5  Unknown               Unknown  Unknown
smeagol-1.2_csg    0000000000EF7CC3  Unknown               Unknown  Unknown
smeagol-1.2_csg    0000000000BDF0DC  Unknown               Unknown  Unknown
smeagol-1.2_csg    000000000040652E  Unknown               Unknown  Unknown
libc-2.17.so       00002B79DD91A555  __libc_start_main     Unknown  Unknown
smeagol-1.2_csg    0000000000406429  Unknown               Unknown  Unknown
forrtl: severe (29): file not found, unit 12346, file /lustre/scratch/mmm1169/work/cp2k-smeagol-examples/melamine/siesta1-smeagol/au_from-h2/iv-curve/c1_leads-sz-custom_surf-tip-dzp/info.out62
Image              PC                Routine            Line        Source             
smeagol-1.2_csg    0000000002C4151E  Unknown               Unknown  Unknown
smeagol-1.2_csg    0000000002C5FEF5  Unknown               Unknown  Unknown
smeagol-1.2_csg    0000000000EF7CC3  Unknown               Unknown  Unknown
smeagol-1.2_csg    0000000000BDF0DC  Unknown               Unknown  Unknown
smeagol-1.2_csg    000000000040652E  Unknown               Unknown  Unknown
libc-2.17.so       00002ACCFE4D8555  __libc_start_main     Unknown  Unknown
smeagol-1.2_csg    0000000000406429  Unknown               Unknown  Unknown
forrtl: severe (29): file not found, unit 12346, file /lustre/scratch/mmm1169/work/cp2k-smeagol-examples/melamine/siesta1-smeagol/au_from-h2/iv-curve/c1_leads-sz-custom_surf-tip-dzp/info.out55
Image              PC                Routine            Line        Source             
smeagol-1.2_csg    0000000002C4151E  Unknown               Unknown  Unknown
smeagol-1.2_csg    0000000002C5FEF5  Unknown               Unknown  Unknown
smeagol-1.2_csg    0000000000EF7CC3  Unknown               Unknown  Unknown
smeagol-1.2_csg    0000000000BDF0DC  Unknown               Unknown  Unknown
smeagol-1.2_csg    000000000040652E  Unknown               Unknown  Unknown
libc-2.17.so       00002B7EEE057555  __libc_start_main     Unknown  Unknown
smeagol-1.2_csg    0000000000406429  Unknown               Unknown  Unknown
forrtl: severe (29): file not found, unit 12346, file /lustre/scratch/mmm1169/work/cp2k-smeagol-examples/melamine/siesta1-smeagol/au_from-h2/iv-curve/c1_leads-sz-custom_surf-tip-dzp/info.out52
Image              PC                Routine            Line        Source             
smeagol-1.2_csg    0000000002C4151E  Unknown               Unknown  Unknown
smeagol-1.2_csg    0000000002C5FEF5  Unknown               Unknown  Unknown
smeagol-1.2_csg    0000000000EF7CC3  Unknown               Unknown  Unknown
smeagol-1.2_csg    0000000000BDF0DC  Unknown               Unknown  Unknown
smeagol-1.2_csg    000000000040652E  Unknown               Unknown  Unknown
libc-2.17.so       00002B0F9F48D555  __libc_start_main     Unknown  Unknown
smeagol-1.2_csg    0000000000406429  Unknown               Unknown  Unknown
forrtl: severe (29): file not found, unit 12346, file /lustre/scratch/mmm1169/work/cp2k-smeagol-examples/melamine/siesta1-smeagol/au_from-h2/iv-curve/c1_leads-sz-custom_surf-tip-dzp/info.out53
Image              PC                Routine            Line        Source             
smeagol-1.2_csg    0000000002C4151E  Unknown               Unknown  Unknown
smeagol-1.2_csg    0000000002C5FEF5  Unknown               Unknown  Unknown
smeagol-1.2_csg    0000000000EF7CC3  Unknown               Unknown  Unknown
smeagol-1.2_csg    0000000000BDF0DC  Unknown               Unknown  Unknown
smeagol-1.2_csg    000000000040652E  Unknown               Unknown  Unknown
libc-2.17.so       00002AE2F65F7555  __libc_start_main     Unknown  Unknown
smeagol-1.2_csg    0000000000406429  Unknown               Unknown  Unknown
forrtl: severe (29): file not found, unit 12346, file /lustre/scratch/mmm1169/work/cp2k-smeagol-examples/melamine/siesta1-smeagol/au_from-h2/iv-curve/c1_leads-sz-custom_surf-tip-dzp/info.out56
Image              PC                Routine            Line        Source             
smeagol-1.2_csg    0000000002C4151E  Unknown               Unknown  Unknown
smeagol-1.2_csg    0000000002C5FEF5  Unknown               Unknown  Unknown
smeagol-1.2_csg    0000000000EF7CC3  Unknown               Unknown  Unknown
smeagol-1.2_csg    0000000000BDF0DC  Unknown               Unknown  Unknown
smeagol-1.2_csg    000000000040652E  Unknown               Unknown  Unknown
libc-2.17.so       00002B1B31DFB555  __libc_start_main     Unknown  Unknown
smeagol-1.2_csg    0000000000406429  Unknown               Unknown  Unknown
forrtl: severe (29): file not found, unit 12346, file /lustre/scratch/mmm1169/work/cp2k-smeagol-examples/melamine/siesta1-smeagol/au_from-h2/iv-curve/c1_leads-sz-custom_surf-tip-dzp/info.out50
Image              PC                Routine            Line        Source             
smeagol-1.2_csg    0000000002C4151E  Unknown               Unknown  Unknown
smeagol-1.2_csg    0000000002C5FEF5  Unknown               Unknown  Unknown
smeagol-1.2_csg    0000000000EF7CC3  Unknown               Unknown  Unknown
smeagol-1.2_csg    0000000000BDF0DC  Unknown               Unknown  Unknown
smeagol-1.2_csg    000000000040652E  Unknown               Unknown  Unknown
libc-2.17.so       00002AD33B0C4555  __libc_start_main     Unknown  Unknown
smeagol-1.2_csg    0000000000406429  Unknown               Unknown  Unknown
forrtl: severe (29): file not found, unit 12346, file /lustre/scratch/mmm1169/work/cp2k-smeagol-examples/melamine/siesta1-smeagol/au_from-h2/iv-curve/c1_leads-sz-custom_surf-tip-dzp/info.out47
Image              PC                Routine            Line        Source             
smeagol-1.2_csg    0000000002C4151E  Unknown               Unknown  Unknown
smeagol-1.2_csg    0000000002C5FEF5  Unknown               Unknown  Unknown
smeagol-1.2_csg    0000000000EF7CC3  Unknown               Unknown  Unknown
smeagol-1.2_csg    0000000000BDF0DC  Unknown               Unknown  Unknown
smeagol-1.2_csg    000000000040652E  Unknown               Unknown  Unknown
libc-2.17.so       00002B567E012555  __libc_start_main     Unknown  Unknown
smeagol-1.2_csg    0000000000406429  Unknown               Unknown  Unknown
forrtl: severe (29): file not found, unit 12346, file /lustre/scratch/mmm1169/work/cp2k-smeagol-examples/melamine/siesta1-smeagol/au_from-h2/iv-curve/c1_leads-sz-custom_surf-tip-dzp/info.out48
Image              PC                Routine            Line        Source             
smeagol-1.2_csg    0000000002C4151E  Unknown               Unknown  Unknown
smeagol-1.2_csg    0000000002C5FEF5  Unknown               Unknown  Unknown
smeagol-1.2_csg    0000000000EF7CC3  Unknown               Unknown  Unknown
smeagol-1.2_csg    0000000000BDF0DC  Unknown               Unknown  Unknown
smeagol-1.2_csg    000000000040652E  Unknown               Unknown  Unknown
libc-2.17.so       00002AE9AD49C555  __libc_start_main     Unknown  Unknown
smeagol-1.2_csg    0000000000406429  Unknown               Unknown  Unknown
forrtl: severe (29): file not found, unit 12346, file /lustre/scratch/mmm1169/work/cp2k-smeagol-examples/melamine/siesta1-smeagol/au_from-h2/iv-curve/c1_leads-sz-custom_surf-tip-dzp/info.out49
Image              PC                Routine            Line        Source             
smeagol-1.2_csg    0000000002C4151E  Unknown               Unknown  Unknown
smeagol-1.2_csg    0000000002C5FEF5  Unknown               Unknown  Unknown
smeagol-1.2_csg    0000000000EF7CC3  Unknown               Unknown  Unknown
smeagol-1.2_csg    0000000000BDF0DC  Unknown               Unknown  Unknown
smeagol-1.2_csg    000000000040652E  Unknown               Unknown  Unknown
libc-2.17.so       00002B6D15202555  __libc_start_main     Unknown  Unknown
smeagol-1.2_csg    0000000000406429  Unknown               Unknown  Unknown
forrtl: severe (29): file not found, unit 12346, file /lustre/scratch/mmm1169/work/cp2k-smeagol-examples/melamine/siesta1-smeagol/au_from-h2/iv-curve/c1_leads-sz-custom_surf-tip-dzp/info.out22
Image              PC                Routine            Line        Source             
smeagol-1.2_csg    0000000002C4151E  Unknown               Unknown  Unknown
smeagol-1.2_csg    0000000002C5FEF5  Unknown               Unknown  Unknown
smeagol-1.2_csg    0000000000EF7CC3  Unknown               Unknown  Unknown
smeagol-1.2_csg    0000000000BDF0DC  Unknown               Unknown  Unknown
smeagol-1.2_csg    000000000040652E  Unknown               Unknown  Unknown
libc-2.17.so       00002B0D9B04C555  __libc_start_main     Unknown  Unknown
smeagol-1.2_csg    0000000000406429  Unknown               Unknown  Unknown
forrtl: severe (29): file not found, unit 12346, file /lustre/scratch/mmm1169/work/cp2k-smeagol-examples/melamine/siesta1-smeagol/au_from-h2/iv-curve/c1_leads-sz-custom_surf-tip-dzp/info.out59
Image              PC                Routine            Line        Source             
smeagol-1.2_csg    0000000002C4151E  Unknown               Unknown  Unknown
smeagol-1.2_csg    0000000002C5FEF5  Unknown               Unknown  Unknown
smeagol-1.2_csg    0000000000EF7CC3  Unknown               Unknown  Unknown
smeagol-1.2_csg    0000000000BDF0DC  Unknown               Unknown  Unknown
smeagol-1.2_csg    000000000040652E  Unknown               Unknown  Unknown
libc-2.17.so       00002B9062DF2555  __libc_start_main     Unknown  Unknown
smeagol-1.2_csg    0000000000406429  Unknown               Unknown  Unknown
forrtl: severe (29): file not found, unit 12346, file /lustre/scratch/mmm1169/work/cp2k-smeagol-examples/melamine/siesta1-smeagol/au_from-h2/iv-curve/c1_leads-sz-custom_surf-tip-dzp/info.out46
Image              PC                Routine            Line        Source             
smeagol-1.2_csg    0000000002C4151E  Unknown               Unknown  Unknown
smeagol-1.2_csg    0000000002C5FEF5  Unknown               Unknown  Unknown
smeagol-1.2_csg    0000000000EF7CC3  Unknown               Unknown  Unknown
smeagol-1.2_csg    0000000000BDF0DC  Unknown               Unknown  Unknown
smeagol-1.2_csg    000000000040652E  Unknown               Unknown  Unknown
libc-2.17.so       00002B94436AB555  __libc_start_main     Unknown  Unknown
smeagol-1.2_csg    0000000000406429  Unknown               Unknown  Unknown
forrtl: No such file or directory
forrtl: severe (29): file not found, unit 12346, file /lustre/scratch/mmm1169/work/cp2k-smeagol-examples/melamine/siesta1-smeagol/au_from-h2/iv-curve/c1_leads-sz-custom_surf-tip-dzp/info.out11
Image              PC                Routine            Line        Source             
smeagol-1.2_csg    0000000002C4151E  Unknown               Unknown  Unknown
smeagol-1.2_csg    0000000002C5FEF5  Unknown               Unknown  Unknown
smeagol-1.2_csg    0000000000EF7CC3  Unknown               Unknown  Unknown
smeagol-1.2_csg    0000000000BDF0DC  Unknown               Unknown  Unknown
smeagol-1.2_csg    000000000040652E  Unknown               Unknown  Unknown
libc-2.17.so       00002B3E4B44B555  __libc_start_main     Unknown  Unknown
smeagol-1.2_csg    0000000000406429  Unknown               Unknown  Unknown
forrtl: severe (29): file not found, unit 12346, file /lustre/scratch/mmm1169/work/cp2k-smeagol-examples/melamine/siesta1-smeagol/au_from-h2/iv-curve/c1_leads-sz-custom_surf-tip-dzp/info.out58
Image              PC                Routine            Line        Source             
smeagol-1.2_csg    0000000002C4151E  Unknown               Unknown  Unknown
smeagol-1.2_csg    0000000002C5FEF5  Unknown               Unknown  Unknown
smeagol-1.2_csg    0000000000EF7CC3  Unknown               Unknown  Unknown
smeagol-1.2_csg    0000000000BDF0DC  Unknown               Unknown  Unknown
smeagol-1.2_csg    000000000040652E  Unknown               Unknown  Unknown
libc-2.17.so       00002B31C5285555  __libc_start_main     Unknown  Unknown
smeagol-1.2_csg    0000000000406429  Unknown               Unknown  Unknown
forrtl: severe (29): file not found, unit 12346, file /lustre/scratch/mmm1169/work/cp2k-smeagol-examples/melamine/siesta1-smeagol/au_from-h2/iv-curve/c1_leads-sz-custom_surf-tip-dzp/info.out63
Image              PC                Routine            Line        Source             
smeagol-1.2_csg    0000000002C4151E  Unknown               Unknown  Unknown
smeagol-1.2_csg    0000000002C5FEF5  Unknown               Unknown  Unknown
smeagol-1.2_csg    0000000000EF7CC3  Unknown               Unknown  Unknown
smeagol-1.2_csg    0000000000BDF0DC  Unknown               Unknown  Unknown
smeagol-1.2_csg    000000000040652E  Unknown               Unknown  Unknown
libc-2.17.so       00002B7013813555  __libc_start_main     Unknown  Unknown
smeagol-1.2_csg    0000000000406429  Unknown               Unknown  Unknown
forrtl: severe (29): file not found, unit 12346, file /lustre/scratch/mmm1169/work/cp2k-smeagol-examples/melamine/siesta1-smeagol/au_from-h2/iv-curve/c1_leads-sz-custom_surf-tip-dzp/info.out16
Image              PC                Routine            Line        Source             
smeagol-1.2_csg    0000000002C4151E  Unknown               Unknown  Unknown
smeagol-1.2_csg    0000000002C5FEF5  Unknown               Unknown  Unknown
smeagol-1.2_csg    0000000000EF7CC3  Unknown               Unknown  Unknown
smeagol-1.2_csg    0000000000BDF0DC  Unknown               Unknown  Unknown
smeagol-1.2_csg    000000000040652E  Unknown               Unknown  Unknown
libc-2.17.so       00002B6A89432555  __libc_start_main     Unknown  Unknown
smeagol-1.2_csg    0000000000406429  Unknown               Unknown  Unknown
forrtl: severe (29): file not found, unit 12346, file /lustre/scratch/mmm1169/work/cp2k-smeagol-examples/melamine/siesta1-smeagol/au_from-h2/iv-curve/c1_leads-sz-custom_surf-tip-dzp/info.out60
Image              PC                Routine            Line        Source             
smeagol-1.2_csg    0000000002C4151E  Unknown               Unknown  Unknown
smeagol-1.2_csg    0000000002C5FEF5  Unknown               Unknown  Unknown
smeagol-1.2_csg    0000000000EF7CC3  Unknown               Unknown  Unknown
smeagol-1.2_csg    0000000000BDF0DC  Unknown               Unknown  Unknown
smeagol-1.2_csg    000000000040652E  Unknown               Unknown  Unknown
libc-2.17.so       00002B63DE293555  __libc_start_main     Unknown  Unknown
smeagol-1.2_csg    0000000000406429  Unknown               Unknown  Unknown
forrtl: No such file or directory
forrtl: severe (29): file not found, unit 12346, file /lustre/scratch/mmm1169/work/cp2k-smeagol-examples/melamine/siesta1-smeagol/au_from-h2/iv-curve/c1_leads-sz-custom_surf-tip-dzp/info.out51
Image              PC                Routine            Line        Source             
smeagol-1.2_csg    0000000002C4151E  Unknown               Unknown  Unknown
smeagol-1.2_csg    0000000002C5FEF5  Unknown               Unknown  Unknown
smeagol-1.2_csg    0000000000EF7CC3  Unknown               Unknown  Unknown
smeagol-1.2_csg    0000000000BDF0DC  Unknown               Unknown  Unknown
smeagol-1.2_csg    000000000040652E  Unknown               Unknown  Unknown
libc-2.17.so       00002ABC1BCBB555  __libc_start_main     Unknown  Unknown
smeagol-1.2_csg    0000000000406429  Unknown               Unknown  Unknown
forrtl: severe (29): file not found, unit 12346, file /lustre/scratch/mmm1169/work/cp2k-smeagol-examples/melamine/siesta1-smeagol/au_from-h2/iv-curve/c1_leads-sz-custom_surf-tip-dzp/info.out14
Image              PC                Routine            Line        Source             
smeagol-1.2_csg    0000000002C4151E  Unknown               Unknown  Unknown
smeagol-1.2_csg    0000000002C5FEF5  Unknown               Unknown  Unknown
smeagol-1.2_csg    0000000000EF7CC3  Unknown               Unknown  Unknown
smeagol-1.2_csg    0000000000BDF0DC  Unknown               Unknown  Unknown
smeagol-1.2_csg    000000000040652E  Unknown               Unknown  Unknown
libc-2.17.so       00002AC331E7A555  __libc_start_main     Unknown  Unknown
smeagol-1.2_csg    0000000000406429  Unknown               Unknown  Unknown
forrtl: severe (29): file not found, unit 12346, file /lustre/scratch/mmm1169/work/cp2k-smeagol-examples/melamine/siesta1-smeagol/au_from-h2/iv-curve/c1_leads-sz-custom_surf-tip-dzp/info.out17
Image              PC                Routine            Line        Source             
smeagol-1.2_csg    0000000002C4151E  Unknown               Unknown  Unknown
smeagol-1.2_csg    0000000002C5FEF5  Unknown               Unknown  Unknown
smeagol-1.2_csg    0000000000EF7CC3  Unknown               Unknown  Unknown
smeagol-1.2_csg    0000000000BDF0DC  Unknown               Unknown  Unknown
smeagol-1.2_csg    000000000040652E  Unknown               Unknown  Unknown
libc-2.17.so       00002B078AC3D555  __libc_start_main     Unknown  Unknown
smeagol-1.2_csg    0000000000406429  Unknown               Unknown  Unknown
forrtl: severe (29): file not found, unit 12346, file /lustre/scratch/mmm1169/work/cp2k-smeagol-examples/melamine/siesta1-smeagol/au_from-h2/iv-curve/c1_leads-sz-custom_surf-tip-dzp/info.out54
Image              PC                Routine            Line        Source             
smeagol-1.2_csg    0000000002C4151E  Unknown               Unknown  Unknown
smeagol-1.2_csg    0000000002C5FEF5  Unknown               Unknown  Unknown
smeagol-1.2_csg    0000000000EF7CC3  Unknown               Unknown  Unknown
smeagol-1.2_csg    0000000000BDF0DC  Unknown               Unknown  Unknown
smeagol-1.2_csg    000000000040652E  Unknown               Unknown  Unknown
libc-2.17.so       00002AF604141555  __libc_start_main     Unknown  Unknown
smeagol-1.2_csg    0000000000406429  Unknown               Unknown  Unknown
forrtl: severe (29): file not found, unit 12346, file /lustre/scratch/mmm1169/work/cp2k-smeagol-examples/melamine/siesta1-smeagol/au_from-h2/iv-curve/c1_leads-sz-custom_surf-tip-dzp/info.out10
Image              PC                Routine            Line        Source             
smeagol-1.2_csg    0000000002C4151E  Unknown               Unknown  Unknown
smeagol-1.2_csg    0000000002C5FEF5  Unknown               Unknown  Unknown
smeagol-1.2_csg    0000000000EF7CC3  Unknown               Unknown  Unknown
smeagol-1.2_csg    0000000000BDF0DC  Unknown               Unknown  Unknown
smeagol-1.2_csg    000000000040652E  Unknown               Unknown  Unknown
libc-2.17.so       00002B790FBB1555  __libc_start_main     Unknown  Unknown
smeagol-1.2_csg    0000000000406429  Unknown               Unknown  Unknown
forrtl: severe (29): file not found, unit 12346, file /lustre/scratch/mmm1169/work/cp2k-smeagol-examples/melamine/siesta1-smeagol/au_from-h2/iv-curve/c1_leads-sz-custom_surf-tip-dzp/info.out23
Image              PC                Routine            Line        Source             
smeagol-1.2_csg    0000000002C4151E  Unknown               Unknown  Unknown
smeagol-1.2_csg    0000000002C5FEF5  Unknown               Unknown  Unknown
smeagol-1.2_csg    0000000000EF7CC3  Unknown               Unknown  Unknown
smeagol-1.2_csg    0000000000BDF0DC  Unknown               Unknown  Unknown
smeagol-1.2_csg    000000000040652E  Unknown               Unknown  Unknown
libc-2.17.so       00002AD9DCA21555  __libc_start_main     Unknown  Unknown
smeagol-1.2_csg    0000000000406429  Unknown               Unknown  Unknown
forrtl: severe (29): file not found, unit 12346, file /lustre/scratch/mmm1169/work/cp2k-smeagol-examples/melamine/siesta1-smeagol/au_from-h2/iv-curve/c1_leads-sz-custom_surf-tip-dzp/info.out40
Image              PC                Routine            Line        Source             
smeagol-1.2_csg    0000000002C4151E  Unknown               Unknown  Unknown
smeagol-1.2_csg    0000000002C5FEF5  Unknown               Unknown  Unknown
smeagol-1.2_csg    0000000000EF7CC3  Unknown               Unknown  Unknown
smeagol-1.2_csg    0000000000BDF0DC  Unknown               Unknown  Unknown
smeagol-1.2_csg    000000000040652E  Unknown               Unknown  Unknown
libc-2.17.so       00002B3513F8A555  __libc_start_main     Unknown  Unknown
smeagol-1.2_csg    0000000000406429  Unknown               Unknown  Unknown
forrtl: severe (29): file not found, unit 12346, file /lustre/scratch/mmm1169/work/cp2k-smeagol-examples/melamine/siesta1-smeagol/au_from-h2/iv-curve/c1_leads-sz-custom_surf-tip-dzp/info.out24
Image              PC                Routine            Line        Source             
smeagol-1.2_csg    0000000002C4151E  Unknown               Unknown  Unknown
smeagol-1.2_csg    0000000002C5FEF5  Unknown               Unknown  Unknown
smeagol-1.2_csg    0000000000EF7CC3  Unknown               Unknown  Unknown
smeagol-1.2_csg    0000000000BDF0DC  Unknown               Unknown  Unknown
smeagol-1.2_csg    000000000040652E  Unknown               Unknown  Unknown
libc-2.17.so       00002B6741240555  __libc_start_main     Unknown  Unknown
smeagol-1.2_csg    0000000000406429  Unknown               Unknown  Unknown
forrtl: severe (29): file not found, unit 12346, file /lustre/scratch/mmm1169/work/cp2k-smeagol-examples/melamine/siesta1-smeagol/au_from-h2/iv-curve/c1_leads-sz-custom_surf-tip-dzp/info.out57
Image              PC                Routine            Line        Source             
smeagol-1.2_csg    0000000002C4151E  Unknown               Unknown  Unknown
smeagol-1.2_csg    0000000002C5FEF5  Unknown               Unknown  Unknown
smeagol-1.2_csg    0000000000EF7CC3  Unknown               Unknown  Unknown
smeagol-1.2_csg    0000000000BDF0DC  Unknown               Unknown  Unknown
smeagol-1.2_csg    000000000040652E  Unknown               Unknown  Unknown
libc-2.17.so       00002B122FFB4555  __libc_start_main     Unknown  Unknown
smeagol-1.2_csg    0000000000406429  Unknown               Unknown  Unknown
forrtl: severe (29): file not found, unit 12346, file /lustre/scratch/mmm1169/work/cp2k-smeagol-examples/melamine/siesta1-smeagol/au_from-h2/iv-curve/c1_leads-sz-custom_surf-tip-dzp/info.out20
Image              PC                Routine            Line        Source             
smeagol-1.2_csg    0000000002C4151E  Unknown               Unknown  Unknown
smeagol-1.2_csg    0000000002C5FEF5  Unknown               Unknown  Unknown
smeagol-1.2_csg    0000000000EF7CC3  Unknown               Unknown  Unknown
smeagol-1.2_csg    0000000000BDF0DC  Unknown               Unknown  Unknown
smeagol-1.2_csg    000000000040652E  Unknown               Unknown  Unknown
libc-2.17.so       00002ADFB9C1A555  __libc_start_main     Unknown  Unknown
smeagol-1.2_csg    0000000000406429  Unknown               Unknown  Unknown
forrtl: severe (29): file not found, unit 12346, file /lustre/scratch/mmm1169/work/cp2k-smeagol-examples/melamine/siesta1-smeagol/au_from-h2/iv-curve/c1_leads-sz-custom_surf-tip-dzp/info.out45
Image              PC                Routine            Line        Source             
smeagol-1.2_csg    0000000002C4151E  Unknown               Unknown  Unknown
smeagol-1.2_csg    0000000002C5FEF5  Unknown               Unknown  Unknown
smeagol-1.2_csg    0000000000EF7CC3  Unknown               Unknown  Unknown
smeagol-1.2_csg    0000000000BDF0DC  Unknown               Unknown  Unknown
smeagol-1.2_csg    000000000040652E  Unknown               Unknown  Unknown
libc-2.17.so       00002ABF717B7555  __libc_start_main     Unknown  Unknown
smeagol-1.2_csg    0000000000406429  Unknown               Unknown  Unknown
forrtl: severe (29): file not found, unit 12346, file /lustre/scratch/mmm1169/work/cp2k-smeagol-examples/melamine/siesta1-smeagol/au_from-h2/iv-curve/c1_leads-sz-custom_surf-tip-dzp/info.out26
Image              PC                Routine            Line        Source             
smeagol-1.2_csg    0000000002C4151E  Unknown               Unknown  Unknown
smeagol-1.2_csg    0000000002C5FEF5  Unknown               Unknown  Unknown
smeagol-1.2_csg    0000000000EF7CC3  Unknown               Unknown  Unknown
smeagol-1.2_csg    0000000000BDF0DC  Unknown               Unknown  Unknown
smeagol-1.2_csg    000000000040652E  Unknown               Unknown  Unknown
libc-2.17.so       00002BA486A75555  __libc_start_main     Unknown  Unknown
smeagol-1.2_csg    0000000000406429  Unknown               Unknown  Unknown
forrtl: severe (29): file not found, unit 12346, file /lustre/scratch/mmm1169/work/cp2k-smeagol-examples/melamine/siesta1-smeagol/au_from-h2/iv-curve/c1_leads-sz-custom_surf-tip-dzp/info.out13
Image              PC                Routine            Line        Source             
smeagol-1.2_csg    0000000002C4151E  Unknown               Unknown  Unknown
smeagol-1.2_csg    0000000002C5FEF5  Unknown               Unknown  Unknown
smeagol-1.2_csg    0000000000EF7CC3  Unknown               Unknown  Unknown
smeagol-1.2_csg    0000000000BDF0DC  Unknown               Unknown  Unknown
smeagol-1.2_csg    000000000040652E  Unknown               Unknown  Unknown
libc-2.17.so       00002B57AC157555  __libc_start_main     Unknown  Unknown
smeagol-1.2_csg    0000000000406429  Unknown               Unknown  Unknown
forrtl: severe (29): file not found, unit 12346, file /lustre/scratch/mmm1169/work/cp2k-smeagol-examples/melamine/siesta1-smeagol/au_from-h2/iv-curve/c1_leads-sz-custom_surf-tip-dzp/info.out25
Image              PC                Routine            Line        Source             
smeagol-1.2_csg    0000000002C4151E  Unknown               Unknown  Unknown
smeagol-1.2_csg    0000000002C5FEF5  Unknown               Unknown  Unknown
smeagol-1.2_csg    0000000000EF7CC3  Unknown               Unknown  Unknown
smeagol-1.2_csg    0000000000BDF0DC  Unknown               Unknown  Unknown
smeagol-1.2_csg    000000000040652E  Unknown               Unknown  Unknown
libc-2.17.so       00002AEA5E917555  __libc_start_main     Unknown  Unknown
smeagol-1.2_csg    0000000000406429  Unknown               Unknown  Unknown
forrtl: severe (29): file not found, unit 12346, file /lustre/scratch/mmm1169/work/cp2k-smeagol-examples/melamine/siesta1-smeagol/au_from-h2/iv-curve/c1_leads-sz-custom_surf-tip-dzp/info.out21
Image              PC                Routine            Line        Source             
smeagol-1.2_csg    0000000002C4151E  Unknown               Unknown  Unknown
smeagol-1.2_csg    0000000002C5FEF5  Unknown               Unknown  Unknown
smeagol-1.2_csg    0000000000EF7CC3  Unknown               Unknown  Unknown
smeagol-1.2_csg    0000000000BDF0DC  Unknown               Unknown  Unknown
smeagol-1.2_csg    000000000040652E  Unknown               Unknown  Unknown
libc-2.17.so       00002B82E6B39555  __libc_start_main     Unknown  Unknown
smeagol-1.2_csg    0000000000406429  Unknown               Unknown  Unknown
forrtl: severe (29): file not found, unit 12346, file /lustre/scratch/mmm1169/work/cp2k-smeagol-examples/melamine/siesta1-smeagol/au_from-h2/iv-curve/c1_leads-sz-custom_surf-tip-dzp/info.out12
Image              PC                Routine            Line        Source             
smeagol-1.2_csg    0000000002C4151E  Unknown               Unknown  Unknown
smeagol-1.2_csg    0000000002C5FEF5  Unknown               Unknown  Unknown
smeagol-1.2_csg    0000000000EF7CC3  Unknown               Unknown  Unknown
smeagol-1.2_csg    0000000000BDF0DC  Unknown               Unknown  Unknown
smeagol-1.2_csg    000000000040652E  Unknown               Unknown  Unknown
libc-2.17.so       00002B01BBC83555  __libc_start_main     Unknown  Unknown
smeagol-1.2_csg    0000000000406429  Unknown               Unknown  Unknown
forrtl: No such file or directory
forrtl: severe (29): file not found, unit 12346, file /lustre/scratch/mmm1169/work/cp2k-smeagol-examples/melamine/siesta1-smeagol/au_from-h2/iv-curve/c1_leads-sz-custom_surf-tip-dzp/info.out9
Image              PC                Routine            Line        Source             
smeagol-1.2_csg    0000000002C4151E  Unknown               Unknown  Unknown
smeagol-1.2_csg    0000000002C5FEF5  Unknown               Unknown  Unknown
smeagol-1.2_csg    0000000000EF7CC3  Unknown               Unknown  Unknown
smeagol-1.2_csg    0000000000BDF0DC  Unknown               Unknown  Unknown
smeagol-1.2_csg    000000000040652E  Unknown               Unknown  Unknown
libc-2.17.so       00002AB7F2E8B555  __libc_start_main     Unknown  Unknown
smeagol-1.2_csg    0000000000406429  Unknown               Unknown  Unknown
forrtl: severe (29): file not found, unit 12346, file /lustre/scratch/mmm1169/work/cp2k-smeagol-examples/melamine/siesta1-smeagol/au_from-h2/iv-curve/c1_leads-sz-custom_surf-tip-dzp/info.out18
Image              PC                Routine            Line        Source             
smeagol-1.2_csg    0000000002C4151E  Unknown               Unknown  Unknown
smeagol-1.2_csg    0000000002C5FEF5  Unknown               Unknown  Unknown
smeagol-1.2_csg    0000000000EF7CC3  Unknown               Unknown  Unknown
smeagol-1.2_csg    0000000000BDF0DC  Unknown               Unknown  Unknown
smeagol-1.2_csg    000000000040652E  Unknown               Unknown  Unknown
libc-2.17.so       00002B0DF3873555  __libc_start_main     Unknown  Unknown
smeagol-1.2_csg    0000000000406429  Unknown               Unknown  Unknown
forrtl: severe (29): file not found, unit 12346, file /lustre/scratch/mmm1169/work/cp2k-smeagol-examples/melamine/siesta1-smeagol/au_from-h2/iv-curve/c1_leads-sz-custom_surf-tip-dzp/info.out27
Image              PC                Routine            Line        Source             
smeagol-1.2_csg    0000000002C4151E  Unknown               Unknown  Unknown
smeagol-1.2_csg    0000000002C5FEF5  Unknown               Unknown  Unknown
smeagol-1.2_csg    0000000000EF7CC3  Unknown               Unknown  Unknown
smeagol-1.2_csg    0000000000BDF0DC  Unknown               Unknown  Unknown
smeagol-1.2_csg    000000000040652E  Unknown               Unknown  Unknown
libc-2.17.so       00002AC6CD4C2555  __libc_start_main     Unknown  Unknown
smeagol-1.2_csg    0000000000406429  Unknown               Unknown  Unknown
forrtl: severe (29): file not found, unit 12346, file /lustre/scratch/mmm1169/work/cp2k-smeagol-examples/melamine/siesta1-smeagol/au_from-h2/iv-curve/c1_leads-sz-custom_surf-tip-dzp/info.out43
Image              PC                Routine            Line        Source             
smeagol-1.2_csg    0000000002C4151E  Unknown               Unknown  Unknown
smeagol-1.2_csg    0000000002C5FEF5  Unknown               Unknown  Unknown
smeagol-1.2_csg    0000000000EF7CC3  Unknown               Unknown  Unknown
smeagol-1.2_csg    0000000000BDF0DC  Unknown               Unknown  Unknown
smeagol-1.2_csg    000000000040652E  Unknown               Unknown  Unknown
libc-2.17.so       00002AEBECF8A555  __libc_start_main     Unknown  Unknown
smeagol-1.2_csg    0000000000406429  Unknown               Unknown  Unknown
forrtl: severe (29): file not found, unit 12346, file /lustre/scratch/mmm1169/work/cp2k-smeagol-examples/melamine/siesta1-smeagol/au_from-h2/iv-curve/c1_leads-sz-custom_surf-tip-dzp/info.out44
Image              PC                Routine            Line        Source             
smeagol-1.2_csg    0000000002C4151E  Unknown               Unknown  Unknown
smeagol-1.2_csg    0000000002C5FEF5  Unknown               Unknown  Unknown
smeagol-1.2_csg    0000000000EF7CC3  Unknown               Unknown  Unknown
smeagol-1.2_csg    0000000000BDF0DC  Unknown               Unknown  Unknown
smeagol-1.2_csg    000000000040652E  Unknown               Unknown  Unknown
libc-2.17.so       00002B8301C36555  __libc_start_main     Unknown  Unknown
smeagol-1.2_csg    0000000000406429  Unknown               Unknown  Unknown
forrtl: No such file or directory
forrtl: severe (29): file not found, unit 12346, file /lustre/scratch/mmm1169/work/cp2k-smeagol-examples/melamine/siesta1-smeagol/au_from-h2/iv-curve/c1_leads-sz-custom_surf-tip-dzp/info.out15
Image              PC                Routine            Line        Source             
smeagol-1.2_csg    0000000002C4151E  Unknown               Unknown  Unknown
smeagol-1.2_csg    0000000002C5FEF5  Unknown               Unknown  Unknown
smeagol-1.2_csg    0000000000EF7CC3  Unknown               Unknown  Unknown
smeagol-1.2_csg    0000000000BDF0DC  Unknown               Unknown  Unknown
smeagol-1.2_csg    000000000040652E  Unknown               Unknown  Unknown
libc-2.17.so       00002ADA1363D555  __libc_start_main     Unknown  Unknown
smeagol-1.2_csg    0000000000406429  Unknown               Unknown  Unknown
forrtl: severe (29): file not found, unit 12346, file /lustre/scratch/mmm1169/work/cp2k-smeagol-examples/melamine/siesta1-smeagol/au_from-h2/iv-curve/c1_leads-sz-custom_surf-tip-dzp/info.out41
Image              PC                Routine            Line        Source             
smeagol-1.2_csg    0000000002C4151E  Unknown               Unknown  Unknown
smeagol-1.2_csg    0000000002C5FEF5  Unknown               Unknown  Unknown
smeagol-1.2_csg    0000000000EF7CC3  Unknown               Unknown  Unknown
smeagol-1.2_csg    0000000000BDF0DC  Unknown               Unknown  Unknown
smeagol-1.2_csg    000000000040652E  Unknown               Unknown  Unknown
libc-2.17.so       00002ADBA2DD3555  __libc_start_main     Unknown  Unknown
smeagol-1.2_csg    0000000000406429  Unknown               Unknown  Unknown
forrtl: No such file or directory
forrtl: severe (29): file not found, unit 12346, file /lustre/scratch/mmm1169/work/cp2k-smeagol-examples/melamine/siesta1-smeagol/au_from-h2/iv-curve/c1_leads-sz-custom_surf-tip-dzp/info.out37
Image              PC                Routine            Line        Source             
smeagol-1.2_csg    0000000002C4151E  Unknown               Unknown  Unknown
smeagol-1.2_csg    0000000002C5FEF5  Unknown               Unknown  Unknown
smeagol-1.2_csg    0000000000EF7CC3  Unknown               Unknown  Unknown
smeagol-1.2_csg    0000000000BDF0DC  Unknown               Unknown  Unknown
smeagol-1.2_csg    000000000040652E  Unknown               Unknown  Unknown
libc-2.17.so       00002BA4A7A7D555  __libc_start_main     Unknown  Unknown
smeagol-1.2_csg    0000000000406429  Unknown               Unknown  Unknown
forrtl: severe (29): file not found, unit 12346, file /lustre/scratch/mmm1169/work/cp2k-smeagol-examples/melamine/siesta1-smeagol/au_from-h2/iv-curve/c1_leads-sz-custom_surf-tip-dzp/info.out19
Image              PC                Routine            Line        Source             
smeagol-1.2_csg    0000000002C4151E  Unknown               Unknown  Unknown
smeagol-1.2_csg    0000000002C5FEF5  Unknown               Unknown  Unknown
smeagol-1.2_csg    0000000000EF7CC3  Unknown               Unknown  Unknown
smeagol-1.2_csg    0000000000BDF0DC  Unknown               Unknown  Unknown
smeagol-1.2_csg    000000000040652E  Unknown               Unknown  Unknown
libc-2.17.so       00002B43CD48F555  __libc_start_main     Unknown  Unknown
smeagol-1.2_csg    0000000000406429  Unknown               Unknown  Unknown
forrtl: severe (29): file not found, unit 12346, file /lustre/scratch/mmm1169/work/cp2k-smeagol-examples/melamine/siesta1-smeagol/au_from-h2/iv-curve/c1_leads-sz-custom_surf-tip-dzp/info.out38
Image              PC                Routine            Line        Source             
smeagol-1.2_csg    0000000002C4151E  Unknown               Unknown  Unknown
smeagol-1.2_csg    0000000002C5FEF5  Unknown               Unknown  Unknown
smeagol-1.2_csg    0000000000EF7CC3  Unknown               Unknown  Unknown
smeagol-1.2_csg    0000000000BDF0DC  Unknown               Unknown  Unknown
smeagol-1.2_csg    000000000040652E  Unknown               Unknown  Unknown
libc-2.17.so       00002B341EDFD555  __libc_start_main     Unknown  Unknown
smeagol-1.2_csg    0000000000406429  Unknown               Unknown  Unknown
forrtl: No such file or directory
forrtl: severe (29): file not found, unit 12346, file /lustre/scratch/mmm1169/work/cp2k-smeagol-examples/melamine/siesta1-smeagol/au_from-h2/iv-curve/c1_leads-sz-custom_surf-tip-dzp/info.out34
Image              PC                Routine            Line        Source             
smeagol-1.2_csg    0000000002C4151E  Unknown               Unknown  Unknown
smeagol-1.2_csg    0000000002C5FEF5  Unknown               Unknown  Unknown
smeagol-1.2_csg    0000000000EF7CC3  Unknown               Unknown  Unknown
smeagol-1.2_csg    0000000000BDF0DC  Unknown               Unknown  Unknown
smeagol-1.2_csg    000000000040652E  Unknown               Unknown  Unknown
libc-2.17.so       00002ABAF4E9A555  __libc_start_main     Unknown  Unknown
smeagol-1.2_csg    0000000000406429  Unknown               Unknown  Unknown
forrtl: severe (29): file not found, unit 12346, file /lustre/scratch/mmm1169/work/cp2k-smeagol-examples/melamine/siesta1-smeagol/au_from-h2/iv-curve/c1_leads-sz-custom_surf-tip-dzp/info.out35
Image              PC                Routine            Line        Source             
smeagol-1.2_csg    0000000002C4151E  Unknown               Unknown  Unknown
smeagol-1.2_csg    0000000002C5FEF5  Unknown               Unknown  Unknown
smeagol-1.2_csg    0000000000EF7CC3  Unknown               Unknown  Unknown
smeagol-1.2_csg    0000000000BDF0DC  Unknown               Unknown  Unknown
smeagol-1.2_csg    000000000040652E  Unknown               Unknown  Unknown
libc-2.17.so       00002BA866493555  __libc_start_main     Unknown  Unknown
smeagol-1.2_csg    0000000000406429  Unknown               Unknown  Unknown
forrtl: severe (29): file not found, unit 12346, file /lustre/scratch/mmm1169/work/cp2k-smeagol-examples/melamine/siesta1-smeagol/au_from-h2/iv-curve/c1_leads-sz-custom_surf-tip-dzp/info.out28
Image              PC                Routine            Line        Source             
smeagol-1.2_csg    0000000002C4151E  Unknown               Unknown  Unknown
smeagol-1.2_csg    0000000002C5FEF5  Unknown               Unknown  Unknown
smeagol-1.2_csg    0000000000EF7CC3  Unknown               Unknown  Unknown
smeagol-1.2_csg    0000000000BDF0DC  Unknown               Unknown  Unknown
smeagol-1.2_csg    000000000040652E  Unknown               Unknown  Unknown
libc-2.17.so       00002B9182FB8555  __libc_start_main     Unknown  Unknown
smeagol-1.2_csg    0000000000406429  Unknown               Unknown  Unknown
forrtl: severe (29): file not found, unit 12346, file /lustre/scratch/mmm1169/work/cp2k-smeagol-examples/melamine/siesta1-smeagol/au_from-h2/iv-curve/c1_leads-sz-custom_surf-tip-dzp/info.out29
Image              PC                Routine            Line        Source             
smeagol-1.2_csg    0000000002C4151E  Unknown               Unknown  Unknown
smeagol-1.2_csg    0000000002C5FEF5  Unknown               Unknown  Unknown
smeagol-1.2_csg    0000000000EF7CC3  Unknown               Unknown  Unknown
smeagol-1.2_csg    0000000000BDF0DC  Unknown               Unknown  Unknown
smeagol-1.2_csg    000000000040652E  Unknown               Unknown  Unknown
libc-2.17.so       00002B4F74582555  __libc_start_main     Unknown  Unknown
smeagol-1.2_csg    0000000000406429  Unknown               Unknown  Unknown
forrtl: severe (29): file not found, unit 12346, file /lustre/scratch/mmm1169/work/cp2k-smeagol-examples/melamine/siesta1-smeagol/au_from-h2/iv-curve/c1_leads-sz-custom_surf-tip-dzp/info.out36
Image              PC                Routine            Line        Source             
smeagol-1.2_csg    0000000002C4151E  Unknown               Unknown  Unknown
smeagol-1.2_csg    0000000002C5FEF5  Unknown               Unknown  Unknown
smeagol-1.2_csg    0000000000EF7CC3  Unknown               Unknown  Unknown
smeagol-1.2_csg    0000000000BDF0DC  Unknown               Unknown  Unknown
smeagol-1.2_csg    000000000040652E  Unknown               Unknown  Unknown
libc-2.17.so       00002AF8CA59B555  __libc_start_main     Unknown  Unknown
smeagol-1.2_csg    0000000000406429  Unknown               Unknown  Unknown
forrtl: severe (29): file not found, unit 12346, file /lustre/scratch/mmm1169/work/cp2k-smeagol-examples/melamine/siesta1-smeagol/au_from-h2/iv-curve/c1_leads-sz-custom_surf-tip-dzp/info.out39
Image              PC                Routine            Line        Source             
smeagol-1.2_csg    0000000002C4151E  Unknown               Unknown  Unknown
smeagol-1.2_csg    0000000002C5FEF5  Unknown               Unknown  Unknown
smeagol-1.2_csg    0000000000EF7CC3  Unknown               Unknown  Unknown
smeagol-1.2_csg    0000000000BDF0DC  Unknown               Unknown  Unknown
smeagol-1.2_csg    000000000040652E  Unknown               Unknown  Unknown
libc-2.17.so       00002B7383D3F555  __libc_start_main     Unknown  Unknown
smeagol-1.2_csg    0000000000406429  Unknown               Unknown  Unknown
forrtl: severe (29): file not found, unit 12346, file /lustre/scratch/mmm1169/work/cp2k-smeagol-examples/melamine/siesta1-smeagol/au_from-h2/iv-curve/c1_leads-sz-custom_surf-tip-dzp/info.out42
Image              PC                Routine            Line        Source             
smeagol-1.2_csg    0000000002C4151E  Unknown               Unknown  Unknown
smeagol-1.2_csg    0000000002C5FEF5  Unknown               Unknown  Unknown
smeagol-1.2_csg    0000000000EF7CC3  Unknown               Unknown  Unknown
smeagol-1.2_csg    0000000000BDF0DC  Unknown               Unknown  Unknown
smeagol-1.2_csg    000000000040652E  Unknown               Unknown  Unknown
libc-2.17.so       00002AFE3B520555  __libc_start_main     Unknown  Unknown
smeagol-1.2_csg    0000000000406429  Unknown               Unknown  Unknown
forrtl: severe (29): file not found, unit 12346, file /lustre/scratch/mmm1169/work/cp2k-smeagol-examples/melamine/siesta1-smeagol/au_from-h2/iv-curve/c1_leads-sz-custom_surf-tip-dzp/info.out31
Image              PC                Routine            Line        Source             
smeagol-1.2_csg    0000000002C4151E  Unknown               Unknown  Unknown
smeagol-1.2_csg    0000000002C5FEF5  Unknown               Unknown  Unknown
smeagol-1.2_csg    0000000000EF7CC3  Unknown               Unknown  Unknown
smeagol-1.2_csg    0000000000BDF0DC  Unknown               Unknown  Unknown
smeagol-1.2_csg    000000000040652E  Unknown               Unknown  Unknown
libc-2.17.so       00002B546EC88555  __libc_start_main     Unknown  Unknown
smeagol-1.2_csg    0000000000406429  Unknown               Unknown  Unknown
forrtl: severe (29): file not found, unit 12346, file /lustre/scratch/mmm1169/work/cp2k-smeagol-examples/melamine/siesta1-smeagol/au_from-h2/iv-curve/c1_leads-sz-custom_surf-tip-dzp/info.out32
Image              PC                Routine            Line        Source             
smeagol-1.2_csg    0000000002C4151E  Unknown               Unknown  Unknown
smeagol-1.2_csg    0000000002C5FEF5  Unknown               Unknown  Unknown
smeagol-1.2_csg    0000000000EF7CC3  Unknown               Unknown  Unknown
smeagol-1.2_csg    0000000000BDF0DC  Unknown               Unknown  Unknown
smeagol-1.2_csg    000000000040652E  Unknown               Unknown  Unknown
libc-2.17.so       00002B3394898555  __libc_start_main     Unknown  Unknown
smeagol-1.2_csg    0000000000406429  Unknown               Unknown  Unknown
forrtl: severe (29): file not found, unit 12346, file /lustre/scratch/mmm1169/work/cp2k-smeagol-examples/melamine/siesta1-smeagol/au_from-h2/iv-curve/c1_leads-sz-custom_surf-tip-dzp/info.out33
Image              PC                Routine            Line        Source             
smeagol-1.2_csg    0000000002C4151E  Unknown               Unknown  Unknown
smeagol-1.2_csg    0000000002C5FEF5  Unknown               Unknown  Unknown
smeagol-1.2_csg    0000000000EF7CC3  Unknown               Unknown  Unknown
smeagol-1.2_csg    0000000000BDF0DC  Unknown               Unknown  Unknown
smeagol-1.2_csg    000000000040652E  Unknown               Unknown  Unknown
libc-2.17.so       00002AFB85227555  __libc_start_main     Unknown  Unknown
smeagol-1.2_csg    0000000000406429  Unknown               Unknown  Unknown
forrtl: severe (29): file not found, unit 12346, file /lustre/scratch/mmm1169/work/cp2k-smeagol-examples/melamine/siesta1-smeagol/au_from-h2/iv-curve/c1_leads-sz-custom_surf-tip-dzp/info.out8
Image              PC                Routine            Line        Source             
smeagol-1.2_csg    0000000002C4151E  Unknown               Unknown  Unknown
smeagol-1.2_csg    0000000002C5FEF5  Unknown               Unknown  Unknown
smeagol-1.2_csg    0000000000EF7CC3  Unknown               Unknown  Unknown
smeagol-1.2_csg    0000000000BDF0DC  Unknown               Unknown  Unknown
smeagol-1.2_csg    000000000040652E  Unknown               Unknown  Unknown
libc-2.17.so       00002AB1306D7555  __libc_start_main     Unknown  Unknown
smeagol-1.2_csg    0000000000406429  Unknown               Unknown  Unknown
forrtl: severe (29): file not found, unit 12346, file /lustre/scratch/mmm1169/work/cp2k-smeagol-examples/melamine/siesta1-smeagol/au_from-h2/iv-curve/c1_leads-sz-custom_surf-tip-dzp/info.out30
Image              PC                Routine            Line        Source             
smeagol-1.2_csg    0000000002C4151E  Unknown               Unknown  Unknown
smeagol-1.2_csg    0000000002C5FEF5  Unknown               Unknown  Unknown
smeagol-1.2_csg    0000000000EF7CC3  Unknown               Unknown  Unknown
smeagol-1.2_csg    0000000000BDF0DC  Unknown               Unknown  Unknown
smeagol-1.2_csg    000000000040652E  Unknown               Unknown  Unknown
libc-2.17.so       00002B7BC4051555  __libc_start_main     Unknown  Unknown
smeagol-1.2_csg    0000000000406429  Unknown               Unknown  Unknown
forrtl: severe (29): file not found, unit 12346, file /lustre/scratch/mmm1169/work/cp2k-smeagol-examples/melamine/siesta1-smeagol/au_from-h2/iv-curve/c1_leads-sz-custom_surf-tip-dzp/info.out7
Image              PC                Routine            Line        Source             
smeagol-1.2_csg    0000000002C4151E  Unknown               Unknown  Unknown
smeagol-1.2_csg    0000000002C5FEF5  Unknown               Unknown  Unknown
smeagol-1.2_csg    0000000000EF7CC3  Unknown               Unknown  Unknown
smeagol-1.2_csg    0000000000BDF0DC  Unknown               Unknown  Unknown
smeagol-1.2_csg    000000000040652E  Unknown               Unknown  Unknown
libc-2.17.so       00002AF5DB345555  __libc_start_main     Unknown  Unknown
smeagol-1.2_csg    0000000000406429  Unknown               Unknown  Unknown
forrtl: severe (29): file not found, unit 12346, file /lustre/scratch/mmm1169/work/cp2k-smeagol-examples/melamine/siesta1-smeagol/au_from-h2/iv-curve/c1_leads-sz-custom_surf-tip-dzp/info.out1
Image              PC                Routine            Line        Source             
smeagol-1.2_csg    0000000002C4151E  Unknown               Unknown  Unknown
smeagol-1.2_csg    0000000002C5FEF5  Unknown               Unknown  Unknown
smeagol-1.2_csg    0000000000EF7CC3  Unknown               Unknown  Unknown
smeagol-1.2_csg    0000000000BDF0DC  Unknown               Unknown  Unknown
smeagol-1.2_csg    000000000040652E  Unknown               Unknown  Unknown
libc-2.17.so       00002AF39BA1D555  __libc_start_main     Unknown  Unknown

Stack trace terminated abnormally.
forrtl: severe (29): file not found, unit 12346, file /lustre/scratch/mmm1169/work/cp2k-smeagol-examples/melamine/siesta1-smeagol/au_from-h2/iv-curve/c1_leads-sz-custom_surf-tip-dzp/info.out3
Image              PC                Routine            Line        Source             
smeagol-1.2_csg    0000000002C4151E  Unknown               Unknown  Unknown
smeagol-1.2_csg    0000000002C5FEF5  Unknown               Unknown  Unknown
smeagol-1.2_csg    0000000000EF7CC3  Unknown               Unknown  Unknown

Stack trace terminated abnormally.
forrtl: severe (29): file not found, unit 12346, file /lustre/scratch/mmm1169/work/cp2k-smeagol-examples/melamine/siesta1-smeagol/au_from-h2/iv-curve/c1_leads-sz-custom_surf-tip-dzp/info.out6
Image              PC                Routine            Line        Source             
smeagol-1.2_csg    0000000002C4151E  Unknown               Unknown  Unknown
smeagol-1.2_csg    0000000002C5FEF5  Unknown               Unknown  Unknown
smeagol-1.2_csg    0000000000EF7CC3  Unknown               Unknown  Unknown
smeagol-1.2_csg    0000000000BDF0DC  Unknown               Unknown  Unknown
smeagol-1.2_csg    000000000040652E  Unknown               Unknown  Unknown
libc-2.17.so       00002B9BA7837555  __libc_start_main     Unknown  Unknown

Stack trace terminated abnormally.
