

*******************************************************************************
Mon Sep 16 14:48:11 2013


FIT:    data read from 'k.txt' u 1:2
        #datapoints = 22
        residuals are weighted equally (unit weight)

function used for fitting: f(x)
fitted parameters initialized with current variable values



Iteration 0
WSSR        : 44.1508           delta(WSSR)/WSSR   : 0
delta(WSSR) : 0                 limit for stopping : 1e-05
lambda	  : 1.11811

initial set of free parameter values

a               = 2
b               = 2

After 4 iterations the fit converged.
final sum of squares of residuals : 0.19594
rel. change during last iteration : -2.29054e-13

degrees of freedom (ndf) : 20
rms of residuals      (stdfit) = sqrt(WSSR/ndf)      : 0.0989797
variance of residuals (reduced chisquare) = WSSR/ndf : 0.00979698

Final set of parameters            Asymptotic Standard Error
=======================            ==========================

a               = -0.319312        +/- 0.03497      (10.95%)
b               = 4.27481          +/- 0.04283      (1.002%)


correlation matrix of the fit parameters:

               a      b      
a               1.000 
b              -0.870  1.000 


*******************************************************************************
Mon Sep 16 15:02:12 2013


FIT:    data read from 'k.txt' u 1:3
        #datapoints = 22
        residuals are weighted equally (unit weight)

function used for fitting: f(x)
fitted parameters initialized with current variable values



Iteration 0
WSSR        : 10.5523           delta(WSSR)/WSSR   : 0
delta(WSSR) : 0                 limit for stopping : 1e-05
lambda	  : 1.11811

initial set of free parameter values

a               = -0.319312
b               = 4.27481

After 3 iterations the fit converged.
final sum of squares of residuals : 0.14957
rel. change during last iteration : -2.82959e-06

degrees of freedom (ndf) : 20
rms of residuals      (stdfit) = sqrt(WSSR/ndf)      : 0.0864785
variance of residuals (reduced chisquare) = WSSR/ndf : 0.00747852

Final set of parameters            Asymptotic Standard Error
=======================            ==========================

a               = 0.248768         +/- 0.03055      (12.28%)
b               = 4.26538          +/- 0.03742      (0.8774%)


correlation matrix of the fit parameters:

               a      b      
a               1.000 
b              -0.870  1.000 


*******************************************************************************
Mon Sep 16 15:02:46 2013


FIT:    data read from 'k.txt' u 1:6
        #datapoints = 22
        residuals are weighted equally (unit weight)

function used for fitting: f(x)
fitted parameters initialized with current variable values



Iteration 0
WSSR        : 76.7652           delta(WSSR)/WSSR   : 0
delta(WSSR) : 0                 limit for stopping : 1e-05
lambda	  : 1.11811

initial set of free parameter values

a               = 0.248768
b               = 4.26538

After 4 iterations the fit converged.
final sum of squares of residuals : 0.445259
rel. change during last iteration : -8.86416e-14

degrees of freedom (ndf) : 20
rms of residuals      (stdfit) = sqrt(WSSR/ndf)      : 0.149208
variance of residuals (reduced chisquare) = WSSR/ndf : 0.0222629

Final set of parameters            Asymptotic Standard Error
=======================            ==========================

a               = -0.882368        +/- 0.05271      (5.974%)
b               = 7.20402          +/- 0.06457      (0.8963%)


correlation matrix of the fit parameters:

               a      b      
a               1.000 
b              -0.870  1.000 


*******************************************************************************
Mon Sep 16 15:20:57 2013


FIT:    data read from 'k.txt' u 1:6
BREAK:          No data to fit 



*******************************************************************************
Mon Sep 16 15:21:12 2013


FIT:    data read from 'k.txt' u 1:2
        #datapoints = 22
        residuals are weighted equally (unit weight)

function used for fitting: f(x)
fitted parameters initialized with current variable values



Iteration 0
WSSR        : 40.9965           delta(WSSR)/WSSR   : 0
delta(WSSR) : 0                 limit for stopping : 1e-05
lambda	  : 0.824407

initial set of free parameter values

a               = 2
b               = 2

After 3 iterations the fit converged.
final sum of squares of residuals : 0.279646
rel. change during last iteration : -4.77947e-06

degrees of freedom (ndf) : 20
rms of residuals      (stdfit) = sqrt(WSSR/ndf)      : 0.118247
variance of residuals (reduced chisquare) = WSSR/ndf : 0.0139823

Final set of parameters            Asymptotic Standard Error
=======================            ==========================

a               = 0.402312         +/- 0.05556      (13.81%)
b               = 3.77689          +/- 0.0333       (0.8817%)


correlation matrix of the fit parameters:

               a      b      
a               1.000 
b              -0.653  1.000 


*******************************************************************************
Mon Sep 16 15:21:27 2013


FIT:    data read from 'k.txt' u 1:2
        #datapoints = 22
        residuals are weighted equally (unit weight)

function used for fitting: f(x)
fitted parameters initialized with current variable values



Iteration 0
WSSR        : 144.147           delta(WSSR)/WSSR   : 0
delta(WSSR) : 0                 limit for stopping : 1e-05
lambda	  : 0.824407

initial set of free parameter values

a               = 1
b               = 1

After 3 iterations the fit converged.
final sum of squares of residuals : 0.279646
rel. change during last iteration : -2.9593e-06

degrees of freedom (ndf) : 20
rms of residuals      (stdfit) = sqrt(WSSR/ndf)      : 0.118247
variance of residuals (reduced chisquare) = WSSR/ndf : 0.0139823

Final set of parameters            Asymptotic Standard Error
=======================            ==========================

a               = 0.402312         +/- 0.05556      (13.81%)
b               = 3.77689          +/- 0.0333       (0.8817%)


correlation matrix of the fit parameters:

               a      b      
a               1.000 
b              -0.653  1.000 


*******************************************************************************
Mon Sep 16 15:21:58 2013


FIT:    data read from 'k.txt' u 1:2
        #datapoints = 22
        residuals are weighted equally (unit weight)

function used for fitting: f(x)
fitted parameters initialized with current variable values



Iteration 0
WSSR        : 73.9925           delta(WSSR)/WSSR   : 0
delta(WSSR) : 0                 limit for stopping : 1e-05
lambda	  : 0.816497

initial set of free parameter values

a               = 1
b               = 1
c               = 1

After 4 iterations the fit converged.
final sum of squares of residuals : 0.127182
rel. change during last iteration : -2.60689e-10

degrees of freedom (ndf) : 19
rms of residuals      (stdfit) = sqrt(WSSR/ndf)      : 0.0818156
variance of residuals (reduced chisquare) = WSSR/ndf : 0.00669379

Final set of parameters            Asymptotic Standard Error
=======================            ==========================

a               = 0.129425         +/- 0.0689       (53.23%)
b               = -0.454257        +/- 0.09518      (20.95%)
c               = 4.21535          +/- 0.09472      (2.247%)


correlation matrix of the fit parameters:

               a      b      c      
a               1.000 
b               0.830  1.000 
c              -0.894 -0.970  1.000 


*******************************************************************************
Mon Sep 16 15:22:31 2013


FIT:    data read from 'k.txt' u 1:2
        #datapoints = 22
        residuals are weighted equally (unit weight)

function used for fitting: f(x)
fitted parameters initialized with current variable values



Iteration 0
WSSR        : 407.114           delta(WSSR)/WSSR   : 0
delta(WSSR) : 0                 limit for stopping : 1e-05
lambda	  : 0.905733

initial set of free parameter values

a               = 0.129425
b               = -0.454257

After 4 iterations the fit converged.
final sum of squares of residuals : 0.150802
rel. change during last iteration : -1.35242e-12

degrees of freedom (ndf) : 20
rms of residuals      (stdfit) = sqrt(WSSR/ndf)      : 0.0868337
variance of residuals (reduced chisquare) = WSSR/ndf : 0.00754009

Final set of parameters            Asymptotic Standard Error
=======================            ==========================

a               = -0.602638        +/- 0.05636      (9.352%)
b               = 4.37434          +/- 0.04511      (1.031%)


correlation matrix of the fit parameters:

               a      b      
a               1.000 
b              -0.912  1.000 


*******************************************************************************
Mon Sep 16 15:22:38 2013


FIT:    data read from 'k.txt' u 1:3
        #datapoints = 22
        residuals are weighted equally (unit weight)

function used for fitting: f(x)
fitted parameters initialized with current variable values



Iteration 0
WSSR        : 10.4007           delta(WSSR)/WSSR   : 0
delta(WSSR) : 0                 limit for stopping : 1e-05
lambda	  : 0.905733

initial set of free parameter values

a               = -0.602638
b               = 4.37434

After 4 iterations the fit converged.
final sum of squares of residuals : 0.309539
rel. change during last iteration : -3.71223e-14

degrees of freedom (ndf) : 20
rms of residuals      (stdfit) = sqrt(WSSR/ndf)      : 0.124406
variance of residuals (reduced chisquare) = WSSR/ndf : 0.015477

Final set of parameters            Asymptotic Standard Error
=======================            ==========================

a               = 0.376156         +/- 0.08075      (21.47%)
b               = 4.25597          +/- 0.06463      (1.519%)


correlation matrix of the fit parameters:

               a      b      
a               1.000 
b              -0.912  1.000 


*******************************************************************************
Mon Sep 16 15:23:22 2013


FIT:    data read from 'k.txt' u 1:3
        #datapoints = 22
        residuals are weighted equally (unit weight)

function used for fitting: f(x)
fitted parameters initialized with current variable values



Iteration 0
WSSR        : 29.2753           delta(WSSR)/WSSR   : 0
delta(WSSR) : 0                 limit for stopping : 1e-05
lambda	  : 2.84622

initial set of free parameter values

a               = 0.376156
b               = 4.25597

After 4 iterations the fit converged.
final sum of squares of residuals : 0.115387
rel. change during last iteration : -3.81621e-13

degrees of freedom (ndf) : 20
rms of residuals      (stdfit) = sqrt(WSSR/ndf)      : 0.0759563
variance of residuals (reduced chisquare) = WSSR/ndf : 0.00576937

Final set of parameters            Asymptotic Standard Error
=======================            ==========================

a               = 0.0836871        +/- 0.008731     (10.43%)
b               = 4.24353          +/- 0.03404      (0.8022%)


correlation matrix of the fit parameters:

               a      b      
a               1.000 
b              -0.880  1.000 


*******************************************************************************
Mon Sep 16 15:23:26 2013


FIT:    data read from 'k.txt' u 1:2
        #datapoints = 22
        residuals are weighted equally (unit weight)

function used for fitting: f(x)
fitted parameters initialized with current variable values



Iteration 0
WSSR        : 10.5243           delta(WSSR)/WSSR   : 0
delta(WSSR) : 0                 limit for stopping : 1e-05
lambda	  : 2.84622

initial set of free parameter values

a               = 0.0836871
b               = 4.24353

After 3 iterations the fit converged.
final sum of squares of residuals : 0.373437
rel. change during last iteration : -2.91947e-06

degrees of freedom (ndf) : 20
rms of residuals      (stdfit) = sqrt(WSSR/ndf)      : 0.136645
variance of residuals (reduced chisquare) = WSSR/ndf : 0.0186718

Final set of parameters            Asymptotic Standard Error
=======================            ==========================

a               = -0.0919192       +/- 0.01571      (17.09%)
b               = 4.2497           +/- 0.06124      (1.441%)


correlation matrix of the fit parameters:

               a      b      
a               1.000 
b              -0.880  1.000 


*******************************************************************************
Mon Sep 16 15:23:30 2013


FIT:    data read from 'k.txt' u 1:4
        #datapoints = 22
        residuals are weighted equally (unit weight)

function used for fitting: f(x)
fitted parameters initialized with current variable values



Iteration 0
WSSR        : 122.674           delta(WSSR)/WSSR   : 0
delta(WSSR) : 0                 limit for stopping : 1e-05
lambda	  : 2.84622

initial set of free parameter values

a               = -0.0919192
b               = 4.2497

After 4 iterations the fit converged.
final sum of squares of residuals : 0.468362
rel. change during last iteration : -2.93285e-10

degrees of freedom (ndf) : 20
rms of residuals      (stdfit) = sqrt(WSSR/ndf)      : 0.15303
variance of residuals (reduced chisquare) = WSSR/ndf : 0.0234181

Final set of parameters            Asymptotic Standard Error
=======================            ==========================

a               = -0.286571        +/- 0.01759      (6.139%)
b               = 7.24632          +/- 0.06859      (0.9465%)


correlation matrix of the fit parameters:

               a      b      
a               1.000 
b              -0.880  1.000 


*******************************************************************************
Mon Sep 16 15:23:39 2013


FIT:    data read from 'k.txt' u 1:4
        #datapoints = 22
        residuals are weighted equally (unit weight)

function used for fitting: f(x)
fitted parameters initialized with current variable values



Iteration 0
WSSR        : 24.8727           delta(WSSR)/WSSR   : 0
delta(WSSR) : 0                 limit for stopping : 1e-05
lambda	  : 0.787966

initial set of free parameter values

a               = -0.286571
b               = 7.24632

After 4 iterations the fit converged.
final sum of squares of residuals : 1.29593
rel. change during last iteration : -3.99223e-14

degrees of freedom (ndf) : 20
rms of residuals      (stdfit) = sqrt(WSSR/ndf)      : 0.254551
variance of residuals (reduced chisquare) = WSSR/ndf : 0.0647963

Final set of parameters            Asymptotic Standard Error
=======================            ==========================

a               = 1.87656          +/- 0.2058       (10.97%)
b               = 5.48468          +/- 0.1012       (1.845%)


correlation matrix of the fit parameters:

               a      b      
a               1.000 
b              -0.844  1.000 


*******************************************************************************
Mon Sep 16 15:24:10 2013


FIT:    data read from 'k.txt' u 1:4
        #datapoints = 22
        residuals are weighted equally (unit weight)

function used for fitting: f(x)
fitted parameters initialized with current variable values



Iteration 0
WSSR        : 1.79389e+10       delta(WSSR)/WSSR   : 0
delta(WSSR) : 0                 limit for stopping : 1e-05
lambda	  : 33485.2

initial set of free parameter values

a               = 1.87656
b               = 5.48468
c               = 4.21535

After 241 iterations the fit converged.
final sum of squares of residuals : 0.336464
rel. change during last iteration : -9.5406e-06

degrees of freedom (ndf) : 19
rms of residuals      (stdfit) = sqrt(WSSR/ndf)      : 0.133074
variance of residuals (reduced chisquare) = WSSR/ndf : 0.0177086

Final set of parameters            Asymptotic Standard Error
=======================            ==========================

a               = -1.17204         +/- 0.7397       (63.11%)
b               = 0.465301         +/- 0.1926       (41.4%)
c               = 8.26568          +/- 0.7927       (9.59%)


correlation matrix of the fit parameters:

               a      b      c      
a               1.000 
b               0.996  1.000 
c              -0.998 -0.990  1.000 


*******************************************************************************
Mon Sep 16 15:24:26 2013


FIT:    data read from 'k.txt' u 1:4
        #datapoints = 22
        residuals are weighted equally (unit weight)

function used for fitting: f(x)
fitted parameters initialized with current variable values



Iteration 0
WSSR        : 47.5212           delta(WSSR)/WSSR   : 0
delta(WSSR) : 0                 limit for stopping : 1e-05
lambda	  : 0.808001

initial set of free parameter values

a               = -1.17204
b               = 0.465301
c               = 8.26568

After 7 iterations the fit converged.
final sum of squares of residuals : 0.336192
rel. change during last iteration : -3.29904e-09

degrees of freedom (ndf) : 19
rms of residuals      (stdfit) = sqrt(WSSR/ndf)      : 0.13302
variance of residuals (reduced chisquare) = WSSR/ndf : 0.0176943

Final set of parameters            Asymptotic Standard Error
=======================            ==========================

a               = -1.17866         +/- 0.7415       (62.91%)
b               = -0.464681        +/- 0.1918       (41.28%)
c               = 8.27253          +/- 0.7944       (9.603%)


correlation matrix of the fit parameters:

               a      b      c      
a               1.000 
b              -0.996  1.000 
c              -0.998  0.990  1.000 


*******************************************************************************
Tue Sep 17 01:03:12 2013


FIT:    data read from 'k.txt' u 1:2
        #datapoints = 22
        residuals are weighted equally (unit weight)

function used for fitting: f(x)
fitted parameters initialized with current variable values



Iteration 0
WSSR        : 415.601           delta(WSSR)/WSSR   : 0
delta(WSSR) : 0                 limit for stopping : 1e-05
lambda	  : 1.11811

initial set of free parameter values

a               = 1
b               = 1

After 4 iterations the fit converged.
final sum of squares of residuals : 0.45515
rel. change during last iteration : -3.46495e-13

degrees of freedom (ndf) : 20
rms of residuals      (stdfit) = sqrt(WSSR/ndf)      : 0.150856
variance of residuals (reduced chisquare) = WSSR/ndf : 0.0227575

Final set of parameters            Asymptotic Standard Error
=======================            ==========================

a               = -0.882922        +/- 0.0533       (6.036%)
b               = 7.19977          +/- 0.06528      (0.9067%)


correlation matrix of the fit parameters:

               a      b      
a               1.000 
b              -0.870  1.000 


*******************************************************************************
Tue Sep 17 01:04:32 2013


FIT:    data read from 'k.txt' u 1:3
        #datapoints = 22
        residuals are weighted equally (unit weight)

function used for fitting: f(x)
fitted parameters initialized with current variable values



Iteration 0
WSSR        : 115.899           delta(WSSR)/WSSR   : 0
delta(WSSR) : 0                 limit for stopping : 1e-05
lambda	  : 1.11811

initial set of free parameter values

a               = -0.882922
b               = 7.19977

After 4 iterations the fit converged.
final sum of squares of residuals : 0.283801
rel. change during last iteration : -1.14817e-13

degrees of freedom (ndf) : 20
rms of residuals      (stdfit) = sqrt(WSSR/ndf)      : 0.119122
variance of residuals (reduced chisquare) = WSSR/ndf : 0.01419

Final set of parameters            Asymptotic Standard Error
=======================            ==========================

a               = -0.223562        +/- 0.04208      (18.82%)
b               = 4.23931          +/- 0.05155      (1.216%)


correlation matrix of the fit parameters:

               a      b      
a               1.000 
b              -0.870  1.000 


*******************************************************************************
Tue Sep 17 01:04:52 2013


FIT:    data read from 'k.txt' u 1:4
        #datapoints = 22
        residuals are weighted equally (unit weight)

function used for fitting: f(x)
fitted parameters initialized with current variable values



Iteration 0
WSSR        : 5.94455           delta(WSSR)/WSSR   : 0
delta(WSSR) : 0                 limit for stopping : 1e-05
lambda	  : 1.11811

initial set of free parameter values

a               = -0.223562
b               = 4.23931

After 3 iterations the fit converged.
final sum of squares of residuals : 0.147076
rel. change during last iteration : -7.7714e-07

degrees of freedom (ndf) : 20
rms of residuals      (stdfit) = sqrt(WSSR/ndf)      : 0.0857543
variance of residuals (reduced chisquare) = WSSR/ndf : 0.00735379

Final set of parameters            Asymptotic Standard Error
=======================            ==========================

a               = 0.152658         +/- 0.0303       (19.85%)
b               = 4.2987           +/- 0.03711      (0.8633%)


correlation matrix of the fit parameters:

               a      b      
a               1.000 
b              -0.870  1.000 


*******************************************************************************
Tue Sep 17 01:05:35 2013


FIT:    data read from 'k.txt' u 1:4
        #datapoints = 22
        residuals are weighted equally (unit weight)

function used for fitting: f(x)
fitted parameters initialized with current variable values



Iteration 0
WSSR        : 132.146           delta(WSSR)/WSSR   : 0
delta(WSSR) : 0                 limit for stopping : 1e-05
lambda	  : 1.11811

initial set of free parameter values

a               = 1
b               = 1

After 4 iterations the fit converged.
final sum of squares of residuals : 0.147076
rel. change during last iteration : -2.88358e-13

degrees of freedom (ndf) : 20
rms of residuals      (stdfit) = sqrt(WSSR/ndf)      : 0.0857543
variance of residuals (reduced chisquare) = WSSR/ndf : 0.00735379

Final set of parameters            Asymptotic Standard Error
=======================            ==========================

a               = 0.152658         +/- 0.0303       (19.85%)
b               = 4.2987           +/- 0.03711      (0.8633%)


correlation matrix of the fit parameters:

               a      b      
a               1.000 
b              -0.870  1.000 


*******************************************************************************
Tue Sep 17 01:06:29 2013


FIT:    data read from 'k.txt' u 1:4
        #datapoints = 22
        residuals are weighted equally (unit weight)

function used for fitting: f(x)
fitted parameters initialized with current variable values



Iteration 0
WSSR        : 0.939472          delta(WSSR)/WSSR   : 0
delta(WSSR) : 0                 limit for stopping : 1e-05
lambda	  : 0.824407

initial set of free parameter values

a               = 0.152658
b               = 4.2987

After 3 iterations the fit converged.
final sum of squares of residuals : 0.164932
rel. change during last iteration : -2.86234e-07

degrees of freedom (ndf) : 20
rms of residuals      (stdfit) = sqrt(WSSR/ndf)      : 0.0908108
variance of residuals (reduced chisquare) = WSSR/ndf : 0.0082466

Final set of parameters            Asymptotic Standard Error
=======================            ==========================

a               = -0.19307         +/- 0.04267      (22.1%)
b               = 4.53704          +/- 0.02558      (0.5637%)


correlation matrix of the fit parameters:

               a      b      
a               1.000 
b              -0.653  1.000 


*******************************************************************************
Tue Sep 17 01:06:42 2013


FIT:    data read from 'k.txt' u 1:4
        #datapoints = 22
        residuals are weighted equally (unit weight)

function used for fitting: f(x)
fitted parameters initialized with current variable values



Iteration 0
WSSR        : 0.739734          delta(WSSR)/WSSR   : 0
delta(WSSR) : 0                 limit for stopping : 1e-05
lambda	  : 0.905733

initial set of free parameter values

a               = -0.19307
b               = 4.53704

After 3 iterations the fit converged.
final sum of squares of residuals : 0.192505
rel. change during last iteration : -7.11053e-06

degrees of freedom (ndf) : 20
rms of residuals      (stdfit) = sqrt(WSSR/ndf)      : 0.0981082
variance of residuals (reduced chisquare) = WSSR/ndf : 0.00962523

Final set of parameters            Asymptotic Standard Error
=======================            ==========================

a               = 0.243973         +/- 0.06368      (26.1%)
b               = 4.28334          +/- 0.05097      (1.19%)


correlation matrix of the fit parameters:

               a      b      
a               1.000 
b              -0.912  1.000 


*******************************************************************************
Tue Sep 17 01:07:16 2013


FIT:    data read from 'k.txt' u 1:4
        #datapoints = 22
        residuals are weighted equally (unit weight)

function used for fitting: f(x)
fitted parameters initialized with current variable values



Iteration 0
WSSR        : 0.361692          delta(WSSR)/WSSR   : 0
delta(WSSR) : 0                 limit for stopping : 1e-05
lambda	  : 1.11811

initial set of free parameter values

a               = 0.243973
b               = 4.28334

After 3 iterations the fit converged.
final sum of squares of residuals : 0.147076
rel. change during last iteration : -1.04806e-07

degrees of freedom (ndf) : 20
rms of residuals      (stdfit) = sqrt(WSSR/ndf)      : 0.0857543
variance of residuals (reduced chisquare) = WSSR/ndf : 0.00735379

Final set of parameters            Asymptotic Standard Error
=======================            ==========================

a               = 0.152658         +/- 0.0303       (19.85%)
b               = 4.2987           +/- 0.03711      (0.8633%)


correlation matrix of the fit parameters:

               a      b      
a               1.000 
b              -0.870  1.000 


*******************************************************************************
Tue Sep 17 01:07:26 2013


FIT:    data read from 'k.txt' u 1:4
        #datapoints = 22
        residuals are weighted equally (unit weight)

function used for fitting: f(x)
fitted parameters initialized with current variable values



Iteration 0
WSSR        : 29.8793           delta(WSSR)/WSSR   : 0
delta(WSSR) : 0                 limit for stopping : 1e-05
lambda	  : 1.11811

initial set of free parameter values

a               = 2
b               = 2

After 4 iterations the fit converged.
final sum of squares of residuals : 0.147076
rel. change during last iteration : -2.58164e-13

degrees of freedom (ndf) : 20
rms of residuals      (stdfit) = sqrt(WSSR/ndf)      : 0.0857543
variance of residuals (reduced chisquare) = WSSR/ndf : 0.00735379

Final set of parameters            Asymptotic Standard Error
=======================            ==========================

a               = 0.152658         +/- 0.0303       (19.85%)
b               = 4.2987           +/- 0.03711      (0.8633%)


correlation matrix of the fit parameters:

               a      b      
a               1.000 
b              -0.870  1.000 


*******************************************************************************
Tue Sep 17 01:07:33 2013


FIT:    data read from 'k.txt' u 1:2
        #datapoints = 22
        residuals are weighted equally (unit weight)

function used for fitting: f(x)
fitted parameters initialized with current variable values



Iteration 0
WSSR        : 80.1079           delta(WSSR)/WSSR   : 0
delta(WSSR) : 0                 limit for stopping : 1e-05
lambda	  : 1.11811

initial set of free parameter values

a               = 0.152658
b               = 4.2987

After 4 iterations the fit converged.
final sum of squares of residuals : 0.45515
rel. change during last iteration : -8.25684e-14

degrees of freedom (ndf) : 20
rms of residuals      (stdfit) = sqrt(WSSR/ndf)      : 0.150856
variance of residuals (reduced chisquare) = WSSR/ndf : 0.0227575

Final set of parameters            Asymptotic Standard Error
=======================            ==========================

a               = -0.882922        +/- 0.0533       (6.036%)
b               = 7.19977          +/- 0.06528      (0.9067%)


correlation matrix of the fit parameters:

               a      b      
a               1.000 
b              -0.870  1.000 


*******************************************************************************
Tue Sep 17 01:07:39 2013


FIT:    data read from 'k.txt' u 1:3
        #datapoints = 22
        residuals are weighted equally (unit weight)

function used for fitting: f(x)
fitted parameters initialized with current variable values



Iteration 0
WSSR        : 115.899           delta(WSSR)/WSSR   : 0
delta(WSSR) : 0                 limit for stopping : 1e-05
lambda	  : 1.11811

initial set of free parameter values

a               = -0.882922
b               = 7.19977

After 4 iterations the fit converged.
final sum of squares of residuals : 0.283801
rel. change during last iteration : -1.15403e-13

degrees of freedom (ndf) : 20
rms of residuals      (stdfit) = sqrt(WSSR/ndf)      : 0.119122
variance of residuals (reduced chisquare) = WSSR/ndf : 0.01419

Final set of parameters            Asymptotic Standard Error
=======================            ==========================

a               = -0.223562        +/- 0.04208      (18.82%)
b               = 4.23931          +/- 0.05155      (1.216%)


correlation matrix of the fit parameters:

               a      b      
a               1.000 
b              -0.870  1.000 


*******************************************************************************
Tue Sep 17 01:09:35 2013


FIT:    data read from 'k.txt' u 1:2
        #datapoints = 22
        residuals are weighted equally (unit weight)

function used for fitting: f(x)
fitted parameters initialized with current variable values



Iteration 0
WSSR        : 116.071           delta(WSSR)/WSSR   : 0
delta(WSSR) : 0                 limit for stopping : 1e-05
lambda	  : 1.11811

initial set of free parameter values

a               = -0.223562
b               = 4.23931

After 4 iterations the fit converged.
final sum of squares of residuals : 0.45515
rel. change during last iteration : -6.98844e-14

degrees of freedom (ndf) : 20
rms of residuals      (stdfit) = sqrt(WSSR/ndf)      : 0.150856
variance of residuals (reduced chisquare) = WSSR/ndf : 0.0227575

Final set of parameters            Asymptotic Standard Error
=======================            ==========================

a               = -0.882922        +/- 0.0533       (6.036%)
b               = 7.19977          +/- 0.06528      (0.9067%)


correlation matrix of the fit parameters:

               a      b      
a               1.000 
b              -0.870  1.000 


*******************************************************************************
Tue Sep 17 01:10:08 2013


FIT:    data read from 'k.txt' u 1:3
        #datapoints = 22
        residuals are weighted equally (unit weight)

function used for fitting: f(x)
fitted parameters initialized with current variable values



Iteration 0
WSSR        : 115.899           delta(WSSR)/WSSR   : 0
delta(WSSR) : 0                 limit for stopping : 1e-05
lambda	  : 1.11811

initial set of free parameter values

a               = -0.882922
b               = 7.19977

After 4 iterations the fit converged.
final sum of squares of residuals : 0.283801
rel. change during last iteration : -1.12274e-13

degrees of freedom (ndf) : 20
rms of residuals      (stdfit) = sqrt(WSSR/ndf)      : 0.119122
variance of residuals (reduced chisquare) = WSSR/ndf : 0.01419

Final set of parameters            Asymptotic Standard Error
=======================            ==========================

a               = -0.223562        +/- 0.04208      (18.82%)
b               = 4.23931          +/- 0.05155      (1.216%)


correlation matrix of the fit parameters:

               a      b      
a               1.000 
b              -0.870  1.000 


*******************************************************************************
Tue Sep 17 01:10:28 2013


FIT:    data read from 'k.txt' u 1:4
        #datapoints = 22
        residuals are weighted equally (unit weight)

function used for fitting: f(x)
fitted parameters initialized with current variable values



Iteration 0
WSSR        : 5.94455           delta(WSSR)/WSSR   : 0
delta(WSSR) : 0                 limit for stopping : 1e-05
lambda	  : 1.11811

initial set of free parameter values

a               = -0.223562
b               = 4.23931

After 3 iterations the fit converged.
final sum of squares of residuals : 0.147076
rel. change during last iteration : -7.7714e-07

degrees of freedom (ndf) : 20
rms of residuals      (stdfit) = sqrt(WSSR/ndf)      : 0.0857543
variance of residuals (reduced chisquare) = WSSR/ndf : 0.00735379

Final set of parameters            Asymptotic Standard Error
=======================            ==========================

a               = 0.152658         +/- 0.0303       (19.85%)
b               = 4.2987           +/- 0.03711      (0.8633%)


correlation matrix of the fit parameters:

               a      b      
a               1.000 
b              -0.870  1.000 


*******************************************************************************
Tue Sep 17 01:31:30 2013


FIT:    data read from 'k.txt' u 1:3
        #datapoints = 22
        residuals are weighted equally (unit weight)

function used for fitting: f(x)
fitted parameters initialized with current variable values



Iteration 0
WSSR        : 6.08127           delta(WSSR)/WSSR   : 0
delta(WSSR) : 0                 limit for stopping : 1e-05
lambda	  : 1.11811

initial set of free parameter values

a               = 0.152658
b               = 4.2987

After 3 iterations the fit converged.
final sum of squares of residuals : 0.283801
rel. change during last iteration : -4.02742e-07

degrees of freedom (ndf) : 20
rms of residuals      (stdfit) = sqrt(WSSR/ndf)      : 0.119122
variance of residuals (reduced chisquare) = WSSR/ndf : 0.01419

Final set of parameters            Asymptotic Standard Error
=======================            ==========================

a               = -0.223562        +/- 0.04208      (18.82%)
b               = 4.23931          +/- 0.05155      (1.216%)


correlation matrix of the fit parameters:

               a      b      
a               1.000 
b              -0.870  1.000 


*******************************************************************************
Tue Sep 17 01:32:05 2013


FIT:    data read from 'k.txt' u 1:3
        #datapoints = 22
        residuals are weighted equally (unit weight)

function used for fitting: f(x)
fitted parameters initialized with current variable values



Iteration 0
WSSR        : 523.913           delta(WSSR)/WSSR   : 0
delta(WSSR) : 0                 limit for stopping : 1e-05
lambda	  : 1.44306

initial set of free parameter values

a               = 2
b               = 2
c               = 2

After 4 iterations the fit converged.
final sum of squares of residuals : 0.15382
rel. change during last iteration : -4.63638e-09

degrees of freedom (ndf) : 19
rms of residuals      (stdfit) = sqrt(WSSR/ndf)      : 0.0899767
variance of residuals (reduced chisquare) = WSSR/ndf : 0.00809582

Final set of parameters            Asymptotic Standard Error
=======================            ==========================

a               = 0.229583         +/- 0.0573       (24.96%)
b               = -0.671087        +/- 0.1161       (17.3%)
c               = 4.37188          +/- 0.05109      (1.169%)


correlation matrix of the fit parameters:

               a      b      c      
a               1.000 
b              -0.962  1.000 
c               0.648 -0.804  1.000 


*******************************************************************************
Tue Sep 17 01:32:16 2013


FIT:    data read from 'k.txt' u 1:2
        #datapoints = 22
        residuals are weighted equally (unit weight)

function used for fitting: f(x)
fitted parameters initialized with current variable values



Iteration 0
WSSR        : 116.427           delta(WSSR)/WSSR   : 0
delta(WSSR) : 0                 limit for stopping : 1e-05
lambda	  : 1.44306

initial set of free parameter values

a               = 0.229583
b               = -0.671087
c               = 4.37188

After 4 iterations the fit converged.
final sum of squares of residuals : 0.356618
rel. change during last iteration : -1.00135e-10

degrees of freedom (ndf) : 19
rms of residuals      (stdfit) = sqrt(WSSR/ndf)      : 0.137001
variance of residuals (reduced chisquare) = WSSR/ndf : 0.0187694

Final set of parameters            Asymptotic Standard Error
=======================            ==========================

a               = -0.19989         +/- 0.08724      (43.65%)
b               = -0.493277        +/- 0.1768       (35.84%)
c               = 7.08434          +/- 0.0778       (1.098%)


correlation matrix of the fit parameters:

               a      b      c      
a               1.000 
b              -0.962  1.000 
c               0.648 -0.804  1.000 


*******************************************************************************
Tue Sep 17 01:32:19 2013


FIT:    data read from 'k.txt' u 1:3
        #datapoints = 22
        residuals are weighted equally (unit weight)

function used for fitting: f(x)
fitted parameters initialized with current variable values



Iteration 0
WSSR        : 116.224           delta(WSSR)/WSSR   : 0
delta(WSSR) : 0                 limit for stopping : 1e-05
lambda	  : 1.44306

initial set of free parameter values

a               = -0.19989
b               = -0.493277
c               = 7.08434

After 4 iterations the fit converged.
final sum of squares of residuals : 0.15382
rel. change during last iteration : -2.32149e-10

degrees of freedom (ndf) : 19
rms of residuals      (stdfit) = sqrt(WSSR/ndf)      : 0.0899767
variance of residuals (reduced chisquare) = WSSR/ndf : 0.00809582

Final set of parameters            Asymptotic Standard Error
=======================            ==========================

a               = 0.229583         +/- 0.0573       (24.96%)
b               = -0.671087        +/- 0.1161       (17.3%)
c               = 4.37188          +/- 0.05109      (1.169%)


correlation matrix of the fit parameters:

               a      b      c      
a               1.000 
b              -0.962  1.000 
c               0.648 -0.804  1.000 


*******************************************************************************
Tue Sep 17 01:33:05 2013


FIT:    data read from 'k.txt' u 1:3
        #datapoints = 22
        residuals are weighted equally (unit weight)

function used for fitting: f(x)
fitted parameters initialized with current variable values



Iteration 0
WSSR        : 2862.5            delta(WSSR)/WSSR   : 0
delta(WSSR) : 0                 limit for stopping : 1e-05
lambda	  : 2.06995

initial set of free parameter values

a               = 2
b               = 2
c               = 2
d               = 2

After 4 iterations the fit converged.
final sum of squares of residuals : 0.10924
rel. change during last iteration : -7.20099e-09

degrees of freedom (ndf) : 18
rms of residuals      (stdfit) = sqrt(WSSR/ndf)      : 0.0779031
variance of residuals (reduced chisquare) = WSSR/ndf : 0.0060689

Final set of parameters            Asymptotic Standard Error
=======================            ==========================

a               = 0.254677         +/- 0.09397      (36.9%)
b               = -0.527258        +/- 0.2836       (53.79%)
c               = -0.0948214       +/- 0.2352       (248%)
d               = 4.30507          +/- 0.05064      (1.176%)


correlation matrix of the fit parameters:

               a      b      c      d      
a               1.000 
b              -0.985  1.000 
c               0.904 -0.962  1.000 
d              -0.487  0.578 -0.740  1.000 
