--------------------------------------------------------------------------
MPI_ABORT was invoked on rank 27 in communicator MPI_COMM_WORLD 
with errorcode 1.

NOTE: invoking MPI_ABORT causes Open MPI to kill all MPI processes.
You may or may not see output from other processes, depending on
exactly when Open MPI kills them.
--------------------------------------------------------------------------
forrtl: error (78): process killed (SIGTERM)
Image              PC                Routine            Line        Source             
libpthread.so.0    000000386B40B795  Unknown               Unknown  Unknown
libmlx4-rdmav2.so  00002AAAAAAC5A7B  Unknown               Unknown  Unknown
mca_btl_openib.so  00002AD8BCE6C380  Unknown               Unknown  Unknown
libmpi.so.1        00002AD8B87E5926  Unknown               Unknown  Unknown
libmpi.so.1        00002AD8B8718C14  Unknown               Unknown  Unknown
mca_coll_tuned.so  00002AD8BE35BE49  Unknown               Unknown  Unknown
mca_coll_tuned.so  00002AD8BE357B7C  Unknown               Unknown  Unknown
libmpi.so.1        00002AD8B8709E44  Unknown               Unknown  Unknown
libmpi.so.1        00002AD8B87099A9  Unknown               Unknown  Unknown
libmpi.so.1        00002AD8B8707203  Unknown               Unknown  Unknown
libmpi.so.1        00002AD8B872A4FD  Unknown               Unknown  Unknown
smeagol-1.2-coop   0000000001080BAD  Unknown               Unknown  Unknown
smeagol-1.2-coop   00000000010740AA  Unknown               Unknown  Unknown
smeagol-1.2-coop   0000000000C7D389  cdiag_                    227  cdiag.F
smeagol-1.2-coop   0000000000AD7DAD  pdosk_                    128  pdosk.F
smeagol-1.2-coop   0000000000ACE181  pdos_                     182  pdos.F
smeagol-1.2-coop   0000000000D32762  MAIN__                   3704  siesta.F
smeagol-1.2-coop   000000000043623C  Unknown               Unknown  Unknown
libc.so.6          000000386A81D994  Unknown               Unknown  Unknown
smeagol-1.2-coop   0000000000436149  Unknown               Unknown  Unknown
forrtl: error (78): process killed (SIGTERM)
Image              PC                Routine            Line        Source             
libpthread.so.0    000000386B4102D0  Unknown               Unknown  Unknown
mca_btl_openib.so  00002AF1C0BCE18E  Unknown               Unknown  Unknown
libmpi.so.1        00002AF1BC547926  Unknown               Unknown  Unknown
libmpi.so.1        00002AF1BC47AC14  Unknown               Unknown  Unknown
mca_coll_tuned.so  00002AF1C20BDE49  Unknown               Unknown  Unknown
mca_coll_tuned.so  00002AF1C20B9B7C  Unknown               Unknown  Unknown
libmpi.so.1        00002AF1BC46BE44  Unknown               Unknown  Unknown
libmpi.so.1        00002AF1BC46B9A9  Unknown               Unknown  Unknown
libmpi.so.1        00002AF1BC469203  Unknown               Unknown  Unknown
libmpi.so.1        00002AF1BC48C4FD  Unknown               Unknown  Unknown
smeagol-1.2-coop   0000000001080BAD  Unknown               Unknown  Unknown
smeagol-1.2-coop   00000000010740AA  Unknown               Unknown  Unknown
smeagol-1.2-coop   0000000000C7D389  cdiag_                    227  cdiag.F
smeagol-1.2-coop   0000000000AD7DAD  pdosk_                    128  pdosk.F
smeagol-1.2-coop   0000000000ACE181  pdos_                     182  pdos.F
smeagol-1.2-coop   0000000000D32762  MAIN__                   3704  siesta.F
smeagol-1.2-coop   000000000043623C  Unknown               Unknown  Unknown
libc.so.6          000000386A81D994  Unknown               Unknown  Unknown
smeagol-1.2-coop   0000000000436149  Unknown               Unknown  Unknown
forrtl: error (78): process killed (SIGTERM)
Image              PC                Routine            Line        Source             
libmlx4-rdmav2.so  00002AAAAAAC56A2  Unknown               Unknown  Unknown
libmlx4-rdmav2.so  00002AAAAAAC5AA6  Unknown               Unknown  Unknown
mca_btl_openib.so  00002B34B1D42380  Unknown               Unknown  Unknown
libmpi.so.1        00002B34AD6BB926  Unknown               Unknown  Unknown
libmpi.so.1        00002B34AD5EEC14  Unknown               Unknown  Unknown
mca_coll_tuned.so  00002B34B3231E49  Unknown               Unknown  Unknown
mca_coll_tuned.so  00002B34B322DB7C  Unknown               Unknown  Unknown
libmpi.so.1        00002B34AD5DFE44  Unknown               Unknown  Unknown
libmpi.so.1        00002B34AD5DF9A9  Unknown               Unknown  Unknown
libmpi.so.1        00002B34AD5DD203  Unknown               Unknown  Unknown
libmpi.so.1        00002B34AD6004FD  Unknown               Unknown  Unknown
smeagol-1.2-coop   0000000001080BAD  Unknown               Unknown  Unknown
smeagol-1.2-coop   00000000010740AA  Unknown               Unknown  Unknown
smeagol-1.2-coop   0000000000C7D389  cdiag_                    227  cdiag.F
smeagol-1.2-coop   0000000000AD7DAD  pdosk_                    128  pdosk.F
smeagol-1.2-coop   0000000000ACE181  pdos_                     182  pdos.F
smeagol-1.2-coop   0000000000D32762  MAIN__                   3704  siesta.F
smeagol-1.2-coop   000000000043623C  Unknown               Unknown  Unknown
libc.so.6          000000386A81D994  Unknown               Unknown  Unknown
smeagol-1.2-coop   0000000000436149  Unknown               Unknown  Unknown
forrtl: error (78): process killed (SIGTERM)
Image              PC                Routine            Line        Source             
libmlx4-rdmav2.so  00002AAAAAAC5A81  Unknown               Unknown  Unknown
mca_btl_openib.so  00002B13D9262380  Unknown               Unknown  Unknown
libmpi.so.1        00002B13D4BDB926  Unknown               Unknown  Unknown
libmpi.so.1        00002B13D4B0EC14  Unknown               Unknown  Unknown
mca_coll_tuned.so  00002B13DA751E49  Unknown               Unknown  Unknown
mca_coll_tuned.so  00002B13DA74DB7C  Unknown               Unknown  Unknown
libmpi.so.1        00002B13D4AFFE44  Unknown               Unknown  Unknown
libmpi.so.1        00002B13D4AFF9A9  Unknown               Unknown  Unknown
libmpi.so.1        00002B13D4AFD203  Unknown               Unknown  Unknown
libmpi.so.1        00002B13D4B204FD  Unknown               Unknown  Unknown
smeagol-1.2-coop   0000000001080BAD  Unknown               Unknown  Unknown
smeagol-1.2-coop   00000000010740AA  Unknown               Unknown  Unknown
smeagol-1.2-coop   0000000000C7D389  cdiag_                    227  cdiag.F
smeagol-1.2-coop   0000000000AD7DAD  pdosk_                    128  pdosk.F
smeagol-1.2-coop   0000000000ACE181  pdos_                     182  pdos.F
smeagol-1.2-coop   0000000000D32762  MAIN__                   3704  siesta.F
smeagol-1.2-coop   000000000043623C  Unknown               Unknown  Unknown
libc.so.6          000000386A81D994  Unknown               Unknown  Unknown
smeagol-1.2-coop   0000000000436149  Unknown               Unknown  Unknown
forrtl: error (78): process killed (SIGTERM)
Image              PC                Routine            Line        Source             
mca_btl_sm.so      00002ABC58FE07C0  Unknown               Unknown  Unknown
libmpi.so.1        00002ABC54529926  Unknown               Unknown  Unknown
libmpi.so.1        00002ABC5445CC14  Unknown               Unknown  Unknown
mca_coll_tuned.so  00002ABC5A09FE49  Unknown               Unknown  Unknown
mca_coll_tuned.so  00002ABC5A09BB7C  Unknown               Unknown  Unknown
libmpi.so.1        00002ABC5444DE44  Unknown               Unknown  Unknown
libmpi.so.1        00002ABC5444D9A9  Unknown               Unknown  Unknown
libmpi.so.1        00002ABC5444B203  Unknown               Unknown  Unknown
libmpi.so.1        00002ABC5446E4FD  Unknown               Unknown  Unknown
smeagol-1.2-coop   0000000001080BAD  Unknown               Unknown  Unknown
smeagol-1.2-coop   00000000010740AA  Unknown               Unknown  Unknown
smeagol-1.2-coop   0000000000C7D389  cdiag_                    227  cdiag.F
smeagol-1.2-coop   0000000000AD7DAD  pdosk_                    128  pdosk.F
smeagol-1.2-coop   0000000000ACE181  pdos_                     182  pdos.F
smeagol-1.2-coop   0000000000D32762  MAIN__                   3704  siesta.F
smeagol-1.2-coop   000000000043623C  Unknown               Unknown  Unknown
libc.so.6          000000386A81D994  Unknown               Unknown  Unknown
smeagol-1.2-coop   0000000000436149  Unknown               Unknown  Unknown
forrtl: error (78): process killed (SIGTERM)
Image              PC                Routine            Line        Source             
mca_btl_openib.so  00002B7746EE1249  Unknown               Unknown  Unknown
libmpi.so.1        00002B774285A926  Unknown               Unknown  Unknown
libmpi.so.1        00002B774278DC14  Unknown               Unknown  Unknown
mca_coll_tuned.so  00002B77483D0E49  Unknown               Unknown  Unknown
mca_coll_tuned.so  00002B77483CCB7C  Unknown               Unknown  Unknown
libmpi.so.1        00002B774277EE44  Unknown               Unknown  Unknown
libmpi.so.1        00002B774277E9A9  Unknown               Unknown  Unknown
libmpi.so.1        00002B774277C203  Unknown               Unknown  Unknown
libmpi.so.1        00002B774279F4FD  Unknown               Unknown  Unknown
smeagol-1.2-coop   0000000001080BAD  Unknown               Unknown  Unknown
smeagol-1.2-coop   00000000010740AA  Unknown               Unknown  Unknown
smeagol-1.2-coop   0000000000C7D389  cdiag_                    227  cdiag.F
smeagol-1.2-coop   0000000000AD7DAD  pdosk_                    128  pdosk.F
smeagol-1.2-coop   0000000000ACE181  pdos_                     182  pdos.F
smeagol-1.2-coop   0000000000D32762  MAIN__                   3704  siesta.F
smeagol-1.2-coop   000000000043623C  Unknown               Unknown  Unknown
libc.so.6          0000003D51E1D994  Unknown               Unknown  Unknown
smeagol-1.2-coop   0000000000436149  Unknown               Unknown  Unknown
forrtl: error (78): process killed (SIGTERM)
Image              PC                Routine            Line        Source             
libmpi.so.1        00002B5117EA38BB  Unknown               Unknown  Unknown
libmpi.so.1        00002B5117DD6C14  Unknown               Unknown  Unknown
mca_coll_tuned.so  00002B511DA19E49  Unknown               Unknown  Unknown
mca_coll_tuned.so  00002B511DA15B7C  Unknown               Unknown  Unknown
libmpi.so.1        00002B5117DC7E44  Unknown               Unknown  Unknown
libmpi.so.1        00002B5117DC79A9  Unknown               Unknown  Unknown
libmpi.so.1        00002B5117DC5203  Unknown               Unknown  Unknown
libmpi.so.1        00002B5117DE84FD  Unknown               Unknown  Unknown
smeagol-1.2-coop   0000000001080BAD  Unknown               Unknown  Unknown
smeagol-1.2-coop   00000000010740AA  Unknown               Unknown  Unknown
smeagol-1.2-coop   0000000000C7D389  cdiag_                    227  cdiag.F
smeagol-1.2-coop   0000000000AD7DAD  pdosk_                    128  pdosk.F
smeagol-1.2-coop   0000000000ACE181  pdos_                     182  pdos.F
smeagol-1.2-coop   0000000000D32762  MAIN__                   3704  siesta.F
smeagol-1.2-coop   000000000043623C  Unknown               Unknown  Unknown
libc.so.6          0000003D51E1D994  Unknown               Unknown  Unknown
smeagol-1.2-coop   0000000000436149  Unknown               Unknown  Unknown
forrtl: error (78): process killed (SIGTERM)
Image              PC                Routine            Line        Source             
libmpi.so.1        00002AB97B82C8BB  Unknown               Unknown  Unknown
libmpi.so.1        00002AB97B760156  Unknown               Unknown  Unknown
mca_coll_tuned.so  00002AB9813A814E  Unknown               Unknown  Unknown
mca_coll_tuned.so  00002AB9813A7B5F  Unknown               Unknown  Unknown
mca_coll_tuned.so  00002AB98139ED8D  Unknown               Unknown  Unknown
mca_coll_sync.so   00002AB98119662F  Unknown               Unknown  Unknown
libmpi.so.1        00002AB97B76ED51  Unknown               Unknown  Unknown
libmpi_f77.so.1    00002AB97B4EAF46  Unknown               Unknown  Unknown
smeagol-1.2-coop   0000000001062278  Unknown               Unknown  Unknown
smeagol-1.2-coop   0000000000ACDA90  pdos_                     133  pdos.F
smeagol-1.2-coop   0000000000D32762  MAIN__                   3704  siesta.F
smeagol-1.2-coop   000000000043623C  Unknown               Unknown  Unknown
libc.so.6          0000003D51E1D994  Unknown               Unknown  Unknown
smeagol-1.2-coop   0000000000436149  Unknown               Unknown  Unknown
forrtl: error (78): process killed (SIGTERM)
Image              PC                Routine            Line        Source             
libpthread.so.0    0000003D52A0B795  Unknown               Unknown  Unknown
libmlx4-rdmav2.so  00002AAAAAAC5A7B  Unknown               Unknown  Unknown
mca_btl_openib.so  00002B5386E74380  Unknown               Unknown  Unknown
libmpi.so.1        00002B53827ED926  Unknown               Unknown  Unknown
libmpi.so.1        00002B5382721156  Unknown               Unknown  Unknown
mca_coll_tuned.so  00002B538836914E  Unknown               Unknown  Unknown
mca_coll_tuned.so  00002B5388368B5F  Unknown               Unknown  Unknown
mca_coll_tuned.so  00002B538835FD8D  Unknown               Unknown  Unknown
mca_coll_sync.so   00002B538815762F  Unknown               Unknown  Unknown
libmpi.so.1        00002B538272FD51  Unknown               Unknown  Unknown
libmpi_f77.so.1    00002B53824ABF46  Unknown               Unknown  Unknown
smeagol-1.2-coop   0000000001062278  Unknown               Unknown  Unknown
smeagol-1.2-coop   0000000000ACDA90  pdos_                     133  pdos.F
smeagol-1.2-coop   0000000000D32762  MAIN__                   3704  siesta.F
smeagol-1.2-coop   000000000043623C  Unknown               Unknown  Unknown
libc.so.6          0000003D51E1D994  Unknown               Unknown  Unknown
smeagol-1.2-coop   0000000000436149  Unknown               Unknown  Unknown
forrtl: error (78): process killed (SIGTERM)
Image              PC                Routine            Line        Source             
mca_btl_openib.so  00002B6B6C561249  Unknown               Unknown  Unknown
libmpi.so.1        00002B6B67EDA926  Unknown               Unknown  Unknown
libmpi.so.1        00002B6B67E0DC14  Unknown               Unknown  Unknown
mca_coll_tuned.so  00002B6B6DA50E49  Unknown               Unknown  Unknown
mca_coll_tuned.so  00002B6B6DA4CB7C  Unknown               Unknown  Unknown
libmpi.so.1        00002B6B67DFEE44  Unknown               Unknown  Unknown
libmpi.so.1        00002B6B67DFE9A9  Unknown               Unknown  Unknown
libmpi.so.1        00002B6B67DFC203  Unknown               Unknown  Unknown
libmpi.so.1        00002B6B67E1F4FD  Unknown               Unknown  Unknown
smeagol-1.2-coop   0000000001080BAD  Unknown               Unknown  Unknown
smeagol-1.2-coop   00000000010740AA  Unknown               Unknown  Unknown
smeagol-1.2-coop   0000000000C7D389  cdiag_                    227  cdiag.F
smeagol-1.2-coop   0000000000AD7DAD  pdosk_                    128  pdosk.F
smeagol-1.2-coop   0000000000ACE181  pdos_                     182  pdos.F
smeagol-1.2-coop   0000000000D32762  MAIN__                   3704  siesta.F
smeagol-1.2-coop   000000000043623C  Unknown               Unknown  Unknown
libc.so.6          0000003DC261D994  Unknown               Unknown  Unknown
smeagol-1.2-coop   0000000000436149  Unknown               Unknown  Unknown
forrtl: error (78): process killed (SIGTERM)
Image              PC                Routine            Line        Source             
mca_btl_openib.so  00002B16C55263BF  Unknown               Unknown  Unknown
libmpi.so.1        00002B16C0E9F926  Unknown               Unknown  Unknown
libmpi.so.1        00002B16C0DD2C14  Unknown               Unknown  Unknown
mca_coll_tuned.so  00002B16C6A15E49  Unknown               Unknown  Unknown
mca_coll_tuned.so  00002B16C6A11B7C  Unknown               Unknown  Unknown
libmpi.so.1        00002B16C0DC3E44  Unknown               Unknown  Unknown
libmpi.so.1        00002B16C0DC39A9  Unknown               Unknown  Unknown
libmpi.so.1        00002B16C0DC1203  Unknown               Unknown  Unknown
libmpi.so.1        00002B16C0DE44FD  Unknown               Unknown  Unknown
smeagol-1.2-coop   0000000001080BAD  Unknown               Unknown  Unknown
smeagol-1.2-coop   00000000010740AA  Unknown               Unknown  Unknown
smeagol-1.2-coop   0000000000C7D389  cdiag_                    227  cdiag.F
smeagol-1.2-coop   0000000000AD7DAD  pdosk_                    128  pdosk.F
smeagol-1.2-coop   0000000000ACE181  pdos_                     182  pdos.F
smeagol-1.2-coop   0000000000D32762  MAIN__                   3704  siesta.F
smeagol-1.2-coop   000000000043623C  Unknown               Unknown  Unknown
libc.so.6          0000003DC261D994  Unknown               Unknown  Unknown
smeagol-1.2-coop   0000000000436149  Unknown               Unknown  Unknown
--------------------------------------------------------------------------
mpirun has exited due to process rank 6 with PID 6510 on
node parsons-n021.cluster exiting improperly. There are two reasons this could occur:

1. this process did not call "init" before exiting, but others in
the job did. This can cause a job to hang indefinitely while it waits
for all processes to call "init". By rule, if one process calls "init",
then ALL processes must call "init" prior to termination.

2. this process called "init", but exited without calling "finalize".
By rule, all processes that call "init" MUST call "finalize" prior to
exiting or it will be considered an "abnormal termination"

This may have caused other processes in the application to be
terminated by signals sent by mpirun (as reported here).
--------------------------------------------------------------------------
[parsons-n021.cluster:06488] 19 more processes have sent help message help-mpi-api.txt / mpi-abort
[parsons-n021.cluster:06488] Set MCA parameter "orte_base_help_aggregate" to 0 to see all help / error messages
Done.


###############################################################################
TCHPC Cluster: parsons
Job 35861 (coop-0.0) for User 'baim' in Account 'physics'
Finished at: Thu Dec 12 10:55:45 GMT 2013

Job completion status:
======================

       JobID    JobName      Account  Partition   NTasks  AllocCPUS  MaxVMSize    Elapsed      State ExitCode 
------------ ---------- ------------ ---------- -------- ---------- ---------- ---------- ---------- -------- 
35861          coop-0.0      physics    compute                  32              00:10:04    RUNNING      0:0 
35861.batch       batch      physics                   1          1          0   00:10:04    RUNNING      0:0 
35861.0           orted      physics                   3          3          0   00:10:01    RUNNING      0:0 


Job details:
============

JobId=35861 Name=coop-0.0
   UserId=baim(5349) GroupId=baim(9152)
   Priority=174662 Account=physics QOS=normal
   JobState=COMPLETING Reason=None Dependency=(null)
   Requeue=0 Restarts=0 BatchFlag=1 ExitCode=0:0
   DerivedExitCode=0:0
   RunTime=00:10:04 TimeLimit=06:00:00 TimeMin=N/A
   SubmitTime=2013-12-11T22:34:23 EligibleTime=2013-12-11T22:34:23
   StartTime=2013-12-12T10:45:41 EndTime=2013-12-12T10:55:45
   PreemptTime=None SuspendTime=None SecsPreSuspend=0
   Partition=compute AllocNode:Sid=parsons01:22702
   ReqNodeList=(null) ExcNodeList=(null)
   NodeList=parsons-n[021-024]
   BatchHost=parsons-n021
   NumNodes=4 NumCPUs=32 CPUs/Task=1 ReqS:C:T=*:*:*
     Nodes=parsons-n[021-024] CPU_IDs=0-7 Mem=15200
   MinCPUsNode=1 MinMemoryCPU=1900M MinTmpDiskNode=0
   Features=(null) Gres=(null) Reservation=(null)
   Shared=0 Contiguous=0 Licenses=(null) Network=(null)
   Command=/home/users/baim/workspace/MD/gold/3d/100/jp/spd/newbasis/bias/0.0/800/coop/dos/sie/dos.sh
   WorkDir=/home/users/baim/workspace/MD/gold/3d/100/jp/spd/newbasis/bias/0.0/800/coop/dos/sie


Disk quota details:
===================

Quota Type           Name  Filesystem     Usage in MB     Limit in MB    % Used
-------------------------------------------------------------------------------
USER                 baim       /home          39,091          51,200    76.35%
USER                 baim   /projects             188               0       N/A

GROUP         pi-ssanvito   /projects       6,017,367       6,291,456    95.64%


SLURM Bank Statement:
=====================

User           Usage |        Account     Usage | Account Limit Available (CPU hrs)
---------- --------- + -------------- --------- + ------------- ---------

aakande            0 |        PHYSICS         0 |             0         0
aflow              0 |        PHYSICS         0 |             0         0
amaury             0 |        PHYSICS         0 |             0         0
annap              0 |        PHYSICS         0 |             0         0
aurelien           0 |        PHYSICS         0 |             0         0
awadhesh           0 |        PHYSICS         0 |             0         0
baadji             0 |        PHYSICS         0 |             0         0
baim               0 |        PHYSICS         0 |             0         0
birenbay           0 |        PHYSICS         0 |             0         0
bulluk             0 |        PHYSICS         0 |             0         0
cathcart           0 |        PHYSICS         0 |             0         0
cmotta             0 |        PHYSICS         0 |             0         0
costelai           0 |        PHYSICS         0 |             0         0
cucinotta          0 |        PHYSICS         0 |             0         0
darach             0 |        PHYSICS         0 |             0         0
dasc               0 |        PHYSICS         0 |             0         0
ddisante           0 |        PHYSICS         0 |             0         0
drogheta           0 |        PHYSICS         0 |             0         0
dymkowk            0 |        PHYSICS         0 |             0         0
ederer             0 |        PHYSICS         0 |             0         0
edu                0 |        PHYSICS         0 |             0         0
fritschd           0 |        PHYSICS         0 |             0         0
hurleya            0 |        PHYSICS         0 |             0         0
jacopo             0 |        PHYSICS         0 |             0         0
kali               0 |        PHYSICS         0 |             0         0
kapildeb           0 |        PHYSICS         0 |             0         0
kovacikr           0 |        PHYSICS         0 |             0         0
kunlin             0 |        PHYSICS         0 |             0         0
llololl            0 |        PHYSICS         0 |             0         0
mantega            0 |        PHYSICS         0 |             0         0
maria              0 |        PHYSICS         0 |             0         0
mzic               0 |        PHYSICS         0 |             0         0
ncaffrey           0 |        PHYSICS         0 |             0         0
niekielf           0 |        PHYSICS         0 |             0         0
obodot             0 |        PHYSICS         0 |             0         0
ooto               0 |        PHYSICS         0 |             0         0
pereira            0 |        PHYSICS         0 |             0         0
pietro             0 |        PHYSICS         0 |             0         0
popovi             0 |        PHYSICS         0 |             0         0
raduisai           0 |        PHYSICS         0 |             0         0
raheleh            0 |        PHYSICS         0 |             0         0
rajarshi           0 |        PHYSICS         0 |             0         0
roychous           0 |        PHYSICS         0 |             0         0
runggeri           0 |        PHYSICS         0 |             0         0
sandipb            0 |        PHYSICS         0 |             0         0
sankar             0 |        PHYSICS         0 |             0         0
sarsari            0 |        PHYSICS         0 |             0         0
shuklag            0 |        PHYSICS         0 |             0         0
singhp             0 |        PHYSICS         0 |             0         0
ssanvito           0 |        PHYSICS         0 |             0         0
tiwaria            0 |        PHYSICS         0 |             0         0
tom00              0 |        PHYSICS         0 |             0         0
vermeulp           0 |        PHYSICS         0 |             0         0
xchen              0 |        PHYSICS         0 |             0         0
zrx                0 |        PHYSICS         0 |             0         0


Acknowledgements:
=================

Note that usage of TCHPC Resources *must* be acknowledged in all publications.

Please see this page for details relevant to this cluster:

http://www.tchpc.tcd.ie/resources/acknowledgementpolicy

################################################################################
