cpu-bind=MASK - cn1066, task  0  0 [41528]: mask 0xffffffffffffffff set
--------------------------------------------------------------------------
Open MPI failed an OFI Libfabric library call (fi_domain).  This is highly
unusual; your job may behave unpredictably (and/or abort) after this.

  Local host: cn1069
  Location: mtl_ofi_component.c:928
  Error: No data available (61)
--------------------------------------------------------------------------
[cn1066.scarf.rl.ac.uk:42526] 239 more processes have sent help message help-mtl-ofi.txt / OFI call fail
[cn1066.scarf.rl.ac.uk:42526] Set MCA parameter "orte_base_help_aggregate" to 0 to see all help / error messages
--------------------------------------------------------------------------
Open MPI failed an OFI Libfabric library call (fi_domain).  This is highly
unusual; your job may behave unpredictably (and/or abort) after this.

  Local host: cn1069
  Location: mtl_ofi_component.c:928
  Error: No data available (61)
--------------------------------------------------------------------------
[cn1066.scarf.rl.ac.uk:43273] 239 more processes have sent help message help-mtl-ofi.txt / OFI call fail
[cn1066.scarf.rl.ac.uk:43273] Set MCA parameter "orte_base_help_aggregate" to 0 to see all help / error messages
[1676917269.639330] [cn1067:59550:0]          mpool.c:43   UCX  WARN  object 0x6007b40 was not returned to mpool ucp_requests
[1676917269.642388] [cn1066:43345:0]          mpool.c:43   UCX  WARN  object 0xb700700 was not returned to mpool ucp_requests
[1676917269.642514] [cn1066:43341:0]          mpool.c:43   UCX  WARN  object 0xb33e400 was not returned to mpool ucp_requests
[1676917269.642501] [cn1066:43346:0]          mpool.c:43   UCX  WARN  object 0x5e65b80 was not returned to mpool ucp_requests
[1676917269.642512] [cn1066:43349:0]          mpool.c:43   UCX  WARN  object 0xa6fdcc0 was not returned to mpool ucp_requests
[1676917269.642546] [cn1066:43352:0]          mpool.c:43   UCX  WARN  object 0xab04e40 was not returned to mpool ucp_requests
[1676917269.642591] [cn1066:43359:0]          mpool.c:43   UCX  WARN  object 0xaf70200 was not returned to mpool ucp_requests
[1676917269.642604] [cn1066:43365:0]          mpool.c:43   UCX  WARN  object 0xabd4940 was not returned to mpool ucp_requests
[1676917269.642668] [cn1066:43357:0]          mpool.c:43   UCX  WARN  object 0xb9e5600 was not returned to mpool ucp_requests
[1676917269.642659] [cn1066:43362:0]          mpool.c:43   UCX  WARN  object 0xb7c3580 was not returned to mpool ucp_requests
[1676917269.642694] [cn1066:43369:0]          mpool.c:43   UCX  WARN  object 0xa961a80 was not returned to mpool ucp_requests
--------------------------------------------------------------------------
Open MPI failed an OFI Libfabric library call (fi_domain).  This is highly
unusual; your job may behave unpredictably (and/or abort) after this.

  Local host: cn1070
  Location: mtl_ofi_component.c:928
  Error: No data available (61)
--------------------------------------------------------------------------
[cn1066.scarf.rl.ac.uk:43890] 239 more processes have sent help message help-mtl-ofi.txt / OFI call fail
[cn1066.scarf.rl.ac.uk:43890] Set MCA parameter "orte_base_help_aggregate" to 0 to see all help / error messages
[1676917935.339344] [cn1067:60174:0]          mpool.c:43   UCX  WARN  object 0xa163a00 was not returned to mpool ucp_requests
[1676917935.342220] [cn1066:43973:0]          mpool.c:43   UCX  WARN  object 0x5f7c980 was not returned to mpool ucp_requests
[1676917935.342197] [cn1066:43975:0]          mpool.c:43   UCX  WARN  object 0xad69880 was not returned to mpool ucp_requests
[1676917935.342238] [cn1066:43977:0]          mpool.c:43   UCX  WARN  object 0xc1b84c0 was not returned to mpool ucp_requests
[1676917935.342266] [cn1066:43970:0]          mpool.c:43   UCX  WARN  object 0x6116740 was not returned to mpool ucp_requests
[1676917935.342299] [cn1066:43962:0]          mpool.c:43   UCX  WARN  object 0x500bf40 was not returned to mpool ucp_requests
[1676917935.342290] [cn1066:43968:0]          mpool.c:43   UCX  WARN  object 0xa9fd9c0 was not returned to mpool ucp_requests
[1676917935.342373] [cn1066:43966:0]          mpool.c:43   UCX  WARN  object 0xb4f25c0 was not returned to mpool ucp_requests
[1676917935.342374] [cn1066:43980:0]          mpool.c:43   UCX  WARN  object 0xa9c7d00 was not returned to mpool ucp_requests
[1676917935.342389] [cn1066:43984:0]          mpool.c:43   UCX  WARN  object 0x4df71c0 was not returned to mpool ucp_requests
[1676917935.344204] [cn1066:43958:0]          mpool.c:43   UCX  WARN  object 0x606b580 was not returned to mpool ucp_requests
cp: cannot stat ‘0V-VH_z-00.dat’: No such file or directory
cp: cannot stat ‘0V-VH_z-00.dat’: No such file or directory
cp: cannot stat ‘0V-RHO_z-00.dat’: No such file or directory
cp: cannot stat ‘0V-RHO_z-00.dat’: No such file or directory
