cpu-bind=MASK - cn1075, task  0  0 [43972]: mask 0xffffffffffffffff set
--------------------------------------------------------------------------
Open MPI failed an OFI Libfabric library call (fi_domain).  This is highly
unusual; your job may behave unpredictably (and/or abort) after this.

  Local host: cn1076
  Location: mtl_ofi_component.c:928
  Error: No data available (61)
--------------------------------------------------------------------------
[cn1075.scarf.rl.ac.uk:44990] 239 more processes have sent help message help-mtl-ofi.txt / OFI call fail
[cn1075.scarf.rl.ac.uk:44990] Set MCA parameter "orte_base_help_aggregate" to 0 to see all help / error messages
--------------------------------------------------------------------------
Open MPI failed an OFI Libfabric library call (fi_domain).  This is highly
unusual; your job may behave unpredictably (and/or abort) after this.

  Local host: cn1075
  Location: mtl_ofi_component.c:928
  Error: No data available (61)
--------------------------------------------------------------------------
[cn1075.scarf.rl.ac.uk:46031] 239 more processes have sent help message help-mtl-ofi.txt / OFI call fail
[cn1075.scarf.rl.ac.uk:46031] Set MCA parameter "orte_base_help_aggregate" to 0 to see all help / error messages
[1676929783.981473] [cn1076:37669:0]          mpool.c:43   UCX  WARN  object 0xaa080c0 was not returned to mpool ucp_requests
[1676929783.982691] [cn1075:46107:0]          mpool.c:43   UCX  WARN  object 0xbb843c0 was not returned to mpool ucp_requests
[1676929783.982730] [cn1075:46102:0]          mpool.c:43   UCX  WARN  object 0xb83bec0 was not returned to mpool ucp_requests
[1676929783.982746] [cn1075:46105:0]          mpool.c:43   UCX  WARN  object 0x55b5480 was not returned to mpool ucp_requests
[1676929783.982733] [cn1075:46100:0]          mpool.c:43   UCX  WARN  object 0x6cd0300 was not returned to mpool ucp_requests
[1676929783.982793] [cn1075:46114:0]          mpool.c:43   UCX  WARN  object 0xb311400 was not returned to mpool ucp_requests
[1676929783.982809] [cn1075:46121:0]          mpool.c:43   UCX  WARN  object 0x69f4080 was not returned to mpool ucp_requests
[1676929783.982861] [cn1075:46117:0]          mpool.c:43   UCX  WARN  object 0xb409100 was not returned to mpool ucp_requests
[1676929783.982848] [cn1075:46124:0]          mpool.c:43   UCX  WARN  object 0xb2f2080 was not returned to mpool ucp_requests
[1676929783.982873] [cn1075:46126:0]          mpool.c:43   UCX  WARN  object 0x6746880 was not returned to mpool ucp_requests
[1676929783.982901] [cn1075:46111:0]          mpool.c:43   UCX  WARN  object 0xbf56140 was not returned to mpool ucp_requests
--------------------------------------------------------------------------
Open MPI failed an OFI Libfabric library call (fi_domain).  This is highly
unusual; your job may behave unpredictably (and/or abort) after this.

  Local host: cn1079
  Location: mtl_ofi_component.c:928
  Error: No data available (61)
--------------------------------------------------------------------------
[cn1075.scarf.rl.ac.uk:46785] 239 more processes have sent help message help-mtl-ofi.txt / OFI call fail
[cn1075.scarf.rl.ac.uk:46785] Set MCA parameter "orte_base_help_aggregate" to 0 to see all help / error messages
[1676929824.705861] [cn1076:38292:0]          mpool.c:43   UCX  WARN  object 0x51e2dc0 was not returned to mpool ucp_requests
[1676929824.708263] [cn1075:46858:0]          mpool.c:43   UCX  WARN  object 0xc057840 was not returned to mpool ucp_requests
[1676929824.708272] [cn1075:46867:0]          mpool.c:43   UCX  WARN  object 0xb7293c0 was not returned to mpool ucp_requests
[1676929824.708257] [cn1075:46870:0]          mpool.c:43   UCX  WARN  object 0xa670f00 was not returned to mpool ucp_requests
[1676929824.708265] [cn1075:46852:0]          mpool.c:43   UCX  WARN  object 0xba0f640 was not returned to mpool ucp_requests
[1676929824.708270] [cn1075:46856:0]          mpool.c:43   UCX  WARN  object 0xbbb15c0 was not returned to mpool ucp_requests
[1676929824.708295] [cn1075:46861:0]          mpool.c:43   UCX  WARN  object 0xb190500 was not returned to mpool ucp_requests
[1676929824.708308] [cn1075:46865:0]          mpool.c:43   UCX  WARN  object 0xb441600 was not returned to mpool ucp_requests
[1676929824.708337] [cn1075:46873:0]          mpool.c:43   UCX  WARN  object 0xb6b7940 was not returned to mpool ucp_requests
[1676929824.708386] [cn1075:46877:0]          mpool.c:43   UCX  WARN  object 0xbd39980 was not returned to mpool ucp_requests
[1676929824.708402] [cn1075:46879:0]          mpool.c:43   UCX  WARN  object 0xb5f3d80 was not returned to mpool ucp_requests
cp: cannot stat ‘0V-VH_z-00.dat’: No such file or directory
cp: cannot stat ‘0V-VH_z-00.dat’: No such file or directory
cp: cannot stat ‘0V-RHO_z-00.dat’: No such file or directory
cp: cannot stat ‘0V-RHO_z-00.dat’: No such file or directory
