cpu-bind=MASK - cn1046, task  0  0 [52071]: mask 0xffffffffffffffff set
--------------------------------------------------------------------------
Open MPI failed an OFI Libfabric library call (fi_domain).  This is highly
unusual; your job may behave unpredictably (and/or abort) after this.

  Local host: cn1046
  Location: mtl_ofi_component.c:928
  Error: No data available (61)
--------------------------------------------------------------------------
[cn1046.scarf.rl.ac.uk:52108] 119 more processes have sent help message help-mtl-ofi.txt / OFI call fail
[cn1046.scarf.rl.ac.uk:52108] Set MCA parameter "orte_base_help_aggregate" to 0 to see all help / error messages
--------------------------------------------------------------------------
Open MPI failed an OFI Libfabric library call (fi_domain).  This is highly
unusual; your job may behave unpredictably (and/or abort) after this.

  Local host: cn1167
  Location: mtl_ofi_component.c:928
  Error: No data available (61)
--------------------------------------------------------------------------
[cn1046:52990] *** Process received signal ***
[cn1046:52990] Signal: Segmentation fault (11)
[cn1046:52990] Signal code: Address not mapped (1)
[cn1046:52990] Failing at address: 0x2b885bfffff0
[cn1046:52990] [ 0] /lib64/libpthread.so.0(+0xf630)[0x2b8858392630]
[cn1046:52990] [ 1] /lib64/libc.so.6(+0x14f66c)[0x2b88586ee66c]
[cn1046:52990] [ 2] /apps/eb/software/OpenMPI/4.1.1-GCC-10.3.0/lib/openmpi/mca_rml_oob.so(orte_rml_oob_send_buffer_nb+0x39a)[0x2b885927346a]
[cn1046:52990] [ 3] /apps20/sw/eb/software/OpenMPI/4.1.1-GCC-10.3.0/lib/libopen-rte.so.40(pmix_server_log_fn+0x330)[0x2b88576e42d0]
[cn1046:52990] [ 4] /apps/eb/software/OpenMPI/4.1.1-GCC-10.3.0/lib/openmpi/mca_pmix_ext3x.so(+0x15a8c)[0x2b8858a0ea8c]
[cn1046:52990] [ 5] /apps/eb/software/PMIx/3.2.3-GCCcore-10.3.0/lib/pmix/mca_plog_default.so(+0xdb0)[0x2b8858c3bdb0]
[cn1046:52990] [ 6] /apps20/sw/eb/software/PMIx/3.2.3-GCCcore-10.3.0/lib/libpmix.so.2(pmix_plog_base_log+0x4cf)[0x2b8858acb2bf]
[cn1046:52990] [ 7] /apps20/sw/eb/software/PMIx/3.2.3-GCCcore-10.3.0/lib/libpmix.so.2(pmix_server_log+0x53e)[0x2b8858a88a3e]
[cn1046:52990] [ 8] /apps20/sw/eb/software/PMIx/3.2.3-GCCcore-10.3.0/lib/libpmix.so.2(+0x5be6a)[0x2b8858a76e6a]
[cn1046:52990] [ 9] /apps20/sw/eb/software/PMIx/3.2.3-GCCcore-10.3.0/lib/libpmix.so.2(pmix_server_message_handler+0x42)[0x2b8858a773f2]
[cn1046:52990] [10] /apps20/sw/eb/software/PMIx/3.2.3-GCCcore-10.3.0/lib/libpmix.so.2(pmix_ptl_base_process_msg+0x1ab)[0x2b8858ad1c8b]
[cn1046:52990] [11] /apps20/sw/eb/software/libevent/2.1.12-GCCcore-10.3.0/lib/libevent_core-2.1.so.7(+0x1c6b0)[0x2b88580666b0]
[cn1046:52990] [12] /apps20/sw/eb/software/libevent/2.1.12-GCCcore-10.3.0/lib/libevent_core-2.1.so.7(event_base_loop+0x4a7)[0x2b8858066e07]
[cn1046:52990] [13] /apps20/sw/eb/software/PMIx/3.2.3-GCCcore-10.3.0/lib/libpmix.so.2(+0x7874e)[0x2b8858a9374e]
[cn1046:52990] [14] /lib64/libpthread.so.0(+0x7ea5)[0x2b885838aea5]
[cn1046:52990] [15] /lib64/libc.so.6(clone+0x6d)[0x2b885869db0d]
[cn1046:52990] *** End of error message ***
/var/spool/slurmd/job1691791/slurm_script: line 33: 52990 Segmentation fault      (core dumped) mpirun $cp2k -i 2_dft_wfn.inp -o log_2_dft_wfn.out
-2.6836858123E+000
--------------------------------------------------------------------------
Open MPI failed an OFI Libfabric library call (fi_domain).  This is highly
unusual; your job may behave unpredictably (and/or abort) after this.

  Local host: cn1046
  Location: mtl_ofi_component.c:928
  Error: No data available (61)
--------------------------------------------------------------------------
[cn1046.scarf.rl.ac.uk:53652] 119 more processes have sent help message help-mtl-ofi.txt / OFI call fail
[cn1046.scarf.rl.ac.uk:53652] Set MCA parameter "orte_base_help_aggregate" to 0 to see all help / error messages
-2.6836858123E+000
--------------------------------------------------------------------------
Open MPI failed an OFI Libfabric library call (fi_domain).  This is highly
unusual; your job may behave unpredictably (and/or abort) after this.

  Local host: cn1046
  Location: mtl_ofi_component.c:928
  Error: No data available (61)
--------------------------------------------------------------------------
[cn1046.scarf.rl.ac.uk:54798] 119 more processes have sent help message help-mtl-ofi.txt / OFI call fail
[cn1046.scarf.rl.ac.uk:54798] Set MCA parameter "orte_base_help_aggregate" to 0 to see all help / error messages
