
Lmod is automatically replacing "cce/15.0.0" with "gcc/11.2.0".


Lmod is automatically replacing "PrgEnv-cray/8.3.3" with "PrgEnv-gnu/8.3.3".


Due to MODULEPATH changes, the following have been reloaded:
  1) cray-mpich/8.1.23

Lmod has detected the following error: The following module(s) are unknown:
"cpe/21.09"

Please check the spelling or version number. Also try "module spider ..."
It is also possible your cache file is out-of-date; it may help to try:
  $ module --ignore-cache load "cpe/21.09"

Also make sure that all modulefiles written in TCL start with the string
#%Module



grep: bulk-VH_AV.dat: No such file or directory
srun: Job 4968970 step creation temporarily disabled, retrying (Requested nodes are busy)
srun: Step created for job 4968970
MPICH ERROR [Rank 0] [job id 4968970.1] [Tue Nov 28 14:17:55 2023] [nid001316] - Abort(1) (rank 0 in comm 0): application called MPI_Abort(MPI_COMM_WORLD, 1) - process 0

aborting job:
application called MPI_Abort(MPI_COMM_WORLD, 1) - process 0
srun: error: nid001316: task 0: Exited with exit code 255
srun: launch/slurm: _step_signal: Terminating StepId=4968970.1
slurmstepd: error: *** STEP 4968970.1 ON nid001316 CANCELLED AT 2023-11-28T14:17:55 ***
srun: error: nid001316: tasks 1-63: Terminated
srun: Force Terminated StepId=4968970.1
1
MPICH ERROR [Rank 0] [job id 4968970.2] [Tue Nov 28 14:17:57 2023] [nid001316] - Abort(1) (rank 0 in comm 0): application called MPI_Abort(MPI_COMM_WORLD, 1) - process 0

aborting job:
application called MPI_Abort(MPI_COMM_WORLD, 1) - process 0
srun: error: nid001316: task 0: Exited with exit code 255
srun: launch/slurm: _step_signal: Terminating StepId=4968970.2
slurmstepd: error: *** STEP 4968970.2 ON nid001316 CANCELLED AT 2023-11-28T14:17:58 ***
srun: error: nid001316: tasks 1-63: Terminated
srun: Force Terminated StepId=4968970.2
