cpu-bind=MASK - cn1084, task  0  0 [11527]: mask 0xffffffffffffffff set
-1.0999095290E+001
--------------------------------------------------------------------------
Open MPI failed an OFI Libfabric library call (fi_domain).  This is highly
unusual; your job may behave unpredictably (and/or abort) after this.

  Local host: cn1089
  Location: mtl_ofi_component.c:928
  Error: No data available (61)
--------------------------------------------------------------------------
[cn1084.scarf.rl.ac.uk:12523] 239 more processes have sent help message help-mtl-ofi.txt / OFI call fail
[cn1084.scarf.rl.ac.uk:12523] Set MCA parameter "orte_base_help_aggregate" to 0 to see all help / error messages
[1679308188.868871] [cn1084:12578:0]          mpool.c:43   UCX  WARN  object 0xbb04e40 was not returned to mpool ucp_requests
[1679308188.868949] [cn1084:12576:0]          mpool.c:43   UCX  WARN  object 0x682a000 was not returned to mpool ucp_requests
[1679308188.868981] [cn1084:12577:0]          mpool.c:43   UCX  WARN  object 0xaa66740 was not returned to mpool ucp_requests
[1679308188.871046] [cn1084:12572:0]          mpool.c:43   UCX  WARN  object 0xa813d40 was not returned to mpool ucp_requests
[1679308188.871034] [cn1084:12573:0]          mpool.c:43   UCX  WARN  object 0xabfb8c0 was not returned to mpool ucp_requests
[1679308188.871034] [cn1084:12574:0]          mpool.c:43   UCX  WARN  object 0xb83a540 was not returned to mpool ucp_requests
[1679308188.871036] [cn1084:12575:0]          mpool.c:43   UCX  WARN  object 0x6b32c80 was not returned to mpool ucp_requests
[1679308188.871084] [cn1084:12569:0]          mpool.c:43   UCX  WARN  object 0x67cdc00 was not returned to mpool ucp_requests
[1679308188.871059] [cn1084:12570:0]          mpool.c:43   UCX  WARN  object 0xabeac00 was not returned to mpool ucp_requests
[1679308188.871098] [cn1084:12571:0]          mpool.c:43   UCX  WARN  object 0xadb2100 was not returned to mpool ucp_requests
cp: cannot stat ‘0V-VH_z-0034.dat’: No such file or directory
cp: cannot stat ‘0V-VH_z-0034.dat’: No such file or directory
cp: cannot stat ‘0V-RHO_z-0034.dat’: No such file or directory
cp: cannot stat ‘0V-RHO_z-0034.dat’: No such file or directory
