cpu-bind=MASK - cn1092, task  0  0 [644]: mask 0xffffffffffffffff set
-1.0999095290E+001
--------------------------------------------------------------------------
Open MPI failed an OFI Libfabric library call (fi_domain).  This is highly
unusual; your job may behave unpredictably (and/or abort) after this.

  Local host: cn1096
  Location: mtl_ofi_component.c:928
  Error: No data available (61)
--------------------------------------------------------------------------
[cn1092.scarf.rl.ac.uk:01941] 239 more processes have sent help message help-mtl-ofi.txt / OFI call fail
[cn1092.scarf.rl.ac.uk:01941] Set MCA parameter "orte_base_help_aggregate" to 0 to see all help / error messages
[1679308524.014445] [cn1092:2003 :0]          mpool.c:43   UCX  WARN  object 0xb26cf00 was not returned to mpool ucp_requests
[1679308524.014470] [cn1092:2005 :0]          mpool.c:43   UCX  WARN  object 0xa5f1700 was not returned to mpool ucp_requests
[1679308524.014477] [cn1092:2004 :0]          mpool.c:43   UCX  WARN  object 0xb2cf140 was not returned to mpool ucp_requests
[1679308524.016413] [cn1092:1994 :0]          mpool.c:43   UCX  WARN  object 0x650bdc0 was not returned to mpool ucp_requests
[1679308524.016457] [cn1092:1995 :0]          mpool.c:43   UCX  WARN  object 0xb767640 was not returned to mpool ucp_requests
[1679308524.016391] [cn1092:1997 :0]          mpool.c:43   UCX  WARN  object 0xafa7400 was not returned to mpool ucp_requests
[1679308524.016445] [cn1092:1998 :0]          mpool.c:43   UCX  WARN  object 0x59aa740 was not returned to mpool ucp_requests
[1679308524.016307] [cn1092:1999 :0]          mpool.c:43   UCX  WARN  object 0x53daa40 was not returned to mpool ucp_requests
[1679308524.016389] [cn1092:2000 :0]          mpool.c:43   UCX  WARN  object 0xbf8df40 was not returned to mpool ucp_requests
[1679308524.016406] [cn1092:2002 :0]          mpool.c:43   UCX  WARN  object 0x54e7b80 was not returned to mpool ucp_requests
cp: cannot stat ‘0V-VH_z-00.dat’: No such file or directory
cp: cannot stat ‘0V-VH_z-00.dat’: No such file or directory
cp: cannot stat ‘0V-RHO_z-00.dat’: No such file or directory
cp: cannot stat ‘0V-RHO_z-00.dat’: No such file or directory
