cpu-bind=MASK - cn1066, task  0  0 [20125]: mask 0xffffffffffffffff set
--------------------------------------------------------------------------
Open MPI failed an OFI Libfabric library call (fi_domain).  This is highly
unusual; your job may behave unpredictably (and/or abort) after this.

  Local host: cn1068
  Location: mtl_ofi_component.c:928
  Error: No data available (61)
--------------------------------------------------------------------------
[cn1066.scarf.rl.ac.uk:21134] [[35369,0],0] ORTE_ERROR_LOG: Data unpack would read past end of buffer in file util/show_help.c at line 507
[cn1066.scarf.rl.ac.uk:21134] [[35369,0],0] ORTE_ERROR_LOG: Data unpack would read past end of buffer in file util/show_help.c at line 513
[cn1066.scarf.rl.ac.uk:21134] [[35369,0],0] ORTE_ERROR_LOG: Data unpack would read past end of buffer in file util/show_help.c at line 513
[cn1066.scarf.rl.ac.uk:21134] 236 more processes have sent help message help-mtl-ofi.txt / OFI call fail
[cn1066.scarf.rl.ac.uk:21134] Set MCA parameter "orte_base_help_aggregate" to 0 to see all help / error messages
--------------------------------------------------------------------------
Open MPI failed an OFI Libfabric library call (fi_domain).  This is highly
unusual; your job may behave unpredictably (and/or abort) after this.

  Local host: cn1072
  Location: mtl_ofi_component.c:928
  Error: No data available (61)
--------------------------------------------------------------------------
[cn1066.scarf.rl.ac.uk:21839] 239 more processes have sent help message help-mtl-ofi.txt / OFI call fail
[cn1066.scarf.rl.ac.uk:21839] Set MCA parameter "orte_base_help_aggregate" to 0 to see all help / error messages
[1676909257.799065] [cn1066:21920:0]          mpool.c:43   UCX  WARN  object 0x5eb8880 was not returned to mpool ucp_requests
[1676909257.799142] [cn1066:21933:0]          mpool.c:43   UCX  WARN  object 0x581ad00 was not returned to mpool ucp_requests
[1676909257.799209] [cn1066:21907:0]          mpool.c:43   UCX  WARN  object 0x4e7c9c0 was not returned to mpool ucp_requests
[1676909257.799207] [cn1066:21912:0]          mpool.c:43   UCX  WARN  object 0xbf015c0 was not returned to mpool ucp_requests
[1676909257.799215] [cn1066:21925:0]          mpool.c:43   UCX  WARN  object 0xb725240 was not returned to mpool ucp_requests
[1676909257.799208] [cn1066:21934:0]          mpool.c:43   UCX  WARN  object 0xbd75800 was not returned to mpool ucp_requests
[1676909257.799328] [cn1066:21930:0]          mpool.c:43   UCX  WARN  object 0xc1fe400 was not returned to mpool ucp_requests
[1676909257.799325] [cn1066:21909:0]          mpool.c:43   UCX  WARN  object 0xadfb880 was not returned to mpool ucp_requests
[1676909257.796320] [cn1067:39747:0]          mpool.c:43   UCX  WARN  object 0xa82a1c0 was not returned to mpool ucp_requests
[1676909257.799353] [cn1066:21915:0]          mpool.c:43   UCX  WARN  object 0xa8a6a80 was not returned to mpool ucp_requests
[1676909257.799356] [cn1066:21922:0]          mpool.c:43   UCX  WARN  object 0xbaa6280 was not returned to mpool ucp_requests
[1676909257.796349] [cn1067:39751:0]          mpool.c:43   UCX  WARN  object 0xbab1100 was not returned to mpool ucp_requests
[1676909257.796334] [cn1067:39753:0]          mpool.c:43   UCX  WARN  object 0xa7e8940 was not returned to mpool ucp_requests
[1676909257.796494] [cn1067:39742:0]          mpool.c:43   UCX  WARN  object 0xae11080 was not returned to mpool ucp_requests
[1676909257.796501] [cn1067:39757:0]          mpool.c:43   UCX  WARN  object 0x5ab4580 was not returned to mpool ucp_requests
[1676909257.796512] [cn1067:39738:0]          mpool.c:43   UCX  WARN  object 0xab075c0 was not returned to mpool ucp_requests
[1676909257.796523] [cn1067:39741:0]          mpool.c:43   UCX  WARN  object 0xb4ebbc0 was not returned to mpool ucp_requests
[1676909257.796508] [cn1067:39745:0]          mpool.c:43   UCX  WARN  object 0xbe30300 was not returned to mpool ucp_requests
[1676909257.796545] [cn1067:39760:0]          mpool.c:43   UCX  WARN  object 0xb608840 was not returned to mpool ucp_requests
[1676909257.796549] [cn1067:39764:0]          mpool.c:43   UCX  WARN  object 0xb089640 was not returned to mpool ucp_requests
--------------------------------------------------------------------------
Open MPI failed an OFI Libfabric library call (fi_domain).  This is highly
unusual; your job may behave unpredictably (and/or abort) after this.

  Local host: cn1066
  Location: mtl_ofi_component.c:928
  Error: No data available (61)
--------------------------------------------------------------------------
[cn1066.scarf.rl.ac.uk:22435] 239 more processes have sent help message help-mtl-ofi.txt / OFI call fail
[cn1066.scarf.rl.ac.uk:22435] Set MCA parameter "orte_base_help_aggregate" to 0 to see all help / error messages
[1676910677.442107] [cn1066:22517:0]          mpool.c:43   UCX  WARN  object 0xb1a3800 was not returned to mpool ucp_requests
[1676910677.442095] [cn1066:22521:0]          mpool.c:43   UCX  WARN  object 0x692c240 was not returned to mpool ucp_requests
[1676910677.442146] [cn1066:22509:0]          mpool.c:43   UCX  WARN  object 0xc17dc40 was not returned to mpool ucp_requests
[1676910677.442163] [cn1066:22510:0]          mpool.c:43   UCX  WARN  object 0xa756140 was not returned to mpool ucp_requests
[1676910677.442680] [cn1066:22531:0]          mpool.c:43   UCX  WARN  object 0xa72c240 was not returned to mpool ucp_requests
[1676910677.442740] [cn1066:22534:0]          mpool.c:43   UCX  WARN  object 0xbbb67c0 was not returned to mpool ucp_requests
[1676910677.442504] [cn1066:22505:0]          mpool.c:43   UCX  WARN  object 0xb28a1c0 was not returned to mpool ucp_requests
[1676910677.442211] [cn1066:22514:0]          mpool.c:43   UCX  WARN  object 0xa6ca740 was not returned to mpool ucp_requests
[1676910677.442200] [cn1066:22523:0]          mpool.c:43   UCX  WARN  object 0xb482b80 was not returned to mpool ucp_requests
[1676910677.442665] [cn1066:22527:0]          mpool.c:43   UCX  WARN  object 0xb49f840 was not returned to mpool ucp_requests
[1676910677.441642] [cn1067:40351:0]          mpool.c:43   UCX  WARN  object 0x6939ac0 was not returned to mpool ucp_requests
[1676910677.441732] [cn1067:40355:0]          mpool.c:43   UCX  WARN  object 0x5043800 was not returned to mpool ucp_requests
[1676910677.441757] [cn1067:40357:0]          mpool.c:43   UCX  WARN  object 0x6345180 was not returned to mpool ucp_requests
[1676910677.441818] [cn1067:40349:0]          mpool.c:43   UCX  WARN  object 0xa71cec0 was not returned to mpool ucp_requests
[1676910677.441912] [cn1067:40374:0]          mpool.c:43   UCX  WARN  object 0xb26d100 was not returned to mpool ucp_requests
[1676910677.441894] [cn1067:40367:0]          mpool.c:43   UCX  WARN  object 0xaae8080 was not returned to mpool ucp_requests
[1676910677.441945] [cn1067:40346:0]          mpool.c:43   UCX  WARN  object 0x5c63800 was not returned to mpool ucp_requests
[1676910677.441967] [cn1067:40361:0]          mpool.c:43   UCX  WARN  object 0x5fb9240 was not returned to mpool ucp_requests
[1676910677.441931] [cn1067:40365:0]          mpool.c:43   UCX  WARN  object 0xbd296c0 was not returned to mpool ucp_requests
[1676910677.441940] [cn1067:40371:0]          mpool.c:43   UCX  WARN  object 0x5c37080 was not returned to mpool ucp_requests
cp: cannot stat ‘0V-VH_z-0060.dat’: No such file or directory
cp: cannot stat ‘0V-VH_z-0060.dat’: No such file or directory
cp: cannot stat ‘0V-RHO_z-0060.dat’: No such file or directory
cp: cannot stat ‘0V-RHO_z-0060.dat’: No such file or directory
