cpu-bind=MASK - cn1066, task  0  0 [16868]: mask 0xffffffffffffffff set
--------------------------------------------------------------------------
Open MPI failed an OFI Libfabric library call (fi_domain).  This is highly
unusual; your job may behave unpredictably (and/or abort) after this.

  Local host: cn1071
  Location: mtl_ofi_component.c:928
  Error: No data available (61)
--------------------------------------------------------------------------
[cn1066.scarf.rl.ac.uk:17879] 239 more processes have sent help message help-mtl-ofi.txt / OFI call fail
[cn1066.scarf.rl.ac.uk:17879] Set MCA parameter "orte_base_help_aggregate" to 0 to see all help / error messages
--------------------------------------------------------------------------
Open MPI failed an OFI Libfabric library call (fi_domain).  This is highly
unusual; your job may behave unpredictably (and/or abort) after this.

  Local host: cn1067
  Location: mtl_ofi_component.c:928
  Error: No data available (61)
--------------------------------------------------------------------------
[cn1066.scarf.rl.ac.uk:18612] 239 more processes have sent help message help-mtl-ofi.txt / OFI call fail
[cn1066.scarf.rl.ac.uk:18612] Set MCA parameter "orte_base_help_aggregate" to 0 to see all help / error messages
[1676930269.191979] [cn1067:31246:0]          mpool.c:43   UCX  WARN  object 0x5963a40 was not returned to mpool ucp_requests
[1676930269.191614] [cn1066:18682:0]          mpool.c:43   UCX  WARN  object 0x5f51100 was not returned to mpool ucp_requests
[1676930269.191634] [cn1066:18685:0]          mpool.c:43   UCX  WARN  object 0x4eac200 was not returned to mpool ucp_requests
[1676930269.191640] [cn1066:18693:0]          mpool.c:43   UCX  WARN  object 0xbb0bac0 was not returned to mpool ucp_requests
[1676930269.191679] [cn1066:18691:0]          mpool.c:43   UCX  WARN  object 0xb586fc0 was not returned to mpool ucp_requests
[1676930269.191695] [cn1066:18697:0]          mpool.c:43   UCX  WARN  object 0xb095cc0 was not returned to mpool ucp_requests
[1676930269.191696] [cn1066:18686:0]          mpool.c:43   UCX  WARN  object 0xaa30180 was not returned to mpool ucp_requests
[1676930269.191777] [cn1066:18703:0]          mpool.c:43   UCX  WARN  object 0xbf93a00 was not returned to mpool ucp_requests
[1676930269.191808] [cn1066:18707:0]          mpool.c:43   UCX  WARN  object 0xa982c00 was not returned to mpool ucp_requests
[1676930269.191826] [cn1066:18698:0]          mpool.c:43   UCX  WARN  object 0xbf5c840 was not returned to mpool ucp_requests
[1676930269.191856] [cn1066:18710:0]          mpool.c:43   UCX  WARN  object 0xa912e40 was not returned to mpool ucp_requests
--------------------------------------------------------------------------
Open MPI failed an OFI Libfabric library call (fi_domain).  This is highly
unusual; your job may behave unpredictably (and/or abort) after this.

  Local host: cn1071
  Location: mtl_ofi_component.c:928
  Error: No data available (61)
--------------------------------------------------------------------------
[cn1066.scarf.rl.ac.uk:19231] 239 more processes have sent help message help-mtl-ofi.txt / OFI call fail
[cn1066.scarf.rl.ac.uk:19231] Set MCA parameter "orte_base_help_aggregate" to 0 to see all help / error messages
[1676930649.131296] [cn1067:31868:0]          mpool.c:43   UCX  WARN  object 0xaa71800 was not returned to mpool ucp_requests
[1676930649.131966] [cn1066:19309:0]          mpool.c:43   UCX  WARN  object 0xbe5ad80 was not returned to mpool ucp_requests
[1676930649.131948] [cn1066:19312:0]          mpool.c:43   UCX  WARN  object 0x6504a80 was not returned to mpool ucp_requests
[1676930649.131975] [cn1066:19317:0]          mpool.c:43   UCX  WARN  object 0xc00c3c0 was not returned to mpool ucp_requests
[1676930649.131994] [cn1066:19297:0]          mpool.c:43   UCX  WARN  object 0x6dbcd40 was not returned to mpool ucp_requests
[1676930649.131980] [cn1066:19301:0]          mpool.c:43   UCX  WARN  object 0xa509dc0 was not returned to mpool ucp_requests
[1676930649.132000] [cn1066:19303:0]          mpool.c:43   UCX  WARN  object 0xa666ac0 was not returned to mpool ucp_requests
[1676930649.131998] [cn1066:19306:0]          mpool.c:43   UCX  WARN  object 0xaeab280 was not returned to mpool ucp_requests
[1676930649.131990] [cn1066:19314:0]          mpool.c:43   UCX  WARN  object 0xb0ddf80 was not returned to mpool ucp_requests
[1676930649.132066] [cn1066:19322:0]          mpool.c:43   UCX  WARN  object 0xba38a40 was not returned to mpool ucp_requests
[1676930649.132070] [cn1066:19324:0]          mpool.c:43   UCX  WARN  object 0xbad3500 was not returned to mpool ucp_requests
cp: cannot stat ‘0V-VH_z-0050.dat’: No such file or directory
cp: cannot stat ‘0V-VH_z-0050.dat’: No such file or directory
cp: cannot stat ‘0V-RHO_z-0050.dat’: No such file or directory
cp: cannot stat ‘0V-RHO_z-0050.dat’: No such file or directory
