cpu-bind=MASK - cn1140, task  0  0 [39845]: mask 0xffffffffffffffff set
--------------------------------------------------------------------------
Open MPI failed an OFI Libfabric library call (fi_domain).  This is highly
unusual; your job may behave unpredictably (and/or abort) after this.

  Local host: cn1165
  Location: mtl_ofi_component.c:928
  Error: No data available (61)
--------------------------------------------------------------------------
[cn1140.scarf.rl.ac.uk:40862] 239 more processes have sent help message help-mtl-ofi.txt / OFI call fail
[cn1140.scarf.rl.ac.uk:40862] Set MCA parameter "orte_base_help_aggregate" to 0 to see all help / error messages
--------------------------------------------------------------------------
Open MPI failed an OFI Libfabric library call (fi_domain).  This is highly
unusual; your job may behave unpredictably (and/or abort) after this.

  Local host: cn1145
  Location: mtl_ofi_component.c:928
  Error: No data available (61)
--------------------------------------------------------------------------
[cn1140.scarf.rl.ac.uk:41606] 239 more processes have sent help message help-mtl-ofi.txt / OFI call fail
[cn1140.scarf.rl.ac.uk:41606] Set MCA parameter "orte_base_help_aggregate" to 0 to see all help / error messages
[1676646486.851873] [cn1140:41688:0]          mpool.c:43   UCX  WARN  object 0xbcbf000 was not returned to mpool ucp_requests
[1676646486.852040] [cn1140:41690:0]          mpool.c:43   UCX  WARN  object 0xb5e5ec0 was not returned to mpool ucp_requests
[1676646486.852035] [cn1140:41698:0]          mpool.c:43   UCX  WARN  object 0xb9856c0 was not returned to mpool ucp_requests
[1676646486.852039] [cn1140:41701:0]          mpool.c:43   UCX  WARN  object 0x61f54c0 was not returned to mpool ucp_requests
[1676646486.852068] [cn1140:41675:0]          mpool.c:43   UCX  WARN  object 0xaf27540 was not returned to mpool ucp_requests
[1676646486.852057] [cn1140:41692:0]          mpool.c:43   UCX  WARN  object 0xb285c00 was not returned to mpool ucp_requests
[1676646486.852075] [cn1140:41695:0]          mpool.c:43   UCX  WARN  object 0xacd8a80 was not returned to mpool ucp_requests
[1676646486.852124] [cn1140:41681:0]          mpool.c:43   UCX  WARN  object 0xab583c0 was not returned to mpool ucp_requests
[1676646486.852179] [cn1140:41684:0]          mpool.c:43   UCX  WARN  object 0xb97c380 was not returned to mpool ucp_requests
[1676646486.850628] [cn1141:38265:0]          mpool.c:43   UCX  WARN  object 0xabbdb40 was not returned to mpool ucp_requests
[1676646486.852246] [cn1140:41678:0]          mpool.c:43   UCX  WARN  object 0x5ff8000 was not returned to mpool ucp_requests
[1676646486.850631] [cn1141:38271:0]          mpool.c:43   UCX  WARN  object 0x6cc1d40 was not returned to mpool ucp_requests
[1676646486.850709] [cn1141:38263:0]          mpool.c:43   UCX  WARN  object 0x6731b40 was not returned to mpool ucp_requests
[1676646486.850739] [cn1141:38288:0]          mpool.c:43   UCX  WARN  object 0xb25bdc0 was not returned to mpool ucp_requests
[1676646486.850732] [cn1141:38259:0]          mpool.c:43   UCX  WARN  object 0xa9b3480 was not returned to mpool ucp_requests
[1676646486.850767] [cn1141:38268:0]          mpool.c:43   UCX  WARN  object 0xa8a62c0 was not returned to mpool ucp_requests
[1676646486.850749] [cn1141:38275:0]          mpool.c:43   UCX  WARN  object 0xbcf7200 was not returned to mpool ucp_requests
[1676646486.850755] [cn1141:38280:0]          mpool.c:43   UCX  WARN  object 0x6a9f280 was not returned to mpool ucp_requests
[1676646486.850760] [cn1141:38285:0]          mpool.c:43   UCX  WARN  object 0xa952b80 was not returned to mpool ucp_requests
[1676646486.850817] [cn1141:38282:0]          mpool.c:43   UCX  WARN  object 0xa806f80 was not returned to mpool ucp_requests
--------------------------------------------------------------------------
Open MPI failed an OFI Libfabric library call (fi_domain).  This is highly
unusual; your job may behave unpredictably (and/or abort) after this.

  Local host: cn1140
  Location: mtl_ofi_component.c:928
  Error: No data available (61)
--------------------------------------------------------------------------
[cn1140.scarf.rl.ac.uk:42215] 239 more processes have sent help message help-mtl-ofi.txt / OFI call fail
[cn1140.scarf.rl.ac.uk:42215] Set MCA parameter "orte_base_help_aggregate" to 0 to see all help / error messages
[1676647999.224419] [cn1140:42301:0]          mpool.c:43   UCX  WARN  object 0xbd0f700 was not returned to mpool ucp_requests
[1676647999.224476] [cn1140:42299:0]          mpool.c:43   UCX  WARN  object 0xbf85880 was not returned to mpool ucp_requests
[1676647999.224478] [cn1140:42304:0]          mpool.c:43   UCX  WARN  object 0xb2109c0 was not returned to mpool ucp_requests
[1676647999.224543] [cn1140:42307:0]          mpool.c:43   UCX  WARN  object 0xc420100 was not returned to mpool ucp_requests
[1676647999.224691] [cn1140:42310:0]          mpool.c:43   UCX  WARN  object 0xba362c0 was not returned to mpool ucp_requests
[1676647999.224691] [cn1140:42312:0]          mpool.c:43   UCX  WARN  object 0xbfa89c0 was not returned to mpool ucp_requests
[1676647999.224788] [cn1140:42285:0]          mpool.c:43   UCX  WARN  object 0xb69d980 was not returned to mpool ucp_requests
[1676647999.224780] [cn1140:42289:0]          mpool.c:43   UCX  WARN  object 0xa9cad40 was not returned to mpool ucp_requests
[1676647999.224874] [cn1140:42292:0]          mpool.c:43   UCX  WARN  object 0xa5ec400 was not returned to mpool ucp_requests
[1676647999.224857] [cn1140:42295:0]          mpool.c:43   UCX  WARN  object 0x67df900 was not returned to mpool ucp_requests
[1676647999.223455] [cn1141:38876:0]          mpool.c:43   UCX  WARN  object 0xc3c5100 was not returned to mpool ucp_requests
[1676647999.223522] [cn1141:38890:0]          mpool.c:43   UCX  WARN  object 0x500d680 was not returned to mpool ucp_requests
[1676647999.223566] [cn1141:38886:0]          mpool.c:43   UCX  WARN  object 0xbf61240 was not returned to mpool ucp_requests
[1676647999.223641] [cn1141:38873:0]          mpool.c:43   UCX  WARN  object 0x5c8a600 was not returned to mpool ucp_requests
[1676647999.223644] [cn1141:38880:0]          mpool.c:43   UCX  WARN  object 0xb15ce00 was not returned to mpool ucp_requests
[1676647999.223630] [cn1141:38882:0]          mpool.c:43   UCX  WARN  object 0xbd1fa80 was not returned to mpool ucp_requests
[1676647999.223629] [cn1141:38892:0]          mpool.c:43   UCX  WARN  object 0xa69d6c0 was not returned to mpool ucp_requests
[1676647999.223660] [cn1141:38899:0]          mpool.c:43   UCX  WARN  object 0x60a5b40 was not returned to mpool ucp_requests
[1676647999.223669] [cn1141:38896:0]          mpool.c:43   UCX  WARN  object 0xb03e100 was not returned to mpool ucp_requests
[1676647999.225636] [cn1141:38870:0]          mpool.c:43   UCX  WARN  object 0xaa33480 was not returned to mpool ucp_requests
cp: cannot stat ‘0V-VH_z-0058.dat’: No such file or directory
cp: cannot stat ‘0V-VH_z-0058.dat’: No such file or directory
cp: cannot stat ‘0V-RHO_z-0058.dat’: No such file or directory
cp: cannot stat ‘0V-RHO_z-0058.dat’: No such file or directory
