cpu-bind=MASK - cn1033, task  0  0 [29019]: mask 0xffffffffffffffff set
--------------------------------------------------------------------------
Open MPI failed an OFI Libfabric library call (fi_domain).  This is highly
unusual; your job may behave unpredictably (and/or abort) after this.

  Local host: cn1039
  Location: mtl_ofi_component.c:928
  Error: No data available (61)
--------------------------------------------------------------------------
[cn1033.scarf.rl.ac.uk:30014] 119 more processes have sent help message help-mtl-ofi.txt / OFI call fail
[cn1033.scarf.rl.ac.uk:30014] Set MCA parameter "orte_base_help_aggregate" to 0 to see all help / error messages
--------------------------------------------------------------------------
Open MPI failed an OFI Libfabric library call (fi_domain).  This is highly
unusual; your job may behave unpredictably (and/or abort) after this.

  Local host: cn1033
  Location: mtl_ofi_component.c:928
  Error: No data available (61)
--------------------------------------------------------------------------
[cn1033.scarf.rl.ac.uk:30597] 119 more processes have sent help message help-mtl-ofi.txt / OFI call fail
[cn1033.scarf.rl.ac.uk:30597] Set MCA parameter "orte_base_help_aggregate" to 0 to see all help / error messages
[1679607081.600921] [cn1033:30656:0]          mpool.c:43   UCX  WARN  object 0x66e84c0 was not returned to mpool ucp_requests
[1679607081.600971] [cn1033:30679:0]          mpool.c:43   UCX  WARN  object 0x5f8d0c0 was not returned to mpool ucp_requests
[1679607081.600999] [cn1033:30682:0]          mpool.c:43   UCX  WARN  object 0x5bc7540 was not returned to mpool ucp_requests
[1679607081.600965] [cn1033:30685:0]          mpool.c:43   UCX  WARN  object 0x5b2b3c0 was not returned to mpool ucp_requests
[1679607081.600981] [cn1033:30688:0]          mpool.c:43   UCX  WARN  object 0x6c4b4c0 was not returned to mpool ucp_requests
[1679607081.601023] [cn1033:30636:0]          mpool.c:43   UCX  WARN  object 0x4ef98c0 was not returned to mpool ucp_requests
[1679607081.601066] [cn1033:30649:0]          mpool.c:43   UCX  WARN  object 0x5a26940 was not returned to mpool ucp_requests
[1679607081.601084] [cn1033:30653:0]          mpool.c:43   UCX  WARN  object 0x5e41380 was not returned to mpool ucp_requests
[1679607081.601024] [cn1033:30660:0]          mpool.c:43   UCX  WARN  object 0x5495f80 was not returned to mpool ucp_requests
[1679607081.601099] [cn1033:30664:0]          mpool.c:43   UCX  WARN  object 0x6a987c0 was not returned to mpool ucp_requests
[1679607081.601019] [cn1033:30666:0]          mpool.c:43   UCX  WARN  object 0x54e0a00 was not returned to mpool ucp_requests
[1679607081.601013] [cn1033:30669:0]          mpool.c:43   UCX  WARN  object 0x512e280 was not returned to mpool ucp_requests
[1679607081.601002] [cn1033:30672:0]          mpool.c:43   UCX  WARN  object 0x5884a00 was not returned to mpool ucp_requests
[1679607081.601025] [cn1033:30672:0]          mpool.c:43   UCX  WARN  object 0x5888900 was not returned to mpool ucp_requests
[1679607081.601002] [cn1033:30677:0]          mpool.c:43   UCX  WARN  object 0x5b2a380 was not returned to mpool ucp_requests
[1679607081.601128] [cn1033:30645:0]          mpool.c:43   UCX  WARN  object 0x5a67800 was not returned to mpool ucp_requests
[1679607081.601136] [cn1033:30662:0]          mpool.c:43   UCX  WARN  object 0x67bf900 was not returned to mpool ucp_requests
[1679607081.601160] [cn1033:30648:0]          mpool.c:43   UCX  WARN  object 0x613b740 was not returned to mpool ucp_requests
[1679607081.601335] [cn1033:30640:0]          mpool.c:43   UCX  WARN  object 0x5f911c0 was not returned to mpool ucp_requests
-5.4597094601E+000
--------------------------------------------------------------------------
Open MPI failed an OFI Libfabric library call (fi_domain).  This is highly
unusual; your job may behave unpredictably (and/or abort) after this.

  Local host: cn1038
  Location: mtl_ofi_component.c:928
  Error: No data available (61)
--------------------------------------------------------------------------
[cn1033.scarf.rl.ac.uk:31179] 119 more processes have sent help message help-mtl-ofi.txt / OFI call fail
[cn1033.scarf.rl.ac.uk:31179] Set MCA parameter "orte_base_help_aggregate" to 0 to see all help / error messages
[1679607122.580016] [cn1033:31267:0]          mpool.c:43   UCX  WARN  object 0x6a5db00 was not returned to mpool ucp_requests
[1679607122.580129] [cn1033:31261:0]          mpool.c:43   UCX  WARN  object 0x6755b00 was not returned to mpool ucp_requests
[1679607122.580155] [cn1033:31265:0]          mpool.c:43   UCX  WARN  object 0x4f227c0 was not returned to mpool ucp_requests
[1679607122.580221] [cn1033:31229:0]          mpool.c:43   UCX  WARN  object 0x64a4640 was not returned to mpool ucp_requests
[1679607122.580230] [cn1033:31232:0]          mpool.c:43   UCX  WARN  object 0x4e4a600 was not returned to mpool ucp_requests
[1679607122.580220] [cn1033:31238:0]          mpool.c:43   UCX  WARN  object 0x60b9080 was not returned to mpool ucp_requests
[1679607122.580251] [cn1033:31235:0]          mpool.c:43   UCX  WARN  object 0x665b300 was not returned to mpool ucp_requests
[1679607122.580245] [cn1033:31244:0]          mpool.c:43   UCX  WARN  object 0x5714980 was not returned to mpool ucp_requests
[1679607122.580281] [cn1033:31246:0]          mpool.c:43   UCX  WARN  object 0x57bc740 was not returned to mpool ucp_requests
[1679607122.580273] [cn1033:31259:0]          mpool.c:43   UCX  WARN  object 0x5880780 was not returned to mpool ucp_requests
[1679607122.580301] [cn1033:31253:0]          mpool.c:43   UCX  WARN  object 0x51af3c0 was not returned to mpool ucp_requests
[1679607122.580318] [cn1033:31253:0]          mpool.c:43   UCX  WARN  object 0x51af900 was not returned to mpool ucp_requests
[1679607122.580297] [cn1033:31224:0]          mpool.c:43   UCX  WARN  object 0x55dc540 was not returned to mpool ucp_requests
[1679607122.580300] [cn1033:31227:0]          mpool.c:43   UCX  WARN  object 0x4ff8180 was not returned to mpool ucp_requests
[1679607122.580390] [cn1033:31241:0]          mpool.c:43   UCX  WARN  object 0x5467f40 was not returned to mpool ucp_requests
[1679607122.580401] [cn1033:31249:0]          mpool.c:43   UCX  WARN  object 0x50b6e40 was not returned to mpool ucp_requests
[1679607122.580425] [cn1033:31219:0]          mpool.c:43   UCX  WARN  object 0x6ae2800 was not returned to mpool ucp_requests
[1679607122.580437] [cn1033:31216:0]          mpool.c:43   UCX  WARN  object 0x6c83ac0 was not returned to mpool ucp_requests
[1679607122.580502] [cn1033:31256:0]          mpool.c:43   UCX  WARN  object 0x54a6040 was not returned to mpool ucp_requests
-5.4597094601E+000
--------------------------------------------------------------------------
Open MPI failed an OFI Libfabric library call (fi_domain).  This is highly
unusual; your job may behave unpredictably (and/or abort) after this.

  Local host: cn1034
  Location: mtl_ofi_component.c:928
  Error: No data available (61)
--------------------------------------------------------------------------
[cn1033.scarf.rl.ac.uk:31796] 119 more processes have sent help message help-mtl-ofi.txt / OFI call fail
[cn1033.scarf.rl.ac.uk:31796] Set MCA parameter "orte_base_help_aggregate" to 0 to see all help / error messages
[1679607208.808379] [cn1033:31884:0]          mpool.c:43   UCX  WARN  object 0x51cb2c0 was not returned to mpool ucp_requests
[1679607208.808592] [cn1033:31879:0]          mpool.c:43   UCX  WARN  object 0x5cf6b80 was not returned to mpool ucp_requests
[1679607208.808613] [cn1033:31882:0]          mpool.c:43   UCX  WARN  object 0x507cf40 was not returned to mpool ucp_requests
[1679607208.808637] [cn1033:31846:0]          mpool.c:43   UCX  WARN  object 0x690a040 was not returned to mpool ucp_requests
[1679607208.808623] [cn1033:31852:0]          mpool.c:43   UCX  WARN  object 0x65f6f80 was not returned to mpool ucp_requests
[1679607208.808685] [cn1033:31848:0]          mpool.c:43   UCX  WARN  object 0x649e800 was not returned to mpool ucp_requests
[1679607208.808693] [cn1033:31864:0]          mpool.c:43   UCX  WARN  object 0x586bd40 was not returned to mpool ucp_requests
[1679607208.808681] [cn1033:31869:0]          mpool.c:43   UCX  WARN  object 0x5445200 was not returned to mpool ucp_requests
[1679607208.808698] [cn1033:31869:0]          mpool.c:43   UCX  WARN  object 0x54484c0 was not returned to mpool ucp_requests
[1679607208.808685] [cn1033:31872:0]          mpool.c:43   UCX  WARN  object 0x5bbc180 was not returned to mpool ucp_requests
[1679607208.808699] [cn1033:31875:0]          mpool.c:43   UCX  WARN  object 0x58e8180 was not returned to mpool ucp_requests
[1679607208.808719] [cn1033:31837:0]          mpool.c:43   UCX  WARN  object 0x4ebc180 was not returned to mpool ucp_requests
[1679607208.808693] [cn1033:31841:0]          mpool.c:43   UCX  WARN  object 0x508d300 was not returned to mpool ucp_requests
[1679607208.808718] [cn1033:31855:0]          mpool.c:43   UCX  WARN  object 0x51bf000 was not returned to mpool ucp_requests
[1679607208.808704] [cn1033:31857:0]          mpool.c:43   UCX  WARN  object 0x551fc00 was not returned to mpool ucp_requests
[1679607208.808723] [cn1033:31859:0]          mpool.c:43   UCX  WARN  object 0x60f0580 was not returned to mpool ucp_requests
[1679607208.808744] [cn1033:31845:0]          mpool.c:43   UCX  WARN  object 0x4fc1e00 was not returned to mpool ucp_requests
[1679607208.808742] [cn1033:31867:0]          mpool.c:43   UCX  WARN  object 0x5163900 was not returned to mpool ucp_requests
[1679607208.808925] [cn1033:31835:0]          mpool.c:43   UCX  WARN  object 0x5184a00 was not returned to mpool ucp_requests
