cpu-bind=MASK - cn1068, task  0  0 [47899]: mask 0xffffffffffffffff set
--------------------------------------------------------------------------
Open MPI failed an OFI Libfabric library call (fi_domain).  This is highly
unusual; your job may behave unpredictably (and/or abort) after this.

  Local host: cn1068
  Location: mtl_ofi_component.c:928
  Error: No data available (61)
--------------------------------------------------------------------------
[cn1068.scarf.rl.ac.uk:47951] 119 more processes have sent help message help-mtl-ofi.txt / OFI call fail
[cn1068.scarf.rl.ac.uk:47951] Set MCA parameter "orte_base_help_aggregate" to 0 to see all help / error messages
--------------------------------------------------------------------------
Open MPI failed an OFI Libfabric library call (fi_domain).  This is highly
unusual; your job may behave unpredictably (and/or abort) after this.

  Local host: cn1083
  Location: mtl_ofi_component.c:928
  Error: No data available (61)
--------------------------------------------------------------------------
[cn1068.scarf.rl.ac.uk:48523] 119 more processes have sent help message help-mtl-ofi.txt / OFI call fail
[cn1068.scarf.rl.ac.uk:48523] Set MCA parameter "orte_base_help_aggregate" to 0 to see all help / error messages
[1679576321.004032] [cn1068:48611:0]          mpool.c:43   UCX  WARN  object 0x6697480 was not returned to mpool ucp_requests
[1679576321.004056] [cn1068:48611:0]          mpool.c:43   UCX  WARN  object 0x669b700 was not returned to mpool ucp_requests
[1679576321.004035] [cn1068:48613:0]          mpool.c:43   UCX  WARN  object 0x5d0c7c0 was not returned to mpool ucp_requests
[1679576321.004056] [cn1068:48613:0]          mpool.c:43   UCX  WARN  object 0x5d0d780 was not returned to mpool ucp_requests
[1679576321.004162] [cn1068:48604:0]          mpool.c:43   UCX  WARN  object 0x6dc5e80 was not returned to mpool ucp_requests
[1679576321.004181] [cn1068:48604:0]          mpool.c:43   UCX  WARN  object 0x6dc6ac0 was not returned to mpool ucp_requests
[1679576321.004153] [cn1068:48607:0]          mpool.c:43   UCX  WARN  object 0x630fb00 was not returned to mpool ucp_requests
[1679576321.004179] [cn1068:48607:0]          mpool.c:43   UCX  WARN  object 0x6310740 was not returned to mpool ucp_requests
[1679576321.004158] [cn1068:48599:0]          mpool.c:43   UCX  WARN  object 0x5b96d80 was not returned to mpool ucp_requests
[1679576321.004180] [cn1068:48599:0]          mpool.c:43   UCX  WARN  object 0x5b9b700 was not returned to mpool ucp_requests
[1679576321.004192] [cn1068:48596:0]          mpool.c:43   UCX  WARN  object 0x5eaeb00 was not returned to mpool ucp_requests
[1679576321.004221] [cn1068:48590:0]          mpool.c:43   UCX  WARN  object 0x5e01240 was not returned to mpool ucp_requests
[1679576321.004235] [cn1068:48593:0]          mpool.c:43   UCX  WARN  object 0x58b7c80 was not returned to mpool ucp_requests
[1679576321.004236] [cn1068:48601:0]          mpool.c:43   UCX  WARN  object 0x5506ec0 was not returned to mpool ucp_requests
[1679576321.004253] [cn1068:48601:0]          mpool.c:43   UCX  WARN  object 0x5508200 was not returned to mpool ucp_requests
[1679576321.004268] [cn1068:48579:0]          mpool.c:43   UCX  WARN  object 0x5642dc0 was not returned to mpool ucp_requests
[1679576321.004268] [cn1068:48575:0]          mpool.c:43   UCX  WARN  object 0x6155500 was not returned to mpool ucp_requests
[1679576321.004311] [cn1068:48581:0]          mpool.c:43   UCX  WARN  object 0x6795ac0 was not returned to mpool ucp_requests
[1679576321.004309] [cn1068:48584:0]          mpool.c:43   UCX  WARN  object 0x692fb00 was not returned to mpool ucp_requests
[1679576321.004317] [cn1068:48588:0]          mpool.c:43   UCX  WARN  object 0x6762580 was not returned to mpool ucp_requests
[1679576321.004320] [cn1068:48562:0]          mpool.c:43   UCX  WARN  object 0x4e1ab40 was not returned to mpool ucp_requests
[1679576321.004323] [cn1068:48571:0]          mpool.c:43   UCX  WARN  object 0x62f6080 was not returned to mpool ucp_requests
[1679576321.004369] [cn1068:48567:0]          mpool.c:43   UCX  WARN  object 0x564d640 was not returned to mpool ucp_requests
[1679576321.004400] [cn1068:48573:0]          mpool.c:43   UCX  WARN  object 0x52aa280 was not returned to mpool ucp_requests
-5.4597094601E+000
--------------------------------------------------------------------------
Open MPI failed an OFI Libfabric library call (fi_domain).  This is highly
unusual; your job may behave unpredictably (and/or abort) after this.

  Local host: cn1069
  Location: mtl_ofi_component.c:928
  Error: No data available (61)
--------------------------------------------------------------------------
--------------------------------------------------------------------------
MPI_ABORT was invoked on rank 0 in communicator MPI_COMM_WORLD
with errorcode 1.

NOTE: invoking MPI_ABORT causes Open MPI to kill all MPI processes.
You may or may not see output from other processes, depending on
exactly when Open MPI kills them.
--------------------------------------------------------------------------
[cn1068.scarf.rl.ac.uk:49113] 119 more processes have sent help message help-mtl-ofi.txt / OFI call fail
[cn1068.scarf.rl.ac.uk:49113] Set MCA parameter "orte_base_help_aggregate" to 0 to see all help / error messages
-5.4597094601E+000
--------------------------------------------------------------------------
Open MPI failed an OFI Libfabric library call (fi_domain).  This is highly
unusual; your job may behave unpredictably (and/or abort) after this.

  Local host: cn1069
  Location: mtl_ofi_component.c:928
  Error: No data available (61)
--------------------------------------------------------------------------
--------------------------------------------------------------------------
MPI_ABORT was invoked on rank 0 in communicator MPI_COMM_WORLD
with errorcode 1.

NOTE: invoking MPI_ABORT causes Open MPI to kill all MPI processes.
You may or may not see output from other processes, depending on
exactly when Open MPI kills them.
--------------------------------------------------------------------------
[cn1068.scarf.rl.ac.uk:49680] 119 more processes have sent help message help-mtl-ofi.txt / OFI call fail
[cn1068.scarf.rl.ac.uk:49680] Set MCA parameter "orte_base_help_aggregate" to 0 to see all help / error messages
