cpu-bind=MASK - cn1155, task  0  0 [64341]: mask 0xffffffffffffffff set
--------------------------------------------------------------------------
Open MPI failed an OFI Libfabric library call (fi_domain).  This is highly
unusual; your job may behave unpredictably (and/or abort) after this.

  Local host: cn1158
  Location: mtl_ofi_component.c:928
  Error: No data available (61)
--------------------------------------------------------------------------
[cn1155.scarf.rl.ac.uk:64380] 119 more processes have sent help message help-mtl-ofi.txt / OFI call fail
[cn1155.scarf.rl.ac.uk:64380] Set MCA parameter "orte_base_help_aggregate" to 0 to see all help / error messages
--------------------------------------------------------------------------
Open MPI failed an OFI Libfabric library call (fi_domain).  This is highly
unusual; your job may behave unpredictably (and/or abort) after this.

  Local host: cn1155
  Location: mtl_ofi_component.c:928
  Error: No data available (61)
--------------------------------------------------------------------------
[cn1155.scarf.rl.ac.uk:65013] 119 more processes have sent help message help-mtl-ofi.txt / OFI call fail
[cn1155.scarf.rl.ac.uk:65013] Set MCA parameter "orte_base_help_aggregate" to 0 to see all help / error messages
[1679686464.274272] [cn1155:65061:0]          mpool.c:43   UCX  WARN  object 0x5862f40 was not returned to mpool ucp_requests
[1679686464.274300] [cn1155:65058:0]          mpool.c:43   UCX  WARN  object 0x64cea40 was not returned to mpool ucp_requests
[1679686464.274316] [cn1155:65100:0]          mpool.c:43   UCX  WARN  object 0x540f780 was not returned to mpool ucp_requests
[1679686464.274316] [cn1155:65103:0]          mpool.c:43   UCX  WARN  object 0x4f52280 was not returned to mpool ucp_requests
[1679686464.274380] [cn1155:65072:0]          mpool.c:43   UCX  WARN  object 0x6bcb7c0 was not returned to mpool ucp_requests
[1679686464.274402] [cn1155:65083:0]          mpool.c:43   UCX  WARN  object 0x4f1d380 was not returned to mpool ucp_requests
[1679686464.274398] [cn1155:65087:0]          mpool.c:43   UCX  WARN  object 0x581f240 was not returned to mpool ucp_requests
[1679686464.274415] [cn1155:65087:0]          mpool.c:43   UCX  WARN  object 0x5821380 was not returned to mpool ucp_requests
[1679686464.274418] [cn1155:65092:0]          mpool.c:43   UCX  WARN  object 0x5f92200 was not returned to mpool ucp_requests
[1679686464.274364] [cn1155:65094:0]          mpool.c:43   UCX  WARN  object 0x671cbc0 was not returned to mpool ucp_requests
[1679686464.274399] [cn1155:65097:0]          mpool.c:43   UCX  WARN  object 0x6721240 was not returned to mpool ucp_requests
[1679686464.274412] [cn1155:65063:0]          mpool.c:43   UCX  WARN  object 0x52b3680 was not returned to mpool ucp_requests
[1679686464.274434] [cn1155:65066:0]          mpool.c:43   UCX  WARN  object 0x57e3280 was not returned to mpool ucp_requests
[1679686464.274403] [cn1155:65069:0]          mpool.c:43   UCX  WARN  object 0x5863c00 was not returned to mpool ucp_requests
[1679686464.274462] [cn1155:65075:0]          mpool.c:43   UCX  WARN  object 0x553a6c0 was not returned to mpool ucp_requests
[1679686464.274399] [cn1155:65078:0]          mpool.c:43   UCX  WARN  object 0x5916740 was not returned to mpool ucp_requests
[1679686464.274428] [cn1155:65081:0]          mpool.c:43   UCX  WARN  object 0x5b8bd00 was not returned to mpool ucp_requests
[1679686464.274410] [cn1155:65053:0]          mpool.c:43   UCX  WARN  object 0x647c2c0 was not returned to mpool ucp_requests
[1679686464.274431] [cn1155:65055:0]          mpool.c:43   UCX  WARN  object 0x596be00 was not returned to mpool ucp_requests
-5.4579938999E+000
--------------------------------------------------------------------------
Open MPI failed an OFI Libfabric library call (fi_domain).  This is highly
unusual; your job may behave unpredictably (and/or abort) after this.

  Local host: cn1155
  Location: mtl_ofi_component.c:928
  Error: No data available (61)
--------------------------------------------------------------------------
[cn1155.scarf.rl.ac.uk:00463] 119 more processes have sent help message help-mtl-ofi.txt / OFI call fail
[cn1155.scarf.rl.ac.uk:00463] Set MCA parameter "orte_base_help_aggregate" to 0 to see all help / error messages
[1679686552.794489] [cn1155:546  :0]          mpool.c:43   UCX  WARN  object 0x57c8bc0 was not returned to mpool ucp_requests
[1679686552.794704] [cn1155:542  :0]          mpool.c:43   UCX  WARN  object 0x6454080 was not returned to mpool ucp_requests
[1679686552.794761] [cn1155:530  :0]          mpool.c:43   UCX  WARN  object 0x5a2a080 was not returned to mpool ucp_requests
[1679686552.794769] [cn1155:531  :0]          mpool.c:43   UCX  WARN  object 0x6157580 was not returned to mpool ucp_requests
[1679686552.794795] [cn1155:526  :0]          mpool.c:43   UCX  WARN  object 0x4fa67c0 was not returned to mpool ucp_requests
[1679686552.794842] [cn1155:553  :0]          mpool.c:43   UCX  WARN  object 0x5a8d340 was not returned to mpool ucp_requests
[1679686552.794885] [cn1155:537  :0]          mpool.c:43   UCX  WARN  object 0x5fc92c0 was not returned to mpool ucp_requests
[1679686552.794901] [cn1155:537  :0]          mpool.c:43   UCX  WARN  object 0x5fcbe80 was not returned to mpool ucp_requests
[1679686552.794888] [cn1155:541  :0]          mpool.c:43   UCX  WARN  object 0x66a17c0 was not returned to mpool ucp_requests
[1679686552.794884] [cn1155:550  :0]          mpool.c:43   UCX  WARN  object 0x55ba480 was not returned to mpool ucp_requests
[1679686552.794914] [cn1155:518  :0]          mpool.c:43   UCX  WARN  object 0x52c7080 was not returned to mpool ucp_requests
[1679686552.794927] [cn1155:520  :0]          mpool.c:43   UCX  WARN  object 0x6562740 was not returned to mpool ucp_requests
[1679686552.794911] [cn1155:523  :0]          mpool.c:43   UCX  WARN  object 0x637e8c0 was not returned to mpool ucp_requests
[1679686552.794948] [cn1155:534  :0]          mpool.c:43   UCX  WARN  object 0x6a4efc0 was not returned to mpool ucp_requests
[1679686552.794904] [cn1155:502  :0]          mpool.c:43   UCX  WARN  object 0x5161ac0 was not returned to mpool ucp_requests
[1679686552.794908] [cn1155:508  :0]          mpool.c:43   UCX  WARN  object 0x6450380 was not returned to mpool ucp_requests
[1679686552.794916] [cn1155:514  :0]          mpool.c:43   UCX  WARN  object 0x50faac0 was not returned to mpool ucp_requests
[1679686552.795035] [cn1155:505  :0]          mpool.c:43   UCX  WARN  object 0x62c1340 was not returned to mpool ucp_requests
[1679686552.795060] [cn1155:511  :0]          mpool.c:43   UCX  WARN  object 0x589ba40 was not returned to mpool ucp_requests
-5.4579938999E+000
--------------------------------------------------------------------------
Open MPI failed an OFI Libfabric library call (fi_domain).  This is highly
unusual; your job may behave unpredictably (and/or abort) after this.

  Local host: cn1155
  Location: mtl_ofi_component.c:928
  Error: No data available (61)
--------------------------------------------------------------------------
[cn1155.scarf.rl.ac.uk:01265] 119 more processes have sent help message help-mtl-ofi.txt / OFI call fail
[cn1155.scarf.rl.ac.uk:01265] Set MCA parameter "orte_base_help_aggregate" to 0 to see all help / error messages
[1679686804.962946] [cn1155:1398 :0]          mpool.c:43   UCX  WARN  object 0x4f41ec0 was not returned to mpool ucp_requests
[1679686804.962957] [cn1155:1401 :0]          mpool.c:43   UCX  WARN  object 0x60d00c0 was not returned to mpool ucp_requests
[1679686804.963058] [cn1155:1392 :0]          mpool.c:43   UCX  WARN  object 0x69f6440 was not returned to mpool ucp_requests
[1679686804.963193] [cn1155:1386 :0]          mpool.c:43   UCX  WARN  object 0x5fd7800 was not returned to mpool ucp_requests
[1679686804.963293] [cn1155:1379 :0]          mpool.c:43   UCX  WARN  object 0x57955c0 was not returned to mpool ucp_requests
[1679686804.963310] [cn1155:1379 :0]          mpool.c:43   UCX  WARN  object 0x5799a00 was not returned to mpool ucp_requests
[1679686804.963342] [cn1155:1317 :0]          mpool.c:43   UCX  WARN  object 0x6107100 was not returned to mpool ucp_requests
[1679686804.963346] [cn1155:1382 :0]          mpool.c:43   UCX  WARN  object 0x4fe55c0 was not returned to mpool ucp_requests
[1679686804.963367] [cn1155:1329 :0]          mpool.c:43   UCX  WARN  object 0x570fc40 was not returned to mpool ucp_requests
[1679686804.963362] [cn1155:1332 :0]          mpool.c:43   UCX  WARN  object 0x67a4940 was not returned to mpool ucp_requests
[1679686804.963400] [cn1155:1305 :0]          mpool.c:43   UCX  WARN  object 0x5012f80 was not returned to mpool ucp_requests
[1679686804.963394] [cn1155:1307 :0]          mpool.c:43   UCX  WARN  object 0x5079880 was not returned to mpool ucp_requests
[1679686804.963394] [cn1155:1314 :0]          mpool.c:43   UCX  WARN  object 0x69bb480 was not returned to mpool ucp_requests
[1679686804.963397] [cn1155:1363 :0]          mpool.c:43   UCX  WARN  object 0x62ef340 was not returned to mpool ucp_requests
[1679686804.963401] [cn1155:1366 :0]          mpool.c:43   UCX  WARN  object 0x6d84840 was not returned to mpool ucp_requests
[1679686804.963401] [cn1155:1370 :0]          mpool.c:43   UCX  WARN  object 0x595f8c0 was not returned to mpool ucp_requests
[1679686804.963401] [cn1155:1374 :0]          mpool.c:43   UCX  WARN  object 0x5d3ff40 was not returned to mpool ucp_requests
[1679686804.963475] [cn1155:1372 :0]          mpool.c:43   UCX  WARN  object 0x5561d40 was not returned to mpool ucp_requests
[1679686804.963493] [cn1155:1311 :0]          mpool.c:43   UCX  WARN  object 0x5e14a80 was not returned to mpool ucp_requests
