 iscf   Eharris(eV)      E_KS(eV)   FreeEng(eV)    dHmax    dDmax   Ef(eV)
    1      -31.3301      -31.3221      -31.3221   0.01032   0.00000 -4.72453
    2      -31.3295      -31.3294      -31.3294   0.00144   0.00000 -4.84583
    3      -31.3295      -31.3287      -31.3287   0.00044   0.00000 -4.83300
    4      -31.3295      -31.3294      -31.3294   0.00019   0.00000 -4.83407
    5      -31.3295      -31.3294      -31.3294   0.00018   0.00000 -4.83410
    6      -31.3295      -31.3294      -31.3294   0.00018   0.00000 -4.83412
    7      -31.3295      -31.3294      -31.3294   0.00017   0.00000 -4.83414
    8      -31.3295      -31.3294      -31.3294   0.00017   0.00000 -4.83416
    9      -31.3295      -31.3294      -31.3294   0.00016   0.00000 -4.83418
   10      -31.3295      -31.3294      -31.3294   0.00016   0.00000 -4.83420
   11      -31.3295      -31.3294      -31.3294   0.00015   0.00000 -4.83422
   12      -31.3295      -31.3294      -31.3294   0.00015   0.00000 -4.83424
   13      -31.3295      -31.3294      -31.3294   0.00015   0.00000 -4.83425
   14      -31.3295      -31.3294      -31.3294   0.00014   0.00000 -4.83427
   15      -31.3295      -31.3294      -31.3294   0.00014   0.00000 -4.83429
   16      -31.3295      -31.3294      -31.3294   0.00013   0.00000 -4.83431
   17      -31.3295      -31.3294      -31.3294   0.00013   0.00000 -4.83432
   18      -31.3295      -31.3294      -31.3294   0.00013   0.00000 -4.83434
   19      -31.3295      -31.3294      -31.3294   0.00012   0.00000 -4.83435
   20      -31.3295      -31.3294      -31.3294   0.00012   0.00000 -4.83437
   21      -31.3295      -31.3295      -31.3295   0.00012   0.00000 -4.83439
   22      -31.3295      -31.3295      -31.3295   0.00011   0.00000 -4.83440
   23      -31.3295      -31.3295      -31.3295   0.00011   0.00000 -4.83441
   24      -31.3295      -31.3295      -31.3295   0.00011   0.00000 -4.83443
   25      -31.3295      -31.3295      -31.3295   0.00010   0.00000 -4.83444
   26      -31.3295      -31.3295      -31.3295   0.00010   0.00000 -4.83446
   27      -31.3295      -31.3295      -31.3295   0.00010   0.00000 -4.83447
   28      -31.3295      -31.3295      -31.3295   0.00010   0.00000 -4.83448
   29      -31.3295      -31.3295      -31.3295   0.00009   0.00000 -4.83450
   30      -31.3295      -31.3295      -31.3295   0.00009   0.00000 -4.83451
   31      -31.3295      -31.3295      -31.3295   0.00009   0.00000 -4.83452
   32      -31.3295      -31.3295      -31.3295   0.00009   0.00000 -4.83453
   33      -31.3295      -31.3295      -31.3295   0.00008   0.00000 -4.83454
   34      -31.3295      -31.3295      -31.3295   0.00008   0.00000 -4.83455
   35      -31.3295      -31.3295      -31.3295   0.00008   0.00000 -4.83457
   36      -31.3295      -31.3295      -31.3295   0.00008   0.00000 -4.83458
   37      -31.3295      -31.3295      -31.3295   0.00007   0.00000 -4.83459
   38      -31.3295      -31.3295      -31.3295   0.00007   0.00000 -4.83460
   39      -31.3295      -31.3295      -31.3295   0.00007   0.00000 -4.83461
   40      -31.3295      -31.3295      -31.3295   0.00007   0.00000 -4.83462
   41      -31.3295      -31.3295      -31.3295   0.00007   0.00000 -4.83463
   42      -31.3295      -31.3295      -31.3295   0.00006   0.00000 -4.83464
   43      -31.3295      -31.3295      -31.3295   0.00006   0.00000 -4.83465
   44      -31.3295      -31.3295      -31.3295   0.00006   0.00000 -4.83466
   45      -31.3295      -31.3295      -31.3295   0.00006   0.00000 -4.83466
   46      -31.3295      -31.3295      -31.3295   0.00006   0.00000 -4.83467
   47      -31.3295      -31.3295      -31.3295   0.00006   0.00000 -4.83468
   48      -31.3295      -31.3295      -31.3295   0.00005   0.00000 -4.83469
   49      -31.3295      -31.3295      -31.3295   0.00005   0.00000 -4.83470
   50      -31.3295      -31.3295      -31.3295   0.00005   0.00000 -4.83471
   51      -31.3295      -31.3295      -31.3295   0.00005   0.00000 -4.83471
   52      -31.3295      -31.3295      -31.3295   0.00005   0.00000 -4.83472
   53      -31.3295      -31.3295      -31.3295   0.00005   0.00000 -4.83473
   54      -31.3295      -31.3295      -31.3295   0.00005   0.00000 -4.83474
   55      -31.3295      -31.3295      -31.3295   0.00005   0.00000 -4.83474
   56      -31.3295      -31.3295      -31.3295   0.00004   0.00000 -4.83475
   57      -31.3295      -31.3295      -31.3295   0.00004   0.00000 -4.83476
   58      -31.3295      -31.3295      -31.3295   0.00004   0.00000 -4.83476
   59      -31.3295      -31.3295      -31.3295   0.00004   0.00000 -4.83477
   60      -31.3295      -31.3295      -31.3295   0.00004   0.00000 -4.83478
   61      -31.3295      -31.3295      -31.3295   0.00004   0.00000 -4.83478
   62      -31.3295      -31.3295      -31.3295   0.00004   0.00000 -4.83479
   63      -31.3295      -31.3295      -31.3295   0.00004   0.00000 -4.83480
   64      -31.3295      -31.3295      -31.3295   0.00004   0.00000 -4.83480
   65      -31.3295      -31.3295      -31.3295   0.00003   0.00000 -4.83481
   66      -31.3295      -31.3295      -31.3295   0.00003   0.00000 -4.83481
   67      -31.3295      -31.3295      -31.3295   0.00003   0.00000 -4.83482
   68      -31.3295      -31.3295      -31.3295   0.00003   0.00000 -4.83482
   69      -31.3295      -31.3295      -31.3295   0.00003   0.00000 -4.83483
   70      -31.3295      -31.3295      -31.3295   0.00003   0.00000 -4.83483
   71      -31.3295      -31.3295      -31.3295   0.00003   0.00000 -4.83484
   72      -31.3295      -31.3295      -31.3295   0.00003   0.00000 -4.83484
   73      -31.3295      -31.3295      -31.3295   0.00003   0.00000 -4.83485
   74      -31.3295      -31.3295      -31.3295   0.00003   0.00000 -4.83485
   75      -31.3295      -31.3295      -31.3295   0.00003   0.00000 -4.83486
   76      -31.3295      -31.3295      -31.3295   0.00003   0.00000 -4.83486
   77      -31.3295      -31.3295      -31.3295   0.00002   0.00000 -4.83487
   78      -31.3295      -31.3295      -31.3295   0.00002   0.00000 -4.83487
   79      -31.3295      -31.3295      -31.3295   0.00002   0.00000 -4.83488
   80      -31.3295      -31.3295      -31.3295   0.00002   0.00000 -4.83488
   81      -31.3295      -31.3295      -31.3295   0.00002   0.00000 -4.83488
   82      -31.3295      -31.3295      -31.3295   0.00002   0.00000 -4.83489
   83      -31.3295      -31.3295      -31.3295   0.00002   0.00000 -4.83489
   84      -31.3295      -31.3295      -31.3295   0.00002   0.00000 -4.83490
   85      -31.3295      -31.3295      -31.3295   0.00002   0.00000 -4.83490
   86      -31.3295      -31.3295      -31.3295   0.00002   0.00000 -4.83490
