rm: cannot remove `modes': No such file or directory
Done.


###############################################################################
TCHPC Cluster: lonsdale
Job 162110 (freq-2.0) for User 'baim' in Account 'hpc_12_00447'
Finished at: Sat Oct  5 15:08:40 IST 2013

Job completion status:
======================

       JobID    JobName      Account  Partition   NTasks  AllocCPUS  MaxVMSize    Elapsed      State ExitCode 
------------ ---------- ------------ ---------- -------- ---------- ---------- ---------- ---------- -------- 
162110         freq-2.0 hpc_12_00447    compute                   8              01:14:18    RUNNING      0:0 
162110.batch      batch hpc_12_00447                   1          1          0   01:14:18    RUNNING      0:0 


Job details:
============

JobId=162110 Name=freq-2.0
   UserId=baim(5349) GroupId=baim(9152)
   Priority=11103806 Account=hpc_12_00447 QOS=normal
   JobState=COMPLETED Reason=None Dependency=(null)
   Requeue=0 Restarts=0 BatchFlag=1 ExitCode=0:0
   DerivedExitCode=0:0
   RunTime=01:14:18 TimeLimit=09:30:00 TimeMin=N/A
   SubmitTime=2013-10-05T03:14:27 EligibleTime=2013-10-05T03:14:27
   StartTime=2013-10-05T13:54:22 EndTime=2013-10-05T15:08:40
   PreemptTime=None SuspendTime=None SecsPreSuspend=0
   Partition=compute AllocNode:Sid=lonsdale01:17633
   ReqNodeList=(null) ExcNodeList=(null)
   NodeList=lonsdale-n087
   BatchHost=lonsdale-n087
   NumNodes=1 NumCPUs=8 CPUs/Task=1 ReqS:C:T=*:*:*
     Nodes=lonsdale-n087 CPU_IDs=0-7 Mem=15200
   MinCPUsNode=1 MinMemoryCPU=1900M MinTmpDiskNode=0
   Features=(null) Gres=(null) Reservation=(null)
   Shared=0 Contiguous=0 Licenses=(null) Network=(null)
   Command=/home/users/baim/workspace/MD/gold/3d/100/jp/spd/newbasis/bias/h2/2.0/freq/freq.sh
   WorkDir=/home/users/baim/workspace/MD/gold/3d/100/jp/spd/newbasis/bias/h2/2.0/freq


Disk quota details:
===================

Quota Type           Name  Filesystem     Usage in MB     Limit in MB    % Used
-------------------------------------------------------------------------------
USER                 baim       /home          48,610          51,200    94.94%
USER                 baim   /projects             188               0       N/A

GROUP         pi-ssanvito   /projects       6,128,784       6,291,456    97.41%


SLURM Bank Statement:
=====================

User           Usage |        Account     Usage | Account Limit Available (CPU hrs)
---------- --------- + -------------- --------- + ------------- ---------

baim         129,150 |   HPC_12_00447   129,150 |       300,000   170,850
ssanvito           0 |   HPC_12_00447   129,150 |       300,000   170,850


Acknowledgements:
=================

Note that usage of TCHPC Resources *must* be acknowledged in all publications.

Please see this page for details relevant to this cluster:

http://www.tchpc.tcd.ie/resources/acknowledgementpolicy

################################################################################
