 iscf   Eharris(eV)      E_KS(eV)   FreeEng(eV)    dHmax    dDmax   Ef(eV)
    1      -31.3312      -31.3231      -31.3231   0.01035   0.00000 -4.71426
    2      -31.3305      -31.3304      -31.3304   0.00159   0.00000 -4.83565
    3      -31.3305      -31.3297      -31.3297   0.00045   0.00000 -4.82279
    4      -31.3305      -31.3304      -31.3304   0.00026   0.00000 -4.82381
    5      -31.3305      -31.3299      -31.3299   0.00039   0.00000 -4.82405
    6      -31.3305      -31.3299      -31.3299   0.00038   0.00000 -4.82407
    7      -31.3305      -31.3300      -31.3300   0.00037   0.00000 -4.82408
    8      -31.3305      -31.3300      -31.3300   0.00037   0.00000 -4.82410
    9      -31.3305      -31.3300      -31.3300   0.00036   0.00000 -4.82412
   10      -31.3305      -31.3300      -31.3300   0.00035   0.00000 -4.82413
   11      -31.3305      -31.3300      -31.3300   0.00035   0.00000 -4.82415
   12      -31.3305      -31.3300      -31.3300   0.00034   0.00000 -4.82416
   13      -31.3305      -31.3300      -31.3300   0.00033   0.00000 -4.82418
   14      -31.3305      -31.3300      -31.3300   0.00033   0.00000 -4.82419
   15      -31.3305      -31.3300      -31.3300   0.00032   0.00000 -4.82421
   16      -31.3305      -31.3301      -31.3301   0.00031   0.00000 -4.82422
   17      -31.3305      -31.3301      -31.3301   0.00031   0.00000 -4.82424
   18      -31.3305      -31.3301      -31.3301   0.00030   0.00000 -4.82425
   19      -31.3305      -31.3301      -31.3301   0.00030   0.00000 -4.82426
   20      -31.3305      -31.3301      -31.3301   0.00029   0.00000 -4.82427
   21      -31.3305      -31.3301      -31.3301   0.00029   0.00000 -4.82429
   22      -31.3305      -31.3301      -31.3301   0.00028   0.00000 -4.82430
   23      -31.3305      -31.3301      -31.3301   0.00027   0.00000 -4.82431
   24      -31.3305      -31.3301      -31.3301   0.00027   0.00000 -4.82432
   25      -31.3305      -31.3301      -31.3301   0.00026   0.00000 -4.82433
   26      -31.3305      -31.3301      -31.3301   0.00026   0.00000 -4.82434
   27      -31.3305      -31.3301      -31.3301   0.00025   0.00000 -4.82436
   28      -31.3305      -31.3301      -31.3301   0.00025   0.00000 -4.82437
   29      -31.3305      -31.3302      -31.3302   0.00024   0.00000 -4.82438
   30      -31.3305      -31.3302      -31.3302   0.00024   0.00000 -4.82439
   31      -31.3305      -31.3302      -31.3302   0.00024   0.00000 -4.82440
   32      -31.3305      -31.3302      -31.3302   0.00023   0.00000 -4.82441
   33      -31.3305      -31.3302      -31.3302   0.00023   0.00000 -4.82442
   34      -31.3305      -31.3302      -31.3302   0.00022   0.00000 -4.82443
   35      -31.3305      -31.3302      -31.3302   0.00022   0.00000 -4.82443
   36      -31.3305      -31.3302      -31.3302   0.00021   0.00000 -4.82444
   37      -31.3305      -31.3302      -31.3302   0.00021   0.00000 -4.82445
   38      -31.3305      -31.3302      -31.3302   0.00021   0.00000 -4.82446
   39      -31.3305      -31.3302      -31.3302   0.00020   0.00000 -4.82447
   40      -31.3305      -31.3302      -31.3302   0.00020   0.00000 -4.82448
   41      -31.3305      -31.3302      -31.3302   0.00019   0.00000 -4.82448
   42      -31.3305      -31.3302      -31.3302   0.00019   0.00000 -4.82449
   43      -31.3305      -31.3302      -31.3302   0.00019   0.00000 -4.82450
   44      -31.3305      -31.3302      -31.3302   0.00018   0.00000 -4.82451
   45      -31.3305      -31.3303      -31.3303   0.00018   0.00000 -4.82451
   46      -31.3305      -31.3303      -31.3303   0.00018   0.00000 -4.82452
   47      -31.3305      -31.3303      -31.3303   0.00017   0.00000 -4.82453
   48      -31.3305      -31.3303      -31.3303   0.00017   0.00000 -4.82454
   49      -31.3305      -31.3303      -31.3303   0.00017   0.00000 -4.82454
   50      -31.3305      -31.3303      -31.3303   0.00016   0.00000 -4.82455
   51      -31.3305      -31.3303      -31.3303   0.00016   0.00000 -4.82455
   52      -31.3305      -31.3303      -31.3303   0.00016   0.00000 -4.82456
   53      -31.3305      -31.3303      -31.3303   0.00015   0.00000 -4.82457
   54      -31.3305      -31.3303      -31.3303   0.00015   0.00000 -4.82457
   55      -31.3305      -31.3303      -31.3303   0.00015   0.00000 -4.82458
   56      -31.3305      -31.3303      -31.3303   0.00015   0.00000 -4.82458
   57      -31.3305      -31.3303      -31.3303   0.00014   0.00000 -4.82459
   58      -31.3305      -31.3303      -31.3303   0.00014   0.00000 -4.82459
   59      -31.3305      -31.3303      -31.3303   0.00014   0.00000 -4.82460
   60      -31.3305      -31.3303      -31.3303   0.00013   0.00000 -4.82460
   61      -31.3305      -31.3303      -31.3303   0.00013   0.00000 -4.82461
   62      -31.3305      -31.3303      -31.3303   0.00013   0.00000 -4.82461
   63      -31.3305      -31.3303      -31.3303   0.00013   0.00000 -4.82462
   64      -31.3305      -31.3303      -31.3303   0.00012   0.00000 -4.82462
   65      -31.3305      -31.3303      -31.3303   0.00012   0.00000 -4.82463
   66      -31.3305      -31.3303      -31.3303   0.00012   0.00000 -4.82463
   67      -31.3305      -31.3303      -31.3303   0.00012   0.00000 -4.82464
   68      -31.3305      -31.3303      -31.3303   0.00012   0.00000 -4.82464
   69      -31.3305      -31.3304      -31.3304   0.00011   0.00000 -4.82465
   70      -31.3305      -31.3304      -31.3304   0.00011   0.00000 -4.82465
   71      -31.3305      -31.3304      -31.3304   0.00011   0.00000 -4.82465
   72      -31.3305      -31.3304      -31.3304   0.00011   0.00000 -4.82466
   73      -31.3305      -31.3304      -31.3304   0.00011   0.00000 -4.82466
   74      -31.3305      -31.3304      -31.3304   0.00010   0.00000 -4.82467
   75      -31.3305      -31.3304      -31.3304   0.00010   0.00000 -4.82467
   76      -31.3305      -31.3304      -31.3304   0.00010   0.00000 -4.82467
