 iscf   Eharris(eV)      E_KS(eV)   FreeEng(eV)    dHmax    dDmax   Ef(eV)
    1  -190152.6667  -190371.8061  -190371.8061  1.93319  1.93319  0.00000
    2  -190232.0188  -190327.9504  -190327.9504  1.25189  1.73707  0.00000
    3  -190047.1956  -190139.1936  -190139.1936  2.10867  0.71040  0.00000
    4  -188608.2533  -188462.9971  -188462.9971 11.36599  0.58338  0.00000
    5  -190155.2402  -190151.4846  -190151.4846  1.47249  0.12400  0.00000
    6  -190179.8986  -190185.0935  -190185.0935  1.24182  0.17194  0.00000
    7  -190199.2028  -190198.6723  -190198.6723  0.39143  0.05231  0.00000
    8  -190203.8562  -190202.3948  -190202.3948  0.13277  0.03391  0.00000
    9  -190206.2278  -190204.7754  -190204.7754  0.10532  0.01904  0.00000
   10  -190207.7256  -190206.2320  -190206.2320  0.05073  0.02423  0.00000
   11  -190207.6794  -190207.8878  -190207.8878  0.02696  0.01045  0.00000
   12  -190208.6888  -190207.7149  -190207.7149  0.03292  0.01677  0.00000
   13  -190208.1763  -190208.6725  -190208.6725  0.01366  0.00476  0.00000
   14  -190208.5774  -190208.2026  -190208.2026  0.01036  0.00497  0.00000
   15  -190208.2162  -190208.5515  -190208.5515  0.00812  0.00348  0.00000
   16  -190208.1472  -190208.2296  -190208.2296  0.00327  0.00120  0.00000
   17  -190208.0693  -190208.1481  -190208.1481  0.00263  0.00128  0.00000
   18  -190208.0331  -190208.0717  -190208.0717  0.00282  0.00064  0.00000
   19  -190208.0475  -190208.0339  -190208.0339  0.00221  0.00048  0.00000
   20  -190208.0305  -190208.0466  -190208.0466  0.00199  0.00026  0.00000
   21  -190208.0426  -190208.0313  -190208.0313  0.00138  0.00073  0.00000
   22  -190208.0535  -190208.0421  -190208.0421  0.00040  0.00026  0.00000
   23  -190208.0628  -190208.0535  -190208.0535  0.00063  0.00038  0.00000
   24  -190208.0673  -190208.0628  -190208.0628  0.00034  0.00004  0.00000
   25  -190208.0698  -190208.0672  -190208.0672  0.00026  0.00006  0.00000
   26  -190208.0727  -190208.0698  -190208.0698  0.00018  0.00004  0.00000
   27  -190208.0736  -190208.0726  -190208.0726  0.00009  0.00003  0.00000
    1  -190213.5836  -190208.0736  -190208.0736  0.02368  0.08079  0.00000
    2  -190186.5777  -190201.5866  -190201.5866  0.64597  0.25327  0.00000
    3  -190144.6863  -190127.3186  -190127.3186  1.74486  0.18426  0.00000
    4  -190208.7238  -190209.5026  -190209.5026  0.06068  0.01145  0.00000
    5  -190208.5389  -190208.8065  -190208.8065  0.02159  0.00464  0.00000
    6  -190208.5340  -190208.5684  -190208.5684  0.01354  0.00170  0.00000
    7  -190208.4775  -190208.5317  -190208.5317  0.01036  0.00091  0.00000
    8  -190208.4154  -190208.4789  -190208.4789  0.00727  0.00078  0.00000
    9  -190208.4659  -190208.4165  -190208.4165  0.00276  0.00066  0.00000
   10  -190208.4387  -190208.4623  -190208.4623  0.00214  0.00034  0.00000
   11  -190208.4586  -190208.4406  -190208.4406  0.00082  0.00018  0.00000
   12  -190208.4587  -190208.4580  -190208.4580  0.00042  0.00006  0.00000
   13  -190208.4713  -190208.4588  -190208.4588  0.00037  0.00010  0.00000
   14  -190208.4758  -190208.4710  -190208.4710  0.00025  0.00004  0.00000
   15  -190208.4756  -190208.4758  -190208.4758  0.00007  0.00002  0.00000
    1  -190213.0242  -190208.4757  -190208.4757  0.02368  0.08347  0.00000
    2  -190188.2227  -190201.0897  -190201.0897  0.65694  0.25802  0.00000
    3  -190141.8388  -190125.8386  -190125.8386  1.78004  0.18939  0.00000
    4  -190208.7756  -190209.5487  -190209.5487  0.06125  0.01021  0.00000
    5  -190208.6160  -190208.8561  -190208.8561  0.02267  0.00489  0.00000
    6  -190208.6357  -190208.6376  -190208.6376  0.01369  0.00169  0.00000
    7  -190208.5933  -190208.6345  -190208.6345  0.01056  0.00096  0.00000
    8  -190208.5436  -190208.5939  -190208.5939  0.00744  0.00079  0.00000
    9  -190208.5763  -190208.5441  -190208.5441  0.00257  0.00062  0.00000
   10  -190208.5604  -190208.5739  -190208.5739  0.00150  0.00027  0.00000
   11  -190208.5745  -190208.5616  -190208.5616  0.00088  0.00018  0.00000
   12  -190208.5733  -190208.5742  -190208.5742  0.00053  0.00010  0.00000
   13  -190208.5817  -190208.5734  -190208.5734  0.00037  0.00009  0.00000
   14  -190208.5861  -190208.5816  -190208.5816  0.00024  0.00005  0.00000
   15  -190208.5874  -190208.5861  -190208.5861  0.00009  0.00002  0.00000
    1  -190212.2241  -190208.5874  -190208.5874  0.02369  0.08635  0.00000
    2  -190190.3170  -190200.4958  -190200.4958  0.65375  0.26033  0.00000
    3  -190140.5060  -190126.3173  -190126.3173  1.78514  0.18849  0.00000
    4  -190208.8008  -190209.6081  -190209.6081  0.06091  0.01102  0.00000
    5  -190208.7318  -190208.8806  -190208.8806  0.02091  0.00390  0.00000
    6  -190208.6582  -190208.7380  -190208.7380  0.01400  0.00183  0.00000
    7  -190208.6003  -190208.6610  -190208.6610  0.01068  0.00117  0.00000
    8  -190208.5382  -190208.6003  -190208.6003  0.00707  0.00073  0.00000
    9  -190208.6087  -190208.5387  -190208.5387  0.00338  0.00082  0.00000
   10  -190208.5616  -190208.6056  -190208.6056  0.00309  0.00048  0.00000
   11  -190208.5673  -190208.5633  -190208.5633  0.00096  0.00010  0.00000
   12  -190208.5791  -190208.5676  -190208.5676  0.00102  0.00011  0.00000
   13  -190208.5911  -190208.5788  -190208.5788  0.00050  0.00011  0.00000
   14  -190208.5989  -190208.5911  -190208.5911  0.00022  0.00005  0.00000
   15  -190208.5978  -190208.5988  -190208.5988  0.00010  0.00002  0.00000
    1  -190211.1560  -190208.5978  -190208.5978  0.02365  0.08277  0.00000
    2  -190192.8403  -190200.2873  -190200.2873  0.63591  0.25026  0.00000
    3  -190143.5367  -190131.5160  -190131.5160  1.73342  0.18519  0.00000
    4  -190208.5389  -190209.4347  -190209.4347  0.07269  0.01587  0.00000
    5  -190208.3392  -190208.6400  -190208.6400  0.02532  0.00625  0.00000
    6  -190208.3819  -190208.3408  -190208.3408  0.01437  0.00171  0.00000
    7  -190208.3609  -190208.3886  -190208.3886  0.01093  0.00109  0.00000
    8  -190208.3162  -190208.3589  -190208.3589  0.00763  0.00068  0.00000
    9  -190208.3466  -190208.3176  -190208.3176  0.00477  0.00225  0.00000
   10  -190208.3148  -190208.3412  -190208.3412  0.00354  0.00097  0.00000
   11  -190208.3275  -190208.3175  -190208.3175  0.00135  0.00036  0.00000
   12  -190208.3273  -190208.3284  -190208.3284  0.00165  0.00034  0.00000
   13  -190208.3309  -190208.3266  -190208.3266  0.00087  0.00011  0.00000
   14  -190208.3401  -190208.3311  -190208.3311  0.00056  0.00011  0.00000
   15  -190208.3428  -190208.3400  -190208.3400  0.00026  0.00011  0.00000
   16  -190208.3499  -190208.3431  -190208.3431  0.00023  0.00006  0.00000
   17  -190208.3476  -190208.3499  -190208.3499  0.00015  0.00004  0.00000
   18  -190208.3497  -190208.3475  -190208.3475  0.00009  0.00003  0.00000
