cpu-bind=MASK - cn1040, task  0  0 [26164]: mask 0xffffffffffffffff set
--------------------------------------------------------------------------
Open MPI failed an OFI Libfabric library call (fi_domain).  This is highly
unusual; your job may behave unpredictably (and/or abort) after this.

  Local host: cn1049
  Location: mtl_ofi_component.c:928
  Error: No data available (61)
--------------------------------------------------------------------------
[cn1040.scarf.rl.ac.uk:27161] 239 more processes have sent help message help-mtl-ofi.txt / OFI call fail
[cn1040.scarf.rl.ac.uk:27161] Set MCA parameter "orte_base_help_aggregate" to 0 to see all help / error messages
--------------------------------------------------------------------------
Open MPI failed an OFI Libfabric library call (fi_domain).  This is highly
unusual; your job may behave unpredictably (and/or abort) after this.

  Local host: cn1040
  Location: mtl_ofi_component.c:928
  Error: No data available (61)
--------------------------------------------------------------------------
[cn1040.scarf.rl.ac.uk:28354] 239 more processes have sent help message help-mtl-ofi.txt / OFI call fail
[cn1040.scarf.rl.ac.uk:28354] Set MCA parameter "orte_base_help_aggregate" to 0 to see all help / error messages
[1679602527.727307] [cn1040:28440:0]          mpool.c:43   UCX  WARN  object 0xb6537c0 was not returned to mpool ucp_requests
[1679602527.727351] [cn1040:28448:0]          mpool.c:43   UCX  WARN  object 0xb46b1c0 was not returned to mpool ucp_requests
[1679602527.727842] [cn1040:28445:0]          mpool.c:43   UCX  WARN  object 0xabf0400 was not returned to mpool ucp_requests
[1679602527.728778] [cn1040:28421:0]          mpool.c:43   UCX  WARN  object 0xb57c500 was not returned to mpool ucp_requests
[1679602527.728807] [cn1040:28424:0]          mpool.c:43   UCX  WARN  object 0xc65c180 was not returned to mpool ucp_requests
[1679602527.728807] [cn1040:28425:0]          mpool.c:43   UCX  WARN  object 0x5ec0740 was not returned to mpool ucp_requests
[1679602527.728886] [cn1040:28428:0]          mpool.c:43   UCX  WARN  object 0x549ba80 was not returned to mpool ucp_requests
[1679602527.728900] [cn1040:28434:0]          mpool.c:43   UCX  WARN  object 0xaf3fd40 was not returned to mpool ucp_requests
[1679602527.728911] [cn1040:28430:0]          mpool.c:43   UCX  WARN  object 0xb512500 was not returned to mpool ucp_requests
[1679602527.728996] [cn1040:28436:0]          mpool.c:43   UCX  WARN  object 0x587b480 was not returned to mpool ucp_requests
-1.0999095250E+001
--------------------------------------------------------------------------
Open MPI failed an OFI Libfabric library call (fi_domain).  This is highly
unusual; your job may behave unpredictably (and/or abort) after this.

  Local host: cn1040
  Location: mtl_ofi_component.c:928
  Error: No data available (61)
--------------------------------------------------------------------------
[cn1040.scarf.rl.ac.uk:29152] 239 more processes have sent help message help-mtl-ofi.txt / OFI call fail
[cn1040.scarf.rl.ac.uk:29152] Set MCA parameter "orte_base_help_aggregate" to 0 to see all help / error messages
slurmstepd: error: *** JOB 1299953 ON cn1040 CANCELLED AT 2023-03-24T11:40:32 ***
