 iscf   Eharris(eV)      E_KS(eV)   FreeEng(eV)    dHmax    dDmax   Ef(eV)
    1      -31.3298      -31.3218      -31.3218   0.01026   0.00000 -4.72303
    2      -31.3291      -31.3291      -31.3291   0.00128   0.00000 -4.84438
    3      -31.3291      -31.3284      -31.3284   0.00043   0.00000 -4.83157
    4      -31.3291      -31.3291      -31.3291   0.00010   0.00000 -4.83262
    5      -31.3291      -31.3291      -31.3291   0.00010   0.00000 -4.83264
    6      -31.3291      -31.3291      -31.3291   0.00009   0.00000 -4.83267
    7      -31.3291      -31.3291      -31.3291   0.00009   0.00000 -4.83269
    8      -31.3291      -31.3291      -31.3291   0.00009   0.00000 -4.83271
    9      -31.3291      -31.3291      -31.3291   0.00009   0.00000 -4.83273
   10      -31.3291      -31.3291      -31.3291   0.00008   0.00000 -4.83275
   11      -31.3291      -31.3291      -31.3291   0.00008   0.00000 -4.83277
   12      -31.3291      -31.3291      -31.3291   0.00008   0.00000 -4.83278
   13      -31.3291      -31.3291      -31.3291   0.00008   0.00000 -4.83280
   14      -31.3291      -31.3291      -31.3291   0.00008   0.00000 -4.83282
   15      -31.3291      -31.3291      -31.3291   0.00007   0.00000 -4.83284
   16      -31.3291      -31.3291      -31.3291   0.00007   0.00000 -4.83285
   17      -31.3291      -31.3291      -31.3291   0.00007   0.00000 -4.83287
   18      -31.3291      -31.3291      -31.3291   0.00007   0.00000 -4.83289
   19      -31.3291      -31.3291      -31.3291   0.00007   0.00000 -4.83290
   20      -31.3291      -31.3291      -31.3291   0.00007   0.00000 -4.83292
   21      -31.3291      -31.3291      -31.3291   0.00006   0.00000 -4.83293
   22      -31.3291      -31.3291      -31.3291   0.00006   0.00000 -4.83295
   23      -31.3291      -31.3291      -31.3291   0.00006   0.00000 -4.83296
   24      -31.3291      -31.3291      -31.3291   0.00006   0.00000 -4.83298
   25      -31.3291      -31.3291      -31.3291   0.00006   0.00000 -4.83299
   26      -31.3291      -31.3291      -31.3291   0.00006   0.00000 -4.83301
   27      -31.3291      -31.3291      -31.3291   0.00006   0.00000 -4.83302
   28      -31.3291      -31.3291      -31.3291   0.00005   0.00000 -4.83303
   29      -31.3291      -31.3291      -31.3291   0.00005   0.00000 -4.83305
   30      -31.3291      -31.3291      -31.3291   0.00005   0.00000 -4.83306
   31      -31.3291      -31.3291      -31.3291   0.00005   0.00000 -4.83307
   32      -31.3291      -31.3291      -31.3291   0.00005   0.00000 -4.83308
   33      -31.3291      -31.3291      -31.3291   0.00005   0.00000 -4.83309
   34      -31.3291      -31.3291      -31.3291   0.00005   0.00000 -4.83311
   35      -31.3291      -31.3291      -31.3291   0.00005   0.00000 -4.83312
   36      -31.3291      -31.3291      -31.3291   0.00004   0.00000 -4.83313
   37      -31.3291      -31.3291      -31.3291   0.00004   0.00000 -4.83314
   38      -31.3291      -31.3291      -31.3291   0.00004   0.00000 -4.83315
   39      -31.3291      -31.3291      -31.3291   0.00004   0.00000 -4.83316
   40      -31.3291      -31.3291      -31.3291   0.00004   0.00000 -4.83317
   41      -31.3291      -31.3291      -31.3291   0.00004   0.00000 -4.83318
   42      -31.3291      -31.3291      -31.3291   0.00004   0.00000 -4.83319
   43      -31.3291      -31.3291      -31.3291   0.00004   0.00000 -4.83320
   44      -31.3291      -31.3291      -31.3291   0.00004   0.00000 -4.83321
   45      -31.3291      -31.3291      -31.3291   0.00004   0.00000 -4.83322
   46      -31.3291      -31.3291      -31.3291   0.00004   0.00000 -4.83322
   47      -31.3291      -31.3291      -31.3291   0.00003   0.00000 -4.83323
   48      -31.3291      -31.3291      -31.3291   0.00003   0.00000 -4.83324
   49      -31.3291      -31.3291      -31.3291   0.00003   0.00000 -4.83325
   50      -31.3291      -31.3291      -31.3291   0.00003   0.00000 -4.83326
   51      -31.3291      -31.3291      -31.3291   0.00003   0.00000 -4.83327
   52      -31.3291      -31.3291      -31.3291   0.00003   0.00000 -4.83327
   53      -31.3291      -31.3291      -31.3291   0.00003   0.00000 -4.83328
   54      -31.3291      -31.3291      -31.3291   0.00003   0.00000 -4.83329
   55      -31.3291      -31.3291      -31.3291   0.00003   0.00000 -4.83330
   56      -31.3291      -31.3291      -31.3291   0.00003   0.00000 -4.83330
   57      -31.3291      -31.3291      -31.3291   0.00003   0.00000 -4.83331
   58      -31.3291      -31.3291      -31.3291   0.00003   0.00000 -4.83332
   59      -31.3291      -31.3291      -31.3291   0.00003   0.00000 -4.83332
   60      -31.3291      -31.3291      -31.3291   0.00003   0.00000 -4.83333
   61      -31.3291      -31.3291      -31.3291   0.00002   0.00000 -4.83334
   62      -31.3291      -31.3291      -31.3291   0.00002   0.00000 -4.83334
   63      -31.3291      -31.3291      -31.3291   0.00002   0.00000 -4.83335
   64      -31.3291      -31.3291      -31.3291   0.00002   0.00000 -4.83335
   65      -31.3291      -31.3291      -31.3291   0.00002   0.00000 -4.83336
   66      -31.3291      -31.3291      -31.3291   0.00002   0.00000 -4.83337
   67      -31.3291      -31.3291      -31.3291   0.00002   0.00000 -4.83337
   68      -31.3291      -31.3291      -31.3291   0.00002   0.00000 -4.83338
   69      -31.3291      -31.3291      -31.3291   0.00002   0.00000 -4.83338
   70      -31.3291      -31.3291      -31.3291   0.00002   0.00000 -4.83339
