slurmd[lonsdale-n066]: *** JOB 161661 CANCELLED AT 2013-10-01T18:27:37 ***
mpirun: killing job...



###############################################################################
TCHPC Cluster: lonsdale
Job 161661 (freq-1.6) for User 'baim' in Account 'hpc_12_00447'
Finished at: Tue Oct  1 18:27:37 IST 2013

Job completion status:
======================

       JobID    JobName      Account  Partition   NTasks  AllocCPUS  MaxVMSize    Elapsed      State ExitCode 
------------ ---------- ------------ ---------- -------- ---------- ---------- ---------- ---------- -------- 
161661         freq-1.6 hpc_12_00447    compute                  48              22:43:47 CANCELLED+      0:0 
161661.0          orted hpc_12_00447                   5          5          0   22:43:46  CANCELLED      0:0 


Job details:
============

JobId=161661 Name=freq-1.6
   UserId=baim(5349) GroupId=baim(9152)
   Priority=14712625 Account=hpc_12_00447 QOS=normal
   JobState=COMPLETING Reason=None Dependency=(null)
   Requeue=0 Restarts=0 BatchFlag=1 ExitCode=0:0
   DerivedExitCode=0:0
   RunTime=22:43:47 TimeLimit=23:00:00 TimeMin=N/A
   SubmitTime=2013-09-30T18:36:54 EligibleTime=2013-09-30T18:36:54
   StartTime=2013-09-30T19:43:50 EndTime=2013-10-01T18:27:37
   PreemptTime=None SuspendTime=None SecsPreSuspend=0
   Partition=compute AllocNode:Sid=lonsdale01:15612
   ReqNodeList=(null) ExcNodeList=(null)
   NodeList=lonsdale-n[066,071,075,079,097,104]
   BatchHost=lonsdale-n066
   NumNodes=6 NumCPUs=48 CPUs/Task=1 ReqS:C:T=*:*:*
     Nodes=lonsdale-n[066,071,075,079,097,104] CPU_IDs=0-7 Mem=15200
   MinCPUsNode=1 MinMemoryCPU=1900M MinTmpDiskNode=0
   Features=(null) Gres=(null) Reservation=(null)
   Shared=0 Contiguous=0 Licenses=(null) Network=(null)
   Command=/home/users/baim/workspace/MD/gold/3d/100/jp/spd/newbasis/bias/1.6/800/freq/freq.sh
   WorkDir=/home/users/baim/workspace/MD/gold/3d/100/jp/spd/newbasis/bias/1.6/800/freq


Disk quota details:
===================

Quota Type           Name  Filesystem     Usage in MB     Limit in MB    % Used
-------------------------------------------------------------------------------
USER                 baim       /home          44,314          51,200    86.55%
USER                 baim   /projects             188               0       N/A

GROUP         pi-ssanvito   /projects       6,126,862       6,291,456    97.38%


SLURM Bank Statement:
=====================

User           Usage |        Account     Usage | Account Limit Available (CPU hrs)
---------- --------- + -------------- --------- + ------------- ---------

baim         127,936 |   HPC_12_00447   127,936 |       300,000   172,064
ssanvito           0 |   HPC_12_00447   127,936 |       300,000   172,064


Acknowledgements:
=================

Note that usage of TCHPC Resources *must* be acknowledged in all publications.

Please see this page for details relevant to this cluster:

http://www.tchpc.tcd.ie/resources/acknowledgementpolicy

################################################################################
