 iscf   Eharris(eV)      E_KS(eV)   FreeEng(eV)    dHmax    dDmax   Ef(eV)
    1      -31.3321      -31.3241      -31.3241   0.01045   0.00000 -4.72806
    2      -31.3315      -31.3314      -31.3314   0.00173   0.00000 -4.84935
    3      -31.3315      -31.3307      -31.3307   0.00045   0.00000 -4.83644
    4      -31.3315      -31.3313      -31.3313   0.00027   0.00000 -4.83750
    5      -31.3315      -31.3309      -31.3309   0.00040   0.00000 -4.83767
    6      -31.3315      -31.3309      -31.3309   0.00040   0.00000 -4.83769
    7      -31.3315      -31.3309      -31.3309   0.00039   0.00000 -4.83771
    8      -31.3315      -31.3309      -31.3309   0.00038   0.00000 -4.83773
    9      -31.3315      -31.3309      -31.3309   0.00037   0.00000 -4.83775
   10      -31.3315      -31.3309      -31.3309   0.00037   0.00000 -4.83777
   11      -31.3315      -31.3309      -31.3309   0.00036   0.00000 -4.83778
   12      -31.3315      -31.3310      -31.3310   0.00035   0.00000 -4.83780
   13      -31.3315      -31.3310      -31.3310   0.00035   0.00000 -4.83782
   14      -31.3315      -31.3310      -31.3310   0.00034   0.00000 -4.83784
   15      -31.3315      -31.3310      -31.3310   0.00033   0.00000 -4.83785
   16      -31.3315      -31.3310      -31.3310   0.00033   0.00000 -4.83787
   17      -31.3315      -31.3310      -31.3310   0.00032   0.00000 -4.83788
   18      -31.3315      -31.3310      -31.3310   0.00031   0.00000 -4.83790
   19      -31.3315      -31.3310      -31.3310   0.00031   0.00000 -4.83791
   20      -31.3315      -31.3310      -31.3310   0.00030   0.00000 -4.83793
   21      -31.3315      -31.3310      -31.3310   0.00030   0.00000 -4.83794
   22      -31.3315      -31.3310      -31.3310   0.00029   0.00000 -4.83796
   23      -31.3315      -31.3311      -31.3311   0.00029   0.00000 -4.83797
   24      -31.3315      -31.3311      -31.3311   0.00028   0.00000 -4.83798
   25      -31.3315      -31.3311      -31.3311   0.00027   0.00000 -4.83800
   26      -31.3315      -31.3311      -31.3311   0.00027   0.00000 -4.83801
   27      -31.3315      -31.3311      -31.3311   0.00026   0.00000 -4.83802
   28      -31.3315      -31.3311      -31.3311   0.00026   0.00000 -4.83804
   29      -31.3315      -31.3311      -31.3311   0.00025   0.00000 -4.83805
   30      -31.3315      -31.3311      -31.3311   0.00025   0.00000 -4.83806
   31      -31.3315      -31.3311      -31.3311   0.00024   0.00000 -4.83807
   32      -31.3315      -31.3311      -31.3311   0.00024   0.00000 -4.83808
   33      -31.3315      -31.3311      -31.3311   0.00024   0.00000 -4.83809
   34      -31.3315      -31.3311      -31.3311   0.00023   0.00000 -4.83810
   35      -31.3315      -31.3311      -31.3311   0.00023   0.00000 -4.83811
   36      -31.3315      -31.3311      -31.3311   0.00022   0.00000 -4.83812
   37      -31.3315      -31.3312      -31.3312   0.00022   0.00000 -4.83813
   38      -31.3315      -31.3312      -31.3312   0.00021   0.00000 -4.83814
   39      -31.3315      -31.3312      -31.3312   0.00021   0.00000 -4.83815
   40      -31.3315      -31.3312      -31.3312   0.00021   0.00000 -4.83816
   41      -31.3315      -31.3312      -31.3312   0.00020   0.00000 -4.83817
   42      -31.3315      -31.3312      -31.3312   0.00020   0.00000 -4.83818
   43      -31.3315      -31.3312      -31.3312   0.00019   0.00000 -4.83819
   44      -31.3315      -31.3312      -31.3312   0.00019   0.00000 -4.83820
   45      -31.3315      -31.3312      -31.3312   0.00019   0.00000 -4.83821
   46      -31.3315      -31.3312      -31.3312   0.00018   0.00000 -4.83821
   47      -31.3315      -31.3312      -31.3312   0.00018   0.00000 -4.83822
   48      -31.3315      -31.3312      -31.3312   0.00018   0.00000 -4.83823
   49      -31.3315      -31.3312      -31.3312   0.00017   0.00000 -4.83824
   50      -31.3315      -31.3312      -31.3312   0.00017   0.00000 -4.83825
   51      -31.3315      -31.3312      -31.3312   0.00017   0.00000 -4.83825
   52      -31.3315      -31.3312      -31.3312   0.00016   0.00000 -4.83826
   53      -31.3315      -31.3312      -31.3312   0.00016   0.00000 -4.83827
   54      -31.3315      -31.3312      -31.3312   0.00016   0.00000 -4.83827
   55      -31.3315      -31.3312      -31.3312   0.00015   0.00000 -4.83828
   56      -31.3315      -31.3313      -31.3313   0.00015   0.00000 -4.83829
   57      -31.3315      -31.3313      -31.3313   0.00015   0.00000 -4.83829
   58      -31.3315      -31.3313      -31.3313   0.00015   0.00000 -4.83830
   59      -31.3315      -31.3313      -31.3313   0.00014   0.00000 -4.83831
   60      -31.3315      -31.3313      -31.3313   0.00014   0.00000 -4.83831
   61      -31.3315      -31.3313      -31.3313   0.00014   0.00000 -4.83832
   62      -31.3315      -31.3313      -31.3313   0.00013   0.00000 -4.83832
   63      -31.3315      -31.3313      -31.3313   0.00013   0.00000 -4.83833
   64      -31.3315      -31.3313      -31.3313   0.00013   0.00000 -4.83833
   65      -31.3315      -31.3313      -31.3313   0.00013   0.00000 -4.83834
   66      -31.3315      -31.3313      -31.3313   0.00013   0.00000 -4.83834
   67      -31.3315      -31.3313      -31.3313   0.00012   0.00000 -4.83835
   68      -31.3315      -31.3313      -31.3313   0.00012   0.00000 -4.83835
   69      -31.3315      -31.3313      -31.3313   0.00012   0.00000 -4.83836
   70      -31.3315      -31.3313      -31.3313   0.00012   0.00000 -4.83836
   71      -31.3315      -31.3313      -31.3313   0.00011   0.00000 -4.83837
   72      -31.3315      -31.3313      -31.3313   0.00011   0.00000 -4.83837
   73      -31.3315      -31.3313      -31.3313   0.00011   0.00000 -4.83838
   74      -31.3315      -31.3313      -31.3313   0.00011   0.00000 -4.83838
   75      -31.3315      -31.3313      -31.3313   0.00011   0.00000 -4.83839
   76      -31.3315      -31.3313      -31.3313   0.00010   0.00000 -4.83839
   77      -31.3315      -31.3313      -31.3313   0.00010   0.00000 -4.83839
   78      -31.3315      -31.3313      -31.3313   0.00010   0.00000 -4.83840
   79      -31.3315      -31.3313      -31.3313   0.00010   0.00000 -4.83840
   80      -31.3315      -31.3313      -31.3313   0.00010   0.00000 -4.83841
   81      -31.3315      -31.3313      -31.3313   0.00009   0.00000 -4.83841
   82      -31.3315      -31.3313      -31.3313   0.00009   0.00000 -4.83841
   83      -31.3315      -31.3313      -31.3313   0.00009   0.00000 -4.83842
   84      -31.3315      -31.3313      -31.3313   0.00009   0.00000 -4.83842
   85      -31.3315      -31.3313      -31.3313   0.00009   0.00000 -4.83842
   86      -31.3315      -31.3313      -31.3313   0.00009   0.00000 -4.83843
   87      -31.3315      -31.3314      -31.3314   0.00008   0.00000 -4.83843
   88      -31.3315      -31.3314      -31.3314   0.00008   0.00000 -4.83843
   89      -31.3315      -31.3314      -31.3314   0.00008   0.00000 -4.83844
   90      -31.3315      -31.3314      -31.3314   0.00008   0.00000 -4.83844
   91      -31.3315      -31.3314      -31.3314   0.00008   0.00000 -4.83844
   92      -31.3315      -31.3314      -31.3314   0.00008   0.00000 -4.83845
   93      -31.3315      -31.3314      -31.3314   0.00007   0.00000 -4.83845
   94      -31.3315      -31.3314      -31.3314   0.00007   0.00000 -4.83845
   95      -31.3315      -31.3314      -31.3314   0.00007   0.00000 -4.83845
   96      -31.3315      -31.3314      -31.3314   0.00007   0.00000 -4.83846
   97      -31.3315      -31.3314      -31.3314   0.00007   0.00000 -4.83846
   98      -31.3315      -31.3314      -31.3314   0.00007   0.00000 -4.83846
   99      -31.3315      -31.3314      -31.3314   0.00007   0.00000 -4.83846
  100      -31.3315      -31.3314      -31.3314   0.00007   0.00000 -4.83847
  101      -31.3315      -31.3314      -31.3314   0.00006   0.00000 -4.83847
  102      -31.3315      -31.3314      -31.3314   0.00006   0.00000 -4.83847
  103      -31.3315      -31.3314      -31.3314   0.00006   0.00000 -4.83847
  104      -31.3315      -31.3314      -31.3314   0.00006   0.00000 -4.83848
  105      -31.3315      -31.3314      -31.3314   0.00006   0.00000 -4.83848
  106      -31.3315      -31.3314      -31.3314   0.00006   0.00000 -4.83848
  107      -31.3315      -31.3314      -31.3314   0.00006   0.00000 -4.83848
  108      -31.3315      -31.3314      -31.3314   0.00006   0.00000 -4.83848
  109      -31.3315      -31.3314      -31.3314   0.00005   0.00000 -4.83849
  110      -31.3315      -31.3314      -31.3314   0.00005   0.00000 -4.83849
  111      -31.3315      -31.3314      -31.3314   0.00005   0.00000 -4.83849
  112      -31.3315      -31.3314      -31.3314   0.00005   0.00000 -4.83849
  113      -31.3315      -31.3314      -31.3314   0.00005   0.00000 -4.83849
  114      -31.3315      -31.3314      -31.3314   0.00005   0.00000 -4.83850
  115      -31.3315      -31.3314      -31.3314   0.00005   0.00000 -4.83850
  116      -31.3315      -31.3314      -31.3314   0.00005   0.00000 -4.83850
  117      -31.3315      -31.3314      -31.3314   0.00005   0.00000 -4.83850
  118      -31.3315      -31.3314      -31.3314   0.00005   0.00000 -4.83850
  119      -31.3315      -31.3314      -31.3314   0.00005   0.00000 -4.83850
  120      -31.3315      -31.3314      -31.3314   0.00004   0.00000 -4.83851
  121      -31.3315      -31.3314      -31.3314   0.00004   0.00000 -4.83851
  122      -31.3315      -31.3314      -31.3314   0.00004   0.00000 -4.83851
  123      -31.3315      -31.3314      -31.3314   0.00004   0.00000 -4.83851
  124      -31.3315      -31.3314      -31.3314   0.00004   0.00000 -4.83851
  125      -31.3315      -31.3314      -31.3314   0.00004   0.00000 -4.83851
  126      -31.3315      -31.3314      -31.3314   0.00004   0.00000 -4.83851
  127      -31.3315      -31.3314      -31.3314   0.00004   0.00000 -4.83851
  128      -31.3315      -31.3314      -31.3314   0.00004   0.00000 -4.83852
  129      -31.3315      -31.3314      -31.3314   0.00004   0.00000 -4.83852
  130      -31.3315      -31.3314      -31.3314   0.00004   0.00000 -4.83852
  131      -31.3315      -31.3314      -31.3314   0.00004   0.00000 -4.83852
  132      -31.3315      -31.3314      -31.3314   0.00004   0.00000 -4.83852
  133      -31.3315      -31.3314      -31.3314   0.00003   0.00000 -4.83852
  134      -31.3315      -31.3314      -31.3314   0.00003   0.00000 -4.83852
  135      -31.3315      -31.3314      -31.3314   0.00003   0.00000 -4.83852
  136      -31.3315      -31.3314      -31.3314   0.00003   0.00000 -4.83853
  137      -31.3315      -31.3314      -31.3314   0.00003   0.00000 -4.83853
  138      -31.3315      -31.3314      -31.3314   0.00003   0.00000 -4.83853
  139      -31.3315      -31.3314      -31.3314   0.00003   0.00000 -4.83853
  140      -31.3315      -31.3314      -31.3314   0.00003   0.00000 -4.83853
  141      -31.3315      -31.3314      -31.3314   0.00003   0.00000 -4.83853
  142      -31.3315      -31.3314      -31.3314   0.00003   0.00000 -4.83853
  143      -31.3315      -31.3314      -31.3314   0.00003   0.00000 -4.83853
  144      -31.3315      -31.3314      -31.3314   0.00003   0.00000 -4.83853
  145      -31.3315      -31.3314      -31.3314   0.00003   0.00000 -4.83853
  146      -31.3315      -31.3314      -31.3314   0.00003   0.00000 -4.83853
  147      -31.3315      -31.3314      -31.3314   0.00003   0.00000 -4.83854
  148      -31.3315      -31.3314      -31.3314   0.00003   0.00000 -4.83854
  149      -31.3315      -31.3314      -31.3314   0.00003   0.00000 -4.83854
  150      -31.3315      -31.3314      -31.3314   0.00002   0.00000 -4.83854
  151      -31.3315      -31.3314      -31.3314   0.00002   0.00000 -4.83854
  152      -31.3315      -31.3314      -31.3314   0.00002   0.00000 -4.83854
  153      -31.3315      -31.3314      -31.3314   0.00002   0.00000 -4.83854
  154      -31.3315      -31.3314      -31.3314   0.00002   0.00000 -4.83854
  155      -31.3315      -31.3314      -31.3314   0.00002   0.00000 -4.83854
  156      -31.3315      -31.3314      -31.3314   0.00002   0.00000 -4.83854
  157      -31.3315      -31.3314      -31.3314   0.00002   0.00000 -4.83854
  158      -31.3315      -31.3314      -31.3314   0.00002   0.00000 -4.83854
  159      -31.3315      -31.3314      -31.3314   0.00002   0.00000 -4.83854
  160      -31.3315      -31.3314      -31.3314   0.00002   0.00000 -4.83854
  161      -31.3315      -31.3314      -31.3314   0.00002   0.00000 -4.83855
  162      -31.3315      -31.3314      -31.3314   0.00002   0.00000 -4.83855
