 iscf   Eharris(eV)      E_KS(eV)   FreeEng(eV)    dHmax    dDmax   Ef(eV)
    1      -31.5660      -31.5654      -31.5654   0.00305   0.00000 -5.06306
    2      -31.5659      -31.5659      -31.5659   0.00162   0.00000 -5.09418
    3      -31.5659      -31.5658      -31.5658   0.00091   0.00000 -5.08881
    4      -31.5659      -31.5659      -31.5659   0.00007   0.00000 -5.09068
    5      -31.5659      -31.5659      -31.5659   0.00007   0.00000 -5.09069
    6      -31.5659      -31.5659      -31.5659   0.00007   0.00000 -5.09069
    7      -31.5659      -31.5659      -31.5659   0.00007   0.00000 -5.09070
    8      -31.5659      -31.5659      -31.5659   0.00006   0.00000 -5.09071
    9      -31.5659      -31.5659      -31.5659   0.00006   0.00000 -5.09071
   10      -31.5659      -31.5659      -31.5659   0.00006   0.00000 -5.09072
   11      -31.5659      -31.5659      -31.5659   0.00006   0.00000 -5.09072
   12      -31.5659      -31.5659      -31.5659   0.00006   0.00000 -5.09073
   13      -31.5659      -31.5659      -31.5659   0.00006   0.00000 -5.09074
   14      -31.5659      -31.5659      -31.5659   0.00006   0.00000 -5.09074
   15      -31.5659      -31.5659      -31.5659   0.00006   0.00000 -5.09075
   16      -31.5659      -31.5659      -31.5659   0.00006   0.00000 -5.09075
   17      -31.5659      -31.5659      -31.5659   0.00005   0.00000 -5.09076
   18      -31.5659      -31.5659      -31.5659   0.00005   0.00000 -5.09076
   19      -31.5659      -31.5659      -31.5659   0.00005   0.00000 -5.09077
   20      -31.5659      -31.5659      -31.5659   0.00005   0.00000 -5.09077
   21      -31.5659      -31.5659      -31.5659   0.00005   0.00000 -5.09078
   22      -31.5659      -31.5659      -31.5659   0.00005   0.00000 -5.09078
   23      -31.5659      -31.5659      -31.5659   0.00005   0.00000 -5.09079
   24      -31.5659      -31.5659      -31.5659   0.00005   0.00000 -5.09079
   25      -31.5659      -31.5659      -31.5659   0.00005   0.00000 -5.09080
   26      -31.5659      -31.5659      -31.5659   0.00005   0.00000 -5.09080
   27      -31.5659      -31.5659      -31.5659   0.00005   0.00000 -5.09081
   28      -31.5659      -31.5659      -31.5659   0.00004   0.00000 -5.09081
   29      -31.5659      -31.5659      -31.5659   0.00004   0.00000 -5.09081
   30      -31.5659      -31.5659      -31.5659   0.00004   0.00000 -5.09082
   31      -31.5659      -31.5659      -31.5659   0.00004   0.00000 -5.09082
   32      -31.5659      -31.5659      -31.5659   0.00004   0.00000 -5.09083
   33      -31.5659      -31.5659      -31.5659   0.00004   0.00000 -5.09083
   34      -31.5659      -31.5659      -31.5659   0.00004   0.00000 -5.09083
   35      -31.5659      -31.5659      -31.5659   0.00004   0.00000 -5.09084
   36      -31.5659      -31.5659      -31.5659   0.00004   0.00000 -5.09084
   37      -31.5659      -31.5659      -31.5659   0.00004   0.00000 -5.09084
   38      -31.5659      -31.5659      -31.5659   0.00004   0.00000 -5.09085
   39      -31.5659      -31.5659      -31.5659   0.00004   0.00000 -5.09085
   40      -31.5659      -31.5659      -31.5659   0.00004   0.00000 -5.09085
   41      -31.5659      -31.5659      -31.5659   0.00004   0.00000 -5.09086
   42      -31.5659      -31.5659      -31.5659   0.00003   0.00000 -5.09086
   43      -31.5659      -31.5659      -31.5659   0.00003   0.00000 -5.09086
   44      -31.5659      -31.5659      -31.5659   0.00003   0.00000 -5.09086
   45      -31.5659      -31.5659      -31.5659   0.00003   0.00000 -5.09087
   46      -31.5659      -31.5659      -31.5659   0.00003   0.00000 -5.09087
   47      -31.5659      -31.5659      -31.5659   0.00003   0.00000 -5.09087
   48      -31.5659      -31.5659      -31.5659   0.00003   0.00000 -5.09088
   49      -31.5659      -31.5659      -31.5659   0.00003   0.00000 -5.09088
   50      -31.5659      -31.5659      -31.5659   0.00003   0.00000 -5.09088
   51      -31.5659      -31.5659      -31.5659   0.00003   0.00000 -5.09088
   52      -31.5659      -31.5659      -31.5659   0.00003   0.00000 -5.09089
   53      -31.5659      -31.5659      -31.5659   0.00003   0.00000 -5.09089
   54      -31.5659      -31.5659      -31.5659   0.00003   0.00000 -5.09089
   55      -31.5659      -31.5659      -31.5659   0.00003   0.00000 -5.09089
   56      -31.5659      -31.5659      -31.5659   0.00003   0.00000 -5.09089
   57      -31.5659      -31.5659      -31.5659   0.00003   0.00000 -5.09090
   58      -31.5659      -31.5659      -31.5659   0.00003   0.00000 -5.09090
   59      -31.5659      -31.5659      -31.5659   0.00003   0.00000 -5.09090
   60      -31.5659      -31.5659      -31.5659   0.00002   0.00000 -5.09090
   61      -31.5659      -31.5659      -31.5659   0.00002   0.00000 -5.09091
   62      -31.5659      -31.5659      -31.5659   0.00002   0.00000 -5.09091
   63      -31.5659      -31.5659      -31.5659   0.00002   0.00000 -5.09091
   64      -31.5659      -31.5659      -31.5659   0.00002   0.00000 -5.09091
   65      -31.5659      -31.5659      -31.5659   0.00002   0.00000 -5.09091
   66      -31.5659      -31.5659      -31.5659   0.00002   0.00000 -5.09091
   67      -31.5659      -31.5659      -31.5659   0.00002   0.00000 -5.09092
   68      -31.5659      -31.5659      -31.5659   0.00002   0.00000 -5.09092
   69      -31.5659      -31.5659      -31.5659   0.00002   0.00000 -5.09092
   70      -31.5659      -31.5659      -31.5659   0.00002   0.00000 -5.09092
   71      -31.5659      -31.5659      -31.5659   0.00002   0.00000 -5.09092
   72      -31.5659      -31.5659      -31.5659   0.00002   0.00000 -5.09092
