cpu-bind=MASK - cn1148, task  0  0 [46686]: mask 0xffffffffffffffff set
--------------------------------------------------------------------------
Open MPI failed an OFI Libfabric library call (fi_domain).  This is highly
unusual; your job may behave unpredictably (and/or abort) after this.

  Local host: cn1151
  Location: mtl_ofi_component.c:928
  Error: No data available (61)
--------------------------------------------------------------------------
[cn1148.scarf.rl.ac.uk:46725] 119 more processes have sent help message help-mtl-ofi.txt / OFI call fail
[cn1148.scarf.rl.ac.uk:46725] Set MCA parameter "orte_base_help_aggregate" to 0 to see all help / error messages
--------------------------------------------------------------------------
Open MPI failed an OFI Libfabric library call (fi_domain).  This is highly
unusual; your job may behave unpredictably (and/or abort) after this.

  Local host: cn1151
  Location: mtl_ofi_component.c:928
  Error: No data available (61)
--------------------------------------------------------------------------
[cn1148.scarf.rl.ac.uk:47885] 119 more processes have sent help message help-mtl-ofi.txt / OFI call fail
[cn1148.scarf.rl.ac.uk:47885] Set MCA parameter "orte_base_help_aggregate" to 0 to see all help / error messages
[1685855392.710210] [cn1148:47916:0]          mpool.c:43   UCX  WARN  object 0x6ab9480 was not returned to mpool ucp_requests
[1685855392.710241] [cn1148:47921:0]          mpool.c:43   UCX  WARN  object 0x5d793c0 was not returned to mpool ucp_requests
[1685855392.710287] [cn1148:47931:0]          mpool.c:43   UCX  WARN  object 0x61bab40 was not returned to mpool ucp_requests
[1685855392.710295] [cn1148:47932:0]          mpool.c:43   UCX  WARN  object 0x50bb280 was not returned to mpool ucp_requests
[1685855392.710302] [cn1148:47934:0]          mpool.c:43   UCX  WARN  object 0x6445300 was not returned to mpool ucp_requests
[1685855392.710306] [cn1148:47933:0]          mpool.c:43   UCX  WARN  object 0x5bc2fc0 was not returned to mpool ucp_requests
[1685855392.710375] [cn1148:47914:0]          mpool.c:43   UCX  WARN  object 0x5ce2840 was not returned to mpool ucp_requests
[1685855392.710372] [cn1148:47915:0]          mpool.c:43   UCX  WARN  object 0x5146d80 was not returned to mpool ucp_requests
[1685855392.710351] [cn1148:47919:0]          mpool.c:43   UCX  WARN  object 0xd919840 was not returned to mpool ucp_requests
[1685855392.710304] [cn1148:47922:0]          mpool.c:43   UCX  WARN  object 0x6d4cc80 was not returned to mpool ucp_requests
[1685855392.710399] [cn1148:47923:0]          mpool.c:43   UCX  WARN  object 0x61d3b40 was not returned to mpool ucp_requests
[1685855392.710395] [cn1148:47927:0]          mpool.c:43   UCX  WARN  object 0x6b0ef80 was not returned to mpool ucp_requests
[1685855392.710385] [cn1148:47929:0]          mpool.c:43   UCX  WARN  object 0x5efd6c0 was not returned to mpool ucp_requests
[1685855392.710404] [cn1148:47929:0]          mpool.c:43   UCX  WARN  object 0x5efe140 was not returned to mpool ucp_requests
[1685855392.710411] [cn1148:47930:0]          mpool.c:43   UCX  WARN  object 0x5aafe80 was not returned to mpool ucp_requests
[1685855392.710464] [cn1148:47910:0]          mpool.c:43   UCX  WARN  object 0x5ff0f80 was not returned to mpool ucp_requests
[1685855392.710450] [cn1148:47911:0]          mpool.c:43   UCX  WARN  object 0x61bd540 was not returned to mpool ucp_requests
[1685855392.710431] [cn1148:47925:0]          mpool.c:43   UCX  WARN  object 0x4fcc380 was not returned to mpool ucp_requests
[1685855392.710450] [cn1148:47928:0]          mpool.c:43   UCX  WARN  object 0x59b5200 was not returned to mpool ucp_requests
-5.4589950579E+000
--------------------------------------------------------------------------
Open MPI failed an OFI Libfabric library call (fi_domain).  This is highly
unusual; your job may behave unpredictably (and/or abort) after this.

  Local host: cn1151
  Location: mtl_ofi_component.c:928
  Error: No data available (61)
--------------------------------------------------------------------------
[cn1148.scarf.rl.ac.uk:48798] 119 more processes have sent help message help-mtl-ofi.txt / OFI call fail
[cn1148.scarf.rl.ac.uk:48798] Set MCA parameter "orte_base_help_aggregate" to 0 to see all help / error messages
[1685855771.410136] [cn1148:48850:0]          mpool.c:43   UCX  WARN  object 0x678bec0 was not returned to mpool ucp_requests
[1685855771.410125] [cn1148:48852:0]          mpool.c:43   UCX  WARN  object 0x59df100 was not returned to mpool ucp_requests
[1685855771.410198] [cn1148:48847:0]          mpool.c:43   UCX  WARN  object 0x54d6f00 was not returned to mpool ucp_requests
[1685855771.410225] [cn1148:48830:0]          mpool.c:43   UCX  WARN  object 0x57e7dc0 was not returned to mpool ucp_requests
[1685855771.410216] [cn1148:48832:0]          mpool.c:43   UCX  WARN  object 0x6338b80 was not returned to mpool ucp_requests
[1685855771.410293] [cn1148:48833:0]          mpool.c:43   UCX  WARN  object 0x585e180 was not returned to mpool ucp_requests
[1685855771.410291] [cn1148:48834:0]          mpool.c:43   UCX  WARN  object 0x6544280 was not returned to mpool ucp_requests
[1685855771.410292] [cn1148:48851:0]          mpool.c:43   UCX  WARN  object 0x57d4540 was not returned to mpool ucp_requests
[1685855771.410361] [cn1148:48836:0]          mpool.c:43   UCX  WARN  object 0x59bf0c0 was not returned to mpool ucp_requests
[1685855771.410359] [cn1148:48837:0]          mpool.c:43   UCX  WARN  object 0x6c04440 was not returned to mpool ucp_requests
[1685855771.410360] [cn1148:48839:0]          mpool.c:43   UCX  WARN  object 0x6b59100 was not returned to mpool ucp_requests
[1685855771.410391] [cn1148:48828:0]          mpool.c:43   UCX  WARN  object 0x53bf800 was not returned to mpool ucp_requests
[1685855771.410413] [cn1148:48841:0]          mpool.c:43   UCX  WARN  object 0x56c8000 was not returned to mpool ucp_requests
[1685855771.410430] [cn1148:48841:0]          mpool.c:43   UCX  WARN  object 0x56cb2c0 was not returned to mpool ucp_requests
[1685855771.410419] [cn1148:48843:0]          mpool.c:43   UCX  WARN  object 0x5838b00 was not returned to mpool ucp_requests
[1685855771.410459] [cn1148:48824:0]          mpool.c:43   UCX  WARN  object 0x6af0440 was not returned to mpool ucp_requests
[1685855771.410474] [cn1148:48825:0]          mpool.c:43   UCX  WARN  object 0x55c9200 was not returned to mpool ucp_requests
[1685855771.410470] [cn1148:48829:0]          mpool.c:43   UCX  WARN  object 0x63fb680 was not returned to mpool ucp_requests
[1685855771.410466] [cn1148:48835:0]          mpool.c:43   UCX  WARN  object 0x53ffe00 was not returned to mpool ucp_requests
-5.4589950579E+000
--------------------------------------------------------------------------
Open MPI failed an OFI Libfabric library call (fi_domain).  This is highly
unusual; your job may behave unpredictably (and/or abort) after this.

  Local host: cn1152
  Location: mtl_ofi_component.c:928
  Error: No data available (61)
--------------------------------------------------------------------------
[cn1148.scarf.rl.ac.uk:50375] 119 more processes have sent help message help-mtl-ofi.txt / OFI call fail
[cn1148.scarf.rl.ac.uk:50375] Set MCA parameter "orte_base_help_aggregate" to 0 to see all help / error messages
[1685856151.697486] [cn1148:50736:0]          mpool.c:43   UCX  WARN  object 0x6cd9c40 was not returned to mpool ucp_requests
[1685856151.697492] [cn1148:50740:0]          mpool.c:43   UCX  WARN  object 0x614a140 was not returned to mpool ucp_requests
[1685856151.697599] [cn1148:50729:0]          mpool.c:43   UCX  WARN  object 0x662c880 was not returned to mpool ucp_requests
[1685856151.697588] [cn1148:50730:0]          mpool.c:43   UCX  WARN  object 0x560f0c0 was not returned to mpool ucp_requests
[1685856151.697578] [cn1148:50735:0]          mpool.c:43   UCX  WARN  object 0x58aeec0 was not returned to mpool ucp_requests
[1685856151.697631] [cn1148:50737:0]          mpool.c:43   UCX  WARN  object 0x5961480 was not returned to mpool ucp_requests
[1685856151.697611] [cn1148:50726:0]          mpool.c:43   UCX  WARN  object 0x51e0e80 was not returned to mpool ucp_requests
[1685856151.697623] [cn1148:50731:0]          mpool.c:43   UCX  WARN  object 0x5d22e40 was not returned to mpool ucp_requests
[1685856151.697652] [cn1148:50732:0]          mpool.c:43   UCX  WARN  object 0x4fe4e00 was not returned to mpool ucp_requests
[1685856151.697669] [cn1148:50732:0]          mpool.c:43   UCX  WARN  object 0x4fe79c0 was not returned to mpool ucp_requests
[1685856151.697682] [cn1148:50734:0]          mpool.c:43   UCX  WARN  object 0x6141d40 was not returned to mpool ucp_requests
[1685856151.697672] [cn1148:50718:0]          mpool.c:43   UCX  WARN  object 0x5c23440 was not returned to mpool ucp_requests
[1685856151.697634] [cn1148:50720:0]          mpool.c:43   UCX  WARN  object 0x6d984c0 was not returned to mpool ucp_requests
[1685856151.697660] [cn1148:50721:0]          mpool.c:43   UCX  WARN  object 0x6527ec0 was not returned to mpool ucp_requests
[1685856151.697637] [cn1148:50723:0]          mpool.c:43   UCX  WARN  object 0x5e0a680 was not returned to mpool ucp_requests
[1685856151.697677] [cn1148:50724:0]          mpool.c:43   UCX  WARN  object 0x632f380 was not returned to mpool ucp_requests
[1685856151.697646] [cn1148:50725:0]          mpool.c:43   UCX  WARN  object 0x6cf0a00 was not returned to mpool ucp_requests
[1685856151.697677] [cn1148:50717:0]          mpool.c:43   UCX  WARN  object 0x5e30a00 was not returned to mpool ucp_requests
[1685856151.697826] [cn1148:50715:0]          mpool.c:43   UCX  WARN  object 0x5117480 was not returned to mpool ucp_requests
