cpu-bind=MASK - cn1112, task  0  0 [50485]: mask 0xffffffffffffffff set
--------------------------------------------------------------------------
Open MPI failed an OFI Libfabric library call (fi_domain).  This is highly
unusual; your job may behave unpredictably (and/or abort) after this.

  Local host: cn1112
  Location: mtl_ofi_component.c:928
  Error: No data available (61)
--------------------------------------------------------------------------
[cn1112.scarf.rl.ac.uk:50527] 239 more processes have sent help message help-mtl-ofi.txt / OFI call fail
[cn1112.scarf.rl.ac.uk:50527] Set MCA parameter "orte_base_help_aggregate" to 0 to see all help / error messages
--------------------------------------------------------------------------
Open MPI failed an OFI Libfabric library call (fi_domain).  This is highly
unusual; your job may behave unpredictably (and/or abort) after this.

  Local host: cn1113
  Location: mtl_ofi_component.c:928
  Error: No data available (61)
--------------------------------------------------------------------------
[cn1112.scarf.rl.ac.uk:51159] 239 more processes have sent help message help-mtl-ofi.txt / OFI call fail
[cn1112.scarf.rl.ac.uk:51159] Set MCA parameter "orte_base_help_aggregate" to 0 to see all help / error messages
[1678814281.015605] [cn1112:51253:0]          mpool.c:43   UCX  WARN  object 0xb0cfb00 was not returned to mpool ucp_requests
[1678814281.015788] [cn1112:51251:0]          mpool.c:43   UCX  WARN  object 0x643ec00 was not returned to mpool ucp_requests
[1678814281.015826] [cn1112:51246:0]          mpool.c:43   UCX  WARN  object 0xb05a840 was not returned to mpool ucp_requests
[1678814281.015898] [cn1112:51239:0]          mpool.c:43   UCX  WARN  object 0x4eb6800 was not returned to mpool ucp_requests
[1678814281.015952] [cn1112:51232:0]          mpool.c:43   UCX  WARN  object 0x5c8b4c0 was not returned to mpool ucp_requests
[1678814281.015993] [cn1112:51230:0]          mpool.c:43   UCX  WARN  object 0x5724780 was not returned to mpool ucp_requests
[1678814281.016012] [cn1112:51243:0]          mpool.c:43   UCX  WARN  object 0x555a5c0 was not returned to mpool ucp_requests
[1678814281.016017] [cn1112:51237:0]          mpool.c:43   UCX  WARN  object 0xb0af6c0 was not returned to mpool ucp_requests
[1678814281.016031] [cn1112:51226:0]          mpool.c:43   UCX  WARN  object 0xb785ec0 was not returned to mpool ucp_requests
[1678814281.016041] [cn1112:51234:0]          mpool.c:43   UCX  WARN  object 0xb002800 was not returned to mpool ucp_requests
-1.1031968249E+001
--------------------------------------------------------------------------
Open MPI failed an OFI Libfabric library call (fi_domain).  This is highly
unusual; your job may behave unpredictably (and/or abort) after this.

  Local host: cn1115
  Location: mtl_ofi_component.c:928
  Error: No data available (61)
--------------------------------------------------------------------------
[cn1112.scarf.rl.ac.uk:51764] 239 more processes have sent help message help-mtl-ofi.txt / OFI call fail
[cn1112.scarf.rl.ac.uk:51764] Set MCA parameter "orte_base_help_aggregate" to 0 to see all help / error messages
[1678814460.541675] [cn1112:51852:0]          mpool.c:43   UCX  WARN  object 0xabe98c0 was not returned to mpool ucp_requests
[1678814460.541785] [cn1112:51854:0]          mpool.c:43   UCX  WARN  object 0xa746540 was not returned to mpool ucp_requests
[1678814460.541883] [cn1112:51856:0]          mpool.c:43   UCX  WARN  object 0x6144600 was not returned to mpool ucp_requests
[1678814460.542717] [cn1112:51842:0]          mpool.c:43   UCX  WARN  object 0xb9d1100 was not returned to mpool ucp_requests
[1678814460.542746] [cn1112:51830:0]          mpool.c:43   UCX  WARN  object 0xbb57800 was not returned to mpool ucp_requests
[1678814460.542753] [cn1112:51833:0]          mpool.c:43   UCX  WARN  object 0x6334580 was not returned to mpool ucp_requests
[1678814460.542759] [cn1112:51844:0]          mpool.c:43   UCX  WARN  object 0xc138340 was not returned to mpool ucp_requests
[1678814460.542781] [cn1112:51836:0]          mpool.c:43   UCX  WARN  object 0xb7c5880 was not returned to mpool ucp_requests
[1678814460.542803] [cn1112:51838:0]          mpool.c:43   UCX  WARN  object 0x5a2ad80 was not returned to mpool ucp_requests
[1678814460.542847] [cn1112:51849:0]          mpool.c:43   UCX  WARN  object 0xb092c80 was not returned to mpool ucp_requests
cp: cannot stat ‘0V-VH_z-0028.dat’: No such file or directory
cp: cannot stat ‘0V-VH_z-0028.dat’: No such file or directory
cp: cannot stat ‘0V-RHO_z-0028.dat’: No such file or directory
cp: cannot stat ‘0V-RHO_z-0028.dat’: No such file or directory
