 @target G0.S0
 @type xy
  -0.9999831E+01      0.0000000E+00
  -0.9974800E+01      0.0000000E+00
  -0.9949769E+01      0.8511320E-39
  -0.9924738E+01      0.0000000E+00
  -0.9899707E+01      0.0000000E+00
  -0.9874676E+01      0.0000000E+00
  -0.9849645E+01      0.3864948E-40
  -0.9824614E+01      0.1009261E-39
  -0.9799584E+01      0.3720030E-39
  -0.9774553E+01      0.0000000E+00
  -0.9749522E+01      0.0000000E+00
  -0.9724491E+01      0.1638146E-38
  -0.9699460E+01      0.2431769E-38
  -0.9674429E+01      0.0000000E+00
  -0.9649398E+01      0.0000000E+00
  -0.9624368E+01      0.1505801E-38
  -0.9599337E+01      0.0000000E+00
  -0.9574306E+01      0.6741449E-39
  -0.9549275E+01      0.1188744E-38
  -0.9524244E+01      0.0000000E+00
  -0.9499213E+01      0.0000000E+00
  -0.9474182E+01      0.1284175E-39
  -0.9449152E+01      0.2527425E-39
  -0.9424121E+01      0.3581469E-38
  -0.9399090E+01      0.1647309E-38
  -0.9374059E+01      0.8486534E-39
  -0.9349028E+01      0.0000000E+00
  -0.9323997E+01      0.0000000E+00
  -0.9298966E+01      0.2682654E-39
  -0.9273935E+01      0.1595325E-39
  -0.9248905E+01      0.0000000E+00
  -0.9223874E+01      0.0000000E+00
  -0.9198843E+01      0.1978908E-38
  -0.9173812E+01      0.0000000E+00
  -0.9148781E+01      0.0000000E+00
  -0.9123750E+01      0.0000000E+00
  -0.9098719E+01      0.0000000E+00
  -0.9073689E+01      0.0000000E+00
  -0.9048658E+01      0.4509914E-39
  -0.9023627E+01      0.0000000E+00
  -0.8998596E+01      0.0000000E+00
  -0.8973565E+01      0.0000000E+00
  -0.8948534E+01      0.0000000E+00
  -0.8923503E+01      0.0000000E+00
  -0.8898472E+01      0.3441482E-39
  -0.8873442E+01      0.7512312E-39
  -0.8848411E+01      0.1328125E-38
  -0.8823380E+01      0.0000000E+00
  -0.8798349E+01      0.6408053E-39
  -0.8773318E+01      0.0000000E+00
  -0.8748287E+01      0.0000000E+00
  -0.8723256E+01      0.0000000E+00
  -0.8698226E+01      0.0000000E+00
  -0.8673195E+01      0.1198943E-38
  -0.8648164E+01      0.1626335E-40
  -0.8623133E+01      0.0000000E+00
  -0.8598102E+01      0.0000000E+00
  -0.8573071E+01      0.0000000E+00
  -0.8548040E+01      0.0000000E+00
  -0.8523010E+01      0.0000000E+00
  -0.8497979E+01      0.1572270E-42
  -0.8472948E+01      0.0000000E+00
  -0.8447917E+01      0.0000000E+00
  -0.8422886E+01      0.0000000E+00
  -0.8397855E+01      0.0000000E+00
  -0.8372824E+01      0.0000000E+00
  -0.8347793E+01      0.1122991E-39
  -0.8322763E+01      0.0000000E+00
  -0.8297732E+01      0.4057168E-40
  -0.8272701E+01      0.1029544E-40
  -0.8247670E+01      0.0000000E+00
  -0.8222639E+01      0.0000000E+00
  -0.8197608E+01      0.0000000E+00
  -0.8172577E+01      0.0000000E+00
  -0.8147547E+01      0.0000000E+00
  -0.8122516E+01      0.0000000E+00
  -0.8097485E+01      0.2753290E-39
  -0.8072454E+01      0.2019667E-40
  -0.8047423E+01      0.9082558E-39
  -0.8022392E+01      0.3843257E-40
  -0.7997361E+01      0.1895191E-39
  -0.7972330E+01      0.0000000E+00
  -0.7947300E+01      0.4325889E-39
  -0.7922269E+01      0.0000000E+00
  -0.7897238E+01      0.0000000E+00
  -0.7872207E+01      0.3997732E-39
  -0.7847176E+01      0.0000000E+00
  -0.7822145E+01      0.0000000E+00
  -0.7797114E+01      0.1351441E-40
  -0.7772084E+01      0.0000000E+00
  -0.7747053E+01      0.0000000E+00
  -0.7722022E+01      0.7768997E-39
  -0.7696991E+01      0.2361274E-39
  -0.7671960E+01      0.0000000E+00
  -0.7646929E+01      0.8559984E-40
  -0.7621898E+01      0.2364239E-42
  -0.7596868E+01      0.2906683E-40
  -0.7571837E+01      0.0000000E+00
  -0.7546806E+01      0.5461549E-41
  -0.7521775E+01      0.2491000E-40
  -0.7496744E+01      0.7407475E-40
  -0.7471713E+01      0.3549823E-40
  -0.7446682E+01      0.4375011E-40
  -0.7421651E+01      0.2563075E-39
  -0.7396621E+01      0.0000000E+00
  -0.7371590E+01      0.6982798E-40
  -0.7346559E+01      0.5107708E-39
  -0.7321528E+01      0.0000000E+00
  -0.7296497E+01      0.0000000E+00
  -0.7271466E+01      0.2140760E-39
  -0.7246435E+01      0.0000000E+00
  -0.7221405E+01      0.0000000E+00
  -0.7196374E+01      0.2648991E-39
  -0.7171343E+01      0.2935693E-39
  -0.7146312E+01      0.0000000E+00
  -0.7121281E+01      0.0000000E+00
  -0.7096250E+01      0.1275937E-39
  -0.7071219E+01      0.1878532E-40
  -0.7046188E+01      0.0000000E+00
  -0.7021158E+01      0.1181053E-39
  -0.6996127E+01      0.0000000E+00
  -0.6971096E+01      0.1978383E-40
  -0.6946065E+01      0.0000000E+00
  -0.6921034E+01      0.0000000E+00
  -0.6896003E+01      0.0000000E+00
  -0.6870972E+01      0.0000000E+00
  -0.6845942E+01      0.0000000E+00
  -0.6820911E+01      0.2381847E-39
  -0.6795880E+01      0.0000000E+00
  -0.6770849E+01      0.1279314E-39
  -0.6745818E+01      0.1402053E-40
  -0.6720787E+01      0.3165949E-40
  -0.6695756E+01      0.3026632E-40
  -0.6670725E+01      0.1009933E-39
  -0.6645695E+01      0.8702147E-41
  -0.6620664E+01      0.0000000E+00
  -0.6595633E+01      0.4358533E-40
  -0.6570602E+01      0.1755697E-40
  -0.6545571E+01      0.0000000E+00
  -0.6520540E+01      0.0000000E+00
  -0.6495509E+01      0.5756514E-40
  -0.6470479E+01      0.3246856E-40
  -0.6445448E+01      0.7229195E-40
  -0.6420417E+01      0.0000000E+00
  -0.6395386E+01      0.0000000E+00
  -0.6370355E+01      0.0000000E+00
  -0.6345324E+01      0.0000000E+00
  -0.6320293E+01      0.0000000E+00
  -0.6295263E+01      0.2935727E-41
  -0.6270232E+01      0.1048556E-41
  -0.6245201E+01      0.0000000E+00
  -0.6220170E+01      0.1435423E-39
  -0.6195139E+01      0.0000000E+00
  -0.6170108E+01      0.6100114E-40
  -0.6145077E+01      0.2332811E-39
  -0.6120046E+01      0.0000000E+00
  -0.6095016E+01      0.7593605E-40
  -0.6069985E+01      0.0000000E+00
  -0.6044954E+01      0.0000000E+00
  -0.6019923E+01      0.3667415E-40
  -0.5994892E+01      0.0000000E+00
  -0.5969861E+01      0.0000000E+00
  -0.5944830E+01      0.2650944E-41
  -0.5919800E+01      0.0000000E+00
  -0.5894769E+01      0.0000000E+00
  -0.5869738E+01      0.0000000E+00
  -0.5844707E+01      0.0000000E+00
  -0.5819676E+01      0.9261591E-40
  -0.5794645E+01      0.0000000E+00
  -0.5769614E+01      0.0000000E+00
  -0.5744583E+01      0.0000000E+00
  -0.5719553E+01      0.0000000E+00
  -0.5694522E+01      0.0000000E+00
  -0.5669491E+01      0.0000000E+00
  -0.5644460E+01      0.5210705E-41
  -0.5619429E+01      0.0000000E+00
  -0.5594398E+01      0.0000000E+00
  -0.5569367E+01      0.1704113E-41
  -0.5544337E+01      0.0000000E+00
  -0.5519306E+01      0.0000000E+00
  -0.5494275E+01      0.6328981E-41
  -0.5469244E+01      0.0000000E+00
  -0.5444213E+01      0.0000000E+00
  -0.5419182E+01      0.3385977E-41
  -0.5394151E+01      0.1806957E-40
  -0.5369121E+01      0.0000000E+00
  -0.5344090E+01      0.0000000E+00
  -0.5319059E+01      0.3619778E-40
  -0.5294028E+01      0.0000000E+00
  -0.5268997E+01      0.0000000E+00
  -0.5243966E+01      0.0000000E+00
  -0.5218935E+01      0.0000000E+00
  -0.5193904E+01      0.1046518E-42
  -0.5168874E+01      0.2002110E-40
  -0.5143843E+01      0.0000000E+00
  -0.5118812E+01      0.1728282E-40
  -0.5093781E+01      0.2534045E-40
  -0.5068750E+01      0.2119916E-40
  -0.5043719E+01      0.0000000E+00
  -0.5018688E+01      0.0000000E+00
  -0.4993658E+01      0.0000000E+00
  -0.4968627E+01      0.3407580E-41
  -0.4943596E+01      0.0000000E+00
  -0.4918565E+01      0.1400431E-40
  -0.4893534E+01      0.0000000E+00
  -0.4868503E+01      0.0000000E+00
  -0.4843472E+01      0.0000000E+00
  -0.4818441E+01      0.0000000E+00
  -0.4793411E+01      0.0000000E+00
  -0.4768380E+01      0.9414900E-42
  -0.4743349E+01      0.1472575E-41
  -0.4718318E+01      0.6654938E-41
  -0.4693287E+01      0.0000000E+00
  -0.4668256E+01      0.1159620E-40
  -0.4643225E+01      0.7716422E-41
  -0.4618195E+01      0.0000000E+00
  -0.4593164E+01      0.7435219E-42
  -0.4568133E+01      0.0000000E+00
  -0.4543102E+01      0.6942896E-41
  -0.4518071E+01      0.1132144E-41
  -0.4493040E+01      0.0000000E+00
  -0.4468009E+01      0.0000000E+00
  -0.4442979E+01      0.0000000E+00
  -0.4417948E+01      0.1024003E-41
  -0.4392917E+01      0.2758379E-41
  -0.4367886E+01      0.9363870E-42
  -0.4342855E+01      0.0000000E+00
  -0.4317824E+01      0.0000000E+00
  -0.4292793E+01      0.0000000E+00
  -0.4267762E+01      0.8627874E-41
  -0.4242732E+01      0.1172304E-41
  -0.4217701E+01      0.0000000E+00
  -0.4192670E+01      0.0000000E+00
  -0.4167639E+01      0.2992090E-42
  -0.4142608E+01      0.0000000E+00
  -0.4117577E+01      0.0000000E+00
  -0.4092546E+01      0.4390703E-43
  -0.4067516E+01      0.2780087E-42
  -0.4042485E+01      0.2658660E-41
  -0.4017454E+01      0.3473153E-42
  -0.3992423E+01      0.0000000E+00
  -0.3967392E+01      0.3017746E-42
  -0.3942361E+01      0.0000000E+00
  -0.3917330E+01      0.0000000E+00
  -0.3892299E+01      0.2007894E-42
  -0.3867269E+01      0.4177355E-42
  -0.3842238E+01      0.0000000E+00
  -0.3817207E+01      0.8754598E-42
  -0.3792176E+01      0.1385950E-42
  -0.3767145E+01      0.8481083E-42
  -0.3742114E+01      0.4991816E-42
  -0.3717083E+01      0.0000000E+00
  -0.3692053E+01      0.2944725E-42
  -0.3667022E+01      0.2523532E-42
  -0.3641991E+01      0.0000000E+00
  -0.3616960E+01      0.0000000E+00
  -0.3591929E+01      0.1004379E-41
  -0.3566898E+01      0.0000000E+00
  -0.3541867E+01      0.0000000E+00
  -0.3516837E+01      0.4640854E-42
  -0.3491806E+01      0.2329052E-42
  -0.3466775E+01      0.3737280E-42
  -0.3441744E+01      0.1220699E-42
  -0.3416713E+01      0.0000000E+00
  -0.3391682E+01      0.0000000E+00
  -0.3366651E+01      0.8241030E-42
  -0.3341620E+01      0.2657492E-44
  -0.3316590E+01      0.2924141E-42
  -0.3291559E+01      0.6420198E-42
  -0.3266528E+01      0.0000000E+00
  -0.3241497E+01      0.9477373E-44
  -0.3216466E+01      0.2423363E-42
  -0.3191435E+01      0.1753504E-43
  -0.3166404E+01      0.0000000E+00
  -0.3141374E+01      0.0000000E+00
  -0.3116343E+01      0.1708251E-42
  -0.3091312E+01      0.1314172E-42
  -0.3066281E+01      0.0000000E+00
  -0.3041250E+01      0.1083275E-43
  -0.3016219E+01      0.0000000E+00
  -0.2991188E+01      0.0000000E+00
  -0.2966157E+01      0.0000000E+00
  -0.2941127E+01      0.0000000E+00
  -0.2916096E+01      0.0000000E+00
  -0.2891065E+01      0.0000000E+00
  -0.2866034E+01      0.1932298E-42
  -0.2841003E+01      0.0000000E+00
  -0.2815972E+01      0.0000000E+00
  -0.2790941E+01      0.0000000E+00
  -0.2765911E+01      0.8933160E-44
  -0.2740880E+01      0.0000000E+00
  -0.2715849E+01      0.0000000E+00
  -0.2690818E+01      0.9463562E-44
  -0.2665787E+01      0.0000000E+00
  -0.2640756E+01      0.0000000E+00
  -0.2615725E+01      0.0000000E+00
  -0.2590695E+01      0.1079907E-43
  -0.2565664E+01      0.0000000E+00
  -0.2540633E+01      0.2084526E-43
  -0.2515602E+01      0.0000000E+00
  -0.2490571E+01      0.0000000E+00
  -0.2465540E+01      0.0000000E+00
  -0.2440509E+01      0.0000000E+00
  -0.2415478E+01      0.6442008E-44
  -0.2390448E+01      0.0000000E+00
  -0.2365417E+01      0.1014088E-43
  -0.2340386E+01      0.1210118E-44
  -0.2315355E+01      0.8405857E-44
  -0.2290324E+01      0.3514781E-44
  -0.2265293E+01      0.2669847E-44
  -0.2240262E+01      0.0000000E+00
  -0.2215232E+01      0.9670656E-44
  -0.2190201E+01      0.1608634E-44
  -0.2165170E+01      0.0000000E+00
  -0.2140139E+01      0.0000000E+00
  -0.2115108E+01      0.0000000E+00
  -0.2090077E+01      0.0000000E+00
  -0.2065046E+01      0.0000000E+00
  -0.2040015E+01      0.0000000E+00
  -0.2014985E+01      0.4506469E-44
  -0.1989954E+01      0.0000000E+00
  -0.1964923E+01      0.3615783E-45
  -0.1939892E+01      0.3100584E-46
  -0.1914861E+01      0.0000000E+00
  -0.1889830E+01      0.2422512E-45
  -0.1864799E+01      0.0000000E+00
  -0.1839769E+01      0.6198233E-46
  -0.1814738E+01      0.2771979E-45
  -0.1789707E+01      0.0000000E+00
  -0.1764676E+01      0.1930106E-44
  -0.1739645E+01      0.0000000E+00
  -0.1714614E+01      0.0000000E+00
  -0.1689583E+01      0.6461409E-43
  -0.1664553E+01      0.1130416E-42
  -0.1639522E+01      0.5476266E-45
  -0.1614491E+01      0.1492498E-42
  -0.1589460E+01      0.1246972E-41
  -0.1564429E+01      0.0000000E+00
  -0.1539398E+01      0.2536160E-41
  -0.1514367E+01      0.0000000E+00
  -0.1489336E+01      0.0000000E+00
  -0.1464306E+01      0.3163985E-40
  -0.1439275E+01      0.0000000E+00
  -0.1414244E+01      0.2033337E-39
  -0.1389213E+01      0.6191953E-39
  -0.1364182E+01      0.0000000E+00
  -0.1339151E+01      0.0000000E+00
  -0.1314120E+01      0.0000000E+00
  -0.1289090E+01      0.0000000E+00
  -0.1264059E+01      0.0000000E+00
  -0.1239028E+01      0.2232547E-36
  -0.1213997E+01      0.0000000E+00
  -0.1188966E+01      0.0000000E+00
  -0.1163935E+01      0.1842399E-33
  -0.1138904E+01      0.0000000E+00
  -0.1113873E+01      0.1394098E-32
  -0.1088843E+01      0.0000000E+00
  -0.1063812E+01      0.0000000E+00
  -0.1038781E+01      0.1167254E-30
  -0.1013750E+01      0.6746678E-29
  -0.9887192E+00      0.0000000E+00
  -0.9636883E+00      0.9996362E+00
  -0.9386574E+00      0.9999623E+00
  -0.9136266E+00      0.9999838E+00
  -0.8885957E+00      0.9999910E+00
  -0.8635648E+00      0.9999943E+00
  -0.8385340E+00      0.9999962E+00
  -0.8135031E+00      0.9999972E+00
  -0.7884722E+00      0.9999979E+00
  -0.7634414E+00      0.9999983E+00
  -0.7384105E+00      0.9999986E+00
  -0.7133797E+00      0.9999988E+00
  -0.6883488E+00      0.9999990E+00
  -0.6633179E+00      0.9999991E+00
  -0.6382871E+00      0.9999992E+00
  -0.6132562E+00      0.9999992E+00
  -0.5882253E+00      0.9999993E+00
  -0.5631945E+00      0.9999993E+00
  -0.5381636E+00      0.9999993E+00
  -0.5131327E+00      0.9999994E+00
  -0.4881019E+00      0.9999994E+00
  -0.4630710E+00      0.9999994E+00
  -0.4380401E+00      0.9999994E+00
  -0.4130093E+00      0.9999994E+00
  -0.3879784E+00      0.9999994E+00
  -0.3629475E+00      0.9999994E+00
  -0.3379167E+00      0.9999995E+00
  -0.3128858E+00      0.9999995E+00
  -0.2878549E+00      0.9999995E+00
  -0.2628241E+00      0.9999995E+00
  -0.2377932E+00      0.9999995E+00
  -0.2127624E+00      0.9999995E+00
  -0.1877315E+00      0.9999995E+00
  -0.1627006E+00      0.9999996E+00
  -0.1376698E+00      0.9999996E+00
  -0.1126389E+00      0.9999996E+00
  -0.8760803E-01      0.9999996E+00
  -0.6257716E-01      0.9999996E+00
  -0.3754630E-01      0.9999996E+00
  -0.1251543E-01      0.9999997E+00
   0.1251543E-01      0.9999997E+00
   0.3754630E-01      0.9999997E+00
   0.6257716E-01      0.9999997E+00
   0.8760803E-01      0.9999997E+00
   0.1126389E+00      0.9999998E+00
   0.1376698E+00      0.9999998E+00
   0.1627006E+00      0.9999998E+00
   0.1877315E+00      0.9999998E+00
   0.2127624E+00      0.9999998E+00
   0.2377932E+00      0.9999998E+00
   0.2628241E+00      0.9999998E+00
   0.2878549E+00      0.9999999E+00
   0.3128858E+00      0.9999999E+00
   0.3379167E+00      0.9999999E+00
   0.3629475E+00      0.9999999E+00
   0.3879784E+00      0.9999999E+00
   0.4130093E+00      0.9999999E+00
   0.4380401E+00      0.9999999E+00
   0.4630710E+00      0.9999999E+00
   0.4881019E+00      0.9999999E+00
   0.5131327E+00      0.1000000E+01
   0.5381636E+00      0.1000000E+01
   0.5631945E+00      0.1000000E+01
   0.5882253E+00      0.1000000E+01
   0.6132562E+00      0.1000000E+01
   0.6382871E+00      0.1000000E+01
   0.6633179E+00      0.1000000E+01
   0.6883488E+00      0.1000000E+01
   0.7133797E+00      0.1000000E+01
   0.7384105E+00      0.1000000E+01
   0.7634414E+00      0.1000000E+01
   0.7884722E+00      0.1000000E+01
   0.8135031E+00      0.1000000E+01
   0.8385340E+00      0.1000000E+01
   0.8635648E+00      0.1000000E+01
   0.8885957E+00      0.1000000E+01
   0.9136266E+00      0.1000000E+01
   0.9386574E+00      0.1000000E+01
   0.9636883E+00      0.1000000E+01
   0.9887192E+00      0.1000000E+01
   0.1013750E+01      0.1000000E+01
   0.1038781E+01      0.1000000E+01
   0.1063812E+01      0.1000000E+01
   0.1088843E+01      0.1000000E+01
   0.1113873E+01      0.1000000E+01
   0.1138904E+01      0.1000000E+01
   0.1163935E+01      0.1000000E+01
   0.1188966E+01      0.1000000E+01
   0.1213997E+01      0.1000000E+01
   0.1239028E+01      0.1000000E+01
   0.1264059E+01      0.1000000E+01
   0.1289090E+01      0.1000000E+01
   0.1314120E+01      0.1000000E+01
   0.1339151E+01      0.1000000E+01
   0.1364182E+01      0.1000000E+01
   0.1389213E+01      0.1000000E+01
   0.1414244E+01      0.1000000E+01
   0.1439275E+01      0.1000000E+01
   0.1464306E+01      0.1000000E+01
   0.1489336E+01      0.1000000E+01
   0.1514367E+01      0.1000000E+01
   0.1539398E+01      0.1000000E+01
   0.1564429E+01      0.1000000E+01
   0.1589460E+01      0.1000000E+01
   0.1614491E+01      0.1000000E+01
   0.1639522E+01      0.1000000E+01
   0.1664553E+01      0.1000000E+01
   0.1689583E+01      0.1000000E+01
   0.1714614E+01      0.1000000E+01
   0.1739645E+01      0.1000000E+01
   0.1764676E+01      0.1000000E+01
   0.1789707E+01      0.1000000E+01
   0.1814738E+01      0.1000000E+01
   0.1839769E+01      0.1000000E+01
   0.1864799E+01      0.1000000E+01
   0.1889830E+01      0.1000000E+01
   0.1914861E+01      0.1000000E+01
   0.1939892E+01      0.1000000E+01
   0.1964923E+01      0.1000000E+01
   0.1989954E+01      0.9999999E+00
   0.2014985E+01      0.9999999E+00
   0.2040015E+01      0.9999999E+00
   0.2065046E+01      0.9999999E+00
   0.2090077E+01      0.9999999E+00
   0.2115108E+01      0.9999999E+00
   0.2140139E+01      0.9999999E+00
   0.2165170E+01      0.9999999E+00
   0.2190201E+01      0.9999999E+00
   0.2215232E+01      0.9999999E+00
   0.2240262E+01      0.9999999E+00
   0.2265293E+01      0.9999999E+00
   0.2290324E+01      0.9999999E+00
   0.2315355E+01      0.9999999E+00
   0.2340386E+01      0.9999999E+00
   0.2365417E+01      0.9999999E+00
   0.2390448E+01      0.9999999E+00
   0.2415478E+01      0.9999999E+00
   0.2440509E+01      0.9999999E+00
   0.2465540E+01      0.9999999E+00
   0.2490571E+01      0.9999999E+00
   0.2515602E+01      0.9999999E+00
   0.2540633E+01      0.9999999E+00
   0.2565664E+01      0.9999999E+00
   0.2590695E+01      0.9999999E+00
   0.2615725E+01      0.9999999E+00
   0.2640756E+01      0.9999999E+00
   0.2665787E+01      0.9999999E+00
   0.2690818E+01      0.9999999E+00
   0.2715849E+01      0.9999999E+00
   0.2740880E+01      0.9999999E+00
   0.2765911E+01      0.9999999E+00
   0.2790941E+01      0.9999999E+00
   0.2815972E+01      0.9999999E+00
   0.2841003E+01      0.9999999E+00
   0.2866034E+01      0.9999999E+00
   0.2891065E+01      0.9999999E+00
   0.2916096E+01      0.9999999E+00
   0.2941127E+01      0.9999999E+00
   0.2966157E+01      0.9999999E+00
   0.2991188E+01      0.9999999E+00
   0.3016219E+01      0.9999999E+00
   0.3041250E+01      0.9999999E+00
   0.3066281E+01      0.9999999E+00
   0.3091312E+01      0.9999999E+00
   0.3116343E+01      0.9999999E+00
   0.3141374E+01      0.9999999E+00
   0.3166404E+01      0.9999999E+00
   0.3191435E+01      0.9999999E+00
   0.3216466E+01      0.9999999E+00
   0.3241497E+01      0.9999999E+00
   0.3266528E+01      0.9999999E+00
   0.3291559E+01      0.9999999E+00
   0.3316590E+01      0.9999999E+00
   0.3341620E+01      0.9999999E+00
   0.3366651E+01      0.9999999E+00
   0.3391682E+01      0.9999999E+00
   0.3416713E+01      0.9999999E+00
   0.3441744E+01      0.9999999E+00
   0.3466775E+01      0.9999999E+00
   0.3491806E+01      0.9999999E+00
   0.3516837E+01      0.9999999E+00
   0.3541867E+01      0.9999999E+00
   0.3566898E+01      0.9999999E+00
   0.3591929E+01      0.9999999E+00
   0.3616960E+01      0.9999999E+00
   0.3641991E+01      0.9999999E+00
   0.3667022E+01      0.9999999E+00
   0.3692053E+01      0.9999999E+00
   0.3717083E+01      0.9999999E+00
   0.3742114E+01      0.9999999E+00
   0.3767145E+01      0.9999999E+00
   0.3792176E+01      0.9999999E+00
   0.3817207E+01      0.9999998E+00
   0.3842238E+01      0.9999997E+00
   0.3867269E+01      0.9999993E+00
   0.3892299E+01      0.1434529E-22
   0.3917330E+01      0.0000000E+00
   0.3942361E+01      0.0000000E+00
   0.3967392E+01      0.0000000E+00
   0.3992423E+01      0.0000000E+00
   0.4017454E+01      0.4572777E-25
   0.4042485E+01      0.5701493E-27
   0.4067516E+01      0.1017413E-26
   0.4092546E+01      0.0000000E+00
   0.4117577E+01      0.0000000E+00
   0.4142608E+01      0.2238197E-26
   0.4167639E+01      0.3585127E-27
   0.4192670E+01      0.8325854E-27
   0.4217701E+01      0.0000000E+00
   0.4242732E+01      0.0000000E+00
   0.4267762E+01      0.0000000E+00
   0.4292793E+01      0.9227957E-28
   0.4317824E+01      0.0000000E+00
   0.4342855E+01      0.1175751E-27
   0.4367886E+01      0.0000000E+00
   0.4392917E+01      0.0000000E+00
   0.4417948E+01      0.0000000E+00
   0.4442979E+01      0.9488346E-29
   0.4468009E+01      0.4787148E-28
   0.4493040E+01      0.6777829E-28
   0.4518071E+01      0.0000000E+00
   0.4543102E+01      0.2324220E-28
   0.4568133E+01      0.0000000E+00
   0.4593164E+01      0.0000000E+00
   0.4618195E+01      0.9437835E-29
   0.4643225E+01      0.0000000E+00
   0.4668256E+01      0.0000000E+00
   0.4693287E+01      0.0000000E+00
   0.4718318E+01      0.2590249E-29
   0.4743349E+01      0.8060410E-30
   0.4768380E+01      0.0000000E+00
   0.4793411E+01      0.2040837E-30
   0.4818441E+01      0.1235021E-29
   0.4843472E+01      0.1206305E-29
   0.4868503E+01      0.1613122E-29
   0.4893534E+01      0.0000000E+00
   0.4918565E+01      0.5110771E-29
   0.4943596E+01      0.1767683E-30
   0.4968627E+01      0.0000000E+00
   0.4993658E+01      0.0000000E+00
   0.5018688E+01      0.0000000E+00
   0.5043719E+01      0.0000000E+00
   0.5068750E+01      0.0000000E+00
   0.5093781E+01      0.8431785E-30
   0.5118812E+01      0.2056369E-30
   0.5143843E+01      0.0000000E+00
   0.5168874E+01      0.0000000E+00
   0.5193904E+01      0.7633930E-31
   0.5218935E+01      0.2303602E-30
   0.5243966E+01      0.0000000E+00
   0.5268997E+01      0.0000000E+00
   0.5294028E+01      0.2679460E-30
   0.5319059E+01      0.0000000E+00
   0.5344090E+01      0.2387796E-30
   0.5369121E+01      0.4005519E-30
   0.5394151E+01      0.0000000E+00
   0.5419182E+01      0.0000000E+00
   0.5444213E+01      0.0000000E+00
   0.5469244E+01      0.6980429E-31
   0.5494275E+01      0.8962618E-31
   0.5519306E+01      0.0000000E+00
   0.5544337E+01      0.3044838E-30
   0.5569367E+01      0.0000000E+00
   0.5594398E+01      0.1620486E-30
   0.5619429E+01      0.2736229E-30
   0.5644460E+01      0.3515516E-31
   0.5669491E+01      0.5508350E-31
   0.5694522E+01      0.0000000E+00
   0.5719553E+01      0.1157248E-30
   0.5744583E+01      0.2368033E-30
   0.5769614E+01      0.0000000E+00
   0.5794645E+01      0.4104814E-30
   0.5819676E+01      0.0000000E+00
   0.5844707E+01      0.1442073E-31
   0.5869738E+01      0.3407305E-32
   0.5894769E+01      0.0000000E+00
   0.5919800E+01      0.0000000E+00
   0.5944830E+01      0.0000000E+00
   0.5969861E+01      0.2678960E-31
   0.5994892E+01      0.0000000E+00
   0.6019923E+01      0.0000000E+00
   0.6044954E+01      0.0000000E+00
   0.6069985E+01      0.0000000E+00
   0.6095016E+01      0.0000000E+00
   0.6120046E+01      0.0000000E+00
   0.6145077E+01      0.3464675E-31
   0.6170108E+01      0.2259863E-33
   0.6195139E+01      0.0000000E+00
   0.6220170E+01      0.0000000E+00
   0.6245201E+01      0.3090153E-32
   0.6270232E+01      0.9274664E-31
   0.6295263E+01      0.1028268E-31
   0.6320293E+01      0.0000000E+00
   0.6345324E+01      0.1397067E-31
   0.6370355E+01      0.3669385E-32
   0.6395386E+01      0.0000000E+00
   0.6420417E+01      0.0000000E+00
   0.6445448E+01      0.0000000E+00
   0.6470479E+01      0.3681838E-31
   0.6495509E+01      0.0000000E+00
   0.6520540E+01      0.0000000E+00
   0.6545571E+01      0.0000000E+00
   0.6570602E+01      0.0000000E+00
   0.6595633E+01      0.8024260E-32
   0.6620664E+01      0.1580728E-31
   0.6645695E+01      0.3471018E-31
   0.6670725E+01      0.0000000E+00
   0.6695756E+01      0.0000000E+00
   0.6720787E+01      0.0000000E+00
   0.6745818E+01      0.0000000E+00
   0.6770849E+01      0.9641830E-32
   0.6795880E+01      0.0000000E+00
   0.6820911E+01      0.0000000E+00
   0.6845942E+01      0.1760118E-31
   0.6870972E+01      0.0000000E+00
   0.6896003E+01      0.0000000E+00
   0.6921034E+01      0.0000000E+00
   0.6946065E+01      0.0000000E+00
   0.6971096E+01      0.0000000E+00
   0.6996127E+01      0.1379410E-31
   0.7021158E+01      0.0000000E+00
   0.7046188E+01      0.0000000E+00
   0.7071219E+01      0.6485533E-32
   0.7096250E+01      0.0000000E+00
   0.7121281E+01      0.2614851E-32
   0.7146312E+01      0.1446472E-31
   0.7171343E+01      0.0000000E+00
   0.7196374E+01      0.5112480E-32
   0.7221405E+01      0.4605450E-33
   0.7246435E+01      0.1452629E-31
   0.7271466E+01      0.0000000E+00
   0.7296497E+01      0.6315166E-33
   0.7321528E+01      0.4015613E-33
   0.7346559E+01      0.0000000E+00
   0.7371590E+01      0.0000000E+00
   0.7396621E+01      0.3653993E-33
   0.7421651E+01      0.4661231E-32
   0.7446682E+01      0.1951835E-32
   0.7471713E+01      0.0000000E+00
   0.7496744E+01      0.3916755E-33
   0.7521775E+01      0.0000000E+00
   0.7546806E+01      0.1751377E-32
   0.7571837E+01      0.1399108E-33
   0.7596868E+01      0.0000000E+00
   0.7621898E+01      0.8363306E-33
   0.7646929E+01      0.0000000E+00
   0.7671960E+01      0.1753213E-32
   0.7696991E+01      0.1355380E-32
   0.7722022E+01      0.1381854E-32
   0.7747053E+01      0.0000000E+00
   0.7772084E+01      0.0000000E+00
   0.7797114E+01      0.2176224E-32
   0.7822145E+01      0.9649934E-33
   0.7847176E+01      0.2302903E-33
   0.7872207E+01      0.1198909E-32
   0.7897238E+01      0.0000000E+00
   0.7922269E+01      0.0000000E+00
   0.7947300E+01      0.0000000E+00
   0.7972330E+01      0.0000000E+00
   0.7997361E+01      0.6030390E-33
   0.8022392E+01      0.4868622E-32
   0.8047423E+01      0.0000000E+00
   0.8072454E+01      0.3816676E-33
   0.8097485E+01      0.6392874E-33
   0.8122516E+01      0.0000000E+00
   0.8147547E+01      0.2325550E-33
   0.8172577E+01      0.1301286E-32
   0.8197608E+01      0.0000000E+00
   0.8222639E+01      0.0000000E+00
   0.8247670E+01      0.0000000E+00
   0.8272701E+01      0.0000000E+00
   0.8297732E+01      0.1704906E-32
   0.8322763E+01      0.3293796E-33
   0.8347793E+01      0.0000000E+00
   0.8372824E+01      0.1068577E-32
   0.8397855E+01      0.0000000E+00
   0.8422886E+01      0.0000000E+00
   0.8447917E+01      0.0000000E+00
   0.8472948E+01      0.1712232E-32
   0.8497979E+01      0.9229004E-33
   0.8523010E+01      0.0000000E+00
   0.8548040E+01      0.2346779E-33
   0.8573071E+01      0.3061152E-32
   0.8598102E+01      0.0000000E+00
   0.8623133E+01      0.8152638E-34
   0.8648164E+01      0.0000000E+00
   0.8673195E+01      0.1035884E-32
   0.8698226E+01      0.0000000E+00
   0.8723256E+01      0.8766383E-33
   0.8748287E+01      0.5233334E-33
   0.8773318E+01      0.0000000E+00
   0.8798349E+01      0.0000000E+00
   0.8823380E+01      0.0000000E+00
   0.8848411E+01      0.0000000E+00
   0.8873442E+01      0.0000000E+00
   0.8898472E+01      0.0000000E+00
   0.8923503E+01      0.0000000E+00
   0.8948534E+01      0.4537567E-34
   0.8973565E+01      0.5898164E-34
   0.8998596E+01      0.0000000E+00
   0.9023627E+01      0.5887449E-33
   0.9048658E+01      0.7216489E-33
   0.9073689E+01      0.1958924E-33
   0.9098719E+01      0.1689211E-33
   0.9123750E+01      0.3468828E-33
   0.9148781E+01      0.2835936E-33
   0.9173812E+01      0.7308058E-33
   0.9198843E+01      0.0000000E+00
   0.9223874E+01      0.0000000E+00
   0.9248905E+01      0.5547663E-33
   0.9273935E+01      0.5189632E-34
   0.9298966E+01      0.6475887E-34
   0.9323997E+01      0.0000000E+00
   0.9349028E+01      0.0000000E+00
   0.9374059E+01      0.8654955E-33
   0.9399090E+01      0.1343548E-34
   0.9424121E+01      0.1134438E-33
   0.9449152E+01      0.0000000E+00
   0.9474182E+01      0.3182061E-33
   0.9499213E+01      0.9419094E-34
   0.9524244E+01      0.3300827E-33
   0.9549275E+01      0.2884919E-33
   0.9574306E+01      0.1834907E-34
   0.9599337E+01      0.5238106E-33
   0.9624368E+01      0.1717756E-34
   0.9649398E+01      0.4505339E-36
   0.9674429E+01      0.7754966E-34
   0.9699460E+01      0.7007118E-36
   0.9724491E+01      0.4169605E-33
   0.9749522E+01      0.3291184E-33
   0.9774553E+01      0.0000000E+00
   0.9799584E+01      0.0000000E+00
   0.9824614E+01      0.0000000E+00
   0.9849645E+01      0.0000000E+00
   0.9874676E+01      0.0000000E+00
   0.9899707E+01      0.0000000E+00
   0.9924738E+01      0.3294850E-33
   0.9949769E+01      0.0000000E+00
   0.9974800E+01      0.0000000E+00
   0.9999831E+01      0.3663743E-33
 &
 @autoscale
 @target G1.S0
