 @target G1.S2
 @type xy
  -0.9999831E+01      0.0000000E+00
  -0.9974800E+01      0.0000000E+00
  -0.9949769E+01      0.0000000E+00
  -0.9924738E+01      0.0000000E+00
  -0.9899707E+01      0.0000000E+00
  -0.9874676E+01      0.0000000E+00
  -0.9849645E+01      0.0000000E+00
  -0.9824614E+01      0.0000000E+00
  -0.9799584E+01      0.0000000E+00
  -0.9774553E+01      0.0000000E+00
  -0.9749522E+01      0.0000000E+00
  -0.9724491E+01      0.0000000E+00
  -0.9699460E+01      0.0000000E+00
  -0.9674429E+01      0.0000000E+00
  -0.9649398E+01      0.0000000E+00
  -0.9624368E+01      0.0000000E+00
  -0.9599337E+01      0.0000000E+00
  -0.9574306E+01      0.0000000E+00
  -0.9549275E+01      0.0000000E+00
  -0.9524244E+01      0.0000000E+00
  -0.9499213E+01      0.0000000E+00
  -0.9474182E+01      0.0000000E+00
  -0.9449152E+01      0.0000000E+00
  -0.9424121E+01      0.0000000E+00
  -0.9399090E+01      0.0000000E+00
  -0.9374059E+01      0.0000000E+00
  -0.9349028E+01      0.0000000E+00
  -0.9323997E+01      0.0000000E+00
  -0.9298966E+01      0.0000000E+00
  -0.9273935E+01      0.0000000E+00
  -0.9248905E+01      0.0000000E+00
  -0.9223874E+01      0.0000000E+00
  -0.9198843E+01      0.0000000E+00
  -0.9173812E+01      0.0000000E+00
  -0.9148781E+01      0.0000000E+00
  -0.9123750E+01      0.0000000E+00
  -0.9098719E+01      0.0000000E+00
  -0.9073689E+01      0.0000000E+00
  -0.9048658E+01      0.0000000E+00
  -0.9023627E+01      0.0000000E+00
  -0.8998596E+01      0.0000000E+00
  -0.8973565E+01      0.0000000E+00
  -0.8948534E+01      0.0000000E+00
  -0.8923503E+01      0.0000000E+00
  -0.8898472E+01      0.0000000E+00
  -0.8873442E+01      0.0000000E+00
  -0.8848411E+01      0.0000000E+00
  -0.8823380E+01      0.0000000E+00
  -0.8798349E+01      0.0000000E+00
  -0.8773318E+01      0.0000000E+00
  -0.8748287E+01      0.0000000E+00
  -0.8723256E+01      0.0000000E+00
  -0.8698226E+01      0.0000000E+00
  -0.8673195E+01      0.0000000E+00
  -0.8648164E+01      0.0000000E+00
  -0.8623133E+01      0.0000000E+00
  -0.8598102E+01      0.0000000E+00
  -0.8573071E+01      0.0000000E+00
  -0.8548040E+01      0.0000000E+00
  -0.8523010E+01      0.0000000E+00
  -0.8497979E+01      0.0000000E+00
  -0.8472948E+01      0.0000000E+00
  -0.8447917E+01      0.0000000E+00
  -0.8422886E+01      0.0000000E+00
  -0.8397855E+01      0.0000000E+00
  -0.8372824E+01      0.0000000E+00
  -0.8347793E+01      0.0000000E+00
  -0.8322763E+01      0.0000000E+00
  -0.8297732E+01      0.0000000E+00
  -0.8272701E+01      0.0000000E+00
  -0.8247670E+01      0.0000000E+00
  -0.8222639E+01      0.0000000E+00
  -0.8197608E+01      0.0000000E+00
  -0.8172577E+01      0.0000000E+00
  -0.8147547E+01      0.0000000E+00
  -0.8122516E+01      0.0000000E+00
  -0.8097485E+01      0.0000000E+00
  -0.8072454E+01      0.0000000E+00
  -0.8047423E+01      0.0000000E+00
  -0.8022392E+01      0.0000000E+00
  -0.7997361E+01      0.0000000E+00
  -0.7972330E+01      0.0000000E+00
  -0.7947300E+01      0.0000000E+00
  -0.7922269E+01      0.0000000E+00
  -0.7897238E+01      0.0000000E+00
  -0.7872207E+01      0.0000000E+00
  -0.7847176E+01      0.0000000E+00
  -0.7822145E+01      0.0000000E+00
  -0.7797114E+01      0.0000000E+00
  -0.7772084E+01      0.0000000E+00
  -0.7747053E+01      0.0000000E+00
  -0.7722022E+01      0.0000000E+00
  -0.7696991E+01      0.0000000E+00
  -0.7671960E+01      0.0000000E+00
  -0.7646929E+01      0.0000000E+00
  -0.7621898E+01      0.0000000E+00
  -0.7596868E+01      0.0000000E+00
  -0.7571837E+01      0.0000000E+00
  -0.7546806E+01      0.0000000E+00
  -0.7521775E+01      0.0000000E+00
  -0.7496744E+01      0.0000000E+00
  -0.7471713E+01      0.0000000E+00
  -0.7446682E+01      0.0000000E+00
  -0.7421651E+01      0.0000000E+00
  -0.7396621E+01      0.0000000E+00
  -0.7371590E+01      0.0000000E+00
  -0.7346559E+01      0.0000000E+00
  -0.7321528E+01      0.0000000E+00
  -0.7296497E+01      0.0000000E+00
  -0.7271466E+01      0.0000000E+00
  -0.7246435E+01      0.0000000E+00
  -0.7221405E+01      0.0000000E+00
  -0.7196374E+01      0.0000000E+00
  -0.7171343E+01      0.0000000E+00
  -0.7146312E+01      0.0000000E+00
  -0.7121281E+01      0.0000000E+00
  -0.7096250E+01      0.0000000E+00
  -0.7071219E+01      0.0000000E+00
  -0.7046188E+01      0.0000000E+00
  -0.7021158E+01      0.0000000E+00
  -0.6996127E+01      0.0000000E+00
  -0.6971096E+01      0.0000000E+00
  -0.6946065E+01      0.0000000E+00
  -0.6921034E+01      0.0000000E+00
  -0.6896003E+01      0.0000000E+00
  -0.6870972E+01      0.0000000E+00
  -0.6845942E+01      0.0000000E+00
  -0.6820911E+01      0.0000000E+00
  -0.6795880E+01      0.0000000E+00
  -0.6770849E+01      0.0000000E+00
  -0.6745818E+01      0.0000000E+00
  -0.6720787E+01      0.0000000E+00
  -0.6695756E+01      0.0000000E+00
  -0.6670725E+01      0.0000000E+00
  -0.6645695E+01      0.0000000E+00
  -0.6620664E+01      0.0000000E+00
  -0.6595633E+01      0.0000000E+00
  -0.6570602E+01      0.0000000E+00
  -0.6545571E+01      0.0000000E+00
  -0.6520540E+01      0.0000000E+00
  -0.6495509E+01      0.0000000E+00
  -0.6470479E+01      0.0000000E+00
  -0.6445448E+01      0.0000000E+00
  -0.6420417E+01      0.0000000E+00
  -0.6395386E+01      0.0000000E+00
  -0.6370355E+01      0.0000000E+00
  -0.6345324E+01      0.0000000E+00
  -0.6320293E+01      0.0000000E+00
  -0.6295263E+01      0.0000000E+00
  -0.6270232E+01      0.0000000E+00
  -0.6245201E+01      0.0000000E+00
  -0.6220170E+01      0.0000000E+00
  -0.6195139E+01      0.0000000E+00
  -0.6170108E+01      0.0000000E+00
  -0.6145077E+01      0.0000000E+00
  -0.6120046E+01      0.0000000E+00
  -0.6095016E+01      0.0000000E+00
  -0.6069985E+01      0.0000000E+00
  -0.6044954E+01      0.0000000E+00
  -0.6019923E+01      0.0000000E+00
  -0.5994892E+01      0.0000000E+00
  -0.5969861E+01      0.0000000E+00
  -0.5944830E+01      0.0000000E+00
  -0.5919800E+01      0.0000000E+00
  -0.5894769E+01      0.0000000E+00
  -0.5869738E+01      0.0000000E+00
  -0.5844707E+01      0.0000000E+00
  -0.5819676E+01      0.0000000E+00
  -0.5794645E+01      0.0000000E+00
  -0.5769614E+01      0.0000000E+00
  -0.5744583E+01      0.0000000E+00
  -0.5719553E+01      0.0000000E+00
  -0.5694522E+01      0.0000000E+00
  -0.5669491E+01      0.0000000E+00
  -0.5644460E+01      0.0000000E+00
  -0.5619429E+01      0.0000000E+00
  -0.5594398E+01      0.0000000E+00
  -0.5569367E+01      0.0000000E+00
  -0.5544337E+01      0.0000000E+00
  -0.5519306E+01      0.0000000E+00
  -0.5494275E+01      0.0000000E+00
  -0.5469244E+01      0.0000000E+00
  -0.5444213E+01      0.0000000E+00
  -0.5419182E+01      0.0000000E+00
  -0.5394151E+01      0.0000000E+00
  -0.5369121E+01      0.0000000E+00
  -0.5344090E+01      0.0000000E+00
  -0.5319059E+01      0.0000000E+00
  -0.5294028E+01      0.0000000E+00
  -0.5268997E+01      0.0000000E+00
  -0.5243966E+01      0.0000000E+00
  -0.5218935E+01      0.0000000E+00
  -0.5193904E+01      0.0000000E+00
  -0.5168874E+01      0.0000000E+00
  -0.5143843E+01      0.0000000E+00
  -0.5118812E+01      0.0000000E+00
  -0.5093781E+01      0.0000000E+00
  -0.5068750E+01      0.0000000E+00
  -0.5043719E+01      0.0000000E+00
  -0.5018688E+01      0.0000000E+00
  -0.4993658E+01      0.0000000E+00
  -0.4968627E+01      0.0000000E+00
  -0.4943596E+01      0.0000000E+00
  -0.4918565E+01      0.0000000E+00
  -0.4893534E+01      0.0000000E+00
  -0.4868503E+01      0.0000000E+00
  -0.4843472E+01      0.0000000E+00
  -0.4818441E+01      0.0000000E+00
  -0.4793411E+01      0.0000000E+00
  -0.4768380E+01      0.0000000E+00
  -0.4743349E+01      0.0000000E+00
  -0.4718318E+01      0.0000000E+00
  -0.4693287E+01      0.0000000E+00
  -0.4668256E+01      0.0000000E+00
  -0.4643225E+01      0.0000000E+00
  -0.4618195E+01      0.0000000E+00
  -0.4593164E+01      0.0000000E+00
  -0.4568133E+01      0.0000000E+00
  -0.4543102E+01      0.0000000E+00
  -0.4518071E+01      0.0000000E+00
  -0.4493040E+01      0.0000000E+00
  -0.4468009E+01      0.0000000E+00
  -0.4442979E+01      0.0000000E+00
  -0.4417948E+01      0.0000000E+00
  -0.4392917E+01      0.0000000E+00
  -0.4367886E+01      0.0000000E+00
  -0.4342855E+01      0.0000000E+00
  -0.4317824E+01      0.0000000E+00
  -0.4292793E+01      0.0000000E+00
  -0.4267762E+01      0.0000000E+00
  -0.4242732E+01      0.0000000E+00
  -0.4217701E+01      0.0000000E+00
  -0.4192670E+01      0.0000000E+00
  -0.4167639E+01      0.0000000E+00
  -0.4142608E+01      0.0000000E+00
  -0.4117577E+01      0.0000000E+00
  -0.4092546E+01      0.0000000E+00
  -0.4067516E+01      0.0000000E+00
  -0.4042485E+01      0.0000000E+00
  -0.4017454E+01      0.0000000E+00
  -0.3992423E+01      0.0000000E+00
  -0.3967392E+01      0.0000000E+00
  -0.3942361E+01      0.0000000E+00
  -0.3917330E+01      0.0000000E+00
  -0.3892299E+01      0.0000000E+00
  -0.3867269E+01      0.0000000E+00
  -0.3842238E+01      0.0000000E+00
  -0.3817207E+01      0.0000000E+00
  -0.3792176E+01      0.0000000E+00
  -0.3767145E+01      0.0000000E+00
  -0.3742114E+01      0.0000000E+00
  -0.3717083E+01      0.0000000E+00
  -0.3692053E+01      0.0000000E+00
  -0.3667022E+01      0.0000000E+00
  -0.3641991E+01      0.0000000E+00
  -0.3616960E+01      0.0000000E+00
  -0.3591929E+01      0.0000000E+00
  -0.3566898E+01      0.0000000E+00
  -0.3541867E+01      0.0000000E+00
  -0.3516837E+01      0.0000000E+00
  -0.3491806E+01      0.0000000E+00
  -0.3466775E+01      0.0000000E+00
  -0.3441744E+01      0.0000000E+00
  -0.3416713E+01      0.0000000E+00
  -0.3391682E+01      0.0000000E+00
  -0.3366651E+01      0.0000000E+00
  -0.3341620E+01      0.0000000E+00
  -0.3316590E+01      0.0000000E+00
  -0.3291559E+01      0.0000000E+00
  -0.3266528E+01      0.0000000E+00
  -0.3241497E+01      0.0000000E+00
  -0.3216466E+01      0.0000000E+00
  -0.3191435E+01      0.0000000E+00
  -0.3166404E+01      0.0000000E+00
  -0.3141374E+01      0.0000000E+00
  -0.3116343E+01      0.0000000E+00
  -0.3091312E+01      0.0000000E+00
  -0.3066281E+01      0.0000000E+00
  -0.3041250E+01      0.0000000E+00
  -0.3016219E+01      0.0000000E+00
  -0.2991188E+01      0.0000000E+00
  -0.2966157E+01      0.0000000E+00
  -0.2941127E+01      0.0000000E+00
  -0.2916096E+01      0.0000000E+00
  -0.2891065E+01      0.0000000E+00
  -0.2866034E+01      0.0000000E+00
  -0.2841003E+01      0.0000000E+00
  -0.2815972E+01      0.0000000E+00
  -0.2790941E+01      0.0000000E+00
  -0.2765911E+01      0.0000000E+00
  -0.2740880E+01      0.0000000E+00
  -0.2715849E+01      0.0000000E+00
  -0.2690818E+01      0.0000000E+00
  -0.2665787E+01      0.0000000E+00
  -0.2640756E+01      0.0000000E+00
  -0.2615725E+01      0.0000000E+00
  -0.2590695E+01      0.0000000E+00
  -0.2565664E+01      0.0000000E+00
  -0.2540633E+01      0.0000000E+00
  -0.2515602E+01      0.0000000E+00
  -0.2490571E+01      0.0000000E+00
  -0.2465540E+01      0.0000000E+00
  -0.2440509E+01      0.0000000E+00
  -0.2415478E+01      0.0000000E+00
  -0.2390448E+01      0.0000000E+00
  -0.2365417E+01      0.0000000E+00
  -0.2340386E+01      0.0000000E+00
  -0.2315355E+01      0.0000000E+00
  -0.2290324E+01      0.0000000E+00
  -0.2265293E+01      0.0000000E+00
  -0.2240262E+01      0.0000000E+00
  -0.2215232E+01      0.0000000E+00
  -0.2190201E+01      0.0000000E+00
  -0.2165170E+01      0.0000000E+00
  -0.2140139E+01      0.0000000E+00
  -0.2115108E+01      0.0000000E+00
  -0.2090077E+01      0.0000000E+00
  -0.2065046E+01      0.0000000E+00
  -0.2040015E+01      0.0000000E+00
  -0.2014985E+01      0.0000000E+00
  -0.1989954E+01      0.0000000E+00
  -0.1964923E+01      0.0000000E+00
  -0.1939892E+01      0.0000000E+00
  -0.1914861E+01      0.0000000E+00
  -0.1889830E+01      0.0000000E+00
  -0.1864799E+01      0.0000000E+00
  -0.1839769E+01      0.0000000E+00
  -0.1814738E+01      0.0000000E+00
  -0.1789707E+01      0.0000000E+00
  -0.1764676E+01      0.0000000E+00
  -0.1739645E+01      0.0000000E+00
  -0.1714614E+01      0.0000000E+00
  -0.1689583E+01      0.0000000E+00
  -0.1664553E+01      0.0000000E+00
  -0.1639522E+01      0.0000000E+00
  -0.1614491E+01      0.0000000E+00
  -0.1589460E+01      0.0000000E+00
  -0.1564429E+01      0.0000000E+00
  -0.1539398E+01      0.0000000E+00
  -0.1514367E+01      0.0000000E+00
  -0.1489336E+01      0.0000000E+00
  -0.1464306E+01      0.0000000E+00
  -0.1439275E+01      0.0000000E+00
  -0.1414244E+01      0.0000000E+00
  -0.1389213E+01      0.0000000E+00
  -0.1364182E+01      0.0000000E+00
  -0.1339151E+01      0.0000000E+00
  -0.1314120E+01      0.0000000E+00
  -0.1289090E+01      0.0000000E+00
  -0.1264059E+01      0.0000000E+00
  -0.1239028E+01      0.0000000E+00
  -0.1213997E+01      0.0000000E+00
  -0.1188966E+01      0.0000000E+00
  -0.1163935E+01      0.0000000E+00
  -0.1138904E+01      0.0000000E+00
  -0.1113873E+01      0.0000000E+00
  -0.1088843E+01      0.0000000E+00
  -0.1063812E+01      0.0000000E+00
  -0.1038781E+01      0.0000000E+00
  -0.1013750E+01      0.0000000E+00
  -0.9887192E+00      0.0000000E+00
  -0.9636883E+00      0.1000000E+01
  -0.9386574E+00      0.1000000E+01
  -0.9136266E+00      0.1000000E+01
  -0.8885957E+00      0.1000000E+01
  -0.8635648E+00      0.1000000E+01
  -0.8385340E+00      0.1000000E+01
  -0.8135031E+00      0.1000000E+01
  -0.7884722E+00      0.1000000E+01
  -0.7634414E+00      0.1000000E+01
  -0.7384105E+00      0.1000000E+01
  -0.7133797E+00      0.1000000E+01
  -0.6883488E+00      0.1000000E+01
  -0.6633179E+00      0.1000000E+01
  -0.6382871E+00      0.1000000E+01
  -0.6132562E+00      0.1000000E+01
  -0.5882253E+00      0.1000000E+01
  -0.5631945E+00      0.1000000E+01
  -0.5381636E+00      0.1000000E+01
  -0.5131327E+00      0.1000000E+01
  -0.4881019E+00      0.1000000E+01
  -0.4630710E+00      0.1000000E+01
  -0.4380401E+00      0.1000000E+01
  -0.4130093E+00      0.1000000E+01
  -0.3879784E+00      0.1000000E+01
  -0.3629475E+00      0.1000000E+01
  -0.3379167E+00      0.1000000E+01
  -0.3128858E+00      0.1000000E+01
  -0.2878549E+00      0.1000000E+01
  -0.2628241E+00      0.1000000E+01
  -0.2377932E+00      0.1000000E+01
  -0.2127624E+00      0.1000000E+01
  -0.1877315E+00      0.1000000E+01
  -0.1627006E+00      0.1000000E+01
  -0.1376698E+00      0.1000000E+01
  -0.1126389E+00      0.1000000E+01
  -0.8760803E-01      0.1000000E+01
  -0.6257716E-01      0.1000000E+01
  -0.3754630E-01      0.1000000E+01
  -0.1251543E-01      0.1000000E+01
   0.1251543E-01      0.1000000E+01
   0.3754630E-01      0.1000000E+01
   0.6257716E-01      0.1000000E+01
   0.8760803E-01      0.1000000E+01
   0.1126389E+00      0.1000000E+01
   0.1376698E+00      0.1000000E+01
   0.1627006E+00      0.1000000E+01
   0.1877315E+00      0.1000000E+01
   0.2127624E+00      0.1000000E+01
   0.2377932E+00      0.1000000E+01
   0.2628241E+00      0.1000000E+01
   0.2878549E+00      0.1000000E+01
   0.3128858E+00      0.1000000E+01
   0.3379167E+00      0.1000000E+01
   0.3629475E+00      0.1000000E+01
   0.3879784E+00      0.1000000E+01
   0.4130093E+00      0.1000000E+01
   0.4380401E+00      0.1000000E+01
   0.4630710E+00      0.1000000E+01
   0.4881019E+00      0.1000000E+01
   0.5131327E+00      0.1000000E+01
   0.5381636E+00      0.1000000E+01
   0.5631945E+00      0.1000000E+01
   0.5882253E+00      0.1000000E+01
   0.6132562E+00      0.1000000E+01
   0.6382871E+00      0.1000000E+01
   0.6633179E+00      0.1000000E+01
   0.6883488E+00      0.1000000E+01
   0.7133797E+00      0.1000000E+01
   0.7384105E+00      0.1000000E+01
   0.7634414E+00      0.1000000E+01
   0.7884722E+00      0.1000000E+01
   0.8135031E+00      0.1000000E+01
   0.8385340E+00      0.1000000E+01
   0.8635648E+00      0.1000000E+01
   0.8885957E+00      0.1000000E+01
   0.9136266E+00      0.1000000E+01
   0.9386574E+00      0.1000000E+01
   0.9636883E+00      0.1000000E+01
   0.9887192E+00      0.1000000E+01
   0.1013750E+01      0.1000000E+01
   0.1038781E+01      0.1000000E+01
   0.1063812E+01      0.1000000E+01
   0.1088843E+01      0.1000000E+01
   0.1113873E+01      0.1000000E+01
   0.1138904E+01      0.1000000E+01
   0.1163935E+01      0.1000000E+01
   0.1188966E+01      0.1000000E+01
   0.1213997E+01      0.1000000E+01
   0.1239028E+01      0.1000000E+01
   0.1264059E+01      0.1000000E+01
   0.1289090E+01      0.1000000E+01
   0.1314120E+01      0.1000000E+01
   0.1339151E+01      0.1000000E+01
   0.1364182E+01      0.1000000E+01
   0.1389213E+01      0.1000000E+01
   0.1414244E+01      0.1000000E+01
   0.1439275E+01      0.1000000E+01
   0.1464306E+01      0.1000000E+01
   0.1489336E+01      0.1000000E+01
   0.1514367E+01      0.1000000E+01
   0.1539398E+01      0.1000000E+01
   0.1564429E+01      0.1000000E+01
   0.1589460E+01      0.1000000E+01
   0.1614491E+01      0.1000000E+01
   0.1639522E+01      0.1000000E+01
   0.1664553E+01      0.1000000E+01
   0.1689583E+01      0.1000000E+01
   0.1714614E+01      0.1000000E+01
   0.1739645E+01      0.1000000E+01
   0.1764676E+01      0.1000000E+01
   0.1789707E+01      0.1000000E+01
   0.1814738E+01      0.1000000E+01
   0.1839769E+01      0.1000000E+01
   0.1864799E+01      0.1000000E+01
   0.1889830E+01      0.1000000E+01
   0.1914861E+01      0.1000000E+01
   0.1939892E+01      0.1000000E+01
   0.1964923E+01      0.1000000E+01
   0.1989954E+01      0.1000000E+01
   0.2014985E+01      0.1000000E+01
   0.2040015E+01      0.1000000E+01
   0.2065046E+01      0.1000000E+01
   0.2090077E+01      0.1000000E+01
   0.2115108E+01      0.1000000E+01
   0.2140139E+01      0.1000000E+01
   0.2165170E+01      0.1000000E+01
   0.2190201E+01      0.1000000E+01
   0.2215232E+01      0.1000000E+01
   0.2240262E+01      0.1000000E+01
   0.2265293E+01      0.1000000E+01
   0.2290324E+01      0.1000000E+01
   0.2315355E+01      0.1000000E+01
   0.2340386E+01      0.1000000E+01
   0.2365417E+01      0.1000000E+01
   0.2390448E+01      0.1000000E+01
   0.2415478E+01      0.1000000E+01
   0.2440509E+01      0.1000000E+01
   0.2465540E+01      0.1000000E+01
   0.2490571E+01      0.1000000E+01
   0.2515602E+01      0.1000000E+01
   0.2540633E+01      0.1000000E+01
   0.2565664E+01      0.1000000E+01
   0.2590695E+01      0.1000000E+01
   0.2615725E+01      0.1000000E+01
   0.2640756E+01      0.1000000E+01
   0.2665787E+01      0.1000000E+01
   0.2690818E+01      0.1000000E+01
   0.2715849E+01      0.1000000E+01
   0.2740880E+01      0.1000000E+01
   0.2765911E+01      0.1000000E+01
   0.2790941E+01      0.1000000E+01
   0.2815972E+01      0.1000000E+01
   0.2841003E+01      0.1000000E+01
   0.2866034E+01      0.1000000E+01
   0.2891065E+01      0.1000000E+01
   0.2916096E+01      0.1000000E+01
   0.2941127E+01      0.1000000E+01
   0.2966157E+01      0.1000000E+01
   0.2991188E+01      0.1000000E+01
   0.3016219E+01      0.1000000E+01
   0.3041250E+01      0.1000000E+01
   0.3066281E+01      0.1000000E+01
   0.3091312E+01      0.1000000E+01
   0.3116343E+01      0.1000000E+01
   0.3141374E+01      0.1000000E+01
   0.3166404E+01      0.1000000E+01
   0.3191435E+01      0.1000000E+01
   0.3216466E+01      0.1000000E+01
   0.3241497E+01      0.1000000E+01
   0.3266528E+01      0.1000000E+01
   0.3291559E+01      0.1000000E+01
   0.3316590E+01      0.1000000E+01
   0.3341620E+01      0.1000000E+01
   0.3366651E+01      0.1000000E+01
   0.3391682E+01      0.1000000E+01
   0.3416713E+01      0.1000000E+01
   0.3441744E+01      0.1000000E+01
   0.3466775E+01      0.1000000E+01
   0.3491806E+01      0.1000000E+01
   0.3516837E+01      0.1000000E+01
   0.3541867E+01      0.1000000E+01
   0.3566898E+01      0.1000000E+01
   0.3591929E+01      0.1000000E+01
   0.3616960E+01      0.1000000E+01
   0.3641991E+01      0.1000000E+01
   0.3667022E+01      0.1000000E+01
   0.3692053E+01      0.1000000E+01
   0.3717083E+01      0.1000000E+01
   0.3742114E+01      0.1000000E+01
   0.3767145E+01      0.1000000E+01
   0.3792176E+01      0.1000000E+01
   0.3817207E+01      0.1000000E+01
   0.3842238E+01      0.1000000E+01
   0.3867269E+01      0.1000000E+01
   0.3892299E+01      0.0000000E+00
   0.3917330E+01      0.0000000E+00
   0.3942361E+01      0.0000000E+00
   0.3967392E+01      0.0000000E+00
   0.3992423E+01      0.0000000E+00
   0.4017454E+01      0.0000000E+00
   0.4042485E+01      0.0000000E+00
   0.4067516E+01      0.0000000E+00
   0.4092546E+01      0.0000000E+00
   0.4117577E+01      0.0000000E+00
   0.4142608E+01      0.0000000E+00
   0.4167639E+01      0.0000000E+00
   0.4192670E+01      0.0000000E+00
   0.4217701E+01      0.0000000E+00
   0.4242732E+01      0.0000000E+00
   0.4267762E+01      0.0000000E+00
   0.4292793E+01      0.0000000E+00
   0.4317824E+01      0.0000000E+00
   0.4342855E+01      0.0000000E+00
   0.4367886E+01      0.0000000E+00
   0.4392917E+01      0.0000000E+00
   0.4417948E+01      0.0000000E+00
   0.4442979E+01      0.0000000E+00
   0.4468009E+01      0.0000000E+00
   0.4493040E+01      0.0000000E+00
   0.4518071E+01      0.0000000E+00
   0.4543102E+01      0.0000000E+00
   0.4568133E+01      0.0000000E+00
   0.4593164E+01      0.0000000E+00
   0.4618195E+01      0.0000000E+00
   0.4643225E+01      0.0000000E+00
   0.4668256E+01      0.0000000E+00
   0.4693287E+01      0.0000000E+00
   0.4718318E+01      0.0000000E+00
   0.4743349E+01      0.0000000E+00
   0.4768380E+01      0.0000000E+00
   0.4793411E+01      0.0000000E+00
   0.4818441E+01      0.0000000E+00
   0.4843472E+01      0.0000000E+00
   0.4868503E+01      0.0000000E+00
   0.4893534E+01      0.0000000E+00
   0.4918565E+01      0.0000000E+00
   0.4943596E+01      0.0000000E+00
   0.4968627E+01      0.0000000E+00
   0.4993658E+01      0.0000000E+00
   0.5018688E+01      0.0000000E+00
   0.5043719E+01      0.0000000E+00
   0.5068750E+01      0.0000000E+00
   0.5093781E+01      0.0000000E+00
   0.5118812E+01      0.0000000E+00
   0.5143843E+01      0.0000000E+00
   0.5168874E+01      0.0000000E+00
   0.5193904E+01      0.0000000E+00
   0.5218935E+01      0.0000000E+00
   0.5243966E+01      0.0000000E+00
   0.5268997E+01      0.0000000E+00
   0.5294028E+01      0.0000000E+00
   0.5319059E+01      0.0000000E+00
   0.5344090E+01      0.0000000E+00
   0.5369121E+01      0.0000000E+00
   0.5394151E+01      0.0000000E+00
   0.5419182E+01      0.0000000E+00
   0.5444213E+01      0.0000000E+00
   0.5469244E+01      0.0000000E+00
   0.5494275E+01      0.0000000E+00
   0.5519306E+01      0.0000000E+00
   0.5544337E+01      0.0000000E+00
   0.5569367E+01      0.0000000E+00
   0.5594398E+01      0.0000000E+00
   0.5619429E+01      0.0000000E+00
   0.5644460E+01      0.0000000E+00
   0.5669491E+01      0.0000000E+00
   0.5694522E+01      0.0000000E+00
   0.5719553E+01      0.0000000E+00
   0.5744583E+01      0.0000000E+00
   0.5769614E+01      0.0000000E+00
   0.5794645E+01      0.0000000E+00
   0.5819676E+01      0.0000000E+00
   0.5844707E+01      0.0000000E+00
   0.5869738E+01      0.0000000E+00
   0.5894769E+01      0.0000000E+00
   0.5919800E+01      0.0000000E+00
   0.5944830E+01      0.0000000E+00
   0.5969861E+01      0.0000000E+00
   0.5994892E+01      0.0000000E+00
   0.6019923E+01      0.0000000E+00
   0.6044954E+01      0.0000000E+00
   0.6069985E+01      0.0000000E+00
   0.6095016E+01      0.0000000E+00
   0.6120046E+01      0.0000000E+00
   0.6145077E+01      0.0000000E+00
   0.6170108E+01      0.0000000E+00
   0.6195139E+01      0.0000000E+00
   0.6220170E+01      0.0000000E+00
   0.6245201E+01      0.0000000E+00
   0.6270232E+01      0.0000000E+00
   0.6295263E+01      0.0000000E+00
   0.6320293E+01      0.0000000E+00
   0.6345324E+01      0.0000000E+00
   0.6370355E+01      0.0000000E+00
   0.6395386E+01      0.0000000E+00
   0.6420417E+01      0.0000000E+00
   0.6445448E+01      0.0000000E+00
   0.6470479E+01      0.0000000E+00
   0.6495509E+01      0.0000000E+00
   0.6520540E+01      0.0000000E+00
   0.6545571E+01      0.0000000E+00
   0.6570602E+01      0.0000000E+00
   0.6595633E+01      0.0000000E+00
   0.6620664E+01      0.0000000E+00
   0.6645695E+01      0.0000000E+00
   0.6670725E+01      0.0000000E+00
   0.6695756E+01      0.0000000E+00
   0.6720787E+01      0.0000000E+00
   0.6745818E+01      0.0000000E+00
   0.6770849E+01      0.0000000E+00
   0.6795880E+01      0.0000000E+00
   0.6820911E+01      0.0000000E+00
   0.6845942E+01      0.0000000E+00
   0.6870972E+01      0.0000000E+00
   0.6896003E+01      0.0000000E+00
   0.6921034E+01      0.0000000E+00
   0.6946065E+01      0.0000000E+00
   0.6971096E+01      0.0000000E+00
   0.6996127E+01      0.0000000E+00
   0.7021158E+01      0.0000000E+00
   0.7046188E+01      0.0000000E+00
   0.7071219E+01      0.0000000E+00
   0.7096250E+01      0.0000000E+00
   0.7121281E+01      0.0000000E+00
   0.7146312E+01      0.0000000E+00
   0.7171343E+01      0.0000000E+00
   0.7196374E+01      0.0000000E+00
   0.7221405E+01      0.0000000E+00
   0.7246435E+01      0.0000000E+00
   0.7271466E+01      0.0000000E+00
   0.7296497E+01      0.0000000E+00
   0.7321528E+01      0.0000000E+00
   0.7346559E+01      0.0000000E+00
   0.7371590E+01      0.0000000E+00
   0.7396621E+01      0.0000000E+00
   0.7421651E+01      0.0000000E+00
   0.7446682E+01      0.0000000E+00
   0.7471713E+01      0.0000000E+00
   0.7496744E+01      0.0000000E+00
   0.7521775E+01      0.0000000E+00
   0.7546806E+01      0.0000000E+00
   0.7571837E+01      0.0000000E+00
   0.7596868E+01      0.0000000E+00
   0.7621898E+01      0.0000000E+00
   0.7646929E+01      0.0000000E+00
   0.7671960E+01      0.0000000E+00
   0.7696991E+01      0.0000000E+00
   0.7722022E+01      0.0000000E+00
   0.7747053E+01      0.0000000E+00
   0.7772084E+01      0.0000000E+00
   0.7797114E+01      0.0000000E+00
   0.7822145E+01      0.0000000E+00
   0.7847176E+01      0.0000000E+00
   0.7872207E+01      0.0000000E+00
   0.7897238E+01      0.0000000E+00
   0.7922269E+01      0.0000000E+00
   0.7947300E+01      0.0000000E+00
   0.7972330E+01      0.0000000E+00
   0.7997361E+01      0.0000000E+00
   0.8022392E+01      0.0000000E+00
   0.8047423E+01      0.0000000E+00
   0.8072454E+01      0.0000000E+00
   0.8097485E+01      0.0000000E+00
   0.8122516E+01      0.0000000E+00
   0.8147547E+01      0.0000000E+00
   0.8172577E+01      0.0000000E+00
   0.8197608E+01      0.0000000E+00
   0.8222639E+01      0.0000000E+00
   0.8247670E+01      0.0000000E+00
   0.8272701E+01      0.0000000E+00
   0.8297732E+01      0.0000000E+00
   0.8322763E+01      0.0000000E+00
   0.8347793E+01      0.0000000E+00
   0.8372824E+01      0.0000000E+00
   0.8397855E+01      0.0000000E+00
   0.8422886E+01      0.0000000E+00
   0.8447917E+01      0.0000000E+00
   0.8472948E+01      0.0000000E+00
   0.8497979E+01      0.0000000E+00
   0.8523010E+01      0.0000000E+00
   0.8548040E+01      0.0000000E+00
   0.8573071E+01      0.0000000E+00
   0.8598102E+01      0.0000000E+00
   0.8623133E+01      0.0000000E+00
   0.8648164E+01      0.0000000E+00
   0.8673195E+01      0.0000000E+00
   0.8698226E+01      0.0000000E+00
   0.8723256E+01      0.0000000E+00
   0.8748287E+01      0.0000000E+00
   0.8773318E+01      0.0000000E+00
   0.8798349E+01      0.0000000E+00
   0.8823380E+01      0.0000000E+00
   0.8848411E+01      0.0000000E+00
   0.8873442E+01      0.0000000E+00
   0.8898472E+01      0.0000000E+00
   0.8923503E+01      0.0000000E+00
   0.8948534E+01      0.0000000E+00
   0.8973565E+01      0.0000000E+00
   0.8998596E+01      0.0000000E+00
   0.9023627E+01      0.0000000E+00
   0.9048658E+01      0.0000000E+00
   0.9073689E+01      0.0000000E+00
   0.9098719E+01      0.0000000E+00
   0.9123750E+01      0.0000000E+00
   0.9148781E+01      0.0000000E+00
   0.9173812E+01      0.0000000E+00
   0.9198843E+01      0.0000000E+00
   0.9223874E+01      0.0000000E+00
   0.9248905E+01      0.0000000E+00
   0.9273935E+01      0.0000000E+00
   0.9298966E+01      0.0000000E+00
   0.9323997E+01      0.0000000E+00
   0.9349028E+01      0.0000000E+00
   0.9374059E+01      0.0000000E+00
   0.9399090E+01      0.0000000E+00
   0.9424121E+01      0.0000000E+00
   0.9449152E+01      0.0000000E+00
   0.9474182E+01      0.0000000E+00
   0.9499213E+01      0.0000000E+00
   0.9524244E+01      0.0000000E+00
   0.9549275E+01      0.0000000E+00
   0.9574306E+01      0.0000000E+00
   0.9599337E+01      0.0000000E+00
   0.9624368E+01      0.0000000E+00
   0.9649398E+01      0.0000000E+00
   0.9674429E+01      0.0000000E+00
   0.9699460E+01      0.0000000E+00
   0.9724491E+01      0.0000000E+00
   0.9749522E+01      0.0000000E+00
   0.9774553E+01      0.0000000E+00
   0.9799584E+01      0.0000000E+00
   0.9824614E+01      0.0000000E+00
   0.9849645E+01      0.0000000E+00
   0.9874676E+01      0.0000000E+00
   0.9899707E+01      0.0000000E+00
   0.9924738E+01      0.0000000E+00
   0.9949769E+01      0.0000000E+00
   0.9974800E+01      0.0000000E+00
   0.9999831E+01      0.0000000E+00
 &
 @autoscale
 @target G2.S0
