 @target G2.S0
 @type xy
  -0.9999831E+01     -0.4351639E-16
  -0.9974800E+01      0.5516546E-16
  -0.9949769E+01      0.1177569E-16
  -0.9924738E+01      0.6258011E-17
  -0.9899707E+01     -0.3784187E-16
  -0.9874676E+01      0.1023215E-16
  -0.9849645E+01     -0.3587647E-16
  -0.9824614E+01     -0.3410330E-16
  -0.9799584E+01      0.4771208E-16
  -0.9774553E+01      0.9293726E-17
  -0.9749522E+01      0.4591165E-16
  -0.9724491E+01      0.6190753E-16
  -0.9699460E+01     -0.8922562E-16
  -0.9674429E+01     -0.8946997E-17
  -0.9649398E+01     -0.3086367E-16
  -0.9624368E+01     -0.6126401E-16
  -0.9599337E+01     -0.2314911E-16
  -0.9574306E+01     -0.8597460E-17
  -0.9549275E+01      0.6734483E-16
  -0.9524244E+01     -0.5228384E-17
  -0.9499213E+01      0.3187259E-16
  -0.9474182E+01     -0.6313716E-16
  -0.9449152E+01      0.2299183E-16
  -0.9424121E+01      0.8675861E-16
  -0.9399090E+01     -0.9406844E-17
  -0.9374059E+01     -0.9634514E-17
  -0.9349028E+01     -0.2174214E-16
  -0.9323997E+01      0.4536478E-17
  -0.9298966E+01      0.5650292E-16
  -0.9273935E+01      0.2154745E-16
  -0.9248905E+01      0.1823839E-16
  -0.9223874E+01      0.1175798E-16
  -0.9198843E+01      0.5927524E-16
  -0.9173812E+01      0.1264273E-17
  -0.9148781E+01     -0.5122769E-16
  -0.9123750E+01     -0.3889353E-17
  -0.9098719E+01     -0.4277238E-16
  -0.9073689E+01     -0.4649921E-17
  -0.9048658E+01      0.1027592E-16
  -0.9023627E+01      0.1458201E-16
  -0.8998596E+01     -0.3437464E-16
  -0.8973565E+01      0.3904612E-16
  -0.8948534E+01     -0.1279868E-16
  -0.8923503E+01      0.1259600E-15
  -0.8898472E+01      0.7447097E-17
  -0.8873442E+01      0.7931160E-16
  -0.8848411E+01      0.1505088E-16
  -0.8823380E+01     -0.1869765E-16
  -0.8798349E+01      0.4185867E-17
  -0.8773318E+01      0.5576165E-16
  -0.8748287E+01      0.2615679E-16
  -0.8723256E+01     -0.1348192E-16
  -0.8698226E+01      0.4885692E-16
  -0.8673195E+01      0.5964202E-16
  -0.8648164E+01      0.7848352E-16
  -0.8623133E+01      0.8444263E-16
  -0.8598102E+01      0.1870979E-16
  -0.8573071E+01     -0.3970381E-17
  -0.8548040E+01      0.2302421E-16
  -0.8523010E+01     -0.3199362E-16
  -0.8497979E+01     -0.5930375E-17
  -0.8472948E+01     -0.2729530E-17
  -0.8447917E+01      0.4483655E-17
  -0.8422886E+01     -0.4917564E-17
  -0.8397855E+01     -0.1765697E-16
  -0.8372824E+01     -0.2149090E-16
  -0.8347793E+01     -0.7329298E-16
  -0.8322763E+01     -0.5759656E-16
  -0.8297732E+01     -0.8692897E-16
  -0.8272701E+01     -0.4328503E-16
  -0.8247670E+01      0.1733958E-16
  -0.8222639E+01      0.7684400E-16
  -0.8197608E+01     -0.4456594E-16
  -0.8172577E+01      0.2503376E-16
  -0.8147547E+01     -0.1085600E-16
  -0.8122516E+01      0.4136149E-16
  -0.8097485E+01      0.4705813E-16
  -0.8072454E+01     -0.1555218E-16
  -0.8047423E+01     -0.9914620E-16
  -0.8022392E+01     -0.2208593E-16
  -0.7997361E+01      0.3352659E-16
  -0.7972330E+01     -0.4840610E-16
  -0.7947300E+01     -0.3286393E-16
  -0.7922269E+01     -0.3308331E-17
  -0.7897238E+01     -0.3485709E-16
  -0.7872207E+01     -0.6885843E-16
  -0.7847176E+01     -0.7907926E-17
  -0.7822145E+01      0.4769954E-16
  -0.7797114E+01     -0.1220099E-16
  -0.7772084E+01     -0.1969547E-16
  -0.7747053E+01      0.6924699E-18
  -0.7722022E+01      0.3853999E-16
  -0.7696991E+01      0.2639291E-16
  -0.7671960E+01      0.2988129E-16
  -0.7646929E+01     -0.9825353E-17
  -0.7621898E+01     -0.4379760E-16
  -0.7596868E+01     -0.2974751E-16
  -0.7571837E+01      0.2931318E-16
  -0.7546806E+01     -0.4829023E-18
  -0.7521775E+01      0.4942451E-16
  -0.7496744E+01     -0.3970984E-16
  -0.7471713E+01     -0.5967188E-17
  -0.7446682E+01     -0.2493342E-16
  -0.7421651E+01     -0.7723359E-16
  -0.7396621E+01     -0.1363158E-16
  -0.7371590E+01      0.6635475E-16
  -0.7346559E+01     -0.9449595E-16
  -0.7321528E+01      0.3667335E-16
  -0.7296497E+01     -0.2274792E-16
  -0.7271466E+01     -0.8372177E-16
  -0.7246435E+01     -0.8465229E-17
  -0.7221405E+01     -0.3460602E-16
  -0.7196374E+01      0.9322592E-16
  -0.7171343E+01      0.6553997E-17
  -0.7146312E+01     -0.2114806E-16
  -0.7121281E+01      0.4158735E-16
  -0.7096250E+01      0.1262975E-16
  -0.7071219E+01      0.9267468E-16
  -0.7046188E+01     -0.2569116E-16
  -0.7021158E+01      0.5941574E-16
  -0.6996127E+01     -0.4096857E-17
  -0.6971096E+01      0.3804259E-16
  -0.6946065E+01      0.3917904E-16
  -0.6921034E+01      0.4024432E-16
  -0.6896003E+01      0.6289349E-16
  -0.6870972E+01     -0.4588192E-16
  -0.6845942E+01      0.1666372E-16
  -0.6820911E+01     -0.3973408E-16
  -0.6795880E+01      0.4069562E-16
  -0.6770849E+01      0.4204426E-16
  -0.6745818E+01      0.1038422E-16
  -0.6720787E+01     -0.2499628E-16
  -0.6695756E+01     -0.2135878E-16
  -0.6670725E+01     -0.6593861E-16
  -0.6645695E+01      0.3792763E-16
  -0.6620664E+01      0.2150527E-16
  -0.6595633E+01     -0.3330121E-16
  -0.6570602E+01      0.4206750E-16
  -0.6545571E+01     -0.2608610E-16
  -0.6520540E+01     -0.3013039E-16
  -0.6495509E+01     -0.8733503E-16
  -0.6470479E+01     -0.2970145E-16
  -0.6445448E+01     -0.9118025E-16
  -0.6420417E+01     -0.2469573E-16
  -0.6395386E+01     -0.1777179E-18
  -0.6370355E+01      0.5877977E-16
  -0.6345324E+01     -0.2248418E-16
  -0.6320293E+01     -0.1537374E-16
  -0.6295263E+01      0.4473056E-16
  -0.6270232E+01      0.4784866E-16
  -0.6245201E+01      0.1085016E-16
  -0.6220170E+01      0.1407766E-16
  -0.6195139E+01     -0.5190337E-16
  -0.6170108E+01     -0.2497113E-16
  -0.6145077E+01     -0.9672603E-16
  -0.6120046E+01      0.3076138E-16
  -0.6095016E+01     -0.4043750E-16
  -0.6069985E+01      0.3173243E-16
  -0.6044954E+01      0.3060203E-16
  -0.6019923E+01     -0.5812823E-16
  -0.5994892E+01     -0.6414596E-16
  -0.5969861E+01      0.7321905E-16
  -0.5944830E+01      0.6943997E-17
  -0.5919800E+01     -0.1425010E-16
  -0.5894769E+01     -0.4436823E-16
  -0.5869738E+01      0.2568973E-16
  -0.5844707E+01      0.2269428E-16
  -0.5819676E+01      0.4724075E-16
  -0.5794645E+01      0.2863157E-16
  -0.5769614E+01     -0.3771219E-16
  -0.5744583E+01      0.3464151E-16
  -0.5719553E+01     -0.4815283E-16
  -0.5694522E+01     -0.5511926E-16
  -0.5669491E+01      0.7491299E-17
  -0.5644460E+01     -0.4651446E-16
  -0.5619429E+01     -0.1371787E-16
  -0.5594398E+01     -0.6315179E-17
  -0.5569367E+01     -0.7277047E-16
  -0.5544337E+01      0.8028309E-16
  -0.5519306E+01     -0.7740872E-16
  -0.5494275E+01      0.1558846E-16
  -0.5469244E+01     -0.3550952E-16
  -0.5444213E+01      0.3070582E-17
  -0.5419182E+01      0.1288779E-17
  -0.5394151E+01      0.1750453E-16
  -0.5369121E+01      0.3197203E-18
  -0.5344090E+01      0.1000183E-16
  -0.5319059E+01     -0.2808189E-17
  -0.5294028E+01      0.7028716E-17
  -0.5268997E+01     -0.6303120E-17
  -0.5243966E+01     -0.1655703E-16
  -0.5218935E+01     -0.2068473E-16
  -0.5193904E+01     -0.2145653E-16
  -0.5168874E+01      0.8733835E-16
  -0.5143843E+01      0.3654543E-16
  -0.5118812E+01     -0.2588851E-16
  -0.5093781E+01     -0.1536154E-16
  -0.5068750E+01      0.3882134E-16
  -0.5043719E+01      0.2576389E-16
  -0.5018688E+01     -0.1472331E-16
  -0.4993658E+01      0.5716265E-16
  -0.4968627E+01      0.1112493E-16
  -0.4943596E+01      0.4470117E-17
  -0.4918565E+01     -0.1040739E-16
  -0.4893534E+01     -0.6751717E-16
  -0.4868503E+01     -0.2037748E-16
  -0.4843472E+01     -0.1527110E-16
  -0.4818441E+01     -0.4046790E-17
  -0.4793411E+01      0.3429366E-16
  -0.4768380E+01     -0.2590002E-16
  -0.4743349E+01      0.5408908E-16
  -0.4718318E+01     -0.1429996E-16
  -0.4693287E+01      0.4980522E-17
  -0.4668256E+01      0.4804185E-16
  -0.4643225E+01      0.2489130E-16
  -0.4618195E+01     -0.3735151E-16
  -0.4593164E+01      0.6237160E-17
  -0.4568133E+01      0.9805696E-17
  -0.4543102E+01     -0.1051587E-16
  -0.4518071E+01     -0.1363000E-16
  -0.4493040E+01      0.1639664E-16
  -0.4468009E+01      0.2877250E-17
  -0.4442979E+01     -0.9091618E-17
  -0.4417948E+01      0.3640273E-16
  -0.4392917E+01      0.9370528E-16
  -0.4367886E+01     -0.2585997E-16
  -0.4342855E+01     -0.2811492E-16
  -0.4317824E+01     -0.6218951E-16
  -0.4292793E+01     -0.1325255E-16
  -0.4267762E+01      0.4583326E-16
  -0.4242732E+01      0.8958422E-17
  -0.4217701E+01     -0.6881624E-16
  -0.4192670E+01      0.2340862E-16
  -0.4167639E+01      0.3216822E-16
  -0.4142608E+01     -0.4218876E-16
  -0.4117577E+01      0.5861733E-18
  -0.4092546E+01      0.2928165E-16
  -0.4067516E+01     -0.1368085E-16
  -0.4042485E+01     -0.5541157E-17
  -0.4017454E+01      0.7016004E-17
  -0.3992423E+01     -0.2990062E-16
  -0.3967392E+01      0.2660603E-16
  -0.3942361E+01     -0.1102326E-16
  -0.3917330E+01     -0.2112618E-16
  -0.3892299E+01      0.2009054E-16
  -0.3867269E+01      0.2919457E-17
  -0.3842238E+01      0.7536051E-16
  -0.3817207E+01     -0.3817440E-16
  -0.3792176E+01      0.5189250E-17
  -0.3767145E+01      0.4380115E-16
  -0.3742114E+01      0.5428056E-16
  -0.3717083E+01     -0.6248218E-16
  -0.3692053E+01     -0.2976472E-16
  -0.3667022E+01      0.7274970E-16
  -0.3641991E+01     -0.2303594E-17
  -0.3616960E+01     -0.2805880E-16
  -0.3591929E+01      0.2247384E-16
  -0.3566898E+01      0.2924047E-17
  -0.3541867E+01      0.6991047E-16
  -0.3516837E+01      0.3532979E-17
  -0.3491806E+01      0.3266255E-16
  -0.3466775E+01     -0.2897901E-16
  -0.3441744E+01      0.6797755E-17
  -0.3416713E+01      0.5342006E-17
  -0.3391682E+01     -0.6706341E-17
  -0.3366651E+01     -0.5225453E-16
  -0.3341620E+01      0.1903208E-16
  -0.3316590E+01     -0.6012710E-17
  -0.3291559E+01      0.5375494E-16
  -0.3266528E+01      0.8034375E-17
  -0.3241497E+01      0.5860328E-17
  -0.3216466E+01      0.4777047E-16
  -0.3191435E+01      0.1533346E-16
  -0.3166404E+01      0.6920649E-16
  -0.3141374E+01      0.1820428E-16
  -0.3116343E+01     -0.2903726E-16
  -0.3091312E+01     -0.3937198E-16
  -0.3066281E+01      0.2594410E-16
  -0.3041250E+01      0.1752453E-16
  -0.3016219E+01      0.4088287E-17
  -0.2991188E+01     -0.1079784E-16
  -0.2966157E+01      0.1719187E-16
  -0.2941127E+01     -0.1588566E-16
  -0.2916096E+01     -0.4746159E-17
  -0.2891065E+01      0.1602753E-16
  -0.2866034E+01     -0.8271349E-16
  -0.2841003E+01     -0.7278340E-17
  -0.2815972E+01      0.2764150E-16
  -0.2790941E+01     -0.2193115E-16
  -0.2765911E+01      0.1256668E-16
  -0.2740880E+01      0.1817155E-16
  -0.2715849E+01     -0.6073676E-16
  -0.2690818E+01     -0.3866064E-16
  -0.2665787E+01     -0.2090066E-16
  -0.2640756E+01      0.3230092E-16
  -0.2615725E+01     -0.1741231E-16
  -0.2590695E+01     -0.6546176E-16
  -0.2565664E+01     -0.4429506E-16
  -0.2540633E+01     -0.7264660E-18
  -0.2515602E+01     -0.2064818E-16
  -0.2490571E+01     -0.1894617E-16
  -0.2465540E+01      0.6088123E-16
  -0.2440509E+01      0.2082675E-16
  -0.2415478E+01     -0.1007102E-16
  -0.2390448E+01      0.2421070E-17
  -0.2365417E+01     -0.4949691E-17
  -0.2340386E+01      0.2040925E-16
  -0.2315355E+01      0.5169099E-18
  -0.2290324E+01     -0.1995337E-16
  -0.2265293E+01     -0.1929713E-17
  -0.2240262E+01     -0.5117369E-17
  -0.2215232E+01      0.3351618E-16
  -0.2190201E+01      0.1237601E-16
  -0.2165170E+01     -0.2001466E-16
  -0.2140139E+01     -0.2658017E-17
  -0.2115108E+01     -0.3796584E-16
  -0.2090077E+01      0.7266462E-17
  -0.2065046E+01     -0.1618281E-16
  -0.2040015E+01     -0.2340890E-17
  -0.2014985E+01     -0.2125389E-16
  -0.1989954E+01     -0.1303543E-16
  -0.1964923E+01      0.1622948E-16
  -0.1939892E+01     -0.9979724E-17
  -0.1914861E+01      0.7788905E-17
  -0.1889830E+01     -0.1704057E-16
  -0.1864799E+01      0.1430163E-16
  -0.1839769E+01     -0.2319291E-16
  -0.1814738E+01     -0.2330117E-16
  -0.1789707E+01     -0.6031917E-17
  -0.1764676E+01     -0.4439314E-16
  -0.1739645E+01     -0.2600399E-16
  -0.1714614E+01      0.3557019E-17
  -0.1689583E+01      0.1323734E-15
  -0.1664553E+01      0.8925790E-17
  -0.1639522E+01     -0.6627570E-18
  -0.1614491E+01      0.7721432E-16
  -0.1589460E+01      0.1536118E-15
  -0.1564429E+01      0.2783412E-16
  -0.1539398E+01      0.1051225E-15
  -0.1514367E+01      0.4639373E-15
  -0.1489336E+01     -0.3834784E-15
  -0.1464306E+01     -0.3704876E-15
  -0.1439275E+01      0.5139428E-15
  -0.1414244E+01     -0.8947403E-15
  -0.1389213E+01      0.3503760E-15
  -0.1364182E+01      0.4250967E-16
  -0.1339151E+01      0.8886328E-15
  -0.1314120E+01     -0.1133445E-14
  -0.1289090E+01     -0.1086798E-14
  -0.1264059E+01     -0.7309020E-15
  -0.1239028E+01      0.7205633E-15
  -0.1213997E+01      0.6736614E-15
  -0.1188966E+01      0.6336946E-14
  -0.1163935E+01      0.2274212E-13
  -0.1138904E+01      0.3541567E-14
  -0.1113873E+01      0.2921482E-13
  -0.1088843E+01     -0.2336141E-13
  -0.1063812E+01      0.9754789E-16
  -0.1038781E+01      0.1046865E-12
  -0.1013750E+01     -0.2530470E-12
  -0.9887192E+00     -0.6226736E-12
  -0.9636883E+00      0.5003006E+02
  -0.9386574E+00      0.1815710E+02
  -0.9136266E+00      0.1328087E+02
  -0.8885957E+00      0.1095295E+02
  -0.8635648E+00      0.9517948E+01
  -0.8385340E+00      0.8519142E+01
  -0.8135031E+00      0.7772078E+01
  -0.7884722E+00      0.7185787E+01
  -0.7634414E+00      0.6709448E+01
  -0.7384105E+00      0.6312141E+01
  -0.7133797E+00      0.5973848E+01
  -0.6883488E+00      0.5680976E+01
  -0.6633179E+00      0.5423939E+01
  -0.6382871E+00      0.5195764E+01
  -0.6132562E+00      0.4991245E+01
  -0.5882253E+00      0.4806409E+01
  -0.5631945E+00      0.4638166E+01
  -0.5381636E+00      0.4484075E+01
  -0.5131327E+00      0.4342174E+01
  -0.4881019E+00      0.4210872E+01
  -0.4630710E+00      0.4088859E+01
  -0.4380401E+00      0.3975046E+01
  -0.4130093E+00      0.3868521E+01
  -0.3879784E+00      0.3768508E+01
  -0.3629475E+00      0.3674347E+01
  -0.3379167E+00      0.3585469E+01
  -0.3128858E+00      0.3501379E+01
  -0.2878549E+00      0.3421649E+01
  -0.2628241E+00      0.3345899E+01
  -0.2377932E+00      0.3273798E+01
  -0.2127624E+00      0.3205051E+01
  -0.1877315E+00      0.3139397E+01
  -0.1627006E+00      0.3076601E+01
  -0.1376698E+00      0.3016456E+01
  -0.1126389E+00      0.2958776E+01
  -0.8760803E-01      0.2903392E+01
  -0.6257716E-01      0.2850154E+01
  -0.3754630E-01      0.2798925E+01
  -0.1251543E-01      0.2749583E+01
   0.1251543E-01      0.2702015E+01
   0.3754630E-01      0.2656121E+01
   0.6257716E-01      0.2611808E+01
   0.8760803E-01      0.2568992E+01
   0.1126389E+00      0.2527594E+01
   0.1376698E+00      0.2487544E+01
   0.1627006E+00      0.2448776E+01
   0.1877315E+00      0.2411230E+01
   0.2127624E+00      0.2374849E+01
   0.2377932E+00      0.2339581E+01
   0.2628241E+00      0.2305378E+01
   0.2878549E+00      0.2272193E+01
   0.3128858E+00      0.2239985E+01
   0.3379167E+00      0.2208713E+01
   0.3629475E+00      0.2178340E+01
   0.3879784E+00      0.2148831E+01
   0.4130093E+00      0.2120152E+01
   0.4380401E+00      0.2092273E+01
   0.4630710E+00      0.2065162E+01
   0.4881019E+00      0.2038793E+01
   0.5131327E+00      0.2013139E+01
   0.5381636E+00      0.1988174E+01
   0.5631945E+00      0.1963876E+01
   0.5882253E+00      0.1940221E+01
   0.6132562E+00      0.1917188E+01
   0.6382871E+00      0.1894757E+01
   0.6633179E+00      0.1872908E+01
   0.6883488E+00      0.1851624E+01
   0.7133797E+00      0.1830886E+01
   0.7384105E+00      0.1810679E+01
   0.7634414E+00      0.1790986E+01
   0.7884722E+00      0.1771793E+01
   0.8135031E+00      0.1753085E+01
   0.8385340E+00      0.1734848E+01
   0.8635648E+00      0.1717070E+01
   0.8885957E+00      0.1699738E+01
   0.9136266E+00      0.1682840E+01
   0.9386574E+00      0.1666365E+01
   0.9636883E+00      0.1650302E+01
   0.9887192E+00      0.1634641E+01
   0.1013750E+01      0.1619371E+01
   0.1038781E+01      0.1604483E+01
   0.1063812E+01      0.1589968E+01
   0.1088843E+01      0.1575818E+01
   0.1113873E+01      0.1562023E+01
   0.1138904E+01      0.1548575E+01
   0.1163935E+01      0.1535468E+01
   0.1188966E+01      0.1522693E+01
   0.1213997E+01      0.1510243E+01
   0.1239028E+01      0.1498112E+01
   0.1264059E+01      0.1486292E+01
   0.1289090E+01      0.1474778E+01
   0.1314120E+01      0.1463564E+01
   0.1339151E+01      0.1452643E+01
   0.1364182E+01      0.1442010E+01
   0.1389213E+01      0.1431659E+01
   0.1414244E+01      0.1421587E+01
   0.1439275E+01      0.1411787E+01
   0.1464306E+01      0.1402255E+01
   0.1489336E+01      0.1392986E+01
   0.1514367E+01      0.1383977E+01
   0.1539398E+01      0.1375223E+01
   0.1564429E+01      0.1366720E+01
   0.1589460E+01      0.1358465E+01
   0.1614491E+01      0.1350454E+01
   0.1639522E+01      0.1342685E+01
   0.1664553E+01      0.1335153E+01
   0.1689583E+01      0.1327856E+01
   0.1714614E+01      0.1320791E+01
   0.1739645E+01      0.1313957E+01
   0.1764676E+01      0.1307350E+01
   0.1789707E+01      0.1300968E+01
   0.1814738E+01      0.1294810E+01
   0.1839769E+01      0.1288873E+01
   0.1864799E+01      0.1283157E+01
   0.1889830E+01      0.1277660E+01
   0.1914861E+01      0.1272380E+01
   0.1939892E+01      0.1267317E+01
   0.1964923E+01      0.1262470E+01
   0.1989954E+01      0.1257839E+01
   0.2014985E+01      0.1253422E+01
   0.2040015E+01      0.1249221E+01
   0.2065046E+01      0.1245234E+01
   0.2090077E+01      0.1241463E+01
   0.2115108E+01      0.1237908E+01
   0.2140139E+01      0.1234570E+01
   0.2165170E+01      0.1231449E+01
   0.2190201E+01      0.1228547E+01
   0.2215232E+01      0.1225866E+01
   0.2240262E+01      0.1223407E+01
   0.2265293E+01      0.1221173E+01
   0.2290324E+01      0.1219166E+01
   0.2315355E+01      0.1217388E+01
   0.2340386E+01      0.1215843E+01
   0.2365417E+01      0.1214535E+01
   0.2390448E+01      0.1213467E+01
   0.2415478E+01      0.1212643E+01
   0.2440509E+01      0.1212068E+01
   0.2465540E+01      0.1211747E+01
   0.2490571E+01      0.1211686E+01
   0.2515602E+01      0.1211891E+01
   0.2540633E+01      0.1212368E+01
   0.2565664E+01      0.1213126E+01
   0.2590695E+01      0.1214172E+01
   0.2615725E+01      0.1215514E+01
   0.2640756E+01      0.1217162E+01
   0.2665787E+01      0.1219127E+01
   0.2690818E+01      0.1221419E+01
   0.2715849E+01      0.1224052E+01
   0.2740880E+01      0.1227037E+01
   0.2765911E+01      0.1230390E+01
   0.2790941E+01      0.1234127E+01
   0.2815972E+01      0.1238264E+01
   0.2841003E+01      0.1242821E+01
   0.2866034E+01      0.1247819E+01
   0.2891065E+01      0.1253279E+01
   0.2916096E+01      0.1259227E+01
   0.2941127E+01      0.1265690E+01
   0.2966157E+01      0.1272698E+01
   0.2991188E+01      0.1280284E+01
   0.3016219E+01      0.1288485E+01
   0.3041250E+01      0.1297341E+01
   0.3066281E+01      0.1306898E+01
   0.3091312E+01      0.1317206E+01
   0.3116343E+01      0.1328321E+01
   0.3141374E+01      0.1340307E+01
   0.3166404E+01      0.1353233E+01
   0.3191435E+01      0.1367180E+01
   0.3216466E+01      0.1382238E+01
   0.3241497E+01      0.1398511E+01
   0.3266528E+01      0.1416117E+01
   0.3291559E+01      0.1435190E+01
   0.3316590E+01      0.1455889E+01
   0.3341620E+01      0.1478394E+01
   0.3366651E+01      0.1502918E+01
   0.3391682E+01      0.1529713E+01
   0.3416713E+01      0.1559077E+01
   0.3441744E+01      0.1591366E+01
   0.3466775E+01      0.1627013E+01
   0.3491806E+01      0.1666544E+01
   0.3516837E+01      0.1710613E+01
   0.3541867E+01      0.1760040E+01
   0.3566898E+01      0.1815867E+01
   0.3591929E+01      0.1879448E+01
   0.3616960E+01      0.1952576E+01
   0.3641991E+01      0.2037682E+01
   0.3667022E+01      0.2138165E+01
   0.3692053E+01      0.2258944E+01
   0.3717083E+01      0.2407465E+01
   0.3742114E+01      0.2595646E+01
   0.3767145E+01      0.2844051E+01
   0.3792176E+01      0.3192076E+01
   0.3817207E+01      0.3728035E+01
   0.3842238E+01      0.4711346E+01
   0.3867269E+01      0.7573694E+01
   0.3892299E+01      0.5613774E-10
   0.3917330E+01      0.6485123E-11
   0.3942361E+01      0.2306496E-11
   0.3967392E+01      0.7304706E-12
   0.3992423E+01     -0.4342990E-12
   0.4017454E+01     -0.9550314E-12
   0.4042485E+01     -0.1186321E-12
   0.4067516E+01     -0.2487589E-12
   0.4092546E+01      0.2411786E-13
   0.4117577E+01      0.6883687E-13
   0.4142608E+01      0.2596011E-12
   0.4167639E+01     -0.1012300E-12
   0.4192670E+01      0.1715741E-12
   0.4217701E+01     -0.1020840E-12
   0.4242732E+01     -0.8026491E-14
   0.4267762E+01     -0.3267408E-13
   0.4292793E+01     -0.6590487E-13
   0.4317824E+01     -0.5924907E-13
   0.4342855E+01     -0.5949754E-13
   0.4367886E+01      0.4704077E-13
   0.4392917E+01     -0.4079700E-13
   0.4417948E+01     -0.2284247E-13
   0.4442979E+01     -0.1842083E-13
   0.4468009E+01     -0.3994378E-13
   0.4493040E+01      0.4577025E-13
   0.4518071E+01     -0.2779732E-14
   0.4543102E+01      0.3314812E-13
   0.4568133E+01      0.2403236E-13
   0.4593164E+01      0.4615693E-14
   0.4618195E+01      0.2405351E-13
   0.4643225E+01     -0.2771502E-13
   0.4668256E+01     -0.1842840E-13
   0.4693287E+01     -0.2198950E-14
   0.4718318E+01      0.1211164E-13
   0.4743349E+01     -0.2062844E-13
   0.4768380E+01     -0.1508936E-14
   0.4793411E+01     -0.4140283E-14
   0.4818441E+01     -0.1128782E-13
   0.4843472E+01      0.1240856E-13
   0.4868503E+01      0.1699853E-13
   0.4893534E+01     -0.1854088E-13
   0.4918565E+01     -0.2544009E-13
   0.4943596E+01     -0.2692124E-14
   0.4968627E+01     -0.2325221E-14
   0.4993658E+01      0.2014869E-14
   0.5018688E+01     -0.1386656E-14
   0.5043719E+01      0.7373073E-14
   0.5068750E+01     -0.4991064E-14
   0.5093781E+01     -0.9933698E-14
   0.5118812E+01     -0.8271084E-14
   0.5143843E+01      0.5905064E-15
   0.5168874E+01      0.7567021E-14
   0.5193904E+01     -0.2279899E-14
   0.5218935E+01     -0.9224365E-14
   0.5243966E+01      0.3601255E-14
   0.5268997E+01     -0.6566596E-14
   0.5294028E+01     -0.9854292E-14
   0.5319059E+01      0.2608178E-14
   0.5344090E+01      0.5110079E-14
   0.5369121E+01     -0.8783642E-14
   0.5394151E+01     -0.1100013E-14
   0.5419182E+01      0.5215794E-14
   0.5444213E+01     -0.2923925E-14
   0.5469244E+01      0.6829500E-14
   0.5494275E+01      0.1399400E-14
   0.5519306E+01     -0.3201659E-14
   0.5544337E+01     -0.6548185E-14
   0.5569367E+01      0.3271962E-14
   0.5594398E+01     -0.8529310E-14
   0.5619429E+01     -0.9562550E-14
   0.5644460E+01     -0.4085878E-14
   0.5669491E+01      0.2825011E-14
   0.5694522E+01      0.7755115E-15
   0.5719553E+01      0.5114162E-14
   0.5744583E+01     -0.7482836E-14
   0.5769614E+01      0.1455796E-15
   0.5794645E+01     -0.1065971E-13
   0.5819676E+01     -0.2531922E-14
   0.5844707E+01      0.3998774E-14
   0.5869738E+01      0.2551521E-14
   0.5894769E+01     -0.2573587E-16
   0.5919800E+01     -0.1840967E-14
   0.5944830E+01      0.1208307E-14
   0.5969861E+01      0.4415484E-14
   0.5994892E+01     -0.2337179E-15
   0.6019923E+01     -0.6538279E-15
   0.6044954E+01     -0.1441282E-14
   0.6069985E+01     -0.1915231E-14
   0.6095016E+01      0.3512095E-15
   0.6120046E+01      0.5202987E-15
   0.6145077E+01      0.5499796E-14
   0.6170108E+01      0.6676856E-16
   0.6195139E+01     -0.2289271E-14
   0.6220170E+01      0.1766212E-14
   0.6245201E+01     -0.2011743E-14
   0.6270232E+01      0.6447342E-14
   0.6295263E+01      0.1548656E-14
   0.6320293E+01      0.7497169E-15
   0.6345324E+01      0.2880096E-14
   0.6370355E+01      0.1324623E-14
   0.6395386E+01      0.1222144E-14
   0.6420417E+01     -0.2281202E-15
   0.6445448E+01     -0.5984642E-15
   0.6470479E+01     -0.2580804E-14
   0.6495509E+01      0.2599908E-14
   0.6520540E+01      0.2618074E-15
   0.6545571E+01      0.5280202E-15
   0.6570602E+01      0.1189677E-14
   0.6595633E+01     -0.2081597E-14
   0.6620664E+01     -0.2827135E-14
   0.6645695E+01      0.2344122E-14
   0.6670725E+01     -0.1432052E-14
   0.6695756E+01      0.1522183E-14
   0.6720787E+01      0.8083507E-15
   0.6745818E+01      0.9458004E-15
   0.6770849E+01     -0.2628183E-14
   0.6795880E+01      0.8865505E-15
   0.6820911E+01      0.9248466E-16
   0.6845942E+01      0.2930832E-14
   0.6870972E+01      0.1111542E-15
   0.6896003E+01      0.1052639E-14
   0.6921034E+01      0.6857199E-15
   0.6946065E+01     -0.2665527E-15
   0.6971096E+01     -0.4786305E-15
   0.6996127E+01     -0.2350389E-14
   0.7021158E+01      0.1082949E-14
   0.7046188E+01     -0.7015783E-15
   0.7071219E+01      0.3902543E-14
   0.7096250E+01      0.4015959E-15
   0.7121281E+01      0.1568334E-14
   0.7146312E+01      0.3620175E-14
   0.7171343E+01      0.1951970E-15
   0.7196374E+01     -0.2722251E-14
   0.7221405E+01      0.8943315E-15
   0.7246435E+01      0.2064733E-14
   0.7271466E+01     -0.2116627E-14
   0.7296497E+01      0.2226636E-15
   0.7321528E+01     -0.1879768E-14
   0.7346559E+01      0.2218607E-14
   0.7371590E+01      0.2658694E-16
   0.7396621E+01     -0.8897580E-15
   0.7421651E+01      0.2271926E-14
   0.7446682E+01      0.1145360E-14
   0.7471713E+01     -0.4085369E-15
   0.7496744E+01      0.3246253E-15
   0.7521775E+01     -0.1531255E-14
   0.7546806E+01     -0.7627427E-15
   0.7571837E+01      0.2469806E-15
   0.7596868E+01      0.2787820E-15
   0.7621898E+01      0.6074532E-15
   0.7646929E+01     -0.4165601E-15
   0.7671960E+01     -0.1390516E-14
   0.7696991E+01     -0.8900751E-15
   0.7722022E+01     -0.6569055E-15
   0.7747053E+01      0.5785246E-15
   0.7772084E+01     -0.4980219E-15
   0.7797114E+01     -0.1482590E-14
   0.7822145E+01      0.6734530E-15
   0.7847176E+01      0.1424660E-15
   0.7872207E+01     -0.9070322E-15
   0.7897238E+01      0.1431643E-14
   0.7922269E+01      0.3236419E-16
   0.7947300E+01      0.6309149E-15
   0.7972330E+01      0.8598523E-15
   0.7997361E+01      0.1690040E-14
   0.8022392E+01     -0.1245003E-14
   0.8047423E+01     -0.1781244E-14
   0.8072454E+01     -0.1110632E-15
   0.8097485E+01      0.1093653E-14
   0.8122516E+01      0.5520977E-15
   0.8147547E+01     -0.1062928E-14
   0.8172577E+01     -0.4320940E-15
   0.8197608E+01     -0.4770334E-15
   0.8222639E+01      0.3769745E-15
   0.8247670E+01      0.8166760E-15
   0.8272701E+01     -0.6508588E-15
   0.8297732E+01      0.1448120E-14
   0.8322763E+01     -0.3245697E-15
   0.8347793E+01     -0.1618646E-15
   0.8372824E+01     -0.4525215E-15
   0.8397855E+01      0.1309586E-15
   0.8422886E+01     -0.5251860E-15
   0.8447917E+01      0.1710512E-15
   0.8472948E+01     -0.1171297E-14
   0.8497979E+01      0.7682311E-15
   0.8523010E+01     -0.1979398E-15
   0.8548040E+01     -0.8409972E-15
   0.8573071E+01     -0.1377017E-14
   0.8598102E+01      0.3501553E-16
   0.8623133E+01     -0.2023308E-15
   0.8648164E+01      0.2391749E-15
   0.8673195E+01      0.5970421E-15
   0.8698226E+01     -0.6322628E-15
   0.8723256E+01      0.1419380E-14
   0.8748287E+01     -0.1121281E-14
   0.8773318E+01      0.3660040E-15
   0.8798349E+01     -0.1205777E-15
   0.8823380E+01     -0.1116630E-14
   0.8848411E+01     -0.3879761E-15
   0.8873442E+01      0.7829818E-15
   0.8898472E+01     -0.5130177E-15
   0.8923503E+01     -0.8068383E-16
   0.8948534E+01     -0.2175293E-15
   0.8973565E+01      0.3207774E-17
   0.8998596E+01     -0.6300080E-15
   0.9023627E+01      0.1081613E-14
   0.9048658E+01      0.9369040E-15
   0.9073689E+01     -0.3807418E-15
   0.9098719E+01      0.8370144E-15
   0.9123750E+01      0.1233831E-14
   0.9148781E+01      0.6025974E-15
   0.9173812E+01     -0.8453371E-15
   0.9198843E+01     -0.4116965E-15
   0.9223874E+01     -0.1565903E-18
   0.9248905E+01     -0.9694584E-15
   0.9273935E+01      0.5633704E-15
   0.9298966E+01     -0.9078920E-15
   0.9323997E+01     -0.8323944E-16
   0.9349028E+01     -0.7988306E-16
   0.9374059E+01     -0.1138857E-14
   0.9399090E+01      0.5022963E-15
   0.9424121E+01      0.1731791E-15
   0.9449152E+01     -0.6321713E-15
   0.9474182E+01     -0.6166936E-15
   0.9499213E+01      0.3627789E-15
   0.9524244E+01      0.7557977E-16
   0.9549275E+01     -0.4940623E-15
   0.9574306E+01     -0.5656695E-15
   0.9599337E+01      0.9457992E-15
   0.9624368E+01      0.3431582E-15
   0.9649398E+01      0.3311657E-15
   0.9674429E+01      0.7062150E-15
   0.9699460E+01      0.2872854E-15
   0.9724491E+01     -0.9494916E-15
   0.9749522E+01     -0.3482009E-15
   0.9774553E+01      0.4538490E-15
   0.9799584E+01     -0.3327496E-15
   0.9824614E+01     -0.2835546E-15
   0.9849645E+01      0.1380925E-15
   0.9874676E+01     -0.2398341E-15
   0.9899707E+01      0.7028221E-15
   0.9924738E+01      0.6675338E-15
   0.9949769E+01      0.4851688E-16
   0.9974800E+01      0.2779101E-15
   0.9999831E+01     -0.3904298E-15
 &
 @autoscale
 @target G3.S0
