 @target G3.S0
 @type xy
  -0.9999831E+01     -0.3736414E-16
  -0.9974800E+01      0.4657538E-16
  -0.9949769E+01      0.9483351E-17
  -0.9924738E+01      0.5525207E-17
  -0.9899707E+01     -0.3188707E-16
  -0.9874676E+01      0.8661300E-17
  -0.9849645E+01     -0.3065226E-16
  -0.9824614E+01     -0.2848236E-16
  -0.9799584E+01      0.4013919E-16
  -0.9774553E+01      0.8154300E-17
  -0.9749522E+01      0.3870654E-16
  -0.9724491E+01      0.5196614E-16
  -0.9699460E+01     -0.7498086E-16
  -0.9674429E+01     -0.7407146E-17
  -0.9649398E+01     -0.2617364E-16
  -0.9624368E+01     -0.5131752E-16
  -0.9599337E+01     -0.2000629E-16
  -0.9574306E+01     -0.6663939E-17
  -0.9549275E+01      0.5682611E-16
  -0.9524244E+01     -0.4705931E-17
  -0.9499213E+01      0.2763173E-16
  -0.9474182E+01     -0.5336869E-16
  -0.9449152E+01      0.1899904E-16
  -0.9424121E+01      0.7276753E-16
  -0.9399090E+01     -0.8924721E-17
  -0.9374059E+01     -0.7556712E-17
  -0.9349028E+01     -0.1895213E-16
  -0.9323997E+01      0.3707234E-17
  -0.9298966E+01      0.4764971E-16
  -0.9273935E+01      0.1810562E-16
  -0.9248905E+01      0.1516481E-16
  -0.9223874E+01      0.1007761E-16
  -0.9198843E+01      0.4956377E-16
  -0.9173812E+01      0.9258957E-18
  -0.9148781E+01     -0.4365833E-16
  -0.9123750E+01     -0.3122715E-17
  -0.9098719E+01     -0.3625880E-16
  -0.9073689E+01     -0.4271979E-17
  -0.9048658E+01      0.9402213E-17
  -0.9023627E+01      0.1227671E-16
  -0.8998596E+01     -0.2900911E-16
  -0.8973565E+01      0.3350814E-16
  -0.8948534E+01     -0.1118794E-16
  -0.8923503E+01      0.1076556E-15
  -0.8898472E+01      0.5716797E-17
  -0.8873442E+01      0.6690742E-16
  -0.8848411E+01      0.1393861E-16
  -0.8823380E+01     -0.1573681E-16
  -0.8798349E+01      0.2954211E-17
  -0.8773318E+01      0.4758859E-16
  -0.8748287E+01      0.2240180E-16
  -0.8723256E+01     -0.1149880E-16
  -0.8698226E+01      0.4151618E-16
  -0.8673195E+01      0.5013870E-16
  -0.8648164E+01      0.6712734E-16
  -0.8623133E+01      0.7216703E-16
  -0.8598102E+01      0.1602566E-16
  -0.8573071E+01     -0.3915427E-17
  -0.8548040E+01      0.1969195E-16
  -0.8523010E+01     -0.2745947E-16
  -0.8497979E+01     -0.5066615E-17
  -0.8472948E+01     -0.2332335E-17
  -0.8447917E+01      0.4170260E-17
  -0.8422886E+01     -0.4239557E-17
  -0.8397855E+01     -0.1521815E-16
  -0.8372824E+01     -0.1863272E-16
  -0.8347793E+01     -0.6261936E-16
  -0.8322763E+01     -0.4894143E-16
  -0.8297732E+01     -0.7441026E-16
  -0.8272701E+01     -0.3763070E-16
  -0.8247670E+01      0.1571466E-16
  -0.8222639E+01      0.6651416E-16
  -0.8197608E+01     -0.3792523E-16
  -0.8172577E+01      0.2118237E-16
  -0.8147547E+01     -0.9323361E-17
  -0.8122516E+01      0.3535432E-16
  -0.8097485E+01      0.3980675E-16
  -0.8072454E+01     -0.1381501E-16
  -0.8047423E+01     -0.8423710E-16
  -0.8022392E+01     -0.1873073E-16
  -0.7997361E+01      0.2827636E-16
  -0.7972330E+01     -0.4115375E-16
  -0.7947300E+01     -0.2745651E-16
  -0.7922269E+01     -0.2984310E-17
  -0.7897238E+01     -0.2990154E-16
  -0.7872207E+01     -0.5842613E-16
  -0.7847176E+01     -0.6745109E-17
  -0.7822145E+01      0.4126284E-16
  -0.7797114E+01     -0.1071557E-16
  -0.7772084E+01     -0.1680899E-16
  -0.7747053E+01      0.1263898E-17
  -0.7722022E+01      0.3208467E-16
  -0.7696991E+01      0.2208957E-16
  -0.7671960E+01      0.2504184E-16
  -0.7646929E+01     -0.8942873E-17
  -0.7621898E+01     -0.3788929E-16
  -0.7596868E+01     -0.2602227E-16
  -0.7571837E+01      0.2515774E-16
  -0.7546806E+01     -0.5235267E-18
  -0.7521775E+01      0.4314029E-16
  -0.7496744E+01     -0.3396254E-16
  -0.7471713E+01     -0.5665252E-17
  -0.7446682E+01     -0.2126181E-16
  -0.7421651E+01     -0.6614755E-16
  -0.7396621E+01     -0.1167487E-16
  -0.7371590E+01      0.5692982E-16
  -0.7346559E+01     -0.8024416E-16
  -0.7321528E+01      0.3180329E-16
  -0.7296497E+01     -0.1910019E-16
  -0.7271466E+01     -0.7173364E-16
  -0.7246435E+01     -0.7232636E-17
  -0.7221405E+01     -0.2975077E-16
  -0.7196374E+01      0.7983083E-16
  -0.7171343E+01      0.6618437E-17
  -0.7146312E+01     -0.1825625E-16
  -0.7121281E+01      0.3594268E-16
  -0.7096250E+01      0.9919883E-17
  -0.7071219E+01      0.8014917E-16
  -0.7046188E+01     -0.2165288E-16
  -0.7021158E+01      0.5078077E-16
  -0.6996127E+01     -0.3900476E-17
  -0.6971096E+01      0.3387890E-16
  -0.6946065E+01      0.3363418E-16
  -0.6921034E+01      0.3397716E-16
  -0.6896003E+01      0.5430416E-16
  -0.6870972E+01     -0.3947660E-16
  -0.6845942E+01      0.1454189E-16
  -0.6820911E+01     -0.3353894E-16
  -0.6795880E+01      0.3552068E-16
  -0.6770849E+01      0.3755502E-16
  -0.6745818E+01      0.8639460E-17
  -0.6720787E+01     -0.2105175E-16
  -0.6695756E+01     -0.1809437E-16
  -0.6670725E+01     -0.5662340E-16
  -0.6645695E+01      0.3325352E-16
  -0.6620664E+01      0.1877568E-16
  -0.6595633E+01     -0.2864787E-16
  -0.6570602E+01      0.3690124E-16
  -0.6545571E+01     -0.2273676E-16
  -0.6520540E+01     -0.2652947E-16
  -0.6495509E+01     -0.7560769E-16
  -0.6470479E+01     -0.2528146E-16
  -0.6445448E+01     -0.7875882E-16
  -0.6420417E+01     -0.2162165E-16
  -0.6395386E+01      0.1224289E-18
  -0.6370355E+01      0.5179032E-16
  -0.6345324E+01     -0.1956956E-16
  -0.6320293E+01     -0.1400102E-16
  -0.6295263E+01      0.3883882E-16
  -0.6270232E+01      0.4112174E-16
  -0.6245201E+01      0.9588686E-17
  -0.6220170E+01      0.1354370E-16
  -0.6195139E+01     -0.4519993E-16
  -0.6170108E+01     -0.2076842E-16
  -0.6145077E+01     -0.8302411E-16
  -0.6120046E+01      0.2687041E-16
  -0.6095016E+01     -0.3439118E-16
  -0.6069985E+01      0.2788335E-16
  -0.6044954E+01      0.2723640E-16
  -0.6019923E+01     -0.5012997E-16
  -0.5994892E+01     -0.5578722E-16
  -0.5969861E+01      0.6351100E-16
  -0.5944830E+01      0.5813117E-17
  -0.5919800E+01     -0.1212408E-16
  -0.5894769E+01     -0.3816591E-16
  -0.5869738E+01      0.2164155E-16
  -0.5844707E+01      0.1959467E-16
  -0.5819676E+01      0.4017441E-16
  -0.5794645E+01      0.2468908E-16
  -0.5769614E+01     -0.3292810E-16
  -0.5744583E+01      0.3004604E-16
  -0.5719553E+01     -0.4218280E-16
  -0.5694522E+01     -0.4770397E-16
  -0.5669491E+01      0.6518248E-17
  -0.5644460E+01     -0.4136243E-16
  -0.5619429E+01     -0.1202546E-16
  -0.5594398E+01     -0.4880054E-17
  -0.5569367E+01     -0.6369089E-16
  -0.5544337E+01      0.7097042E-16
  -0.5519306E+01     -0.6789204E-16
  -0.5494275E+01      0.1433434E-16
  -0.5469244E+01     -0.3102680E-16
  -0.5444213E+01      0.3304968E-17
  -0.5419182E+01      0.1298215E-17
  -0.5394151E+01      0.1451554E-16
  -0.5369121E+01     -0.7487721E-19
  -0.5344090E+01      0.8374833E-17
  -0.5319059E+01     -0.1434736E-17
  -0.5294028E+01      0.6136408E-17
  -0.5268997E+01     -0.5506718E-17
  -0.5243966E+01     -0.1522276E-16
  -0.5218935E+01     -0.1837288E-16
  -0.5193904E+01     -0.1898881E-16
  -0.5168874E+01      0.7669453E-16
  -0.5143843E+01      0.3182222E-16
  -0.5118812E+01     -0.2209839E-16
  -0.5093781E+01     -0.1492388E-16
  -0.5068750E+01      0.3354428E-16
  -0.5043719E+01      0.2211113E-16
  -0.5018688E+01     -0.1337224E-16
  -0.4993658E+01      0.5069061E-16
  -0.4968627E+01      0.1038165E-16
  -0.4943596E+01      0.4658271E-17
  -0.4918565E+01     -0.8330736E-17
  -0.4893534E+01     -0.6011300E-16
  -0.4868503E+01     -0.1810359E-16
  -0.4843472E+01     -0.1367632E-16
  -0.4818441E+01     -0.3438926E-17
  -0.4793411E+01      0.3013348E-16
  -0.4768380E+01     -0.2260475E-16
  -0.4743349E+01      0.4892290E-16
  -0.4718318E+01     -0.1196625E-16
  -0.4693287E+01      0.4855287E-17
  -0.4668256E+01      0.4170828E-16
  -0.4643225E+01      0.2136016E-16
  -0.4618195E+01     -0.3350828E-16
  -0.4593164E+01      0.5241505E-17
  -0.4568133E+01      0.8730389E-17
  -0.4543102E+01     -0.8488664E-17
  -0.4518071E+01     -0.1144288E-16
  -0.4493040E+01      0.1440805E-16
  -0.4468009E+01      0.3689816E-17
  -0.4442979E+01     -0.8611234E-17
  -0.4417948E+01      0.3326074E-16
  -0.4392917E+01      0.8338007E-16
  -0.4367886E+01     -0.2366475E-16
  -0.4342855E+01     -0.2478927E-16
  -0.4317824E+01     -0.5592187E-16
  -0.4292793E+01     -0.1204529E-16
  -0.4267762E+01      0.3992293E-16
  -0.4242732E+01      0.9170142E-17
  -0.4217701E+01     -0.6206273E-16
  -0.4192670E+01      0.2109775E-16
  -0.4167639E+01      0.2964210E-16
  -0.4142608E+01     -0.3837456E-16
  -0.4117577E+01      0.1392489E-17
  -0.4092546E+01      0.2600774E-16
  -0.4067516E+01     -0.1176586E-16
  -0.4042485E+01     -0.6052635E-17
  -0.4017454E+01      0.5903485E-17
  -0.3992423E+01     -0.2691095E-16
  -0.3967392E+01      0.2462516E-16
  -0.3942361E+01     -0.1000268E-16
  -0.3917330E+01     -0.1890361E-16
  -0.3892299E+01      0.1850658E-16
  -0.3867269E+01      0.3541908E-17
  -0.3842238E+01      0.6776910E-16
  -0.3817207E+01     -0.3387790E-16
  -0.3792176E+01      0.5352231E-17
  -0.3767145E+01      0.3898506E-16
  -0.3742114E+01      0.4890513E-16
  -0.3717083E+01     -0.5644281E-16
  -0.3692053E+01     -0.2778635E-16
  -0.3667022E+01      0.6735576E-16
  -0.3641991E+01     -0.2578878E-17
  -0.3616960E+01     -0.2593639E-16
  -0.3591929E+01      0.1981806E-16
  -0.3566898E+01      0.2802129E-17
  -0.3541867E+01      0.6392072E-16
  -0.3516837E+01      0.2336647E-17
  -0.3491806E+01      0.2953493E-16
  -0.3466775E+01     -0.2570836E-16
  -0.3441744E+01      0.5683500E-17
  -0.3416713E+01      0.5098341E-17
  -0.3391682E+01     -0.6889597E-17
  -0.3366651E+01     -0.4714066E-16
  -0.3341620E+01      0.1713051E-16
  -0.3316590E+01     -0.4531760E-17
  -0.3291559E+01      0.4857494E-16
  -0.3266528E+01      0.7959848E-17
  -0.3241497E+01      0.5454129E-17
  -0.3216466E+01      0.4341689E-16
  -0.3191435E+01      0.1431016E-16
  -0.3166404E+01      0.6412920E-16
  -0.3141374E+01      0.1662881E-16
  -0.3116343E+01     -0.2614182E-16
  -0.3091312E+01     -0.3564823E-16
  -0.3066281E+01      0.2415254E-16
  -0.3041250E+01      0.1612281E-16
  -0.3016219E+01      0.4112494E-17
  -0.2991188E+01     -0.1029818E-16
  -0.2966157E+01      0.1596350E-16
  -0.2941127E+01     -0.1474931E-16
  -0.2916096E+01     -0.3894370E-17
  -0.2891065E+01      0.1521802E-16
  -0.2866034E+01     -0.7631448E-16
  -0.2841003E+01     -0.7358361E-17
  -0.2815972E+01      0.2624007E-16
  -0.2790941E+01     -0.2004186E-16
  -0.2765911E+01      0.1156807E-16
  -0.2740880E+01      0.1679985E-16
  -0.2715849E+01     -0.5697891E-16
  -0.2690818E+01     -0.3593970E-16
  -0.2665787E+01     -0.1958980E-16
  -0.2640756E+01      0.3082551E-16
  -0.2615725E+01     -0.1656104E-16
  -0.2590695E+01     -0.6218989E-16
  -0.2565664E+01     -0.4166605E-16
  -0.2540633E+01      0.8015223E-19
  -0.2515602E+01     -0.1956481E-16
  -0.2490571E+01     -0.1843424E-16
  -0.2465540E+01      0.5857735E-16
  -0.2440509E+01      0.2011868E-16
  -0.2415478E+01     -0.9542620E-17
  -0.2390448E+01      0.2157961E-17
  -0.2365417E+01     -0.5383637E-17
  -0.2340386E+01      0.2010866E-16
  -0.2315355E+01      0.8954534E-19
  -0.2290324E+01     -0.1928789E-16
  -0.2265293E+01     -0.2304572E-17
  -0.2240262E+01     -0.4965613E-17
  -0.2215232E+01      0.3328281E-16
  -0.2190201E+01      0.1240254E-16
  -0.2165170E+01     -0.1969628E-16
  -0.2140139E+01     -0.2489656E-17
  -0.2115108E+01     -0.3722120E-16
  -0.2090077E+01      0.6614071E-17
  -0.2065046E+01     -0.1615856E-16
  -0.2040015E+01     -0.2264957E-17
  -0.2014985E+01     -0.2072887E-16
  -0.1989954E+01     -0.1305350E-16
  -0.1964923E+01      0.1626516E-16
  -0.1939892E+01     -0.9966187E-17
  -0.1914861E+01      0.7828352E-17
  -0.1889830E+01     -0.1688977E-16
  -0.1864799E+01      0.1449513E-16
  -0.1839769E+01     -0.2349302E-16
  -0.1814738E+01     -0.2324092E-16
  -0.1789707E+01     -0.5810361E-17
  -0.1764676E+01     -0.4436386E-16
  -0.1739645E+01     -0.2651608E-16
  -0.1714614E+01      0.3190352E-17
  -0.1689583E+01      0.1338731E-15
  -0.1664553E+01      0.8688028E-17
  -0.1639522E+01     -0.1408436E-17
  -0.1614491E+01      0.7943839E-16
  -0.1589460E+01      0.1546379E-15
  -0.1564429E+01      0.2883475E-16
  -0.1539398E+01      0.1076194E-15
  -0.1514367E+01      0.4747396E-15
  -0.1489336E+01     -0.3962827E-15
  -0.1464306E+01     -0.3763833E-15
  -0.1439275E+01      0.5383525E-15
  -0.1414244E+01     -0.9269454E-15
  -0.1389213E+01      0.3540528E-15
  -0.1364182E+01      0.2270428E-16
  -0.1339151E+01      0.9471396E-15
  -0.1314120E+01     -0.1179818E-14
  -0.1289090E+01     -0.1165377E-14
  -0.1264059E+01     -0.7237301E-15
  -0.1239028E+01      0.6462336E-15
  -0.1213997E+01      0.7507500E-15
  -0.1188966E+01      0.6636855E-14
  -0.1163935E+01      0.2408114E-13
  -0.1138904E+01      0.3917318E-14
  -0.1113873E+01      0.3096112E-13
  -0.1088843E+01     -0.2516954E-13
  -0.1063812E+01      0.4850880E-16
  -0.1038781E+01      0.1070254E-12
  -0.1013750E+01     -0.2513792E-12
  -0.9887192E+00     -0.5834006E-12
  -0.9636883E+00      0.1750561E+02
  -0.9386574E+00      0.6304738E+01
  -0.9136266E+00      0.4594825E+01
  -0.8885957E+00      0.3782262E+01
  -0.8635648E+00      0.3282902E+01
  -0.8385340E+00      0.2935706E+01
  -0.8135031E+00      0.2675919E+01
  -0.7884722E+00      0.2471797E+01
  -0.7634414E+00      0.2305708E+01
  -0.7384105E+00      0.2166966E+01
  -0.7133797E+00      0.2048672E+01
  -0.6883488E+00      0.1946143E+01
  -0.6633179E+00      0.1856075E+01
  -0.6382871E+00      0.1776060E+01
  -0.6132562E+00      0.1704298E+01
  -0.5882253E+00      0.1639412E+01
  -0.5631945E+00      0.1580328E+01
  -0.5381636E+00      0.1526193E+01
  -0.5131327E+00      0.1476324E+01
  -0.4881019E+00      0.1430162E+01
  -0.4630710E+00      0.1387248E+01
  -0.4380401E+00      0.1347200E+01
  -0.4130093E+00      0.1309696E+01
  -0.3879784E+00      0.1274465E+01
  -0.3629475E+00      0.1241274E+01
  -0.3379167E+00      0.1209924E+01
  -0.3128858E+00      0.1180243E+01
  -0.2878549E+00      0.1152082E+01
  -0.2628241E+00      0.1125309E+01
  -0.2377932E+00      0.1099809E+01
  -0.2127624E+00      0.1075481E+01
  -0.1877315E+00      0.1052235E+01
  -0.1627006E+00      0.1029992E+01
  -0.1376698E+00      0.1008678E+01
  -0.1126389E+00      0.9882312E+00
  -0.8760803E-01      0.9685928E+00
  -0.6257716E-01      0.9497110E+00
  -0.3754630E-01      0.9315388E+00
  -0.1251543E-01      0.9140332E+00
   0.1251543E-01      0.8971553E+00
   0.3754630E-01      0.8808696E+00
   0.6257716E-01      0.8651434E+00
   0.8760803E-01      0.8499470E+00
   0.1126389E+00      0.8352527E+00
   0.1376698E+00      0.8210353E+00
   0.1627006E+00      0.8072714E+00
   0.1877315E+00      0.7939392E+00
   0.2127624E+00      0.7810187E+00
   0.2377932E+00      0.7684913E+00
   0.2628241E+00      0.7563394E+00
   0.2878549E+00      0.7445470E+00
   0.3128858E+00      0.7330987E+00
   0.3379167E+00      0.7219805E+00
   0.3629475E+00      0.7111790E+00
   0.3879784E+00      0.7006818E+00
   0.4130093E+00      0.6904770E+00
   0.4380401E+00      0.6805537E+00
   0.4630710E+00      0.6709013E+00
   0.4881019E+00      0.6615102E+00
   0.5131327E+00      0.6523708E+00
   0.5381636E+00      0.6434745E+00
   0.5631945E+00      0.6348129E+00
   0.5882253E+00      0.6263781E+00
   0.6132562E+00      0.6181625E+00
   0.6382871E+00      0.6101591E+00
   0.6633179E+00      0.6023610E+00
   0.6883488E+00      0.5947617E+00
   0.7133797E+00      0.5873552E+00
   0.7384105E+00      0.5801354E+00
   0.7634414E+00      0.5730968E+00
   0.7884722E+00      0.5662340E+00
   0.8135031E+00      0.5595420E+00
   0.8385340E+00      0.5530157E+00
   0.8635648E+00      0.5466505E+00
   0.8885957E+00      0.5404420E+00
   0.9136266E+00      0.5343857E+00
   0.9386574E+00      0.5284777E+00
   0.9636883E+00      0.5227138E+00
   0.9887192E+00      0.5170904E+00
   0.1013750E+01      0.5116038E+00
   0.1038781E+01      0.5062505E+00
   0.1063812E+01      0.5010271E+00
   0.1088843E+01      0.4959304E+00
   0.1113873E+01      0.4909574E+00
   0.1138904E+01      0.4861050E+00
   0.1163935E+01      0.4813704E+00
   0.1188966E+01      0.4767508E+00
   0.1213997E+01      0.4722436E+00
   0.1239028E+01      0.4678463E+00
   0.1264059E+01      0.4635564E+00
   0.1289090E+01      0.4593716E+00
   0.1314120E+01      0.4552896E+00
   0.1339151E+01      0.4513083E+00
   0.1364182E+01      0.4474256E+00
   0.1389213E+01      0.4436395E+00
   0.1414244E+01      0.4399480E+00
   0.1439275E+01      0.4363495E+00
   0.1464306E+01      0.4328420E+00
   0.1489336E+01      0.4294240E+00
   0.1514367E+01      0.4260937E+00
   0.1539398E+01      0.4228498E+00
   0.1564429E+01      0.4196906E+00
   0.1589460E+01      0.4166148E+00
   0.1614491E+01      0.4136211E+00
   0.1639522E+01      0.4107081E+00
   0.1664553E+01      0.4078747E+00
   0.1689583E+01      0.4051198E+00
   0.1714614E+01      0.4024421E+00
   0.1739645E+01      0.3998408E+00
   0.1764676E+01      0.3973149E+00
   0.1789707E+01      0.3948634E+00
   0.1814738E+01      0.3924854E+00
   0.1839769E+01      0.3901804E+00
   0.1864799E+01      0.3879474E+00
   0.1889830E+01      0.3857858E+00
   0.1914861E+01      0.3836951E+00
   0.1939892E+01      0.3816747E+00
   0.1964923E+01      0.3797241E+00
   0.1989954E+01      0.3778429E+00
   0.2014985E+01      0.3760307E+00
   0.2040015E+01      0.3742873E+00
   0.2065046E+01      0.3726124E+00
   0.2090077E+01      0.3710058E+00
   0.2115108E+01      0.3694675E+00
   0.2140139E+01      0.3679975E+00
   0.2165170E+01      0.3665958E+00
   0.2190201E+01      0.3652624E+00
   0.2215232E+01      0.3639977E+00
   0.2240262E+01      0.3628020E+00
   0.2265293E+01      0.3616754E+00
   0.2290324E+01      0.3606187E+00
   0.2315355E+01      0.3596322E+00
   0.2340386E+01      0.3587166E+00
   0.2365417E+01      0.3578727E+00
   0.2390448E+01      0.3571013E+00
   0.2415478E+01      0.3564034E+00
   0.2440509E+01      0.3557801E+00
   0.2465540E+01      0.3552325E+00
   0.2490571E+01      0.3547621E+00
   0.2515602E+01      0.3543704E+00
   0.2540633E+01      0.3540590E+00
   0.2565664E+01      0.3538296E+00
   0.2590695E+01      0.3536844E+00
   0.2615725E+01      0.3536256E+00
   0.2640756E+01      0.3536555E+00
   0.2665787E+01      0.3537768E+00
   0.2690818E+01      0.3539924E+00
   0.2715849E+01      0.3543055E+00
   0.2740880E+01      0.3547195E+00
   0.2765911E+01      0.3552382E+00
   0.2790941E+01      0.3558658E+00
   0.2815972E+01      0.3566069E+00
   0.2841003E+01      0.3574664E+00
   0.2866034E+01      0.3584498E+00
   0.2891065E+01      0.3595632E+00
   0.2916096E+01      0.3608131E+00
   0.2941127E+01      0.3622068E+00
   0.2966157E+01      0.3637524E+00
   0.2991188E+01      0.3654588E+00
   0.3016219E+01      0.3673357E+00
   0.3041250E+01      0.3693942E+00
   0.3066281E+01      0.3716463E+00
   0.3091312E+01      0.3741057E+00
   0.3116343E+01      0.3767873E+00
   0.3141374E+01      0.3797084E+00
   0.3166404E+01      0.3828879E+00
   0.3191435E+01      0.3863475E+00
   0.3216466E+01      0.3901118E+00
   0.3241497E+01      0.3942086E+00
   0.3266528E+01      0.3986699E+00
   0.3291559E+01      0.4035323E+00
   0.3316590E+01      0.4088385E+00
   0.3341620E+01      0.4146377E+00
   0.3366651E+01      0.4209878E+00
   0.3391682E+01      0.4279569E+00
   0.3416713E+01      0.4356258E+00
   0.3441744E+01      0.4440917E+00
   0.3466775E+01      0.4534718E+00
   0.3491806E+01      0.4639096E+00
   0.3516837E+01      0.4755827E+00
   0.3541867E+01      0.4887139E+00
   0.3566898E+01      0.5035873E+00
   0.3591929E+01      0.5205711E+00
   0.3616960E+01      0.5401533E+00
   0.3641991E+01      0.5629963E+00
   0.3667022E+01      0.5900255E+00
   0.3692053E+01      0.6225813E+00
   0.3717083E+01      0.6626925E+00
   0.3742114E+01      0.7136078E+00
   0.3767145E+01      0.7809340E+00
   0.3792176E+01      0.8754138E+00
   0.3817207E+01      0.1021137E+01
   0.3842238E+01      0.1288884E+01
   0.3867269E+01      0.2069388E+01
   0.3892299E+01      0.2021182E-10
   0.3917330E+01      0.2807619E-11
   0.3942361E+01      0.1092347E-11
   0.3967392E+01      0.3694767E-12
   0.3992423E+01     -0.2288010E-12
   0.4017454E+01     -0.5214382E-12
   0.4042485E+01     -0.6644101E-13
   0.4067516E+01     -0.1433047E-12
   0.4092546E+01      0.1423612E-13
   0.4117577E+01      0.4025663E-13
   0.4142608E+01      0.1567554E-12
   0.4167639E+01     -0.6128471E-13
   0.4192670E+01      0.1056275E-12
   0.4217701E+01     -0.6313944E-13
   0.4242732E+01     -0.4402900E-14
   0.4267762E+01     -0.2042856E-13
   0.4292793E+01     -0.4199804E-13
   0.4317824E+01     -0.3783349E-13
   0.4342855E+01     -0.3883240E-13
   0.4367886E+01      0.3088414E-13
   0.4392917E+01     -0.2643566E-13
   0.4417948E+01     -0.1520433E-13
   0.4442979E+01     -0.1244621E-13
   0.4468009E+01     -0.2673009E-13
   0.4493040E+01      0.3091740E-13
   0.4518071E+01     -0.2206269E-14
   0.4543102E+01      0.2233702E-13
   0.4568133E+01      0.1616856E-13
   0.4593164E+01      0.2856806E-14
   0.4618195E+01      0.1639109E-13
   0.4643225E+01     -0.1892028E-13
   0.4668256E+01     -0.1288640E-13
   0.4693287E+01     -0.1456050E-14
   0.4718318E+01      0.8395491E-14
   0.4743349E+01     -0.1426573E-13
   0.4768380E+01     -0.1046081E-14
   0.4793411E+01     -0.2836043E-14
   0.4818441E+01     -0.7863801E-14
   0.4843472E+01      0.8679564E-14
   0.4868503E+01      0.1147002E-13
   0.4893534E+01     -0.1244624E-13
   0.4918565E+01     -0.1752615E-13
   0.4943596E+01     -0.1971769E-14
   0.4968627E+01     -0.1724015E-14
   0.4993658E+01      0.1611258E-14
   0.5018688E+01     -0.1152097E-14
   0.5043719E+01      0.5120164E-14
   0.5068750E+01     -0.3411920E-14
   0.5093781E+01     -0.7030869E-14
   0.5118812E+01     -0.5692534E-14
   0.5143843E+01      0.5207739E-15
   0.5168874E+01      0.5479902E-14
   0.5193904E+01     -0.1685936E-14
   0.5218935E+01     -0.6416947E-14
   0.5243966E+01      0.2555721E-14
   0.5268997E+01     -0.4515463E-14
   0.5294028E+01     -0.7036612E-14
   0.5319059E+01      0.1887721E-14
   0.5344090E+01      0.3809581E-14
   0.5369121E+01     -0.6256075E-14
   0.5394151E+01     -0.7533608E-15
   0.5419182E+01      0.3636054E-14
   0.5444213E+01     -0.2076601E-14
   0.5469244E+01      0.4776764E-14
   0.5494275E+01      0.1121365E-14
   0.5519306E+01     -0.2315618E-14
   0.5544337E+01     -0.4762714E-14
   0.5569367E+01      0.2280200E-14
   0.5594398E+01     -0.6141540E-14
   0.5619429E+01     -0.6824888E-14
   0.5644460E+01     -0.2898824E-14
   0.5669491E+01      0.2131910E-14
   0.5694522E+01      0.5849420E-15
   0.5719553E+01      0.3704569E-14
   0.5744583E+01     -0.5427188E-14
   0.5769614E+01      0.6126238E-16
   0.5794645E+01     -0.7701860E-14
   0.5819676E+01     -0.1815074E-14
   0.5844707E+01      0.2887771E-14
   0.5869738E+01      0.1822576E-14
   0.5894769E+01     -0.8754301E-16
   0.5919800E+01     -0.1354883E-14
   0.5944830E+01      0.8704506E-15
   0.5969861E+01      0.3158441E-14
   0.5994892E+01     -0.1555744E-15
   0.6019923E+01     -0.4627718E-15
   0.6044954E+01     -0.1009593E-14
   0.6069985E+01     -0.1335123E-14
   0.6095016E+01      0.2462942E-15
   0.6120046E+01      0.3502241E-15
   0.6145077E+01      0.4036288E-14
   0.6170108E+01      0.6177169E-16
   0.6195139E+01     -0.1603941E-14
   0.6220170E+01      0.1273170E-14
   0.6245201E+01     -0.1444902E-14
   0.6270232E+01      0.4721506E-14
   0.6295263E+01      0.1165736E-14
   0.6320293E+01      0.5265054E-15
   0.6345324E+01      0.2115450E-14
   0.6370355E+01      0.9760848E-15
   0.6395386E+01      0.8844947E-15
   0.6420417E+01     -0.1345306E-15
   0.6445448E+01     -0.4468587E-15
   0.6470479E+01     -0.1955182E-14
   0.6495509E+01      0.1886707E-14
   0.6520540E+01      0.2015408E-15
   0.6545571E+01      0.3780419E-15
   0.6570602E+01      0.8862736E-15
   0.6595633E+01     -0.1560815E-14
   0.6620664E+01     -0.2137016E-14
   0.6645695E+01      0.1809304E-14
   0.6670725E+01     -0.1033855E-14
   0.6695756E+01      0.1113410E-14
   0.6720787E+01      0.6340194E-15
   0.6745818E+01      0.7494862E-15
   0.6770849E+01     -0.1947413E-14
   0.6795880E+01      0.6497432E-15
   0.6820911E+01      0.5659829E-16
   0.6845942E+01      0.2187141E-14
   0.6870972E+01      0.5835827E-16
   0.6896003E+01      0.7994914E-15
   0.6921034E+01      0.4537433E-15
   0.6946065E+01     -0.2261036E-15
   0.6971096E+01     -0.3486174E-15
   0.6996127E+01     -0.1768568E-14
   0.7021158E+01      0.8137436E-15
   0.7046188E+01     -0.5188161E-15
   0.7071219E+01      0.2878861E-14
   0.7096250E+01      0.3021030E-15
   0.7121281E+01      0.1189197E-14
   0.7146312E+01      0.2700116E-14
   0.7171343E+01      0.1463989E-15
   0.7196374E+01     -0.2034236E-14
   0.7221405E+01      0.6651278E-15
   0.7246435E+01      0.1574934E-14
   0.7271466E+01     -0.1549535E-14
   0.7296497E+01      0.1405402E-15
   0.7321528E+01     -0.1396432E-14
   0.7346559E+01      0.1626044E-14
   0.7371590E+01      0.2744848E-16
   0.7396621E+01     -0.6806617E-15
   0.7421651E+01      0.1692264E-14
   0.7446682E+01      0.8847685E-15
   0.7471713E+01     -0.3180795E-15
   0.7496744E+01      0.2498769E-15
   0.7521775E+01     -0.1154579E-14
   0.7546806E+01     -0.5948890E-15
   0.7571837E+01      0.1650384E-15
   0.7596868E+01      0.2111366E-15
   0.7621898E+01      0.4708957E-15
   0.7646929E+01     -0.3027984E-15
   0.7671960E+01     -0.1041335E-14
   0.7696991E+01     -0.6854208E-15
   0.7722022E+01     -0.5114005E-15
   0.7747053E+01      0.4263372E-15
   0.7772084E+01     -0.3544726E-15
   0.7797114E+01     -0.1113186E-14
   0.7822145E+01      0.5122524E-15
   0.7847176E+01      0.1246317E-15
   0.7872207E+01     -0.6884402E-15
   0.7897238E+01      0.1058392E-14
   0.7922269E+01      0.1679535E-16
   0.7947300E+01      0.4636097E-15
   0.7972330E+01      0.6212973E-15
   0.7997361E+01      0.1255871E-14
   0.8022392E+01     -0.9637669E-15
   0.8047423E+01     -0.1326311E-14
   0.8072454E+01     -0.6247789E-16
   0.8097485E+01      0.8187708E-15
   0.8122516E+01      0.4165018E-15
   0.8147547E+01     -0.7978981E-15
   0.8172577E+01     -0.3447353E-15
   0.8197608E+01     -0.3612033E-15
   0.8222639E+01      0.2739843E-15
   0.8247670E+01      0.6168189E-15
   0.8272701E+01     -0.4963119E-15
   0.8297732E+01      0.1100978E-14
   0.8322763E+01     -0.2515485E-15
   0.8347793E+01     -0.1195555E-15
   0.8372824E+01     -0.3583980E-15
   0.8397855E+01      0.1058448E-15
   0.8422886E+01     -0.3988404E-15
   0.8447917E+01      0.1345352E-15
   0.8472948E+01     -0.9001951E-15
   0.8497979E+01      0.5948390E-15
   0.8523010E+01     -0.1439623E-15
   0.8548040E+01     -0.6417541E-15
   0.8573071E+01     -0.1056554E-14
   0.8598102E+01      0.1909109E-16
   0.8623133E+01     -0.1554511E-15
   0.8648164E+01      0.1817483E-15
   0.8673195E+01      0.4646204E-15
   0.8698226E+01     -0.4705268E-15
   0.8723256E+01      0.1076240E-14
   0.8748287E+01     -0.8492415E-15
   0.8773318E+01      0.2751710E-15
   0.8798349E+01     -0.9627102E-16
   0.8823380E+01     -0.8471318E-15
   0.8848411E+01     -0.2850339E-15
   0.8873442E+01      0.5964730E-15
   0.8898472E+01     -0.3965607E-15
   0.8923503E+01     -0.6057377E-16
   0.8948534E+01     -0.1659902E-15
   0.8973565E+01      0.9617219E-17
   0.8998596E+01     -0.4643823E-15
   0.9023627E+01      0.8263366E-15
   0.9048658E+01      0.7147867E-15
   0.9073689E+01     -0.2953588E-15
   0.9098719E+01      0.6297184E-15
   0.9123750E+01      0.9369616E-15
   0.9148781E+01      0.4584589E-15
   0.9173812E+01     -0.6471632E-15
   0.9198843E+01     -0.3099652E-15
   0.9223874E+01      0.5399891E-17
   0.9248905E+01     -0.7443322E-15
   0.9273935E+01      0.4244565E-15
   0.9298966E+01     -0.6921426E-15
   0.9323997E+01     -0.7276612E-16
   0.9349028E+01     -0.6221488E-16
   0.9374059E+01     -0.8684366E-15
   0.9399090E+01      0.3799982E-15
   0.9424121E+01      0.1388502E-15
   0.9449152E+01     -0.4797798E-15
   0.9474182E+01     -0.4723664E-15
   0.9499213E+01      0.2813153E-15
   0.9524244E+01      0.6927805E-16
   0.9549275E+01     -0.3822140E-15
   0.9574306E+01     -0.4248381E-15
   0.9599337E+01      0.7241052E-15
   0.9624368E+01      0.2648020E-15
   0.9649398E+01      0.2464481E-15
   0.9674429E+01      0.5339977E-15
   0.9699460E+01      0.2131735E-15
   0.9724491E+01     -0.7254982E-15
   0.9749522E+01     -0.2743571E-15
   0.9774553E+01      0.3455971E-15
   0.9799584E+01     -0.2540611E-15
   0.9824614E+01     -0.2175171E-15
   0.9849645E+01      0.1020552E-15
   0.9874676E+01     -0.1812372E-15
   0.9899707E+01      0.5265457E-15
   0.9924738E+01      0.5117561E-15
   0.9949769E+01      0.4244949E-16
   0.9974800E+01      0.2088154E-15
   0.9999831E+01     -0.3057432E-15
 &
