 iscf   Eharris(eV)      E_KS(eV)   FreeEng(eV)    dHmax    dDmax   Ef(eV)
    1     -802.0255     -528.2464     -528.2464  3.64902  0.00000-13.90006
    2    -1140.9647     -281.3746     -281.3746  9.77579  0.00000-12.96945
    3     -688.7020     -560.6421     -560.6421  3.11223  0.00000 -8.83857
    4     -598.1183     -576.7735     -576.7735  1.91880  0.00000-13.17271
    5     -597.6129     -577.3592     -577.3592  1.87149  0.00000-13.27071
    6     -600.3368     -583.9662     -583.9662  1.44728  0.00000 -9.42958
    7     -606.7759     -594.9437     -594.9437  0.99601  0.00000 -6.53689
    8     -610.5109     -606.7287     -606.7287  0.78511  0.00000 -5.51504
    9     -612.2490     -609.8493     -609.8493  0.72298  0.00000 -4.29369
   10     -614.6550     -613.6135     -613.6135  0.39797  0.00000 -4.21368
   11     -616.6640     -615.3432     -615.3432  0.14303  0.00000 -4.34958
   12     -616.5628     -615.4912     -615.4912  0.12174  0.00000 -4.21963
   13     -617.4990     -617.9745     -617.9745  0.03871  0.00000 -4.25692
   14     -617.4544     -617.7648     -617.7648  0.03411  0.00000 -3.55095
   15     -617.4603     -617.7727     -617.7727  0.03292  0.00000 -3.54805
   16     -617.4121     -617.4201     -617.4201  0.01024  0.00000 -3.68580
   17     -617.4121     -617.4128     -617.4128  0.01008  0.00000 -3.68517
   18     -617.3953     -617.1531     -617.1531  0.01044  0.00000 -3.70041
   19     -617.4063     -617.3847     -617.3847  0.00900  0.00000 -3.68436
   20     -617.4060     -617.3848     -617.3848  0.00879  0.00000 -3.68574
   21     -617.4057     -617.3850     -617.3850  0.00858  0.00000 -3.68704
   22     -617.4054     -617.3851     -617.3851  0.00838  0.00000 -3.68827
   23     -617.4051     -617.3852     -617.3852  0.00818  0.00000 -3.68944
   24     -617.4048     -617.3854     -617.3854  0.00799  0.00000 -3.69054
   25     -617.4046     -617.3855     -617.3855  0.00780  0.00000 -3.69160
   26     -617.4043     -617.3856     -617.3856  0.00762  0.00000 -3.69259
   27     -617.4040     -617.3857     -617.3857  0.00745  0.00000 -3.69354
   28     -617.4038     -617.3858     -617.3858  0.00727  0.00000 -3.69444
   29     -617.4035     -617.3860     -617.3860  0.00711  0.00000 -3.69529
   30     -617.4033     -617.3861     -617.3861  0.00694  0.00000 -3.69610
   31     -617.4031     -617.3862     -617.3862  0.00678  0.00000 -3.69687
   32     -617.4028     -617.3863     -617.3863  0.00663  0.00000 -3.69760
   33     -617.4026     -617.3864     -617.3864  0.00648  0.00000 -3.69829
   34     -617.4024     -617.3865     -617.3865  0.00633  0.00000 -3.69895
   35     -617.4022     -617.3866     -617.3866  0.00619  0.00000 -3.69958
   36     -617.4019     -617.3867     -617.3867  0.00605  0.00000 -3.70018
   37     -617.4017     -617.3868     -617.3868  0.00591  0.00000 -3.70075
   38     -617.4015     -617.3869     -617.3869  0.00578  0.00000 -3.70129
   39     -617.4013     -617.3870     -617.3870  0.00565  0.00000 -3.70181
   40     -617.4011     -617.3871     -617.3871  0.00552  0.00000 -3.70230
   41     -617.4009     -617.3872     -617.3872  0.00539  0.00000 -3.70278
   42     -617.4007     -617.3872     -617.3872  0.00527  0.00000 -3.70322
   43     -617.4006     -617.3873     -617.3873  0.00516  0.00000 -3.70365
   44     -617.4004     -617.3874     -617.3874  0.00504  0.00000 -3.70406
   45     -617.4002     -617.3875     -617.3875  0.00493  0.00000 -3.70445
   46     -617.4000     -617.3876     -617.3876  0.00482  0.00000 -3.70482
   47     -617.3999     -617.3877     -617.3877  0.00471  0.00000 -3.70517
   48     -617.3997     -617.3877     -617.3877  0.00461  0.00000 -3.70551
   49     -617.3995     -617.3878     -617.3878  0.00451  0.00000 -3.70584
   50     -617.3994     -617.3879     -617.3879  0.00441  0.00000 -3.70615
   51     -617.3992     -617.3880     -617.3880  0.00431  0.00000 -3.70644
   52     -617.3991     -617.3880     -617.3880  0.00422  0.00000 -3.70673
   53     -617.3989     -617.3881     -617.3881  0.00412  0.00000 -3.70700
   54     -617.3988     -617.3882     -617.3882  0.00403  0.00000 -3.70726
   55     -617.3986     -617.3882     -617.3882  0.00395  0.00000 -3.70750
   56     -617.3985     -617.3883     -617.3883  0.00386  0.00000 -3.70774
   57     -617.3983     -617.3884     -617.3884  0.00378  0.00000 -3.70797
   58     -617.3982     -617.3884     -617.3884  0.00369  0.00000 -3.70819
   59     -617.3981     -617.3885     -617.3885  0.00361  0.00000 -3.70840
   60     -617.3979     -617.3886     -617.3886  0.00353  0.00000 -3.70860
   61     -617.3978     -617.3886     -617.3886  0.00346  0.00000 -3.70879
   62     -617.3977     -617.3887     -617.3887  0.00338  0.00000 -3.70898
   63     -617.3976     -617.3887     -617.3887  0.00331  0.00000 -3.70915
   64     -617.3974     -617.3888     -617.3888  0.00324  0.00000 -3.70932
   65     -617.3973     -617.3889     -617.3889  0.00317  0.00000 -3.70948
   66     -617.3972     -617.3889     -617.3889  0.00310  0.00000 -3.70964
   67     -617.3971     -617.3889     -617.3889  0.00303  0.00000 -3.70979
   68     -617.3970     -617.3890     -617.3890  0.00297  0.00000 -3.70994
   69     -617.3969     -617.3890     -617.3890  0.00291  0.00000 -3.71007
   70     -617.3968     -617.3891     -617.3891  0.00284  0.00000 -3.71021
   71     -617.3967     -617.3891     -617.3891  0.00278  0.00000 -3.71033
   72     -617.3966     -617.3892     -617.3892  0.00272  0.00000 -3.71046
   73     -617.3965     -617.3892     -617.3892  0.00267  0.00000 -3.71058
   74     -617.3964     -617.3893     -617.3893  0.00261  0.00000 -3.71069
   75     -617.3963     -617.3893     -617.3893  0.00255  0.00000 -3.71080
   76     -617.3962     -617.3894     -617.3894  0.00250  0.00000 -3.71090
   77     -617.3961     -617.3894     -617.3894  0.00245  0.00000 -3.71100
   78     -617.3960     -617.3895     -617.3895  0.00239  0.00000 -3.71110
   79     -617.3959     -617.3895     -617.3895  0.00234  0.00000 -3.71120
   80     -617.3958     -617.3896     -617.3896  0.00229  0.00000 -3.71129
   81     -617.3957     -617.3896     -617.3896  0.00225  0.00000 -3.71138
   82     -617.3956     -617.3896     -617.3896  0.00220  0.00000 -3.71146
   83     -617.3956     -617.3897     -617.3897  0.00215  0.00000 -3.71154
   84     -617.3955     -617.3897     -617.3897  0.00211  0.00000 -3.71162
   85     -617.3954     -617.3897     -617.3897  0.00206  0.00000 -3.71169
   86     -617.3953     -617.3898     -617.3898  0.00202  0.00000 -3.71177
   87     -617.3952     -617.3898     -617.3898  0.00198  0.00000 -3.71184
   88     -617.3951     -617.3898     -617.3898  0.00193  0.00000 -3.71191
   89     -617.3951     -617.3899     -617.3899  0.00189  0.00000 -3.71197
   90     -617.3950     -617.3899     -617.3899  0.00185  0.00000 -3.71203
   91     -617.3949     -617.3899     -617.3899  0.00182  0.00000 -3.71210
   92     -617.3949     -617.3900     -617.3900  0.00178  0.00000 -3.71215
   93     -617.3948     -617.3900     -617.3900  0.00174  0.00000 -3.71221
   94     -617.3947     -617.3900     -617.3900  0.00170  0.00000 -3.71227
   95     -617.3947     -617.3901     -617.3901  0.00167  0.00000 -3.71232
   96     -617.3946     -617.3901     -617.3901  0.00163  0.00000 -3.71237
   97     -617.3946     -617.3901     -617.3901  0.00160  0.00000 -3.71242
   98     -617.3945     -617.3902     -617.3902  0.00157  0.00000 -3.71246
   99     -617.3944     -617.3902     -617.3902  0.00153  0.00000 -3.71252
