
  GRID BASED BADER ANALYSIS  (Version 0.28a 07/12/12)

  OPEN ... mx.RHO.cube         
  GAUSSIAN-STYLE INPUT FILE
  FFT-grid:   160 x 160 x 720
  CLOSE ... mx.RHO.cube         

  RUN TIME:    9.11 SECONDS

  CALCULATING BADER CHARGE DISTRIBUTION
                 0  10  25  50  75  100
  PERCENT DONE:  ********************** 

  REFINING AUTOMATICALLY
  ITERATION: 1
  EDGE POINTS:       7249187
  REASSIGNED POINTS:  798059
  ITERATION: 2
  CHECKED POINTS:    6244414
  REASSIGNED POINTS:   17876
  ITERATION: 3
  CHECKED POINTS:     188613
  REASSIGNED POINTS:    5134
  ITERATION: 4
  CHECKED POINTS:      43198
  REASSIGNED POINTS:    2592
  ITERATION: 5
  CHECKED POINTS:      16984
  REASSIGNED POINTS:    1078
  ITERATION: 6
  CHECKED POINTS:       8995
  REASSIGNED POINTS:     544
  ITERATION: 7
  CHECKED POINTS:       5263
  REASSIGNED POINTS:     394
  ITERATION: 8
  CHECKED POINTS:       3585
  REASSIGNED POINTS:     321
  ITERATION: 9
  CHECKED POINTS:       2804
  REASSIGNED POINTS:     202
  ITERATION:10
  CHECKED POINTS:       2199
  REASSIGNED POINTS:     153
  ITERATION:11
  CHECKED POINTS:       1799
  REASSIGNED POINTS:     118
  ITERATION:12
  CHECKED POINTS:       1404
  REASSIGNED POINTS:      95
  ITERATION:13
  CHECKED POINTS:       1192
  REASSIGNED POINTS:      92
  ITERATION:14
  CHECKED POINTS:       1165
  REASSIGNED POINTS:      86
  ITERATION:15
  CHECKED POINTS:       1038
  REASSIGNED POINTS:      62
  ITERATION:16
  CHECKED POINTS:        900
  REASSIGNED POINTS:      67
  ITERATION:17
  CHECKED POINTS:        870
  REASSIGNED POINTS:      58
  ITERATION:18
  CHECKED POINTS:        768
  REASSIGNED POINTS:      53
  ITERATION:19
  CHECKED POINTS:        633
  REASSIGNED POINTS:      49
  ITERATION:20
  CHECKED POINTS:        570
  REASSIGNED POINTS:      39
  ITERATION:21
  CHECKED POINTS:        495
  REASSIGNED POINTS:      39
  ITERATION:22
  CHECKED POINTS:        492
  REASSIGNED POINTS:      35
  ITERATION:23
  CHECKED POINTS:        443
  REASSIGNED POINTS:      39
  ITERATION:24
  CHECKED POINTS:        470
  REASSIGNED POINTS:      36
  ITERATION:25
  CHECKED POINTS:        407
  REASSIGNED POINTS:      26
  ITERATION:26
  CHECKED POINTS:        316
  REASSIGNED POINTS:      25
  ITERATION:27
  CHECKED POINTS:        308
  REASSIGNED POINTS:      24
  ITERATION:28
  CHECKED POINTS:        304
  REASSIGNED POINTS:      23
  ITERATION:29
  CHECKED POINTS:        288
  REASSIGNED POINTS:      12
  ITERATION:30
  CHECKED POINTS:        169
  REASSIGNED POINTS:       9
  ITERATION:31
  CHECKED POINTS:        124
  REASSIGNED POINTS:       2
  ITERATION:32
  CHECKED POINTS:         30
  REASSIGNED POINTS:       0

  RUN TIME:     560.53 SECONDS

  CALCULATING MINIMUM DISTANCES TO ATOMS
                 0  10  25  50  75  100
  PERCENT DONE:  **********************

  RUN TIME:   14.28 SECONDS

  WRITING BADER ATOMIC CHARGES TO ACF.dat
  WRITING BADER VOLUME CHARGES TO BCF.dat

  NUMBER OF BADER MAXIMA FOUND:        2723825
      SIGNIFICANT MAXIMA FOUND:           2362
           NUMBER OF ELECTRONS:     1222.98943
 
