 iscf   Eharris(eV)      E_KS(eV)   FreeEng(eV)    dHmax    dDmax   Ef(eV)
    1   -68260.2219   -68208.1568   -68208.1568  0.35180  0.00000  0.50246
    2   -68263.2195   -68249.4162   -68249.4487  0.49813  0.00000 -0.21780
    3   -68252.8582   -68240.1040   -68240.1411  0.15658  0.00000 -0.04272
    4   -68251.7738   -68247.1075   -68247.1422  0.07509  0.00000 -0.17294
    5   -68251.7644   -68247.3996   -68247.4294  0.07190  0.00000 -0.17486
    6   -68251.7096   -68249.6569   -68249.6867  0.04207  0.00000 -0.15649
    7   -68251.7073   -68250.5591   -68250.5888  0.02544  0.00000 -0.14571
    8   -68251.6934   -68251.6360   -68251.6658  0.00177  0.00000 -0.14303
    9   -68251.6934   -68251.6259   -68251.6557  0.00105  0.00000 -0.14276
   10   -68251.6934   -68251.6364   -68251.6662  0.00082  0.00000 -0.14268
   11   -68251.6933   -68251.6470   -68251.6769  0.00032  0.00000 -0.14246
   12   -68251.6933   -68251.6556   -68251.6855  0.00020  0.00000 -0.14260
   13   -68251.6933   -68251.6645   -68251.6944  0.00024  0.00000 -0.14270
   14   -68251.6934   -68251.6848   -68251.7147  0.00015  0.00000 -0.14282
   15   -68251.6934   -68251.6877   -68251.7176  0.00012  0.00000 -0.14280
   16   -68251.6934   -68251.6908   -68251.7207  0.00006  0.00000 -0.14276
   17   -68251.6934   -68251.6927   -68251.7226  0.00002  0.00000 -0.14273
   18   -68251.6934   -68251.6922   -68251.7220  0.00001  0.00000 -0.14272
   19   -68251.6933   -68251.6922   -68251.7221  0.00001  0.00000 -0.14272
   20   -68251.6933   -68251.6930   -68251.7228  0.00000  0.00000 -0.14273
