cpu-bind=MASK - cn1156, task  0  0 [7873]: mask 0xffffffffffffffff set
--------------------------------------------------------------------------
Open MPI failed an OFI Libfabric library call (fi_domain).  This is highly
unusual; your job may behave unpredictably (and/or abort) after this.

  Local host: cn1159
  Location: mtl_ofi_component.c:928
  Error: No data available (61)
--------------------------------------------------------------------------
[cn1156.scarf.rl.ac.uk:08873] 119 more processes have sent help message help-mtl-ofi.txt / OFI call fail
[cn1156.scarf.rl.ac.uk:08873] Set MCA parameter "orte_base_help_aggregate" to 0 to see all help / error messages
--------------------------------------------------------------------------
Open MPI failed an OFI Libfabric library call (fi_domain).  This is highly
unusual; your job may behave unpredictably (and/or abort) after this.

  Local host: cn1158
  Location: mtl_ofi_component.c:928
  Error: No data available (61)
--------------------------------------------------------------------------
[cn1156.scarf.rl.ac.uk:09493] 119 more processes have sent help message help-mtl-ofi.txt / OFI call fail
[cn1156.scarf.rl.ac.uk:09493] Set MCA parameter "orte_base_help_aggregate" to 0 to see all help / error messages
-2.6926910515E+000
--------------------------------------------------------------------------
Open MPI failed an OFI Libfabric library call (fi_domain).  This is highly
unusual; your job may behave unpredictably (and/or abort) after this.

  Local host: cn1159
  Location: mtl_ofi_component.c:928
  Error: No data available (61)
--------------------------------------------------------------------------
[cn1156.scarf.rl.ac.uk:10069] 119 more processes have sent help message help-mtl-ofi.txt / OFI call fail
[cn1156.scarf.rl.ac.uk:10069] Set MCA parameter "orte_base_help_aggregate" to 0 to see all help / error messages
-2.6926910515E+000
--------------------------------------------------------------------------
Open MPI failed an OFI Libfabric library call (fi_domain).  This is highly
unusual; your job may behave unpredictably (and/or abort) after this.

  Local host: cn1159
  Location: mtl_ofi_component.c:928
  Error: No data available (61)
--------------------------------------------------------------------------
[cn1156.scarf.rl.ac.uk:10734] 119 more processes have sent help message help-mtl-ofi.txt / OFI call fail
[cn1156.scarf.rl.ac.uk:10734] Set MCA parameter "orte_base_help_aggregate" to 0 to see all help / error messages
