cpu-bind=MASK - cn1090, task  0  0 [9584]: mask 0xffffffffffffffff set
--------------------------------------------------------------------------
Open MPI failed an OFI Libfabric library call (fi_domain).  This is highly
unusual; your job may behave unpredictably (and/or abort) after this.

  Local host: cn1090
  Location: mtl_ofi_component.c:928
  Error: No data available (61)
--------------------------------------------------------------------------
[cn1090.scarf.rl.ac.uk:10645] 239 more processes have sent help message help-mtl-ofi.txt / OFI call fail
[cn1090.scarf.rl.ac.uk:10645] Set MCA parameter "orte_base_help_aggregate" to 0 to see all help / error messages
[1677064152.088065] [cn1090:10696:0]          mpool.c:43   UCX  WARN  object 0xaaafc80 was not returned to mpool ucp_requests
[1677064152.088066] [cn1090:10697:0]          mpool.c:43   UCX  WARN  object 0x547a6c0 was not returned to mpool ucp_requests
[1677064152.088116] [cn1090:10693:0]          mpool.c:43   UCX  WARN  object 0xa7a0d80 was not returned to mpool ucp_requests
[1677064152.088174] [cn1090:10694:0]          mpool.c:43   UCX  WARN  object 0xbc2b1c0 was not returned to mpool ucp_requests
[1677064152.088163] [cn1090:10695:0]          mpool.c:43   UCX  WARN  object 0xbe726c0 was not returned to mpool ucp_requests
[1677064152.088236] [cn1090:10688:0]          mpool.c:43   UCX  WARN  object 0xb1844c0 was not returned to mpool ucp_requests
[1677064152.088269] [cn1090:10689:0]          mpool.c:43   UCX  WARN  object 0x635fe40 was not returned to mpool ucp_requests
[1677064152.088293] [cn1090:10690:0]          mpool.c:43   UCX  WARN  object 0xa66c9c0 was not returned to mpool ucp_requests
[1677064152.088270] [cn1090:10691:0]          mpool.c:43   UCX  WARN  object 0xa7a0740 was not returned to mpool ucp_requests
[1677064152.088168] [cn1090:10692:0]          mpool.c:43   UCX  WARN  object 0xbbfd9c0 was not returned to mpool ucp_requests
[1677064152.087270] [cn1091:13376:0]          mpool.c:43   UCX  WARN  object 0xb2c3f80 was not returned to mpool ucp_requests
[1677064152.087265] [cn1091:13377:0]          mpool.c:43   UCX  WARN  object 0x69fbc80 was not returned to mpool ucp_requests
[1677064152.087265] [cn1091:13378:0]          mpool.c:43   UCX  WARN  object 0x6c74400 was not returned to mpool ucp_requests
grep: log_3_0V.out: No such file or directory
cp: cannot stat ‘0V-VH_z-00.dat’: No such file or directory
cp: cannot stat ‘0V-VH_z-00.dat’: No such file or directory
cp: cannot stat ‘0V-RHO_z-00.dat’: No such file or directory
cp: cannot stat ‘0V-RHO_z-00.dat’: No such file or directory
rm: cannot remove ‘*.txt’: No such file or directory
