cpu-bind=MASK - cn1087, task  0  0 [54115]: mask 0xffffffffffffffff set
--------------------------------------------------------------------------
Open MPI failed an OFI Libfabric library call (fi_domain).  This is highly
unusual; your job may behave unpredictably (and/or abort) after this.

  Local host: cn1087
  Location: mtl_ofi_component.c:928
  Error: No data available (61)
--------------------------------------------------------------------------
[cn1087.scarf.rl.ac.uk:55117] 239 more processes have sent help message help-mtl-ofi.txt / OFI call fail
[cn1087.scarf.rl.ac.uk:55117] Set MCA parameter "orte_base_help_aggregate" to 0 to see all help / error messages
--------------------------------------------------------------------------
Open MPI failed an OFI Libfabric library call (fi_domain).  This is highly
unusual; your job may behave unpredictably (and/or abort) after this.

  Local host: cn1092
  Location: mtl_ofi_component.c:928
  Error: No data available (61)
--------------------------------------------------------------------------
[cn1087.scarf.rl.ac.uk:56169] 239 more processes have sent help message help-mtl-ofi.txt / OFI call fail
[cn1087.scarf.rl.ac.uk:56169] Set MCA parameter "orte_base_help_aggregate" to 0 to see all help / error messages
[1676635297.766886] [cn1088:38338:0]          mpool.c:43   UCX  WARN  object 0xb455bc0 was not returned to mpool ucp_requests
[1676635297.766961] [cn1088:38317:0]          mpool.c:43   UCX  WARN  object 0x63b9680 was not returned to mpool ucp_requests
[1676635297.766984] [cn1088:38320:0]          mpool.c:43   UCX  WARN  object 0xaba3840 was not returned to mpool ucp_requests
[1676635297.766987] [cn1088:38340:0]          mpool.c:43   UCX  WARN  object 0x6b00440 was not returned to mpool ucp_requests
[1676635297.767037] [cn1088:38327:0]          mpool.c:43   UCX  WARN  object 0xb8b6680 was not returned to mpool ucp_requests
[1676635297.767006] [cn1088:38329:0]          mpool.c:43   UCX  WARN  object 0xc06a740 was not returned to mpool ucp_requests
[1676635297.767035] [cn1088:38334:0]          mpool.c:43   UCX  WARN  object 0xd9f2200 was not returned to mpool ucp_requests
[1676635297.767077] [cn1088:38342:0]          mpool.c:43   UCX  WARN  object 0xb88b7c0 was not returned to mpool ucp_requests
[1676635297.767077] [cn1088:38346:0]          mpool.c:43   UCX  WARN  object 0xb78d2c0 was not returned to mpool ucp_requests
[1676635297.767163] [cn1088:38323:0]          mpool.c:43   UCX  WARN  object 0x69e7a00 was not returned to mpool ucp_requests
[1676635297.762328] [cn1087:56249:0]          mpool.c:43   UCX  WARN  object 0xc80e440 was not returned to mpool ucp_requests
[1676635297.762365] [cn1087:56252:0]          mpool.c:43   UCX  WARN  object 0xc1cfac0 was not returned to mpool ucp_requests
[1676635297.762447] [cn1087:56255:0]          mpool.c:43   UCX  WARN  object 0x530e980 was not returned to mpool ucp_requests
[1676635297.762507] [cn1087:56263:0]          mpool.c:43   UCX  WARN  object 0xc044100 was not returned to mpool ucp_requests
[1676635297.762574] [cn1087:56244:0]          mpool.c:43   UCX  WARN  object 0x6de1400 was not returned to mpool ucp_requests
[1676635297.762545] [cn1087:56246:0]          mpool.c:43   UCX  WARN  object 0xb378800 was not returned to mpool ucp_requests
[1676635297.762574] [cn1087:56258:0]          mpool.c:43   UCX  WARN  object 0xab84240 was not returned to mpool ucp_requests
[1676635297.762580] [cn1087:56266:0]          mpool.c:43   UCX  WARN  object 0x5a5e440 was not returned to mpool ucp_requests
[1676635297.762621] [cn1087:56242:0]          mpool.c:43   UCX  WARN  object 0xf11f400 was not returned to mpool ucp_requests
[1676635297.762724] [cn1087:56238:0]          mpool.c:43   UCX  WARN  object 0xf1e8100 was not returned to mpool ucp_requests
--------------------------------------------------------------------------
Open MPI failed an OFI Libfabric library call (fi_domain).  This is highly
unusual; your job may behave unpredictably (and/or abort) after this.

  Local host: cn1095
  Location: mtl_ofi_component.c:928
  Error: No data available (61)
--------------------------------------------------------------------------
[cn1087.scarf.rl.ac.uk:57167] 239 more processes have sent help message help-mtl-ofi.txt / OFI call fail
[cn1087.scarf.rl.ac.uk:57167] Set MCA parameter "orte_base_help_aggregate" to 0 to see all help / error messages
[1676662106.112448] [cn1087:57251:0]          mpool.c:43   UCX  WARN  object 0x5baa140 was not returned to mpool ucp_requests
[1676662106.112788] [cn1087:57234:0]          mpool.c:43   UCX  WARN  object 0x5b81a00 was not returned to mpool ucp_requests
[1676662106.112755] [cn1087:57239:0]          mpool.c:43   UCX  WARN  object 0xadf5980 was not returned to mpool ucp_requests
[1676662106.112758] [cn1087:57241:0]          mpool.c:43   UCX  WARN  object 0xc759d40 was not returned to mpool ucp_requests
[1676662106.112752] [cn1087:57244:0]          mpool.c:43   UCX  WARN  object 0x6376f80 was not returned to mpool ucp_requests
[1676662106.112559] [cn1087:57247:0]          mpool.c:43   UCX  WARN  object 0xc501180 was not returned to mpool ucp_requests
[1676662106.112570] [cn1087:57252:0]          mpool.c:43   UCX  WARN  object 0xb7fa640 was not returned to mpool ucp_requests
[1676662106.112679] [cn1087:57255:0]          mpool.c:43   UCX  WARN  object 0x64f9400 was not returned to mpool ucp_requests
[1676662106.112792] [cn1087:57259:0]          mpool.c:43   UCX  WARN  object 0x5f54480 was not returned to mpool ucp_requests
[1676662106.112770] [cn1087:57263:0]          mpool.c:43   UCX  WARN  object 0xb7767c0 was not returned to mpool ucp_requests
[1676662106.112763] [cn1088:39315:0]          mpool.c:43   UCX  WARN  object 0x5ecd740 was not returned to mpool ucp_requests
[1676662106.112796] [cn1088:39321:0]          mpool.c:43   UCX  WARN  object 0xb4904c0 was not returned to mpool ucp_requests
[1676662106.112817] [cn1088:39322:0]          mpool.c:43   UCX  WARN  object 0xc3d68c0 was not returned to mpool ucp_requests
[1676662106.112868] [cn1088:39318:0]          mpool.c:43   UCX  WARN  object 0xbaf8300 was not returned to mpool ucp_requests
[1676662106.112870] [cn1088:39328:0]          mpool.c:43   UCX  WARN  object 0xcb97540 was not returned to mpool ucp_requests
[1676662106.112899] [cn1088:39332:0]          mpool.c:43   UCX  WARN  object 0x5849440 was not returned to mpool ucp_requests
[1676662106.112991] [cn1088:39335:0]          mpool.c:43   UCX  WARN  object 0xc959100 was not returned to mpool ucp_requests
[1676662106.112986] [cn1088:39339:0]          mpool.c:43   UCX  WARN  object 0x55dc340 was not returned to mpool ucp_requests
[1676662106.112979] [cn1088:39342:0]          mpool.c:43   UCX  WARN  object 0xad6c3c0 was not returned to mpool ucp_requests
[1676662106.113004] [cn1088:39326:0]          mpool.c:43   UCX  WARN  object 0xbf162c0 was not returned to mpool ucp_requests
cp: cannot stat ‘0V-VH_z-00.dat’: No such file or directory
cp: cannot stat ‘0V-VH_z-00.dat’: No such file or directory
cp: cannot stat ‘0V-RHO_z-00.dat’: No such file or directory
cp: cannot stat ‘0V-RHO_z-00.dat’: No such file or directory
