cpu-bind=MASK - cn1066, task  0  0 [5955]: mask 0xffffffffffffffff set
--------------------------------------------------------------------------
Open MPI failed an OFI Libfabric library call (fi_domain).  This is highly
unusual; your job may behave unpredictably (and/or abort) after this.

  Local host: cn1070
  Location: mtl_ofi_component.c:928
  Error: No data available (61)
--------------------------------------------------------------------------
[cn1066.scarf.rl.ac.uk:07005] 239 more processes have sent help message help-mtl-ofi.txt / OFI call fail
[cn1066.scarf.rl.ac.uk:07005] Set MCA parameter "orte_base_help_aggregate" to 0 to see all help / error messages
--------------------------------------------------------------------------
Open MPI failed an OFI Libfabric library call (fi_domain).  This is highly
unusual; your job may behave unpredictably (and/or abort) after this.

  Local host: cn1068
  Location: mtl_ofi_component.c:928
  Error: No data available (61)
--------------------------------------------------------------------------
[cn1066.scarf.rl.ac.uk:07702] 239 more processes have sent help message help-mtl-ofi.txt / OFI call fail
[cn1066.scarf.rl.ac.uk:07702] Set MCA parameter "orte_base_help_aggregate" to 0 to see all help / error messages
[1676927588.030963] [cn1067:22408:0]          mpool.c:43   UCX  WARN  object 0x6882880 was not returned to mpool ucp_requests
[1676927588.035306] [cn1066:7770 :0]          mpool.c:43   UCX  WARN  object 0x638bec0 was not returned to mpool ucp_requests
[1676927588.035335] [cn1066:7775 :0]          mpool.c:43   UCX  WARN  object 0xb285e40 was not returned to mpool ucp_requests
[1676927588.035343] [cn1066:7785 :0]          mpool.c:43   UCX  WARN  object 0xb9a54c0 was not returned to mpool ucp_requests
[1676927588.035357] [cn1066:7771 :0]          mpool.c:43   UCX  WARN  object 0xb26bc80 was not returned to mpool ucp_requests
[1676927588.035385] [cn1066:7779 :0]          mpool.c:43   UCX  WARN  object 0xa8d1040 was not returned to mpool ucp_requests
[1676927588.035427] [cn1066:7791 :0]          mpool.c:43   UCX  WARN  object 0x5108680 was not returned to mpool ucp_requests
[1676927588.035477] [cn1066:7783 :0]          mpool.c:43   UCX  WARN  object 0xa6cbb80 was not returned to mpool ucp_requests
[1676927588.035467] [cn1066:7793 :0]          mpool.c:43   UCX  WARN  object 0xb740180 was not returned to mpool ucp_requests
[1676927588.035499] [cn1066:7788 :0]          mpool.c:43   UCX  WARN  object 0xbbd2d80 was not returned to mpool ucp_requests
[1676927588.035534] [cn1066:7796 :0]          mpool.c:43   UCX  WARN  object 0xb09cac0 was not returned to mpool ucp_requests
--------------------------------------------------------------------------
Open MPI failed an OFI Libfabric library call (fi_domain).  This is highly
unusual; your job may behave unpredictably (and/or abort) after this.

  Local host: cn1071
  Location: mtl_ofi_component.c:928
  Error: No data available (61)
--------------------------------------------------------------------------
[cn1066.scarf.rl.ac.uk:08315] 239 more processes have sent help message help-mtl-ofi.txt / OFI call fail
[cn1066.scarf.rl.ac.uk:08315] Set MCA parameter "orte_base_help_aggregate" to 0 to see all help / error messages
[1676928313.527057] [cn1067:23028:0]          mpool.c:43   UCX  WARN  object 0xbcaa0c0 was not returned to mpool ucp_requests
[1676928313.529534] [cn1066:8394 :0]          mpool.c:43   UCX  WARN  object 0xc01e080 was not returned to mpool ucp_requests
[1676928313.529186] [cn1066:8396 :0]          mpool.c:43   UCX  WARN  object 0xbbc5780 was not returned to mpool ucp_requests
[1676928313.529221] [cn1066:8400 :0]          mpool.c:43   UCX  WARN  object 0x5157fc0 was not returned to mpool ucp_requests
[1676928313.529197] [cn1066:8403 :0]          mpool.c:43   UCX  WARN  object 0xc052d80 was not returned to mpool ucp_requests
[1676928313.529205] [cn1066:8406 :0]          mpool.c:43   UCX  WARN  object 0xb9e7280 was not returned to mpool ucp_requests
[1676928313.529175] [cn1066:8411 :0]          mpool.c:43   UCX  WARN  object 0xbc27140 was not returned to mpool ucp_requests
[1676928313.529136] [cn1066:8414 :0]          mpool.c:43   UCX  WARN  object 0xa3a8540 was not returned to mpool ucp_requests
[1676928313.529159] [cn1066:8416 :0]          mpool.c:43   UCX  WARN  object 0x5193780 was not returned to mpool ucp_requests
[1676928313.529269] [cn1066:8418 :0]          mpool.c:43   UCX  WARN  object 0x6aff940 was not returned to mpool ucp_requests
[1676928313.529291] [cn1066:8424 :0]          mpool.c:43   UCX  WARN  object 0xa67d980 was not returned to mpool ucp_requests
cp: cannot stat ‘0V-VH_z-00.dat’: No such file or directory
cp: cannot stat ‘0V-VH_z-00.dat’: No such file or directory
cp: cannot stat ‘0V-RHO_z-00.dat’: No such file or directory
cp: cannot stat ‘0V-RHO_z-00.dat’: No such file or directory
