cpu-bind=MASK - cn1128, task  0  0 [46194]: mask 0xffffffffffffffff set
--------------------------------------------------------------------------
Open MPI failed an OFI Libfabric library call (fi_domain).  This is highly
unusual; your job may behave unpredictably (and/or abort) after this.

  Local host: cn1135
  Location: mtl_ofi_component.c:928
  Error: No data available (61)
--------------------------------------------------------------------------
[cn1128.scarf.rl.ac.uk:47207] 239 more processes have sent help message help-mtl-ofi.txt / OFI call fail
[cn1128.scarf.rl.ac.uk:47207] Set MCA parameter "orte_base_help_aggregate" to 0 to see all help / error messages
--------------------------------------------------------------------------
Open MPI failed an OFI Libfabric library call (fi_domain).  This is highly
unusual; your job may behave unpredictably (and/or abort) after this.

  Local host: cn1135
  Location: mtl_ofi_component.c:928
  Error: No data available (61)
--------------------------------------------------------------------------
[cn1128.scarf.rl.ac.uk:48366] 239 more processes have sent help message help-mtl-ofi.txt / OFI call fail
[cn1128.scarf.rl.ac.uk:48366] Set MCA parameter "orte_base_help_aggregate" to 0 to see all help / error messages
[1676972664.920662] [cn1129:54540:0]          mpool.c:43   UCX  WARN  object 0xa4e8280 was not returned to mpool ucp_requests
[1676972664.922109] [cn1128:48436:0]          mpool.c:43   UCX  WARN  object 0xc01d080 was not returned to mpool ucp_requests
[1676972664.922101] [cn1128:48438:0]          mpool.c:43   UCX  WARN  object 0xa60b140 was not returned to mpool ucp_requests
[1676972664.922097] [cn1128:48439:0]          mpool.c:43   UCX  WARN  object 0x5f99b00 was not returned to mpool ucp_requests
[1676972664.922137] [cn1128:48442:0]          mpool.c:43   UCX  WARN  object 0xa59e340 was not returned to mpool ucp_requests
[1676972664.922187] [cn1128:48445:0]          mpool.c:43   UCX  WARN  object 0xaf6d600 was not returned to mpool ucp_requests
[1676972664.922225] [cn1128:48452:0]          mpool.c:43   UCX  WARN  object 0xb852880 was not returned to mpool ucp_requests
[1676972664.922246] [cn1128:48454:0]          mpool.c:43   UCX  WARN  object 0xc2bac80 was not returned to mpool ucp_requests
[1676972664.922279] [cn1128:48457:0]          mpool.c:43   UCX  WARN  object 0x6865180 was not returned to mpool ucp_requests
[1676972664.922287] [cn1128:48450:0]          mpool.c:43   UCX  WARN  object 0xb202ac0 was not returned to mpool ucp_requests
[1676972664.922329] [cn1128:48462:0]          mpool.c:43   UCX  WARN  object 0x57181c0 was not returned to mpool ucp_requests
--------------------------------------------------------------------------
Open MPI failed an OFI Libfabric library call (fi_domain).  This is highly
unusual; your job may behave unpredictably (and/or abort) after this.

  Local host: cn1135
  Location: mtl_ofi_component.c:928
  Error: No data available (61)
--------------------------------------------------------------------------
[cn1128.scarf.rl.ac.uk:48987] 239 more processes have sent help message help-mtl-ofi.txt / OFI call fail
[cn1128.scarf.rl.ac.uk:48987] Set MCA parameter "orte_base_help_aggregate" to 0 to see all help / error messages
[1676972752.855689] [cn1129:55169:0]          mpool.c:43   UCX  WARN  object 0x5ae6100 was not returned to mpool ucp_requests
[1676972752.856173] [cn1128:49054:0]          mpool.c:43   UCX  WARN  object 0x629c280 was not returned to mpool ucp_requests
[1676972752.856179] [cn1128:49066:0]          mpool.c:43   UCX  WARN  object 0xab42e00 was not returned to mpool ucp_requests
[1676972752.856176] [cn1128:49068:0]          mpool.c:43   UCX  WARN  object 0xafde780 was not returned to mpool ucp_requests
[1676972752.856159] [cn1128:49072:0]          mpool.c:43   UCX  WARN  object 0xa96da40 was not returned to mpool ucp_requests
[1676972752.856158] [cn1128:49075:0]          mpool.c:43   UCX  WARN  object 0xc179f00 was not returned to mpool ucp_requests
[1676972752.856204] [cn1128:49056:0]          mpool.c:43   UCX  WARN  object 0xa7cc8c0 was not returned to mpool ucp_requests
[1676972752.856205] [cn1128:49060:0]          mpool.c:43   UCX  WARN  object 0xb7ca440 was not returned to mpool ucp_requests
[1676972752.856203] [cn1128:49063:0]          mpool.c:43   UCX  WARN  object 0xad59200 was not returned to mpool ucp_requests
[1676972752.856238] [cn1128:49077:0]          mpool.c:43   UCX  WARN  object 0xb56b240 was not returned to mpool ucp_requests
[1676972752.856234] [cn1128:49081:0]          mpool.c:43   UCX  WARN  object 0xbddfc00 was not returned to mpool ucp_requests
cp: cannot stat ‘0V-VH_z-00.dat’: No such file or directory
cp: cannot stat ‘0V-VH_z-00.dat’: No such file or directory
cp: cannot stat ‘0V-RHO_z-00.dat’: No such file or directory
cp: cannot stat ‘0V-RHO_z-00.dat’: No such file or directory
