
  GRID BASED BADER ANALYSIS  (Version 0.28a 07/12/12)

  OPEN ... mx.RHO.cube         
  GAUSSIAN-STYLE INPUT FILE
  FFT-grid:   160 x 160 x 720
  CLOSE ... mx.RHO.cube         

  RUN TIME:    9.03 SECONDS

  CALCULATING BADER CHARGE DISTRIBUTION
                 0  10  25  50  75  100
  PERCENT DONE:  ********************** 

  REFINING AUTOMATICALLY
  ITERATION: 1
  EDGE POINTS:       7250166
  REASSIGNED POINTS:  793412
  ITERATION: 2
  CHECKED POINTS:    6237285
  REASSIGNED POINTS:   18169
  ITERATION: 3
  CHECKED POINTS:     190163
  REASSIGNED POINTS:    5176
  ITERATION: 4
  CHECKED POINTS:      42981
  REASSIGNED POINTS:    2593
  ITERATION: 5
  CHECKED POINTS:      16550
  REASSIGNED POINTS:    1037
  ITERATION: 6
  CHECKED POINTS:       8319
  REASSIGNED POINTS:     497
  ITERATION: 7
  CHECKED POINTS:       4687
  REASSIGNED POINTS:     364
  ITERATION: 8
  CHECKED POINTS:       3222
  REASSIGNED POINTS:     277
  ITERATION: 9
  CHECKED POINTS:       2357
  REASSIGNED POINTS:     154
  ITERATION:10
  CHECKED POINTS:       1519
  REASSIGNED POINTS:     102
  ITERATION:11
  CHECKED POINTS:       1121
  REASSIGNED POINTS:      69
  ITERATION:12
  CHECKED POINTS:        836
  REASSIGNED POINTS:      62
  ITERATION:13
  CHECKED POINTS:        701
  REASSIGNED POINTS:      61
  ITERATION:14
  CHECKED POINTS:        722
  REASSIGNED POINTS:      49
  ITERATION:15
  CHECKED POINTS:        564
  REASSIGNED POINTS:      40
  ITERATION:16
  CHECKED POINTS:        511
  REASSIGNED POINTS:      37
  ITERATION:17
  CHECKED POINTS:        460
  REASSIGNED POINTS:      45
  ITERATION:18
  CHECKED POINTS:        463
  REASSIGNED POINTS:      30
  ITERATION:19
  CHECKED POINTS:        373
  REASSIGNED POINTS:      34
  ITERATION:20
  CHECKED POINTS:        386
  REASSIGNED POINTS:      34
  ITERATION:21
  CHECKED POINTS:        421
  REASSIGNED POINTS:      39
  ITERATION:22
  CHECKED POINTS:        419
  REASSIGNED POINTS:      30
  ITERATION:23
  CHECKED POINTS:        353
  REASSIGNED POINTS:      41
  ITERATION:24
  CHECKED POINTS:        386
  REASSIGNED POINTS:      12
  ITERATION:25
  CHECKED POINTS:        147
  REASSIGNED POINTS:       8
  ITERATION:26
  CHECKED POINTS:        116
  REASSIGNED POINTS:      10
  ITERATION:27
  CHECKED POINTS:        124
  REASSIGNED POINTS:       5
  ITERATION:28
  CHECKED POINTS:         73
  REASSIGNED POINTS:       6
  ITERATION:29
  CHECKED POINTS:         82
  REASSIGNED POINTS:       5
  ITERATION:30
  CHECKED POINTS:         70
  REASSIGNED POINTS:       1
  ITERATION:31
  CHECKED POINTS:         26
  REASSIGNED POINTS:       0

  RUN TIME:     556.81 SECONDS

  CALCULATING MINIMUM DISTANCES TO ATOMS
                 0  10  25  50  75  100
  PERCENT DONE:  **********************

  RUN TIME:   14.29 SECONDS

  WRITING BADER ATOMIC CHARGES TO ACF.dat
  WRITING BADER VOLUME CHARGES TO BCF.dat

  NUMBER OF BADER MAXIMA FOUND:        2722875
      SIGNIFICANT MAXIMA FOUND:           2363
           NUMBER OF ELECTRONS:     1222.98984
 
