cpu-bind=MASK - cn1142, task  0  0 [11231]: mask 0xffffffffffffffff set
--------------------------------------------------------------------------
Open MPI failed an OFI Libfabric library call (fi_domain).  This is highly
unusual; your job may behave unpredictably (and/or abort) after this.

  Local host: cn1142
  Location: mtl_ofi_component.c:928
  Error: No data available (61)
--------------------------------------------------------------------------
[cn1142.scarf.rl.ac.uk:11271] 239 more processes have sent help message help-mtl-ofi.txt / OFI call fail
[cn1142.scarf.rl.ac.uk:11271] Set MCA parameter "orte_base_help_aggregate" to 0 to see all help / error messages
[1677013148.956224] [cn1143:14323:0]          mpool.c:43   UCX  WARN  object 0xad68c40 was not returned to mpool ucp_requests
[1677013148.974140] [cn1142:11338:0]          mpool.c:43   UCX  WARN  object 0xb3df600 was not returned to mpool ucp_requests
[1677013148.974143] [cn1142:11340:0]          mpool.c:43   UCX  WARN  object 0x4fdd8c0 was not returned to mpool ucp_requests
[1677013148.974205] [cn1142:11342:0]          mpool.c:43   UCX  WARN  object 0x50f5cc0 was not returned to mpool ucp_requests
[1677013148.974180] [cn1142:11345:0]          mpool.c:43   UCX  WARN  object 0xb4d3e40 was not returned to mpool ucp_requests
[1677013148.974269] [cn1142:11348:0]          mpool.c:43   UCX  WARN  object 0x54d68c0 was not returned to mpool ucp_requests
[1677013148.974221] [cn1142:11350:0]          mpool.c:43   UCX  WARN  object 0xba82cc0 was not returned to mpool ucp_requests
[1677013148.974305] [cn1142:11353:0]          mpool.c:43   UCX  WARN  object 0xb9b5900 was not returned to mpool ucp_requests
[1677013148.974234] [cn1142:11357:0]          mpool.c:43   UCX  WARN  object 0xb62db40 was not returned to mpool ucp_requests
[1677013148.974312] [cn1142:11360:0]          mpool.c:43   UCX  WARN  object 0xa3fed80 was not returned to mpool ucp_requests
[1677013148.974303] [cn1142:11363:0]          mpool.c:43   UCX  WARN  object 0xb27d800 was not returned to mpool ucp_requests
grep: log_3_0V.out: No such file or directory
cp: cannot stat ‘0V-VH_z-00.dat’: No such file or directory
cp: cannot stat ‘0V-VH_z-00.dat’: No such file or directory
cp: cannot stat ‘0V-RHO_z-00.dat’: No such file or directory
cp: cannot stat ‘0V-RHO_z-00.dat’: No such file or directory
rm: cannot remove ‘*.txt’: No such file or directory
