
Lmod is automatically replacing "cce/15.0.0" with "gcc/11.2.0".


Lmod is automatically replacing "PrgEnv-cray/8.3.3" with "PrgEnv-gnu/8.3.3".


Due to MODULEPATH changes, the following have been reloaded:
  1) cray-mpich/8.1.23

Lmod has detected the following error: The following module(s) are unknown:
"cpe/21.09"

Please check the spelling or version number. Also try "module spider ..."
It is also possible your cache file is out-of-date; it may help to try:
  $ module --ignore-cache load "cpe/21.09"

Also make sure that all modulefiles written in TCL start with the string
#%Module



slurmstepd: error: *** STEP 4422487.0 ON nid001325 CANCELLED AT 2023-09-11T14:01:05 DUE TO TIME LIMIT ***
slurmstepd: error: *** JOB 4422487 ON nid001325 CANCELLED AT 2023-09-11T14:01:05 DUE TO TIME LIMIT ***
process_vm_readv: No such process
process_vm_readv: No such process
Assertion failed in file ../src/mpid/ch4/shm/cray_common/cray_common_memops.c at line 461: 0
process_vm_readv: No such process
Assertion failed in file ../src/mpid/ch4/shm/cray_common/cray_common_memops.c at line 461: 0
process_vm_readv: No such process
Assertion failed in file ../src/mpid/ch4/shm/cray_common/cray_common_memops.c at line 461: 0
process_vm_readv: No such process
Assertion failed in file ../src/mpid/ch4/shm/cray_common/cray_common_memops.c at line 461: 0
process_vm_readv: No such process
Assertion failed in file ../src/mpid/ch4/shm/cray_common/cray_common_memops.c at line 461: 0
process_vm_readv: No such process
Assertion failed in file ../src/mpid/ch4/shm/cray_common/cray_common_memops.c at line 461: 0
process_vm_readv: No such process
Assertion failed in file ../src/mpid/ch4/shm/cray_common/cray_common_memops.c at line 461: 0
/opt/cray/pe/lib64/libmpi_gnu_91.so.12(MPL_backtrace_show+0x26) [0x145bd2ffb82b]
/opt/cray/pe/lib64/libmpi_gnu_91.so.12(+0x1fedaf4) [0x145bd2a35af4]
/opt/cray/pe/lib64/libmpi_gnu_91.so.12(+0x2418a3a) [0x145bd2e60a3a]
/opt/cray/pe/lib64/libmpi_gnu_91.so.12(+0x2438168) [0x145bd2e80168]
/opt/cray/pe/lib64/libmpi_gnu_91.so.12(+0x2410188) [0x145bd2e58188]
/opt/cray/pe/lib64/libmpi_gnu_91.so.12(+0xf57c09) [0x145bd199fc09]
/opt/cray/pe/lib64/libmpi_gnu_91.so.12(+0xfbddd1) [0x145bd1a05dd1]
/opt/cray/pe/lib64/libmpi_gnu_91.so.12(+0x1cd6e46) [0x145bd271ee46]
/opt/cray/pe/lib64/libmpi_gnu_91.so.12(+0x1bbc882) [0x145bd2604882]
/opt/cray/pe/lib64/libmpi_gnu_91.so.12(+0x206676) [0x145bd0c4e676]
/opt/cray/pe/lib64/libmpi_gnu_91.so.12(+0x2067d8) [0x145bd0c4e7d8]
/opt/cray/pe/lib64/libmpi_gnu_91.so.12(PMPI_Alltoallv+0xc3a) [0x145bd0c4f7ca]
/opt/cray/pe/lib64/libmpifort_gnu_91.so.12(pmpi_alltoallv_+0x52) [0x145bd3613d82]
/work/e05/e05/cahart/smeagol/smgl/cp2k-private-sergey-1/exe/local/cp2k.popt() [0x2d2e65d]
/work/e05/e05/cahart/smeagol/smgl/cp2k-private-sergey-1/exe/local/cp2k.popt() [0x2a4443e]
/work/e05/e05/cahart/smeagol/smgl/cp2k-private-sergey-1/exe/local/cp2k.popt() [0x2a5b111]
/work/e05/e05/cahart/smeagol/smgl/cp2k-private-sergey-1/exe/local/cp2k.popt() [0x29a4b76]
/work/e05/e05/cahart/smeagol/smgl/cp2k-private-sergey-1/exe/local/cp2k.popt() [0x29ae903]
/work/e05/e05/cahart/smeagol/smgl/cp2k-private-sergey-1/exe/local/cp2k.popt() [0x2851d48]
/work/e05/e05/cahart/smeagol/smgl/cp2k-private-sergey-1/exe/local/cp2k.popt() [0x26ff8b7]
/work/e05/e05/cahart/smeagol/smgl/cp2k-private-sergey-1/exe/local/cp2k.popt() [0x27f3694]
/work/e05/e05/cahart/smeagol/smgl/cp2k-private-sergey-1/exe/local/cp2k.popt() [0x280323b]
/work/e05/e05/cahart/smeagol/smgl/cp2k-private-sergey-1/exe/local/cp2k.popt() [0x142c641]
/work/e05/e05/cahart/smeagol/smgl/cp2k-private-sergey-1/exe/local/cp2k.popt() [0x91df3e]
/work/e05/e05/cahart/smeagol/smgl/cp2k-private-sergey-1/exe/local/cp2k.popt() [0x9230e0]
/work/e05/e05/cahart/smeagol/smgl/cp2k-private-sergey-1/exe/local/cp2k.popt() [0x13630e1]
/work/e05/e05/cahart/smeagol/smgl/cp2k-private-sergey-1/exe/local/cp2k.popt() [0x136ff28]
/work/e05/e05/cahart/smeagol/smgl/cp2k-private-sergey-1/exe/local/cp2k.popt() [0xcf5ea7]
/work/e05/e05/cahart/smeagol/smgl/cp2k-private-sergey-1/exe/local/cp2k.popt() [0x159d509]
/work/e05/e05/cahart/smeagol/smgl/cp2k-private-sergey-1/exe/local/cp2k.popt() [0x15a0618]
/work/e05/e05/cahart/smeagol/smgl/cp2k-private-sergey-1/exe/local/cp2k.popt() [0xad3218]
/work/e05/e05/cahart/smeagol/smgl/cp2k-private-sergey-1/exe/local/cp2k.popt() [0x69db22]
/opt/cray/pe/lib64/libmpi_gnu_91.so.12(MPL_backtrace_show+0x26) [0x14e3e5e3082b]
/opt/cray/pe/lib64/libmpi_gnu_91.so.12(+0x1fedaf4) [0x14e3e586aaf4]
/opt/cray/pe/lib64/libmpi_gnu_91.so.12(+0x2418a3a) [0x14e3e5c95a3a]
/opt/cray/pe/lib64/libmpi_gnu_91.so.12(+0x2438168) [0x14e3e5cb5168]
/opt/cray/pe/lib64/libmpi_gnu_91.so.12(+0x2410188) [0x14e3e5c8d188]
/opt/cray/pe/lib64/libmpi_gnu_91.so.12(+0xf57c09) [0x14e3e47d4c09]
/opt/cray/pe/lib64/libmpi_gnu_91.so.12(+0xfbddd1) [0x14e3e483add1]
/opt/cray/pe/lib64/libmpi_gnu_91.so.12(+0x1cd6e46) [0x14e3e5553e46]
/opt/cray/pe/lib64/libmpi_gnu_91.so.12(+0x1bbc882) [0x14e3e5439882]
/opt/cray/pe/lib64/libmpi_gnu_91.so.12(+0x206676) [0x14e3e3a83676]
/opt/cray/pe/lib64/libmpi_gnu_91.so.12(+0x2067d8) [0x14e3e3a837d8]
/opt/cray/pe/lib64/libmpi_gnu_91.so.12(PMPI_Alltoallv+0xc3a) [0x14e3e3a847ca]
/opt/cray/pe/lib64/libmpifort_gnu_91.so.12(pmpi_alltoallv_+0x52) [0x14e3e6448d82]
/work/e05/e05/cahart/smeagol/smgl/cp2k-private-sergey-1/exe/local/cp2k.popt() [0x2d2e65d]
/work/e05/e05/cahart/smeagol/smgl/cp2k-private-sergey-1/exe/local/cp2k.popt() [0x2a4443e]
/work/e05/e05/cahart/smeagol/smgl/cp2k-private-sergey-1/exe/local/cp2k.popt() [0x2a5b111]
/work/e05/e05/cahart/smeagol/smgl/cp2k-private-sergey-1/exe/local/cp2k.popt() [0x29a4b76]
/work/e05/e05/cahart/smeagol/smgl/cp2k-private-sergey-1/exe/local/cp2k.popt() [0x29ae903]
/work/e05/e05/cahart/smeagol/smgl/cp2k-private-sergey-1/exe/local/cp2k.popt() [0x2851d48]
/work/e05/e05/cahart/smeagol/smgl/cp2k-private-sergey-1/exe/local/cp2k.popt() [0x26ff8b7]
/work/e05/e05/cahart/smeagol/smgl/cp2k-private-sergey-1/exe/local/cp2k.popt() [0x27f3694]
/work/e05/e05/cahart/smeagol/smgl/cp2k-private-sergey-1/exe/local/cp2k.popt() [0x280323b]
/work/e05/e05/cahart/smeagol/smgl/cp2k-private-sergey-1/exe/local/cp2k.popt() [0x142c641]
/work/e05/e05/cahart/smeagol/smgl/cp2k-private-sergey-1/exe/local/cp2k.popt() [0x91df3e]
/work/e05/e05/cahart/smeagol/smgl/cp2k-private-sergey-1/exe/local/cp2k.popt() [0x9230e0]
/work/e05/e05/cahart/smeagol/smgl/cp2k-private-sergey-1/exe/local/cp2k.popt() [0x13630e1]
/work/e05/e05/cahart/smeagol/smgl/cp2k-private-sergey-1/exe/local/cp2k.popt() [0x136ff28]
/work/e05/e05/cahart/smeagol/smgl/cp2k-private-sergey-1/exe/local/cp2k.popt() [0xcf5ea7]
/work/e05/e05/cahart/smeagol/smgl/cp2k-private-sergey-1/exe/local/cp2k.popt() [0x159d509]
/work/e05/e05/cahart/smeagol/smgl/cp2k-private-sergey-1/exe/local/cp2k.popt() [0x15a0618]
/work/e05/e05/cahart/smeagol/smgl/cp2k-private-sergey-1/exe/local/cp2k.popt() [0xad3218]
/work/e05/e05/cahart/smeagol/smgl/cp2k-private-sergey-1/exe/local/cp2k.popt() [0x69db22]
MPICH ERROR [Rank 121] [job id 4422487.0] [Mon Sep 11 14:01:05 2023] [nid001325] - Abort(1): Internal error

/opt/cray/pe/lib64/libmpi_gnu_91.so.12(MPL_backtrace_show+0x26) [0x1469f92ec82b]
/opt/cray/pe/lib64/libmpi_gnu_91.so.12(+0x1fedaf4) [0x1469f8d26af4]
/opt/cray/pe/lib64/libmpi_gnu_91.so.12(+0x2418a3a) [0x1469f9151a3a]
/opt/cray/pe/lib64/libmpi_gnu_91.so.12(+0x2438168) [0x1469f9171168]
/opt/cray/pe/lib64/libmpi_gnu_91.so.12(+0x2410188) [0x1469f9149188]
/opt/cray/pe/lib64/libmpi_gnu_91.so.12(+0xf57c09) [0x1469f7c90c09]
/opt/cray/pe/lib64/libmpi_gnu_91.so.12(+0xfbddd1) [0x1469f7cf6dd1]
/opt/cray/pe/lib64/libmpi_gnu_91.so.12(+0x1cd6e46) [0x1469f8a0fe46]
/opt/cray/pe/lib64/libmpi_gnu_91.so.12(+0x1bbc882) [0x1469f88f5882]
/opt/cray/pe/lib64/libmpi_gnu_91.so.12(+0x206676) [0x1469f6f3f676]
/opt/cray/pe/lib64/libmpi_gnu_91.so.12(+0x2067d8) [0x1469f6f3f7d8]
/opt/cray/pe/lib64/libmpi_gnu_91.so.12(PMPI_Alltoallv+0xc3a) [0x1469f6f407ca]
/opt/cray/pe/lib64/libmpifort_gnu_91.so.12(pmpi_alltoallv_+0x52) [0x1469f9904d82]
/work/e05/e05/cahart/smeagol/smgl/cp2k-private-sergey-1/exe/local/cp2k.popt() [0x2d2e65d]
/work/e05/e05/cahart/smeagol/smgl/cp2k-private-sergey-1/exe/local/cp2k.popt() [0x2a4443e]
/work/e05/e05/cahart/smeagol/smgl/cp2k-private-sergey-1/exe/local/cp2k.popt() [0x2a5b111]
/work/e05/e05/cahart/smeagol/smgl/cp2k-private-sergey-1/exe/local/cp2k.popt() [0x29a4b76]
/work/e05/e05/cahart/smeagol/smgl/cp2k-private-sergey-1/exe/local/cp2k.popt() [0x29ae903]
/work/e05/e05/cahart/smeagol/smgl/cp2k-private-sergey-1/exe/local/cp2k.popt() [0x2851d48]
/work/e05/e05/cahart/smeagol/smgl/cp2k-private-sergey-1/exe/local/cp2k.popt() [0x26ff8b7]
/work/e05/e05/cahart/smeagol/smgl/cp2k-private-sergey-1/exe/local/cp2k.popt() [0x27f3694]
/work/e05/e05/cahart/smeagol/smgl/cp2k-private-sergey-1/exe/local/cp2k.popt() [0x280323b]
/work/e05/e05/cahart/smeagol/smgl/cp2k-private-sergey-1/exe/local/cp2k.popt() [0x142c641]
/work/e05/e05/cahart/smeagol/smgl/cp2k-private-sergey-1/exe/local/cp2k.popt() [0x91df3e]
/work/e05/e05/cahart/smeagol/smgl/cp2k-private-sergey-1/exe/local/cp2k.popt() [0x9230e0]
/work/e05/e05/cahart/smeagol/smgl/cp2k-private-sergey-1/exe/local/cp2k.popt() [0x13630e1]
/work/e05/e05/cahart/smeagol/smgl/cp2k-private-sergey-1/exe/local/cp2k.popt() [0x136ff28]
/work/e05/e05/cahart/smeagol/smgl/cp2k-private-sergey-1/exe/local/cp2k.popt() [0xcf5ea7]
/work/e05/e05/cahart/smeagol/smgl/cp2k-private-sergey-1/exe/local/cp2k.popt() [0x159d509]
/work/e05/e05/cahart/smeagol/smgl/cp2k-private-sergey-1/exe/local/cp2k.popt() [0x15a0618]
/work/e05/e05/cahart/smeagol/smgl/cp2k-private-sergey-1/exe/local/cp2k.popt() [0xad3218]
/work/e05/e05/cahart/smeagol/smgl/cp2k-private-sergey-1/exe/local/cp2k.popt() [0x69db22]
MPICH ERROR [Rank 122] [job id 4422487.0] [Mon Sep 11 14:01:05 2023] [nid001325] - Abort(1): Internal error

/opt/cray/pe/lib64/libmpi_gnu_91.so.12(MPL_backtrace_show+0x26) [0x14eb3073182b]
/opt/cray/pe/lib64/libmpi_gnu_91.so.12(+0x1fedaf4) [0x14eb3016baf4]
/opt/cray/pe/lib64/libmpi_gnu_91.so.12(+0x2418a3a) [0x14eb30596a3a]
/opt/cray/pe/lib64/libmpi_gnu_91.so.12(+0x2438168) [0x14eb305b6168]
/opt/cray/pe/lib64/libmpi_gnu_91.so.12(+0x2410188) [0x14eb3058e188]
/opt/cray/pe/lib64/libmpi_gnu_91.so.12(+0xf57c09) [0x14eb2f0d5c09]
/opt/cray/pe/lib64/libmpi_gnu_91.so.12(+0xfbddd1) [0x14eb2f13bdd1]
/opt/cray/pe/lib64/libmpi_gnu_91.so.12(+0x1cd6e46) [0x14eb2fe54e46]
/opt/cray/pe/lib64/libmpi_gnu_91.so.12(+0x1bbc882) [0x14eb2fd3a882]
/opt/cray/pe/lib64/libmpi_gnu_91.so.12(+0x206676) [0x14eb2e384676]
/opt/cray/pe/lib64/libmpi_gnu_91.so.12(+0x2067d8) [0x14eb2e3847d8]
/opt/cray/pe/lib64/libmpi_gnu_91.so.12(PMPI_Alltoallv+0xc3a) [0x14eb2e3857ca]
/opt/cray/pe/lib64/libmpifort_gnu_91.so.12(pmpi_alltoallv_+0x52) [0x14eb30d49d82]
/work/e05/e05/cahart/smeagol/smgl/cp2k-private-sergey-1/exe/local/cp2k.popt() [0x2d2e65d]
/work/e05/e05/cahart/smeagol/smgl/cp2k-private-sergey-1/exe/local/cp2k.popt() [0x2a4443e]
/work/e05/e05/cahart/smeagol/smgl/cp2k-private-sergey-1/exe/local/cp2k.popt() [0x2a5b111]
/work/e05/e05/cahart/smeagol/smgl/cp2k-private-sergey-1/exe/local/cp2k.popt() [0x29a4b76]
/work/e05/e05/cahart/smeagol/smgl/cp2k-private-sergey-1/exe/local/cp2k.popt() [0x29ae903]
/work/e05/e05/cahart/smeagol/smgl/cp2k-private-sergey-1/exe/local/cp2k.popt() [0x2851d48]
/work/e05/e05/cahart/smeagol/smgl/cp2k-private-sergey-1/exe/local/cp2k.popt() [0x26ff8b7]
/work/e05/e05/cahart/smeagol/smgl/cp2k-private-sergey-1/exe/local/cp2k.popt() [0x27f3694]
/work/e05/e05/cahart/smeagol/smgl/cp2k-private-sergey-1/exe/local/cp2k.popt() [0x280323b]
/work/e05/e05/cahart/smeagol/smgl/cp2k-private-sergey-1/exe/local/cp2k.popt() [0x142c641]
/work/e05/e05/cahart/smeagol/smgl/cp2k-private-sergey-1/exe/local/cp2k.popt() [0x91df3e]
/work/e05/e05/cahart/smeagol/smgl/cp2k-private-sergey-1/exe/local/cp2k.popt() [0x9230e0]
/work/e05/e05/cahart/smeagol/smgl/cp2k-private-sergey-1/exe/local/cp2k.popt() [0x13630e1]
/work/e05/e05/cahart/smeagol/smgl/cp2k-private-sergey-1/exe/local/cp2k.popt() [0x136ff28]
/work/e05/e05/cahart/smeagol/smgl/cp2k-private-sergey-1/exe/local/cp2k.popt() [0xcf5ea7]
/work/e05/e05/cahart/smeagol/smgl/cp2k-private-sergey-1/exe/local/cp2k.popt() [0x159d509]
/work/e05/e05/cahart/smeagol/smgl/cp2k-private-sergey-1/exe/local/cp2k.popt() [0x15a0618]
/work/e05/e05/cahart/smeagol/smgl/cp2k-private-sergey-1/exe/local/cp2k.popt() [0xad3218]
/work/e05/e05/cahart/smeagol/smgl/cp2k-private-sergey-1/exe/local/cp2k.popt() [0x69db22]
MPICH ERROR [Rank 123] [job id 4422487.0] [Mon Sep 11 14:01:05 2023] [nid001325] - Abort(1): Internal error

/opt/cray/pe/lib64/libmpi_gnu_91.so.12(MPL_backtrace_show+0x26) [0x15517af5182b]
/opt/cray/pe/lib64/libmpi_gnu_91.so.12(+0x1fedaf4) [0x15517a98baf4]
/opt/cray/pe/lib64/libmpi_gnu_91.so.12(+0x2418a3a) [0x15517adb6a3a]
/opt/cray/pe/lib64/libmpi_gnu_91.so.12(+0x2438168) [0x15517add6168]
/opt/cray/pe/lib64/libmpi_gnu_91.so.12(+0x2410188) [0x15517adae188]
/opt/cray/pe/lib64/libmpi_gnu_91.so.12(+0xf57c09) [0x1551798f5c09]
/opt/cray/pe/lib64/libmpi_gnu_91.so.12(+0xfbddd1) [0x15517995bdd1]
/opt/cray/pe/lib64/libmpi_gnu_91.so.12(+0x1cd6e46) [0x15517a674e46]
/opt/cray/pe/lib64/libmpi_gnu_91.so.12(+0x1bbc882) [0x15517a55a882]
/opt/cray/pe/lib64/libmpi_gnu_91.so.12(+0x206676) [0x155178ba4676]
/opt/cray/pe/lib64/libmpi_gnu_91.so.12(+0x2067d8) [0x155178ba47d8]
/opt/cray/pe/lib64/libmpi_gnu_91.so.12(PMPI_Alltoallv+0xc3a) [0x155178ba57ca]
/opt/cray/pe/lib64/libmpifort_gnu_91.so.12(pmpi_alltoallv_+0x52) [0x15517b569d82]
/work/e05/e05/cahart/smeagol/smgl/cp2k-private-sergey-1/exe/local/cp2k.popt() [0x2d2e65d]
/work/e05/e05/cahart/smeagol/smgl/cp2k-private-sergey-1/exe/local/cp2k.popt() [0x2a4443e]
/work/e05/e05/cahart/smeagol/smgl/cp2k-private-sergey-1/exe/local/cp2k.popt() [0x2a5b111]
/work/e05/e05/cahart/smeagol/smgl/cp2k-private-sergey-1/exe/local/cp2k.popt() [0x29a4b76]
/work/e05/e05/cahart/smeagol/smgl/cp2k-private-sergey-1/exe/local/cp2k.popt() [0x29ae903]
/work/e05/e05/cahart/smeagol/smgl/cp2k-private-sergey-1/exe/local/cp2k.popt() [0x2851d48]
/work/e05/e05/cahart/smeagol/smgl/cp2k-private-sergey-1/exe/local/cp2k.popt() [0x26ff8b7]
/work/e05/e05/cahart/smeagol/smgl/cp2k-private-sergey-1/exe/local/cp2k.popt() [0x27f3694]
/work/e05/e05/cahart/smeagol/smgl/cp2k-private-sergey-1/exe/local/cp2k.popt() [0x280323b]
/work/e05/e05/cahart/smeagol/smgl/cp2k-private-sergey-1/exe/local/cp2k.popt() [0x142c641]
/work/e05/e05/cahart/smeagol/smgl/cp2k-private-sergey-1/exe/local/cp2k.popt() [0x91df3e]
/work/e05/e05/cahart/smeagol/smgl/cp2k-private-sergey-1/exe/local/cp2k.popt() [0x9230e0]
/work/e05/e05/cahart/smeagol/smgl/cp2k-private-sergey-1/exe/local/cp2k.popt() [0x13630e1]
/work/e05/e05/cahart/smeagol/smgl/cp2k-private-sergey-1/exe/local/cp2k.popt() [0x136ff28]
/work/e05/e05/cahart/smeagol/smgl/cp2k-private-sergey-1/exe/local/cp2k.popt() [0xcf5ea7]
/work/e05/e05/cahart/smeagol/smgl/cp2k-private-sergey-1/exe/local/cp2k.popt() [0x159d509]
/work/e05/e05/cahart/smeagol/smgl/cp2k-private-sergey-1/exe/local/cp2k.popt() [0x15a0618]
/work/e05/e05/cahart/smeagol/smgl/cp2k-private-sergey-1/exe/local/cp2k.popt() [0xad3218]
/work/e05/e05/cahart/smeagol/smgl/cp2k-private-sergey-1/exe/local/cp2k.popt() [0x69db22]
MPICH ERROR [Rank 124] [job id 4422487.0] [Mon Sep 11 14:01:05 2023] [nid001325] - Abort(1): Internal error

/opt/cray/pe/lib64/libmpi_gnu_91.so.12(MPL_backtrace_show+0x26) [0x1535fb1f982b]
/opt/cray/pe/lib64/libmpi_gnu_91.so.12(+0x1fedaf4) [0x1535fac33af4]
/opt/cray/pe/lib64/libmpi_gnu_91.so.12(+0x2418a3a) [0x1535fb05ea3a]
/opt/cray/pe/lib64/libmpi_gnu_91.so.12(+0x2438168) [0x1535fb07e168]
/opt/cray/pe/lib64/libmpi_gnu_91.so.12(+0x2410188) [0x1535fb056188]
/opt/cray/pe/lib64/libmpi_gnu_91.so.12(+0xf57c09) [0x1535f9b9dc09]
/opt/cray/pe/lib64/libmpi_gnu_91.so.12(+0xfbddd1) [0x1535f9c03dd1]
/opt/cray/pe/lib64/libmpi_gnu_91.so.12(+0x1cd6e46) [0x1535fa91ce46]
/opt/cray/pe/lib64/libmpi_gnu_91.so.12(+0x1bbc882) [0x1535fa802882]
/opt/cray/pe/lib64/libmpi_gnu_91.so.12(+0x206676) [0x1535f8e4c676]
/opt/cray/pe/lib64/libmpi_gnu_91.so.12(+0x2067d8) [0x1535f8e4c7d8]
/opt/cray/pe/lib64/libmpi_gnu_91.so.12(PMPI_Alltoallv+0xc3a) [0x1535f8e4d7ca]
/opt/cray/pe/lib64/libmpifort_gnu_91.so.12(pmpi_alltoallv_+0x52) [0x1535fb811d82]
/work/e05/e05/cahart/smeagol/smgl/cp2k-private-sergey-1/exe/local/cp2k.popt() [0x2d2e65d]
/work/e05/e05/cahart/smeagol/smgl/cp2k-private-sergey-1/exe/local/cp2k.popt() [0x2a4443e]
/work/e05/e05/cahart/smeagol/smgl/cp2k-private-sergey-1/exe/local/cp2k.popt() [0x2a5b111]
/work/e05/e05/cahart/smeagol/smgl/cp2k-private-sergey-1/exe/local/cp2k.popt() [0x29a4b76]
/work/e05/e05/cahart/smeagol/smgl/cp2k-private-sergey-1/exe/local/cp2k.popt() [0x29ae903]
/work/e05/e05/cahart/smeagol/smgl/cp2k-private-sergey-1/exe/local/cp2k.popt() [0x2851d48]
/work/e05/e05/cahart/smeagol/smgl/cp2k-private-sergey-1/exe/local/cp2k.popt() [0x26ff8b7]
/work/e05/e05/cahart/smeagol/smgl/cp2k-private-sergey-1/exe/local/cp2k.popt() [0x27f3694]
/work/e05/e05/cahart/smeagol/smgl/cp2k-private-sergey-1/exe/local/cp2k.popt() [0x280323b]
/work/e05/e05/cahart/smeagol/smgl/cp2k-private-sergey-1/exe/local/cp2k.popt() [0x142c641]
/work/e05/e05/cahart/smeagol/smgl/cp2k-private-sergey-1/exe/local/cp2k.popt() [0x91df3e]
/work/e05/e05/cahart/smeagol/smgl/cp2k-private-sergey-1/exe/local/cp2k.popt() [0x9230e0]
/work/e05/e05/cahart/smeagol/smgl/cp2k-private-sergey-1/exe/local/cp2k.popt() [0x13630e1]
/work/e05/e05/cahart/smeagol/smgl/cp2k-private-sergey-1/exe/local/cp2k.popt() [0x136ff28]
/work/e05/e05/cahart/smeagol/smgl/cp2k-private-sergey-1/exe/local/cp2k.popt() [0xcf5ea7]
/work/e05/e05/cahart/smeagol/smgl/cp2k-private-sergey-1/exe/local/cp2k.popt() [0x159d509]
/work/e05/e05/cahart/smeagol/smgl/cp2k-private-sergey-1/exe/local/cp2k.popt() [0x15a0618]
/work/e05/e05/cahart/smeagol/smgl/cp2k-private-sergey-1/exe/local/cp2k.popt() [0xad3218]
/work/e05/e05/cahart/smeagol/smgl/cp2k-private-sergey-1/exe/local/cp2k.popt() [0x69db22]
MPICH ERROR [Rank 125] [job id 4422487.0] [Mon Sep 11 14:01:05 2023] [nid001325] - Abort(1): Internal error

MPICH ERROR [Rank 126] [job id 4422487.0] [Mon Sep 11 14:01:05 2023] [nid001325] - Abort(1): Internal error

/opt/cray/pe/lib64/libmpi_gnu_91.so.12(MPL_backtrace_show+0x26) [0x14af5422b82b]
/opt/cray/pe/lib64/libmpi_gnu_91.so.12(+0x1fedaf4) [0x14af53c65af4]
/opt/cray/pe/lib64/libmpi_gnu_91.so.12(+0x2418a3a) [0x14af54090a3a]
/opt/cray/pe/lib64/libmpi_gnu_91.so.12(+0x2438168) [0x14af540b0168]
/opt/cray/pe/lib64/libmpi_gnu_91.so.12(+0x2410188) [0x14af54088188]
/opt/cray/pe/lib64/libmpi_gnu_91.so.12(+0xf57c09) [0x14af52bcfc09]
/opt/cray/pe/lib64/libmpi_gnu_91.so.12(+0xfbddd1) [0x14af52c35dd1]
/opt/cray/pe/lib64/libmpi_gnu_91.so.12(+0x1cd6e46) [0x14af5394ee46]
/opt/cray/pe/lib64/libmpi_gnu_91.so.12(+0x1bbc882) [0x14af53834882]
/opt/cray/pe/lib64/libmpi_gnu_91.so.12(+0x206676) [0x14af51e7e676]
/opt/cray/pe/lib64/libmpi_gnu_91.so.12(+0x2067d8) [0x14af51e7e7d8]
/opt/cray/pe/lib64/libmpi_gnu_91.so.12(PMPI_Alltoallv+0xc3a) [0x14af51e7f7ca]
/opt/cray/pe/lib64/libmpifort_gnu_91.so.12(pmpi_alltoallv_+0x52) [0x14af54843d82]
/work/e05/e05/cahart/smeagol/smgl/cp2k-private-sergey-1/exe/local/cp2k.popt() [0x2d2e65d]
srun: Job step aborted: Waiting up to 32 seconds for job step to finish.
/work/e05/e05/cahart/smeagol/smgl/cp2k-private-sergey-1/exe/local/cp2k.popt() [0x2a4443e]
/work/e05/e05/cahart/smeagol/smgl/cp2k-private-sergey-1/exe/local/cp2k.popt() [0x2a5b111]
/work/e05/e05/cahart/smeagol/smgl/cp2k-private-sergey-1/exe/local/cp2k.popt() [0x29a4b76]
/work/e05/e05/cahart/smeagol/smgl/cp2k-private-sergey-1/exe/local/cp2k.popt() [0x29ae903]
/work/e05/e05/cahart/smeagol/smgl/cp2k-private-sergey-1/exe/local/cp2k.popt() [0x2851d48]
/work/e05/e05/cahart/smeagol/smgl/cp2k-private-sergey-1/exe/local/cp2k.popt() [0x26ff8b7]
/work/e05/e05/cahart/smeagol/smgl/cp2k-private-sergey-1/exe/local/cp2k.popt() [0x27f3694]
/work/e05/e05/cahart/smeagol/smgl/cp2k-private-sergey-1/exe/local/cp2k.popt() [0x280323b]
/work/e05/e05/cahart/smeagol/smgl/cp2k-private-sergey-1/exe/local/cp2k.popt() [0x142c641]
/work/e05/e05/cahart/smeagol/smgl/cp2k-private-sergey-1/exe/local/cp2k.popt() [0x91df3e]
/work/e05/e05/cahart/smeagol/smgl/cp2k-private-sergey-1/exe/local/cp2k.popt() [0x9230e0]
/work/e05/e05/cahart/smeagol/smgl/cp2k-private-sergey-1/exe/local/cp2k.popt() [0x13630e1]
/work/e05/e05/cahart/smeagol/smgl/cp2k-private-sergey-1/exe/local/cp2k.popt() [0x136ff28]
/work/e05/e05/cahart/smeagol/smgl/cp2k-private-sergey-1/exe/local/cp2k.popt() [0xcf5ea7]
/work/e05/e05/cahart/smeagol/smgl/cp2k-private-sergey-1/exe/local/cp2k.popt() [0x159d509]
/work/e05/e05/cahart/smeagol/smgl/cp2k-private-sergey-1/exe/local/cp2k.popt() [0x15a0618]
/work/e05/e05/cahart/smeagol/smgl/cp2k-private-sergey-1/exe/local/cp2k.popt() [0xad3218]
/work/e05/e05/cahart/smeagol/smgl/cp2k-private-sergey-1/exe/local/cp2k.popt() [0x69db22]
MPICH ERROR [Rank 127] [job id 4422487.0] [Mon Sep 11 14:01:05 2023] [nid001325] - Abort(1): Internal error

process_vm_readv: No such process
Assertion failed in file ../src/mpid/ch4/shm/cray_common/cray_common_memops.c at line 461: 0
/opt/cray/pe/lib64/libmpi_gnu_91.so.12(MPL_backtrace_show+0x26) [0x14b0a1d4382b]
/opt/cray/pe/lib64/libmpi_gnu_91.so.12(+0x1fedaf4) [0x14b0a177daf4]
/opt/cray/pe/lib64/libmpi_gnu_91.so.12(+0x2418a3a) [0x14b0a1ba8a3a]
/opt/cray/pe/lib64/libmpi_gnu_91.so.12(+0x2438168) [0x14b0a1bc8168]
/opt/cray/pe/lib64/libmpi_gnu_91.so.12(+0x2410188) [0x14b0a1ba0188]
/opt/cray/pe/lib64/libmpi_gnu_91.so.12(+0xf57c09) [0x14b0a06e7c09]
/opt/cray/pe/lib64/libmpi_gnu_91.so.12(+0xfbddd1) [0x14b0a074ddd1]
/opt/cray/pe/lib64/libmpi_gnu_91.so.12(+0x1cd6e46) [0x14b0a1466e46]
/opt/cray/pe/lib64/libmpi_gnu_91.so.12(+0x1bbc882) [0x14b0a134c882]
/opt/cray/pe/lib64/libmpi_gnu_91.so.12(+0x206676) [0x14b09f996676]
/opt/cray/pe/lib64/libmpi_gnu_91.so.12(+0x2067d8) [0x14b09f9967d8]
/opt/cray/pe/lib64/libmpi_gnu_91.so.12(PMPI_Alltoallv+0xc3a) [0x14b09f9977ca]
/opt/cray/pe/lib64/libmpifort_gnu_91.so.12(pmpi_alltoallv_+0x52) [0x14b0a235bd82]
/work/e05/e05/cahart/smeagol/smgl/cp2k-private-sergey-1/exe/local/cp2k.popt() [0x2d2e65d]
/work/e05/e05/cahart/smeagol/smgl/cp2k-private-sergey-1/exe/local/cp2k.popt() [0x2a4443e]
/work/e05/e05/cahart/smeagol/smgl/cp2k-private-sergey-1/exe/local/cp2k.popt() [0x2a5b111]
/work/e05/e05/cahart/smeagol/smgl/cp2k-private-sergey-1/exe/local/cp2k.popt() [0x29a4b76]
/work/e05/e05/cahart/smeagol/smgl/cp2k-private-sergey-1/exe/local/cp2k.popt() [0x29ae903]
/work/e05/e05/cahart/smeagol/smgl/cp2k-private-sergey-1/exe/local/cp2k.popt() [0x2851d48]
/work/e05/e05/cahart/smeagol/smgl/cp2k-private-sergey-1/exe/local/cp2k.popt() [0x26ff8b7]
/work/e05/e05/cahart/smeagol/smgl/cp2k-private-sergey-1/exe/local/cp2k.popt() [0x27f3694]
/work/e05/e05/cahart/smeagol/smgl/cp2k-private-sergey-1/exe/local/cp2k.popt() [0x280323b]
/work/e05/e05/cahart/smeagol/smgl/cp2k-private-sergey-1/exe/local/cp2k.popt() [0x142c641]
/work/e05/e05/cahart/smeagol/smgl/cp2k-private-sergey-1/exe/local/cp2k.popt() [0x91df3e]
/work/e05/e05/cahart/smeagol/smgl/cp2k-private-sergey-1/exe/local/cp2k.popt() [0x9230e0]
/work/e05/e05/cahart/smeagol/smgl/cp2k-private-sergey-1/exe/local/cp2k.popt() [0x13630e1]
/work/e05/e05/cahart/smeagol/smgl/cp2k-private-sergey-1/exe/local/cp2k.popt() [0x136ff28]
/work/e05/e05/cahart/smeagol/smgl/cp2k-private-sergey-1/exe/local/cp2k.popt() [0xcf5ea7]
/work/e05/e05/cahart/smeagol/smgl/cp2k-private-sergey-1/exe/local/cp2k.popt() [0x159d509]
/work/e05/e05/cahart/smeagol/smgl/cp2k-private-sergey-1/exe/local/cp2k.popt() [0x15a0618]
/work/e05/e05/cahart/smeagol/smgl/cp2k-private-sergey-1/exe/local/cp2k.popt() [0xad3218]
/work/e05/e05/cahart/smeagol/smgl/cp2k-private-sergey-1/exe/local/cp2k.popt() [0x69db22]
MPICH ERROR [Rank 111] [job id 4422487.0] [Mon Sep 11 14:01:05 2023] [nid001325] - Abort(1): Internal error

