cpu-bind=MASK - cn1059, task  0  0 [21938]: mask 0xffffffffffffffff set
--------------------------------------------------------------------------
Open MPI failed an OFI Libfabric library call (fi_domain).  This is highly
unusual; your job may behave unpredictably (and/or abort) after this.

  Local host: cn1061
  Location: mtl_ofi_component.c:928
  Error: No data available (61)
--------------------------------------------------------------------------
[cn1059.scarf.rl.ac.uk:22949] 239 more processes have sent help message help-mtl-ofi.txt / OFI call fail
[cn1059.scarf.rl.ac.uk:22949] Set MCA parameter "orte_base_help_aggregate" to 0 to see all help / error messages
--------------------------------------------------------------------------
Open MPI failed an OFI Libfabric library call (fi_domain).  This is highly
unusual; your job may behave unpredictably (and/or abort) after this.

  Local host: cn1076
  Location: mtl_ofi_component.c:928
  Error: No data available (61)
--------------------------------------------------------------------------
[cn1059.scarf.rl.ac.uk:24388] 239 more processes have sent help message help-mtl-ofi.txt / OFI call fail
[cn1059.scarf.rl.ac.uk:24388] Set MCA parameter "orte_base_help_aggregate" to 0 to see all help / error messages
[1679602595.460131] [cn1059:24480:0]          mpool.c:43   UCX  WARN  object 0xaf62840 was not returned to mpool ucp_requests
[1679602595.460188] [cn1059:24482:0]          mpool.c:43   UCX  WARN  object 0xc142c00 was not returned to mpool ucp_requests
[1679602595.460218] [cn1059:24486:0]          mpool.c:43   UCX  WARN  object 0xb129a00 was not returned to mpool ucp_requests
[1679602595.460342] [cn1059:24467:0]          mpool.c:43   UCX  WARN  object 0xda7c500 was not returned to mpool ucp_requests
[1679602595.460364] [cn1059:24474:0]          mpool.c:43   UCX  WARN  object 0xc677440 was not returned to mpool ucp_requests
[1679602595.460403] [cn1059:24459:0]          mpool.c:43   UCX  WARN  object 0xd68a9c0 was not returned to mpool ucp_requests
[1679602595.460371] [cn1059:24462:0]          mpool.c:43   UCX  WARN  object 0xb91ea00 was not returned to mpool ucp_requests
[1679602595.460366] [cn1059:24463:0]          mpool.c:43   UCX  WARN  object 0x5eb5080 was not returned to mpool ucp_requests
[1679602595.460374] [cn1059:24469:0]          mpool.c:43   UCX  WARN  object 0xc2e5b00 was not returned to mpool ucp_requests
[1679602595.460395] [cn1059:24476:0]          mpool.c:43   UCX  WARN  object 0xaffc2c0 was not returned to mpool ucp_requests
-8.7725014667E+000
--------------------------------------------------------------------------
Open MPI failed an OFI Libfabric library call (fi_domain).  This is highly
unusual; your job may behave unpredictably (and/or abort) after this.

  Local host: cn1075
  Location: mtl_ofi_component.c:928
  Error: No data available (61)
--------------------------------------------------------------------------
[cn1059.scarf.rl.ac.uk:25206] 239 more processes have sent help message help-mtl-ofi.txt / OFI call fail
[cn1059.scarf.rl.ac.uk:25206] Set MCA parameter "orte_base_help_aggregate" to 0 to see all help / error messages
[1679606485.653872] [cn1059:25292:0]          mpool.c:43   UCX  WARN  object 0xc331d00 was not returned to mpool ucp_requests
[1679606485.653899] [cn1059:25294:0]          mpool.c:43   UCX  WARN  object 0xb70cec0 was not returned to mpool ucp_requests
[1679606485.653970] [cn1059:25299:0]          mpool.c:43   UCX  WARN  object 0xbf2e140 was not returned to mpool ucp_requests
[1679606485.654962] [cn1059:25272:0]          mpool.c:43   UCX  WARN  object 0xae08800 was not returned to mpool ucp_requests
[1679606485.654969] [cn1059:25274:0]          mpool.c:43   UCX  WARN  object 0xac41e40 was not returned to mpool ucp_requests
[1679606485.654954] [cn1059:25287:0]          mpool.c:43   UCX  WARN  object 0x5e63f40 was not returned to mpool ucp_requests
[1679606485.655016] [cn1059:25283:0]          mpool.c:43   UCX  WARN  object 0xbcafec0 was not returned to mpool ucp_requests
[1679606485.655049] [cn1059:25284:0]          mpool.c:43   UCX  WARN  object 0x631d340 was not returned to mpool ucp_requests
[1679606485.655059] [cn1059:25279:0]          mpool.c:43   UCX  WARN  object 0xac12100 was not returned to mpool ucp_requests
[1679606485.655060] [cn1059:25289:0]          mpool.c:43   UCX  WARN  object 0xa682e80 was not returned to mpool ucp_requests
cp: cannot stat ‘0V-VH_z-0029.dat’: No such file or directory
cp: cannot stat ‘0V-VH_z-0029.dat’: No such file or directory
cp: cannot stat ‘0V-RHO_z-0029.dat’: No such file or directory
cp: cannot stat ‘0V-RHO_z-0029.dat’: No such file or directory
