forrtl: No such file or directory
forrtl: No such file or directory
forrtl: No such file or directory
forrtl: No such file or directory
forrtl: No such file or directory
forrtl: No such file or directory
forrtl: No such file or directory
forrtl: severe (29): file not found, unit 12346, file /lustre/scratch/mmm1169/work/cp2k-smeagol-examples/au-h2/siesta1-smeago/transmission/1.9/info.out24
Image              PC                Routine            Line        Source             
smeagol-1.2_csg    0000000002C4151E  Unknown               Unknown  Unknown
smeagol-1.2_csg    0000000002C5FEF5  Unknown               Unknown  Unknown
smeagol-1.2_csg    0000000000EF7CC3  Unknown               Unknown  Unknown
smeagol-1.2_csg    0000000000BDF0DC  Unknown               Unknown  Unknown
smeagol-1.2_csg    000000000040652E  Unknown               Unknown  Unknown
libc-2.17.so       00002B89A3915555  __libc_start_main     Unknown  Unknown
smeagol-1.2_csg    0000000000406429  Unknown               Unknown  Unknown
forrtl: No such file or directory
forrtl: severe (29): file not found, unit 12346, file /lustre/scratch/mmm1169/work/cp2k-smeagol-examples/au-h2/siesta1-smeago/transmission/1.9/info.out19
Image              PC                Routine            Line        Source             
smeagol-1.2_csg    0000000002C4151E  Unknown               Unknown  Unknown
smeagol-1.2_csg    0000000002C5FEF5  Unknown               Unknown  Unknown
smeagol-1.2_csg    0000000000EF7CC3  Unknown               Unknown  Unknown
smeagol-1.2_csg    0000000000BDF0DC  Unknown               Unknown  Unknown
smeagol-1.2_csg    000000000040652E  Unknown               Unknown  Unknown
libc-2.17.so       00002B0269616555  __libc_start_main     Unknown  Unknown
smeagol-1.2_csg    0000000000406429  Unknown               Unknown  Unknown
forrtl: severe (29): file not found, unit 12346, file /lustre/scratch/mmm1169/work/cp2k-smeagol-examples/au-h2/siesta1-smeago/transmission/1.9/info.out61
Image              PC                Routine            Line        Source             
smeagol-1.2_csg    0000000002C4151E  Unknown               Unknown  Unknown
smeagol-1.2_csg    0000000002C5FEF5  Unknown               Unknown  Unknown
smeagol-1.2_csg    0000000000EF7CC3  Unknown               Unknown  Unknown
smeagol-1.2_csg    0000000000BDF0DC  Unknown               Unknown  Unknown
smeagol-1.2_csg    000000000040652E  Unknown               Unknown  Unknown
libc-2.17.so       00002B61646E0555  __libc_start_main     Unknown  Unknown
smeagol-1.2_csg    0000000000406429  Unknown               Unknown  Unknown
forrtl: severe (29): file not found, unit 12346, file /lustre/scratch/mmm1169/work/cp2k-smeagol-examples/au-h2/siesta1-smeago/transmission/1.9/info.out29
Image              PC                Routine            Line        Source             
smeagol-1.2_csg    0000000002C4151E  Unknown               Unknown  Unknown
smeagol-1.2_csg    0000000002C5FEF5  Unknown               Unknown  Unknown
smeagol-1.2_csg    0000000000EF7CC3  Unknown               Unknown  Unknown
smeagol-1.2_csg    0000000000BDF0DC  Unknown               Unknown  Unknown
smeagol-1.2_csg    000000000040652E  Unknown               Unknown  Unknown
libc-2.17.so       00002B83246AC555  __libc_start_main     Unknown  Unknown
smeagol-1.2_csg    0000000000406429  Unknown               Unknown  Unknown
forrtl: severe (29): file not found, unit 12346, file /lustre/scratch/mmm1169/work/cp2k-smeagol-examples/au-h2/siesta1-smeago/transmission/1.9/info.out14
Image              PC                Routine            Line        Source             
smeagol-1.2_csg    0000000002C4151E  Unknown               Unknown  Unknown
smeagol-1.2_csg    0000000002C5FEF5  Unknown               Unknown  Unknown
smeagol-1.2_csg    0000000000EF7CC3  Unknown               Unknown  Unknown
smeagol-1.2_csg    0000000000BDF0DC  Unknown               Unknown  Unknown
smeagol-1.2_csg    000000000040652E  Unknown               Unknown  Unknown
libc-2.17.so       00002B6DB63FB555  __libc_start_main     Unknown  Unknown
smeagol-1.2_csg    0000000000406429  Unknown               Unknown  Unknown
forrtl: No such file or directory
forrtl: No such file or directory
forrtl: No such file or directory
forrtl: No such file or directory
forrtl: severe (29): file not found, unit 12346, file /lustre/scratch/mmm1169/work/cp2k-smeagol-examples/au-h2/siesta1-smeago/transmission/1.9/info.out13
Image              PC                Routine            Line        Source             
smeagol-1.2_csg    0000000002C4151E  Unknown               Unknown  Unknown
smeagol-1.2_csg    0000000002C5FEF5  Unknown               Unknown  Unknown
smeagol-1.2_csg    0000000000EF7CC3  Unknown               Unknown  Unknown
smeagol-1.2_csg    0000000000BDF0DC  Unknown               Unknown  Unknown
smeagol-1.2_csg    000000000040652E  Unknown               Unknown  Unknown
libc-2.17.so       00002AE2184FB555  __libc_start_main     Unknown  Unknown
smeagol-1.2_csg    0000000000406429  Unknown               Unknown  Unknown
forrtl: severe (29): file not found, unit 12346, file /lustre/scratch/mmm1169/work/cp2k-smeagol-examples/au-h2/siesta1-smeago/transmission/1.9/info.out56
Image              PC                Routine            Line        Source             
smeagol-1.2_csg    0000000002C4151E  Unknown               Unknown  Unknown
smeagol-1.2_csg    0000000002C5FEF5  Unknown               Unknown  Unknown
smeagol-1.2_csg    0000000000EF7CC3  Unknown               Unknown  Unknown
smeagol-1.2_csg    0000000000BDF0DC  Unknown               Unknown  Unknown
smeagol-1.2_csg    000000000040652E  Unknown               Unknown  Unknown
libc-2.17.so       00002B080D947555  __libc_start_main     Unknown  Unknown
smeagol-1.2_csg    0000000000406429  Unknown               Unknown  Unknown
forrtl: severe (29): file not found, unit 12346, file /lustre/scratch/mmm1169/work/cp2k-smeagol-examples/au-h2/siesta1-smeago/transmission/1.9/info.out18
Image              PC                Routine            Line        Source             
smeagol-1.2_csg    0000000002C4151E  Unknown               Unknown  Unknown
smeagol-1.2_csg    0000000002C5FEF5  Unknown               Unknown  Unknown
smeagol-1.2_csg    0000000000EF7CC3  Unknown               Unknown  Unknown
smeagol-1.2_csg    0000000000BDF0DC  Unknown               Unknown  Unknown
smeagol-1.2_csg    000000000040652E  Unknown               Unknown  Unknown
libc-2.17.so       00002B076B4C7555  __libc_start_main     Unknown  Unknown
smeagol-1.2_csg    0000000000406429  Unknown               Unknown  Unknown
forrtl: severe (29): file not found, unit 12346, file /lustre/scratch/mmm1169/work/cp2k-smeagol-examples/au-h2/siesta1-smeago/transmission/1.9/info.out51
Image              PC                Routine            Line        Source             
smeagol-1.2_csg    0000000002C4151E  Unknown               Unknown  Unknown
smeagol-1.2_csg    0000000002C5FEF5  Unknown               Unknown  Unknown
smeagol-1.2_csg    0000000000EF7CC3  Unknown               Unknown  Unknown
smeagol-1.2_csg    0000000000BDF0DC  Unknown               Unknown  Unknown
smeagol-1.2_csg    000000000040652E  Unknown               Unknown  Unknown
libc-2.17.so       00002AD7D491C555  __libc_start_main     Unknown  Unknown
smeagol-1.2_csg    0000000000406429  Unknown               Unknown  Unknown
forrtl: severe (29): file not found, unit 12346, file /lustre/scratch/mmm1169/work/cp2k-smeagol-examples/au-h2/siesta1-smeago/transmission/1.9/info.out23
Image              PC                Routine            Line        Source             
smeagol-1.2_csg    0000000002C4151E  Unknown               Unknown  Unknown
smeagol-1.2_csg    0000000002C5FEF5  Unknown               Unknown  Unknown
smeagol-1.2_csg    0000000000EF7CC3  Unknown               Unknown  Unknown
smeagol-1.2_csg    0000000000BDF0DC  Unknown               Unknown  Unknown
smeagol-1.2_csg    000000000040652E  Unknown               Unknown  Unknown
libc-2.17.so       00002B25B05D6555  __libc_start_main     Unknown  Unknown
smeagol-1.2_csg    0000000000406429  Unknown               Unknown  Unknown
forrtl: severe (29): file not found, unit 12346, file /lustre/scratch/mmm1169/work/cp2k-smeagol-examples/au-h2/siesta1-smeago/transmission/1.9/info.out46
Image              PC                Routine            Line        Source             
smeagol-1.2_csg    0000000002C4151E  Unknown               Unknown  Unknown
smeagol-1.2_csg    0000000002C5FEF5  Unknown               Unknown  Unknown
smeagol-1.2_csg    0000000000EF7CC3  Unknown               Unknown  Unknown
smeagol-1.2_csg    0000000000BDF0DC  Unknown               Unknown  Unknown
smeagol-1.2_csg    000000000040652E  Unknown               Unknown  Unknown
libc-2.17.so       00002B2171D25555  __libc_start_main     Unknown  Unknown
smeagol-1.2_csg    0000000000406429  Unknown               Unknown  Unknown
forrtl: severe (29): file not found, unit 12346, file /lustre/scratch/mmm1169/work/cp2k-smeagol-examples/au-h2/siesta1-smeago/transmission/1.9/info.out28
Image              PC                Routine            Line        Source             
smeagol-1.2_csg    0000000002C4151E  Unknown               Unknown  Unknown
smeagol-1.2_csg    0000000002C5FEF5  Unknown               Unknown  Unknown
smeagol-1.2_csg    0000000000EF7CC3  Unknown               Unknown  Unknown
smeagol-1.2_csg    0000000000BDF0DC  Unknown               Unknown  Unknown
smeagol-1.2_csg    000000000040652E  Unknown               Unknown  Unknown
libc-2.17.so       00002AF4D1E1C555  __libc_start_main     Unknown  Unknown
smeagol-1.2_csg    0000000000406429  Unknown               Unknown  Unknown
forrtl: No such file or directory
forrtl: No such file or directory
forrtl: No such file or directory
forrtl: severe (29): file not found, unit 12346, file /lustre/scratch/mmm1169/work/cp2k-smeagol-examples/au-h2/siesta1-smeago/transmission/1.9/info.out52
Image              PC                Routine            Line        Source             
smeagol-1.2_csg    0000000002C4151E  Unknown               Unknown  Unknown
smeagol-1.2_csg    0000000002C5FEF5  Unknown               Unknown  Unknown
smeagol-1.2_csg    0000000000EF7CC3  Unknown               Unknown  Unknown
smeagol-1.2_csg    0000000000BDF0DC  Unknown               Unknown  Unknown
smeagol-1.2_csg    000000000040652E  Unknown               Unknown  Unknown
libc-2.17.so       00002B0D01FB4555  __libc_start_main     Unknown  Unknown
smeagol-1.2_csg    0000000000406429  Unknown               Unknown  Unknown
forrtl: severe (29): file not found, unit 12346, file /lustre/scratch/mmm1169/work/cp2k-smeagol-examples/au-h2/siesta1-smeago/transmission/1.9/info.out62
Image              PC                Routine            Line        Source             
smeagol-1.2_csg    0000000002C4151E  Unknown               Unknown  Unknown
smeagol-1.2_csg    0000000002C5FEF5  Unknown               Unknown  Unknown
smeagol-1.2_csg    0000000000EF7CC3  Unknown               Unknown  Unknown
smeagol-1.2_csg    0000000000BDF0DC  Unknown               Unknown  Unknown
smeagol-1.2_csg    000000000040652E  Unknown               Unknown  Unknown
libc-2.17.so       00002AF53A79E555  __libc_start_main     Unknown  Unknown
smeagol-1.2_csg    0000000000406429  Unknown               Unknown  Unknown
forrtl: severe (29): file not found, unit 12346, file /lustre/scratch/mmm1169/work/cp2k-smeagol-examples/au-h2/siesta1-smeago/transmission/1.9/info.out57
Image              PC                Routine            Line        Source             
smeagol-1.2_csg    0000000002C4151E  Unknown               Unknown  Unknown
smeagol-1.2_csg    0000000002C5FEF5  Unknown               Unknown  Unknown
smeagol-1.2_csg    0000000000EF7CC3  Unknown               Unknown  Unknown
smeagol-1.2_csg    0000000000BDF0DC  Unknown               Unknown  Unknown
smeagol-1.2_csg    000000000040652E  Unknown               Unknown  Unknown
libc-2.17.so       00002B280265B555  __libc_start_main     Unknown  Unknown
smeagol-1.2_csg    0000000000406429  Unknown               Unknown  Unknown
forrtl: No such file or directory
forrtl: No such file or directory
forrtl: No such file or directory
forrtl: No such file or directory
forrtl: severe (29): file not found, unit 12346, file /lustre/scratch/mmm1169/work/cp2k-smeagol-examples/au-h2/siesta1-smeago/transmission/1.9/info.out12
Image              PC                Routine            Line        Source             
smeagol-1.2_csg    0000000002C4151E  Unknown               Unknown  Unknown

Stack trace terminated abnormally.
forrtl: severe (29): file not found, unit 12346, file /lustre/scratch/mmm1169/work/cp2k-smeagol-examples/au-h2/siesta1-smeago/transmission/1.9/info.out17
Image              PC                Routine            Line        Source             
smeagol-1.2_csg    0000000002C4151E  Unknown               Unknown  Unknown

Stack trace terminated abnormally.
forrtl: No such file or directory
forrtl: No such file or directory
forrtl: error (69): process interrupted (SIGINT)
