 @target G0.S0
 @type xy
  -0.9999831E+01      0.2923143E-03
  -0.9975764E+01      0.6398316E-03
  -0.9951697E+01      0.1242603E-02
  -0.9927630E+01      0.2249076E-02
  -0.9903563E+01      0.3900840E-02
  -0.9879496E+01      0.6603079E-02
  -0.9855429E+01      0.1124861E-01
  -0.9831362E+01      0.1983197E-01
  -0.9807295E+01      0.3537663E-01
  -0.9783228E+01      0.6478784E-01
  -0.9759161E+01      0.1236282E+00
  -0.9735094E+01      0.2473659E+00
  -0.9711027E+01      0.4930379E+00
  -0.9686960E+01      0.7850627E+00
  -0.9662893E+01      0.8725470E+00
  -0.9638826E+01      0.7414631E+00
  -0.9614759E+01      0.5593595E+00
  -0.9590692E+01      0.4237748E+00
  -0.9566625E+01      0.3351123E+00
  -0.9542558E+01      0.2771778E+00
  -0.9518491E+01      0.2381986E+00
  -0.9494424E+01      0.2111485E+00
  -0.9470357E+01      0.1919083E+00
  -0.9446290E+01      0.1780043E+00
  -0.9422223E+01      0.1678914E+00
  -0.9398156E+01      0.1617707E+00
  -0.9374089E+01      0.1577998E+00
  -0.9350022E+01      0.1555669E+00
  -0.9325955E+01      0.1548032E+00
  -0.9301888E+01      0.1553301E+00
  -0.9277821E+01      0.1570389E+00
  -0.9253754E+01      0.1639967E+00
  -0.9229687E+01      0.1715934E+00
  -0.9205620E+01      0.1793726E+00
  -0.9181553E+01      0.1880449E+00
  -0.9157486E+01      0.1979367E+00
  -0.9133419E+01      0.2094777E+00
  -0.9109352E+01      0.2321168E+00
  -0.9085285E+01      0.2527478E+00
  -0.9061218E+01      0.2745070E+00
  -0.9037151E+01      0.2983753E+00
  -0.9013084E+01      0.3249281E+00
  -0.8989017E+01      0.3546696E+00
  -0.8964950E+01      0.3880968E+00
  -0.8940883E+01      0.4257138E+00
  -0.8916816E+01      0.4680121E+00
  -0.8892749E+01      0.5154335E+00
  -0.8868682E+01      0.5682897E+00
  -0.8844615E+01      0.6266361E+00
  -0.8820548E+01      0.6900718E+00
  -0.8796481E+01      0.7574420E+00
  -0.8772415E+01      0.8264156E+00
  -0.8748348E+01      0.8929296E+00
  -0.8724281E+01      0.9508320E+00
  -0.8700214E+01      0.9820245E+00
  -0.8676147E+01      0.9863281E+00
  -0.8652080E+01      0.9674927E+00
  -0.8628013E+01      0.9272867E+00
  -0.8603946E+01      0.8700710E+00
  -0.8579879E+01      0.8020475E+00
  -0.8555812E+01      0.7295442E+00
  -0.8531745E+01      0.6576756E+00
  -0.8507678E+01      0.5898955E+00
  -0.8483611E+01      0.5281715E+00
  -0.8459544E+01      0.4733909E+00
  -0.8435477E+01      0.4257706E+00
  -0.8411410E+01      0.3851886E+00
  -0.8387343E+01      0.3514137E+00
  -0.8363276E+01      0.3249509E+00
  -0.8339209E+01      0.3070332E+00
  -0.8315142E+01      0.2962268E+00
  -0.8291075E+01      0.2948515E+00
  -0.8267008E+01      0.3065887E+00
  -0.8242941E+01      0.3383648E+00
  -0.8218874E+01      0.4088893E+00
  -0.8194807E+01      0.5329083E+00
  -0.8170740E+01      0.7422922E+00
  -0.8146673E+01      0.9368106E+00
  -0.8122606E+01      0.8187196E+00
  -0.8098539E+01      0.6965565E+00
  -0.8074472E+01      0.5943325E+00
  -0.8050405E+01      0.5250800E+00
  -0.8026338E+01      0.4681236E+00
  -0.8002271E+01      0.4213961E+00
  -0.7978204E+01      0.3836224E+00
  -0.7954137E+01      0.3534528E+00
  -0.7930070E+01      0.3296326E+00
  -0.7906003E+01      0.3129822E+00
  -0.7881936E+01      0.3006947E+00
  -0.7857869E+01      0.2976549E+00
  -0.7833802E+01      0.3122751E+00
  -0.7809735E+01      0.3222194E+00
  -0.7785668E+01      0.3313114E+00
  -0.7761601E+01      0.3399225E+00
  -0.7737534E+01      0.3485638E+00
  -0.7713467E+01      0.3579787E+00
  -0.7689400E+01      0.3704040E+00
  -0.7665333E+01      0.3979036E+00
  -0.7641266E+01      0.4247905E+00
  -0.7617199E+01      0.4389233E+00
  -0.7593132E+01      0.4628836E+00
  -0.7569065E+01      0.4971881E+00
  -0.7544998E+01      0.5351686E+00
  -0.7520932E+01      0.5972424E+00
  -0.7496865E+01      0.8621777E+00
  -0.7472798E+01      0.1334560E+01
  -0.7448731E+01      0.9444872E+00
  -0.7424664E+01      0.8193602E+00
  -0.7400597E+01      0.7905717E+00
  -0.7376530E+01      0.7853905E+00
  -0.7352463E+01      0.7865120E+00
  -0.7328396E+01      0.7946847E+00
  -0.7304329E+01      0.7825262E+00
  -0.7280262E+01      0.7689320E+00
  -0.7256195E+01      0.7503215E+00
  -0.7232128E+01      0.7241377E+00
  -0.7208061E+01      0.6909521E+00
  -0.7183994E+01      0.6512219E+00
  -0.7159927E+01      0.6066562E+00
  -0.7135860E+01      0.5575446E+00
  -0.7111793E+01      0.5075941E+00
  -0.7087726E+01      0.4563027E+00
  -0.7063659E+01      0.4165925E+00
  -0.7039592E+01      0.3813366E+00
  -0.7015525E+01      0.3405146E+00
  -0.6991458E+01      0.2981414E+00
  -0.6967391E+01      0.2597942E+00
  -0.6943324E+01      0.2551804E+00
  -0.6919257E+01      0.2331830E+00
  -0.6895190E+01      0.2007340E+00
  -0.6871123E+01      0.2176317E+00
  -0.6847056E+01      0.2780294E+00
  -0.6822989E+01      0.3735035E+00
  -0.6798922E+01      0.4270645E+00
  -0.6774855E+01      0.4374094E+00
  -0.6750788E+01      0.4735096E+00
  -0.6726721E+01      0.6145089E+00
  -0.6702654E+01      0.8585920E+00
  -0.6678587E+01      0.1048386E+01
  -0.6654520E+01      0.8656467E+00
  -0.6630453E+01      0.6916747E+00
  -0.6606386E+01      0.6240380E+00
  -0.6582319E+01      0.5903463E+00
  -0.6558252E+01      0.6044849E+00
  -0.6534185E+01      0.6495153E+00
  -0.6510118E+01      0.8400511E+00
  -0.6486051E+01      0.7530610E+00
  -0.6461984E+01      0.6224483E+00
  -0.6437917E+01      0.5518767E+00
  -0.6413850E+01      0.5241602E+00
  -0.6389783E+01      0.5212711E+00
  -0.6365716E+01      0.5283469E+00
  -0.6341649E+01      0.4236250E+00
  -0.6317582E+01      0.4834304E+00
  -0.6293515E+01      0.5573598E+00
  -0.6269449E+01      0.5997853E+00
  -0.6245382E+01      0.5533698E+00
  -0.6221315E+01      0.7060967E+00
  -0.6197248E+01      0.4916256E+00
  -0.6173181E+01      0.5871208E+00
  -0.6149114E+01      0.5799349E+00
  -0.6125047E+01      0.8377624E+00
  -0.6100980E+01      0.6692205E+00
  -0.6076913E+01      0.7368460E+00
  -0.6052846E+01      0.6465321E+00
  -0.6028779E+01      0.6144360E+00
  -0.6004712E+01      0.6959597E+00
  -0.5980645E+01      0.8314084E+00
  -0.5956578E+01      0.7958474E+00
  -0.5932511E+01      0.7748134E+00
  -0.5908444E+01      0.8505030E+00
  -0.5884377E+01      0.9076917E+00
  -0.5860310E+01      0.1015239E+01
  -0.5836243E+01      0.1055623E+01
  -0.5812176E+01      0.1015116E+01
  -0.5788109E+01      0.9227032E+00
  -0.5764042E+01      0.8715259E+00
  -0.5739975E+01      0.8437460E+00
  -0.5715908E+01      0.8264346E+00
  -0.5691841E+01      0.8351259E+00
  -0.5667774E+01      0.8227796E+00
  -0.5643707E+01      0.7862785E+00
  -0.5619640E+01      0.8100010E+00
  -0.5595573E+01      0.1085300E+01
  -0.5571506E+01      0.1121108E+01
  -0.5547439E+01      0.1195907E+01
  -0.5523372E+01      0.1341023E+01
  -0.5499305E+01      0.1168071E+01
  -0.5475238E+01      0.1156720E+01
  -0.5451171E+01      0.1326499E+01
  -0.5427104E+01      0.1239541E+01
  -0.5403037E+01      0.1097538E+01
  -0.5378970E+01      0.1148718E+01
  -0.5354903E+01      0.1266275E+01
  -0.5330836E+01      0.1161391E+01
  -0.5306769E+01      0.1083938E+01
  -0.5282702E+01      0.1283488E+01
  -0.5258635E+01      0.1066344E+01
  -0.5234568E+01      0.9679134E+00
  -0.5210501E+01      0.7010249E+00
  -0.5186434E+01      0.5348559E+00
  -0.5162367E+01      0.5021351E+00
  -0.5138300E+01      0.6557254E+00
  -0.5114233E+01      0.6441816E+00
  -0.5090166E+01      0.7520807E+00
  -0.5066099E+01      0.8382481E+00
  -0.5042032E+01      0.9491071E+00
  -0.5017966E+01      0.1306865E+01
  -0.4993899E+01      0.1138470E+01
  -0.4969832E+01      0.9024671E+00
  -0.4945765E+01      0.9151272E+00
  -0.4921698E+01      0.7866624E+00
  -0.4897631E+01      0.7257003E+00
  -0.4873564E+01      0.7121242E+00
  -0.4849497E+01      0.7089312E+00
  -0.4825430E+01      0.7247627E+00
  -0.4801363E+01      0.7593622E+00
  -0.4777296E+01      0.7614052E+00
  -0.4753229E+01      0.8060411E+00
  -0.4729162E+01      0.8293906E+00
  -0.4705095E+01      0.7936046E+00
  -0.4681028E+01      0.7571319E+00
  -0.4656961E+01      0.6684760E+00
  -0.4632894E+01      0.6337550E+00
  -0.4608827E+01      0.5730354E+00
  -0.4584760E+01      0.5153925E+00
  -0.4560693E+01      0.5071701E+00
  -0.4536626E+01      0.4181901E+00
  -0.4512559E+01      0.3764568E+00
  -0.4488492E+01      0.3644751E+00
  -0.4464425E+01      0.3926161E+00
  -0.4440358E+01      0.4578114E+00
  -0.4416291E+01      0.4196963E+00
  -0.4392224E+01      0.4157580E+00
  -0.4368157E+01      0.4519167E+00
  -0.4344090E+01      0.3993602E+00
  -0.4320023E+01      0.3443616E+00
  -0.4295956E+01      0.3274946E+00
  -0.4271889E+01      0.3254929E+00
  -0.4247822E+01      0.3300847E+00
  -0.4223755E+01      0.3770604E+00
  -0.4199688E+01      0.3406378E+00
  -0.4175621E+01      0.3497332E+00
  -0.4151554E+01      0.3500516E+00
  -0.4127487E+01      0.3590391E+00
  -0.4103420E+01      0.3656241E+00
  -0.4079353E+01      0.3781741E+00
  -0.4055286E+01      0.3754088E+00
  -0.4031219E+01      0.3734173E+00
  -0.4007152E+01      0.3674597E+00
  -0.3983085E+01      0.3576173E+00
  -0.3959018E+01      0.3578831E+00
  -0.3934951E+01      0.3688484E+00
  -0.3910884E+01      0.3882135E+00
  -0.3886817E+01      0.4096004E+00
  -0.3862750E+01      0.4468496E+00
  -0.3838683E+01      0.4725417E+00
  -0.3814616E+01      0.4681795E+00
  -0.3790549E+01      0.4753621E+00
  -0.3766482E+01      0.5027881E+00
  -0.3742416E+01      0.5394867E+00
  -0.3718349E+01      0.5756859E+00
  -0.3694282E+01      0.5801384E+00
  -0.3670215E+01      0.6064491E+00
  -0.3646148E+01      0.6209301E+00
  -0.3622081E+01      0.6332703E+00
  -0.3598014E+01      0.6386091E+00
  -0.3573947E+01      0.6168225E+00
  -0.3549880E+01      0.6157539E+00
  -0.3525813E+01      0.6471629E+00
  -0.3501746E+01      0.7957685E+00
  -0.3477679E+01      0.7527027E+00
  -0.3453612E+01      0.7368540E+00
  -0.3429545E+01      0.7481205E+00
  -0.3405478E+01      0.8030716E+00
  -0.3381411E+01      0.9259807E+00
  -0.3357344E+01      0.9657010E+00
  -0.3333277E+01      0.9528007E+00
  -0.3309210E+01      0.8647798E+00
  -0.3285143E+01      0.8805471E+00
  -0.3261076E+01      0.8738095E+00
  -0.3237009E+01      0.8464376E+00
  -0.3212942E+01      0.7766656E+00
  -0.3188875E+01      0.7965244E+00
  -0.3164808E+01      0.8137455E+00
  -0.3140741E+01      0.8055969E+00
  -0.3116674E+01      0.7889332E+00
  -0.3092607E+01      0.7632231E+00
  -0.3068540E+01      0.7406056E+00
  -0.3044473E+01      0.6814377E+00
  -0.3020406E+01      0.6014334E+00
  -0.2996339E+01      0.5200222E+00
  -0.2972272E+01      0.4929037E+00
  -0.2948205E+01      0.4811862E+00
  -0.2924138E+01      0.4286844E+00
  -0.2900071E+01      0.3942099E+00
  -0.2876004E+01      0.3994638E+00
  -0.2851937E+01      0.3814292E+00
  -0.2827870E+01      0.3220564E+00
  -0.2803803E+01      0.2864891E+00
  -0.2779736E+01      0.2605583E+00
  -0.2755669E+01      0.2559982E+00
  -0.2731602E+01      0.2558743E+00
  -0.2707535E+01      0.2615989E+00
  -0.2683468E+01      0.2722413E+00
  -0.2659401E+01      0.2181207E+00
  -0.2635334E+01      0.2350614E+00
  -0.2611267E+01      0.2165803E+00
  -0.2587200E+01      0.5010806E+00
  -0.2563133E+01      0.1257717E+00
  -0.2539066E+01      0.1280137E+00
  -0.2514999E+01      0.1297090E+00
  -0.2490933E+01      0.1503790E+00
  -0.2466866E+01      0.1471951E+00
  -0.2442799E+01      0.1146645E+00
  -0.2418732E+01      0.1139458E+00
  -0.2394665E+01      0.8157463E-01
  -0.2370598E+01      0.8904772E-01
  -0.2346531E+01      0.1056813E+00
  -0.2322464E+01      0.1489650E+00
  -0.2298397E+01      0.1304254E+00
  -0.2274330E+01      0.1899599E+00
  -0.2250263E+01      0.2464136E+00
  -0.2226196E+01      0.1358764E+00
  -0.2202129E+01      0.1541406E+00
  -0.2178062E+01      0.1704401E+00
  -0.2153995E+01      0.1894154E+00
  -0.2129928E+01      0.2680623E+00
  -0.2105861E+01      0.2128157E+00
  -0.2081794E+01      0.2281780E+00
  -0.2057727E+01      0.2447781E+00
  -0.2033660E+01      0.2635654E+00
  -0.2009593E+01      0.2890242E+00
  -0.1985526E+01      0.2877035E+00
  -0.1961459E+01      0.3247985E+00
  -0.1937392E+01      0.3584513E+00
  -0.1913325E+01      0.3957981E+00
  -0.1889258E+01      0.4363954E+00
  -0.1865191E+01      0.4775598E+00
  -0.1841124E+01      0.5154702E+00
  -0.1817057E+01      0.5470302E+00
  -0.1792990E+01      0.5712790E+00
  -0.1768923E+01      0.5892100E+00
  -0.1744856E+01      0.6025814E+00
  -0.1720789E+01      0.6129734E+00
  -0.1696722E+01      0.6198912E+00
  -0.1672655E+01      0.6210291E+00
  -0.1648588E+01      0.6156147E+00
  -0.1624521E+01      0.6161332E+00
  -0.1600454E+01      0.6171683E+00
  -0.1576387E+01      0.6182778E+00
  -0.1552320E+01      0.6191961E+00
  -0.1528253E+01      0.6195699E+00
  -0.1504186E+01      0.6188661E+00
  -0.1480119E+01      0.6163334E+00
  -0.1456052E+01      0.6110757E+00
  -0.1431985E+01      0.6023095E+00
  -0.1407918E+01      0.5897657E+00
  -0.1383851E+01      0.5740064E+00
  -0.1359784E+01      0.5563436E+00
  -0.1335717E+01      0.5383183E+00
  -0.1311650E+01      0.5210951E+00
  -0.1287583E+01      0.5051323E+00
  -0.1263516E+01      0.4899198E+00
  -0.1239450E+01      0.4813753E+00
  -0.1215383E+01      0.4763276E+00
  -0.1191316E+01      0.4696890E+00
  -0.1167249E+01      0.4621403E+00
  -0.1143182E+01      0.4539758E+00
  -0.1119115E+01      0.4453983E+00
  -0.1095048E+01      0.4365626E+00
  -0.1070981E+01      0.4275842E+00
  -0.1046914E+01      0.4185424E+00
  -0.1022847E+01      0.4094851E+00
  -0.9987797E+00      0.4004339E+00
  -0.9747127E+00      0.3913896E+00
  -0.9506457E+00      0.3823365E+00
  -0.9265788E+00      0.3732347E+00
  -0.9025118E+00      0.3638007E+00
  -0.8784448E+00      0.3543283E+00
  -0.8543778E+00      0.3448452E+00
  -0.8303108E+00      0.3352396E+00
  -0.8062439E+00      0.3254134E+00
  -0.7821769E+00      0.3149266E+00
  -0.7581099E+00      0.3042645E+00
  -0.7340429E+00      0.2951995E+00
  -0.7099759E+00      0.2864123E+00
  -0.6859090E+00      0.2778769E+00
  -0.6618420E+00      0.2695966E+00
  -0.6377750E+00      0.2615813E+00
  -0.6137080E+00      0.2538411E+00
  -0.5896410E+00      0.2463847E+00
  -0.5655740E+00      0.2392175E+00
  -0.5415071E+00      0.2323425E+00
  -0.5174401E+00      0.2257597E+00
  -0.4933731E+00      0.2194664E+00
  -0.4693061E+00      0.2134577E+00
  -0.4452391E+00      0.2077270E+00
  -0.4211722E+00      0.2022661E+00
  -0.3971052E+00      0.1970659E+00
  -0.3730382E+00      0.1921166E+00
  -0.3489712E+00      0.1874078E+00
  -0.3249042E+00      0.1829290E+00
  -0.3008373E+00      0.1786690E+00
  -0.2767703E+00      0.1746166E+00
  -0.2527033E+00      0.1707585E+00
  -0.2286363E+00      0.1670746E+00
  -0.2045693E+00      0.1636861E+00
  -0.1805024E+00      0.1606799E+00
  -0.1564354E+00      0.1577761E+00
  -0.1323684E+00      0.1550044E+00
  -0.1083014E+00      0.1523667E+00
  -0.8423443E-01      0.1498601E+00
  -0.6016745E-01      0.1474796E+00
  -0.3610047E-01      0.1452194E+00
  -0.1203349E-01      0.1430729E+00
   0.1203349E-01      0.1410322E+00
   0.3610047E-01      0.1390877E+00
   0.6016745E-01      0.1372264E+00
   0.8423443E-01      0.1354276E+00
   0.1083014E+00      0.1336486E+00
   0.1323684E+00      0.1317269E+00
   0.1564354E+00      0.1306537E+00
   0.1805024E+00      0.1301380E+00
   0.2045693E+00      0.1296099E+00
   0.2286363E+00      0.1291299E+00
   0.2527033E+00      0.1287158E+00
   0.2767703E+00      0.1283755E+00
   0.3008373E+00      0.1281128E+00
   0.3249042E+00      0.1279298E+00
   0.3489712E+00      0.1278276E+00
   0.3730382E+00      0.1278072E+00
   0.3971052E+00      0.1278690E+00
   0.4211722E+00      0.1280134E+00
   0.4452391E+00      0.1282409E+00
   0.4693061E+00      0.1285517E+00
   0.4933731E+00      0.1289461E+00
   0.5174401E+00      0.1294242E+00
   0.5415071E+00      0.1299860E+00
   0.5655740E+00      0.1306309E+00
   0.5896410E+00      0.1313579E+00
   0.6137080E+00      0.1321646E+00
   0.6377750E+00      0.1330462E+00
   0.6618420E+00      0.1339931E+00
   0.6859090E+00      0.1349837E+00
   0.7099759E+00      0.1359547E+00
   0.7340429E+00      0.1367111E+00
   0.7581099E+00      0.1389365E+00
   0.7821769E+00      0.1411089E+00
   0.8062439E+00      0.1433811E+00
   0.8303108E+00      0.1457868E+00
   0.8543778E+00      0.1483449E+00
   0.8784448E+00      0.1510700E+00
   0.9025118E+00      0.1539758E+00
   0.9265788E+00      0.1570751E+00
   0.9506457E+00      0.1603816E+00
   0.9747127E+00      0.1639100E+00
   0.9987797E+00      0.1676753E+00
   0.1022847E+01      0.1716943E+00
   0.1046914E+01      0.1759848E+00
   0.1070981E+01      0.1805667E+00
   0.1095048E+01      0.1854574E+00
   0.1119115E+01      0.1906824E+00
   0.1143182E+01      0.1962628E+00
   0.1167249E+01      0.2022205E+00
   0.1191316E+01      0.2085717E+00
   0.1215383E+01      0.2153020E+00
   0.1239450E+01      0.2231570E+00
   0.1263516E+01      0.2321368E+00
   0.1287583E+01      0.2415152E+00
   0.1311650E+01      0.2515036E+00
   0.1335717E+01      0.2622023E+00
   0.1359784E+01      0.2736938E+00
   0.1383851E+01      0.2860576E+00
   0.1407918E+01      0.2993785E+00
   0.1431985E+01      0.3137262E+00
   0.1456052E+01      0.3291949E+00
   0.1480119E+01      0.3458597E+00
   0.1504186E+01      0.3637865E+00
   0.1528253E+01      0.3830140E+00
   0.1552320E+01      0.4035078E+00
   0.1576387E+01      0.4250373E+00
   0.1600454E+01      0.4462102E+00
   0.1624521E+01      0.4760219E+00
   0.1648588E+01      0.5121044E+00
   0.1672655E+01      0.5498857E+00
   0.1696722E+01      0.5898702E+00
   0.1720789E+01      0.6319664E+00
   0.1744856E+01      0.6757149E+00
   0.1768923E+01      0.7202279E+00
   0.1792990E+01      0.7640352E+00
   0.1817057E+01      0.8048436E+00
   0.1841124E+01      0.8391173E+00
   0.1865191E+01      0.8609650E+00
   0.1889258E+01      0.8699314E+00
   0.1913325E+01      0.8388433E+00
   0.1937392E+01      0.8616595E+00
   0.1961459E+01      0.8881535E+00
   0.1985526E+01      0.8411765E+00
   0.2009593E+01      0.8210143E+00
   0.2033660E+01      0.7676635E+00
   0.2057727E+01      0.7238456E+00
   0.2081794E+01      0.7304669E+00
   0.2105861E+01      0.7370545E+00
   0.2129928E+01      0.7437534E+00
   0.2153995E+01      0.7500495E+00
   0.2178062E+01      0.7552749E+00
   0.2202129E+01      0.7587232E+00
   0.2226196E+01      0.7594877E+00
   0.2250263E+01      0.7559656E+00
   0.2274330E+01      0.7205254E+00
   0.2298397E+01      0.7534134E+00
   0.2322464E+01      0.7408831E+00
   0.2346531E+01      0.7243058E+00
   0.2370598E+01      0.6963335E+00
   0.2394665E+01      0.6727708E+00
   0.2418732E+01      0.6605412E+00
   0.2442799E+01      0.6488076E+00
   0.2466866E+01      0.6365740E+00
   0.2490933E+01      0.6171348E+00
   0.2514999E+01      0.6319107E+00
   0.2539066E+01      0.6260782E+00
   0.2563133E+01      0.6183698E+00
   0.2587200E+01      0.6092013E+00
   0.2611267E+01      0.4752888E+00
   0.2635334E+01      0.4693146E+00
   0.2659401E+01      0.4623329E+00
   0.2683468E+01      0.4536771E+00
   0.2707535E+01      0.4431466E+00
   0.2731602E+01      0.4317628E+00
   0.2755669E+01      0.4601434E+00
   0.2779736E+01      0.4132871E+00
   0.2803803E+01      0.3978604E+00
   0.2827870E+01      0.3984500E+00
   0.2851937E+01      0.3410494E+00
   0.2876004E+01      0.3360809E+00
   0.2900071E+01      0.4030995E+00
   0.2924138E+01      0.5599509E+00
   0.2948205E+01      0.4746803E+00
   0.2972272E+01      0.5090493E+00
   0.2996339E+01      0.6124862E+00
   0.3020406E+01      0.4422887E+00
   0.3044473E+01      0.3616328E+00
   0.3068540E+01      0.3465001E+00
   0.3092607E+01      0.3588102E+00
   0.3116674E+01      0.4185628E+00
   0.3140741E+01      0.5221557E+00
   0.3164808E+01      0.4678736E+00
   0.3188875E+01      0.3815114E+00
   0.3212942E+01      0.3388136E+00
   0.3237009E+01      0.3154705E+00
   0.3261076E+01      0.2991576E+00
   0.3285143E+01      0.2854871E+00
   0.3309210E+01      0.2731161E+00
   0.3333277E+01      0.2618340E+00
   0.3357344E+01      0.2517550E+00
   0.3381411E+01      0.2453595E+00
   0.3405478E+01      0.2414928E+00
   0.3429545E+01      0.2401305E+00
   0.3453612E+01      0.2425705E+00
   0.3477679E+01      0.2524027E+00
   0.3501746E+01      0.2795227E+00
   0.3525813E+01      0.3292883E+00
   0.3549880E+01      0.3018062E+00
   0.3573947E+01      0.2463189E+00
   0.3598014E+01      0.2270278E+00
   0.3622081E+01      0.2251989E+00
   0.3646148E+01      0.2402574E+00
   0.3670215E+01      0.3533417E+00
   0.3694282E+01      0.3203667E+00
   0.3718349E+01      0.2860320E+00
   0.3742416E+01      0.3075160E+00
   0.3766482E+01      0.2807470E+00
   0.3790549E+01      0.2320646E+00
   0.3814616E+01      0.2034641E+00
   0.3838683E+01      0.1892253E+00
   0.3862750E+01      0.1818380E+00
   0.3886817E+01      0.1778292E+00
   0.3910884E+01      0.1755920E+00
   0.3934951E+01      0.1746759E+00
   0.3959018E+01      0.1756343E+00
   0.3983085E+01      0.1666027E+00
   0.4007152E+01      0.1544968E+00
   0.4031219E+01      0.1443726E+00
   0.4055286E+01      0.1369030E+00
   0.4079353E+01      0.1334554E+00
   0.4103420E+01      0.1353166E+00
   0.4127487E+01      0.1426843E+00
   0.4151554E+01      0.1537375E+00
   0.4175621E+01      0.1665864E+00
   0.4199688E+01      0.1843453E+00
   0.4223755E+01      0.2173700E+00
   0.4247822E+01      0.2139895E+00
   0.4271889E+01      0.3366822E+00
   0.4295956E+01      0.3706684E+00
   0.4320023E+01      0.2603261E+00
   0.4344090E+01      0.1664705E+00
   0.4368157E+01      0.1104525E+00
   0.4392224E+01      0.8178126E-01
   0.4416291E+01      0.6434293E-01
   0.4440358E+01      0.5185853E-01
   0.4464425E+01      0.4188714E-01
   0.4488492E+01      0.3322357E-01
   0.4512559E+01      0.2510811E-01
   0.4536626E+01      0.2287271E-01
   0.4560693E+01      0.2240520E-01
   0.4584760E+01      0.2392290E-01
   0.4608827E+01      0.2953773E-01
   0.4632894E+01      0.9391374E-24
   0.4656961E+01      0.2285324E-25
   0.4681028E+01      0.3925050E-25
   0.4705095E+01      0.6573473E-26
   0.4729162E+01      0.1734353E-26
   0.4753229E+01      0.5404983E-27
   0.4777296E+01      0.2422878E-27
   0.4801363E+01      0.2015117E-27
   0.4825430E+01      0.1195382E-27
   0.4849497E+01      0.4899306E-28
   0.4873564E+01      0.1337899E-28
   0.4897631E+01      0.1488828E-28
   0.4921698E+01      0.4173185E-29
   0.4945765E+01      0.4376200E-29
   0.4969832E+01      0.5214429E-29
   0.4993899E+01      0.1747404E-29
   0.5017966E+01      0.8454371E-29
   0.5042032E+01      0.5275887E-29
   0.5066099E+01      0.6892425E-30
   0.5090166E+01      0.2449507E-29
   0.5114233E+01      0.3393965E-29
   0.5138300E+01      0.9431833E-30
   0.5162367E+01      0.5088358E-29
   0.5186434E+01      0.1083020E-29
   0.5210501E+01      0.1917208E-29
   0.5234568E+01      0.1897607E-29
   0.5258635E+01      0.2626294E-29
   0.5282702E+01      0.1327760E-29
   0.5306769E+01      0.1653156E-29
   0.5330836E+01      0.1715718E-29
   0.5354903E+01      0.1197270E-29
   0.5378970E+01      0.5732486E-30
   0.5403037E+01      0.4582957E-30
   0.5427104E+01      0.7267567E-30
   0.5451171E+01      0.2783774E-30
   0.5475238E+01      0.1693602E-29
   0.5499305E+01      0.7939442E-30
   0.5523372E+01      0.3474028E-30
   0.5547439E+01      0.2801321E-30
   0.5571506E+01      0.2483971E-30
   0.5595573E+01      0.3058963E-30
   0.5619640E+01      0.6872367E-30
   0.5643707E+01      0.1619830E-30
   0.5667774E+01      0.1628186E-30
   0.5691841E+01      0.3435001E-30
   0.5715908E+01      0.6343083E-30
   0.5739975E+01      0.7557850E-30
   0.5764042E+01      0.6293847E-30
   0.5788109E+01      0.5790972E-30
   0.5812176E+01      0.3894649E-30
   0.5836243E+01      0.1010980E-29
   0.5860310E+01      0.8002072E-30
   0.5884377E+01      0.3510872E-30
   0.5908444E+01      0.1622479E-29
   0.5932511E+01      0.3243941E-30
   0.5956578E+01      0.2980989E-30
   0.5980645E+01      0.2716334E-30
   0.6004712E+01      0.6318193E-30
   0.6028779E+01      0.7374954E-30
   0.6052846E+01      0.1642505E-29
   0.6076913E+01      0.1813822E-29
   0.6100980E+01      0.1153385E-29
   0.6125047E+01      0.1379173E-29
   0.6149114E+01      0.2200525E-29
   0.6173181E+01      0.1494199E-29
   0.6197248E+01      0.2208334E-29
   0.6221315E+01      0.7369459E-29
   0.6245382E+01      0.5630794E-28
   0.6269449E+01      0.4064720E-28
   0.6293515E+01      0.4610013E-28
   0.6317582E+01      0.8527350E-29
   0.6341649E+01      0.2564376E-29
   0.6365716E+01      0.5687618E-31
   0.6389783E+01      0.4955793E-29
   0.6413850E+01      0.7089892E-30
   0.6437917E+01      0.2540910E-30
   0.6461984E+01      0.2264728E-30
   0.6486051E+01      0.7152987E-31
   0.6510118E+01      0.2685643E-30
   0.6534185E+01      0.2427034E-30
   0.6558252E+01      0.2915744E-31
   0.6582319E+01      0.1920812E-30
   0.6606386E+01      0.7576159E-31
   0.6630453E+01      0.9105179E-31
   0.6654520E+01      0.8795101E-31
   0.6678587E+01      0.1753089E-30
   0.6702654E+01      0.1176789E-30
   0.6726721E+01      0.6788281E-31
   0.6750788E+01      0.9508120E-31
   0.6774855E+01      0.4221032E-31
   0.6798922E+01      0.4555324E-31
   0.6822989E+01      0.4695325E-31
   0.6847056E+01      0.8282126E-31
   0.6871123E+01      0.1968164E-31
   0.6895190E+01      0.1422842E-30
   0.6919257E+01      0.1732069E-30
   0.6943324E+01      0.2133271E-30
   0.6967391E+01      0.3625258E-30
   0.6991458E+01      0.5110992E-31
   0.7015525E+01      0.6605727E-31
   0.7039592E+01      0.1233928E-30
   0.7063659E+01      0.3493425E-31
   0.7087726E+01      0.2793902E-29
   0.7111793E+01      0.7171762E-30
   0.7135860E+01      0.6425763E-30
   0.7159927E+01      0.1917239E-29
   0.7183994E+01      0.9371376E-29
   0.7208061E+01      0.1155203E-28
   0.7232128E+01      0.3731377E-29
   0.7256195E+01      0.2153870E-29
   0.7280262E+01      0.4394885E-29
   0.7304329E+01      0.1759528E-30
   0.7328396E+01      0.1520709E-27
   0.7352463E+01      0.2998439E-30
   0.7376530E+01      0.2502817E-30
   0.7400597E+01      0.2615168E-29
   0.7424664E+01      0.4028159E-30
   0.7448731E+01      0.2048213E-30
   0.7472798E+01      0.9470302E-31
   0.7496865E+01      0.1836839E-30
   0.7520932E+01      0.8216082E-31
   0.7544998E+01      0.1848297E-30
   0.7569065E+01      0.1551737E-30
   0.7593132E+01      0.2379167E-30
   0.7617199E+01      0.1786380E-30
   0.7641266E+01      0.1161257E-30
   0.7665333E+01      0.3072399E-30
   0.7689400E+01      0.3098416E-30
   0.7713467E+01      0.1984107E-30
   0.7737534E+01      0.1166751E-31
   0.7761601E+01      0.1292129E-30
   0.7785668E+01      0.1166763E-30
   0.7809735E+01      0.3010551E-31
   0.7833802E+01      0.2376320E-30
   0.7857869E+01      0.3082174E-30
   0.7881936E+01      0.4652906E-30
   0.7906003E+01      0.3598874E-28
   0.7930070E+01      0.3613131E-29
   0.7954137E+01      0.1225039E-29
   0.7978204E+01      0.8182797E-30
   0.8002271E+01      0.9661889E-30
   0.8026338E+01      0.3536602E-29
   0.8050405E+01      0.4109704E-28
   0.8074472E+01      0.6325584E-30
   0.8098539E+01      0.1332401E-30
   0.8122606E+01      0.5781875E-30
   0.8146673E+01      0.2674554E-30
   0.8170740E+01      0.1119188E-29
   0.8194807E+01      0.7067205E-30
   0.8218874E+01      0.5849971E-31
   0.8242941E+01      0.9235370E-30
   0.8267008E+01      0.4856100E-31
   0.8291075E+01      0.1044234E-29
   0.8315142E+01      0.2169663E-30
   0.8339209E+01      0.1339586E-29
   0.8363276E+01      0.1689246E-29
   0.8387343E+01      0.3402353E-30
   0.8411410E+01      0.3878835E-30
   0.8435477E+01      0.1554640E-29
   0.8459544E+01      0.5041516E-29
   0.8483611E+01      0.1288623E-28
   0.8507678E+01      0.2215281E-27
   0.8531745E+01      0.1482413E-28
   0.8555812E+01      0.6422837E-29
   0.8579879E+01      0.1640886E-29
   0.8603946E+01      0.5989912E-30
   0.8628013E+01      0.9411473E-30
   0.8652080E+01      0.6366544E-30
   0.8676147E+01      0.1488981E-29
   0.8700214E+01      0.7548101E-30
   0.8724281E+01      0.6722993E-30
   0.8748348E+01      0.1168098E-29
   0.8772415E+01      0.1455590E-29
   0.8796481E+01      0.5900801E-29
   0.8820548E+01      0.3702875E-28
   0.8844615E+01      0.1063446E-27
   0.8868682E+01      0.2321192E-28
   0.8892749E+01      0.2989804E-29
   0.8916816E+01      0.1646750E-29
   0.8940883E+01      0.1542100E-29
   0.8964950E+01      0.2443338E-30
   0.8989017E+01      0.3995835E-30
   0.9013084E+01      0.9548459E-31
   0.9037151E+01      0.1376864E-30
   0.9061218E+01      0.1236588E-30
   0.9085285E+01      0.4271440E-31
   0.9109352E+01      0.3190922E-31
   0.9133419E+01      0.2883600E-28
   0.9157486E+01      0.3915194E-29
   0.9181553E+01      0.1118223E-29
   0.9205620E+01      0.1700273E-32
   0.9229687E+01      0.7238501E-31
   0.9253754E+01      0.1667368E-31
   0.9277821E+01      0.1138066E-31
   0.9301888E+01      0.1229142E-30
   0.9325955E+01      0.1751220E-31
   0.9350022E+01      0.5973940E-32
   0.9374089E+01      0.1474889E-31
   0.9398156E+01      0.1587405E-31
   0.9422223E+01      0.3269747E-31
   0.9446290E+01      0.6864930E-31
   0.9470357E+01      0.1430670E-31
   0.9494424E+01      0.2176135E-30
   0.9518491E+01      0.1239514E-30
   0.9542558E+01      0.1037095E-30
   0.9566625E+01      0.3296501E-31
   0.9590692E+01      0.5074097E-30
   0.9614759E+01      0.3515582E-30
   0.9638826E+01      0.1747420E-29
   0.9662893E+01      0.4493063E-29
   0.9686960E+01      0.9222042E-29
   0.9711027E+01      0.1487915E-29
   0.9735094E+01      0.6012477E-29
   0.9759161E+01      0.3810358E-28
   0.9783228E+01      0.7785308E-30
   0.9807295E+01      0.3562046E-30
   0.9831362E+01      0.7778272E-30
   0.9855429E+01      0.5057773E-28
   0.9879496E+01      0.3781807E-30
   0.9903563E+01      0.3515769E-28
   0.9927630E+01      0.5481698E-29
   0.9951697E+01      0.4500292E-27
   0.9975764E+01      0.3630437E-28
   0.9999831E+01      0.2824632E-29
 &
 @autoscale
 @target G1.S0
