 @target G1.S2
 @type xy
  -0.9999831E+01      0.8125000E+00
  -0.9975764E+01      0.8125000E+00
  -0.9951697E+01      0.8125000E+00
  -0.9927630E+01      0.8125000E+00
  -0.9903563E+01      0.8125000E+00
  -0.9879496E+01      0.8125000E+00
  -0.9855429E+01      0.1312500E+01
  -0.9831362E+01      0.1312500E+01
  -0.9807295E+01      0.1312500E+01
  -0.9783228E+01      0.1312500E+01
  -0.9759161E+01      0.1312500E+01
  -0.9735094E+01      0.1312500E+01
  -0.9711027E+01      0.1312500E+01
  -0.9686960E+01      0.1312500E+01
  -0.9662893E+01      0.1312500E+01
  -0.9638826E+01      0.1312500E+01
  -0.9614759E+01      0.1312500E+01
  -0.9590692E+01      0.1312500E+01
  -0.9566625E+01      0.1312500E+01
  -0.9542558E+01      0.1312500E+01
  -0.9518491E+01      0.1312500E+01
  -0.9494424E+01      0.1312500E+01
  -0.9470357E+01      0.1312500E+01
  -0.9446290E+01      0.1312500E+01
  -0.9422223E+01      0.1312500E+01
  -0.9398156E+01      0.1562500E+01
  -0.9374089E+01      0.1562500E+01
  -0.9350022E+01      0.1562500E+01
  -0.9325955E+01      0.1562500E+01
  -0.9301888E+01      0.1562500E+01
  -0.9277821E+01      0.1562500E+01
  -0.9253754E+01      0.1812500E+01
  -0.9229687E+01      0.1812500E+01
  -0.9205620E+01      0.1812500E+01
  -0.9181553E+01      0.1812500E+01
  -0.9157486E+01      0.1812500E+01
  -0.9133419E+01      0.1812500E+01
  -0.9109352E+01      0.2312500E+01
  -0.9085285E+01      0.2312500E+01
  -0.9061218E+01      0.2312500E+01
  -0.9037151E+01      0.2312500E+01
  -0.9013084E+01      0.2312500E+01
  -0.8989017E+01      0.2312500E+01
  -0.8964950E+01      0.2312500E+01
  -0.8940883E+01      0.2312500E+01
  -0.8916816E+01      0.2312500E+01
  -0.8892749E+01      0.2312500E+01
  -0.8868682E+01      0.2312500E+01
  -0.8844615E+01      0.2312500E+01
  -0.8820548E+01      0.2312500E+01
  -0.8796481E+01      0.2312500E+01
  -0.8772415E+01      0.2312500E+01
  -0.8748348E+01      0.2312500E+01
  -0.8724281E+01      0.2312500E+01
  -0.8700214E+01      0.2812500E+01
  -0.8676147E+01      0.2812500E+01
  -0.8652080E+01      0.2812500E+01
  -0.8628013E+01      0.2812500E+01
  -0.8603946E+01      0.2812500E+01
  -0.8579879E+01      0.2812500E+01
  -0.8555812E+01      0.2812500E+01
  -0.8531745E+01      0.2812500E+01
  -0.8507678E+01      0.2812500E+01
  -0.8483611E+01      0.2812500E+01
  -0.8459544E+01      0.2812500E+01
  -0.8435477E+01      0.2812500E+01
  -0.8411410E+01      0.2812500E+01
  -0.8387343E+01      0.2812500E+01
  -0.8363276E+01      0.3062500E+01
  -0.8339209E+01      0.3062500E+01
  -0.8315142E+01      0.3062500E+01
  -0.8291075E+01      0.3062500E+01
  -0.8267008E+01      0.3062500E+01
  -0.8242941E+01      0.3062500E+01
  -0.8218874E+01      0.3562500E+01
  -0.8194807E+01      0.3562500E+01
  -0.8170740E+01      0.3562500E+01
  -0.8146673E+01      0.3562500E+01
  -0.8122606E+01      0.3562500E+01
  -0.8098539E+01      0.4062500E+01
  -0.8074472E+01      0.3812500E+01
  -0.8050405E+01      0.3812500E+01
  -0.8026338E+01      0.3812500E+01
  -0.8002271E+01      0.3812500E+01
  -0.7978204E+01      0.3812500E+01
  -0.7954137E+01      0.3812500E+01
  -0.7930070E+01      0.3812500E+01
  -0.7906003E+01      0.4062500E+01
  -0.7881936E+01      0.4062500E+01
  -0.7857869E+01      0.5062500E+01
  -0.7833802E+01      0.5562500E+01
  -0.7809735E+01      0.5562500E+01
  -0.7785668E+01      0.5562500E+01
  -0.7761601E+01      0.5562500E+01
  -0.7737534E+01      0.5562500E+01
  -0.7713467E+01      0.5562500E+01
  -0.7689400E+01      0.5562500E+01
  -0.7665333E+01      0.5562500E+01
  -0.7641266E+01      0.5812500E+01
  -0.7617199E+01      0.6312500E+01
  -0.7593132E+01      0.6312500E+01
  -0.7569065E+01      0.6500000E+01
  -0.7544998E+01      0.6500000E+01
  -0.7520932E+01      0.6750000E+01
  -0.7496865E+01      0.7250000E+01
  -0.7472798E+01      0.7375000E+01
  -0.7448731E+01      0.7875000E+01
  -0.7424664E+01      0.7875000E+01
  -0.7400597E+01      0.8375000E+01
  -0.7376530E+01      0.8375000E+01
  -0.7352463E+01      0.8375000E+01
  -0.7328396E+01      0.8625000E+01
  -0.7304329E+01      0.8125000E+01
  -0.7280262E+01      0.9125000E+01
  -0.7256195E+01      0.9125000E+01
  -0.7232128E+01      0.9125000E+01
  -0.7208061E+01      0.8625000E+01
  -0.7183994E+01      0.8625000E+01
  -0.7159927E+01      0.8625000E+01
  -0.7135860E+01      0.8812500E+01
  -0.7111793E+01      0.8812500E+01
  -0.7087726E+01      0.8312500E+01
  -0.7063659E+01      0.9062500E+01
  -0.7039592E+01      0.1006250E+02
  -0.7015525E+01      0.1106250E+02
  -0.6991458E+01      0.1056250E+02
  -0.6967391E+01      0.1206250E+02
  -0.6943324E+01      0.1106250E+02
  -0.6919257E+01      0.1131250E+02
  -0.6895190E+01      0.1056250E+02
  -0.6871123E+01      0.1031250E+02
  -0.6847056E+01      0.1031250E+02
  -0.6822989E+01      0.9812500E+01
  -0.6798922E+01      0.1031250E+02
  -0.6774855E+01      0.1031250E+02
  -0.6750788E+01      0.1006250E+02
  -0.6726721E+01      0.1006250E+02
  -0.6702654E+01      0.1056250E+02
  -0.6678587E+01      0.1056250E+02
  -0.6654520E+01      0.1106250E+02
  -0.6630453E+01      0.1106250E+02
  -0.6606386E+01      0.1156250E+02
  -0.6582319E+01      0.1181250E+02
  -0.6558252E+01      0.1181250E+02
  -0.6534185E+01      0.1031250E+02
  -0.6510118E+01      0.1156250E+02
  -0.6486051E+01      0.1156250E+02
  -0.6461984E+01      0.1106250E+02
  -0.6437917E+01      0.1106250E+02
  -0.6413850E+01      0.1106250E+02
  -0.6389783E+01      0.1106250E+02
  -0.6365716E+01      0.1056250E+02
  -0.6341649E+01      0.1006250E+02
  -0.6317582E+01      0.9062500E+01
  -0.6293515E+01      0.9062500E+01
  -0.6269449E+01      0.9687500E+01
  -0.6245382E+01      0.9187500E+01
  -0.6221315E+01      0.8687500E+01
  -0.6197248E+01      0.8937500E+01
  -0.6173181E+01      0.9187500E+01
  -0.6149114E+01      0.9937500E+01
  -0.6125047E+01      0.9437500E+01
  -0.6100980E+01      0.8937500E+01
  -0.6076913E+01      0.7937500E+01
  -0.6052846E+01      0.8187500E+01
  -0.6028779E+01      0.8687500E+01
  -0.6004712E+01      0.9687500E+01
  -0.5980645E+01      0.1068750E+02
  -0.5956578E+01      0.1068750E+02
  -0.5932511E+01      0.1018750E+02
  -0.5908444E+01      0.1018750E+02
  -0.5884377E+01      0.1318750E+02
  -0.5860310E+01      0.1318750E+02
  -0.5836243E+01      0.1218750E+02
  -0.5812176E+01      0.1243750E+02
  -0.5788109E+01      0.1143750E+02
  -0.5764042E+01      0.1293750E+02
  -0.5739975E+01      0.1293750E+02
  -0.5715908E+01      0.1343750E+02
  -0.5691841E+01      0.1493750E+02
  -0.5667774E+01      0.1368750E+02
  -0.5643707E+01      0.1318750E+02
  -0.5619640E+01      0.1318750E+02
  -0.5595573E+01      0.1568750E+02
  -0.5571506E+01      0.1568750E+02
  -0.5547439E+01      0.1518750E+02
  -0.5523372E+01      0.1493750E+02
  -0.5499305E+01      0.1368750E+02
  -0.5475238E+01      0.1368750E+02
  -0.5451171E+01      0.1393750E+02
  -0.5427104E+01      0.1443750E+02
  -0.5403037E+01      0.1243750E+02
  -0.5378970E+01      0.1343750E+02
  -0.5354903E+01      0.1293750E+02
  -0.5330836E+01      0.1193750E+02
  -0.5306769E+01      0.1143750E+02
  -0.5282702E+01      0.1218750E+02
  -0.5258635E+01      0.1168750E+02
  -0.5234568E+01      0.1143750E+02
  -0.5210501E+01      0.1143750E+02
  -0.5186434E+01      0.1293750E+02
  -0.5162367E+01      0.1243750E+02
  -0.5138300E+01      0.1293750E+02
  -0.5114233E+01      0.1493750E+02
  -0.5090166E+01      0.1450000E+02
  -0.5066099E+01      0.1550000E+02
  -0.5042032E+01      0.1650000E+02
  -0.5017966E+01      0.1700000E+02
  -0.4993899E+01      0.1675000E+02
  -0.4969832E+01      0.1575000E+02
  -0.4945765E+01      0.1600000E+02
  -0.4921698E+01      0.1700000E+02
  -0.4897631E+01      0.1800000E+02
  -0.4873564E+01      0.1950000E+02
  -0.4849497E+01      0.2050000E+02
  -0.4825430E+01      0.2100000E+02
  -0.4801363E+01      0.2050000E+02
  -0.4777296E+01      0.2150000E+02
  -0.4753229E+01      0.2075000E+02
  -0.4729162E+01      0.1875000E+02
  -0.4705095E+01      0.1825000E+02
  -0.4681028E+01      0.1925000E+02
  -0.4656961E+01      0.1900000E+02
  -0.4632894E+01      0.2000000E+02
  -0.4608827E+01      0.2100000E+02
  -0.4584760E+01      0.2050000E+02
  -0.4560693E+01      0.1900000E+02
  -0.4536626E+01      0.1900000E+02
  -0.4512559E+01      0.1912500E+02
  -0.4488492E+01      0.1937500E+02
  -0.4464425E+01      0.1937500E+02
  -0.4440358E+01      0.1837500E+02
  -0.4416291E+01      0.1787500E+02
  -0.4392224E+01      0.1737500E+02
  -0.4368157E+01      0.1587500E+02
  -0.4344090E+01      0.1537500E+02
  -0.4320023E+01      0.1562500E+02
  -0.4295956E+01      0.1562500E+02
  -0.4271889E+01      0.1512500E+02
  -0.4247822E+01      0.1512500E+02
  -0.4223755E+01      0.1537500E+02
  -0.4199688E+01      0.1762500E+02
  -0.4175621E+01      0.1887500E+02
  -0.4151554E+01      0.1987500E+02
  -0.4127487E+01      0.2087500E+02
  -0.4103420E+01      0.2037500E+02
  -0.4079353E+01      0.2087500E+02
  -0.4055286E+01      0.2087500E+02
  -0.4031219E+01      0.2037500E+02
  -0.4007152E+01      0.2037500E+02
  -0.3983085E+01      0.2062500E+02
  -0.3959018E+01      0.2112500E+02
  -0.3934951E+01      0.2112500E+02
  -0.3910884E+01      0.2112500E+02
  -0.3886817E+01      0.2187500E+02
  -0.3862750E+01      0.2137500E+02
  -0.3838683E+01      0.2112500E+02
  -0.3814616E+01      0.2162500E+02
  -0.3790549E+01      0.2250000E+02
  -0.3766482E+01      0.2200000E+02
  -0.3742416E+01      0.2300000E+02
  -0.3718349E+01      0.2325000E+02
  -0.3694282E+01      0.2300000E+02
  -0.3670215E+01      0.2200000E+02
  -0.3646148E+01      0.2100000E+02
  -0.3622081E+01      0.2100000E+02
  -0.3598014E+01      0.2025000E+02
  -0.3573947E+01      0.1975000E+02
  -0.3549880E+01      0.1975000E+02
  -0.3525813E+01      0.2025000E+02
  -0.3501746E+01      0.2025000E+02
  -0.3477679E+01      0.2025000E+02
  -0.3453612E+01      0.2050000E+02
  -0.3429545E+01      0.2000000E+02
  -0.3405478E+01      0.1900000E+02
  -0.3381411E+01      0.2000000E+02
  -0.3357344E+01      0.2000000E+02
  -0.3333277E+01      0.1850000E+02
  -0.3309210E+01      0.1775000E+02
  -0.3285143E+01      0.1775000E+02
  -0.3261076E+01      0.1825000E+02
  -0.3237009E+01      0.1825000E+02
  -0.3212942E+01      0.1825000E+02
  -0.3188875E+01      0.1825000E+02
  -0.3164808E+01      0.1875000E+02
  -0.3140741E+01      0.1825000E+02
  -0.3116674E+01      0.1825000E+02
  -0.3092607E+01      0.1825000E+02
  -0.3068540E+01      0.1800000E+02
  -0.3044473E+01      0.1800000E+02
  -0.3020406E+01      0.1925000E+02
  -0.2996339E+01      0.1925000E+02
  -0.2972272E+01      0.1875000E+02
  -0.2948205E+01      0.1925000E+02
  -0.2924138E+01      0.1925000E+02
  -0.2900071E+01      0.2025000E+02
  -0.2876004E+01      0.2025000E+02
  -0.2851937E+01      0.1900000E+02
  -0.2827870E+01      0.1900000E+02
  -0.2803803E+01      0.1900000E+02
  -0.2779736E+01      0.1850000E+02
  -0.2755669E+01      0.1900000E+02
  -0.2731602E+01      0.1875000E+02
  -0.2707535E+01      0.2025000E+02
  -0.2683468E+01      0.2025000E+02
  -0.2659401E+01      0.1975000E+02
  -0.2635334E+01      0.2025000E+02
  -0.2611267E+01      0.1975000E+02
  -0.2587200E+01      0.1875000E+02
  -0.2563133E+01      0.1825000E+02
  -0.2539066E+01      0.1950000E+02
  -0.2514999E+01      0.1925000E+02
  -0.2490933E+01      0.1875000E+02
  -0.2466866E+01      0.1756250E+02
  -0.2442799E+01      0.1606250E+02
  -0.2418732E+01      0.1456250E+02
  -0.2394665E+01      0.1306250E+02
  -0.2370598E+01      0.1306250E+02
  -0.2346531E+01      0.1031250E+02
  -0.2322464E+01      0.1031250E+02
  -0.2298397E+01      0.1031250E+02
  -0.2274330E+01      0.8312500E+01
  -0.2250263E+01      0.7312500E+01
  -0.2226196E+01      0.7062500E+01
  -0.2202129E+01      0.7062500E+01
  -0.2178062E+01      0.7062500E+01
  -0.2153995E+01      0.7062500E+01
  -0.2129928E+01      0.7062500E+01
  -0.2105861E+01      0.5062500E+01
  -0.2081794E+01      0.5312500E+01
  -0.2057727E+01      0.5312500E+01
  -0.2033660E+01      0.5312500E+01
  -0.2009593E+01      0.5312500E+01
  -0.1985526E+01      0.5312500E+01
  -0.1961459E+01      0.5312500E+01
  -0.1937392E+01      0.5312500E+01
  -0.1913325E+01      0.5312500E+01
  -0.1889258E+01      0.5312500E+01
  -0.1865191E+01      0.5312500E+01
  -0.1841124E+01      0.5312500E+01
  -0.1817057E+01      0.5312500E+01
  -0.1792990E+01      0.5312500E+01
  -0.1768923E+01      0.5312500E+01
  -0.1744856E+01      0.5312500E+01
  -0.1720789E+01      0.5312500E+01
  -0.1696722E+01      0.5812500E+01
  -0.1672655E+01      0.5812500E+01
  -0.1648588E+01      0.6312500E+01
  -0.1624521E+01      0.6312500E+01
  -0.1600454E+01      0.6312500E+01
  -0.1576387E+01      0.6312500E+01
  -0.1552320E+01      0.6312500E+01
  -0.1528253E+01      0.6312500E+01
  -0.1504186E+01      0.6312500E+01
  -0.1480119E+01      0.6312500E+01
  -0.1456052E+01      0.6312500E+01
  -0.1431985E+01      0.6312500E+01
  -0.1407918E+01      0.6312500E+01
  -0.1383851E+01      0.6312500E+01
  -0.1359784E+01      0.6312500E+01
  -0.1335717E+01      0.6312500E+01
  -0.1311650E+01      0.6312500E+01
  -0.1287583E+01      0.6312500E+01
  -0.1263516E+01      0.6312500E+01
  -0.1239450E+01      0.6812500E+01
  -0.1215383E+01      0.6812500E+01
  -0.1191316E+01      0.6812500E+01
  -0.1167249E+01      0.6812500E+01
  -0.1143182E+01      0.6812500E+01
  -0.1119115E+01      0.6812500E+01
  -0.1095048E+01      0.6812500E+01
  -0.1070981E+01      0.6812500E+01
  -0.1046914E+01      0.6812500E+01
  -0.1022847E+01      0.6812500E+01
  -0.9987797E+00      0.6812500E+01
  -0.9747127E+00      0.6812500E+01
  -0.9506457E+00      0.6812500E+01
  -0.9265788E+00      0.6812500E+01
  -0.9025118E+00      0.7062500E+01
  -0.8784448E+00      0.7062500E+01
  -0.8543778E+00      0.7062500E+01
  -0.8303108E+00      0.7062500E+01
  -0.8062439E+00      0.7062500E+01
  -0.7821769E+00      0.7062500E+01
  -0.7581099E+00      0.7562500E+01
  -0.7340429E+00      0.7562500E+01
  -0.7099759E+00      0.7562500E+01
  -0.6859090E+00      0.7562500E+01
  -0.6618420E+00      0.7562500E+01
  -0.6377750E+00      0.7562500E+01
  -0.6137080E+00      0.7562500E+01
  -0.5896410E+00      0.7562500E+01
  -0.5655740E+00      0.7562500E+01
  -0.5415071E+00      0.7562500E+01
  -0.5174401E+00      0.7562500E+01
  -0.4933731E+00      0.7562500E+01
  -0.4693061E+00      0.7562500E+01
  -0.4452391E+00      0.7562500E+01
  -0.4211722E+00      0.7562500E+01
  -0.3971052E+00      0.7562500E+01
  -0.3730382E+00      0.7562500E+01
  -0.3489712E+00      0.7562500E+01
  -0.3249042E+00      0.7562500E+01
  -0.3008373E+00      0.7562500E+01
  -0.2767703E+00      0.7562500E+01
  -0.2527033E+00      0.7562500E+01
  -0.2286363E+00      0.7562500E+01
  -0.2045693E+00      0.8062500E+01
  -0.1805024E+00      0.8062500E+01
  -0.1564354E+00      0.8062500E+01
  -0.1323684E+00      0.8062500E+01
  -0.1083014E+00      0.8062500E+01
  -0.8423443E-01      0.8062500E+01
  -0.6016745E-01      0.8062500E+01
  -0.3610047E-01      0.8062500E+01
  -0.1203349E-01      0.8062500E+01
   0.1203349E-01      0.8062500E+01
   0.3610047E-01      0.8062500E+01
   0.6016745E-01      0.8062500E+01
   0.8423443E-01      0.8062500E+01
   0.1083014E+00      0.8062500E+01
   0.1323684E+00      0.8062500E+01
   0.1564354E+00      0.8562500E+01
   0.1805024E+00      0.8562500E+01
   0.2045693E+00      0.8562500E+01
   0.2286363E+00      0.8562500E+01
   0.2527033E+00      0.8562500E+01
   0.2767703E+00      0.8562500E+01
   0.3008373E+00      0.8562500E+01
   0.3249042E+00      0.8562500E+01
   0.3489712E+00      0.8562500E+01
   0.3730382E+00      0.8562500E+01
   0.3971052E+00      0.8562500E+01
   0.4211722E+00      0.8562500E+01
   0.4452391E+00      0.8562500E+01
   0.4693061E+00      0.8562500E+01
   0.4933731E+00      0.8562500E+01
   0.5174401E+00      0.8562500E+01
   0.5415071E+00      0.8562500E+01
   0.5655740E+00      0.8562500E+01
   0.5896410E+00      0.8562500E+01
   0.6137080E+00      0.8562500E+01
   0.6377750E+00      0.8562500E+01
   0.6618420E+00      0.8562500E+01
   0.6859090E+00      0.8562500E+01
   0.7099759E+00      0.8562500E+01
   0.7340429E+00      0.9062500E+01
   0.7581099E+00      0.9062500E+01
   0.7821769E+00      0.9062500E+01
   0.8062439E+00      0.9062500E+01
   0.8303108E+00      0.9062500E+01
   0.8543778E+00      0.9062500E+01
   0.8784448E+00      0.9062500E+01
   0.9025118E+00      0.9062500E+01
   0.9265788E+00      0.9062500E+01
   0.9506457E+00      0.9062500E+01
   0.9747127E+00      0.9062500E+01
   0.9987797E+00      0.9062500E+01
   0.1022847E+01      0.9062500E+01
   0.1046914E+01      0.9062500E+01
   0.1070981E+01      0.9062500E+01
   0.1095048E+01      0.9062500E+01
   0.1119115E+01      0.9062500E+01
   0.1143182E+01      0.9062500E+01
   0.1167249E+01      0.9062500E+01
   0.1191316E+01      0.9062500E+01
   0.1215383E+01      0.9062500E+01
   0.1239450E+01      0.9312500E+01
   0.1263516E+01      0.9312500E+01
   0.1287583E+01      0.9312500E+01
   0.1311650E+01      0.9312500E+01
   0.1335717E+01      0.9312500E+01
   0.1359784E+01      0.9312500E+01
   0.1383851E+01      0.9312500E+01
   0.1407918E+01      0.9312500E+01
   0.1431985E+01      0.9312500E+01
   0.1456052E+01      0.9312500E+01
   0.1480119E+01      0.9312500E+01
   0.1504186E+01      0.9312500E+01
   0.1528253E+01      0.9312500E+01
   0.1552320E+01      0.9312500E+01
   0.1576387E+01      0.9312500E+01
   0.1600454E+01      0.9312500E+01
   0.1624521E+01      0.1006250E+02
   0.1648588E+01      0.1006250E+02
   0.1672655E+01      0.1006250E+02
   0.1696722E+01      0.1006250E+02
   0.1720789E+01      0.1006250E+02
   0.1744856E+01      0.1006250E+02
   0.1768923E+01      0.1006250E+02
   0.1792990E+01      0.1006250E+02
   0.1817057E+01      0.1006250E+02
   0.1841124E+01      0.1006250E+02
   0.1865191E+01      0.1006250E+02
   0.1889258E+01      0.1056250E+02
   0.1913325E+01      0.1056250E+02
   0.1937392E+01      0.8812500E+01
   0.1961459E+01      0.8812500E+01
   0.1985526E+01      0.7312500E+01
   0.2009593E+01      0.7312500E+01
   0.2033660E+01      0.7312500E+01
   0.2057727E+01      0.5812500E+01
   0.2081794E+01      0.5812500E+01
   0.2105861E+01      0.5812500E+01
   0.2129928E+01      0.5812500E+01
   0.2153995E+01      0.5812500E+01
   0.2178062E+01      0.5812500E+01
   0.2202129E+01      0.5812500E+01
   0.2226196E+01      0.5812500E+01
   0.2250263E+01      0.5812500E+01
   0.2274330E+01      0.5812500E+01
   0.2298397E+01      0.5812500E+01
   0.2322464E+01      0.5812500E+01
   0.2346531E+01      0.5812500E+01
   0.2370598E+01      0.5812500E+01
   0.2394665E+01      0.6312500E+01
   0.2418732E+01      0.6312500E+01
   0.2442799E+01      0.6312500E+01
   0.2466866E+01      0.6312500E+01
   0.2490933E+01      0.6312500E+01
   0.2514999E+01      0.5812500E+01
   0.2539066E+01      0.5812500E+01
   0.2563133E+01      0.5812500E+01
   0.2587200E+01      0.5812500E+01
   0.2611267E+01      0.4812500E+01
   0.2635334E+01      0.4812500E+01
   0.2659401E+01      0.4812500E+01
   0.2683468E+01      0.4812500E+01
   0.2707535E+01      0.4812500E+01
   0.2731602E+01      0.4812500E+01
   0.2755669E+01      0.4812500E+01
   0.2779736E+01      0.4812500E+01
   0.2803803E+01      0.4312500E+01
   0.2827870E+01      0.4312500E+01
   0.2851937E+01      0.3812500E+01
   0.2876004E+01      0.3812500E+01
   0.2900071E+01      0.3812500E+01
   0.2924138E+01      0.3812500E+01
   0.2948205E+01      0.3812500E+01
   0.2972272E+01      0.3812500E+01
   0.2996339E+01      0.3812500E+01
   0.3020406E+01      0.3812500E+01
   0.3044473E+01      0.3812500E+01
   0.3068540E+01      0.3812500E+01
   0.3092607E+01      0.3812500E+01
   0.3116674E+01      0.3812500E+01
   0.3140741E+01      0.3812500E+01
   0.3164808E+01      0.3312500E+01
   0.3188875E+01      0.3312500E+01
   0.3212942E+01      0.3312500E+01
   0.3237009E+01      0.3312500E+01
   0.3261076E+01      0.3312500E+01
   0.3285143E+01      0.3312500E+01
   0.3309210E+01      0.3312500E+01
   0.3333277E+01      0.3312500E+01
   0.3357344E+01      0.3312500E+01
   0.3381411E+01      0.3062500E+01
   0.3405478E+01      0.3062500E+01
   0.3429545E+01      0.3062500E+01
   0.3453612E+01      0.3062500E+01
   0.3477679E+01      0.3062500E+01
   0.3501746E+01      0.3062500E+01
   0.3525813E+01      0.3062500E+01
   0.3549880E+01      0.3062500E+01
   0.3573947E+01      0.2562500E+01
   0.3598014E+01      0.2562500E+01
   0.3622081E+01      0.2562500E+01
   0.3646148E+01      0.2562500E+01
   0.3670215E+01      0.2562500E+01
   0.3694282E+01      0.2562500E+01
   0.3718349E+01      0.2562500E+01
   0.3742416E+01      0.2562500E+01
   0.3766482E+01      0.2562500E+01
   0.3790549E+01      0.2562500E+01
   0.3814616E+01      0.2562500E+01
   0.3838683E+01      0.2562500E+01
   0.3862750E+01      0.2437500E+01
   0.3886817E+01      0.2437500E+01
   0.3910884E+01      0.2437500E+01
   0.3934951E+01      0.2437500E+01
   0.3959018E+01      0.2437500E+01
   0.3983085E+01      0.1937500E+01
   0.4007152E+01      0.1937500E+01
   0.4031219E+01      0.1437500E+01
   0.4055286E+01      0.1437500E+01
   0.4079353E+01      0.1437500E+01
   0.4103420E+01      0.1437500E+01
   0.4127487E+01      0.1437500E+01
   0.4151554E+01      0.1437500E+01
   0.4175621E+01      0.1437500E+01
   0.4199688E+01      0.1437500E+01
   0.4223755E+01      0.1437500E+01
   0.4247822E+01      0.9375000E+00
   0.4271889E+01      0.9375000E+00
   0.4295956E+01      0.9375000E+00
   0.4320023E+01      0.9375000E+00
   0.4344090E+01      0.9375000E+00
   0.4368157E+01      0.9375000E+00
   0.4392224E+01      0.6875000E+00
   0.4416291E+01      0.6875000E+00
   0.4440358E+01      0.6875000E+00
   0.4464425E+01      0.6875000E+00
   0.4488492E+01      0.6875000E+00
   0.4512559E+01      0.6875000E+00
   0.4536626E+01      0.1875000E+00
   0.4560693E+01      0.1875000E+00
   0.4584760E+01      0.1875000E+00
   0.4608827E+01      0.1875000E+00
   0.4632894E+01      0.0000000E+00
   0.4656961E+01      0.0000000E+00
   0.4681028E+01      0.0000000E+00
   0.4705095E+01      0.0000000E+00
   0.4729162E+01      0.0000000E+00
   0.4753229E+01      0.0000000E+00
   0.4777296E+01      0.0000000E+00
   0.4801363E+01      0.0000000E+00
   0.4825430E+01      0.0000000E+00
   0.4849497E+01      0.0000000E+00
   0.4873564E+01      0.0000000E+00
   0.4897631E+01      0.0000000E+00
   0.4921698E+01      0.0000000E+00
   0.4945765E+01      0.0000000E+00
   0.4969832E+01      0.0000000E+00
   0.4993899E+01      0.0000000E+00
   0.5017966E+01      0.0000000E+00
   0.5042032E+01      0.0000000E+00
   0.5066099E+01      0.0000000E+00
   0.5090166E+01      0.0000000E+00
   0.5114233E+01      0.0000000E+00
   0.5138300E+01      0.0000000E+00
   0.5162367E+01      0.0000000E+00
   0.5186434E+01      0.0000000E+00
   0.5210501E+01      0.0000000E+00
   0.5234568E+01      0.0000000E+00
   0.5258635E+01      0.0000000E+00
   0.5282702E+01      0.0000000E+00
   0.5306769E+01      0.0000000E+00
   0.5330836E+01      0.0000000E+00
   0.5354903E+01      0.0000000E+00
   0.5378970E+01      0.0000000E+00
   0.5403037E+01      0.0000000E+00
   0.5427104E+01      0.0000000E+00
   0.5451171E+01      0.0000000E+00
   0.5475238E+01      0.0000000E+00
   0.5499305E+01      0.0000000E+00
   0.5523372E+01      0.0000000E+00
   0.5547439E+01      0.0000000E+00
   0.5571506E+01      0.0000000E+00
   0.5595573E+01      0.0000000E+00
   0.5619640E+01      0.0000000E+00
   0.5643707E+01      0.0000000E+00
   0.5667774E+01      0.0000000E+00
   0.5691841E+01      0.0000000E+00
   0.5715908E+01      0.0000000E+00
   0.5739975E+01      0.0000000E+00
   0.5764042E+01      0.0000000E+00
   0.5788109E+01      0.0000000E+00
   0.5812176E+01      0.0000000E+00
   0.5836243E+01      0.0000000E+00
   0.5860310E+01      0.0000000E+00
   0.5884377E+01      0.0000000E+00
   0.5908444E+01      0.0000000E+00
   0.5932511E+01      0.0000000E+00
   0.5956578E+01      0.0000000E+00
   0.5980645E+01      0.0000000E+00
   0.6004712E+01      0.0000000E+00
   0.6028779E+01      0.0000000E+00
   0.6052846E+01      0.0000000E+00
   0.6076913E+01      0.0000000E+00
   0.6100980E+01      0.0000000E+00
   0.6125047E+01      0.0000000E+00
   0.6149114E+01      0.0000000E+00
   0.6173181E+01      0.0000000E+00
   0.6197248E+01      0.0000000E+00
   0.6221315E+01      0.0000000E+00
   0.6245382E+01      0.0000000E+00
   0.6269449E+01      0.0000000E+00
   0.6293515E+01      0.0000000E+00
   0.6317582E+01      0.0000000E+00
   0.6341649E+01      0.0000000E+00
   0.6365716E+01      0.0000000E+00
   0.6389783E+01      0.0000000E+00
   0.6413850E+01      0.0000000E+00
   0.6437917E+01      0.0000000E+00
   0.6461984E+01      0.0000000E+00
   0.6486051E+01      0.0000000E+00
   0.6510118E+01      0.0000000E+00
   0.6534185E+01      0.0000000E+00
   0.6558252E+01      0.0000000E+00
   0.6582319E+01      0.0000000E+00
   0.6606386E+01      0.0000000E+00
   0.6630453E+01      0.0000000E+00
   0.6654520E+01      0.0000000E+00
   0.6678587E+01      0.0000000E+00
   0.6702654E+01      0.0000000E+00
   0.6726721E+01      0.0000000E+00
   0.6750788E+01      0.0000000E+00
   0.6774855E+01      0.0000000E+00
   0.6798922E+01      0.0000000E+00
   0.6822989E+01      0.0000000E+00
   0.6847056E+01      0.0000000E+00
   0.6871123E+01      0.0000000E+00
   0.6895190E+01      0.0000000E+00
   0.6919257E+01      0.0000000E+00
   0.6943324E+01      0.0000000E+00
   0.6967391E+01      0.0000000E+00
   0.6991458E+01      0.0000000E+00
   0.7015525E+01      0.0000000E+00
   0.7039592E+01      0.0000000E+00
   0.7063659E+01      0.0000000E+00
   0.7087726E+01      0.0000000E+00
   0.7111793E+01      0.0000000E+00
   0.7135860E+01      0.0000000E+00
   0.7159927E+01      0.0000000E+00
   0.7183994E+01      0.0000000E+00
   0.7208061E+01      0.0000000E+00
   0.7232128E+01      0.0000000E+00
   0.7256195E+01      0.0000000E+00
   0.7280262E+01      0.0000000E+00
   0.7304329E+01      0.0000000E+00
   0.7328396E+01      0.0000000E+00
   0.7352463E+01      0.0000000E+00
   0.7376530E+01      0.0000000E+00
   0.7400597E+01      0.0000000E+00
   0.7424664E+01      0.0000000E+00
   0.7448731E+01      0.0000000E+00
   0.7472798E+01      0.0000000E+00
   0.7496865E+01      0.0000000E+00
   0.7520932E+01      0.0000000E+00
   0.7544998E+01      0.0000000E+00
   0.7569065E+01      0.0000000E+00
   0.7593132E+01      0.0000000E+00
   0.7617199E+01      0.0000000E+00
   0.7641266E+01      0.0000000E+00
   0.7665333E+01      0.0000000E+00
   0.7689400E+01      0.0000000E+00
   0.7713467E+01      0.0000000E+00
   0.7737534E+01      0.0000000E+00
   0.7761601E+01      0.0000000E+00
   0.7785668E+01      0.0000000E+00
   0.7809735E+01      0.0000000E+00
   0.7833802E+01      0.0000000E+00
   0.7857869E+01      0.0000000E+00
   0.7881936E+01      0.0000000E+00
   0.7906003E+01      0.0000000E+00
   0.7930070E+01      0.0000000E+00
   0.7954137E+01      0.0000000E+00
   0.7978204E+01      0.0000000E+00
   0.8002271E+01      0.0000000E+00
   0.8026338E+01      0.0000000E+00
   0.8050405E+01      0.0000000E+00
   0.8074472E+01      0.0000000E+00
   0.8098539E+01      0.0000000E+00
   0.8122606E+01      0.0000000E+00
   0.8146673E+01      0.0000000E+00
   0.8170740E+01      0.0000000E+00
   0.8194807E+01      0.0000000E+00
   0.8218874E+01      0.0000000E+00
   0.8242941E+01      0.0000000E+00
   0.8267008E+01      0.0000000E+00
   0.8291075E+01      0.0000000E+00
   0.8315142E+01      0.0000000E+00
   0.8339209E+01      0.0000000E+00
   0.8363276E+01      0.0000000E+00
   0.8387343E+01      0.0000000E+00
   0.8411410E+01      0.0000000E+00
   0.8435477E+01      0.0000000E+00
   0.8459544E+01      0.0000000E+00
   0.8483611E+01      0.0000000E+00
   0.8507678E+01      0.0000000E+00
   0.8531745E+01      0.0000000E+00
   0.8555812E+01      0.0000000E+00
   0.8579879E+01      0.0000000E+00
   0.8603946E+01      0.0000000E+00
   0.8628013E+01      0.0000000E+00
   0.8652080E+01      0.0000000E+00
   0.8676147E+01      0.0000000E+00
   0.8700214E+01      0.0000000E+00
   0.8724281E+01      0.0000000E+00
   0.8748348E+01      0.0000000E+00
   0.8772415E+01      0.0000000E+00
   0.8796481E+01      0.0000000E+00
   0.8820548E+01      0.0000000E+00
   0.8844615E+01      0.0000000E+00
   0.8868682E+01      0.0000000E+00
   0.8892749E+01      0.0000000E+00
   0.8916816E+01      0.0000000E+00
   0.8940883E+01      0.0000000E+00
   0.8964950E+01      0.0000000E+00
   0.8989017E+01      0.0000000E+00
   0.9013084E+01      0.0000000E+00
   0.9037151E+01      0.0000000E+00
   0.9061218E+01      0.0000000E+00
   0.9085285E+01      0.0000000E+00
   0.9109352E+01      0.0000000E+00
   0.9133419E+01      0.0000000E+00
   0.9157486E+01      0.0000000E+00
   0.9181553E+01      0.0000000E+00
   0.9205620E+01      0.0000000E+00
   0.9229687E+01      0.0000000E+00
   0.9253754E+01      0.0000000E+00
   0.9277821E+01      0.0000000E+00
   0.9301888E+01      0.0000000E+00
   0.9325955E+01      0.0000000E+00
   0.9350022E+01      0.0000000E+00
   0.9374089E+01      0.0000000E+00
   0.9398156E+01      0.0000000E+00
   0.9422223E+01      0.0000000E+00
   0.9446290E+01      0.0000000E+00
   0.9470357E+01      0.0000000E+00
   0.9494424E+01      0.0000000E+00
   0.9518491E+01      0.0000000E+00
   0.9542558E+01      0.0000000E+00
   0.9566625E+01      0.0000000E+00
   0.9590692E+01      0.0000000E+00
   0.9614759E+01      0.0000000E+00
   0.9638826E+01      0.0000000E+00
   0.9662893E+01      0.0000000E+00
   0.9686960E+01      0.0000000E+00
   0.9711027E+01      0.0000000E+00
   0.9735094E+01      0.0000000E+00
   0.9759161E+01      0.0000000E+00
   0.9783228E+01      0.0000000E+00
   0.9807295E+01      0.0000000E+00
   0.9831362E+01      0.0000000E+00
   0.9855429E+01      0.0000000E+00
   0.9879496E+01      0.0000000E+00
   0.9903563E+01      0.0000000E+00
   0.9927630E+01      0.0000000E+00
   0.9951697E+01      0.0000000E+00
   0.9975764E+01      0.0000000E+00
   0.9999831E+01      0.0000000E+00
 &
 @autoscale
 @target G2.S0
