 @target G2.S0
 @type xy
  -0.9999831E+01      0.3095303E+01
  -0.9975764E+01      0.3607177E+01
  -0.9951697E+01      0.3725294E+01
  -0.9927630E+01      0.3693108E+01
  -0.9903563E+01      0.3598375E+01
  -0.9879496E+01      0.3486703E+01
  -0.9855429E+01      0.5767054E+01
  -0.9831362E+01      0.7322462E+01
  -0.9807295E+01      0.7739286E+01
  -0.9783228E+01      0.7856272E+01
  -0.9759161E+01      0.8013508E+01
  -0.9735094E+01      0.8527244E+01
  -0.9711027E+01      0.9661027E+01
  -0.9686960E+01      0.1057672E+02
  -0.9662893E+01      0.9921251E+01
  -0.9638826E+01      0.8237187E+01
  -0.9614759E+01      0.6693072E+01
  -0.9590692E+01      0.5664669E+01
  -0.9566625E+01      0.5011077E+01
  -0.9542558E+01      0.4583415E+01
  -0.9518491E+01      0.4293237E+01
  -0.9494424E+01      0.4090639E+01
  -0.9470357E+01      0.3946114E+01
  -0.9446290E+01      0.3841048E+01
  -0.9422223E+01      0.3762930E+01
  -0.9398156E+01      0.5759361E+01
  -0.9374089E+01      0.5997822E+01
  -0.9350022E+01      0.5918142E+01
  -0.9325955E+01      0.5715881E+01
  -0.9301888E+01      0.5473554E+01
  -0.9277821E+01      0.5233196E+01
  -0.9253754E+01      0.6355325E+01
  -0.9229687E+01      0.6791396E+01
  -0.9205620E+01      0.6757338E+01
  -0.9181553E+01      0.6569072E+01
  -0.9157486E+01      0.6330302E+01
  -0.9133419E+01      0.6093694E+01
  -0.9109352E+01      0.9516121E+01
  -0.9085285E+01      0.1021537E+02
  -0.9061218E+01      0.1009313E+02
  -0.9037151E+01      0.9680809E+01
  -0.9013084E+01      0.9180575E+01
  -0.8989017E+01      0.8689060E+01
  -0.8964950E+01      0.8254032E+01
  -0.8940883E+01      0.7896996E+01
  -0.8916816E+01      0.7624444E+01
  -0.8892749E+01      0.7434250E+01
  -0.8868682E+01      0.7319486E+01
  -0.8844615E+01      0.7270881E+01
  -0.8820548E+01      0.7278448E+01
  -0.8796481E+01      0.7332822E+01
  -0.8772415E+01      0.7427261E+01
  -0.8748348E+01      0.7565261E+01
  -0.8724281E+01      0.7865040E+01
  -0.8700214E+01      0.1391248E+02
  -0.8676147E+01      0.1405781E+02
  -0.8652080E+01      0.1330970E+02
  -0.8628013E+01      0.1239665E+02
  -0.8603946E+01      0.1155188E+02
  -0.8579879E+01      0.1085107E+02
  -0.8555812E+01      0.1030696E+02
  -0.8531745E+01      0.9904546E+01
  -0.8507678E+01      0.9617135E+01
  -0.8483611E+01      0.9415157E+01
  -0.8459544E+01      0.9271363E+01
  -0.8435477E+01      0.9163782E+01
  -0.8411410E+01      0.9077169E+01
  -0.8387343E+01      0.9003521E+01
  -0.8363276E+01      0.9835534E+01
  -0.8339209E+01      0.1082398E+02
  -0.8315142E+01      0.1101242E+02
  -0.8291075E+01      0.1099881E+02
  -0.8267008E+01      0.1095589E+02
  -0.8242941E+01      0.1101156E+02
  -0.8218874E+01      0.1544218E+02
  -0.8194807E+01      0.1713966E+02
  -0.8170740E+01      0.1909098E+02
  -0.8146673E+01      0.2058588E+02
  -0.8122606E+01      0.1666863E+02
  -0.8098539E+01      0.3946406E+02
  -0.8074472E+01      0.2168166E+02
  -0.8050405E+01      0.1785519E+02
  -0.8026338E+01      0.1616464E+02
  -0.8002271E+01      0.1516816E+02
  -0.7978204E+01      0.1454232E+02
  -0.7954137E+01      0.1414367E+02
  -0.7930070E+01      0.1390185E+02
  -0.7906003E+01      0.1639128E+02
  -0.7881936E+01      0.1703280E+02
  -0.7857869E+01      0.2270193E+02
  -0.7833802E+01      0.5224378E+02
  -0.7809735E+01      0.4216162E+02
  -0.7785668E+01      0.3734100E+02
  -0.7761601E+01      0.3354899E+02
  -0.7737534E+01      0.3066831E+02
  -0.7713467E+01      0.2875012E+02
  -0.7689400E+01      0.2777565E+02
  -0.7665333E+01      0.2761480E+02
  -0.7641266E+01      0.2882862E+02
  -0.7617199E+01      0.3293765E+02
  -0.7593132E+01      0.3531720E+02
  -0.7569065E+01      0.3726096E+02
  -0.7544998E+01      0.3641977E+02
  -0.7520932E+01      0.3814025E+02
  -0.7496865E+01      0.4886145E+02
  -0.7472798E+01      0.5656286E+02
  -0.7448731E+01      0.4875638E+02
  -0.7424664E+01      0.4822269E+02
  -0.7400597E+01      0.4821141E+02
  -0.7376530E+01      0.4955777E+02
  -0.7352463E+01      0.4831325E+02
  -0.7328396E+01      0.4979018E+02
  -0.7304329E+01      0.4778370E+02
  -0.7280262E+01      0.7038706E+02
  -0.7256195E+01      0.6282866E+02
  -0.7232128E+01      0.5362525E+02
  -0.7208061E+01      0.4664085E+02
  -0.7183994E+01      0.4496875E+02
  -0.7159927E+01      0.4456598E+02
  -0.7135860E+01      0.4694723E+02
  -0.7111793E+01      0.4723227E+02
  -0.7087726E+01      0.4338626E+02
  -0.7063659E+01      0.5627500E+02
  -0.7039592E+01      0.7391368E+02
  -0.7015525E+01      0.8881268E+02
  -0.6991458E+01      0.8089501E+02
  -0.6967391E+01      0.9316743E+02
  -0.6943324E+01      0.8286644E+02
  -0.6919257E+01      0.1080437E+03
  -0.6895190E+01      0.6707643E+02
  -0.6871123E+01      0.6881556E+02
  -0.6847056E+01      0.6161437E+02
  -0.6822989E+01      0.5385256E+02
  -0.6798922E+01      0.5478286E+02
  -0.6774855E+01      0.5576671E+02
  -0.6750788E+01      0.5712724E+02
  -0.6726721E+01      0.6210682E+02
  -0.6702654E+01      0.7831059E+02
  -0.6678587E+01      0.8137121E+02
  -0.6654520E+01      0.7616365E+02
  -0.6630453E+01      0.7228072E+02
  -0.6606386E+01      0.8252560E+02
  -0.6582319E+01      0.9020985E+02
  -0.6558252E+01      0.8507210E+02
  -0.6534185E+01      0.7047511E+02
  -0.6510118E+01      0.8600534E+02
  -0.6486051E+01      0.7556696E+02
  -0.6461984E+01      0.6298925E+02
  -0.6437917E+01      0.5918945E+02
  -0.6413850E+01      0.5679009E+02
  -0.6389783E+01      0.5529319E+02
  -0.6365716E+01      0.5400445E+02
  -0.6341649E+01      0.4860636E+02
  -0.6317582E+01      0.4816337E+02
  -0.6293515E+01      0.5149580E+02
  -0.6269449E+01      0.5830828E+02
  -0.6245382E+01      0.5895377E+02
  -0.6221315E+01      0.6968061E+02
  -0.6197248E+01      0.6568456E+02
  -0.6173181E+01      0.7580340E+02
  -0.6149114E+01      0.7317668E+02
  -0.6125047E+01      0.7130070E+02
  -0.6100980E+01      0.7363405E+02
  -0.6076913E+01      0.5496257E+02
  -0.6052846E+01      0.6383008E+02
  -0.6028779E+01      0.6172900E+02
  -0.6004712E+01      0.5671705E+02
  -0.5980645E+01      0.6654649E+02
  -0.5956578E+01      0.6655063E+02
  -0.5932511E+01      0.6343594E+02
  -0.5908444E+01      0.6350775E+02
  -0.5884377E+01      0.6696567E+02
  -0.5860310E+01      0.6980864E+02
  -0.5836243E+01      0.6957573E+02
  -0.5812176E+01      0.7390848E+02
  -0.5788109E+01      0.7321182E+02
  -0.5764042E+01      0.7964466E+02
  -0.5739975E+01      0.7980367E+02
  -0.5715908E+01      0.8512749E+02
  -0.5691841E+01      0.9149184E+02
  -0.5667774E+01      0.9065270E+02
  -0.5643707E+01      0.9091397E+02
  -0.5619640E+01      0.8849993E+02
  -0.5595573E+01      0.1161204E+03
  -0.5571506E+01      0.1121289E+03
  -0.5547439E+01      0.1198787E+03
  -0.5523372E+01      0.1283769E+03
  -0.5499305E+01      0.1217534E+03
  -0.5475238E+01      0.1225487E+03
  -0.5451171E+01      0.1426316E+03
  -0.5427104E+01      0.1401285E+03
  -0.5403037E+01      0.9792480E+02
  -0.5378970E+01      0.2147994E+03
  -0.5354903E+01      0.8949325E+02
  -0.5330836E+01      0.9037973E+02
  -0.5306769E+01      0.7673428E+02
  -0.5282702E+01      0.8635720E+02
  -0.5258635E+01      0.7929893E+02
  -0.5234568E+01      0.8261894E+02
  -0.5210501E+01      0.8506917E+02
  -0.5186434E+01      0.1031793E+03
  -0.5162367E+01      0.9979898E+02
  -0.5138300E+01      0.1285564E+03
  -0.5114233E+01      0.1009296E+03
  -0.5090166E+01      0.1131028E+03
  -0.5066099E+01      0.1067150E+03
  -0.5042032E+01      0.1092828E+03
  -0.5017966E+01      0.1171779E+03
  -0.4993899E+01      0.1099467E+03
  -0.4969832E+01      0.1112534E+03
  -0.4945765E+01      0.1193093E+03
  -0.4921698E+01      0.1088439E+03
  -0.4897631E+01      0.1161202E+03
  -0.4873564E+01      0.1271651E+03
  -0.4849497E+01      0.1365464E+03
  -0.4825430E+01      0.1571455E+03
  -0.4801363E+01      0.1446784E+03
  -0.4777296E+01      0.1937159E+03
  -0.4753229E+01      0.1560897E+03
  -0.4729162E+01      0.1460012E+03
  -0.4705095E+01      0.1264723E+03
  -0.4681028E+01      0.1212864E+03
  -0.4656961E+01      0.1150121E+03
  -0.4632894E+01      0.1478926E+03
  -0.4608827E+01      0.1379718E+03
  -0.4584760E+01      0.1429751E+03
  -0.4560693E+01      0.1222207E+03
  -0.4536626E+01      0.1137464E+03
  -0.4512559E+01      0.1093039E+03
  -0.4488492E+01      0.1109590E+03
  -0.4464425E+01      0.1131358E+03
  -0.4440358E+01      0.1116404E+03
  -0.4416291E+01      0.1036833E+03
  -0.4392224E+01      0.1338114E+03
  -0.4368157E+01      0.8375829E+02
  -0.4344090E+01      0.7783186E+02
  -0.4320023E+01      0.7772500E+02
  -0.4295956E+01      0.7458888E+02
  -0.4271889E+01      0.7037982E+02
  -0.4247822E+01      0.6960787E+02
  -0.4223755E+01      0.8330727E+02
  -0.4199688E+01      0.9319805E+02
  -0.4175621E+01      0.9947525E+02
  -0.4151554E+01      0.9660120E+02
  -0.4127487E+01      0.1073882E+03
  -0.4103420E+01      0.1010533E+03
  -0.4079353E+01      0.9902051E+02
  -0.4055286E+01      0.9798031E+02
  -0.4031219E+01      0.9438717E+02
  -0.4007152E+01      0.9487947E+02
  -0.3983085E+01      0.1006007E+03
  -0.3959018E+01      0.1062651E+03
  -0.3934951E+01      0.1057385E+03
  -0.3910884E+01      0.1076420E+03
  -0.3886817E+01      0.1129475E+03
  -0.3862750E+01      0.1245132E+03
  -0.3838683E+01      0.1213221E+03
  -0.3814616E+01      0.1244979E+03
  -0.3790549E+01      0.1264289E+03
  -0.3766482E+01      0.1189687E+03
  -0.3742416E+01      0.1343101E+03
  -0.3718349E+01      0.1366947E+03
  -0.3694282E+01      0.1234782E+03
  -0.3670215E+01      0.1088015E+03
  -0.3646148E+01      0.1018526E+03
  -0.3622081E+01      0.9929321E+02
  -0.3598014E+01      0.1009449E+03
  -0.3573947E+01      0.1003337E+03
  -0.3549880E+01      0.9716053E+02
  -0.3525813E+01      0.1078946E+03
  -0.3501746E+01      0.1077228E+03
  -0.3477679E+01      0.1113572E+03
  -0.3453612E+01      0.1108382E+03
  -0.3429545E+01      0.1025171E+03
  -0.3405478E+01      0.1031741E+03
  -0.3381411E+01      0.1113830E+03
  -0.3357344E+01      0.1089539E+03
  -0.3333277E+01      0.1050825E+03
  -0.3309210E+01      0.1006716E+03
  -0.3285143E+01      0.1896333E+03
  -0.3261076E+01      0.1040929E+03
  -0.3237009E+01      0.1040779E+03
  -0.3212942E+01      0.1023408E+03
  -0.3188875E+01      0.9257099E+02
  -0.3164808E+01      0.8941439E+02
  -0.3140741E+01      0.8890324E+02
  -0.3116674E+01      0.8978403E+02
  -0.3092607E+01      0.9213655E+02
  -0.3068540E+01      0.9937619E+02
  -0.3044473E+01      0.9490981E+02
  -0.3020406E+01      0.9854556E+02
  -0.2996339E+01      0.9547366E+02
  -0.2972272E+01      0.9418488E+02
  -0.2948205E+01      0.1155082E+03
  -0.2924138E+01      0.1247687E+03
  -0.2900071E+01      0.1180458E+03
  -0.2876004E+01      0.1092800E+03
  -0.2851937E+01      0.9890060E+02
  -0.2827870E+01      0.9459669E+02
  -0.2803803E+01      0.9488451E+02
  -0.2779736E+01      0.9298595E+02
  -0.2755669E+01      0.9503774E+02
  -0.2731602E+01      0.1008169E+03
  -0.2707535E+01      0.1338023E+03
  -0.2683468E+01      0.1260662E+03
  -0.2659401E+01      0.1324961E+03
  -0.2635334E+01      0.1451919E+03
  -0.2611267E+01      0.1514195E+03
  -0.2587200E+01      0.1820926E+03
  -0.2563133E+01      0.1358593E+03
  -0.2539066E+01      0.1467407E+03
  -0.2514999E+01      0.1528877E+03
  -0.2490933E+01      0.1727974E+03
  -0.2466866E+01      0.1771674E+03
  -0.2442799E+01      0.1556290E+03
  -0.2418732E+01      0.1461055E+03
  -0.2394665E+01      0.1678904E+03
  -0.2370598E+01      0.1452030E+03
  -0.2346531E+01      0.1001857E+03
  -0.2322464E+01      0.9437621E+02
  -0.2298397E+01      0.1220723E+03
  -0.2274330E+01      0.1292687E+03
  -0.2250263E+01      0.1396393E+03
  -0.2226196E+01      0.4437834E+02
  -0.2202129E+01      0.3834012E+02
  -0.2178062E+01      0.3918035E+02
  -0.2153995E+01      0.4459831E+02
  -0.2129928E+01      0.6222913E+02
  -0.2105861E+01      0.1662172E+02
  -0.2081794E+01      0.1439219E+02
  -0.2057727E+01      0.1383358E+02
  -0.2033660E+01      0.1361638E+02
  -0.2009593E+01      0.1406054E+02
  -0.1985526E+01      0.1882460E+02
  -0.1961459E+01      0.1334826E+02
  -0.1937392E+01      0.1312290E+02
  -0.1913325E+01      0.1306261E+02
  -0.1889258E+01      0.1304000E+02
  -0.1865191E+01      0.1301964E+02
  -0.1841124E+01      0.1298130E+02
  -0.1817057E+01      0.1291648E+02
  -0.1792990E+01      0.1282769E+02
  -0.1768923E+01      0.1272663E+02
  -0.1744856E+01      0.1263500E+02
  -0.1720789E+01      0.1261179E+02
  -0.1696722E+01      0.4978883E+02
  -0.1672655E+01      0.2249826E+02
  -0.1648588E+01      0.2122175E+02
  -0.1624521E+01      0.2159926E+02
  -0.1600454E+01      0.2010335E+02
  -0.1576387E+01      0.1866066E+02
  -0.1552320E+01      0.1743915E+02
  -0.1528253E+01      0.1643597E+02
  -0.1504186E+01      0.1561860E+02
  -0.1480119E+01      0.1495197E+02
  -0.1456052E+01      0.1440440E+02
  -0.1431985E+01      0.1394858E+02
  -0.1407918E+01      0.1356197E+02
  -0.1383851E+01      0.1322716E+02
  -0.1359784E+01      0.1293221E+02
  -0.1335717E+01      0.1267006E+02
  -0.1311650E+01      0.1243737E+02
  -0.1287583E+01      0.1223402E+02
  -0.1263516E+01      0.1206972E+02
  -0.1239450E+01      0.1256627E+02
  -0.1215383E+01      0.1271552E+02
  -0.1191316E+01      0.1272433E+02
  -0.1167249E+01      0.1267595E+02
  -0.1143182E+01      0.1259644E+02
  -0.1119115E+01      0.1249818E+02
  -0.1095048E+01      0.1238829E+02
  -0.1070981E+01      0.1227135E+02
  -0.1046914E+01      0.1215057E+02
  -0.1022847E+01      0.1202834E+02
  -0.9987797E+00      0.1190665E+02
  -0.9747127E+00      0.1178734E+02
  -0.9506457E+00      0.1167267E+02
  -0.9265788E+00      0.1156746E+02
  -0.9025118E+00      0.1259564E+02
  -0.8784448E+00      0.1389639E+02
  -0.8543778E+00      0.1380076E+02
  -0.8303108E+00      0.1344490E+02
  -0.8062439E+00      0.1305406E+02
  -0.7821769E+00      0.1273676E+02
  -0.7581099E+00      0.1534676E+02
  -0.7340429E+00      0.1559914E+02
  -0.7099759E+00      0.1534775E+02
  -0.6859090E+00      0.1493311E+02
  -0.6618420E+00      0.1447675E+02
  -0.6377750E+00      0.1403099E+02
  -0.6137080E+00      0.1361860E+02
  -0.5896410E+00      0.1324813E+02
  -0.5655740E+00      0.1292105E+02
  -0.5415071E+00      0.1263527E+02
  -0.5174401E+00      0.1238710E+02
  -0.4933731E+00      0.1217222E+02
  -0.4693061E+00      0.1198631E+02
  -0.4452391E+00      0.1182527E+02
  -0.4211722E+00      0.1168539E+02
  -0.3971052E+00      0.1156341E+02
  -0.3730382E+00      0.1145650E+02
  -0.3489712E+00      0.1136229E+02
  -0.3249042E+00      0.1127881E+02
  -0.3008373E+00      0.1120454E+02
  -0.2767703E+00      0.1113846E+02
  -0.2527033E+00      0.1108046E+02
  -0.2286363E+00      0.1103321E+02
  -0.2045693E+00      0.1189424E+02
  -0.1805024E+00      0.1260524E+02
  -0.1564354E+00      0.1287124E+02
  -0.1323684E+00      0.1296924E+02
  -0.1083014E+00      0.1297462E+02
  -0.8423443E-01      0.1292333E+02
  -0.6016745E-01      0.1283633E+02
  -0.3610047E-01      0.1272717E+02
  -0.1203349E-01      0.1260516E+02
   0.1203349E-01      0.1247700E+02
   0.3610047E-01      0.1234761E+02
   0.6016745E-01      0.1222083E+02
   0.8423443E-01      0.1209996E+02
   0.1083014E+00      0.1198888E+02
   0.1323684E+00      0.1189866E+02
   0.1564354E+00      0.1326595E+02
   0.1805024E+00      0.1372473E+02
   0.2045693E+00      0.1385902E+02
   0.2286363E+00      0.1385046E+02
   0.2527033E+00      0.1376588E+02
   0.2767703E+00      0.1363962E+02
   0.3008373E+00      0.1349188E+02
   0.3249042E+00      0.1333535E+02
   0.3489712E+00      0.1317828E+02
   0.3730382E+00      0.1302606E+02
   0.3971052E+00      0.1288218E+02
   0.4211722E+00      0.1274879E+02
   0.4452391E+00      0.1262715E+02
   0.4693061E+00      0.1251787E+02
   0.4933731E+00      0.1242106E+02
   0.5174401E+00      0.1233659E+02
   0.5415071E+00      0.1226408E+02
   0.5655740E+00      0.1220303E+02
   0.5896410E+00      0.1215294E+02
   0.6137080E+00      0.1211331E+02
   0.6377750E+00      0.1208379E+02
   0.6618420E+00      0.1206438E+02
   0.6859090E+00      0.1205598E+02
   0.7099759E+00      0.1206284E+02
   0.7340429E+00      0.1283291E+02
   0.7581099E+00      0.1392354E+02
   0.7821769E+00      0.1431628E+02
   0.8062439E+00      0.1449185E+02
   0.8303108E+00      0.1455350E+02
   0.8543778E+00      0.1454812E+02
   0.8784448E+00      0.1450239E+02
   0.9025118E+00      0.1443321E+02
   0.9265788E+00      0.1435203E+02
   0.9506457E+00      0.1426680E+02
   0.9747127E+00      0.1418321E+02
   0.9987797E+00      0.1410529E+02
   0.1022847E+01      0.1403597E+02
   0.1046914E+01      0.1397727E+02
   0.1070981E+01      0.1393063E+02
   0.1095048E+01      0.1389703E+02
   0.1119115E+01      0.1387714E+02
   0.1143182E+01      0.1387150E+02
   0.1167249E+01      0.1388060E+02
   0.1191316E+01      0.1390536E+02
   0.1215383E+01      0.1394868E+02
   0.1239450E+01      0.1455973E+02
   0.1263516E+01      0.1502356E+02
   0.1287583E+01      0.1527375E+02
   0.1311650E+01      0.1544647E+02
   0.1335717E+01      0.1558178E+02
   0.1359784E+01      0.1569975E+02
   0.1383851E+01      0.1581296E+02
   0.1407918E+01      0.1593034E+02
   0.1431985E+01      0.1605894E+02
   0.1456052E+01      0.1620468E+02
   0.1480119E+01      0.1637301E+02
   0.1504186E+01      0.1656936E+02
   0.1528253E+01      0.1679982E+02
   0.1552320E+01      0.1707264E+02
   0.1576387E+01      0.1740370E+02
   0.1600454E+01      0.1787107E+02
   0.1624521E+01      0.2135048E+02
   0.1648588E+01      0.2268800E+02
   0.1672655E+01      0.2348372E+02
   0.1696722E+01      0.2406198E+02
   0.1720789E+01      0.2454562E+02
   0.1744856E+01      0.2499901E+02
   0.1768923E+01      0.2545919E+02
   0.1792990E+01      0.2594593E+02
   0.1817057E+01      0.2646476E+02
   0.1841124E+01      0.2700617E+02
   0.1865191E+01      0.2754685E+02
   0.1889258E+01      0.2936876E+02
   0.1913325E+01      0.2956148E+02
   0.1937392E+01      0.2832298E+02
   0.1961459E+01      0.2697646E+02
   0.1985526E+01      0.2279594E+02
   0.2009593E+01      0.2130195E+02
   0.2033660E+01      0.1854451E+02
   0.2057727E+01      0.1371780E+02
   0.2081794E+01      0.1333375E+02
   0.2105861E+01      0.1306910E+02
   0.2129928E+01      0.1288405E+02
   0.2153995E+01      0.1276959E+02
   0.2178062E+01      0.1272630E+02
   0.2202129E+01      0.1276642E+02
   0.2226196E+01      0.1295448E+02
   0.2250263E+01      0.1386215E+02
   0.2274330E+01      0.9240786E+02
   0.2298397E+01      0.1387013E+02
   0.2322464E+01      0.1393696E+02
   0.2346531E+01      0.1444311E+02
   0.2370598E+01      0.1546890E+02
   0.2394665E+01      0.2084828E+02
   0.2418732E+01      0.2275492E+02
   0.2442799E+01      0.2469041E+02
   0.2466866E+01      0.2772712E+02
   0.2490933E+01      0.3049283E+02
   0.2514999E+01      0.1992444E+02
   0.2539066E+01      0.1989726E+02
   0.2563133E+01      0.1980875E+02
   0.2587200E+01      0.1923746E+02
   0.2611267E+01      0.1217722E+02
   0.2635334E+01      0.1202035E+02
   0.2659401E+01      0.1255092E+02
   0.2683468E+01      0.1343398E+02
   0.2707535E+01      0.1493869E+02
   0.2731602E+01      0.1784164E+02
   0.2755669E+01      0.2545188E+02
   0.2779736E+01      0.3336369E+02
   0.2803803E+01      0.1832041E+02
   0.2827870E+01      0.1264566E+02
   0.2851937E+01      0.9130177E+01
   0.2876004E+01      0.1004328E+02
   0.2900071E+01      0.1295349E+02
   0.2924138E+01      0.1479624E+02
   0.2948205E+01      0.1146294E+02
   0.2972272E+01      0.1159036E+02
   0.2996339E+01      0.1467779E+02
   0.3020406E+01      0.1220909E+02
   0.3044473E+01      0.1074089E+02
   0.3068540E+01      0.1061500E+02
   0.3092607E+01      0.1077503E+02
   0.3116674E+01      0.1111287E+02
   0.3140741E+01      0.1055323E+02
   0.3164808E+01      0.8621070E+01
   0.3188875E+01      0.7779928E+01
   0.3212942E+01      0.7433773E+01
   0.3237009E+01      0.7295980E+01
   0.3261076E+01      0.7198375E+01
   0.3285143E+01      0.7134933E+01
   0.3309210E+01      0.7050166E+01
   0.3333277E+01      0.6930799E+01
   0.3357344E+01      0.6691930E+01
   0.3381411E+01      0.6515143E+01
   0.3405478E+01      0.6525938E+01
   0.3429545E+01      0.6537794E+01
   0.3453612E+01      0.6559010E+01
   0.3477679E+01      0.6619232E+01
   0.3501746E+01      0.6815190E+01
   0.3525813E+01      0.7242588E+01
   0.3549880E+01      0.6776437E+01
   0.3573947E+01      0.6041187E+01
   0.3598014E+01      0.5888951E+01
   0.3622081E+01      0.5945563E+01
   0.3646148E+01      0.6341836E+01
   0.3670215E+01      0.9629070E+01
   0.3694282E+01      0.8664135E+01
   0.3718349E+01      0.6726187E+01
   0.3742416E+01      0.6732473E+01
   0.3766482E+01      0.6573330E+01
   0.3790549E+01      0.6150082E+01
   0.3814616E+01      0.5788214E+01
   0.3838683E+01      0.5431541E+01
   0.3862750E+01      0.6296190E+01
   0.3886817E+01      0.6525148E+01
   0.3910884E+01      0.6367445E+01
   0.3934951E+01      0.6021460E+01
   0.3959018E+01      0.5425331E+01
   0.3983085E+01      0.4574051E+01
   0.4007152E+01      0.4298325E+01
   0.4031219E+01      0.4221852E+01
   0.4055286E+01      0.4317075E+01
   0.4079353E+01      0.4471014E+01
   0.4103420E+01      0.4665803E+01
   0.4127487E+01      0.4880521E+01
   0.4151554E+01      0.5098029E+01
   0.4175621E+01      0.5316042E+01
   0.4199688E+01      0.5551980E+01
   0.4223755E+01      0.5854496E+01
   0.4247822E+01      0.4226065E+01
   0.4271889E+01      0.7074619E+01
   0.4295956E+01      0.7986409E+01
   0.4320023E+01      0.4888011E+01
   0.4344090E+01      0.3895323E+01
   0.4368157E+01      0.3472069E+01
   0.4392224E+01      0.3472853E+01
   0.4416291E+01      0.3782276E+01
   0.4440358E+01      0.4227025E+01
   0.4464425E+01      0.4680342E+01
   0.4488492E+01      0.4806928E+01
   0.4512559E+01      0.3033709E+01
   0.4536626E+01      0.1567345E+01
   0.4560693E+01      0.1962929E+01
   0.4584760E+01      0.2392374E+01
   0.4608827E+01      0.2618827E+01
   0.4632894E+01      0.4689639E-08
   0.4656961E+01      0.1318996E-04
   0.4681028E+01      0.3442293E-11
   0.4705095E+01      0.1669414E-11
   0.4729162E+01      0.1466894E-11
   0.4753229E+01      0.1074030E-11
   0.4777296E+01      0.7837854E-12
   0.4801363E+01      0.6322386E-12
   0.4825430E+01      0.4816725E-12
   0.4849497E+01      0.4378417E-12
   0.4873564E+01      0.5595256E-12
   0.4897631E+01      0.2020280E-12
   0.4921698E+01      0.2302047E-12
   0.4945765E+01      0.2076264E-12
   0.4969832E+01      0.3638409E-12
   0.4993899E+01      0.1487032E-12
   0.5017966E+01      0.2026101E-12
   0.5042032E+01      0.1708745E-12
   0.5066099E+01      0.1729295E-12
   0.5090166E+01      0.1573656E-12
   0.5114233E+01      0.1689800E-12
   0.5138300E+01      0.1772376E-12
   0.5162367E+01      0.7970999E-13
   0.5186434E+01      0.1861909E-12
   0.5210501E+01      0.1026074E-12
   0.5234568E+01      0.7582606E-13
   0.5258635E+01      0.7639267E-13
   0.5282702E+01      0.1112315E-12
   0.5306769E+01      0.1412198E-12
   0.5330836E+01      0.5259966E-13
   0.5354903E+01      0.6915376E-13
   0.5378970E+01      0.8187314E-13
   0.5403037E+01      0.1310226E-12
   0.5427104E+01      0.3144887E-13
   0.5451171E+01      0.9450369E-13
   0.5475238E+01      0.2253257E-14
   0.5499305E+01      0.1406586E-12
   0.5523372E+01      0.1043267E-12
   0.5547439E+01      0.9517425E-13
   0.5571506E+01      0.7705111E-13
   0.5595573E+01      0.6783517E-13
   0.5619640E+01      0.3853749E-13
   0.5643707E+01      0.7860431E-13
   0.5667774E+01      0.9355895E-13
   0.5691841E+01      0.6967576E-13
   0.5715908E+01      0.1404185E-12
   0.5739975E+01      0.1264961E-12
   0.5764042E+01      0.8908366E-13
   0.5788109E+01      0.6376295E-13
   0.5812176E+01      0.7656245E-13
   0.5836243E+01      0.7992234E-13
   0.5860310E+01      0.7229836E-13
   0.5884377E+01      0.8094634E-13
   0.5908444E+01      0.1024319E-12
   0.5932511E+01      0.1370600E-12
   0.5956578E+01      0.1234951E-12
   0.5980645E+01      0.1341998E-12
   0.6004712E+01      0.1094654E-12
   0.6028779E+01      0.1286228E-12
   0.6052846E+01      0.1690413E-12
   0.6076913E+01      0.2061736E-12
   0.6100980E+01      0.2443606E-12
   0.6125047E+01      0.3301384E-12
   0.6149114E+01      0.4298653E-12
   0.6173181E+01      0.6267973E-12
   0.6197248E+01      0.2100768E-11
   0.6221315E+01      0.2871229E-11
   0.6245382E+01      0.2585574E-10
   0.6269449E+01      0.4310711E-10
   0.6293515E+01      0.1252692E-10
   0.6317582E+01      0.2586667E-11
   0.6341649E+01      0.1006883E-11
   0.6365716E+01      0.5755916E-12
   0.6389783E+01      0.4016548E-12
   0.6413850E+01      0.2722788E-12
   0.6437917E+01      0.2308758E-12
   0.6461984E+01      0.1945994E-12
   0.6486051E+01      0.1883160E-12
   0.6510118E+01      0.1340619E-12
   0.6534185E+01      0.1590813E-12
   0.6558252E+01      0.1196291E-12
   0.6582319E+01      0.8520517E-13
   0.6606386E+01      0.1025974E-12
   0.6630453E+01      0.1058766E-12
   0.6654520E+01      0.1092607E-12
   0.6678587E+01      0.1080440E-12
   0.6702654E+01      0.1153774E-12
   0.6726721E+01      0.9680937E-13
   0.6750788E+01      0.1116693E-12
   0.6774855E+01      0.1030964E-12
   0.6798922E+01      0.1088979E-12
   0.6822989E+01      0.1211232E-12
   0.6847056E+01      0.1112606E-12
   0.6871123E+01      0.1191600E-12
   0.6895190E+01      0.1301266E-12
   0.6919257E+01      0.1416560E-12
   0.6943324E+01      0.2122571E-12
   0.6967391E+01      0.2635868E-12
   0.6991458E+01      0.3685852E-12
   0.7015525E+01      0.5662783E-12
   0.7039592E+01      0.1127297E-11
   0.7063659E+01      0.3414429E-11
   0.7087726E+01      0.5587614E-10
   0.7111793E+01      0.1343354E-10
   0.7135860E+01      0.1928561E-11
   0.7159927E+01     -0.5626135E-12
   0.7183994E+01     -0.1184801E-09
   0.7208061E+01     -0.2402302E-11
   0.7232128E+01     -0.1327790E-12
   0.7256195E+01      0.7318880E-13
   0.7280262E+01      0.3026899E-12
   0.7304329E+01      0.4808672E-12
   0.7328396E+01      0.2121997E-10
   0.7352463E+01      0.1487842E-11
   0.7376530E+01      0.3770589E-12
   0.7400597E+01      0.2135533E-12
   0.7424664E+01      0.2078561E-12
   0.7448731E+01      0.1943116E-12
   0.7472798E+01      0.1758667E-12
   0.7496865E+01      0.1884127E-12
   0.7520932E+01      0.1955805E-12
   0.7544998E+01      0.1871897E-12
   0.7569065E+01      0.2247367E-12
   0.7593132E+01      0.2352891E-12
   0.7617199E+01      0.2600057E-12
   0.7641266E+01      0.2915521E-12
   0.7665333E+01      0.3408825E-12
   0.7689400E+01      0.3739059E-12
   0.7713467E+01      0.2455279E-12
   0.7737534E+01      0.1325457E-11
   0.7761601E+01      0.8471480E-12
   0.7785668E+01      0.1185350E-11
   0.7809735E+01      0.1771543E-11
   0.7833802E+01      0.2917532E-11
   0.7857869E+01      0.6275877E-11
   0.7881936E+01      0.2092369E-10
   0.7906003E+01      0.9822970E-09
   0.7930070E+01      0.4284966E-10
   0.7954137E+01      0.1081081E-10
   0.7978204E+01      0.1268639E-10
   0.8002271E+01      0.7033333E-09
   0.8026338E+01     -0.6717337E-10
   0.8050405E+01      0.1721129E-10
   0.8074472E+01     -0.4936381E-12
   0.8098539E+01     -0.1283727E-11
   0.8122606E+01     -0.4799806E-10
   0.8146673E+01     -0.4808650E-11
   0.8170740E+01     -0.5686339E-12
   0.8194807E+01     -0.4387987E-13
   0.8218874E+01      0.1137958E-12
   0.8242941E+01      0.1695361E-12
   0.8267008E+01      0.1646197E-12
   0.8291075E+01      0.1926434E-12
   0.8315142E+01      0.1766196E-12
   0.8339209E+01      0.1905694E-12
   0.8363276E+01      0.1739639E-12
   0.8387343E+01      0.1887184E-12
   0.8411410E+01      0.1903778E-12
   0.8435477E+01      0.2487243E-12
   0.8459544E+01      0.3698574E-12
   0.8483611E+01      0.1672766E-11
   0.8507678E+01      0.5593072E-11
   0.8531745E+01      0.5325008E-12
   0.8555812E+01      0.2808778E-12
   0.8579879E+01      0.2045509E-12
   0.8603946E+01      0.1713540E-12
   0.8628013E+01      0.1393440E-12
   0.8652080E+01      0.1283156E-12
   0.8676147E+01      0.1267038E-12
   0.8700214E+01      0.1107148E-12
   0.8724281E+01      0.2712773E-13
   0.8748348E+01     -0.5744595E-13
   0.8772415E+01     -0.2795682E-12
   0.8796481E+01     -0.1358396E-11
   0.8820548E+01     -0.1701296E-10
   0.8844615E+01      0.7045537E-09
   0.8868682E+01      0.3207237E-11
   0.8892749E+01      0.4119438E-12
   0.8916816E+01      0.2029790E-12
   0.8940883E+01      0.2100531E-12
   0.8964950E+01      0.2347205E-12
   0.8989017E+01      0.2524177E-12
   0.9013084E+01      0.2198588E-12
   0.9037151E+01      0.1653322E-12
   0.9061218E+01      0.1823844E-13
   0.9085285E+01     -0.1812820E-12
   0.9109352E+01     -0.1359669E-11
   0.9133419E+01     -0.1227123E-10
   0.9157486E+01     -0.3959511E-10
   0.9181553E+01     -0.2402300E-11
   0.9205620E+01     -0.1111475E-12
   0.9229687E+01      0.4818358E-12
   0.9253754E+01      0.8049835E-12
   0.9277821E+01      0.1074633E-11
   0.9301888E+01      0.1322857E-11
   0.9325955E+01      0.1623784E-11
   0.9350022E+01      0.1961725E-11
   0.9374089E+01      0.2397176E-11
   0.9398156E+01      0.2959663E-11
   0.9422223E+01      0.3714116E-11
   0.9446290E+01      0.4733404E-11
   0.9470357E+01      0.6191561E-11
   0.9494424E+01      0.8348076E-11
   0.9518491E+01      0.1173352E-10
   0.9542558E+01      0.1738132E-10
   0.9566625E+01      0.2769857E-10
   0.9590692E+01      0.4917892E-10
   0.9614759E+01      0.1044659E-09
   0.9638826E+01      0.3165405E-09
   0.9662893E+01      0.3202923E-08
   0.9686960E+01     -0.6745978E-08
   0.9711027E+01      0.5262156E-08
   0.9735094E+01     -0.4823927E-08
   0.9759161E+01     -0.6784792E-09
   0.9783228E+01      0.2703575E-08
   0.9807295E+01      0.1148645E-08
   0.9831362E+01     -0.2256487E-09
   0.9855429E+01     -0.1679857E-07
   0.9879496E+01     -0.9509190E-09
   0.9903563E+01      0.8085594E-06
   0.9927630E+01      0.1841533E-10
   0.9951697E+01     -0.2385424E-10
   0.9975764E+01     -0.1456461E-10
   0.9999831E+01     -0.1066210E-11
 &
 @autoscale
 @target G3.S0
