 @target G3.S0
 @type xy
  -0.9999831E+01      0.1954060E+01
  -0.9975764E+01      0.1377585E+01
  -0.9951697E+01      0.1180862E+01
  -0.9927630E+01      0.1069467E+01
  -0.9903563E+01      0.9937513E+00
  -0.9879496E+01      0.9371265E+00
  -0.9855429E+01      0.4614514E+01
  -0.9831362E+01      0.2701830E+01
  -0.9807295E+01      0.2219760E+01
  -0.9783228E+01      0.1965540E+01
  -0.9759161E+01      0.1799062E+01
  -0.9735094E+01      0.1677716E+01
  -0.9711027E+01      0.1583429E+01
  -0.9686960E+01      0.1507002E+01
  -0.9662893E+01      0.1443166E+01
  -0.9638826E+01      0.1388642E+01
  -0.9614759E+01      0.1341265E+01
  -0.9590692E+01      0.1299530E+01
  -0.9566625E+01      0.1262357E+01
  -0.9542558E+01      0.1228941E+01
  -0.9518491E+01      0.1198672E+01
  -0.9494424E+01      0.1171073E+01
  -0.9470357E+01      0.1145768E+01
  -0.9446290E+01      0.1122452E+01
  -0.9422223E+01      0.1100879E+01
  -0.9398156E+01      0.2239863E+01
  -0.9374089E+01      0.1880900E+01
  -0.9350022E+01      0.1714315E+01
  -0.9325955E+01      0.1609623E+01
  -0.9301888E+01      0.1534294E+01
  -0.9277821E+01      0.1475789E+01
  -0.9253754E+01      0.3040632E+01
  -0.9229687E+01      0.2287217E+01
  -0.9205620E+01      0.2045997E+01
  -0.9181553E+01      0.1907368E+01
  -0.9157486E+01      0.1811107E+01
  -0.9133419E+01      0.1737676E+01
  -0.9109352E+01      0.4380405E+01
  -0.9085285E+01      0.3371874E+01
  -0.9061218E+01      0.2974238E+01
  -0.9037151E+01      0.2738577E+01
  -0.9013084E+01      0.2574859E+01
  -0.8989017E+01      0.2451021E+01
  -0.8964950E+01      0.2352280E+01
  -0.8940883E+01      0.2270696E+01
  -0.8916816E+01      0.2201546E+01
  -0.8892749E+01      0.2141805E+01
  -0.8868682E+01      0.2089427E+01
  -0.8844615E+01      0.2042967E+01
  -0.8820548E+01      0.2001368E+01
  -0.8796481E+01      0.1963834E+01
  -0.8772415E+01      0.1929754E+01
  -0.8748348E+01      0.1898647E+01
  -0.8724281E+01      0.1870128E+01
  -0.8700214E+01      0.4845470E+01
  -0.8676147E+01      0.3900749E+01
  -0.8652080E+01      0.3497718E+01
  -0.8628013E+01      0.3257441E+01
  -0.8603946E+01      0.3091833E+01
  -0.8579879E+01      0.2967984E+01
  -0.8555812E+01      0.2870417E+01
  -0.8531745E+01      0.2790754E+01
  -0.8507678E+01      0.2724003E+01
  -0.8483611E+01      0.2666976E+01
  -0.8459544E+01      0.2617523E+01
  -0.8435477E+01      0.2574133E+01
  -0.8411410E+01      0.2535708E+01
  -0.8387343E+01      0.2501427E+01
  -0.8363276E+01      0.5182665E+01
  -0.8339209E+01      0.3463810E+01
  -0.8315142E+01      0.3168660E+01
  -0.8291075E+01      0.3017800E+01
  -0.8267008E+01      0.2918824E+01
  -0.8242941E+01      0.2845957E+01
  -0.8218874E+01      0.5898664E+01
  -0.8194807E+01      0.4690186E+01
  -0.8170740E+01      0.4249886E+01
  -0.8146673E+01      0.3998197E+01
  -0.8122606E+01      0.3828161E+01
  -0.8098539E+01      0.1513886E+02
  -0.8074472E+01      0.5329762E+01
  -0.8050405E+01      0.4760410E+01
  -0.8026338E+01      0.4460846E+01
  -0.8002271E+01      0.4264392E+01
  -0.7978204E+01      0.4121589E+01
  -0.7954137E+01      0.4011628E+01
  -0.7930070E+01      0.3923932E+01
  -0.7906003E+01      0.5663425E+01
  -0.7881936E+01      0.4850392E+01
  -0.7857869E+01      0.2471523E+02
  -0.7833802E+01      0.1731477E+02
  -0.7809735E+01      0.1246660E+02
  -0.7785668E+01      0.1054210E+02
  -0.7761601E+01      0.9458080E+01
  -0.7737534E+01      0.8747462E+01
  -0.7713467E+01      0.8240899E+01
  -0.7689400E+01      0.7860871E+01
  -0.7665333E+01      0.7566581E+01
  -0.7641266E+01      0.8412415E+01
  -0.7617199E+01      0.1420632E+02
  -0.7593132E+01      0.1020267E+02
  -0.7569065E+01      0.1045293E+02
  -0.7544998E+01      0.9671752E+01
  -0.7520932E+01      0.1047600E+02
  -0.7496865E+01      0.1275700E+02
  -0.7472798E+01      0.1460553E+02
  -0.7448731E+01      0.1745777E+02
  -0.7424664E+01      0.1356051E+02
  -0.7400597E+01      0.2190454E+02
  -0.7376530E+01      0.1490588E+02
  -0.7352463E+01      0.1459850E+02
  -0.7328396E+01      0.2123366E+02
  -0.7304329E+01      0.1417224E+02
  -0.7280262E+01      0.2194478E+02
  -0.7256195E+01      0.1900196E+02
  -0.7232128E+01      0.2043520E+02
  -0.7208061E+01      0.1435746E+02
  -0.7183994E+01      0.1381081E+02
  -0.7159927E+01      0.1350694E+02
  -0.7135860E+01      0.1468450E+02
  -0.7111793E+01      0.1504663E+02
  -0.7087726E+01      0.1151187E+02
  -0.7063659E+01      0.1740210E+02
  -0.7039592E+01      0.2386802E+02
  -0.7015525E+01      0.4592240E+02
  -0.6991458E+01      0.2256736E+02
  -0.6967391E+01      0.3834414E+02
  -0.6943324E+01      0.2398196E+02
  -0.6919257E+01      0.3479054E+02
  -0.6895190E+01      0.2639492E+02
  -0.6871123E+01      0.1926034E+02
  -0.6847056E+01      0.2480614E+02
  -0.6822989E+01      0.1469243E+02
  -0.6798922E+01      0.2246002E+02
  -0.6774855E+01      0.1783913E+02
  -0.6750788E+01      0.1602581E+02
  -0.6726721E+01      0.1709719E+02
  -0.6702654E+01      0.2695797E+02
  -0.6678587E+01      0.2112752E+02
  -0.6654520E+01      0.2101283E+02
  -0.6630453E+01      0.2171826E+02
  -0.6606386E+01      0.2886258E+02
  -0.6582319E+01      0.2641507E+02
  -0.6558252E+01      0.2732341E+02
  -0.6534185E+01      0.1746364E+02
  -0.6510118E+01      0.2735989E+02
  -0.6486051E+01      0.2184796E+02
  -0.6461984E+01      0.1720086E+02
  -0.6437917E+01      0.1649562E+02
  -0.6413850E+01      0.1628343E+02
  -0.6389783E+01      0.1679215E+02
  -0.6365716E+01      0.1648669E+02
  -0.6341649E+01      0.1613350E+02
  -0.6317582E+01      0.1188425E+02
  -0.6293515E+01      0.1231575E+02
  -0.6269449E+01      0.1742289E+02
  -0.6245382E+01      0.2089277E+02
  -0.6221315E+01      0.1218849E+02
  -0.6197248E+01      0.1690491E+02
  -0.6173181E+01      0.3838744E+02
  -0.6149114E+01      0.2327979E+02
  -0.6125047E+01      0.1905066E+02
  -0.6100980E+01      0.1551558E+02
  -0.6076913E+01      0.1180130E+02
  -0.6052846E+01      0.1422326E+02
  -0.6028779E+01      0.1388303E+02
  -0.6004712E+01      0.1521825E+02
  -0.5980645E+01      0.3066499E+02
  -0.5956578E+01      0.2072010E+02
  -0.5932511E+01      0.1689032E+02
  -0.5908444E+01      0.1612246E+02
  -0.5884377E+01      0.3221786E+02
  -0.5860310E+01      0.2352934E+02
  -0.5836243E+01      0.2000790E+02
  -0.5812176E+01      0.2751192E+02
  -0.5788109E+01      0.1940860E+02
  -0.5764042E+01      0.2828078E+02
  -0.5739975E+01      0.2363928E+02
  -0.5715908E+01      0.2696795E+02
  -0.5691841E+01      0.4439894E+02
  -0.5667774E+01      0.2816762E+02
  -0.5643707E+01      0.3028977E+02
  -0.5619640E+01      0.2628706E+02
  -0.5595573E+01      0.4751077E+02
  -0.5571506E+01      0.3863645E+02
  -0.5547439E+01      0.3377279E+02
  -0.5523372E+01      0.3711435E+02
  -0.5499305E+01      0.3261995E+02
  -0.5475238E+01      0.3138602E+02
  -0.5451171E+01      0.5217778E+02
  -0.5427104E+01      0.5103284E+02
  -0.5403037E+01      0.2763628E+02
  -0.5378970E+01      0.5955862E+02
  -0.5354903E+01      0.5774402E+02
  -0.5330836E+01      0.5614428E+02
  -0.5306769E+01      0.1745423E+02
  -0.5282702E+01      0.2545121E+02
  -0.5258635E+01      0.2147256E+02
  -0.5234568E+01      0.2109926E+02
  -0.5210501E+01      0.2585296E+02
  -0.5186434E+01      0.6171908E+02
  -0.5162367E+01      0.2837655E+02
  -0.5138300E+01      0.2565668E+02
  -0.5114233E+01      0.3359925E+02
  -0.5090166E+01      0.2648124E+02
  -0.5066099E+01      0.2701423E+02
  -0.5042032E+01      0.3284171E+02
  -0.5017966E+01      0.3397014E+02
  -0.4993899E+01      0.3377329E+02
  -0.4969832E+01      0.2335848E+02
  -0.4945765E+01      0.2416091E+02
  -0.4921698E+01      0.3511429E+02
  -0.4897631E+01      0.3647736E+02
  -0.4873564E+01      0.4384207E+02
  -0.4849497E+01      0.5233272E+02
  -0.4825430E+01      0.6147113E+02
  -0.4801363E+01      0.3936783E+02
  -0.4777296E+01      0.8872886E+02
  -0.4753229E+01      0.3837326E+02
  -0.4729162E+01      0.3145193E+02
  -0.4705095E+01      0.2844091E+02
  -0.4681028E+01      0.3219972E+02
  -0.4656961E+01      0.3271555E+02
  -0.4632894E+01      0.7000768E+02
  -0.4608827E+01      0.4661397E+02
  -0.4584760E+01      0.5987759E+02
  -0.4560693E+01      0.3198496E+02
  -0.4536626E+01      0.2950728E+02
  -0.4512559E+01      0.3298410E+02
  -0.4488492E+01      0.3682624E+02
  -0.4464425E+01      0.3365173E+02
  -0.4440358E+01      0.2923408E+02
  -0.4416291E+01      0.2685449E+02
  -0.4392224E+01      0.3705840E+02
  -0.4368157E+01      0.2094890E+02
  -0.4344090E+01      0.1947073E+02
  -0.4320023E+01      0.2087779E+02
  -0.4295956E+01      0.1863710E+02
  -0.4271889E+01      0.1606695E+02
  -0.4247822E+01      0.1589816E+02
  -0.4223755E+01      0.3163580E+02
  -0.4199688E+01      0.3086544E+02
  -0.4175621E+01      0.2579837E+02
  -0.4151554E+01      0.2587723E+02
  -0.4127487E+01      0.3601964E+02
  -0.4103420E+01      0.2881234E+02
  -0.4079353E+01      0.3254107E+02
  -0.4055286E+01      0.2872511E+02
  -0.4031219E+01      0.2476692E+02
  -0.4007152E+01      0.2576294E+02
  -0.3983085E+01      0.3091317E+02
  -0.3959018E+01      0.3014379E+02
  -0.3934951E+01      0.4611382E+02
  -0.3910884E+01      0.2834815E+02
  -0.3886817E+01      0.3077624E+02
  -0.3862750E+01      0.3247746E+02
  -0.3838683E+01      0.3040306E+02
  -0.3814616E+01      0.3108449E+02
  -0.3790549E+01      0.4156565E+02
  -0.3766482E+01      0.3088266E+02
  -0.3742416E+01      0.4788415E+02
  -0.3718349E+01      0.3734659E+02
  -0.3694282E+01      0.3436598E+02
  -0.3670215E+01      0.2889634E+02
  -0.3646148E+01      0.2572588E+02
  -0.3622081E+01      0.2725546E+02
  -0.3598014E+01      0.2796283E+02
  -0.3573947E+01      0.2392674E+02
  -0.3549880E+01      0.2406583E+02
  -0.3525813E+01      0.2990985E+02
  -0.3501746E+01      0.2746475E+02
  -0.3477679E+01      0.3198113E+02
  -0.3453612E+01      0.3404944E+02
  -0.3429545E+01      0.3207377E+02
  -0.3405478E+01      0.2410907E+02
  -0.3381411E+01      0.3622554E+02
  -0.3357344E+01      0.5159502E+02
  -0.3333277E+01      0.2761452E+02
  -0.3309210E+01      0.2593449E+02
  -0.3285143E+01      0.6809197E+02
  -0.3261076E+01      0.2573231E+02
  -0.3237009E+01      0.2650804E+02
  -0.3212942E+01      0.2612657E+02
  -0.3188875E+01      0.2289092E+02
  -0.3164808E+01      0.2874568E+02
  -0.3140741E+01      0.2033094E+02
  -0.3116674E+01      0.2027528E+02
  -0.3092607E+01      0.2079758E+02
  -0.3068540E+01      0.2173115E+02
  -0.3044473E+01      0.2043372E+02
  -0.3020406E+01      0.2606717E+02
  -0.2996339E+01      0.2541957E+02
  -0.2972272E+01      0.2371016E+02
  -0.2948205E+01      0.2940168E+02
  -0.2924138E+01      0.2977625E+02
  -0.2900071E+01      0.3993310E+02
  -0.2876004E+01      0.3569611E+02
  -0.2851937E+01      0.2564396E+02
  -0.2827870E+01      0.2380219E+02
  -0.2803803E+01      0.2375451E+02
  -0.2779736E+01      0.2353213E+02
  -0.2755669E+01      0.2504693E+02
  -0.2731602E+01      0.2454138E+02
  -0.2707535E+01      0.3810110E+02
  -0.2683468E+01      0.3450118E+02
  -0.2659401E+01      0.3533965E+02
  -0.2635334E+01      0.5229351E+02
  -0.2611267E+01      0.4128434E+02
  -0.2587200E+01      0.3865041E+02
  -0.2563133E+01      0.3615489E+02
  -0.2539066E+01      0.4270366E+02
  -0.2514999E+01      0.4498289E+02
  -0.2490933E+01      0.5218680E+02
  -0.2466866E+01      0.5515602E+02
  -0.2442799E+01      0.4595647E+02
  -0.2418732E+01      0.4442025E+02
  -0.2394665E+01      0.3464136E+02
  -0.2370598E+01      0.5924455E+02
  -0.2346531E+01      0.2167999E+02
  -0.2322464E+01      0.2443078E+02
  -0.2298397E+01      0.3564839E+02
  -0.2274330E+01      0.1913010E+02
  -0.2250263E+01      0.1064390E+02
  -0.2226196E+01      0.7503054E+01
  -0.2202129E+01      0.7749615E+01
  -0.2178062E+01      0.8436232E+01
  -0.2153995E+01      0.1011909E+02
  -0.2129928E+01      0.2082418E+02
  -0.2105861E+01      0.2883499E+01
  -0.2081794E+01      0.3187399E+01
  -0.2057727E+01      0.3054819E+01
  -0.2033660E+01      0.2986430E+01
  -0.2009593E+01      0.2936294E+01
  -0.1985526E+01      0.2894556E+01
  -0.1961459E+01      0.2857651E+01
  -0.1937392E+01      0.2823927E+01
  -0.1913325E+01      0.2792496E+01
  -0.1889258E+01      0.2762828E+01
  -0.1865191E+01      0.2734581E+01
  -0.1841124E+01      0.2707522E+01
  -0.1817057E+01      0.2681481E+01
  -0.1792990E+01      0.2656336E+01
  -0.1768923E+01      0.2631990E+01
  -0.1744856E+01      0.2608367E+01
  -0.1720789E+01      0.2585405E+01
  -0.1696722E+01      0.1177212E+02
  -0.1672655E+01      0.4987807E+01
  -0.1648588E+01      0.1176216E+02
  -0.1624521E+01      0.5903455E+01
  -0.1600454E+01      0.4886036E+01
  -0.1576387E+01      0.4366919E+01
  -0.1552320E+01      0.4037859E+01
  -0.1528253E+01      0.3805963E+01
  -0.1504186E+01      0.3631473E+01
  -0.1480119E+01      0.3494061E+01
  -0.1456052E+01      0.3382120E+01
  -0.1431985E+01      0.3288493E+01
  -0.1407918E+01      0.3208510E+01
  -0.1383851E+01      0.3138987E+01
  -0.1359784E+01      0.3077674E+01
  -0.1335717E+01      0.3022936E+01
  -0.1311650E+01      0.2973552E+01
  -0.1287583E+01      0.2928598E+01
  -0.1263516E+01      0.2887353E+01
  -0.1239450E+01      0.4363481E+01
  -0.1215383E+01      0.3725096E+01
  -0.1191316E+01      0.3498009E+01
  -0.1167249E+01      0.3363538E+01
  -0.1143182E+01      0.3268074E+01
  -0.1119115E+01      0.3193694E+01
  -0.1095048E+01      0.3132425E+01
  -0.1070981E+01      0.3080082E+01
  -0.1046914E+01      0.3034213E+01
  -0.1022847E+01      0.2993264E+01
  -0.9987797E+00      0.2956191E+01
  -0.9747127E+00      0.2922256E+01
  -0.9506457E+00      0.2890922E+01
  -0.9265788E+00      0.2861783E+01
  -0.9025118E+00      0.6618959E+01
  -0.8784448E+00      0.3931516E+01
  -0.8543778E+00      0.3567671E+01
  -0.8303108E+00      0.3383910E+01
  -0.8062439E+00      0.3263359E+01
  -0.7821769E+00      0.3174154E+01
  -0.7581099E+00      0.5264561E+01
  -0.7340429E+00      0.4458497E+01
  -0.7099759E+00      0.4108227E+01
  -0.6859090E+00      0.3891070E+01
  -0.6618420E+00      0.3735708E+01
  -0.6377750E+00      0.3615609E+01
  -0.6137080E+00      0.3518177E+01
  -0.5896410E+00      0.3436494E+01
  -0.5655740E+00      0.3366368E+01
  -0.5415071E+00      0.3305074E+01
  -0.5174401E+00      0.3250744E+01
  -0.4933731E+00      0.3202045E+01
  -0.4693061E+00      0.3157990E+01
  -0.4452391E+00      0.3117833E+01
  -0.4211722E+00      0.3080993E+01
  -0.3971052E+00      0.3047013E+01
  -0.3730382E+00      0.3015523E+01
  -0.3489712E+00      0.2986223E+01
  -0.3249042E+00      0.2958866E+01
  -0.3008373E+00      0.2933244E+01
  -0.2767703E+00      0.2909185E+01
  -0.2527033E+00      0.2886540E+01
  -0.2286363E+00      0.2865182E+01
  -0.2045693E+00      0.5395920E+01
  -0.1805024E+00      0.4049343E+01
  -0.1564354E+00      0.3731974E+01
  -0.1323684E+00      0.3566386E+01
  -0.1083014E+00      0.3457832E+01
  -0.8423443E-01      0.3378156E+01
  -0.6016745E-01      0.3315620E+01
  -0.3610047E-01      0.3264335E+01
  -0.1203349E-01      0.3220971E+01
   0.1203349E-01      0.3183484E+01
   0.3610047E-01      0.3150534E+01
   0.6016745E-01      0.3121203E+01
   0.8423443E-01      0.3094833E+01
   0.1083014E+00      0.3070942E+01
   0.1323684E+00      0.3049162E+01
   0.1564354E+00      0.4826990E+01
   0.1805024E+00      0.4142030E+01
   0.2045693E+00      0.3885682E+01
   0.2286363E+00      0.3737117E+01
   0.2527033E+00      0.3635239E+01
   0.2767703E+00      0.3558816E+01
   0.3008373E+00      0.3498243E+01
   0.3249042E+00      0.3448442E+01
   0.3489712E+00      0.3406431E+01
   0.3730382E+00      0.3370329E+01
   0.3971052E+00      0.3338877E+01
   0.4211722E+00      0.3311193E+01
   0.4452391E+00      0.3286640E+01
   0.4693061E+00      0.3264744E+01
   0.4933731E+00      0.3245142E+01
   0.5174401E+00      0.3227553E+01
   0.5415071E+00      0.3211753E+01
   0.5655740E+00      0.3197563E+01
   0.5896410E+00      0.3184840E+01
   0.6137080E+00      0.3173464E+01
   0.6377750E+00      0.3163339E+01
   0.6618420E+00      0.3154382E+01
   0.6859090E+00      0.3146529E+01
   0.7099759E+00      0.3139723E+01
   0.7340429E+00      0.6986384E+01
   0.7581099E+00      0.4466526E+01
   0.7821769E+00      0.4107682E+01
   0.8062439E+00      0.3939271E+01
   0.8303108E+00      0.3837200E+01
   0.8543778E+00      0.3767626E+01
   0.8784448E+00      0.3717021E+01
   0.9025118E+00      0.3678783E+01
   0.9265788E+00      0.3649263E+01
   0.9506457E+00      0.3626260E+01
   0.9747127E+00      0.3608366E+01
   0.9987797E+00      0.3594634E+01
   0.1022847E+01      0.3584408E+01
   0.1046914E+01      0.3577222E+01
   0.1070981E+01      0.3572737E+01
   0.1095048E+01      0.3570711E+01
   0.1119115E+01      0.3570966E+01
   0.1143182E+01      0.3573378E+01
   0.1167249E+01      0.3577863E+01
   0.1191316E+01      0.3584373E+01
   0.1215383E+01      0.3592885E+01
   0.1239450E+01      0.4718480E+01
   0.1263516E+01      0.4194228E+01
   0.1287583E+01      0.4074882E+01
   0.1311650E+01      0.4024615E+01
   0.1335717E+01      0.4002193E+01
   0.1359784E+01      0.3995132E+01
   0.1383851E+01      0.3998276E+01
   0.1407918E+01      0.4009143E+01
   0.1431985E+01      0.4026453E+01
   0.1456052E+01      0.4049560E+01
   0.1480119E+01      0.4078199E+01
   0.1504186E+01      0.4112363E+01
   0.1528253E+01      0.4152253E+01
   0.1552320E+01      0.4198254E+01
   0.1576387E+01      0.4250943E+01
   0.1600454E+01      0.4311114E+01
   0.1624521E+01      0.7095693E+01
   0.1648588E+01      0.6221246E+01
   0.1672655E+01      0.5984028E+01
   0.1696722E+01      0.5912698E+01
   0.1720789E+01      0.5924731E+01
   0.1744856E+01      0.5995414E+01
   0.1768923E+01      0.6118962E+01
   0.1792990E+01      0.6300411E+01
   0.1817057E+01      0.6556302E+01
   0.1841124E+01      0.6923664E+01
   0.1865191E+01      0.7492941E+01
   0.1889258E+01      0.1152900E+02
   0.1913325E+01      0.1796354E+02
   0.1937392E+01      0.7935746E+01
   0.1961459E+01      0.1108585E+02
   0.1985526E+01      0.5505651E+01
   0.2009593E+01      0.6151190E+01
   0.2033660E+01      0.9584798E+01
   0.2057727E+01      0.2958442E+01
   0.2081794E+01      0.2956073E+01
   0.2105861E+01      0.2962551E+01
   0.2129928E+01      0.2976727E+01
   0.2153995E+01      0.2998009E+01
   0.2178062E+01      0.3026211E+01
   0.2202129E+01      0.3061483E+01
   0.2226196E+01      0.3104302E+01
   0.2250263E+01      0.3155516E+01
   0.2274330E+01      0.3216449E+01
   0.2298397E+01      0.3289098E+01
   0.2322464E+01      0.3376515E+01
   0.2346531E+01      0.3483530E+01
   0.2370598E+01      0.3618293E+01
   0.2394665E+01      0.6160980E+01
   0.2418732E+01      0.5783476E+01
   0.2442799E+01      0.5968149E+01
   0.2466866E+01      0.6829112E+01
   0.2490933E+01      0.4229191E+02
   0.2514999E+01      0.4946004E+01
   0.2539066E+01      0.5261034E+01
   0.2563133E+01      0.5824457E+01
   0.2587200E+01      0.7181359E+01
   0.2611267E+01      0.3010788E+01
   0.2635334E+01      0.3152310E+01
   0.2659401E+01      0.3330595E+01
   0.2683468E+01      0.3565233E+01
   0.2707535E+01      0.3895304E+01
   0.2731602E+01      0.4415251E+01
   0.2755669E+01      0.5453002E+01
   0.2779736E+01      0.1054111E+02
   0.2803803E+01      0.4381534E+01
   0.2827870E+01      0.1380912E+02
   0.2851937E+01      0.1663922E+01
   0.2876004E+01      0.1692380E+01
   0.2900071E+01      0.1723464E+01
   0.2924138E+01      0.1757919E+01
   0.2948205E+01      0.1796817E+01
   0.2972272E+01      0.1841747E+01
   0.2996339E+01      0.1895164E+01
   0.3020406E+01      0.1961087E+01
   0.3044473E+01      0.2046689E+01
   0.3068540E+01      0.2166496E+01
   0.3092607E+01      0.2356552E+01
   0.3116674E+01      0.2748575E+01
   0.3140741E+01      0.5505308E+01
   0.3164808E+01      0.1405879E+01
   0.3188875E+01      0.1424344E+01
   0.3212942E+01      0.1446205E+01
   0.3237009E+01      0.1472795E+01
   0.3261076E+01      0.1506363E+01
   0.3285143E+01      0.1551265E+01
   0.3309210E+01      0.1617849E+01
   0.3333277E+01      0.1741870E+01
   0.3357344E+01      0.2351174E+01
   0.3381411E+01      0.1381057E+01
   0.3405478E+01      0.1412513E+01
   0.3429545E+01      0.1451851E+01
   0.3453612E+01      0.1503135E+01
   0.3477679E+01      0.1574571E+01
   0.3501746E+01      0.1686455E+01
   0.3525813E+01      0.1912221E+01
   0.3549880E+01      0.3334176E+01
   0.3573947E+01      0.1143597E+01
   0.3598014E+01      0.1162681E+01
   0.3622081E+01      0.1184368E+01
   0.3646148E+01      0.1209174E+01
   0.3670215E+01      0.1237802E+01
   0.3694282E+01      0.1271262E+01
   0.3718349E+01      0.1311073E+01
   0.3742416E+01      0.1359712E+01
   0.3766482E+01      0.1421688E+01
   0.3790549E+01      0.1506807E+01
   0.3814616E+01      0.1644576E+01
   0.3838683E+01      0.2050600E+01
   0.3862750E+01      0.2121849E+01
   0.3886817E+01      0.1936995E+01
   0.3910884E+01      0.1987201E+01
   0.3934951E+01      0.2196144E+01
   0.3959018E+01      0.3087370E+01
   0.3983085E+01      0.1565640E+01
   0.4007152E+01      0.2770436E+01
   0.4031219E+01      0.1024264E+01
   0.4055286E+01      0.1043637E+01
   0.4079353E+01      0.1070556E+01
   0.4103420E+01      0.1106555E+01
   0.4127487E+01      0.1154602E+01
   0.4151554E+01      0.1220402E+01
   0.4175621E+01      0.1316077E+01
   0.4199688E+01      0.1473311E+01
   0.4223755E+01      0.1820825E+01
   0.4247822E+01      0.7384405E+00
   0.4271889E+01      0.7671966E+00
   0.4295956E+01      0.8044324E+00
   0.4320023E+01      0.8557040E+00
   0.4344090E+01      0.9377840E+00
   0.4368157E+01      0.1188346E+01
   0.4392224E+01      0.8292265E+00
   0.4416291E+01      0.9006127E+00
   0.4440358E+01      0.1003200E+01
   0.4464425E+01      0.1168821E+01
   0.4488492E+01      0.1513394E+01
   0.4512559E+01      0.4022856E+01
   0.4536626E+01      0.3595569E+00
   0.4560693E+01      0.4170543E+00
   0.4584760E+01      0.5241854E+00
   0.4608827E+01      0.8428763E+00
   0.4632894E+01     -0.1720942E-10
   0.4656961E+01      0.1492217E-11
   0.4681028E+01      0.5091887E-12
   0.4705095E+01      0.2573171E-12
   0.4729162E+01      0.3602760E-12
   0.4753229E+01      0.2810364E-12
   0.4777296E+01      0.1814893E-12
   0.4801363E+01      0.1433781E-12
   0.4825430E+01      0.8263360E-13
   0.4849497E+01      0.1203676E-12
   0.4873564E+01      0.2036634E-12
   0.4897631E+01     -0.1793703E-13
   0.4921698E+01      0.1825505E-15
   0.4945765E+01     -0.8441030E-14
   0.4969832E+01      0.1164089E-12
   0.4993899E+01     -0.3017989E-13
   0.5017966E+01      0.1899951E-13
   0.5042032E+01      0.1562405E-14
   0.5066099E+01      0.4319636E-14
   0.5090166E+01      0.9360386E-14
   0.5114233E+01      0.2191710E-13
   0.5138300E+01      0.2716336E-13
   0.5162367E+01     -0.3496886E-13
   0.5186434E+01      0.4256175E-13
   0.5210501E+01     -0.1305848E-13
   0.5234568E+01     -0.3271764E-13
   0.5258635E+01     -0.2497858E-13
   0.5282702E+01     -0.7236826E-14
   0.5306769E+01      0.2496220E-13
   0.5330836E+01     -0.3855631E-13
   0.5354903E+01     -0.1748901E-13
   0.5378970E+01     -0.8044014E-14
   0.5403037E+01      0.2428391E-13
   0.5427104E+01     -0.4100994E-13
   0.5451171E+01     -0.2434184E-14
   0.5475238E+01     -0.5688640E-13
   0.5499305E+01      0.3059644E-13
   0.5523372E+01      0.9639763E-14
   0.5547439E+01      0.8933570E-14
   0.5571506E+01     -0.1598026E-14
   0.5595573E+01     -0.8693267E-14
   0.5619640E+01     -0.2303073E-13
   0.5643707E+01     -0.1992949E-14
   0.5667774E+01      0.8094020E-14
   0.5691841E+01     -0.2438874E-14
   0.5715908E+01      0.3486198E-13
   0.5739975E+01      0.2481365E-13
   0.5764042E+01      0.6481221E-14
   0.5788109E+01     -0.1134743E-13
   0.5812176E+01     -0.3285965E-14
   0.5836243E+01     -0.3381323E-14
   0.5860310E+01     -0.9296917E-14
   0.5884377E+01     -0.5542493E-14
   0.5908444E+01      0.6097671E-14
   0.5932511E+01      0.2457707E-13
   0.5956578E+01      0.1089917E-13
   0.5980645E+01      0.1271947E-13
   0.6004712E+01     -0.8780945E-14
   0.6028779E+01     -0.6056882E-14
   0.6052846E+01      0.6939599E-14
   0.6076913E+01      0.1229044E-13
   0.6100980E+01      0.6910241E-14
   0.6125047E+01      0.1927489E-13
   0.6149114E+01      0.9362761E-14
   0.6173181E+01     -0.3654322E-14
   0.6197248E+01      0.5714370E-17
   0.6221315E+01     -0.1471356E-13
   0.6245382E+01      0.8707203E-14
   0.6269449E+01     -0.1348454E-13
   0.6293515E+01      0.2021137E-13
   0.6317582E+01      0.2115296E-13
   0.6341649E+01     -0.8597516E-15
   0.6365716E+01     -0.1154309E-13
   0.6389783E+01     -0.2793832E-16
   0.6413850E+01     -0.1521751E-13
   0.6437917E+01     -0.3248072E-14
   0.6461984E+01     -0.1523960E-15
   0.6486051E+01      0.1362321E-13
   0.6510118E+01     -0.5988096E-14
   0.6534185E+01      0.1656877E-13
   0.6558252E+01      0.1247853E-14
   0.6582319E+01     -0.1452249E-13
   0.6606386E+01     -0.1111350E-14
   0.6630453E+01      0.2635610E-14
   0.6654520E+01      0.6020202E-14
   0.6678587E+01      0.6989562E-14
   0.6702654E+01      0.1130176E-13
   0.6726721E+01      0.3715444E-14
   0.6750788E+01      0.9244431E-14
   0.6774855E+01      0.3564866E-14
   0.6798922E+01      0.4275114E-14
   0.6822989E+01      0.9840487E-14
   0.6847056E+01     -0.6469203E-15
   0.6871123E+01     -0.2737551E-14
   0.6895190E+01     -0.5781147E-14
   0.6919257E+01     -0.7822374E-14
   0.6943324E+01      0.9227726E-14
   0.6967391E+01      0.6644848E-14
   0.6991458E+01      0.3112178E-14
   0.7015525E+01     -0.3220164E-14
   0.7039592E+01      0.4028360E-14
   0.7063659E+01      0.1622076E-14
   0.7087726E+01     -0.5356197E-14
   0.7111793E+01     -0.2587663E-14
   0.7135860E+01      0.6208429E-14
   0.7159927E+01     -0.4715550E-14
   0.7183994E+01     -0.1410073E-14
   0.7208061E+01     -0.9325559E-14
   0.7232128E+01      0.2287810E-14
   0.7256195E+01     -0.3430087E-15
   0.7280262E+01      0.1713613E-14
   0.7304329E+01     -0.5414997E-14
   0.7328396E+01      0.3721491E-14
   0.7352463E+01      0.1705973E-15
   0.7376530E+01      0.2332504E-14
   0.7400597E+01      0.3368518E-14
   0.7424664E+01      0.8212981E-14
   0.7448731E+01      0.8126705E-15
   0.7472798E+01     -0.1387776E-15
   0.7496865E+01      0.5617941E-14
   0.7520932E+01      0.8734089E-14
   0.7544998E+01      0.7598299E-15
   0.7569065E+01      0.4834332E-14
   0.7593132E+01     -0.1785944E-14
   0.7617199E+01      0.2368700E-14
   0.7641266E+01     -0.2153109E-14
   0.7665333E+01     -0.1864313E-14
   0.7689400E+01     -0.5626623E-14
   0.7713467E+01     -0.8405047E-14
   0.7737534E+01      0.4630698E-14
   0.7761601E+01      0.1323736E-14
   0.7785668E+01      0.1976471E-14
   0.7809735E+01     -0.5422190E-14
   0.7833802E+01      0.6125849E-15
   0.7857869E+01      0.7010362E-16
   0.7881936E+01      0.1771539E-14
   0.7906003E+01     -0.5500660E-14
   0.7930070E+01     -0.2750397E-14
   0.7954137E+01     -0.1242598E-15
   0.7978204E+01      0.1852445E-14
   0.8002271E+01     -0.1779881E-14
   0.8026338E+01      0.8760973E-15
   0.8050405E+01      0.2265957E-14
   0.8074472E+01     -0.2900176E-14
   0.8098539E+01      0.2681491E-14
   0.8122606E+01      0.2551911E-14
   0.8146673E+01      0.1157090E-14
   0.8170740E+01     -0.4203506E-14
   0.8194807E+01     -0.3781624E-14
   0.8218874E+01      0.2236828E-14
   0.8242941E+01      0.6593962E-14
   0.8267008E+01     -0.2247396E-14
   0.8291075E+01      0.8674009E-14
   0.8315142E+01     -0.1552937E-14
   0.8339209E+01      0.6113719E-14
   0.8363276E+01     -0.3429531E-14
   0.8387343E+01      0.1758747E-14
   0.8411410E+01     -0.6047315E-14
   0.8435477E+01      0.4108401E-14
   0.8459544E+01      0.4155707E-16
   0.8483611E+01      0.2972659E-14
   0.8507678E+01     -0.1994842E-14
   0.8531745E+01      0.2677462E-14
   0.8555812E+01      0.1323820E-14
   0.8579879E+01      0.6152757E-15
   0.8603946E+01     -0.5088888E-15
   0.8628013E+01     -0.6333039E-14
   0.8652080E+01     -0.5810792E-14
   0.8676147E+01      0.1576230E-14
   0.8700214E+01     -0.1580908E-15
   0.8724281E+01      0.1786202E-14
   0.8748348E+01     -0.5457850E-14
   0.8772415E+01     -0.5273739E-14
   0.8796481E+01      0.2749911E-14
   0.8820548E+01      0.4331683E-14
   0.8844615E+01      0.2060508E-14
   0.8868682E+01     -0.5420783E-14
   0.8892749E+01      0.2279170E-14
   0.8916816E+01      0.3324797E-14
   0.8940883E+01     -0.5197402E-14
   0.8964950E+01     -0.4481857E-14
   0.8989017E+01     -0.1325334E-14
   0.9013084E+01      0.8358085E-15
   0.9037151E+01      0.3981642E-14
   0.9061218E+01     -0.1455382E-14
   0.9085285E+01      0.1320981E-14
   0.9109352E+01      0.1105970E-14
   0.9133419E+01     -0.1575891E-14
   0.9157486E+01     -0.5019940E-15
   0.9181553E+01      0.9312371E-15
   0.9205620E+01      0.2921458E-14
   0.9229687E+01      0.1150745E-14
   0.9253754E+01      0.4324732E-15
   0.9277821E+01      0.1547164E-14
   0.9301888E+01      0.1556509E-14
   0.9325955E+01      0.3942891E-15
   0.9350022E+01     -0.1381281E-14
   0.9374089E+01      0.2909017E-14
   0.9398156E+01      0.5307303E-15
   0.9422223E+01      0.5503043E-14
   0.9446290E+01      0.4490336E-14
   0.9470357E+01     -0.3700749E-15
   0.9494424E+01     -0.1066101E-14
   0.9518491E+01     -0.1254614E-14
   0.9542558E+01      0.1685802E-14
   0.9566625E+01      0.9213741E-15
   0.9590692E+01     -0.5266408E-15
   0.9614759E+01      0.1078932E-14
   0.9638826E+01      0.1941758E-14
   0.9662893E+01      0.1679089E-14
   0.9686960E+01      0.2409302E-14
   0.9711027E+01     -0.3370229E-14
   0.9735094E+01     -0.2700634E-14
   0.9759161E+01     -0.2083111E-14
   0.9783228E+01     -0.7036039E-15
   0.9807295E+01      0.3725257E-14
   0.9831362E+01     -0.3426256E-15
   0.9855429E+01      0.2898188E-15
   0.9879496E+01      0.2324330E-14
   0.9903563E+01     -0.3177639E-15
   0.9927630E+01     -0.2184684E-14
   0.9951697E+01     -0.3122452E-14
   0.9975764E+01     -0.5483761E-14
   0.9999831E+01     -0.3247876E-14
 &
