cpu-bind=MASK - cn1086, task  0  0 [26187]: mask 0xffffffffffffffff set
--------------------------------------------------------------------------
Open MPI failed an OFI Libfabric library call (fi_domain).  This is highly
unusual; your job may behave unpredictably (and/or abort) after this.

  Local host: cn1101
  Location: mtl_ofi_component.c:928
  Error: No data available (61)
--------------------------------------------------------------------------
[cn1086.scarf.rl.ac.uk:27193] 239 more processes have sent help message help-mtl-ofi.txt / OFI call fail
[cn1086.scarf.rl.ac.uk:27193] Set MCA parameter "orte_base_help_aggregate" to 0 to see all help / error messages
--------------------------------------------------------------------------
Open MPI failed an OFI Libfabric library call (fi_domain).  This is highly
unusual; your job may behave unpredictably (and/or abort) after this.

  Local host: cn1106
  Location: mtl_ofi_component.c:928
  Error: No data available (61)
--------------------------------------------------------------------------
[cn1086.scarf.rl.ac.uk:27888] 239 more processes have sent help message help-mtl-ofi.txt / OFI call fail
[cn1086.scarf.rl.ac.uk:27888] Set MCA parameter "orte_base_help_aggregate" to 0 to see all help / error messages
[1679049313.800967] [cn1086:27979:0]          mpool.c:43   UCX  WARN  object 0xad58540 was not returned to mpool ucp_requests
[1679049313.800939] [cn1086:27982:0]          mpool.c:43   UCX  WARN  object 0xb45f080 was not returned to mpool ucp_requests
[1679049313.801031] [cn1086:27977:0]          mpool.c:43   UCX  WARN  object 0x5733680 was not returned to mpool ucp_requests
[1679049313.801541] [cn1086:27958:0]          mpool.c:43   UCX  WARN  object 0xb4c8780 was not returned to mpool ucp_requests
[1679049313.801603] [cn1086:27960:0]          mpool.c:43   UCX  WARN  object 0xae3be40 was not returned to mpool ucp_requests
[1679049313.801596] [cn1086:27964:0]          mpool.c:43   UCX  WARN  object 0xaa0c100 was not returned to mpool ucp_requests
[1679049313.801610] [cn1086:27956:0]          mpool.c:43   UCX  WARN  object 0xbe59dc0 was not returned to mpool ucp_requests
[1679049313.801654] [cn1086:27967:0]          mpool.c:43   UCX  WARN  object 0xb9a0fc0 was not returned to mpool ucp_requests
[1679049313.801664] [cn1086:27973:0]          mpool.c:43   UCX  WARN  object 0xb6e9480 was not returned to mpool ucp_requests
[1679049313.801697] [cn1086:27969:0]          mpool.c:43   UCX  WARN  object 0xbe8f7c0 was not returned to mpool ucp_requests
-1.0989796330E+001
--------------------------------------------------------------------------
Open MPI failed an OFI Libfabric library call (fi_domain).  This is highly
unusual; your job may behave unpredictably (and/or abort) after this.

  Local host: cn1087
  Location: mtl_ofi_component.c:928
  Error: No data available (61)
--------------------------------------------------------------------------
[cn1086.scarf.rl.ac.uk:28532] 239 more processes have sent help message help-mtl-ofi.txt / OFI call fail
[cn1086.scarf.rl.ac.uk:28532] Set MCA parameter "orte_base_help_aggregate" to 0 to see all help / error messages
[1679049725.488265] [cn1086:28618:0]          mpool.c:43   UCX  WARN  object 0xb772700 was not returned to mpool ucp_requests
[1679049725.488284] [cn1086:28621:0]          mpool.c:43   UCX  WARN  object 0xba1ca80 was not returned to mpool ucp_requests
[1679049725.488279] [cn1086:28624:0]          mpool.c:43   UCX  WARN  object 0xb304340 was not returned to mpool ucp_requests
[1679049725.490267] [cn1086:28599:0]          mpool.c:43   UCX  WARN  object 0x5cdcf80 was not returned to mpool ucp_requests
[1679049725.490273] [cn1086:28605:0]          mpool.c:43   UCX  WARN  object 0xb5f9e80 was not returned to mpool ucp_requests
[1679049725.490287] [cn1086:28611:0]          mpool.c:43   UCX  WARN  object 0xb9c2580 was not returned to mpool ucp_requests
[1679049725.490335] [cn1086:28601:0]          mpool.c:43   UCX  WARN  object 0x5978980 was not returned to mpool ucp_requests
[1679049725.490336] [cn1086:28607:0]          mpool.c:43   UCX  WARN  object 0xa8815c0 was not returned to mpool ucp_requests
[1679049725.490337] [cn1086:28616:0]          mpool.c:43   UCX  WARN  object 0xae6f040 was not returned to mpool ucp_requests
[1679049725.490368] [cn1086:28612:0]          mpool.c:43   UCX  WARN  object 0xa8249c0 was not returned to mpool ucp_requests
cp: cannot stat ‘0V-VH_z-0025.dat’: No such file or directory
cp: cannot stat ‘0V-VH_z-0025.dat’: No such file or directory
cp: cannot stat ‘0V-RHO_z-0025.dat’: No such file or directory
cp: cannot stat ‘0V-RHO_z-0025.dat’: No such file or directory
