
  GRID BASED BADER ANALYSIS  (Version 0.28a 07/12/12)

  OPEN ... mx.RHO.cube         
  GAUSSIAN-STYLE INPUT FILE
  FFT-grid:   160 x 160 x 720
  CLOSE ... mx.RHO.cube         

  RUN TIME:    9.02 SECONDS

  CALCULATING BADER CHARGE DISTRIBUTION
                 0  10  25  50  75  100
  PERCENT DONE:  ********************** 

  REFINING AUTOMATICALLY
  ITERATION: 1
  EDGE POINTS:       7231152
  REASSIGNED POINTS:  789768
  ITERATION: 2
  CHECKED POINTS:    6212482
  REASSIGNED POINTS:   19066
  ITERATION: 3
  CHECKED POINTS:     193729
  REASSIGNED POINTS:    6533
  ITERATION: 4
  CHECKED POINTS:      51051
  REASSIGNED POINTS:    3495
  ITERATION: 5
  CHECKED POINTS:      22450
  REASSIGNED POINTS:    1890
  ITERATION: 6
  CHECKED POINTS:      11664
  REASSIGNED POINTS:    1339
  ITERATION: 7
  CHECKED POINTS:       7428
  REASSIGNED POINTS:    1026
  ITERATION: 8
  CHECKED POINTS:       5695
  REASSIGNED POINTS:     642
  ITERATION: 9
  CHECKED POINTS:       4229
  REASSIGNED POINTS:     273
  ITERATION:10
  CHECKED POINTS:       2553
  REASSIGNED POINTS:     142
  ITERATION:11
  CHECKED POINTS:       1546
  REASSIGNED POINTS:     106
  ITERATION:12
  CHECKED POINTS:       1239
  REASSIGNED POINTS:     106
  ITERATION:13
  CHECKED POINTS:       1130
  REASSIGNED POINTS:      99
  ITERATION:14
  CHECKED POINTS:       1124
  REASSIGNED POINTS:      90
  ITERATION:15
  CHECKED POINTS:        973
  REASSIGNED POINTS:      88
  ITERATION:16
  CHECKED POINTS:        989
  REASSIGNED POINTS:      89
  ITERATION:17
  CHECKED POINTS:       1001
  REASSIGNED POINTS:      78
  ITERATION:18
  CHECKED POINTS:        882
  REASSIGNED POINTS:      93
  ITERATION:19
  CHECKED POINTS:        973
  REASSIGNED POINTS:      70
  ITERATION:20
  CHECKED POINTS:        765
  REASSIGNED POINTS:      48
  ITERATION:21
  CHECKED POINTS:        619
  REASSIGNED POINTS:      45
  ITERATION:22
  CHECKED POINTS:        535
  REASSIGNED POINTS:      48
  ITERATION:23
  CHECKED POINTS:        562
  REASSIGNED POINTS:      34
  ITERATION:24
  CHECKED POINTS:        441
  REASSIGNED POINTS:      40
  ITERATION:25
  CHECKED POINTS:        453
  REASSIGNED POINTS:      31
  ITERATION:26
  CHECKED POINTS:        396
  REASSIGNED POINTS:      30
  ITERATION:27
  CHECKED POINTS:        364
  REASSIGNED POINTS:      28
  ITERATION:28
  CHECKED POINTS:        359
  REASSIGNED POINTS:      15
  ITERATION:29
  CHECKED POINTS:        222
  REASSIGNED POINTS:      14
  ITERATION:30
  CHECKED POINTS:        222
  REASSIGNED POINTS:      12
  ITERATION:31
  CHECKED POINTS:        173
  REASSIGNED POINTS:      16
  ITERATION:32
  CHECKED POINTS:        239
  REASSIGNED POINTS:       8
  ITERATION:33
  CHECKED POINTS:        135
  REASSIGNED POINTS:       4
  ITERATION:34
  CHECKED POINTS:         82
  REASSIGNED POINTS:       7
  ITERATION:35
  CHECKED POINTS:        103
  REASSIGNED POINTS:       5
  ITERATION:36
  CHECKED POINTS:         96
  REASSIGNED POINTS:       3
  ITERATION:37
  CHECKED POINTS:         78
  REASSIGNED POINTS:       4
  ITERATION:38
  CHECKED POINTS:         82
  REASSIGNED POINTS:       4
  ITERATION:39
  CHECKED POINTS:         70
  REASSIGNED POINTS:       3
  ITERATION:40
  CHECKED POINTS:         67
  REASSIGNED POINTS:       2
  ITERATION:41
  CHECKED POINTS:         48
  REASSIGNED POINTS:       0

  RUN TIME:     597.00 SECONDS

  CALCULATING MINIMUM DISTANCES TO ATOMS
                 0  10  25  50  75  100
  PERCENT DONE:  **********************

  RUN TIME:   14.30 SECONDS

  WRITING BADER ATOMIC CHARGES TO ACF.dat
  WRITING BADER VOLUME CHARGES TO BCF.dat

  NUMBER OF BADER MAXIMA FOUND:        2727563
      SIGNIFICANT MAXIMA FOUND:           2354
           NUMBER OF ELECTRONS:     1222.98971
 
