 iscf   Eharris(eV)      E_KS(eV)   FreeEng(eV)    dHmax    dDmax   Ef(eV)
    1    46376.5220   149870.0698   149870.0698146.95023427.62621  0.00000
    2    97216.9611   110321.7996   110321.7996138.43430385.27154  0.00000
    3    91023.9130    79665.6130    79665.6130132.24941122.51181  0.00000
    4    77037.3934    79068.2777    79068.2777115.06191157.27313  0.00000
    5    93302.0861    92187.5867    92187.5867157.27538135.85424  0.00000
    6    76968.1778    81889.3241    81889.3241 20.92016*********  0.00000
    7  1077506.1936  1077571.3152  1077571.3152577.60849163.15854  0.00000
    8  1371211.8026  1373148.0560  1373148.0560662.75402724.45975  0.00000
    9   160095.9420   158186.3215   158186.3215117.03186931.92324  0.00000
   10  1723508.9983  1719086.3770  1719086.3770750.56673*********  0.00000
   11    72094.6355    74808.4933    74808.4933 23.91083136.17610  0.00000
   12    79633.4021    82274.1590    82274.1590 30.59932*********  0.00000
   13  1008047.5033  1009260.2755  1009260.2755483.12533*********  0.00000
   14    80827.0543    80050.1450    80050.1450 14.58537260.84943  0.00000
   15    95822.5464    95702.8695    95702.8695 55.46549157.08600  0.00000
   16   114809.7457   113354.9168   113354.9168 83.85283865.51903  0.00000
   17   219190.6609   221445.0441   221445.0441150.83312393.41172  0.00000
   18    87225.7015    86385.4003    86385.4003 57.19245145.57980  0.00000
   19    84752.9801    85388.5630    85388.5630 27.49080951.90348  0.00000
   20   448527.2685   447240.2982   447240.2982434.80951*********  0.00000
   21   158522.7592   159245.5412   159245.5412127.65455*********  0.00000
   22 10963100.6908 10961332.2454 10961332.2454******************  0.00000
   23    95691.0958    98294.4105    98294.4105171.51138396.04066  0.00000
   24    81182.0946    80158.3574    80158.3574 21.68949 35.10247  0.00000
   25    83330.9142    81158.8512    81158.8512 20.51247171.41363  0.00000
   26    73100.8639    73597.4618    73597.4618 15.89650154.35931  0.00000
   27   138316.5023   136980.0505   136980.0505112.86471129.30087  0.00000
   28    80197.0810    82064.9631    82064.9631 18.65849863.43642  0.00000
   29   475639.5744   476106.8521   476106.8521343.76333138.94280  0.00000
   30   395603.6426   395237.0795   395237.0795305.11668329.68394  0.00000
   31   622704.5561   620486.2627   620486.2627403.54695880.80023  0.00000
   32   193018.4643   191624.4802   191624.4802167.48438262.68302  0.00000
   33   104677.5813   108842.8278   108842.8278 80.52080133.42645  0.00000
   34    87781.9780    85326.4908    85326.4908 25.28233 37.94258  0.00000
   35    78719.5410    79404.5932    79404.5932 16.82790 32.24947  0.00000
   36    86101.8919    80746.7747    80746.7747 20.83662164.83846  0.00000
   37   112118.5388   113923.6395   113923.6395 86.14881 56.42964  0.00000
   38   108844.8695   114253.4413   114253.4413 85.79094*********  0.00000
   39   527230.8468   528687.0665   528687.0665316.81846*********  0.00000
   40   102522.9735   103384.4849   103384.4849 71.36729 33.19046  0.00000
   41    97680.8869    96040.1450    96040.1450 53.55187 54.83277  0.00000
   42    98311.9142    97572.8081    97572.8081 56.21261 37.99948  0.00000
   43    85062.3862    87440.3004    87440.3004 38.42923 41.69216  0.00000
   44    87086.1103    85829.1579    85829.1579 46.08962115.98410  0.00000
   45    72667.0618    71353.9291    71353.9291 48.15492231.18105  0.00000
   46   129116.3375   125108.9830   125108.9830179.48789 66.35724  0.00000
   47   134469.4122   139570.0939   139570.0939184.75815223.49688  0.00000
   48    79774.2776    76315.9244    76315.9244 25.32166116.16720  0.00000
   49    68913.9041    72053.5993    72053.5993 66.43727749.17884  0.00000
   50   162548.4598   163899.4570   163899.4570231.41350*********  0.00000
   51699510900.9006699509047.4678699509047.4678******************  0.00000
   52    75796.9710    75175.3290    75175.3290 67.01482962.98062  0.00000
   53   387105.2639   385585.5387   385585.5387374.23736720.68606  0.00000
   54   159208.2938   161501.0809   161501.0809216.49095327.70222  0.00000
   55    74375.0865    75088.3648    75088.3648  5.75679 53.51142  0.00000
   56    81780.8556    82838.1860    82838.1860 26.65776 64.32700  0.00000
   57    76732.6650    70645.7995    70645.7995 17.54164 91.55667  0.00000
   58    70204.4066    77928.9681    77928.9681 88.06479122.40140  0.00000
   59    77310.7734    77628.1542    77628.1542 21.17499 14.80510  0.00000
   60    81876.0867    80893.9779    80893.9779 27.80307 21.98342  0.00000
   61    85011.1291    77109.8654    77109.8654 18.48331123.23209  0.00000
   62    99907.8681   107934.1777   107934.1777 55.19374114.31569  0.00000
   63    92440.2340    90776.1853    90776.1853 43.75573 25.87820  0.00000
   64    91360.0050    93788.6455    93788.6455 52.92969 46.66765  0.00000
   65    90003.7678    86129.1918    86129.1918 47.95627102.71557  0.00000
   66    76378.2724    80312.6570    80312.6570 14.67909101.44299  0.00000
   67    74384.9177    75909.2405    75909.2405 20.13379 19.88989  0.00000
   68    73302.6642    72834.6674    72834.6674 16.91613  3.95549  0.00000
   69    76946.8751    72570.3466    72570.3466 16.91673 33.74959  0.00000
   70    76804.5176    72193.2344    72193.2344 16.42159 87.33259  0.00000
   71    70932.1392    74761.7728    74761.7728 14.67598*********  0.00000
   72   622200.6087   629771.9944   629771.9944500.82552*********  0.00000
   73    91407.3167    87725.9469    87725.9469 44.98252 31.42527  0.00000
   74    84725.3145    82791.3640    82791.3640 35.02708 19.65898  0.00000
   75    82314.0481    79652.2659    79652.2659 26.63663 45.80303  0.00000
   76    76294.5905    75197.4866    75197.4866 21.41972 27.49130  0.00000
   77    77179.8259    78643.5008    78643.5008 26.05326 34.99018  0.00000
   78    70422.4565    78027.5392    78027.5392 20.00491294.16135  0.00000
   79    66042.5780    67561.1471    67561.1471 74.27426172.15933  0.00000
   80    77509.7669    67237.5900    67237.5900 18.57038135.36944  0.00000
   81    82325.3475    82329.7404    82329.7404 29.15950  6.71435  0.00000
   82    79987.8014    82576.1356    82576.1356 29.58325 44.46191  0.00000
   83    80026.7723    79767.1538    79767.1538 25.88296 28.82259  0.00000
   84    76971.7376    76128.1268    76128.1268 11.70579 31.83872  0.00000
   85    69192.5021    77625.9443    77625.9443 20.84063 56.91282  0.00000
   86    72060.6736    67583.8399    67583.8399 12.69202 35.10533  0.00000
   87    76584.2238    74823.4502    74823.4502 14.89804116.95042  0.00000
   88    82569.0155    74813.7996    74813.7996 10.52564139.32224  0.00000
   89    79616.7346    82205.8790    82205.8790 18.41392 24.55324  0.00000
   90    76625.1085    80226.4598    80226.4598 15.76649 54.44383  0.00000
   91    81755.9848    75893.7317    75893.7317  9.00452 39.78349  0.00000
   92    68669.7891    75180.4796    75180.4796  6.06667 81.21265  0.00000
   93    75154.1550    76965.8240    76965.8240 13.51992 69.28492  0.00000
   94    88619.0600    82333.5160    82333.5160 31.71609 47.82683  0.00000
   95    86112.3359    83502.4624    83502.4624 21.57812 16.48612  0.00000
   96    81997.1174    85283.4675    85283.4675 23.00458 22.37311  0.00000
   97    90077.4054    82733.1210    82733.1210 24.92569 98.66457  0.00000
   98    78934.9807    88293.6951    88293.6951 24.39174121.89422  0.00000
   99    86371.8806    88501.0960    88501.0960 59.36949146.18137  0.00000
  100   127871.5390   128947.7678   128947.7678116.10154258.86852  0.00000
  101    80038.3707    77715.7958    77715.7958 18.23418 81.03101  0.00000
  102    81538.4568    82534.0229    82534.0229 27.58666 98.30198  0.00000
  103    76086.4486    77173.8728    77173.8728 14.25659 23.98551  0.00000
  104    75364.1333    76079.7533    76079.7533 12.57687 93.08133  0.00000
  105    79060.9947    75749.0886    75749.0886  4.54779138.93349  0.00000
  106    79272.6593    79733.6369    79733.6369 13.30300 99.01735  0.00000
  107    71856.4104    76262.9074    76262.9074 54.95597189.90107  0.00000
  108    77625.1892    74434.8640    74434.8640 19.73804 74.50049  0.00000
  109    70184.4179    70117.2205    70117.2205 41.28215 52.84911  0.00000
  110    73412.9135    72827.0736    72827.0736 16.66543125.15206  0.00000
  111    83166.0667    82006.3025    82006.3025 92.32804140.96694  0.00000
  112    82243.5064    84290.4960    84290.4960 29.03053 28.37372  0.00000
  113    77565.4454    78480.3797    78480.3797 17.77643 24.22383  0.00000
  114    83150.2746    80906.9306    80906.9306 28.59912 52.14984  0.00000
  115    84484.4405    84901.0403    84901.0403 31.00094 50.23539  0.00000
  116    83311.8446    84650.4001    84650.4001 36.99435 40.49557  0.00000
  117    76427.0886    77799.0905    77799.0905 15.27630 56.58377  0.00000
  118    73308.6912    72526.7617    72526.7617  7.36452 95.26824  0.00000
  119    82995.1481    82692.3627    82692.3627 29.79677  6.64241  0.00000
  120    83132.6031    83375.1700    83375.1700 31.87392  5.64988  0.00000
  121    83721.2741    83358.4966    83358.4966 31.54480 15.68945  0.00000
  122    84925.0836    85773.9374    85773.9374 36.89908 17.53224  0.00000
  123    83033.6885    83342.2765    83342.2765 30.50132 10.56472  0.00000
  124    84524.8241    83653.7840    83653.7840 29.58627206.53846  0.00000
  125    67376.2993    72849.4570    72849.4570 49.12256427.60836  0.00000
  126   204363.2942   201976.0002   201976.0002190.29479198.46491  0.00000
  127   130708.9489   129988.3546   129988.3546121.43902 96.69179  0.00000
  128    81035.8858    79394.7513    79394.7513 23.32228 49.71074  0.00000
  129    81492.3655    80822.6503    80822.6503 24.67569 32.94350  0.00000
  130    87932.9905    85047.0966    85047.0966 34.97016162.57686  0.00000
  131   114180.2850   114474.3489   114474.3489 94.17014164.65927  0.00000
  132    89847.7752    91723.7097    91723.7097 49.73780 62.43128  0.00000
  133    98237.9917    96750.1269    96750.1269 62.90383129.18293  0.00000
  134    87076.2439    86468.9059    86468.9059 42.75334 38.17215  0.00000
  135    77953.1619    80187.0773    80187.0773 24.38778 40.60385  0.00000
  136    78368.3590    78777.6626    78777.6626 15.58573 10.91107  0.00000
  137    75873.3774    77946.9179    77946.9179 13.86148 76.48104  0.00000
  138    77738.3138    75149.3190    75149.3190  6.70280 42.15381  0.00000
  139    74307.0915    74656.6208    74656.6208  4.65565 56.39958  0.00000
  140    79700.2313    79227.9902    79227.9902 11.59093 60.87316  0.00000
  141    73946.7183    74081.5797    74081.5797  4.20699  6.50257  0.00000
  142    74488.7042    74511.7656    74511.7656  4.69008  8.99350  0.00000
  143    73719.6745    74430.1079    74430.1079  4.23403  7.12408  0.00000
  144    74585.0995    74637.3075    74637.3075  5.89416  2.25336  0.00000
  145    74895.7376    75181.4243    75181.4243  8.22076 47.16616  0.00000
  146    77337.4663    77654.5535    77654.5535 17.53435117.91095  0.00000
  147    69306.7447    69087.4070    69087.4070 25.63475129.70782  0.00000
  148    76541.5000    78625.1597    78625.1597 18.21153 28.63872  0.00000
  149    77403.6266    74566.2446    74566.2446  5.73789119.87331  0.00000
  150    71034.7125    71980.4648    71980.4648 72.39125 76.96832  0.00000
  151    68080.3404    68170.4451    68170.4451 36.81030137.60082  0.00000
  152    71110.6374    71998.6782    71998.6782  5.11965 28.47787  0.00000
  153    69405.9220    68356.8160    68356.8160 31.96245 64.27205  0.00000
