SIESTA 1.3.7  -- [1.3f1 release] (04 Feb 2004)
Architecture  : mpif90
Compiler flags:  -O3 -check bounds -fp-model strict
PARALLEL version

* Running on   64 nodes in parallel
>> Start of run:   3-NOV-2023  11:40:52

                           ***********************       
                           *  WELCOME TO SIESTA  *       
                           ***********************       

reinit: Reading from standard input
************************** Dump of input data file ****************************
SystemName		     transport		# Descriptive name of the system
SystemLabel 			transport		# Short name for naming files
NumberOfAtoms    96
NumberOfSpecies			1               # Number of species
PAO.BasisType			split		
%block ChemicalSpeciesLabel
1 79 Au
%endblock ChemicalSpeciesLabel
%block PAO.Basis
  Au  2
n=6  0  1
6.500
1.00
n=5  2  1
5.850
1.00
%endblock PAO.Basis
%block PS.lmax
 Au   3
%endblock PS.lmax
LatticeConstant 1.000 Ang
%block LatticeVectors
   8.336     0.000   0.000	  1
  0.000    8.336     0.000   1
  0.000   0.000     33.926  1
%endblock LatticeVectors
AtomicCoordinatesFormat Ang
%block AtomicCoordinatesAndAtomicSpecies
0.0 0.0 0.0 1 Au
0.0 4.168 0.0 1 Au
2.084 2.084 0.0 1 Au
2.084 6.252 0.0 1 Au
4.168 0.0 0.0 1 Au
4.168 4.168 0.0 1 Au
6.252 2.084 0.0 1 Au
6.252 6.252 0.0 1 Au
0.0 2.084 2.084 1 Au
0.0 6.252 2.084 1 Au
2.084 0.0 2.084 1 Au
2.084 4.168 2.084 1 Au
4.168 2.084 2.084 1 Au
4.168 6.252 2.084 1 Au
6.252 0.0 2.084 1 Au
6.252 4.168 2.084 1 Au
0.0 0.0 4.168 1 Au
0.0 4.168 4.168 1 Au
2.084 2.084 4.168 1 Au
2.084 6.252 4.168 1 Au
4.168 0.0 4.168 1 Au
4.168 4.168 4.168 1 Au
6.252 2.084 4.168 1 Au
6.252 6.252 4.168 1 Au
0.0 2.084 6.252 1 Au
0.0 6.252 6.252 1 Au
2.084 0.0 6.252 1 Au
2.084 4.168 6.252 1 Au
4.168 2.084 6.252 1 Au
4.168 6.252 6.252 1 Au
6.252 0.0 6.252 1 Au
6.252 4.168 6.252 1 Au
0.0 0.0 8.336 1 Au
0.0 4.168 8.336 1 Au
2.084 2.084 8.336 1 Au
2.084 6.252 8.336 1 Au
4.168 0.0 8.336 1 Au
4.168 4.168 8.336 1 Au
6.252 2.084 8.336 1 Au
6.252 6.252 8.336 1 Au
0.0 2.084 10.42 1 Au
0.0 6.252 10.42 1 Au
2.084 0.0 10.42 1 Au
2.084 4.168 10.42 1 Au
4.168 2.084 10.42 1 Au
4.168 6.252 10.42 1 Au
6.252 0.0 10.42 1 Au
6.252 4.168 10.42 1 Au
0.0 0.0 21.422 1 Au
0.0 4.168 21.422 1 Au
2.084 2.084 21.422 1 Au
2.084 6.252 21.422 1 Au
4.168 0.0 21.422 1 Au
4.168 4.168 21.422 1 Au
6.252 2.084 21.422 1 Au
6.252 6.252 21.422 1 Au
0.0 2.084 23.506 1 Au
0.0 6.252 23.506 1 Au
2.084 0.0 23.506 1 Au
2.084 4.168 23.506 1 Au
4.168 2.084 23.506 1 Au
4.168 6.252 23.506 1 Au
6.252 0.0 23.506 1 Au
6.252 4.168 23.506 1 Au
0.0 0.0 25.59 1 Au
0.0 4.168 25.59 1 Au
2.084 2.084 25.59 1 Au
2.084 6.252 25.59 1 Au
4.168 0.0 25.59 1 Au
4.168 4.168 25.59 1 Au
6.252 2.084 25.59 1 Au
6.252 6.252 25.59 1 Au
0.0 2.084 27.674 1 Au
0.0 6.252 27.674 1 Au
2.084 0.0 27.674 1 Au
2.084 4.168 27.674 1 Au
4.168 2.084 27.674 1 Au
4.168 6.252 27.674 1 Au
6.252 0.0 27.674 1 Au
6.252 4.168 27.674 1 Au
0.0 0.0 29.758 1 Au
0.0 4.168 29.758 1 Au
2.084 2.084 29.758 1 Au
2.084 6.252 29.758 1 Au
4.168 0.0 29.758 1 Au
4.168 4.168 29.758 1 Au
6.252 2.084 29.758 1 Au
6.252 6.252 29.758 1 Au
0.0 2.084 31.842 1 Au
0.0 6.252 31.842 1 Au
2.084 0.0 31.842 1 Au
2.084 4.168 31.842 1 Au
4.168 2.084 31.842 1 Au
4.168 6.252 31.842 1 Au
6.252 0.0 31.842 1 Au
6.252 4.168 31.842 1 Au
%endblock AtomicCoordinatesAndAtomicSpecies 	
%block kgrid_Monkhorst_Pack
  1   0   0     0.0
  0   1   0     0.0
  0   0   1     0.0
%endblock kgrid_Monkhorst_Pack
xc.functional		LDA		# 'LDA', 'GGA'
xc.authors 	 		CA		# 'CA'='PZ', 'PW92', 'PBE'
SpinPolarized			F		# 'T', 'F'		
#FixSpin           F
#TotalSpin        0.0
NonCollinearSpin		F		# 'T', 'F'
MeshCutoff 	 		    200 Ry		# Equivalent plane wave cutoff for the grid
MaxSCFIterations		200
DM.MixingWeight			0.1
DM.NumberPulay			4	# Pulay convergency accelerator
DM.MixSCF1			    T
MixHamiltonian      T
DM.PulayOnFile			F		# Store in memory ('F') or in files ('T')
#DM.NumberKick         30
#DM.KickMixingWeight   0.1
DM.Tolerance 		1.0E-4
NeglNonOverlapInt		F		# 'F'=do not neglect
SolutionMethod			diagon
ElectronicTemperature		300 K		# Default value
DM.UseSaveDM 			T
#MD.UseSaveXV			T
#MD.UseSaveCG			T
WriteForces      T
WriteCoorXmol			T		# Write Atoms coordinates
SaveElectrostaticPotential      T
#SaveHS				T		# Save the Hamiltonian and Overlap matrices
SaveRho				T		# Save the valence pseudocharge density
#SaveDeltaRho			T
#WriteDenchar			T		# Write Denchar output
WriteMullikenPop		0 #write mulliken population of aromic and orbital charges
************************** End of input data file *****************************

reinit: -----------------------------------------------------------------------
reinit: System Name: transport                                                  
reinit: -----------------------------------------------------------------------
reinit: System Label: transport           
reinit: -----------------------------------------------------------------------

initatom: Reading input for the pseudopotentials and atomic orbitals ----------
 Species number:            1  Label: Au Atomic number:          79
Ground state valence configuration:   6s01  5d10
Reading pseudopotential information in formatted form from Au.psf
relmxkb: Read Max KB Ang. Momentum=    3 for species Au
 Warning: Empty PAO shell. l =           1
 Will have a KB projector anyway...

<basis_specs>
===============================================================================
Au                   Z=  79    Mass=  196.97        Charge=  0.0000    
Lmxo=2 Lmxkb=3     BasisType=split      Semic=F
L=0  Nsemic=0  Cnfigmx=6
          n=1  nzeta=1  polorb=0
               vcte:    0.0000    
               rinn:    0.0000    
                rcs:    6.5000    
            lambdas:    1.0000    
L=1  Nsemic=0  Cnfigmx=6
L=2  Nsemic=0  Cnfigmx=5
          n=1  nzeta=1  polorb=0
               vcte:    0.0000    
               rinn:    0.0000    
                rcs:    5.8500    
            lambdas:    1.0000    
-------------------------------------------------------------------------------
L=0  Nkbl=1  erefs: 0.17977+309
L=1  Nkbl=1  erefs: 0.17977+309
L=2  Nkbl=1  erefs: 0.17977+309
L=3  Nkbl=1  erefs: 0.17977+309
===============================================================================
</basis_specs>

atom: Called for Au  (Z =  79)

read_vps: Pseudopotential generation method:
read_vps: ATM3      Troullier-Martins                       

read_vps: Pseudopotential generated from a relativistic atomic calculation
read_vps: There are spin-orbit pseudopotentials available

read_vps: Valence configuration (pseudopotential and basis set generation):
6s( 1.00) rc: 2.18
6p( 0.00) rc: 2.47
5d(10.00) rc: 1.79
5f( 0.00) rc: 2.00
Total valence charge:   11.00000

read_vps: Pseudopotential includes a core correction:
read_vps: Pseudo-core for xc-correction
comcore: Pseudo-core radius Rcore=  4.027091

xc_check: Exchange-correlation functional:
xc_check: Ceperley-Alder
V l=0 = -2*Zval/r beyond r=  2.9833
V l=1 = -2*Zval/r beyond r=  2.9833
V l=2 = -2*Zval/r beyond r=  2.9833
V l=3 = -2*Zval/r beyond r=  2.9833
All V_l potentials equal beyond r=  2.4425
This should be close to max(r_c) in ps generation
All pots = -2*Zval/r beyond r=  2.9833

VLOCAL1: 99.0% of the norm of Vloc inside      7.276 Ry
VLOCAL1: 99.9% of the norm of Vloc inside     16.582 Ry
atom: Maximum radius for 4*pi*r*r*local-pseudopot. charge    2.94627
atom: Maximum radius for r*vlocal+2*Zval:    2.60007
GHOST: No ghost state for L =  0
GHOST: No ghost state for L =  1
GHOST: No ghost state for L =  2
GHOST: No ghost state for L =  3

KBgen: Kleinman-Bylander projectors: 
   l= 0   rc=  3.175745   el= -0.445638   Ekb=  5.072790   kbcos=  0.276607
   l= 1   rc=  3.256140   el= -0.066324   Ekb=  2.703235   kbcos=  0.227171
   l= 2   rc=  3.020861   el= -0.526103   Ekb= -4.704026   kbcos= -0.643795
   l= 3   rc=  3.466145   el=  0.003438   Ekb= -2.516122   kbcos= -0.010529

KBgen: Total number of  Kleinman-Bylander projectors:   16
atom: -------------------------------------------------------------------------

atom: SANKEY-TYPE ORBITALS:

SPLIT: Orbitals with angular momentum L= 0

SPLIT: Basis orbitals for state 6s

   izeta = 1
                 lambda =    1.000000
                     rc =    6.557093
                 energy =   -0.435455
                kinetic =    0.389259
    potential(screened) =   -0.824714
       potential(ionic) =   -8.467175

SPLIT: Orbitals with angular momentum L= 2

SPLIT: Basis orbitals for state 5d

   izeta = 1
                 lambda =    1.000000
                     rc =    5.933100
                 energy =   -0.524775
                kinetic =    4.913203
    potential(screened) =   -5.437978
       potential(ionic) =  -15.883506
atom: Total number of Sankey-type orbitals:  6

atm_pop: Valence configuration(local Pseudopot. screening):
 6s( 1.00)                                                            
 6p( 0.00)                                                            
 5d(10.00)                                                            
Vna: chval, zval:   11.00000  11.00000

Vna:  Cut-off radius for the neutral-atom potential:   6.557093

atom: _________________________________________________________________________

prinput: Basis input ----------------------------------------------------------

PAO.BasisType split     

%block ChemicalSpeciesLabel
    1   79 Au                      # Species index, atomic number, species label
%endblock ChemicalSpeciesLabel

%block PAO.Basis                 # Define Basis set
Au          2                    # Species label, number of l-shells
 n=6   0   1                         # n, l, Nzeta 
   6.557   
   1.000   
 n=5   2   1                         # n, l, Nzeta 
   5.933   
   1.000   
%endblock PAO.Basis

prinput: ----------------------------------------------------------------------


siesta: ******************** Simulation parameters ****************************
siesta:
siesta: The following are some of the parameters of the simulation.
siesta: A complete list of the parameters used, including defect values,
siesta: can be found in file out.fdf
siesta:
coor:   Atomic-coordinates input format  =     Cartesian coordinates
coor:                                          (in Angstroms)
redata: Number of spin components        =     1
redata: SpinOrbit                        =     0
redata: Long output                      =     F
redata: Number of Atomic Species         =     1
redata: Charge density info will appear in .RHO file
redata: Write Mulliken Pop.              =     NO
redata: Write Hamilton Pop.              =     NO
redata: Mesh Cutoff                      =   200.0000  Ry
redata: Net charge of the system         =     0.0000 |e|
redata: Max. number of SCF Iter          =   200
redata: One Pulay mixing every           =     4 iterations
redata: Mix DM in first SCF step ?       =     T
redata: Write Pulay info on disk?        =     F
redata: New DM Mixing Weight             =     0.1000
redata: No kicks to SCF
redata: DM Mixing Weight for Kicks       =     0.5000
redata: DM Tolerance for SCF             =     0.000100
redata: Use continuation files for DM    =     T
redata: Neglect nonoverlap interactions  =     F
redata: Method of Calculation            =     Diagonalization
redata: Divide and Conquer               =     F
redata: Electronic Temperature           =     0.0019  Ry
redata: Fix the spin of the system       =     F
redata: Dynamics option                  =     CG coord. optimization
redata: Variable cell                    =     F
redata: Use continuation files for CG    =     F
redata: Maximum number of CG moves       =     0
redata: Max atomic displ per move        =     0.2000  Bohr
redata: Force tolerance                  =     0.0016  Ry/Bohr
redata: ***********************************************************************

siesta: Atomic coordinates (Bohr) and species
siesta:      0.00000   0.00000   0.00000  1        1
siesta:      0.00000   7.87638   0.00000  1        2
siesta:      3.93819   3.93819   0.00000  1        3
siesta:      3.93819  11.81457   0.00000  1        4
siesta:      7.87638   0.00000   0.00000  1        5
siesta:      7.87638   7.87638   0.00000  1        6
siesta:     11.81457   3.93819   0.00000  1        7
siesta:     11.81457  11.81457   0.00000  1        8
siesta:      0.00000   3.93819   3.93819  1        9
siesta:      0.00000  11.81457   3.93819  1       10
siesta:      3.93819   0.00000   3.93819  1       11
siesta:      3.93819   7.87638   3.93819  1       12
siesta:      7.87638   3.93819   3.93819  1       13
siesta:      7.87638  11.81457   3.93819  1       14
siesta:     11.81457   0.00000   3.93819  1       15
siesta:     11.81457   7.87638   3.93819  1       16
siesta:      0.00000   0.00000   7.87638  1       17
siesta:      0.00000   7.87638   7.87638  1       18
siesta:      3.93819   3.93819   7.87638  1       19
siesta:      3.93819  11.81457   7.87638  1       20
siesta:      7.87638   0.00000   7.87638  1       21
siesta:      7.87638   7.87638   7.87638  1       22
siesta:     11.81457   3.93819   7.87638  1       23
siesta:     11.81457  11.81457   7.87638  1       24
siesta:      0.00000   3.93819  11.81457  1       25
siesta:      0.00000  11.81457  11.81457  1       26
siesta:      3.93819   0.00000  11.81457  1       27
siesta:      3.93819   7.87638  11.81457  1       28
siesta:      7.87638   3.93819  11.81457  1       29
siesta:      7.87638  11.81457  11.81457  1       30
siesta:     11.81457   0.00000  11.81457  1       31
siesta:     11.81457   7.87638  11.81457  1       32
siesta:      0.00000   0.00000  15.75276  1       33
siesta:      0.00000   7.87638  15.75276  1       34
siesta:      3.93819   3.93819  15.75276  1       35
siesta:      3.93819  11.81457  15.75276  1       36
siesta:      7.87638   0.00000  15.75276  1       37
siesta:      7.87638   7.87638  15.75276  1       38
siesta:     11.81457   3.93819  15.75276  1       39
siesta:     11.81457  11.81457  15.75276  1       40
siesta:      0.00000   3.93819  19.69095  1       41
siesta:      0.00000  11.81457  19.69095  1       42
siesta:      3.93819   0.00000  19.69095  1       43
siesta:      3.93819   7.87638  19.69095  1       44
siesta:      7.87638   3.93819  19.69095  1       45
siesta:      7.87638  11.81457  19.69095  1       46
siesta:     11.81457   0.00000  19.69095  1       47
siesta:     11.81457   7.87638  19.69095  1       48
siesta:      0.00000   0.00000  40.48173  1       49
siesta:      0.00000   7.87638  40.48173  1       50
siesta:      3.93819   3.93819  40.48173  1       51
siesta:      3.93819  11.81457  40.48173  1       52
siesta:      7.87638   0.00000  40.48173  1       53
siesta:      7.87638   7.87638  40.48173  1       54
siesta:     11.81457   3.93819  40.48173  1       55
siesta:     11.81457  11.81457  40.48173  1       56
siesta:      0.00000   3.93819  44.41992  1       57
siesta:      0.00000  11.81457  44.41992  1       58
siesta:      3.93819   0.00000  44.41992  1       59
siesta:      3.93819   7.87638  44.41992  1       60
siesta:      7.87638   3.93819  44.41992  1       61
siesta:      7.87638  11.81457  44.41992  1       62
siesta:     11.81457   0.00000  44.41992  1       63
siesta:     11.81457   7.87638  44.41992  1       64
siesta:      0.00000   0.00000  48.35811  1       65
siesta:      0.00000   7.87638  48.35811  1       66
siesta:      3.93819   3.93819  48.35811  1       67
siesta:      3.93819  11.81457  48.35811  1       68
siesta:      7.87638   0.00000  48.35811  1       69
siesta:      7.87638   7.87638  48.35811  1       70
siesta:     11.81457   3.93819  48.35811  1       71
siesta:     11.81457  11.81457  48.35811  1       72
siesta:      0.00000   3.93819  52.29630  1       73
siesta:      0.00000  11.81457  52.29630  1       74
siesta:      3.93819   0.00000  52.29630  1       75
siesta:      3.93819   7.87638  52.29630  1       76
siesta:      7.87638   3.93819  52.29630  1       77
siesta:      7.87638  11.81457  52.29630  1       78
siesta:     11.81457   0.00000  52.29630  1       79
siesta:     11.81457   7.87638  52.29630  1       80
siesta:      0.00000   0.00000  56.23449  1       81
siesta:      0.00000   7.87638  56.23449  1       82
siesta:      3.93819   3.93819  56.23449  1       83
siesta:      3.93819  11.81457  56.23449  1       84
siesta:      7.87638   0.00000  56.23449  1       85
siesta:      7.87638   7.87638  56.23449  1       86
siesta:     11.81457   3.93819  56.23449  1       87
siesta:     11.81457  11.81457  56.23449  1       88
siesta:      0.00000   3.93819  60.17268  1       89
siesta:      0.00000  11.81457  60.17268  1       90
siesta:      3.93819   0.00000  60.17268  1       91
siesta:      3.93819   7.87638  60.17268  1       92
siesta:      7.87638   3.93819  60.17268  1       93
siesta:      7.87638  11.81457  60.17268  1       94
siesta:     11.81457   0.00000  60.17268  1       95
siesta:     11.81457   7.87638  60.17268  1       96

initatomlists: Number of atoms, orbitals, and projectors:     96   576  1536

siesta: System type = bulk      
 Nodes, Orbitals          64         576
 blocksizedefault           8

* ProcessorY, Blocksize:    8   8

 label:           1 Au                             1 s      
 label:           2 Au                             1 dxy    
 label:           3 Au                             1 dyz    
 label:           4 Au                             1 dz2    
 label:           5 Au                             1 dxz    
 label:           6 Au                             1 dx2-y2 
 label:           7 Au                             2 s      
 label:           8 Au                             2 dxy    
 label:           9 Au                             2 dyz    
 label:          10 Au                             2 dz2    
 label:          11 Au                             2 dxz    
 label:          12 Au                             2 dx2-y2 
 label:          13 Au                             3 s      
 label:          14 Au                             3 dxy    
 label:          15 Au                             3 dyz    
 label:          16 Au                             3 dz2    
 label:          17 Au                             3 dxz    
 label:          18 Au                             3 dx2-y2 
 label:          19 Au                             4 s      
 label:          20 Au                             4 dxy    
 label:          21 Au                             4 dyz    
 label:          22 Au                             4 dz2    
 label:          23 Au                             4 dxz    
 label:          24 Au                             4 dx2-y2 
 label:          25 Au                             5 s      
 label:          26 Au                             5 dxy    
 label:          27 Au                             5 dyz    
 label:          28 Au                             5 dz2    
 label:          29 Au                             5 dxz    
 label:          30 Au                             5 dx2-y2 
 label:          31 Au                             6 s      
 label:          32 Au                             6 dxy    
 label:          33 Au                             6 dyz    
 label:          34 Au                             6 dz2    
 label:          35 Au                             6 dxz    
 label:          36 Au                             6 dx2-y2 
 label:          37 Au                             7 s      
 label:          38 Au                             7 dxy    
 label:          39 Au                             7 dyz    
 label:          40 Au                             7 dz2    
 label:          41 Au                             7 dxz    
 label:          42 Au                             7 dx2-y2 
 label:          43 Au                             8 s      
 label:          44 Au                             8 dxy    
 label:          45 Au                             8 dyz    
 label:          46 Au                             8 dz2    
 label:          47 Au                             8 dxz    
 label:          48 Au                             8 dx2-y2 
 label:          49 Au                             9 s      
 label:          50 Au                             9 dxy    
 label:          51 Au                             9 dyz    
 label:          52 Au                             9 dz2    
 label:          53 Au                             9 dxz    
 label:          54 Au                             9 dx2-y2 
 label:          55 Au                            10 s      
 label:          56 Au                            10 dxy    
 label:          57 Au                            10 dyz    
 label:          58 Au                            10 dz2    
 label:          59 Au                            10 dxz    
 label:          60 Au                            10 dx2-y2 
 label:          61 Au                            11 s      
 label:          62 Au                            11 dxy    
 label:          63 Au                            11 dyz    
 label:          64 Au                            11 dz2    
 label:          65 Au                            11 dxz    
 label:          66 Au                            11 dx2-y2 
 label:          67 Au                            12 s      
 label:          68 Au                            12 dxy    
 label:          69 Au                            12 dyz    
 label:          70 Au                            12 dz2    
 label:          71 Au                            12 dxz    
 label:          72 Au                            12 dx2-y2 
 label:          73 Au                            13 s      
 label:          74 Au                            13 dxy    
 label:          75 Au                            13 dyz    
 label:          76 Au                            13 dz2    
 label:          77 Au                            13 dxz    
 label:          78 Au                            13 dx2-y2 
 label:          79 Au                            14 s      
 label:          80 Au                            14 dxy    
 label:          81 Au                            14 dyz    
 label:          82 Au                            14 dz2    
 label:          83 Au                            14 dxz    
 label:          84 Au                            14 dx2-y2 
 label:          85 Au                            15 s      
 label:          86 Au                            15 dxy    
 label:          87 Au                            15 dyz    
 label:          88 Au                            15 dz2    
 label:          89 Au                            15 dxz    
 label:          90 Au                            15 dx2-y2 
 label:          91 Au                            16 s      
 label:          92 Au                            16 dxy    
 label:          93 Au                            16 dyz    
 label:          94 Au                            16 dz2    
 label:          95 Au                            16 dxz    
 label:          96 Au                            16 dx2-y2 
 label:          97 Au                            17 s      
 label:          98 Au                            17 dxy    
 label:          99 Au                            17 dyz    
 label:         100 Au                            17 dz2    
 label:         101 Au                            17 dxz    
 label:         102 Au                            17 dx2-y2 
 label:         103 Au                            18 s      
 label:         104 Au                            18 dxy    
 label:         105 Au                            18 dyz    
 label:         106 Au                            18 dz2    
 label:         107 Au                            18 dxz    
 label:         108 Au                            18 dx2-y2 
 label:         109 Au                            19 s      
 label:         110 Au                            19 dxy    
 label:         111 Au                            19 dyz    
 label:         112 Au                            19 dz2    
 label:         113 Au                            19 dxz    
 label:         114 Au                            19 dx2-y2 
 label:         115 Au                            20 s      
 label:         116 Au                            20 dxy    
 label:         117 Au                            20 dyz    
 label:         118 Au                            20 dz2    
 label:         119 Au                            20 dxz    
 label:         120 Au                            20 dx2-y2 
 label:         121 Au                            21 s      
 label:         122 Au                            21 dxy    
 label:         123 Au                            21 dyz    
 label:         124 Au                            21 dz2    
 label:         125 Au                            21 dxz    
 label:         126 Au                            21 dx2-y2 
 label:         127 Au                            22 s      
 label:         128 Au                            22 dxy    
 label:         129 Au                            22 dyz    
 label:         130 Au                            22 dz2    
 label:         131 Au                            22 dxz    
 label:         132 Au                            22 dx2-y2 
 label:         133 Au                            23 s      
 label:         134 Au                            23 dxy    
 label:         135 Au                            23 dyz    
 label:         136 Au                            23 dz2    
 label:         137 Au                            23 dxz    
 label:         138 Au                            23 dx2-y2 
 label:         139 Au                            24 s      
 label:         140 Au                            24 dxy    
 label:         141 Au                            24 dyz    
 label:         142 Au                            24 dz2    
 label:         143 Au                            24 dxz    
 label:         144 Au                            24 dx2-y2 
 label:         145 Au                            25 s      
 label:         146 Au                            25 dxy    
 label:         147 Au                            25 dyz    
 label:         148 Au                            25 dz2    
 label:         149 Au                            25 dxz    
 label:         150 Au                            25 dx2-y2 
 label:         151 Au                            26 s      
 label:         152 Au                            26 dxy    
 label:         153 Au                            26 dyz    
 label:         154 Au                            26 dz2    
 label:         155 Au                            26 dxz    
 label:         156 Au                            26 dx2-y2 
 label:         157 Au                            27 s      
 label:         158 Au                            27 dxy    
 label:         159 Au                            27 dyz    
 label:         160 Au                            27 dz2    
 label:         161 Au                            27 dxz    
 label:         162 Au                            27 dx2-y2 
 label:         163 Au                            28 s      
 label:         164 Au                            28 dxy    
 label:         165 Au                            28 dyz    
 label:         166 Au                            28 dz2    
 label:         167 Au                            28 dxz    
 label:         168 Au                            28 dx2-y2 
 label:         169 Au                            29 s      
 label:         170 Au                            29 dxy    
 label:         171 Au                            29 dyz    
 label:         172 Au                            29 dz2    
 label:         173 Au                            29 dxz    
 label:         174 Au                            29 dx2-y2 
 label:         175 Au                            30 s      
 label:         176 Au                            30 dxy    
 label:         177 Au                            30 dyz    
 label:         178 Au                            30 dz2    
 label:         179 Au                            30 dxz    
 label:         180 Au                            30 dx2-y2 
 label:         181 Au                            31 s      
 label:         182 Au                            31 dxy    
 label:         183 Au                            31 dyz    
 label:         184 Au                            31 dz2    
 label:         185 Au                            31 dxz    
 label:         186 Au                            31 dx2-y2 
 label:         187 Au                            32 s      
 label:         188 Au                            32 dxy    
 label:         189 Au                            32 dyz    
 label:         190 Au                            32 dz2    
 label:         191 Au                            32 dxz    
 label:         192 Au                            32 dx2-y2 
 label:         193 Au                            33 s      
 label:         194 Au                            33 dxy    
 label:         195 Au                            33 dyz    
 label:         196 Au                            33 dz2    
 label:         197 Au                            33 dxz    
 label:         198 Au                            33 dx2-y2 
 label:         199 Au                            34 s      
 label:         200 Au                            34 dxy    
 label:         201 Au                            34 dyz    
 label:         202 Au                            34 dz2    
 label:         203 Au                            34 dxz    
 label:         204 Au                            34 dx2-y2 
 label:         205 Au                            35 s      
 label:         206 Au                            35 dxy    
 label:         207 Au                            35 dyz    
 label:         208 Au                            35 dz2    
 label:         209 Au                            35 dxz    
 label:         210 Au                            35 dx2-y2 
 label:         211 Au                            36 s      
 label:         212 Au                            36 dxy    
 label:         213 Au                            36 dyz    
 label:         214 Au                            36 dz2    
 label:         215 Au                            36 dxz    
 label:         216 Au                            36 dx2-y2 
 label:         217 Au                            37 s      
 label:         218 Au                            37 dxy    
 label:         219 Au                            37 dyz    
 label:         220 Au                            37 dz2    
 label:         221 Au                            37 dxz    
 label:         222 Au                            37 dx2-y2 
 label:         223 Au                            38 s      
 label:         224 Au                            38 dxy    
 label:         225 Au                            38 dyz    
 label:         226 Au                            38 dz2    
 label:         227 Au                            38 dxz    
 label:         228 Au                            38 dx2-y2 
 label:         229 Au                            39 s      
 label:         230 Au                            39 dxy    
 label:         231 Au                            39 dyz    
 label:         232 Au                            39 dz2    
 label:         233 Au                            39 dxz    
 label:         234 Au                            39 dx2-y2 
 label:         235 Au                            40 s      
 label:         236 Au                            40 dxy    
 label:         237 Au                            40 dyz    
 label:         238 Au                            40 dz2    
 label:         239 Au                            40 dxz    
 label:         240 Au                            40 dx2-y2 
 label:         241 Au                            41 s      
 label:         242 Au                            41 dxy    
 label:         243 Au                            41 dyz    
 label:         244 Au                            41 dz2    
 label:         245 Au                            41 dxz    
 label:         246 Au                            41 dx2-y2 
 label:         247 Au                            42 s      
 label:         248 Au                            42 dxy    
 label:         249 Au                            42 dyz    
 label:         250 Au                            42 dz2    
 label:         251 Au                            42 dxz    
 label:         252 Au                            42 dx2-y2 
 label:         253 Au                            43 s      
 label:         254 Au                            43 dxy    
 label:         255 Au                            43 dyz    
 label:         256 Au                            43 dz2    
 label:         257 Au                            43 dxz    
 label:         258 Au                            43 dx2-y2 
 label:         259 Au                            44 s      
 label:         260 Au                            44 dxy    
 label:         261 Au                            44 dyz    
 label:         262 Au                            44 dz2    
 label:         263 Au                            44 dxz    
 label:         264 Au                            44 dx2-y2 
 label:         265 Au                            45 s      
 label:         266 Au                            45 dxy    
 label:         267 Au                            45 dyz    
 label:         268 Au                            45 dz2    
 label:         269 Au                            45 dxz    
 label:         270 Au                            45 dx2-y2 
 label:         271 Au                            46 s      
 label:         272 Au                            46 dxy    
 label:         273 Au                            46 dyz    
 label:         274 Au                            46 dz2    
 label:         275 Au                            46 dxz    
 label:         276 Au                            46 dx2-y2 
 label:         277 Au                            47 s      
 label:         278 Au                            47 dxy    
 label:         279 Au                            47 dyz    
 label:         280 Au                            47 dz2    
 label:         281 Au                            47 dxz    
 label:         282 Au                            47 dx2-y2 
 label:         283 Au                            48 s      
 label:         284 Au                            48 dxy    
 label:         285 Au                            48 dyz    
 label:         286 Au                            48 dz2    
 label:         287 Au                            48 dxz    
 label:         288 Au                            48 dx2-y2 
 label:         289 Au                            49 s      
 label:         290 Au                            49 dxy    
 label:         291 Au                            49 dyz    
 label:         292 Au                            49 dz2    
 label:         293 Au                            49 dxz    
 label:         294 Au                            49 dx2-y2 
 label:         295 Au                            50 s      
 label:         296 Au                            50 dxy    
 label:         297 Au                            50 dyz    
 label:         298 Au                            50 dz2    
 label:         299 Au                            50 dxz    
 label:         300 Au                            50 dx2-y2 
 label:         301 Au                            51 s      
 label:         302 Au                            51 dxy    
 label:         303 Au                            51 dyz    
 label:         304 Au                            51 dz2    
 label:         305 Au                            51 dxz    
 label:         306 Au                            51 dx2-y2 
 label:         307 Au                            52 s      
 label:         308 Au                            52 dxy    
 label:         309 Au                            52 dyz    
 label:         310 Au                            52 dz2    
 label:         311 Au                            52 dxz    
 label:         312 Au                            52 dx2-y2 
 label:         313 Au                            53 s      
 label:         314 Au                            53 dxy    
 label:         315 Au                            53 dyz    
 label:         316 Au                            53 dz2    
 label:         317 Au                            53 dxz    
 label:         318 Au                            53 dx2-y2 
 label:         319 Au                            54 s      
 label:         320 Au                            54 dxy    
 label:         321 Au                            54 dyz    
 label:         322 Au                            54 dz2    
 label:         323 Au                            54 dxz    
 label:         324 Au                            54 dx2-y2 
 label:         325 Au                            55 s      
 label:         326 Au                            55 dxy    
 label:         327 Au                            55 dyz    
 label:         328 Au                            55 dz2    
 label:         329 Au                            55 dxz    
 label:         330 Au                            55 dx2-y2 
 label:         331 Au                            56 s      
 label:         332 Au                            56 dxy    
 label:         333 Au                            56 dyz    
 label:         334 Au                            56 dz2    
 label:         335 Au                            56 dxz    
 label:         336 Au                            56 dx2-y2 
 label:         337 Au                            57 s      
 label:         338 Au                            57 dxy    
 label:         339 Au                            57 dyz    
 label:         340 Au                            57 dz2    
 label:         341 Au                            57 dxz    
 label:         342 Au                            57 dx2-y2 
 label:         343 Au                            58 s      
 label:         344 Au                            58 dxy    
 label:         345 Au                            58 dyz    
 label:         346 Au                            58 dz2    
 label:         347 Au                            58 dxz    
 label:         348 Au                            58 dx2-y2 
 label:         349 Au                            59 s      
 label:         350 Au                            59 dxy    
 label:         351 Au                            59 dyz    
 label:         352 Au                            59 dz2    
 label:         353 Au                            59 dxz    
 label:         354 Au                            59 dx2-y2 
 label:         355 Au                            60 s      
 label:         356 Au                            60 dxy    
 label:         357 Au                            60 dyz    
 label:         358 Au                            60 dz2    
 label:         359 Au                            60 dxz    
 label:         360 Au                            60 dx2-y2 
 label:         361 Au                            61 s      
 label:         362 Au                            61 dxy    
 label:         363 Au                            61 dyz    
 label:         364 Au                            61 dz2    
 label:         365 Au                            61 dxz    
 label:         366 Au                            61 dx2-y2 
 label:         367 Au                            62 s      
 label:         368 Au                            62 dxy    
 label:         369 Au                            62 dyz    
 label:         370 Au                            62 dz2    
 label:         371 Au                            62 dxz    
 label:         372 Au                            62 dx2-y2 
 label:         373 Au                            63 s      
 label:         374 Au                            63 dxy    
 label:         375 Au                            63 dyz    
 label:         376 Au                            63 dz2    
 label:         377 Au                            63 dxz    
 label:         378 Au                            63 dx2-y2 
 label:         379 Au                            64 s      
 label:         380 Au                            64 dxy    
 label:         381 Au                            64 dyz    
 label:         382 Au                            64 dz2    
 label:         383 Au                            64 dxz    
 label:         384 Au                            64 dx2-y2 
 label:         385 Au                            65 s      
 label:         386 Au                            65 dxy    
 label:         387 Au                            65 dyz    
 label:         388 Au                            65 dz2    
 label:         389 Au                            65 dxz    
 label:         390 Au                            65 dx2-y2 
 label:         391 Au                            66 s      
 label:         392 Au                            66 dxy    
 label:         393 Au                            66 dyz    
 label:         394 Au                            66 dz2    
 label:         395 Au                            66 dxz    
 label:         396 Au                            66 dx2-y2 
 label:         397 Au                            67 s      
 label:         398 Au                            67 dxy    
 label:         399 Au                            67 dyz    
 label:         400 Au                            67 dz2    
 label:         401 Au                            67 dxz    
 label:         402 Au                            67 dx2-y2 
 label:         403 Au                            68 s      
 label:         404 Au                            68 dxy    
 label:         405 Au                            68 dyz    
 label:         406 Au                            68 dz2    
 label:         407 Au                            68 dxz    
 label:         408 Au                            68 dx2-y2 
 label:         409 Au                            69 s      
 label:         410 Au                            69 dxy    
 label:         411 Au                            69 dyz    
 label:         412 Au                            69 dz2    
 label:         413 Au                            69 dxz    
 label:         414 Au                            69 dx2-y2 
 label:         415 Au                            70 s      
 label:         416 Au                            70 dxy    
 label:         417 Au                            70 dyz    
 label:         418 Au                            70 dz2    
 label:         419 Au                            70 dxz    
 label:         420 Au                            70 dx2-y2 
 label:         421 Au                            71 s      
 label:         422 Au                            71 dxy    
 label:         423 Au                            71 dyz    
 label:         424 Au                            71 dz2    
 label:         425 Au                            71 dxz    
 label:         426 Au                            71 dx2-y2 
 label:         427 Au                            72 s      
 label:         428 Au                            72 dxy    
 label:         429 Au                            72 dyz    
 label:         430 Au                            72 dz2    
 label:         431 Au                            72 dxz    
 label:         432 Au                            72 dx2-y2 
 label:         433 Au                            73 s      
 label:         434 Au                            73 dxy    
 label:         435 Au                            73 dyz    
 label:         436 Au                            73 dz2    
 label:         437 Au                            73 dxz    
 label:         438 Au                            73 dx2-y2 
 label:         439 Au                            74 s      
 label:         440 Au                            74 dxy    
 label:         441 Au                            74 dyz    
 label:         442 Au                            74 dz2    
 label:         443 Au                            74 dxz    
 label:         444 Au                            74 dx2-y2 
 label:         445 Au                            75 s      
 label:         446 Au                            75 dxy    
 label:         447 Au                            75 dyz    
 label:         448 Au                            75 dz2    
 label:         449 Au                            75 dxz    
 label:         450 Au                            75 dx2-y2 
 label:         451 Au                            76 s      
 label:         452 Au                            76 dxy    
 label:         453 Au                            76 dyz    
 label:         454 Au                            76 dz2    
 label:         455 Au                            76 dxz    
 label:         456 Au                            76 dx2-y2 
 label:         457 Au                            77 s      
 label:         458 Au                            77 dxy    
 label:         459 Au                            77 dyz    
 label:         460 Au                            77 dz2    
 label:         461 Au                            77 dxz    
 label:         462 Au                            77 dx2-y2 
 label:         463 Au                            78 s      
 label:         464 Au                            78 dxy    
 label:         465 Au                            78 dyz    
 label:         466 Au                            78 dz2    
 label:         467 Au                            78 dxz    
 label:         468 Au                            78 dx2-y2 
 label:         469 Au                            79 s      
 label:         470 Au                            79 dxy    
 label:         471 Au                            79 dyz    
 label:         472 Au                            79 dz2    
 label:         473 Au                            79 dxz    
 label:         474 Au                            79 dx2-y2 
 label:         475 Au                            80 s      
 label:         476 Au                            80 dxy    
 label:         477 Au                            80 dyz    
 label:         478 Au                            80 dz2    
 label:         479 Au                            80 dxz    
 label:         480 Au                            80 dx2-y2 
 label:         481 Au                            81 s      
 label:         482 Au                            81 dxy    
 label:         483 Au                            81 dyz    
 label:         484 Au                            81 dz2    
 label:         485 Au                            81 dxz    
 label:         486 Au                            81 dx2-y2 
 label:         487 Au                            82 s      
 label:         488 Au                            82 dxy    
 label:         489 Au                            82 dyz    
 label:         490 Au                            82 dz2    
 label:         491 Au                            82 dxz    
 label:         492 Au                            82 dx2-y2 
 label:         493 Au                            83 s      
 label:         494 Au                            83 dxy    
 label:         495 Au                            83 dyz    
 label:         496 Au                            83 dz2    
 label:         497 Au                            83 dxz    
 label:         498 Au                            83 dx2-y2 
 label:         499 Au                            84 s      
 label:         500 Au                            84 dxy    
 label:         501 Au                            84 dyz    
 label:         502 Au                            84 dz2    
 label:         503 Au                            84 dxz    
 label:         504 Au                            84 dx2-y2 
 label:         505 Au                            85 s      
 label:         506 Au                            85 dxy    
 label:         507 Au                            85 dyz    
 label:         508 Au                            85 dz2    
 label:         509 Au                            85 dxz    
 label:         510 Au                            85 dx2-y2 
 label:         511 Au                            86 s      
 label:         512 Au                            86 dxy    
 label:         513 Au                            86 dyz    
 label:         514 Au                            86 dz2    
 label:         515 Au                            86 dxz    
 label:         516 Au                            86 dx2-y2 
 label:         517 Au                            87 s      
 label:         518 Au                            87 dxy    
 label:         519 Au                            87 dyz    
 label:         520 Au                            87 dz2    
 label:         521 Au                            87 dxz    
 label:         522 Au                            87 dx2-y2 
 label:         523 Au                            88 s      
 label:         524 Au                            88 dxy    
 label:         525 Au                            88 dyz    
 label:         526 Au                            88 dz2    
 label:         527 Au                            88 dxz    
 label:         528 Au                            88 dx2-y2 
 label:         529 Au                            89 s      
 label:         530 Au                            89 dxy    
 label:         531 Au                            89 dyz    
 label:         532 Au                            89 dz2    
 label:         533 Au                            89 dxz    
 label:         534 Au                            89 dx2-y2 
 label:         535 Au                            90 s      
 label:         536 Au                            90 dxy    
 label:         537 Au                            90 dyz    
 label:         538 Au                            90 dz2    
 label:         539 Au                            90 dxz    
 label:         540 Au                            90 dx2-y2 
 label:         541 Au                            91 s      
 label:         542 Au                            91 dxy    
 label:         543 Au                            91 dyz    
 label:         544 Au                            91 dz2    
 label:         545 Au                            91 dxz    
 label:         546 Au                            91 dx2-y2 
 label:         547 Au                            92 s      
 label:         548 Au                            92 dxy    
 label:         549 Au                            92 dyz    
 label:         550 Au                            92 dz2    
 label:         551 Au                            92 dxz    
 label:         552 Au                            92 dx2-y2 
 label:         553 Au                            93 s      
 label:         554 Au                            93 dxy    
 label:         555 Au                            93 dyz    
 label:         556 Au                            93 dz2    
 label:         557 Au                            93 dxz    
 label:         558 Au                            93 dx2-y2 
 label:         559 Au                            94 s      
 label:         560 Au                            94 dxy    
 label:         561 Au                            94 dyz    
 label:         562 Au                            94 dz2    
 label:         563 Au                            94 dxz    
 label:         564 Au                            94 dx2-y2 
 label:         565 Au                            95 s      
 label:         566 Au                            95 dxy    
 label:         567 Au                            95 dyz    
 label:         568 Au                            95 dz2    
 label:         569 Au                            95 dxz    
 label:         570 Au                            95 dx2-y2 
 label:         571 Au                            96 s      
 label:         572 Au                            96 dxy    
 label:         573 Au                            96 dyz    
 label:         574 Au                            96 dz2    
 label:         575 Au                            96 dxz    
 label:         576 Au                            96 dx2-y2 
 
* Maximum dynamic memory allocated =     1 MB

siesta:                 ==============================
                            Begin CG move =      0
                        ==============================

xijorb: WARNING: orbital pair      1   475 is multiply connected


read_ldau The LDA+U method used is from Czyzky PRB 49 14211
 NSCOBlocks=           0

InitMesh: MESH =    72 x    72 x   300 =     1555200
InitMesh: Mesh cutoff (required, used) =   200.000   206.182 Ry
 
* Maximum dynamic memory allocated =    15 MB

stepf: Fermi-Dirac step function

siesta: Program's energy decomposition (eV):
siesta: Eions   =    115680.044384
siesta: Ena     =      6422.662619
siesta: Ekin    =     64683.513912
siesta: Enl     =    -24893.134026
siesta: DEna    =         0.000044
siesta: DUscf   =         0.000000
siesta: DUext   =         0.000000
siesta: Exc     =    -40111.144196
siesta: eta*DQ  =         0.000000
siesta: Emadel  =         0.000000
siesta: Eharris =   -109430.666181
siesta: Eso     =         0.000000
siesta: Etot    =   -109578.146030
siesta: FreeEng =   -109578.146030

siesta: iscf   Eharris(eV)      E_KS(eV)   FreeEng(eV)     dDmax   Ef(eV)
siesta:    1  -109430.6662  -109578.1460  -109578.1460   0.44013  -2.7817
timer: Routine,Calls,Time,% = IterSCF        1     125.426  78.62
siesta:    2  -109432.8784  -109563.2585  -109563.4023   0.33219  -2.9613
siesta:    3  -109461.3289  -109550.4903  -109550.6706   0.87758  -2.3240
siesta:    4  -109444.3184  -109528.0014  -109528.1978   0.59756  -3.3100
siesta:    5  -109442.6626  -109512.4827  -109512.6161   0.54753  -3.0365
siesta:    6  -109448.5745  -109502.2545  -109502.2761   0.67502  -2.9689
siesta:    7  -109434.0458  -109503.4875  -109503.5159   0.40799  -3.1125
siesta:    8  -109432.6904  -109497.2708  -109497.4214   0.38939  -3.1635
siesta:    9  -109435.4097  -109478.3558  -109478.5006   0.33089  -3.3646
siesta:   10  -109436.6479  -109463.8174  -109463.9622   0.50745  -3.1744
siesta:   11  -109459.0419  -109444.7274  -109444.8427   0.75064  -3.2816
siesta:   12  -109435.8577  -109453.4928  -109453.6343   0.34455  -3.2413
siesta:   13  -109430.9722  -109451.9596  -109452.0930   0.25276  -3.3856
siesta:   14  -109432.6215  -109448.3295  -109448.4732   0.25543  -3.2772
siesta:   15  -109433.0982  -109442.3872  -109442.5314   0.26856  -3.2750
siesta:   16  -109490.4150  -109422.3583  -109422.5015   1.26953  -2.7733
siesta:   17  -109429.7155  -109428.5647  -109428.7405   0.21905  -3.3375
siesta:   18  -109430.5141  -109430.4128  -109430.5546   0.27303  -3.4819
siesta:   19  -109429.8706  -109431.3973  -109431.5339   0.16585  -3.3750
siesta:   20  -109434.0000  -109428.9557  -109429.0922   0.31774  -3.1753
siesta:   21  -109477.6408  -109427.4830  -109427.6319   1.03889  -2.9537
siesta:   22  -109428.7171  -109428.4075  -109428.4469   0.16330  -3.4657
siesta:   23  -109430.5676  -109427.2907  -109427.4333   0.26090  -3.5262
siesta:   24  -109428.7139  -109427.2674  -109427.4086   0.16754  -3.4585
siesta:   25  -109441.9991  -109423.7992  -109423.9425   0.62521  -2.9039
siesta:   26  -109463.5341  -109422.1874  -109422.4134   0.84020  -3.2537
siesta:   27  -109428.6884  -109424.9295  -109425.0303   0.18117  -3.4581
siesta:   28  -109431.9091  -109425.0294  -109425.1720   0.28540  -3.5222
siesta:   29  -109428.8251  -109423.8029  -109423.9442   0.19082  -3.4436
siesta:   30  -109437.2833  -109419.1681  -109419.3107   0.50933  -3.0349
siesta:   31  -109442.8761  -109418.9720  -109419.1185   0.45447  -3.2245
siesta:   32  -109431.4157  -109422.0476  -109422.1868   0.27432  -3.3247
siesta:   33  -109434.6836  -109421.4928  -109421.6370   0.29725  -3.5325
siesta:   34  -109431.2639  -109420.7552  -109420.8895   0.24811  -3.3275
siesta:   35  -109446.3154  -109416.6247  -109416.7679   0.72020  -2.8293
siesta:   36  -109432.3563  -109417.6616  -109417.8631   0.29378  -3.2903
siesta:   37  -109431.6124  -109419.4808  -109419.6269   0.23447  -3.3045
siesta:   38  -109435.1111  -109418.1359  -109418.2790   0.30302  -3.5753
siesta:   39  -109432.4445  -109419.4217  -109419.5647   0.27134  -3.2584
siesta:   40  -109458.7966  -109421.6024  -109421.7479   0.93402  -2.7656
siesta:   41  -109430.3005  -109419.6022  -109419.6404   0.17850  -3.3565
siesta:   42  -109431.0256  -109419.6937  -109419.8264   0.25056  -3.3045
siesta:   43  -109431.1405  -109420.5000  -109420.6449   0.26680  -3.4555
siesta:   44  -109429.9255  -109420.6671  -109420.8110   0.21814  -3.3753
siesta:   45  -109444.0469  -109420.2821  -109420.4231   0.66455  -3.0051
siesta:   46  -109430.2250  -109421.0553  -109421.1016   0.17011  -3.3683
siesta:   47  -109429.9967  -109421.0627  -109421.1950   0.19972  -3.3673
siesta:   48  -109429.6562  -109420.9075  -109421.0474   0.21544  -3.4466
siesta:   49  -109430.5511  -109421.1244  -109421.2637   0.22838  -3.3489
siesta:   50  -109452.2393  -109421.2430  -109421.3856   0.77895  -3.0116
siesta:   51  -109429.8184  -109421.2762  -109421.2797   0.17880  -3.3811
siesta:   52  -109430.2027  -109421.4121  -109421.5525   0.22475  -3.3674
siesta:   53  -109429.2446  -109422.1847  -109422.3277   0.16205  -3.4069
siesta:   54  -109428.9309  -109422.7004  -109422.8394   0.10994  -3.4090
siesta:   55  -109448.5455  -109423.8581  -109423.9971   0.71241  -3.0383
siesta:   56  -109429.2171  -109422.6530  -109422.6636   0.18770  -3.4373
siesta:   57  -109429.0921  -109422.8251  -109422.9681   0.13257  -3.4005
siesta:   58  -109428.7915  -109423.2076  -109423.3457   0.10724  -3.4102
siesta:   59  -109428.8951  -109422.9947  -109423.1344   0.11773  -3.4083
siesta:   60  -109437.4901  -109425.1165  -109425.2555   0.45594  -3.0292
siesta:   61  -109429.2623  -109424.0088  -109424.2265   0.16312  -3.4386
siesta:   62  -109428.8036  -109423.5092  -109423.6527   0.11190  -3.3735
siesta:   63  -109428.9391  -109423.7355  -109423.8776   0.11124  -3.3720
siesta:   64  -109428.4884  -109424.6822  -109424.8228   0.09917  -3.3930
siesta:   65  -109437.0789  -109426.3006  -109426.4437   0.47244  -3.0393
siesta:   66  -109429.0475  -109426.5441  -109426.7183   0.12887  -3.3949
siesta:   67  -109433.0817  -109424.8238  -109424.9643   0.27131  -3.3737
siesta:   68  -109428.8121  -109424.8042  -109424.9494   0.13380  -3.3823
siesta:   69  -109429.0679  -109423.4820  -109423.6218   0.15221  -3.3208
siesta:   70  -109433.3010  -109424.6931  -109424.8345   0.33070  -3.1266
siesta:   71  -109429.5733  -109424.4129  -109424.5665   0.17138  -3.3297
siesta:   72  -109431.1627  -109425.6285  -109425.7675   0.22100  -3.2933
siesta:   73  -109430.2504  -109424.8433  -109424.9889   0.19249  -3.3210
siesta:   74  -109430.1408  -109424.8847  -109425.0252   0.18033  -3.3129
siesta:   75  -109431.4035  -109425.1274  -109425.2694   0.23433  -3.2445
siesta:   76  -109431.6605  -109425.3720  -109425.5162   0.26401  -3.2345
siesta:   77  -109446.6071  -109425.1337  -109425.2775   0.61750  -3.2261
siesta:   78  -109430.6549  -109424.9374  -109425.0094   0.18415  -3.3092
siesta:   79  -109430.0617  -109424.7664  -109424.9100   0.20750  -3.3998
siesta:   80  -109431.5172  -109424.4775  -109424.6156   0.28473  -3.1904
siesta:   81  -109428.8425  -109424.6997  -109424.8042   0.11783  -3.4301
siesta:   82  -109436.3879  -109424.8423  -109424.9853   0.39409  -3.0849
siesta:   83  -109428.5523  -109424.8587  -109425.0254   0.08051  -3.4029
siesta:   84  -109429.6921  -109424.9654  -109425.1079   0.15464  -3.3409
siesta:   85  -109428.4790  -109425.0286  -109425.1709   0.06979  -3.3982
siesta:   86  -109428.4817  -109425.2212  -109425.3643   0.07822  -3.4167
siesta:   87  -109434.1572  -109425.7644  -109425.9077   0.36327  -3.0916
siesta:   88  -109428.4060  -109425.3627  -109425.5396   0.06392  -3.3914
siesta:   89  -109429.3010  -109425.1297  -109425.2725   0.12637  -3.3587
siesta:   90  -109428.3939  -109425.4392  -109425.5820   0.06281  -3.3932
siesta:   91  -109428.4253  -109425.6268  -109425.7693   0.06162  -3.3959
siesta:   92  -109431.9100  -109425.7687  -109425.9100   0.29087  -3.1899
siesta:   93  -109428.6334  -109425.6279  -109425.7716   0.09321  -3.3886
siesta:   94  -109429.6610  -109426.0257  -109426.1648   0.18785  -3.3806
siesta:   95  -109428.4991  -109425.9486  -109426.0924   0.08866  -3.3708
siesta:   96  -109428.9142  -109426.1986  -109426.3398   0.11395  -3.3537
siesta:   97  -109430.9960  -109426.5088  -109426.6467   0.24013  -3.2327
siesta:   98  -109428.7398  -109426.1538  -109426.2971   0.10991  -3.3585
siesta:   99  -109431.3566  -109425.8662  -109426.0038   0.22068  -3.3063
siesta:  100  -109429.5378  -109426.1399  -109426.2872   0.14484  -3.3281
siesta:  101  -109429.5873  -109426.2219  -109426.3610   0.14132  -3.3256
siesta:  102  -109430.2156  -109426.1330  -109426.2730   0.18739  -3.2896
siesta:  103  -109430.1175  -109426.1269  -109426.2679   0.18529  -3.2969
siesta:  104  -109439.8736  -109426.3919  -109426.5318   0.46275  -3.1102
siesta:  105  -109432.5625  -109426.2024  -109426.3365   0.24668  -3.3913
siesta:  106  -109429.3407  -109426.0581  -109426.2033   0.14018  -3.3950
siesta:  107  -109430.4562  -109426.1033  -109426.2466   0.17676  -3.3118
siesta:  108  -109430.0014  -109426.1012  -109426.2446   0.16585  -3.3440
siesta:  109  -109441.3982  -109426.1383  -109426.2814   0.59386  -3.0401
siesta:  110  -109429.3204  -109425.9896  -109426.0821   0.13982  -3.3186
siesta:  111  -109429.8990  -109426.0339  -109426.1719   0.16809  -3.3739
siesta:  112  -109429.1472  -109425.9748  -109426.1187   0.13586  -3.3838
siesta:  113  -109428.8866  -109425.9914  -109426.1336   0.10891  -3.4013
siesta:  114  -109433.7507  -109426.1519  -109426.2951   0.33771  -3.1190
siesta:  115  -109428.9780  -109426.1120  -109426.2733   0.11069  -3.3584
siesta:  116  -109428.4850  -109426.1437  -109426.2842   0.06621  -3.3960
siesta:  117  -109428.5567  -109426.1776  -109426.3209   0.06929  -3.3901
siesta:  118  -109428.5288  -109426.3045  -109426.4474   0.06392  -3.3915
siesta:  119  -109431.9330  -109426.7416  -109426.8849   0.27731  -3.1667
siesta:  120  -109428.4718  -109426.6734  -109426.8229   0.07667  -3.4029
siesta:  121  -109428.5128  -109426.5488  -109426.6921   0.06836  -3.3858
siesta:  122  -109428.3614  -109426.8531  -109426.9960   0.04126  -3.3847
siesta:  123  -109428.3900  -109426.6616  -109426.8047   0.04402  -3.3866
siesta:  124  -109429.2339  -109427.8437  -109427.9870   0.12058  -3.3274
siesta:  125  -109428.4825  -109427.1901  -109427.3310   0.06479  -3.3641
siesta:  126  -109428.4630  -109426.7234  -109426.8656   0.05416  -3.3750
siesta:  127  -109428.4003  -109426.9325  -109427.0758   0.04002  -3.3820
siesta:  128  -109428.4378  -109427.1377  -109427.2811   0.05310  -3.3677
siesta:  129  -109428.5786  -109427.3181  -109427.4612   0.07742  -3.3604
siesta:  130  -109428.4601  -109427.1423  -109427.2836   0.06044  -3.3649
siesta:  131  -109428.4683  -109427.1666  -109427.3095   0.06199  -3.3642
siesta:  132  -109428.4225  -109427.5832  -109427.7261   0.05051  -3.3891
siesta:  133  -109428.3852  -109427.3789  -109427.5224   0.04346  -3.3705
siesta:  134  -109428.5046  -109427.6303  -109427.7737   0.06516  -3.3671
siesta:  135  -109428.3377  -109427.9645  -109428.1052   0.02113  -3.3771
siesta:  136  -109428.4101  -109428.1662  -109428.3096   0.04314  -3.3757
siesta:  137  -109428.3324  -109428.3442  -109428.4869   0.02157  -3.3775
siesta:  138  -109428.3264  -109428.4730  -109428.6161   0.01920  -3.3797
siesta:  139  -109428.3318  -109428.3693  -109428.5126   0.01798  -3.3781
siesta:  140  -109428.3185  -109428.5497  -109428.6930   0.01182  -3.3810
siesta:  141  -109428.3177  -109428.4417  -109428.5851   0.01049  -3.3813
siesta:  142  -109428.3209  -109428.2818  -109428.4252   0.01331  -3.3788
siesta:  143  -109428.3123  -109428.3014  -109428.4447   0.00138  -3.3805
siesta:  144  -109428.3118  -109428.2928  -109428.4362   0.00092  -3.3803
siesta:  145  -109428.3120  -109428.2954  -109428.4388   0.00082  -3.3803
siesta:  146  -109428.3121  -109428.2935  -109428.4369   0.00131  -3.3800
siesta:  147  -109428.3123  -109428.2965  -109428.4399   0.00063  -3.3803
siesta:  148  -109428.3122  -109428.2993  -109428.4427   0.00263  -3.3799
siesta:  149  -109428.3120  -109428.2978  -109428.4412   0.00082  -3.3801
siesta:  150  -109428.3122  -109428.3015  -109428.4449   0.00059  -3.3801
siesta:  151  -109428.3121  -109428.3005  -109428.4439   0.00048  -3.3803
siesta:  152  -109428.3120  -109428.3027  -109428.4461   0.00042  -3.3801
siesta:  153  -109428.3119  -109428.3063  -109428.4497   0.00026  -3.3802
siesta:  154  -109428.3121  -109428.3054  -109428.4488   0.00054  -3.3801
siesta:  155  -109428.3121  -109428.3075  -109428.4509   0.00030  -3.3802
siesta:  156  -109428.3120  -109428.3088  -109428.4522   0.00032  -3.3801
siesta:  157  -109428.3120  -109428.3070  -109428.4504   0.00030  -3.3802
siesta:  158  -109428.3120  -109428.3091  -109428.4525   0.00009  -3.3802

siesta: E_KS(eV) =          -109428.3111

siesta: E_KS - E_eggbox =   -109428.3111

siesta: Atomic forces (eV/Ang):
     1    0.000001   -0.000000   -0.185699
     2    0.000000    0.000000   -0.185700
     3   -0.000005   -0.000002   -0.185699
     4   -0.000004   -0.007448   -0.185700
     5   -0.000006    0.000000   -0.185699
     6   -0.000006   -0.000000   -0.185699
     7   -0.007450    0.000000   -0.185696
     8   -0.005268   -0.005267   -0.185696
     9   -0.000001   -0.000000    0.184379
    10   -0.000001    0.000001    0.184379
    11    0.000005    0.000000    0.184389
    12    0.000005    0.000000    0.184388
    13    0.000004   -0.000001    0.184388
    14    0.000004    0.000001    0.184387
    15   -0.000000   -0.000000    0.184387
    16    0.000000    0.000000    0.184387
    17    0.000000   -0.000000    0.705341
    18   -0.000001   -0.000000    0.705342
    19    0.000002    0.000000    0.705336
    20    0.000002   -0.000000    0.705336
    21    0.000003   -0.000000    0.705336
    22    0.000003    0.000000    0.705337
    23    0.000000    0.000001    0.705329
    24    0.000001   -0.000001    0.705330
    25    0.000000    0.000000   -0.375400
    26   -0.000000   -0.000000   -0.375400
    27   -0.000003    0.000001   -0.375395
    28   -0.000003   -0.000000   -0.375396
    29   -0.000000    0.000000   -0.375393
    30   -0.000002    0.000000   -0.375394
    31   -0.000000   -0.000000   -0.375396
    32    0.000000    0.000000   -0.375396
    33   -0.000001   -0.000000    0.087993
    34   -0.000000    0.000000    0.087993
    35   -0.000001    0.000000    0.087988
    36   -0.000002   -0.000000    0.087987
    37   -0.000001    0.000000    0.087988
    38   -0.000001   -0.000000    0.087987
    39    0.000000    0.000000    0.087981
    40   -0.000000   -0.000001    0.087981
    41    0.000000    0.000000   -0.262165
    42    0.000000    0.000000   -0.262165
    43    0.000000   -0.000000   -0.262171
    44    0.000001    0.000000   -0.262171
    45   -0.000000   -0.000000   -0.262171
    46   -0.000001    0.000000   -0.262171
    47   -0.000001    0.000001   -0.262175
    48    0.000000   -0.000000   -0.262175
    49   -0.000000   -0.000000   -0.517471
    50   -0.000000   -0.000000   -0.517471
    51   -0.000000   -0.000000   -0.517474
    52    0.000000   -0.000000   -0.517473
    53   -0.000002   -0.000000   -0.517471
    54   -0.000002   -0.000000   -0.517471
    55    0.000001    0.000000   -0.517477
    56    0.000000   -0.000000   -0.517479
    57    0.000000    0.000000    1.135203
    58   -0.000000    0.000000    1.135204
    59   -0.000008   -0.000000    1.135196
    60   -0.000008    0.000001    1.135197
    61   -0.000007    0.000000    1.135198
    62   -0.000007   -0.000000    1.135198
    63    0.000000    0.000001    1.135186
    64    0.000001   -0.000000    1.135186
    65   -0.000000   -0.000001   -0.530711
    66   -0.000000    0.000000   -0.530711
    67    0.000008   -0.000000   -0.530720
    68    0.000007   -0.000000   -0.530719
    69    0.000008    0.000000   -0.530718
    70    0.000009   -0.000000   -0.530717
    71   -0.000001   -0.000001   -0.530712
    72   -0.000001    0.000000   -0.530712
    73   -0.000000   -0.000000    0.525336
    74    0.000000    0.000000    0.525336
    75   -0.000002   -0.000000    0.525342
    76   -0.000002    0.000000    0.525343
    77   -0.000002   -0.000001    0.525342
    78   -0.000002   -0.000000    0.525342
    79    0.000001    0.000001    0.525336
    80    0.000000   -0.000000    0.525336
    81    0.000000   -0.000001   -0.957614
    82   -0.000000   -0.000000   -0.957614
    83    0.000004   -0.000000   -0.957614
    84    0.000003    0.000000   -0.957613
    85    0.000001    0.000000   -0.957615
    86    0.000001   -0.000000   -0.957615
    87    0.000000    0.000000   -0.957615
    88    0.000001    0.000001   -0.957615
    89   -0.000000   -0.000000    0.188931
    90   -0.000000    0.000000    0.188932
    91    0.000002   -0.000000    0.188942
    92    0.000002   -0.000000    0.188942
    93    0.000002    0.000000    0.188942
    94    0.000002    0.000000    0.188942
    95    0.000000   -0.000000    0.188942
    96    0.000000    0.000000    0.188942
----------------------------------------
 Tot   -0.012716   -0.012717   -0.015079
----------------------------------------
 Max    1.135204
 Res    0.327033    sqrt( Sum f_i^2 / 3N )
----------------------------------------
 Max    1.135204    constrained
 
* Maximum dynamic memory allocated =    15 MB

coxmol: Writing XMOL coordinates into file transport.xyz           

siesta: Eigenvalues (eV):
  ik is    eps
   1  1 -13.64 -13.42 -13.13 -12.68 -12.09 -11.48 -11.37 -11.37 -11.37 -11.37
        -11.18 -11.18 -11.18 -11.18 -10.94 -10.94 -10.94 -10.94 -10.92 -10.92
        -10.92 -10.92 -10.92 -10.78 -10.78 -10.78 -10.78 -10.61 -10.61 -10.61
        -10.61 -10.61 -10.59 -10.59 -10.59 -10.59 -10.58 -10.57 -10.57 -10.53
        -10.40 -10.40 -10.34 -10.34 -10.34 -10.34 -10.21 -10.20 -10.18 -10.18
        -10.18 -10.18 -10.16 -10.16 -10.14 -10.14 -10.14 -10.04 -10.00 -10.00
        -10.00 -10.00  -9.99  -9.99  -9.94  -9.82  -9.82  -9.82  -9.82  -9.82
         -9.82  -9.79  -9.79  -9.76  -9.50  -9.50  -9.50  -9.50  -9.50  -9.47
         -9.47  -9.46  -9.46  -9.44  -9.44  -9.44  -9.44  -9.30  -9.30  -9.30
         -9.30  -9.28  -9.28  -9.28  -9.28  -9.26  -9.22  -9.22  -9.22  -9.22
         -9.20  -9.20  -9.20  -9.20  -9.13  -9.13  -9.13  -9.13  -9.08  -9.08
         -9.04  -9.04  -9.04  -9.04  -9.01  -9.01  -9.00  -8.98  -8.98  -8.98
         -8.98  -8.97  -8.97  -8.97  -8.97  -8.88  -8.88  -8.88  -8.88  -8.73
         -8.69  -8.69  -8.69  -8.69  -8.59  -8.59  -8.59  -8.59  -8.58  -8.58
         -8.58  -8.58  -8.56  -8.56  -8.56  -8.56  -8.53  -8.51  -8.51  -8.48
         -8.48  -8.48  -8.48  -8.47  -8.47  -8.47  -8.47  -8.47  -8.47  -8.47
         -8.47  -8.43  -8.43  -8.43  -8.43  -8.41  -8.41  -8.41  -8.41  -8.37
         -8.37  -8.37  -8.37  -8.37  -8.36  -8.36  -8.36  -8.36  -8.36  -8.36
         -8.36  -8.36  -8.35  -8.35  -8.35  -8.35  -8.30  -8.30  -8.30  -8.30
         -8.27  -8.27  -8.27  -8.27  -8.23  -8.23  -8.23  -8.23  -8.21  -8.19
         -8.19  -8.19  -8.19  -8.19  -8.19  -8.19  -8.19  -8.19  -8.19  -8.19
         -8.19  -8.14  -8.14  -8.14  -8.14  -8.13  -8.10  -8.10  -8.08  -8.08
         -8.08  -8.08  -8.03  -8.03  -8.03  -8.03  -7.99  -7.99  -7.98  -7.98
         -7.98  -7.98  -7.93  -7.93  -7.93  -7.93  -7.92  -7.92  -7.92  -7.92
         -7.92  -7.92  -7.89  -7.89  -7.89  -7.89  -7.84  -7.84  -7.82  -7.82
         -7.82  -7.82  -7.67  -7.67  -7.67  -7.67  -7.64  -7.64  -7.64  -7.64
         -7.61  -7.61  -7.48  -7.44  -7.39  -7.39  -7.39  -7.39  -7.39  -7.39
         -7.39  -7.39  -7.27  -7.27  -7.25  -7.25  -7.24  -7.20  -7.20  -7.20
         -7.20  -7.20  -7.20  -7.20  -7.20  -7.20  -7.20  -7.20  -7.20  -7.14
         -7.14  -7.14  -7.14  -7.13  -7.13  -7.13  -7.13  -7.12  -7.05  -7.05
         -7.05  -7.05  -7.03  -7.03  -7.03  -7.03  -6.95  -6.95  -6.94  -6.94
         -6.94  -6.94  -6.91  -6.90  -6.90  -6.90  -6.90  -6.89  -6.89  -6.89
         -6.89  -6.89  -6.85  -6.85  -6.85  -6.85  -6.84  -6.84  -6.84  -6.84
         -6.84  -6.84  -6.84  -6.84  -6.82  -6.82  -6.82  -6.82  -6.78  -6.78
         -6.78  -6.78  -6.76  -6.76  -6.76  -6.76  -6.74  -6.74  -6.72  -6.72
         -6.72  -6.72  -6.70  -6.69  -6.69  -6.69  -6.69  -6.69  -6.69  -6.69
         -6.69  -6.69  -6.69  -6.69  -6.69  -6.68  -6.62  -6.62  -6.61  -6.59
         -6.59  -6.59  -6.59  -6.59  -6.59  -6.59  -6.59  -6.59  -6.59  -6.54
         -6.52  -6.52  -6.52  -6.52  -6.49  -6.49  -6.49  -6.49  -6.49  -6.45
         -6.45  -6.38  -6.23  -6.23  -6.23  -6.23  -6.22  -6.20  -6.20  -6.20
         -6.20  -6.17  -6.17  -6.15  -6.15  -6.09  -6.09  -6.09  -6.09  -6.08
         -6.07  -6.07  -6.07  -6.07  -6.05  -6.05  -5.97  -5.97  -5.97  -5.97
         -5.95  -5.94  -5.94  -5.94  -5.94  -5.89  -5.89  -5.89  -5.89  -5.88
         -5.88  -5.86  -5.83  -5.83  -5.78  -5.76  -5.76  -5.76  -5.76  -5.68
         -5.68  -5.68  -5.68  -5.68  -5.68  -5.68  -5.68  -5.67  -5.65  -5.65
         -5.61  -5.61  -5.61  -5.61  -5.61  -5.57  -5.57  -5.57  -5.57  -5.56
         -5.56  -5.55  -5.55  -5.55  -5.55  -5.52  -5.50  -5.50  -5.50  -5.50
         -5.49  -5.48  -5.48  -5.48  -5.48  -5.35  -5.35  -5.35  -5.35  -5.32
         -5.32  -5.30  -5.30  -5.30  -5.30  -5.25  -5.25  -5.20  -5.20  -5.19
         -5.19  -5.19  -5.19  -5.19  -5.19  -5.16  -5.16  -5.14  -5.14  -5.11
         -5.11  -5.01  -5.01  -4.98  -4.97  -4.86  -4.86  -4.86  -4.86  -4.36
         -4.36  -4.36  -4.36  -4.34  -3.87  -3.87  -3.87  -3.87  -3.79  -3.79
         -3.79  -3.79  -3.69  -3.69  -3.69  -3.69  -3.38  -3.38  -3.38  -3.38
         -3.10  -3.10  -3.10  -3.10  -2.78  -2.78  -2.78  -2.78  -2.23  -2.23
         -2.23  -2.23  -2.21  -1.99  -1.99  -1.99  -1.99  -1.35  -1.35  -1.35
         -1.35  -1.24  -1.24  -1.24  -1.24  -0.24  -0.24  -0.24  -0.24   0.27
          0.51   0.51   0.51   0.51   0.85   0.85   0.99   0.99   1.16   1.16
          1.37   1.37   1.53   1.53   1.70   1.70
siesta: Fermi energy =      -3.380157 eV

siesta: Program's energy decomposition (eV):
siesta:-Eions   = -115680.044384
siesta: Ena     =    6422.662619
siesta: Ekin    =   64440.745901
siesta: Enl     =  -24622.063601
siesta: DEna    =      76.779930
siesta: DUscf   =       1.648660
siesta: DUext   =       0.000000
siesta: Exc     =  -40068.040212
siesta: eta*DQ  =       0.000000
siesta: Emadel  =       0.000000
siesta: Ekinion =       0.000000
siesta: Eharris = -109428.312022
siesta: Eso     =       0.000000
siesta: Etot    = -109428.311088
siesta: FreeEng = -109428.454505

siesta: Final energy (eV):
siesta:       Kinetic =   64440.745901
siesta:       Hartree =  295074.856728
siesta:    Ext. field =       0.000000
siesta:   Exch.-corr. =  -40068.040212
siesta:  Ion-electron = -640541.263851
siesta:       Ion-ion =  211665.390347
siesta:       Ekinion =       0.000000
siesta:         Total = -109428.311088

siesta: Atomic forces (eV/Ang):
siesta:    1    0.000001   -0.000000   -0.185699
siesta:    2    0.000000    0.000000   -0.185700
siesta:    3   -0.000005   -0.000002   -0.185699
siesta:    4   -0.000004   -0.007448   -0.185700
siesta:    5   -0.000006    0.000000   -0.185699
siesta:    6   -0.000006   -0.000000   -0.185699
siesta:    7   -0.007450    0.000000   -0.185696
siesta:    8   -0.005268   -0.005267   -0.185696
siesta:    9   -0.000001   -0.000000    0.184379
siesta:   10   -0.000001    0.000001    0.184379
siesta:   11    0.000005    0.000000    0.184389
siesta:   12    0.000005    0.000000    0.184388
siesta:   13    0.000004   -0.000001    0.184388
siesta:   14    0.000004    0.000001    0.184387
siesta:   15   -0.000000   -0.000000    0.184387
siesta:   16    0.000000    0.000000    0.184387
siesta:   17    0.000000   -0.000000    0.705341
siesta:   18   -0.000001   -0.000000    0.705342
siesta:   19    0.000002    0.000000    0.705336
siesta:   20    0.000002   -0.000000    0.705336
siesta:   21    0.000003   -0.000000    0.705336
siesta:   22    0.000003    0.000000    0.705337
siesta:   23    0.000000    0.000001    0.705329
siesta:   24    0.000001   -0.000001    0.705330
siesta:   25    0.000000    0.000000   -0.375400
siesta:   26   -0.000000   -0.000000   -0.375400
siesta:   27   -0.000003    0.000001   -0.375395
siesta:   28   -0.000003   -0.000000   -0.375396
siesta:   29   -0.000000    0.000000   -0.375393
siesta:   30   -0.000002    0.000000   -0.375394
siesta:   31   -0.000000   -0.000000   -0.375396
siesta:   32    0.000000    0.000000   -0.375396
siesta:   33   -0.000001   -0.000000    0.087993
siesta:   34   -0.000000    0.000000    0.087993
siesta:   35   -0.000001    0.000000    0.087988
siesta:   36   -0.000002   -0.000000    0.087987
siesta:   37   -0.000001    0.000000    0.087988
siesta:   38   -0.000001   -0.000000    0.087987
siesta:   39    0.000000    0.000000    0.087981
siesta:   40   -0.000000   -0.000001    0.087981
siesta:   41    0.000000    0.000000   -0.262165
siesta:   42    0.000000    0.000000   -0.262165
siesta:   43    0.000000   -0.000000   -0.262171
siesta:   44    0.000001    0.000000   -0.262171
siesta:   45   -0.000000   -0.000000   -0.262171
siesta:   46   -0.000001    0.000000   -0.262171
siesta:   47   -0.000001    0.000001   -0.262175
siesta:   48    0.000000   -0.000000   -0.262175
siesta:   49   -0.000000   -0.000000   -0.517471
siesta:   50   -0.000000   -0.000000   -0.517471
siesta:   51   -0.000000   -0.000000   -0.517474
siesta:   52    0.000000   -0.000000   -0.517473
siesta:   53   -0.000002   -0.000000   -0.517471
siesta:   54   -0.000002   -0.000000   -0.517471
siesta:   55    0.000001    0.000000   -0.517477
siesta:   56    0.000000   -0.000000   -0.517479
siesta:   57    0.000000    0.000000    1.135203
siesta:   58   -0.000000    0.000000    1.135204
siesta:   59   -0.000008   -0.000000    1.135196
siesta:   60   -0.000008    0.000001    1.135197
siesta:   61   -0.000007    0.000000    1.135198
siesta:   62   -0.000007   -0.000000    1.135198
siesta:   63    0.000000    0.000001    1.135186
siesta:   64    0.000001   -0.000000    1.135186
siesta:   65   -0.000000   -0.000001   -0.530711
siesta:   66   -0.000000    0.000000   -0.530711
siesta:   67    0.000008   -0.000000   -0.530720
siesta:   68    0.000007   -0.000000   -0.530719
siesta:   69    0.000008    0.000000   -0.530718
siesta:   70    0.000009   -0.000000   -0.530717
siesta:   71   -0.000001   -0.000001   -0.530712
siesta:   72   -0.000001    0.000000   -0.530712
siesta:   73   -0.000000   -0.000000    0.525336
siesta:   74    0.000000    0.000000    0.525336
siesta:   75   -0.000002   -0.000000    0.525342
siesta:   76   -0.000002    0.000000    0.525343
siesta:   77   -0.000002   -0.000001    0.525342
siesta:   78   -0.000002   -0.000000    0.525342
siesta:   79    0.000001    0.000001    0.525336
siesta:   80    0.000000   -0.000000    0.525336
siesta:   81    0.000000   -0.000001   -0.957614
siesta:   82   -0.000000   -0.000000   -0.957614
siesta:   83    0.000004   -0.000000   -0.957614
siesta:   84    0.000003    0.000000   -0.957613
siesta:   85    0.000001    0.000000   -0.957615
siesta:   86    0.000001   -0.000000   -0.957615
siesta:   87    0.000000    0.000000   -0.957615
siesta:   88    0.000001    0.000001   -0.957615
siesta:   89   -0.000000   -0.000000    0.188931
siesta:   90   -0.000000    0.000000    0.188932
siesta:   91    0.000002   -0.000000    0.188942
siesta:   92    0.000002   -0.000000    0.188942
siesta:   93    0.000002    0.000000    0.188942
siesta:   94    0.000002    0.000000    0.188942
siesta:   95    0.000000   -0.000000    0.188942
siesta:   96    0.000000    0.000000    0.188942
siesta: ----------------------------------------
siesta:  Tot   -0.012716   -0.012717   -0.015079

siesta: Stress tensor (static) (eV/Ang**3):
siesta:    -0.023072   -0.000000    0.000000
siesta:    -0.000000   -0.023072    0.000000
siesta:     0.000000    0.000000   -0.020109

siesta: Cell volume =       2357.480286 Ang**3

siesta: Pressure (static):
siesta:                Solid            Molecule  Units
siesta:           0.00024053          0.00032585  Ry/Bohr**3
siesta:           0.02208443          0.02991856  eV/Ang**3
siesta:          35.38354699         47.93533650  kBar

siesta: Total spin polarization (Qup-Qdown) =    0.000000
siesta: Spin vector =    0.000000    0.000000    0.000000
siesta: No SpinPolK block detected...
 
* Maximum dynamic memory allocated : Node    0 =    15 MB
* Maximum dynamic memory allocated : Node    1 =    15 MB
* Maximum dynamic memory allocated : Node    2 =    12 MB
* Maximum dynamic memory allocated : Node    3 =     7 MB
* Maximum dynamic memory allocated : Node    4 =     9 MB
* Maximum dynamic memory allocated : Node    5 =    14 MB
* Maximum dynamic memory allocated : Node    6 =    14 MB
* Maximum dynamic memory allocated : Node    7 =    14 MB
* Maximum dynamic memory allocated : Node    8 =    14 MB
* Maximum dynamic memory allocated : Node    9 =    14 MB
* Maximum dynamic memory allocated : Node   10 =    12 MB
* Maximum dynamic memory allocated : Node   11 =     7 MB
* Maximum dynamic memory allocated : Node   12 =     9 MB
* Maximum dynamic memory allocated : Node   13 =    14 MB
* Maximum dynamic memory allocated : Node   14 =    14 MB
* Maximum dynamic memory allocated : Node   15 =    14 MB
* Maximum dynamic memory allocated : Node   16 =    14 MB
* Maximum dynamic memory allocated : Node   17 =    14 MB
* Maximum dynamic memory allocated : Node   18 =    11 MB
* Maximum dynamic memory allocated : Node   19 =     7 MB
* Maximum dynamic memory allocated : Node   20 =     9 MB
* Maximum dynamic memory allocated : Node   21 =    14 MB
* Maximum dynamic memory allocated : Node   22 =    14 MB
* Maximum dynamic memory allocated : Node   23 =    14 MB
* Maximum dynamic memory allocated : Node   24 =    14 MB
* Maximum dynamic memory allocated : Node   25 =    14 MB
* Maximum dynamic memory allocated : Node   26 =    12 MB
* Maximum dynamic memory allocated : Node   27 =     7 MB
* Maximum dynamic memory allocated : Node   28 =     9 MB
* Maximum dynamic memory allocated : Node   29 =    14 MB
* Maximum dynamic memory allocated : Node   30 =    14 MB
* Maximum dynamic memory allocated : Node   31 =    14 MB
* Maximum dynamic memory allocated : Node   32 =    13 MB
* Maximum dynamic memory allocated : Node   33 =    12 MB
* Maximum dynamic memory allocated : Node   34 =    10 MB
* Maximum dynamic memory allocated : Node   35 =     7 MB
* Maximum dynamic memory allocated : Node   36 =     8 MB
* Maximum dynamic memory allocated : Node   37 =    12 MB
* Maximum dynamic memory allocated : Node   38 =    12 MB
* Maximum dynamic memory allocated : Node   39 =    12 MB
* Maximum dynamic memory allocated : Node   40 =    13 MB
* Maximum dynamic memory allocated : Node   41 =    13 MB
* Maximum dynamic memory allocated : Node   42 =    11 MB
* Maximum dynamic memory allocated : Node   43 =     7 MB
* Maximum dynamic memory allocated : Node   44 =     8 MB
* Maximum dynamic memory allocated : Node   45 =    12 MB
* Maximum dynamic memory allocated : Node   46 =    12 MB
* Maximum dynamic memory allocated : Node   47 =    13 MB
* Maximum dynamic memory allocated : Node   48 =    13 MB
* Maximum dynamic memory allocated : Node   49 =    13 MB
* Maximum dynamic memory allocated : Node   50 =    10 MB
* Maximum dynamic memory allocated : Node   51 =     7 MB
* Maximum dynamic memory allocated : Node   52 =     8 MB
* Maximum dynamic memory allocated : Node   53 =    12 MB
* Maximum dynamic memory allocated : Node   54 =    12 MB
* Maximum dynamic memory allocated : Node   55 =    12 MB
* Maximum dynamic memory allocated : Node   56 =    13 MB
* Maximum dynamic memory allocated : Node   57 =    13 MB
* Maximum dynamic memory allocated : Node   58 =    11 MB
* Maximum dynamic memory allocated : Node   59 =     7 MB
* Maximum dynamic memory allocated : Node   60 =     8 MB
* Maximum dynamic memory allocated : Node   61 =    12 MB
* Maximum dynamic memory allocated : Node   62 =    12 MB
* Maximum dynamic memory allocated : Node   63 =    13 MB
* Maximum memory occured during matrixMtoO                    

timer: CPU execution times:
timer:  Routine       Calls   Time/call    Tot.time        %
timer:  siesta            1    7935.745    7935.745   100.00
timer:  Setup             1      10.424      10.424     0.13
timer:  bands             1       0.023       0.023     0.00
timer:  writewave         1       0.051       0.051     0.00
timer:  KSV_init          1       0.016       0.016     0.00
timer:  IterMD            1    7885.365    7885.365    99.37
timer:  hsparse           2       3.262       6.525     0.08
timer:  overfsm           2       2.556       5.113     0.06
timer:  IterSCF         159      49.339    7844.977    98.86
timer:  kinefsm           2       2.311       4.623     0.06
timer:  nlefsm            2      20.749      41.497     0.52
timer:  DHSCF           160      40.770    6523.221    82.20
timer:  DHSCF1            1       4.208       4.208     0.05
timer:  DHSCF2            1      27.605      27.605     0.35
timer:  REORD          1606       0.006       9.638     0.12
timer:  POISON          161       0.751     120.877     1.52
timer:  DHSCF3          160      40.316    6450.515    81.28
timer:  rhoofd          160      13.889    2222.241    28.00
timer:  CELLXC          160       0.264      42.235     0.53
timer:  vmat            159      14.356    2282.575    28.76
timer:  diagon          158       6.472    1022.611    12.89
timer:  rdiag           158       4.035     637.597     8.03
timer:  DHSCF4            1      26.988      26.988     0.34
timer:  dfscf             1      24.463      24.463     0.31
  
>> End of run:   3-NOV-2023  11:42:58
