cpu-bind=MASK - cn1128, task  0  0 [24744]: mask 0xffffffffffffffff set
--------------------------------------------------------------------------
Open MPI failed an OFI Libfabric library call (fi_domain).  This is highly
unusual; your job may behave unpredictably (and/or abort) after this.

  Local host: cn1134
  Location: mtl_ofi_component.c:928
  Error: No data available (61)
--------------------------------------------------------------------------
[cn1128.scarf.rl.ac.uk:25446] 239 more processes have sent help message help-mtl-ofi.txt / OFI call fail
[cn1128.scarf.rl.ac.uk:25446] Set MCA parameter "orte_base_help_aggregate" to 0 to see all help / error messages
--------------------------------------------------------------------------
Open MPI failed an OFI Libfabric library call (fi_domain).  This is highly
unusual; your job may behave unpredictably (and/or abort) after this.

  Local host: cn1134
  Location: mtl_ofi_component.c:928
  Error: No data available (61)
--------------------------------------------------------------------------
[cn1128.scarf.rl.ac.uk:26671] 239 more processes have sent help message help-mtl-ofi.txt / OFI call fail
[cn1128.scarf.rl.ac.uk:26671] Set MCA parameter "orte_base_help_aggregate" to 0 to see all help / error messages
[1676988743.298851] [cn1129:28416:0]          mpool.c:43   UCX  WARN  object 0x506c800 was not returned to mpool ucp_requests
[1676988743.301224] [cn1128:27057:0]          mpool.c:43   UCX  WARN  object 0x5061280 was not returned to mpool ucp_requests
[1676988743.301348] [cn1128:27055:0]          mpool.c:43   UCX  WARN  object 0xb132ec0 was not returned to mpool ucp_requests
[1676988743.301383] [cn1128:27060:0]          mpool.c:43   UCX  WARN  object 0xb43aac0 was not returned to mpool ucp_requests
[1676988743.301395] [cn1128:27064:0]          mpool.c:43   UCX  WARN  object 0xafcbe80 was not returned to mpool ucp_requests
[1676988743.301404] [cn1128:27073:0]          mpool.c:43   UCX  WARN  object 0xba36580 was not returned to mpool ucp_requests
[1676988743.301425] [cn1128:27067:0]          mpool.c:43   UCX  WARN  object 0xb9a6f40 was not returned to mpool ucp_requests
[1676988743.301490] [cn1128:27077:0]          mpool.c:43   UCX  WARN  object 0xa3b00c0 was not returned to mpool ucp_requests
[1676988743.301508] [cn1128:27081:0]          mpool.c:43   UCX  WARN  object 0x5269500 was not returned to mpool ucp_requests
[1676988743.301524] [cn1128:27070:0]          mpool.c:43   UCX  WARN  object 0xb7abdc0 was not returned to mpool ucp_requests
[1676988743.301545] [cn1128:27079:0]          mpool.c:43   UCX  WARN  object 0xc0da2c0 was not returned to mpool ucp_requests
--------------------------------------------------------------------------
Open MPI failed an OFI Libfabric library call (fi_domain).  This is highly
unusual; your job may behave unpredictably (and/or abort) after this.

  Local host: cn1129
  Location: mtl_ofi_component.c:928
  Error: No data available (61)
--------------------------------------------------------------------------
[cn1128.scarf.rl.ac.uk:27619] 239 more processes have sent help message help-mtl-ofi.txt / OFI call fail
[cn1128.scarf.rl.ac.uk:27619] Set MCA parameter "orte_base_help_aggregate" to 0 to see all help / error messages
[1676990533.797423] [cn1129:29058:0]          mpool.c:43   UCX  WARN  object 0xa123a40 was not returned to mpool ucp_requests
[1676990533.800529] [cn1128:27693:0]          mpool.c:43   UCX  WARN  object 0xb05aa00 was not returned to mpool ucp_requests
[1676990533.800533] [cn1128:27699:0]          mpool.c:43   UCX  WARN  object 0xc1c8740 was not returned to mpool ucp_requests
[1676990533.800572] [cn1128:27696:0]          mpool.c:43   UCX  WARN  object 0x5a38480 was not returned to mpool ucp_requests
[1676990533.800586] [cn1128:27705:0]          mpool.c:43   UCX  WARN  object 0xa960e00 was not returned to mpool ucp_requests
[1676990533.800579] [cn1128:27707:0]          mpool.c:43   UCX  WARN  object 0xb1fa800 was not returned to mpool ucp_requests
[1676990533.800631] [cn1128:27703:0]          mpool.c:43   UCX  WARN  object 0xc3c3680 was not returned to mpool ucp_requests
[1676990533.800630] [cn1128:27710:0]          mpool.c:43   UCX  WARN  object 0x593d1c0 was not returned to mpool ucp_requests
[1676990533.800653] [cn1128:27691:0]          mpool.c:43   UCX  WARN  object 0xb4e66c0 was not returned to mpool ucp_requests
[1676990533.800707] [cn1128:27714:0]          mpool.c:43   UCX  WARN  object 0xbe79b00 was not returned to mpool ucp_requests
[1676990533.800702] [cn1128:27716:0]          mpool.c:43   UCX  WARN  object 0x5422a40 was not returned to mpool ucp_requests
cp: cannot stat ‘0V-VH_z-00.dat’: No such file or directory
cp: cannot stat ‘0V-VH_z-00.dat’: No such file or directory
cp: cannot stat ‘0V-RHO_z-00.dat’: No such file or directory
cp: cannot stat ‘0V-RHO_z-00.dat’: No such file or directory
