cpu-bind=MASK - cn1112, task  0  0 [19827]: mask 0xffffffffffffffff set
--------------------------------------------------------------------------
Open MPI failed an OFI Libfabric library call (fi_domain).  This is highly
unusual; your job may behave unpredictably (and/or abort) after this.

  Local host: cn1119
  Location: mtl_ofi_component.c:928
  Error: No data available (61)
--------------------------------------------------------------------------
[cn1112.scarf.rl.ac.uk:20829] 239 more processes have sent help message help-mtl-ofi.txt / OFI call fail
[cn1112.scarf.rl.ac.uk:20829] Set MCA parameter "orte_base_help_aggregate" to 0 to see all help / error messages
[1677064187.054454] [cn1112:20876:0]          mpool.c:43   UCX  WARN  object 0x6ca5c00 was not returned to mpool ucp_requests
[1677064187.054470] [cn1112:20877:0]          mpool.c:43   UCX  WARN  object 0x4e1cfc0 was not returned to mpool ucp_requests
[1677064187.055145] [cn1112:20872:0]          mpool.c:43   UCX  WARN  object 0x4e89880 was not returned to mpool ucp_requests
[1677064187.055106] [cn1112:20873:0]          mpool.c:43   UCX  WARN  object 0xb5a1900 was not returned to mpool ucp_requests
[1677064187.055175] [cn1112:20874:0]          mpool.c:43   UCX  WARN  object 0xaac49c0 was not returned to mpool ucp_requests
[1677064187.054535] [cn1112:20878:0]          mpool.c:43   UCX  WARN  object 0x6b71100 was not returned to mpool ucp_requests
[1677064187.054639] [cn1112:20879:0]          mpool.c:43   UCX  WARN  object 0xaaa6ec0 was not returned to mpool ucp_requests
[1677064187.054597] [cn1112:20880:0]          mpool.c:43   UCX  WARN  object 0xb89fe00 was not returned to mpool ucp_requests
[1677064187.054558] [cn1112:20881:0]          mpool.c:43   UCX  WARN  object 0x5336ec0 was not returned to mpool ucp_requests
[1677064187.055246] [cn1112:20871:0]          mpool.c:43   UCX  WARN  object 0xc1d47c0 was not returned to mpool ucp_requests
[1677064187.054956] [cn1113:47942:0]          mpool.c:43   UCX  WARN  object 0xac6eb80 was not returned to mpool ucp_requests
[1677064187.054956] [cn1113:47943:0]          mpool.c:43   UCX  WARN  object 0x6bfe500 was not returned to mpool ucp_requests
[1677064187.055039] [cn1113:47941:0]          mpool.c:43   UCX  WARN  object 0xad65c80 was not returned to mpool ucp_requests
grep: log_3_0V.out: No such file or directory
cp: cannot stat ‘0V-VH_z-00.dat’: No such file or directory
cp: cannot stat ‘0V-VH_z-00.dat’: No such file or directory
cp: cannot stat ‘0V-RHO_z-00.dat’: No such file or directory
cp: cannot stat ‘0V-RHO_z-00.dat’: No such file or directory
rm: cannot remove ‘*.txt’: No such file or directory
