cpu-bind=MASK - cn1036, task  0  0 [63992]: mask 0xffffffffffffffff set
-1.0989796330E+001
--------------------------------------------------------------------------
Open MPI failed an OFI Libfabric library call (fi_domain).  This is highly
unusual; your job may behave unpredictably (and/or abort) after this.

  Local host: cn1036
  Location: mtl_ofi_component.c:928
  Error: No data available (61)
--------------------------------------------------------------------------
[cn1036.scarf.rl.ac.uk:64032] 239 more processes have sent help message help-mtl-ofi.txt / OFI call fail
[cn1036.scarf.rl.ac.uk:64032] Set MCA parameter "orte_base_help_aggregate" to 0 to see all help / error messages
[1679308617.427238] [cn1036:64126:0]          mpool.c:43   UCX  WARN  object 0xaa3edc0 was not returned to mpool ucp_requests
[1679308617.427448] [cn1036:64118:0]          mpool.c:43   UCX  WARN  object 0xa40ec40 was not returned to mpool ucp_requests
[1679308617.427384] [cn1036:64123:0]          mpool.c:43   UCX  WARN  object 0xb22a400 was not returned to mpool ucp_requests
[1679308617.429484] [cn1036:64099:0]          mpool.c:43   UCX  WARN  object 0xbff4680 was not returned to mpool ucp_requests
[1679308617.429520] [cn1036:64102:0]          mpool.c:43   UCX  WARN  object 0xbaa0ac0 was not returned to mpool ucp_requests
[1679308617.429505] [cn1036:64104:0]          mpool.c:43   UCX  WARN  object 0xbfa3940 was not returned to mpool ucp_requests
[1679308617.429534] [cn1036:64106:0]          mpool.c:43   UCX  WARN  object 0xb84abc0 was not returned to mpool ucp_requests
[1679308617.429521] [cn1036:64109:0]          mpool.c:43   UCX  WARN  object 0xaf64440 was not returned to mpool ucp_requests
[1679308617.429432] [cn1036:64112:0]          mpool.c:43   UCX  WARN  object 0xa8fd300 was not returned to mpool ucp_requests
[1679308617.429474] [cn1036:64115:0]          mpool.c:43   UCX  WARN  object 0xb689bc0 was not returned to mpool ucp_requests
cp: cannot stat ‘0V-VH_z-00.dat’: No such file or directory
cp: cannot stat ‘0V-VH_z-00.dat’: No such file or directory
cp: cannot stat ‘0V-RHO_z-00.dat’: No such file or directory
cp: cannot stat ‘0V-RHO_z-00.dat’: No such file or directory
