cpu-bind=MASK - cn1028, task  0  0 [44235]: mask 0xffffffffffffffff set
--------------------------------------------------------------------------
Open MPI failed an OFI Libfabric library call (fi_domain).  This is highly
unusual; your job may behave unpredictably (and/or abort) after this.

  Local host: cn1039
  Location: mtl_ofi_component.c:928
  Error: No data available (61)
--------------------------------------------------------------------------
[cn1028.scarf.rl.ac.uk:45226] 239 more processes have sent help message help-mtl-ofi.txt / OFI call fail
[cn1028.scarf.rl.ac.uk:45226] Set MCA parameter "orte_base_help_aggregate" to 0 to see all help / error messages
--------------------------------------------------------------------------
Open MPI failed an OFI Libfabric library call (fi_domain).  This is highly
unusual; your job may behave unpredictably (and/or abort) after this.

  Local host: cn1035
  Location: mtl_ofi_component.c:928
  Error: No data available (61)
--------------------------------------------------------------------------
[cn1028.scarf.rl.ac.uk:45868] 239 more processes have sent help message help-mtl-ofi.txt / OFI call fail
[cn1028.scarf.rl.ac.uk:45868] Set MCA parameter "orte_base_help_aggregate" to 0 to see all help / error messages
[1678642825.393578] [cn1028:45941:0]          mpool.c:43   UCX  WARN  object 0xa94b680 was not returned to mpool ucp_requests
[1678642825.393579] [cn1028:45946:0]          mpool.c:43   UCX  WARN  object 0xb5956c0 was not returned to mpool ucp_requests
[1678642825.393688] [cn1028:45943:0]          mpool.c:43   UCX  WARN  object 0x565d380 was not returned to mpool ucp_requests
[1678642825.393687] [cn1028:45948:0]          mpool.c:43   UCX  WARN  object 0xb9f01c0 was not returned to mpool ucp_requests
[1678642825.393791] [cn1028:45964:0]          mpool.c:43   UCX  WARN  object 0xc1486c0 was not returned to mpool ucp_requests
[1678642825.393810] [cn1028:45960:0]          mpool.c:43   UCX  WARN  object 0xa59b1c0 was not returned to mpool ucp_requests
[1678642825.393848] [cn1028:45966:0]          mpool.c:43   UCX  WARN  object 0x5e3a080 was not returned to mpool ucp_requests
[1678642825.393867] [cn1028:45952:0]          mpool.c:43   UCX  WARN  object 0xa8ca840 was not returned to mpool ucp_requests
[1678642825.393879] [cn1028:45954:0]          mpool.c:43   UCX  WARN  object 0xbe628c0 was not returned to mpool ucp_requests
[1678642825.393866] [cn1028:45958:0]          mpool.c:43   UCX  WARN  object 0x65a2a40 was not returned to mpool ucp_requests
--------------------------------------------------------------------------
Open MPI failed an OFI Libfabric library call (fi_domain).  This is highly
unusual; your job may behave unpredictably (and/or abort) after this.

  Local host: cn1039
  Location: mtl_ofi_component.c:928
  Error: No data available (61)
--------------------------------------------------------------------------
[cn1028.scarf.rl.ac.uk:46520] 239 more processes have sent help message help-mtl-ofi.txt / OFI call fail
[cn1028.scarf.rl.ac.uk:46520] Set MCA parameter "orte_base_help_aggregate" to 0 to see all help / error messages
[1678643071.928246] [cn1028:46593:0]          mpool.c:43   UCX  WARN  object 0xabf90c0 was not returned to mpool ucp_requests
[1678643071.928390] [cn1028:46613:0]          mpool.c:43   UCX  WARN  object 0xbca6b00 was not returned to mpool ucp_requests
[1678643071.928450] [cn1028:46589:0]          mpool.c:43   UCX  WARN  object 0xb450800 was not returned to mpool ucp_requests
[1678643071.928487] [cn1028:46600:0]          mpool.c:43   UCX  WARN  object 0xae0c380 was not returned to mpool ucp_requests
[1678643071.928480] [cn1028:46603:0]          mpool.c:43   UCX  WARN  object 0xb401e80 was not returned to mpool ucp_requests
[1678643071.928503] [cn1028:46592:0]          mpool.c:43   UCX  WARN  object 0xc144500 was not returned to mpool ucp_requests
[1678643071.928515] [cn1028:46596:0]          mpool.c:43   UCX  WARN  object 0x4e62740 was not returned to mpool ucp_requests
[1678643071.928526] [cn1028:46607:0]          mpool.c:43   UCX  WARN  object 0xafa94c0 was not returned to mpool ucp_requests
[1678643071.928522] [cn1028:46610:0]          mpool.c:43   UCX  WARN  object 0xb88b040 was not returned to mpool ucp_requests
[1678643071.928660] [cn1028:46615:0]          mpool.c:43   UCX  WARN  object 0x57359c0 was not returned to mpool ucp_requests
cp: cannot stat ‘0V-VH_z-0033.dat’: No such file or directory
cp: cannot stat ‘0V-VH_z-0033.dat’: No such file or directory
cp: cannot stat ‘0V-RHO_z-0033.dat’: No such file or directory
cp: cannot stat ‘0V-RHO_z-0033.dat’: No such file or directory
