
Lmod is automatically replacing "cce/15.0.0" with "gcc/11.2.0".


Lmod is automatically replacing "PrgEnv-cray/8.3.3" with "PrgEnv-gnu/8.3.3".


Due to MODULEPATH changes, the following have been reloaded:
  1) cray-mpich/8.1.23

Lmod has detected the following error: The following module(s) are unknown:
"cpe/21.09"

Please check the spelling or version number. Also try "module spider ..."
It is also possible your cache file is out-of-date; it may help to try:
  $ module --ignore-cache load "cpe/21.09"

Also make sure that all modulefiles written in TCL start with the string
#%Module



sed: can't read 2_dft_wfn.inp: No such file or directory
sed: can't read 4_V.inp: No such file or directory
0.0
slurmstepd: error: execve(): /work/e05/e05/cahart/smeagol/smgl/cp2k-private-chris-1-forge-mkl-fexternal-blas-limit2/exe/local/cp2k.psmp: No such file or directory
slurmstepd: error: execve(): /work/e05/e05/cahart/smeagol/smgl/cp2k-private-chris-1-forge-mkl-fexternal-blas-limit2/exe/local/cp2k.psmp: No such file or directory
slurmstepd: error: execve(): /work/e05/e05/cahart/smeagol/smgl/cp2k-private-chris-1-forge-mkl-fexternal-blas-limit2/exe/local/cp2k.psmp: No such file or directory
slurmstepd: error: execve(): /work/e05/e05/cahart/smeagol/smgl/cp2k-private-chris-1-forge-mkl-fexternal-blas-limit2/exe/local/cp2k.psmp: No such file or directory
slurmstepd: error: execve(): /work/e05/e05/cahart/smeagol/smgl/cp2k-private-chris-1-forge-mkl-fexternal-blas-limit2/exe/local/cp2k.psmp: No such file or directory
slurmstepd: error: execve(): /work/e05/e05/cahart/smeagol/smgl/cp2k-private-chris-1-forge-mkl-fexternal-blas-limit2/exe/local/cp2k.psmp: No such file or directory
slurmstepd: error: execve(): /work/e05/e05/cahart/smeagol/smgl/cp2k-private-chris-1-forge-mkl-fexternal-blas-limit2/exe/local/cp2k.psmp: No such file or directory
slurmstepd: error: execve(): /work/e05/e05/cahart/smeagol/smgl/cp2k-private-chris-1-forge-mkl-fexternal-blas-limit2/exe/local/cp2k.psmp: No such file or directory
slurmstepd: error: execve(): /work/e05/e05/cahart/smeagol/smgl/cp2k-private-chris-1-forge-mkl-fexternal-blas-limit2/exe/local/cp2k.psmp: No such file or directory
slurmstepd: error: execve(): /work/e05/e05/cahart/smeagol/smgl/cp2k-private-chris-1-forge-mkl-fexternal-blas-limit2/exe/local/cp2k.psmp: No such file or directory
slurmstepd: error: execve(): /work/e05/e05/cahart/smeagol/smgl/cp2k-private-chris-1-forge-mkl-fexternal-blas-limit2/exe/local/cp2k.psmp: No such file or directory
slurmstepd: error: execve(): /work/e05/e05/cahart/smeagol/smgl/cp2k-private-chris-1-forge-mkl-fexternal-blas-limit2/exe/local/cp2k.psmp: No such file or directory
slurmstepd: error: execve(): /work/e05/e05/cahart/smeagol/smgl/cp2k-private-chris-1-forge-mkl-fexternal-blas-limit2/exe/local/cp2k.psmp: No such file or directory
slurmstepd: error: execve(): /work/e05/e05/cahart/smeagol/smgl/cp2k-private-chris-1-forge-mkl-fexternal-blas-limit2/exe/local/cp2k.psmp: No such file or directory
slurmstepd: error: execve(): /work/e05/e05/cahart/smeagol/smgl/cp2k-private-chris-1-forge-mkl-fexternal-blas-limit2/exe/local/cp2k.psmp: No such file or directory
slurmstepd: error: execve(): /work/e05/e05/cahart/smeagol/smgl/cp2k-private-chris-1-forge-mkl-fexternal-blas-limit2/exe/local/cp2k.psmp: No such file or directory
slurmstepd: error: execve(): /work/e05/e05/cahart/smeagol/smgl/cp2k-private-chris-1-forge-mkl-fexternal-blas-limit2/exe/local/cp2k.psmp: No such file or directory
slurmstepd: error: execve(): /work/e05/e05/cahart/smeagol/smgl/cp2k-private-chris-1-forge-mkl-fexternal-blas-limit2/exe/local/cp2k.psmp: No such file or directory
slurmstepd: error: execve(): /work/e05/e05/cahart/smeagol/smgl/cp2k-private-chris-1-forge-mkl-fexternal-blas-limit2/exe/local/cp2k.psmp: No such file or directory
slurmstepd: error: execve(): /work/e05/e05/cahart/smeagol/smgl/cp2k-private-chris-1-forge-mkl-fexternal-blas-limit2/exe/local/cp2k.psmp: No such file or directory
slurmstepd: error: execve(): /work/e05/e05/cahart/smeagol/smgl/cp2k-private-chris-1-forge-mkl-fexternal-blas-limit2/exe/local/cp2k.psmp: No such file or directory
slurmstepd: error: execve(): /work/e05/e05/cahart/smeagol/smgl/cp2k-private-chris-1-forge-mkl-fexternal-blas-limit2/exe/local/cp2k.psmp: No such file or directory
slurmstepd: error: execve(): /work/e05/e05/cahart/smeagol/smgl/cp2k-private-chris-1-forge-mkl-fexternal-blas-limit2/exe/local/cp2k.psmp: No such file or directory
slurmstepd: error: execve(): /work/e05/e05/cahart/smeagol/smgl/cp2k-private-chris-1-forge-mkl-fexternal-blas-limit2/exe/local/cp2k.psmp: No such file or directory
slurmstepd: error: execve(): /work/e05/e05/cahart/smeagol/smgl/cp2k-private-chris-1-forge-mkl-fexternal-blas-limit2/exe/local/cp2k.psmp: No such file or directory
slurmstepd: error: execve(): /work/e05/e05/cahart/smeagol/smgl/cp2k-private-chris-1-forge-mkl-fexternal-blas-limit2/exe/local/cp2k.psmp: No such file or directory
slurmstepd: error: execve(): /work/e05/e05/cahart/smeagol/smgl/cp2k-private-chris-1-forge-mkl-fexternal-blas-limit2/exe/local/cp2k.psmp: No such file or directory
slurmstepd: error: execve(): /work/e05/e05/cahart/smeagol/smgl/cp2k-private-chris-1-forge-mkl-fexternal-blas-limit2/exe/local/cp2k.psmp: No such file or directory
slurmstepd: error: execve(): /work/e05/e05/cahart/smeagol/smgl/cp2k-private-chris-1-forge-mkl-fexternal-blas-limit2/exe/local/cp2k.psmp: No such file or directory
slurmstepd: error: execve(): /work/e05/e05/cahart/smeagol/smgl/cp2k-private-chris-1-forge-mkl-fexternal-blas-limit2/exe/local/cp2k.psmp: No such file or directory
slurmstepd: error: execve(): /work/e05/e05/cahart/smeagol/smgl/cp2k-private-chris-1-forge-mkl-fexternal-blas-limit2/exe/local/cp2k.psmp: No such file or directory
slurmstepd: error: execve(): /work/e05/e05/cahart/smeagol/smgl/cp2k-private-chris-1-forge-mkl-fexternal-blas-limit2/exe/local/cp2k.psmp: No such file or directory
slurmstepd: error: execve(): /work/e05/e05/cahart/smeagol/smgl/cp2k-private-chris-1-forge-mkl-fexternal-blas-limit2/exe/local/cp2k.psmp: No such file or directory
slurmstepd: error: execve(): /work/e05/e05/cahart/smeagol/smgl/cp2k-private-chris-1-forge-mkl-fexternal-blas-limit2/exe/local/cp2k.psmp: No such file or directory
slurmstepd: error: execve(): /work/e05/e05/cahart/smeagol/smgl/cp2k-private-chris-1-forge-mkl-fexternal-blas-limit2/exe/local/cp2k.psmp: No such file or directory
slurmstepd: error: execve(): /work/e05/e05/cahart/smeagol/smgl/cp2k-private-chris-1-forge-mkl-fexternal-blas-limit2/exe/local/cp2k.psmp: No such file or directory
slurmstepd: error: execve(): /work/e05/e05/cahart/smeagol/smgl/cp2k-private-chris-1-forge-mkl-fexternal-blas-limit2/exe/local/cp2k.psmp: No such file or directory
slurmstepd: error: execve(): /work/e05/e05/cahart/smeagol/smgl/cp2k-private-chris-1-forge-mkl-fexternal-blas-limit2/exe/local/cp2k.psmp: No such file or directory
slurmstepd: error: execve(): /work/e05/e05/cahart/smeagol/smgl/cp2k-private-chris-1-forge-mkl-fexternal-blas-limit2/exe/local/cp2k.psmp: No such file or directory
slurmstepd: error: execve(): /work/e05/e05/cahart/smeagol/smgl/cp2k-private-chris-1-forge-mkl-fexternal-blas-limit2/exe/local/cp2k.psmp: No such file or directory
slurmstepd: error: execve(): /work/e05/e05/cahart/smeagol/smgl/cp2k-private-chris-1-forge-mkl-fexternal-blas-limit2/exe/local/cp2k.psmp: No such file or directory
slurmstepd: error: execve(): /work/e05/e05/cahart/smeagol/smgl/cp2k-private-chris-1-forge-mkl-fexternal-blas-limit2/exe/local/cp2k.psmp: No such file or directory
slurmstepd: error: execve(): /work/e05/e05/cahart/smeagol/smgl/cp2k-private-chris-1-forge-mkl-fexternal-blas-limit2/exe/local/cp2k.psmp: No such file or directory
slurmstepd: error: execve(): /work/e05/e05/cahart/smeagol/smgl/cp2k-private-chris-1-forge-mkl-fexternal-blas-limit2/exe/local/cp2k.psmp: No such file or directory
slurmstepd: error: execve(): /work/e05/e05/cahart/smeagol/smgl/cp2k-private-chris-1-forge-mkl-fexternal-blas-limit2/exe/local/cp2k.psmp: No such file or directory
slurmstepd: error: execve(): /work/e05/e05/cahart/smeagol/smgl/cp2k-private-chris-1-forge-mkl-fexternal-blas-limit2/exe/local/cp2k.psmp: No such file or directory
slurmstepd: error: execve(): /work/e05/e05/cahart/smeagol/smgl/cp2k-private-chris-1-forge-mkl-fexternal-blas-limit2/exe/local/cp2k.psmp: No such file or directory
slurmstepd: error: execve(): /work/e05/e05/cahart/smeagol/smgl/cp2k-private-chris-1-forge-mkl-fexternal-blas-limit2/exe/local/cp2k.psmp: No such file or directory
slurmstepd: error: execve(): /work/e05/e05/cahart/smeagol/smgl/cp2k-private-chris-1-forge-mkl-fexternal-blas-limit2/exe/local/cp2k.psmp: No such file or directory
slurmstepd: error: execve(): /work/e05/e05/cahart/smeagol/smgl/cp2k-private-chris-1-forge-mkl-fexternal-blas-limit2/exe/local/cp2k.psmp: No such file or directory
slurmstepd: error: execve(): /work/e05/e05/cahart/smeagol/smgl/cp2k-private-chris-1-forge-mkl-fexternal-blas-limit2/exe/local/cp2k.psmp: No such file or directory
slurmstepd: error: execve(): /work/e05/e05/cahart/smeagol/smgl/cp2k-private-chris-1-forge-mkl-fexternal-blas-limit2/exe/local/cp2k.psmp: No such file or directory
slurmstepd: error: execve(): /work/e05/e05/cahart/smeagol/smgl/cp2k-private-chris-1-forge-mkl-fexternal-blas-limit2/exe/local/cp2k.psmp: No such file or directory
slurmstepd: error: execve(): /work/e05/e05/cahart/smeagol/smgl/cp2k-private-chris-1-forge-mkl-fexternal-blas-limit2/exe/local/cp2k.psmp: No such file or directory
slurmstepd: error: execve(): /work/e05/e05/cahart/smeagol/smgl/cp2k-private-chris-1-forge-mkl-fexternal-blas-limit2/exe/local/cp2k.psmp: No such file or directory
slurmstepd: error: execve(): /work/e05/e05/cahart/smeagol/smgl/cp2k-private-chris-1-forge-mkl-fexternal-blas-limit2/exe/local/cp2k.psmp: No such file or directory
slurmstepd: error: execve(): /work/e05/e05/cahart/smeagol/smgl/cp2k-private-chris-1-forge-mkl-fexternal-blas-limit2/exe/local/cp2k.psmp: No such file or directory
slurmstepd: error: execve(): /work/e05/e05/cahart/smeagol/smgl/cp2k-private-chris-1-forge-mkl-fexternal-blas-limit2/exe/local/cp2k.psmp: No such file or directory
slurmstepd: error: execve(): /work/e05/e05/cahart/smeagol/smgl/cp2k-private-chris-1-forge-mkl-fexternal-blas-limit2/exe/local/cp2k.psmp: No such file or directory
slurmstepd: error: execve(): /work/e05/e05/cahart/smeagol/smgl/cp2k-private-chris-1-forge-mkl-fexternal-blas-limit2/exe/local/cp2k.psmp: No such file or directory
srun: error: nid001438: tasks 4-7: Exited with exit code 2
srun: launch/slurm: _step_signal: Terminating StepId=5887162.0
slurmstepd: error: *** STEP 5887162.0 ON nid001392 CANCELLED AT 2024-03-10T17:39:07 ***
srun: error: nid001638: tasks 20-23: Exited with exit code 2
srun: error: nid003431: tasks 48-51: Exited with exit code 2
srun: error: nid002564: tasks 32-35: Exited with exit code 2
srun: error: nid001635: tasks 12-15: Exited with exit code 2
srun: error: nid001636: tasks 16-19: Exited with exit code 2
srun: error: nid003692: tasks 52-55: Exited with exit code 2
srun: error: nid001455: tasks 8-11: Exited with exit code 2
srun: error: nid001392: tasks 0-3: Exited with exit code 2
srun: error: nid001884: tasks 24-27: Exited with exit code 2
srun: error: nid003427: tasks 40-43: Exited with exit code 2
srun: error: nid002635: tasks 36-39: Exited with exit code 2
srun: error: nid001888: tasks 28-31: Exited with exit code 2
srun: error: nid003430: tasks 44-47: Exited with exit code 2
srun: error: nid003704: tasks 56-59: Exited with exit code 2
srun: error: nid003812: tasks 60-63: Terminated
srun: Force Terminated StepId=5887162.0
2235
resubmit
Submitted batch job 5890417
