
Lmod is automatically replacing "cce/15.0.0" with "gcc/11.2.0".


Lmod is automatically replacing "PrgEnv-cray/8.3.3" with "PrgEnv-gnu/8.3.3".


Due to MODULEPATH changes, the following have been reloaded:
  1) cray-mpich/8.1.23

Lmod has detected the following error: The following module(s) are unknown:
"cpe/21.09"

Please check the spelling or version number. Also try "module spider ..."
It is also possible your cache file is out-of-date; it may help to try:
  $ module --ignore-cache load "cpe/21.09"

Also make sure that all modulefiles written in TCL start with the string
#%Module



sed: can't read 2_dft_wfn.inp: No such file or directory
sed: can't read 4_V.inp: No such file or directory
0.0
slurmstepd: error: execve(): /work/e05/e05/cahart/smeagol/smgl/cp2k-private-chris-1-forge-mkl-fexternal-blas-limit2/exe/local/cp2k.psmp: No such file or directory
slurmstepd: error: execve(): /work/e05/e05/cahart/smeagol/smgl/cp2k-private-chris-1-forge-mkl-fexternal-blas-limit2/exe/local/cp2k.psmp: No such file or directory
slurmstepd: error: execve(): /work/e05/e05/cahart/smeagol/smgl/cp2k-private-chris-1-forge-mkl-fexternal-blas-limit2/exe/local/cp2k.psmp: No such file or directory
slurmstepd: error: execve(): /work/e05/e05/cahart/smeagol/smgl/cp2k-private-chris-1-forge-mkl-fexternal-blas-limit2/exe/local/cp2k.psmp: No such file or directory
slurmstepd: error: execve(): /work/e05/e05/cahart/smeagol/smgl/cp2k-private-chris-1-forge-mkl-fexternal-blas-limit2/exe/local/cp2k.psmp: No such file or directory
slurmstepd: error: execve(): /work/e05/e05/cahart/smeagol/smgl/cp2k-private-chris-1-forge-mkl-fexternal-blas-limit2/exe/local/cp2k.psmp: No such file or directory
slurmstepd: error: execve(): /work/e05/e05/cahart/smeagol/smgl/cp2k-private-chris-1-forge-mkl-fexternal-blas-limit2/exe/local/cp2k.psmp: No such file or directory
slurmstepd: error: execve(): /work/e05/e05/cahart/smeagol/smgl/cp2k-private-chris-1-forge-mkl-fexternal-blas-limit2/exe/local/cp2k.psmp: No such file or directory
slurmstepd: error: execve(): /work/e05/e05/cahart/smeagol/smgl/cp2k-private-chris-1-forge-mkl-fexternal-blas-limit2/exe/local/cp2k.psmp: No such file or directory
slurmstepd: error: execve(): /work/e05/e05/cahart/smeagol/smgl/cp2k-private-chris-1-forge-mkl-fexternal-blas-limit2/exe/local/cp2k.psmp: No such file or directory
slurmstepd: error: execve(): /work/e05/e05/cahart/smeagol/smgl/cp2k-private-chris-1-forge-mkl-fexternal-blas-limit2/exe/local/cp2k.psmp: No such file or directory
slurmstepd: error: execve(): /work/e05/e05/cahart/smeagol/smgl/cp2k-private-chris-1-forge-mkl-fexternal-blas-limit2/exe/local/cp2k.psmp: No such file or directory
slurmstepd: error: execve(): /work/e05/e05/cahart/smeagol/smgl/cp2k-private-chris-1-forge-mkl-fexternal-blas-limit2/exe/local/cp2k.psmp: No such file or directory
slurmstepd: error: execve(): /work/e05/e05/cahart/smeagol/smgl/cp2k-private-chris-1-forge-mkl-fexternal-blas-limit2/exe/local/cp2k.psmp: No such file or directory
slurmstepd: error: execve(): /work/e05/e05/cahart/smeagol/smgl/cp2k-private-chris-1-forge-mkl-fexternal-blas-limit2/exe/local/cp2k.psmp: No such file or directory
slurmstepd: error: execve(): /work/e05/e05/cahart/smeagol/smgl/cp2k-private-chris-1-forge-mkl-fexternal-blas-limit2/exe/local/cp2k.psmp: No such file or directory
slurmstepd: error: execve(): /work/e05/e05/cahart/smeagol/smgl/cp2k-private-chris-1-forge-mkl-fexternal-blas-limit2/exe/local/cp2k.psmp: No such file or directory
slurmstepd: error: execve(): /work/e05/e05/cahart/smeagol/smgl/cp2k-private-chris-1-forge-mkl-fexternal-blas-limit2/exe/local/cp2k.psmp: No such file or directory
slurmstepd: error: execve(): /work/e05/e05/cahart/smeagol/smgl/cp2k-private-chris-1-forge-mkl-fexternal-blas-limit2/exe/local/cp2k.psmp: No such file or directory
slurmstepd: error: execve(): /work/e05/e05/cahart/smeagol/smgl/cp2k-private-chris-1-forge-mkl-fexternal-blas-limit2/exe/local/cp2k.psmp: No such file or directory
slurmstepd: error: execve(): /work/e05/e05/cahart/smeagol/smgl/cp2k-private-chris-1-forge-mkl-fexternal-blas-limit2/exe/local/cp2k.psmp: No such file or directory
slurmstepd: error: execve(): /work/e05/e05/cahart/smeagol/smgl/cp2k-private-chris-1-forge-mkl-fexternal-blas-limit2/exe/local/cp2k.psmp: No such file or directory
slurmstepd: error: execve(): /work/e05/e05/cahart/smeagol/smgl/cp2k-private-chris-1-forge-mkl-fexternal-blas-limit2/exe/local/cp2k.psmp: No such file or directory
slurmstepd: error: execve(): /work/e05/e05/cahart/smeagol/smgl/cp2k-private-chris-1-forge-mkl-fexternal-blas-limit2/exe/local/cp2k.psmp: No such file or directory
slurmstepd: error: execve(): /work/e05/e05/cahart/smeagol/smgl/cp2k-private-chris-1-forge-mkl-fexternal-blas-limit2/exe/local/cp2k.psmp: No such file or directory
slurmstepd: error: execve(): /work/e05/e05/cahart/smeagol/smgl/cp2k-private-chris-1-forge-mkl-fexternal-blas-limit2/exe/local/cp2k.psmp: No such file or directory
slurmstepd: error: execve(): /work/e05/e05/cahart/smeagol/smgl/cp2k-private-chris-1-forge-mkl-fexternal-blas-limit2/exe/local/cp2k.psmp: No such file or directory
slurmstepd: error: execve(): /work/e05/e05/cahart/smeagol/smgl/cp2k-private-chris-1-forge-mkl-fexternal-blas-limit2/exe/local/cp2k.psmp: No such file or directory
slurmstepd: error: execve(): /work/e05/e05/cahart/smeagol/smgl/cp2k-private-chris-1-forge-mkl-fexternal-blas-limit2/exe/local/cp2k.psmp: No such file or directory
slurmstepd: error: execve(): /work/e05/e05/cahart/smeagol/smgl/cp2k-private-chris-1-forge-mkl-fexternal-blas-limit2/exe/local/cp2k.psmp: No such file or directory
slurmstepd: error: execve(): /work/e05/e05/cahart/smeagol/smgl/cp2k-private-chris-1-forge-mkl-fexternal-blas-limit2/exe/local/cp2k.psmp: No such file or directory
slurmstepd: error: execve(): /work/e05/e05/cahart/smeagol/smgl/cp2k-private-chris-1-forge-mkl-fexternal-blas-limit2/exe/local/cp2k.psmp: No such file or directory
slurmstepd: error: execve(): /work/e05/e05/cahart/smeagol/smgl/cp2k-private-chris-1-forge-mkl-fexternal-blas-limit2/exe/local/cp2k.psmp: No such file or directory
slurmstepd: error: execve(): /work/e05/e05/cahart/smeagol/smgl/cp2k-private-chris-1-forge-mkl-fexternal-blas-limit2/exe/local/cp2k.psmp: No such file or directory
slurmstepd: error: execve(): /work/e05/e05/cahart/smeagol/smgl/cp2k-private-chris-1-forge-mkl-fexternal-blas-limit2/exe/local/cp2k.psmp: No such file or directory
slurmstepd: error: execve(): /work/e05/e05/cahart/smeagol/smgl/cp2k-private-chris-1-forge-mkl-fexternal-blas-limit2/exe/local/cp2k.psmp: No such file or directory
slurmstepd: error: execve(): /work/e05/e05/cahart/smeagol/smgl/cp2k-private-chris-1-forge-mkl-fexternal-blas-limit2/exe/local/cp2k.psmp: No such file or directory
slurmstepd: error: execve(): /work/e05/e05/cahart/smeagol/smgl/cp2k-private-chris-1-forge-mkl-fexternal-blas-limit2/exe/local/cp2k.psmp: No such file or directory
slurmstepd: error: execve(): /work/e05/e05/cahart/smeagol/smgl/cp2k-private-chris-1-forge-mkl-fexternal-blas-limit2/exe/local/cp2k.psmp: No such file or directory
slurmstepd: error: execve(): /work/e05/e05/cahart/smeagol/smgl/cp2k-private-chris-1-forge-mkl-fexternal-blas-limit2/exe/local/cp2k.psmp: No such file or directory
slurmstepd: error: execve(): /work/e05/e05/cahart/smeagol/smgl/cp2k-private-chris-1-forge-mkl-fexternal-blas-limit2/exe/local/cp2k.psmp: No such file or directory
slurmstepd: error: execve(): /work/e05/e05/cahart/smeagol/smgl/cp2k-private-chris-1-forge-mkl-fexternal-blas-limit2/exe/local/cp2k.psmp: No such file or directory
slurmstepd: error: execve(): /work/e05/e05/cahart/smeagol/smgl/cp2k-private-chris-1-forge-mkl-fexternal-blas-limit2/exe/local/cp2k.psmp: No such file or directory
slurmstepd: error: execve(): /work/e05/e05/cahart/smeagol/smgl/cp2k-private-chris-1-forge-mkl-fexternal-blas-limit2/exe/local/cp2k.psmp: No such file or directory
slurmstepd: error: execve(): /work/e05/e05/cahart/smeagol/smgl/cp2k-private-chris-1-forge-mkl-fexternal-blas-limit2/exe/local/cp2k.psmp: No such file or directory
slurmstepd: error: execve(): /work/e05/e05/cahart/smeagol/smgl/cp2k-private-chris-1-forge-mkl-fexternal-blas-limit2/exe/local/cp2k.psmp: No such file or directory
slurmstepd: error: execve(): /work/e05/e05/cahart/smeagol/smgl/cp2k-private-chris-1-forge-mkl-fexternal-blas-limit2/exe/local/cp2k.psmp: No such file or directory
slurmstepd: error: execve(): /work/e05/e05/cahart/smeagol/smgl/cp2k-private-chris-1-forge-mkl-fexternal-blas-limit2/exe/local/cp2k.psmp: No such file or directory
slurmstepd: error: execve(): /work/e05/e05/cahart/smeagol/smgl/cp2k-private-chris-1-forge-mkl-fexternal-blas-limit2/exe/local/cp2k.psmp: No such file or directory
slurmstepd: error: execve(): /work/e05/e05/cahart/smeagol/smgl/cp2k-private-chris-1-forge-mkl-fexternal-blas-limit2/exe/local/cp2k.psmp: No such file or directory
slurmstepd: error: execve(): /work/e05/e05/cahart/smeagol/smgl/cp2k-private-chris-1-forge-mkl-fexternal-blas-limit2/exe/local/cp2k.psmp: No such file or directory
slurmstepd: error: execve(): /work/e05/e05/cahart/smeagol/smgl/cp2k-private-chris-1-forge-mkl-fexternal-blas-limit2/exe/local/cp2k.psmp: No such file or directory
slurmstepd: error: execve(): /work/e05/e05/cahart/smeagol/smgl/cp2k-private-chris-1-forge-mkl-fexternal-blas-limit2/exe/local/cp2k.psmp: No such file or directory
slurmstepd: error: execve(): /work/e05/e05/cahart/smeagol/smgl/cp2k-private-chris-1-forge-mkl-fexternal-blas-limit2/exe/local/cp2k.psmp: No such file or directory
slurmstepd: error: execve(): /work/e05/e05/cahart/smeagol/smgl/cp2k-private-chris-1-forge-mkl-fexternal-blas-limit2/exe/local/cp2k.psmp: No such file or directory
slurmstepd: error: execve(): /work/e05/e05/cahart/smeagol/smgl/cp2k-private-chris-1-forge-mkl-fexternal-blas-limit2/exe/local/cp2k.psmp: No such file or directory
slurmstepd: error: execve(): /work/e05/e05/cahart/smeagol/smgl/cp2k-private-chris-1-forge-mkl-fexternal-blas-limit2/exe/local/cp2k.psmp: No such file or directory
slurmstepd: error: execve(): /work/e05/e05/cahart/smeagol/smgl/cp2k-private-chris-1-forge-mkl-fexternal-blas-limit2/exe/local/cp2k.psmp: No such file or directory
slurmstepd: error: execve(): /work/e05/e05/cahart/smeagol/smgl/cp2k-private-chris-1-forge-mkl-fexternal-blas-limit2/exe/local/cp2k.psmp: No such file or directory
slurmstepd: error: execve(): /work/e05/e05/cahart/smeagol/smgl/cp2k-private-chris-1-forge-mkl-fexternal-blas-limit2/exe/local/cp2k.psmp: No such file or directory
srun: error: nid004376: tasks 8-11: Exited with exit code 2
srun: launch/slurm: _step_signal: Terminating StepId=5894116.0
slurmstepd: error: *** STEP 5894116.0 ON nid004357 CANCELLED AT 2024-03-11T04:38:24 ***
srun: error: nid004414: tasks 48-51: Exited with exit code 2
srun: error: nid004412: tasks 44-47: Exited with exit code 2
srun: error: nid004406: tasks 32-35: Exited with exit code 2
srun: error: nid004379: tasks 12-15: Exited with exit code 2
srun: error: nid004405: tasks 28-31: Exited with exit code 2
srun: error: nid004415: tasks 52-55: Exited with exit code 2
srun: error: nid004421: tasks 56-59: Exited with exit code 2
srun: error: nid004422: tasks 60-63: Exited with exit code 2
srun: error: nid004407: tasks 36-39: Exited with exit code 2
srun: error: nid004389: tasks 20-23: Exited with exit code 2
srun: error: nid004365: tasks 4-7: Exited with exit code 2
srun: error: nid004411: tasks 40-43: Exited with exit code 2
srun: error: nid004387: tasks 16-19: Exited with exit code 2
srun: error: nid004404: tasks 24-27: Terminated
srun: error: nid004357: tasks 0-3: Exited with exit code 2
srun: Force Terminated StepId=5894116.0
2235
resubmit
Submitted batch job 5894153
