forrtl: No such file or directory
forrtl: No such file or directory
forrtl: No such file or directory
forrtl: No such file or directory
forrtl: No such file or directory
forrtl: No such file or directory
forrtl: No such file or directory
forrtl: No such file or directory
forrtl: No such file or directory
forrtl: No such file or directory
forrtl: No such file or directory
forrtl: No such file or directory
forrtl: No such file or directory
forrtl: No such file or directory
forrtl: No such file or directory
forrtl: No such file or directory
forrtl: No such file or directory
forrtl: No such file or directory
forrtl: No such file or directory
forrtl: No such file or directory
forrtl: No such file or directory
forrtl: No such file or directory
forrtl: No such file or directory
forrtl: No such file or directory
forrtl: No such file or directory
forrtl: No such file or directory
forrtl: No such file or directory
forrtl: No such file or directory
forrtl: No such file or directory
forrtl: No such file or directory
forrtl: No such file or directory
forrtl: No such file or directory
forrtl: No such file or directory
forrtl: No such file or directory
forrtl: No such file or directory
forrtl: No such file or directory
forrtl: No such file or directory
forrtl: No such file or directory
forrtl: No such file or directory
forrtl: No such file or directory
forrtl: No such file or directory
forrtl: No such file or directory
forrtl: No such file or directory
forrtl: No such file or directory
forrtl: severe (29): file not found, unit 12346, file /lustre/scratch/mmm1169/work/cp2k-smeagol-examples/melamine/siesta1-smeagol/au_from-h2/iv-curve/gs_leads-sz-custom_surf-tip-dzp/info.out26
Image              PC                Routine            Line        Source             
smeagol-1.2_csg    0000000002C4151E  Unknown               Unknown  Unknown
smeagol-1.2_csg    0000000002C5FEF5  Unknown               Unknown  Unknown
smeagol-1.2_csg    0000000000EF7CC3  Unknown               Unknown  Unknown
smeagol-1.2_csg    0000000000BDF0DC  Unknown               Unknown  Unknown
smeagol-1.2_csg    000000000040652E  Unknown               Unknown  Unknown
libc-2.17.so       00002B4FA58AA555  __libc_start_main     Unknown  Unknown
smeagol-1.2_csg    0000000000406429  Unknown               Unknown  Unknown
forrtl: No such file or directory
forrtl: No such file or directory
forrtl: severe (29): file not found, unit 12346, file /lustre/scratch/mmm1169/work/cp2k-smeagol-examples/melamine/siesta1-smeagol/au_from-h2/iv-curve/gs_leads-sz-custom_surf-tip-dzp/info.out22
Image              PC                Routine            Line        Source             
smeagol-1.2_csg    0000000002C4151E  Unknown               Unknown  Unknown
smeagol-1.2_csg    0000000002C5FEF5  Unknown               Unknown  Unknown
smeagol-1.2_csg    0000000000EF7CC3  Unknown               Unknown  Unknown
smeagol-1.2_csg    0000000000BDF0DC  Unknown               Unknown  Unknown
smeagol-1.2_csg    000000000040652E  Unknown               Unknown  Unknown
libc-2.17.so       00002B02F7191555  __libc_start_main     Unknown  Unknown
smeagol-1.2_csg    0000000000406429  Unknown               Unknown  Unknown
forrtl: severe (29): file not found, unit 12346, file /lustre/scratch/mmm1169/work/cp2k-smeagol-examples/melamine/siesta1-smeagol/au_from-h2/iv-curve/gs_leads-sz-custom_surf-tip-dzp/info.out24
Image              PC                Routine            Line        Source             
smeagol-1.2_csg    0000000002C4151E  Unknown               Unknown  Unknown
smeagol-1.2_csg    0000000002C5FEF5  Unknown               Unknown  Unknown
smeagol-1.2_csg    0000000000EF7CC3  Unknown               Unknown  Unknown
smeagol-1.2_csg    0000000000BDF0DC  Unknown               Unknown  Unknown
smeagol-1.2_csg    000000000040652E  Unknown               Unknown  Unknown
libc-2.17.so       00002B29E729A555  __libc_start_main     Unknown  Unknown
smeagol-1.2_csg    0000000000406429  Unknown               Unknown  Unknown
forrtl: No such file or directory
forrtl: severe (29): file not found, unit 12346, file /lustre/scratch/mmm1169/work/cp2k-smeagol-examples/melamine/siesta1-smeagol/au_from-h2/iv-curve/gs_leads-sz-custom_surf-tip-dzp/info.out20
Image              PC                Routine            Line        Source             
smeagol-1.2_csg    0000000002C4151E  Unknown               Unknown  Unknown
smeagol-1.2_csg    0000000002C5FEF5  Unknown               Unknown  Unknown
smeagol-1.2_csg    0000000000EF7CC3  Unknown               Unknown  Unknown
smeagol-1.2_csg    0000000000BDF0DC  Unknown               Unknown  Unknown
smeagol-1.2_csg    000000000040652E  Unknown               Unknown  Unknown
libc-2.17.so       00002B333003B555  __libc_start_main     Unknown  Unknown
smeagol-1.2_csg    0000000000406429  Unknown               Unknown  Unknown
forrtl: severe (29): file not found, unit 12346, file /lustre/scratch/mmm1169/work/cp2k-smeagol-examples/melamine/siesta1-smeagol/au_from-h2/iv-curve/gs_leads-sz-custom_surf-tip-dzp/info.out23
Image              PC                Routine            Line        Source             
smeagol-1.2_csg    0000000002C4151E  Unknown               Unknown  Unknown
smeagol-1.2_csg    0000000002C5FEF5  Unknown               Unknown  Unknown
smeagol-1.2_csg    0000000000EF7CC3  Unknown               Unknown  Unknown
smeagol-1.2_csg    0000000000BDF0DC  Unknown               Unknown  Unknown
smeagol-1.2_csg    000000000040652E  Unknown               Unknown  Unknown
libc-2.17.so       00002B8B237D0555  __libc_start_main     Unknown  Unknown
smeagol-1.2_csg    0000000000406429  Unknown               Unknown  Unknown
forrtl: severe (29): file not found, unit 12346, file /lustre/scratch/mmm1169/work/cp2k-smeagol-examples/melamine/siesta1-smeagol/au_from-h2/iv-curve/gs_leads-sz-custom_surf-tip-dzp/info.out25
Image              PC                Routine            Line        Source             
smeagol-1.2_csg    0000000002C4151E  Unknown               Unknown  Unknown
smeagol-1.2_csg    0000000002C5FEF5  Unknown               Unknown  Unknown
smeagol-1.2_csg    0000000000EF7CC3  Unknown               Unknown  Unknown
smeagol-1.2_csg    0000000000BDF0DC  Unknown               Unknown  Unknown
smeagol-1.2_csg    000000000040652E  Unknown               Unknown  Unknown
libc-2.17.so       00002B12A2EF9555  __libc_start_main     Unknown  Unknown
smeagol-1.2_csg    0000000000406429  Unknown               Unknown  Unknown
forrtl: severe (29): file not found, unit 12346, file /lustre/scratch/mmm1169/work/cp2k-smeagol-examples/melamine/siesta1-smeagol/au_from-h2/iv-curve/gs_leads-sz-custom_surf-tip-dzp/info.out13
Image              PC                Routine            Line        Source             
smeagol-1.2_csg    0000000002C4151E  Unknown               Unknown  Unknown
smeagol-1.2_csg    0000000002C5FEF5  Unknown               Unknown  Unknown
smeagol-1.2_csg    0000000000EF7CC3  Unknown               Unknown  Unknown
smeagol-1.2_csg    0000000000BDF0DC  Unknown               Unknown  Unknown
smeagol-1.2_csg    000000000040652E  Unknown               Unknown  Unknown
libc-2.17.so       00002B3F19060555  __libc_start_main     Unknown  Unknown
smeagol-1.2_csg    0000000000406429  Unknown               Unknown  Unknown
forrtl: No such file or directory
forrtl: severe (29): file not found, unit 12346, file /lustre/scratch/mmm1169/work/cp2k-smeagol-examples/melamine/siesta1-smeagol/au_from-h2/iv-curve/gs_leads-sz-custom_surf-tip-dzp/info.out21
Image              PC                Routine            Line        Source             
smeagol-1.2_csg    0000000002C4151E  Unknown               Unknown  Unknown
smeagol-1.2_csg    0000000002C5FEF5  Unknown               Unknown  Unknown
smeagol-1.2_csg    0000000000EF7CC3  Unknown               Unknown  Unknown
smeagol-1.2_csg    0000000000BDF0DC  Unknown               Unknown  Unknown
smeagol-1.2_csg    000000000040652E  Unknown               Unknown  Unknown
libc-2.17.so       00002ACAD5C54555  __libc_start_main     Unknown  Unknown
smeagol-1.2_csg    0000000000406429  Unknown               Unknown  Unknown
forrtl: No such file or directory
forrtl: severe (29): file not found, unit 12346, file /lustre/scratch/mmm1169/work/cp2k-smeagol-examples/melamine/siesta1-smeagol/au_from-h2/iv-curve/gs_leads-sz-custom_surf-tip-dzp/info.out11
Image              PC                Routine            Line        Source             
smeagol-1.2_csg    0000000002C4151E  Unknown               Unknown  Unknown
smeagol-1.2_csg    0000000002C5FEF5  Unknown               Unknown  Unknown
smeagol-1.2_csg    0000000000EF7CC3  Unknown               Unknown  Unknown
smeagol-1.2_csg    0000000000BDF0DC  Unknown               Unknown  Unknown
smeagol-1.2_csg    000000000040652E  Unknown               Unknown  Unknown
libc-2.17.so       00002AF468908555  __libc_start_main     Unknown  Unknown
smeagol-1.2_csg    0000000000406429  Unknown               Unknown  Unknown
forrtl: severe (29): file not found, unit 12346, file /lustre/scratch/mmm1169/work/cp2k-smeagol-examples/melamine/siesta1-smeagol/au_from-h2/iv-curve/gs_leads-sz-custom_surf-tip-dzp/info.out16
Image              PC                Routine            Line        Source             
smeagol-1.2_csg    0000000002C4151E  Unknown               Unknown  Unknown
smeagol-1.2_csg    0000000002C5FEF5  Unknown               Unknown  Unknown
smeagol-1.2_csg    0000000000EF7CC3  Unknown               Unknown  Unknown
smeagol-1.2_csg    0000000000BDF0DC  Unknown               Unknown  Unknown
smeagol-1.2_csg    000000000040652E  Unknown               Unknown  Unknown
libc-2.17.so       00002AB527572555  __libc_start_main     Unknown  Unknown
smeagol-1.2_csg    0000000000406429  Unknown               Unknown  Unknown
forrtl: severe (29): file not found, unit 12346, file /lustre/scratch/mmm1169/work/cp2k-smeagol-examples/melamine/siesta1-smeagol/au_from-h2/iv-curve/gs_leads-sz-custom_surf-tip-dzp/info.out14
Image              PC                Routine            Line        Source             
smeagol-1.2_csg    0000000002C4151E  Unknown               Unknown  Unknown
smeagol-1.2_csg    0000000002C5FEF5  Unknown               Unknown  Unknown
smeagol-1.2_csg    0000000000EF7CC3  Unknown               Unknown  Unknown
smeagol-1.2_csg    0000000000BDF0DC  Unknown               Unknown  Unknown
smeagol-1.2_csg    000000000040652E  Unknown               Unknown  Unknown
libc-2.17.so       00002BA50A183555  __libc_start_main     Unknown  Unknown
smeagol-1.2_csg    0000000000406429  Unknown               Unknown  Unknown
forrtl: No such file or directory
forrtl: No such file or directory
forrtl: severe (29): file not found, unit 12346, file /lustre/scratch/mmm1169/work/cp2k-smeagol-examples/melamine/siesta1-smeagol/au_from-h2/iv-curve/gs_leads-sz-custom_surf-tip-dzp/info.out19
Image              PC                Routine            Line        Source             
smeagol-1.2_csg    0000000002C4151E  Unknown               Unknown  Unknown
smeagol-1.2_csg    0000000002C5FEF5  Unknown               Unknown  Unknown
smeagol-1.2_csg    0000000000EF7CC3  Unknown               Unknown  Unknown
smeagol-1.2_csg    0000000000BDF0DC  Unknown               Unknown  Unknown
smeagol-1.2_csg    000000000040652E  Unknown               Unknown  Unknown
libc-2.17.so       00002B2DEDB9B555  __libc_start_main     Unknown  Unknown
smeagol-1.2_csg    0000000000406429  Unknown               Unknown  Unknown
forrtl: No such file or directory
forrtl: No such file or directory
forrtl: No such file or directory
forrtl: severe (29): file not found, unit 12346, file /lustre/scratch/mmm1169/work/cp2k-smeagol-examples/melamine/siesta1-smeagol/au_from-h2/iv-curve/gs_leads-sz-custom_surf-tip-dzp/info.out17
Image              PC                Routine            Line        Source             
smeagol-1.2_csg    0000000002C4151E  Unknown               Unknown  Unknown
smeagol-1.2_csg    0000000002C5FEF5  Unknown               Unknown  Unknown
smeagol-1.2_csg    0000000000EF7CC3  Unknown               Unknown  Unknown
smeagol-1.2_csg    0000000000BDF0DC  Unknown               Unknown  Unknown
smeagol-1.2_csg    000000000040652E  Unknown               Unknown  Unknown
libc-2.17.so       00002B845AC67555  __libc_start_main     Unknown  Unknown
smeagol-1.2_csg    0000000000406429  Unknown               Unknown  Unknown
forrtl: severe (29): file not found, unit 12346, file /lustre/scratch/mmm1169/work/cp2k-smeagol-examples/melamine/siesta1-smeagol/au_from-h2/iv-curve/gs_leads-sz-custom_surf-tip-dzp/info.out27
Image              PC                Routine            Line        Source             
smeagol-1.2_csg    0000000002C4151E  Unknown               Unknown  Unknown
smeagol-1.2_csg    0000000002C5FEF5  Unknown               Unknown  Unknown
smeagol-1.2_csg    0000000000EF7CC3  Unknown               Unknown  Unknown
smeagol-1.2_csg    0000000000BDF0DC  Unknown               Unknown  Unknown
smeagol-1.2_csg    000000000040652E  Unknown               Unknown  Unknown
libc-2.17.so       00002B46ABFD6555  __libc_start_main     Unknown  Unknown
smeagol-1.2_csg    0000000000406429  Unknown               Unknown  Unknown
forrtl: severe (29): file not found, unit 12346, file /lustre/scratch/mmm1169/work/cp2k-smeagol-examples/melamine/siesta1-smeagol/au_from-h2/iv-curve/gs_leads-sz-custom_surf-tip-dzp/info.out10
Image              PC                Routine            Line        Source             
smeagol-1.2_csg    0000000002C4151E  Unknown               Unknown  Unknown
smeagol-1.2_csg    0000000002C5FEF5  Unknown               Unknown  Unknown
smeagol-1.2_csg    0000000000EF7CC3  Unknown               Unknown  Unknown
smeagol-1.2_csg    0000000000BDF0DC  Unknown               Unknown  Unknown
smeagol-1.2_csg    000000000040652E  Unknown               Unknown  Unknown
libc-2.17.so       00002B122A608555  __libc_start_main     Unknown  Unknown
smeagol-1.2_csg    0000000000406429  Unknown               Unknown  Unknown
forrtl: No such file or directory
forrtl: severe (29): file not found, unit 12346, file /lustre/scratch/mmm1169/work/cp2k-smeagol-examples/melamine/siesta1-smeagol/au_from-h2/iv-curve/gs_leads-sz-custom_surf-tip-dzp/info.out12
Image              PC                Routine            Line        Source             
smeagol-1.2_csg    0000000002C4151E  Unknown               Unknown  Unknown
smeagol-1.2_csg    0000000002C5FEF5  Unknown               Unknown  Unknown
smeagol-1.2_csg    0000000000EF7CC3  Unknown               Unknown  Unknown
smeagol-1.2_csg    0000000000BDF0DC  Unknown               Unknown  Unknown
smeagol-1.2_csg    000000000040652E  Unknown               Unknown  Unknown
libc-2.17.so       00002B1D4E807555  __libc_start_main     Unknown  Unknown
smeagol-1.2_csg    0000000000406429  Unknown               Unknown  Unknown
forrtl: severe (29): file not found, unit 12346, file /lustre/scratch/mmm1169/work/cp2k-smeagol-examples/melamine/siesta1-smeagol/au_from-h2/iv-curve/gs_leads-sz-custom_surf-tip-dzp/info.out9
Image              PC                Routine            Line        Source             
smeagol-1.2_csg    0000000002C4151E  Unknown               Unknown  Unknown
smeagol-1.2_csg    0000000002C5FEF5  Unknown               Unknown  Unknown
smeagol-1.2_csg    0000000000EF7CC3  Unknown               Unknown  Unknown
smeagol-1.2_csg    0000000000BDF0DC  Unknown               Unknown  Unknown
smeagol-1.2_csg    000000000040652E  Unknown               Unknown  Unknown
libc-2.17.so       00002B03D015C555  __libc_start_main     Unknown  Unknown
smeagol-1.2_csg    0000000000406429  Unknown               Unknown  Unknown
forrtl: severe (29): file not found, unit 12346, file /lustre/scratch/mmm1169/work/cp2k-smeagol-examples/melamine/siesta1-smeagol/au_from-h2/iv-curve/gs_leads-sz-custom_surf-tip-dzp/info.out18
Image              PC                Routine            Line        Source             
smeagol-1.2_csg    0000000002C4151E  Unknown               Unknown  Unknown
smeagol-1.2_csg    0000000002C5FEF5  Unknown               Unknown  Unknown
smeagol-1.2_csg    0000000000EF7CC3  Unknown               Unknown  Unknown
smeagol-1.2_csg    0000000000BDF0DC  Unknown               Unknown  Unknown
smeagol-1.2_csg    000000000040652E  Unknown               Unknown  Unknown
libc-2.17.so       00002B1A4CC74555  __libc_start_main     Unknown  Unknown
smeagol-1.2_csg    0000000000406429  Unknown               Unknown  Unknown
forrtl: severe (29): file not found, unit 12346, file /lustre/scratch/mmm1169/work/cp2k-smeagol-examples/melamine/siesta1-smeagol/au_from-h2/iv-curve/gs_leads-sz-custom_surf-tip-dzp/info.out37
Image              PC                Routine            Line        Source             
smeagol-1.2_csg    0000000002C4151E  Unknown               Unknown  Unknown
smeagol-1.2_csg    0000000002C5FEF5  Unknown               Unknown  Unknown
smeagol-1.2_csg    0000000000EF7CC3  Unknown               Unknown  Unknown
smeagol-1.2_csg    0000000000BDF0DC  Unknown               Unknown  Unknown
smeagol-1.2_csg    000000000040652E  Unknown               Unknown  Unknown
libc-2.17.so       00002B53839C4555  __libc_start_main     Unknown  Unknown
smeagol-1.2_csg    0000000000406429  Unknown               Unknown  Unknown
forrtl: No such file or directory
forrtl: severe (29): file not found, unit 12346, file /lustre/scratch/mmm1169/work/cp2k-smeagol-examples/melamine/siesta1-smeagol/au_from-h2/iv-curve/gs_leads-sz-custom_surf-tip-dzp/info.out38
Image              PC                Routine            Line        Source             
smeagol-1.2_csg    0000000002C4151E  Unknown               Unknown  Unknown
smeagol-1.2_csg    0000000002C5FEF5  Unknown               Unknown  Unknown
smeagol-1.2_csg    0000000000EF7CC3  Unknown               Unknown  Unknown
smeagol-1.2_csg    0000000000BDF0DC  Unknown               Unknown  Unknown
smeagol-1.2_csg    000000000040652E  Unknown               Unknown  Unknown
libc-2.17.so       00002B7CA0722555  __libc_start_main     Unknown  Unknown
smeagol-1.2_csg    0000000000406429  Unknown               Unknown  Unknown
forrtl: severe (29): file not found, unit 12346, file /lustre/scratch/mmm1169/work/cp2k-smeagol-examples/melamine/siesta1-smeagol/au_from-h2/iv-curve/gs_leads-sz-custom_surf-tip-dzp/info.out15
Image              PC                Routine            Line        Source             
smeagol-1.2_csg    0000000002C4151E  Unknown               Unknown  Unknown
smeagol-1.2_csg    0000000002C5FEF5  Unknown               Unknown  Unknown
smeagol-1.2_csg    0000000000EF7CC3  Unknown               Unknown  Unknown
smeagol-1.2_csg    0000000000BDF0DC  Unknown               Unknown  Unknown
smeagol-1.2_csg    000000000040652E  Unknown               Unknown  Unknown
libc-2.17.so       00002B48A7537555  __libc_start_main     Unknown  Unknown
smeagol-1.2_csg    0000000000406429  Unknown               Unknown  Unknown
forrtl: No such file or directory
forrtl: No such file or directory
forrtl: No such file or directory
forrtl: severe (29): file not found, unit 12346, file /lustre/scratch/mmm1169/work/cp2k-smeagol-examples/melamine/siesta1-smeagol/au_from-h2/iv-curve/gs_leads-sz-custom_surf-tip-dzp/info.out61
Image              PC                Routine            Line        Source             
smeagol-1.2_csg    0000000002C4151E  Unknown               Unknown  Unknown
smeagol-1.2_csg    0000000002C5FEF5  Unknown               Unknown  Unknown
smeagol-1.2_csg    0000000000EF7CC3  Unknown               Unknown  Unknown
smeagol-1.2_csg    0000000000BDF0DC  Unknown               Unknown  Unknown
smeagol-1.2_csg    000000000040652E  Unknown               Unknown  Unknown
libc-2.17.so       00002B6F0D8C5555  __libc_start_main     Unknown  Unknown
smeagol-1.2_csg    0000000000406429  Unknown               Unknown  Unknown
forrtl: severe (29): file not found, unit 12346, file /lustre/scratch/mmm1169/work/cp2k-smeagol-examples/melamine/siesta1-smeagol/au_from-h2/iv-curve/gs_leads-sz-custom_surf-tip-dzp/info.out58
Image              PC                Routine            Line        Source             
smeagol-1.2_csg    0000000002C4151E  Unknown               Unknown  Unknown
smeagol-1.2_csg    0000000002C5FEF5  Unknown               Unknown  Unknown
smeagol-1.2_csg    0000000000EF7CC3  Unknown               Unknown  Unknown
smeagol-1.2_csg    0000000000BDF0DC  Unknown               Unknown  Unknown
smeagol-1.2_csg    000000000040652E  Unknown               Unknown  Unknown
libc-2.17.so       00002B9365F85555  __libc_start_main     Unknown  Unknown
smeagol-1.2_csg    0000000000406429  Unknown               Unknown  Unknown
forrtl: No such file or directory
forrtl: severe (29): file not found, unit 12346, file /lustre/scratch/mmm1169/work/cp2k-smeagol-examples/melamine/siesta1-smeagol/au_from-h2/iv-curve/gs_leads-sz-custom_surf-tip-dzp/info.out59
Image              PC                Routine            Line        Source             
smeagol-1.2_csg    0000000002C4151E  Unknown               Unknown  Unknown
smeagol-1.2_csg    0000000002C5FEF5  Unknown               Unknown  Unknown
smeagol-1.2_csg    0000000000EF7CC3  Unknown               Unknown  Unknown
smeagol-1.2_csg    0000000000BDF0DC  Unknown               Unknown  Unknown
smeagol-1.2_csg    000000000040652E  Unknown               Unknown  Unknown
libc-2.17.so       00002B473DEE5555  __libc_start_main     Unknown  Unknown
smeagol-1.2_csg    0000000000406429  Unknown               Unknown  Unknown
forrtl: severe (29): file not found, unit 12346, file /lustre/scratch/mmm1169/work/cp2k-smeagol-examples/melamine/siesta1-smeagol/au_from-h2/iv-curve/gs_leads-sz-custom_surf-tip-dzp/info.out63
Image              PC                Routine            Line        Source             
smeagol-1.2_csg    0000000002C4151E  Unknown               Unknown  Unknown
smeagol-1.2_csg    0000000002C5FEF5  Unknown               Unknown  Unknown
smeagol-1.2_csg    0000000000EF7CC3  Unknown               Unknown  Unknown
smeagol-1.2_csg    0000000000BDF0DC  Unknown               Unknown  Unknown
smeagol-1.2_csg    000000000040652E  Unknown               Unknown  Unknown
libc-2.17.so       00002B7A6B473555  __libc_start_main     Unknown  Unknown
smeagol-1.2_csg    0000000000406429  Unknown               Unknown  Unknown
forrtl: severe (29): file not found, unit 12346, file /lustre/scratch/mmm1169/work/cp2k-smeagol-examples/melamine/siesta1-smeagol/au_from-h2/iv-curve/gs_leads-sz-custom_surf-tip-dzp/info.out54
Image              PC                Routine            Line        Source             
smeagol-1.2_csg    0000000002C4151E  Unknown               Unknown  Unknown
smeagol-1.2_csg    0000000002C5FEF5  Unknown               Unknown  Unknown
smeagol-1.2_csg    0000000000EF7CC3  Unknown               Unknown  Unknown
smeagol-1.2_csg    0000000000BDF0DC  Unknown               Unknown  Unknown
smeagol-1.2_csg    000000000040652E  Unknown               Unknown  Unknown
libc-2.17.so       00002B4BBF7AC555  __libc_start_main     Unknown  Unknown
smeagol-1.2_csg    0000000000406429  Unknown               Unknown  Unknown
forrtl: severe (29): file not found, unit 12346, file /lustre/scratch/mmm1169/work/cp2k-smeagol-examples/melamine/siesta1-smeagol/au_from-h2/iv-curve/gs_leads-sz-custom_surf-tip-dzp/info.out55
Image              PC                Routine            Line        Source             
smeagol-1.2_csg    0000000002C4151E  Unknown               Unknown  Unknown
smeagol-1.2_csg    0000000002C5FEF5  Unknown               Unknown  Unknown
smeagol-1.2_csg    0000000000EF7CC3  Unknown               Unknown  Unknown
smeagol-1.2_csg    0000000000BDF0DC  Unknown               Unknown  Unknown
smeagol-1.2_csg    000000000040652E  Unknown               Unknown  Unknown
libc-2.17.so       00002ABB56C63555  __libc_start_main     Unknown  Unknown
smeagol-1.2_csg    0000000000406429  Unknown               Unknown  Unknown
forrtl: severe (29): file not found, unit 12346, file /lustre/scratch/mmm1169/work/cp2k-smeagol-examples/melamine/siesta1-smeagol/au_from-h2/iv-curve/gs_leads-sz-custom_surf-tip-dzp/info.out56
Image              PC                Routine            Line        Source             
smeagol-1.2_csg    0000000002C4151E  Unknown               Unknown  Unknown
smeagol-1.2_csg    0000000002C5FEF5  Unknown               Unknown  Unknown
smeagol-1.2_csg    0000000000EF7CC3  Unknown               Unknown  Unknown
smeagol-1.2_csg    0000000000BDF0DC  Unknown               Unknown  Unknown
smeagol-1.2_csg    000000000040652E  Unknown               Unknown  Unknown
libc-2.17.so       00002B3592C5F555  __libc_start_main     Unknown  Unknown
smeagol-1.2_csg    0000000000406429  Unknown               Unknown  Unknown
forrtl: severe (29): file not found, unit 12346, file /lustre/scratch/mmm1169/work/cp2k-smeagol-examples/melamine/siesta1-smeagol/au_from-h2/iv-curve/gs_leads-sz-custom_surf-tip-dzp/info.out57
Image              PC                Routine            Line        Source             
smeagol-1.2_csg    0000000002C4151E  Unknown               Unknown  Unknown
smeagol-1.2_csg    0000000002C5FEF5  Unknown               Unknown  Unknown
smeagol-1.2_csg    0000000000EF7CC3  Unknown               Unknown  Unknown
smeagol-1.2_csg    0000000000BDF0DC  Unknown               Unknown  Unknown
smeagol-1.2_csg    000000000040652E  Unknown               Unknown  Unknown
libc-2.17.so       00002AC31971D555  __libc_start_main     Unknown  Unknown
smeagol-1.2_csg    0000000000406429  Unknown               Unknown  Unknown
forrtl: severe (29): file not found, unit 12346, file /lustre/scratch/mmm1169/work/cp2k-smeagol-examples/melamine/siesta1-smeagol/au_from-h2/iv-curve/gs_leads-sz-custom_surf-tip-dzp/info.out53
Image              PC                Routine            Line        Source             
smeagol-1.2_csg    0000000002C4151E  Unknown               Unknown  Unknown
smeagol-1.2_csg    0000000002C5FEF5  Unknown               Unknown  Unknown
smeagol-1.2_csg    0000000000EF7CC3  Unknown               Unknown  Unknown
smeagol-1.2_csg    0000000000BDF0DC  Unknown               Unknown  Unknown
smeagol-1.2_csg    000000000040652E  Unknown               Unknown  Unknown
libc-2.17.so       00002B14A3C7C555  __libc_start_main     Unknown  Unknown
smeagol-1.2_csg    0000000000406429  Unknown               Unknown  Unknown
forrtl: severe (29): file not found, unit 12346, file /lustre/scratch/mmm1169/work/cp2k-smeagol-examples/melamine/siesta1-smeagol/au_from-h2/iv-curve/gs_leads-sz-custom_surf-tip-dzp/info.out60
Image              PC                Routine            Line        Source             
smeagol-1.2_csg    0000000002C4151E  Unknown               Unknown  Unknown
smeagol-1.2_csg    0000000002C5FEF5  Unknown               Unknown  Unknown
smeagol-1.2_csg    0000000000EF7CC3  Unknown               Unknown  Unknown
smeagol-1.2_csg    0000000000BDF0DC  Unknown               Unknown  Unknown
smeagol-1.2_csg    000000000040652E  Unknown               Unknown  Unknown
libc-2.17.so       00002B7C80507555  __libc_start_main     Unknown  Unknown
smeagol-1.2_csg    0000000000406429  Unknown               Unknown  Unknown
forrtl: severe (29): file not found, unit 12346, file /lustre/scratch/mmm1169/work/cp2k-smeagol-examples/melamine/siesta1-smeagol/au_from-h2/iv-curve/gs_leads-sz-custom_surf-tip-dzp/info.out62
Image              PC                Routine            Line        Source             
smeagol-1.2_csg    0000000002C4151E  Unknown               Unknown  Unknown
smeagol-1.2_csg    0000000002C5FEF5  Unknown               Unknown  Unknown
smeagol-1.2_csg    0000000000EF7CC3  Unknown               Unknown  Unknown
smeagol-1.2_csg    0000000000BDF0DC  Unknown               Unknown  Unknown
smeagol-1.2_csg    000000000040652E  Unknown               Unknown  Unknown
libc-2.17.so       00002B3D04B63555  __libc_start_main     Unknown  Unknown
smeagol-1.2_csg    0000000000406429  Unknown               Unknown  Unknown
forrtl: severe (29): file not found, unit 12346, file /lustre/scratch/mmm1169/work/cp2k-smeagol-examples/melamine/siesta1-smeagol/au_from-h2/iv-curve/gs_leads-sz-custom_surf-tip-dzp/info.out45
Image              PC                Routine            Line        Source             
smeagol-1.2_csg    0000000002C4151E  Unknown               Unknown  Unknown
smeagol-1.2_csg    0000000002C5FEF5  Unknown               Unknown  Unknown
smeagol-1.2_csg    0000000000EF7CC3  Unknown               Unknown  Unknown
smeagol-1.2_csg    0000000000BDF0DC  Unknown               Unknown  Unknown
smeagol-1.2_csg    000000000040652E  Unknown               Unknown  Unknown
libc-2.17.so       00002AB0AADAB555  __libc_start_main     Unknown  Unknown
smeagol-1.2_csg    0000000000406429  Unknown               Unknown  Unknown
forrtl: severe (29): file not found, unit 12346, file /lustre/scratch/mmm1169/work/cp2k-smeagol-examples/melamine/siesta1-smeagol/au_from-h2/iv-curve/gs_leads-sz-custom_surf-tip-dzp/info.out28
Image              PC                Routine            Line        Source             
smeagol-1.2_csg    0000000002C4151E  Unknown               Unknown  Unknown
smeagol-1.2_csg    0000000002C5FEF5  Unknown               Unknown  Unknown
smeagol-1.2_csg    0000000000EF7CC3  Unknown               Unknown  Unknown
smeagol-1.2_csg    0000000000BDF0DC  Unknown               Unknown  Unknown
smeagol-1.2_csg    000000000040652E  Unknown               Unknown  Unknown
libc-2.17.so       00002AE212CBC555  __libc_start_main     Unknown  Unknown
smeagol-1.2_csg    0000000000406429  Unknown               Unknown  Unknown
forrtl: severe (29): file not found, unit 12346, file /lustre/scratch/mmm1169/work/cp2k-smeagol-examples/melamine/siesta1-smeagol/au_from-h2/iv-curve/gs_leads-sz-custom_surf-tip-dzp/info.out47
Image              PC                Routine            Line        Source             
smeagol-1.2_csg    0000000002C4151E  Unknown               Unknown  Unknown
smeagol-1.2_csg    0000000002C5FEF5  Unknown               Unknown  Unknown
smeagol-1.2_csg    0000000000EF7CC3  Unknown               Unknown  Unknown
smeagol-1.2_csg    0000000000BDF0DC  Unknown               Unknown  Unknown
smeagol-1.2_csg    000000000040652E  Unknown               Unknown  Unknown
libc-2.17.so       00002ADF0905D555  __libc_start_main     Unknown  Unknown
smeagol-1.2_csg    0000000000406429  Unknown               Unknown  Unknown
forrtl: severe (29): file not found, unit 12346, file /lustre/scratch/mmm1169/work/cp2k-smeagol-examples/melamine/siesta1-smeagol/au_from-h2/iv-curve/gs_leads-sz-custom_surf-tip-dzp/info.out48
Image              PC                Routine            Line        Source             
smeagol-1.2_csg    0000000002C4151E  Unknown               Unknown  Unknown
smeagol-1.2_csg    0000000002C5FEF5  Unknown               Unknown  Unknown
smeagol-1.2_csg    0000000000EF7CC3  Unknown               Unknown  Unknown
smeagol-1.2_csg    0000000000BDF0DC  Unknown               Unknown  Unknown
smeagol-1.2_csg    000000000040652E  Unknown               Unknown  Unknown
libc-2.17.so       00002B46726F1555  __libc_start_main     Unknown  Unknown
smeagol-1.2_csg    0000000000406429  Unknown               Unknown  Unknown
forrtl: severe (29): file not found, unit 12346, file /lustre/scratch/mmm1169/work/cp2k-smeagol-examples/melamine/siesta1-smeagol/au_from-h2/iv-curve/gs_leads-sz-custom_surf-tip-dzp/info.out51
Image              PC                Routine            Line        Source             
smeagol-1.2_csg    0000000002C4151E  Unknown               Unknown  Unknown
smeagol-1.2_csg    0000000002C5FEF5  Unknown               Unknown  Unknown
smeagol-1.2_csg    0000000000EF7CC3  Unknown               Unknown  Unknown
smeagol-1.2_csg    0000000000BDF0DC  Unknown               Unknown  Unknown
smeagol-1.2_csg    000000000040652E  Unknown               Unknown  Unknown
libc-2.17.so       00002AC5143A4555  __libc_start_main     Unknown  Unknown
smeagol-1.2_csg    0000000000406429  Unknown               Unknown  Unknown
forrtl: severe (29): file not found, unit 12346, file /lustre/scratch/mmm1169/work/cp2k-smeagol-examples/melamine/siesta1-smeagol/au_from-h2/iv-curve/gs_leads-sz-custom_surf-tip-dzp/info.out41
Image              PC                Routine            Line        Source             
smeagol-1.2_csg    0000000002C4151E  Unknown               Unknown  Unknown
smeagol-1.2_csg    0000000002C5FEF5  Unknown               Unknown  Unknown
smeagol-1.2_csg    0000000000EF7CC3  Unknown               Unknown  Unknown
smeagol-1.2_csg    0000000000BDF0DC  Unknown               Unknown  Unknown
smeagol-1.2_csg    000000000040652E  Unknown               Unknown  Unknown
libc-2.17.so       00002AFE19C1A555  __libc_start_main     Unknown  Unknown
smeagol-1.2_csg    0000000000406429  Unknown               Unknown  Unknown
forrtl: severe (29): file not found, unit 12346, file /lustre/scratch/mmm1169/work/cp2k-smeagol-examples/melamine/siesta1-smeagol/au_from-h2/iv-curve/gs_leads-sz-custom_surf-tip-dzp/info.out29
Image              PC                Routine            Line        Source             
smeagol-1.2_csg    0000000002C4151E  Unknown               Unknown  Unknown
smeagol-1.2_csg    0000000002C5FEF5  Unknown               Unknown  Unknown
smeagol-1.2_csg    0000000000EF7CC3  Unknown               Unknown  Unknown
smeagol-1.2_csg    0000000000BDF0DC  Unknown               Unknown  Unknown
smeagol-1.2_csg    000000000040652E  Unknown               Unknown  Unknown
libc-2.17.so       00002AE7020FE555  __libc_start_main     Unknown  Unknown
smeagol-1.2_csg    0000000000406429  Unknown               Unknown  Unknown
forrtl: severe (29): file not found, unit 12346, file /lustre/scratch/mmm1169/work/cp2k-smeagol-examples/melamine/siesta1-smeagol/au_from-h2/iv-curve/gs_leads-sz-custom_surf-tip-dzp/info.out46
Image              PC                Routine            Line        Source             
smeagol-1.2_csg    0000000002C4151E  Unknown               Unknown  Unknown
smeagol-1.2_csg    0000000002C5FEF5  Unknown               Unknown  Unknown
smeagol-1.2_csg    0000000000EF7CC3  Unknown               Unknown  Unknown
smeagol-1.2_csg    0000000000BDF0DC  Unknown               Unknown  Unknown
smeagol-1.2_csg    000000000040652E  Unknown               Unknown  Unknown
libc-2.17.so       00002B254D3E5555  __libc_start_main     Unknown  Unknown
smeagol-1.2_csg    0000000000406429  Unknown               Unknown  Unknown
forrtl: severe (29): file not found, unit 12346, file /lustre/scratch/mmm1169/work/cp2k-smeagol-examples/melamine/siesta1-smeagol/au_from-h2/iv-curve/gs_leads-sz-custom_surf-tip-dzp/info.out50
Image              PC                Routine            Line        Source             
smeagol-1.2_csg    0000000002C4151E  Unknown               Unknown  Unknown
smeagol-1.2_csg    0000000002C5FEF5  Unknown               Unknown  Unknown
smeagol-1.2_csg    0000000000EF7CC3  Unknown               Unknown  Unknown
smeagol-1.2_csg    0000000000BDF0DC  Unknown               Unknown  Unknown
smeagol-1.2_csg    000000000040652E  Unknown               Unknown  Unknown
libc-2.17.so       00002B18299EC555  __libc_start_main     Unknown  Unknown
smeagol-1.2_csg    0000000000406429  Unknown               Unknown  Unknown
forrtl: severe (29): file not found, unit 12346, file /lustre/scratch/mmm1169/work/cp2k-smeagol-examples/melamine/siesta1-smeagol/au_from-h2/iv-curve/gs_leads-sz-custom_surf-tip-dzp/info.out52
Image              PC                Routine            Line        Source             
smeagol-1.2_csg    0000000002C4151E  Unknown               Unknown  Unknown
smeagol-1.2_csg    0000000002C5FEF5  Unknown               Unknown  Unknown
smeagol-1.2_csg    0000000000EF7CC3  Unknown               Unknown  Unknown
smeagol-1.2_csg    0000000000BDF0DC  Unknown               Unknown  Unknown
smeagol-1.2_csg    000000000040652E  Unknown               Unknown  Unknown
libc-2.17.so       00002B4DCECE7555  __libc_start_main     Unknown  Unknown
smeagol-1.2_csg    0000000000406429  Unknown               Unknown  Unknown
forrtl: severe (29): file not found, unit 12346, file /lustre/scratch/mmm1169/work/cp2k-smeagol-examples/melamine/siesta1-smeagol/au_from-h2/iv-curve/gs_leads-sz-custom_surf-tip-dzp/info.out40
Image              PC                Routine            Line        Source             
smeagol-1.2_csg    0000000002C4151E  Unknown               Unknown  Unknown
smeagol-1.2_csg    0000000002C5FEF5  Unknown               Unknown  Unknown
smeagol-1.2_csg    0000000000EF7CC3  Unknown               Unknown  Unknown
smeagol-1.2_csg    0000000000BDF0DC  Unknown               Unknown  Unknown
smeagol-1.2_csg    000000000040652E  Unknown               Unknown  Unknown
libc-2.17.so       00002AF1F0FC1555  __libc_start_main     Unknown  Unknown
smeagol-1.2_csg    0000000000406429  Unknown               Unknown  Unknown
forrtl: severe (29): file not found, unit 12346, file /lustre/scratch/mmm1169/work/cp2k-smeagol-examples/melamine/siesta1-smeagol/au_from-h2/iv-curve/gs_leads-sz-custom_surf-tip-dzp/info.out36
Image              PC                Routine            Line        Source             
smeagol-1.2_csg    0000000002C4151E  Unknown               Unknown  Unknown
smeagol-1.2_csg    0000000002C5FEF5  Unknown               Unknown  Unknown
smeagol-1.2_csg    0000000000EF7CC3  Unknown               Unknown  Unknown
smeagol-1.2_csg    0000000000BDF0DC  Unknown               Unknown  Unknown
smeagol-1.2_csg    000000000040652E  Unknown               Unknown  Unknown
libc-2.17.so       00002AD9D0346555  __libc_start_main     Unknown  Unknown
smeagol-1.2_csg    0000000000406429  Unknown               Unknown  Unknown
forrtl: severe (29): file not found, unit 12346, file /lustre/scratch/mmm1169/work/cp2k-smeagol-examples/melamine/siesta1-smeagol/au_from-h2/iv-curve/gs_leads-sz-custom_surf-tip-dzp/info.out44
Image              PC                Routine            Line        Source             
smeagol-1.2_csg    0000000002C4151E  Unknown               Unknown  Unknown
smeagol-1.2_csg    0000000002C5FEF5  Unknown               Unknown  Unknown
smeagol-1.2_csg    0000000000EF7CC3  Unknown               Unknown  Unknown
smeagol-1.2_csg    0000000000BDF0DC  Unknown               Unknown  Unknown
smeagol-1.2_csg    000000000040652E  Unknown               Unknown  Unknown
libc-2.17.so       00002BA1702B6555  __libc_start_main     Unknown  Unknown
smeagol-1.2_csg    0000000000406429  Unknown               Unknown  Unknown
forrtl: severe (29): file not found, unit 12346, file /lustre/scratch/mmm1169/work/cp2k-smeagol-examples/melamine/siesta1-smeagol/au_from-h2/iv-curve/gs_leads-sz-custom_surf-tip-dzp/info.out49
Image              PC                Routine            Line        Source             
smeagol-1.2_csg    0000000002C4151E  Unknown               Unknown  Unknown
smeagol-1.2_csg    0000000002C5FEF5  Unknown               Unknown  Unknown
smeagol-1.2_csg    0000000000EF7CC3  Unknown               Unknown  Unknown
smeagol-1.2_csg    0000000000BDF0DC  Unknown               Unknown  Unknown
smeagol-1.2_csg    000000000040652E  Unknown               Unknown  Unknown
libc-2.17.so       00002B73ADE94555  __libc_start_main     Unknown  Unknown
smeagol-1.2_csg    0000000000406429  Unknown               Unknown  Unknown
forrtl: severe (29): file not found, unit 12346, file /lustre/scratch/mmm1169/work/cp2k-smeagol-examples/melamine/siesta1-smeagol/au_from-h2/iv-curve/gs_leads-sz-custom_surf-tip-dzp/info.out35
Image              PC                Routine            Line        Source             
smeagol-1.2_csg    0000000002C4151E  Unknown               Unknown  Unknown
smeagol-1.2_csg    0000000002C5FEF5  Unknown               Unknown  Unknown
smeagol-1.2_csg    0000000000EF7CC3  Unknown               Unknown  Unknown
smeagol-1.2_csg    0000000000BDF0DC  Unknown               Unknown  Unknown
smeagol-1.2_csg    000000000040652E  Unknown               Unknown  Unknown
libc-2.17.so       00002B57DAC75555  __libc_start_main     Unknown  Unknown
smeagol-1.2_csg    0000000000406429  Unknown               Unknown  Unknown
forrtl: severe (29): file not found, unit 12346, file /lustre/scratch/mmm1169/work/cp2k-smeagol-examples/melamine/siesta1-smeagol/au_from-h2/iv-curve/gs_leads-sz-custom_surf-tip-dzp/info.out34
Image              PC                Routine            Line        Source             
smeagol-1.2_csg    0000000002C4151E  Unknown               Unknown  Unknown
smeagol-1.2_csg    0000000002C5FEF5  Unknown               Unknown  Unknown
smeagol-1.2_csg    0000000000EF7CC3  Unknown               Unknown  Unknown
smeagol-1.2_csg    0000000000BDF0DC  Unknown               Unknown  Unknown
smeagol-1.2_csg    000000000040652E  Unknown               Unknown  Unknown
libc-2.17.so       00002B8EE7D20555  __libc_start_main     Unknown  Unknown
smeagol-1.2_csg    0000000000406429  Unknown               Unknown  Unknown
forrtl: No such file or directory
forrtl: severe (29): file not found, unit 12346, file /lustre/scratch/mmm1169/work/cp2k-smeagol-examples/melamine/siesta1-smeagol/au_from-h2/iv-curve/gs_leads-sz-custom_surf-tip-dzp/info.out32
Image              PC                Routine            Line        Source             
smeagol-1.2_csg    0000000002C4151E  Unknown               Unknown  Unknown
smeagol-1.2_csg    0000000002C5FEF5  Unknown               Unknown  Unknown
smeagol-1.2_csg    0000000000EF7CC3  Unknown               Unknown  Unknown
smeagol-1.2_csg    0000000000BDF0DC  Unknown               Unknown  Unknown
smeagol-1.2_csg    000000000040652E  Unknown               Unknown  Unknown
libc-2.17.so       00002AF85EB14555  __libc_start_main     Unknown  Unknown
smeagol-1.2_csg    0000000000406429  Unknown               Unknown  Unknown
forrtl: severe (29): file not found, unit 12346, file /lustre/scratch/mmm1169/work/cp2k-smeagol-examples/melamine/siesta1-smeagol/au_from-h2/iv-curve/gs_leads-sz-custom_surf-tip-dzp/info.out39
Image              PC                Routine            Line        Source             
smeagol-1.2_csg    0000000002C4151E  Unknown               Unknown  Unknown
smeagol-1.2_csg    0000000002C5FEF5  Unknown               Unknown  Unknown
smeagol-1.2_csg    0000000000EF7CC3  Unknown               Unknown  Unknown
smeagol-1.2_csg    0000000000BDF0DC  Unknown               Unknown  Unknown
smeagol-1.2_csg    000000000040652E  Unknown               Unknown  Unknown
libc-2.17.so       00002AE2C80CC555  __libc_start_main     Unknown  Unknown
smeagol-1.2_csg    0000000000406429  Unknown               Unknown  Unknown
forrtl: No such file or directory
forrtl: severe (29): file not found, unit 12346, file /lustre/scratch/mmm1169/work/cp2k-smeagol-examples/melamine/siesta1-smeagol/au_from-h2/iv-curve/gs_leads-sz-custom_surf-tip-dzp/info.out31
Image              PC                Routine            Line        Source             
smeagol-1.2_csg    0000000002C4151E  Unknown               Unknown  Unknown
smeagol-1.2_csg    0000000002C5FEF5  Unknown               Unknown  Unknown
smeagol-1.2_csg    0000000000EF7CC3  Unknown               Unknown  Unknown
smeagol-1.2_csg    0000000000BDF0DC  Unknown               Unknown  Unknown
smeagol-1.2_csg    000000000040652E  Unknown               Unknown  Unknown
libc-2.17.so       00002B6B598C9555  __libc_start_main     Unknown  Unknown
smeagol-1.2_csg    0000000000406429  Unknown               Unknown  Unknown
forrtl: severe (29): file not found, unit 12346, file /lustre/scratch/mmm1169/work/cp2k-smeagol-examples/melamine/siesta1-smeagol/au_from-h2/iv-curve/gs_leads-sz-custom_surf-tip-dzp/info.out43
Image              PC                Routine            Line        Source             
smeagol-1.2_csg    0000000002C4151E  Unknown               Unknown  Unknown
smeagol-1.2_csg    0000000002C5FEF5  Unknown               Unknown  Unknown
smeagol-1.2_csg    0000000000EF7CC3  Unknown               Unknown  Unknown
smeagol-1.2_csg    0000000000BDF0DC  Unknown               Unknown  Unknown
smeagol-1.2_csg    000000000040652E  Unknown               Unknown  Unknown
libc-2.17.so       00002B354E84A555  __libc_start_main     Unknown  Unknown
smeagol-1.2_csg    0000000000406429  Unknown               Unknown  Unknown
forrtl: severe (29): file not found, unit 12346, file /lustre/scratch/mmm1169/work/cp2k-smeagol-examples/melamine/siesta1-smeagol/au_from-h2/iv-curve/gs_leads-sz-custom_surf-tip-dzp/info.out33
Image              PC                Routine            Line        Source             
smeagol-1.2_csg    0000000002C4151E  Unknown               Unknown  Unknown
smeagol-1.2_csg    0000000002C5FEF5  Unknown               Unknown  Unknown
smeagol-1.2_csg    0000000000EF7CC3  Unknown               Unknown  Unknown
smeagol-1.2_csg    0000000000BDF0DC  Unknown               Unknown  Unknown
smeagol-1.2_csg    000000000040652E  Unknown               Unknown  Unknown
libc-2.17.so       00002B4557DDD555  __libc_start_main     Unknown  Unknown
smeagol-1.2_csg    0000000000406429  Unknown               Unknown  Unknown
forrtl: No such file or directory
forrtl: severe (29): file not found, unit 12346, file /lustre/scratch/mmm1169/work/cp2k-smeagol-examples/melamine/siesta1-smeagol/au_from-h2/iv-curve/gs_leads-sz-custom_surf-tip-dzp/info.out42
Image              PC                Routine            Line        Source             
smeagol-1.2_csg    0000000002C4151E  Unknown               Unknown  Unknown
smeagol-1.2_csg    0000000002C5FEF5  Unknown               Unknown  Unknown
smeagol-1.2_csg    0000000000EF7CC3  Unknown               Unknown  Unknown
smeagol-1.2_csg    0000000000BDF0DC  Unknown               Unknown  Unknown
smeagol-1.2_csg    000000000040652E  Unknown               Unknown  Unknown
libc-2.17.so       00002B6C55426555  __libc_start_main     Unknown  Unknown
smeagol-1.2_csg    0000000000406429  Unknown               Unknown  Unknown
forrtl: No such file or directory
forrtl: severe (29): file not found, unit 12346, file /lustre/scratch/mmm1169/work/cp2k-smeagol-examples/melamine/siesta1-smeagol/au_from-h2/iv-curve/gs_leads-sz-custom_surf-tip-dzp/info.out30
Image              PC                Routine            Line        Source             
smeagol-1.2_csg    0000000002C4151E  Unknown               Unknown  Unknown
smeagol-1.2_csg    0000000002C5FEF5  Unknown               Unknown  Unknown
smeagol-1.2_csg    0000000000EF7CC3  Unknown               Unknown  Unknown
smeagol-1.2_csg    0000000000BDF0DC  Unknown               Unknown  Unknown
smeagol-1.2_csg    000000000040652E  Unknown               Unknown  Unknown
libc-2.17.so       00002AD38E553555  __libc_start_main     Unknown  Unknown
smeagol-1.2_csg    0000000000406429  Unknown               Unknown  Unknown
forrtl: severe (29): file not found, unit 12346, file /lustre/scratch/mmm1169/work/cp2k-smeagol-examples/melamine/siesta1-smeagol/au_from-h2/iv-curve/gs_leads-sz-custom_surf-tip-dzp/info.out1
Image              PC                Routine            Line        Source             
smeagol-1.2_csg    0000000002C4151E  Unknown               Unknown  Unknown
smeagol-1.2_csg    0000000002C5FEF5  Unknown               Unknown  Unknown
smeagol-1.2_csg    0000000000EF7CC3  Unknown               Unknown  Unknown
smeagol-1.2_csg    0000000000BDF0DC  Unknown               Unknown  Unknown
smeagol-1.2_csg    000000000040652E  Unknown               Unknown  Unknown
libc-2.17.so       00002ABC44F3C555  __libc_start_main     Unknown  Unknown
smeagol-1.2_csg    0000000000406429  Unknown               Unknown  Unknown
forrtl: severe (29): file not found, unit 12346, file /lustre/scratch/mmm1169/work/cp2k-smeagol-examples/melamine/siesta1-smeagol/au_from-h2/iv-curve/gs_leads-sz-custom_surf-tip-dzp/info.out4
Image              PC                Routine            Line        Source             
smeagol-1.2_csg    0000000002C4151E  Unknown               Unknown  Unknown
smeagol-1.2_csg    0000000002C5FEF5  Unknown               Unknown  Unknown
smeagol-1.2_csg    0000000000EF7CC3  Unknown               Unknown  Unknown
smeagol-1.2_csg    0000000000BDF0DC  Unknown               Unknown  Unknown
smeagol-1.2_csg    000000000040652E  Unknown               Unknown  Unknown
libc-2.17.so       00002B9428678555  __libc_start_main     Unknown  Unknown
smeagol-1.2_csg    0000000000406429  Unknown               Unknown  Unknown
forrtl: severe (29): file not found, unit 12346, file /lustre/scratch/mmm1169/work/cp2k-smeagol-examples/melamine/siesta1-smeagol/au_from-h2/iv-curve/gs_leads-sz-custom_surf-tip-dzp/info.out8
Image              PC                Routine            Line        Source             
smeagol-1.2_csg    0000000002C4151E  Unknown               Unknown  Unknown
smeagol-1.2_csg    0000000002C5FEF5  Unknown               Unknown  Unknown
smeagol-1.2_csg    0000000000EF7CC3  Unknown               Unknown  Unknown
smeagol-1.2_csg    0000000000BDF0DC  Unknown               Unknown  Unknown
smeagol-1.2_csg    000000000040652E  Unknown               Unknown  Unknown
libc-2.17.so       00002B313CB1C555  __libc_start_main     Unknown  Unknown
smeagol-1.2_csg    0000000000406429  Unknown               Unknown  Unknown
forrtl: severe (29): file not found, unit 12346, file /lustre/scratch/mmm1169/work/cp2k-smeagol-examples/melamine/siesta1-smeagol/au_from-h2/iv-curve/gs_leads-sz-custom_surf-tip-dzp/info.out7
Image              PC                Routine            Line        Source             
smeagol-1.2_csg    0000000002C4151E  Unknown               Unknown  Unknown
smeagol-1.2_csg    0000000002C5FEF5  Unknown               Unknown  Unknown
smeagol-1.2_csg    0000000000EF7CC3  Unknown               Unknown  Unknown
smeagol-1.2_csg    0000000000BDF0DC  Unknown               Unknown  Unknown
smeagol-1.2_csg    000000000040652E  Unknown               Unknown  Unknown
libc-2.17.so       00002B8BD60EE555  __libc_start_main     Unknown  Unknown
smeagol-1.2_csg    0000000000406429  Unknown               Unknown  Unknown
forrtl: severe (29): file not found, unit 12346, file /lustre/scratch/mmm1169/work/cp2k-smeagol-examples/melamine/siesta1-smeagol/au_from-h2/iv-curve/gs_leads-sz-custom_surf-tip-dzp/info.out6
Image              PC                Routine            Line        Source             
smeagol-1.2_csg    0000000002C4151E  Unknown               Unknown  Unknown
smeagol-1.2_csg    0000000002C5FEF5  Unknown               Unknown  Unknown
smeagol-1.2_csg    0000000000EF7CC3  Unknown               Unknown  Unknown
smeagol-1.2_csg    0000000000BDF0DC  Unknown               Unknown  Unknown
smeagol-1.2_csg    000000000040652E  Unknown               Unknown  Unknown
libc-2.17.so       00002B5F33A07555  __libc_start_main     Unknown  Unknown
smeagol-1.2_csg    0000000000406429  Unknown               Unknown  Unknown
forrtl: severe (29): file not found, unit 12346, file /lustre/scratch/mmm1169/work/cp2k-smeagol-examples/melamine/siesta1-smeagol/au_from-h2/iv-curve/gs_leads-sz-custom_surf-tip-dzp/info.out5
Image              PC                Routine            Line        Source             
smeagol-1.2_csg    0000000002C4151E  Unknown               Unknown  Unknown
smeagol-1.2_csg    0000000002C5FEF5  Unknown               Unknown  Unknown
smeagol-1.2_csg    0000000000EF7CC3  Unknown               Unknown  Unknown
smeagol-1.2_csg    0000000000BDF0DC  Unknown               Unknown  Unknown
smeagol-1.2_csg    000000000040652E  Unknown               Unknown  Unknown
libc-2.17.so       00002B52B25D1555  __libc_start_main     Unknown  Unknown
smeagol-1.2_csg    0000000000406429  Unknown               Unknown  Unknown
