 iscf   Eharris(eV)      E_KS(eV)   FreeEng(eV)    dHmax    dDmax   Ef(eV)
    1      -31.4395      -26.6859      -26.6859   0.54515   0.00000  0.09508
    2      -31.3369      -31.3262      -31.3262   0.01481   0.00000 -4.76448
    3      -31.3367      -31.2804      -31.2804   0.01895   0.00000 -4.78297
    4      -31.3359      -31.3355      -31.3355   0.00059   0.00000 -4.89617
    5      -31.3359      -31.3352      -31.3352   0.00006   0.00000 -4.90157
    6      -31.3359      -31.3352      -31.3352   0.00006   0.00000 -4.90155
    7      -31.3359      -31.3353      -31.3353   0.00005   0.00000 -4.90154
    8      -31.3359      -31.3353      -31.3353   0.00005   0.00000 -4.90152
    9      -31.3359      -31.3353      -31.3353   0.00005   0.00000 -4.90150
   10      -31.3359      -31.3353      -31.3353   0.00005   0.00000 -4.90149
   11      -31.3359      -31.3353      -31.3353   0.00005   0.00000 -4.90147
   12      -31.3359      -31.3353      -31.3353   0.00005   0.00000 -4.90146
   13      -31.3359      -31.3353      -31.3353   0.00005   0.00000 -4.90144
   14      -31.3359      -31.3354      -31.3354   0.00005   0.00000 -4.90143
   15      -31.3359      -31.3354      -31.3354   0.00005   0.00000 -4.90142
   16      -31.3359      -31.3354      -31.3354   0.00004   0.00000 -4.90140
   17      -31.3359      -31.3354      -31.3354   0.00004   0.00000 -4.90139
   18      -31.3359      -31.3354      -31.3354   0.00004   0.00000 -4.90138
   19      -31.3359      -31.3354      -31.3354   0.00004   0.00000 -4.90137
   20      -31.3359      -31.3354      -31.3354   0.00004   0.00000 -4.90135
   21      -31.3359      -31.3354      -31.3354   0.00004   0.00000 -4.90134
   22      -31.3359      -31.3354      -31.3354   0.00004   0.00000 -4.90133
   23      -31.3359      -31.3355      -31.3355   0.00004   0.00000 -4.90132
   24      -31.3359      -31.3355      -31.3355   0.00004   0.00000 -4.90131
   25      -31.3359      -31.3355      -31.3355   0.00004   0.00000 -4.90130
   26      -31.3359      -31.3355      -31.3355   0.00004   0.00000 -4.90129
   27      -31.3359      -31.3355      -31.3355   0.00004   0.00000 -4.90128
   28      -31.3359      -31.3355      -31.3355   0.00003   0.00000 -4.90127
   29      -31.3359      -31.3355      -31.3355   0.00003   0.00000 -4.90126
   30      -31.3359      -31.3355      -31.3355   0.00003   0.00000 -4.90125
   31      -31.3359      -31.3355      -31.3355   0.00003   0.00000 -4.90124
   32      -31.3359      -31.3355      -31.3355   0.00003   0.00000 -4.90123
   33      -31.3359      -31.3355      -31.3355   0.00003   0.00000 -4.90122
   34      -31.3359      -31.3356      -31.3356   0.00003   0.00000 -4.90121
   35      -31.3359      -31.3356      -31.3356   0.00003   0.00000 -4.90120
   36      -31.3359      -31.3356      -31.3356   0.00003   0.00000 -4.90119
   37      -31.3359      -31.3356      -31.3356   0.00003   0.00000 -4.90118
   38      -31.3359      -31.3356      -31.3356   0.00003   0.00000 -4.90117
   39      -31.3359      -31.3356      -31.3356   0.00003   0.00000 -4.90117
   40      -31.3359      -31.3356      -31.3356   0.00003   0.00000 -4.90116
   41      -31.3359      -31.3356      -31.3356   0.00003   0.00000 -4.90115
   42      -31.3359      -31.3356      -31.3356   0.00003   0.00000 -4.90114
   43      -31.3359      -31.3356      -31.3356   0.00002   0.00000 -4.90114
   44      -31.3359      -31.3356      -31.3356   0.00002   0.00000 -4.90113
   45      -31.3359      -31.3356      -31.3356   0.00002   0.00000 -4.90112
   46      -31.3359      -31.3356      -31.3356   0.00002   0.00000 -4.90112
   47      -31.3359      -31.3356      -31.3356   0.00002   0.00000 -4.90111
   48      -31.3359      -31.3356      -31.3356   0.00002   0.00000 -4.90110
   49      -31.3359      -31.3357      -31.3357   0.00002   0.00000 -4.90110
   50      -31.3359      -31.3357      -31.3357   0.00002   0.00000 -4.90109
   51      -31.3359      -31.3357      -31.3357   0.00002   0.00000 -4.90108
   52      -31.3359      -31.3357      -31.3357   0.00002   0.00000 -4.90108
   53      -31.3359      -31.3357      -31.3357   0.00002   0.00000 -4.90107
   54      -31.3359      -31.3357      -31.3357   0.00002   0.00000 -4.90107
