
  GRID BASED BADER ANALYSIS  (Version 0.28a 07/12/12)

  OPEN ... mx.RHO.cube         
  GAUSSIAN-STYLE INPUT FILE
  FFT-grid:   160 x 160 x 720
  CLOSE ... mx.RHO.cube         

  RUN TIME:    9.12 SECONDS

  CALCULATING BADER CHARGE DISTRIBUTION
                 0  10  25  50  75  100
  PERCENT DONE:  ********************** 

  REFINING AUTOMATICALLY
  ITERATION: 1
  EDGE POINTS:       7231683
  REASSIGNED POINTS:  792312
  ITERATION: 2
  CHECKED POINTS:    6217582
  REASSIGNED POINTS:   17600
  ITERATION: 3
  CHECKED POINTS:     181432
  REASSIGNED POINTS:    4945
  ITERATION: 4
  CHECKED POINTS:      40244
  REASSIGNED POINTS:    2482
  ITERATION: 5
  CHECKED POINTS:      15825
  REASSIGNED POINTS:     971
  ITERATION: 6
  CHECKED POINTS:       7804
  REASSIGNED POINTS:     453
  ITERATION: 7
  CHECKED POINTS:       4282
  REASSIGNED POINTS:     347
  ITERATION: 8
  CHECKED POINTS:       3110
  REASSIGNED POINTS:     304
  ITERATION: 9
  CHECKED POINTS:       2708
  REASSIGNED POINTS:     200
  ITERATION:10
  CHECKED POINTS:       2090
  REASSIGNED POINTS:     129
  ITERATION:11
  CHECKED POINTS:       1541
  REASSIGNED POINTS:      74
  ITERATION:12
  CHECKED POINTS:       1031
  REASSIGNED POINTS:      74
  ITERATION:13
  CHECKED POINTS:        903
  REASSIGNED POINTS:      65
  ITERATION:14
  CHECKED POINTS:        895
  REASSIGNED POINTS:      58
  ITERATION:15
  CHECKED POINTS:        783
  REASSIGNED POINTS:      57
  ITERATION:16
  CHECKED POINTS:        730
  REASSIGNED POINTS:      50
  ITERATION:17
  CHECKED POINTS:        655
  REASSIGNED POINTS:      63
  ITERATION:18
  CHECKED POINTS:        734
  REASSIGNED POINTS:      47
  ITERATION:19
  CHECKED POINTS:        585
  REASSIGNED POINTS:      35
  ITERATION:20
  CHECKED POINTS:        476
  REASSIGNED POINTS:      45
  ITERATION:21
  CHECKED POINTS:        528
  REASSIGNED POINTS:      40
  ITERATION:22
  CHECKED POINTS:        468
  REASSIGNED POINTS:      33
  ITERATION:23
  CHECKED POINTS:        378
  REASSIGNED POINTS:      22
  ITERATION:24
  CHECKED POINTS:        271
  REASSIGNED POINTS:      17
  ITERATION:25
  CHECKED POINTS:        208
  REASSIGNED POINTS:      17
  ITERATION:26
  CHECKED POINTS:        206
  REASSIGNED POINTS:      11
  ITERATION:27
  CHECKED POINTS:        150
  REASSIGNED POINTS:       9
  ITERATION:28
  CHECKED POINTS:        126
  REASSIGNED POINTS:      11
  ITERATION:29
  CHECKED POINTS:        138
  REASSIGNED POINTS:       8
  ITERATION:30
  CHECKED POINTS:        106
  REASSIGNED POINTS:      10
  ITERATION:31
  CHECKED POINTS:        109
  REASSIGNED POINTS:       7
  ITERATION:32
  CHECKED POINTS:         83
  REASSIGNED POINTS:       6
  ITERATION:33
  CHECKED POINTS:         69
  REASSIGNED POINTS:       1
  ITERATION:34
  CHECKED POINTS:         26
  REASSIGNED POINTS:       1
  ITERATION:35
  CHECKED POINTS:         26
  REASSIGNED POINTS:       0

  RUN TIME:     571.07 SECONDS

  CALCULATING MINIMUM DISTANCES TO ATOMS
                 0  10  25  50  75  100
  PERCENT DONE:  **********************

  RUN TIME:   14.30 SECONDS

  WRITING BADER ATOMIC CHARGES TO ACF.dat
  WRITING BADER VOLUME CHARGES TO BCF.dat

  NUMBER OF BADER MAXIMA FOUND:        2721636
      SIGNIFICANT MAXIMA FOUND:           2345
           NUMBER OF ELECTRONS:     1222.99042
 
