cpu-bind=MASK - cn1151, task  0  0 [10526]: mask 0xffffffffffffffff set
--------------------------------------------------------------------------
Open MPI failed an OFI Libfabric library call (fi_domain).  This is highly
unusual; your job may behave unpredictably (and/or abort) after this.

  Local host: cn1151
  Location: mtl_ofi_component.c:928
  Error: No data available (61)
--------------------------------------------------------------------------
[cn1151.scarf.rl.ac.uk:11236] 119 more processes have sent help message help-mtl-ofi.txt / OFI call fail
[cn1151.scarf.rl.ac.uk:11236] Set MCA parameter "orte_base_help_aggregate" to 0 to see all help / error messages
--------------------------------------------------------------------------
Open MPI failed an OFI Libfabric library call (fi_domain).  This is highly
unusual; your job may behave unpredictably (and/or abort) after this.

  Local host: cn1153
  Location: mtl_ofi_component.c:928
  Error: No data available (61)
--------------------------------------------------------------------------
[cn1151.scarf.rl.ac.uk:14022] 119 more processes have sent help message help-mtl-ofi.txt / OFI call fail
[cn1151.scarf.rl.ac.uk:14022] Set MCA parameter "orte_base_help_aggregate" to 0 to see all help / error messages
[1679707130.022764] [cn1151:14420:0]          mpool.c:43   UCX  WARN  object 0xe0d1740 was not returned to mpool ucp_requests
[1679707130.022749] [cn1151:14424:0]          mpool.c:43   UCX  WARN  object 0xe03f100 was not returned to mpool ucp_requests
[1679707130.022746] [cn1151:14427:0]          mpool.c:43   UCX  WARN  object 0xe52d400 was not returned to mpool ucp_requests
[1679707130.022745] [cn1151:14416:0]          mpool.c:43   UCX  WARN  object 0xdb8cf40 was not returned to mpool ucp_requests
[1679707130.022983] [cn1151:14393:0]          mpool.c:43   UCX  WARN  object 0x5642700 was not returned to mpool ucp_requests
[1679707130.022982] [cn1151:14396:0]          mpool.c:43   UCX  WARN  object 0xdb69180 was not returned to mpool ucp_requests
[1679707130.022984] [cn1151:14404:0]          mpool.c:43   UCX  WARN  object 0xdb81880 was not returned to mpool ucp_requests
[1679707130.022984] [cn1151:14405:0]          mpool.c:43   UCX  WARN  object 0x68c1680 was not returned to mpool ucp_requests
[1679707130.022990] [cn1151:14411:0]          mpool.c:43   UCX  WARN  object 0xfa9f6c0 was not returned to mpool ucp_requests
[1679707130.023010] [cn1151:14411:0]          mpool.c:43   UCX  WARN  object 0xfa9f880 was not returned to mpool ucp_requests
[1679707130.023016] [cn1151:14408:0]          mpool.c:43   UCX  WARN  object 0xf597e00 was not returned to mpool ucp_requests
[1679707130.023013] [cn1151:14415:0]          mpool.c:43   UCX  WARN  object 0x54b65c0 was not returned to mpool ucp_requests
[1679707130.023038] [cn1151:14375:0]          mpool.c:43   UCX  WARN  object 0xfe71880 was not returned to mpool ucp_requests
[1679707130.023040] [cn1151:14379:0]          mpool.c:43   UCX  WARN  object 0xf03eb00 was not returned to mpool ucp_requests
[1679707130.023027] [cn1151:14382:0]          mpool.c:43   UCX  WARN  object 0xde6e340 was not returned to mpool ucp_requests
[1679707130.023053] [cn1151:14389:0]          mpool.c:43   UCX  WARN  object 0xef24d00 was not returned to mpool ucp_requests
[1679707130.023037] [cn1151:14392:0]          mpool.c:43   UCX  WARN  object 0xe44a780 was not returned to mpool ucp_requests
[1679707130.023044] [cn1151:14400:0]          mpool.c:43   UCX  WARN  object 0xe6cb140 was not returned to mpool ucp_requests
[1679707130.023106] [cn1151:14386:0]          mpool.c:43   UCX  WARN  object 0xdab7a80 was not returned to mpool ucp_requests
-5.4590543354E+000
--------------------------------------------------------------------------
Open MPI failed an OFI Libfabric library call (fi_domain).  This is highly
unusual; your job may behave unpredictably (and/or abort) after this.

  Local host: cn1151
  Location: mtl_ofi_component.c:928
  Error: No data available (61)
--------------------------------------------------------------------------
[cn1151.scarf.rl.ac.uk:15353] 119 more processes have sent help message help-mtl-ofi.txt / OFI call fail
[cn1151.scarf.rl.ac.uk:15353] Set MCA parameter "orte_base_help_aggregate" to 0 to see all help / error messages
[1679708547.355836] [cn1151:15440:0]          mpool.c:43   UCX  WARN  object 0x5d6dbc0 was not returned to mpool ucp_requests
[1679708547.356157] [cn1151:15391:0]          mpool.c:43   UCX  WARN  object 0x5426780 was not returned to mpool ucp_requests
[1679708547.356174] [cn1151:15395:0]          mpool.c:43   UCX  WARN  object 0x6ae8040 was not returned to mpool ucp_requests
[1679708547.356204] [cn1151:15397:0]          mpool.c:43   UCX  WARN  object 0x5132f00 was not returned to mpool ucp_requests
[1679708547.356242] [cn1151:15400:0]          mpool.c:43   UCX  WARN  object 0x63c0cc0 was not returned to mpool ucp_requests
[1679708547.356149] [cn1151:15404:0]          mpool.c:43   UCX  WARN  object 0x69caac0 was not returned to mpool ucp_requests
[1679708547.356125] [cn1151:15406:0]          mpool.c:43   UCX  WARN  object 0x5ce5fc0 was not returned to mpool ucp_requests
[1679708547.356118] [cn1151:15409:0]          mpool.c:43   UCX  WARN  object 0x634bb80 was not returned to mpool ucp_requests
[1679708547.356123] [cn1151:15413:0]          mpool.c:43   UCX  WARN  object 0x6a4d440 was not returned to mpool ucp_requests
[1679708547.356070] [cn1151:15416:0]          mpool.c:43   UCX  WARN  object 0x55e6740 was not returned to mpool ucp_requests
[1679708547.356041] [cn1151:15418:0]          mpool.c:43   UCX  WARN  object 0x54c34c0 was not returned to mpool ucp_requests
[1679708547.356086] [cn1151:15421:0]          mpool.c:43   UCX  WARN  object 0x5842b80 was not returned to mpool ucp_requests
[1679708547.356165] [cn1151:15425:0]          mpool.c:43   UCX  WARN  object 0x68b18c0 was not returned to mpool ucp_requests
[1679708547.356091] [cn1151:15427:0]          mpool.c:43   UCX  WARN  object 0x580ef00 was not returned to mpool ucp_requests
[1679708547.356108] [cn1151:15427:0]          mpool.c:43   UCX  WARN  object 0x5814140 was not returned to mpool ucp_requests
[1679708547.356104] [cn1151:15429:0]          mpool.c:43   UCX  WARN  object 0x5943080 was not returned to mpool ucp_requests
[1679708547.356066] [cn1151:15432:0]          mpool.c:43   UCX  WARN  object 0x578a300 was not returned to mpool ucp_requests
[1679708547.356014] [cn1151:15433:0]          mpool.c:43   UCX  WARN  object 0x69d6380 was not returned to mpool ucp_requests
[1679708547.355955] [cn1151:15436:0]          mpool.c:43   UCX  WARN  object 0x55e6c40 was not returned to mpool ucp_requests
-5.4590543354E+000
--------------------------------------------------------------------------
Open MPI failed an OFI Libfabric library call (fi_domain).  This is highly
unusual; your job may behave unpredictably (and/or abort) after this.

  Local host: cn1154
  Location: mtl_ofi_component.c:928
  Error: No data available (61)
--------------------------------------------------------------------------
[cn1151.scarf.rl.ac.uk:19136] 119 more processes have sent help message help-mtl-ofi.txt / OFI call fail
[cn1151.scarf.rl.ac.uk:19136] Set MCA parameter "orte_base_help_aggregate" to 0 to see all help / error messages
[1679714577.956659] [cn1151:19228:0]          mpool.c:43   UCX  WARN  object 0x527dc40 was not returned to mpool ucp_requests
[1679714577.956689] [cn1151:19218:0]          mpool.c:43   UCX  WARN  object 0x53c2e40 was not returned to mpool ucp_requests
[1679714577.957045] [cn1151:19177:0]          mpool.c:43   UCX  WARN  object 0x5df0d00 was not returned to mpool ucp_requests
[1679714577.956997] [cn1151:19180:0]          mpool.c:43   UCX  WARN  object 0x5f78840 was not returned to mpool ucp_requests
[1679714577.956990] [cn1151:19182:0]          mpool.c:43   UCX  WARN  object 0x6dc8c00 was not returned to mpool ucp_requests
[1679714577.956958] [cn1151:19185:0]          mpool.c:43   UCX  WARN  object 0x6383700 was not returned to mpool ucp_requests
[1679714577.956979] [cn1151:19188:0]          mpool.c:43   UCX  WARN  object 0x68a6540 was not returned to mpool ucp_requests
[1679714577.956943] [cn1151:19191:0]          mpool.c:43   UCX  WARN  object 0x5545e00 was not returned to mpool ucp_requests
[1679714577.956978] [cn1151:19193:0]          mpool.c:43   UCX  WARN  object 0x4e34900 was not returned to mpool ucp_requests
[1679714577.957015] [cn1151:19196:0]          mpool.c:43   UCX  WARN  object 0x64525c0 was not returned to mpool ucp_requests
[1679714577.957009] [cn1151:19202:0]          mpool.c:43   UCX  WARN  object 0x5b03000 was not returned to mpool ucp_requests
[1679714577.956984] [cn1151:19211:0]          mpool.c:43   UCX  WARN  object 0x6abd800 was not returned to mpool ucp_requests
[1679714577.957002] [cn1151:19211:0]          mpool.c:43   UCX  WARN  object 0x6ac03c0 was not returned to mpool ucp_requests
[1679714577.956898] [cn1151:19214:0]          mpool.c:43   UCX  WARN  object 0x67a5480 was not returned to mpool ucp_requests
[1679714577.956807] [cn1151:19217:0]          mpool.c:43   UCX  WARN  object 0x5f41c00 was not returned to mpool ucp_requests
[1679714577.956766] [cn1151:19223:0]          mpool.c:43   UCX  WARN  object 0x66b6b00 was not returned to mpool ucp_requests
[1679714577.957087] [cn1151:19205:0]          mpool.c:43   UCX  WARN  object 0x5334d80 was not returned to mpool ucp_requests
[1679714577.957083] [cn1151:19207:0]          mpool.c:43   UCX  WARN  object 0x697e640 was not returned to mpool ucp_requests
[1679714577.958387] [cn1151:19200:0]          mpool.c:43   UCX  WARN  object 0x57f7d40 was not returned to mpool ucp_requests
