cpu-bind=MASK - cn1029, task  0  0 [62126]: mask 0xffffffffffffffff set
--------------------------------------------------------------------------
Open MPI failed an OFI Libfabric library call (fi_domain).  This is highly
unusual; your job may behave unpredictably (and/or abort) after this.

  Local host: cn1031
  Location: mtl_ofi_component.c:928
  Error: No data available (61)
--------------------------------------------------------------------------
[cn1029.scarf.rl.ac.uk:63130] 119 more processes have sent help message help-mtl-ofi.txt / OFI call fail
[cn1029.scarf.rl.ac.uk:63130] Set MCA parameter "orte_base_help_aggregate" to 0 to see all help / error messages
--------------------------------------------------------------------------
Open MPI failed an OFI Libfabric library call (fi_domain).  This is highly
unusual; your job may behave unpredictably (and/or abort) after this.

  Local host: cn1031
  Location: mtl_ofi_component.c:928
  Error: No data available (61)
--------------------------------------------------------------------------
[cn1029.scarf.rl.ac.uk:64052] 119 more processes have sent help message help-mtl-ofi.txt / OFI call fail
[cn1029.scarf.rl.ac.uk:64052] Set MCA parameter "orte_base_help_aggregate" to 0 to see all help / error messages
[1679496509.205174] [cn1029:64137:0]          mpool.c:43   UCX  WARN  object 0x6982bc0 was not returned to mpool ucp_requests
[1679496509.205229] [cn1029:64134:0]          mpool.c:43   UCX  WARN  object 0x5db39c0 was not returned to mpool ucp_requests
[1679496509.205301] [cn1029:64106:0]          mpool.c:43   UCX  WARN  object 0x6616fc0 was not returned to mpool ucp_requests
[1679496509.205323] [cn1029:64139:0]          mpool.c:43   UCX  WARN  object 0x57a6f00 was not returned to mpool ucp_requests
[1679496509.205343] [cn1029:64141:0]          mpool.c:43   UCX  WARN  object 0xde7a0c0 was not returned to mpool ucp_requests
[1679496509.205340] [cn1029:64117:0]          mpool.c:43   UCX  WARN  object 0x55197c0 was not returned to mpool ucp_requests
[1679496509.205352] [cn1029:64121:0]          mpool.c:43   UCX  WARN  object 0x567a180 was not returned to mpool ucp_requests
[1679496509.205377] [cn1029:64122:0]          mpool.c:43   UCX  WARN  object 0xd1ef840 was not returned to mpool ucp_requests
[1679496509.205386] [cn1029:64125:0]          mpool.c:43   UCX  WARN  object 0xd88dfc0 was not returned to mpool ucp_requests
[1679496509.205404] [cn1029:64125:0]          mpool.c:43   UCX  WARN  object 0x5a156c0 was not returned to mpool ucp_requests
[1679496509.205357] [cn1029:64109:0]          mpool.c:43   UCX  WARN  object 0x56eb480 was not returned to mpool ucp_requests
[1679496509.205365] [cn1029:64112:0]          mpool.c:43   UCX  WARN  object 0x6cec8c0 was not returned to mpool ucp_requests
[1679496509.205390] [cn1029:64114:0]          mpool.c:43   UCX  WARN  object 0x50c4480 was not returned to mpool ucp_requests
[1679496509.205407] [cn1029:64128:0]          mpool.c:43   UCX  WARN  object 0x5e3d6c0 was not returned to mpool ucp_requests
[1679496509.205422] [cn1029:64104:0]          mpool.c:43   UCX  WARN  object 0x557cdc0 was not returned to mpool ucp_requests
[1679496509.205443] [cn1029:64091:0]          mpool.c:43   UCX  WARN  object 0x6132240 was not returned to mpool ucp_requests
[1679496509.205447] [cn1029:64093:0]          mpool.c:43   UCX  WARN  object 0x5002940 was not returned to mpool ucp_requests
[1679496509.205549] [cn1029:64097:0]          mpool.c:43   UCX  WARN  object 0x64512c0 was not returned to mpool ucp_requests
[1679496509.205729] [cn1029:64101:0]          mpool.c:43   UCX  WARN  object 0x683f380 was not returned to mpool ucp_requests
-5.4589950579E+000
--------------------------------------------------------------------------
Open MPI failed an OFI Libfabric library call (fi_domain).  This is highly
unusual; your job may behave unpredictably (and/or abort) after this.

  Local host: cn1031
  Location: mtl_ofi_component.c:928
  Error: No data available (61)
--------------------------------------------------------------------------
[cn1029.scarf.rl.ac.uk:65521] 119 more processes have sent help message help-mtl-ofi.txt / OFI call fail
[cn1029.scarf.rl.ac.uk:65521] Set MCA parameter "orte_base_help_aggregate" to 0 to see all help / error messages
[1679496788.433475] [cn1029:388  :0]          mpool.c:43   UCX  WARN  object 0x5593800 was not returned to mpool ucp_requests
[1679496788.433475] [cn1029:393  :0]          mpool.c:43   UCX  WARN  object 0x53ac400 was not returned to mpool ucp_requests
[1679496788.433504] [cn1029:384  :0]          mpool.c:43   UCX  WARN  object 0x6433840 was not returned to mpool ucp_requests
[1679496788.433532] [cn1029:390  :0]          mpool.c:43   UCX  WARN  object 0x586fac0 was not returned to mpool ucp_requests
[1679496788.433650] [cn1029:372  :0]          mpool.c:43   UCX  WARN  object 0x5d98140 was not returned to mpool ucp_requests
[1679496788.433622] [cn1029:380  :0]          mpool.c:43   UCX  WARN  object 0x6608600 was not returned to mpool ucp_requests
[1679496788.433640] [cn1029:381  :0]          mpool.c:43   UCX  WARN  object 0x6d47a00 was not returned to mpool ucp_requests
[1679496788.433636] [cn1029:397  :0]          mpool.c:43   UCX  WARN  object 0x5a02bc0 was not returned to mpool ucp_requests
[1679496788.433635] [cn1029:399  :0]          mpool.c:43   UCX  WARN  object 0x6c8e240 was not returned to mpool ucp_requests
[1679496788.433633] [cn1029:401  :0]          mpool.c:43   UCX  WARN  object 0x6355300 was not returned to mpool ucp_requests
[1679496788.433631] [cn1029:403  :0]          mpool.c:43   UCX  WARN  object 0x6125400 was not returned to mpool ucp_requests
[1679496788.433651] [cn1029:408  :0]          mpool.c:43   UCX  WARN  object 0x582f9c0 was not returned to mpool ucp_requests
[1679496788.433679] [cn1029:408  :0]          mpool.c:43   UCX  WARN  object 0x582ff00 was not returned to mpool ucp_requests
[1679496788.433639] [cn1029:411  :0]          mpool.c:43   UCX  WARN  object 0x657ef80 was not returned to mpool ucp_requests
[1679496788.433618] [cn1029:414  :0]          mpool.c:43   UCX  WARN  object 0x58d7000 was not returned to mpool ucp_requests
[1679496788.433617] [cn1029:416  :0]          mpool.c:43   UCX  WARN  object 0x6d4b9c0 was not returned to mpool ucp_requests
[1679496788.433680] [cn1029:375  :0]          mpool.c:43   UCX  WARN  object 0x687bf00 was not returned to mpool ucp_requests
[1679496788.436300] [cn1029:420  :0]          mpool.c:43   UCX  WARN  object 0x66cb100 was not returned to mpool ucp_requests
[1679496788.436533] [cn1029:422  :0]          mpool.c:43   UCX  WARN  object 0x5b74340 was not returned to mpool ucp_requests
-5.4589950579E+000
--------------------------------------------------------------------------
Open MPI failed an OFI Libfabric library call (fi_domain).  This is highly
unusual; your job may behave unpredictably (and/or abort) after this.

  Local host: cn1029
  Location: mtl_ofi_component.c:928
  Error: No data available (61)
--------------------------------------------------------------------------
[cn1029.scarf.rl.ac.uk:01508] 119 more processes have sent help message help-mtl-ofi.txt / OFI call fail
[cn1029.scarf.rl.ac.uk:01508] Set MCA parameter "orte_base_help_aggregate" to 0 to see all help / error messages
[1679497796.295950] [cn1029:1576 :0]          mpool.c:43   UCX  WARN  object 0x6906f00 was not returned to mpool ucp_requests
[1679497796.295995] [cn1029:1574 :0]          mpool.c:43   UCX  WARN  object 0x5d9d500 was not returned to mpool ucp_requests
[1679497796.296172] [cn1029:1552 :0]          mpool.c:43   UCX  WARN  object 0x6a8eec0 was not returned to mpool ucp_requests
[1679497796.296165] [cn1029:1555 :0]          mpool.c:43   UCX  WARN  object 0x5e4c440 was not returned to mpool ucp_requests
[1679497796.296179] [cn1029:1558 :0]          mpool.c:43   UCX  WARN  object 0x5631d00 was not returned to mpool ucp_requests
[1679497796.296180] [cn1029:1561 :0]          mpool.c:43   UCX  WARN  object 0x651bd00 was not returned to mpool ucp_requests
[1679497796.296037] [cn1029:1571 :0]          mpool.c:43   UCX  WARN  object 0x53f9dc0 was not returned to mpool ucp_requests
[1679497796.296085] [cn1029:1580 :0]          mpool.c:43   UCX  WARN  object 0x6af3440 was not returned to mpool ucp_requests
[1679497796.296138] [cn1029:1587 :0]          mpool.c:43   UCX  WARN  object 0x5ceb1c0 was not returned to mpool ucp_requests
[1679497796.296112] [cn1029:1589 :0]          mpool.c:43   UCX  WARN  object 0x55acf40 was not returned to mpool ucp_requests
[1679497796.296104] [cn1029:1592 :0]          mpool.c:43   UCX  WARN  object 0x5f20b00 was not returned to mpool ucp_requests
[1679497796.296136] [cn1029:1598 :0]          mpool.c:43   UCX  WARN  object 0x65ba980 was not returned to mpool ucp_requests
[1679497796.296157] [cn1029:1598 :0]          mpool.c:43   UCX  WARN  object 0x65bab40 was not returned to mpool ucp_requests
[1679497796.296144] [cn1029:1601 :0]          mpool.c:43   UCX  WARN  object 0x5d633c0 was not returned to mpool ucp_requests
[1679497796.296130] [cn1029:1604 :0]          mpool.c:43   UCX  WARN  object 0x6b42680 was not returned to mpool ucp_requests
[1679497796.296122] [cn1029:1609 :0]          mpool.c:43   UCX  WARN  object 0x62d8580 was not returned to mpool ucp_requests
[1679497796.296057] [cn1029:1615 :0]          mpool.c:43   UCX  WARN  object 0x5e11480 was not returned to mpool ucp_requests
[1679497796.296057] [cn1029:1619 :0]          mpool.c:43   UCX  WARN  object 0x6c4f700 was not returned to mpool ucp_requests
[1679497796.298869] [cn1029:1584 :0]          mpool.c:43   UCX  WARN  object 0x6c72e00 was not returned to mpool ucp_requests
