 iscf   Eharris(eV)      E_KS(eV)   FreeEng(eV)    dHmax    dDmax   Ef(eV)
    1    96432.0730   144792.6226   144792.6226141.59143169.56082  0.00000
    2    62964.3329    57548.3895    57548.3895122.92130*********  0.00000
    3  7539118.0357  7544918.4077  7544918.4077766.67472*********  0.00000
    4  7850808.4807  7850605.0012  7850605.0012*********247.52718  0.00000
    5  7024744.6782  6991199.3001  6991199.3001******************  0.00000
    6    59080.5802    47534.4771    47534.4771118.37875443.60361  0.00000
    7    89221.8359    98921.4369    98921.4369136.86747*********  0.00000
    8 30072580.0013 30074254.5134 30074254.5134******************  0.00000
    9    80389.3689    80420.5977    80420.5977125.38620279.53470  0.00000
   10   778486.7083   780490.0502   780490.0502511.10627253.64559  0.00000
   11    94253.7406   111626.0141   111626.0141161.92959 93.96615  0.00000
   12    40016.7949    29510.4525    29510.4525 67.63375100.62310  0.00000
   13    52908.5919    50934.9172    50934.9172110.45650197.30744  0.00000
   14   293695.9471   278316.0461   278316.0461359.21782425.63782  0.00000
   15  1368628.9773  1337244.3691  1337244.3691596.00179455.05195  0.00000
   16    23187.9382    33936.3942    33936.3942 44.47056456.90793  0.00000
   17    56591.0129    54866.5927    54866.5927 38.77206339.07641  0.00000
   18    41020.0482    38687.5298    38687.5298 37.93688103.90172  0.00000
   19    31384.3127    33526.7144    33526.7144 47.67536 52.39583  0.00000
   20    51311.3015    34929.8921    34929.8921 43.45262 61.93443  0.00000
   21    47745.3114    36919.7415    36919.7415 55.84549 42.14062  0.00000
   22    39069.4525    50641.8034    50641.8034 22.40178 51.61638  0.00000
   23    32451.1338    46887.1020    46887.1020 28.22431723.27499  0.00000
   24    94710.8668    83574.4211    83574.4211 99.26832637.94993  0.00000
   25    38048.7887    38708.3539    38708.3539 80.49500964.08515  0.00000
   26   427371.4423   436503.0538   436503.0538469.64417855.06962  0.00000
   27    41602.4458    40816.7158    40816.7158 47.77925 62.15660  0.00000
   28    32186.9298    35247.8483    35247.8483 84.71011101.94742  0.00000
   29    57133.8379    54954.7035    54954.7035 45.70210109.56051  0.00000
   30    45731.6664    46249.3491    46249.3491 26.75185143.64087  0.00000
   31    35684.8085    37389.5619    37389.5619 26.32073 31.05975  0.00000
   32    50271.7565    45857.9137    45857.9137 18.10885 75.84627  0.00000
   33    31803.9164    49934.1656    49934.1656 19.77874122.42380  0.00000
   34    44794.8830    45736.5125    45736.5125129.20936 39.74090  0.00000
   35    37747.4234    35486.8852    35486.8852 81.80744128.48886  0.00000
   36    54582.4168    51021.6317    51021.6317109.34925154.51664  0.00000
   37    50378.6982    55895.1122    55895.1122 61.31984399.18859  0.00000
   38    40834.9492    41566.6515    41566.6515 32.80693446.62938  0.00000
   39    37400.1097    32639.8290    32639.8290 51.03091 96.94835  0.00000
   40   110597.9257    69179.4091    69179.4091161.03798156.16979  0.00000
   41    41204.3664    46232.5718    46232.5718142.12078134.06713  0.00000
   42    41045.5226    45089.9523    45089.9523121.43019311.87227  0.00000
   43   189068.9994   188812.3619   188812.3619315.80156399.07973  0.00000
   44    47529.1498    40432.2033    40432.2033109.52441 99.48287  0.00000
   45    58057.5093    33826.3887    33826.3887 93.65570116.19061  0.00000
   46     5895.2159    49013.8456    49013.8456 60.98267 90.66900  0.00000
   47    68694.3145    28153.6305    28153.6305170.95775437.01643  0.00000
   48   265142.5297   260991.6464   260991.6464183.61466*********  0.00000
   49  4662951.5442  4710854.5721  4710854.5721******************  0.00000
   50    58041.3392    51801.5618    51801.5618 45.64015*********  0.00000
   51  2835977.3664  2878135.0056  2878135.0056******************  0.00000
   52    29184.9630    28927.3351    28927.3351151.07377  2.85461  0.00000
   53    19551.6185    28991.4174    28991.4174152.97044117.18284  0.00000
   54    45976.5093    46707.5893    46707.5893214.77576 58.44238  0.00000
   55    84020.8120    56493.0328    56493.0328236.28368289.69055  0.00000
   56    30576.0134    65436.2580    65436.2580 23.96800179.04535  0.00000
   57    76630.9465    47312.0934    47312.0934124.10002 77.30482  0.00000
   58    40347.0654    45627.9808    45627.9808 35.54780 25.11514  0.00000
   59    39237.1850    39663.3990    39663.3990 49.96358  2.09327  0.00000
   60    47323.7999    38988.8313    38988.8313 52.06314 20.07821  0.00000
   61    39753.5899    50572.8162    50572.8162 23.52473 32.27632  0.00000
   62    55337.8020    38632.9076    38632.9076 50.29868 59.15258  0.00000
   63    55871.1588    69224.0886    69224.0886 25.59774144.91438  0.00000
   64    50050.2554    55808.6967    55808.6967  7.90154172.83536  0.00000
   65   106068.9586    79750.3034    79750.3034 44.79706214.34355  0.00000
   66    80673.2496    91395.6600    91395.6600 47.96638 36.81875  0.00000
   67    73900.2533    71022.7362    71022.7362 34.20124 52.10334  0.00000
   68    86004.5421    85161.9626    85161.9626 39.98101 17.64414  0.00000
   69    80124.1305    80278.3342    80278.3342 38.91609 10.36103  0.00000
   70    81094.4160    80516.1503    80516.1503 38.45206  4.22758  0.00000
   71    48255.8872    80673.0588    80673.0588 39.07577882.64553  0.00000
   72  3030859.1293  3031195.2821  3031195.2821******************  0.00000
   73424540844.9813424549871.9195424549871.9195******************  0.00000
   74  2582617.7584  2597929.6722  2597929.6722932.69146*********  0.00000
   75 24261508.6598 24294065.1059 24294065.1059******************  0.00000
   76   373464.1667   298591.5781   298591.5781201.60162377.16687  0.00000
   77   114213.8209   112462.2761   112462.2761 70.29990 86.14597  0.00000
   78   130424.0568   102242.3568   102242.3568 63.54981150.59584  0.00000
   79   259971.8256   285587.0600   285587.0600186.85210142.46585  0.00000
   80   104056.6141   106604.4141   106604.4141 69.33298 17.53988  0.00000
   81    95439.0303    95771.3797    95771.3797 59.64799 14.08829  0.00000
   82   104106.0168    92057.0400    92057.0400 55.54871 56.30750  0.00000
   83   164186.6229   164529.5451   164529.5451109.06987 28.27802  0.00000
   84   166769.3249   174925.3088   174925.3088117.93135 77.76565  0.00000
   85    98359.6890   112062.9287   112062.9287 73.54515 85.28905  0.00000
   86    44659.3637    49696.7227    49696.7227 16.21455 55.28901  0.00000
   87    61683.6759    42285.7561    42285.7561 43.21905111.13924  0.00000
   88    71844.0346    88931.3019    88931.3019 65.48596144.40666  0.00000
   89    -2065.4840    41275.6604    41275.6604 37.09255330.45359  0.00000
   90   111869.1427    64694.9622    64694.9622135.15765201.88422  0.00000
   91    53322.2322    53727.8236    53727.8236  8.27947 40.89899  0.00000
   92    54619.7924    57433.7286    57433.7286 14.83305440.94781  0.00000
   93   184288.5318   183326.2909   183326.2909166.50374335.26130  0.00000
   94    74613.0373    75171.5675    75171.5675 41.03543 46.79933  0.00000
   95    76712.4220    74971.6893    74971.6893 31.50569 21.87632  0.00000
   96    77899.0451    78651.7012    78651.7012 39.35993 45.28589  0.00000
   97    72496.5305    72271.7608    72271.7608 27.14073 30.38346  0.00000
   98    67109.6339    76165.3788    76165.3788 35.62097 58.54602  0.00000
   99    78156.2561    78774.4809    78774.4809 36.05700 68.88689  0.00000
  100    79837.9224   100133.9375   100133.9375 66.87168 68.10393  0.00000
  101    87027.5527    75272.5048    75272.5048 47.84061 51.77510  0.00000
  102    85054.5696    90296.5989    90296.5989 44.30094 50.12759  0.00000
  103   108800.7875    86926.7862    86926.7862 42.03924 82.06076  0.00000
  104    68747.8908    77105.7496    77105.7496 37.14169 32.37570  0.00000
  105    32802.6201    61034.5191    61034.5191 11.89955 59.14951  0.00000
  106    26657.3519    60036.7852    60036.7852 85.00887 85.32903  0.00000
  107   170115.3100   106777.9461   106777.9461183.89653136.56024  0.00000
  108    88888.9590    79168.4529    79168.4529 39.62033 41.08341  0.00000
  109    75428.4368    75467.0326    75467.0326 34.24695 25.97415  0.00000
  110    79708.0862    78227.4261    78227.4261 39.12400 21.09310  0.00000
  111    80607.3240    78334.4013    78334.4013 37.85172 17.41104  0.00000
  112    76800.3281    81808.8446    81808.8446 42.17722 16.49684  0.00000
  113    58538.9964    73167.7968    73167.7968 32.79120 44.07450  0.00000
  114    38055.1409    56255.7892    56255.7892 13.64479 44.50760  0.00000
  115   101683.6258    47180.6814    47180.6814 67.75817145.96534  0.00000
  116    99223.2302   112700.0642   112700.0642 71.77260100.72803  0.00000
  117    65964.1107    69276.4146    69276.4146 26.86490  9.45994  0.00000
  118    63520.8648    62860.7908    62860.7908 15.73870  9.92082  0.00000
  119    66738.5752    70134.4445    70134.4445 26.00483 16.10909  0.00000
  120    73424.3364    72779.8983    72779.8983 29.89166 18.82921  0.00000
  121    73604.6273    71819.4587    71819.4587 26.53174 80.91335  0.00000
  122    74640.3172    78288.6034    78288.6034 38.40260 60.82775  0.00000
  123    72198.7671    75652.0144    75652.0144 32.16671*********  0.00000
  124 12390388.7057 12383537.1218 12383537.1218******************  0.00000
  125    67743.5099    67744.1740    67744.1740 23.13706 21.16448  0.00000
  126    60147.9357    60609.5075    60609.5075  8.45126  6.98529  0.00000
  127    61876.4746    61569.4418    61569.4418 10.90746 10.35414  0.00000
  128    66818.0138    59608.2355    59608.2355  6.90169 33.84159  0.00000
  129    68346.3418    62908.9216    62908.9216 11.01128 27.05598  0.00000
  130    57120.0719    71624.2513    71624.2513 24.94179 50.50787  0.00000
  131    50096.9707    46228.3009    46228.3009 22.89591 10.65811  0.00000
  132    54946.4404    55414.7989    55414.7989  2.62315  3.90414  0.00000
  133    59078.7002    55550.0318    55550.0318  2.11972 22.27322  0.00000
  134    60692.3296    61373.5607    61373.5607  9.00062 34.44615  0.00000
  135    59901.7750    59701.3732    59701.3732 11.62335 36.50765  0.00000
  136    59256.9994    59680.4346    59680.4346  5.85504  6.93202  0.00000
  137    59441.7119    59482.5219    59482.5219  5.64138 27.10076  0.00000
  138    58179.8949    57534.0647    57534.0647  2.10742 16.32951  0.00000
  139    56915.3761    58670.0877    58670.0877  3.71498  9.27926  0.00000
  140    56068.7352    57641.5309    57641.5309  2.36936 19.41630  0.00000
  141    55778.9131    55406.4059    55406.4059  5.85721  8.92322  0.00000
  142    54974.3635    54882.2633    54882.2633  7.92244  3.47666  0.00000
  143    53419.9597    54269.4403    54269.4403  8.73209 10.83104  0.00000
  144    58588.6050    54466.2446    54466.2446  5.95049 19.87939  0.00000
  145    58423.6311    60065.1596    60065.1596  6.36207 32.63424  0.00000
  146    57429.5546    57328.1597    57328.1597  4.25421 25.87078  0.00000
  147    54053.0915    54804.6026    54804.6026  3.90450  6.82384  0.00000
  148    56380.3766    52652.6150    52652.6150  8.40553 20.12722  0.00000
  149    59451.5502    63298.3203    63298.3203 12.58800 48.75248  0.00000
  150    53526.7063    51023.2085    51023.2085 12.03883 24.66926  0.00000
  151    64413.8109    60899.3605    60899.3605  9.00275 31.97395  0.00000
  152    65843.8752    68022.8645    68022.8645 21.37074 54.13602  0.00000
  153    45913.9706    50822.5188    50822.5188 13.40145 35.79313  0.00000
  154    53233.7579    52483.0652    52483.0652  7.43243 12.76890  0.00000
  155    53273.8410    50830.0915    50830.0915 11.16318 22.60272  0.00000
  156    49501.6610    51785.5071    51785.5071 11.36428 20.47275  0.00000
  157    62150.1890    52212.2015    52212.2015  8.03207 45.24586  0.00000
  158    55982.0773    65832.1155    65832.1155 15.41807 46.90712  0.00000
  159    57949.6773    55875.7197    55875.7197  2.06842 22.85959  0.00000
  160    50537.4983    51385.4094    51385.4094 11.37481 22.30935  0.00000
  161    54000.3162    51026.4706    51026.4706 10.17210 20.25557  0.00000
  162    52891.9292    55733.2816    55733.2816  5.25654 21.59526  0.00000
  163    52983.2861    53400.7257    53400.7257  5.67959  5.73264  0.00000
  164    53264.6192    53742.9448    53742.9448  5.11543 17.71777  0.00000
  165    54147.9752    54494.4162    54494.4162  3.54456 24.33403  0.00000
  166    51868.2651    53214.8976    53214.8976  7.26448  6.62323  0.00000
  167    51452.5760    52525.1406    52525.1406  8.21961 16.62812  0.00000
  168    58587.1819    54373.8039    54373.8039  3.79664 19.20533  0.00000
  169    75553.4899    57406.5949    57406.5949  4.85441 91.63285  0.00000
  170    53438.3857    74866.8062    74866.8062 28.33215103.47458  0.00000
  171    57891.4500    54860.8940    54860.8940  2.45220 20.99568  0.00000
  172    60242.8851    60819.8134    60819.8134  9.97850 17.05324  0.00000
  173    57896.6456    56803.5765    56803.5765  5.84902  8.78392  0.00000
  174    54971.1614    57596.7840    57596.7840  7.46442 20.29464  0.00000
  175    53863.6061    54431.4833    54431.4833  4.28563  9.62327  0.00000
