cpu-bind=MASK - cn1000, task  0  0 [35106]: mask 0xffffffffffffffff set
--------------------------------------------------------------------------
Open MPI failed an OFI Libfabric library call (fi_domain).  This is highly
unusual; your job may behave unpredictably (and/or abort) after this.

  Local host: cn1134
  Location: mtl_ofi_component.c:928
  Error: No data available (61)
--------------------------------------------------------------------------
[cn1000.scarf.rl.ac.uk:35140] 239 more processes have sent help message help-mtl-ofi.txt / OFI call fail
[cn1000.scarf.rl.ac.uk:35140] Set MCA parameter "orte_base_help_aggregate" to 0 to see all help / error messages
--------------------------------------------------------------------------
Open MPI failed an OFI Libfabric library call (fi_domain).  This is highly
unusual; your job may behave unpredictably (and/or abort) after this.

  Local host: cn1134
  Location: mtl_ofi_component.c:928
  Error: No data available (61)
--------------------------------------------------------------------------
[cn1000.scarf.rl.ac.uk:36395] 239 more processes have sent help message help-mtl-ofi.txt / OFI call fail
[cn1000.scarf.rl.ac.uk:36395] Set MCA parameter "orte_base_help_aggregate" to 0 to see all help / error messages
[1678629259.548882] [cn1020:62429:0]          mpool.c:43   UCX  WARN  object 0xba0f580 was not returned to mpool ucp_requests
[1678629259.551278] [cn1000:36785:0]          mpool.c:43   UCX  WARN  object 0xaaa0a80 was not returned to mpool ucp_requests
[1678629259.551445] [cn1000:36788:0]          mpool.c:43   UCX  WARN  object 0x602ca40 was not returned to mpool ucp_requests
[1678629259.551784] [cn1000:36802:0]          mpool.c:43   UCX  WARN  object 0x4f12640 was not returned to mpool ucp_requests
[1678629259.551821] [cn1000:36792:0]          mpool.c:43   UCX  WARN  object 0xc0d6640 was not returned to mpool ucp_requests
[1678629259.551866] [cn1000:36794:0]          mpool.c:43   UCX  WARN  object 0xc246040 was not returned to mpool ucp_requests
[1678629259.551888] [cn1000:36796:0]          mpool.c:43   UCX  WARN  object 0xc022440 was not returned to mpool ucp_requests
[1678629259.552223] [cn1000:36780:0]          mpool.c:43   UCX  WARN  object 0xb2a2300 was not returned to mpool ucp_requests
[1678629259.552324] [cn1000:36783:0]          mpool.c:43   UCX  WARN  object 0xb386640 was not returned to mpool ucp_requests
[1678629259.552841] [cn1000:36805:0]          mpool.c:43   UCX  WARN  object 0xa256e00 was not returned to mpool ucp_requests
[1678629259.552948] [cn1000:36800:0]          mpool.c:43   UCX  WARN  object 0x52a6800 was not returned to mpool ucp_requests
--------------------------------------------------------------------------
Open MPI failed an OFI Libfabric library call (fi_domain).  This is highly
unusual; your job may behave unpredictably (and/or abort) after this.

  Local host: cn1135
  Location: mtl_ofi_component.c:928
  Error: No data available (61)
--------------------------------------------------------------------------
[cn1000.scarf.rl.ac.uk:37326] 239 more processes have sent help message help-mtl-ofi.txt / OFI call fail
[cn1000.scarf.rl.ac.uk:37326] Set MCA parameter "orte_base_help_aggregate" to 0 to see all help / error messages
[1678631243.620816] [cn1000:37406:0]          mpool.c:43   UCX  WARN  object 0xb054240 was not returned to mpool ucp_requests
[1678631243.621305] [cn1000:37364:0]          mpool.c:43   UCX  WARN  object 0xa67bf00 was not returned to mpool ucp_requests
[1678631243.623208] [cn1000:37375:0]          mpool.c:43   UCX  WARN  object 0xa556800 was not returned to mpool ucp_requests
[1678631243.621369] [cn1000:37388:0]          mpool.c:43   UCX  WARN  object 0xb584440 was not returned to mpool ucp_requests
[1678631243.621304] [cn1000:37403:0]          mpool.c:43   UCX  WARN  object 0xaa13980 was not returned to mpool ucp_requests
[1678631243.621487] [cn1000:37410:0]          mpool.c:43   UCX  WARN  object 0xa3305c0 was not returned to mpool ucp_requests
[1678631243.621392] [cn1000:37412:0]          mpool.c:43   UCX  WARN  object 0xbf3fe80 was not returned to mpool ucp_requests
[1678631243.621501] [cn1000:37414:0]          mpool.c:43   UCX  WARN  object 0xa76a2c0 was not returned to mpool ucp_requests
[1678631243.621532] [cn1000:37417:0]          mpool.c:43   UCX  WARN  object 0xab7ae00 was not returned to mpool ucp_requests
[1678631243.621519] [cn1000:37421:0]          mpool.c:43   UCX  WARN  object 0x6abd540 was not returned to mpool ucp_requests
[1678631243.628364] [cn1020:63064:0]          mpool.c:43   UCX  WARN  object 0xabdd280 was not returned to mpool ucp_requests
cp: cannot stat ‘0V-VH_z-00104.dat’: No such file or directory
cp: cannot stat ‘0V-VH_z-00104.dat’: No such file or directory
cp: cannot stat ‘0V-RHO_z-00104.dat’: No such file or directory
cp: cannot stat ‘0V-RHO_z-00104.dat’: No such file or directory
