 @target G2.S0
 @type xy
  -0.2721140E+02      0.1170345E-17
  -0.2714328E+02      0.1117147E-17
  -0.2707517E+02     -0.1104285E-16
  -0.2700706E+02     -0.3011874E-16
  -0.2693894E+02     -0.1486271E-16
  -0.2687083E+02     -0.1642337E-16
  -0.2680271E+02      0.7698816E-17
  -0.2673460E+02     -0.1982837E-17
  -0.2666649E+02      0.2884227E-17
  -0.2659837E+02     -0.1954426E-16
  -0.2653026E+02     -0.1880444E-17
  -0.2646215E+02      0.4259136E-17
  -0.2639403E+02     -0.7664718E-17
  -0.2632592E+02     -0.1524269E-17
  -0.2625781E+02     -0.2292363E-17
  -0.2618969E+02      0.1504307E-16
  -0.2612158E+02      0.3076438E-17
  -0.2605346E+02     -0.1141895E-17
  -0.2598535E+02     -0.1539541E-16
  -0.2591724E+02     -0.3380864E-17
  -0.2584912E+02      0.6207414E-18
  -0.2578101E+02     -0.1052511E-16
  -0.2571290E+02     -0.9051685E-17
  -0.2564478E+02      0.1789212E-16
  -0.2557667E+02     -0.2226096E-17
  -0.2550856E+02      0.1875412E-17
  -0.2544044E+02      0.9464366E-17
  -0.2537233E+02     -0.2846250E-17
  -0.2530421E+02     -0.3649727E-16
  -0.2523610E+02      0.2899066E-17
  -0.2516799E+02      0.2038458E-16
  -0.2509987E+02     -0.1336536E-17
  -0.2503176E+02     -0.1184556E-16
  -0.2496365E+02     -0.5820783E-17
  -0.2489553E+02      0.8017841E-17
  -0.2482742E+02      0.1715237E-16
  -0.2475931E+02      0.1534164E-16
  -0.2469119E+02     -0.6620747E-17
  -0.2462308E+02      0.4836991E-17
  -0.2455496E+02      0.2697522E-17
  -0.2448685E+02     -0.9306066E-17
  -0.2441874E+02     -0.4509565E-17
  -0.2435062E+02      0.8862829E-17
  -0.2428251E+02     -0.5803399E-17
  -0.2421440E+02     -0.1696636E-16
  -0.2414628E+02      0.3058460E-17
  -0.2407817E+02     -0.1364856E-17
  -0.2401006E+02      0.5982666E-17
  -0.2394194E+02     -0.1749902E-16
  -0.2387383E+02     -0.2802548E-16
  -0.2380571E+02      0.5654111E-17
  -0.2373760E+02      0.2529526E-17
  -0.2366949E+02      0.1943612E-17
  -0.2360137E+02      0.1242351E-16
  -0.2353326E+02     -0.7741384E-17
  -0.2346515E+02      0.2032809E-17
  -0.2339703E+02      0.1756906E-17
  -0.2332892E+02      0.5105468E-17
  -0.2326081E+02      0.1156081E-16
  -0.2319269E+02     -0.2259270E-16
  -0.2312458E+02     -0.9595251E-17
  -0.2305646E+02      0.2424000E-17
  -0.2298835E+02      0.7705796E-17
  -0.2292024E+02     -0.5216130E-17
  -0.2285212E+02      0.1000585E-16
  -0.2278401E+02     -0.1640424E-17
  -0.2271590E+02     -0.1729121E-17
  -0.2264778E+02      0.1196446E-16
  -0.2257967E+02     -0.1220744E-17
  -0.2251156E+02      0.1182241E-17
  -0.2244344E+02     -0.2148427E-16
  -0.2237533E+02      0.9432941E-17
  -0.2230721E+02      0.1873499E-16
  -0.2223910E+02     -0.1746328E-19
  -0.2217099E+02     -0.1929184E-17
  -0.2210287E+02      0.5814473E-17
  -0.2203476E+02     -0.3823416E-17
  -0.2196665E+02      0.6376830E-17
  -0.2189853E+02      0.2924243E-17
  -0.2183042E+02     -0.4320939E-17
  -0.2176231E+02      0.8932364E-17
  -0.2169419E+02     -0.1319520E-16
  -0.2162608E+02      0.1038720E-16
  -0.2155796E+02     -0.3625750E-17
  -0.2148985E+02     -0.6730780E-17
  -0.2142174E+02     -0.3470263E-18
  -0.2135362E+02     -0.5985400E-17
  -0.2128551E+02     -0.2757452E-17
  -0.2121740E+02      0.5756349E-17
  -0.2114928E+02      0.1002466E-17
  -0.2108117E+02      0.1055317E-16
  -0.2101306E+02      0.8270386E-17
  -0.2094494E+02     -0.2685617E-17
  -0.2087683E+02      0.4824365E-17
  -0.2080871E+02      0.1171293E-16
  -0.2074060E+02      0.1853714E-17
  -0.2067249E+02      0.2934734E-17
  -0.2060437E+02      0.4104797E-17
  -0.2053626E+02      0.1522999E-16
  -0.2046815E+02      0.7347902E-17
  -0.2040003E+02     -0.1447612E-16
  -0.2033192E+02      0.9778853E-17
  -0.2026381E+02     -0.7735284E-17
  -0.2019569E+02      0.1370262E-16
  -0.2012758E+02      0.1121695E-16
  -0.2005946E+02     -0.1288164E-16
  -0.1999135E+02     -0.1218824E-16
  -0.1992324E+02     -0.6480837E-17
  -0.1985512E+02     -0.7278967E-17
  -0.1978701E+02     -0.2156603E-17
  -0.1971890E+02      0.4017530E-17
  -0.1965078E+02     -0.1715496E-16
  -0.1958267E+02      0.1562771E-17
  -0.1951456E+02     -0.1398358E-16
  -0.1944644E+02     -0.6467525E-17
  -0.1937833E+02     -0.2306983E-17
  -0.1931021E+02      0.5545400E-17
  -0.1924210E+02     -0.1116698E-17
  -0.1917399E+02      0.1330065E-16
  -0.1910587E+02     -0.7340640E-17
  -0.1903776E+02     -0.6869467E-17
  -0.1896965E+02     -0.4236016E-17
  -0.1890153E+02      0.1585649E-17
  -0.1883342E+02      0.7270272E-17
  -0.1876531E+02      0.6907706E-17
  -0.1869719E+02     -0.3815172E-17
  -0.1862908E+02      0.7784339E-17
  -0.1856096E+02     -0.1370054E-16
  -0.1849285E+02     -0.4724551E-18
  -0.1842474E+02     -0.1455741E-16
  -0.1835662E+02     -0.8763089E-17
  -0.1828851E+02      0.7627541E-17
  -0.1822040E+02      0.1988896E-16
  -0.1815228E+02      0.7732290E-17
  -0.1808417E+02     -0.1840750E-16
  -0.1801606E+02     -0.6520300E-17
  -0.1794794E+02      0.8662632E-17
  -0.1787983E+02      0.6042875E-17
  -0.1781171E+02     -0.3222214E-17
  -0.1774360E+02      0.5931260E-17
  -0.1767549E+02      0.1494988E-17
  -0.1760737E+02     -0.6050084E-17
  -0.1753926E+02      0.3981796E-17
  -0.1747115E+02      0.8421862E-17
  -0.1740303E+02     -0.7706651E-17
  -0.1733492E+02      0.3978802E-17
  -0.1726681E+02     -0.2073338E-17
  -0.1719869E+02     -0.2208286E-16
  -0.1713058E+02      0.5929774E-17
  -0.1706246E+02     -0.9593800E-17
  -0.1699435E+02     -0.3784847E-17
  -0.1692624E+02     -0.8699059E-17
  -0.1685812E+02      0.3932018E-17
  -0.1679001E+02     -0.7343636E-17
  -0.1672190E+02      0.4675361E-17
  -0.1665378E+02      0.3914357E-17
  -0.1658567E+02      0.7742878E-17
  -0.1651756E+02     -0.6902451E-17
  -0.1644944E+02      0.1900015E-17
  -0.1638133E+02      0.6248885E-17
  -0.1631321E+02     -0.4364505E-17
  -0.1624510E+02      0.1948602E-17
  -0.1617699E+02      0.7558399E-17
  -0.1610887E+02     -0.8324568E-18
  -0.1604076E+02     -0.5082320E-17
  -0.1597265E+02      0.1470197E-16
  -0.1590453E+02     -0.6156121E-18
  -0.1583642E+02     -0.5599131E-17
  -0.1576831E+02     -0.1023475E-16
  -0.1570019E+02      0.3416188E-18
  -0.1563208E+02     -0.9630991E-17
  -0.1556397E+02      0.5615846E-17
  -0.1549585E+02     -0.3213141E-17
  -0.1542774E+02     -0.1548133E-17
  -0.1535962E+02      0.5895244E-17
  -0.1529151E+02      0.2309307E-17
  -0.1522340E+02     -0.4426012E-17
  -0.1515528E+02      0.8941452E-17
  -0.1508717E+02      0.1114472E-17
  -0.1501906E+02      0.4675697E-18
  -0.1495094E+02      0.2021643E-17
  -0.1488283E+02      0.5073246E-17
  -0.1481472E+02     -0.1146180E-17
  -0.1474660E+02     -0.1604434E-17
  -0.1467849E+02     -0.5131341E-17
  -0.1461037E+02      0.6877114E-19
  -0.1454226E+02     -0.2206375E-17
  -0.1447415E+02     -0.2526617E-18
  -0.1440603E+02     -0.3561830E-17
  -0.1433792E+02      0.3609571E-17
  -0.1426981E+02     -0.5942826E-17
  -0.1420169E+02     -0.6311531E-17
  -0.1413358E+02      0.1835858E-17
  -0.1406547E+02     -0.3778452E-17
  -0.1399735E+02     -0.1415800E-17
  -0.1392924E+02     -0.3519335E-18
  -0.1386112E+02      0.6707298E-18
  -0.1379301E+02     -0.4986866E-18
  -0.1372490E+02     -0.1035573E-17
  -0.1365678E+02      0.3665345E-17
  -0.1358867E+02     -0.2748908E-17
  -0.1352056E+02     -0.1479161E-18
  -0.1345244E+02     -0.1491967E-17
  -0.1338433E+02     -0.3347950E-18
  -0.1331622E+02     -0.2864038E-17
  -0.1324810E+02      0.1000996E-17
  -0.1317999E+02     -0.4278315E-17
  -0.1311187E+02      0.2804785E-17
  -0.1304376E+02     -0.3292027E-17
  -0.1297565E+02     -0.1413046E-17
  -0.1290753E+02     -0.3162186E-17
  -0.1283942E+02     -0.1174644E-17
  -0.1277131E+02     -0.6565409E-18
  -0.1270319E+02     -0.1082945E-17
  -0.1263508E+02     -0.5308552E-17
  -0.1256697E+02     -0.5525316E-17
  -0.1249885E+02      0.2433359E-17
  -0.1243074E+02      0.4207901E-17
  -0.1236262E+02      0.2818688E-18
  -0.1229451E+02     -0.1726891E-17
  -0.1222640E+02     -0.1883842E-18
  -0.1215828E+02     -0.1386098E-17
  -0.1209017E+02      0.2722438E-17
  -0.1202206E+02      0.1432008E-17
  -0.1195394E+02      0.2949237E-17
  -0.1188583E+02      0.5447234E-17
  -0.1181772E+02     -0.3748846E-18
  -0.1174960E+02      0.2072285E-17
  -0.1168149E+02      0.1479088E-17
  -0.1161337E+02      0.1272619E-17
  -0.1154526E+02      0.1025532E-18
  -0.1147715E+02      0.5065098E-18
  -0.1140903E+02     -0.1570723E-17
  -0.1134092E+02     -0.1416262E-17
  -0.1127281E+02      0.4495468E-18
  -0.1120469E+02      0.1380397E-17
  -0.1113658E+02      0.1010041E-17
  -0.1106847E+02     -0.1491332E-17
  -0.1100035E+02      0.4086114E-18
  -0.1093224E+02     -0.2295151E-19
  -0.1086412E+02     -0.1926307E-17
  -0.1079601E+02     -0.3922070E-18
  -0.1072790E+02     -0.1033202E-17
  -0.1065978E+02     -0.1015322E-17
  -0.1059167E+02      0.2728108E-17
  -0.1052356E+02     -0.2980280E-18
  -0.1045544E+02     -0.5807697E-18
  -0.1038733E+02      0.1559805E-17
  -0.1031922E+02     -0.2795849E-17
  -0.1025110E+02      0.1248848E-17
  -0.1018299E+02      0.6586485E-17
  -0.1011487E+02     -0.3315582E-17
  -0.1004676E+02      0.6142031E-18
  -0.9978647E+01     -0.8007640E-18
  -0.9910534E+01     -0.1205585E-16
  -0.9842420E+01     -0.3641324E-18
  -0.9774306E+01      0.1169233E-16
  -0.9706193E+01     -0.1250577E-16
  -0.9638079E+01     -0.1954875E-16
  -0.9569965E+01     -0.4422730E-17
  -0.9501852E+01     -0.2052538E-17
  -0.9433738E+01      0.4552207E-17
  -0.9365624E+01     -0.3679186E-16
  -0.9297511E+01      0.5428783E-17
  -0.9229397E+01      0.2387024E-16
  -0.9161284E+01     -0.2074540E-16
  -0.9093170E+01      0.1815084E-16
  -0.9025056E+01      0.3822614E-16
  -0.8956943E+01      0.9923775E-17
  -0.8888829E+01      0.8972863E-16
  -0.8820715E+01     -0.4233204E-16
  -0.8752602E+01     -0.9338883E-16
  -0.8684488E+01      0.3003403E-17
  -0.8616375E+01      0.3720455E-15
  -0.8548261E+01      0.4963111E-16
  -0.8480147E+01     -0.1373817E-15
  -0.8412034E+01      0.4576574E-16
  -0.8343920E+01      0.4145740E-15
  -0.8275806E+01     -0.1915226E-15
  -0.8207693E+01     -0.5871886E-16
  -0.8139579E+01      0.4442672E-15
  -0.8071465E+01     -0.1127574E-14
  -0.8003352E+01      0.1489731E-14
  -0.7935238E+01      0.6105144E-15
  -0.7867125E+01      0.6422749E-15
  -0.7799011E+01      0.4878864E-14
  -0.7730897E+01      0.1252688E-13
  -0.7662784E+01     -0.3498894E-13
  -0.7594670E+01     -0.1805319E-13
  -0.7526556E+01      0.1261375E+01
  -0.7458443E+01      0.1998508E+01
  -0.7390329E+01      0.3206368E+01
  -0.7322215E+01      0.1982002E+01
  -0.7254102E+01      0.1764497E+01
  -0.7185988E+01      0.1600271E+01
  -0.7117875E+01      0.1643285E+01
  -0.7049761E+01      0.4284836E+02
  -0.6981647E+01      0.1544114E+01
  -0.6913534E+01      0.1566308E+01
  -0.6845420E+01      0.3973661E+01
  -0.6777306E+01      0.1144247E+02
  -0.6709193E+01      0.2045214E+02
  -0.6641079E+01      0.1552589E+02
  -0.6572966E+01      0.1019528E+02
  -0.6504852E+01      0.8305861E+01
  -0.6436738E+01      0.7110913E+01
  -0.6368625E+01      0.6503855E+01
  -0.6300511E+01      0.6424213E+01
  -0.6232397E+01      0.7281623E+01
  -0.6164284E+01      0.1125130E+02
  -0.6096170E+01      0.1778167E+02
  -0.6028056E+01      0.2096566E+02
  -0.5959943E+01      0.4754728E+02
  -0.5891829E+01      0.3420713E+02
  -0.5823716E+01      0.2115236E+02
  -0.5755602E+01      0.1591074E+02
  -0.5687488E+01      0.1437496E+02
  -0.5619375E+01      0.1215831E+02
  -0.5551261E+01      0.1094831E+02
  -0.5483147E+01      0.1085159E+02
  -0.5415034E+01      0.1176401E+02
  -0.5346920E+01      0.1404332E+02
  -0.5278807E+01      0.1700520E+02
  -0.5210693E+01      0.1984141E+02
  -0.5142579E+01      0.1931465E+02
  -0.5074466E+01      0.1688035E+02
  -0.5006352E+01      0.2022189E+02
  -0.4938238E+01      0.2230443E+02
  -0.4870125E+01      0.2186321E+02
  -0.4802011E+01      0.1709607E+02
  -0.4733897E+01      0.1432147E+02
  -0.4665784E+01      0.1235235E+02
  -0.4597670E+01      0.2139781E+02
  -0.4529557E+01      0.3615089E+02
  -0.4461443E+01      0.2338036E+02
  -0.4393329E+01      0.2230258E+02
  -0.4325216E+01      0.3002691E+02
  -0.4257102E+01      0.7578571E+02
  -0.4188988E+01      0.2489063E+02
  -0.4120875E+01      0.2842539E+02
  -0.4052761E+01      0.3311647E+02
  -0.3984648E+01      0.2666541E+02
  -0.3916534E+01      0.2258292E+02
  -0.3848420E+01      0.2767844E+02
  -0.3780307E+01      0.2975639E+02
  -0.3712193E+01      0.4563728E+02
  -0.3644079E+01      0.5676065E+02
  -0.3575966E+01      0.5630609E+02
  -0.3507852E+01      0.5471081E+02
  -0.3439738E+01      0.5008846E+02
  -0.3371625E+01      0.4268018E+02
  -0.3303511E+01      0.3714109E+02
  -0.3235398E+01      0.3430668E+02
  -0.3167284E+01      0.3271825E+02
  -0.3099170E+01      0.3257062E+02
  -0.3031057E+01      0.3356752E+02
  -0.2962943E+01      0.3544796E+02
  -0.2894829E+01      0.3784933E+02
  -0.2826716E+01      0.3726597E+02
  -0.2758602E+01      0.3543214E+02
  -0.2690488E+01      0.3684025E+02
  -0.2622375E+01      0.5008399E+02
  -0.2554261E+01      0.3515420E+02
  -0.2486148E+01      0.3954259E+02
  -0.2418034E+01      0.3379192E+02
  -0.2349920E+01      0.3229401E+02
  -0.2281807E+01      0.3178030E+02
  -0.2213693E+01      0.3912556E+02
  -0.2145579E+01      0.2615447E+02
  -0.2077466E+01      0.2765874E+02
  -0.2009352E+01      0.4621882E+02
  -0.1941239E+01      0.2534964E+02
  -0.1873125E+01      0.2923640E+02
  -0.1805011E+01      0.4288992E+02
  -0.1736898E+01      0.2718808E+02
  -0.1668784E+01      0.3117458E+02
  -0.1600670E+01      0.2483312E+02
  -0.1532557E+01      0.2283929E+02
  -0.1464443E+01      0.5193476E+02
  -0.1396329E+01      0.2905750E+02
  -0.1328216E+01      0.3695150E+02
  -0.1260102E+01      0.6886698E+02
  -0.1191989E+01      0.4434071E+02
  -0.1123875E+01      0.4386926E+02
  -0.1055761E+01      0.4106105E+02
  -0.9876477E+00      0.3886321E+02
  -0.9195340E+00      0.4532648E+02
  -0.8514204E+00      0.7169934E+02
  -0.7833068E+00      0.3514622E+02
  -0.7151931E+00      0.4176734E+02
  -0.6470795E+00      0.6586547E+02
  -0.5789659E+00      0.2920979E+02
  -0.5108522E+00      0.2748106E+02
  -0.4427386E+00      0.3169935E+02
  -0.3746250E+00      0.2584401E+02
  -0.3065113E+00      0.3560264E+02
  -0.2383977E+00      0.4908202E+02
  -0.1702841E+00      0.5613533E+02
  -0.1021704E+00      0.4514988E+02
  -0.3405682E-01      0.3426271E+02
   0.3405682E-01      0.7671146E+02
   0.1021704E+00      0.4407725E+02
   0.1702841E+00      0.5507599E+02
   0.2383977E+00      0.7454472E+02
   0.3065113E+00      0.1353654E+03
   0.3746250E+00      0.3769069E+02
   0.4427386E+00      0.3789245E+02
   0.5108522E+00      0.7358973E+02
   0.5789659E+00      0.4911832E+02
   0.6470795E+00      0.5702059E+02
   0.7151931E+00      0.6795546E+02
   0.7833068E+00      0.6372444E+02
   0.8514204E+00      0.6133895E+02
   0.9195340E+00      0.4972026E+02
   0.9876477E+00      0.4917889E+02
   0.1055761E+01      0.1791536E+03
   0.1123875E+01      0.4247097E+02
   0.1191989E+01      0.4067690E+02
   0.1260102E+01      0.5249384E+02
   0.1328216E+01      0.4403087E+02
   0.1396329E+01      0.4277114E+02
   0.1464443E+01      0.4614786E+02
   0.1532557E+01      0.4752134E+02
   0.1600670E+01      0.2214440E+02
   0.1668784E+01      0.2514155E+02
   0.1736898E+01      0.3127295E+02
   0.1805011E+01      0.3592674E+02
   0.1873125E+01      0.7071161E+02
   0.1941239E+01      0.2932646E+02
   0.2009352E+01      0.2683980E+02
   0.2077466E+01      0.3066662E+02
   0.2145579E+01      0.5959851E+02
   0.2213693E+01      0.2870043E+02
   0.2281807E+01      0.2765722E+02
   0.2349920E+01      0.3264967E+02
   0.2418034E+01      0.3642884E+02
   0.2486148E+01      0.3956351E+02
   0.2554261E+01      0.4076354E+02
   0.2622375E+01      0.4913862E+02
   0.2690488E+01      0.5103968E+02
   0.2758602E+01      0.6353716E+02
   0.2826716E+01      0.2050855E+02
   0.2894829E+01      0.1454931E+02
   0.2962943E+01      0.1430900E+02
   0.3031057E+01      0.1023197E+03
   0.3099170E+01      0.2630310E+02
   0.3167284E+01      0.3081676E+02
   0.3235398E+01      0.1900332E+02
   0.3303511E+01      0.2849130E+02
   0.3371625E+01      0.1635480E+02
   0.3439738E+01      0.1645886E+02
   0.3507852E+01      0.1769245E+02
   0.3575966E+01      0.4047999E+02
   0.3644079E+01      0.2476349E+02
   0.3712193E+01      0.2116011E+02
   0.3780307E+01      0.4109275E+02
   0.3848420E+01      0.2680090E+02
   0.3916534E+01      0.3126948E+02
   0.3984648E+01      0.3221426E+02
   0.4052761E+01      0.3111448E+02
   0.4120875E+01      0.4876131E+02
   0.4188988E+01      0.2593338E+02
   0.4257102E+01      0.2007286E+02
   0.4325216E+01      0.2530124E+02
   0.4393329E+01      0.4273996E+02
   0.4461443E+01      0.3120769E+02
   0.4529557E+01      0.6730785E+01
   0.4597670E+01      0.1129528E+02
   0.4665784E+01      0.1307611E+02
   0.4733897E+01      0.1176627E+02
   0.4802011E+01      0.9453287E+01
   0.4870125E+01      0.8335982E+01
   0.4938238E+01      0.8963893E+01
   0.5006352E+01      0.1222117E+02
   0.5074466E+01      0.1506048E+02
   0.5142579E+01      0.1333731E+02
   0.5210693E+01      0.1111095E+02
   0.5278807E+01      0.9580108E+01
   0.5346920E+01      0.1079865E+02
   0.5415034E+01     -0.6186419E-12
   0.5483147E+01      0.1141164E-10
   0.5551261E+01      0.7116619E-12
   0.5619375E+01      0.2504095E-11
   0.5687488E+01     -0.1916983E-11
   0.5755602E+01     -0.3511994E-12
   0.5823716E+01     -0.1303934E-12
   0.5891829E+01     -0.4119321E-13
   0.5959943E+01      0.5709194E-13
   0.6028056E+01     -0.3567544E-13
   0.6096170E+01     -0.3720652E-13
   0.6164284E+01      0.6611943E-14
   0.6232397E+01     -0.2205510E-13
   0.6300511E+01      0.1116396E-13
   0.6368625E+01      0.3638681E-13
   0.6436738E+01      0.2643188E-13
   0.6504852E+01      0.4602056E-14
   0.6572966E+01     -0.3728312E-13
   0.6641079E+01      0.1465128E-13
   0.6709193E+01      0.3369043E-13
   0.6777306E+01     -0.5685873E-15
   0.6845420E+01     -0.2145458E-13
   0.6913534E+01     -0.2361324E-13
   0.6981647E+01     -0.1600079E-13
   0.7049761E+01     -0.1608203E-13
   0.7117875E+01     -0.1571983E-13
   0.7185988E+01      0.1114386E-13
   0.7254102E+01     -0.6277587E-14
   0.7322215E+01      0.1486624E-14
   0.7390329E+01     -0.4280593E-14
   0.7458443E+01      0.5090980E-14
   0.7526556E+01     -0.7581320E-16
   0.7594670E+01     -0.7273460E-14
   0.7662784E+01      0.7569174E-14
   0.7730897E+01     -0.6786834E-14
   0.7799011E+01     -0.4006227E-14
   0.7867125E+01      0.1529737E-13
   0.7935238E+01      0.7030930E-14
   0.8003352E+01      0.1406198E-14
   0.8071465E+01      0.4085539E-14
   0.8139579E+01     -0.5557508E-15
   0.8207693E+01     -0.4500554E-14
   0.8275806E+01      0.3933399E-14
   0.8343920E+01      0.1394590E-15
   0.8412034E+01     -0.7332873E-14
   0.8480147E+01     -0.5690587E-14
   0.8548261E+01     -0.4111556E-14
   0.8616375E+01     -0.1484603E-14
   0.8684488E+01      0.1709079E-14
   0.8752602E+01     -0.2330211E-14
   0.8820715E+01     -0.1785523E-14
   0.8888829E+01     -0.2529771E-14
   0.8956943E+01      0.3462760E-15
   0.9025056E+01      0.2965256E-14
   0.9093170E+01      0.1780318E-15
   0.9161284E+01     -0.3259074E-14
   0.9229397E+01      0.5980674E-15
   0.9297511E+01      0.8423951E-15
   0.9365624E+01     -0.4876429E-14
   0.9433738E+01     -0.1171557E-14
   0.9501852E+01      0.7658528E-15
   0.9569965E+01      0.1921386E-14
   0.9638079E+01     -0.1648393E-14
   0.9706193E+01      0.9197197E-15
   0.9774306E+01      0.7429577E-15
   0.9842420E+01      0.1086837E-14
   0.9910534E+01      0.2203797E-14
   0.9978647E+01      0.2078385E-14
   0.1004676E+02     -0.3198551E-15
   0.1011487E+02      0.1396619E-14
   0.1018299E+02     -0.9733411E-15
   0.1025110E+02     -0.7714262E-16
   0.1031922E+02      0.9193321E-16
   0.1038733E+02      0.1256530E-15
   0.1045544E+02     -0.1779482E-14
   0.1052356E+02     -0.1762193E-15
   0.1059167E+02     -0.1973897E-14
   0.1065978E+02      0.2476138E-15
   0.1072790E+02      0.8319661E-16
   0.1079601E+02      0.1243903E-14
   0.1086412E+02     -0.1043577E-16
   0.1093224E+02     -0.3962203E-15
   0.1100035E+02     -0.7225252E-11
   0.1106847E+02     -0.6532692E-15
   0.1113658E+02     -0.7735974E-15
   0.1120469E+02      0.2014707E-14
   0.1127281E+02      0.5851368E-16
   0.1134092E+02      0.7390859E-15
   0.1140903E+02      0.1178118E-16
   0.1147715E+02     -0.5607013E-15
   0.1154526E+02      0.7050392E-15
   0.1161337E+02     -0.6824310E-15
   0.1168149E+02     -0.1121933E-14
   0.1174960E+02     -0.9724572E-15
   0.1181772E+02      0.1031657E-14
   0.1188583E+02      0.8472557E-15
   0.1195394E+02      0.1430554E-15
   0.1202206E+02      0.7566758E-15
   0.1209017E+02     -0.9583083E-15
   0.1215828E+02      0.2985227E-15
   0.1222640E+02      0.8490417E-15
   0.1229451E+02      0.1079916E-15
   0.1236262E+02     -0.2314414E-15
   0.1243074E+02     -0.1981391E-15
   0.1249885E+02     -0.7050205E-15
   0.1256697E+02      0.6616200E-15
   0.1263508E+02      0.5961778E-15
   0.1270319E+02      0.6469057E-16
   0.1277131E+02     -0.9403405E-15
   0.1283942E+02      0.5944982E-15
   0.1290753E+02     -0.7260008E-15
   0.1297565E+02      0.3064218E-14
   0.1304376E+02     -0.8768154E-15
   0.1311187E+02      0.1484051E-14
   0.1317999E+02      0.1290679E-15
   0.1324810E+02     -0.5208048E-16
   0.1331622E+02     -0.8933912E-15
   0.1338433E+02     -0.9205625E-15
   0.1345244E+02      0.1103322E-14
   0.1352056E+02      0.5734077E-15
   0.1358867E+02     -0.1297703E-13
   0.1365678E+02     -0.5472418E-15
   0.1372490E+02      0.1768678E-15
   0.1379301E+02      0.4368096E-15
   0.1386112E+02      0.1546025E-14
   0.1392924E+02     -0.1917343E-15
   0.1399735E+02      0.1054406E-14
   0.1406547E+02      0.4930762E-15
   0.1413358E+02     -0.3864349E-15
   0.1420169E+02     -0.5079925E-15
   0.1426981E+02     -0.1697787E-15
   0.1433792E+02     -0.5477458E-15
   0.1440603E+02      0.9755549E-15
   0.1447415E+02     -0.9234724E-15
   0.1454226E+02      0.8859811E-15
   0.1461037E+02     -0.4809613E-15
   0.1467849E+02      0.2672689E-15
   0.1474660E+02      0.3437730E-15
   0.1481472E+02     -0.1573245E-15
   0.1488283E+02      0.4649173E-15
   0.1495094E+02     -0.3959719E-15
   0.1501906E+02     -0.7100386E-15
   0.1508717E+02      0.4799870E-16
   0.1515528E+02     -0.7313570E-15
   0.1522340E+02     -0.1392085E-15
   0.1529151E+02      0.8516939E-15
   0.1535962E+02     -0.2597646E-15
   0.1542774E+02     -0.2441734E-15
   0.1549585E+02     -0.9408711E-15
   0.1556397E+02      0.8447138E-15
   0.1563208E+02      0.1988689E-15
   0.1570019E+02     -0.3166909E-17
   0.1576831E+02      0.8694822E-15
   0.1583642E+02      0.5097658E-15
   0.1590453E+02     -0.1106792E-16
   0.1597265E+02     -0.1935288E-15
   0.1604076E+02      0.1303761E-15
   0.1610887E+02      0.1724832E-15
   0.1617699E+02     -0.9844466E-15
   0.1624510E+02      0.3067407E-15
   0.1631321E+02      0.4798527E-15
   0.1638133E+02     -0.3154380E-15
   0.1644944E+02     -0.1236444E-15
   0.1651756E+02     -0.2423055E-15
   0.1658567E+02      0.1363609E-15
   0.1665378E+02      0.4464190E-15
   0.1672190E+02      0.1773478E-15
   0.1679001E+02      0.4602847E-15
   0.1685812E+02      0.6498610E-16
   0.1692624E+02     -0.5196208E-15
   0.1699435E+02     -0.8422187E-16
   0.1706246E+02      0.2558900E-15
   0.1713058E+02     -0.1298489E-15
   0.1719869E+02      0.1915839E-15
   0.1726681E+02      0.7010819E-15
   0.1733492E+02     -0.2571751E-15
   0.1740303E+02      0.2056927E-16
   0.1747115E+02     -0.8306671E-15
   0.1753926E+02     -0.2490998E-16
   0.1760737E+02      0.1517361E-15
   0.1767549E+02      0.3861290E-15
   0.1774360E+02      0.3335110E-15
   0.1781171E+02     -0.5978621E-15
   0.1787983E+02     -0.3372550E-15
   0.1794794E+02     -0.1326709E-15
   0.1801606E+02     -0.2266415E-15
   0.1808417E+02      0.7394245E-16
   0.1815228E+02      0.3613714E-15
   0.1822040E+02      0.1119740E-16
   0.1828851E+02     -0.4871296E-16
   0.1835662E+02     -0.1730855E-15
   0.1842474E+02     -0.2134297E-15
   0.1849285E+02      0.3013325E-15
   0.1856096E+02      0.3708239E-15
   0.1862908E+02      0.2230516E-16
   0.1869719E+02      0.2075222E-15
   0.1876531E+02     -0.1557908E-15
   0.1883342E+02     -0.4329012E-15
   0.1890153E+02     -0.3330777E-15
   0.1896965E+02     -0.1915109E-15
   0.1903776E+02      0.5028452E-15
   0.1910587E+02      0.6357919E-15
   0.1917399E+02      0.3635488E-15
   0.1924210E+02      0.2682841E-15
   0.1931021E+02     -0.3056736E-15
   0.1937833E+02      0.3010744E-15
   0.1944644E+02     -0.1160662E-15
   0.1951456E+02     -0.3367950E-15
   0.1958267E+02     -0.2764571E-15
   0.1965078E+02     -0.5678102E-15
   0.1971890E+02      0.2260053E-15
   0.1978701E+02      0.9772295E-16
   0.1985512E+02     -0.1077732E-15
   0.1992324E+02     -0.1130882E-15
   0.1999135E+02     -0.3120230E-16
   0.2005946E+02      0.6705651E-15
   0.2012758E+02     -0.5726510E-15
   0.2019569E+02     -0.8823459E-15
   0.2026381E+02      0.2540463E-18
   0.2033192E+02     -0.1761987E-15
   0.2040003E+02      0.2134706E-16
   0.2046815E+02      0.4433835E-15
   0.2053626E+02     -0.5461077E-15
   0.2060437E+02      0.3798386E-15
   0.2067249E+02      0.3333191E-15
   0.2074060E+02      0.8258501E-16
   0.2080871E+02      0.6895237E-16
   0.2087683E+02     -0.2702021E-15
   0.2094494E+02     -0.4572911E-16
   0.2101306E+02      0.6180929E-15
   0.2108117E+02     -0.2176506E-15
   0.2114928E+02      0.3827625E-16
   0.2121740E+02     -0.2599119E-16
   0.2128551E+02      0.6402220E-16
   0.2135362E+02      0.2777617E-15
   0.2142174E+02      0.4278854E-15
   0.2148985E+02     -0.4501879E-16
   0.2155796E+02     -0.2160980E-15
   0.2162608E+02      0.3224131E-15
   0.2169419E+02      0.1844325E-15
   0.2176231E+02      0.2542353E-15
   0.2183042E+02      0.2249461E-15
   0.2189853E+02      0.3122157E-15
   0.2196665E+02     -0.4212950E-15
   0.2203476E+02     -0.2713424E-15
   0.2210287E+02      0.3935144E-16
   0.2217099E+02      0.2490483E-15
   0.2223910E+02     -0.6558037E-15
   0.2230721E+02      0.2805158E-16
   0.2237533E+02      0.2523392E-15
   0.2244344E+02      0.4428307E-16
   0.2251156E+02      0.2250231E-15
   0.2257967E+02     -0.7157574E-16
   0.2264778E+02     -0.1694279E-15
   0.2271590E+02      0.3113020E-16
   0.2278401E+02     -0.2156715E-15
   0.2285212E+02     -0.1183531E-15
   0.2292024E+02      0.1557157E-15
   0.2298835E+02     -0.9736377E-16
   0.2305646E+02      0.2735402E-17
   0.2312458E+02      0.1362140E-15
   0.2319269E+02      0.1640278E-15
   0.2326081E+02      0.2544600E-15
   0.2332892E+02      0.1548093E-16
   0.2339703E+02     -0.1210541E-15
   0.2346515E+02      0.1770768E-15
   0.2353326E+02      0.3769658E-15
   0.2360137E+02     -0.1966788E-15
   0.2366949E+02     -0.6294623E-16
   0.2373760E+02      0.8447269E-16
   0.2380571E+02     -0.8394662E-16
   0.2387383E+02     -0.1619408E-15
   0.2394194E+02     -0.2121255E-15
   0.2401006E+02      0.1533406E-15
   0.2407817E+02      0.5682319E-16
   0.2414628E+02     -0.2515244E-16
   0.2421440E+02     -0.2321539E-15
   0.2428251E+02     -0.3874085E-16
   0.2435062E+02      0.3582837E-15
   0.2441874E+02     -0.2015228E-15
   0.2448685E+02      0.1053878E-15
   0.2455496E+02      0.1798196E-15
   0.2462308E+02     -0.6340777E-16
   0.2469119E+02      0.4420143E-16
   0.2475931E+02     -0.6263164E-16
   0.2482742E+02      0.2400661E-15
   0.2489553E+02      0.7557213E-16
   0.2496365E+02      0.3970319E-16
   0.2503176E+02      0.4396758E-16
   0.2509987E+02     -0.1955011E-15
   0.2516799E+02     -0.1940377E-15
   0.2523610E+02      0.1889739E-15
   0.2530421E+02     -0.8526568E-16
   0.2537233E+02     -0.2437411E-15
   0.2544044E+02     -0.1600116E-15
   0.2550856E+02      0.6324610E-16
   0.2557667E+02     -0.8170543E-16
   0.2564478E+02     -0.1069367E-15
   0.2571290E+02      0.8415323E-16
   0.2578101E+02      0.7288935E-16
   0.2584912E+02      0.6570837E-16
   0.2591724E+02      0.2217935E-15
   0.2598535E+02      0.4088077E-16
   0.2605346E+02     -0.6989868E-16
   0.2612158E+02      0.7894436E-16
   0.2618969E+02     -0.9221267E-16
   0.2625781E+02     -0.2549107E-15
   0.2632592E+02     -0.4717104E-16
   0.2639403E+02     -0.1500116E-15
   0.2646215E+02      0.9511148E-16
   0.2653026E+02     -0.7132794E-17
   0.2659837E+02     -0.9700867E-16
   0.2666649E+02      0.8773915E-16
   0.2673460E+02      0.1822951E-16
   0.2680271E+02     -0.6432249E-16
   0.2687083E+02      0.3985636E-16
   0.2693894E+02      0.2085729E-15
   0.2700706E+02      0.1261136E-15
   0.2707517E+02      0.1799333E-15
   0.2714328E+02      0.1644025E-15
   0.2721140E+02      0.1298323E-17
 &
 @autoscale
 @target G3.S0
