cpu-bind=MASK - cn1038, task  0  0 [43960]: mask 0xffffffffffffffff set
--------------------------------------------------------------------------
Open MPI failed an OFI Libfabric library call (fi_domain).  This is highly
unusual; your job may behave unpredictably (and/or abort) after this.

  Local host: cn1041
  Location: mtl_ofi_component.c:928
  Error: No data available (61)
--------------------------------------------------------------------------
[cn1038.scarf.rl.ac.uk:44954] 239 more processes have sent help message help-mtl-ofi.txt / OFI call fail
[cn1038.scarf.rl.ac.uk:44954] Set MCA parameter "orte_base_help_aggregate" to 0 to see all help / error messages
[1678790716.024526] [cn1038:45012:0]          mpool.c:43   UCX  WARN  object 0x619b580 was not returned to mpool ucp_requests
[1678790716.024512] [cn1038:45016:0]          mpool.c:43   UCX  WARN  object 0xc2e9980 was not returned to mpool ucp_requests
[1678790716.025771] [cn1038:45023:0]          mpool.c:43   UCX  WARN  object 0xafc15c0 was not returned to mpool ucp_requests
[1678790716.026446] [cn1038:45024:0]          mpool.c:43   UCX  WARN  object 0xb9a6500 was not returned to mpool ucp_requests
[1678790716.024677] [cn1038:45017:0]          mpool.c:43   UCX  WARN  object 0xc134480 was not returned to mpool ucp_requests
[1678790716.024652] [cn1038:45018:0]          mpool.c:43   UCX  WARN  object 0xc3f51c0 was not returned to mpool ucp_requests
[1678790716.024673] [cn1038:45019:0]          mpool.c:43   UCX  WARN  object 0xa9b77c0 was not returned to mpool ucp_requests
[1678790716.024678] [cn1038:45020:0]          mpool.c:43   UCX  WARN  object 0xc227d40 was not returned to mpool ucp_requests
[1678790716.024823] [cn1038:45021:0]          mpool.c:43   UCX  WARN  object 0xa70fe00 was not returned to mpool ucp_requests
[1678790716.024636] [cn1038:45022:0]          mpool.c:43   UCX  WARN  object 0x59b0f80 was not returned to mpool ucp_requests
cp: cannot stat ‘0V-VH_z-0024\n207.dat’: No such file or directory
cp: cannot stat ‘0V-VH_z-0024\n207.dat’: No such file or directory
cp: cannot stat ‘0V-RHO_z-0024\n207.dat’: No such file or directory
cp: cannot stat ‘0V-RHO_z-0024\n207.dat’: No such file or directory
