cpu-bind=MASK - cn1018, task  0  0 [16830]: mask 0xffffffffffffffff set
--------------------------------------------------------------------------
Open MPI failed an OFI Libfabric library call (fi_domain).  This is highly
unusual; your job may behave unpredictably (and/or abort) after this.

  Local host: cn1024
  Location: mtl_ofi_component.c:928
  Error: No data available (61)
--------------------------------------------------------------------------
[cn1018.scarf.rl.ac.uk:16868] 239 more processes have sent help message help-mtl-ofi.txt / OFI call fail
[cn1018.scarf.rl.ac.uk:16868] Set MCA parameter "orte_base_help_aggregate" to 0 to see all help / error messages
--------------------------------------------------------------------------
Open MPI failed an OFI Libfabric library call (fi_domain).  This is highly
unusual; your job may behave unpredictably (and/or abort) after this.

  Local host: cn1019
  Location: mtl_ofi_component.c:928
  Error: No data available (61)
--------------------------------------------------------------------------
[cn1018.scarf.rl.ac.uk:17758] 239 more processes have sent help message help-mtl-ofi.txt / OFI call fail
[cn1018.scarf.rl.ac.uk:17758] Set MCA parameter "orte_base_help_aggregate" to 0 to see all help / error messages
[1679049997.314150] [cn1018:17853:0]          mpool.c:43   UCX  WARN  object 0xa108c00 was not returned to mpool ucp_requests
[1679049997.314470] [cn1018:17846:0]          mpool.c:43   UCX  WARN  object 0x4eb7d80 was not returned to mpool ucp_requests
[1679049997.314581] [cn1018:17849:0]          mpool.c:43   UCX  WARN  object 0xa375540 was not returned to mpool ucp_requests
[1679049997.316409] [cn1018:17828:0]          mpool.c:43   UCX  WARN  object 0xb2f4c40 was not returned to mpool ucp_requests
[1679049997.316499] [cn1018:17837:0]          mpool.c:43   UCX  WARN  object 0x55aca80 was not returned to mpool ucp_requests
[1679049997.316484] [cn1018:17840:0]          mpool.c:43   UCX  WARN  object 0xb407f80 was not returned to mpool ucp_requests
[1679049997.316503] [cn1018:17825:0]          mpool.c:43   UCX  WARN  object 0xb853c80 was not returned to mpool ucp_requests
[1679049997.316513] [cn1018:17834:0]          mpool.c:43   UCX  WARN  object 0xb298680 was not returned to mpool ucp_requests
[1679049997.316525] [cn1018:17842:0]          mpool.c:43   UCX  WARN  object 0xaa730c0 was not returned to mpool ucp_requests
[1679049997.316543] [cn1018:17830:0]          mpool.c:43   UCX  WARN  object 0xa6e9f00 was not returned to mpool ucp_requests
-1.0998942658E+001
--------------------------------------------------------------------------
Open MPI failed an OFI Libfabric library call (fi_domain).  This is highly
unusual; your job may behave unpredictably (and/or abort) after this.

  Local host: cn1025
  Location: mtl_ofi_component.c:928
  Error: No data available (61)
--------------------------------------------------------------------------
[cn1018.scarf.rl.ac.uk:18406] 239 more processes have sent help message help-mtl-ofi.txt / OFI call fail
[cn1018.scarf.rl.ac.uk:18406] Set MCA parameter "orte_base_help_aggregate" to 0 to see all help / error messages
[1679050985.993612] [cn1018:18493:0]          mpool.c:43   UCX  WARN  object 0xad018c0 was not returned to mpool ucp_requests
[1679050985.993679] [cn1018:18495:0]          mpool.c:43   UCX  WARN  object 0x515bd00 was not returned to mpool ucp_requests
[1679050985.993682] [cn1018:18499:0]          mpool.c:43   UCX  WARN  object 0xa3ff6c0 was not returned to mpool ucp_requests
[1679050985.994521] [cn1018:18483:0]          mpool.c:43   UCX  WARN  object 0xa81fb40 was not returned to mpool ucp_requests
[1679050985.994551] [cn1018:18472:0]          mpool.c:43   UCX  WARN  object 0x5e91880 was not returned to mpool ucp_requests
[1679050985.994582] [cn1018:18488:0]          mpool.c:43   UCX  WARN  object 0x6787bc0 was not returned to mpool ucp_requests
[1679050985.994590] [cn1018:18490:0]          mpool.c:43   UCX  WARN  object 0xb3f0040 was not returned to mpool ucp_requests
[1679050985.994613] [cn1018:18478:0]          mpool.c:43   UCX  WARN  object 0xb2d9940 was not returned to mpool ucp_requests
[1679050985.994665] [cn1018:18480:0]          mpool.c:43   UCX  WARN  object 0xa836040 was not returned to mpool ucp_requests
[1679050985.994769] [cn1018:18474:0]          mpool.c:43   UCX  WARN  object 0x60c4700 was not returned to mpool ucp_requests
cp: cannot stat ‘0V-VH_z-0037.dat’: No such file or directory
cp: cannot stat ‘0V-VH_z-0037.dat’: No such file or directory
cp: cannot stat ‘0V-RHO_z-0037.dat’: No such file or directory
cp: cannot stat ‘0V-RHO_z-0037.dat’: No such file or directory
