cpu-bind=MASK - cn1084, task  0  0 [14373]: mask 0xffffffffffffffff set
-1.0998942658E+001
--------------------------------------------------------------------------
Open MPI failed an OFI Libfabric library call (fi_domain).  This is highly
unusual; your job may behave unpredictably (and/or abort) after this.

  Local host: cn1090
  Location: mtl_ofi_component.c:928
  Error: No data available (61)
--------------------------------------------------------------------------
[cn1084.scarf.rl.ac.uk:14416] 239 more processes have sent help message help-mtl-ofi.txt / OFI call fail
[cn1084.scarf.rl.ac.uk:14416] Set MCA parameter "orte_base_help_aggregate" to 0 to see all help / error messages
[1679308650.915337] [cn1084:14510:0]          mpool.c:43   UCX  WARN  object 0xbc8c880 was not returned to mpool ucp_requests
[1679308650.915708] [cn1084:14503:0]          mpool.c:43   UCX  WARN  object 0x61175c0 was not returned to mpool ucp_requests
[1679308650.915790] [cn1084:14506:0]          mpool.c:43   UCX  WARN  object 0x68601c0 was not returned to mpool ucp_requests
[1679308650.917266] [cn1084:14483:0]          mpool.c:43   UCX  WARN  object 0x5f5ff80 was not returned to mpool ucp_requests
[1679308650.917442] [cn1084:14485:0]          mpool.c:43   UCX  WARN  object 0xa70c380 was not returned to mpool ucp_requests
[1679308650.917150] [cn1084:14487:0]          mpool.c:43   UCX  WARN  object 0xad060c0 was not returned to mpool ucp_requests
[1679308650.917153] [cn1084:14489:0]          mpool.c:43   UCX  WARN  object 0xc1e2180 was not returned to mpool ucp_requests
[1679308650.917348] [cn1084:14492:0]          mpool.c:43   UCX  WARN  object 0xa4d7f40 was not returned to mpool ucp_requests
[1679308650.917387] [cn1084:14499:0]          mpool.c:43   UCX  WARN  object 0xb164d80 was not returned to mpool ucp_requests
[1679308650.917370] [cn1084:14500:0]          mpool.c:43   UCX  WARN  object 0xb134840 was not returned to mpool ucp_requests
cp: cannot stat ‘0V-VH_z-00.dat’: No such file or directory
cp: cannot stat ‘0V-VH_z-00.dat’: No such file or directory
cp: cannot stat ‘0V-RHO_z-00.dat’: No such file or directory
cp: cannot stat ‘0V-RHO_z-00.dat’: No such file or directory
