cpu-bind=MASK - cn1144, task  0  0 [30758]: mask 0xffffffffffffffff set
-1.0998942658E+001
--------------------------------------------------------------------------
Open MPI failed an OFI Libfabric library call (fi_domain).  This is highly
unusual; your job may behave unpredictably (and/or abort) after this.

  Local host: cn1145
  Location: mtl_ofi_component.c:928
  Error: No data available (61)
--------------------------------------------------------------------------
[cn1144.scarf.rl.ac.uk:30798] 239 more processes have sent help message help-mtl-ofi.txt / OFI call fail
[cn1144.scarf.rl.ac.uk:30798] Set MCA parameter "orte_base_help_aggregate" to 0 to see all help / error messages
[1679308310.936519] [cn1144:30888:0]          mpool.c:43   UCX  WARN  object 0xbb96280 was not returned to mpool ucp_requests
[1679308310.936569] [cn1144:30885:0]          mpool.c:43   UCX  WARN  object 0x5efb100 was not returned to mpool ucp_requests
[1679308310.936574] [cn1144:30892:0]          mpool.c:43   UCX  WARN  object 0x501b4c0 was not returned to mpool ucp_requests
[1679308310.938431] [cn1144:30864:0]          mpool.c:43   UCX  WARN  object 0xb0c1e80 was not returned to mpool ucp_requests
[1679308310.938427] [cn1144:30868:0]          mpool.c:43   UCX  WARN  object 0xbf84540 was not returned to mpool ucp_requests
[1679308310.938431] [cn1144:30873:0]          mpool.c:43   UCX  WARN  object 0xb24d4c0 was not returned to mpool ucp_requests
[1679308310.938430] [cn1144:30875:0]          mpool.c:43   UCX  WARN  object 0xbb2d1c0 was not returned to mpool ucp_requests
[1679308310.938430] [cn1144:30878:0]          mpool.c:43   UCX  WARN  object 0xa630980 was not returned to mpool ucp_requests
[1679308310.938451] [cn1144:30881:0]          mpool.c:43   UCX  WARN  object 0xb662240 was not returned to mpool ucp_requests
[1679308310.938479] [cn1144:30870:0]          mpool.c:43   UCX  WARN  object 0xbf28740 was not returned to mpool ucp_requests
cp: cannot stat ‘0V-VH_z-0037.dat’: No such file or directory
cp: cannot stat ‘0V-VH_z-0037.dat’: No such file or directory
cp: cannot stat ‘0V-RHO_z-0037.dat’: No such file or directory
cp: cannot stat ‘0V-RHO_z-0037.dat’: No such file or directory
