rm: cannot remove `modes': No such file or directory
Done.


###############################################################################
TCHPC Cluster: lonsdale
Job 162315 (freq-20.0) for User 'baim' in Account 'hpc_12_00447'
Finished at: Tue Oct  8 20:29:48 IST 2013

Job completion status:
======================

       JobID    JobName      Account  Partition   NTasks  AllocCPUS  MaxVMSize    Elapsed      State ExitCode 
------------ ---------- ------------ ---------- -------- ---------- ---------- ---------- ---------- -------- 
162315        freq-20.0 hpc_12_00447    compute                   8              01:15:55  COMPLETED      0:0 
162315.batch      batch hpc_12_00447                   1          1   3638584K   01:15:55  COMPLETED      0:0 


Job details:
============

JobId=162315 Name=freq-20.0
   UserId=baim(5349) GroupId=baim(9152)
   Priority=11093150 Account=hpc_12_00447 QOS=normal
   JobState=COMPLETED Reason=None Dependency=(null)
   Requeue=0 Restarts=0 BatchFlag=1 ExitCode=0:0
   DerivedExitCode=0:0
   RunTime=01:15:55 TimeLimit=07:30:00 TimeMin=N/A
   SubmitTime=2013-10-08T18:06:24 EligibleTime=2013-10-08T18:06:24
   StartTime=2013-10-08T19:13:53 EndTime=2013-10-08T20:29:48
   PreemptTime=None SuspendTime=None SecsPreSuspend=0
   Partition=compute AllocNode:Sid=lonsdale01:1817
   ReqNodeList=(null) ExcNodeList=(null)
   NodeList=lonsdale-n015
   BatchHost=lonsdale-n015
   NumNodes=1 NumCPUs=8 CPUs/Task=1 ReqS:C:T=*:*:*
     Nodes=lonsdale-n015 CPU_IDs=0-7 Mem=15200
   MinCPUsNode=1 MinMemoryCPU=1900M MinTmpDiskNode=0
   Features=(null) Gres=(null) Reservation=(null)
   Shared=0 Contiguous=0 Licenses=(null) Network=(null)
   Command=/home/users/baim/workspace/MD/gold/3d/100/jp/spd/newbasis/bias/h2/20.0/freq/freq.sh
   WorkDir=/home/users/baim/workspace/MD/gold/3d/100/jp/spd/newbasis/bias/h2/20.0/freq


Disk quota details:
===================

Quota Type           Name  Filesystem     Usage in MB     Limit in MB    % Used
-------------------------------------------------------------------------------
USER                 baim       /home          41,308          51,200    80.68%
USER                 baim   /projects             188               0       N/A

GROUP         pi-ssanvito   /projects       6,135,088       6,291,456    97.51%


SLURM Bank Statement:
=====================

User           Usage |        Account     Usage | Account Limit Available (CPU hrs)
---------- --------- + -------------- --------- + ------------- ---------

baim         129,226 |   HPC_12_00447   129,226 |       300,000   170,774
ssanvito           0 |   HPC_12_00447   129,226 |       300,000   170,774


Acknowledgements:
=================

Note that usage of TCHPC Resources *must* be acknowledged in all publications.

Please see this page for details relevant to this cluster:

http://www.tchpc.tcd.ie/resources/acknowledgementpolicy

################################################################################
