cpu-bind=MASK - cn1057, task  0  0 [16873]: mask 0xffffffffffffffff set
--------------------------------------------------------------------------
Open MPI failed an OFI Libfabric library call (fi_domain).  This is highly
unusual; your job may behave unpredictably (and/or abort) after this.

  Local host: cn1076
  Location: mtl_ofi_component.c:928
  Error: No data available (61)
--------------------------------------------------------------------------
[cn1057.scarf.rl.ac.uk:17875] 239 more processes have sent help message help-mtl-ofi.txt / OFI call fail
[cn1057.scarf.rl.ac.uk:17875] Set MCA parameter "orte_base_help_aggregate" to 0 to see all help / error messages
-1.0987820289E+001
--------------------------------------------------------------------------
Open MPI failed an OFI Libfabric library call (fi_domain).  This is highly
unusual; your job may behave unpredictably (and/or abort) after this.

  Local host: cn1076
  Location: mtl_ofi_component.c:928
  Error: No data available (61)
--------------------------------------------------------------------------
[cn1057.scarf.rl.ac.uk:19089] 239 more processes have sent help message help-mtl-ofi.txt / OFI call fail
[cn1057.scarf.rl.ac.uk:19089] Set MCA parameter "orte_base_help_aggregate" to 0 to see all help / error messages
[1678866262.577588] [cn1057:19181:0]          mpool.c:43   UCX  WARN  object 0x551fec0 was not returned to mpool ucp_requests
[1678866262.577637] [cn1057:19179:0]          mpool.c:43   UCX  WARN  object 0xa2a22c0 was not returned to mpool ucp_requests
[1678866262.578634] [cn1057:19177:0]          mpool.c:43   UCX  WARN  object 0x6486200 was not returned to mpool ucp_requests
[1678866262.579141] [cn1057:19163:0]          mpool.c:43   UCX  WARN  object 0xb843140 was not returned to mpool ucp_requests
[1678866262.579190] [cn1057:19159:0]          mpool.c:43   UCX  WARN  object 0xabb7340 was not returned to mpool ucp_requests
[1678866262.579181] [cn1057:19167:0]          mpool.c:43   UCX  WARN  object 0xab00e40 was not returned to mpool ucp_requests
[1678866262.579211] [cn1057:19169:0]          mpool.c:43   UCX  WARN  object 0xa3492c0 was not returned to mpool ucp_requests
[1678866262.579185] [cn1057:19172:0]          mpool.c:43   UCX  WARN  object 0xbae6840 was not returned to mpool ucp_requests
[1678866262.579246] [cn1057:19156:0]          mpool.c:43   UCX  WARN  object 0xa89ce40 was not returned to mpool ucp_requests
[1678866262.579217] [cn1057:19158:0]          mpool.c:43   UCX  WARN  object 0xab0bbc0 was not returned to mpool ucp_requests
cp: cannot stat ‘0V-VH_z-0030.dat’: No such file or directory
cp: cannot stat ‘0V-VH_z-0030.dat’: No such file or directory
cp: cannot stat ‘0V-RHO_z-0030.dat’: No such file or directory
cp: cannot stat ‘0V-RHO_z-0030.dat’: No such file or directory
