cpu-bind=MASK - cn1112, task  0  0 [16315]: mask 0xffffffffffffffff set
--------------------------------------------------------------------------
Open MPI failed an OFI Libfabric library call (fi_domain).  This is highly
unusual; your job may behave unpredictably (and/or abort) after this.

  Local host: cn1115
  Location: mtl_ofi_component.c:928
  Error: No data available (61)
--------------------------------------------------------------------------
[cn1112.scarf.rl.ac.uk:17373] 239 more processes have sent help message help-mtl-ofi.txt / OFI call fail
[cn1112.scarf.rl.ac.uk:17373] Set MCA parameter "orte_base_help_aggregate" to 0 to see all help / error messages
--------------------------------------------------------------------------
Open MPI failed an OFI Libfabric library call (fi_domain).  This is highly
unusual; your job may behave unpredictably (and/or abort) after this.

  Local host: cn1112
  Location: mtl_ofi_component.c:928
  Error: No data available (61)
--------------------------------------------------------------------------
[cn1112.scarf.rl.ac.uk:18607] 239 more processes have sent help message help-mtl-ofi.txt / OFI call fail
[cn1112.scarf.rl.ac.uk:18607] Set MCA parameter "orte_base_help_aggregate" to 0 to see all help / error messages
[1678911646.133673] [cn1112:18697:0]          mpool.c:43   UCX  WARN  object 0x6162940 was not returned to mpool ucp_requests
[1678911646.133666] [cn1112:18700:0]          mpool.c:43   UCX  WARN  object 0xa1aae80 was not returned to mpool ucp_requests
[1678911646.133756] [cn1112:18696:0]          mpool.c:43   UCX  WARN  object 0x65bbd80 was not returned to mpool ucp_requests
[1678911646.135099] [cn1112:18678:0]          mpool.c:43   UCX  WARN  object 0x51df9c0 was not returned to mpool ucp_requests
[1678911646.135137] [cn1112:18675:0]          mpool.c:43   UCX  WARN  object 0xc32f680 was not returned to mpool ucp_requests
[1678911646.135172] [cn1112:18680:0]          mpool.c:43   UCX  WARN  object 0xacd5a40 was not returned to mpool ucp_requests
[1678911646.135214] [cn1112:18682:0]          mpool.c:43   UCX  WARN  object 0xa57e500 was not returned to mpool ucp_requests
[1678911646.135214] [cn1112:18685:0]          mpool.c:43   UCX  WARN  object 0x5404780 was not returned to mpool ucp_requests
[1678911646.135247] [cn1112:18688:0]          mpool.c:43   UCX  WARN  object 0xac016c0 was not returned to mpool ucp_requests
[1678911646.135274] [cn1112:18692:0]          mpool.c:43   UCX  WARN  object 0x6c53700 was not returned to mpool ucp_requests
-1.0987820289E+001
--------------------------------------------------------------------------
Open MPI failed an OFI Libfabric library call (fi_domain).  This is highly
unusual; your job may behave unpredictably (and/or abort) after this.

  Local host: cn1112
  Location: mtl_ofi_component.c:928
  Error: No data available (61)
--------------------------------------------------------------------------
[cn1112.scarf.rl.ac.uk:19222] 239 more processes have sent help message help-mtl-ofi.txt / OFI call fail
[cn1112.scarf.rl.ac.uk:19222] Set MCA parameter "orte_base_help_aggregate" to 0 to see all help / error messages
[1678912058.141410] [cn1112:19309:0]          mpool.c:43   UCX  WARN  object 0xaf0fa00 was not returned to mpool ucp_requests
[1678912058.141540] [cn1112:19315:0]          mpool.c:43   UCX  WARN  object 0x59024c0 was not returned to mpool ucp_requests
[1678912058.141596] [cn1112:19313:0]          mpool.c:43   UCX  WARN  object 0xb3e0e00 was not returned to mpool ucp_requests
[1678912058.143169] [cn1112:19288:0]          mpool.c:43   UCX  WARN  object 0xbd77e00 was not returned to mpool ucp_requests
[1678912058.143163] [cn1112:19293:0]          mpool.c:43   UCX  WARN  object 0x5a7d580 was not returned to mpool ucp_requests
[1678912058.143153] [cn1112:19300:0]          mpool.c:43   UCX  WARN  object 0xbe00b40 was not returned to mpool ucp_requests
[1678912058.143152] [cn1112:19303:0]          mpool.c:43   UCX  WARN  object 0x6acde00 was not returned to mpool ucp_requests
[1678912058.143218] [cn1112:19292:0]          mpool.c:43   UCX  WARN  object 0xa37ebc0 was not returned to mpool ucp_requests
[1678912058.143256] [cn1112:19296:0]          mpool.c:43   UCX  WARN  object 0xaa25600 was not returned to mpool ucp_requests
[1678912058.143309] [cn1112:19305:0]          mpool.c:43   UCX  WARN  object 0x6831040 was not returned to mpool ucp_requests
cp: cannot stat ‘0V-VH_z-0026.dat’: No such file or directory
cp: cannot stat ‘0V-VH_z-0026.dat’: No such file or directory
cp: cannot stat ‘0V-RHO_z-0026.dat’: No such file or directory
cp: cannot stat ‘0V-RHO_z-0026.dat’: No such file or directory
