 iscf   Eharris(eV)      E_KS(eV)   FreeEng(eV)    dHmax    dDmax   Ef(eV)
    1      -31.3298      -31.3218      -31.3218   0.01027   0.00000 -4.72353
    2      -31.3292      -31.3291      -31.3291   0.00133   0.00000 -4.84485
    3      -31.3292      -31.3284      -31.3284   0.00044   0.00000 -4.83203
    4      -31.3292      -31.3291      -31.3291   0.00013   0.00000 -4.83309
    5      -31.3292      -31.3291      -31.3291   0.00013   0.00000 -4.83311
    6      -31.3292      -31.3291      -31.3291   0.00012   0.00000 -4.83313
    7      -31.3292      -31.3291      -31.3291   0.00012   0.00000 -4.83315
    8      -31.3292      -31.3291      -31.3291   0.00012   0.00000 -4.83317
    9      -31.3292      -31.3291      -31.3291   0.00011   0.00000 -4.83319
   10      -31.3292      -31.3291      -31.3291   0.00011   0.00000 -4.83321
   11      -31.3292      -31.3291      -31.3291   0.00011   0.00000 -4.83323
   12      -31.3292      -31.3291      -31.3291   0.00010   0.00000 -4.83325
   13      -31.3292      -31.3291      -31.3291   0.00010   0.00000 -4.83327
   14      -31.3292      -31.3291      -31.3291   0.00010   0.00000 -4.83329
   15      -31.3292      -31.3291      -31.3291   0.00010   0.00000 -4.83330
   16      -31.3292      -31.3291      -31.3291   0.00009   0.00000 -4.83332
   17      -31.3292      -31.3291      -31.3291   0.00009   0.00000 -4.83334
   18      -31.3292      -31.3291      -31.3291   0.00009   0.00000 -4.83335
   19      -31.3292      -31.3292      -31.3292   0.00009   0.00000 -4.83337
   20      -31.3292      -31.3292      -31.3292   0.00008   0.00000 -4.83339
   21      -31.3292      -31.3292      -31.3292   0.00008   0.00000 -4.83340
   22      -31.3292      -31.3292      -31.3292   0.00008   0.00000 -4.83342
   23      -31.3292      -31.3292      -31.3292   0.00008   0.00000 -4.83343
   24      -31.3292      -31.3292      -31.3292   0.00008   0.00000 -4.83345
   25      -31.3292      -31.3292      -31.3292   0.00007   0.00000 -4.83346
   26      -31.3292      -31.3292      -31.3292   0.00007   0.00000 -4.83347
   27      -31.3292      -31.3292      -31.3292   0.00007   0.00000 -4.83349
   28      -31.3292      -31.3292      -31.3292   0.00007   0.00000 -4.83350
   29      -31.3292      -31.3292      -31.3292   0.00007   0.00000 -4.83351
   30      -31.3292      -31.3292      -31.3292   0.00007   0.00000 -4.83352
   31      -31.3292      -31.3292      -31.3292   0.00006   0.00000 -4.83354
   32      -31.3292      -31.3292      -31.3292   0.00006   0.00000 -4.83355
   33      -31.3292      -31.3292      -31.3292   0.00006   0.00000 -4.83356
   34      -31.3292      -31.3292      -31.3292   0.00006   0.00000 -4.83357
   35      -31.3292      -31.3292      -31.3292   0.00006   0.00000 -4.83358
   36      -31.3292      -31.3292      -31.3292   0.00006   0.00000 -4.83359
   37      -31.3292      -31.3292      -31.3292   0.00005   0.00000 -4.83360
   38      -31.3292      -31.3292      -31.3292   0.00005   0.00000 -4.83362
   39      -31.3292      -31.3292      -31.3292   0.00005   0.00000 -4.83363
   40      -31.3292      -31.3292      -31.3292   0.00005   0.00000 -4.83364
   41      -31.3292      -31.3292      -31.3292   0.00005   0.00000 -4.83365
   42      -31.3292      -31.3292      -31.3292   0.00005   0.00000 -4.83365
   43      -31.3292      -31.3292      -31.3292   0.00005   0.00000 -4.83366
   44      -31.3292      -31.3292      -31.3292   0.00005   0.00000 -4.83367
   45      -31.3292      -31.3292      -31.3292   0.00004   0.00000 -4.83368
   46      -31.3292      -31.3292      -31.3292   0.00004   0.00000 -4.83369
   47      -31.3292      -31.3292      -31.3292   0.00004   0.00000 -4.83370
   48      -31.3292      -31.3292      -31.3292   0.00004   0.00000 -4.83371
   49      -31.3292      -31.3292      -31.3292   0.00004   0.00000 -4.83372
   50      -31.3292      -31.3292      -31.3292   0.00004   0.00000 -4.83372
   51      -31.3292      -31.3292      -31.3292   0.00004   0.00000 -4.83373
   52      -31.3292      -31.3292      -31.3292   0.00004   0.00000 -4.83374
   53      -31.3292      -31.3292      -31.3292   0.00004   0.00000 -4.83375
   54      -31.3292      -31.3292      -31.3292   0.00004   0.00000 -4.83375
   55      -31.3292      -31.3292      -31.3292   0.00003   0.00000 -4.83376
   56      -31.3292      -31.3292      -31.3292   0.00003   0.00000 -4.83377
   57      -31.3292      -31.3292      -31.3292   0.00003   0.00000 -4.83378
   58      -31.3292      -31.3292      -31.3292   0.00003   0.00000 -4.83378
   59      -31.3292      -31.3292      -31.3292   0.00003   0.00000 -4.83379
   60      -31.3292      -31.3292      -31.3292   0.00003   0.00000 -4.83380
   61      -31.3292      -31.3292      -31.3292   0.00003   0.00000 -4.83380
   62      -31.3292      -31.3292      -31.3292   0.00003   0.00000 -4.83381
   63      -31.3292      -31.3292      -31.3292   0.00003   0.00000 -4.83381
   64      -31.3292      -31.3292      -31.3292   0.00003   0.00000 -4.83382
   65      -31.3292      -31.3292      -31.3292   0.00003   0.00000 -4.83383
   66      -31.3292      -31.3292      -31.3292   0.00003   0.00000 -4.83383
   67      -31.3292      -31.3292      -31.3292   0.00003   0.00000 -4.83384
   68      -31.3292      -31.3292      -31.3292   0.00002   0.00000 -4.83384
   69      -31.3292      -31.3292      -31.3292   0.00002   0.00000 -4.83385
   70      -31.3292      -31.3292      -31.3292   0.00002   0.00000 -4.83385
   71      -31.3292      -31.3292      -31.3292   0.00002   0.00000 -4.83386
   72      -31.3292      -31.3292      -31.3292   0.00002   0.00000 -4.83386
   73      -31.3292      -31.3292      -31.3292   0.00002   0.00000 -4.83387
   74      -31.3292      -31.3292      -31.3292   0.00002   0.00000 -4.83387
   75      -31.3292      -31.3292      -31.3292   0.00002   0.00000 -4.83388
   76      -31.3292      -31.3292      -31.3292   0.00002   0.00000 -4.83388
