cpu-bind=MASK - cn1152, task  0  0 [55482]: mask 0xffffffffffffffff set
-1.0989796330E+001
--------------------------------------------------------------------------
Open MPI failed an OFI Libfabric library call (fi_domain).  This is highly
unusual; your job may behave unpredictably (and/or abort) after this.

  Local host: cn1162
  Location: mtl_ofi_component.c:928
  Error: No data available (61)
--------------------------------------------------------------------------
[cn1152.scarf.rl.ac.uk:55523] 239 more processes have sent help message help-mtl-ofi.txt / OFI call fail
[cn1152.scarf.rl.ac.uk:55523] Set MCA parameter "orte_base_help_aggregate" to 0 to see all help / error messages
[1679308166.349270] [cn1152:55617:0]          mpool.c:43   UCX  WARN  object 0xbf44bc0 was not returned to mpool ucp_requests
[1679308166.349395] [cn1152:55609:0]          mpool.c:43   UCX  WARN  object 0xa8aeac0 was not returned to mpool ucp_requests
[1679308166.349377] [cn1152:55620:0]          mpool.c:43   UCX  WARN  object 0xb3996c0 was not returned to mpool ucp_requests
[1679308166.350636] [cn1152:55589:0]          mpool.c:43   UCX  WARN  object 0x6708c80 was not returned to mpool ucp_requests
[1679308166.350647] [cn1152:55595:0]          mpool.c:43   UCX  WARN  object 0xa544480 was not returned to mpool ucp_requests
[1679308166.350653] [cn1152:55603:0]          mpool.c:43   UCX  WARN  object 0xbe58e00 was not returned to mpool ucp_requests
[1679308166.350661] [cn1152:55601:0]          mpool.c:43   UCX  WARN  object 0x6029b00 was not returned to mpool ucp_requests
[1679308166.350708] [cn1152:55591:0]          mpool.c:43   UCX  WARN  object 0xb86d180 was not returned to mpool ucp_requests
[1679308166.350697] [cn1152:55599:0]          mpool.c:43   UCX  WARN  object 0xabb53c0 was not returned to mpool ucp_requests
[1679308166.350797] [cn1152:55606:0]          mpool.c:43   UCX  WARN  object 0xbf5aa40 was not returned to mpool ucp_requests
cp: cannot stat ‘0V-VH_z-0025.dat’: No such file or directory
cp: cannot stat ‘0V-VH_z-0025.dat’: No such file or directory
cp: cannot stat ‘0V-RHO_z-0025.dat’: No such file or directory
cp: cannot stat ‘0V-RHO_z-0025.dat’: No such file or directory
