rm: cannot remove `modes': No such file or directory
Done.


###############################################################################
TCHPC Cluster: lonsdale
Job 162597 (freq-30.0) for User 'baim' in Account 'hpc_12_00447'
Finished at: Wed Oct  9 17:52:25 IST 2013

Job completion status:
======================

       JobID    JobName      Account  Partition   NTasks  AllocCPUS  MaxVMSize    Elapsed      State ExitCode 
------------ ---------- ------------ ---------- -------- ---------- ---------- ---------- ---------- -------- 
162597        freq-30.0 hpc_12_00447    compute                   8              01:19:46  COMPLETED      0:0 
162597.batch      batch hpc_12_00447                   1          1   3638728K   01:19:46  COMPLETED      0:0 


Job details:
============

JobId=162597 Name=freq-30.0
   UserId=baim(5349) GroupId=baim(9152)
   Priority=11132844 Account=hpc_12_00447 QOS=normal
   JobState=COMPLETED Reason=None Dependency=(null)
   Requeue=0 Restarts=0 BatchFlag=1 ExitCode=0:0
   DerivedExitCode=0:0
   RunTime=01:19:46 TimeLimit=07:30:00 TimeMin=N/A
   SubmitTime=2013-10-09T16:24:12 EligibleTime=2013-10-09T16:24:12
   StartTime=2013-10-09T16:32:39 EndTime=2013-10-09T17:52:25
   PreemptTime=None SuspendTime=None SecsPreSuspend=0
   Partition=compute AllocNode:Sid=lonsdale01:31499
   ReqNodeList=(null) ExcNodeList=(null)
   NodeList=lonsdale-n007
   BatchHost=lonsdale-n007
   NumNodes=1 NumCPUs=8 CPUs/Task=1 ReqS:C:T=*:*:*
     Nodes=lonsdale-n007 CPU_IDs=0-7 Mem=15200
   MinCPUsNode=1 MinMemoryCPU=1900M MinTmpDiskNode=0
   Features=(null) Gres=(null) Reservation=(null)
   Shared=0 Contiguous=0 Licenses=(null) Network=(null)
   Command=/home/users/baim/workspace/MD/gold/3d/100/jp/spd/newbasis/bias/h2/30.0/freq/freq.sh
   WorkDir=/home/users/baim/workspace/MD/gold/3d/100/jp/spd/newbasis/bias/h2/30.0/freq


Disk quota details:
===================

Quota Type           Name  Filesystem     Usage in MB     Limit in MB    % Used
-------------------------------------------------------------------------------
USER                 baim       /home          42,055          51,200    82.14%
USER                 baim   /projects             188               0       N/A

GROUP         pi-ssanvito   /projects       6,136,249       6,291,456    97.53%


SLURM Bank Statement:
=====================

User           Usage |        Account     Usage | Account Limit Available (CPU hrs)
---------- --------- + -------------- --------- + ------------- ---------

baim         129,284 |   HPC_12_00447   129,284 |       300,000   170,716
ssanvito           0 |   HPC_12_00447   129,284 |       300,000   170,716


Acknowledgements:
=================

Note that usage of TCHPC Resources *must* be acknowledged in all publications.

Please see this page for details relevant to this cluster:

http://www.tchpc.tcd.ie/resources/acknowledgementpolicy

################################################################################
