cpu-bind=MASK - cn1144, task  0  0 [29602]: mask 0xffffffffffffffff set
-1.1035206681E+001
--------------------------------------------------------------------------
Open MPI failed an OFI Libfabric library call (fi_domain).  This is highly
unusual; your job may behave unpredictably (and/or abort) after this.

  Local host: cn1150
  Location: mtl_ofi_component.c:928
  Error: No data available (61)
--------------------------------------------------------------------------
[cn1144.scarf.rl.ac.uk:29782] 239 more processes have sent help message help-mtl-ofi.txt / OFI call fail
[cn1144.scarf.rl.ac.uk:29782] Set MCA parameter "orte_base_help_aggregate" to 0 to see all help / error messages
[1679308120.062847] [cn1144:30001:0]          mpool.c:43   UCX  WARN  object 0xba28b80 was not returned to mpool ucp_requests
[1679308120.062845] [cn1144:30004:0]          mpool.c:43   UCX  WARN  object 0xa7c8480 was not returned to mpool ucp_requests
[1679308120.063177] [cn1144:29998:0]          mpool.c:43   UCX  WARN  object 0xa2b2cc0 was not returned to mpool ucp_requests
[1679308120.064186] [cn1144:29993:0]          mpool.c:43   UCX  WARN  object 0xb54e840 was not returned to mpool ucp_requests
[1679308120.064223] [cn1144:29989:0]          mpool.c:43   UCX  WARN  object 0x6738ac0 was not returned to mpool ucp_requests
[1679308120.064268] [cn1144:29986:0]          mpool.c:43   UCX  WARN  object 0x69c3c40 was not returned to mpool ucp_requests
[1679308120.064276] [cn1144:29995:0]          mpool.c:43   UCX  WARN  object 0xa31c780 was not returned to mpool ucp_requests
[1679308120.064292] [cn1144:29977:0]          mpool.c:43   UCX  WARN  object 0x5491980 was not returned to mpool ucp_requests
[1679308120.064302] [cn1144:29979:0]          mpool.c:43   UCX  WARN  object 0x6b90f40 was not returned to mpool ucp_requests
[1679308120.064282] [cn1144:29983:0]          mpool.c:43   UCX  WARN  object 0x584ec80 was not returned to mpool ucp_requests
cp: cannot stat ‘0V-VH_z-0028.dat’: No such file or directory
cp: cannot stat ‘0V-VH_z-0028.dat’: No such file or directory
cp: cannot stat ‘0V-RHO_z-0028.dat’: No such file or directory
cp: cannot stat ‘0V-RHO_z-0028.dat’: No such file or directory
