cpu-bind=MASK - cn1144, task  0  0 [31935]: mask 0xffffffffffffffff set
-1.1035206681E+001
--------------------------------------------------------------------------
Open MPI failed an OFI Libfabric library call (fi_domain).  This is highly
unusual; your job may behave unpredictably (and/or abort) after this.

  Local host: cn1148
  Location: mtl_ofi_component.c:928
  Error: No data available (61)
--------------------------------------------------------------------------
[cn1144.scarf.rl.ac.uk:31981] 239 more processes have sent help message help-mtl-ofi.txt / OFI call fail
[cn1144.scarf.rl.ac.uk:31981] Set MCA parameter "orte_base_help_aggregate" to 0 to see all help / error messages
[1679308484.144473] [cn1144:32075:0]          mpool.c:43   UCX  WARN  object 0xa688b40 was not returned to mpool ucp_requests
[1679308484.144540] [cn1144:32070:0]          mpool.c:43   UCX  WARN  object 0xa7b3ac0 was not returned to mpool ucp_requests
[1679308484.144596] [cn1144:32073:0]          mpool.c:43   UCX  WARN  object 0xbb57a00 was not returned to mpool ucp_requests
[1679308484.146961] [cn1144:32058:0]          mpool.c:43   UCX  WARN  object 0x6d30b80 was not returned to mpool ucp_requests
[1679308484.146986] [cn1144:32062:0]          mpool.c:43   UCX  WARN  object 0x5846b40 was not returned to mpool ucp_requests
[1679308484.147005] [cn1144:32065:0]          mpool.c:43   UCX  WARN  object 0xba4ddc0 was not returned to mpool ucp_requests
[1679308484.146998] [cn1144:32050:0]          mpool.c:43   UCX  WARN  object 0xba216c0 was not returned to mpool ucp_requests
[1679308484.147025] [cn1144:32053:0]          mpool.c:43   UCX  WARN  object 0xb9e4700 was not returned to mpool ucp_requests
[1679308484.147044] [cn1144:32056:0]          mpool.c:43   UCX  WARN  object 0xa71e780 was not returned to mpool ucp_requests
[1679308484.147001] [cn1144:32047:0]          mpool.c:43   UCX  WARN  object 0xc1356c0 was not returned to mpool ucp_requests
cp: cannot stat ‘0V-VH_z-00.dat’: No such file or directory
cp: cannot stat ‘0V-VH_z-00.dat’: No such file or directory
cp: cannot stat ‘0V-RHO_z-00.dat’: No such file or directory
cp: cannot stat ‘0V-RHO_z-00.dat’: No such file or directory
