 iscf   Eharris(eV)      E_KS(eV)   FreeEng(eV)    dHmax    dDmax   Ef(eV)
    1      -31.3298      -31.3218      -31.3218   0.01027   0.00000 -4.72344
    2      -31.3292      -31.3291      -31.3291   0.00132   0.00000 -4.84477
    3      -31.3292      -31.3284      -31.3284   0.00044   0.00000 -4.83195
    4      -31.3292      -31.3291      -31.3291   0.00012   0.00000 -4.83301
    5      -31.3292      -31.3291      -31.3291   0.00012   0.00000 -4.83303
    6      -31.3292      -31.3291      -31.3291   0.00012   0.00000 -4.83305
    7      -31.3292      -31.3291      -31.3291   0.00011   0.00000 -4.83307
    8      -31.3292      -31.3291      -31.3291   0.00011   0.00000 -4.83309
    9      -31.3292      -31.3291      -31.3291   0.00011   0.00000 -4.83311
   10      -31.3292      -31.3291      -31.3291   0.00011   0.00000 -4.83313
   11      -31.3292      -31.3291      -31.3291   0.00010   0.00000 -4.83315
   12      -31.3292      -31.3291      -31.3291   0.00010   0.00000 -4.83317
   13      -31.3292      -31.3291      -31.3291   0.00010   0.00000 -4.83319
   14      -31.3292      -31.3291      -31.3291   0.00010   0.00000 -4.83321
   15      -31.3292      -31.3291      -31.3291   0.00009   0.00000 -4.83322
   16      -31.3292      -31.3291      -31.3291   0.00009   0.00000 -4.83324
   17      -31.3292      -31.3291      -31.3291   0.00009   0.00000 -4.83326
   18      -31.3292      -31.3291      -31.3291   0.00009   0.00000 -4.83327
   19      -31.3292      -31.3291      -31.3291   0.00008   0.00000 -4.83329
   20      -31.3292      -31.3291      -31.3291   0.00008   0.00000 -4.83330
   21      -31.3292      -31.3291      -31.3291   0.00008   0.00000 -4.83332
   22      -31.3292      -31.3291      -31.3291   0.00008   0.00000 -4.83333
   23      -31.3292      -31.3291      -31.3291   0.00008   0.00000 -4.83335
   24      -31.3292      -31.3291      -31.3291   0.00007   0.00000 -4.83336
   25      -31.3292      -31.3291      -31.3291   0.00007   0.00000 -4.83338
   26      -31.3292      -31.3291      -31.3291   0.00007   0.00000 -4.83339
   27      -31.3292      -31.3291      -31.3291   0.00007   0.00000 -4.83340
   28      -31.3292      -31.3291      -31.3291   0.00007   0.00000 -4.83342
   29      -31.3292      -31.3291      -31.3291   0.00006   0.00000 -4.83343
   30      -31.3292      -31.3291      -31.3291   0.00006   0.00000 -4.83344
   31      -31.3292      -31.3291      -31.3291   0.00006   0.00000 -4.83346
   32      -31.3292      -31.3291      -31.3291   0.00006   0.00000 -4.83347
   33      -31.3292      -31.3291      -31.3291   0.00006   0.00000 -4.83348
   34      -31.3292      -31.3291      -31.3291   0.00006   0.00000 -4.83349
   35      -31.3292      -31.3291      -31.3291   0.00006   0.00000 -4.83350
   36      -31.3292      -31.3291      -31.3291   0.00005   0.00000 -4.83351
   37      -31.3292      -31.3291      -31.3291   0.00005   0.00000 -4.83352
   38      -31.3292      -31.3292      -31.3292   0.00005   0.00000 -4.83353
   39      -31.3292      -31.3292      -31.3292   0.00005   0.00000 -4.83354
   40      -31.3292      -31.3292      -31.3292   0.00005   0.00000 -4.83355
   41      -31.3292      -31.3292      -31.3292   0.00005   0.00000 -4.83356
   42      -31.3292      -31.3292      -31.3292   0.00005   0.00000 -4.83357
   43      -31.3292      -31.3292      -31.3292   0.00005   0.00000 -4.83358
   44      -31.3292      -31.3292      -31.3292   0.00004   0.00000 -4.83359
   45      -31.3292      -31.3292      -31.3292   0.00004   0.00000 -4.83360
   46      -31.3292      -31.3292      -31.3292   0.00004   0.00000 -4.83361
   47      -31.3292      -31.3292      -31.3292   0.00004   0.00000 -4.83362
   48      -31.3292      -31.3292      -31.3292   0.00004   0.00000 -4.83363
   49      -31.3292      -31.3292      -31.3292   0.00004   0.00000 -4.83364
   50      -31.3292      -31.3292      -31.3292   0.00004   0.00000 -4.83364
   51      -31.3292      -31.3292      -31.3292   0.00004   0.00000 -4.83365
   52      -31.3292      -31.3292      -31.3292   0.00004   0.00000 -4.83366
   53      -31.3292      -31.3292      -31.3292   0.00003   0.00000 -4.83367
   54      -31.3292      -31.3292      -31.3292   0.00003   0.00000 -4.83367
   55      -31.3292      -31.3292      -31.3292   0.00003   0.00000 -4.83368
   56      -31.3292      -31.3292      -31.3292   0.00003   0.00000 -4.83369
   57      -31.3292      -31.3292      -31.3292   0.00003   0.00000 -4.83369
   58      -31.3292      -31.3292      -31.3292   0.00003   0.00000 -4.83370
   59      -31.3292      -31.3292      -31.3292   0.00003   0.00000 -4.83371
   60      -31.3292      -31.3292      -31.3292   0.00003   0.00000 -4.83371
   61      -31.3292      -31.3292      -31.3292   0.00003   0.00000 -4.83372
   62      -31.3292      -31.3292      -31.3292   0.00003   0.00000 -4.83373
   63      -31.3292      -31.3292      -31.3292   0.00003   0.00000 -4.83373
   64      -31.3292      -31.3292      -31.3292   0.00003   0.00000 -4.83374
   65      -31.3292      -31.3292      -31.3292   0.00003   0.00000 -4.83374
   66      -31.3292      -31.3292      -31.3292   0.00003   0.00000 -4.83375
   67      -31.3292      -31.3292      -31.3292   0.00002   0.00000 -4.83376
   68      -31.3292      -31.3292      -31.3292   0.00002   0.00000 -4.83376
   69      -31.3292      -31.3292      -31.3292   0.00002   0.00000 -4.83377
   70      -31.3292      -31.3292      -31.3292   0.00002   0.00000 -4.83377
   71      -31.3292      -31.3292      -31.3292   0.00002   0.00000 -4.83378
   72      -31.3292      -31.3292      -31.3292   0.00002   0.00000 -4.83378
   73      -31.3292      -31.3292      -31.3292   0.00002   0.00000 -4.83379
   74      -31.3292      -31.3292      -31.3292   0.00002   0.00000 -4.83379
   75      -31.3292      -31.3292      -31.3292   0.00002   0.00000 -4.83380
