cpu-bind=MASK - cn1028, task  0  0 [7737]: mask 0xffffffffffffffff set
--------------------------------------------------------------------------
Open MPI failed an OFI Libfabric library call (fi_domain).  This is highly
unusual; your job may behave unpredictably (and/or abort) after this.

  Local host: cn1031
  Location: mtl_ofi_component.c:928
  Error: No data available (61)
--------------------------------------------------------------------------
[cn1028.scarf.rl.ac.uk:09142] 239 more processes have sent help message help-mtl-ofi.txt / OFI call fail
[cn1028.scarf.rl.ac.uk:09142] Set MCA parameter "orte_base_help_aggregate" to 0 to see all help / error messages
[1677064296.318803] [cn1028:9184 :0]          mpool.c:43   UCX  WARN  object 0x64eb7c0 was not returned to mpool ucp_requests
[1677064296.319828] [cn1028:9183 :0]          mpool.c:43   UCX  WARN  object 0xbdd8740 was not returned to mpool ucp_requests
[1677064296.319640] [cn1028:9186 :0]          mpool.c:43   UCX  WARN  object 0xaa92000 was not returned to mpool ucp_requests
[1677064296.320061] [cn1028:9187 :0]          mpool.c:43   UCX  WARN  object 0xb167f40 was not returned to mpool ucp_requests
[1677064296.319789] [cn1028:9188 :0]          mpool.c:43   UCX  WARN  object 0xb711b80 was not returned to mpool ucp_requests
[1677064296.319798] [cn1028:9189 :0]          mpool.c:43   UCX  WARN  object 0xc173180 was not returned to mpool ucp_requests
[1677064296.319870] [cn1028:9190 :0]          mpool.c:43   UCX  WARN  object 0xb668a40 was not returned to mpool ucp_requests
[1677064296.319994] [cn1028:9191 :0]          mpool.c:43   UCX  WARN  object 0xb5e0dc0 was not returned to mpool ucp_requests
[1677064296.320057] [cn1028:9192 :0]          mpool.c:43   UCX  WARN  object 0xa358b00 was not returned to mpool ucp_requests
[1677064296.320099] [cn1028:9193 :0]          mpool.c:43   UCX  WARN  object 0xab4fb00 was not returned to mpool ucp_requests
[1677064296.318900] [cn1029:57850:0]          mpool.c:43   UCX  WARN  object 0xb4dab00 was not returned to mpool ucp_requests
[1677064296.318898] [cn1029:57851:0]          mpool.c:43   UCX  WARN  object 0xbd4b5c0 was not returned to mpool ucp_requests
[1677064296.318930] [cn1029:57849:0]          mpool.c:43   UCX  WARN  object 0xba0a000 was not returned to mpool ucp_requests
grep: log_3_0V.out: No such file or directory
cp: cannot stat ‘0V-VH_z-00.dat’: No such file or directory
cp: cannot stat ‘0V-VH_z-00.dat’: No such file or directory
cp: cannot stat ‘0V-RHO_z-00.dat’: No such file or directory
cp: cannot stat ‘0V-RHO_z-00.dat’: No such file or directory
rm: cannot remove ‘*.txt’: No such file or directory
