cpu-bind=MASK - cn1079, task  0  0 [48045]: mask 0xffffffffffffffff set
--------------------------------------------------------------------------
Open MPI failed an OFI Libfabric library call (fi_domain).  This is highly
unusual; your job may behave unpredictably (and/or abort) after this.

  Local host: cn1082
  Location: mtl_ofi_component.c:928
  Error: No data available (61)
--------------------------------------------------------------------------
[cn1079.scarf.rl.ac.uk:49052] 119 more processes have sent help message help-mtl-ofi.txt / OFI call fail
[cn1079.scarf.rl.ac.uk:49052] Set MCA parameter "orte_base_help_aggregate" to 0 to see all help / error messages
--------------------------------------------------------------------------
Open MPI failed an OFI Libfabric library call (fi_domain).  This is highly
unusual; your job may behave unpredictably (and/or abort) after this.

  Local host: cn1082
  Location: mtl_ofi_component.c:928
  Error: No data available (61)
--------------------------------------------------------------------------
[cn1079.scarf.rl.ac.uk:49658] 119 more processes have sent help message help-mtl-ofi.txt / OFI call fail
[cn1079.scarf.rl.ac.uk:49658] Set MCA parameter "orte_base_help_aggregate" to 0 to see all help / error messages
[1679515116.575892] [cn1079:49726:0]          mpool.c:43   UCX  WARN  object 0x5a63580 was not returned to mpool ucp_requests
[1679515116.575888] [cn1079:49728:0]          mpool.c:43   UCX  WARN  object 0x5be5fc0 was not returned to mpool ucp_requests
[1679515116.575884] [cn1079:49731:0]          mpool.c:43   UCX  WARN  object 0x56fe240 was not returned to mpool ucp_requests
[1679515116.575901] [cn1079:49748:0]          mpool.c:43   UCX  WARN  object 0x58abe40 was not returned to mpool ucp_requests
[1679515116.575935] [cn1079:49748:0]          mpool.c:43   UCX  WARN  object 0x58b07c0 was not returned to mpool ucp_requests
[1679515116.575874] [cn1079:49750:0]          mpool.c:43   UCX  WARN  object 0x5df4800 was not returned to mpool ucp_requests
[1679515116.575899] [cn1079:49750:0]          mpool.c:43   UCX  WARN  object 0x5df6240 was not returned to mpool ucp_requests
[1679515116.575936] [cn1079:49735:0]          mpool.c:43   UCX  WARN  object 0x6d65800 was not returned to mpool ucp_requests
[1679515116.575955] [cn1079:49735:0]          mpool.c:43   UCX  WARN  object 0x6d66980 was not returned to mpool ucp_requests
[1679515116.575922] [cn1079:49738:0]          mpool.c:43   UCX  WARN  object 0x5b7d440 was not returned to mpool ucp_requests
[1679515116.575945] [cn1079:49738:0]          mpool.c:43   UCX  WARN  object 0x5b7dd00 was not returned to mpool ucp_requests
[1679515116.575926] [cn1079:49741:0]          mpool.c:43   UCX  WARN  object 0x4ecff80 was not returned to mpool ucp_requests
[1679515116.575945] [cn1079:49741:0]          mpool.c:43   UCX  WARN  object 0x4ed0d80 was not returned to mpool ucp_requests
[1679515116.576032] [cn1079:49711:0]          mpool.c:43   UCX  WARN  object 0x6c46d00 was not returned to mpool ucp_requests
[1679515116.576036] [cn1079:49715:0]          mpool.c:43   UCX  WARN  object 0x55fb2c0 was not returned to mpool ucp_requests
[1679515116.576021] [cn1079:49717:0]          mpool.c:43   UCX  WARN  object 0x4fc9440 was not returned to mpool ucp_requests
[1679515116.575982] [cn1079:49743:0]          mpool.c:43   UCX  WARN  object 0x5316940 was not returned to mpool ucp_requests
[1679515116.576002] [cn1079:49743:0]          mpool.c:43   UCX  WARN  object 0x531af40 was not returned to mpool ucp_requests
[1679515116.576090] [cn1079:49703:0]          mpool.c:43   UCX  WARN  object 0x6bb5a00 was not returned to mpool ucp_requests
[1679515116.576093] [cn1079:49705:0]          mpool.c:43   UCX  WARN  object 0x5788a00 was not returned to mpool ucp_requests
[1679515116.576047] [cn1079:49708:0]          mpool.c:43   UCX  WARN  object 0x6280bc0 was not returned to mpool ucp_requests
[1679515116.576080] [cn1079:49720:0]          mpool.c:43   UCX  WARN  object 0x622e400 was not returned to mpool ucp_requests
[1679515116.576080] [cn1079:49723:0]          mpool.c:43   UCX  WARN  object 0x59c2c80 was not returned to mpool ucp_requests
[1679515116.576114] [cn1079:49693:0]          mpool.c:43   UCX  WARN  object 0x5624900 was not returned to mpool ucp_requests
-8.1890414397E+000
--------------------------------------------------------------------------
Open MPI failed an OFI Libfabric library call (fi_domain).  This is highly
unusual; your job may behave unpredictably (and/or abort) after this.

  Local host: cn1079
  Location: mtl_ofi_component.c:928
  Error: No data available (61)
--------------------------------------------------------------------------
[cn1079.scarf.rl.ac.uk:50233] 119 more processes have sent help message help-mtl-ofi.txt / OFI call fail
[cn1079.scarf.rl.ac.uk:50233] Set MCA parameter "orte_base_help_aggregate" to 0 to see all help / error messages
[1679515204.101914] [cn1079:50324:0]          mpool.c:43   UCX  WARN  object 0x5ea7c00 was not returned to mpool ucp_requests
[1679515204.101935] [cn1079:50324:0]          mpool.c:43   UCX  WARN  object 0x5ea9480 was not returned to mpool ucp_requests
[1679515204.101911] [cn1079:50326:0]          mpool.c:43   UCX  WARN  object 0x5f503c0 was not returned to mpool ucp_requests
[1679515204.101934] [cn1079:50326:0]          mpool.c:43   UCX  WARN  object 0x5f51e00 was not returned to mpool ucp_requests
[1679515204.102052] [cn1079:50303:0]          mpool.c:43   UCX  WARN  object 0x506a780 was not returned to mpool ucp_requests
[1679515204.102066] [cn1079:50305:0]          mpool.c:43   UCX  WARN  object 0x5f37580 was not returned to mpool ucp_requests
[1679515204.102032] [cn1079:50310:0]          mpool.c:43   UCX  WARN  object 0x6b03b40 was not returned to mpool ucp_requests
[1679515204.102077] [cn1079:50310:0]          mpool.c:43   UCX  WARN  object 0x6b03d00 was not returned to mpool ucp_requests
[1679515204.102026] [cn1079:50315:0]          mpool.c:43   UCX  WARN  object 0x5144a00 was not returned to mpool ucp_requests
[1679515204.102077] [cn1079:50315:0]          mpool.c:43   UCX  WARN  object 0x5147e80 was not returned to mpool ucp_requests
[1679515204.102030] [cn1079:50319:0]          mpool.c:43   UCX  WARN  object 0x6099640 was not returned to mpool ucp_requests
[1679515204.102078] [cn1079:50319:0]          mpool.c:43   UCX  WARN  object 0x60999c0 was not returned to mpool ucp_requests
[1679515204.102077] [cn1079:50314:0]          mpool.c:43   UCX  WARN  object 0x53f4480 was not returned to mpool ucp_requests
[1679515204.102095] [cn1079:50314:0]          mpool.c:43   UCX  WARN  object 0x53f7200 was not returned to mpool ucp_requests
[1679515204.102093] [cn1079:50281:0]          mpool.c:43   UCX  WARN  object 0x6c8bac0 was not returned to mpool ucp_requests
[1679515204.102093] [cn1079:50284:0]          mpool.c:43   UCX  WARN  object 0x4df9300 was not returned to mpool ucp_requests
[1679515204.102091] [cn1079:50291:0]          mpool.c:43   UCX  WARN  object 0x5063e80 was not returned to mpool ucp_requests
[1679515204.102093] [cn1079:50292:0]          mpool.c:43   UCX  WARN  object 0x55aa140 was not returned to mpool ucp_requests
[1679515204.102092] [cn1079:50295:0]          mpool.c:43   UCX  WARN  object 0x66c3b40 was not returned to mpool ucp_requests
[1679515204.102115] [cn1079:50299:0]          mpool.c:43   UCX  WARN  object 0x532d900 was not returned to mpool ucp_requests
[1679515204.102107] [cn1079:50308:0]          mpool.c:43   UCX  WARN  object 0x5e6c9c0 was not returned to mpool ucp_requests
[1679515204.102128] [cn1079:50278:0]          mpool.c:43   UCX  WARN  object 0x590d0c0 was not returned to mpool ucp_requests
[1679515204.102167] [cn1079:50287:0]          mpool.c:43   UCX  WARN  object 0x539bbc0 was not returned to mpool ucp_requests
[1679515204.102182] [cn1079:50275:0]          mpool.c:43   UCX  WARN  object 0x632c4c0 was not returned to mpool ucp_requests
-8.1890414397E+000
--------------------------------------------------------------------------
Open MPI failed an OFI Libfabric library call (fi_domain).  This is highly
unusual; your job may behave unpredictably (and/or abort) after this.

  Local host: cn1079
  Location: mtl_ofi_component.c:928
  Error: No data available (61)
--------------------------------------------------------------------------
[cn1079.scarf.rl.ac.uk:50998] 119 more processes have sent help message help-mtl-ofi.txt / OFI call fail
[cn1079.scarf.rl.ac.uk:50998] Set MCA parameter "orte_base_help_aggregate" to 0 to see all help / error messages
[1679515411.226432] [cn1079:51049:0]          mpool.c:43   UCX  WARN  object 0x5d20480 was not returned to mpool ucp_requests
[1679515411.226441] [cn1079:51065:0]          mpool.c:43   UCX  WARN  object 0x6b81340 was not returned to mpool ucp_requests
[1679515411.226443] [cn1079:51088:0]          mpool.c:43   UCX  WARN  object 0x50bca00 was not returned to mpool ucp_requests
[1679515411.226467] [cn1079:51088:0]          mpool.c:43   UCX  WARN  object 0x50bd100 was not returned to mpool ucp_requests
[1679515411.226470] [cn1079:51053:0]          mpool.c:43   UCX  WARN  object 0x5ca1300 was not returned to mpool ucp_requests
[1679515411.226476] [cn1079:51077:0]          mpool.c:43   UCX  WARN  object 0x5614900 was not returned to mpool ucp_requests
[1679515411.226498] [cn1079:51077:0]          mpool.c:43   UCX  WARN  object 0x5616880 was not returned to mpool ucp_requests
[1679515411.226460] [cn1079:51083:0]          mpool.c:43   UCX  WARN  object 0x6680980 was not returned to mpool ucp_requests
[1679515411.226478] [cn1079:51083:0]          mpool.c:43   UCX  WARN  object 0x6683000 was not returned to mpool ucp_requests
[1679515411.226549] [cn1079:51036:0]          mpool.c:43   UCX  WARN  object 0x5375780 was not returned to mpool ucp_requests
[1679515411.226563] [cn1079:51047:0]          mpool.c:43   UCX  WARN  object 0x6b75480 was not returned to mpool ucp_requests
[1679515411.226562] [cn1079:51054:0]          mpool.c:43   UCX  WARN  object 0x6cb5700 was not returned to mpool ucp_requests
[1679515411.226549] [cn1079:51057:0]          mpool.c:43   UCX  WARN  object 0x4e5ab40 was not returned to mpool ucp_requests
[1679515411.226543] [cn1079:51060:0]          mpool.c:43   UCX  WARN  object 0x4e3c200 was not returned to mpool ucp_requests
[1679515411.226534] [cn1079:51062:0]          mpool.c:43   UCX  WARN  object 0x65bd680 was not returned to mpool ucp_requests
[1679515411.226564] [cn1079:51067:0]          mpool.c:43   UCX  WARN  object 0x4e03e40 was not returned to mpool ucp_requests
[1679515411.226505] [cn1079:51070:0]          mpool.c:43   UCX  WARN  object 0x65fb900 was not returned to mpool ucp_requests
[1679515411.226522] [cn1079:51070:0]          mpool.c:43   UCX  WARN  object 0x65fddc0 was not returned to mpool ucp_requests
[1679515411.226531] [cn1079:51074:0]          mpool.c:43   UCX  WARN  object 0x6c25a40 was not returned to mpool ucp_requests
[1679515411.226549] [cn1079:51074:0]          mpool.c:43   UCX  WARN  object 0x6c28b40 was not returned to mpool ucp_requests
[1679515411.226524] [cn1079:51079:0]          mpool.c:43   UCX  WARN  object 0x6234340 was not returned to mpool ucp_requests
[1679515411.226542] [cn1079:51079:0]          mpool.c:43   UCX  WARN  object 0x6238400 was not returned to mpool ucp_requests
[1679515411.226573] [cn1079:51041:0]          mpool.c:43   UCX  WARN  object 0x679c980 was not returned to mpool ucp_requests
[1679515411.226639] [cn1079:51045:0]          mpool.c:43   UCX  WARN  object 0x5a5b440 was not returned to mpool ucp_requests
