rm: cannot remove `modes': No such file or directory
Done.


###############################################################################
TCHPC Cluster: lonsdale
Job 162295 (freq-5.0) for User 'baim' in Account 'hpc_12_00447'
Finished at: Tue Oct  8 18:06:17 IST 2013

Job completion status:
======================

       JobID    JobName      Account  Partition   NTasks  AllocCPUS  MaxVMSize    Elapsed      State ExitCode 
------------ ---------- ------------ ---------- -------- ---------- ---------- ---------- ---------- -------- 
162295         freq-5.0 hpc_12_00447    compute                   8              01:37:24  COMPLETED      0:0 
162295.batch      batch hpc_12_00447                   1          1   3638520K   01:37:24  COMPLETED      0:0 


Job details:
============

JobId=162295 Name=freq-5.0
   UserId=baim(5349) GroupId=baim(9152)
   Priority=11076283 Account=hpc_12_00447 QOS=normal
   JobState=COMPLETED Reason=None Dependency=(null)
   Requeue=0 Restarts=0 BatchFlag=1 ExitCode=0:0
   DerivedExitCode=0:0
   RunTime=01:37:24 TimeLimit=07:30:00 TimeMin=N/A
   SubmitTime=2013-10-08T16:28:49 EligibleTime=2013-10-08T16:28:49
   StartTime=2013-10-08T16:28:53 EndTime=2013-10-08T18:06:17
   PreemptTime=None SuspendTime=None SecsPreSuspend=0
   Partition=compute AllocNode:Sid=lonsdale01:1817
   ReqNodeList=(null) ExcNodeList=(null)
   NodeList=lonsdale-n088
   BatchHost=lonsdale-n088
   NumNodes=1 NumCPUs=8 CPUs/Task=1 ReqS:C:T=*:*:*
     Nodes=lonsdale-n088 CPU_IDs=0-7 Mem=15200
   MinCPUsNode=1 MinMemoryCPU=1900M MinTmpDiskNode=0
   Features=(null) Gres=(null) Reservation=(null)
   Shared=0 Contiguous=0 Licenses=(null) Network=(null)
   Command=/home/users/baim/workspace/MD/gold/3d/100/jp/spd/newbasis/bias/h2/5.0/freq/freq.sh
   WorkDir=/home/users/baim/workspace/MD/gold/3d/100/jp/spd/newbasis/bias/h2/5.0/freq


Disk quota details:
===================

Quota Type           Name  Filesystem     Usage in MB     Limit in MB    % Used
-------------------------------------------------------------------------------
USER                 baim       /home          41,127          51,200    80.33%
USER                 baim   /projects             188               0       N/A

GROUP         pi-ssanvito   /projects       6,132,516       6,291,456    97.47%


SLURM Bank Statement:
=====================

User           Usage |        Account     Usage | Account Limit Available (CPU hrs)
---------- --------- + -------------- --------- + ------------- ---------

baim         129,213 |   HPC_12_00447   129,213 |       300,000   170,787
ssanvito           0 |   HPC_12_00447   129,213 |       300,000   170,787


Acknowledgements:
=================

Note that usage of TCHPC Resources *must* be acknowledged in all publications.

Please see this page for details relevant to this cluster:

http://www.tchpc.tcd.ie/resources/acknowledgementpolicy

################################################################################
