cpu-bind=MASK - cn1117, task  0  0 [53995]: mask 0xffffffffffffffff set
--------------------------------------------------------------------------
Open MPI failed an OFI Libfabric library call (fi_domain).  This is highly
unusual; your job may behave unpredictably (and/or abort) after this.

  Local host: cn1130
  Location: mtl_ofi_component.c:928
  Error: No data available (61)
--------------------------------------------------------------------------
[cn1117.scarf.rl.ac.uk:54686] 239 more processes have sent help message help-mtl-ofi.txt / OFI call fail
[cn1117.scarf.rl.ac.uk:54686] Set MCA parameter "orte_base_help_aggregate" to 0 to see all help / error messages
--------------------------------------------------------------------------
Open MPI failed an OFI Libfabric library call (fi_domain).  This is highly
unusual; your job may behave unpredictably (and/or abort) after this.

  Local host: cn1128
  Location: mtl_ofi_component.c:928
  Error: No data available (61)
--------------------------------------------------------------------------
[cn1117.scarf.rl.ac.uk:07975] 239 more processes have sent help message help-mtl-ofi.txt / OFI call fail
[cn1117.scarf.rl.ac.uk:07975] Set MCA parameter "orte_base_help_aggregate" to 0 to see all help / error messages
[1678705321.552573] [cn1124:50256:0]          mpool.c:43   UCX  WARN  object 0xb9dec40 was not returned to mpool ucp_requests
[1678705321.553905] [cn1117:8048 :0]          mpool.c:43   UCX  WARN  object 0xbe6df80 was not returned to mpool ucp_requests
[1678705321.553935] [cn1117:8046 :0]          mpool.c:43   UCX  WARN  object 0xdde4840 was not returned to mpool ucp_requests
[1678705321.553957] [cn1117:8055 :0]          mpool.c:43   UCX  WARN  object 0xcabf940 was not returned to mpool ucp_requests
[1678705321.553984] [cn1117:8052 :0]          mpool.c:43   UCX  WARN  object 0x4f78b80 was not returned to mpool ucp_requests
[1678705321.553999] [cn1117:8058 :0]          mpool.c:43   UCX  WARN  object 0xa40bc80 was not returned to mpool ucp_requests
[1678705321.554088] [cn1117:8061 :0]          mpool.c:43   UCX  WARN  object 0x6014280 was not returned to mpool ucp_requests
[1678705321.554087] [cn1117:8069 :0]          mpool.c:43   UCX  WARN  object 0xac1a700 was not returned to mpool ucp_requests
[1678705321.554108] [cn1117:8063 :0]          mpool.c:43   UCX  WARN  object 0xbbbb500 was not returned to mpool ucp_requests
[1678705321.554125] [cn1117:8065 :0]          mpool.c:43   UCX  WARN  object 0xb9b1a40 was not returned to mpool ucp_requests
[1678705321.554207] [cn1117:8072 :0]          mpool.c:43   UCX  WARN  object 0xb6ac800 was not returned to mpool ucp_requests
--------------------------------------------------------------------------
Open MPI failed an OFI Libfabric library call (fi_domain).  This is highly
unusual; your job may behave unpredictably (and/or abort) after this.

  Local host: cn1130
  Location: mtl_ofi_component.c:928
  Error: No data available (61)
--------------------------------------------------------------------------
[cn1117.scarf.rl.ac.uk:08861] 239 more processes have sent help message help-mtl-ofi.txt / OFI call fail
[cn1117.scarf.rl.ac.uk:08861] Set MCA parameter "orte_base_help_aggregate" to 0 to see all help / error messages
[1678711497.317098] [cn1124:51508:0]          mpool.c:43   UCX  WARN  object 0xacf3e00 was not returned to mpool ucp_requests
[1678711497.319633] [cn1117:8928 :0]          mpool.c:43   UCX  WARN  object 0x613b380 was not returned to mpool ucp_requests
[1678711497.319638] [cn1117:8931 :0]          mpool.c:43   UCX  WARN  object 0xaf29d80 was not returned to mpool ucp_requests
[1678711497.319734] [cn1117:8935 :0]          mpool.c:43   UCX  WARN  object 0x5b7c580 was not returned to mpool ucp_requests
[1678711497.319503] [cn1117:8938 :0]          mpool.c:43   UCX  WARN  object 0xc390940 was not returned to mpool ucp_requests
[1678711497.319100] [cn1117:8941 :0]          mpool.c:43   UCX  WARN  object 0xbcb5b80 was not returned to mpool ucp_requests
[1678711497.319701] [cn1117:8943 :0]          mpool.c:43   UCX  WARN  object 0xbf17fc0 was not returned to mpool ucp_requests
[1678711497.319642] [cn1117:8946 :0]          mpool.c:43   UCX  WARN  object 0xae92800 was not returned to mpool ucp_requests
[1678711497.319747] [cn1117:8950 :0]          mpool.c:43   UCX  WARN  object 0xba42e40 was not returned to mpool ucp_requests
[1678711497.319726] [cn1117:8952 :0]          mpool.c:43   UCX  WARN  object 0xb1a5380 was not returned to mpool ucp_requests
[1678711497.319696] [cn1117:8954 :0]          mpool.c:43   UCX  WARN  object 0xb4f2040 was not returned to mpool ucp_requests
cp: cannot stat ‘0V-VH_z-0076.dat’: No such file or directory
cp: cannot stat ‘0V-VH_z-0076.dat’: No such file or directory
cp: cannot stat ‘0V-RHO_z-0076.dat’: No such file or directory
cp: cannot stat ‘0V-RHO_z-0076.dat’: No such file or directory
