cpu-bind=MASK - cn1152, task  0  0 [52892]: mask 0xffffffffffffffff set
--------------------------------------------------------------------------
Open MPI failed an OFI Libfabric library call (fi_domain).  This is highly
unusual; your job may behave unpredictably (and/or abort) after this.

  Local host: cn1158
  Location: mtl_ofi_component.c:928
  Error: No data available (61)
--------------------------------------------------------------------------
[cn1152.scarf.rl.ac.uk:53884] 239 more processes have sent help message help-mtl-ofi.txt / OFI call fail
[cn1152.scarf.rl.ac.uk:53884] Set MCA parameter "orte_base_help_aggregate" to 0 to see all help / error messages
--------------------------------------------------------------------------
Open MPI failed an OFI Libfabric library call (fi_domain).  This is highly
unusual; your job may behave unpredictably (and/or abort) after this.

  Local host: cn1158
  Location: mtl_ofi_component.c:928
  Error: No data available (61)
--------------------------------------------------------------------------
[cn1152.scarf.rl.ac.uk:54551] 239 more processes have sent help message help-mtl-ofi.txt / OFI call fail
[cn1152.scarf.rl.ac.uk:54551] Set MCA parameter "orte_base_help_aggregate" to 0 to see all help / error messages
[1679491274.002516] [cn1152:54631:0]          mpool.c:43   UCX  WARN  object 0xb1c85c0 was not returned to mpool ucp_requests
[1679491274.003116] [cn1152:54618:0]          mpool.c:43   UCX  WARN  object 0xb7ba080 was not returned to mpool ucp_requests
[1679491274.003148] [cn1152:54623:0]          mpool.c:43   UCX  WARN  object 0xa890f80 was not returned to mpool ucp_requests
[1679491274.003123] [cn1152:54625:0]          mpool.c:43   UCX  WARN  object 0xafe3680 was not returned to mpool ucp_requests
[1679491274.003262] [cn1152:54628:0]          mpool.c:43   UCX  WARN  object 0xa65a640 was not returned to mpool ucp_requests
[1679491274.002668] [cn1152:54635:0]          mpool.c:43   UCX  WARN  object 0x5c8e080 was not returned to mpool ucp_requests
[1679491274.002571] [cn1152:54637:0]          mpool.c:43   UCX  WARN  object 0x6d53c40 was not returned to mpool ucp_requests
[1679491274.002735] [cn1152:54639:0]          mpool.c:43   UCX  WARN  object 0xbafa600 was not returned to mpool ucp_requests
[1679491274.002737] [cn1152:54643:0]          mpool.c:43   UCX  WARN  object 0x6a044c0 was not returned to mpool ucp_requests
[1679491274.002812] [cn1152:54647:0]          mpool.c:43   UCX  WARN  object 0xac349c0 was not returned to mpool ucp_requests
[1679491274.001811] [cn1153:7258 :0]          mpool.c:43   UCX  WARN  object 0xab6b580 was not returned to mpool ucp_requests
[1679491274.001881] [cn1153:7252 :0]          mpool.c:43   UCX  WARN  object 0xafd9980 was not returned to mpool ucp_requests
[1679491274.001955] [cn1153:7256 :0]          mpool.c:43   UCX  WARN  object 0xaf2be80 was not returned to mpool ucp_requests
-1.1035206681E+001
--------------------------------------------------------------------------
Open MPI failed an OFI Libfabric library call (fi_domain).  This is highly
unusual; your job may behave unpredictably (and/or abort) after this.

  Local host: cn1158
  Location: mtl_ofi_component.c:928
  Error: No data available (61)
--------------------------------------------------------------------------
[cn1152.scarf.rl.ac.uk:55185] 239 more processes have sent help message help-mtl-ofi.txt / OFI call fail
[cn1152.scarf.rl.ac.uk:55185] Set MCA parameter "orte_base_help_aggregate" to 0 to see all help / error messages
[1679491834.320523] [cn1152:55263:0]          mpool.c:43   UCX  WARN  object 0x665c200 was not returned to mpool ucp_requests
[1679491834.320524] [cn1152:55266:0]          mpool.c:43   UCX  WARN  object 0xa9c5540 was not returned to mpool ucp_requests
[1679491834.320521] [cn1152:55268:0]          mpool.c:43   UCX  WARN  object 0xaa1f380 was not returned to mpool ucp_requests
[1679491834.320535] [cn1152:55271:0]          mpool.c:43   UCX  WARN  object 0xc2ab8c0 was not returned to mpool ucp_requests
[1679491834.320824] [cn1152:55250:0]          mpool.c:43   UCX  WARN  object 0x5c75280 was not returned to mpool ucp_requests
[1679491834.320837] [cn1152:55253:0]          mpool.c:43   UCX  WARN  object 0xbb82940 was not returned to mpool ucp_requests
[1679491834.321002] [cn1152:55254:0]          mpool.c:43   UCX  WARN  object 0xb786180 was not returned to mpool ucp_requests
[1679491834.320722] [cn1152:55259:0]          mpool.c:43   UCX  WARN  object 0xbcecf00 was not returned to mpool ucp_requests
[1679491834.320617] [cn1152:55276:0]          mpool.c:43   UCX  WARN  object 0x54561c0 was not returned to mpool ucp_requests
[1679491834.320680] [cn1152:55278:0]          mpool.c:43   UCX  WARN  object 0xc00a5c0 was not returned to mpool ucp_requests
[1679491834.320791] [cn1153:7909 :0]          mpool.c:43   UCX  WARN  object 0xb693240 was not returned to mpool ucp_requests
[1679491834.320788] [cn1153:7914 :0]          mpool.c:43   UCX  WARN  object 0xbd16ac0 was not returned to mpool ucp_requests
[1679491834.326428] [cn1153:7904 :0]          mpool.c:43   UCX  WARN  object 0xa826880 was not returned to mpool ucp_requests
-1.1035206681E+001
--------------------------------------------------------------------------
Open MPI failed an OFI Libfabric library call (fi_domain).  This is highly
unusual; your job may behave unpredictably (and/or abort) after this.

  Local host: cn1158
  Location: mtl_ofi_component.c:928
  Error: No data available (61)
--------------------------------------------------------------------------
[cn1152.scarf.rl.ac.uk:56770] 239 more processes have sent help message help-mtl-ofi.txt / OFI call fail
[cn1152.scarf.rl.ac.uk:56770] Set MCA parameter "orte_base_help_aggregate" to 0 to see all help / error messages
[1679494688.902044] [cn1152:56847:0]          mpool.c:43   UCX  WARN  object 0xb994300 was not returned to mpool ucp_requests
[1679494688.902782] [cn1152:56821:0]          mpool.c:43   UCX  WARN  object 0xaa31a40 was not returned to mpool ucp_requests
[1679494688.902948] [cn1152:56832:0]          mpool.c:43   UCX  WARN  object 0xab03e80 was not returned to mpool ucp_requests
[1679494688.902951] [cn1152:56837:0]          mpool.c:43   UCX  WARN  object 0xb3971c0 was not returned to mpool ucp_requests
[1679494688.902458] [cn1152:56842:0]          mpool.c:43   UCX  WARN  object 0xa5d3680 was not returned to mpool ucp_requests
[1679494688.902177] [cn1152:56849:0]          mpool.c:43   UCX  WARN  object 0xa456f00 was not returned to mpool ucp_requests
[1679494688.902197] [cn1152:56854:0]          mpool.c:43   UCX  WARN  object 0xa71e300 was not returned to mpool ucp_requests
[1679494688.902297] [cn1152:56857:0]          mpool.c:43   UCX  WARN  object 0xbf6c580 was not returned to mpool ucp_requests
[1679494688.902480] [cn1152:56859:0]          mpool.c:43   UCX  WARN  object 0xbdaf700 was not returned to mpool ucp_requests
[1679494688.902478] [cn1152:56862:0]          mpool.c:43   UCX  WARN  object 0xa56a540 was not returned to mpool ucp_requests
[1679494688.900841] [cn1153:9514 :0]          mpool.c:43   UCX  WARN  object 0xb06a240 was not returned to mpool ucp_requests
[1679494688.900925] [cn1153:9519 :0]          mpool.c:43   UCX  WARN  object 0x5351a40 was not returned to mpool ucp_requests
[1679494688.900970] [cn1153:9517 :0]          mpool.c:43   UCX  WARN  object 0x68dba80 was not returned to mpool ucp_requests
