
  GRID BASED BADER ANALYSIS  (Version 0.28a 07/12/12)

  OPEN ... mx.RHO.cube         
  GAUSSIAN-STYLE INPUT FILE
  FFT-grid:   160 x 160 x 720
  CLOSE ... mx.RHO.cube         

  RUN TIME:    9.11 SECONDS

  CALCULATING BADER CHARGE DISTRIBUTION
                 0  10  25  50  75  100
  PERCENT DONE:  ********************** 

  REFINING AUTOMATICALLY
  ITERATION: 1
  EDGE POINTS:       7308326
  REASSIGNED POINTS:  803095
  ITERATION: 2
  CHECKED POINTS:    6289973
  REASSIGNED POINTS:   20404
  ITERATION: 3
  CHECKED POINTS:     200066
  REASSIGNED POINTS:    5810
  ITERATION: 4
  CHECKED POINTS:      47139
  REASSIGNED POINTS:    2733
  ITERATION: 5
  CHECKED POINTS:      18785
  REASSIGNED POINTS:    1109
  ITERATION: 6
  CHECKED POINTS:       9822
  REASSIGNED POINTS:     585
  ITERATION: 7
  CHECKED POINTS:       5777
  REASSIGNED POINTS:     466
  ITERATION: 8
  CHECKED POINTS:       4484
  REASSIGNED POINTS:     338
  ITERATION: 9
  CHECKED POINTS:       3362
  REASSIGNED POINTS:     271
  ITERATION:10
  CHECKED POINTS:       2878
  REASSIGNED POINTS:     232
  ITERATION:11
  CHECKED POINTS:       2533
  REASSIGNED POINTS:     172
  ITERATION:12
  CHECKED POINTS:       2000
  REASSIGNED POINTS:     163
  ITERATION:13
  CHECKED POINTS:       1695
  REASSIGNED POINTS:     129
  ITERATION:14
  CHECKED POINTS:       1529
  REASSIGNED POINTS:      95
  ITERATION:15
  CHECKED POINTS:       1119
  REASSIGNED POINTS:     101
  ITERATION:16
  CHECKED POINTS:       1202
  REASSIGNED POINTS:     110
  ITERATION:17
  CHECKED POINTS:       1223
  REASSIGNED POINTS:     106
  ITERATION:18
  CHECKED POINTS:       1193
  REASSIGNED POINTS:     106
  ITERATION:19
  CHECKED POINTS:       1116
  REASSIGNED POINTS:      95
  ITERATION:20
  CHECKED POINTS:       1028
  REASSIGNED POINTS:      93
  ITERATION:21
  CHECKED POINTS:        978
  REASSIGNED POINTS:      97
  ITERATION:22
  CHECKED POINTS:       1013
  REASSIGNED POINTS:     103
  ITERATION:23
  CHECKED POINTS:       1044
  REASSIGNED POINTS:      91
  ITERATION:24
  CHECKED POINTS:        960
  REASSIGNED POINTS:     101
  ITERATION:25
  CHECKED POINTS:       1044
  REASSIGNED POINTS:     105
  ITERATION:26
  CHECKED POINTS:       1058
  REASSIGNED POINTS:     107
  ITERATION:27
  CHECKED POINTS:       1095
  REASSIGNED POINTS:     112
  ITERATION:28
  CHECKED POINTS:       1071
  REASSIGNED POINTS:      92
  ITERATION:29
  CHECKED POINTS:        922
  REASSIGNED POINTS:     103
  ITERATION:30
  CHECKED POINTS:       1030
  REASSIGNED POINTS:     105
  ITERATION:31
  CHECKED POINTS:       1026
  REASSIGNED POINTS:      74
  ITERATION:32
  CHECKED POINTS:        731
  REASSIGNED POINTS:      57
  ITERATION:33
  CHECKED POINTS:        593
  REASSIGNED POINTS:      48
  ITERATION:34
  CHECKED POINTS:        490
  REASSIGNED POINTS:      47
  ITERATION:35
  CHECKED POINTS:        403
  REASSIGNED POINTS:      39
  ITERATION:36
  CHECKED POINTS:        301
  REASSIGNED POINTS:      33
  ITERATION:37
  CHECKED POINTS:        299
  REASSIGNED POINTS:      14
  ITERATION:38
  CHECKED POINTS:        193
  REASSIGNED POINTS:      11
  ITERATION:39
  CHECKED POINTS:        111
  REASSIGNED POINTS:       5
  ITERATION:40
  CHECKED POINTS:         63
  REASSIGNED POINTS:       1
  ITERATION:41
  CHECKED POINTS:         26
  REASSIGNED POINTS:       1
  ITERATION:42
  CHECKED POINTS:         26
  REASSIGNED POINTS:       0

  RUN TIME:     603.58 SECONDS

  CALCULATING MINIMUM DISTANCES TO ATOMS
                 0  10  25  50  75  100
  PERCENT DONE:  **********************

  RUN TIME:   14.32 SECONDS

  WRITING BADER ATOMIC CHARGES TO ACF.dat
  WRITING BADER VOLUME CHARGES TO BCF.dat

  NUMBER OF BADER MAXIMA FOUND:        2726336
      SIGNIFICANT MAXIMA FOUND:           2381
           NUMBER OF ELECTRONS:     1222.98914
 
