 iscf   Eharris(eV)      E_KS(eV)   FreeEng(eV)    dHmax    dDmax   Ef(eV)
    1      -31.3387      -31.3306      -31.3306   0.01061   0.00000 -4.71699
    2      -31.3380      -31.3379      -31.3379   0.00219   0.00000 -4.83824
    3      -31.3380      -31.3372      -31.3372   0.00077   0.00000 -4.82510
    4      -31.3380      -31.3378      -31.3378   0.00025   0.00000 -4.82618
    5      -31.3380      -31.3378      -31.3378   0.00024   0.00000 -4.82621
    6      -31.3380      -31.3378      -31.3378   0.00023   0.00000 -4.82623
    7      -31.3380      -31.3378      -31.3378   0.00022   0.00000 -4.82626
    8      -31.3380      -31.3378      -31.3378   0.00022   0.00000 -4.82628
    9      -31.3380      -31.3378      -31.3378   0.00021   0.00000 -4.82631
   10      -31.3380      -31.3378      -31.3378   0.00020   0.00000 -4.82633
   11      -31.3380      -31.3378      -31.3378   0.00020   0.00000 -4.82636
   12      -31.3380      -31.3378      -31.3378   0.00019   0.00000 -4.82638
   13      -31.3380      -31.3378      -31.3378   0.00019   0.00000 -4.82640
   14      -31.3380      -31.3378      -31.3378   0.00018   0.00000 -4.82642
   15      -31.3380      -31.3378      -31.3378   0.00018   0.00000 -4.82644
   16      -31.3380      -31.3378      -31.3378   0.00017   0.00000 -4.82647
   17      -31.3380      -31.3378      -31.3378   0.00017   0.00000 -4.82649
   18      -31.3380      -31.3378      -31.3378   0.00016   0.00000 -4.82651
   19      -31.3380      -31.3378      -31.3378   0.00016   0.00000 -4.82653
   20      -31.3380      -31.3378      -31.3378   0.00015   0.00000 -4.82654
   21      -31.3380      -31.3378      -31.3378   0.00015   0.00000 -4.82656
   22      -31.3380      -31.3378      -31.3378   0.00014   0.00000 -4.82658
   23      -31.3380      -31.3378      -31.3378   0.00014   0.00000 -4.82660
   24      -31.3380      -31.3378      -31.3378   0.00013   0.00000 -4.82662
   25      -31.3380      -31.3379      -31.3379   0.00013   0.00000 -4.82663
   26      -31.3380      -31.3379      -31.3379   0.00013   0.00000 -4.82665
   27      -31.3380      -31.3379      -31.3379   0.00012   0.00000 -4.82667
   28      -31.3380      -31.3379      -31.3379   0.00012   0.00000 -4.82668
   29      -31.3380      -31.3379      -31.3379   0.00011   0.00000 -4.82670
   30      -31.3380      -31.3379      -31.3379   0.00011   0.00000 -4.82671
   31      -31.3380      -31.3379      -31.3379   0.00011   0.00000 -4.82673
   32      -31.3380      -31.3379      -31.3379   0.00011   0.00000 -4.82674
   33      -31.3380      -31.3379      -31.3379   0.00010   0.00000 -4.82676
   34      -31.3380      -31.3379      -31.3379   0.00010   0.00000 -4.82677
