cpu-bind=MASK - cn1002, task  0  0 [12916]: mask 0xffffffffffffffff set
--------------------------------------------------------------------------
Open MPI failed an OFI Libfabric library call (fi_domain).  This is highly
unusual; your job may behave unpredictably (and/or abort) after this.

  Local host: cn1044
  Location: mtl_ofi_component.c:928
  Error: No data available (61)
--------------------------------------------------------------------------
[cn1002.scarf.rl.ac.uk:13947] 239 more processes have sent help message help-mtl-ofi.txt / OFI call fail
[cn1002.scarf.rl.ac.uk:13947] Set MCA parameter "orte_base_help_aggregate" to 0 to see all help / error messages
--------------------------------------------------------------------------
Open MPI failed an OFI Libfabric library call (fi_domain).  This is highly
unusual; your job may behave unpredictably (and/or abort) after this.

  Local host: cn1129
  Location: mtl_ofi_component.c:928
  Error: No data available (61)
--------------------------------------------------------------------------
[cn1002.scarf.rl.ac.uk:33621] 239 more processes have sent help message help-mtl-ofi.txt / OFI call fail
[cn1002.scarf.rl.ac.uk:33621] Set MCA parameter "orte_base_help_aggregate" to 0 to see all help / error messages
[1678763108.408435] [cn1002:33709:0]          mpool.c:43   UCX  WARN  object 0xa76a4c0 was not returned to mpool ucp_requests
[1678763108.408484] [cn1002:33705:0]          mpool.c:43   UCX  WARN  object 0xbdffb40 was not returned to mpool ucp_requests
[1678763108.408489] [cn1002:33713:0]          mpool.c:43   UCX  WARN  object 0x6abba00 was not returned to mpool ucp_requests
[1678763108.408524] [cn1002:33710:0]          mpool.c:43   UCX  WARN  object 0xb0c7f80 was not returned to mpool ucp_requests
[1678763108.408621] [cn1002:33717:0]          mpool.c:43   UCX  WARN  object 0xbd3a780 was not returned to mpool ucp_requests
[1678763108.408651] [cn1002:33720:0]          mpool.c:43   UCX  WARN  object 0xbd8e4c0 was not returned to mpool ucp_requests
[1678763108.408836] [cn1002:33700:0]          mpool.c:43   UCX  WARN  object 0x58d2e80 was not returned to mpool ucp_requests
[1678763108.408864] [cn1002:33698:0]          mpool.c:43   UCX  WARN  object 0x566ab40 was not returned to mpool ucp_requests
[1678763108.408886] [cn1002:33694:0]          mpool.c:43   UCX  WARN  object 0xad67600 was not returned to mpool ucp_requests
[1678763108.408918] [cn1002:33703:0]          mpool.c:43   UCX  WARN  object 0xb36a100 was not returned to mpool ucp_requests
[1678763108.406065] [cn1010:53227:0]          mpool.c:43   UCX  WARN  object 0xacbe840 was not returned to mpool ucp_requests
[1678763108.406175] [cn1010:53224:0]          mpool.c:43   UCX  WARN  object 0xdee26c0 was not returned to mpool ucp_requests
[1678763108.406186] [cn1010:53221:0]          mpool.c:43   UCX  WARN  object 0x603aa40 was not returned to mpool ucp_requests
-1.0998707012E+001
--------------------------------------------------------------------------
Open MPI failed an OFI Libfabric library call (fi_domain).  This is highly
unusual; your job may behave unpredictably (and/or abort) after this.

  Local host: cn1002
  Location: mtl_ofi_component.c:928
  Error: No data available (61)
--------------------------------------------------------------------------
[cn1002.scarf.rl.ac.uk:34444] 239 more processes have sent help message help-mtl-ofi.txt / OFI call fail
[cn1002.scarf.rl.ac.uk:34444] Set MCA parameter "orte_base_help_aggregate" to 0 to see all help / error messages
[1678771619.457024] [cn1002:34484:0]          mpool.c:43   UCX  WARN  object 0xac70400 was not returned to mpool ucp_requests
[1678771619.457030] [cn1002:34485:0]          mpool.c:43   UCX  WARN  object 0xa5761c0 was not returned to mpool ucp_requests
[1678771619.457460] [cn1002:34480:0]          mpool.c:43   UCX  WARN  object 0xb840600 was not returned to mpool ucp_requests
[1678771619.457453] [cn1002:34481:0]          mpool.c:43   UCX  WARN  object 0x559dc80 was not returned to mpool ucp_requests
[1678771619.457459] [cn1002:34482:0]          mpool.c:43   UCX  WARN  object 0xc08d1c0 was not returned to mpool ucp_requests
[1678771619.457469] [cn1002:34483:0]          mpool.c:43   UCX  WARN  object 0x5c3c000 was not returned to mpool ucp_requests
[1678771619.457101] [cn1002:34486:0]          mpool.c:43   UCX  WARN  object 0x523c8c0 was not returned to mpool ucp_requests
[1678771619.457232] [cn1002:34487:0]          mpool.c:43   UCX  WARN  object 0xa8c1580 was not returned to mpool ucp_requests
[1678771619.457431] [cn1002:34488:0]          mpool.c:43   UCX  WARN  object 0x6345200 was not returned to mpool ucp_requests
[1678771619.457457] [cn1002:34490:0]          mpool.c:43   UCX  WARN  object 0xbda0f80 was not returned to mpool ucp_requests
[1678771619.452553] [cn1010:54019:0]          mpool.c:43   UCX  WARN  object 0x5573100 was not returned to mpool ucp_requests
[1678771619.452625] [cn1010:54021:0]          mpool.c:43   UCX  WARN  object 0xbdac380 was not returned to mpool ucp_requests
[1678771619.452767] [cn1010:54020:0]          mpool.c:43   UCX  WARN  object 0xba00700 was not returned to mpool ucp_requests
cp: cannot stat ‘0V-VH_z-00107.dat’: No such file or directory
cp: cannot stat ‘0V-VH_z-00107.dat’: No such file or directory
cp: cannot stat ‘0V-RHO_z-00107.dat’: No such file or directory
cp: cannot stat ‘0V-RHO_z-00107.dat’: No such file or directory
