
  GRID BASED BADER ANALYSIS  (Version 0.28a 07/12/12)

  OPEN ... mx.RHO.cube         
  GAUSSIAN-STYLE INPUT FILE
  FFT-grid:   160 x 160 x 720
  CLOSE ... mx.RHO.cube         

  RUN TIME:    9.04 SECONDS

  CALCULATING BADER CHARGE DISTRIBUTION
                 0  10  25  50  75  100
  PERCENT DONE:  ********************** 

  REFINING AUTOMATICALLY
  ITERATION: 1
  EDGE POINTS:       7195642
  REASSIGNED POINTS:  784270
  ITERATION: 2
  CHECKED POINTS:    6169511
  REASSIGNED POINTS:   17653
  ITERATION: 3
  CHECKED POINTS:     186946
  REASSIGNED POINTS:    5335
  ITERATION: 4
  CHECKED POINTS:      43942
  REASSIGNED POINTS:    3031
  ITERATION: 5
  CHECKED POINTS:      18809
  REASSIGNED POINTS:    1873
  ITERATION: 6
  CHECKED POINTS:      11283
  REASSIGNED POINTS:    1434
  ITERATION: 7
  CHECKED POINTS:       8386
  REASSIGNED POINTS:    1069
  ITERATION: 8
  CHECKED POINTS:       6136
  REASSIGNED POINTS:     673
  ITERATION: 9
  CHECKED POINTS:       4441
  REASSIGNED POINTS:     312
  ITERATION:10
  CHECKED POINTS:       2895
  REASSIGNED POINTS:     177
  ITERATION:11
  CHECKED POINTS:       1804
  REASSIGNED POINTS:     130
  ITERATION:12
  CHECKED POINTS:       1357
  REASSIGNED POINTS:     109
  ITERATION:13
  CHECKED POINTS:       1152
  REASSIGNED POINTS:     119
  ITERATION:14
  CHECKED POINTS:       1151
  REASSIGNED POINTS:     115
  ITERATION:15
  CHECKED POINTS:       1117
  REASSIGNED POINTS:      88
  ITERATION:16
  CHECKED POINTS:        960
  REASSIGNED POINTS:     108
  ITERATION:17
  CHECKED POINTS:       1021
  REASSIGNED POINTS:      97
  ITERATION:18
  CHECKED POINTS:        982
  REASSIGNED POINTS:     106
  ITERATION:19
  CHECKED POINTS:       1055
  REASSIGNED POINTS:      92
  ITERATION:20
  CHECKED POINTS:        895
  REASSIGNED POINTS:      87
  ITERATION:21
  CHECKED POINTS:        829
  REASSIGNED POINTS:      79
  ITERATION:22
  CHECKED POINTS:        785
  REASSIGNED POINTS:      80
  ITERATION:23
  CHECKED POINTS:        767
  REASSIGNED POINTS:      72
  ITERATION:24
  CHECKED POINTS:        641
  REASSIGNED POINTS:      63
  ITERATION:25
  CHECKED POINTS:        581
  REASSIGNED POINTS:      60
  ITERATION:26
  CHECKED POINTS:        532
  REASSIGNED POINTS:      59
  ITERATION:27
  CHECKED POINTS:        498
  REASSIGNED POINTS:      58
  ITERATION:28
  CHECKED POINTS:        464
  REASSIGNED POINTS:      39
  ITERATION:29
  CHECKED POINTS:        304
  REASSIGNED POINTS:      25
  ITERATION:30
  CHECKED POINTS:        249
  REASSIGNED POINTS:      14
  ITERATION:31
  CHECKED POINTS:        182
  REASSIGNED POINTS:      13
  ITERATION:32
  CHECKED POINTS:        181
  REASSIGNED POINTS:       9
  ITERATION:33
  CHECKED POINTS:        137
  REASSIGNED POINTS:       7
  ITERATION:34
  CHECKED POINTS:         88
  REASSIGNED POINTS:       6
  ITERATION:35
  CHECKED POINTS:         88
  REASSIGNED POINTS:       5
  ITERATION:36
  CHECKED POINTS:         82
  REASSIGNED POINTS:       7
  ITERATION:37
  CHECKED POINTS:         99
  REASSIGNED POINTS:       5
  ITERATION:38
  CHECKED POINTS:         82
  REASSIGNED POINTS:       3
  ITERATION:39
  CHECKED POINTS:         61
  REASSIGNED POINTS:       3
  ITERATION:40
  CHECKED POINTS:         67
  REASSIGNED POINTS:       0

  RUN TIME:     590.63 SECONDS

  CALCULATING MINIMUM DISTANCES TO ATOMS
                 0  10  25  50  75  100
  PERCENT DONE:  **********************

  RUN TIME:   14.28 SECONDS

  WRITING BADER ATOMIC CHARGES TO ACF.dat
  WRITING BADER VOLUME CHARGES TO BCF.dat

  NUMBER OF BADER MAXIMA FOUND:        2728228
      SIGNIFICANT MAXIMA FOUND:           2339
           NUMBER OF ELECTRONS:     1222.98968
 
