SystemName     IV                                                                              
SystemLabel     IV                                                                              
MPI.Nprocs.SIESTA         2     # default value
SpinPolarized              F
NonCollinearSpin              F
SpinOrbit              F     # default value
#:defined? SpinPolarized              T
#**Warning: FDF symbol 'SpinPolarized' is deprecated.
#:block? Spin              F
#:defined? Spin              F
#           FDF symbol 'Spin' replaces 'SpinPolarized'.
#:defined? NonCollinearSpin              T
#**Warning: FDF symbol 'NonCollinearSpin' is deprecated.
#:block? Spin              F
#:defined? Spin              F
#           FDF symbol 'Spin' replaces 'NonCollinearSpin'.
#:block? SpinOrbit              F
#:defined? SpinOrbit              F
Spin     none                                 # default value
TimeReversalSymmetry              T     # default value
DebugObjects.Node         0     # default value
DebugObjects              F     # default value
XML.Write              F     # default value
timer_report_threshold          0.000000000         # default value
UseParallelTimer              T     # default value
UseTreeTimer              F     # default value
alloc_report_level         0     # default value
alloc_report_threshold          0.000000000         # default value
xc.functional     LDA                                                                             
xc.authors     CA                                                                              
MM.Cutoff          30.00000000     Bohr     # default value
MM.UnitsEnergy     eV     # default value
MM.UnitsDistance     Ang     # default value
WriteIonPlotFiles              F     # default value
Atom.Debug.KB.Generation              F     # default value
KB.New.Reference.Orbitals              F     # default value
user-basis              F     # default value
user-basis-netcdf              F     # default value
#:block? LDAU.proj              F
#:defined? LDAU.proj              F
Number_of_species              1
%block Chemical_species_label
   1   3  Li
%endblock Chemical_species_label
ReparametrizePseudos              F     # default value
Restricted.Radial.Grid              T     # default value
Rmax.Radial.Grid          0.000000000         # default value
PAO.BasisSize     standard            # default value
PAO.BasisType     split                                                                           
PAO.SoftDefault              F     # default value
PAO.SoftInnerRadius         0.9000000000         # default value
PAO.SoftPotential          40.00000000         # default value
PAO.SplitNorm         0.1500000000         # default value
PAO.SplitNormH         -1.000000000         # default value
%block PAO.Basis
 Li   1
 n=2 0 1
 0.0
 1.0
%endblock PAO.Basis
%block PS.lmax
  Li   1
%endblock PS.lmax
LDAU.ProjectorGenerationMethod         2     # default value
LDAU.EnergyShift         0.5000000000E-01 Ry     # default value
LDAU.CutoffNorm         0.9000000000         # default value
PAO.SoftDefault              F     # default value
PAO.SoftInnerRadius         0.9000000000         # default value
PAO.SoftPotential          40.00000000         # default value
LDAU.ThresholdTol         0.1000000000E-01     # default value
LDAU.PopTol         0.1000000000E-02     # default value
LDAU.PotentialShift              F     # default value
LDAU.FirstIteration              F     # default value
FilterCutoff          0.000000000     Ry     # default value
FilterTol          0.000000000     Ry     # default value
keep-npotu-bug              F     # default value
spin-orbit-strength          1.000000000         # default value
KB.Rmax          6.000000000     Bohr     # default value
PAO.EnergyShift         0.2000000000E-01 Ry     # default value
PAO.SplitTailNorm              F     # default value
PAO.FixSplitTable              F     # default value
PAO.NewSplitCode              F     # default value
PAO.Filter              F     # default value
PAO.OldStylePolorbs              T     # default value
PAO.SplitTailNorm              F     # default value
PAO.FixSplitTable              F     # default value
PAO.NewSplitCode              F     # default value
Vna.Filter              F     # default value
PCC.Filter              F     # default value
PAO.BasisType     split                                                                           
Atom-Setup-Only              F     # default value
UseStructFile              F     # default value
MD.UseStructFile              F     # default value
LatticeConstant          1.889726878           Bohr
# above item originally: LatticeConstant          1.000000000     Ang       
#:block? LatticeParameters              F
#:block? LatticeVectors              T
%block LatticeVectors
   12.0    0.000   0.000   1
   0.000  12.0   0.000   1
   0.000   0.000     36.0 1
%endblock LatticeVectors
AtomicCoordinatesFormat     Ang                                                                             
NumberOfAtoms             12
ZM.UnitsLength     Bohr           # default value
ZM.UnitsAngle     rad            # default value
ZM.ForceTolLength         0.1555740000E-02 Ry/Bohr     # default value
ZM.ForceTolAngle         0.3565490000E-02 Ry/rad     # default value
ZM.MaxDisplLength         0.2000000000     Bohr     # default value
ZM.MaxDisplAngle         0.3000000000E-02 rad     # default value
ZM.CalcAllForces              F     # default value
%block AtomicCoordinatesAndAtomicSpecies
 0.0 0.0 0.0 1 Li
 0.0 0.0 3.0 1 Li
 0.0 0.0 6.0 1 Li
 0.0 0.0 9.0 1 Li
 0.0 0.0 12.0 1 Li
 0.0 0.0 15.0 1 Li
 0.0 0.0 18.0 1 Li
 0.0 0.0 21.0 1 Li
 0.0 0.0 24.0 1 Li
 0.0 0.0 27.0 1 Li
 0.0 0.0 30.0 1 Li
 0.0 0.0 33.0 1 Li
%endblock AtomicCoordinatesAndAtomicSpecies
MD.UseSaveXV              F     # default value
MD.UseSaveZM              F     # default value
WriteCoorInitial              T     # default value
MD.TypeOfRun     CG     # default value
MD.TypeOfRun     none     # default value
MaxBondDistance          6.000000000     Bohr     # default value
