

*******************************************************************************
Wed Sep 25 00:08:26 2013


FIT:    data read from 'k.txt' u 1:2
        #datapoints = 21
        residuals are weighted equally (unit weight)

function used for fitting: f(x)
fitted parameters initialized with current variable values



Iteration 0
WSSR        : 392.733           delta(WSSR)/WSSR   : 0
delta(WSSR) : 0                 limit for stopping : 1e-05
lambda	  : 1.25366

initial set of free parameter values

a               = 1

After 3 iterations the fit converged.
final sum of squares of residuals : 168.021
rel. change during last iteration : -6.25989e-10

degrees of freedom (ndf) : 20
rms of residuals      (stdfit) = sqrt(WSSR/ndf)      : 2.89845
variance of residuals (reduced chisquare) = WSSR/ndf : 8.40103

Final set of parameters            Asymptotic Standard Error
=======================            ==========================

a               = 3.6093           +/- 0.5045       (13.98%)


correlation matrix of the fit parameters:

               a      
a               1.000 


*******************************************************************************
Wed Sep 25 00:08:41 2013


FIT:    data read from 'k.txt' u 1:2
        #datapoints = 21
        residuals are weighted equally (unit weight)

function used for fitting: f(x)
fitted parameters initialized with current variable values



Iteration 0
WSSR        : 168.021           delta(WSSR)/WSSR   : 0
delta(WSSR) : 0                 limit for stopping : 1e-05
lambda	  : 1.13395

initial set of free parameter values

a               = 3.6093
b               = 1

After 4 iterations the fit converged.
final sum of squares of residuals : 0.407169
rel. change during last iteration : -1.59511e-12

degrees of freedom (ndf) : 19
rms of residuals      (stdfit) = sqrt(WSSR/ndf)      : 0.14639
variance of residuals (reduced chisquare) = WSSR/ndf : 0.02143

Final set of parameters            Asymptotic Standard Error
=======================            ==========================

a               = -0.761713        +/- 0.05561      (7.3%)
b               = 7.16518          +/- 0.06971      (0.9729%)


correlation matrix of the fit parameters:

               a      b      
a               1.000 
b              -0.889  1.000 


*******************************************************************************
Wed Sep 25 00:09:37 2013


FIT:    data read from 'k.txt' u 1:3
        #datapoints = 21
        residuals are weighted equally (unit weight)

function used for fitting: f(x)
fitted parameters initialized with current variable values



Iteration 0
WSSR        : 111.844           delta(WSSR)/WSSR   : 0
delta(WSSR) : 0                 limit for stopping : 1e-05
lambda	  : 1.13395

initial set of free parameter values

a               = -0.761713
b               = 7.16518

After 4 iterations the fit converged.
final sum of squares of residuals : 0.0226907
rel. change during last iteration : -3.73096e-12

degrees of freedom (ndf) : 19
rms of residuals      (stdfit) = sqrt(WSSR/ndf)      : 0.0345579
variance of residuals (reduced chisquare) = WSSR/ndf : 0.00119425

Final set of parameters            Asymptotic Standard Error
=======================            ==========================

a               = -0.142385        +/- 0.01313      (9.219%)
b               = 4.1951           +/- 0.01646      (0.3923%)


correlation matrix of the fit parameters:

               a      b      
a               1.000 
b              -0.889  1.000 


*******************************************************************************
Wed Sep 25 00:10:02 2013


FIT:    data read from 'k.txt' u 1:4
        #datapoints = 21
        residuals are weighted equally (unit weight)

function used for fitting: f(x)
fitted parameters initialized with current variable values



Iteration 0
WSSR        : 4.79361           delta(WSSR)/WSSR   : 0
delta(WSSR) : 0                 limit for stopping : 1e-05
lambda	  : 1.13395

initial set of free parameter values

a               = -0.142385
b               = 4.1951

After 4 iterations the fit converged.
final sum of squares of residuals : 0.0189471
rel. change during last iteration : -2.49033e-14

degrees of freedom (ndf) : 19
rms of residuals      (stdfit) = sqrt(WSSR/ndf)      : 0.0315787
variance of residuals (reduced chisquare) = WSSR/ndf : 0.000997213

Final set of parameters            Asymptotic Standard Error
=======================            ==========================

a               = 0.239653         +/- 0.012        (5.005%)
b               = 4.19272          +/- 0.01504      (0.3587%)


correlation matrix of the fit parameters:

               a      b      
a               1.000 
b              -0.889  1.000 
