Warning: failed to read system config.
The clean configuration has been saved as: /work/e05/e05/cahart/.allinea/system.config
To use this configuration file as a template for all Arm Forge users copy it to: /mnt/lustre/a2fs-work1/work/y07/shared/utils/core/arm/forge/22.1.3/system.config

Lmod is automatically replacing "cce/15.0.0" with "gcc/11.2.0".


Lmod is automatically replacing "PrgEnv-cray/8.3.3" with "PrgEnv-gnu/8.3.3".


Due to MODULEPATH changes, the following have been reloaded:
  1) cray-mpich/8.1.23

Arm Forge 22.1.3 - Arm MAP

Profiling             : /work/y07/shared/apps/core/cp2k/cp2k-2023.1.xsmm/exe/ARCHER2/cp2k.psmp -i 2_dft_wfn.inp -o log_2_dft_wfn.out
Allinea sampler       : not preloading
MPI enabled           : Yes
* MPI implementation  : SLURM (generic)
* number of processes : 64
* number of nodes     : 8
* Allinea MPI wrapper : not preloading

===================================================================
The Allinea Sampler has limited support for MPI when thread support
is set to MPI_THREAD_SERIALIZED or MPI_THREAD_MULTIPLE (as specified
in the call to MPI_Init_thread).
Only MPI communication on the main thread will appear in the MPI
metrics graph. Time spent in MPI calls on non-main threads will be
reported as MPI-time (vs compute-time) but the MPI calls from those
threads will not contribute to the metric graphs.
The fully supported arguments to MPI_Init_thread are MPI_THREAD_SINGLE
(only one thread will execute) and MPI_THREAD_FUNNELED (if the
process is multithreaded, only the main thread will make MPI
calls).
===================================================================

MAP analysing program...
Allinea Sampler: 14 libunwind: Bad register number (1/1482 samples)
Allinea Sampler: 32 libunwind: Bad register number (1/1536 samples)
Allinea Sampler: 42 libunwind: Bad register number (1/1511 samples)
Allinea Sampler: 28 libunwind: Bad register number (1/1503 samples)
Allinea Sampler: 19 libunwind: Bad register number (1/1476 samples)
Allinea Sampler: 16 libunwind: Bad register number (1/1519 samples)
MAP gathering samples...
MAP generated /mnt/lustre/a2fs-work2/work/e05/e05/cahart/postdoc/transport/au-bdt/benchmarking/archer/profiling/arm_forge/NEnergReal-64-memory_OrderF-F_omp-16/atoms-428/steps-5/kpoints-1-1-20_hlb-auto_cores-64_dft-official-xsmm/cp2k_64p_8n_16t_2023-08-22_15-06.map
Warning: Unable to delete /work/e05/e05/cahart/.allinea/.allinea/wrapper/libmap-sampler-pmpi-nid005171-78580.so, file not found
Warning: Unable to delete /work/e05/e05/cahart/.allinea/.allinea/wrapper/libmap-sampler-pmpi-nid005171-78580.so.1, file not found
Warning: Unable to delete /work/e05/e05/cahart/.allinea/.allinea/wrapper/libmap-sampler-pmpi-nid005171-78580.so.1.0, file not found
Warning: Unable to delete /work/e05/e05/cahart/.allinea/.allinea/wrapper/libmap-sampler-pmpi-nid005171-78580.so.1.0.0, file not found
grep: bulk-VH_AV.dat: No such file or directory

