 iscf   Eharris(eV)      E_KS(eV)   FreeEng(eV)    dHmax    dDmax   Ef(eV)
    1   -10247.1334   -10237.1444   -10237.2146  0.62260  0.00000 -4.92169
    2   -10246.4053   -10238.1026   -10238.1601  0.51020  0.00000 -5.18526
    3   -10245.0149   -10241.4880   -10241.5459  0.24690  0.00000 -6.13740
    4   -10245.0315   -10242.2948   -10242.3725  0.24167  0.00000 -6.21160
    5   -10245.0066   -10243.3716   -10243.4415  0.13094  0.00000 -6.11973
    6   -10244.9984   -10244.9016   -10244.9788  0.00811  0.00000 -6.12969
    7   -10244.9987   -10244.9215   -10244.9975  0.01054  0.00000 -6.13387
    8   -10244.9986   -10244.9525   -10245.0276  0.00727  0.00000 -6.13590
    9   -10244.9985   -10244.9665   -10245.0416  0.00458  0.00000 -6.13565
   10   -10244.9982   -10244.9921   -10245.0671  0.00210  0.00000 -6.13608
   11   -10244.9981   -10244.9882   -10245.0634  0.00140  0.00000 -6.13568
   12   -10244.9981   -10244.9843   -10245.0595  0.00129  0.00000 -6.13539
   13   -10244.9981   -10244.9867   -10245.0620  0.00083  0.00000 -6.13526
   14   -10244.9981   -10244.9903   -10245.0655  0.00058  0.00000 -6.13554
   15   -10244.9981   -10244.9930   -10245.0682  0.00050  0.00000 -6.13547
   16   -10244.9981   -10244.9967   -10245.0719  0.00023  0.00000 -6.13549
   17   -10244.9981   -10244.9975   -10245.0727  0.00020  0.00000 -6.13543
   18   -10244.9981   -10244.9976   -10245.0728  0.00010  0.00000 -6.13537
   19   -10244.9981   -10244.9974   -10245.0726  0.00006  0.00000 -6.13533
   20   -10244.9981   -10244.9975   -10245.0727  0.00005  0.00000 -6.13536
   21   -10244.9981   -10244.9976   -10245.0728  0.00004  0.00000 -6.13537
   22   -10244.9981   -10244.9977   -10245.0729  0.00003  0.00000 -6.13538
   23   -10244.9981   -10244.9979   -10245.0731  0.00002  0.00000 -6.13538
