cpu-bind=MASK - cn1057, task  0  0 [44887]: mask 0xffffffffffffffff set
--------------------------------------------------------------------------
Open MPI failed an OFI Libfabric library call (fi_domain).  This is highly
unusual; your job may behave unpredictably (and/or abort) after this.

  Local host: cn1058
  Location: mtl_ofi_component.c:928
  Error: No data available (61)
--------------------------------------------------------------------------
[cn1057.scarf.rl.ac.uk:45896] 239 more processes have sent help message help-mtl-ofi.txt / OFI call fail
[cn1057.scarf.rl.ac.uk:45896] Set MCA parameter "orte_base_help_aggregate" to 0 to see all help / error messages
--------------------------------------------------------------------------
Open MPI failed an OFI Libfabric library call (fi_domain).  This is highly
unusual; your job may behave unpredictably (and/or abort) after this.

  Local host: cn1057
  Location: mtl_ofi_component.c:928
  Error: No data available (61)
--------------------------------------------------------------------------
[cn1057.scarf.rl.ac.uk:47077] 239 more processes have sent help message help-mtl-ofi.txt / OFI call fail
[cn1057.scarf.rl.ac.uk:47077] Set MCA parameter "orte_base_help_aggregate" to 0 to see all help / error messages
[1676992234.000413] [cn1058:6200 :0]          mpool.c:43   UCX  WARN  object 0x6db44c0 was not returned to mpool ucp_requests
[1676992234.005272] [cn1057:47142:0]          mpool.c:43   UCX  WARN  object 0xc053600 was not returned to mpool ucp_requests
[1676992234.005267] [cn1057:47146:0]          mpool.c:43   UCX  WARN  object 0xb55d6c0 was not returned to mpool ucp_requests
[1676992234.005307] [cn1057:47149:0]          mpool.c:43   UCX  WARN  object 0xa7659c0 was not returned to mpool ucp_requests
[1676992234.005303] [cn1057:47156:0]          mpool.c:43   UCX  WARN  object 0xb267480 was not returned to mpool ucp_requests
[1676992234.005332] [cn1057:47152:0]          mpool.c:43   UCX  WARN  object 0x5771400 was not returned to mpool ucp_requests
[1676992234.005398] [cn1057:47162:0]          mpool.c:43   UCX  WARN  object 0xbf47380 was not returned to mpool ucp_requests
[1676992234.005509] [cn1057:47160:0]          mpool.c:43   UCX  WARN  object 0xb44eb00 was not returned to mpool ucp_requests
[1676992234.005539] [cn1057:47164:0]          mpool.c:43   UCX  WARN  object 0xadfa4c0 was not returned to mpool ucp_requests
[1676992234.005534] [cn1057:47171:0]          mpool.c:43   UCX  WARN  object 0xada6b80 was not returned to mpool ucp_requests
[1676992234.005582] [cn1057:47168:0]          mpool.c:43   UCX  WARN  object 0x5a98f80 was not returned to mpool ucp_requests
--------------------------------------------------------------------------
Open MPI failed an OFI Libfabric library call (fi_domain).  This is highly
unusual; your job may behave unpredictably (and/or abort) after this.

  Local host: cn1062
  Location: mtl_ofi_component.c:928
  Error: No data available (61)
--------------------------------------------------------------------------
[cn1057.scarf.rl.ac.uk:47754] 239 more processes have sent help message help-mtl-ofi.txt / OFI call fail
[cn1057.scarf.rl.ac.uk:47754] Set MCA parameter "orte_base_help_aggregate" to 0 to see all help / error messages
[1676992321.986827] [cn1058:6858 :0]          mpool.c:43   UCX  WARN  object 0xa8b7d80 was not returned to mpool ucp_requests
[1676992321.993060] [cn1057:47797:0]          mpool.c:43   UCX  WARN  object 0x50b2840 was not returned to mpool ucp_requests
[1676992321.993109] [cn1057:47794:0]          mpool.c:43   UCX  WARN  object 0x5a25c40 was not returned to mpool ucp_requests
[1676992321.993105] [cn1057:47798:0]          mpool.c:43   UCX  WARN  object 0xbcdbf00 was not returned to mpool ucp_requests
[1676992321.993105] [cn1057:47799:0]          mpool.c:43   UCX  WARN  object 0xaff0c40 was not returned to mpool ucp_requests
[1676992321.993109] [cn1057:47800:0]          mpool.c:43   UCX  WARN  object 0xb697f00 was not returned to mpool ucp_requests
[1676992321.993153] [cn1057:47796:0]          mpool.c:43   UCX  WARN  object 0x6524a00 was not returned to mpool ucp_requests
[1676992321.993141] [cn1057:47801:0]          mpool.c:43   UCX  WARN  object 0x507e080 was not returned to mpool ucp_requests
[1676992321.993166] [cn1057:47802:0]          mpool.c:43   UCX  WARN  object 0xbc7f880 was not returned to mpool ucp_requests
[1676992321.993166] [cn1057:47803:0]          mpool.c:43   UCX  WARN  object 0xa7b1680 was not returned to mpool ucp_requests
[1676992321.993205] [cn1057:47795:0]          mpool.c:43   UCX  WARN  object 0x6632b40 was not returned to mpool ucp_requests
cp: cannot stat ‘0V-VH_z-00.dat’: No such file or directory
cp: cannot stat ‘0V-VH_z-00.dat’: No such file or directory
cp: cannot stat ‘0V-RHO_z-00.dat’: No such file or directory
cp: cannot stat ‘0V-RHO_z-00.dat’: No such file or directory
