cpu-bind=MASK - cn1075, task  0  0 [48163]: mask 0xffffffffffffffff set
--------------------------------------------------------------------------
Open MPI failed an OFI Libfabric library call (fi_domain).  This is highly
unusual; your job may behave unpredictably (and/or abort) after this.

  Local host: cn1080
  Location: mtl_ofi_component.c:928
  Error: No data available (61)
--------------------------------------------------------------------------
[cn1075.scarf.rl.ac.uk:49159] 239 more processes have sent help message help-mtl-ofi.txt / OFI call fail
[cn1075.scarf.rl.ac.uk:49159] Set MCA parameter "orte_base_help_aggregate" to 0 to see all help / error messages
--------------------------------------------------------------------------
Open MPI failed an OFI Libfabric library call (fi_domain).  This is highly
unusual; your job may behave unpredictably (and/or abort) after this.

  Local host: cn1076
  Location: mtl_ofi_component.c:928
  Error: No data available (61)
--------------------------------------------------------------------------
[cn1075.scarf.rl.ac.uk:50455] 239 more processes have sent help message help-mtl-ofi.txt / OFI call fail
[cn1075.scarf.rl.ac.uk:50455] Set MCA parameter "orte_base_help_aggregate" to 0 to see all help / error messages
[1676930600.807717] [cn1076:41506:0]          mpool.c:43   UCX  WARN  object 0xb842b80 was not returned to mpool ucp_requests
[1676930600.809790] [cn1075:50844:0]          mpool.c:43   UCX  WARN  object 0xb3bc540 was not returned to mpool ucp_requests
[1676930600.809809] [cn1075:50840:0]          mpool.c:43   UCX  WARN  object 0x5e486c0 was not returned to mpool ucp_requests
[1676930600.809841] [cn1075:50841:0]          mpool.c:43   UCX  WARN  object 0xc1fb7c0 was not returned to mpool ucp_requests
[1676930600.809926] [cn1075:50849:0]          mpool.c:43   UCX  WARN  object 0xb83e0c0 was not returned to mpool ucp_requests
[1676930600.809932] [cn1075:50857:0]          mpool.c:43   UCX  WARN  object 0x5d98740 was not returned to mpool ucp_requests
[1676930600.809985] [cn1075:50861:0]          mpool.c:43   UCX  WARN  object 0xbf64100 was not returned to mpool ucp_requests
[1676930600.810016] [cn1075:50853:0]          mpool.c:43   UCX  WARN  object 0xb4d8380 was not returned to mpool ucp_requests
[1676930600.810058] [cn1075:50860:0]          mpool.c:43   UCX  WARN  object 0xa77cc80 was not returned to mpool ucp_requests
[1676930600.810062] [cn1075:50865:0]          mpool.c:43   UCX  WARN  object 0xb6ecd00 was not returned to mpool ucp_requests
[1676930600.810227] [cn1075:50847:0]          mpool.c:43   UCX  WARN  object 0xa7f5a00 was not returned to mpool ucp_requests
--------------------------------------------------------------------------
Open MPI failed an OFI Libfabric library call (fi_domain).  This is highly
unusual; your job may behave unpredictably (and/or abort) after this.

  Local host: cn1075
  Location: mtl_ofi_component.c:928
  Error: No data available (61)
--------------------------------------------------------------------------
[cn1075.scarf.rl.ac.uk:51392] 239 more processes have sent help message help-mtl-ofi.txt / OFI call fail
[cn1075.scarf.rl.ac.uk:51392] Set MCA parameter "orte_base_help_aggregate" to 0 to see all help / error messages
[1676931475.408614] [cn1076:42136:0]          mpool.c:43   UCX  WARN  object 0xb526f80 was not returned to mpool ucp_requests
[1676931475.417827] [cn1075:51464:0]          mpool.c:43   UCX  WARN  object 0xb9d4780 was not returned to mpool ucp_requests
[1676931475.417848] [cn1075:51473:0]          mpool.c:43   UCX  WARN  object 0xa96d400 was not returned to mpool ucp_requests
[1676931475.418110] [cn1075:51475:0]          mpool.c:43   UCX  WARN  object 0xb793d80 was not returned to mpool ucp_requests
[1676931475.418148] [cn1075:51478:0]          mpool.c:43   UCX  WARN  object 0x5ea1140 was not returned to mpool ucp_requests
[1676931475.418162] [cn1075:51462:0]          mpool.c:43   UCX  WARN  object 0xbed6c40 was not returned to mpool ucp_requests
[1676931475.418211] [cn1075:51465:0]          mpool.c:43   UCX  WARN  object 0xb849dc0 was not returned to mpool ucp_requests
[1676931475.418204] [cn1075:51469:0]          mpool.c:43   UCX  WARN  object 0xb6c41c0 was not returned to mpool ucp_requests
[1676931475.418221] [cn1075:51483:0]          mpool.c:43   UCX  WARN  object 0xb17d280 was not returned to mpool ucp_requests
[1676931475.418263] [cn1075:51485:0]          mpool.c:43   UCX  WARN  object 0x5df5c00 was not returned to mpool ucp_requests
[1676931475.418258] [cn1075:51487:0]          mpool.c:43   UCX  WARN  object 0xad55780 was not returned to mpool ucp_requests
cp: cannot stat ‘0V-VH_z-0036.dat’: No such file or directory
cp: cannot stat ‘0V-VH_z-0036.dat’: No such file or directory
cp: cannot stat ‘0V-RHO_z-0036.dat’: No such file or directory
cp: cannot stat ‘0V-RHO_z-0036.dat’: No such file or directory
