cpu-bind=MASK - cn1066, task  0  0 [12782]: mask 0xffffffffffffffff set
--------------------------------------------------------------------------
Open MPI failed an OFI Libfabric library call (fi_domain).  This is highly
unusual; your job may behave unpredictably (and/or abort) after this.

  Local host: cn1074
  Location: mtl_ofi_component.c:928
  Error: No data available (61)
--------------------------------------------------------------------------
[cn1066.scarf.rl.ac.uk:13791] 239 more processes have sent help message help-mtl-ofi.txt / OFI call fail
[cn1066.scarf.rl.ac.uk:13791] Set MCA parameter "orte_base_help_aggregate" to 0 to see all help / error messages
--------------------------------------------------------------------------
Open MPI failed an OFI Libfabric library call (fi_domain).  This is highly
unusual; your job may behave unpredictably (and/or abort) after this.

  Local host: cn1074
  Location: mtl_ofi_component.c:928
  Error: No data available (61)
--------------------------------------------------------------------------
[cn1066.scarf.rl.ac.uk:14420] 239 more processes have sent help message help-mtl-ofi.txt / OFI call fail
[cn1066.scarf.rl.ac.uk:14420] Set MCA parameter "orte_base_help_aggregate" to 0 to see all help / error messages
[1676929475.603599] [cn1067:28085:0]          mpool.c:43   UCX  WARN  object 0xbfcf480 was not returned to mpool ucp_requests
[1676929475.604473] [cn1066:14487:0]          mpool.c:43   UCX  WARN  object 0x68463c0 was not returned to mpool ucp_requests
[1676929475.604502] [cn1066:14493:0]          mpool.c:43   UCX  WARN  object 0xb531740 was not returned to mpool ucp_requests
[1676929475.604570] [cn1066:14491:0]          mpool.c:43   UCX  WARN  object 0x68fa300 was not returned to mpool ucp_requests
[1676929475.604592] [cn1066:14496:0]          mpool.c:43   UCX  WARN  object 0xb389640 was not returned to mpool ucp_requests
[1676929475.604682] [cn1066:14499:0]          mpool.c:43   UCX  WARN  object 0xb3e4f00 was not returned to mpool ucp_requests
[1676929475.604681] [cn1066:14504:0]          mpool.c:43   UCX  WARN  object 0xaa69640 was not returned to mpool ucp_requests
[1676929475.604750] [cn1066:14512:0]          mpool.c:43   UCX  WARN  object 0x6a8b5c0 was not returned to mpool ucp_requests
[1676929475.604791] [cn1066:14502:0]          mpool.c:43   UCX  WARN  object 0x520dec0 was not returned to mpool ucp_requests
[1676929475.604814] [cn1066:14508:0]          mpool.c:43   UCX  WARN  object 0xba018c0 was not returned to mpool ucp_requests
[1676929475.604818] [cn1066:14514:0]          mpool.c:43   UCX  WARN  object 0xad6a500 was not returned to mpool ucp_requests
--------------------------------------------------------------------------
Open MPI failed an OFI Libfabric library call (fi_domain).  This is highly
unusual; your job may behave unpredictably (and/or abort) after this.

  Local host: cn1071
  Location: mtl_ofi_component.c:928
  Error: No data available (61)
--------------------------------------------------------------------------
[cn1066.scarf.rl.ac.uk:15030] 239 more processes have sent help message help-mtl-ofi.txt / OFI call fail
[cn1066.scarf.rl.ac.uk:15030] Set MCA parameter "orte_base_help_aggregate" to 0 to see all help / error messages
[1676929877.438270] [cn1067:28712:0]          mpool.c:43   UCX  WARN  object 0xb734f40 was not returned to mpool ucp_requests
[1676929877.438634] [cn1066:15098:0]          mpool.c:43   UCX  WARN  object 0xb792080 was not returned to mpool ucp_requests
[1676929877.438733] [cn1066:15100:0]          mpool.c:43   UCX  WARN  object 0x5242fc0 was not returned to mpool ucp_requests
[1676929877.438766] [cn1066:15103:0]          mpool.c:43   UCX  WARN  object 0x685ba00 was not returned to mpool ucp_requests
[1676929877.438714] [cn1066:15106:0]          mpool.c:43   UCX  WARN  object 0xb55b580 was not returned to mpool ucp_requests
[1676929877.438771] [cn1066:15109:0]          mpool.c:43   UCX  WARN  object 0xac2d580 was not returned to mpool ucp_requests
[1676929877.438651] [cn1066:15111:0]          mpool.c:43   UCX  WARN  object 0x67ed400 was not returned to mpool ucp_requests
[1676929877.438683] [cn1066:15116:0]          mpool.c:43   UCX  WARN  object 0xb34e180 was not returned to mpool ucp_requests
[1676929877.438809] [cn1066:15119:0]          mpool.c:43   UCX  WARN  object 0x6c73800 was not returned to mpool ucp_requests
[1676929877.438811] [cn1066:15121:0]          mpool.c:43   UCX  WARN  object 0xaa01200 was not returned to mpool ucp_requests
[1676929877.438786] [cn1066:15123:0]          mpool.c:43   UCX  WARN  object 0xb1b7340 was not returned to mpool ucp_requests
cp: cannot stat ‘0V-VH_z-0055.dat’: No such file or directory
cp: cannot stat ‘0V-VH_z-0055.dat’: No such file or directory
cp: cannot stat ‘0V-RHO_z-0055.dat’: No such file or directory
cp: cannot stat ‘0V-RHO_z-0055.dat’: No such file or directory
