cpu-bind=MASK - cn1048, task  0  0 [8571]: mask 0xffffffffffffffff set
--------------------------------------------------------------------------
Open MPI failed an OFI Libfabric library call (fi_domain).  This is highly
unusual; your job may behave unpredictably (and/or abort) after this.

  Local host: cn1048
  Location: mtl_ofi_component.c:928
  Error: No data available (61)
--------------------------------------------------------------------------
[cn1048.scarf.rl.ac.uk:09656] 119 more processes have sent help message help-mtl-ofi.txt / OFI call fail
[cn1048.scarf.rl.ac.uk:09656] Set MCA parameter "orte_base_help_aggregate" to 0 to see all help / error messages
--------------------------------------------------------------------------
Open MPI failed an OFI Libfabric library call (fi_domain).  This is highly
unusual; your job may behave unpredictably (and/or abort) after this.

  Local host: cn1048
  Location: mtl_ofi_component.c:928
  Error: No data available (61)
--------------------------------------------------------------------------
[cn1048.scarf.rl.ac.uk:10799] 119 more processes have sent help message help-mtl-ofi.txt / OFI call fail
[cn1048.scarf.rl.ac.uk:10799] Set MCA parameter "orte_base_help_aggregate" to 0 to see all help / error messages
-2.6865833731E+000
--------------------------------------------------------------------------
Open MPI failed an OFI Libfabric library call (fi_domain).  This is highly
unusual; your job may behave unpredictably (and/or abort) after this.

  Local host: cn1048
  Location: mtl_ofi_component.c:928
  Error: No data available (61)
--------------------------------------------------------------------------
[cn1048.scarf.rl.ac.uk:11739] 119 more processes have sent help message help-mtl-ofi.txt / OFI call fail
[cn1048.scarf.rl.ac.uk:11739] Set MCA parameter "orte_base_help_aggregate" to 0 to see all help / error messages
-2.6865833731E+000
--------------------------------------------------------------------------
Open MPI failed an OFI Libfabric library call (fi_domain).  This is highly
unusual; your job may behave unpredictably (and/or abort) after this.

  Local host: cn1167
  Location: mtl_ofi_component.c:928
  Error: No data available (61)
--------------------------------------------------------------------------
[cn1048.scarf.rl.ac.uk:12846] 119 more processes have sent help message help-mtl-ofi.txt / OFI call fail
[cn1048.scarf.rl.ac.uk:12846] Set MCA parameter "orte_base_help_aggregate" to 0 to see all help / error messages
