cpu-bind=MASK - cn1061, task  0  0 [48038]: mask 0xffffffffffffffff set
--------------------------------------------------------------------------
Open MPI failed an OFI Libfabric library call (fi_domain).  This is highly
unusual; your job may behave unpredictably (and/or abort) after this.

  Local host: cn1064
  Location: mtl_ofi_component.c:928
  Error: No data available (61)
--------------------------------------------------------------------------
[cn1061.scarf.rl.ac.uk:49041] 119 more processes have sent help message help-mtl-ofi.txt / OFI call fail
[cn1061.scarf.rl.ac.uk:49041] Set MCA parameter "orte_base_help_aggregate" to 0 to see all help / error messages
--------------------------------------------------------------------------
Open MPI failed an OFI Libfabric library call (fi_domain).  This is highly
unusual; your job may behave unpredictably (and/or abort) after this.

  Local host: cn1061
  Location: mtl_ofi_component.c:928
  Error: No data available (61)
--------------------------------------------------------------------------
[cn1061.scarf.rl.ac.uk:49798] 119 more processes have sent help message help-mtl-ofi.txt / OFI call fail
[cn1061.scarf.rl.ac.uk:49798] Set MCA parameter "orte_base_help_aggregate" to 0 to see all help / error messages
-2.6865833731E+000
--------------------------------------------------------------------------
Open MPI failed an OFI Libfabric library call (fi_domain).  This is highly
unusual; your job may behave unpredictably (and/or abort) after this.

  Local host: cn1061
  Location: mtl_ofi_component.c:928
  Error: No data available (61)
--------------------------------------------------------------------------
[cn1061.scarf.rl.ac.uk:50403] 119 more processes have sent help message help-mtl-ofi.txt / OFI call fail
[cn1061.scarf.rl.ac.uk:50403] Set MCA parameter "orte_base_help_aggregate" to 0 to see all help / error messages
-2.6865833731E+000
--------------------------------------------------------------------------
Open MPI failed an OFI Libfabric library call (fi_domain).  This is highly
unusual; your job may behave unpredictably (and/or abort) after this.

  Local host: cn1061
  Location: mtl_ofi_component.c:928
  Error: No data available (61)
--------------------------------------------------------------------------
[cn1061.scarf.rl.ac.uk:51175] 119 more processes have sent help message help-mtl-ofi.txt / OFI call fail
[cn1061.scarf.rl.ac.uk:51175] Set MCA parameter "orte_base_help_aggregate" to 0 to see all help / error messages
