cpu-bind=MASK - cn1029, task  0  0 [55132]: mask 0xffffffffffffffff set
--------------------------------------------------------------------------
Open MPI failed an OFI Libfabric library call (fi_domain).  This is highly
unusual; your job may behave unpredictably (and/or abort) after this.

  Local host: cn1038
  Location: mtl_ofi_component.c:928
  Error: No data available (61)
--------------------------------------------------------------------------
[cn1029.scarf.rl.ac.uk:56126] 239 more processes have sent help message help-mtl-ofi.txt / OFI call fail
[cn1029.scarf.rl.ac.uk:56126] Set MCA parameter "orte_base_help_aggregate" to 0 to see all help / error messages
--------------------------------------------------------------------------
Open MPI failed an OFI Libfabric library call (fi_domain).  This is highly
unusual; your job may behave unpredictably (and/or abort) after this.

  Local host: cn1029
  Location: mtl_ofi_component.c:928
  Error: No data available (61)
--------------------------------------------------------------------------
[cn1029.scarf.rl.ac.uk:57136] 239 more processes have sent help message help-mtl-ofi.txt / OFI call fail
[cn1029.scarf.rl.ac.uk:57136] Set MCA parameter "orte_base_help_aggregate" to 0 to see all help / error messages
[1679050840.274220] [cn1029:57225:0]          mpool.c:43   UCX  WARN  object 0xbf9a540 was not returned to mpool ucp_requests
[1679050840.274188] [cn1029:57231:0]          mpool.c:43   UCX  WARN  object 0xb865940 was not returned to mpool ucp_requests
[1679050840.274383] [cn1029:57228:0]          mpool.c:43   UCX  WARN  object 0xb6bbd00 was not returned to mpool ucp_requests
[1679050840.275945] [cn1029:57203:0]          mpool.c:43   UCX  WARN  object 0xa6d1fc0 was not returned to mpool ucp_requests
[1679050840.276027] [cn1029:57214:0]          mpool.c:43   UCX  WARN  object 0xa840540 was not returned to mpool ucp_requests
[1679050840.276032] [cn1029:57221:0]          mpool.c:43   UCX  WARN  object 0xddee9c0 was not returned to mpool ucp_requests
[1679050840.276086] [cn1029:57216:0]          mpool.c:43   UCX  WARN  object 0xbd4f740 was not returned to mpool ucp_requests
[1679050840.276152] [cn1029:57205:0]          mpool.c:43   UCX  WARN  object 0x4e92140 was not returned to mpool ucp_requests
[1679050840.276141] [cn1029:57212:0]          mpool.c:43   UCX  WARN  object 0xd487e40 was not returned to mpool ucp_requests
[1679050840.276210] [cn1029:57209:0]          mpool.c:43   UCX  WARN  object 0x54a9440 was not returned to mpool ucp_requests
-1.0999095290E+001
--------------------------------------------------------------------------
Open MPI failed an OFI Libfabric library call (fi_domain).  This is highly
unusual; your job may behave unpredictably (and/or abort) after this.

  Local host: cn1029
  Location: mtl_ofi_component.c:928
  Error: No data available (61)
--------------------------------------------------------------------------
[cn1029.scarf.rl.ac.uk:57920] 239 more processes have sent help message help-mtl-ofi.txt / OFI call fail
[cn1029.scarf.rl.ac.uk:57920] Set MCA parameter "orte_base_help_aggregate" to 0 to see all help / error messages
[1679055760.217443] [cn1029:58012:0]          mpool.c:43   UCX  WARN  object 0xb258bc0 was not returned to mpool ucp_requests
[1679055760.217480] [cn1029:58010:0]          mpool.c:43   UCX  WARN  object 0x6035300 was not returned to mpool ucp_requests
[1679055760.217569] [cn1029:58008:0]          mpool.c:43   UCX  WARN  object 0x64cef40 was not returned to mpool ucp_requests
[1679055760.218166] [cn1029:57989:0]          mpool.c:43   UCX  WARN  object 0xb9663c0 was not returned to mpool ucp_requests
[1679055760.218153] [cn1029:57999:0]          mpool.c:43   UCX  WARN  object 0xbe1e7c0 was not returned to mpool ucp_requests
[1679055760.218184] [cn1029:58004:0]          mpool.c:43   UCX  WARN  object 0xa51c7c0 was not returned to mpool ucp_requests
[1679055760.218209] [cn1029:57986:0]          mpool.c:43   UCX  WARN  object 0xb4075c0 was not returned to mpool ucp_requests
[1679055760.218206] [cn1029:57994:0]          mpool.c:43   UCX  WARN  object 0xb5a2f80 was not returned to mpool ucp_requests
[1679055760.218252] [cn1029:57990:0]          mpool.c:43   UCX  WARN  object 0xaeb6640 was not returned to mpool ucp_requests
[1679055760.218247] [cn1029:58001:0]          mpool.c:43   UCX  WARN  object 0xaab49c0 was not returned to mpool ucp_requests
cp: cannot stat ‘0V-VH_z-0039.dat’: No such file or directory
cp: cannot stat ‘0V-VH_z-0039.dat’: No such file or directory
cp: cannot stat ‘0V-RHO_z-0039.dat’: No such file or directory
cp: cannot stat ‘0V-RHO_z-0039.dat’: No such file or directory
