cpu-bind=MASK - cn1092, task  0  0 [7657]: mask 0xffffffffffffffff set
-1.0999095290E+001
--------------------------------------------------------------------------
Open MPI failed an OFI Libfabric library call (fi_domain).  This is highly
unusual; your job may behave unpredictably (and/or abort) after this.

  Local host: cn1099
  Location: mtl_ofi_component.c:928
  Error: No data available (61)
--------------------------------------------------------------------------
[cn1092.scarf.rl.ac.uk:07700] 239 more processes have sent help message help-mtl-ofi.txt / OFI call fail
[cn1092.scarf.rl.ac.uk:07700] Set MCA parameter "orte_base_help_aggregate" to 0 to see all help / error messages
[1679309251.502700] [cn1092:7786 :0]          mpool.c:43   UCX  WARN  object 0xacd1c00 was not returned to mpool ucp_requests
[1679309251.502737] [cn1092:7794 :0]          mpool.c:43   UCX  WARN  object 0xaf3e800 was not returned to mpool ucp_requests
[1679309251.502805] [cn1092:7791 :0]          mpool.c:43   UCX  WARN  object 0xaed30c0 was not returned to mpool ucp_requests
[1679309251.505152] [cn1092:7778 :0]          mpool.c:43   UCX  WARN  object 0xbb01080 was not returned to mpool ucp_requests
[1679309251.505192] [cn1092:7783 :0]          mpool.c:43   UCX  WARN  object 0xbcd1100 was not returned to mpool ucp_requests
[1679309251.505207] [cn1092:7766 :0]          mpool.c:43   UCX  WARN  object 0xb621740 was not returned to mpool ucp_requests
[1679309251.505205] [cn1092:7770 :0]          mpool.c:43   UCX  WARN  object 0xbf032c0 was not returned to mpool ucp_requests
[1679309251.505254] [cn1092:7772 :0]          mpool.c:43   UCX  WARN  object 0xaecff00 was not returned to mpool ucp_requests
[1679309251.505198] [cn1092:7782 :0]          mpool.c:43   UCX  WARN  object 0xc40b280 was not returned to mpool ucp_requests
[1679309251.505309] [cn1092:7775 :0]          mpool.c:43   UCX  WARN  object 0xb1d2fc0 was not returned to mpool ucp_requests
cp: cannot stat ‘0V-VH_z-00.dat’: No such file or directory
cp: cannot stat ‘0V-VH_z-00.dat’: No such file or directory
cp: cannot stat ‘0V-RHO_z-00.dat’: No such file or directory
cp: cannot stat ‘0V-RHO_z-00.dat’: No such file or directory
