 iscf   Eharris(eV)      E_KS(eV)   FreeEng(eV)    dHmax    dDmax   Ef(eV)
    1   -32297.9211   -32279.2583   -32279.2583  0.86747  0.00000 -2.63012
    2   -32289.7533   -32279.5530   -32279.5823  0.15917  0.00000 -3.76126
    3   -32286.2239   -32283.7269   -32283.7533  0.36270  0.00000 -3.38582
    4   -32286.2387   -32283.7139   -32283.7361  0.36315  0.00000 -3.38652
    5   -32285.8066   -32284.0814   -32284.1036  0.29594  0.00000 -3.40314
    6   -32286.0952   -32283.8291   -32283.8514  0.34440  0.00000 -3.39100
    7   -32285.9310   -32284.4159   -32284.4381  0.25043  0.00000 -3.40568
    8   -32285.8098   -32285.8580   -32285.8802  0.02131  0.00000 -3.43732
    9   -32285.7811   -32285.4259   -32285.4482  0.07825  0.00000 -3.42917
   10   -32285.7717   -32285.8703   -32285.8926  0.00566  0.00000 -3.43955
   11   -32285.7676   -32285.8365   -32285.8587  0.00414  0.00000 -3.44163
   12   -32285.7672   -32285.8346   -32285.8569  0.00379  0.00000 -3.44084
   13   -32285.7671   -32285.8410   -32285.8633  0.00343  0.00000 -3.43885
   14   -32285.7670   -32285.8391   -32285.8614  0.00321  0.00000 -3.43879
   15   -32285.7670   -32285.8334   -32285.8557  0.00288  0.00000 -3.43890
   16   -32285.7670   -32285.8233   -32285.8456  0.00250  0.00000 -3.43883
   17   -32285.7669   -32285.8148   -32285.8371  0.00216  0.00000 -3.43878
   18   -32285.7668   -32285.7938   -32285.8161  0.00079  0.00000 -3.43930
   19   -32285.7667   -32285.7928   -32285.8151  0.00069  0.00000 -3.43921
   20   -32285.7667   -32285.7907   -32285.8131  0.00043  0.00000 -3.43882
   21   -32285.7667   -32285.7887   -32285.8110  0.00040  0.00000 -3.43884
   22   -32285.7667   -32285.7854   -32285.8078  0.00036  0.00000 -3.43898
   23   -32285.7667   -32285.7834   -32285.8057  0.00036  0.00000 -3.43917
   24   -32285.7667   -32285.7828   -32285.8051  0.00037  0.00000 -3.43919
   25   -32285.7667   -32285.7826   -32285.8049  0.00037  0.00000 -3.43920
   26   -32285.7667   -32285.7818   -32285.8041  0.00170  0.00000 -3.43929
   27   -32285.7667   -32285.7816   -32285.8039  0.00042  0.00000 -3.43925
   28   -32285.7667   -32285.7815   -32285.8039  0.00044  0.00000 -3.43925
   29   -32285.7667   -32285.7819   -32285.8042  0.00037  0.00000 -3.43922
   30   -32285.7667   -32285.7817   -32285.8040  0.00035  0.00000 -3.43921
   31   -32285.7666   -32285.7794   -32285.8017  0.00031  0.00000 -3.43923
   32   -32285.7666   -32285.7810   -32285.8034  0.00093  0.00000 -3.43922
   33   -32285.7666   -32285.7811   -32285.8034  0.00034  0.00000 -3.43922
   34   -32285.7666   -32285.7809   -32285.8032  0.00247  0.00000 -3.43922
   35   -32285.7666   -32285.7809   -32285.8032  0.00219  0.00000 -3.43922
   36   -32285.7666   -32285.7809   -32285.8032  0.00215  0.00000 -3.43922
   37   -32285.7666   -32285.7804   -32285.8027  0.00032  0.00000 -3.43922
   38   -32285.7666   -32285.7799   -32285.8023  0.00031  0.00000 -3.43922
   39   -32285.7666   -32285.7792   -32285.8015  0.00029  0.00000 -3.43923
   40   -32285.7666   -32285.7773   -32285.7996  0.00025  0.00000 -3.43924
   41   -32285.7667   -32285.7763   -32285.7986  0.00023  0.00000 -3.43924
   42   -32285.7667   -32285.7754   -32285.7977  0.00041  0.00000 -3.43924
   43   -32285.7667   -32285.7755   -32285.7978  0.00452  0.00000 -3.43924
   44   -32285.7667   -32285.7757   -32285.7980  0.00022  0.00000 -3.43924
   45   -32285.7667   -32285.7739   -32285.7963  0.00163  0.00000 -3.43925
   46   -32285.7667   -32285.7751   -32285.7974  0.00021  0.00000 -3.43924
   47   -32285.7667   -32285.7753   -32285.7977  0.00021  0.00000 -3.43924
   48   -32285.7667   -32285.7753   -32285.7976  0.00021  0.00000 -3.43924
   49   -32285.7667   -32285.7753   -32285.7976  0.00021  0.00000 -3.43924
   50   -32285.7667   -32285.7752   -32285.7975  0.00021  0.00000 -3.43924
   51   -32285.7667   -32285.7751   -32285.7974  0.00021  0.00000 -3.43924
   52   -32285.7667   -32285.7750   -32285.7974  0.00037  0.00000 -3.43924
   53   -32285.7667   -32285.7751   -32285.7974  0.00024  0.00000 -3.43924
   54   -32285.7667   -32285.7751   -32285.7974  0.00021  0.00000 -3.43924
   55   -32285.7667   -32285.7751   -32285.7974  0.00021  0.00000 -3.43924
   56   -32285.7667   -32285.7750   -32285.7973  0.00024  0.00000 -3.43924
   57   -32285.7667   -32285.7749   -32285.7972  0.00031  0.00000 -3.43924
   58   -32285.7667   -32285.7749   -32285.7972  0.00208  0.00000 -3.43924
   59   -32285.7667   -32285.7749   -32285.7972  0.00020  0.00000 -3.43924
   60   -32285.7667   -32285.7747   -32285.7971  0.00038  0.00000 -3.43924
   61   -32285.7667   -32285.7747   -32285.7971  0.00210  0.00000 -3.43924
   62   -32285.7667   -32285.7747   -32285.7971  0.00020  0.00000 -3.43924
   63   -32285.7667   -32285.7747   -32285.7970  0.00167  0.00000 -3.43924
   64   -32285.7667   -32285.7747   -32285.7970  0.00020  0.00000 -3.43924
   65   -32285.7667   -32285.7746   -32285.7969  0.00019  0.00000 -3.43924
   66   -32285.7667   -32285.7746   -32285.7969  0.00048  0.00000 -3.43924
   67   -32285.7667   -32285.7745   -32285.7969  0.00041  0.00000 -3.43924
   68   -32285.7667   -32285.7745   -32285.7969  0.00019  0.00000 -3.43924
   69   -32285.7667   -32285.7745   -32285.7968  0.00034  0.00000 -3.43924
   70   -32285.7667   -32285.7745   -32285.7968  0.00019  0.00000 -3.43924
   71   -32285.7667   -32285.7744   -32285.7967  0.00025  0.00000 -3.43924
   72   -32285.7667   -32285.7744   -32285.7967  0.00464  0.00000 -3.43924
   73   -32285.7667   -32285.7744   -32285.7967  0.00101  0.00000 -3.43924
   74   -32285.7667   -32285.7744   -32285.7967  0.00019  0.00000 -3.43924
   75   -32285.7667   -32285.7742   -32285.7965  0.00439  0.00000 -3.43924
   76   -32285.7667   -32285.7742   -32285.7965  0.00018  0.00000 -3.43924
   77   -32285.7667   -32285.7742   -32285.7965  0.00027  0.00000 -3.43924
   78   -32285.7667   -32285.7742   -32285.7965  0.00018  0.00000 -3.43924
   79   -32285.7667   -32285.7742   -32285.7965  0.00056  0.00000 -3.43924
   80   -32285.7667   -32285.7742   -32285.7965  0.00018  0.00000 -3.43924
   81   -32285.7667   -32285.7740   -32285.7964  0.00070  0.00000 -3.43924
   82   -32285.7667   -32285.7740   -32285.7964  0.00018  0.00000 -3.43924
   83   -32285.7667   -32285.7740   -32285.7963  0.00106  0.00000 -3.43924
   84   -32285.7667   -32285.7740   -32285.7963  0.00018  0.00000 -3.43924
   85   -32285.7667   -32285.7740   -32285.7963  0.00063  0.00000 -3.43924
   86   -32285.7667   -32285.7740   -32285.7963  0.00094  0.00000 -3.43924
   87   -32285.7667   -32285.7739   -32285.7962  0.00017  0.00000 -3.43924
   88   -32285.7667   -32285.7738   -32285.7961  0.00080  0.00000 -3.43925
   89   -32285.7667   -32285.7737   -32285.7961  0.00049  0.00000 -3.43925
   90   -32285.7667   -32285.7737   -32285.7961  0.00021  0.00000 -3.43925
   91   -32285.7667   -32285.7737   -32285.7960  0.00024  0.00000 -3.43925
   92   -32285.7667   -32285.7737   -32285.7960  0.00017  0.00000 -3.43925
   93   -32285.7667   -32285.7736   -32285.7960  0.00764  0.00000 -3.43925
   94   -32285.7667   -32285.7736   -32285.7959  0.00016  0.00000 -3.43925
   95   -32285.7667   -32285.7735   -32285.7958  0.00016  0.00000 -3.43925
   96   -32285.7667   -32285.7735   -32285.7958  0.00016  0.00000 -3.43925
   97   -32285.7667   -32285.7735   -32285.7958  0.00016  0.00000 -3.43925
   98   -32285.7667   -32285.7734   -32285.7957  0.00028  0.00000 -3.43925
   99   -32285.7667   -32285.7734   -32285.7957  0.00016  0.00000 -3.43925
  100   -32285.7667   -32285.7733   -32285.7956  0.00016  0.00000 -3.43925
  101   -32285.7667   -32285.7733   -32285.7956  0.00016  0.00000 -3.43925
  102   -32285.7667   -32285.7733   -32285.7956  0.00034  0.00000 -3.43925
  103   -32285.7667   -32285.7733   -32285.7956  0.00016  0.00000 -3.43925
  104   -32285.7667   -32285.7732   -32285.7955  0.00027  0.00000 -3.43925
  105   -32285.7667   -32285.7732   -32285.7955  0.00023  0.00000 -3.43925
  106   -32285.7667   -32285.7731   -32285.7954  0.00040  0.00000 -3.43925
  107   -32285.7667   -32285.7731   -32285.7954  0.00080  0.00000 -3.43925
  108   -32285.7667   -32285.7731   -32285.7954  0.00015  0.00000 -3.43925
  109   -32285.7667   -32285.7730   -32285.7954  0.00074  0.00000 -3.43925
  110   -32285.7667   -32285.7730   -32285.7953  0.00031  0.00000 -3.43925
  111   -32285.7667   -32285.7730   -32285.7953  0.00245  0.00000 -3.43925
  112   -32285.7667   -32285.7730   -32285.7953  0.00015  0.00000 -3.43925
  113   -32285.7667   -32285.7729   -32285.7953  0.00015  0.00000 -3.43925
  114   -32285.7667   -32285.7730   -32285.7953  0.00015  0.00000 -3.43925
  115   -32285.7667   -32285.7728   -32285.7952  0.00153  0.00000 -3.43925
  116   -32285.7667   -32285.7728   -32285.7952  0.00078  0.00000 -3.43925
  117   -32285.7667   -32285.7728   -32285.7952  0.00020  0.00000 -3.43925
  118   -32285.7667   -32285.7728   -32285.7952  0.00166  0.00000 -3.43925
  119   -32285.7667   -32285.7728   -32285.7951  0.00015  0.00000 -3.43925
  120   -32285.7667   -32285.7728   -32285.7951  0.00125  0.00000 -3.43925
  121   -32285.7667   -32285.7727   -32285.7950  0.00015  0.00000 -3.43925
  122   -32285.7667   -32285.7727   -32285.7950  0.00014  0.00000 -3.43925
  123   -32285.7667   -32285.7726   -32285.7950  0.00022  0.00000 -3.43925
  124   -32285.7667   -32285.7726   -32285.7949  0.00029  0.00000 -3.43925
  125   -32285.7667   -32285.7726   -32285.7949  0.00226  0.00000 -3.43925
  126   -32285.7667   -32285.7726   -32285.7949  0.00014  0.00000 -3.43925
  127   -32285.7667   -32285.7725   -32285.7948  0.00090  0.00000 -3.43925
  128   -32285.7667   -32285.7725   -32285.7948  0.00429  0.00000 -3.43925
  129   -32285.7667   -32285.7724   -32285.7948  0.00025  0.00000 -3.43925
  130   -32285.7667   -32285.7724   -32285.7947  0.00071  0.00000 -3.43925
  131   -32285.7667   -32285.7724   -32285.7947  0.00024  0.00000 -3.43925
  132   -32285.7667   -32285.7724   -32285.7947  0.00156  0.00000 -3.43925
  133   -32285.7667   -32285.7723   -32285.7946  0.00014  0.00000 -3.43925
  134   -32285.7667   -32285.7722   -32285.7945  0.00013  0.00000 -3.43925
  135   -32285.7667   -32285.7722   -32285.7945  0.00018  0.00000 -3.43925
  136   -32285.7667   -32285.7722   -32285.7945  0.00013  0.00000 -3.43925
  137   -32285.7667   -32285.7721   -32285.7944  0.00036  0.00000 -3.43925
  138   -32285.7667   -32285.7721   -32285.7944  0.00013  0.00000 -3.43925
  139   -32285.7667   -32285.7721   -32285.7944  0.00073  0.00000 -3.43925
  140   -32285.7667   -32285.7720   -32285.7944  0.00026  0.00000 -3.43925
  141   -32285.7667   -32285.7720   -32285.7944  0.00013  0.00000 -3.43925
  142   -32285.7667   -32285.7720   -32285.7943  0.00013  0.00000 -3.43925
  143   -32285.7667   -32285.7720   -32285.7943  0.00042  0.00000 -3.43925
  144   -32285.7667   -32285.7720   -32285.7943  0.00013  0.00000 -3.43925
  145   -32285.7667   -32285.7719   -32285.7942  0.00020  0.00000 -3.43925
  146   -32285.7667   -32285.7719   -32285.7942  0.00013  0.00000 -3.43925
  147   -32285.7667   -32285.7719   -32285.7942  0.00012  0.00000 -3.43925
  148   -32285.7667   -32285.7718   -32285.7941  0.00048  0.00000 -3.43925
  149   -32285.7667   -32285.7718   -32285.7941  0.00018  0.00000 -3.43925
  150   -32285.7667   -32285.7718   -32285.7941  0.00038  0.00000 -3.43925
  151   -32285.7667   -32285.7718   -32285.7941  0.00274  0.00000 -3.43925
  152   -32285.7667   -32285.7718   -32285.7941  0.00086  0.00000 -3.43925
  153   -32285.7667   -32285.7717   -32285.7940  0.00188  0.00000 -3.43925
  154   -32285.7667   -32285.7717   -32285.7940  0.00021  0.00000 -3.43925
  155   -32285.7667   -32285.7717   -32285.7940  0.00050  0.00000 -3.43925
  156   -32285.7667   -32285.7716   -32285.7939  0.00013  0.00000 -3.43925
  157   -32285.7667   -32285.7716   -32285.7939  0.00024  0.00000 -3.43925
  158   -32285.7667   -32285.7715   -32285.7938  0.00015  0.00000 -3.43925
  159   -32285.7667   -32285.7715   -32285.7938  0.00014  0.00000 -3.43925
  160   -32285.7667   -32285.7715   -32285.7938  0.00011  0.00000 -3.43925
  161   -32285.7667   -32285.7714   -32285.7937  0.00011  0.00000 -3.43925
  162   -32285.7667   -32285.7714   -32285.7937  0.00011  0.00000 -3.43925
  163   -32285.7667   -32285.7713   -32285.7936  0.00011  0.00000 -3.43925
  164   -32285.7667   -32285.7713   -32285.7936  0.00011  0.00000 -3.43925
  165   -32285.7667   -32285.7712   -32285.7936  0.00011  0.00000 -3.43925
  166   -32285.7667   -32285.7712   -32285.7935  0.00011  0.00000 -3.43925
  167   -32285.7667   -32285.7712   -32285.7935  0.00018  0.00000 -3.43925
  168   -32285.7667   -32285.7712   -32285.7935  0.00011  0.00000 -3.43925
  169   -32285.7667   -32285.7711   -32285.7935  0.00084  0.00000 -3.43925
  170   -32285.7667   -32285.7711   -32285.7934  0.00036  0.00000 -3.43925
  171   -32285.7667   -32285.7711   -32285.7934  0.00014  0.00000 -3.43925
  172   -32285.7667   -32285.7711   -32285.7934  0.00013  0.00000 -3.43925
  173   -32285.7667   -32285.7711   -32285.7934  0.00012  0.00000 -3.43925
  174   -32285.7667   -32285.7711   -32285.7934  0.00036  0.00000 -3.43925
  175   -32285.7667   -32285.7710   -32285.7933  0.00010  0.00000 -3.43925
  176   -32285.7667   -32285.7710   -32285.7933  0.00039  0.00000 -3.43925
  177   -32285.7667   -32285.7710   -32285.7933  0.00010  0.00000 -3.43925
  178   -32285.7667   -32285.7709   -32285.7932  0.00027  0.00000 -3.43925
  179   -32285.7667   -32285.7709   -32285.7932  0.00010  0.00000 -3.43925
  180   -32285.7667   -32285.7709   -32285.7932  0.00010  0.00000 -3.43925
