
Lmod is automatically replacing "cce/15.0.0" with "gcc/11.2.0".


Due to MODULEPATH changes, the following have been reloaded:
  1) cray-mpich/8.1.23


Lmod is automatically replacing "PrgEnv-cray/8.3.3" with "PrgEnv-gnu/8.3.3".


Lmod is automatically replacing "craype-network-ofi" with "craype-network-ucx".


Inactive Modules:
  1) cray-mpich

cat: bulk.siesta: No such file or directory
/var/spool/slurmd/job4432037/slurm_script: line 39: bulk.siesta: No such file or directory
cat: bulk.siesta: No such file or directory
/var/spool/slurmd/job4432037/slurm_script: line 41: em.siesta: No such file or directory
sed: can't read 2_dft_wfn.fdf: No such file or directory
sed: can't read 3_0V.fdf: No such file or directory
sed: can't read 4_V.fdf: No such file or directory
sed: can't read 2_dft_wfn.fdf: No such file or directory
sed: can't read 3_0V.fdf: No such file or directory
sed: can't read 4_V.fdf: No such file or directory
sed: can't read 2_dft_wfn.fdf: No such file or directory
sed: can't read 3_0V.fdf: No such file or directory
sed: can't read 4_V.fdf: No such file or directory
sed: can't read 2_dft_wfn.fdf: No such file or directory
sed: can't read 3_0V.fdf: No such file or directory
sed: can't read 4_V.fdf: No such file or directory
0.lead.VH 0.lead.RHO
Potential: cell =
   16.756435    0.000000    0.000000
    0.000000   16.756435    0.000000
    0.000000    0.000000   15.798117
Potential: mesh  =   160   160   144
Spin:    nspin   =     1
Potential: cell =
   16.756435    0.000000    0.000000
    0.000000   16.756435    0.000000
    0.000000    0.000000   15.798117
Potential: mesh  =   160   160   144
Spin:    nspin   =     1
          30   6.659400    
Potential: cell =
   16.756435    0.000000    0.000000
    0.000000   16.756435    0.000000
    0.000000    0.000000   15.798117
Potential: mesh  =   160   160   144
Spin:    nspin   =     1
Potential: cell =
   16.756435    0.000000    0.000000
    0.000000   16.756435    0.000000
    0.000000    0.000000   15.798117
Potential: mesh  =   160   160   144
Spin:    nspin   =     1
          30   6.659400    
grep: 0.bulk-VH_AV.dat: No such file or directory
sed: can't read 3_0V.fdf: No such file or directory
sed: can't read 4_V.fdf: No such file or directory
sed: can't read 4_V.fdf: No such file or directory
