cpu-bind=MASK - cn1142, task  0  0 [16765]: mask 0xffffffffffffffff set
--------------------------------------------------------------------------
Open MPI failed an OFI Libfabric library call (fi_domain).  This is highly
unusual; your job may behave unpredictably (and/or abort) after this.

  Local host: cn1142
  Location: mtl_ofi_component.c:928
  Error: No data available (61)
--------------------------------------------------------------------------
[cn1142.scarf.rl.ac.uk:17762] 239 more processes have sent help message help-mtl-ofi.txt / OFI call fail
[cn1142.scarf.rl.ac.uk:17762] Set MCA parameter "orte_base_help_aggregate" to 0 to see all help / error messages
[1677015340.309305] [cn1143:20067:0]          mpool.c:43   UCX  WARN  object 0xbd24440 was not returned to mpool ucp_requests
[1677015340.328298] [cn1142:17806:0]          mpool.c:43   UCX  WARN  object 0xab4f180 was not returned to mpool ucp_requests
[1677015340.328119] [cn1142:17807:0]          mpool.c:43   UCX  WARN  object 0xb1041c0 was not returned to mpool ucp_requests
[1677015340.328281] [cn1142:17808:0]          mpool.c:43   UCX  WARN  object 0xae59bc0 was not returned to mpool ucp_requests
[1677015340.328162] [cn1142:17809:0]          mpool.c:43   UCX  WARN  object 0xab04840 was not returned to mpool ucp_requests
[1677015340.328402] [cn1142:17810:0]          mpool.c:43   UCX  WARN  object 0xb3332c0 was not returned to mpool ucp_requests
[1677015340.328402] [cn1142:17811:0]          mpool.c:43   UCX  WARN  object 0x5bc9140 was not returned to mpool ucp_requests
[1677015340.328424] [cn1142:17812:0]          mpool.c:43   UCX  WARN  object 0xc0e2c80 was not returned to mpool ucp_requests
[1677015340.328445] [cn1142:17813:0]          mpool.c:43   UCX  WARN  object 0x6004ac0 was not returned to mpool ucp_requests
[1677015340.328523] [cn1142:17814:0]          mpool.c:43   UCX  WARN  object 0xade0700 was not returned to mpool ucp_requests
[1677015340.328547] [cn1142:17815:0]          mpool.c:43   UCX  WARN  object 0xc060980 was not returned to mpool ucp_requests
grep: log_3_0V.out: No such file or directory
cp: cannot stat ‘0V-VH_z-00.dat’: No such file or directory
cp: cannot stat ‘0V-VH_z-00.dat’: No such file or directory
cp: cannot stat ‘0V-RHO_z-00.dat’: No such file or directory
cp: cannot stat ‘0V-RHO_z-00.dat’: No such file or directory
rm: cannot remove ‘*.txt’: No such file or directory
