cpu-bind=MASK - cn1096, task  0  0 [60575]: mask 0xffffffffffffffff set
--------------------------------------------------------------------------
Open MPI failed an OFI Libfabric library call (fi_domain).  This is highly
unusual; your job may behave unpredictably (and/or abort) after this.

  Local host: cn1096
  Location: mtl_ofi_component.c:928
  Error: No data available (61)
--------------------------------------------------------------------------
[cn1096.scarf.rl.ac.uk:60607] 239 more processes have sent help message help-mtl-ofi.txt / OFI call fail
[cn1096.scarf.rl.ac.uk:60607] Set MCA parameter "orte_base_help_aggregate" to 0 to see all help / error messages
[1677017251.253878] [cn1097:53119:0]          mpool.c:43   UCX  WARN  object 0x6c35e80 was not returned to mpool ucp_requests
[1677017251.253354] [cn1096:60673:0]          mpool.c:43   UCX  WARN  object 0xbbe6c40 was not returned to mpool ucp_requests
[1677017251.253782] [cn1096:60677:0]          mpool.c:43   UCX  WARN  object 0xa7c2500 was not returned to mpool ucp_requests
[1677017251.253255] [cn1096:60679:0]          mpool.c:43   UCX  WARN  object 0xb3bb780 was not returned to mpool ucp_requests
[1677017251.253739] [cn1096:60682:0]          mpool.c:43   UCX  WARN  object 0xbabe680 was not returned to mpool ucp_requests
[1677017251.253822] [cn1096:60685:0]          mpool.c:43   UCX  WARN  object 0xbb0b440 was not returned to mpool ucp_requests
[1677017251.253702] [cn1096:60687:0]          mpool.c:43   UCX  WARN  object 0xac9d180 was not returned to mpool ucp_requests
[1677017251.253788] [cn1096:60691:0]          mpool.c:43   UCX  WARN  object 0x6810a00 was not returned to mpool ucp_requests
[1677017251.253727] [cn1096:60694:0]          mpool.c:43   UCX  WARN  object 0xa8ba4c0 was not returned to mpool ucp_requests
[1677017251.253865] [cn1096:60696:0]          mpool.c:43   UCX  WARN  object 0xb488a40 was not returned to mpool ucp_requests
[1677017251.253870] [cn1096:60700:0]          mpool.c:43   UCX  WARN  object 0xa687680 was not returned to mpool ucp_requests
grep: log_3_0V.out: No such file or directory
cp: cannot stat ‘0V-VH_z-00.dat’: No such file or directory
cp: cannot stat ‘0V-VH_z-00.dat’: No such file or directory
cp: cannot stat ‘0V-RHO_z-00.dat’: No such file or directory
cp: cannot stat ‘0V-RHO_z-00.dat’: No such file or directory
rm: cannot remove ‘*.txt’: No such file or directory
