
  GRID BASED BADER ANALYSIS  (Version 0.28a 07/12/12)

  OPEN ... mx.RHO.cube         
  GAUSSIAN-STYLE INPUT FILE
  FFT-grid:   160 x 160 x 720
  CLOSE ... mx.RHO.cube         

  RUN TIME:    9.07 SECONDS

  CALCULATING BADER CHARGE DISTRIBUTION
                 0  10  25  50  75  100
  PERCENT DONE:  ********************** 

  REFINING AUTOMATICALLY
  ITERATION: 1
  EDGE POINTS:       7252213
  REASSIGNED POINTS:  789540
  ITERATION: 2
  CHECKED POINTS:    6229816
  REASSIGNED POINTS:   18314
  ITERATION: 3
  CHECKED POINTS:     185099
  REASSIGNED POINTS:    5929
  ITERATION: 4
  CHECKED POINTS:      46400
  REASSIGNED POINTS:    3290
  ITERATION: 5
  CHECKED POINTS:      20814
  REASSIGNED POINTS:    1908
  ITERATION: 6
  CHECKED POINTS:      11919
  REASSIGNED POINTS:    1382
  ITERATION: 7
  CHECKED POINTS:       8096
  REASSIGNED POINTS:    1004
  ITERATION: 8
  CHECKED POINTS:       5803
  REASSIGNED POINTS:     621
  ITERATION: 9
  CHECKED POINTS:       3957
  REASSIGNED POINTS:     253
  ITERATION:10
  CHECKED POINTS:       2343
  REASSIGNED POINTS:     128
  ITERATION:11
  CHECKED POINTS:       1336
  REASSIGNED POINTS:      87
  ITERATION:12
  CHECKED POINTS:       1012
  REASSIGNED POINTS:      68
  ITERATION:13
  CHECKED POINTS:        757
  REASSIGNED POINTS:      59
  ITERATION:14
  CHECKED POINTS:        721
  REASSIGNED POINTS:      62
  ITERATION:15
  CHECKED POINTS:        741
  REASSIGNED POINTS:      46
  ITERATION:16
  CHECKED POINTS:        586
  REASSIGNED POINTS:      50
  ITERATION:17
  CHECKED POINTS:        595
  REASSIGNED POINTS:      56
  ITERATION:18
  CHECKED POINTS:        626
  REASSIGNED POINTS:      46
  ITERATION:19
  CHECKED POINTS:        512
  REASSIGNED POINTS:      53
  ITERATION:20
  CHECKED POINTS:        539
  REASSIGNED POINTS:      44
  ITERATION:21
  CHECKED POINTS:        410
  REASSIGNED POINTS:      24
  ITERATION:22
  CHECKED POINTS:        265
  REASSIGNED POINTS:      34
  ITERATION:23
  CHECKED POINTS:        352
  REASSIGNED POINTS:      32
  ITERATION:24
  CHECKED POINTS:        337
  REASSIGNED POINTS:      29
  ITERATION:25
  CHECKED POINTS:        293
  REASSIGNED POINTS:      13
  ITERATION:26
  CHECKED POINTS:        170
  REASSIGNED POINTS:       7
  ITERATION:27
  CHECKED POINTS:         63
  REASSIGNED POINTS:       3
  ITERATION:28
  CHECKED POINTS:         38
  REASSIGNED POINTS:       0

  RUN TIME:     545.81 SECONDS

  CALCULATING MINIMUM DISTANCES TO ATOMS
                 0  10  25  50  75  100
  PERCENT DONE:  **********************

  RUN TIME:   14.29 SECONDS

  WRITING BADER ATOMIC CHARGES TO ACF.dat
  WRITING BADER VOLUME CHARGES TO BCF.dat

  NUMBER OF BADER MAXIMA FOUND:        2729323
      SIGNIFICANT MAXIMA FOUND:           2364
           NUMBER OF ELECTRONS:     1222.98915
 
