forrtl: severe (408): fort: (2): Subscript #1 of the array R_DIR has value 1 which is greater than the upper bound of 0

Image              PC                Routine            Line        Source             
bader              00000000004D0AFA  Unknown               Unknown  Unknown
bader              00000000004CF5F6  Unknown               Unknown  Unknown
bader              000000000048DD90  Unknown               Unknown  Unknown
bader              000000000044C68E  Unknown               Unknown  Unknown
bader              000000000044CBB1  Unknown               Unknown  Unknown
bader              000000000041B981  bader_mod_mp_bade         261  bader_mod.f90
bader              0000000000400614  MAIN__                     76  main.f90
bader              00000000004002EC  Unknown               Unknown  Unknown
bader              00000000004E0790  Unknown               Unknown  Unknown
bader              00000000004001B9  Unknown               Unknown  Unknown
Done.


###############################################################################
TCHPC Cluster: lonsdale
Job 165407 (bader) for User 'baim' in Account 'hpc_12_00447'
Finished at: Fri Nov 29 14:10:43 GMT 2013

Job completion status:
======================

       JobID    JobName      Account  Partition   NTasks  AllocCPUS  MaxVMSize    Elapsed      State ExitCode 
------------ ---------- ------------ ---------- -------- ---------- ---------- ---------- ---------- -------- 
165407            bader hpc_12_00447      debug                   8              00:13:23    RUNNING      0:0 
165407.batch      batch hpc_12_00447                   1          1          0   00:13:23    RUNNING      0:0 


Job details:
============

JobId=165407 Name=bader
   UserId=baim(5349) GroupId=baim(9152)
   Priority=17988171 Account=hpc_12_00447 QOS=normal
   JobState=COMPLETED Reason=None Dependency=(null)
   Requeue=0 Restarts=0 BatchFlag=1 ExitCode=0:0
   DerivedExitCode=0:0
   RunTime=00:13:23 TimeLimit=00:30:00 TimeMin=N/A
   SubmitTime=2013-11-29T13:57:19 EligibleTime=2013-11-29T13:57:20
   StartTime=2013-11-29T13:57:20 EndTime=2013-11-29T14:10:43
   PreemptTime=None SuspendTime=None SecsPreSuspend=0
   Partition=debug AllocNode:Sid=lonsdale01:16815
   ReqNodeList=(null) ExcNodeList=(null)
   NodeList=lonsdale-n001
   BatchHost=lonsdale-n001
   NumNodes=1 NumCPUs=8 CPUs/Task=1 ReqS:C:T=*:*:*
     Nodes=lonsdale-n001 CPU_IDs=0-7 Mem=15200
   MinCPUsNode=1 MinMemoryCPU=1900M MinTmpDiskNode=0
   Features=(null) Gres=(null) Reservation=(null)
   Shared=0 Contiguous=0 Licenses=(null) Network=(null)
   Command=/home/users/baim/workspace/MD/gold/3d/100/jp/spd/newbasis/bias/0.0/800/opt/bader.sh
   WorkDir=/home/users/baim/workspace/MD/gold/3d/100/jp/spd/newbasis/bias/0.0/800/opt


Disk quota details:
===================

Quota Type           Name  Filesystem     Usage in MB     Limit in MB    % Used
-------------------------------------------------------------------------------
USER                 baim       /home          37,101          51,200    72.46%
USER                 baim   /projects             188               0       N/A

GROUP         pi-ssanvito   /projects       6,237,486       6,291,456    99.14%


SLURM Bank Statement:
=====================

User           Usage |        Account     Usage | Account Limit Available (CPU hrs)
---------- --------- + -------------- --------- + ------------- ---------

baim         129,517 |   HPC_12_00447   129,517 |       300,000   170,483
ssanvito           0 |   HPC_12_00447   129,517 |       300,000   170,483


Acknowledgements:
=================

Note that usage of TCHPC Resources *must* be acknowledged in all publications.

Please see this page for details relevant to this cluster:

http://www.tchpc.tcd.ie/resources/acknowledgementpolicy

################################################################################
