cpu-bind=MASK - cn1000, task  0  0 [48882]: mask 0xffffffffffffffff set
--------------------------------------------------------------------------
Open MPI failed an OFI Libfabric library call (fi_domain).  This is highly
unusual; your job may behave unpredictably (and/or abort) after this.

  Local host: cn1129
  Location: mtl_ofi_component.c:928
  Error: No data available (61)
--------------------------------------------------------------------------
[cn1000.scarf.rl.ac.uk:48916] 239 more processes have sent help message help-mtl-ofi.txt / OFI call fail
[cn1000.scarf.rl.ac.uk:48916] Set MCA parameter "orte_base_help_aggregate" to 0 to see all help / error messages
--------------------------------------------------------------------------
Open MPI failed an OFI Libfabric library call (fi_domain).  This is highly
unusual; your job may behave unpredictably (and/or abort) after this.

  Local host: cn1135
  Location: mtl_ofi_component.c:928
  Error: No data available (61)
--------------------------------------------------------------------------
[cn1000.scarf.rl.ac.uk:64073] 239 more processes have sent help message help-mtl-ofi.txt / OFI call fail
[cn1000.scarf.rl.ac.uk:64073] Set MCA parameter "orte_base_help_aggregate" to 0 to see all help / error messages
[1678638263.283111] [cn1000:64153:0]          mpool.c:43   UCX  WARN  object 0xc716c00 was not returned to mpool ucp_requests
[1678638263.283270] [cn1000:64165:0]          mpool.c:43   UCX  WARN  object 0xaef4340 was not returned to mpool ucp_requests
[1678638263.282099] [cn1020:23974:0]          mpool.c:43   UCX  WARN  object 0x5cd5b40 was not returned to mpool ucp_requests
[1678638263.282218] [cn1020:23973:0]          mpool.c:43   UCX  WARN  object 0x6a6c980 was not returned to mpool ucp_requests
[1678638263.283441] [cn1000:64147:0]          mpool.c:43   UCX  WARN  object 0xaf22a00 was not returned to mpool ucp_requests
[1678638263.282313] [cn1020:23970:0]          mpool.c:43   UCX  WARN  object 0xbfed500 was not returned to mpool ucp_requests
[1678638263.283513] [cn1000:64159:0]          mpool.c:43   UCX  WARN  object 0xad88780 was not returned to mpool ucp_requests
[1678638263.283554] [cn1000:64156:0]          mpool.c:43   UCX  WARN  object 0xa8fb780 was not returned to mpool ucp_requests
[1678638263.283623] [cn1000:64163:0]          mpool.c:43   UCX  WARN  object 0x6061e40 was not returned to mpool ucp_requests
[1678638263.283608] [cn1000:64171:0]          mpool.c:43   UCX  WARN  object 0xbfb0f80 was not returned to mpool ucp_requests
[1678638263.283678] [cn1000:64150:0]          mpool.c:43   UCX  WARN  object 0xc33f280 was not returned to mpool ucp_requests
[1678638263.283672] [cn1000:64174:0]          mpool.c:43   UCX  WARN  object 0xbb0adc0 was not returned to mpool ucp_requests
[1678638263.284438] [cn1000:64168:0]          mpool.c:43   UCX  WARN  object 0xaf90a80 was not returned to mpool ucp_requests
--------------------------------------------------------------------------
Open MPI failed an OFI Libfabric library call (fi_domain).  This is highly
unusual; your job may behave unpredictably (and/or abort) after this.

  Local host: cn1000
  Location: mtl_ofi_component.c:928
  Error: No data available (61)
--------------------------------------------------------------------------
[cn1000.scarf.rl.ac.uk:64872] 239 more processes have sent help message help-mtl-ofi.txt / OFI call fail
[cn1000.scarf.rl.ac.uk:64872] Set MCA parameter "orte_base_help_aggregate" to 0 to see all help / error messages
[1678650035.169480] [cn1000:64956:0]          mpool.c:43   UCX  WARN  object 0xa63c100 was not returned to mpool ucp_requests
[1678650035.169537] [cn1000:64953:0]          mpool.c:43   UCX  WARN  object 0xb639440 was not returned to mpool ucp_requests
[1678650035.169657] [cn1000:64939:0]          mpool.c:43   UCX  WARN  object 0x5d8e640 was not returned to mpool ucp_requests
[1678650035.169711] [cn1000:64941:0]          mpool.c:43   UCX  WARN  object 0x4e5bc00 was not returned to mpool ucp_requests
[1678650035.169775] [cn1000:64943:0]          mpool.c:43   UCX  WARN  object 0xa5f1300 was not returned to mpool ucp_requests
[1678650035.169644] [cn1000:64947:0]          mpool.c:43   UCX  WARN  object 0x6b26140 was not returned to mpool ucp_requests
[1678650035.169736] [cn1000:64951:0]          mpool.c:43   UCX  WARN  object 0xb50d380 was not returned to mpool ucp_requests
[1678650035.169602] [cn1000:64958:0]          mpool.c:43   UCX  WARN  object 0xa961700 was not returned to mpool ucp_requests
[1678650035.169934] [cn1000:64962:0]          mpool.c:43   UCX  WARN  object 0xbb10e40 was not returned to mpool ucp_requests
[1678650035.170023] [cn1000:64964:0]          mpool.c:43   UCX  WARN  object 0xa64c140 was not returned to mpool ucp_requests
[1678650035.172118] [cn1020:24764:0]          mpool.c:43   UCX  WARN  object 0xafa2640 was not returned to mpool ucp_requests
[1678650035.172219] [cn1020:24760:0]          mpool.c:43   UCX  WARN  object 0xae684c0 was not returned to mpool ucp_requests
[1678650035.172209] [cn1020:24762:0]          mpool.c:43   UCX  WARN  object 0xae7b300 was not returned to mpool ucp_requests
cp: cannot stat ‘0V-VH_z-00161.dat’: No such file or directory
cp: cannot stat ‘0V-VH_z-00161.dat’: No such file or directory
cp: cannot stat ‘0V-RHO_z-00161.dat’: No such file or directory
cp: cannot stat ‘0V-RHO_z-00161.dat’: No such file or directory
