 iscf   Eharris(eV)      E_KS(eV)   FreeEng(eV)    dHmax    dDmax   Ef(eV)
    1      -31.3301      -31.3221      -31.3221   0.01029   0.00000 -4.71418
    2      -31.3294      -31.3294      -31.3294   0.00142   0.00000 -4.83563
    3      -31.3294      -31.3287      -31.3287   0.00044   0.00000 -4.82279
    4      -31.3294      -31.3294      -31.3294   0.00018   0.00000 -4.82381
    5      -31.3294      -31.3294      -31.3294   0.00018   0.00000 -4.82383
    6      -31.3294      -31.3294      -31.3294   0.00017   0.00000 -4.82385
    7      -31.3294      -31.3294      -31.3294   0.00017   0.00000 -4.82387
    8      -31.3294      -31.3294      -31.3294   0.00016   0.00000 -4.82389
    9      -31.3294      -31.3294      -31.3294   0.00016   0.00000 -4.82391
   10      -31.3294      -31.3294      -31.3294   0.00015   0.00000 -4.82393
   11      -31.3294      -31.3294      -31.3294   0.00015   0.00000 -4.82395
   12      -31.3294      -31.3294      -31.3294   0.00014   0.00000 -4.82397
   13      -31.3294      -31.3294      -31.3294   0.00014   0.00000 -4.82399
   14      -31.3294      -31.3294      -31.3294   0.00014   0.00000 -4.82401
   15      -31.3294      -31.3294      -31.3294   0.00013   0.00000 -4.82402
   16      -31.3294      -31.3294      -31.3294   0.00013   0.00000 -4.82404
   17      -31.3294      -31.3294      -31.3294   0.00013   0.00000 -4.82406
   18      -31.3294      -31.3294      -31.3294   0.00012   0.00000 -4.82407
   19      -31.3294      -31.3294      -31.3294   0.00012   0.00000 -4.82409
   20      -31.3294      -31.3294      -31.3294   0.00012   0.00000 -4.82411
   21      -31.3294      -31.3294      -31.3294   0.00011   0.00000 -4.82412
   22      -31.3294      -31.3294      -31.3294   0.00011   0.00000 -4.82414
   23      -31.3294      -31.3294      -31.3294   0.00011   0.00000 -4.82415
   24      -31.3294      -31.3294      -31.3294   0.00010   0.00000 -4.82416
   25      -31.3294      -31.3294      -31.3294   0.00010   0.00000 -4.82418
   26      -31.3294      -31.3294      -31.3294   0.00010   0.00000 -4.82419
