cpu-bind=MASK - cn1100, task  0  0 [40454]: mask 0xffffffffffffffff set
-1.0989796330E+001
--------------------------------------------------------------------------
Open MPI failed an OFI Libfabric library call (fi_domain).  This is highly
unusual; your job may behave unpredictably (and/or abort) after this.

  Local host: cn1107
  Location: mtl_ofi_component.c:928
  Error: No data available (61)
--------------------------------------------------------------------------
[cn1100.scarf.rl.ac.uk:40499] 239 more processes have sent help message help-mtl-ofi.txt / OFI call fail
[cn1100.scarf.rl.ac.uk:40499] Set MCA parameter "orte_base_help_aggregate" to 0 to see all help / error messages
[1679308710.346352] [cn1100:40584:0]          mpool.c:43   UCX  WARN  object 0xb893ac0 was not returned to mpool ucp_requests
[1679308710.346338] [cn1100:40591:0]          mpool.c:43   UCX  WARN  object 0xb5a8400 was not returned to mpool ucp_requests
[1679308710.346412] [cn1100:40588:0]          mpool.c:43   UCX  WARN  object 0xa6039c0 was not returned to mpool ucp_requests
[1679308710.348307] [cn1100:40577:0]          mpool.c:43   UCX  WARN  object 0x69014c0 was not returned to mpool ucp_requests
[1679308710.348326] [cn1100:40578:0]          mpool.c:43   UCX  WARN  object 0x6b69e40 was not returned to mpool ucp_requests
[1679308710.348345] [cn1100:40565:0]          mpool.c:43   UCX  WARN  object 0xac33500 was not returned to mpool ucp_requests
[1679308710.348354] [cn1100:40567:0]          mpool.c:43   UCX  WARN  object 0xadd2600 was not returned to mpool ucp_requests
[1679308710.348346] [cn1100:40569:0]          mpool.c:43   UCX  WARN  object 0x67743c0 was not returned to mpool ucp_requests
[1679308710.348348] [cn1100:40573:0]          mpool.c:43   UCX  WARN  object 0x6addec0 was not returned to mpool ucp_requests
[1679308710.348341] [cn1100:40581:0]          mpool.c:43   UCX  WARN  object 0xa684180 was not returned to mpool ucp_requests
cp: cannot stat ‘0V-VH_z-00.dat’: No such file or directory
cp: cannot stat ‘0V-VH_z-00.dat’: No such file or directory
cp: cannot stat ‘0V-RHO_z-00.dat’: No such file or directory
cp: cannot stat ‘0V-RHO_z-00.dat’: No such file or directory
