
 BFGS| Use rational function optimization for step estimation:                NO
 BFGS| Use model Hessian for initial guess:                                  YES
 BFGS| Restart Hessian:                                                       NO
 BFGS| Trust radius:                                                       0.472

 *******************************************************************************
 ***                     STARTING GEOMETRY OPTIMIZATION                      ***
 ***                                   BFGS                                  ***
 *******************************************************************************

 -------------------------------------------------------------------------------
 ----                             MULTIGRID INFO                            ----
 -------------------------------------------------------------------------------
 count for grid        1:          37024          cutoff [a.u.]          250.00
 count for grid        2:          27256          cutoff [a.u.]           83.33
 count for grid        3:          30040          cutoff [a.u.]           27.78
 count for grid        4:           7848          cutoff [a.u.]            9.26
 total gridlevel count  :         102168

 PW_GRID| Information for grid number                                          9
 PW_GRID| Grid distributed over                                    96 processors
 PW_GRID| Real space group dimensions                                     8   12
 PW_GRID| the grid is blocked:                                               YES
 PW_GRID| Cutoff [a.u.]                                                    250.0
 PW_GRID| spherical cutoff:                                                   NO
 PW_GRID|   Bounds   1            -27      27                Points:          55
 PW_GRID|   Bounds   2            -27      27                Points:          55
 PW_GRID|   Bounds   3            -27      27                Points:          55
 PW_GRID| Volume element (a.u.^3)  0.2889E-02     Volume (a.u.^3)       480.6307
 PW_GRID| Grid span                                                    FULLSPACE
 PW_GRID|   Distribution                         Average         Max         Min
 PW_GRID|   G-Vectors                             1733.1        1925        1320
 PW_GRID|   G-Rays                                  31.5          35          24
 PW_GRID|   Real Space Points                     1733.1        1925        1320

 PW_GRID| Information for grid number                                         10
 PW_GRID| Number of the reference grid                                         9
 PW_GRID| Grid distributed over                                    96 processors
 PW_GRID| Real space group dimensions                                     8   12
 PW_GRID| the grid is blocked:                                                NO
 PW_GRID| Cutoff [a.u.]                                                     83.3
 PW_GRID| spherical cutoff:                                                   NO
 PW_GRID|   Bounds   1            -16      16                Points:          33
 PW_GRID|   Bounds   2            -16      16                Points:          33
 PW_GRID|   Bounds   3            -16      16                Points:          33
 PW_GRID| Volume element (a.u.^3)  0.1337E-01     Volume (a.u.^3)       480.6307
 PW_GRID| Grid span                                                    FULLSPACE
 PW_GRID|   Distribution                         Average         Max         Min
 PW_GRID|   G-Vectors                              374.3        1155           0
 PW_GRID|   G-Rays                                  11.3          35           0
 PW_GRID|   Real Space Points                      374.3         495         264

 PW_GRID| Information for grid number                                         11
 PW_GRID| Number of the reference grid                                         9
 PW_GRID| Grid distributed over                                    96 processors
 PW_GRID| Real space group dimensions                                     8   12
 PW_GRID| the grid is blocked:                                                NO
 PW_GRID| Cutoff [a.u.]                                                     27.8
 PW_GRID| spherical cutoff:                                                   NO
 PW_GRID|   Bounds   1            -10       9                Points:          20
 PW_GRID|   Bounds   2            -10       9                Points:          20
 PW_GRID|   Bounds   3            -10       9                Points:          20
 PW_GRID| Volume element (a.u.^3)  0.6008E-01     Volume (a.u.^3)       480.6307
 PW_GRID| Grid span                                                    FULLSPACE
 PW_GRID|   Distribution                         Average         Max         Min
 PW_GRID|   G-Vectors                               83.3         700           0
 PW_GRID|   G-Rays                                   4.2          35           0
 PW_GRID|   Real Space Points                       83.3         120          40

 PW_GRID| Information for grid number                                         12
 PW_GRID| Number of the reference grid                                         9
 PW_GRID| Grid distributed over                                    96 processors
 PW_GRID| Real space group dimensions                                     8   12
 PW_GRID| the grid is blocked:                                                NO
 PW_GRID| Cutoff [a.u.]                                                      9.3
 PW_GRID| spherical cutoff:                                                   NO
 PW_GRID|   Bounds   1             -5       5                Points:          11
 PW_GRID|   Bounds   2             -5       5                Points:          11
 PW_GRID|   Bounds   3             -5       5                Points:          11
 PW_GRID| Volume element (a.u.^3)  0.3611         Volume (a.u.^3)       480.6307
 PW_GRID| Grid span                                                    FULLSPACE
 PW_GRID|   Distribution                         Average         Max         Min
 PW_GRID|   G-Vectors                               13.9         330           0
 PW_GRID|   G-Rays                                   1.3          30           0
 PW_GRID|   Real Space Points                       13.9          22           0

 POISSON| Solver                                                        PERIODIC
 POISSON| Periodicity                                                        XYZ

 RS_GRID| Information for grid number                                          9
 RS_GRID|   Bounds   1            -27      27                Points:          55
 RS_GRID|   Bounds   2            -27      27                Points:          55
 RS_GRID|   Bounds   3            -27      27                Points:          55
 RS_GRID| Real space fully replicated
 RS_GRID| Group size                                                           1

 RS_GRID| Information for grid number                                         10
 RS_GRID|   Bounds   1            -16      16                Points:          33
 RS_GRID|   Bounds   2            -16      16                Points:          33
 RS_GRID|   Bounds   3            -16      16                Points:          33
 RS_GRID| Real space fully replicated
 RS_GRID| Group size                                                           1

 RS_GRID| Information for grid number                                         11
 RS_GRID|   Bounds   1            -10       9                Points:          20
 RS_GRID|   Bounds   2            -10       9                Points:          20
 RS_GRID|   Bounds   3            -10       9                Points:          20
 RS_GRID| Real space fully replicated
 RS_GRID| Group size                                                           1

 RS_GRID| Information for grid number                                         12
 RS_GRID|   Bounds   1             -5       5                Points:          11
 RS_GRID|   Bounds   2             -5       5                Points:          11
 RS_GRID|   Bounds   3             -5       5                Points:          11
 RS_GRID| Real space fully replicated
 RS_GRID| Group size                                                           1

 Number of electrons:                                                         44
 Number of occupied orbitals:                                                 22
 Number of molecular orbitals:                                                36

 Number of orbital functions:                                                 36
 Number of independent orbital functions:                                     36

 Extrapolation method: initial_guess

 Atomic guess: The first density matrix is obtained in terms of atomic orbitals
               and electronic configurations assigned to each atomic kind

 Guess for atomic kind: Au

 Electronic structure
    Total number of core electrons                                         68.00
    Total number of valence electrons                                      11.00
    Total number of electrons                                              79.00
    Multiplicity                                                   not specified
    S   [  2.00  2.00  2.00  2.00  2.00] 1.00
    P   [  6.00  6.00  6.00  6.00]
    D   [ 10.00 10.00]10.00
    F   [ 14.00]


 *******************************************************************************
                  Iteration          Convergence                     Energy [au]
 *******************************************************************************
                          1         0.00000                     -33.033218197848

 Energy components [Hartree]           Total Energy ::          -33.033218197848
                                        Band Energy ::           -1.147505983145
                                     Kinetic Energy ::           24.744064437587
                                   Potential Energy ::          -57.777282635435
                                      Virial (-V/T) ::            2.334995642336
                                        Core Energy ::          -60.197309615487
                                          XC Energy ::           -5.116883226844
                                     Coulomb Energy ::           32.280974644483
                       Total Pseudopotential Energy ::          -85.042885173964
                       Local Pseudopotential Energy ::          -66.341694915099
                    Nonlocal Pseudopotential Energy ::          -18.701190258865
                                        Confinement ::            1.015111208892

 Orbital energies  State     L     Occupation   Energy[a.u.]          Energy[eV]

                       1     0          1.000      -0.213792           -5.817572

                       1     2         10.000      -0.093371           -2.540765


 Total Electron Density at R=0:                                         0.000035
 Re-scaling the density matrix to get the right number of electrons
                  # Electrons              Trace(P)               Scaling factor
                           44                44.000                        1.000


 SCF WAVEFUNCTION OPTIMIZATION

  Step     Update method      Time    Convergence         Total energy    Change
  ------------------------------------------------------------------------------
     1 NoMix/Diag. 0.30E+00   18.7     0.23816743      -133.2237698928 -1.33E+02
     2 Broy./Diag. 0.30E+00   18.8     0.03502845      -136.0898058785 -2.87E+00
     3 Broy./Diag. 0.30E+00   18.8     0.03713106      -134.0162452227  2.07E+00
     4 Broy./Diag. 0.30E+00   18.7     0.00073458      -133.1578438164  8.58E-01
     5 Broy./Diag. 0.30E+00   18.8     0.00002863      -133.1444390540  1.34E-02
     6 Broy./Diag. 0.30E+00   18.9     0.00002316      -133.1460307005 -1.59E-03
     7 Broy./Diag. 0.30E+00   18.8     0.00000181      -133.1468053876 -7.75E-04
     8 Broy./Diag. 0.30E+00   18.8     0.00000063      -133.1467852930  2.01E-05
     9 Broy./Diag. 0.30E+00   18.8     0.00000004      -133.1467649380  2.04E-05

  *** SCF run converged in     9 steps ***


  Electronic density on regular grids:        -43.9999999985        0.0000000015
  Core density on regular grids:               43.9999999928       -0.0000000072
  Total charge density on r-space grids:       -0.0000000057
  Total charge density g-space grids:          -0.0000000057

  Overlap energy of the core charge distribution:               0.00000001663990
  Self energy of the core charge distribution:               -231.41335460772382
  Core Hamiltonian energy:                                     73.33165005316179
  Hartree energy:                                              45.72110962175198
  Exchange-correlation energy:                                -20.78608832620727
  Electronic entropic energy:                                  -0.00008169563233
  Fermi energy:                                                 0.34596002339050

  Total energy:                                              -133.14676493796651

 The electron density is written in cube file format to the file:

 dft_wfn-GEO_OPT-2-ELECTRON_DENSITY-1_0.cube

 !-----------------------------------------------------------------------------!
                     Mulliken Population Analysis

 #  Atom  Element  Kind  Atomic population                           Net charge
       1     Au       1         11.000000                             -0.000000
       2     Au       1         11.000000                             -0.000000
       3     Au       1         11.000000                             -0.000000
       4     Au       1         11.000000                             -0.000000
 # Total charge                             44.000000                 -0.000000

 !-----------------------------------------------------------------------------!

 !-----------------------------------------------------------------------------!
                           Hirshfeld Charges

  #Atom  Element  Kind  Ref Charge     Population                    Net charge
      1       Au     1      11.000         11.000                        -0.000
      2       Au     1      11.000         11.000                        -0.000
      3       Au     1      11.000         11.000                        -0.000
      4       Au     1      11.000         11.000                        -0.000

  Total Charge                                                           -0.000
 !-----------------------------------------------------------------------------!

 ENERGY| Total FORCE_EVAL ( QS ) energy [a.u.]:             -133.146764414002263

 --------  Informations at step =     0 ------------
  Optimization Method        =                 BFGS
  Total Energy               =      -133.1467644140
  Used time                  =              173.852
 ---------------------------------------------------

 --------------------------
 OPTIMIZATION STEP:      1
 --------------------------

 Number of electrons:                                                         44
 Number of occupied orbitals:                                                 22
 Number of molecular orbitals:                                                36

 Number of orbital functions:                                                 36
 Number of independent orbital functions:                                     36

 Extrapolation method: initial_guess

 Atomic guess: The first density matrix is obtained in terms of atomic orbitals
               and electronic configurations assigned to each atomic kind

 Guess for atomic kind: Au

 Electronic structure
    Total number of core electrons                                         68.00
    Total number of valence electrons                                      11.00
    Total number of electrons                                              79.00
    Multiplicity                                                   not specified
    S   [  2.00  2.00  2.00  2.00  2.00] 1.00
    P   [  6.00  6.00  6.00  6.00]
    D   [ 10.00 10.00]10.00
    F   [ 14.00]


 *******************************************************************************
                  Iteration          Convergence                     Energy [au]
 *******************************************************************************
                          1         0.00000                     -33.033218197848

 Energy components [Hartree]           Total Energy ::          -33.033218197848
                                        Band Energy ::           -1.147505983145
                                     Kinetic Energy ::           24.744064437587
                                   Potential Energy ::          -57.777282635435
                                      Virial (-V/T) ::            2.334995642336
                                        Core Energy ::          -60.197309615487
                                          XC Energy ::           -5.116883226844
                                     Coulomb Energy ::           32.280974644483
                       Total Pseudopotential Energy ::          -85.042885173964
                       Local Pseudopotential Energy ::          -66.341694915099
                    Nonlocal Pseudopotential Energy ::          -18.701190258865
                                        Confinement ::            1.015111208892

 Orbital energies  State     L     Occupation   Energy[a.u.]          Energy[eV]

                       1     0          1.000      -0.213792           -5.817572

                       1     2         10.000      -0.093371           -2.540765


 Total Electron Density at R=0:                                         0.000035
 Re-scaling the density matrix to get the right number of electrons
                  # Electrons              Trace(P)               Scaling factor
                           44                44.000                        1.000


 SCF WAVEFUNCTION OPTIMIZATION

  Step     Update method      Time    Convergence         Total energy    Change
  ------------------------------------------------------------------------------
     1 Broy./Diag. 0.30E+00   18.8     0.23816743      -133.2237600403 -1.33E+02
     2 Broy./Diag. 0.30E+00   18.8     0.03502845      -136.0898058785 -2.87E+00
     3 Broy./Diag. 0.30E+00   18.8     0.03713106      -134.0162452227  2.07E+00
     4 Broy./Diag. 0.30E+00   18.9     0.00073458      -133.1578438164  8.58E-01
     5 Broy./Diag. 0.30E+00   18.8     0.00002863      -133.1444390540  1.34E-02
     6 Broy./Diag. 0.30E+00   18.8     0.00002316      -133.1460307005 -1.59E-03
     7 Broy./Diag. 0.30E+00   18.9     0.00000181      -133.1468053875 -7.75E-04
     8 Broy./Diag. 0.30E+00   18.9     0.00000063      -133.1467852929  2.01E-05
     9 Broy./Diag. 0.30E+00   18.9     0.00000004      -133.1467649382  2.04E-05

  *** SCF run converged in     9 steps ***


  Electronic density on regular grids:        -43.9999999984        0.0000000016
  Core density on regular grids:               43.9999999928       -0.0000000072
  Total charge density on r-space grids:       -0.0000000057
  Total charge density g-space grids:          -0.0000000057

  Overlap energy of the core charge distribution:               0.00000001663990
  Self energy of the core charge distribution:               -231.41335460772382
  Core Hamiltonian energy:                                     73.33165005318608
  Hartree energy:                                              45.72110962147563
  Exchange-correlation energy:                                -20.78608832618104
  Electronic entropic energy:                                  -0.00008169563234
  Fermi energy:                                                 0.34596002339035

  Total energy:                                              -133.14676493819232

 The electron density is written in cube file format to the file:

 dft_wfn-GEO_OPT-2-ELECTRON_DENSITY-1_1.cube

 !-----------------------------------------------------------------------------!
                     Mulliken Population Analysis

 #  Atom  Element  Kind  Atomic population                           Net charge
       1     Au       1         11.000000                              0.000000
       2     Au       1         11.000000                             -0.000000
       3     Au       1         11.000000                             -0.000000
       4     Au       1         11.000000                             -0.000000
 # Total charge                             44.000000                 -0.000000

 !-----------------------------------------------------------------------------!

 !-----------------------------------------------------------------------------!
                           Hirshfeld Charges

  #Atom  Element  Kind  Ref Charge     Population                    Net charge
      1       Au     1      11.000         11.000                        -0.000
      2       Au     1      11.000         11.000                        -0.000
      3       Au     1      11.000         11.000                        -0.000
      4       Au     1      11.000         11.000                        -0.000

  Total Charge                                                           -0.000
 !-----------------------------------------------------------------------------!

 ENERGY| Total FORCE_EVAL ( QS ) energy [a.u.]:             -133.146764414006356

 --------  Informations at step =     1 ------------
  Optimization Method        =                 BFGS
  Total Energy               =      -133.1467644140
  Real energy change         =        -0.0000000000
  Predicted change in energy =        -0.0000000000
  Scaling factor             =         0.0000000000
  Step size                  =         0.0000031589
  Trust radius               =         0.4724315332
  Decrease in energy         =                  YES
  Used time                  =              174.047

  Convergence check :
  Max. step size             =         0.0000031589
  Conv. limit for step size  =         0.0030000000
  Convergence in step size   =                  YES
  RMS step size              =         0.0000031588
  Conv. limit for RMS step   =         0.0015000000
  Convergence in RMS step    =                  YES
  Max. gradient              =         0.0000002869
  Conv. limit for gradients  =         0.0004500000
  Conv. in gradients         =                  YES
  RMS gradient               =         0.0000002869
  Conv. limit for RMS grad.  =         0.0003000000
  Conv. in RMS gradients     =                  YES
 ---------------------------------------------------
 Estimated peak process memory after this step [MiB]                        4171

 *******************************************************************************
 ***                    GEOMETRY OPTIMIZATION COMPLETED                      ***
 *******************************************************************************
