
 BFGS| Use rational function optimization for step estimation:                NO
 BFGS| Use model Hessian for initial guess:                                  YES
 BFGS| Restart Hessian:                                                       NO
 BFGS| Trust radius:                                                       0.472

 *******************************************************************************
 ***                     STARTING GEOMETRY OPTIMIZATION                      ***
 ***                                   BFGS                                  ***
 *******************************************************************************

 -------------------------------------------------------------------------------
 ----                             MULTIGRID INFO                            ----
 -------------------------------------------------------------------------------
 count for grid        1:          37024          cutoff [a.u.]          250.00
 count for grid        2:          26872          cutoff [a.u.]           83.33
 count for grid        3:          30040          cutoff [a.u.]           27.78
 count for grid        4:           7848          cutoff [a.u.]            9.26
 total gridlevel count  :         101784

 PW_GRID| Information for grid number                                          5
 PW_GRID| Grid distributed over                                    96 processors
 PW_GRID| Real space group dimensions                                     8   12
 PW_GRID| the grid is blocked:                                               YES
 PW_GRID| Cutoff [a.u.]                                                    250.0
 PW_GRID| spherical cutoff:                                                   NO
 PW_GRID|   Bounds   1            -30      29                Points:          60
 PW_GRID|   Bounds   2            -30      29                Points:          60
 PW_GRID|   Bounds   3            -30      29                Points:          60
 PW_GRID| Volume element (a.u.^3)  0.2262E-02     Volume (a.u.^3)       488.6676
 PW_GRID| Grid span                                                    FULLSPACE
 PW_GRID|   Distribution                         Average         Max         Min
 PW_GRID|   G-Vectors                             2250.0        2400        2100
 PW_GRID|   G-Rays                                  37.5          40          35
 PW_GRID|   Real Space Points                     2250.0        2400        2100

 PW_GRID| Information for grid number                                          6
 PW_GRID| Number of the reference grid                                         5
 PW_GRID| Grid distributed over                                    96 processors
 PW_GRID| Real space group dimensions                                     8   12
 PW_GRID| the grid is blocked:                                                NO
 PW_GRID| Cutoff [a.u.]                                                     83.3
 PW_GRID| spherical cutoff:                                                   NO
 PW_GRID|   Bounds   1            -16      16                Points:          33
 PW_GRID|   Bounds   2            -16      16                Points:          33
 PW_GRID|   Bounds   3            -16      16                Points:          33
 PW_GRID| Volume element (a.u.^3)  0.1360E-01     Volume (a.u.^3)       488.6676
 PW_GRID| Grid span                                                    FULLSPACE
 PW_GRID|   Distribution                         Average         Max         Min
 PW_GRID|   G-Vectors                              374.3        1320           0
 PW_GRID|   G-Rays                                  11.3          40           0
 PW_GRID|   Real Space Points                      374.3         495         264

 PW_GRID| Information for grid number                                          7
 PW_GRID| Number of the reference grid                                         5
 PW_GRID| Grid distributed over                                    96 processors
 PW_GRID| Real space group dimensions                                     8   12
 PW_GRID| the grid is blocked:                                                NO
 PW_GRID| Cutoff [a.u.]                                                     27.8
 PW_GRID| spherical cutoff:                                                   NO
 PW_GRID|   Bounds   1            -10       9                Points:          20
 PW_GRID|   Bounds   2            -10       9                Points:          20
 PW_GRID|   Bounds   3            -10       9                Points:          20
 PW_GRID| Volume element (a.u.^3)  0.6108E-01     Volume (a.u.^3)       488.6676
 PW_GRID| Grid span                                                    FULLSPACE
 PW_GRID|   Distribution                         Average         Max         Min
 PW_GRID|   G-Vectors                               83.3         800           0
 PW_GRID|   G-Rays                                   4.2          40           0
 PW_GRID|   Real Space Points                       83.3         120          40

 PW_GRID| Information for grid number                                          8
 PW_GRID| Number of the reference grid                                         5
 PW_GRID| Grid distributed over                                    96 processors
 PW_GRID| Real space group dimensions                                     8   12
 PW_GRID| the grid is blocked:                                                NO
 PW_GRID| Cutoff [a.u.]                                                      9.3
 PW_GRID| spherical cutoff:                                                   NO
 PW_GRID|   Bounds   1             -5       5                Points:          11
 PW_GRID|   Bounds   2             -5       5                Points:          11
 PW_GRID|   Bounds   3             -5       5                Points:          11
 PW_GRID| Volume element (a.u.^3)  0.3671         Volume (a.u.^3)       488.6676
 PW_GRID| Grid span                                                    FULLSPACE
 PW_GRID|   Distribution                         Average         Max         Min
 PW_GRID|   G-Vectors                               13.9         330           0
 PW_GRID|   G-Rays                                   1.3          30           0
 PW_GRID|   Real Space Points                       13.9          22           0

 POISSON| Solver                                                        PERIODIC
 POISSON| Periodicity                                                        XYZ

 RS_GRID| Information for grid number                                          5
 RS_GRID|   Bounds   1            -30      29                Points:          60
 RS_GRID|   Bounds   2            -30      29                Points:          60
 RS_GRID|   Bounds   3            -30      29                Points:          60
 RS_GRID| Real space fully replicated
 RS_GRID| Group size                                                           1

 RS_GRID| Information for grid number                                          6
 RS_GRID|   Bounds   1            -16      16                Points:          33
 RS_GRID|   Bounds   2            -16      16                Points:          33
 RS_GRID|   Bounds   3            -16      16                Points:          33
 RS_GRID| Real space fully replicated
 RS_GRID| Group size                                                           1

 RS_GRID| Information for grid number                                          7
 RS_GRID|   Bounds   1            -10       9                Points:          20
 RS_GRID|   Bounds   2            -10       9                Points:          20
 RS_GRID|   Bounds   3            -10       9                Points:          20
 RS_GRID| Real space fully replicated
 RS_GRID| Group size                                                           1

 RS_GRID| Information for grid number                                          8
 RS_GRID|   Bounds   1             -5       5                Points:          11
 RS_GRID|   Bounds   2             -5       5                Points:          11
 RS_GRID|   Bounds   3             -5       5                Points:          11
 RS_GRID| Real space fully replicated
 RS_GRID| Group size                                                           1

 Number of electrons:                                                         44
 Number of occupied orbitals:                                                 22
 Number of molecular orbitals:                                                36

 Number of orbital functions:                                                 36
 Number of independent orbital functions:                                     36

 Extrapolation method: initial_guess

 Atomic guess: The first density matrix is obtained in terms of atomic orbitals
               and electronic configurations assigned to each atomic kind

 Guess for atomic kind: Au

 Electronic structure
    Total number of core electrons                                         68.00
    Total number of valence electrons                                      11.00
    Total number of electrons                                              79.00
    Multiplicity                                                   not specified
    S   [  2.00  2.00  2.00  2.00  2.00] 1.00
    P   [  6.00  6.00  6.00  6.00]
    D   [ 10.00 10.00]10.00
    F   [ 14.00]


 *******************************************************************************
                  Iteration          Convergence                     Energy [au]
 *******************************************************************************
                          1         0.00000                     -33.033218197848

 Energy components [Hartree]           Total Energy ::          -33.033218197848
                                        Band Energy ::           -1.147505983145
                                     Kinetic Energy ::           24.744064437587
                                   Potential Energy ::          -57.777282635435
                                      Virial (-V/T) ::            2.334995642336
                                        Core Energy ::          -60.197309615487
                                          XC Energy ::           -5.116883226844
                                     Coulomb Energy ::           32.280974644483
                       Total Pseudopotential Energy ::          -85.042885173964
                       Local Pseudopotential Energy ::          -66.341694915099
                    Nonlocal Pseudopotential Energy ::          -18.701190258865
                                        Confinement ::            1.015111208892

 Orbital energies  State     L     Occupation   Energy[a.u.]          Energy[eV]

                       1     0          1.000      -0.213792           -5.817572

                       1     2         10.000      -0.093371           -2.540765


 Total Electron Density at R=0:                                         0.000035
 Re-scaling the density matrix to get the right number of electrons
                  # Electrons              Trace(P)               Scaling factor
                           44                44.000                        1.000


 SCF WAVEFUNCTION OPTIMIZATION

  Step     Update method      Time    Convergence         Total energy    Change
  ------------------------------------------------------------------------------
     1 Broy./Diag. 0.30E+00   18.6     0.24780262      -133.2069762967 -1.33E+02
     2 Broy./Diag. 0.30E+00   18.6     0.03459151      -136.1300419406 -2.92E+00
     3 Broy./Diag. 0.30E+00   18.6     0.03782060      -134.0322472794  2.10E+00
     4 Broy./Diag. 0.30E+00   18.6     0.00070447      -133.1559842775  8.76E-01
     5 Broy./Diag. 0.30E+00   18.7     0.00005018      -133.1444653996  1.15E-02
     6 Broy./Diag. 0.30E+00   18.7     0.00000938      -133.1459922126 -1.53E-03
     7 Broy./Diag. 0.30E+00   18.7     0.00000174      -133.1464542078 -4.62E-04
     8 Broy./Diag. 0.30E+00   18.7     0.00000011      -133.1464468383  7.37E-06
     9 Broy./Diag. 0.30E+00   18.7     0.00000003      -133.1464378062  9.03E-06

  *** SCF run converged in     9 steps ***


  Electronic density on regular grids:        -43.9999999990        0.0000000010
  Core density on regular grids:               43.9999999928       -0.0000000072
  Total charge density on r-space grids:       -0.0000000063
  Total charge density g-space grids:          -0.0000000063

  Overlap energy of the core charge distribution:               0.00000001288459
  Self energy of the core charge distribution:               -231.41335460772382
  Core Hamiltonian energy:                                     73.26934557494540
  Hartree energy:                                              45.75479730749790
  Exchange-correlation energy:                                -20.75713454571993
  Electronic entropic energy:                                  -0.00009154810945
  Fermi energy:                                                 0.33521258562541

  Total energy:                                              -133.14643780618741

 The electron density is written in cube file format to the file:

 dft_wfn-GEO_OPT-1-ELECTRON_DENSITY-1_0.cube

 !-----------------------------------------------------------------------------!
                     Mulliken Population Analysis

 #  Atom  Element  Kind  Atomic population                           Net charge
       1     Au       1         11.000000                             -0.000000
       2     Au       1         11.000000                             -0.000000
       3     Au       1         11.000000                             -0.000000
       4     Au       1         11.000000                             -0.000000
 # Total charge                             44.000000                 -0.000000

 !-----------------------------------------------------------------------------!

 !-----------------------------------------------------------------------------!
                           Hirshfeld Charges

  #Atom  Element  Kind  Ref Charge     Population                    Net charge
      1       Au     1      11.000         11.000                        -0.000
      2       Au     1      11.000         11.000                        -0.000
      3       Au     1      11.000         11.000                        -0.000
      4       Au     1      11.000         11.000                        -0.000

  Total Charge                                                           -0.000
 !-----------------------------------------------------------------------------!

 ENERGY| Total FORCE_EVAL ( QS ) energy [a.u.]:             -133.146437199688222

 --------  Informations at step =     0 ------------
  Optimization Method        =                 BFGS
  Total Energy               =      -133.1464371997
  Used time                  =              172.526
 ---------------------------------------------------

 --------------------------
 OPTIMIZATION STEP:      1
 --------------------------

 Number of electrons:                                                         44
 Number of occupied orbitals:                                                 22
 Number of molecular orbitals:                                                36

 Number of orbital functions:                                                 36
 Number of independent orbital functions:                                     36

 Extrapolation method: initial_guess

 Atomic guess: The first density matrix is obtained in terms of atomic orbitals
               and electronic configurations assigned to each atomic kind

 Guess for atomic kind: Au

 Electronic structure
    Total number of core electrons                                         68.00
    Total number of valence electrons                                      11.00
    Total number of electrons                                              79.00
    Multiplicity                                                   not specified
    S   [  2.00  2.00  2.00  2.00  2.00] 1.00
    P   [  6.00  6.00  6.00  6.00]
    D   [ 10.00 10.00]10.00
    F   [ 14.00]


 *******************************************************************************
                  Iteration          Convergence                     Energy [au]
 *******************************************************************************
                          1         0.00000                     -33.033218197848

 Energy components [Hartree]           Total Energy ::          -33.033218197848
                                        Band Energy ::           -1.147505983145
                                     Kinetic Energy ::           24.744064437587
                                   Potential Energy ::          -57.777282635435
                                      Virial (-V/T) ::            2.334995642336
                                        Core Energy ::          -60.197309615487
                                          XC Energy ::           -5.116883226844
                                     Coulomb Energy ::           32.280974644483
                       Total Pseudopotential Energy ::          -85.042885173964
                       Local Pseudopotential Energy ::          -66.341694915099
                    Nonlocal Pseudopotential Energy ::          -18.701190258865
                                        Confinement ::            1.015111208892

 Orbital energies  State     L     Occupation   Energy[a.u.]          Energy[eV]

                       1     0          1.000      -0.213792           -5.817572

                       1     2         10.000      -0.093371           -2.540765


 Total Electron Density at R=0:                                         0.000035
 Re-scaling the density matrix to get the right number of electrons
                  # Electrons              Trace(P)               Scaling factor
                           44                44.000                        1.000


 SCF WAVEFUNCTION OPTIMIZATION

  Step     Update method      Time    Convergence         Total energy    Change
  ------------------------------------------------------------------------------
     1 Broy./Diag. 0.30E+00   18.6     0.24780262      -133.2069748767 -1.33E+02
     2 Broy./Diag. 0.30E+00   18.9     0.03459151      -136.1300419406 -2.92E+00
     3 Broy./Diag. 0.30E+00   18.7     0.03782060      -134.0322472794  2.10E+00
     4 Broy./Diag. 0.30E+00   18.7     0.00070447      -133.1559842775  8.76E-01
     5 Broy./Diag. 0.30E+00   18.7     0.00005018      -133.1444653996  1.15E-02
     6 Broy./Diag. 0.30E+00   18.7     0.00000938      -133.1459922127 -1.53E-03
     7 Broy./Diag. 0.30E+00   18.7     0.00000174      -133.1464542079 -4.62E-04
     8 Broy./Diag. 0.30E+00   18.8     0.00000011      -133.1464468384  7.37E-06
     9 Broy./Diag. 0.30E+00   18.7     0.00000003      -133.1464378062  9.03E-06

  *** SCF run converged in     9 steps ***


  Electronic density on regular grids:        -43.9999999990        0.0000000010
  Core density on regular grids:               43.9999999928       -0.0000000072
  Total charge density on r-space grids:       -0.0000000063
  Total charge density g-space grids:          -0.0000000063

  Overlap energy of the core charge distribution:               0.00000001288459
  Self energy of the core charge distribution:               -231.41335460772382
  Core Hamiltonian energy:                                     73.26934557494525
  Hartree energy:                                              45.75479730749120
  Exchange-correlation energy:                                -20.75713454572135
  Electronic entropic energy:                                  -0.00009154810946
  Fermi energy:                                                 0.33521258562533

  Total energy:                                              -133.14643780619571

 The electron density is written in cube file format to the file:

 dft_wfn-GEO_OPT-1-ELECTRON_DENSITY-1_1.cube

 !-----------------------------------------------------------------------------!
                     Mulliken Population Analysis

 #  Atom  Element  Kind  Atomic population                           Net charge
       1     Au       1         11.000000                             -0.000000
       2     Au       1         11.000000                             -0.000000
       3     Au       1         11.000000                             -0.000000
       4     Au       1         11.000000                             -0.000000
 # Total charge                             44.000000                 -0.000000

 !-----------------------------------------------------------------------------!

 !-----------------------------------------------------------------------------!
                           Hirshfeld Charges

  #Atom  Element  Kind  Ref Charge     Population                    Net charge
      1       Au     1      11.000         11.000                        -0.000
      2       Au     1      11.000         11.000                        -0.000
      3       Au     1      11.000         11.000                        -0.000
      4       Au     1      11.000         11.000                        -0.000

  Total Charge                                                           -0.000
 !-----------------------------------------------------------------------------!

 ENERGY| Total FORCE_EVAL ( QS ) energy [a.u.]:             -133.146437199691235

 --------  Informations at step =     1 ------------
  Optimization Method        =                 BFGS
  Total Energy               =      -133.1464371997
  Real energy change         =        -0.0000000000
  Predicted change in energy =        -0.0000000000
  Scaling factor             =         0.0000000000
  Step size                  =         0.0000011721
  Trust radius               =         0.4724315332
  Decrease in energy         =                  YES
  Used time                  =              173.255

  Convergence check :
  Max. step size             =         0.0000011721
  Conv. limit for step size  =         0.0030000000
  Convergence in step size   =                  YES
  RMS step size              =         0.0000011720
  Conv. limit for RMS step   =         0.0015000000
  Convergence in RMS step    =                  YES
  Max. gradient              =         0.0000000868
  Conv. limit for gradients  =         0.0004500000
  Conv. in gradients         =                  YES
  RMS gradient               =         0.0000000868
  Conv. limit for RMS grad.  =         0.0003000000
  Conv. in RMS gradients     =                  YES
 ---------------------------------------------------
 Estimated peak process memory after this step [MiB]                        2810

 *******************************************************************************
 ***                    GEOMETRY OPTIMIZATION COMPLETED                      ***
 *******************************************************************************
