
 BFGS| Use rational function optimization for step estimation:                NO
 BFGS| Use model Hessian for initial guess:                                  YES
 BFGS| Restart Hessian:                                                       NO
 BFGS| Trust radius:                                                       0.472

 *******************************************************************************
 ***                     STARTING GEOMETRY OPTIMIZATION                      ***
 ***                                   BFGS                                  ***
 *******************************************************************************

 Number of electrons:                                                         44
 Number of occupied orbitals:                                                 22
 Number of molecular orbitals:                                                36

 Number of orbital functions:                                                 36
 Number of independent orbital functions:                                     36

 Extrapolation method: initial_guess

 Atomic guess: The first density matrix is obtained in terms of atomic orbitals
               and electronic configurations assigned to each atomic kind

 Guess for atomic kind: Au

 Electronic structure
    Total number of core electrons                                         68.00
    Total number of valence electrons                                      11.00
    Total number of electrons                                              79.00
    Multiplicity                                                   not specified
    S   [  2.00  2.00  2.00  2.00  2.00] 1.00
    P   [  6.00  6.00  6.00  6.00]
    D   [ 10.00 10.00]10.00
    F   [ 14.00]


 *******************************************************************************
                  Iteration          Convergence                     Energy [au]
 *******************************************************************************
                          1         0.00000                     -33.033218197848

 Energy components [Hartree]           Total Energy ::          -33.033218197848
                                        Band Energy ::           -1.147505983145
                                     Kinetic Energy ::           24.744064437587
                                   Potential Energy ::          -57.777282635435
                                      Virial (-V/T) ::            2.334995642336
                                        Core Energy ::          -60.197309615487
                                          XC Energy ::           -5.116883226844
                                     Coulomb Energy ::           32.280974644483
                       Total Pseudopotential Energy ::          -85.042885173964
                       Local Pseudopotential Energy ::          -66.341694915099
                    Nonlocal Pseudopotential Energy ::          -18.701190258865
                                        Confinement ::            1.015111208892

 Orbital energies  State     L     Occupation   Energy[a.u.]          Energy[eV]

                       1     0          1.000      -0.213792           -5.817572

                       1     2         10.000      -0.093371           -2.540765


 Total Electron Density at R=0:                                         0.000035
 Re-scaling the density matrix to get the right number of electrons
                  # Electrons              Trace(P)               Scaling factor
                           44                44.000                        1.000


 SCF WAVEFUNCTION OPTIMIZATION

  Step     Update method      Time    Convergence         Total energy    Change
  ------------------------------------------------------------------------------
     1 NoMix/Diag. 0.30E+00   18.1     0.24911683      -133.2045707912 -1.33E+02
     2 Broy./Diag. 0.30E+00   18.3     0.03452996      -136.1353869059 -2.93E+00
     3 Broy./Diag. 0.30E+00   18.3     0.03792300      -134.0343767862  2.10E+00
     4 Broy./Diag. 0.30E+00   18.5     0.00069729      -133.1556265216  8.79E-01
     5 Broy./Diag. 0.30E+00   18.5     0.00005273      -133.1444202184  1.12E-02
     6 Broy./Diag. 0.30E+00   18.4     0.00000740      -133.1459286188 -1.51E-03
     7 Broy./Diag. 0.30E+00   18.6     0.00000177      -133.1463483503 -4.20E-04
     8 Broy./Diag. 0.30E+00   18.5     0.00000008      -133.1463431468  5.20E-06

  *** SCF run converged in     8 steps ***


  Electronic density on regular grids:        -43.9999999991        0.0000000009
  Core density on regular grids:               43.9999999927       -0.0000000073
  Total charge density on r-space grids:       -0.0000000064
  Total charge density g-space grids:          -0.0000000064

  Overlap energy of the core charge distribution:               0.00000001243494
  Self energy of the core charge distribution:               -231.41335460772382
  Core Hamiltonian energy:                                     73.26124635097956
  Hartree energy:                                              45.75909042651762
  Exchange-correlation energy:                                -20.75323236095217
  Electronic entropic energy:                                  -0.00009296814148
  Fermi energy:                                                 0.33376136351145

  Total energy:                                              -133.14634314676650

 The electron density is written in cube file format to the file:

 dft_wfn-GEO_OPT-0-ELECTRON_DENSITY-1_0.cube

 !-----------------------------------------------------------------------------!
                     Mulliken Population Analysis

 #  Atom  Element  Kind  Atomic population                           Net charge
       1     Au       1         11.000000                              0.000000
       2     Au       1         11.000000                              0.000000
       3     Au       1         11.000000                              0.000000
       4     Au       1         11.000000                              0.000000
 # Total charge                             44.000000                  0.000000

 !-----------------------------------------------------------------------------!

 !-----------------------------------------------------------------------------!
                           Hirshfeld Charges

  #Atom  Element  Kind  Ref Charge     Population                    Net charge
      1       Au     1      11.000         11.000                        -0.000
      2       Au     1      11.000         11.000                        -0.000
      3       Au     1      11.000         11.000                        -0.000
      4       Au     1      11.000         11.000                        -0.000

  Total Charge                                                           -0.000
 !-----------------------------------------------------------------------------!

 ENERGY| Total FORCE_EVAL ( QS ) energy [a.u.]:             -133.146334279313550

 --------  Informations at step =     0 ------------
  Optimization Method        =                 BFGS
  Total Energy               =      -133.1463342793
  Used time                  =              152.123
 ---------------------------------------------------

 --------------------------
 OPTIMIZATION STEP:      1
 --------------------------

 Number of electrons:                                                         44
 Number of occupied orbitals:                                                 22
 Number of molecular orbitals:                                                36

 Number of orbital functions:                                                 36
 Number of independent orbital functions:                                     36

 Extrapolation method: initial_guess

 Atomic guess: The first density matrix is obtained in terms of atomic orbitals
               and electronic configurations assigned to each atomic kind

 Guess for atomic kind: Au

 Electronic structure
    Total number of core electrons                                         68.00
    Total number of valence electrons                                      11.00
    Total number of electrons                                              79.00
    Multiplicity                                                   not specified
    S   [  2.00  2.00  2.00  2.00  2.00] 1.00
    P   [  6.00  6.00  6.00  6.00]
    D   [ 10.00 10.00]10.00
    F   [ 14.00]


 *******************************************************************************
                  Iteration          Convergence                     Energy [au]
 *******************************************************************************
                          1         0.00000                     -33.033218197848

 Energy components [Hartree]           Total Energy ::          -33.033218197848
                                        Band Energy ::           -1.147505983145
                                     Kinetic Energy ::           24.744064437587
                                   Potential Energy ::          -57.777282635435
                                      Virial (-V/T) ::            2.334995642336
                                        Core Energy ::          -60.197309615487
                                          XC Energy ::           -5.116883226844
                                     Coulomb Energy ::           32.280974644483
                       Total Pseudopotential Energy ::          -85.042885173964
                       Local Pseudopotential Energy ::          -66.341694915099
                    Nonlocal Pseudopotential Energy ::          -18.701190258865
                                        Confinement ::            1.015111208892

 Orbital energies  State     L     Occupation   Energy[a.u.]          Energy[eV]

                       1     0          1.000      -0.213792           -5.817572

                       1     2         10.000      -0.093371           -2.540765


 Total Electron Density at R=0:                                         0.000035
 Re-scaling the density matrix to get the right number of electrons
                  # Electrons              Trace(P)               Scaling factor
                           44                44.000                        1.000


 SCF WAVEFUNCTION OPTIMIZATION

  Step     Update method      Time    Convergence         Total energy    Change
  ------------------------------------------------------------------------------
     1 Broy./Diag. 0.30E+00   18.3     0.24911683      -133.2046637593 -1.33E+02
     2 Broy./Diag. 0.30E+00   18.5     0.03452996      -136.1353869058 -2.93E+00
     3 Broy./Diag. 0.30E+00   18.5     0.03792300      -134.0343767862  2.10E+00
     4 Broy./Diag. 0.30E+00   18.6     0.00069729      -133.1556265216  8.79E-01
     5 Broy./Diag. 0.30E+00   18.6     0.00005273      -133.1444202184  1.12E-02
     6 Broy./Diag. 0.30E+00   18.6     0.00000740      -133.1459286189 -1.51E-03
     7 Broy./Diag. 0.30E+00   18.5     0.00000177      -133.1463483503 -4.20E-04
     8 Broy./Diag. 0.30E+00   18.5     0.00000008      -133.1463431468  5.20E-06

  *** SCF run converged in     8 steps ***


  Electronic density on regular grids:        -43.9999999991        0.0000000009
  Core density on regular grids:               43.9999999927       -0.0000000073
  Total charge density on r-space grids:       -0.0000000064
  Total charge density g-space grids:          -0.0000000064

  Overlap energy of the core charge distribution:               0.00000001243494
  Self energy of the core charge distribution:               -231.41335460772382
  Core Hamiltonian energy:                                     73.26124635092202
  Hartree energy:                                              45.75909042652743
  Exchange-correlation energy:                                -20.75323236093930
  Electronic entropic energy:                                  -0.00009296814148
  Fermi energy:                                                 0.33376136351089

  Total energy:                                              -133.14634314680140

 The electron density is written in cube file format to the file:

 dft_wfn-GEO_OPT-0-ELECTRON_DENSITY-1_1.cube

 !-----------------------------------------------------------------------------!
                     Mulliken Population Analysis

 #  Atom  Element  Kind  Atomic population                           Net charge
       1     Au       1         11.000000                              0.000000
       2     Au       1         11.000000                              0.000000
       3     Au       1         11.000000                              0.000000
       4     Au       1         11.000000                              0.000000
 # Total charge                             44.000000                  0.000000

 !-----------------------------------------------------------------------------!

 !-----------------------------------------------------------------------------!
                           Hirshfeld Charges

  #Atom  Element  Kind  Ref Charge     Population                    Net charge
      1       Au     1      11.000         11.000                        -0.000
      2       Au     1      11.000         11.000                        -0.000
      3       Au     1      11.000         11.000                        -0.000
      4       Au     1      11.000         11.000                        -0.000

  Total Charge                                                           -0.000
 !-----------------------------------------------------------------------------!

 ENERGY| Total FORCE_EVAL ( QS ) energy [a.u.]:             -133.146334279320143

 --------  Informations at step =     1 ------------
  Optimization Method        =                 BFGS
  Total Energy               =      -133.1463342793
  Real energy change         =        -0.0000000000
  Predicted change in energy =        -0.0000000000
  Scaling factor             =         0.0000000000
  Step size                  =         0.0000016125
  Trust radius               =         0.4724315332
  Decrease in energy         =                  YES
  Used time                  =              152.464

  Convergence check :
  Max. step size             =         0.0000016125
  Conv. limit for step size  =         0.0030000000
  Convergence in step size   =                  YES
  RMS step size              =         0.0000016124
  Conv. limit for RMS step   =         0.0015000000
  Convergence in RMS step    =                  YES
  Max. gradient              =         0.0000001159
  Conv. limit for gradients  =         0.0004500000
  Conv. in gradients         =                  YES
  RMS gradient               =         0.0000001159
  Conv. limit for RMS grad.  =         0.0003000000
  Conv. in RMS gradients     =                  YES
 ---------------------------------------------------
 Estimated peak process memory after this step [MiB]                        1445

 *******************************************************************************
 ***                    GEOMETRY OPTIMIZATION COMPLETED                      ***
 *******************************************************************************
