
 BFGS| Use rational function optimization for step estimation:                NO
 BFGS| Use model Hessian for initial guess:                                  YES
 BFGS| Restart Hessian:                                                       NO
 BFGS| Trust radius:                                                       0.472

 *******************************************************************************
 ***                     STARTING GEOMETRY OPTIMIZATION                      ***
 ***                                   BFGS                                  ***
 *******************************************************************************

 -------------------------------------------------------------------------------
 ----                             MULTIGRID INFO                            ----
 -------------------------------------------------------------------------------
 count for grid        1:          37024          cutoff [a.u.]          250.00
 count for grid        2:          27256          cutoff [a.u.]           83.33
 count for grid        3:          30040          cutoff [a.u.]           27.78
 count for grid        4:           7848          cutoff [a.u.]            9.26
 total gridlevel count  :         102168

 PW_GRID| Information for grid number                                         17
 PW_GRID| Grid distributed over                                    96 processors
 PW_GRID| Real space group dimensions                                     8   12
 PW_GRID| the grid is blocked:                                               YES
 PW_GRID| Cutoff [a.u.]                                                    250.0
 PW_GRID| spherical cutoff:                                                   NO
 PW_GRID|   Bounds   1            -27      27                Points:          55
 PW_GRID|   Bounds   2            -27      27                Points:          55
 PW_GRID|   Bounds   3            -27      27                Points:          55
 PW_GRID| Volume element (a.u.^3)  0.2891E-02     Volume (a.u.^3)       481.0435
 PW_GRID| Grid span                                                    FULLSPACE
 PW_GRID|   Distribution                         Average         Max         Min
 PW_GRID|   G-Vectors                             1733.1        1925        1320
 PW_GRID|   G-Rays                                  31.5          35          24
 PW_GRID|   Real Space Points                     1733.1        1925        1320

 PW_GRID| Information for grid number                                         18
 PW_GRID| Number of the reference grid                                        17
 PW_GRID| Grid distributed over                                    96 processors
 PW_GRID| Real space group dimensions                                     8   12
 PW_GRID| the grid is blocked:                                                NO
 PW_GRID| Cutoff [a.u.]                                                     83.3
 PW_GRID| spherical cutoff:                                                   NO
 PW_GRID|   Bounds   1            -16      16                Points:          33
 PW_GRID|   Bounds   2            -16      16                Points:          33
 PW_GRID|   Bounds   3            -16      16                Points:          33
 PW_GRID| Volume element (a.u.^3)  0.1339E-01     Volume (a.u.^3)       481.0435
 PW_GRID| Grid span                                                    FULLSPACE
 PW_GRID|   Distribution                         Average         Max         Min
 PW_GRID|   G-Vectors                              374.3        1155           0
 PW_GRID|   G-Rays                                  11.3          35           0
 PW_GRID|   Real Space Points                      374.3         495         264

 PW_GRID| Information for grid number                                         19
 PW_GRID| Number of the reference grid                                        17
 PW_GRID| Grid distributed over                                    96 processors
 PW_GRID| Real space group dimensions                                     8   12
 PW_GRID| the grid is blocked:                                                NO
 PW_GRID| Cutoff [a.u.]                                                     27.8
 PW_GRID| spherical cutoff:                                                   NO
 PW_GRID|   Bounds   1            -10       9                Points:          20
 PW_GRID|   Bounds   2            -10       9                Points:          20
 PW_GRID|   Bounds   3            -10       9                Points:          20
 PW_GRID| Volume element (a.u.^3)  0.6013E-01     Volume (a.u.^3)       481.0435
 PW_GRID| Grid span                                                    FULLSPACE
 PW_GRID|   Distribution                         Average         Max         Min
 PW_GRID|   G-Vectors                               83.3         700           0
 PW_GRID|   G-Rays                                   4.2          35           0
 PW_GRID|   Real Space Points                       83.3         120          40

 PW_GRID| Information for grid number                                         20
 PW_GRID| Number of the reference grid                                        17
 PW_GRID| Grid distributed over                                    96 processors
 PW_GRID| Real space group dimensions                                     8   12
 PW_GRID| the grid is blocked:                                                NO
 PW_GRID| Cutoff [a.u.]                                                      9.3
 PW_GRID| spherical cutoff:                                                   NO
 PW_GRID|   Bounds   1             -5       5                Points:          11
 PW_GRID|   Bounds   2             -5       5                Points:          11
 PW_GRID|   Bounds   3             -5       5                Points:          11
 PW_GRID| Volume element (a.u.^3)  0.3614         Volume (a.u.^3)       481.0435
 PW_GRID| Grid span                                                    FULLSPACE
 PW_GRID|   Distribution                         Average         Max         Min
 PW_GRID|   G-Vectors                               13.9         330           0
 PW_GRID|   G-Rays                                   1.3          30           0
 PW_GRID|   Real Space Points                       13.9          22           0

 POISSON| Solver                                                        PERIODIC
 POISSON| Periodicity                                                        XYZ

 RS_GRID| Information for grid number                                         17
 RS_GRID|   Bounds   1            -27      27                Points:          55
 RS_GRID|   Bounds   2            -27      27                Points:          55
 RS_GRID|   Bounds   3            -27      27                Points:          55
 RS_GRID| Real space fully replicated
 RS_GRID| Group size                                                           1

 RS_GRID| Information for grid number                                         18
 RS_GRID|   Bounds   1            -16      16                Points:          33
 RS_GRID|   Bounds   2            -16      16                Points:          33
 RS_GRID|   Bounds   3            -16      16                Points:          33
 RS_GRID| Real space fully replicated
 RS_GRID| Group size                                                           1

 RS_GRID| Information for grid number                                         19
 RS_GRID|   Bounds   1            -10       9                Points:          20
 RS_GRID|   Bounds   2            -10       9                Points:          20
 RS_GRID|   Bounds   3            -10       9                Points:          20
 RS_GRID| Real space fully replicated
 RS_GRID| Group size                                                           1

 RS_GRID| Information for grid number                                         20
 RS_GRID|   Bounds   1             -5       5                Points:          11
 RS_GRID|   Bounds   2             -5       5                Points:          11
 RS_GRID|   Bounds   3             -5       5                Points:          11
 RS_GRID| Real space fully replicated
 RS_GRID| Group size                                                           1

 Number of electrons:                                                         44
 Number of occupied orbitals:                                                 22
 Number of molecular orbitals:                                                36

 Number of orbital functions:                                                 36
 Number of independent orbital functions:                                     36

 Extrapolation method: initial_guess

 Atomic guess: The first density matrix is obtained in terms of atomic orbitals
               and electronic configurations assigned to each atomic kind

 Guess for atomic kind: Au
