cpu-bind=MASK - cn1057, task  0  0 [16906]: mask 0xffffffffffffffff set
--------------------------------------------------------------------------
Open MPI failed an OFI Libfabric library call (fi_domain).  This is highly
unusual; your job may behave unpredictably (and/or abort) after this.

  Local host: cn1158
  Location: mtl_ofi_component.c:928
  Error: No data available (61)
--------------------------------------------------------------------------
[cn1057.scarf.rl.ac.uk:17912] 239 more processes have sent help message help-mtl-ofi.txt / OFI call fail
[cn1057.scarf.rl.ac.uk:17912] Set MCA parameter "orte_base_help_aggregate" to 0 to see all help / error messages
--------------------------------------------------------------------------
Open MPI failed an OFI Libfabric library call (fi_domain).  This is highly
unusual; your job may behave unpredictably (and/or abort) after this.

  Local host: cn1145
  Location: mtl_ofi_component.c:928
  Error: No data available (61)
--------------------------------------------------------------------------
[cn1057.scarf.rl.ac.uk:19654] 239 more processes have sent help message help-mtl-ofi.txt / OFI call fail
[cn1057.scarf.rl.ac.uk:19654] Set MCA parameter "orte_base_help_aggregate" to 0 to see all help / error messages
[1678701651.567916] [cn1076:64617:0]          mpool.c:43   UCX  WARN  object 0xbf8a040 was not returned to mpool ucp_requests
[1678701651.572088] [cn1057:19726:0]          mpool.c:43   UCX  WARN  object 0xc0f0480 was not returned to mpool ucp_requests
[1678701651.572096] [cn1057:19732:0]          mpool.c:43   UCX  WARN  object 0xbcaedc0 was not returned to mpool ucp_requests
[1678701651.572078] [cn1057:19736:0]          mpool.c:43   UCX  WARN  object 0x5362680 was not returned to mpool ucp_requests
[1678701651.572154] [cn1057:19725:0]          mpool.c:43   UCX  WARN  object 0x5624240 was not returned to mpool ucp_requests
[1678701651.572136] [cn1057:19742:0]          mpool.c:43   UCX  WARN  object 0x64581c0 was not returned to mpool ucp_requests
[1678701651.572160] [cn1057:19744:0]          mpool.c:43   UCX  WARN  object 0xacfbf00 was not returned to mpool ucp_requests
[1678701651.572200] [cn1057:19729:0]          mpool.c:43   UCX  WARN  object 0xa87ed40 was not returned to mpool ucp_requests
[1678701651.572196] [cn1057:19739:0]          mpool.c:43   UCX  WARN  object 0xb250400 was not returned to mpool ucp_requests
[1678701651.572194] [cn1057:19746:0]          mpool.c:43   UCX  WARN  object 0x52e3f00 was not returned to mpool ucp_requests
[1678701651.572240] [cn1057:19749:0]          mpool.c:43   UCX  WARN  object 0xaa2c640 was not returned to mpool ucp_requests
--------------------------------------------------------------------------
Open MPI failed an OFI Libfabric library call (fi_domain).  This is highly
unusual; your job may behave unpredictably (and/or abort) after this.

  Local host: cn1158
  Location: mtl_ofi_component.c:928
  Error: No data available (61)
--------------------------------------------------------------------------
[cn1057.scarf.rl.ac.uk:20433] 239 more processes have sent help message help-mtl-ofi.txt / OFI call fail
[cn1057.scarf.rl.ac.uk:20433] Set MCA parameter "orte_base_help_aggregate" to 0 to see all help / error messages
[1678702706.045522] [cn1076:65412:0]          mpool.c:43   UCX  WARN  object 0xaac0140 was not returned to mpool ucp_requests
[1678702706.050951] [cn1057:20502:0]          mpool.c:43   UCX  WARN  object 0x67e4080 was not returned to mpool ucp_requests
[1678702706.051025] [cn1057:20505:0]          mpool.c:43   UCX  WARN  object 0xba6dc40 was not returned to mpool ucp_requests
[1678702706.050946] [cn1057:20508:0]          mpool.c:43   UCX  WARN  object 0x57e52c0 was not returned to mpool ucp_requests
[1678702706.051044] [cn1057:20511:0]          mpool.c:43   UCX  WARN  object 0x5e55640 was not returned to mpool ucp_requests
[1678702706.050807] [cn1057:20514:0]          mpool.c:43   UCX  WARN  object 0xb4f86c0 was not returned to mpool ucp_requests
[1678702706.050888] [cn1057:20518:0]          mpool.c:43   UCX  WARN  object 0x6253c80 was not returned to mpool ucp_requests
[1678702706.050930] [cn1057:20520:0]          mpool.c:43   UCX  WARN  object 0x5aa9700 was not returned to mpool ucp_requests
[1678702706.050921] [cn1057:20523:0]          mpool.c:43   UCX  WARN  object 0xb9d3f00 was not returned to mpool ucp_requests
[1678702706.050751] [cn1057:20526:0]          mpool.c:43   UCX  WARN  object 0xae9c400 was not returned to mpool ucp_requests
[1678702706.050951] [cn1057:20530:0]          mpool.c:43   UCX  WARN  object 0x6ceb140 was not returned to mpool ucp_requests
cp: cannot stat ‘0V-VH_z-0037.dat’: No such file or directory
cp: cannot stat ‘0V-VH_z-0037.dat’: No such file or directory
cp: cannot stat ‘0V-RHO_z-0037.dat’: No such file or directory
cp: cannot stat ‘0V-RHO_z-0037.dat’: No such file or directory
