
  GRID BASED BADER ANALYSIS  (Version 0.28a 07/12/12)

  OPEN ... mx.RHO.cube         
  GAUSSIAN-STYLE INPUT FILE
  FFT-grid:   160 x 160 x 720
  CLOSE ... mx.RHO.cube         

  RUN TIME:    9.29 SECONDS

  CALCULATING BADER CHARGE DISTRIBUTION
                 0  10  25  50  75  100
  PERCENT DONE:  ********************** 

  REFINING AUTOMATICALLY
  ITERATION: 1
  EDGE POINTS:       7262119
  REASSIGNED POINTS:  793205
  ITERATION: 2
  CHECKED POINTS:    6240802
  REASSIGNED POINTS:   17973
  ITERATION: 3
  CHECKED POINTS:     183424
  REASSIGNED POINTS:    5197
  ITERATION: 4
  CHECKED POINTS:      41980
  REASSIGNED POINTS:    2454
  ITERATION: 5
  CHECKED POINTS:      16109
  REASSIGNED POINTS:     957
  ITERATION: 6
  CHECKED POINTS:       7863
  REASSIGNED POINTS:     505
  ITERATION: 7
  CHECKED POINTS:       4725
  REASSIGNED POINTS:     369
  ITERATION: 8
  CHECKED POINTS:       3299
  REASSIGNED POINTS:     327
  ITERATION: 9
  CHECKED POINTS:       2876
  REASSIGNED POINTS:     220
  ITERATION:10
  CHECKED POINTS:       2286
  REASSIGNED POINTS:     161
  ITERATION:11
  CHECKED POINTS:       1830
  REASSIGNED POINTS:     130
  ITERATION:12
  CHECKED POINTS:       1492
  REASSIGNED POINTS:     103
  ITERATION:13
  CHECKED POINTS:       1264
  REASSIGNED POINTS:     100
  ITERATION:14
  CHECKED POINTS:       1185
  REASSIGNED POINTS:      92
  ITERATION:15
  CHECKED POINTS:       1068
  REASSIGNED POINTS:      98
  ITERATION:16
  CHECKED POINTS:       1085
  REASSIGNED POINTS:     104
  ITERATION:17
  CHECKED POINTS:       1132
  REASSIGNED POINTS:     100
  ITERATION:18
  CHECKED POINTS:       1136
  REASSIGNED POINTS:     109
  ITERATION:19
  CHECKED POINTS:       1160
  REASSIGNED POINTS:      90
  ITERATION:20
  CHECKED POINTS:        981
  REASSIGNED POINTS:      88
  ITERATION:21
  CHECKED POINTS:        933
  REASSIGNED POINTS:     107
  ITERATION:22
  CHECKED POINTS:       1031
  REASSIGNED POINTS:      85
  ITERATION:23
  CHECKED POINTS:        858
  REASSIGNED POINTS:     102
  ITERATION:24
  CHECKED POINTS:        961
  REASSIGNED POINTS:     101
  ITERATION:25
  CHECKED POINTS:        914
  REASSIGNED POINTS:      96
  ITERATION:26
  CHECKED POINTS:        904
  REASSIGNED POINTS:      79
  ITERATION:27
  CHECKED POINTS:        736
  REASSIGNED POINTS:      79
  ITERATION:28
  CHECKED POINTS:        705
  REASSIGNED POINTS:      78
  ITERATION:29
  CHECKED POINTS:        672
  REASSIGNED POINTS:      76
  ITERATION:30
  CHECKED POINTS:        653
  REASSIGNED POINTS:      70
  ITERATION:31
  CHECKED POINTS:        570
  REASSIGNED POINTS:      57
  ITERATION:32
  CHECKED POINTS:        450
  REASSIGNED POINTS:      47
  ITERATION:33
  CHECKED POINTS:        359
  REASSIGNED POINTS:      31
  ITERATION:34
  CHECKED POINTS:        216
  REASSIGNED POINTS:      25
  ITERATION:35
  CHECKED POINTS:        167
  REASSIGNED POINTS:      30
  ITERATION:36
  CHECKED POINTS:        180
  REASSIGNED POINTS:      27
  ITERATION:37
  CHECKED POINTS:        142
  REASSIGNED POINTS:      22
  ITERATION:38
  CHECKED POINTS:        114
  REASSIGNED POINTS:      10
  ITERATION:39
  CHECKED POINTS:         69
  REASSIGNED POINTS:       2
  ITERATION:40
  CHECKED POINTS:         29
  REASSIGNED POINTS:       0

  RUN TIME:     595.44 SECONDS

  CALCULATING MINIMUM DISTANCES TO ATOMS
                 0  10  25  50  75  100
  PERCENT DONE:  **********************

  RUN TIME:   14.28 SECONDS

  WRITING BADER ATOMIC CHARGES TO ACF.dat
  WRITING BADER VOLUME CHARGES TO BCF.dat

  NUMBER OF BADER MAXIMA FOUND:        2726874
      SIGNIFICANT MAXIMA FOUND:           2366
           NUMBER OF ELECTRONS:     1222.98957
 
