 @target G0.S0
 @type xy
  -0.1000000E+02      0.0000000E+00
  -0.9975937E+01      0.0000000E+00
  -0.9951870E+01      0.0000000E+00
  -0.9927802E+01      0.1191073E-30
  -0.9903735E+01      0.3266419E-31
  -0.9879668E+01      0.2153463E-29
  -0.9855600E+01      0.7846062E-30
  -0.9831533E+01      0.0000000E+00
  -0.9807465E+01      0.0000000E+00
  -0.9783398E+01      0.3643318E-30
  -0.9759331E+01      0.0000000E+00
  -0.9735263E+01      0.0000000E+00
  -0.9711196E+01      0.0000000E+00
  -0.9687128E+01      0.0000000E+00
  -0.9663061E+01      0.0000000E+00
  -0.9638994E+01      0.0000000E+00
  -0.9614926E+01      0.1382233E-31
  -0.9590859E+01      0.0000000E+00
  -0.9566791E+01      0.3854353E-33
  -0.9542724E+01      0.0000000E+00
  -0.9518657E+01      0.3931830E-31
  -0.9494589E+01      0.0000000E+00
  -0.9470522E+01      0.0000000E+00
  -0.9446454E+01      0.0000000E+00
  -0.9422387E+01      0.2287876E-31
  -0.9398320E+01      0.1562607E-30
  -0.9374252E+01      0.0000000E+00
  -0.9350185E+01      0.0000000E+00
  -0.9326117E+01      0.0000000E+00
  -0.9302050E+01      0.1578029E-29
  -0.9277983E+01      0.0000000E+00
  -0.9253915E+01      0.0000000E+00
  -0.9229848E+01      0.3559605E-30
  -0.9205780E+01      0.7601867E-31
  -0.9181713E+01      0.2268799E-29
  -0.9157646E+01      0.0000000E+00
  -0.9133578E+01      0.0000000E+00
  -0.9109511E+01      0.9768800E-30
  -0.9085443E+01      0.0000000E+00
  -0.9061376E+01      0.3737465E-29
  -0.9037309E+01      0.4975384E-28
  -0.9013241E+01      0.0000000E+00
  -0.8989174E+01      0.0000000E+00
  -0.8965106E+01      0.1007611E-27
  -0.8941039E+01      0.0000000E+00
  -0.8916972E+01      0.0000000E+00
  -0.8892904E+01      0.8997076E-28
  -0.8868837E+01      0.0000000E+00
  -0.8844769E+01      0.0000000E+00
  -0.8820702E+01      0.0000000E+00
  -0.8796635E+01      0.7377361E-23
  -0.8772567E+01      0.7430723E-23
  -0.8748500E+01      0.2018439E-01
  -0.8724432E+01      0.1061762E+00
  -0.8700365E+01      0.1281837E+00
  -0.8676298E+01      0.1326811E+00
  -0.8652230E+01      0.1309942E+00
  -0.8628163E+01      0.1268778E+00
  -0.8604095E+01      0.1217696E+00
  -0.8580028E+01      0.1162364E+00
  -0.8555961E+01      0.1104589E+00
  -0.8531893E+01      0.1044028E+00
  -0.8507826E+01      0.9785495E-01
  -0.8483758E+01      0.9035279E-01
  -0.8459691E+01      0.8089872E-01
  -0.8435624E+01      0.6678874E-01
  -0.8411556E+01      0.3111268E-01
  -0.8387489E+01      0.1820196E+00
  -0.8363421E+01      0.2416777E+00
  -0.8339354E+01      0.2627266E+00
  -0.8315287E+01      0.2706138E+00
  -0.8291219E+01      0.2730235E+00
  -0.8267152E+01      0.2731513E+00
  -0.8243084E+01      0.2725171E+00
  -0.8219017E+01      0.2719135E+00
  -0.8194950E+01      0.2717866E+00
  -0.8170882E+01      0.2724083E+00
  -0.8146815E+01      0.2739608E+00
  -0.8122747E+01      0.2765833E+00
  -0.8098680E+01      0.2803976E+00
  -0.8074613E+01      0.2855248E+00
  -0.8050545E+01      0.2920968E+00
  -0.8026478E+01      0.3002650E+00
  -0.8002410E+01      0.3102081E+00
  -0.7978343E+01      0.3221395E+00
  -0.7954276E+01      0.3363152E+00
  -0.7930208E+01      0.3530416E+00
  -0.7906141E+01      0.3726836E+00
  -0.7882073E+01      0.3956722E+00
  -0.7858006E+01      0.4225087E+00
  -0.7833939E+01      0.4537628E+00
  -0.7809871E+01      0.4900568E+00
  -0.7785804E+01      0.5320245E+00
  -0.7761736E+01      0.5802228E+00
  -0.7737669E+01      0.6349664E+00
  -0.7713602E+01      0.6960438E+00
  -0.7689534E+01      0.7622733E+00
  -0.7665467E+01      0.8308999E+00
  -0.7641399E+01      0.8969602E+00
  -0.7617332E+01      0.9529871E+00
  -0.7593265E+01      0.9896925E+00
  -0.7569197E+01      0.9981710E+00
  -0.7545130E+01      0.9732419E+00
  -0.7521062E+01      0.9161287E+00
  -0.7496995E+01      0.8344110E+00
  -0.7472928E+01      0.7390805E+00
  -0.7448860E+01      0.6407503E+00
  -0.7424793E+01      0.5471736E+00
  -0.7400725E+01      0.4626102E+00
  -0.7376658E+01      0.3880895E+00
  -0.7352591E+01      0.3145744E+00
  -0.7328523E+01      0.2842097E+00
  -0.7304456E+01      0.2366254E+00
  -0.7280388E+01      0.1992640E+00
  -0.7256321E+01      0.1684453E+00
  -0.7232254E+01      0.1427342E+00
  -0.7208186E+01      0.1211228E+00
  -0.7184119E+01      0.1028266E+00
  -0.7160051E+01      0.8722057E-01
  -0.7135984E+01      0.7380243E-01
  -0.7111917E+01      0.6216648E-01
  -0.7087849E+01      0.5198338E-01
  -0.7063782E+01      0.4298460E-01
  -0.7039714E+01      0.3495092E-01
  -0.7015647E+01      0.2770492E-01
  -0.6991580E+01      0.2110882E-01
  -0.6967512E+01      0.1507134E-01
  -0.6943445E+01      0.9574135E-02
  -0.6919377E+01      0.4748235E-02
  -0.6895310E+01      0.1097375E-02
  -0.6871243E+01      0.2233634E-03
  -0.6847175E+01      0.7652917E-02
  -0.6823108E+01      0.4738106E-01
  -0.6799040E+01      0.2700192E+00
  -0.6774973E+01      0.9997792E+00
  -0.6750906E+01      0.4098431E+00
  -0.6726838E+01      0.1464514E+00
  -0.6702771E+01      0.2183983E+00
  -0.6678703E+01      0.2219876E+00
  -0.6654636E+01      0.2166021E+00
  -0.6630569E+01      0.2086227E+00
  -0.6606501E+01      0.1997526E+00
  -0.6582434E+01      0.1908907E+00
  -0.6558366E+01      0.1733875E+00
  -0.6534299E+01      0.1608736E+00
  -0.6510232E+01      0.1498470E+00
  -0.6486164E+01      0.1389596E+00
  -0.6462097E+01      0.1276676E+00
  -0.6438029E+01      0.1154584E+00
  -0.6413962E+01      0.1015615E+00
  -0.6389895E+01      0.8433233E-01
  -0.6365827E+01      0.5629904E-01
  -0.6341760E+01      0.1193213E+00
  -0.6317692E+01      0.1504311E+00
  -0.6293625E+01      0.1681049E+00
  -0.6269558E+01      0.1786305E+00
  -0.6245490E+01      0.1837943E+00
  -0.6221423E+01      0.1836472E+00
  -0.6197355E+01      0.1770862E+00
  -0.6173288E+01      0.1613611E+00
  -0.6149221E+01      0.1130142E+00
  -0.6125153E+01      0.2838795E+00
  -0.6101086E+01      0.1073931E+01
  -0.6077018E+01      0.5182590E+00
  -0.6052951E+01      0.1100881E+01
  -0.6028884E+01      0.3220236E+00
  -0.6004816E+01      0.2731650E+00
  -0.5980749E+01      0.2887288E+00
  -0.5956681E+01      0.3510112E+00
  -0.5932614E+01      0.4861429E+00
  -0.5908547E+01      0.7326502E+00
  -0.5884479E+01      0.1061584E+01
  -0.5860412E+01      0.1287497E+01
  -0.5836344E+01      0.1304619E+01
  -0.5812277E+01      0.1220484E+01
  -0.5788210E+01      0.1131704E+01
  -0.5764142E+01      0.1065621E+01
  -0.5740075E+01      0.1021773E+01
  -0.5716007E+01      0.9942450E+00
  -0.5691940E+01      0.9776493E+00
  -0.5667873E+01      0.9680441E+00
  -0.5643805E+01      0.9627025E+00
  -0.5619738E+01      0.9597685E+00
  -0.5595670E+01      0.9579317E+00
  -0.5571603E+01      0.9561768E+00
  -0.5547536E+01      0.9535541E+00
  -0.5523468E+01      0.9489129E+00
  -0.5499401E+01      0.9404579E+00
  -0.5475333E+01      0.9247036E+00
  -0.5451266E+01      0.8926904E+00
  -0.5427199E+01      0.6179261E+00
  -0.5403131E+01      0.5951919E+00
  -0.5379064E+01      0.6400720E+00
  -0.5354996E+01      0.7153703E+00
  -0.5330929E+01      0.8389807E+00
  -0.5306862E+01      0.1095330E+01
  -0.5282794E+01      0.1120503E+01
  -0.5258727E+01      0.7287343E+00
  -0.5234659E+01      0.4291892E+00
  -0.5210592E+01      0.3046246E+00
  -0.5186525E+01      0.3280064E+00
  -0.5162457E+01      0.6334440E+00
  -0.5138390E+01      0.5368421E+00
  -0.5114322E+01      0.5033564E+00
  -0.5090255E+01      0.5309580E+00
  -0.5066188E+01      0.6425657E+00
  -0.5042120E+01      0.9122972E+00
  -0.5018053E+01      0.1134360E+01
  -0.4993985E+01      0.2984015E+00
  -0.4969918E+01      0.8480621E-03
  -0.4945851E+01      0.2233756E-01
  -0.4921783E+01      0.7965372E-01
  -0.4897716E+01      0.1628530E+00
  -0.4873648E+01      0.2738478E+00
  -0.4849581E+01      0.4175618E+00
  -0.4825514E+01      0.5971669E+00
  -0.4801446E+01      0.8275948E+00
  -0.4777379E+01      0.1129158E+01
  -0.4753311E+01      0.1885491E+01
  -0.4729244E+01      0.1990938E+01
  -0.4705177E+01      0.1967340E+01
  -0.4681109E+01      0.1859534E+01
  -0.4657042E+01      0.1734293E+01
  -0.4632974E+01      0.1655543E+01
  -0.4608907E+01      0.1670356E+01
  -0.4584840E+01      0.1557290E+01
  -0.4560772E+01      0.1804917E+01
  -0.4536705E+01      0.1966183E+01
  -0.4512637E+01      0.1980464E+01
  -0.4488570E+01      0.1990777E+01
  -0.4464503E+01      0.1998226E+01
  -0.4440435E+01      0.1998820E+01
  -0.4416368E+01      0.1985565E+01
  -0.4392300E+01      0.1947020E+01
  -0.4368233E+01      0.1985197E+01
  -0.4344166E+01      0.1642370E+01
  -0.4320098E+01      0.1067832E+01
  -0.4296031E+01      0.5833831E+00
  -0.4271963E+01      0.4441270E+00
  -0.4247896E+01      0.6510470E+00
  -0.4223829E+01      0.9388253E+00
  -0.4199761E+01      0.8884093E+00
  -0.4175694E+01      0.8438520E+00
  -0.4151626E+01      0.8289007E+00
  -0.4127559E+01      0.8087360E+00
  -0.4103492E+01      0.8660764E+00
  -0.4079424E+01      0.9512210E+00
  -0.4055357E+01      0.9615608E+00
  -0.4031289E+01      0.8282696E+00
  -0.4007222E+01      0.5828741E+00
  -0.3983155E+01      0.3975528E+00
  -0.3959087E+01      0.2950424E+00
  -0.3935020E+01      0.2421507E+00
  -0.3910952E+01      0.2168050E+00
  -0.3886885E+01      0.2079838E+00
  -0.3862818E+01      0.2100828E+00
  -0.3838750E+01      0.2198305E+00
  -0.3814683E+01      0.2348428E+00
  -0.3790615E+01      0.2527912E+00
  -0.3766548E+01      0.2712721E+00
  -0.3742481E+01      0.2875254E+00
  -0.3718413E+01      0.2988313E+00
  -0.3694346E+01      0.3027799E+00
  -0.3670278E+01      0.2976801E+00
  -0.3646211E+01      0.2829040E+00
  -0.3622144E+01      0.2590881E+00
  -0.3598076E+01      0.2281057E+00
  -0.3574009E+01      0.1927525E+00
  -0.3549941E+01      0.1561804E+00
  -0.3525874E+01      0.1212503E+00
  -0.3501807E+01      0.9004318E-01
  -0.3477739E+01      0.6362648E-01
  -0.3453672E+01      0.4184408E-01
  -0.3429604E+01      0.2735908E-01
  -0.3405537E+01      0.2161397E-01
  -0.3381470E+01      0.2147873E-01
  -0.3357402E+01      0.3045155E-01
  -0.3333335E+01      0.1021895E+00
  -0.3309267E+01      0.9608906E+00
  -0.3285200E+01      0.2160706E+00
  -0.3261133E+01      0.2094033E+00
  -0.3237065E+01      0.9183685E+00
  -0.3212998E+01      0.9952807E+00
  -0.3188930E+01      0.9277699E+00
  -0.3164863E+01      0.9495491E+00
  -0.3140796E+01      0.9951778E+00
  -0.3116728E+01      0.7938205E+00
  -0.3092661E+01      0.5863804E+00
  -0.3068593E+01      0.6891606E+00
  -0.3044526E+01      0.3124756E+00
  -0.3020459E+01      0.3165731E+00
  -0.2996391E+01      0.3736181E+00
  -0.2972324E+01      0.4664208E+00
  -0.2948256E+01      0.6287470E+00
  -0.2924189E+01      0.7277239E+00
  -0.2900122E+01      0.7726176E+00
  -0.2876054E+01      0.7944132E+00
  -0.2851987E+01      0.7995774E+00
  -0.2827919E+01      0.7908331E+00
  -0.2803852E+01      0.7687455E+00
  -0.2779785E+01      0.7892872E+00
  -0.2755717E+01      0.7573765E+00
  -0.2731650E+01      0.9054366E+00
  -0.2707582E+01      0.8475957E+00
  -0.2683515E+01      0.9352173E+00
  -0.2659448E+01      0.9171897E+00
  -0.2635380E+01      0.9127021E+00
  -0.2611313E+01      0.9116269E+00
  -0.2587245E+01      0.9116009E+00
  -0.2563178E+01      0.9130047E+00
  -0.2539111E+01      0.9168087E+00
  -0.2515043E+01      0.9237374E+00
  -0.2490976E+01      0.9335297E+00
  -0.2466908E+01      0.9444873E+00
  -0.2442841E+01      0.9538116E+00
  -0.2418774E+01      0.9587404E+00
  -0.2394706E+01      0.9577410E+00
  -0.2370639E+01      0.9509776E+00
  -0.2346571E+01      0.9399651E+00
  -0.2322504E+01      0.9268696E+00
  -0.2298437E+01      0.9139006E+00
  -0.2274369E+01      0.9029614E+00
  -0.2250302E+01      0.8954617E+00
  -0.2226234E+01      0.8919200E+00
  -0.2202167E+01      0.8895467E+00
  -0.2178100E+01      0.8538383E+00
  -0.2154032E+01      0.3085102E+00
  -0.2129965E+01      0.3262756E+00
  -0.2105897E+01      0.3218855E+00
  -0.2081830E+01      0.3177910E+00
  -0.2057763E+01      0.3985305E+00
  -0.2033695E+01      0.3212171E+00
  -0.2009628E+01      0.3058785E+00
  -0.1985560E+01      0.2958358E+00
  -0.1961493E+01      0.2876838E+00
  -0.1937426E+01      0.2806382E+00
  -0.1913358E+01      0.2744074E+00
  -0.1889291E+01      0.2688257E+00
  -0.1865223E+01      0.2637739E+00
  -0.1841156E+01      0.2591482E+00
  -0.1817089E+01      0.2548420E+00
  -0.1793021E+01      0.2507487E+00
  -0.1768954E+01      0.2467396E+00
  -0.1744886E+01      0.2426624E+00
  -0.1720819E+01      0.2383258E+00
  -0.1696752E+01      0.2334764E+00
  -0.1672684E+01      0.2277635E+00
  -0.1648617E+01      0.2206726E+00
  -0.1624549E+01      0.2113937E+00
  -0.1600482E+01      0.1985289E+00
  -0.1576415E+01      0.1789827E+00
  -0.1552347E+01      0.1406155E+00
  -0.1528280E+01      0.1926567E+00
  -0.1504212E+01      0.2109273E+00
  -0.1480145E+01      0.2237613E+00
  -0.1456078E+01      0.2347102E+00
  -0.1432010E+01      0.2450334E+00
  -0.1407943E+01      0.2554655E+00
  -0.1383875E+01      0.2647776E+00
  -0.1359808E+01      0.2781469E+00
  -0.1335741E+01      0.2911078E+00
  -0.1311673E+01      0.3056081E+00
  -0.1287606E+01      0.3221927E+00
  -0.1263538E+01      0.3419450E+00
  -0.1239471E+01      0.3841725E+00
  -0.1215404E+01      0.4806995E+00
  -0.1191336E+01      0.5396245E+00
  -0.1167269E+01      0.5907948E+00
  -0.1143201E+01      0.6373705E+00
  -0.1119134E+01      0.6803666E+00
  -0.1095067E+01      0.7201590E+00
  -0.1070999E+01      0.7568764E+00
  -0.1046932E+01      0.7905495E+00
  -0.1022864E+01      0.8211801E+00
  -0.9987971E+00      0.8487774E+00
  -0.9747297E+00      0.8733757E+00
  -0.9506623E+00      0.8950440E+00
  -0.9265949E+00      0.9138867E+00
  -0.9025275E+00      0.9300410E+00
  -0.8784601E+00      0.9436708E+00
  -0.8543927E+00      0.9549583E+00
  -0.8303253E+00      0.9640953E+00
  -0.8062579E+00      0.9712740E+00
  -0.7821905E+00      0.9766784E+00
  -0.7581231E+00      0.9804757E+00
  -0.7340557E+00      0.9828096E+00
  -0.7099883E+00      0.9837937E+00
  -0.6859209E+00      0.9835063E+00
  -0.6618535E+00      0.9819865E+00
  -0.6377861E+00      0.9792302E+00
  -0.6137187E+00      0.9751884E+00
  -0.5896513E+00      0.9697650E+00
  -0.5655839E+00      0.9628161E+00
  -0.5415165E+00      0.9541474E+00
  -0.5174491E+00      0.9435086E+00
  -0.4933817E+00      0.9305737E+00
  -0.4693143E+00      0.9148744E+00
  -0.4452469E+00      0.8954921E+00
  -0.4211795E+00      0.8612279E+00
  -0.3971121E+00      0.8293592E+00
  -0.3730447E+00      0.8022725E+00
  -0.3489773E+00      0.7755321E+00
  -0.3249099E+00      0.7484500E+00
  -0.3008425E+00      0.7208121E+00
  -0.2767751E+00      0.6925664E+00
  -0.2527077E+00      0.6637433E+00
  -0.2286403E+00      0.6344210E+00
  -0.2045729E+00      0.6047071E+00
  -0.1805055E+00      0.5747277E+00
  -0.1564381E+00      0.5446173E+00
  -0.1323707E+00      0.5145108E+00
  -0.1083033E+00      0.4845329E+00
  -0.8423590E-01      0.4547863E+00
  -0.6016850E-01      0.4253308E+00
  -0.3610110E-01      0.3961523E+00
  -0.1203370E-01      0.3671526E+00
   0.1203370E-01      0.3406744E+00
   0.3610110E-01      0.3304727E+00
   0.6016850E-01      0.3095785E+00
   0.8423590E-01      0.2822077E+00
   0.1083033E+00      0.2583410E+00
   0.1323707E+00      0.2371062E+00
   0.1564381E+00      0.2180475E+00
   0.1805055E+00      0.2008934E+00
   0.2045729E+00      0.1854524E+00
   0.2286403E+00      0.1715448E+00
   0.2527077E+00      0.1590339E+00
   0.2767751E+00      0.1477688E+00
   0.3008425E+00      0.1375934E+00
   0.3249099E+00      0.1283390E+00
   0.3489773E+00      0.1198268E+00
   0.3730447E+00      0.1118832E+00
   0.3971121E+00      0.1043685E+00
   0.4211795E+00      0.9720900E-01
   0.4452469E+00      0.9041425E-01
   0.4693143E+00      0.8406043E-01
   0.4933817E+00      0.7824255E-01
   0.5174491E+00      0.7302189E-01
   0.5415165E+00      0.6839838E-01
   0.5655839E+00      0.6431636E-01
   0.5896513E+00      0.6069019E-01
   0.6137187E+00      0.5743036E-01
   0.6377861E+00      0.5445995E-01
   0.6618535E+00      0.5172036E-01
   0.6859209E+00      0.4917020E-01
   0.7099883E+00      0.4678152E-01
   0.7340557E+00      0.4453556E-01
   0.7581231E+00      0.4241943E-01
   0.7821905E+00      0.4042368E-01
   0.8062579E+00      0.3854078E-01
   0.8303253E+00      0.3676424E-01
   0.8543927E+00      0.3508808E-01
   0.8784601E+00      0.3350659E-01
   0.9025275E+00      0.3201422E-01
   0.9265949E+00      0.3060555E-01
   0.9506623E+00      0.2927529E-01
   0.9747297E+00      0.2801827E-01
   0.9987971E+00      0.2682949E-01
   0.1022864E+01      0.2570409E-01
   0.1046932E+01      0.2463738E-01
   0.1070999E+01      0.2362482E-01
   0.1095067E+01      0.2266202E-01
   0.1119134E+01      0.2174470E-01
   0.1143201E+01      0.2086868E-01
   0.1167269E+01      0.2002981E-01
   0.1191336E+01      0.1922397E-01
   0.1215404E+01      0.1844693E-01
   0.1239471E+01      0.1769436E-01
   0.1263538E+01      0.1696161E-01
   0.1287606E+01      0.1624365E-01
   0.1311673E+01      0.1553478E-01
   0.1335741E+01      0.1482834E-01
   0.1359808E+01      0.1411618E-01
   0.1383875E+01      0.1338785E-01
   0.1407943E+01      0.1262902E-01
   0.1432010E+01      0.1181852E-01
   0.1456078E+01      0.1092098E-01
   0.1480145E+01      0.9862744E-02
   0.1504212E+01      0.8338190E-02
   0.1528280E+01      0.1158939E-01
   0.1552347E+01      0.1366528E-01
   0.1576415E+01      0.1532794E-01
   0.1600482E+01      0.1689697E-01
   0.1624549E+01      0.1862050E-01
   0.1648617E+01      0.2082190E-01
   0.1672684E+01      0.2399158E-01
   0.1696752E+01      0.2887611E-01
   0.1720819E+01      0.3653175E-01
   0.1744886E+01      0.4823009E-01
   0.1768954E+01      0.6502691E-01
   0.1793021E+01      0.8688996E-01
   0.1817089E+01      0.1117601E+00
   0.1841156E+01      0.1355322E+00
   0.1865223E+01      0.1535924E+00
   0.1889291E+01      0.1629751E+00
   0.1913358E+01      0.1634271E+00
   0.1937426E+01      0.1568477E+00
   0.1961493E+01      0.1459709E+00
   0.1985560E+01      0.1332841E+00
   0.2009628E+01      0.1205455E+00
   0.2033695E+01      0.1087660E+00
   0.2057763E+01      0.9839608E-01
   0.2081830E+01      0.8953957E-01
   0.2105897E+01      0.8211716E-01
   0.2129965E+01      0.7597145E-01
   0.2154032E+01      0.7092567E-01
   0.2178100E+01      0.6681275E-01
   0.2202167E+01      0.6348763E-01
   0.2226234E+01      0.6083086E-01
   0.2250302E+01      0.5874824E-01
   0.2274369E+01      0.5716913E-01
   0.2298437E+01      0.5604484E-01
   0.2322504E+01      0.5534784E-01
   0.2346571E+01      0.5507255E-01
   0.2370639E+01      0.5523836E-01
   0.2394706E+01      0.5589618E-01
   0.2418774E+01      0.5714105E-01
   0.2442841E+01      0.5913699E-01
   0.2466908E+01      0.6215040E-01
   0.2490976E+01      0.6666397E-01
   0.2515043E+01      0.7353716E-01
   0.2539111E+01      0.8447678E-01
   0.2563178E+01      0.1032680E+00
   0.2587245E+01      0.1398253E+00
   0.2611313E+01      0.2273708E+00
   0.2635380E+01      0.5181237E+00
   0.2659448E+01      0.9499827E+00
   0.2683515E+01      0.2169756E+00
   0.2707582E+01      0.5751412E-01
   0.2731650E+01      0.2290173E-01
   0.2755717E+01      0.1240091E-01
   0.2779785E+01      0.8390138E-02
   0.2803852E+01      0.7806482E-02
   0.2827919E+01      0.6551151E-02
   0.2851987E+01      0.6100834E-02
   0.2876054E+01      0.5875979E-02
   0.2900122E+01      0.5809841E-02
   0.2924189E+01      0.5933249E-02
   0.2948256E+01      0.6337628E-02
   0.2972324E+01      0.7172405E-02
   0.2996391E+01      0.8656672E-02
   0.3020459E+01      0.1110162E-01
   0.3044526E+01      0.1494431E-01
   0.3068593E+01      0.2079480E-01
   0.3092661E+01      0.2949877E-01
   0.3116728E+01      0.4221558E-01
   0.3140796E+01      0.6050510E-01
   0.3164863E+01      0.8640086E-01
   0.3188930E+01      0.1224169E+00
   0.3212998E+01      0.1713874E+00
   0.3237065E+01      0.2359885E+00
   0.3261133E+01      0.3177978E+00
   0.3285200E+01      0.4159377E+00
   0.3309267E+01      0.5258153E+00
   0.3333335E+01      0.6389947E+00
   0.3357402E+01      0.7450606E+00
   0.3381470E+01      0.8349464E+00
   0.3405537E+01      0.9037379E+00
   0.3429604E+01      0.9512927E+00
   0.3453672E+01      0.9808573E+00
   0.3477739E+01      0.9970630E+00
   0.3501807E+01      0.1004412E+01
   0.3525874E+01      0.1006544E+01
   0.3549941E+01      0.1006074E+01
   0.3574009E+01      0.1004705E+01
   0.3598076E+01      0.1003442E+01
   0.3622144E+01      0.1002773E+01
   0.3646211E+01      0.1002820E+01
   0.3670278E+01      0.1003445E+01
   0.3694346E+01      0.1004324E+01
   0.3718413E+01      0.1004993E+01
   0.3742481E+01      0.1004888E+01
   0.3766548E+01      0.1003374E+01
   0.3790615E+01      0.9997719E+00
   0.3814683E+01      0.9933872E+00
   0.3838750E+01      0.9835411E+00
   0.3862818E+01      0.9695930E+00
   0.3886885E+01      0.9509518E+00
   0.3910952E+01      0.9270473E+00
   0.3935020E+01      0.8971967E+00
   0.3959087E+01      0.8600642E+00
   0.3983155E+01      0.8094447E+00
   0.4007222E+01      0.7373898E+00
   0.4031289E+01      0.6957151E+00
   0.4055357E+01      0.6589961E+00
   0.4079424E+01      0.6256339E+00
   0.4103492E+01      0.5950526E+00
   0.4127559E+01      0.5669396E+00
   0.4151626E+01      0.5410835E+00
   0.4175694E+01      0.5173229E+00
   0.4199761E+01      0.4955257E+00
   0.4223829E+01      0.4755805E+00
   0.4247896E+01      0.4573923E+00
   0.4271963E+01      0.4408808E+00
   0.4296031E+01      0.4259793E+00
   0.4320098E+01      0.4126340E+00
   0.4344166E+01      0.4008046E+00
   0.4368233E+01      0.3904642E+00
   0.4392300E+01      0.3815996E+00
   0.4416368E+01      0.3742117E+00
   0.4440435E+01      0.3683164E+00
   0.4464503E+01      0.3639450E+00
   0.4488570E+01      0.3611456E+00
   0.4512637E+01      0.3599800E+00
   0.4536705E+01      0.3605322E+00
   0.4560772E+01      0.3628997E+00
   0.4584840E+01      0.3671982E+00
   0.4608907E+01      0.3735591E+00
   0.4632974E+01      0.3821270E+00
   0.4657042E+01      0.3930563E+00
   0.4681109E+01      0.4065046E+00
   0.4705177E+01      0.4226243E+00
   0.4729244E+01      0.4415510E+00
   0.4753311E+01      0.4633881E+00
   0.4777379E+01      0.4881884E+00
   0.4801446E+01      0.5159333E+00
   0.4825514E+01      0.5465108E+00
   0.4849581E+01      0.5796955E+00
   0.4873648E+01      0.6151334E+00
   0.4897716E+01      0.6523365E+00
   0.4921783E+01      0.6906908E+00
   0.4945851E+01      0.7294797E+00
   0.4969918E+01      0.7679230E+00
   0.4993985E+01      0.8052281E+00
   0.5018053E+01      0.8406455E+00
   0.5042120E+01      0.8735211E+00
   0.5066188E+01      0.9033358E+00
   0.5090255E+01      0.9297271E+00
   0.5114322E+01      0.9524906E+00
   0.5138390E+01      0.9715624E+00
   0.5162457E+01      0.9869888E+00
   0.5186525E+01      0.9988890E+00
   0.5210592E+01      0.1007416E+01
   0.5234659E+01      0.1012725E+01
   0.5258727E+01      0.1014944E+01
   0.5282794E+01      0.1014159E+01
   0.5306862E+01      0.1010407E+01
   0.5330929E+01      0.1003680E+01
   0.5354996E+01      0.9939369E+00
   0.5379064E+01      0.9811202E+00
   0.5403131E+01      0.9651850E+00
   0.5427199E+01      0.9461250E+00
   0.5451266E+01      0.9239996E+00
   0.5475333E+01      0.8989563E+00
   0.5499401E+01      0.8712448E+00
   0.5523468E+01      0.8412197E+00
   0.5547536E+01      0.8093309E+00
   0.5571603E+01      0.7761023E+00
   0.5595670E+01      0.7421026E+00
   0.5619738E+01      0.7079109E+00
   0.5643805E+01      0.6740842E+00
   0.5667873E+01      0.6411284E+00
   0.5691940E+01      0.6094784E+00
   0.5716007E+01      0.5794857E+00
   0.5740075E+01      0.5514157E+00
   0.5764142E+01      0.5254512E+00
   0.5788210E+01      0.5017011E+00
   0.5812277E+01      0.4802119E+00
   0.5836344E+01      0.4609810E+00
   0.5860412E+01      0.4439682E+00
   0.5884479E+01      0.4291082E+00
   0.5908547E+01      0.4163196E+00
   0.5932614E+01      0.4055132E+00
   0.5956681E+01      0.3965985E+00
   0.5980749E+01      0.3894885E+00
   0.6004816E+01      0.3841031E+00
   0.6028884E+01      0.3803722E+00
   0.6052951E+01      0.3782368E+00
   0.6077018E+01      0.3776509E+00
   0.6101086E+01      0.3785819E+00
   0.6125153E+01      0.3810111E+00
   0.6149221E+01      0.3849343E+00
   0.6173288E+01      0.3903614E+00
   0.6197355E+01      0.3973160E+00
   0.6221423E+01      0.4058285E+00
   0.6245490E+01      0.4163715E+00
   0.6269558E+01      0.4278972E+00
   0.6293625E+01      0.4415088E+00
   0.6317692E+01      0.4569999E+00
   0.6341760E+01      0.4744682E+00
   0.6365827E+01      0.4940230E+00
   0.6389895E+01      0.5157756E+00
   0.6413962E+01      0.5398307E+00
   0.6438029E+01      0.5662749E+00
   0.6462097E+01      0.5951602E+00
   0.6486164E+01      0.6264829E+00
   0.6510232E+01      0.6601543E+00
   0.6534299E+01      0.6959646E+00
   0.6558366E+01      0.7335380E+00
   0.6582434E+01      0.7722808E+00
   0.6606501E+01      0.8113222E+00
   0.6630569E+01      0.8494466E+00
   0.6654636E+01      0.8850014E+00
   0.6678703E+01      0.9157178E+00
   0.6702771E+01      0.9382243E+00
   0.6726838E+01      0.9463938E+00
   0.6750906E+01      0.9239823E+00
   0.6774973E+01      0.7840924E+00
   0.6799040E+01      0.9162679E+00
   0.6823108E+01      0.9779262E+00
   0.6847175E+01      0.1008737E+01
   0.6871243E+01      0.1017217E+01
   0.6895310E+01      0.1008011E+01
   0.6919377E+01      0.9847797E+00
   0.6943445E+01      0.9508190E+00
   0.6967512E+01      0.9091397E+00
   0.6991580E+01      0.8624153E+00
   0.7015647E+01      0.8129187E+00
   0.7039714E+01      0.7624916E+00
   0.7063782E+01      0.7125532E+00
   0.7087849E+01      0.6641394E+00
   0.7111917E+01      0.6179585E+00
   0.7135984E+01      0.5744540E+00
   0.7160051E+01      0.5338641E+00
   0.7184119E+01      0.4962746E+00
   0.7208186E+01      0.4616630E+00
   0.7232254E+01      0.4299332E+00
   0.7256321E+01      0.4009427E+00
   0.7280388E+01      0.3745217E+00
   0.7304456E+01      0.3504873E+00
   0.7328523E+01      0.3286536E+00
   0.7352591E+01      0.3088372E+00
   0.7376658E+01      0.2908610E+00
   0.7400725E+01      0.2745550E+00
   0.7424793E+01      0.2597538E+00
   0.7448860E+01      0.2462885E+00
   0.7472928E+01      0.2339821E+00
   0.7496995E+01      0.2237496E+00
   0.7521062E+01      0.2307432E+00
   0.7545130E+01      0.2085763E+00
   0.7569197E+01      0.1992970E+00
   0.7593265E+01      0.1913474E+00
   0.7617332E+01      0.1871336E+00
   0.7641399E+01      0.1821221E+00
   0.7665467E+01      0.1941271E+00
   0.7689534E+01      0.1699730E+00
   0.7713602E+01      0.1644135E+00
   0.7737669E+01      0.1610523E+00
   0.7761736E+01      0.1581454E+00
   0.7785804E+01      0.1556397E+00
   0.7809871E+01      0.1535200E+00
   0.7833939E+01      0.1517706E+00
   0.7858006E+01      0.1503751E+00
   0.7882073E+01      0.1493181E+00
   0.7906141E+01      0.1485850E+00
   0.7930208E+01      0.1481633E+00
   0.7954276E+01      0.1480416E+00
   0.7978343E+01      0.1482102E+00
   0.8002410E+01      0.1486605E+00
   0.8026478E+01      0.1493612E+00
   0.8050545E+01      0.1504007E+00
   0.8074613E+01      0.1516682E+00
   0.8098680E+01      0.1532063E+00
   0.8122747E+01      0.1550143E+00
   0.8146815E+01      0.1570954E+00
   0.8170882E+01      0.1594559E+00
   0.8194950E+01      0.1621068E+00
   0.8219017E+01      0.1650655E+00
   0.8243084E+01      0.1683619E+00
   0.8267152E+01      0.1720527E+00
   0.8291219E+01      0.1762804E+00
   0.8315287E+01      0.1826112E+00
   0.8339354E+01      0.1915753E+00
   0.8363421E+01      0.2002478E+00
   0.8387489E+01      0.2088012E+00
   0.8411556E+01      0.2173057E+00
   0.8435624E+01      0.2258131E+00
   0.8459691E+01      0.2343657E+00
   0.8483758E+01      0.2429999E+00
   0.8507826E+01      0.2517486E+00
   0.8531893E+01      0.2606414E+00
   0.8555961E+01      0.2697062E+00
   0.8580028E+01      0.2789690E+00
   0.8604095E+01      0.2884547E+00
   0.8628163E+01      0.2981876E+00
   0.8652230E+01      0.3081913E+00
   0.8676298E+01      0.3184891E+00
   0.8700365E+01      0.3291043E+00
   0.8724432E+01      0.3400604E+00
   0.8748500E+01      0.3513811E+00
   0.8772567E+01      0.3630911E+00
   0.8796635E+01      0.3752138E+00
   0.8820702E+01      0.3877781E+00
   0.8844769E+01      0.4008095E+00
   0.8868837E+01      0.4143368E+00
   0.8892904E+01      0.4283906E+00
   0.8916972E+01      0.4430032E+00
   0.8941039E+01      0.4582096E+00
   0.8965106E+01      0.4740475E+00
   0.8989174E+01      0.4905580E+00
   0.9013241E+01      0.5077865E+00
   0.9037309E+01      0.5257831E+00
   0.9061376E+01      0.5446041E+00
   0.9085443E+01      0.5643131E+00
   0.9109511E+01      0.5849830E+00
   0.9133578E+01      0.6066983E+00
   0.9157646E+01      0.6295586E+00
   0.9181713E+01      0.6536840E+00
   0.9205780E+01      0.6792219E+00
   0.9229848E+01      0.7063602E+00
   0.9253915E+01      0.7353486E+00
   0.9277983E+01      0.7665414E+00
   0.9302050E+01      0.8004908E+00
   0.9326117E+01      0.8383152E+00
   0.9350185E+01      0.8836113E+00
   0.9374252E+01      0.9684051E+00
   0.9398320E+01      0.1030817E+01
   0.9422387E+01      0.1090715E+01
   0.9446454E+01      0.1150729E+01
   0.9470522E+01      0.1211593E+01
   0.9494589E+01      0.1273531E+01
   0.9518657E+01      0.1336527E+01
   0.9542724E+01      0.1400402E+01
   0.9566791E+01      0.1464840E+01
   0.9590859E+01      0.1529381E+01
   0.9614926E+01      0.1593425E+01
   0.9638994E+01      0.1656251E+01
   0.9663061E+01      0.1717141E+01
   0.9687128E+01      0.1775847E+01
   0.9711196E+01      0.1834371E+01
   0.9735263E+01      0.1904835E+01
   0.9759331E+01      0.2049041E+01
   0.9783398E+01      0.2207279E+01
   0.9807465E+01      0.1895163E+01
   0.9831533E+01      0.1736557E+01
   0.9855600E+01      0.1574266E+01
   0.9879668E+01      0.1320272E+01
   0.9903735E+01      0.1137779E+01
   0.9927802E+01      0.1944675E+01
   0.9951870E+01      0.1950518E+01
   0.9975937E+01      0.1793875E+01
   0.1000000E+02      0.1662978E+01
 &
 @autoscale
 @target G1.S0
