 @target G2.S0
 @type xy
  -0.1000000E+02      0.1297558E-12
  -0.9975937E+01      0.7178229E-13
  -0.9951870E+01     -0.2108619E-13
  -0.9927802E+01      0.3639615E-13
  -0.9903735E+01      0.2773913E-13
  -0.9879668E+01      0.6990249E-13
  -0.9855600E+01     -0.1439177E-13
  -0.9831533E+01      0.2495019E-13
  -0.9807465E+01     -0.1473777E-12
  -0.9783398E+01      0.7356062E-13
  -0.9759331E+01      0.1427146E-12
  -0.9735263E+01      0.6009177E-13
  -0.9711196E+01     -0.6458112E-13
  -0.9687128E+01      0.1578749E-13
  -0.9663061E+01      0.1317672E-13
  -0.9638994E+01     -0.6110918E-14
  -0.9614926E+01     -0.6699980E-13
  -0.9590859E+01     -0.1584552E-13
  -0.9566791E+01      0.7391248E-13
  -0.9542724E+01      0.6574880E-14
  -0.9518657E+01     -0.4310600E-13
  -0.9494589E+01      0.2513111E-13
  -0.9470522E+01      0.7939205E-13
  -0.9446454E+01     -0.7588506E-14
  -0.9422387E+01      0.5671082E-14
  -0.9398320E+01      0.1175416E-13
  -0.9374252E+01      0.1012628E-12
  -0.9350185E+01      0.4066119E-13
  -0.9326117E+01      0.3563535E-13
  -0.9302050E+01     -0.9735363E-13
  -0.9277983E+01     -0.9390378E-13
  -0.9253915E+01     -0.1497608E-12
  -0.9229848E+01      0.4080997E-13
  -0.9205780E+01      0.7508123E-13
  -0.9181713E+01     -0.2446936E-13
  -0.9157646E+01     -0.6532448E-13
  -0.9133578E+01      0.3691566E-13
  -0.9109511E+01     -0.3561219E-14
  -0.9085443E+01     -0.2105459E-13
  -0.9061376E+01     -0.1179443E-12
  -0.9037309E+01     -0.1884272E-13
  -0.9013241E+01     -0.6238946E-13
  -0.8989174E+01      0.1080926E-12
  -0.8965106E+01      0.3946260E-13
  -0.8941039E+01     -0.3218257E-13
  -0.8916972E+01     -0.4607156E-13
  -0.8892904E+01     -0.3155458E-12
  -0.8868837E+01     -0.1127398E-12
  -0.8844769E+01      0.1386550E-12
  -0.8820702E+01      0.4067388E-12
  -0.8796635E+01     -0.6242506E-12
  -0.8772567E+01      0.1685498E-12
  -0.8748500E+01      0.1029154E+00
  -0.8724432E+01      0.2887812E+00
  -0.8700365E+01      0.3517842E+00
  -0.8676298E+01      0.3757865E+00
  -0.8652230E+01      0.3779439E+00
  -0.8628163E+01      0.3660979E+00
  -0.8604095E+01      0.3448018E+00
  -0.8580028E+01      0.3170588E+00
  -0.8555961E+01      0.2850106E+00
  -0.8531893E+01      0.2502446E+00
  -0.8507826E+01      0.2139149E+00
  -0.8483758E+01      0.1767075E+00
  -0.8459691E+01      0.2075746E+00
  -0.8435624E+01      0.1447975E+00
  -0.8411556E+01      0.3144944E-01
  -0.8387489E+01      0.2956015E-01
  -0.8363421E+01      0.8012452E-01
  -0.8339354E+01      0.6499470E-01
  -0.8315287E+01      0.6377389E-01
  -0.8291219E+01      0.5614883E-01
  -0.8267152E+01      0.4549385E-01
  -0.8243084E+01      0.3396799E-01
  -0.8219017E+01      0.2299517E-01
  -0.8194950E+01      0.1350667E-01
  -0.8170882E+01      0.6081696E-02
  -0.8146815E+01      0.1038161E-02
  -0.8122747E+01     -0.1503770E-02
  -0.8098680E+01     -0.1574621E-02
  -0.8074613E+01      0.6805603E-03
  -0.8050545E+01      0.5030680E-02
  -0.8026478E+01      0.1118133E-01
  -0.8002410E+01      0.1879307E-01
  -0.7978343E+01      0.2749611E-01
  -0.7954276E+01      0.3690209E-01
  -0.7930208E+01      0.4661351E-01
  -0.7906141E+01      0.5623127E-01
  -0.7882073E+01      0.6536076E-01
  -0.7858006E+01      0.7361738E-01
  -0.7833939E+01      0.8063219E-01
  -0.7809871E+01      0.8605936E-01
  -0.7785804E+01      0.8958757E-01
  -0.7761736E+01      0.9095918E-01
  -0.7737669E+01      0.9000215E-01
  -0.7713602E+01      0.8668139E-01
  -0.7689534E+01      0.8117440E-01
  -0.7665467E+01      0.7396806E-01
  -0.7641399E+01      0.6594984E-01
  -0.7617332E+01      0.5842591E-01
  -0.7593265E+01      0.5296041E-01
  -0.7569197E+01      0.5096280E-01
  -0.7545130E+01      0.5312093E-01
  -0.7521062E+01      0.5900667E-01
  -0.7496995E+01      0.6717965E-01
  -0.7472928E+01      0.7575784E-01
  -0.7448860E+01      0.8306743E-01
  -0.7424793E+01      0.8801763E-01
  -0.7400725E+01      0.9014038E-01
  -0.7376658E+01      0.8943603E-01
  -0.7352591E+01      0.8611144E-01
  -0.7328523E+01      0.8095350E-01
  -0.7304456E+01      0.7394347E-01
  -0.7280388E+01      0.6575165E-01
  -0.7256321E+01      0.5677614E-01
  -0.7232254E+01      0.4738656E-01
  -0.7208186E+01      0.3791238E-01
  -0.7184119E+01      0.2864451E-01
  -0.7160051E+01      0.1983867E-01
  -0.7135984E+01      0.1171868E-01
  -0.7111917E+01      0.4479393E-02
  -0.7087849E+01     -0.1710882E-02
  -0.7063782E+01     -0.6708338E-02
  -0.7039714E+01     -0.1039166E-01
  -0.7015647E+01     -0.1265971E-01
  -0.6991580E+01     -0.1342826E-01
  -0.6967512E+01     -0.1262445E-01
  -0.6943445E+01     -0.1017658E-01
  -0.6919377E+01     -0.1026298E-01
  -0.6895310E+01     -0.1600270E-02
  -0.6871243E+01      0.1023313E-01
  -0.6847175E+01      0.2634088E-01
  -0.6823108E+01      0.5215282E-01
  -0.6799040E+01      0.6940214E-01
  -0.6774973E+01      0.7366140E-01
  -0.6750906E+01      0.2635864E-01
  -0.6726838E+01      0.3348853E-01
  -0.6702771E+01      0.1317140E+01
  -0.6678703E+01      0.1110988E+01
  -0.6654636E+01      0.7687286E+00
  -0.6630569E+01      0.4798934E+00
  -0.6606501E+01      0.2900025E+00
  -0.6582434E+01      0.1954968E+00
  -0.6558366E+01      0.2802943E+01
  -0.6534299E+01      0.1332633E+01
  -0.6510232E+01      0.5773760E+00
  -0.6486164E+01      0.4198271E+00
  -0.6462097E+01      0.5482083E+00
  -0.6438029E+01      0.7625734E+00
  -0.6413962E+01      0.9556871E+00
  -0.6389895E+01      0.1083455E+01
  -0.6365827E+01      0.1201721E+01
  -0.6341760E+01      0.2170306E+01
  -0.6317692E+01      0.1518303E+01
  -0.6293625E+01      0.1179990E+01
  -0.6269558E+01      0.1078273E+01
  -0.6245490E+01      0.1070500E+01
  -0.6221423E+01      0.1056163E+01
  -0.6197355E+01      0.9764573E+00
  -0.6173288E+01      0.7937741E+00
  -0.6149221E+01      0.2891504E+00
  -0.6125153E+01      0.2808764E+00
  -0.6101086E+01      0.3792634E+00
  -0.6077018E+01      0.4248642E+00
  -0.6052951E+01      0.2630773E+01
  -0.6028884E+01      0.1493574E+01
  -0.6004816E+01      0.9154415E+00
  -0.5980749E+01      0.8200826E+00
  -0.5956681E+01      0.9152233E+00
  -0.5932614E+01      0.1033619E+01
  -0.5908547E+01      0.1101586E+01
  -0.5884479E+01      0.1099927E+01
  -0.5860412E+01      0.1040109E+01
  -0.5836344E+01      0.9475930E+00
  -0.5812277E+01      0.8469332E+00
  -0.5788210E+01      0.7566887E+00
  -0.5764142E+01      0.6895263E+00
  -0.5740075E+01      0.6518142E+00
  -0.5716007E+01      0.6443209E+00
  -0.5691940E+01      0.6635089E+00
  -0.5667873E+01      0.7031515E+00
  -0.5643805E+01      0.7558780E+00
  -0.5619738E+01      0.8144451E+00
  -0.5595670E+01      0.8726207E+00
  -0.5571603E+01      0.9256760E+00
  -0.5547536E+01      0.9705145E+00
  -0.5523468E+01      0.1005486E+01
  -0.5499401E+01      0.1029905E+01
  -0.5475333E+01      0.1043126E+01
  -0.5451266E+01      0.1041713E+01
  -0.5427199E+01      0.7218580E+00
  -0.5403131E+01      0.5628065E+00
  -0.5379064E+01      0.9275492E+00
  -0.5354996E+01      0.9353782E+00
  -0.5330929E+01      0.1036377E+01
  -0.5306862E+01      0.4026792E+01
  -0.5282794E+01      0.2837864E+01
  -0.5258727E+01      0.1399926E+01
  -0.5234659E+01      0.9648416E+00
  -0.5210592E+01      0.9639682E+00
  -0.5186525E+01      0.1162810E+01
  -0.5162457E+01      0.1603209E+01
  -0.5138390E+01      0.3077945E+01
  -0.5114322E+01      0.2045222E+01
  -0.5090255E+01      0.1879325E+01
  -0.5066188E+01      0.1563888E+01
  -0.5042120E+01      0.9968788E+00
  -0.5018053E+01      0.1410890E+01
  -0.4993985E+01      0.1104299E+01
  -0.4969918E+01      0.5317978E+00
  -0.4945851E+01      0.3138580E+00
  -0.4921783E+01      0.2911625E+00
  -0.4897716E+01      0.3965293E+00
  -0.4873648E+01      0.5587040E+00
  -0.4849581E+01      0.7100141E+00
  -0.4825514E+01      0.8071252E+00
  -0.4801446E+01      0.8456773E+00
  -0.4777379E+01      0.1486651E+01
  -0.4753311E+01      0.2141527E+01
  -0.4729244E+01      0.1805722E+01
  -0.4705177E+01      0.1572445E+01
  -0.4681109E+01      0.1460637E+01
  -0.4657042E+01      0.1494034E+01
  -0.4632974E+01      0.2387538E+01
  -0.4608907E+01      0.3377712E+01
  -0.4584840E+01      0.3843574E+01
  -0.4560772E+01      0.1464879E+02
  -0.4536705E+01      0.1248711E+01
  -0.4512637E+01      0.1117293E+01
  -0.4488570E+01      0.9993183E+00
  -0.4464503E+01      0.8947411E+00
  -0.4440435E+01      0.8364852E+00
  -0.4416368E+01      0.8813381E+00
  -0.4392300E+01      0.1113066E+01
  -0.4368233E+01      0.1631965E+01
  -0.4344166E+01      0.1709122E+01
  -0.4320098E+01      0.1691858E+01
  -0.4296031E+01      0.1718497E+01
  -0.4271963E+01      0.1401154E+01
  -0.4247896E+01      0.1123455E+01
  -0.4223829E+01      0.3162985E+01
  -0.4199761E+01      0.6022126E+01
  -0.4175694E+01      0.6985675E+01
  -0.4151626E+01      0.3819009E+01
  -0.4127559E+01      0.2569030E+01
  -0.4103492E+01      0.1849892E+01
  -0.4079424E+01      0.1015971E+01
  -0.4055357E+01      0.7555172E+00
  -0.4031289E+01      0.8491793E+00
  -0.4007222E+01      0.1037625E+01
  -0.3983155E+01      0.1158507E+01
  -0.3959087E+01      0.1192907E+01
  -0.3935020E+01      0.1152009E+01
  -0.3910952E+01      0.1053986E+01
  -0.3886885E+01      0.9212126E+00
  -0.3862818E+01      0.7767151E+00
  -0.3838750E+01      0.1138156E+01
  -0.3814683E+01      0.9268109E+00
  -0.3790615E+01      0.7707736E+00
  -0.3766548E+01      0.6809139E+00
  -0.3742481E+01      0.5808340E+00
  -0.3718413E+01      0.4480161E+00
  -0.3694346E+01      0.5112305E+00
  -0.3670278E+01      0.5952393E+00
  -0.3646211E+01      0.6917164E+00
  -0.3622144E+01      0.7922953E+00
  -0.3598076E+01      0.8888747E+00
  -0.3574009E+01      0.9736903E+00
  -0.3549941E+01      0.1039279E+01
  -0.3525874E+01      0.1078480E+01
  -0.3501807E+01      0.1084383E+01
  -0.3477739E+01      0.1050079E+01
  -0.3453672E+01      0.9887040E+00
  -0.3429604E+01      0.1282730E+01
  -0.3405537E+01      0.1177998E+01
  -0.3381470E+01      0.9973783E+00
  -0.3357402E+01      0.8336705E+00
  -0.3333335E+01      0.7161071E+00
  -0.3309267E+01      0.7558736E+00
  -0.3285200E+01      0.5933609E+00
  -0.3261133E+01      0.5912295E+00
  -0.3237065E+01      0.3801310E+01
  -0.3212998E+01      0.2190217E+01
  -0.3188930E+01      0.1368993E+01
  -0.3164863E+01      0.9745198E+00
  -0.3140796E+01      0.9609396E+00
  -0.3116728E+01      0.8119526E+00
  -0.3092661E+01      0.7885764E+00
  -0.3068593E+01      0.7796547E+00
  -0.3044526E+01      0.8876408E+00
  -0.3020459E+01      0.1127261E+01
  -0.2996391E+01      0.1389964E+01
  -0.2972324E+01      0.1524521E+01
  -0.2948256E+01      0.6522275E+01
  -0.2924189E+01      0.2547850E+01
  -0.2900122E+01      0.2887272E+01
  -0.2876054E+01      0.2980390E+01
  -0.2851987E+01      0.2844853E+01
  -0.2827919E+01      0.2706609E+01
  -0.2803852E+01      0.2728013E+01
  -0.2779785E+01      0.8199943E+01
  -0.2755717E+01      0.4261731E+01
  -0.2731650E+01      0.1495906E+01
  -0.2707582E+01      0.1893556E+01
  -0.2683515E+01      0.1653968E+01
  -0.2659448E+01      0.1542227E+01
  -0.2635380E+01      0.1534999E+01
  -0.2611313E+01      0.1456713E+01
  -0.2587245E+01      0.1275092E+01
  -0.2563178E+01      0.1057730E+01
  -0.2539111E+01      0.8729971E+00
  -0.2515043E+01      0.7609282E+00
  -0.2490976E+01      0.7306374E+00
  -0.2466908E+01      0.7679521E+00
  -0.2442841E+01      0.8463134E+00
  -0.2418774E+01      0.9369974E+00
  -0.2394706E+01      0.1016808E+01
  -0.2370639E+01      0.1072357E+01
  -0.2346571E+01      0.1100845E+01
  -0.2322504E+01      0.1107971E+01
  -0.2298437E+01      0.1699099E+01
  -0.2274369E+01      0.1723499E+01
  -0.2250302E+01      0.1771624E+01
  -0.2226234E+01      0.1856496E+01
  -0.2202167E+01      0.1738529E+01
  -0.2178100E+01      0.2599936E+01
  -0.2154032E+01      0.2494465E+01
  -0.2129965E+01      0.1710229E+01
  -0.2105897E+01      0.1367421E+01
  -0.2081830E+01      0.1162751E+01
  -0.2057763E+01      0.1011738E+01
  -0.2033695E+01      0.9165896E+00
  -0.2009628E+01      0.8643445E+00
  -0.1985560E+01      0.8611862E+00
  -0.1961493E+01      0.9061590E+00
  -0.1937426E+01      0.9895892E+00
  -0.1913358E+01      0.1092755E+01
  -0.1889291E+01      0.1190562E+01
  -0.1865223E+01      0.1257014E+01
  -0.1841156E+01      0.1273025E+01
  -0.1817089E+01      0.1235554E+01
  -0.1793021E+01      0.1166630E+01
  -0.1768954E+01      0.1116756E+01
  -0.1744886E+01      0.1154118E+01
  -0.1720819E+01      0.1322329E+01
  -0.1696752E+01      0.1570720E+01
  -0.1672684E+01      0.1788748E+01
  -0.1648617E+01      0.2101665E+01
  -0.1624549E+01      0.2838511E+01
  -0.1600482E+01      0.3533572E+01
  -0.1576415E+01      0.2667133E+01
  -0.1552347E+01      0.1879156E+01
  -0.1528280E+01      0.6309782E+00
  -0.1504212E+01      0.5260520E+00
  -0.1480145E+01      0.4395892E+00
  -0.1456078E+01      0.3866652E+00
  -0.1432010E+01      0.3885003E+00
  -0.1407943E+01      0.4662564E+00
  -0.1383875E+01      0.6363974E+00
  -0.1359808E+01      0.9054400E+00
  -0.1335741E+01      0.1260468E+01
  -0.1311673E+01      0.1657017E+01
  -0.1287606E+01      0.1991019E+01
  -0.1263538E+01      0.2016505E+01
  -0.1239471E+01      0.2974711E+00
  -0.1215404E+01      0.1542651E+00
  -0.1191336E+01      0.1512296E+00
  -0.1167269E+01      0.1487000E+00
  -0.1143201E+01      0.1467477E+00
  -0.1119134E+01      0.1454035E+00
  -0.1095067E+01      0.1446592E+00
  -0.1070999E+01      0.1444691E+00
  -0.1046932E+01      0.1447578E+00
  -0.1022864E+01      0.1454284E+00
  -0.9987971E+00      0.1463840E+00
  -0.9747297E+00      0.1475318E+00
  -0.9506623E+00      0.1488028E+00
  -0.9265949E+00      0.1501586E+00
  -0.9025275E+00      0.1515947E+00
  -0.8784601E+00      0.1531390E+00
  -0.8543927E+00      0.1548440E+00
  -0.8303253E+00      0.1567744E+00
  -0.8062579E+00      0.1589933E+00
  -0.7821905E+00      0.1615466E+00
  -0.7581231E+00      0.2450504E+00
  -0.7340557E+00      0.2452948E+00
  -0.7099883E+00      0.2469047E+00
  -0.6859209E+00      0.2497302E+00
  -0.6618535E+00      0.2306704E+00
  -0.6377861E+00      0.1816987E+00
  -0.6137187E+00      0.1846120E+00
  -0.5896513E+00      0.1868666E+00
  -0.5655839E+00      0.1882605E+00
  -0.5415165E+00      0.1886280E+00
  -0.5174491E+00      0.1878641E+00
  -0.4933817E+00      0.1859579E+00
  -0.4693143E+00      0.1830708E+00
  -0.4452469E+00      0.1798822E+00
  -0.4211795E+00      0.3552176E+00
  -0.3971121E+00      0.6751307E+00
  -0.3730447E+00      0.7461371E+00
  -0.3489773E+00      0.7399696E+00
  -0.3249099E+00      0.6943863E+00
  -0.3008425E+00      0.6304140E+00
  -0.2767751E+00      0.5639683E+00
  -0.2527077E+00      0.5089085E+00
  -0.2286403E+00      0.4776905E+00
  -0.2045729E+00      0.4807539E+00
  -0.1805055E+00      0.5247248E+00
  -0.1564381E+00      0.6092054E+00
  -0.1323707E+00      0.7219613E+00
  -0.1083033E+00      0.8331656E+00
  -0.8423590E-01      0.8928626E+00
  -0.6016850E-01      0.8482731E+00
  -0.3610110E-01      0.7394458E+00
  -0.1203370E-01      0.1041852E+01
   0.1203370E-01      0.2669171E+01
   0.3610110E-01      0.2138148E+01
   0.6016850E-01      0.1892705E+00
   0.8423590E-01      0.1968707E+00
   0.1083033E+00      0.1994662E+00
   0.1323707E+00      0.2002934E+00
   0.1564381E+00      0.1996512E+00
   0.1805055E+00      0.1975895E+00
   0.2045729E+00      0.1941473E+00
   0.2286403E+00      0.1893797E+00
   0.2527077E+00      0.1833739E+00
   0.2767751E+00      0.1762463E+00
   0.3008425E+00      0.1681495E+00
   0.3249099E+00      0.1592822E+00
   0.3489773E+00      0.1498994E+00
   0.3730447E+00      0.1403201E+00
   0.3971121E+00      0.1309217E+00
   0.4211795E+00      0.1221131E+00
   0.4452469E+00      0.1142847E+00
   0.4693143E+00      0.1077477E+00
   0.4933817E+00      0.1026852E+00
   0.5174491E+00      0.9913827E-01
   0.5415165E+00      0.9702854E-01
   0.5655839E+00      0.9620472E-01
   0.5896513E+00      0.9648908E-01
   0.6137187E+00      0.9771043E-01
   0.6377861E+00      0.9972001E-01
   0.6618535E+00      0.1023945E+00
   0.6859209E+00      0.1056318E+00
   0.7099883E+00      0.1093451E+00
   0.7340557E+00      0.1134570E+00
   0.7581231E+00      0.1178950E+00
   0.7821905E+00      0.1981705E+00
   0.8062579E+00      0.2027238E+00
   0.8303253E+00      0.2075741E+00
   0.8543927E+00      0.2126399E+00
   0.8784601E+00      0.1823999E+00
   0.9025275E+00      0.1474613E+00
   0.9265949E+00      0.1522448E+00
   0.9506623E+00      0.1568180E+00
   0.9747297E+00      0.1611259E+00
   0.9987971E+00      0.1651189E+00
   0.1022864E+01      0.1687535E+00
   0.1046932E+01      0.1719927E+00
   0.1070999E+01      0.1748065E+00
   0.1095067E+01      0.1771721E+00
   0.1119134E+01      0.1790740E+00
   0.1143201E+01      0.1805045E+00
   0.1167269E+01      0.1814631E+00
   0.1191336E+01      0.1819568E+00
   0.1215404E+01      0.1820000E+00
   0.1239471E+01      0.1816141E+00
   0.1263538E+01      0.1808279E+00
   0.1287606E+01      0.1796774E+00
   0.1311673E+01      0.1782060E+00
   0.1335741E+01      0.1764650E+00
   0.1359808E+01      0.1745153E+00
   0.1383875E+01      0.1724299E+00
   0.1407943E+01      0.1702991E+00
   0.1432010E+01      0.1682435E+00
   0.1456078E+01      0.1664468E+00
   0.1480145E+01      0.1652763E+00
   0.1504212E+01      0.1663705E+00
   0.1528280E+01      0.2415797E+00
   0.1552347E+01      0.2616786E+00
   0.1576415E+01      0.2689586E+00
   0.1600482E+01      0.2695128E+00
   0.1624549E+01      0.2658794E+00
   0.1648617E+01      0.2594708E+00
   0.1672684E+01      0.2511762E+00
   0.1696752E+01      0.2415756E+00
   0.1720819E+01      0.2310281E+00
   0.1744886E+01      0.2197166E+00
   0.1768954E+01      0.2076973E+00
   0.1793021E+01      0.1949882E+00
   0.1817089E+01      0.1816954E+00
   0.1841156E+01      0.1681036E+00
   0.1865223E+01      0.1546469E+00
   0.1889291E+01      0.1417762E+00
   0.1913358E+01      0.1298407E+00
   0.1937426E+01      0.1190508E+00
   0.1961493E+01      0.1095017E+00
   0.1985560E+01      0.1012120E+00
   0.2009628E+01      0.9415610E-01
   0.2033695E+01      0.8828466E-01
   0.2057763E+01      0.8353820E-01
   0.2081830E+01      0.7985398E-01
   0.2105897E+01      0.7716938E-01
   0.2129965E+01      0.7542304E-01
   0.2154032E+01      0.7455485E-01
   0.2178100E+01      0.7450562E-01
   0.2202167E+01      0.7521660E-01
   0.2226234E+01      0.7662917E-01
   0.2250302E+01      0.7868462E-01
   0.2274369E+01      0.8132410E-01
   0.2298437E+01      0.8448872E-01
   0.2322504E+01      0.1381418E+00
   0.2346571E+01      0.1428811E+00
   0.2370639E+01      0.1482507E+00
   0.2394706E+01      0.1541683E+00
   0.2418774E+01      0.1315468E+00
   0.2442841E+01      0.1113726E+00
   0.2466908E+01      0.1164348E+00
   0.2490976E+01      0.1217760E+00
   0.2515043E+01      0.1271469E+00
   0.2539111E+01      0.1325254E+00
   0.2563178E+01      0.1378909E+00
   0.2587245E+01      0.1432335E+00
   0.2611313E+01      0.1484944E+00
   0.2635380E+01      0.1525377E+00
   0.2659448E+01      0.1456570E+00
   0.2683515E+01      0.1517797E+00
   0.2707582E+01      0.1587721E+00
   0.2731650E+01      0.1635949E+00
   0.2755717E+01      0.1674155E+00
   0.2779785E+01      0.1706014E+00
   0.2803852E+01      0.1731963E+00
   0.2827919E+01      0.1754056E+00
   0.2851987E+01      0.1771523E+00
   0.2876054E+01      0.1784709E+00
   0.2900122E+01      0.1793771E+00
   0.2924189E+01      0.1798863E+00
   0.2948256E+01      0.1800164E+00
   0.2972324E+01      0.1797897E+00
   0.2996391E+01      0.1792338E+00
   0.3020459E+01      0.1783825E+00
   0.3044526E+01      0.1772769E+00
   0.3068593E+01      0.1759657E+00
   0.3092661E+01      0.1745053E+00
   0.3116728E+01      0.1729568E+00
   0.3140796E+01      0.1713797E+00
   0.3164863E+01      0.1698172E+00
   0.3188930E+01      0.1682712E+00
   0.3212998E+01      0.1666706E+00
   0.3237065E+01      0.1648524E+00
   0.3261133E+01      0.1625910E+00
   0.3285200E+01      0.1596899E+00
   0.3309267E+01      0.1560805E+00
   0.3333335E+01      0.1518360E+00
   0.3357402E+01      0.1471059E+00
   0.3381470E+01      0.1420495E+00
   0.3405537E+01      0.1368145E+00
   0.3429604E+01      0.1315352E+00
   0.3453672E+01      0.1263289E+00
   0.3477739E+01      0.1212898E+00
   0.3501807E+01      0.1164867E+00
   0.3525874E+01      0.1119654E+00
   0.3549941E+01      0.1077573E+00
   0.3574009E+01      0.1038687E+00
   0.3598076E+01      0.1003103E+00
   0.3622144E+01      0.9707758E-01
   0.3646211E+01      0.9416066E-01
   0.3670278E+01      0.9154383E-01
   0.3694346E+01      0.8920562E-01
   0.3718413E+01      0.8711923E-01
   0.3742481E+01      0.8525319E-01
   0.3766548E+01      0.8357272E-01
   0.3790615E+01      0.8204200E-01
   0.3814683E+01      0.8062760E-01
   0.3838750E+01      0.7930365E-01
   0.3862818E+01      0.1408871E+00
   0.3886885E+01      0.1399831E+00
   0.3910952E+01      0.1394364E+00
   0.3935020E+01      0.1395450E+00
   0.3959087E+01      0.1147270E+00
   0.3983155E+01      0.8158570E-01
   0.4007222E+01      0.4196316E+00
   0.4031289E+01      0.5169432E+00
   0.4055357E+01      0.5554391E+00
   0.4079424E+01      0.5691453E+00
   0.4103492E+01      0.5698152E+00
   0.4127559E+01      0.5628887E+00
   0.4151626E+01      0.5512731E+00
   0.4175694E+01      0.5366759E+00
   0.4199761E+01      0.5201752E+00
   0.4223829E+01      0.5024940E+00
   0.4247896E+01      0.4841430E+00
   0.4271963E+01      0.4654997E+00
   0.4296031E+01      0.4468535E+00
   0.4320098E+01      0.4284329E+00
   0.4344166E+01      0.4104221E+00
   0.4368233E+01      0.3929719E+00
   0.4392300E+01      0.3762064E+00
   0.4416368E+01      0.3602282E+00
   0.4440435E+01      0.3451208E+00
   0.4464503E+01      0.3309522E+00
   0.4488570E+01      0.3177772E+00
   0.4512637E+01      0.3056318E+00
   0.4536705E+01      0.2945501E+00
   0.4560772E+01      0.2845486E+00
   0.4584840E+01      0.2756355E+00
   0.4608907E+01      0.2678095E+00
   0.4632974E+01      0.2610599E+00
   0.4657042E+01      0.2553666E+00
   0.4681109E+01      0.2507004E+00
   0.4705177E+01      0.2470219E+00
   0.4729244E+01      0.2442817E+00
   0.4753311E+01      0.2424190E+00
   0.4777379E+01      0.2413619E+00
   0.4801446E+01      0.2410263E+00
   0.4825514E+01      0.2413164E+00
   0.4849581E+01      0.2421259E+00
   0.4873648E+01      0.2433398E+00
   0.4897716E+01      0.2448378E+00
   0.4921783E+01      0.2464993E+00
   0.4945851E+01      0.2482081E+00
   0.4969918E+01      0.2498592E+00
   0.4993985E+01      0.2513634E+00
   0.5018053E+01      0.2526517E+00
   0.5042120E+01      0.2536767E+00
   0.5066188E+01      0.2544126E+00
   0.5090255E+01      0.2548520E+00
   0.5114322E+01      0.2550018E+00
   0.5138390E+01      0.2548777E+00
   0.5162457E+01      0.2544996E+00
   0.5186525E+01      0.2538867E+00
   0.5210592E+01      0.2530546E+00
   0.5234659E+01      0.2520134E+00
   0.5258727E+01      0.2507671E+00
   0.5282794E+01      0.2493140E+00
   0.5306862E+01      0.2476483E+00
   0.5330929E+01      0.2457624E+00
   0.5354996E+01      0.2436488E+00
   0.5379064E+01      0.2413034E+00
   0.5403131E+01      0.3627409E+00
   0.5427199E+01      0.3595849E+00
   0.5451266E+01      0.3561176E+00
   0.5475333E+01      0.3523680E+00
   0.5499401E+01      0.2978304E+00
   0.5523468E+01      0.2230641E+00
   0.5547536E+01      0.2196376E+00
   0.5571603E+01      0.2162323E+00
   0.5595670E+01      0.2129029E+00
   0.5619738E+01      0.2097003E+00
   0.5643805E+01      0.2066692E+00
   0.5667873E+01      0.2038466E+00
   0.5691940E+01      0.2012609E+00
   0.5716007E+01      0.1989321E+00
   0.5740075E+01      0.1968727E+00
   0.5764142E+01      0.1950887E+00
   0.5788210E+01      0.1935811E+00
   0.5812277E+01      0.1923470E+00
   0.5836344E+01      0.1913811E+00
   0.5860412E+01      0.1906768E+00
   0.5884479E+01      0.1902264E+00
   0.5908547E+01      0.1900224E+00
   0.5932614E+01      0.1900573E+00
   0.5956681E+01      0.1903241E+00
   0.5980749E+01      0.1908163E+00
   0.6004816E+01      0.1915279E+00
   0.6028884E+01      0.1924534E+00
   0.6052951E+01      0.1935875E+00
   0.6077018E+01      0.1949253E+00
   0.6101086E+01      0.1964620E+00
   0.6125153E+01      0.1981927E+00
   0.6149221E+01      0.2001126E+00
   0.6173288E+01      0.2022168E+00
   0.6197355E+01      0.2045013E+00
   0.6221423E+01      0.2069698E+00
   0.6245490E+01      0.2091729E+00
   0.6269558E+01      0.2122840E+00
   0.6293625E+01      0.2152137E+00
   0.6317692E+01      0.2182698E+00
   0.6341760E+01      0.2214471E+00
   0.6365827E+01      0.2247328E+00
   0.6389895E+01      0.2281103E+00
   0.6413962E+01      0.2315596E+00
   0.6438029E+01      0.2350564E+00
   0.6462097E+01      0.2385713E+00
   0.6486164E+01      0.2420687E+00
   0.6510232E+01      0.2455059E+00
   0.6534299E+01      0.2488323E+00
   0.6558366E+01      0.2519892E+00
   0.6582434E+01      0.2549100E+00
   0.6606501E+01      0.2575218E+00
   0.6630569E+01      0.2597483E+00
   0.6654636E+01      0.2615109E+00
   0.6678703E+01      0.2627201E+00
   0.6702771E+01      0.2632235E+00
   0.6726838E+01      0.2625601E+00
   0.6750906E+01      0.2585592E+00
   0.6774973E+01      0.4665661E+00
   0.6799040E+01      0.7240407E+00
   0.6823108E+01      0.7300771E+00
   0.6847175E+01      0.6752316E+00
   0.6871243E+01      0.6034059E+00
   0.6895310E+01      0.5316835E+00
   0.6919377E+01      0.4668796E+00
   0.6943445E+01      0.6155054E+00
   0.6967512E+01      0.5352232E+00
   0.6991580E+01      0.4681355E+00
   0.7015647E+01      0.4133342E+00
   0.7039714E+01      0.3028306E+00
   0.7063782E+01      0.2500360E+00
   0.7087849E+01      0.2349435E+00
   0.7111917E+01      0.2239320E+00
   0.7135984E+01      0.2165223E+00
   0.7160051E+01      0.2122815E+00
   0.7184119E+01      0.2108001E+00
   0.7208186E+01      0.2116784E+00
   0.7232254E+01      0.2145220E+00
   0.7256321E+01      0.2189434E+00
   0.7280388E+01      0.2245658E+00
   0.7304456E+01      0.2310298E+00
   0.7328523E+01      0.2379986E+00
   0.7352591E+01      0.2451634E+00
   0.7376658E+01      0.2522480E+00
   0.7400725E+01      0.2590109E+00
   0.7424793E+01      0.2652466E+00
   0.7448860E+01      0.2707847E+00
   0.7472928E+01      0.2754874E+00
   0.7496995E+01      0.2793732E+00
   0.7521062E+01      0.2846531E+00
   0.7545130E+01      0.2847219E+00
   0.7569197E+01      0.2855095E+00
   0.7593265E+01      0.2862227E+00
   0.7617332E+01      0.2844702E+00
   0.7641399E+01      0.2834338E+00
   0.7665467E+01      0.2943098E+00
   0.7689534E+01      0.2789375E+00
   0.7713602E+01      0.2719631E+00
   0.7737669E+01      0.2673104E+00
   0.7761736E+01      0.2624820E+00
   0.7785804E+01      0.2574425E+00
   0.7809871E+01      0.2522821E+00
   0.7833939E+01      0.2471069E+00
   0.7858006E+01      0.2420232E+00
   0.7882073E+01      0.2371321E+00
   0.7906141E+01      0.2325282E+00
   0.7930208E+01      0.2282974E+00
   0.7954276E+01      0.2245165E+00
   0.7978343E+01      0.2212519E+00
   0.8002410E+01      0.2185593E+00
   0.8026478E+01      0.2164730E+00
   0.8050545E+01      0.2150650E+00
   0.8074613E+01      0.2143120E+00
   0.8098680E+01      0.2142421E+00
   0.8122747E+01      0.2148526E+00
   0.8146815E+01      0.2161290E+00
   0.8170882E+01      0.2180442E+00
   0.8194950E+01      0.2205572E+00
   0.8219017E+01      0.2236098E+00
   0.8243084E+01      0.2271201E+00
   0.8267152E+01      0.2309618E+00
   0.8291219E+01      0.2348817E+00
   0.8315287E+01      0.4859391E+00
   0.8339354E+01      0.1015313E+01
   0.8363421E+01      0.1066051E+01
   0.8387489E+01      0.9994433E+00
   0.8411556E+01      0.8891064E+00
   0.8435624E+01      0.7683491E+00
   0.8459691E+01      0.6552219E+00
   0.8483758E+01      0.8603163E+00
   0.8507826E+01      0.7612420E+00
   0.8531893E+01      0.6975180E+00
   0.8555961E+01      0.6687713E+00
   0.8580028E+01      0.5595935E+00
   0.8604095E+01      0.4390070E+00
   0.8628163E+01      0.4745549E+00
   0.8652230E+01      0.5210002E+00
   0.8676298E+01      0.5736136E+00
   0.8700365E+01      0.6277684E+00
   0.8724432E+01      0.6791797E+00
   0.8748500E+01      0.7241110E+00
   0.8772567E+01      0.7595523E+00
   0.8796635E+01      0.7831640E+00
   0.8820702E+01      0.7939236E+00
   0.8844769E+01      0.7913158E+00
   0.8868837E+01      0.7759405E+00
   0.8892904E+01      0.7492269E+00
   0.8916972E+01      0.7133511E+00
   0.8941039E+01      0.6711002E+00
   0.8965106E+01      0.6257074E+00
   0.8989174E+01      0.5806698E+00
   0.9013241E+01      0.5395557E+00
   0.9037309E+01      0.5058093E+00
   0.9061376E+01      0.4825563E+00
   0.9085443E+01      0.4724147E+00
   0.9109511E+01      0.4773091E+00
   0.9133578E+01      0.4982835E+00
   0.9157646E+01      0.5353030E+00
   0.9181713E+01      0.5870244E+00
   0.9205780E+01      0.6504996E+00
   0.9229848E+01      0.7207417E+00
   0.9253915E+01      0.7900063E+00
   0.9277983E+01      0.8464167E+00
   0.9302050E+01      0.8708654E+00
   0.9326117E+01      0.8271634E+00
   0.9350185E+01      0.6064334E+00
   0.9374252E+01      0.2818892E+00
   0.9398320E+01      0.2861115E+00
   0.9422387E+01      0.2842915E+00
   0.9446454E+01      0.2802006E+00
   0.9470522E+01      0.2751651E+00
   0.9494589E+01      0.2698876E+00
   0.9518657E+01      0.2648250E+00
   0.9542724E+01      0.2603142E+00
   0.9566791E+01      0.2566243E+00
   0.9590859E+01      0.2539819E+00
   0.9614926E+01      0.2525841E+00
   0.9638994E+01      0.2526052E+00
   0.9663061E+01      0.2542010E+00
   0.9687128E+01      0.2575182E+00
   0.9711196E+01      0.2627530E+00
   0.9735263E+01      0.2705707E+00
   0.9759331E+01      0.2860987E+00
   0.9783398E+01      0.3270340E+00
   0.9807465E+01      0.3302731E+00
   0.9831533E+01      0.3363539E+00
   0.9855600E+01      0.3498836E+00
   0.9879668E+01      0.3674200E+00
   0.9903735E+01      0.3720034E+00
   0.9927802E+01      0.3351860E+00
   0.9951870E+01      0.3476294E+00
   0.9975937E+01      0.3626018E+00
   0.1000000E+02      0.3754630E+00
 &
 @autoscale
 @target G3.S0
