 @target G3.S0
 @type xy
  -0.1000000E+02      0.1650879E-12
  -0.9975937E+01     -0.9114663E-13
  -0.9951870E+01     -0.1311794E-12
  -0.9927802E+01      0.6779643E-13
  -0.9903735E+01      0.9167796E-14
  -0.9879668E+01     -0.1407165E-14
  -0.9855600E+01      0.8606232E-13
  -0.9831533E+01      0.8652614E-13
  -0.9807465E+01     -0.6807857E-13
  -0.9783398E+01      0.3386882E-13
  -0.9759331E+01      0.1069493E-12
  -0.9735263E+01      0.5711267E-13
  -0.9711196E+01      0.3027509E-13
  -0.9687128E+01     -0.1604015E-13
  -0.9663061E+01     -0.3944415E-13
  -0.9638994E+01     -0.1609302E-12
  -0.9614926E+01     -0.4222383E-13
  -0.9590859E+01      0.1294422E-12
  -0.9566791E+01      0.1543761E-12
  -0.9542724E+01      0.7421239E-13
  -0.9518657E+01     -0.1391307E-12
  -0.9494589E+01      0.2007035E-13
  -0.9470522E+01     -0.2190993E-13
  -0.9446454E+01      0.7706703E-14
  -0.9422387E+01     -0.5987844E-13
  -0.9398320E+01     -0.2110388E-12
  -0.9374252E+01     -0.8521581E-13
  -0.9350185E+01      0.2993155E-12
  -0.9326117E+01     -0.3720617E-13
  -0.9302050E+01     -0.1253843E-12
  -0.9277983E+01     -0.1231099E-12
  -0.9253915E+01     -0.2429200E-12
  -0.9229848E+01     -0.8404553E-13
  -0.9205780E+01      0.7351749E-13
  -0.9181713E+01      0.2043816E-12
  -0.9157646E+01     -0.9495240E-14
  -0.9133578E+01      0.2446936E-12
  -0.9109511E+01      0.9100996E-13
  -0.9085443E+01     -0.2224416E-12
  -0.9061376E+01     -0.2801514E-12
  -0.9037309E+01      0.9451140E-12
  -0.9013241E+01      0.2213690E-13
  -0.8989174E+01      0.8247071E-12
  -0.8965106E+01      0.5901141E-12
  -0.8941039E+01      0.6095227E-14
  -0.8916972E+01      0.3742618E-12
  -0.8892904E+01     -0.1756495E-11
  -0.8868837E+01      0.7076286E-12
  -0.8844769E+01     -0.3069385E-12
  -0.8820702E+01      0.8237355E-11
  -0.8796635E+01     -0.1140684E-10
  -0.8772567E+01      0.6581437E-11
  -0.8748500E+01      0.1412364E+02
  -0.8724432E+01      0.4494528E+01
  -0.8700365E+01      0.3297483E+01
  -0.8676298E+01      0.2751006E+01
  -0.8652230E+01      0.2427750E+01
  -0.8628163E+01      0.2213346E+01
  -0.8604095E+01      0.2063012E+01
  -0.8580028E+01      0.1955833E+01
  -0.8555961E+01      0.1881560E+01
  -0.8531893E+01      0.1836153E+01
  -0.8507826E+01      0.1820976E+01
  -0.8483758E+01      0.1845519E+01
  -0.8459691E+01      0.1939901E+01
  -0.8435624E+01      0.2225070E+01
  -0.8411556E+01      0.5167121E+01
  -0.8387489E+01      0.8128323E+00
  -0.8363421E+01      0.7934851E+00
  -0.8339354E+01      0.7759735E+00
  -0.8315287E+01      0.7599355E+00
  -0.8291219E+01      0.7451811E+00
  -0.8267152E+01      0.7315541E+00
  -0.8243084E+01      0.7189248E+00
  -0.8219017E+01      0.7071841E+00
  -0.8194950E+01      0.6962401E+00
  -0.8170882E+01      0.6860140E+00
  -0.8146815E+01      0.6764385E+00
  -0.8122747E+01      0.6674554E+00
  -0.8098680E+01      0.6590141E+00
  -0.8074613E+01      0.6510708E+00
  -0.8050545E+01      0.6435866E+00
  -0.8026478E+01      0.6365278E+00
  -0.8002410E+01      0.6298643E+00
  -0.7978343E+01      0.6235696E+00
  -0.7954276E+01      0.6176202E+00
  -0.7930208E+01      0.6119950E+00
  -0.7906141E+01      0.6066755E+00
  -0.7882073E+01      0.6016448E+00
  -0.7858006E+01      0.5968882E+00
  -0.7833939E+01      0.5923922E+00
  -0.7809871E+01      0.5881449E+00
  -0.7785804E+01      0.5841357E+00
  -0.7761736E+01      0.5803550E+00
  -0.7737669E+01      0.5767944E+00
  -0.7713602E+01      0.5734464E+00
  -0.7689534E+01      0.5703042E+00
  -0.7665467E+01      0.5673621E+00
  -0.7641399E+01      0.5646151E+00
  -0.7617332E+01      0.5620586E+00
  -0.7593265E+01      0.5596892E+00
  -0.7569197E+01      0.5575036E+00
  -0.7545130E+01      0.5554995E+00
  -0.7521062E+01      0.5536750E+00
  -0.7496995E+01      0.5520288E+00
  -0.7472928E+01      0.5505603E+00
  -0.7448860E+01      0.5492693E+00
  -0.7424793E+01      0.5481562E+00
  -0.7400725E+01      0.5472221E+00
  -0.7376658E+01      0.5464685E+00
  -0.7352591E+01      0.5458976E+00
  -0.7328523E+01      0.5455122E+00
  -0.7304456E+01      0.5453157E+00
  -0.7280388E+01      0.5453123E+00
  -0.7256321E+01      0.5455069E+00
  -0.7232254E+01      0.5459050E+00
  -0.7208186E+01      0.5465130E+00
  -0.7184119E+01      0.5473384E+00
  -0.7160051E+01      0.5483893E+00
  -0.7135984E+01      0.5496752E+00
  -0.7111917E+01      0.5512066E+00
  -0.7087849E+01      0.5529952E+00
  -0.7063782E+01      0.5550542E+00
  -0.7039714E+01      0.5573984E+00
  -0.7015647E+01      0.5600444E+00
  -0.6991580E+01      0.5630106E+00
  -0.6967512E+01      0.5663179E+00
  -0.6943445E+01      0.5699894E+00
  -0.6919377E+01      0.5740515E+00
  -0.6895310E+01      0.5785335E+00
  -0.6871243E+01      0.5834689E+00
  -0.6847175E+01      0.5888952E+00
  -0.6823108E+01      0.5948552E+00
  -0.6799040E+01      0.6013978E+00
  -0.6774973E+01      0.6085786E+00
  -0.6750906E+01      0.6164618E+00
  -0.6726838E+01      0.6251217E+00
  -0.6702771E+01      0.1886334E+02
  -0.6678703E+01      0.1345346E+02
  -0.6654636E+01      0.1113208E+02
  -0.6630569E+01      0.9775797E+01
  -0.6606501E+01      0.8867377E+01
  -0.6582434E+01      0.8210152E+01
  -0.6558366E+01      0.3679069E+02
  -0.6534299E+01      0.2417774E+02
  -0.6510232E+01      0.1987369E+02
  -0.6486164E+01      0.1753382E+02
  -0.6462097E+01      0.1601255E+02
  -0.6438029E+01      0.1492607E+02
  -0.6413962E+01      0.1410584E+02
  -0.6389895E+01      0.1346533E+02
  -0.6365827E+01      0.1295568E+02
  -0.6341760E+01      0.3111979E+02
  -0.6317692E+01      0.2465023E+02
  -0.6293625E+01      0.2214040E+02
  -0.6269558E+01      0.2077592E+02
  -0.6245490E+01      0.2000522E+02
  -0.6221423E+01      0.1969656E+02
  -0.6197355E+01      0.1996419E+02
  -0.6173288E+01      0.2160805E+02
  -0.6149221E+01      0.9631667E+02
  -0.6125153E+01      0.1249733E+02
  -0.6101086E+01      0.1224312E+02
  -0.6077018E+01      0.1202422E+02
  -0.6052951E+01      0.4167973E+02
  -0.6028884E+01      0.2629076E+02
  -0.6004816E+01      0.2260173E+02
  -0.5980749E+01      0.2069439E+02
  -0.5956681E+01      0.1947376E+02
  -0.5932614E+01      0.1860899E+02
  -0.5908547E+01      0.1796089E+02
  -0.5884479E+01      0.1745945E+02
  -0.5860412E+01      0.1706528E+02
  -0.5836344E+01      0.1675455E+02
  -0.5812277E+01      0.1651219E+02
  -0.5788210E+01      0.1632848E+02
  -0.5764142E+01      0.1619724E+02
  -0.5740075E+01      0.1611485E+02
  -0.5716007E+01      0.1607965E+02
  -0.5691940E+01      0.1609177E+02
  -0.5667873E+01      0.1615308E+02
  -0.5643805E+01      0.1626745E+02
  -0.5619738E+01      0.1644141E+02
  -0.5595670E+01      0.1668546E+02
  -0.5571603E+01      0.1701665E+02
  -0.5547536E+01      0.1746444E+02
  -0.5523468E+01      0.1808495E+02
  -0.5499401E+01      0.1900297E+02
  -0.5475333E+01      0.2058119E+02
  -0.5451266E+01      0.2476337E+02
  -0.5427199E+01      0.1395598E+02
  -0.5403131E+01      0.1448165E+02
  -0.5379064E+01      0.1518590E+02
  -0.5354996E+01      0.1629428E+02
  -0.5330929E+01      0.1890061E+02
  -0.5306862E+01      0.5176290E+02
  -0.5282794E+01      0.3123387E+02
  -0.5258727E+01      0.2680091E+02
  -0.5234659E+01      0.2476144E+02
  -0.5210592E+01      0.2366094E+02
  -0.5186525E+01      0.2310778E+02
  -0.5162457E+01      0.2300570E+02
  -0.5138390E+01      0.5494879E+02
  -0.5114322E+01      0.4642486E+02
  -0.5090255E+01      0.4613067E+02
  -0.5066188E+01      0.6285766E+02
  -0.5042120E+01      0.1689436E+02
  -0.5018053E+01      0.1585705E+02
  -0.4993985E+01      0.1509860E+02
  -0.4969918E+01      0.1453298E+02
  -0.4945851E+01      0.1411047E+02
  -0.4921783E+01      0.1380093E+02
  -0.4897716E+01      0.1358586E+02
  -0.4873648E+01      0.1345439E+02
  -0.4849581E+01      0.1340119E+02
  -0.4825514E+01      0.1342557E+02
  -0.4801446E+01      0.1353133E+02
  -0.4777379E+01      0.1395563E+03
  -0.4753311E+01      0.4028973E+02
  -0.4729244E+01      0.3546814E+02
  -0.4705177E+01      0.3425328E+02
  -0.4681109E+01      0.3447485E+02
  -0.4657042E+01      0.3578148E+02
  -0.4632974E+01      0.3839278E+02
  -0.4608907E+01      0.5432910E+02
  -0.4584840E+01      0.6182571E+02
  -0.4560772E+01      0.3701389E+04
  -0.4536705E+01      0.1526165E+02
  -0.4512637E+01      0.1536496E+02
  -0.4488570E+01      0.1582352E+02
  -0.4464503E+01      0.1666979E+02
  -0.4440435E+01      0.1798091E+02
  -0.4416368E+01      0.1982323E+02
  -0.4392300E+01      0.2213239E+02
  -0.4368233E+01      0.2459480E+02
  -0.4344166E+01      0.2680291E+02
  -0.4320098E+01      0.2865680E+02
  -0.4296031E+01      0.3047022E+02
  -0.4271963E+01      0.3282037E+02
  -0.4247896E+01      0.3672419E+02
  -0.4223829E+01      0.6384501E+02
  -0.4199761E+01      0.1175551E+03
  -0.4175694E+01      0.7603607E+02
  -0.4151626E+01      0.7155406E+02
  -0.4127559E+01      0.7534656E+02
  -0.4103492E+01      0.4128678E+02
  -0.4079424E+01      0.3440493E+02
  -0.4055357E+01      0.3047012E+02
  -0.4031289E+01      0.2779044E+02
  -0.4007222E+01      0.2580699E+02
  -0.3983155E+01      0.2426302E+02
  -0.3959087E+01      0.2301943E+02
  -0.3935020E+01      0.2199276E+02
  -0.3910952E+01      0.2112936E+02
  -0.3886885E+01      0.2039293E+02
  -0.3862818E+01      0.1975798E+02
  -0.3838750E+01      0.1920609E+02
  -0.3814683E+01      0.1872366E+02
  -0.3790615E+01      0.1830056E+02
  -0.3766548E+01      0.1792919E+02
  -0.3742481E+01      0.1760396E+02
  -0.3718413E+01      0.1732088E+02
  -0.3694346E+01      0.1707740E+02
  -0.3670278E+01      0.1687235E+02
  -0.3646211E+01      0.1670604E+02
  -0.3622144E+01      0.1658061E+02
  -0.3598076E+01      0.1650069E+02
  -0.3574009E+01      0.1647464E+02
  -0.3549941E+01      0.1651723E+02
  -0.3525874E+01      0.1665522E+02
  -0.3501807E+01      0.1694120E+02
  -0.3477739E+01      0.1749455E+02
  -0.3453672E+01      0.1866766E+02
  -0.3429604E+01      0.3566599E+02
  -0.3405537E+01      0.1689859E+02
  -0.3381470E+01      0.1562425E+02
  -0.3357402E+01      0.1516627E+02
  -0.3333335E+01      0.1510401E+02
  -0.3309267E+01      0.1541329E+02
  -0.3285200E+01      0.1634002E+02
  -0.3261133E+01      0.1918207E+02
  -0.3237065E+01      0.4656993E+02
  -0.3212998E+01      0.3051265E+02
  -0.3188930E+01      0.2607280E+02
  -0.3164863E+01      0.2389618E+02
  -0.3140796E+01      0.2262576E+02
  -0.3116728E+01      0.2183377E+02
  -0.3092661E+01      0.2133963E+02
  -0.3068593E+01      0.2105485E+02
  -0.3044526E+01      0.2093316E+02
  -0.3020459E+01      0.2095120E+02
  -0.2996391E+01      0.2110027E+02
  -0.2972324E+01      0.2138337E+02
  -0.2948256E+01      0.1168643E+03
  -0.2924189E+01      0.6052054E+02
  -0.2900122E+01      0.5085452E+02
  -0.2876054E+01      0.4733660E+02
  -0.2851987E+01      0.4651355E+02
  -0.2827919E+01      0.4777806E+02
  -0.2803852E+01      0.5184191E+02
  -0.2779785E+01      0.1124527E+03
  -0.2755717E+01      0.6477517E+02
  -0.2731650E+01      0.2132176E+02
  -0.2707582E+01      0.2365940E+02
  -0.2683515E+01      0.2806460E+02
  -0.2659448E+01      0.3194229E+02
  -0.2635380E+01      0.2721416E+02
  -0.2611313E+01      0.2492829E+02
  -0.2587245E+01      0.2348901E+02
  -0.2563178E+01      0.2247088E+02
  -0.2539111E+01      0.2170271E+02
  -0.2515043E+01      0.2109971E+02
  -0.2490976E+01      0.2061409E+02
  -0.2466908E+01      0.2021645E+02
  -0.2442841E+01      0.1988752E+02
  -0.2418774E+01      0.1961405E+02
  -0.2394706E+01      0.1938661E+02
  -0.2370639E+01      0.1919831E+02
  -0.2346571E+01      0.1904402E+02
  -0.2322504E+01      0.1891986E+02
  -0.2298437E+01      0.1882290E+02
  -0.2274369E+01      0.1875091E+02
  -0.2250302E+01      0.1870224E+02
  -0.2226234E+01      0.1867569E+02
  -0.2202167E+01      0.1867046E+02
  -0.2178100E+01      0.1868610E+02
  -0.2154032E+01      0.4664972E+02
  -0.2129965E+01      0.3244888E+02
  -0.2105897E+01      0.2865359E+02
  -0.2081830E+01      0.2683957E+02
  -0.2057763E+01      0.2581012E+02
  -0.2033695E+01      0.2518720E+02
  -0.2009628E+01      0.2481096E+02
  -0.1985560E+01      0.2460244E+02
  -0.1961493E+01      0.2451910E+02
  -0.1937426E+01      0.2453721E+02
  -0.1913358E+01      0.2464399E+02
  -0.1889291E+01      0.2483385E+02
  -0.1865223E+01      0.2510665E+02
  -0.1841156E+01      0.2546713E+02
  -0.1817089E+01      0.2592523E+02
  -0.1793021E+01      0.2649731E+02
  -0.1768954E+01      0.2720872E+02
  -0.1744886E+01      0.2809869E+02
  -0.1720819E+01      0.2922979E+02
  -0.1696752E+01      0.3070805E+02
  -0.1672684E+01      0.3273094E+02
  -0.1648617E+01      0.3572828E+02
  -0.1624549E+01      0.4095334E+02
  -0.1600482E+01      0.5707820E+02
  -0.1576415E+01      0.3677853E+02
  -0.1552347E+01      0.9035525E+02
  -0.1528280E+01      0.1220074E+02
  -0.1504212E+01      0.1246263E+02
  -0.1480145E+01      0.1277573E+02
  -0.1456078E+01      0.1315321E+02
  -0.1432010E+01      0.1361398E+02
  -0.1407943E+01      0.1418635E+02
  -0.1383875E+01      0.1492007E+02
  -0.1359808E+01      0.1587406E+02
  -0.1335741E+01      0.1720165E+02
  -0.1311673E+01      0.1918685E+02
  -0.1287606E+01      0.2258619E+02
  -0.1263538E+01      0.3046368E+02
  -0.1239471E+01      0.1666438E+03
  -0.1215404E+01      0.3132327E+01
  -0.1191336E+01      0.3121244E+01
  -0.1167269E+01      0.3110693E+01
  -0.1143201E+01      0.3100621E+01
  -0.1119134E+01      0.3090980E+01
  -0.1095067E+01      0.3081723E+01
  -0.1070999E+01      0.3072809E+01
  -0.1046932E+01      0.3064197E+01
  -0.1022864E+01      0.3055849E+01
  -0.9987971E+00      0.3047732E+01
  -0.9747297E+00      0.3039810E+01
  -0.9506623E+00      0.3032052E+01
  -0.9265949E+00      0.3024427E+01
  -0.9025275E+00      0.3016908E+01
  -0.8784601E+00      0.3009465E+01
  -0.8543927E+00      0.3002073E+01
  -0.8303253E+00      0.2994707E+01
  -0.8062579E+00      0.2987342E+01
  -0.7821905E+00      0.2979954E+01
  -0.7581231E+00      0.2972523E+01
  -0.7340557E+00      0.2965026E+01
  -0.7099883E+00      0.2957443E+01
  -0.6859209E+00      0.2949755E+01
  -0.6618535E+00      0.2941944E+01
  -0.6377861E+00      0.2933992E+01
  -0.6137187E+00      0.2925883E+01
  -0.5896513E+00      0.2917602E+01
  -0.5655839E+00      0.2909135E+01
  -0.5415165E+00      0.2900468E+01
  -0.5174491E+00      0.2891591E+01
  -0.4933817E+00      0.2882491E+01
  -0.4693143E+00      0.2873160E+01
  -0.4452469E+00      0.2863589E+01
  -0.4211795E+00      0.3589173E+02
  -0.3971121E+00      0.1309676E+02
  -0.3730447E+00      0.1085308E+02
  -0.3489773E+00      0.9976395E+01
  -0.3249099E+00      0.9568531E+01
  -0.3008425E+00      0.9398156E+01
  -0.2767751E+00      0.9379399E+01
  -0.2527077E+00      0.9476251E+01
  -0.2286403E+00      0.9675415E+01
  -0.2045729E+00      0.9977110E+01
  -0.1805055E+00      0.1039243E+02
  -0.1564381E+00      0.1094420E+02
  -0.1323707E+00      0.1167120E+02
  -0.1083033E+00      0.1263730E+02
  -0.8423590E-01      0.1395066E+02
  -0.6016850E-01      0.1580605E+02
  -0.3610110E-01      0.1859049E+02
  -0.1203370E-01      0.2319924E+02
   0.1203370E-01      0.3230538E+02
   0.3610110E-01      0.5982659E+02
   0.6016850E-01      0.2605959E+01
   0.8423590E-01      0.2591504E+01
   0.1083033E+00      0.2576938E+01
   0.1323707E+00      0.2562275E+01
   0.1564381E+00      0.2547529E+01
   0.1805055E+00      0.2532716E+01
   0.2045729E+00      0.2517849E+01
   0.2286403E+00      0.2502944E+01
   0.2527077E+00      0.2488015E+01
   0.2767751E+00      0.2473078E+01
   0.3008425E+00      0.2458146E+01
   0.3249099E+00      0.2443235E+01
   0.3489773E+00      0.2428358E+01
   0.3730447E+00      0.2413530E+01
   0.3971121E+00      0.2398764E+01
   0.4211795E+00      0.2384075E+01
   0.4452469E+00      0.2369475E+01
   0.4693143E+00      0.2354979E+01
   0.4933817E+00      0.2340598E+01
   0.5174491E+00      0.2326347E+01
   0.5415165E+00      0.2312238E+01
   0.5655839E+00      0.2298284E+01
   0.5896513E+00      0.2284498E+01
   0.6137187E+00      0.2270893E+01
   0.6377861E+00      0.2257482E+01
   0.6618535E+00      0.2244278E+01
   0.6859209E+00      0.2231294E+01
   0.7099883E+00      0.2218546E+01
   0.7340557E+00      0.2206047E+01
   0.7581231E+00      0.2193813E+01
   0.7821905E+00      0.2181859E+01
   0.8062579E+00      0.2170204E+01
   0.8303253E+00      0.2158865E+01
   0.8543927E+00      0.2147864E+01
   0.8784601E+00      0.2137222E+01
   0.9025275E+00      0.2126963E+01
   0.9265949E+00      0.2117117E+01
   0.9506623E+00      0.2107714E+01
   0.9747297E+00      0.2098789E+01
   0.9987971E+00      0.2090384E+01
   0.1022864E+01      0.2082548E+01
   0.1046932E+01      0.2075335E+01
   0.1070999E+01      0.2068812E+01
   0.1095067E+01      0.2063060E+01
   0.1119134E+01      0.2058174E+01
   0.1143201E+01      0.2054273E+01
   0.1167269E+01      0.2051504E+01
   0.1191336E+01      0.2050052E+01
   0.1215404E+01      0.2050155E+01
   0.1239471E+01      0.2052122E+01
   0.1263538E+01      0.2056368E+01
   0.1287606E+01      0.2063458E+01
   0.1311673E+01      0.2074195E+01
   0.1335741E+01      0.2089752E+01
   0.1359808E+01      0.2111937E+01
   0.1383875E+01      0.2143706E+01
   0.1407943E+01      0.2190303E+01
   0.1432010E+01      0.2262194E+01
   0.1456078E+01      0.2384407E+01
   0.1480145E+01      0.2640292E+01
   0.1504212E+01      0.3756751E+01
   0.1528280E+01      0.5366469E+01
   0.1552347E+01      0.4152636E+01
   0.1576415E+01      0.3652080E+01
   0.1600482E+01      0.3360655E+01
   0.1624549E+01      0.3163578E+01
   0.1648617E+01      0.3018407E+01
   0.1672684E+01      0.2905343E+01
   0.1696752E+01      0.2813755E+01
   0.1720819E+01      0.2737361E+01
   0.1744886E+01      0.2672178E+01
   0.1768954E+01      0.2615548E+01
   0.1793021E+01      0.2565619E+01
   0.1817089E+01      0.2521057E+01
   0.1841156E+01      0.2480872E+01
   0.1865223E+01      0.2444315E+01
   0.1889291E+01      0.2410804E+01
   0.1913358E+01      0.2379883E+01
   0.1937426E+01      0.2351187E+01
   0.1961493E+01      0.2324417E+01
   0.1985560E+01      0.2299332E+01
   0.2009628E+01      0.2275731E+01
   0.2033695E+01      0.2253444E+01
   0.2057763E+01      0.2232330E+01
   0.2081830E+01      0.2212267E+01
   0.2105897E+01      0.2193151E+01
   0.2129965E+01      0.2174894E+01
   0.2154032E+01      0.2157418E+01
   0.2178100E+01      0.2140655E+01
   0.2202167E+01      0.2124545E+01
   0.2226234E+01      0.2109036E+01
   0.2250302E+01      0.2094083E+01
   0.2274369E+01      0.2079642E+01
   0.2298437E+01      0.2065679E+01
   0.2322504E+01      0.2052159E+01
   0.2346571E+01      0.2039054E+01
   0.2370639E+01      0.2026335E+01
   0.2394706E+01      0.2013980E+01
   0.2418774E+01      0.2001966E+01
   0.2442841E+01      0.1990289E+01
   0.2466908E+01      0.1978882E+01
   0.2490976E+01      0.1967777E+01
   0.2515043E+01      0.1956942E+01
   0.2539111E+01      0.1946365E+01
   0.2563178E+01      0.1936031E+01
   0.2587245E+01      0.1925928E+01
   0.2611313E+01      0.1916046E+01
   0.2635380E+01      0.1906373E+01
   0.2659448E+01      0.1896902E+01
   0.2683515E+01      0.1887622E+01
   0.2707582E+01      0.1878525E+01
   0.2731650E+01      0.1869604E+01
   0.2755717E+01      0.1860851E+01
   0.2779785E+01      0.1852260E+01
   0.2803852E+01      0.1843825E+01
   0.2827919E+01      0.1835538E+01
   0.2851987E+01      0.1827396E+01
   0.2876054E+01      0.1819391E+01
   0.2900122E+01      0.1811521E+01
   0.2924189E+01      0.1803779E+01
   0.2948256E+01      0.1796162E+01
   0.2972324E+01      0.1788665E+01
   0.2996391E+01      0.1781285E+01
   0.3020459E+01      0.1774017E+01
   0.3044526E+01      0.1766859E+01
   0.3068593E+01      0.1759806E+01
   0.3092661E+01      0.1752856E+01
   0.3116728E+01      0.1746005E+01
   0.3140796E+01      0.1739251E+01
   0.3164863E+01      0.1732591E+01
   0.3188930E+01      0.1726023E+01
   0.3212998E+01      0.1719543E+01
   0.3237065E+01      0.1713150E+01
   0.3261133E+01      0.1706841E+01
   0.3285200E+01      0.1700615E+01
   0.3309267E+01      0.1694469E+01
   0.3333335E+01      0.1688400E+01
   0.3357402E+01      0.1682408E+01
   0.3381470E+01      0.1676491E+01
   0.3405537E+01      0.1670646E+01
   0.3429604E+01      0.1664873E+01
   0.3453672E+01      0.1659169E+01
   0.3477739E+01      0.1653533E+01
   0.3501807E+01      0.1647964E+01
   0.3525874E+01      0.1642460E+01
   0.3549941E+01      0.1637020E+01
   0.3574009E+01      0.1631643E+01
   0.3598076E+01      0.1626327E+01
   0.3622144E+01      0.1621071E+01
   0.3646211E+01      0.1615875E+01
   0.3670278E+01      0.1610737E+01
   0.3694346E+01      0.1605656E+01
   0.3718413E+01      0.1600630E+01
   0.3742481E+01      0.1595661E+01
   0.3766548E+01      0.1590745E+01
   0.3790615E+01      0.1585883E+01
   0.3814683E+01      0.1581073E+01
   0.3838750E+01      0.1576315E+01
   0.3862818E+01      0.1571608E+01
   0.3886885E+01      0.1566951E+01
   0.3910952E+01      0.1562344E+01
   0.3935020E+01      0.1557785E+01
   0.3959087E+01      0.1553275E+01
   0.3983155E+01      0.1548812E+01
   0.4007222E+01      0.1271791E+02
   0.4031289E+01      0.8648081E+01
   0.4055357E+01      0.7066288E+01
   0.4079424E+01      0.6172551E+01
   0.4103492E+01      0.5583325E+01
   0.4127559E+01      0.5159688E+01
   0.4151626E+01      0.4837500E+01
   0.4175694E+01      0.4582557E+01
   0.4199761E+01      0.4374760E+01
   0.4223829E+01      0.4201445E+01
   0.4247896E+01      0.4054197E+01
   0.4271963E+01      0.3927187E+01
   0.4296031E+01      0.3816236E+01
   0.4320098E+01      0.3718265E+01
   0.4344166E+01      0.3630952E+01
   0.4368233E+01      0.3552508E+01
   0.4392300E+01      0.3481532E+01
   0.4416368E+01      0.3416912E+01
   0.4440435E+01      0.3357749E+01
   0.4464503E+01      0.3303312E+01
   0.4488570E+01      0.3252996E+01
   0.4512637E+01      0.3206301E+01
   0.4536705E+01      0.3162804E+01
   0.4560772E+01      0.3122150E+01
   0.4584840E+01      0.3084034E+01
   0.4608907E+01      0.3048196E+01
   0.4632974E+01      0.3014411E+01
   0.4657042E+01      0.2982484E+01
   0.4681109E+01      0.2952246E+01
   0.4705177E+01      0.2923547E+01
   0.4729244E+01      0.2896256E+01
   0.4753311E+01      0.2870257E+01
   0.4777379E+01      0.2845447E+01
   0.4801446E+01      0.2821735E+01
   0.4825514E+01      0.2799039E+01
   0.4849581E+01      0.2777286E+01
   0.4873648E+01      0.2756409E+01
   0.4897716E+01      0.2736349E+01
   0.4921783E+01      0.2717053E+01
   0.4945851E+01      0.2698472E+01
   0.4969918E+01      0.2680562E+01
   0.4993985E+01      0.2663283E+01
   0.5018053E+01      0.2646597E+01
   0.5042120E+01      0.2630473E+01
   0.5066188E+01      0.2614879E+01
   0.5090255E+01      0.2599787E+01
   0.5114322E+01      0.2585171E+01
   0.5138390E+01      0.2571009E+01
   0.5162457E+01      0.2557279E+01
   0.5186525E+01      0.2543959E+01
   0.5210592E+01      0.2531034E+01
   0.5234659E+01      0.2518484E+01
   0.5258727E+01      0.2506296E+01
   0.5282794E+01      0.2494455E+01
   0.5306862E+01      0.2482947E+01
   0.5330929E+01      0.2471761E+01
   0.5354996E+01      0.2460885E+01
   0.5379064E+01      0.2450310E+01
   0.5403131E+01      0.2440026E+01
   0.5427199E+01      0.2430025E+01
   0.5451266E+01      0.2420299E+01
   0.5475333E+01      0.2410841E+01
   0.5499401E+01      0.2401645E+01
   0.5523468E+01      0.2392706E+01
   0.5547536E+01      0.2384019E+01
   0.5571603E+01      0.2375579E+01
   0.5595670E+01      0.2367384E+01
   0.5619738E+01      0.2359429E+01
   0.5643805E+01      0.2351714E+01
   0.5667873E+01      0.2344237E+01
   0.5691940E+01      0.2336996E+01
   0.5716007E+01      0.2329992E+01
   0.5740075E+01      0.2323226E+01
   0.5764142E+01      0.2316697E+01
   0.5788210E+01      0.2310409E+01
   0.5812277E+01      0.2304365E+01
   0.5836344E+01      0.2298569E+01
   0.5860412E+01      0.2293024E+01
   0.5884479E+01      0.2287738E+01
   0.5908547E+01      0.2282717E+01
   0.5932614E+01      0.2277969E+01
   0.5956681E+01      0.2273505E+01
   0.5980749E+01      0.2269336E+01
   0.6004816E+01      0.2265475E+01
   0.6028884E+01      0.2261938E+01
   0.6052951E+01      0.2258742E+01
   0.6077018E+01      0.2255908E+01
   0.6101086E+01      0.2253459E+01
   0.6125153E+01      0.2251423E+01
   0.6149221E+01      0.2249831E+01
   0.6173288E+01      0.2248719E+01
   0.6197355E+01      0.2248131E+01
   0.6221423E+01      0.2248116E+01
   0.6245490E+01      0.2248770E+01
   0.6269558E+01      0.2250048E+01
   0.6293625E+01      0.2252146E+01
   0.6317692E+01      0.2255124E+01
   0.6341760E+01      0.2259099E+01
   0.6365827E+01      0.2264215E+01
   0.6389895E+01      0.2270646E+01
   0.6413962E+01      0.2278610E+01
   0.6438029E+01      0.2288380E+01
   0.6462097E+01      0.2300306E+01
   0.6486164E+01      0.2314838E+01
   0.6510232E+01      0.2332573E+01
   0.6534299E+01      0.2354318E+01
   0.6558366E+01      0.2381195E+01
   0.6582434E+01      0.2414814E+01
   0.6606501E+01      0.2457583E+01
   0.6630569E+01      0.2513292E+01
   0.6654636E+01      0.2588326E+01
   0.6678703E+01      0.2694470E+01
   0.6702771E+01      0.2856616E+01
   0.6726838E+01      0.3140168E+01
   0.6750906E+01      0.3811651E+01
   0.6774973E+01      0.2957400E+02
   0.6799040E+01      0.1163821E+02
   0.6823108E+01      0.8907293E+01
   0.6847175E+01      0.7616562E+01
   0.6871243E+01      0.6827707E+01
   0.6895310E+01      0.6282260E+01
   0.6919377E+01      0.5876398E+01
   0.6943445E+01      0.5559278E+01
   0.6967512E+01      0.5302686E+01
   0.6991580E+01      0.5089547E+01
   0.7015647E+01      0.4908843E+01
   0.7039714E+01      0.4753106E+01
   0.7063782E+01      0.4617068E+01
   0.7087849E+01      0.4496897E+01
   0.7111917E+01      0.4389727E+01
   0.7135984E+01      0.4293370E+01
   0.7160051E+01      0.4206117E+01
   0.7184119E+01      0.4126617E+01
   0.7208186E+01      0.4053782E+01
   0.7232254E+01      0.3986729E+01
   0.7256321E+01      0.3924728E+01
   0.7280388E+01      0.3867172E+01
   0.7304456E+01      0.3813552E+01
   0.7328523E+01      0.3763438E+01
   0.7352591E+01      0.3716462E+01
   0.7376658E+01      0.3672308E+01
   0.7400725E+01      0.3630703E+01
   0.7424793E+01      0.3591410E+01
   0.7448860E+01      0.3554221E+01
   0.7472928E+01      0.3518954E+01
   0.7496995E+01      0.3485450E+01
   0.7521062E+01      0.3453564E+01
   0.7545130E+01      0.3423171E+01
   0.7569197E+01      0.3394157E+01
   0.7593265E+01      0.3366421E+01
   0.7617332E+01      0.3339872E+01
   0.7641399E+01      0.3314427E+01
   0.7665467E+01      0.3290013E+01
   0.7689534E+01      0.3266561E+01
   0.7713602E+01      0.3244011E+01
   0.7737669E+01      0.3222306E+01
   0.7761736E+01      0.3201396E+01
   0.7785804E+01      0.3181233E+01
   0.7809871E+01      0.3161775E+01
   0.7833939E+01      0.3142983E+01
   0.7858006E+01      0.3124819E+01
   0.7882073E+01      0.3107252E+01
   0.7906141E+01      0.3090248E+01
   0.7930208E+01      0.3073780E+01
   0.7954276E+01      0.3057822E+01
   0.7978343E+01      0.3042348E+01
   0.8002410E+01      0.3027336E+01
   0.8026478E+01      0.3012764E+01
   0.8050545E+01      0.2998611E+01
   0.8074613E+01      0.2984861E+01
   0.8098680E+01      0.2971495E+01
   0.8122747E+01      0.2958497E+01
   0.8146815E+01      0.2945851E+01
   0.8170882E+01      0.2933544E+01
   0.8194950E+01      0.2921562E+01
   0.8219017E+01      0.2909893E+01
   0.8243084E+01      0.2898524E+01
   0.8267152E+01      0.2887445E+01
   0.8291219E+01      0.2876645E+01
   0.8315287E+01      0.4387889E+02
   0.8339354E+01      0.1325838E+02
   0.8363421E+01      0.1045943E+02
   0.8387489E+01      0.9204425E+01
   0.8411556E+01      0.8461806E+01
   0.8435624E+01      0.7962099E+01
   0.8459691E+01      0.7599772E+01
   0.8483758E+01      0.7323958E+01
   0.8507826E+01      0.7106742E+01
   0.8531893E+01      0.6931369E+01
   0.8555961E+01      0.6787099E+01
   0.8580028E+01      0.6666691E+01
   0.8604095E+01      0.6565067E+01
   0.8628163E+01      0.6478548E+01
   0.8652230E+01      0.6404405E+01
   0.8676298E+01      0.6340573E+01
   0.8700365E+01      0.6285467E+01
   0.8724432E+01      0.6237858E+01
   0.8748500E+01      0.6196797E+01
   0.8772567E+01      0.6161551E+01
   0.8796635E+01      0.6131569E+01
   0.8820702E+01      0.6106450E+01
   0.8844769E+01      0.6085930E+01
   0.8868837E+01      0.6069865E+01
   0.8892904E+01      0.6058229E+01
   0.8916972E+01      0.6051114E+01
   0.8941039E+01      0.6048730E+01
   0.8965106E+01      0.6051423E+01
   0.8989174E+01      0.6059686E+01
   0.9013241E+01      0.6074194E+01
   0.9037309E+01      0.6095842E+01
   0.9061376E+01      0.6125817E+01
   0.9085443E+01      0.6165691E+01
   0.9109511E+01      0.6217580E+01
   0.9133578E+01      0.6284386E+01
   0.9157646E+01      0.6370205E+01
   0.9181713E+01      0.6481031E+01
   0.9205780E+01      0.6626056E+01
   0.9229848E+01      0.6820270E+01
   0.9253915E+01      0.7090201E+01
   0.9277983E+01      0.7488609E+01
   0.9302050E+01      0.8141088E+01
   0.9326117E+01      0.9461543E+01
   0.9350185E+01      0.1486732E+02
   0.9374252E+01      0.4456970E+01
   0.9398320E+01      0.4155327E+01
   0.9422387E+01      0.4064143E+01
   0.9446454E+01      0.4028083E+01
   0.9470522E+01      0.4017415E+01
   0.9494589E+01      0.4021925E+01
   0.9518657E+01      0.4037105E+01
   0.9542724E+01      0.4060652E+01
   0.9566791E+01      0.4091265E+01
   0.9590859E+01      0.4128133E+01
   0.9614926E+01      0.4170684E+01
   0.9638994E+01      0.4218437E+01
   0.9663061E+01      0.4270907E+01
   0.9687128E+01      0.4327542E+01
   0.9711196E+01      0.4387663E+01
   0.9735263E+01      0.4450430E+01
   0.9759331E+01      0.4514824E+01
   0.9783398E+01      0.4579641E+01
   0.9807465E+01      0.4643525E+01
   0.9831533E+01      0.4705018E+01
   0.9855600E+01      0.4762638E+01
   0.9879668E+01      0.4814980E+01
   0.9903735E+01      0.4860810E+01
   0.9927802E+01      0.4899160E+01
   0.9951870E+01      0.4929387E+01
   0.9975937E+01      0.4951201E+01
   0.1000000E+02      0.4964657E+01
 &
