cpu-bind=MASK - cn1038, task  0  0 [36629]: mask 0xffffffffffffffff set
--------------------------------------------------------------------------
Open MPI failed an OFI Libfabric library call (fi_domain).  This is highly
unusual; your job may behave unpredictably (and/or abort) after this.

  Local host: cn1041
  Location: mtl_ofi_component.c:928
  Error: No data available (61)
--------------------------------------------------------------------------
[cn1038.scarf.rl.ac.uk:37317] 239 more processes have sent help message help-mtl-ofi.txt / OFI call fail
[cn1038.scarf.rl.ac.uk:37317] Set MCA parameter "orte_base_help_aggregate" to 0 to see all help / error messages
--------------------------------------------------------------------------
Open MPI failed an OFI Libfabric library call (fi_domain).  This is highly
unusual; your job may behave unpredictably (and/or abort) after this.

  Local host: cn1109
  Location: mtl_ofi_component.c:928
  Error: No data available (61)
--------------------------------------------------------------------------
[cn1038.scarf.rl.ac.uk:53425] 239 more processes have sent help message help-mtl-ofi.txt / OFI call fail
[cn1038.scarf.rl.ac.uk:53425] Set MCA parameter "orte_base_help_aggregate" to 0 to see all help / error messages
[1678826717.415749] [cn1038:53524:0]          mpool.c:43   UCX  WARN  object 0xb4f8b80 was not returned to mpool ucp_requests
[1678826717.415892] [cn1038:53518:0]          mpool.c:43   UCX  WARN  object 0xbb915c0 was not returned to mpool ucp_requests
[1678826717.416051] [cn1038:53522:0]          mpool.c:43   UCX  WARN  object 0x686a340 was not returned to mpool ucp_requests
[1678826717.417720] [cn1038:53497:0]          mpool.c:43   UCX  WARN  object 0xb510240 was not returned to mpool ucp_requests
[1678826717.417773] [cn1038:53503:0]          mpool.c:43   UCX  WARN  object 0xd8bda00 was not returned to mpool ucp_requests
[1678826717.417822] [cn1038:53505:0]          mpool.c:43   UCX  WARN  object 0xa7a14c0 was not returned to mpool ucp_requests
[1678826717.417828] [cn1038:53509:0]          mpool.c:43   UCX  WARN  object 0x4df13c0 was not returned to mpool ucp_requests
[1678826717.417842] [cn1038:53501:0]          mpool.c:43   UCX  WARN  object 0xd6925c0 was not returned to mpool ucp_requests
[1678826717.417882] [cn1038:53514:0]          mpool.c:43   UCX  WARN  object 0xd2889c0 was not returned to mpool ucp_requests
[1678826717.417917] [cn1038:53512:0]          mpool.c:43   UCX  WARN  object 0xb165e00 was not returned to mpool ucp_requests
-1.0998707012E+001
--------------------------------------------------------------------------
Open MPI failed an OFI Libfabric library call (fi_domain).  This is highly
unusual; your job may behave unpredictably (and/or abort) after this.

  Local host: cn1043
  Location: mtl_ofi_component.c:928
  Error: No data available (61)
--------------------------------------------------------------------------
[cn1038.scarf.rl.ac.uk:54185] 239 more processes have sent help message help-mtl-ofi.txt / OFI call fail
[cn1038.scarf.rl.ac.uk:54185] Set MCA parameter "orte_base_help_aggregate" to 0 to see all help / error messages
[1678832309.573280] [cn1038:54271:0]          mpool.c:43   UCX  WARN  object 0xb4b6940 was not returned to mpool ucp_requests
[1678832309.574422] [cn1038:54251:0]          mpool.c:43   UCX  WARN  object 0x5bb6900 was not returned to mpool ucp_requests
[1678832309.574451] [cn1038:54254:0]          mpool.c:43   UCX  WARN  object 0x520cfc0 was not returned to mpool ucp_requests
[1678832309.574340] [cn1038:54256:0]          mpool.c:43   UCX  WARN  object 0xa55fb80 was not returned to mpool ucp_requests
[1678832309.574457] [cn1038:54259:0]          mpool.c:43   UCX  WARN  object 0x644e480 was not returned to mpool ucp_requests
[1678832309.574445] [cn1038:54262:0]          mpool.c:43   UCX  WARN  object 0xbf45700 was not returned to mpool ucp_requests
[1678832309.574567] [cn1038:54267:0]          mpool.c:43   UCX  WARN  object 0x669aa00 was not returned to mpool ucp_requests
[1678832309.574438] [cn1038:54269:0]          mpool.c:43   UCX  WARN  object 0x5ac3600 was not returned to mpool ucp_requests
[1678832309.573382] [cn1038:54279:0]          mpool.c:43   UCX  WARN  object 0xb42fac0 was not returned to mpool ucp_requests
[1678832309.577626] [cn1038:54275:0]          mpool.c:43   UCX  WARN  object 0xaa30b40 was not returned to mpool ucp_requests
cp: cannot stat ‘0V-VH_z-0046.dat’: No such file or directory
cp: cannot stat ‘0V-VH_z-0046.dat’: No such file or directory
cp: cannot stat ‘0V-RHO_z-0046.dat’: No such file or directory
cp: cannot stat ‘0V-RHO_z-0046.dat’: No such file or directory
