cpu-bind=MASK - cn1079, task  0  0 [51969]: mask 0xffffffffffffffff set
--------------------------------------------------------------------------
Open MPI failed an OFI Libfabric library call (fi_domain).  This is highly
unusual; your job may behave unpredictably (and/or abort) after this.

  Local host: cn1079
  Location: mtl_ofi_component.c:928
  Error: No data available (61)
--------------------------------------------------------------------------
[cn1079.scarf.rl.ac.uk:52014] 119 more processes have sent help message help-mtl-ofi.txt / OFI call fail
[cn1079.scarf.rl.ac.uk:52014] Set MCA parameter "orte_base_help_aggregate" to 0 to see all help / error messages
--------------------------------------------------------------------------
Open MPI failed an OFI Libfabric library call (fi_domain).  This is highly
unusual; your job may behave unpredictably (and/or abort) after this.

  Local host: cn1079
  Location: mtl_ofi_component.c:928
  Error: No data available (61)
--------------------------------------------------------------------------
[cn1079.scarf.rl.ac.uk:52654] 119 more processes have sent help message help-mtl-ofi.txt / OFI call fail
[cn1079.scarf.rl.ac.uk:52654] Set MCA parameter "orte_base_help_aggregate" to 0 to see all help / error messages
[1679515509.911560] [cn1079:52741:0]          mpool.c:43   UCX  WARN  object 0x5d05cc0 was not returned to mpool ucp_requests
[1679515509.911584] [cn1079:52741:0]          mpool.c:43   UCX  WARN  object 0x5d0af00 was not returned to mpool ucp_requests
[1679515509.911560] [cn1079:52744:0]          mpool.c:43   UCX  WARN  object 0x6922200 was not returned to mpool ucp_requests
[1679515509.911584] [cn1079:52744:0]          mpool.c:43   UCX  WARN  object 0x6923a80 was not returned to mpool ucp_requests
[1679515509.911594] [cn1079:52735:0]          mpool.c:43   UCX  WARN  object 0x6622880 was not returned to mpool ucp_requests
[1679515509.911616] [cn1079:52735:0]          mpool.c:43   UCX  WARN  object 0x6626400 was not returned to mpool ucp_requests
[1679515509.911625] [cn1079:52738:0]          mpool.c:43   UCX  WARN  object 0x5a2dbc0 was not returned to mpool ucp_requests
[1679515509.911667] [cn1079:52738:0]          mpool.c:43   UCX  WARN  object 0x5a30cc0 was not returned to mpool ucp_requests
[1679515509.911629] [cn1079:52721:0]          mpool.c:43   UCX  WARN  object 0x6d8b400 was not returned to mpool ucp_requests
[1679515509.911627] [cn1079:52723:0]          mpool.c:43   UCX  WARN  object 0x561aa00 was not returned to mpool ucp_requests
[1679515509.911681] [cn1079:52725:0]          mpool.c:43   UCX  WARN  object 0x5f2f640 was not returned to mpool ucp_requests
[1679515509.911648] [cn1079:52729:0]          mpool.c:43   UCX  WARN  object 0x4f22b40 was not returned to mpool ucp_requests
[1679515509.911666] [cn1079:52729:0]          mpool.c:43   UCX  WARN  object 0x4f28d40 was not returned to mpool ucp_requests
[1679515509.911745] [cn1079:52704:0]          mpool.c:43   UCX  WARN  object 0x6751f80 was not returned to mpool ucp_requests
[1679515509.911728] [cn1079:52706:0]          mpool.c:43   UCX  WARN  object 0x62b8940 was not returned to mpool ucp_requests
[1679515509.911730] [cn1079:52711:0]          mpool.c:43   UCX  WARN  object 0x647cf00 was not returned to mpool ucp_requests
[1679515509.911762] [cn1079:52714:0]          mpool.c:43   UCX  WARN  object 0x4ed8340 was not returned to mpool ucp_requests
[1679515509.911771] [cn1079:52717:0]          mpool.c:43   UCX  WARN  object 0x4f65dc0 was not returned to mpool ucp_requests
[1679515509.911735] [cn1079:52733:0]          mpool.c:43   UCX  WARN  object 0x65fed00 was not returned to mpool ucp_requests
[1679515509.911752] [cn1079:52733:0]          mpool.c:43   UCX  WARN  object 0x65feec0 was not returned to mpool ucp_requests
[1679515509.911766] [cn1079:52693:0]          mpool.c:43   UCX  WARN  object 0x6da9d40 was not returned to mpool ucp_requests
[1679515509.911771] [cn1079:52696:0]          mpool.c:43   UCX  WARN  object 0x6a41380 was not returned to mpool ucp_requests
[1679515509.911751] [cn1079:52700:0]          mpool.c:43   UCX  WARN  object 0x5c14680 was not returned to mpool ucp_requests
[1679515509.911790] [cn1079:52709:0]          mpool.c:43   UCX  WARN  object 0x615ea00 was not returned to mpool ucp_requests
-8.2264308633E+000
--------------------------------------------------------------------------
Open MPI failed an OFI Libfabric library call (fi_domain).  This is highly
unusual; your job may behave unpredictably (and/or abort) after this.

  Local host: cn1080
  Location: mtl_ofi_component.c:928
  Error: No data available (61)
--------------------------------------------------------------------------
[cn1079.scarf.rl.ac.uk:53277] 119 more processes have sent help message help-mtl-ofi.txt / OFI call fail
[cn1079.scarf.rl.ac.uk:53277] Set MCA parameter "orte_base_help_aggregate" to 0 to see all help / error messages
[1679515742.896892] [cn1079:53365:0]          mpool.c:43   UCX  WARN  object 0x66a1440 was not returned to mpool ucp_requests
[1679515742.896921] [cn1079:53365:0]          mpool.c:43   UCX  WARN  object 0x66a3740 was not returned to mpool ucp_requests
[1679515742.896946] [cn1079:53359:0]          mpool.c:43   UCX  WARN  object 0x5824f00 was not returned to mpool ucp_requests
[1679515742.896965] [cn1079:53359:0]          mpool.c:43   UCX  WARN  object 0x5828c40 was not returned to mpool ucp_requests
[1679515742.896931] [cn1079:53363:0]          mpool.c:43   UCX  WARN  object 0x5b47b00 was not returned to mpool ucp_requests
[1679515742.896954] [cn1079:53363:0]          mpool.c:43   UCX  WARN  object 0x5b4c640 was not returned to mpool ucp_requests
[1679515742.896935] [cn1079:53351:0]          mpool.c:43   UCX  WARN  object 0x58caa00 was not returned to mpool ucp_requests
[1679515742.896958] [cn1079:53351:0]          mpool.c:43   UCX  WARN  object 0x58cc440 was not returned to mpool ucp_requests
[1679515742.896950] [cn1079:53354:0]          mpool.c:43   UCX  WARN  object 0x6a4a3c0 was not returned to mpool ucp_requests
[1679515742.896972] [cn1079:53354:0]          mpool.c:43   UCX  WARN  object 0x6a4fd00 was not returned to mpool ucp_requests
[1679515742.896932] [cn1079:53356:0]          mpool.c:43   UCX  WARN  object 0x575c180 was not returned to mpool ucp_requests
[1679515742.896958] [cn1079:53356:0]          mpool.c:43   UCX  WARN  object 0x575c880 was not returned to mpool ucp_requests
[1679515742.897092] [cn1079:53334:0]          mpool.c:43   UCX  WARN  object 0x6b3dc40 was not returned to mpool ucp_requests
[1679515742.897001] [cn1079:53307:0]          mpool.c:43   UCX  WARN  object 0x6d9a000 was not returned to mpool ucp_requests
[1679515742.897054] [cn1079:53311:0]          mpool.c:43   UCX  WARN  object 0x67fe2c0 was not returned to mpool ucp_requests
[1679515742.897076] [cn1079:53324:0]          mpool.c:43   UCX  WARN  object 0x5c2d2c0 was not returned to mpool ucp_requests
[1679515742.897131] [cn1079:53342:0]          mpool.c:43   UCX  WARN  object 0x6d14b00 was not returned to mpool ucp_requests
[1679515742.897134] [cn1079:53301:0]          mpool.c:43   UCX  WARN  object 0x522e740 was not returned to mpool ucp_requests
[1679515742.897139] [cn1079:53302:0]          mpool.c:43   UCX  WARN  object 0x66d1a40 was not returned to mpool ucp_requests
[1679515742.897138] [cn1079:53303:0]          mpool.c:43   UCX  WARN  object 0x658f1c0 was not returned to mpool ucp_requests
[1679515742.897134] [cn1079:53304:0]          mpool.c:43   UCX  WARN  object 0x65d4d40 was not returned to mpool ucp_requests
[1679515742.897149] [cn1079:53339:0]          mpool.c:43   UCX  WARN  object 0x6cc1740 was not returned to mpool ucp_requests
[1679515742.897215] [cn1079:53344:0]          mpool.c:43   UCX  WARN  object 0x686bdc0 was not returned to mpool ucp_requests
[1679515742.897200] [cn1079:53347:0]          mpool.c:43   UCX  WARN  object 0x58f6b40 was not returned to mpool ucp_requests
-8.2264308633E+000
--------------------------------------------------------------------------
Open MPI failed an OFI Libfabric library call (fi_domain).  This is highly
unusual; your job may behave unpredictably (and/or abort) after this.

  Local host: cn1082
  Location: mtl_ofi_component.c:928
  Error: No data available (61)
--------------------------------------------------------------------------
[cn1079.scarf.rl.ac.uk:54241] 119 more processes have sent help message help-mtl-ofi.txt / OFI call fail
[cn1079.scarf.rl.ac.uk:54241] Set MCA parameter "orte_base_help_aggregate" to 0 to see all help / error messages
[1679516492.721132] [cn1079:54327:0]          mpool.c:43   UCX  WARN  object 0x597c200 was not returned to mpool ucp_requests
[1679516492.721157] [cn1079:54327:0]          mpool.c:43   UCX  WARN  object 0x597c580 was not returned to mpool ucp_requests
[1679516492.721336] [cn1079:54306:0]          mpool.c:43   UCX  WARN  object 0x69a0600 was not returned to mpool ucp_requests
[1679516492.721338] [cn1079:54310:0]          mpool.c:43   UCX  WARN  object 0x6572940 was not returned to mpool ucp_requests
[1679516492.721346] [cn1079:54313:0]          mpool.c:43   UCX  WARN  object 0x5574040 was not returned to mpool ucp_requests
[1679516492.721452] [cn1079:54315:0]          mpool.c:43   UCX  WARN  object 0x6072900 was not returned to mpool ucp_requests
[1679516492.721470] [cn1079:54315:0]          mpool.c:43   UCX  WARN  object 0x6074340 was not returned to mpool ucp_requests
[1679516492.721266] [cn1079:54318:0]          mpool.c:43   UCX  WARN  object 0x5745c80 was not returned to mpool ucp_requests
[1679516492.721290] [cn1079:54318:0]          mpool.c:43   UCX  WARN  object 0x574be80 was not returned to mpool ucp_requests
[1679516492.721324] [cn1079:54322:0]          mpool.c:43   UCX  WARN  object 0x581c740 was not returned to mpool ucp_requests
[1679516492.721345] [cn1079:54322:0]          mpool.c:43   UCX  WARN  object 0x581dfc0 was not returned to mpool ucp_requests
[1679516492.721265] [cn1079:54325:0]          mpool.c:43   UCX  WARN  object 0x5028600 was not returned to mpool ucp_requests
[1679516492.721289] [cn1079:54325:0]          mpool.c:43   UCX  WARN  object 0x5029b00 was not returned to mpool ucp_requests
[1679516492.721226] [cn1079:54330:0]          mpool.c:43   UCX  WARN  object 0x57711c0 was not returned to mpool ucp_requests
[1679516492.721247] [cn1079:54330:0]          mpool.c:43   UCX  WARN  object 0x5777040 was not returned to mpool ucp_requests
[1679516492.721488] [cn1079:54280:0]          mpool.c:43   UCX  WARN  object 0x56b21c0 was not returned to mpool ucp_requests
[1679516492.721447] [cn1079:54283:0]          mpool.c:43   UCX  WARN  object 0x577d040 was not returned to mpool ucp_requests
[1679516492.721496] [cn1079:54285:0]          mpool.c:43   UCX  WARN  object 0x6a52a80 was not returned to mpool ucp_requests
[1679516492.721477] [cn1079:54289:0]          mpool.c:43   UCX  WARN  object 0x5590700 was not returned to mpool ucp_requests
[1679516492.721465] [cn1079:54292:0]          mpool.c:43   UCX  WARN  object 0x54532c0 was not returned to mpool ucp_requests
[1679516492.721438] [cn1079:54294:0]          mpool.c:43   UCX  WARN  object 0x6887f80 was not returned to mpool ucp_requests
[1679516492.721421] [cn1079:54298:0]          mpool.c:43   UCX  WARN  object 0x4eba5c0 was not returned to mpool ucp_requests
[1679516492.721483] [cn1079:54302:0]          mpool.c:43   UCX  WARN  object 0x60d4e80 was not returned to mpool ucp_requests
[1679516492.721336] [cn1079:54304:0]          mpool.c:43   UCX  WARN  object 0x527da00 was not returned to mpool ucp_requests
