cpu-bind=MASK - cn1152, task  0  0 [32663]: mask 0xffffffffffffffff set
--------------------------------------------------------------------------
Open MPI failed an OFI Libfabric library call (fi_domain).  This is highly
unusual; your job may behave unpredictably (and/or abort) after this.

  Local host: cn1152
  Location: mtl_ofi_component.c:928
  Error: No data available (61)
--------------------------------------------------------------------------
[cn1152.scarf.rl.ac.uk:33664] 239 more processes have sent help message help-mtl-ofi.txt / OFI call fail
[cn1152.scarf.rl.ac.uk:33664] Set MCA parameter "orte_base_help_aggregate" to 0 to see all help / error messages
--------------------------------------------------------------------------
Open MPI failed an OFI Libfabric library call (fi_domain).  This is highly
unusual; your job may behave unpredictably (and/or abort) after this.

  Local host: cn1158
  Location: mtl_ofi_component.c:928
  Error: No data available (61)
--------------------------------------------------------------------------
[cn1152.scarf.rl.ac.uk:34287] 239 more processes have sent help message help-mtl-ofi.txt / OFI call fail
[cn1152.scarf.rl.ac.uk:34287] Set MCA parameter "orte_base_help_aggregate" to 0 to see all help / error messages
[1679485501.122777] [cn1152:34382:0]          mpool.c:43   UCX  WARN  object 0x61eef00 was not returned to mpool ucp_requests
[1679485501.122948] [cn1152:34375:0]          mpool.c:43   UCX  WARN  object 0xbaad100 was not returned to mpool ucp_requests
[1679485501.122960] [cn1152:34379:0]          mpool.c:43   UCX  WARN  object 0xb2d2000 was not returned to mpool ucp_requests
[1679485501.124454] [cn1152:34355:0]          mpool.c:43   UCX  WARN  object 0xbbaae80 was not returned to mpool ucp_requests
[1679485501.124511] [cn1152:34361:0]          mpool.c:43   UCX  WARN  object 0xa779ec0 was not returned to mpool ucp_requests
[1679485501.124521] [cn1152:34364:0]          mpool.c:43   UCX  WARN  object 0xb9f9040 was not returned to mpool ucp_requests
[1679485501.124543] [cn1152:34357:0]          mpool.c:43   UCX  WARN  object 0x52b8000 was not returned to mpool ucp_requests
[1679485501.124557] [cn1152:34366:0]          mpool.c:43   UCX  WARN  object 0x5c26800 was not returned to mpool ucp_requests
[1679485501.124546] [cn1152:34369:0]          mpool.c:43   UCX  WARN  object 0xa21a580 was not returned to mpool ucp_requests
[1679485501.124575] [cn1152:34372:0]          mpool.c:43   UCX  WARN  object 0xada5640 was not returned to mpool ucp_requests
-1.1035206681E+001
--------------------------------------------------------------------------
Open MPI failed an OFI Libfabric library call (fi_domain).  This is highly
unusual; your job may behave unpredictably (and/or abort) after this.

  Local host: cn1158
  Location: mtl_ofi_component.c:928
  Error: No data available (61)
--------------------------------------------------------------------------
[cn1152.scarf.rl.ac.uk:34910] 239 more processes have sent help message help-mtl-ofi.txt / OFI call fail
[cn1152.scarf.rl.ac.uk:34910] Set MCA parameter "orte_base_help_aggregate" to 0 to see all help / error messages
[1679485824.329207] [cn1152:34999:0]          mpool.c:43   UCX  WARN  object 0xbe82bc0 was not returned to mpool ucp_requests
[1679485824.329846] [cn1152:34979:0]          mpool.c:43   UCX  WARN  object 0x6300ac0 was not returned to mpool ucp_requests
[1679485824.329857] [cn1152:34980:0]          mpool.c:43   UCX  WARN  object 0x5d70800 was not returned to mpool ucp_requests
[1679485824.329898] [cn1152:34983:0]          mpool.c:43   UCX  WARN  object 0x5236780 was not returned to mpool ucp_requests
[1679485824.329928] [cn1152:34985:0]          mpool.c:43   UCX  WARN  object 0xb300300 was not returned to mpool ucp_requests
[1679485824.329818] [cn1152:34989:0]          mpool.c:43   UCX  WARN  object 0xad091c0 was not returned to mpool ucp_requests
[1679485824.329824] [cn1152:34991:0]          mpool.c:43   UCX  WARN  object 0x601e900 was not returned to mpool ucp_requests
[1679485824.329858] [cn1152:34994:0]          mpool.c:43   UCX  WARN  object 0xb357800 was not returned to mpool ucp_requests
[1679485824.329452] [cn1152:35002:0]          mpool.c:43   UCX  WARN  object 0xacf8380 was not returned to mpool ucp_requests
[1679485824.329449] [cn1152:35005:0]          mpool.c:43   UCX  WARN  object 0xb622080 was not returned to mpool ucp_requests
-1.1035206681E+001
--------------------------------------------------------------------------
Open MPI failed an OFI Libfabric library call (fi_domain).  This is highly
unusual; your job may behave unpredictably (and/or abort) after this.

  Local host: cn1156
  Location: mtl_ofi_component.c:928
  Error: No data available (61)
--------------------------------------------------------------------------
[cn1152.scarf.rl.ac.uk:36089] 239 more processes have sent help message help-mtl-ofi.txt / OFI call fail
[cn1152.scarf.rl.ac.uk:36089] Set MCA parameter "orte_base_help_aggregate" to 0 to see all help / error messages
[1679486474.278038] [cn1152:36156:0]          mpool.c:43   UCX  WARN  object 0xb055e00 was not returned to mpool ucp_requests
[1679486474.278050] [cn1152:36167:0]          mpool.c:43   UCX  WARN  object 0xb6e10c0 was not returned to mpool ucp_requests
[1679486474.278030] [cn1152:36170:0]          mpool.c:43   UCX  WARN  object 0xbf70bc0 was not returned to mpool ucp_requests
[1679486474.278030] [cn1152:36177:0]          mpool.c:43   UCX  WARN  object 0xb418340 was not returned to mpool ucp_requests
[1679486474.278027] [cn1152:36179:0]          mpool.c:43   UCX  WARN  object 0xa688080 was not returned to mpool ucp_requests
[1679486474.278027] [cn1152:36185:0]          mpool.c:43   UCX  WARN  object 0xbe68580 was not returned to mpool ucp_requests
[1679486474.278123] [cn1152:36174:0]          mpool.c:43   UCX  WARN  object 0x5e971c0 was not returned to mpool ucp_requests
[1679486474.278070] [cn1152:36158:0]          mpool.c:43   UCX  WARN  object 0x552ce00 was not returned to mpool ucp_requests
[1679486474.278116] [cn1152:36161:0]          mpool.c:43   UCX  WARN  object 0xa428140 was not returned to mpool ucp_requests
[1679486474.278162] [cn1152:36164:0]          mpool.c:43   UCX  WARN  object 0x50cb040 was not returned to mpool ucp_requests
