cpu-bind=MASK - cn1018, task  0  0 [13621]: mask 0xffffffffffffffff set
--------------------------------------------------------------------------
Open MPI failed an OFI Libfabric library call (fi_domain).  This is highly
unusual; your job may behave unpredictably (and/or abort) after this.

  Local host: cn1020
  Location: mtl_ofi_component.c:928
  Error: No data available (61)
--------------------------------------------------------------------------
[cn1018.scarf.rl.ac.uk:14627] 239 more processes have sent help message help-mtl-ofi.txt / OFI call fail
[cn1018.scarf.rl.ac.uk:14627] Set MCA parameter "orte_base_help_aggregate" to 0 to see all help / error messages
--------------------------------------------------------------------------
Open MPI failed an OFI Libfabric library call (fi_domain).  This is highly
unusual; your job may behave unpredictably (and/or abort) after this.

  Local host: cn1025
  Location: mtl_ofi_component.c:928
  Error: No data available (61)
--------------------------------------------------------------------------
[cn1018.scarf.rl.ac.uk:15252] 239 more processes have sent help message help-mtl-ofi.txt / OFI call fail
[cn1018.scarf.rl.ac.uk:15252] Set MCA parameter "orte_base_help_aggregate" to 0 to see all help / error messages
[1679049583.797299] [cn1018:15343:0]          mpool.c:43   UCX  WARN  object 0x6a74340 was not returned to mpool ucp_requests
[1679049583.797447] [cn1018:15346:0]          mpool.c:43   UCX  WARN  object 0xb9e9240 was not returned to mpool ucp_requests
[1679049583.797524] [cn1018:15344:0]          mpool.c:43   UCX  WARN  object 0xbd29e80 was not returned to mpool ucp_requests
[1679049583.798282] [cn1018:15328:0]          mpool.c:43   UCX  WARN  object 0xb151680 was not returned to mpool ucp_requests
[1679049583.798309] [cn1018:15321:0]          mpool.c:43   UCX  WARN  object 0xc0c9980 was not returned to mpool ucp_requests
[1679049583.798336] [cn1018:15334:0]          mpool.c:43   UCX  WARN  object 0xa7dd800 was not returned to mpool ucp_requests
[1679049583.798360] [cn1018:15323:0]          mpool.c:43   UCX  WARN  object 0xbe5c380 was not returned to mpool ucp_requests
[1679049583.798442] [cn1018:15326:0]          mpool.c:43   UCX  WARN  object 0xc0fcc00 was not returned to mpool ucp_requests
[1679049583.798463] [cn1018:15332:0]          mpool.c:43   UCX  WARN  object 0xa0a9800 was not returned to mpool ucp_requests
[1679049583.798520] [cn1018:15339:0]          mpool.c:43   UCX  WARN  object 0xbd08b00 was not returned to mpool ucp_requests
-1.1035206681E+001
--------------------------------------------------------------------------
Open MPI failed an OFI Libfabric library call (fi_domain).  This is highly
unusual; your job may behave unpredictably (and/or abort) after this.

  Local host: cn1025
  Location: mtl_ofi_component.c:928
  Error: No data available (61)
--------------------------------------------------------------------------
[cn1018.scarf.rl.ac.uk:15863] 239 more processes have sent help message help-mtl-ofi.txt / OFI call fail
[cn1018.scarf.rl.ac.uk:15863] Set MCA parameter "orte_base_help_aggregate" to 0 to see all help / error messages
[1679049758.252753] [cn1018:15951:0]          mpool.c:43   UCX  WARN  object 0x687ff80 was not returned to mpool ucp_requests
[1679049758.252779] [cn1018:15955:0]          mpool.c:43   UCX  WARN  object 0xc1de4c0 was not returned to mpool ucp_requests
[1679049758.253973] [cn1018:15957:0]          mpool.c:43   UCX  WARN  object 0xbd4dec0 was not returned to mpool ucp_requests
[1679049758.254716] [cn1018:15942:0]          mpool.c:43   UCX  WARN  object 0xb0b29c0 was not returned to mpool ucp_requests
[1679049758.254722] [cn1018:15945:0]          mpool.c:43   UCX  WARN  object 0xa393fc0 was not returned to mpool ucp_requests
[1679049758.254733] [cn1018:15933:0]          mpool.c:43   UCX  WARN  object 0xb74a6c0 was not returned to mpool ucp_requests
[1679049758.254733] [cn1018:15934:0]          mpool.c:43   UCX  WARN  object 0xc0d5c40 was not returned to mpool ucp_requests
[1679049758.254749] [cn1018:15937:0]          mpool.c:43   UCX  WARN  object 0xaaeab40 was not returned to mpool ucp_requests
[1679049758.254767] [cn1018:15947:0]          mpool.c:43   UCX  WARN  object 0x5bbdec0 was not returned to mpool ucp_requests
[1679049758.256650] [cn1018:15930:0]          mpool.c:43   UCX  WARN  object 0xac94040 was not returned to mpool ucp_requests
cp: cannot stat ‘0V-VH_z-0028.dat’: No such file or directory
cp: cannot stat ‘0V-VH_z-0028.dat’: No such file or directory
cp: cannot stat ‘0V-RHO_z-0028.dat’: No such file or directory
cp: cannot stat ‘0V-RHO_z-0028.dat’: No such file or directory
