cpu-bind=MASK - cn1100, task  0  0 [41257]: mask 0xffffffffffffffff set
-1.0998942658E+001
--------------------------------------------------------------------------
Open MPI failed an OFI Libfabric library call (fi_domain).  This is highly
unusual; your job may behave unpredictably (and/or abort) after this.

  Local host: cn1106
  Location: mtl_ofi_component.c:928
  Error: No data available (61)
--------------------------------------------------------------------------
[cn1100.scarf.rl.ac.uk:41299] 239 more processes have sent help message help-mtl-ofi.txt / OFI call fail
[cn1100.scarf.rl.ac.uk:41299] Set MCA parameter "orte_base_help_aggregate" to 0 to see all help / error messages
[1679308987.957037] [cn1100:41385:0]          mpool.c:43   UCX  WARN  object 0xa718880 was not returned to mpool ucp_requests
[1679308987.957030] [cn1100:41389:0]          mpool.c:43   UCX  WARN  object 0xa2e5f00 was not returned to mpool ucp_requests
[1679308987.957126] [cn1100:41392:0]          mpool.c:43   UCX  WARN  object 0x507a640 was not returned to mpool ucp_requests
[1679308987.957919] [cn1100:41365:0]          mpool.c:43   UCX  WARN  object 0xa910580 was not returned to mpool ucp_requests
[1679308987.957917] [cn1100:41369:0]          mpool.c:43   UCX  WARN  object 0xb7534c0 was not returned to mpool ucp_requests
[1679308987.957922] [cn1100:41373:0]          mpool.c:43   UCX  WARN  object 0xa965bc0 was not returned to mpool ucp_requests
[1679308987.957934] [cn1100:41377:0]          mpool.c:43   UCX  WARN  object 0x6aad8c0 was not returned to mpool ucp_requests
[1679308987.957902] [cn1100:41380:0]          mpool.c:43   UCX  WARN  object 0xba28840 was not returned to mpool ucp_requests
[1679308987.957917] [cn1100:41382:0]          mpool.c:43   UCX  WARN  object 0xc0f7fc0 was not returned to mpool ucp_requests
[1679308987.957988] [cn1100:41370:0]          mpool.c:43   UCX  WARN  object 0xa949480 was not returned to mpool ucp_requests
cp: cannot stat ‘0V-VH_z-00.dat’: No such file or directory
cp: cannot stat ‘0V-VH_z-00.dat’: No such file or directory
cp: cannot stat ‘0V-RHO_z-00.dat’: No such file or directory
cp: cannot stat ‘0V-RHO_z-00.dat’: No such file or directory
