cpu-bind=MASK - cn1057, task  0  0 [23325]: mask 0xffffffffffffffff set
--------------------------------------------------------------------------
Open MPI failed an OFI Libfabric library call (fi_domain).  This is highly
unusual; your job may behave unpredictably (and/or abort) after this.

  Local host: cn1062
  Location: mtl_ofi_component.c:928
  Error: No data available (61)
--------------------------------------------------------------------------
[cn1057.scarf.rl.ac.uk:24326] 239 more processes have sent help message help-mtl-ofi.txt / OFI call fail
[cn1057.scarf.rl.ac.uk:24326] Set MCA parameter "orte_base_help_aggregate" to 0 to see all help / error messages
[1677064124.039033] [cn1057:24371:0]          mpool.c:43   UCX  WARN  object 0xa47e0c0 was not returned to mpool ucp_requests
[1677064124.039078] [cn1057:24373:0]          mpool.c:43   UCX  WARN  object 0x67fed80 was not returned to mpool ucp_requests
[1677064124.039453] [cn1057:24379:0]          mpool.c:43   UCX  WARN  object 0xb18ac80 was not returned to mpool ucp_requests
[1677064124.039258] [cn1057:24370:0]          mpool.c:43   UCX  WARN  object 0xab7cc80 was not returned to mpool ucp_requests
[1677064124.039237] [cn1057:24372:0]          mpool.c:43   UCX  WARN  object 0x6a73ec0 was not returned to mpool ucp_requests
[1677064124.039252] [cn1057:24374:0]          mpool.c:43   UCX  WARN  object 0xbb0bcc0 was not returned to mpool ucp_requests
[1677064124.039232] [cn1057:24375:0]          mpool.c:43   UCX  WARN  object 0xb2b6dc0 was not returned to mpool ucp_requests
[1677064124.039295] [cn1057:24376:0]          mpool.c:43   UCX  WARN  object 0xa588f80 was not returned to mpool ucp_requests
[1677064124.039315] [cn1057:24377:0]          mpool.c:43   UCX  WARN  object 0xb99a680 was not returned to mpool ucp_requests
[1677064124.039469] [cn1057:24378:0]          mpool.c:43   UCX  WARN  object 0xbbb3140 was not returned to mpool ucp_requests
[1677064124.038951] [cn1058:45370:0]          mpool.c:43   UCX  WARN  object 0xaaa8500 was not returned to mpool ucp_requests
[1677064124.038982] [cn1058:45369:0]          mpool.c:43   UCX  WARN  object 0xb8d8940 was not returned to mpool ucp_requests
[1677064124.039074] [cn1058:45368:0]          mpool.c:43   UCX  WARN  object 0xa375280 was not returned to mpool ucp_requests
grep: log_3_0V.out: No such file or directory
cp: cannot stat ‘0V-VH_z-00.dat’: No such file or directory
cp: cannot stat ‘0V-VH_z-00.dat’: No such file or directory
cp: cannot stat ‘0V-RHO_z-00.dat’: No such file or directory
cp: cannot stat ‘0V-RHO_z-00.dat’: No such file or directory
rm: cannot remove ‘*.txt’: No such file or directory
