cpu-bind=MASK - cn1033, task  0  0 [27195]: mask 0xffffffffffffffff set
--------------------------------------------------------------------------
Open MPI failed an OFI Libfabric library call (fi_domain).  This is highly
unusual; your job may behave unpredictably (and/or abort) after this.

  Local host: cn1037
  Location: mtl_ofi_component.c:928
  Error: No data available (61)
--------------------------------------------------------------------------
[cn1033.scarf.rl.ac.uk:28195] 239 more processes have sent help message help-mtl-ofi.txt / OFI call fail
[cn1033.scarf.rl.ac.uk:28195] Set MCA parameter "orte_base_help_aggregate" to 0 to see all help / error messages
[1677015376.712409] [cn1034:44218:0]          mpool.c:43   UCX  WARN  object 0x6477040 was not returned to mpool ucp_requests
[1677015376.706724] [cn1033:28237:0]          mpool.c:43   UCX  WARN  object 0xaaf0340 was not returned to mpool ucp_requests
[1677015376.706581] [cn1033:28239:0]          mpool.c:43   UCX  WARN  object 0xb9c6bc0 was not returned to mpool ucp_requests
[1677015376.706607] [cn1033:28240:0]          mpool.c:43   UCX  WARN  object 0x6ad23c0 was not returned to mpool ucp_requests
[1677015376.706605] [cn1033:28242:0]          mpool.c:43   UCX  WARN  object 0xbcf36c0 was not returned to mpool ucp_requests
[1677015376.706636] [cn1033:28243:0]          mpool.c:43   UCX  WARN  object 0xb138a40 was not returned to mpool ucp_requests
[1677015376.706644] [cn1033:28244:0]          mpool.c:43   UCX  WARN  object 0x52b76c0 was not returned to mpool ucp_requests
[1677015376.706783] [cn1033:28245:0]          mpool.c:43   UCX  WARN  object 0xa3ae1c0 was not returned to mpool ucp_requests
[1677015376.706747] [cn1033:28246:0]          mpool.c:43   UCX  WARN  object 0xa941d00 was not returned to mpool ucp_requests
[1677015376.706825] [cn1033:28247:0]          mpool.c:43   UCX  WARN  object 0xaebbdc0 was not returned to mpool ucp_requests
[1677015376.706839] [cn1033:28248:0]          mpool.c:43   UCX  WARN  object 0xa823cc0 was not returned to mpool ucp_requests
grep: log_3_0V.out: No such file or directory
cp: cannot stat ‘0V-VH_z-00.dat’: No such file or directory
cp: cannot stat ‘0V-VH_z-00.dat’: No such file or directory
cp: cannot stat ‘0V-RHO_z-00.dat’: No such file or directory
cp: cannot stat ‘0V-RHO_z-00.dat’: No such file or directory
rm: cannot remove ‘*.txt’: No such file or directory
