 iscf   Eharris(eV)      E_KS(eV)   FreeEng(eV)    dHmax    dDmax   Ef(eV)
    1   -21845.7488    15877.5354    15877.5354142.92038 22.94432  0.00000
    2      598.9842     3482.8802     3482.8802140.22630 19.79697  0.00000
    3     4954.8412     3751.9638     3751.9638137.47703 21.21177  0.00000
    4     4516.1677     4554.6746     4554.6746  0.96352  0.89238  0.00000
    5     4594.9497     4599.1133     4599.1133  0.84293  0.15823  0.00000
    6     4606.7125     4606.9280     4606.9280  0.82422  1.51142  0.00000
    7     4648.6277     4648.2536     4648.2536  0.32095  1.46943  0.00000
    8     4696.5502     4696.5162     4696.5162  0.04515  0.01473  0.00000
    9     4698.7367     4697.2003     4697.2003  0.04760  0.52548  0.00000
   10     4674.5187     4674.3782     4674.3782  0.01181  0.14737  0.00000
   11     4666.5574     4667.9442     4667.9442  0.00915  0.07753  0.00000
   12     4670.7934     4670.9311     4670.9311  0.00277  0.00716  0.00000
   13     4670.8562     4671.2450     4671.2450  0.00347  0.00584  0.00000
   14     4671.2734     4671.5894     4671.5894  0.00153  0.01838  0.00000
   15     4672.3618     4672.3676     4672.3676  0.00014  0.00036  0.00000
   16     4672.3877     4672.3907     4672.3907  0.00012  0.00014  0.00000
   17     4672.3703     4672.3775     4672.3775  0.00012  0.00019  0.00000
   18     4672.3756     4672.3751     4672.3751  0.00010  0.00021  0.00000
   19     4672.3548     4672.3673     4672.3673  0.00008  0.00031  0.00000
   20     4672.3763     4672.3818     4672.3818  0.00010  0.00012  0.00000
   21     4672.3788     4672.3728     4672.3728  0.00006  0.00024  0.00000
   22     4672.3600     4672.3600     4672.3600  0.00003  0.00001  0.00000
