cpu-bind=MASK - cn1048, task  0  0 [6860]: mask 0xffffffffffffffff set
--------------------------------------------------------------------------
Open MPI failed an OFI Libfabric library call (fi_domain).  This is highly
unusual; your job may behave unpredictably (and/or abort) after this.

  Local host: cn1048
  Location: mtl_ofi_component.c:928
  Error: No data available (61)
--------------------------------------------------------------------------
[cn1048.scarf.rl.ac.uk:07963] 119 more processes have sent help message help-mtl-ofi.txt / OFI call fail
[cn1048.scarf.rl.ac.uk:07963] Set MCA parameter "orte_base_help_aggregate" to 0 to see all help / error messages
--------------------------------------------------------------------------
Open MPI failed an OFI Libfabric library call (fi_domain).  This is highly
unusual; your job may behave unpredictably (and/or abort) after this.

  Local host: cn1051
  Location: mtl_ofi_component.c:928
  Error: No data available (61)
--------------------------------------------------------------------------
[cn1048.scarf.rl.ac.uk:32828] 119 more processes have sent help message help-mtl-ofi.txt / OFI call fail
[cn1048.scarf.rl.ac.uk:32828] Set MCA parameter "orte_base_help_aggregate" to 0 to see all help / error messages
[1679577258.945610] [cn1048:33193:0]          mpool.c:43   UCX  WARN  object 0x100ee8c0 was not returned to mpool ucp_requests
[1679577258.945637] [cn1048:33193:0]          mpool.c:43   UCX  WARN  object 0x6848bc0 was not returned to mpool ucp_requests
[1679577258.945616] [cn1048:33196:0]          mpool.c:43   UCX  WARN  object 0xdbc3500 was not returned to mpool ucp_requests
[1679577258.945635] [cn1048:33196:0]          mpool.c:43   UCX  WARN  object 0x4ed8e00 was not returned to mpool ucp_requests
[1679577258.945668] [cn1048:33185:0]          mpool.c:43   UCX  WARN  object 0xdc91500 was not returned to mpool ucp_requests
[1679577258.945683] [cn1048:33188:0]          mpool.c:43   UCX  WARN  object 0xd7cf1c0 was not returned to mpool ucp_requests
[1679577258.945750] [cn1048:33186:0]          mpool.c:43   UCX  WARN  object 0xeab8e00 was not returned to mpool ucp_requests
[1679577258.945774] [cn1048:33191:0]          mpool.c:43   UCX  WARN  object 0xf45ecc0 was not returned to mpool ucp_requests
[1679577258.945814] [cn1048:33191:0]          mpool.c:43   UCX  WARN  object 0xf466040 was not returned to mpool ucp_requests
[1679577258.945774] [cn1048:33192:0]          mpool.c:43   UCX  WARN  object 0xfa10b80 was not returned to mpool ucp_requests
[1679577258.945797] [cn1048:33192:0]          mpool.c:43   UCX  WARN  object 0xf5e2840 was not returned to mpool ucp_requests
[1679577258.945820] [cn1048:33189:0]          mpool.c:43   UCX  WARN  object 0xf434600 was not returned to mpool ucp_requests
[1679577258.945842] [cn1048:33189:0]          mpool.c:43   UCX  WARN  object 0xe378fc0 was not returned to mpool ucp_requests
[1679577258.945852] [cn1048:33190:0]          mpool.c:43   UCX  WARN  object 0xf78b3c0 was not returned to mpool ucp_requests
[1679577258.945869] [cn1048:33190:0]          mpool.c:43   UCX  WARN  object 0xf3514c0 was not returned to mpool ucp_requests
[1679577258.945896] [cn1048:33176:0]          mpool.c:43   UCX  WARN  object 0x111fb6c0 was not returned to mpool ucp_requests
[1679577258.945890] [cn1048:33178:0]          mpool.c:43   UCX  WARN  object 0xf3acd40 was not returned to mpool ucp_requests
[1679577258.945893] [cn1048:33179:0]          mpool.c:43   UCX  WARN  object 0x64c1a40 was not returned to mpool ucp_requests
[1679577258.945900] [cn1048:33180:0]          mpool.c:43   UCX  WARN  object 0xfd03a80 was not returned to mpool ucp_requests
[1679577258.945898] [cn1048:33181:0]          mpool.c:43   UCX  WARN  object 0x1020e200 was not returned to mpool ucp_requests
[1679577258.945900] [cn1048:33182:0]          mpool.c:43   UCX  WARN  object 0x101f16c0 was not returned to mpool ucp_requests
[1679577258.945910] [cn1048:33183:0]          mpool.c:43   UCX  WARN  object 0x4f08780 was not returned to mpool ucp_requests
[1679577258.945966] [cn1048:33177:0]          mpool.c:43   UCX  WARN  object 0xf684140 was not returned to mpool ucp_requests
[1679577258.945992] [cn1048:33184:0]          mpool.c:43   UCX  WARN  object 0x10061640 was not returned to mpool ucp_requests
-8.2166891668E+000
--------------------------------------------------------------------------
Open MPI failed an OFI Libfabric library call (fi_domain).  This is highly
unusual; your job may behave unpredictably (and/or abort) after this.

  Local host: cn1048
  Location: mtl_ofi_component.c:928
  Error: No data available (61)
--------------------------------------------------------------------------
[cn1048.scarf.rl.ac.uk:34452] 119 more processes have sent help message help-mtl-ofi.txt / OFI call fail
[cn1048.scarf.rl.ac.uk:34452] Set MCA parameter "orte_base_help_aggregate" to 0 to see all help / error messages
[1679580852.180996] [cn1048:34539:0]          mpool.c:43   UCX  WARN  object 0x5690a40 was not returned to mpool ucp_requests
[1679580852.181020] [cn1048:34539:0]          mpool.c:43   UCX  WARN  object 0x56930c0 was not returned to mpool ucp_requests
[1679580852.180996] [cn1048:34542:0]          mpool.c:43   UCX  WARN  object 0x6355ec0 was not returned to mpool ucp_requests
[1679580852.181020] [cn1048:34542:0]          mpool.c:43   UCX  WARN  object 0x63573c0 was not returned to mpool ucp_requests
[1679580852.181087] [cn1048:34495:0]          mpool.c:43   UCX  WARN  object 0x64633c0 was not returned to mpool ucp_requests
[1679580852.181086] [cn1048:34498:0]          mpool.c:43   UCX  WARN  object 0x69d3ec0 was not returned to mpool ucp_requests
[1679580852.181108] [cn1048:34502:0]          mpool.c:43   UCX  WARN  object 0x66e28c0 was not returned to mpool ucp_requests
[1679580852.181080] [cn1048:34505:0]          mpool.c:43   UCX  WARN  object 0x6b01780 was not returned to mpool ucp_requests
[1679580852.181076] [cn1048:34507:0]          mpool.c:43   UCX  WARN  object 0x68a3480 was not returned to mpool ucp_requests
[1679580852.181097] [cn1048:34510:0]          mpool.c:43   UCX  WARN  object 0x6384940 was not returned to mpool ucp_requests
[1679580852.181122] [cn1048:34512:0]          mpool.c:43   UCX  WARN  object 0x6937740 was not returned to mpool ucp_requests
[1679580852.181144] [cn1048:34516:0]          mpool.c:43   UCX  WARN  object 0x6d91780 was not returned to mpool ucp_requests
[1679580852.181087] [cn1048:34518:0]          mpool.c:43   UCX  WARN  object 0x5f4df00 was not returned to mpool ucp_requests
[1679580852.181085] [cn1048:34521:0]          mpool.c:43   UCX  WARN  object 0x5748800 was not returned to mpool ucp_requests
[1679580852.181082] [cn1048:34524:0]          mpool.c:43   UCX  WARN  object 0x5e69ec0 was not returned to mpool ucp_requests
[1679580852.181093] [cn1048:34528:0]          mpool.c:43   UCX  WARN  object 0x508fd00 was not returned to mpool ucp_requests
[1679580852.181115] [cn1048:34528:0]          mpool.c:43   UCX  WARN  object 0x5092000 was not returned to mpool ucp_requests
[1679580852.181113] [cn1048:34529:0]          mpool.c:43   UCX  WARN  object 0x55ddd40 was not returned to mpool ucp_requests
[1679580852.181132] [cn1048:34529:0]          mpool.c:43   UCX  WARN  object 0x55ded00 was not returned to mpool ucp_requests
[1679580852.181092] [cn1048:34532:0]          mpool.c:43   UCX  WARN  object 0x4eed100 was not returned to mpool ucp_requests
[1679580852.181116] [cn1048:34532:0]          mpool.c:43   UCX  WARN  object 0x4eef940 was not returned to mpool ucp_requests
[1679580852.181094] [cn1048:34535:0]          mpool.c:43   UCX  WARN  object 0x515b100 was not returned to mpool ucp_requests
[1679580852.181115] [cn1048:34535:0]          mpool.c:43   UCX  WARN  object 0x515bb80 was not returned to mpool ucp_requests
[1679580852.181137] [cn1048:34492:0]          mpool.c:43   UCX  WARN  object 0x5e9a840 was not returned to mpool ucp_requests
-8.2166891668E+000
--------------------------------------------------------------------------
Open MPI failed an OFI Libfabric library call (fi_domain).  This is highly
unusual; your job may behave unpredictably (and/or abort) after this.

  Local host: cn1048
  Location: mtl_ofi_component.c:928
  Error: No data available (61)
--------------------------------------------------------------------------
[cn1048.scarf.rl.ac.uk:42395] 119 more processes have sent help message help-mtl-ofi.txt / OFI call fail
[cn1048.scarf.rl.ac.uk:42395] Set MCA parameter "orte_base_help_aggregate" to 0 to see all help / error messages
[1679600807.666433] [cn1048:42794:0]          mpool.c:43   UCX  WARN  object 0x620f800 was not returned to mpool ucp_requests
[1679600807.666457] [cn1048:42794:0]          mpool.c:43   UCX  WARN  object 0x6215f40 was not returned to mpool ucp_requests
[1679600807.666440] [cn1048:42799:0]          mpool.c:43   UCX  WARN  object 0x5cef700 was not returned to mpool ucp_requests
[1679600807.666457] [cn1048:42799:0]          mpool.c:43   UCX  WARN  object 0x5cf2f00 was not returned to mpool ucp_requests
[1679600807.666510] [cn1048:42781:0]          mpool.c:43   UCX  WARN  object 0x65bf540 was not returned to mpool ucp_requests
[1679600807.666892] [cn1048:42786:0]          mpool.c:43   UCX  WARN  object 0x5745a80 was not returned to mpool ucp_requests
[1679600807.667472] [cn1048:42790:0]          mpool.c:43   UCX  WARN  object 0x67b57c0 was not returned to mpool ucp_requests
[1679600807.667490] [cn1048:42790:0]          mpool.c:43   UCX  WARN  object 0x67b9180 was not returned to mpool ucp_requests
[1679600807.666654] [cn1048:42758:0]          mpool.c:43   UCX  WARN  object 0x64d3c80 was not returned to mpool ucp_requests
[1679600807.666699] [cn1048:42778:0]          mpool.c:43   UCX  WARN  object 0x4ee6fc0 was not returned to mpool ucp_requests
[1679600807.669675] [cn1048:42792:0]          mpool.c:43   UCX  WARN  object 0x57bee00 was not returned to mpool ucp_requests
[1679600807.669698] [cn1048:42792:0]          mpool.c:43   UCX  WARN  object 0x57c5700 was not returned to mpool ucp_requests
[1679600807.669917] [cn1048:42803:0]          mpool.c:43   UCX  WARN  object 0x5e5dac0 was not returned to mpool ucp_requests
[1679600807.669942] [cn1048:42803:0]          mpool.c:43   UCX  WARN  object 0x5e60a00 was not returned to mpool ucp_requests
[1679600807.670458] [cn1048:42770:0]          mpool.c:43   UCX  WARN  object 0x549d040 was not returned to mpool ucp_requests
[1679600807.670502] [cn1048:42772:0]          mpool.c:43   UCX  WARN  object 0x5847ac0 was not returned to mpool ucp_requests
[1679600807.670807] [cn1048:42775:0]          mpool.c:43   UCX  WARN  object 0x56ff780 was not returned to mpool ucp_requests
[1679600807.671115] [cn1048:42767:0]          mpool.c:43   UCX  WARN  object 0x69e3100 was not returned to mpool ucp_requests
[1679600807.671457] [cn1048:42806:0]          mpool.c:43   UCX  WARN  object 0x6c60400 was not returned to mpool ucp_requests
[1679600807.671479] [cn1048:42806:0]          mpool.c:43   UCX  WARN  object 0x6c61040 was not returned to mpool ucp_requests
[1679600807.672346] [cn1048:42763:0]          mpool.c:43   UCX  WARN  object 0x52c87c0 was not returned to mpool ucp_requests
[1679600807.672455] [cn1048:42782:0]          mpool.c:43   UCX  WARN  object 0x526b040 was not returned to mpool ucp_requests
[1679600807.672757] [cn1048:42760:0]          mpool.c:43   UCX  WARN  object 0x69e3940 was not returned to mpool ucp_requests
[1679600807.673003] [cn1048:42753:0]          mpool.c:43   UCX  WARN  object 0x5149600 was not returned to mpool ucp_requests
