cpu-bind=MASK - cn1079, task  0  0 [56554]: mask 0xffffffffffffffff set
--------------------------------------------------------------------------
Open MPI failed an OFI Libfabric library call (fi_domain).  This is highly
unusual; your job may behave unpredictably (and/or abort) after this.

  Local host: cn1079
  Location: mtl_ofi_component.c:928
  Error: No data available (61)
--------------------------------------------------------------------------
[cn1079.scarf.rl.ac.uk:57552] 119 more processes have sent help message help-mtl-ofi.txt / OFI call fail
[cn1079.scarf.rl.ac.uk:57552] Set MCA parameter "orte_base_help_aggregate" to 0 to see all help / error messages
--------------------------------------------------------------------------
Open MPI failed an OFI Libfabric library call (fi_domain).  This is highly
unusual; your job may behave unpredictably (and/or abort) after this.

  Local host: cn1079
  Location: mtl_ofi_component.c:928
  Error: No data available (61)
--------------------------------------------------------------------------
[cn1079.scarf.rl.ac.uk:58382] 119 more processes have sent help message help-mtl-ofi.txt / OFI call fail
[cn1079.scarf.rl.ac.uk:58382] Set MCA parameter "orte_base_help_aggregate" to 0 to see all help / error messages
[1679516756.804027] [cn1079:58470:0]          mpool.c:43   UCX  WARN  object 0x65f0c80 was not returned to mpool ucp_requests
[1679516756.804052] [cn1079:58470:0]          mpool.c:43   UCX  WARN  object 0x65f1c40 was not returned to mpool ucp_requests
[1679516756.804051] [cn1079:58472:0]          mpool.c:43   UCX  WARN  object 0xdd69100 was not returned to mpool ucp_requests
[1679516756.804074] [cn1079:58472:0]          mpool.c:43   UCX  WARN  object 0x5f34a40 was not returned to mpool ucp_requests
[1679516756.804088] [cn1079:58456:0]          mpool.c:43   UCX  WARN  object 0x6ae0c80 was not returned to mpool ucp_requests
[1679516756.804106] [cn1079:58456:0]          mpool.c:43   UCX  WARN  object 0x6ae0e40 was not returned to mpool ucp_requests
[1679516756.804078] [cn1079:58463:0]          mpool.c:43   UCX  WARN  object 0x5de6a00 was not returned to mpool ucp_requests
[1679516756.804100] [cn1079:58463:0]          mpool.c:43   UCX  WARN  object 0x5def440 was not returned to mpool ucp_requests
[1679516756.804095] [cn1079:58466:0]          mpool.c:43   UCX  WARN  object 0x6a45c00 was not returned to mpool ucp_requests
[1679516756.804113] [cn1079:58466:0]          mpool.c:43   UCX  WARN  object 0x6a49780 was not returned to mpool ucp_requests
[1679516756.804124] [cn1079:58449:0]          mpool.c:43   UCX  WARN  object 0x6926c40 was not returned to mpool ucp_requests
[1679516756.804167] [cn1079:58450:0]          mpool.c:43   UCX  WARN  object 0x6842940 was not returned to mpool ucp_requests
[1679516756.804126] [cn1079:58453:0]          mpool.c:43   UCX  WARN  object 0x65c3900 was not returned to mpool ucp_requests
[1679516756.804153] [cn1079:58461:0]          mpool.c:43   UCX  WARN  object 0xd3e5900 was not returned to mpool ucp_requests
[1679516756.804171] [cn1079:58461:0]          mpool.c:43   UCX  WARN  object 0x522bcc0 was not returned to mpool ucp_requests
[1679516756.804204] [cn1079:58438:0]          mpool.c:43   UCX  WARN  object 0x539df00 was not returned to mpool ucp_requests
[1679516756.804214] [cn1079:58439:0]          mpool.c:43   UCX  WARN  object 0x572f000 was not returned to mpool ucp_requests
[1679516756.804221] [cn1079:58421:0]          mpool.c:43   UCX  WARN  object 0x52a1580 was not returned to mpool ucp_requests
[1679516756.804226] [cn1079:58423:0]          mpool.c:43   UCX  WARN  object 0x5239b40 was not returned to mpool ucp_requests
[1679516756.804238] [cn1079:58427:0]          mpool.c:43   UCX  WARN  object 0x5fd2640 was not returned to mpool ucp_requests
[1679516756.804214] [cn1079:58431:0]          mpool.c:43   UCX  WARN  object 0x50d3740 was not returned to mpool ucp_requests
[1679516756.804217] [cn1079:58434:0]          mpool.c:43   UCX  WARN  object 0x63f8440 was not returned to mpool ucp_requests
[1679516756.804262] [cn1079:58442:0]          mpool.c:43   UCX  WARN  object 0x6d91380 was not returned to mpool ucp_requests
[1679516756.804283] [cn1079:58445:0]          mpool.c:43   UCX  WARN  object 0x6873940 was not returned to mpool ucp_requests
-8.2160801579E+000
--------------------------------------------------------------------------
Open MPI failed an OFI Libfabric library call (fi_domain).  This is highly
unusual; your job may behave unpredictably (and/or abort) after this.

  Local host: cn1079
  Location: mtl_ofi_component.c:928
  Error: No data available (61)
--------------------------------------------------------------------------
[cn1079.scarf.rl.ac.uk:59096] [[53037,0],0] ORTE_ERROR_LOG: Out of resource in file util/show_help.c at line 501
[cn1079.scarf.rl.ac.uk:59096] 118 more processes have sent help message help-mtl-ofi.txt / OFI call fail
[cn1079.scarf.rl.ac.uk:59096] Set MCA parameter "orte_base_help_aggregate" to 0 to see all help / error messages
[1679518485.982142] [cn1079:59148:0]          mpool.c:43   UCX  WARN  object 0x6d87540 was not returned to mpool ucp_requests
[1679518485.982144] [cn1079:59149:0]          mpool.c:43   UCX  WARN  object 0x6607480 was not returned to mpool ucp_requests
[1679518485.982144] [cn1079:59151:0]          mpool.c:43   UCX  WARN  object 0x650f940 was not returned to mpool ucp_requests
[1679518485.982248] [cn1079:59134:0]          mpool.c:43   UCX  WARN  object 0x6591480 was not returned to mpool ucp_requests
[1679518485.982256] [cn1079:59137:0]          mpool.c:43   UCX  WARN  object 0x5969940 was not returned to mpool ucp_requests
[1679518485.982212] [cn1079:59140:0]          mpool.c:43   UCX  WARN  object 0x627a340 was not returned to mpool ucp_requests
[1679518485.982215] [cn1079:59145:0]          mpool.c:43   UCX  WARN  object 0x5a06080 was not returned to mpool ucp_requests
[1679518485.982216] [cn1079:59154:0]          mpool.c:43   UCX  WARN  object 0x4e968c0 was not returned to mpool ucp_requests
[1679518485.982287] [cn1079:59157:0]          mpool.c:43   UCX  WARN  object 0x55d5380 was not returned to mpool ucp_requests
[1679518485.982270] [cn1079:59160:0]          mpool.c:43   UCX  WARN  object 0x6d67ac0 was not returned to mpool ucp_requests
[1679518485.982268] [cn1079:59161:0]          mpool.c:43   UCX  WARN  object 0x5f5f180 was not returned to mpool ucp_requests
[1679518485.982296] [cn1079:59166:0]          mpool.c:43   UCX  WARN  object 0x64cc440 was not returned to mpool ucp_requests
[1679518485.982290] [cn1079:59170:0]          mpool.c:43   UCX  WARN  object 0x5b224c0 was not returned to mpool ucp_requests
[1679518485.982310] [cn1079:59170:0]          mpool.c:43   UCX  WARN  object 0x5b23800 was not returned to mpool ucp_requests
[1679518485.982275] [cn1079:59172:0]          mpool.c:43   UCX  WARN  object 0x643dfc0 was not returned to mpool ucp_requests
[1679518485.982297] [cn1079:59172:0]          mpool.c:43   UCX  WARN  object 0x643f300 was not returned to mpool ucp_requests
[1679518485.982275] [cn1079:59177:0]          mpool.c:43   UCX  WARN  object 0x6ce5500 was not returned to mpool ucp_requests
[1679518485.982297] [cn1079:59177:0]          mpool.c:43   UCX  WARN  object 0x6ce5880 was not returned to mpool ucp_requests
[1679518485.982291] [cn1079:59179:0]          mpool.c:43   UCX  WARN  object 0x501f9c0 was not returned to mpool ucp_requests
[1679518485.982310] [cn1079:59179:0]          mpool.c:43   UCX  WARN  object 0x501fb80 was not returned to mpool ucp_requests
[1679518485.982242] [cn1079:59182:0]          mpool.c:43   UCX  WARN  object 0x6a15400 was not returned to mpool ucp_requests
[1679518485.982265] [cn1079:59182:0]          mpool.c:43   UCX  WARN  object 0x6a155c0 was not returned to mpool ucp_requests
[1679518485.982253] [cn1079:59184:0]          mpool.c:43   UCX  WARN  object 0x54c4fc0 was not returned to mpool ucp_requests
[1679518485.982270] [cn1079:59184:0]          mpool.c:43   UCX  WARN  object 0x54c72c0 was not returned to mpool ucp_requests
-8.2160801579E+000
--------------------------------------------------------------------------
Open MPI failed an OFI Libfabric library call (fi_domain).  This is highly
unusual; your job may behave unpredictably (and/or abort) after this.

  Local host: cn1081
  Location: mtl_ofi_component.c:928
  Error: No data available (61)
--------------------------------------------------------------------------
[cn1079.scarf.rl.ac.uk:63048] 119 more processes have sent help message help-mtl-ofi.txt / OFI call fail
[cn1079.scarf.rl.ac.uk:63048] Set MCA parameter "orte_base_help_aggregate" to 0 to see all help / error messages
slurmstepd: error: *** JOB 1297629 ON cn1079 CANCELLED AT 2023-03-22T21:22:03 DUE TO TIME LIMIT ***
