cpu-bind=MASK - cn1059, task  0  0 [3383]: mask 0xffffffffffffffff set
--------------------------------------------------------------------------
Open MPI failed an OFI Libfabric library call (fi_domain).  This is highly
unusual; your job may behave unpredictably (and/or abort) after this.

  Local host: cn1060
  Location: mtl_ofi_component.c:928
  Error: No data available (61)
--------------------------------------------------------------------------
[cn1059.scarf.rl.ac.uk:04399] 119 more processes have sent help message help-mtl-ofi.txt / OFI call fail
[cn1059.scarf.rl.ac.uk:04399] Set MCA parameter "orte_base_help_aggregate" to 0 to see all help / error messages
--------------------------------------------------------------------------
Open MPI failed an OFI Libfabric library call (fi_domain).  This is highly
unusual; your job may behave unpredictably (and/or abort) after this.

  Local host: cn1059
  Location: mtl_ofi_component.c:928
  Error: No data available (61)
--------------------------------------------------------------------------
[cn1059.scarf.rl.ac.uk:27694] 119 more processes have sent help message help-mtl-ofi.txt / OFI call fail
[cn1059.scarf.rl.ac.uk:27694] Set MCA parameter "orte_base_help_aggregate" to 0 to see all help / error messages
[1679576449.874494] [cn1059:28072:0]          mpool.c:43   UCX  WARN  object 0xf4588c0 was not returned to mpool ucp_requests
[1679576449.874519] [cn1059:28072:0]          mpool.c:43   UCX  WARN  object 0xebff7c0 was not returned to mpool ucp_requests
[1679576449.874533] [cn1059:28071:0]          mpool.c:43   UCX  WARN  object 0xef6a0c0 was not returned to mpool ucp_requests
[1679576449.874552] [cn1059:28071:0]          mpool.c:43   UCX  WARN  object 0xeb30900 was not returned to mpool ucp_requests
[1679576449.874698] [cn1059:28069:0]          mpool.c:43   UCX  WARN  object 0x109073c0 was not returned to mpool ucp_requests
[1679576449.874725] [cn1059:28069:0]          mpool.c:43   UCX  WARN  object 0xf846a80 was not returned to mpool ucp_requests
[1679576449.874703] [cn1059:28070:0]          mpool.c:43   UCX  WARN  object 0x102554c0 was not returned to mpool ucp_requests
[1679576449.874723] [cn1059:28070:0]          mpool.c:43   UCX  WARN  object 0x102593c0 was not returned to mpool ucp_requests
[1679576449.874783] [cn1059:28067:0]          mpool.c:43   UCX  WARN  object 0xff23b40 was not returned to mpool ucp_requests
[1679576449.874805] [cn1059:28067:0]          mpool.c:43   UCX  WARN  object 0x66d2c00 was not returned to mpool ucp_requests
[1679576449.874879] [cn1059:28065:0]          mpool.c:43   UCX  WARN  object 0xdc62540 was not returned to mpool ucp_requests
[1679576449.874906] [cn1059:28068:0]          mpool.c:43   UCX  WARN  object 0xf7bcfc0 was not returned to mpool ucp_requests
[1679576449.874925] [cn1059:28068:0]          mpool.c:43   UCX  WARN  object 0xf381940 was not returned to mpool ucp_requests
[1679576449.874931] [cn1059:28059:0]          mpool.c:43   UCX  WARN  object 0xebafe80 was not returned to mpool ucp_requests
[1679576449.874936] [cn1059:28060:0]          mpool.c:43   UCX  WARN  object 0xffd4cc0 was not returned to mpool ucp_requests
[1679576449.874940] [cn1059:28061:0]          mpool.c:43   UCX  WARN  object 0x10cd1d80 was not returned to mpool ucp_requests
[1679576449.874914] [cn1059:28064:0]          mpool.c:43   UCX  WARN  object 0xe5a9480 was not returned to mpool ucp_requests
[1679576449.874933] [cn1059:28066:0]          mpool.c:43   UCX  WARN  object 0x5d98f40 was not returned to mpool ucp_requests
[1679576449.874980] [cn1059:28063:0]          mpool.c:43   UCX  WARN  object 0xf71f8c0 was not returned to mpool ucp_requests
[1679576449.874978] [cn1059:28055:0]          mpool.c:43   UCX  WARN  object 0x10d42980 was not returned to mpool ucp_requests
[1679576449.875010] [cn1059:28057:0]          mpool.c:43   UCX  WARN  object 0x5d62b40 was not returned to mpool ucp_requests
[1679576449.875018] [cn1059:28058:0]          mpool.c:43   UCX  WARN  object 0x5868540 was not returned to mpool ucp_requests
[1679576449.875029] [cn1059:28062:0]          mpool.c:43   UCX  WARN  object 0xf2a6b80 was not returned to mpool ucp_requests
[1679576449.875040] [cn1059:28056:0]          mpool.c:43   UCX  WARN  object 0xfc83dc0 was not returned to mpool ucp_requests
-8.2166891668E+000
--------------------------------------------------------------------------
Open MPI failed an OFI Libfabric library call (fi_domain).  This is highly
unusual; your job may behave unpredictably (and/or abort) after this.

  Local host: cn1059
  Location: mtl_ofi_component.c:928
  Error: No data available (61)
--------------------------------------------------------------------------
[cn1059.scarf.rl.ac.uk:29396] 119 more processes have sent help message help-mtl-ofi.txt / OFI call fail
[cn1059.scarf.rl.ac.uk:29396] Set MCA parameter "orte_base_help_aggregate" to 0 to see all help / error messages
[1679580355.135067] [cn1059:29798:0]          mpool.c:43   UCX  WARN  object 0x6736300 was not returned to mpool ucp_requests
[1679580355.135112] [cn1059:29798:0]          mpool.c:43   UCX  WARN  object 0x673ba80 was not returned to mpool ucp_requests
[1679580355.135043] [cn1059:29801:0]          mpool.c:43   UCX  WARN  object 0x698b800 was not returned to mpool ucp_requests
[1679580355.135067] [cn1059:29801:0]          mpool.c:43   UCX  WARN  object 0x698d5c0 was not returned to mpool ucp_requests
[1679580355.135137] [cn1059:29790:0]          mpool.c:43   UCX  WARN  object 0x4e64480 was not returned to mpool ucp_requests
[1679580355.135165] [cn1059:29790:0]          mpool.c:43   UCX  WARN  object 0x4e650c0 was not returned to mpool ucp_requests
[1679580355.135120] [cn1059:29794:0]          mpool.c:43   UCX  WARN  object 0x64ca700 was not returned to mpool ucp_requests
[1679580355.135143] [cn1059:29794:0]          mpool.c:43   UCX  WARN  object 0x64ce600 was not returned to mpool ucp_requests
[1679580355.135294] [cn1059:29751:0]          mpool.c:43   UCX  WARN  object 0x61f3b40 was not returned to mpool ucp_requests
[1679580355.135393] [cn1059:29755:0]          mpool.c:43   UCX  WARN  object 0x6bce0c0 was not returned to mpool ucp_requests
[1679580355.135317] [cn1059:29757:0]          mpool.c:43   UCX  WARN  object 0x61e1680 was not returned to mpool ucp_requests
[1679580355.135378] [cn1059:29760:0]          mpool.c:43   UCX  WARN  object 0x5e10700 was not returned to mpool ucp_requests
[1679580355.135290] [cn1059:29764:0]          mpool.c:43   UCX  WARN  object 0x6371700 was not returned to mpool ucp_requests
[1679580355.135389] [cn1059:29772:0]          mpool.c:43   UCX  WARN  object 0x53cd140 was not returned to mpool ucp_requests
[1679580355.135245] [cn1059:29778:0]          mpool.c:43   UCX  WARN  object 0x5ce3180 was not returned to mpool ucp_requests
[1679580355.135203] [cn1059:29781:0]          mpool.c:43   UCX  WARN  object 0x4e86580 was not returned to mpool ucp_requests
[1679580355.135220] [cn1059:29783:0]          mpool.c:43   UCX  WARN  object 0x618c440 was not returned to mpool ucp_requests
[1679580355.135142] [cn1059:29786:0]          mpool.c:43   UCX  WARN  object 0x5d155c0 was not returned to mpool ucp_requests
[1679580355.135161] [cn1059:29786:0]          mpool.c:43   UCX  WARN  object 0x5d18500 was not returned to mpool ucp_requests
[1679580355.135190] [cn1059:29788:0]          mpool.c:43   UCX  WARN  object 0x59b5d40 was not returned to mpool ucp_requests
[1679580355.135208] [cn1059:29788:0]          mpool.c:43   UCX  WARN  object 0x59b6440 was not returned to mpool ucp_requests
[1679580355.138242] [cn1059:29776:0]          mpool.c:43   UCX  WARN  object 0x6643200 was not returned to mpool ucp_requests
[1679580355.138346] [cn1059:29767:0]          mpool.c:43   UCX  WARN  object 0x59c0fc0 was not returned to mpool ucp_requests
[1679580355.138577] [cn1059:29769:0]          mpool.c:43   UCX  WARN  object 0x6b98400 was not returned to mpool ucp_requests
-8.2166891668E+000
--------------------------------------------------------------------------
Open MPI failed an OFI Libfabric library call (fi_domain).  This is highly
unusual; your job may behave unpredictably (and/or abort) after this.

  Local host: cn1061
  Location: mtl_ofi_component.c:928
  Error: No data available (61)
--------------------------------------------------------------------------
[cn1059.scarf.rl.ac.uk:38604] 119 more processes have sent help message help-mtl-ofi.txt / OFI call fail
[cn1059.scarf.rl.ac.uk:38604] Set MCA parameter "orte_base_help_aggregate" to 0 to see all help / error messages
[1679601142.931131] [cn1059:39020:0]          mpool.c:43   UCX  WARN  object 0x65cb240 was not returned to mpool ucp_requests
[1679601142.931157] [cn1059:39020:0]          mpool.c:43   UCX  WARN  object 0x65d0480 was not returned to mpool ucp_requests
[1679601142.931302] [cn1059:38975:0]          mpool.c:43   UCX  WARN  object 0x61fc140 was not returned to mpool ucp_requests
[1679601142.931246] [cn1059:38979:0]          mpool.c:43   UCX  WARN  object 0x6079c80 was not returned to mpool ucp_requests
[1679601142.931207] [cn1059:38985:0]          mpool.c:43   UCX  WARN  object 0x61399c0 was not returned to mpool ucp_requests
[1679601142.931214] [cn1059:38990:0]          mpool.c:43   UCX  WARN  object 0x5580ac0 was not returned to mpool ucp_requests
[1679601142.931231] [cn1059:38994:0]          mpool.c:43   UCX  WARN  object 0x6b7c400 was not returned to mpool ucp_requests
[1679601142.931197] [cn1059:38999:0]          mpool.c:43   UCX  WARN  object 0x6d43740 was not returned to mpool ucp_requests
[1679601142.931205] [cn1059:39003:0]          mpool.c:43   UCX  WARN  object 0x5ae5140 was not returned to mpool ucp_requests
[1679601142.931215] [cn1059:39005:0]          mpool.c:43   UCX  WARN  object 0x6035300 was not returned to mpool ucp_requests
[1679601142.932418] [cn1059:39010:0]          mpool.c:43   UCX  WARN  object 0x631c300 was not returned to mpool ucp_requests
[1679601142.932435] [cn1059:39010:0]          mpool.c:43   UCX  WARN  object 0x631c680 was not returned to mpool ucp_requests
[1679601142.931217] [cn1059:39013:0]          mpool.c:43   UCX  WARN  object 0x57adb40 was not returned to mpool ucp_requests
[1679601142.931234] [cn1059:39013:0]          mpool.c:43   UCX  WARN  object 0x57b0fc0 was not returned to mpool ucp_requests
[1679601142.931209] [cn1059:39017:0]          mpool.c:43   UCX  WARN  object 0x5189f80 was not returned to mpool ucp_requests
[1679601142.931232] [cn1059:39017:0]          mpool.c:43   UCX  WARN  object 0x518bb80 was not returned to mpool ucp_requests
[1679601142.933896] [cn1059:38996:0]          mpool.c:43   UCX  WARN  object 0x4fa68c0 was not returned to mpool ucp_requests
[1679601142.934246] [cn1059:39025:0]          mpool.c:43   UCX  WARN  object 0x60746c0 was not returned to mpool ucp_requests
[1679601142.934265] [cn1059:39025:0]          mpool.c:43   UCX  WARN  object 0x6077d00 was not returned to mpool ucp_requests
[1679601142.934362] [cn1059:39008:0]          mpool.c:43   UCX  WARN  object 0x6cfa0c0 was not returned to mpool ucp_requests
[1679601142.934384] [cn1059:39008:0]          mpool.c:43   UCX  WARN  object 0x6d00640 was not returned to mpool ucp_requests
[1679601142.934390] [cn1059:38983:0]          mpool.c:43   UCX  WARN  object 0x5631500 was not returned to mpool ucp_requests
[1679601142.942261] [cn1059:38973:0]          mpool.c:43   UCX  WARN  object 0x53b3400 was not returned to mpool ucp_requests
[1679601142.943399] [cn1059:38981:0]          mpool.c:43   UCX  WARN  object 0x53a14c0 was not returned to mpool ucp_requests
