cpu-bind=MASK - cn1107, task  0  0 [5526]: mask 0xffffffffffffffff set
--------------------------------------------------------------------------
Open MPI failed an OFI Libfabric library call (fi_domain).  This is highly
unusual; your job may behave unpredictably (and/or abort) after this.

  Local host: cn1153
  Location: mtl_ofi_component.c:928
  Error: No data available (61)
--------------------------------------------------------------------------
[cn1107.scarf.rl.ac.uk:06241] 119 more processes have sent help message help-mtl-ofi.txt / OFI call fail
[cn1107.scarf.rl.ac.uk:06241] Set MCA parameter "orte_base_help_aggregate" to 0 to see all help / error messages
--------------------------------------------------------------------------
Open MPI failed an OFI Libfabric library call (fi_domain).  This is highly
unusual; your job may behave unpredictably (and/or abort) after this.

  Local host: cn1153
  Location: mtl_ofi_component.c:928
  Error: No data available (61)
--------------------------------------------------------------------------
[cn1107.scarf.rl.ac.uk:28122] 119 more processes have sent help message help-mtl-ofi.txt / OFI call fail
[cn1107.scarf.rl.ac.uk:28122] Set MCA parameter "orte_base_help_aggregate" to 0 to see all help / error messages
[1685886775.596523] [cn1107:28489:0]          mpool.c:43   UCX  WARN  object 0xfdf9a80 was not returned to mpool ucp_requests
[1685886775.596548] [cn1107:28489:0]          mpool.c:43   UCX  WARN  object 0xf9c3980 was not returned to mpool ucp_requests
[1685886775.596520] [cn1107:28490:0]          mpool.c:43   UCX  WARN  object 0x109f0d40 was not returned to mpool ucp_requests
[1685886775.596549] [cn1107:28490:0]          mpool.c:43   UCX  WARN  object 0x10187840 was not returned to mpool ucp_requests
[1685886775.596572] [cn1107:28487:0]          mpool.c:43   UCX  WARN  object 0xffaa300 was not returned to mpool ucp_requests
[1685886775.596597] [cn1107:28487:0]          mpool.c:43   UCX  WARN  object 0xf742300 was not returned to mpool ucp_requests
[1685886775.596588] [cn1107:28488:0]          mpool.c:43   UCX  WARN  object 0x101d0bc0 was not returned to mpool ucp_requests
[1685886775.596614] [cn1107:28485:0]          mpool.c:43   UCX  WARN  object 0x1147df00 was not returned to mpool ucp_requests
[1685886775.596642] [cn1107:28485:0]          mpool.c:43   UCX  WARN  object 0x6b6c3c0 was not returned to mpool ucp_requests
[1685886775.596639] [cn1107:28488:0]          mpool.c:43   UCX  WARN  object 0x6467740 was not returned to mpool ucp_requests
[1685886775.596726] [cn1107:28486:0]          mpool.c:43   UCX  WARN  object 0x10ba0300 was not returned to mpool ucp_requests
[1685886775.596759] [cn1107:28486:0]          mpool.c:43   UCX  WARN  object 0xff0a280 was not returned to mpool ucp_requests
[1685886775.596702] [cn1107:28474:0]          mpool.c:43   UCX  WARN  object 0x100cbf00 was not returned to mpool ucp_requests
[1685886775.596729] [cn1107:28476:0]          mpool.c:43   UCX  WARN  object 0x5e58bc0 was not returned to mpool ucp_requests
[1685886775.596737] [cn1107:28477:0]          mpool.c:43   UCX  WARN  object 0xe7c3b80 was not returned to mpool ucp_requests
[1685886775.596760] [cn1107:28478:0]          mpool.c:43   UCX  WARN  object 0xe09bbc0 was not returned to mpool ucp_requests
[1685886775.596752] [cn1107:28481:0]          mpool.c:43   UCX  WARN  object 0xef78a00 was not returned to mpool ucp_requests
[1685886775.596730] [cn1107:28483:0]          mpool.c:43   UCX  WARN  object 0xe35a180 was not returned to mpool ucp_requests
[1685886775.596751] [cn1107:28484:0]          mpool.c:43   UCX  WARN  object 0x6a8db00 was not returned to mpool ucp_requests
[1685886775.596758] [cn1107:28469:0]          mpool.c:43   UCX  WARN  object 0x108baa80 was not returned to mpool ucp_requests
[1685886775.596763] [cn1107:28472:0]          mpool.c:43   UCX  WARN  object 0x4e074c0 was not returned to mpool ucp_requests
[1685886775.596814] [cn1107:28466:0]          mpool.c:43   UCX  WARN  object 0x60c4d80 was not returned to mpool ucp_requests
[1685886775.596803] [cn1107:28467:0]          mpool.c:43   UCX  WARN  object 0x10145840 was not returned to mpool ucp_requests
[1685886775.596821] [cn1107:28480:0]          mpool.c:43   UCX  WARN  object 0xf0b1180 was not returned to mpool ucp_requests
-8.2166891668E+000
--------------------------------------------------------------------------
Open MPI failed an OFI Libfabric library call (fi_domain).  This is highly
unusual; your job may behave unpredictably (and/or abort) after this.

  Local host: cn1153
  Location: mtl_ofi_component.c:928
  Error: No data available (61)
--------------------------------------------------------------------------
[cn1107.scarf.rl.ac.uk:30005] 119 more processes have sent help message help-mtl-ofi.txt / OFI call fail
[cn1107.scarf.rl.ac.uk:30005] Set MCA parameter "orte_base_help_aggregate" to 0 to see all help / error messages
[1685890705.882293] [cn1107:30366:0]          mpool.c:43   UCX  WARN  object 0x6c47880 was not returned to mpool ucp_requests
[1685890705.882337] [cn1107:30366:0]          mpool.c:43   UCX  WARN  object 0x6c48f40 was not returned to mpool ucp_requests
[1685890705.882266] [cn1107:30367:0]          mpool.c:43   UCX  WARN  object 0x619e840 was not returned to mpool ucp_requests
[1685890705.882292] [cn1107:30367:0]          mpool.c:43   UCX  WARN  object 0x61a0ec0 was not returned to mpool ucp_requests
[1685890705.882344] [cn1107:30357:0]          mpool.c:43   UCX  WARN  object 0x6b8bcc0 was not returned to mpool ucp_requests
[1685890705.882344] [cn1107:30358:0]          mpool.c:43   UCX  WARN  object 0x6461540 was not returned to mpool ucp_requests
[1685890705.882347] [cn1107:30361:0]          mpool.c:43   UCX  WARN  object 0x6341d40 was not returned to mpool ucp_requests
[1685890705.882364] [cn1107:30364:0]          mpool.c:43   UCX  WARN  object 0x5c43d40 was not returned to mpool ucp_requests
[1685890705.882399] [cn1107:30364:0]          mpool.c:43   UCX  WARN  object 0x5c44600 was not returned to mpool ucp_requests
[1685890705.882364] [cn1107:30365:0]          mpool.c:43   UCX  WARN  object 0x6885500 was not returned to mpool ucp_requests
[1685890705.882387] [cn1107:30365:0]          mpool.c:43   UCX  WARN  object 0x6889240 was not returned to mpool ucp_requests
[1685890705.882493] [cn1107:30348:0]          mpool.c:43   UCX  WARN  object 0x5f666c0 was not returned to mpool ucp_requests
[1685890705.882529] [cn1107:30349:0]          mpool.c:43   UCX  WARN  object 0x6c7f4c0 was not returned to mpool ucp_requests
[1685890705.882408] [cn1107:30351:0]          mpool.c:43   UCX  WARN  object 0x4ff5a40 was not returned to mpool ucp_requests
[1685890705.882400] [cn1107:30352:0]          mpool.c:43   UCX  WARN  object 0x61bcd40 was not returned to mpool ucp_requests
[1685890705.882413] [cn1107:30355:0]          mpool.c:43   UCX  WARN  object 0x53565c0 was not returned to mpool ucp_requests
[1685890705.882452] [cn1107:30356:0]          mpool.c:43   UCX  WARN  object 0x5975680 was not returned to mpool ucp_requests
[1685890705.882427] [cn1107:30362:0]          mpool.c:43   UCX  WARN  object 0x6041d80 was not returned to mpool ucp_requests
[1685890705.882445] [cn1107:30362:0]          mpool.c:43   UCX  WARN  object 0x60445c0 was not returned to mpool ucp_requests
[1685890705.882416] [cn1107:30363:0]          mpool.c:43   UCX  WARN  object 0x5d765c0 was not returned to mpool ucp_requests
[1685890705.882435] [cn1107:30363:0]          mpool.c:43   UCX  WARN  object 0x5d7d240 was not returned to mpool ucp_requests
[1685890705.882457] [cn1107:30346:0]          mpool.c:43   UCX  WARN  object 0x5279600 was not returned to mpool ucp_requests
[1685890705.882455] [cn1107:30347:0]          mpool.c:43   UCX  WARN  object 0x5686180 was not returned to mpool ucp_requests
[1685890705.884904] [cn1107:30350:0]          mpool.c:43   UCX  WARN  object 0x5844080 was not returned to mpool ucp_requests
-8.2166891668E+000
--------------------------------------------------------------------------
Open MPI failed an OFI Libfabric library call (fi_domain).  This is highly
unusual; your job may behave unpredictably (and/or abort) after this.

  Local host: cn1153
  Location: mtl_ofi_component.c:928
  Error: No data available (61)
--------------------------------------------------------------------------
[cn1107.scarf.rl.ac.uk:39426] 119 more processes have sent help message help-mtl-ofi.txt / OFI call fail
[cn1107.scarf.rl.ac.uk:39426] Set MCA parameter "orte_base_help_aggregate" to 0 to see all help / error messages
[1685897472.028861] [cn1107:39788:0]          mpool.c:43   UCX  WARN  object 0x5cdaf40 was not returned to mpool ucp_requests
[1685897472.028886] [cn1107:39788:0]          mpool.c:43   UCX  WARN  object 0x5cdb800 was not returned to mpool ucp_requests
[1685897472.028861] [cn1107:39789:0]          mpool.c:43   UCX  WARN  object 0x598bec0 was not returned to mpool ucp_requests
[1685897472.028886] [cn1107:39789:0]          mpool.c:43   UCX  WARN  object 0x598d040 was not returned to mpool ucp_requests
[1685897472.029263] [cn1107:39771:0]          mpool.c:43   UCX  WARN  object 0x63278c0 was not returned to mpool ucp_requests
[1685897472.029264] [cn1107:39773:0]          mpool.c:43   UCX  WARN  object 0x5670c40 was not returned to mpool ucp_requests
[1685897472.029255] [cn1107:39774:0]          mpool.c:43   UCX  WARN  object 0x6d58c40 was not returned to mpool ucp_requests
[1685897472.029235] [cn1107:39777:0]          mpool.c:43   UCX  WARN  object 0x53d4800 was not returned to mpool ucp_requests
[1685897472.029233] [cn1107:39778:0]          mpool.c:43   UCX  WARN  object 0x5d497c0 was not returned to mpool ucp_requests
[1685897472.029365] [cn1107:39779:0]          mpool.c:43   UCX  WARN  object 0x5e88340 was not returned to mpool ucp_requests
[1685897472.028989] [cn1107:39780:0]          mpool.c:43   UCX  WARN  object 0x6302880 was not returned to mpool ucp_requests
[1685897472.029024] [cn1107:39781:0]          mpool.c:43   UCX  WARN  object 0x5c84840 was not returned to mpool ucp_requests
[1685897472.029044] [cn1107:39782:0]          mpool.c:43   UCX  WARN  object 0x5fb8840 was not returned to mpool ucp_requests
[1685897472.029069] [cn1107:39783:0]          mpool.c:43   UCX  WARN  object 0x6d57fc0 was not returned to mpool ucp_requests
[1685897472.029088] [cn1107:39783:0]          mpool.c:43   UCX  WARN  object 0x6d5c080 was not returned to mpool ucp_requests
[1685897472.029109] [cn1107:39785:0]          mpool.c:43   UCX  WARN  object 0x593c900 was not returned to mpool ucp_requests
[1685897472.029129] [cn1107:39785:0]          mpool.c:43   UCX  WARN  object 0x593f840 was not returned to mpool ucp_requests
[1685897472.029045] [cn1107:39786:0]          mpool.c:43   UCX  WARN  object 0x65b76c0 was not returned to mpool ucp_requests
[1685897472.029069] [cn1107:39786:0]          mpool.c:43   UCX  WARN  object 0x65b84c0 was not returned to mpool ucp_requests
[1685897472.029045] [cn1107:39787:0]          mpool.c:43   UCX  WARN  object 0x5734440 was not returned to mpool ucp_requests
[1685897472.029069] [cn1107:39787:0]          mpool.c:43   UCX  WARN  object 0x5735940 was not returned to mpool ucp_requests
[1685897472.031826] [cn1107:39775:0]          mpool.c:43   UCX  WARN  object 0x4e31e80 was not returned to mpool ucp_requests
[1685897472.031820] [cn1107:39770:0]          mpool.c:43   UCX  WARN  object 0x5ce4540 was not returned to mpool ucp_requests
[1685897472.031922] [cn1107:39776:0]          mpool.c:43   UCX  WARN  object 0x5b11240 was not returned to mpool ucp_requests
