cpu-bind=MASK - cn1000, task  0  0 [54838]: mask 0xffffffffffffffff set
--------------------------------------------------------------------------
Open MPI failed an OFI Libfabric library call (fi_domain).  This is highly
unusual; your job may behave unpredictably (and/or abort) after this.

  Local host: cn1135
  Location: mtl_ofi_component.c:928
  Error: No data available (61)
--------------------------------------------------------------------------
[cn1000.scarf.rl.ac.uk:55862] 239 more processes have sent help message help-mtl-ofi.txt / OFI call fail
[cn1000.scarf.rl.ac.uk:55862] Set MCA parameter "orte_base_help_aggregate" to 0 to see all help / error messages
--------------------------------------------------------------------------
Open MPI failed an OFI Libfabric library call (fi_domain).  This is highly
unusual; your job may behave unpredictably (and/or abort) after this.

  Local host: cn1129
  Location: mtl_ofi_component.c:928
  Error: No data available (61)
--------------------------------------------------------------------------
[cn1000.scarf.rl.ac.uk:56711] 239 more processes have sent help message help-mtl-ofi.txt / OFI call fail
[cn1000.scarf.rl.ac.uk:56711] Set MCA parameter "orte_base_help_aggregate" to 0 to see all help / error messages
[1678911416.722156] [cn1000:56806:0]          mpool.c:43   UCX  WARN  object 0x59fbf40 was not returned to mpool ucp_requests
[1678911416.722161] [cn1000:56800:0]          mpool.c:43   UCX  WARN  object 0xb458d80 was not returned to mpool ucp_requests
[1678911416.722324] [cn1000:56804:0]          mpool.c:43   UCX  WARN  object 0xa07d800 was not returned to mpool ucp_requests
[1678911416.723387] [cn1000:56780:0]          mpool.c:43   UCX  WARN  object 0xa184f00 was not returned to mpool ucp_requests
[1678911416.723400] [cn1000:56790:0]          mpool.c:43   UCX  WARN  object 0xa0b2340 was not returned to mpool ucp_requests
[1678911416.723496] [cn1000:56794:0]          mpool.c:43   UCX  WARN  object 0xbdb88c0 was not returned to mpool ucp_requests
[1678911416.723521] [cn1000:56782:0]          mpool.c:43   UCX  WARN  object 0xb901d00 was not returned to mpool ucp_requests
[1678911416.723710] [cn1000:56787:0]          mpool.c:43   UCX  WARN  object 0x6965b40 was not returned to mpool ucp_requests
[1678911416.724393] [cn1000:56783:0]          mpool.c:43   UCX  WARN  object 0xbaa3a00 was not returned to mpool ucp_requests
[1678911416.725167] [cn1000:56796:0]          mpool.c:43   UCX  WARN  object 0xa53e3c0 was not returned to mpool ucp_requests
-1.1032014419E+001
--------------------------------------------------------------------------
Open MPI failed an OFI Libfabric library call (fi_domain).  This is highly
unusual; your job may behave unpredictably (and/or abort) after this.

  Local host: cn1000
  Location: mtl_ofi_component.c:928
  Error: No data available (61)
--------------------------------------------------------------------------
[cn1000.scarf.rl.ac.uk:57327] 239 more processes have sent help message help-mtl-ofi.txt / OFI call fail
[cn1000.scarf.rl.ac.uk:57327] Set MCA parameter "orte_base_help_aggregate" to 0 to see all help / error messages
[1678912104.466120] [cn1000:57415:0]          mpool.c:43   UCX  WARN  object 0x53774c0 was not returned to mpool ucp_requests
[1678912104.466232] [cn1000:57409:0]          mpool.c:43   UCX  WARN  object 0xa3c1a40 was not returned to mpool ucp_requests
[1678912104.466270] [cn1000:57407:0]          mpool.c:43   UCX  WARN  object 0x66d23c0 was not returned to mpool ucp_requests
[1678912104.466332] [cn1000:57413:0]          mpool.c:43   UCX  WARN  object 0xaae48c0 was not returned to mpool ucp_requests
[1678912104.466338] [cn1000:57418:0]          mpool.c:43   UCX  WARN  object 0xa7dad40 was not returned to mpool ucp_requests
[1678912104.466342] [cn1000:57420:0]          mpool.c:43   UCX  WARN  object 0x586c680 was not returned to mpool ucp_requests
[1678912104.466420] [cn1000:57395:0]          mpool.c:43   UCX  WARN  object 0xb235c80 was not returned to mpool ucp_requests
[1678912104.466611] [cn1000:57398:0]          mpool.c:43   UCX  WARN  object 0xad6b800 was not returned to mpool ucp_requests
[1678912104.466666] [cn1000:57401:0]          mpool.c:43   UCX  WARN  object 0xad5ed00 was not returned to mpool ucp_requests
[1678912104.467095] [cn1000:57403:0]          mpool.c:43   UCX  WARN  object 0x529cf00 was not returned to mpool ucp_requests
cp: cannot stat ‘0V-VH_z-0072.dat’: No such file or directory
cp: cannot stat ‘0V-VH_z-0072.dat’: No such file or directory
cp: cannot stat ‘0V-RHO_z-0072.dat’: No such file or directory
cp: cannot stat ‘0V-RHO_z-0072.dat’: No such file or directory
