195.159558
196.788637
463.146687
475.897325
1059.372000
2219.014057
195.121791
198.668386
460.576592
461.547723
1043.361281
2231.391032
193.028841
196.941235
453.370144
471.519456
1054.149572
2213.954342
193.747129
196.075034
458.850342
472.786506
1058.186771
2198.262911
200.699682
203.667500
472.964382
491.153234
1051.333830
2193.579360
202.208187
203.137412
476.962935
485.032593
1052.969086
2192.184038
204.869413
207.425640
478.736734
494.837382
1055.706232
2180.999752
205.167841
210.404599
478.106592
501.697049
1057.146904
2162.994725
208.914346
210.977204
486.589253
503.689123
1061.918578
2139.809492
213.606039
216.272186
496.302353
510.580970
1065.032880
2126.075090
217.920425
219.502381
510.626916
519.469342
1066.620955
2097.832033
220.061291
223.297256
510.142012
524.463891
1070.913052
2094.411797
219.199431
221.982656
510.166912
527.613983
1075.887570
2055.743149
224.882767
227.999625
533.199895
543.893667
1069.356655
2054.189368
223.664260
223.965629
527.935537
536.153505
1074.398422
2050.319154
224.497038
226.012499
528.587743
540.572820
1071.469512
2057.815153
227.157097
228.884635
542.425019
546.950352
1062.003242
2069.264088
223.873303
225.039830
534.145552
540.802895
1058.506597
2080.241825
221.988446
223.185052
535.549770
539.602920
1057.100240
2077.364851
223.134044
224.190109
539.263407
546.522703
1061.125825
2069.800258
