cpu-bind=MASK - cn1112, task  0  0 [11642]: mask 0xffffffffffffffff set
--------------------------------------------------------------------------
Open MPI failed an OFI Libfabric library call (fi_domain).  This is highly
unusual; your job may behave unpredictably (and/or abort) after this.

  Local host: cn1112
  Location: mtl_ofi_component.c:928
  Error: No data available (61)
--------------------------------------------------------------------------
[cn1112.scarf.rl.ac.uk:12628] 239 more processes have sent help message help-mtl-ofi.txt / OFI call fail
[cn1112.scarf.rl.ac.uk:12628] Set MCA parameter "orte_base_help_aggregate" to 0 to see all help / error messages
--------------------------------------------------------------------------
Open MPI failed an OFI Libfabric library call (fi_domain).  This is highly
unusual; your job may behave unpredictably (and/or abort) after this.

  Local host: cn1112
  Location: mtl_ofi_component.c:928
  Error: No data available (61)
--------------------------------------------------------------------------
[cn1112.scarf.rl.ac.uk:13825] 239 more processes have sent help message help-mtl-ofi.txt / OFI call fail
[cn1112.scarf.rl.ac.uk:13825] Set MCA parameter "orte_base_help_aggregate" to 0 to see all help / error messages
[1678823792.552786] [cn1112:13870:0]          mpool.c:43   UCX  WARN  object 0xa44fa00 was not returned to mpool ucp_requests
[1678823792.552865] [cn1112:13872:0]          mpool.c:43   UCX  WARN  object 0x570c7c0 was not returned to mpool ucp_requests
[1678823792.553049] [cn1112:13871:0]          mpool.c:43   UCX  WARN  object 0xa2c32c0 was not returned to mpool ucp_requests
[1678823792.554204] [cn1112:13863:0]          mpool.c:43   UCX  WARN  object 0xb73a700 was not returned to mpool ucp_requests
[1678823792.554321] [cn1112:13864:0]          mpool.c:43   UCX  WARN  object 0xb63c7c0 was not returned to mpool ucp_requests
[1678823792.554312] [cn1112:13865:0]          mpool.c:43   UCX  WARN  object 0x5ef79c0 was not returned to mpool ucp_requests
[1678823792.554320] [cn1112:13867:0]          mpool.c:43   UCX  WARN  object 0xaab3040 was not returned to mpool ucp_requests
[1678823792.554354] [cn1112:13866:0]          mpool.c:43   UCX  WARN  object 0xbd4e580 was not returned to mpool ucp_requests
[1678823792.554371] [cn1112:13869:0]          mpool.c:43   UCX  WARN  object 0xa3179c0 was not returned to mpool ucp_requests
[1678823792.554403] [cn1112:13868:0]          mpool.c:43   UCX  WARN  object 0x6763000 was not returned to mpool ucp_requests
-1.0987820289E+001
--------------------------------------------------------------------------
Open MPI failed an OFI Libfabric library call (fi_domain).  This is highly
unusual; your job may behave unpredictably (and/or abort) after this.

  Local host: cn1115
  Location: mtl_ofi_component.c:928
  Error: No data available (61)
--------------------------------------------------------------------------
[cn1112.scarf.rl.ac.uk:14440] 239 more processes have sent help message help-mtl-ofi.txt / OFI call fail
[cn1112.scarf.rl.ac.uk:14440] Set MCA parameter "orte_base_help_aggregate" to 0 to see all help / error messages
[1678824907.038945] [cn1112:14533:0]          mpool.c:43   UCX  WARN  object 0xacede00 was not returned to mpool ucp_requests
[1678824907.038996] [cn1112:14530:0]          mpool.c:43   UCX  WARN  object 0xba50140 was not returned to mpool ucp_requests
[1678824907.039011] [cn1112:14527:0]          mpool.c:43   UCX  WARN  object 0x53ae640 was not returned to mpool ucp_requests
[1678824907.040538] [cn1112:14518:0]          mpool.c:43   UCX  WARN  object 0x55bcf00 was not returned to mpool ucp_requests
[1678824907.040555] [cn1112:14507:0]          mpool.c:43   UCX  WARN  object 0xb293040 was not returned to mpool ucp_requests
[1678824907.040564] [cn1112:14509:0]          mpool.c:43   UCX  WARN  object 0xb34b300 was not returned to mpool ucp_requests
[1678824907.040600] [cn1112:14511:0]          mpool.c:43   UCX  WARN  object 0xc251d80 was not returned to mpool ucp_requests
[1678824907.040592] [cn1112:14521:0]          mpool.c:43   UCX  WARN  object 0xa9bd800 was not returned to mpool ucp_requests
[1678824907.040647] [cn1112:14524:0]          mpool.c:43   UCX  WARN  object 0x58ca300 was not returned to mpool ucp_requests
[1678824907.040632] [cn1112:14514:0]          mpool.c:43   UCX  WARN  object 0xa7da380 was not returned to mpool ucp_requests
cp: cannot stat ‘0V-VH_z-0032.dat’: No such file or directory
cp: cannot stat ‘0V-VH_z-0032.dat’: No such file or directory
cp: cannot stat ‘0V-RHO_z-0032.dat’: No such file or directory
cp: cannot stat ‘0V-RHO_z-0032.dat’: No such file or directory
