 @target G0.S0
 @type xy
  -0.1000000E+02      0.4597491E-31
  -0.9975937E+01      0.1499926E-32
  -0.9951870E+01      0.2032076E-31
  -0.9927802E+01      0.4691895E-32
  -0.9903735E+01      0.2390554E-31
  -0.9879668E+01      0.2012242E-31
  -0.9855600E+01      0.8499384E-32
  -0.9831533E+01      0.4416119E-32
  -0.9807465E+01      0.1028102E-32
  -0.9783398E+01      0.1685938E-32
  -0.9759331E+01      0.1017306E-32
  -0.9735263E+01      0.1430389E-32
  -0.9711196E+01      0.9903740E-33
  -0.9687128E+01      0.7093952E-32
  -0.9663061E+01      0.2072640E-31
  -0.9638994E+01      0.2097038E-32
  -0.9614926E+01      0.2469936E-31
  -0.9590859E+01      0.2752037E-31
  -0.9566791E+01      0.2749245E-30
  -0.9542724E+01      0.1272616E-30
  -0.9518657E+01      0.3669405E-30
  -0.9494589E+01      0.1048828E-32
  -0.9470522E+01      0.9068009E-30
  -0.9446454E+01      0.7350099E-30
  -0.9422387E+01      0.7983088E-32
  -0.9398320E+01      0.2407344E-29
  -0.9374252E+01      0.2445053E-29
  -0.9350185E+01      0.7542306E-28
  -0.9326117E+01      0.3987613E-27
  -0.9302050E+01      0.1335691E-26
  -0.9277983E+01      0.2247439E-27
  -0.9253915E+01      0.1198964E-27
  -0.9229848E+01      0.8163208E-29
  -0.9205780E+01      0.4439824E-28
  -0.9181713E+01      0.8495949E-29
  -0.9157646E+01      0.6275795E-28
  -0.9133578E+01      0.2190933E-28
  -0.9109511E+01      0.5976733E-28
  -0.9085443E+01      0.2025404E-28
  -0.9061376E+01      0.7277865E-28
  -0.9037309E+01      0.1962912E-27
  -0.9013241E+01      0.3143719E-29
  -0.8989174E+01      0.1864254E-26
  -0.8965106E+01      0.1711606E-03
  -0.8941039E+01      0.8768413E-03
  -0.8916972E+01      0.2226872E-02
  -0.8892904E+01      0.3842010E-02
  -0.8868837E+01      0.5522016E-02
  -0.8844769E+01      0.7247730E-02
  -0.8820702E+01      0.8926918E-02
  -0.8796635E+01      0.1021375E-01
  -0.8772567E+01      0.1179530E-01
  -0.8748500E+01      0.1829599E-01
  -0.8724432E+01      0.2783873E-01
  -0.8700365E+01      0.4111726E-01
  -0.8676298E+01      0.5851960E-01
  -0.8652230E+01      0.8072239E-01
  -0.8628163E+01      0.1091233E+00
  -0.8604095E+01      0.1460562E+00
  -0.8580028E+01      0.1923120E+00
  -0.8555961E+01      0.2534067E+00
  -0.8531893E+01      0.3323973E+00
  -0.8507826E+01      0.4336214E+00
  -0.8483758E+01      0.5600382E+00
  -0.8459691E+01      0.7090824E+00
  -0.8435624E+01      0.8636293E+00
  -0.8411556E+01      0.9752397E+00
  -0.8387489E+01      0.9678911E+00
  -0.8363421E+01      0.8447044E+00
  -0.8339354E+01      0.6915682E+00
  -0.8315287E+01      0.5603405E+00
  -0.8291219E+01      0.4562691E+00
  -0.8267152E+01      0.3758732E+00
  -0.8243084E+01      0.3136777E+00
  -0.8219017E+01      0.2650997E+00
  -0.8194950E+01      0.2266962E+00
  -0.8170882E+01      0.1959566E+00
  -0.8146815E+01      0.1710555E+00
  -0.8122747E+01      0.1506566E+00
  -0.8098680E+01      0.1336078E+00
  -0.8074613E+01      0.1190082E+00
  -0.8050545E+01      0.1113749E+00
  -0.8026478E+01      0.1066738E+00
  -0.8002410E+01      0.1028658E+00
  -0.7978343E+01      0.1010554E+00
  -0.7954276E+01      0.1028499E+00
  -0.7930208E+01      0.1122601E+00
  -0.7906141E+01      0.1422258E+00
  -0.7882073E+01      0.2512334E+00
  -0.7858006E+01      0.4818390E+00
  -0.7833939E+01      0.2902771E+00
  -0.7809871E+01      0.1466703E+00
  -0.7785804E+01      0.1109250E+00
  -0.7761736E+01      0.9306524E-01
  -0.7737669E+01      0.8289887E-01
  -0.7713602E+01      0.7639050E-01
  -0.7689534E+01      0.7186710E-01
  -0.7665467E+01      0.6854960E-01
  -0.7641399E+01      0.6603781E-01
  -0.7617332E+01      0.6411007E-01
  -0.7593265E+01      0.6263681E-01
  -0.7569197E+01      0.6153986E-01
  -0.7545130E+01      0.6077202E-01
  -0.7521062E+01      0.6030642E-01
  -0.7496995E+01      0.6013128E-01
  -0.7472928E+01      0.6025988E-01
  -0.7448860E+01      0.6066575E-01
  -0.7424793E+01      0.6142598E-01
  -0.7400725E+01      0.6258335E-01
  -0.7376658E+01      0.6423938E-01
  -0.7352591E+01      0.6658377E-01
  -0.7328523E+01      0.6981819E-01
  -0.7304456E+01      0.7443179E-01
  -0.7280388E+01      0.8101110E-01
  -0.7256321E+01      0.9037181E-01
  -0.7232254E+01      0.1034656E+00
  -0.7208186E+01      0.1211766E+00
  -0.7184119E+01      0.1440482E+00
  -0.7160051E+01      0.1770614E+00
  -0.7135984E+01      0.4338805E+00
  -0.7111917E+01      0.3972831E+00
  -0.7087849E+01      0.5499899E+00
  -0.7063782E+01      0.7268245E+00
  -0.7039714E+01      0.6765354E+00
  -0.7015647E+01      0.5243974E+00
  -0.6991580E+01      0.5333558E+00
  -0.6967512E+01      0.5922469E+00
  -0.6943445E+01      0.8013504E+00
  -0.6919377E+01      0.8940214E+00
  -0.6895310E+01      0.6466894E+00
  -0.6871243E+01      0.5923914E+00
  -0.6847175E+01      0.5670188E+00
  -0.6823108E+01      0.5519595E+00
  -0.6799040E+01      0.5441490E+00
  -0.6774973E+01      0.5818952E+00
  -0.6750906E+01      0.7078895E+00
  -0.6726838E+01      0.7808366E+00
  -0.6702771E+01      0.8149421E+00
  -0.6678703E+01      0.6029644E+00
  -0.6654636E+01      0.4040467E+00
  -0.6630569E+01      0.3118622E+00
  -0.6606501E+01      0.2543368E+00
  -0.6582434E+01      0.2174482E+00
  -0.6558366E+01      0.1918078E+00
  -0.6534299E+01      0.1782441E+00
  -0.6510232E+01      0.1695776E+00
  -0.6486164E+01      0.1644584E+00
  -0.6462097E+01      0.1647591E+00
  -0.6438029E+01      0.1680129E+00
  -0.6413962E+01      0.1724405E+00
  -0.6389895E+01      0.1816865E+00
  -0.6365827E+01      0.2101224E+00
  -0.6341760E+01      0.2450802E+00
  -0.6317692E+01      0.3306545E+00
  -0.6293625E+01      0.5729212E+00
  -0.6269558E+01      0.9088159E+00
  -0.6245490E+01      0.1047346E+01
  -0.6221423E+01      0.7056532E+00
  -0.6197355E+01      0.5437285E+00
  -0.6173288E+01      0.5064076E+00
  -0.6149221E+01      0.5278808E+00
  -0.6125153E+01      0.5906954E+00
  -0.6101086E+01      0.6271314E+00
  -0.6077018E+01      0.6076928E+00
  -0.6052951E+01      0.5947474E+00
  -0.6028884E+01      0.6317605E+00
  -0.6004816E+01      0.7035689E+00
  -0.5980749E+01      0.7774336E+00
  -0.5956681E+01      0.7942503E+00
  -0.5932614E+01      0.6678741E+00
  -0.5908547E+01      0.5392416E+00
  -0.5884479E+01      0.4912568E+00
  -0.5860412E+01      0.4816555E+00
  -0.5836344E+01      0.4654466E+00
  -0.5812277E+01      0.4653375E+00
  -0.5788210E+01      0.4525254E+00
  -0.5764142E+01      0.5261410E+00
  -0.5740075E+01      0.6721162E+00
  -0.5716007E+01      0.8462216E+00
  -0.5691940E+01      0.9543700E+00
  -0.5667873E+01      0.9882081E+00
  -0.5643805E+01      0.9716981E+00
  -0.5619738E+01      0.9283160E+00
  -0.5595670E+01      0.9035142E+00
  -0.5571603E+01      0.9392061E+00
  -0.5547536E+01      0.1075362E+01
  -0.5523468E+01      0.1157423E+01
  -0.5499401E+01      0.1107182E+01
  -0.5475333E+01      0.1079856E+01
  -0.5451266E+01      0.1105561E+01
  -0.5427199E+01      0.9798653E+00
  -0.5403131E+01      0.1011108E+01
  -0.5379064E+01      0.1069519E+01
  -0.5354996E+01      0.1122307E+01
  -0.5330929E+01      0.1281023E+01
  -0.5306862E+01      0.1361782E+01
  -0.5282794E+01      0.1078875E+01
  -0.5258727E+01      0.9943510E+00
  -0.5234659E+01      0.1018235E+01
  -0.5210592E+01      0.1218250E+01
  -0.5186525E+01      0.1168612E+01
  -0.5162457E+01      0.1108833E+01
  -0.5138390E+01      0.1030679E+01
  -0.5114322E+01      0.1207623E+01
  -0.5090255E+01      0.1176540E+01
  -0.5066188E+01      0.1115790E+01
  -0.5042120E+01      0.1171842E+01
  -0.5018053E+01      0.1221949E+01
  -0.4993985E+01      0.1073473E+01
  -0.4969918E+01      0.1021083E+01
  -0.4945851E+01      0.9227201E+00
  -0.4921783E+01      0.8045524E+00
  -0.4897716E+01      0.7456519E+00
  -0.4873648E+01      0.8952357E+00
  -0.4849581E+01      0.9450080E+00
  -0.4825514E+01      0.1091507E+01
  -0.4801446E+01      0.1091623E+01
  -0.4777379E+01      0.1026713E+01
  -0.4753311E+01      0.9764579E+00
  -0.4729244E+01      0.9325399E+00
  -0.4705177E+01      0.8450716E+00
  -0.4681109E+01      0.8040359E+00
  -0.4657042E+01      0.8372292E+00
  -0.4632974E+01      0.9338174E+00
  -0.4608907E+01      0.1002918E+01
  -0.4584840E+01      0.9507900E+00
  -0.4560772E+01      0.6003236E+00
  -0.4536705E+01      0.3794976E+00
  -0.4512637E+01      0.3224519E+00
  -0.4488570E+01      0.3858412E+00
  -0.4464503E+01      0.3083154E+00
  -0.4440435E+01      0.2578155E+00
  -0.4416368E+01      0.2791064E+00
  -0.4392300E+01      0.3294928E+00
  -0.4368233E+01      0.2724531E+00
  -0.4344166E+01      0.2504261E+00
  -0.4320098E+01      0.3351366E+00
  -0.4296031E+01      0.3606067E+00
  -0.4271963E+01      0.4111116E+00
  -0.4247896E+01      0.4193203E+00
  -0.4223829E+01      0.3931602E+00
  -0.4199761E+01      0.5456219E+00
  -0.4175694E+01      0.5329490E+00
  -0.4151626E+01      0.5699256E+00
  -0.4127559E+01      0.6120795E+00
  -0.4103492E+01      0.6549628E+00
  -0.4079424E+01      0.7199469E+00
  -0.4055357E+01      0.6476574E+00
  -0.4031289E+01      0.6054625E+00
  -0.4007222E+01      0.6139501E+00
  -0.3983155E+01      0.6792830E+00
  -0.3959087E+01      0.6016460E+00
  -0.3935020E+01      0.5962726E+00
  -0.3910952E+01      0.4274589E+00
  -0.3886885E+01      0.5235832E+00
  -0.3862818E+01      0.5380919E+00
  -0.3838750E+01      0.4560961E+00
  -0.3814683E+01      0.4580893E+00
  -0.3790615E+01      0.3743460E+00
  -0.3766548E+01      0.4089663E+00
  -0.3742481E+01      0.4040533E+00
  -0.3718413E+01      0.3953236E+00
  -0.3694346E+01      0.3782640E+00
  -0.3670278E+01      0.3597319E+00
  -0.3646211E+01      0.3761383E+00
  -0.3622144E+01      0.3329659E+00
  -0.3598076E+01      0.3378777E+00
  -0.3574009E+01      0.3685446E+00
  -0.3549941E+01      0.4419604E+00
  -0.3525874E+01      0.5907857E+00
  -0.3501807E+01      0.7697809E+00
  -0.3477739E+01      0.6763031E+00
  -0.3453672E+01      0.6844277E+00
  -0.3429604E+01      0.6834513E+00
  -0.3405537E+01      0.6332487E+00
  -0.3381470E+01      0.6605379E+00
  -0.3357402E+01      0.7804006E+00
  -0.3333335E+01      0.7783168E+00
  -0.3309267E+01      0.7235075E+00
  -0.3285200E+01      0.7414447E+00
  -0.3261133E+01      0.7452527E+00
  -0.3237065E+01      0.7614484E+00
  -0.3212998E+01      0.7682459E+00
  -0.3188930E+01      0.7936909E+00
  -0.3164863E+01      0.8128422E+00
  -0.3140796E+01      0.8501786E+00
  -0.3116728E+01      0.8379178E+00
  -0.3092661E+01      0.8164960E+00
  -0.3068593E+01      0.8160803E+00
  -0.3044526E+01      0.7875224E+00
  -0.3020459E+01      0.7918811E+00
  -0.2996391E+01      0.8301459E+00
  -0.2972324E+01      0.8550163E+00
  -0.2948256E+01      0.8597047E+00
  -0.2924189E+01      0.7498724E+00
  -0.2900122E+01      0.6910643E+00
  -0.2876054E+01      0.6828766E+00
  -0.2851987E+01      0.6775972E+00
  -0.2827919E+01      0.6682027E+00
  -0.2803852E+01      0.6372035E+00
  -0.2779785E+01      0.6157105E+00
  -0.2755717E+01      0.6387829E+00
  -0.2731650E+01      0.6918211E+00
  -0.2707582E+01      0.7271052E+00
  -0.2683515E+01      0.6216255E+00
  -0.2659448E+01      0.6005739E+00
  -0.2635380E+01      0.6410624E+00
  -0.2611313E+01      0.6829535E+00
  -0.2587245E+01      0.6805226E+00
  -0.2563178E+01      0.6643203E+00
  -0.2539111E+01      0.5333974E+00
  -0.2515043E+01      0.5046966E+00
  -0.2490976E+01      0.5494820E+00
  -0.2466908E+01      0.5977702E+00
  -0.2442841E+01      0.6635987E+00
  -0.2418774E+01      0.6464785E+00
  -0.2394706E+01      0.6546779E+00
  -0.2370639E+01      0.6335037E+00
  -0.2346571E+01      0.6016448E+00
  -0.2322504E+01      0.5510178E+00
  -0.2298437E+01      0.5600907E+00
  -0.2274369E+01      0.7681647E+00
  -0.2250302E+01      0.3818321E+00
  -0.2226234E+01      0.3658286E+00
  -0.2202167E+01      0.3692216E+00
  -0.2178100E+01      0.3545741E+00
  -0.2154032E+01      0.2357176E+00
  -0.2129965E+01      0.2178733E+00
  -0.2105897E+01      0.2097370E+00
  -0.2081830E+01      0.1999431E+00
  -0.2057763E+01      0.1835710E+00
  -0.2033695E+01      0.1620719E+00
  -0.2009628E+01      0.1550452E+00
  -0.1985560E+01      0.1309107E+00
  -0.1961493E+01      0.1140686E+00
  -0.1937426E+01      0.1299107E+00
  -0.1913358E+01      0.1346706E+00
  -0.1889291E+01      0.1247189E+00
  -0.1865223E+01      0.8362292E-01
  -0.1841156E+01      0.1020839E+00
  -0.1817089E+01      0.1278536E+00
  -0.1793021E+01      0.1117194E+00
  -0.1768954E+01      0.1280245E+00
  -0.1744886E+01      0.1261634E+00
  -0.1720819E+01      0.1392727E+00
  -0.1696752E+01      0.1570735E+00
  -0.1672684E+01      0.1656845E+00
  -0.1648617E+01      0.1969223E+00
  -0.1624549E+01      0.2172429E+00
  -0.1600482E+01      0.2128784E+00
  -0.1576415E+01      0.2353306E+00
  -0.1552347E+01      0.2928619E+00
  -0.1528280E+01      0.3758899E+00
  -0.1504212E+01      0.4278967E+00
  -0.1480145E+01      0.4032508E+00
  -0.1456078E+01      0.4458655E+00
  -0.1432010E+01      0.4598383E+00
  -0.1407943E+01      0.4758329E+00
  -0.1383875E+01      0.5012817E+00
  -0.1359808E+01      0.5195525E+00
  -0.1335741E+01      0.5327150E+00
  -0.1311673E+01      0.5436593E+00
  -0.1287606E+01      0.5544746E+00
  -0.1263538E+01      0.5764520E+00
  -0.1239471E+01      0.5512757E+00
  -0.1215404E+01      0.5595634E+00
  -0.1191336E+01      0.5631647E+00
  -0.1167269E+01      0.5636308E+00
  -0.1143201E+01      0.5549062E+00
  -0.1119134E+01      0.5524343E+00
  -0.1095067E+01      0.5511918E+00
  -0.1070999E+01      0.5489477E+00
  -0.1046932E+01      0.5469125E+00
  -0.1022864E+01      0.5388972E+00
  -0.9987971E+00      0.5335992E+00
  -0.9747297E+00      0.5296816E+00
  -0.9506623E+00      0.5260323E+00
  -0.9265949E+00      0.5222802E+00
  -0.9025275E+00      0.5182905E+00
  -0.8784601E+00      0.5140051E+00
  -0.8543927E+00      0.5093953E+00
  -0.8303253E+00      0.5044453E+00
  -0.8062579E+00      0.4991455E+00
  -0.7821905E+00      0.4934897E+00
  -0.7581231E+00      0.4874368E+00
  -0.7340557E+00      0.4810599E+00
  -0.7099883E+00      0.4742595E+00
  -0.6859209E+00      0.4669835E+00
  -0.6618535E+00      0.4581210E+00
  -0.6377861E+00      0.4516513E+00
  -0.6137187E+00      0.4448206E+00
  -0.5896513E+00      0.4362473E+00
  -0.5655839E+00      0.4270518E+00
  -0.5415165E+00      0.4175842E+00
  -0.5174491E+00      0.4078621E+00
  -0.4933817E+00      0.3979093E+00
  -0.4693143E+00      0.3876969E+00
  -0.4452469E+00      0.3771830E+00
  -0.4211795E+00      0.3662695E+00
  -0.3971121E+00      0.3546886E+00
  -0.3730447E+00      0.3409649E+00
  -0.3489773E+00      0.3314058E+00
  -0.3249099E+00      0.3238595E+00
  -0.3008425E+00      0.3160496E+00
  -0.2767751E+00      0.3078974E+00
  -0.2527077E+00      0.2985997E+00
  -0.2286403E+00      0.2881171E+00
  -0.2045729E+00      0.2867852E+00
  -0.1805055E+00      0.3104538E+00
  -0.1564381E+00      0.2716922E+00
  -0.1323707E+00      0.2615727E+00
  -0.1083033E+00      0.2526375E+00
  -0.8423590E-01      0.2454770E+00
  -0.6016850E-01      0.2385724E+00
  -0.3610110E-01      0.2319664E+00
  -0.1203370E-01      0.2256675E+00
   0.1203370E-01      0.2196806E+00
   0.3610110E-01      0.2140108E+00
   0.6016850E-01      0.2086624E+00
   0.8423590E-01      0.2036407E+00
   0.1083033E+00      0.1989531E+00
   0.1323707E+00      0.1945801E+00
   0.1564381E+00      0.1935714E+00
   0.1805055E+00      0.1949786E+00
   0.2045729E+00      0.1863882E+00
   0.2286403E+00      0.1753220E+00
   0.2527077E+00      0.1675818E+00
   0.2767751E+00      0.1615697E+00
   0.3008425E+00      0.1615243E+00
   0.3249099E+00      0.1664740E+00
   0.3489773E+00      0.1556081E+00
   0.3730447E+00      0.1452565E+00
   0.3971121E+00      0.1406391E+00
   0.4211795E+00      0.1376862E+00
   0.4452469E+00      0.1349962E+00
   0.4693143E+00      0.1322302E+00
   0.4933817E+00      0.1292060E+00
   0.5174491E+00      0.1251363E+00
   0.5415165E+00      0.1245437E+00
   0.5655839E+00      0.1233793E+00
   0.5896513E+00      0.1220978E+00
   0.6137187E+00      0.1207678E+00
   0.6377861E+00      0.1194208E+00
   0.6618535E+00      0.1180783E+00
   0.6859209E+00      0.1167580E+00
   0.7099883E+00      0.1154744E+00
   0.7340557E+00      0.1142370E+00
   0.7581231E+00      0.1130342E+00
   0.7821905E+00      0.1132176E+00
   0.8062579E+00      0.1132338E+00
   0.8303253E+00      0.1131106E+00
   0.8543927E+00      0.1129785E+00
   0.8784601E+00      0.1128282E+00
   0.9025275E+00      0.1127372E+00
   0.9265949E+00      0.1126579E+00
   0.9506623E+00      0.1125853E+00
   0.9747297E+00      0.1125017E+00
   0.9987971E+00      0.1123807E+00
   0.1022864E+01      0.1121814E+00
   0.1046932E+01      0.1118413E+00
   0.1070999E+01      0.1112444E+00
   0.1095067E+01      0.1101158E+00
   0.1119134E+01      0.1067584E+00
   0.1143201E+01      0.1054377E+00
   0.1167269E+01      0.1057952E+00
   0.1191336E+01      0.1011221E+00
   0.1215404E+01      0.1017997E+00
   0.1239471E+01      0.1064115E+00
   0.1263538E+01      0.1115645E+00
   0.1287606E+01      0.1180933E+00
   0.1311673E+01      0.1249936E+00
   0.1335741E+01      0.1305476E+00
   0.1359808E+01      0.1333638E+00
   0.1383875E+01      0.1337741E+00
   0.1407943E+01      0.1329877E+00
   0.1432010E+01      0.1318687E+00
   0.1456078E+01      0.1307976E+00
   0.1480145E+01      0.1299011E+00
   0.1504212E+01      0.1292004E+00
   0.1528280E+01      0.1286716E+00
   0.1552347E+01      0.1282656E+00
   0.1576415E+01      0.1279029E+00
   0.1600482E+01      0.1274344E+00
   0.1624549E+01      0.1263942E+00
   0.1648617E+01      0.1208324E+00
   0.1672684E+01      0.1187700E+00
   0.1696752E+01      0.1196225E+00
   0.1720819E+01      0.1245548E+00
   0.1744886E+01      0.1280156E+00
   0.1768954E+01      0.1279276E+00
   0.1793021E+01      0.1273493E+00
   0.1817089E+01      0.1275914E+00
   0.1841156E+01      0.1286474E+00
   0.1865223E+01      0.1302668E+00
   0.1889291E+01      0.1323069E+00
   0.1913358E+01      0.1346657E+00
   0.1937426E+01      0.1372742E+00
   0.1961493E+01      0.1400756E+00
   0.1985560E+01      0.1430128E+00
   0.2009628E+01      0.1460150E+00
   0.2033695E+01      0.1493435E+00
   0.2057763E+01      0.1546792E+00
   0.2081830E+01      0.1591795E+00
   0.2105897E+01      0.1632541E+00
   0.2129965E+01      0.1710449E+00
   0.2154032E+01      0.1791561E+00
   0.2178100E+01      0.1884861E+00
   0.2202167E+01      0.1996315E+00
   0.2226234E+01      0.2111562E+00
   0.2250302E+01      0.2236468E+00
   0.2274369E+01      0.2375932E+00
   0.2298437E+01      0.2534746E+00
   0.2322504E+01      0.2723257E+00
   0.2346571E+01      0.2927385E+00
   0.2370639E+01      0.3170322E+00
   0.2394706E+01      0.3456201E+00
   0.2418774E+01      0.3824790E+00
   0.2442841E+01      0.4318910E+00
   0.2466908E+01      0.5135280E+00
   0.2490976E+01      0.6820359E+00
   0.2515043E+01      0.7368475E+00
   0.2539111E+01      0.8445125E+00
   0.2563178E+01      0.7232884E+00
   0.2587245E+01      0.8442652E+00
   0.2611313E+01      0.6033528E+00
   0.2635380E+01      0.3698801E+00
   0.2659448E+01      0.2642354E+00
   0.2683515E+01      0.2095907E+00
   0.2707582E+01      0.1749344E+00
   0.2731650E+01      0.1508881E+00
   0.2755717E+01      0.1337884E+00
   0.2779785E+01      0.1217808E+00
   0.2803852E+01      0.1137524E+00
   0.2827919E+01      0.1089738E+00
   0.2851987E+01      0.1067891E+00
   0.2876054E+01      0.1050935E+00
   0.2900122E+01      0.1155071E+00
   0.2924189E+01      0.1563688E+00
   0.2948256E+01      0.1788934E+00
   0.2972324E+01      0.2085818E+00
   0.2996391E+01      0.2503951E+00
   0.3020459E+01      0.3113425E+00
   0.3044526E+01      0.3899374E+00
   0.3068593E+01      0.4877751E+00
   0.3092661E+01      0.5015690E+00
   0.3116728E+01      0.4753790E+00
   0.3140796E+01      0.4506408E+00
   0.3164863E+01      0.4314808E+00
   0.3188930E+01      0.4338045E+00
   0.3212998E+01      0.4875753E+00
   0.3237065E+01      0.4964972E+00
   0.3261133E+01      0.5049359E+00
   0.3285200E+01      0.5134510E+00
   0.3309267E+01      0.5228796E+00
   0.3333335E+01      0.5203613E+00
   0.3357402E+01      0.5119685E+00
   0.3381470E+01      0.4954152E+00
   0.3405537E+01      0.5240287E+00
   0.3429604E+01      0.5886927E+00
   0.3453672E+01      0.6046388E+00
   0.3477739E+01      0.5872374E+00
   0.3501807E+01      0.5636744E+00
   0.3525874E+01      0.4767320E+00
   0.3549941E+01      0.4667651E+00
   0.3574009E+01      0.4573213E+00
   0.3598076E+01      0.4622542E+00
   0.3622144E+01      0.5160661E+00
   0.3646211E+01      0.5215470E+00
   0.3670278E+01      0.5202062E+00
   0.3694346E+01      0.5364514E+00
   0.3718413E+01      0.5326915E+00
   0.3742481E+01      0.5198182E+00
   0.3766548E+01      0.5091625E+00
   0.3790615E+01      0.4974986E+00
   0.3814683E+01      0.4844449E+00
   0.3838750E+01      0.4687822E+00
   0.3862818E+01      0.4897653E+00
   0.3886885E+01      0.5074828E+00
   0.3910952E+01      0.5051805E+00
   0.3935020E+01      0.4994670E+00
   0.3959087E+01      0.4926728E+00
   0.3983155E+01      0.4853429E+00
   0.4007222E+01      0.4772236E+00
   0.4031289E+01      0.4654733E+00
   0.4055357E+01      0.4530939E+00
   0.4079424E+01      0.4482496E+00
   0.4103492E+01      0.4429532E+00
   0.4127559E+01      0.4362760E+00
   0.4151626E+01      0.4328313E+00
   0.4175694E+01      0.4290538E+00
   0.4199761E+01      0.4240520E+00
   0.4223829E+01      0.4173880E+00
   0.4247896E+01      0.4081767E+00
   0.4271963E+01      0.3948846E+00
   0.4296031E+01      0.3762644E+00
   0.4320098E+01      0.3957930E+00
   0.4344166E+01      0.3921388E+00
   0.4368233E+01      0.4032067E+00
   0.4392300E+01      0.4133491E+00
   0.4416368E+01      0.4230099E+00
   0.4440435E+01      0.4046248E+00
   0.4464503E+01      0.4123333E+00
   0.4488570E+01      0.4214703E+00
   0.4512637E+01      0.4314867E+00
   0.4536705E+01      0.4424897E+00
   0.4560772E+01      0.4548370E+00
   0.4584840E+01      0.4693958E+00
   0.4608907E+01      0.4890586E+00
   0.4632974E+01      0.5487093E+00
   0.4657042E+01      0.5468036E+00
   0.4681109E+01      0.5780656E+00
   0.4705177E+01      0.5500822E+00
   0.4729244E+01      0.5069286E+00
   0.4753311E+01      0.4868296E+00
   0.4777379E+01      0.4759221E+00
   0.4801446E+01      0.4699871E+00
   0.4825514E+01      0.4672155E+00
   0.4849581E+01      0.4666062E+00
   0.4873648E+01      0.4741568E+00
   0.4897716E+01      0.4891561E+00
   0.4921783E+01      0.5036699E+00
   0.4945851E+01      0.5199632E+00
   0.4969918E+01      0.5359601E+00
   0.4993985E+01      0.5421679E+00
   0.5018053E+01      0.5755797E+00
   0.5042120E+01      0.5859475E+00
   0.5066188E+01      0.5768815E+00
   0.5090255E+01      0.5857299E+00
   0.5114322E+01      0.7709560E+00
   0.5138390E+01      0.6988739E+00
   0.5162457E+01      0.6638074E+00
   0.5186525E+01      0.6441616E+00
   0.5210592E+01      0.6298286E+00
   0.5234659E+01      0.6182899E+00
   0.5258727E+01      0.6086166E+00
   0.5282794E+01      0.6003905E+00
   0.5306862E+01      0.5933855E+00
   0.5330929E+01      0.5874472E+00
   0.5354996E+01      0.5824420E+00
   0.5379064E+01      0.5782378E+00
   0.5403131E+01      0.5747033E+00
   0.5427199E+01      0.5717183E+00
   0.5451266E+01      0.5691912E+00
   0.5475333E+01      0.5670695E+00
   0.5499401E+01      0.5653631E+00
   0.5523468E+01      0.5641440E+00
   0.5547536E+01      0.5635715E+00
   0.5571603E+01      0.5639497E+00
   0.5595670E+01      0.5659929E+00
   0.5619738E+01      0.5729184E+00
   0.5643805E+01      0.5540223E+00
   0.5667873E+01      0.5510006E+00
   0.5691940E+01      0.5537629E+00
   0.5716007E+01      0.5578781E+00
   0.5740075E+01      0.5624730E+00
   0.5764142E+01      0.5664263E+00
   0.5788210E+01      0.5674607E+00
   0.5812277E+01      0.5595568E+00
   0.5836344E+01      0.5044737E+00
   0.5860412E+01      0.4908763E+00
   0.5884479E+01      0.4822580E+00
   0.5908547E+01      0.4840980E+00
   0.5932614E+01      0.7243321E+00
   0.5956681E+01      0.6782765E+00
   0.5980749E+01      0.6554484E+00
   0.6004816E+01      0.6216365E+00
   0.6028884E+01      0.6166533E+00
   0.6052951E+01      0.6219132E+00
   0.6077018E+01      0.6334374E+00
   0.6101086E+01      0.6512566E+00
   0.6125153E+01      0.6801859E+00
   0.6149221E+01      0.7390063E+00
   0.6173288E+01      0.8647836E+00
   0.6197355E+01      0.8809704E+00
   0.6221423E+01      0.9030733E+00
   0.6245490E+01      0.9017894E+00
   0.6269558E+01      0.9149253E+00
   0.6293625E+01      0.9323133E+00
   0.6317692E+01      0.9567310E+00
   0.6341760E+01      0.9885194E+00
   0.6365827E+01      0.1012022E+01
   0.6389895E+01      0.1030760E+01
   0.6413962E+01      0.1044608E+01
   0.6438029E+01      0.1052427E+01
   0.6462097E+01      0.1047815E+01
   0.6486164E+01      0.1045726E+01
   0.6510232E+01      0.1050472E+01
   0.6534299E+01      0.1051968E+01
   0.6558366E+01      0.1049452E+01
   0.6582434E+01      0.1041932E+01
   0.6606501E+01      0.1022462E+01
   0.6630569E+01      0.1011965E+01
   0.6654636E+01      0.9995942E+00
   0.6678703E+01      0.9845644E+00
   0.6702771E+01      0.9667764E+00
   0.6726838E+01      0.9460210E+00
   0.6750906E+01      0.9206637E+00
   0.6774973E+01      0.9188208E+00
   0.6799040E+01      0.9028054E+00
   0.6823108E+01      0.8824934E+00
   0.6847175E+01      0.8600410E+00
   0.6871243E+01      0.8364259E+00
   0.6895310E+01      0.8120598E+00
   0.6919377E+01      0.7875431E+00
   0.6943445E+01      0.7630181E+00
   0.6967512E+01      0.7385008E+00
   0.6991580E+01      0.7138197E+00
   0.7015647E+01      0.6886344E+00
   0.7039714E+01      0.6626352E+00
   0.7063782E+01      0.6357413E+00
   0.7087849E+01      0.6082650E+00
   0.7111917E+01      0.5809258E+00
   0.7135984E+01      0.5546609E+00
   0.7160051E+01      0.5303012E+00
   0.7184119E+01      0.5082504E+00
   0.7208186E+01      0.4882014E+00
   0.7232254E+01      0.4682825E+00
   0.7256321E+01      0.4329159E+00
   0.7280388E+01      0.4182263E+00
   0.7304456E+01      0.4094420E+00
   0.7328523E+01      0.4048906E+00
   0.7352591E+01      0.4045189E+00
   0.7376658E+01      0.4086625E+00
   0.7400725E+01      0.4179268E+00
   0.7424793E+01      0.4331894E+00
   0.7448860E+01      0.4556706E+00
   0.7472928E+01      0.4871538E+00
   0.7496995E+01      0.5305897E+00
   0.7521062E+01      0.5912122E+00
   0.7545130E+01      0.6776642E+00
   0.7569197E+01      0.7438776E+00
   0.7593265E+01      0.7035069E+00
   0.7617332E+01      0.6196670E+00
   0.7641399E+01      0.5657929E+00
   0.7665467E+01      0.5342105E+00
   0.7689534E+01      0.5137250E+00
   0.7713602E+01      0.5000177E+00
   0.7737669E+01      0.4916558E+00
   0.7761736E+01      0.4881025E+00
   0.7785804E+01      0.4890482E+00
   0.7809871E+01      0.4942481E+00
   0.7833939E+01      0.5035406E+00
   0.7858006E+01      0.5170855E+00
   0.7882073E+01      0.5348654E+00
   0.7906141E+01      0.5580831E+00
   0.7930208E+01      0.5884434E+00
   0.7954276E+01      0.6287151E+00
   0.7978343E+01      0.6811394E+00
   0.8002410E+01      0.7404101E+00
   0.8026478E+01      0.7841434E+00
   0.8050545E+01      0.7777634E+00
   0.8074613E+01      0.7324328E+00
   0.8098680E+01      0.6778149E+00
   0.8122747E+01      0.6260281E+00
   0.8146815E+01      0.5625214E+00
   0.8170882E+01      0.4677025E+00
   0.8194950E+01      0.4201102E+00
   0.8219017E+01      0.3951614E+00
   0.8243084E+01      0.3809608E+00
   0.8267152E+01      0.3733275E+00
   0.8291219E+01      0.3702047E+00
   0.8315287E+01      0.3708182E+00
   0.8339354E+01      0.3765564E+00
   0.8363421E+01      0.3975853E+00
   0.8387489E+01      0.4652372E+00
   0.8411556E+01      0.5305660E+00
   0.8435624E+01      0.4938571E+00
   0.8459691E+01      0.4616512E+00
   0.8483758E+01      0.4632275E+00
   0.8507826E+01      0.4689395E+00
   0.8531893E+01      0.4772287E+00
   0.8555961E+01      0.4875356E+00
   0.8580028E+01      0.5000606E+00
   0.8604095E+01      0.5263641E+00
   0.8628163E+01      0.5437038E+00
   0.8652230E+01      0.5577920E+00
   0.8676298E+01      0.5662143E+00
   0.8700365E+01      0.5906233E+00
   0.8724432E+01      0.6141987E+00
   0.8748500E+01      0.6381174E+00
   0.8772567E+01      0.6626507E+00
   0.8796635E+01      0.6878859E+00
   0.8820702E+01      0.7138372E+00
   0.8844769E+01      0.7404719E+00
   0.8868837E+01      0.7676804E+00
   0.8892904E+01      0.7950950E+00
   0.8916972E+01      0.8211367E+00
   0.8941039E+01      0.8347724E+00
   0.8965106E+01      0.8616718E+00
   0.8989174E+01      0.9113585E+00
   0.9013241E+01      0.9722061E+00
   0.9037309E+01      0.1032989E+01
   0.9061376E+01      0.1025987E+01
   0.9085443E+01      0.9497861E+00
   0.9109511E+01      0.8839004E+00
   0.9133578E+01      0.8576109E+00
   0.9157646E+01      0.8614614E+00
   0.9181713E+01      0.8855543E+00
   0.9205780E+01      0.9194829E+00
   0.9229848E+01      0.9614557E+00
   0.9253915E+01      0.1008773E+01
   0.9277983E+01      0.1062111E+01
   0.9302050E+01      0.1120264E+01
   0.9326117E+01      0.1176253E+01
   0.9350185E+01      0.1220077E+01
   0.9374252E+01      0.1248400E+01
   0.9398320E+01      0.1277638E+01
   0.9422387E+01      0.1308750E+01
   0.9446454E+01      0.1342028E+01
   0.9470522E+01      0.1377820E+01
   0.9494589E+01      0.1416478E+01
   0.9518657E+01      0.1459686E+01
   0.9542724E+01      0.1512723E+01
   0.9566791E+01      0.1570415E+01
   0.9590859E+01      0.1640949E+01
   0.9614926E+01      0.1729464E+01
   0.9638994E+01      0.1827500E+01
   0.9663061E+01      0.1904698E+01
   0.9687128E+01      0.1950859E+01
   0.9711196E+01      0.1983073E+01
   0.9735263E+01      0.2023115E+01
   0.9759331E+01      0.2071620E+01
   0.9783398E+01      0.2067502E+01
   0.9807465E+01      0.2010567E+01
   0.9831533E+01      0.1955270E+01
   0.9855600E+01      0.1917891E+01
   0.9879668E+01      0.1891508E+01
   0.9903735E+01      0.1871475E+01
   0.9927802E+01      0.1856700E+01
   0.9951870E+01      0.1849048E+01
   0.9975937E+01      0.1867259E+01
   0.1000000E+02      0.1896423E+01
 &
 @autoscale
 @target G1.S0
