 @target G1.S2
 @type xy
  -0.1000000E+02      0.0000000E+00
  -0.9975937E+01      0.0000000E+00
  -0.9951870E+01      0.0000000E+00
  -0.9927802E+01      0.0000000E+00
  -0.9903735E+01      0.0000000E+00
  -0.9879668E+01      0.0000000E+00
  -0.9855600E+01      0.0000000E+00
  -0.9831533E+01      0.0000000E+00
  -0.9807465E+01      0.0000000E+00
  -0.9783398E+01      0.0000000E+00
  -0.9759331E+01      0.0000000E+00
  -0.9735263E+01      0.0000000E+00
  -0.9711196E+01      0.0000000E+00
  -0.9687128E+01      0.0000000E+00
  -0.9663061E+01      0.0000000E+00
  -0.9638994E+01      0.0000000E+00
  -0.9614926E+01      0.0000000E+00
  -0.9590859E+01      0.0000000E+00
  -0.9566791E+01      0.0000000E+00
  -0.9542724E+01      0.0000000E+00
  -0.9518657E+01      0.0000000E+00
  -0.9494589E+01      0.0000000E+00
  -0.9470522E+01      0.0000000E+00
  -0.9446454E+01      0.0000000E+00
  -0.9422387E+01      0.0000000E+00
  -0.9398320E+01      0.0000000E+00
  -0.9374252E+01      0.0000000E+00
  -0.9350185E+01      0.0000000E+00
  -0.9326117E+01      0.0000000E+00
  -0.9302050E+01      0.0000000E+00
  -0.9277983E+01      0.0000000E+00
  -0.9253915E+01      0.0000000E+00
  -0.9229848E+01      0.0000000E+00
  -0.9205780E+01      0.0000000E+00
  -0.9181713E+01      0.0000000E+00
  -0.9157646E+01      0.0000000E+00
  -0.9133578E+01      0.0000000E+00
  -0.9109511E+01      0.0000000E+00
  -0.9085443E+01      0.0000000E+00
  -0.9061376E+01      0.0000000E+00
  -0.9037309E+01      0.0000000E+00
  -0.9013241E+01      0.0000000E+00
  -0.8989174E+01      0.0000000E+00
  -0.8965106E+01      0.5000000E+00
  -0.8941039E+01      0.5000000E+00
  -0.8916972E+01      0.1000000E+01
  -0.8892904E+01      0.1000000E+01
  -0.8868837E+01      0.1000000E+01
  -0.8844769E+01      0.1000000E+01
  -0.8820702E+01      0.1000000E+01
  -0.8796635E+01      0.1000000E+01
  -0.8772567E+01      0.7500000E+00
  -0.8748500E+01      0.7500000E+00
  -0.8724432E+01      0.7500000E+00
  -0.8700365E+01      0.1000000E+01
  -0.8676298E+01      0.1000000E+01
  -0.8652230E+01      0.1000000E+01
  -0.8628163E+01      0.1000000E+01
  -0.8604095E+01      0.1000000E+01
  -0.8580028E+01      0.1000000E+01
  -0.8555961E+01      0.1000000E+01
  -0.8531893E+01      0.1000000E+01
  -0.8507826E+01      0.1000000E+01
  -0.8483758E+01      0.1000000E+01
  -0.8459691E+01      0.1000000E+01
  -0.8435624E+01      0.1000000E+01
  -0.8411556E+01      0.1000000E+01
  -0.8387489E+01      0.1000000E+01
  -0.8363421E+01      0.1000000E+01
  -0.8339354E+01      0.1000000E+01
  -0.8315287E+01      0.1000000E+01
  -0.8291219E+01      0.1000000E+01
  -0.8267152E+01      0.1000000E+01
  -0.8243084E+01      0.1000000E+01
  -0.8219017E+01      0.1000000E+01
  -0.8194950E+01      0.1000000E+01
  -0.8170882E+01      0.1000000E+01
  -0.8146815E+01      0.1000000E+01
  -0.8122747E+01      0.1000000E+01
  -0.8098680E+01      0.1000000E+01
  -0.8074613E+01      0.1000000E+01
  -0.8050545E+01      0.1500000E+01
  -0.8026478E+01      0.1500000E+01
  -0.8002410E+01      0.1500000E+01
  -0.7978343E+01      0.1500000E+01
  -0.7954276E+01      0.1500000E+01
  -0.7930208E+01      0.1500000E+01
  -0.7906141E+01      0.1500000E+01
  -0.7882073E+01      0.1500000E+01
  -0.7858006E+01      0.1500000E+01
  -0.7833939E+01      0.1500000E+01
  -0.7809871E+01      0.2000000E+01
  -0.7785804E+01      0.2000000E+01
  -0.7761736E+01      0.2000000E+01
  -0.7737669E+01      0.2000000E+01
  -0.7713602E+01      0.2000000E+01
  -0.7689534E+01      0.2000000E+01
  -0.7665467E+01      0.2000000E+01
  -0.7641399E+01      0.2000000E+01
  -0.7617332E+01      0.2000000E+01
  -0.7593265E+01      0.2000000E+01
  -0.7569197E+01      0.2000000E+01
  -0.7545130E+01      0.2000000E+01
  -0.7521062E+01      0.2000000E+01
  -0.7496995E+01      0.2000000E+01
  -0.7472928E+01      0.2000000E+01
  -0.7448860E+01      0.2000000E+01
  -0.7424793E+01      0.2000000E+01
  -0.7400725E+01      0.2000000E+01
  -0.7376658E+01      0.2000000E+01
  -0.7352591E+01      0.2000000E+01
  -0.7328523E+01      0.2000000E+01
  -0.7304456E+01      0.2000000E+01
  -0.7280388E+01      0.2000000E+01
  -0.7256321E+01      0.2000000E+01
  -0.7232254E+01      0.2000000E+01
  -0.7208186E+01      0.2000000E+01
  -0.7184119E+01      0.2000000E+01
  -0.7160051E+01      0.2500000E+01
  -0.7135984E+01      0.2500000E+01
  -0.7111917E+01      0.2500000E+01
  -0.7087849E+01      0.2500000E+01
  -0.7063782E+01      0.2500000E+01
  -0.7039714E+01      0.2500000E+01
  -0.7015647E+01      0.2500000E+01
  -0.6991580E+01      0.2750000E+01
  -0.6967512E+01      0.2750000E+01
  -0.6943445E+01      0.3250000E+01
  -0.6919377E+01      0.3250000E+01
  -0.6895310E+01      0.3250000E+01
  -0.6871243E+01      0.3250000E+01
  -0.6847175E+01      0.3250000E+01
  -0.6823108E+01      0.3250000E+01
  -0.6799040E+01      0.3250000E+01
  -0.6774973E+01      0.4250000E+01
  -0.6750906E+01      0.4750000E+01
  -0.6726838E+01      0.5750000E+01
  -0.6702771E+01      0.5750000E+01
  -0.6678703E+01      0.5750000E+01
  -0.6654636E+01      0.5750000E+01
  -0.6630569E+01      0.6750000E+01
  -0.6606501E+01      0.6750000E+01
  -0.6582434E+01      0.7250000E+01
  -0.6558366E+01      0.7250000E+01
  -0.6534299E+01      0.8000000E+01
  -0.6510232E+01      0.8000000E+01
  -0.6486164E+01      0.8000000E+01
  -0.6462097E+01      0.8500000E+01
  -0.6438029E+01      0.8500000E+01
  -0.6413962E+01      0.8500000E+01
  -0.6389895E+01      0.8500000E+01
  -0.6365827E+01      0.1050000E+02
  -0.6341760E+01      0.1000000E+02
  -0.6317692E+01      0.1000000E+02
  -0.6293625E+01      0.1000000E+02
  -0.6269558E+01      0.1025000E+02
  -0.6245490E+01      0.1025000E+02
  -0.6221423E+01      0.1100000E+02
  -0.6197355E+01      0.1100000E+02
  -0.6173288E+01      0.1150000E+02
  -0.6149221E+01      0.1100000E+02
  -0.6125153E+01      0.1100000E+02
  -0.6101086E+01      0.1150000E+02
  -0.6077018E+01      0.1150000E+02
  -0.6052951E+01      0.1150000E+02
  -0.6028884E+01      0.1150000E+02
  -0.6004816E+01      0.1200000E+02
  -0.5980749E+01      0.1150000E+02
  -0.5956681E+01      0.1150000E+02
  -0.5932614E+01      0.1150000E+02
  -0.5908547E+01      0.1175000E+02
  -0.5884479E+01      0.1175000E+02
  -0.5860412E+01      0.1175000E+02
  -0.5836344E+01      0.1350000E+02
  -0.5812277E+01      0.1400000E+02
  -0.5788210E+01      0.1250000E+02
  -0.5764142E+01      0.1250000E+02
  -0.5740075E+01      0.1250000E+02
  -0.5716007E+01      0.1200000E+02
  -0.5691940E+01      0.1250000E+02
  -0.5667873E+01      0.1225000E+02
  -0.5643805E+01      0.1175000E+02
  -0.5619738E+01      0.1175000E+02
  -0.5595670E+01      0.1175000E+02
  -0.5571603E+01      0.1175000E+02
  -0.5547536E+01      0.1150000E+02
  -0.5523468E+01      0.1200000E+02
  -0.5499401E+01      0.1200000E+02
  -0.5475333E+01      0.1200000E+02
  -0.5451266E+01      0.1250000E+02
  -0.5427199E+01      0.1250000E+02
  -0.5403131E+01      0.1300000E+02
  -0.5379064E+01      0.1000000E+02
  -0.5354996E+01      0.1000000E+02
  -0.5330929E+01      0.1000000E+02
  -0.5306862E+01      0.9000000E+01
  -0.5282794E+01      0.8500000E+01
  -0.5258727E+01      0.9500000E+01
  -0.5234659E+01      0.9500000E+01
  -0.5210592E+01      0.1200000E+02
  -0.5186525E+01      0.1200000E+02
  -0.5162457E+01      0.1100000E+02
  -0.5138390E+01      0.1000000E+02
  -0.5114322E+01      0.1000000E+02
  -0.5090255E+01      0.1150000E+02
  -0.5066188E+01      0.1150000E+02
  -0.5042120E+01      0.1150000E+02
  -0.5018053E+01      0.1250000E+02
  -0.4993985E+01      0.1250000E+02
  -0.4969918E+01      0.1250000E+02
  -0.4945851E+01      0.1050000E+02
  -0.4921783E+01      0.1250000E+02
  -0.4897716E+01      0.1350000E+02
  -0.4873648E+01      0.1525000E+02
  -0.4849581E+01      0.1425000E+02
  -0.4825514E+01      0.1325000E+02
  -0.4801446E+01      0.1175000E+02
  -0.4777379E+01      0.1350000E+02
  -0.4753311E+01      0.1350000E+02
  -0.4729244E+01      0.1250000E+02
  -0.4705177E+01      0.1250000E+02
  -0.4681109E+01      0.1400000E+02
  -0.4657042E+01      0.1450000E+02
  -0.4632974E+01      0.1400000E+02
  -0.4608907E+01      0.1450000E+02
  -0.4584840E+01      0.1450000E+02
  -0.4560772E+01      0.1450000E+02
  -0.4536705E+01      0.1475000E+02
  -0.4512637E+01      0.1500000E+02
  -0.4488570E+01      0.1300000E+02
  -0.4464503E+01      0.1500000E+02
  -0.4440435E+01      0.1450000E+02
  -0.4416368E+01      0.1450000E+02
  -0.4392300E+01      0.1425000E+02
  -0.4368233E+01      0.1450000E+02
  -0.4344166E+01      0.1400000E+02
  -0.4320098E+01      0.1450000E+02
  -0.4296031E+01      0.1550000E+02
  -0.4271963E+01      0.1650000E+02
  -0.4247896E+01      0.1750000E+02
  -0.4223829E+01      0.1925000E+02
  -0.4199761E+01      0.1925000E+02
  -0.4175694E+01      0.1950000E+02
  -0.4151626E+01      0.1975000E+02
  -0.4127559E+01      0.1975000E+02
  -0.4103492E+01      0.1975000E+02
  -0.4079424E+01      0.1950000E+02
  -0.4055357E+01      0.2000000E+02
  -0.4031289E+01      0.1800000E+02
  -0.4007222E+01      0.1650000E+02
  -0.3983155E+01      0.1750000E+02
  -0.3959087E+01      0.1700000E+02
  -0.3935020E+01      0.1500000E+02
  -0.3910952E+01      0.1500000E+02
  -0.3886885E+01      0.1700000E+02
  -0.3862818E+01      0.1700000E+02
  -0.3838750E+01      0.1450000E+02
  -0.3814683E+01      0.1550000E+02
  -0.3790615E+01      0.1600000E+02
  -0.3766548E+01      0.1550000E+02
  -0.3742481E+01      0.1550000E+02
  -0.3718413E+01      0.1500000E+02
  -0.3694346E+01      0.1500000E+02
  -0.3670278E+01      0.1600000E+02
  -0.3646211E+01      0.1600000E+02
  -0.3622144E+01      0.1550000E+02
  -0.3598076E+01      0.1525000E+02
  -0.3574009E+01      0.1525000E+02
  -0.3549941E+01      0.1625000E+02
  -0.3525874E+01      0.1725000E+02
  -0.3501807E+01      0.1750000E+02
  -0.3477739E+01      0.1900000E+02
  -0.3453672E+01      0.1925000E+02
  -0.3429604E+01      0.1850000E+02
  -0.3405537E+01      0.1950000E+02
  -0.3381470E+01      0.1950000E+02
  -0.3357402E+01      0.1900000E+02
  -0.3333335E+01      0.1850000E+02
  -0.3309267E+01      0.1850000E+02
  -0.3285200E+01      0.1900000E+02
  -0.3261133E+01      0.1950000E+02
  -0.3237065E+01      0.1950000E+02
  -0.3212998E+01      0.2000000E+02
  -0.3188930E+01      0.2000000E+02
  -0.3164863E+01      0.2000000E+02
  -0.3140796E+01      0.1900000E+02
  -0.3116728E+01      0.2025000E+02
  -0.3092661E+01      0.2125000E+02
  -0.3068593E+01      0.1925000E+02
  -0.3044526E+01      0.2075000E+02
  -0.3020459E+01      0.2025000E+02
  -0.2996391E+01      0.2025000E+02
  -0.2972324E+01      0.1975000E+02
  -0.2948256E+01      0.1975000E+02
  -0.2924189E+01      0.2025000E+02
  -0.2900122E+01      0.2000000E+02
  -0.2876054E+01      0.2050000E+02
  -0.2851987E+01      0.2050000E+02
  -0.2827919E+01      0.2050000E+02
  -0.2803852E+01      0.1925000E+02
  -0.2779785E+01      0.1875000E+02
  -0.2755717E+01      0.1875000E+02
  -0.2731650E+01      0.1825000E+02
  -0.2707582E+01      0.1825000E+02
  -0.2683515E+01      0.1850000E+02
  -0.2659448E+01      0.1850000E+02
  -0.2635380E+01      0.1850000E+02
  -0.2611313E+01      0.1700000E+02
  -0.2587245E+01      0.1650000E+02
  -0.2563178E+01      0.1650000E+02
  -0.2539111E+01      0.1550000E+02
  -0.2515043E+01      0.1600000E+02
  -0.2490976E+01      0.1600000E+02
  -0.2466908E+01      0.1800000E+02
  -0.2442841E+01      0.1850000E+02
  -0.2418774E+01      0.1900000E+02
  -0.2394706E+01      0.1950000E+02
  -0.2370639E+01      0.2000000E+02
  -0.2346571E+01      0.2000000E+02
  -0.2322504E+01      0.1950000E+02
  -0.2298437E+01      0.2050000E+02
  -0.2274369E+01      0.2025000E+02
  -0.2250302E+01      0.2000000E+02
  -0.2226234E+01      0.1900000E+02
  -0.2202167E+01      0.1800000E+02
  -0.2178100E+01      0.1900000E+02
  -0.2154032E+01      0.1950000E+02
  -0.2129965E+01      0.2050000E+02
  -0.2105897E+01      0.2050000E+02
  -0.2081830E+01      0.2100000E+02
  -0.2057763E+01      0.2000000E+02
  -0.2033695E+01      0.1950000E+02
  -0.2009628E+01      0.1950000E+02
  -0.1985560E+01      0.1925000E+02
  -0.1961493E+01      0.1825000E+02
  -0.1937426E+01      0.1825000E+02
  -0.1913358E+01      0.1825000E+02
  -0.1889291E+01      0.1750000E+02
  -0.1865223E+01      0.1450000E+02
  -0.1841156E+01      0.1450000E+02
  -0.1817089E+01      0.1300000E+02
  -0.1793021E+01      0.1100000E+02
  -0.1768954E+01      0.1100000E+02
  -0.1744886E+01      0.1000000E+02
  -0.1720819E+01      0.1000000E+02
  -0.1696752E+01      0.1125000E+02
  -0.1672684E+01      0.9750000E+01
  -0.1648617E+01      0.9750000E+01
  -0.1624549E+01      0.9750000E+01
  -0.1600482E+01      0.9500000E+01
  -0.1576415E+01      0.9000000E+01
  -0.1552347E+01      0.9500000E+01
  -0.1528280E+01      0.5750000E+01
  -0.1504212E+01      0.5750000E+01
  -0.1480145E+01      0.5750000E+01
  -0.1456078E+01      0.5750000E+01
  -0.1432010E+01      0.5750000E+01
  -0.1407943E+01      0.6250000E+01
  -0.1383875E+01      0.5750000E+01
  -0.1359808E+01      0.5750000E+01
  -0.1335741E+01      0.5750000E+01
  -0.1311673E+01      0.5750000E+01
  -0.1287606E+01      0.5750000E+01
  -0.1263538E+01      0.5750000E+01
  -0.1239471E+01      0.5750000E+01
  -0.1215404E+01      0.5750000E+01
  -0.1191336E+01      0.5750000E+01
  -0.1167269E+01      0.5750000E+01
  -0.1143201E+01      0.6750000E+01
  -0.1119134E+01      0.6750000E+01
  -0.1095067E+01      0.6750000E+01
  -0.1070999E+01      0.7250000E+01
  -0.1046932E+01      0.6750000E+01
  -0.1022864E+01      0.6750000E+01
  -0.9987971E+00      0.6750000E+01
  -0.9747297E+00      0.6750000E+01
  -0.9506623E+00      0.6750000E+01
  -0.9265949E+00      0.6750000E+01
  -0.9025275E+00      0.6750000E+01
  -0.8784601E+00      0.6750000E+01
  -0.8543927E+00      0.6750000E+01
  -0.8303253E+00      0.6750000E+01
  -0.8062579E+00      0.6750000E+01
  -0.7821905E+00      0.6750000E+01
  -0.7581231E+00      0.6750000E+01
  -0.7340557E+00      0.6750000E+01
  -0.7099883E+00      0.6750000E+01
  -0.6859209E+00      0.6750000E+01
  -0.6618535E+00      0.6500000E+01
  -0.6377861E+00      0.6500000E+01
  -0.6137187E+00      0.6500000E+01
  -0.5896513E+00      0.7000000E+01
  -0.5655839E+00      0.7000000E+01
  -0.5415165E+00      0.7000000E+01
  -0.5174491E+00      0.7000000E+01
  -0.4933817E+00      0.7000000E+01
  -0.4693143E+00      0.7000000E+01
  -0.4452469E+00      0.7000000E+01
  -0.4211795E+00      0.7000000E+01
  -0.3971121E+00      0.7000000E+01
  -0.3730447E+00      0.7000000E+01
  -0.3489773E+00      0.7500000E+01
  -0.3249099E+00      0.7500000E+01
  -0.3008425E+00      0.7500000E+01
  -0.2767751E+00      0.7500000E+01
  -0.2527077E+00      0.7000000E+01
  -0.2286403E+00      0.7000000E+01
  -0.2045729E+00      0.7000000E+01
  -0.1805055E+00      0.7000000E+01
  -0.1564381E+00      0.7000000E+01
  -0.1323707E+00      0.7000000E+01
  -0.1083033E+00      0.7500000E+01
  -0.8423590E-01      0.7500000E+01
  -0.6016850E-01      0.7500000E+01
  -0.3610110E-01      0.7500000E+01
  -0.1203370E-01      0.7500000E+01
   0.1203370E-01      0.7500000E+01
   0.3610110E-01      0.7500000E+01
   0.6016850E-01      0.7500000E+01
   0.8423590E-01      0.7500000E+01
   0.1083033E+00      0.7500000E+01
   0.1323707E+00      0.7500000E+01
   0.1564381E+00      0.7750000E+01
   0.1805055E+00      0.7750000E+01
   0.2045729E+00      0.7250000E+01
   0.2286403E+00      0.7250000E+01
   0.2527077E+00      0.7250000E+01
   0.2767751E+00      0.7250000E+01
   0.3008425E+00      0.7250000E+01
   0.3249099E+00      0.7250000E+01
   0.3489773E+00      0.7250000E+01
   0.3730447E+00      0.7250000E+01
   0.3971121E+00      0.7250000E+01
   0.4211795E+00      0.7250000E+01
   0.4452469E+00      0.7250000E+01
   0.4693143E+00      0.7250000E+01
   0.4933817E+00      0.7250000E+01
   0.5174491E+00      0.7750000E+01
   0.5415165E+00      0.7750000E+01
   0.5655839E+00      0.7750000E+01
   0.5896513E+00      0.7750000E+01
   0.6137187E+00      0.7750000E+01
   0.6377861E+00      0.7750000E+01
   0.6618535E+00      0.7750000E+01
   0.6859209E+00      0.7750000E+01
   0.7099883E+00      0.7750000E+01
   0.7340557E+00      0.7750000E+01
   0.7581231E+00      0.7750000E+01
   0.7821905E+00      0.8250000E+01
   0.8062579E+00      0.8250000E+01
   0.8303253E+00      0.8250000E+01
   0.8543927E+00      0.8250000E+01
   0.8784601E+00      0.8250000E+01
   0.9025275E+00      0.8250000E+01
   0.9265949E+00      0.8250000E+01
   0.9506623E+00      0.8250000E+01
   0.9747297E+00      0.8250000E+01
   0.9987971E+00      0.8250000E+01
   0.1022864E+01      0.8250000E+01
   0.1046932E+01      0.8250000E+01
   0.1070999E+01      0.8250000E+01
   0.1095067E+01      0.8250000E+01
   0.1119134E+01      0.8750000E+01
   0.1143201E+01      0.8250000E+01
   0.1167269E+01      0.8250000E+01
   0.1191336E+01      0.7250000E+01
   0.1215404E+01      0.7250000E+01
   0.1239471E+01      0.7750000E+01
   0.1263538E+01      0.7500000E+01
   0.1287606E+01      0.7500000E+01
   0.1311673E+01      0.7500000E+01
   0.1335741E+01      0.7500000E+01
   0.1359808E+01      0.7500000E+01
   0.1383875E+01      0.7500000E+01
   0.1407943E+01      0.7500000E+01
   0.1432010E+01      0.7500000E+01
   0.1456078E+01      0.7500000E+01
   0.1480145E+01      0.7500000E+01
   0.1504212E+01      0.7500000E+01
   0.1528280E+01      0.7500000E+01
   0.1552347E+01      0.7500000E+01
   0.1576415E+01      0.7500000E+01
   0.1600482E+01      0.7500000E+01
   0.1624549E+01      0.7500000E+01
   0.1648617E+01      0.6500000E+01
   0.1672684E+01      0.6500000E+01
   0.1696752E+01      0.6500000E+01
   0.1720819E+01      0.6500000E+01
   0.1744886E+01      0.6500000E+01
   0.1768954E+01      0.6500000E+01
   0.1793021E+01      0.6500000E+01
   0.1817089E+01      0.6500000E+01
   0.1841156E+01      0.6500000E+01
   0.1865223E+01      0.6500000E+01
   0.1889291E+01      0.6500000E+01
   0.1913358E+01      0.6500000E+01
   0.1937426E+01      0.6500000E+01
   0.1961493E+01      0.6500000E+01
   0.1985560E+01      0.6500000E+01
   0.2009628E+01      0.6500000E+01
   0.2033695E+01      0.7000000E+01
   0.2057763E+01      0.7000000E+01
   0.2081830E+01      0.7000000E+01
   0.2105897E+01      0.7000000E+01
   0.2129965E+01      0.7500000E+01
   0.2154032E+01      0.7500000E+01
   0.2178100E+01      0.7000000E+01
   0.2202167E+01      0.7000000E+01
   0.2226234E+01      0.7000000E+01
   0.2250302E+01      0.7000000E+01
   0.2274369E+01      0.7000000E+01
   0.2298437E+01      0.7000000E+01
   0.2322504E+01      0.7000000E+01
   0.2346571E+01      0.7000000E+01
   0.2370639E+01      0.7000000E+01
   0.2394706E+01      0.7000000E+01
   0.2418774E+01      0.7250000E+01
   0.2442841E+01      0.7250000E+01
   0.2466908E+01      0.7250000E+01
   0.2490976E+01      0.7250000E+01
   0.2515043E+01      0.7250000E+01
   0.2539111E+01      0.7250000E+01
   0.2563178E+01      0.7250000E+01
   0.2587245E+01      0.7250000E+01
   0.2611313E+01      0.7250000E+01
   0.2635380E+01      0.7250000E+01
   0.2659448E+01      0.7250000E+01
   0.2683515E+01      0.7250000E+01
   0.2707582E+01      0.7250000E+01
   0.2731650E+01      0.7250000E+01
   0.2755717E+01      0.7250000E+01
   0.2779785E+01      0.7250000E+01
   0.2803852E+01      0.7250000E+01
   0.2827919E+01      0.7250000E+01
   0.2851987E+01      0.7250000E+01
   0.2876054E+01      0.7250000E+01
   0.2900122E+01      0.7000000E+01
   0.2924189E+01      0.6500000E+01
   0.2948256E+01      0.6500000E+01
   0.2972324E+01      0.6500000E+01
   0.2996391E+01      0.6500000E+01
   0.3020459E+01      0.6500000E+01
   0.3044526E+01      0.6500000E+01
   0.3068593E+01      0.6500000E+01
   0.3092661E+01      0.9000000E+01
   0.3116728E+01      0.9000000E+01
   0.3140796E+01      0.9000000E+01
   0.3164863E+01      0.9000000E+01
   0.3188930E+01      0.9000000E+01
   0.3212998E+01      0.1000000E+02
   0.3237065E+01      0.1000000E+02
   0.3261133E+01      0.1000000E+02
   0.3285200E+01      0.1000000E+02
   0.3309267E+01      0.1000000E+02
   0.3333335E+01      0.1050000E+02
   0.3357402E+01      0.1050000E+02
   0.3381470E+01      0.1050000E+02
   0.3405537E+01      0.9500000E+01
   0.3429604E+01      0.9500000E+01
   0.3453672E+01      0.9500000E+01
   0.3477739E+01      0.1000000E+02
   0.3501807E+01      0.1000000E+02
   0.3525874E+01      0.1000000E+02
   0.3549941E+01      0.1100000E+02
   0.3574009E+01      0.1100000E+02
   0.3598076E+01      0.1000000E+02
   0.3622144E+01      0.1000000E+02
   0.3646211E+01      0.1000000E+02
   0.3670278E+01      0.1000000E+02
   0.3694346E+01      0.9500000E+01
   0.3718413E+01      0.9500000E+01
   0.3742481E+01      0.1000000E+02
   0.3766548E+01      0.1000000E+02
   0.3790615E+01      0.1000000E+02
   0.3814683E+01      0.1000000E+02
   0.3838750E+01      0.1000000E+02
   0.3862818E+01      0.9000000E+01
   0.3886885E+01      0.9000000E+01
   0.3910952E+01      0.9000000E+01
   0.3935020E+01      0.9000000E+01
   0.3959087E+01      0.9000000E+01
   0.3983155E+01      0.9000000E+01
   0.4007222E+01      0.9000000E+01
   0.4031289E+01      0.9000000E+01
   0.4055357E+01      0.1000000E+02
   0.4079424E+01      0.1000000E+02
   0.4103492E+01      0.1000000E+02
   0.4127559E+01      0.1000000E+02
   0.4151626E+01      0.1050000E+02
   0.4175694E+01      0.1050000E+02
   0.4199761E+01      0.1050000E+02
   0.4223829E+01      0.1050000E+02
   0.4247896E+01      0.1050000E+02
   0.4271963E+01      0.1050000E+02
   0.4296031E+01      0.1050000E+02
   0.4320098E+01      0.1100000E+02
   0.4344166E+01      0.1050000E+02
   0.4368233E+01      0.1050000E+02
   0.4392300E+01      0.1050000E+02
   0.4416368E+01      0.1050000E+02
   0.4440435E+01      0.1150000E+02
   0.4464503E+01      0.1150000E+02
   0.4488570E+01      0.1150000E+02
   0.4512637E+01      0.1150000E+02
   0.4536705E+01      0.1150000E+02
   0.4560772E+01      0.1150000E+02
   0.4584840E+01      0.1150000E+02
   0.4608907E+01      0.1150000E+02
   0.4632974E+01      0.1050000E+02
   0.4657042E+01      0.1050000E+02
   0.4681109E+01      0.1050000E+02
   0.4705177E+01      0.9500000E+01
   0.4729244E+01      0.9500000E+01
   0.4753311E+01      0.9500000E+01
   0.4777379E+01      0.9500000E+01
   0.4801446E+01      0.9500000E+01
   0.4825514E+01      0.9500000E+01
   0.4849581E+01      0.9500000E+01
   0.4873648E+01      0.9000000E+01
   0.4897716E+01      0.9000000E+01
   0.4921783E+01      0.9000000E+01
   0.4945851E+01      0.9000000E+01
   0.4969918E+01      0.9000000E+01
   0.4993985E+01      0.9000000E+01
   0.5018053E+01      0.1000000E+02
   0.5042120E+01      0.1000000E+02
   0.5066188E+01      0.1050000E+02
   0.5090255E+01      0.1050000E+02
   0.5114322E+01      0.1050000E+02
   0.5138390E+01      0.1150000E+02
   0.5162457E+01      0.1150000E+02
   0.5186525E+01      0.1150000E+02
   0.5210592E+01      0.1150000E+02
   0.5234659E+01      0.1150000E+02
   0.5258727E+01      0.1150000E+02
   0.5282794E+01      0.1150000E+02
   0.5306862E+01      0.1150000E+02
   0.5330929E+01      0.1150000E+02
   0.5354996E+01      0.1150000E+02
   0.5379064E+01      0.1150000E+02
   0.5403131E+01      0.1150000E+02
   0.5427199E+01      0.1150000E+02
   0.5451266E+01      0.1150000E+02
   0.5475333E+01      0.1150000E+02
   0.5499401E+01      0.1150000E+02
   0.5523468E+01      0.1150000E+02
   0.5547536E+01      0.1150000E+02
   0.5571603E+01      0.1150000E+02
   0.5595670E+01      0.1150000E+02
   0.5619738E+01      0.1150000E+02
   0.5643805E+01      0.1100000E+02
   0.5667873E+01      0.1100000E+02
   0.5691940E+01      0.1100000E+02
   0.5716007E+01      0.1100000E+02
   0.5740075E+01      0.1100000E+02
   0.5764142E+01      0.1100000E+02
   0.5788210E+01      0.1100000E+02
   0.5812277E+01      0.1100000E+02
   0.5836344E+01      0.1050000E+02
   0.5860412E+01      0.1050000E+02
   0.5884479E+01      0.1050000E+02
   0.5908547E+01      0.1050000E+02
   0.5932614E+01      0.1050000E+02
   0.5956681E+01      0.1150000E+02
   0.5980749E+01      0.1100000E+02
   0.6004816E+01      0.1100000E+02
   0.6028884E+01      0.1100000E+02
   0.6052951E+01      0.1100000E+02
   0.6077018E+01      0.1100000E+02
   0.6101086E+01      0.1100000E+02
   0.6125153E+01      0.1100000E+02
   0.6149221E+01      0.1100000E+02
   0.6173288E+01      0.1100000E+02
   0.6197355E+01      0.1100000E+02
   0.6221423E+01      0.1150000E+02
   0.6245490E+01      0.1150000E+02
   0.6269558E+01      0.1150000E+02
   0.6293625E+01      0.1150000E+02
   0.6317692E+01      0.1200000E+02
   0.6341760E+01      0.1200000E+02
   0.6365827E+01      0.1200000E+02
   0.6389895E+01      0.1200000E+02
   0.6413962E+01      0.1200000E+02
   0.6438029E+01      0.1200000E+02
   0.6462097E+01      0.1200000E+02
   0.6486164E+01      0.1150000E+02
   0.6510232E+01      0.1150000E+02
   0.6534299E+01      0.1150000E+02
   0.6558366E+01      0.1150000E+02
   0.6582434E+01      0.1150000E+02
   0.6606501E+01      0.1125000E+02
   0.6630569E+01      0.1125000E+02
   0.6654636E+01      0.1125000E+02
   0.6678703E+01      0.1125000E+02
   0.6702771E+01      0.1125000E+02
   0.6726838E+01      0.1125000E+02
   0.6750906E+01      0.1125000E+02
   0.6774973E+01      0.1075000E+02
   0.6799040E+01      0.1075000E+02
   0.6823108E+01      0.1075000E+02
   0.6847175E+01      0.1075000E+02
   0.6871243E+01      0.1075000E+02
   0.6895310E+01      0.1075000E+02
   0.6919377E+01      0.1075000E+02
   0.6943445E+01      0.1075000E+02
   0.6967512E+01      0.1075000E+02
   0.6991580E+01      0.1075000E+02
   0.7015647E+01      0.1075000E+02
   0.7039714E+01      0.1075000E+02
   0.7063782E+01      0.1075000E+02
   0.7087849E+01      0.1075000E+02
   0.7111917E+01      0.1075000E+02
   0.7135984E+01      0.1075000E+02
   0.7160051E+01      0.1075000E+02
   0.7184119E+01      0.1075000E+02
   0.7208186E+01      0.1075000E+02
   0.7232254E+01      0.1075000E+02
   0.7256321E+01      0.1025000E+02
   0.7280388E+01      0.1025000E+02
   0.7304456E+01      0.1025000E+02
   0.7328523E+01      0.1025000E+02
   0.7352591E+01      0.1025000E+02
   0.7376658E+01      0.1025000E+02
   0.7400725E+01      0.1025000E+02
   0.7424793E+01      0.1025000E+02
   0.7448860E+01      0.1025000E+02
   0.7472928E+01      0.1025000E+02
   0.7496995E+01      0.1025000E+02
   0.7521062E+01      0.1025000E+02
   0.7545130E+01      0.1075000E+02
   0.7569197E+01      0.1075000E+02
   0.7593265E+01      0.1075000E+02
   0.7617332E+01      0.1075000E+02
   0.7641399E+01      0.1100000E+02
   0.7665467E+01      0.1100000E+02
   0.7689534E+01      0.1100000E+02
   0.7713602E+01      0.1100000E+02
   0.7737669E+01      0.1100000E+02
   0.7761736E+01      0.1100000E+02
   0.7785804E+01      0.1100000E+02
   0.7809871E+01      0.1100000E+02
   0.7833939E+01      0.1100000E+02
   0.7858006E+01      0.1100000E+02
   0.7882073E+01      0.1100000E+02
   0.7906141E+01      0.1100000E+02
   0.7930208E+01      0.1100000E+02
   0.7954276E+01      0.1100000E+02
   0.7978343E+01      0.1100000E+02
   0.8002410E+01      0.1100000E+02
   0.8026478E+01      0.1150000E+02
   0.8050545E+01      0.1150000E+02
   0.8074613E+01      0.1200000E+02
   0.8098680E+01      0.1200000E+02
   0.8122747E+01      0.1200000E+02
   0.8146815E+01      0.1150000E+02
   0.8170882E+01      0.1100000E+02
   0.8194950E+01      0.1100000E+02
   0.8219017E+01      0.1100000E+02
   0.8243084E+01      0.1100000E+02
   0.8267152E+01      0.1100000E+02
   0.8291219E+01      0.1100000E+02
   0.8315287E+01      0.1100000E+02
   0.8339354E+01      0.1100000E+02
   0.8363421E+01      0.1100000E+02
   0.8387489E+01      0.1150000E+02
   0.8411556E+01      0.1200000E+02
   0.8435624E+01      0.1200000E+02
   0.8459691E+01      0.1250000E+02
   0.8483758E+01      0.1250000E+02
   0.8507826E+01      0.1250000E+02
   0.8531893E+01      0.1250000E+02
   0.8555961E+01      0.1250000E+02
   0.8580028E+01      0.1250000E+02
   0.8604095E+01      0.1300000E+02
   0.8628163E+01      0.1300000E+02
   0.8652230E+01      0.1325000E+02
   0.8676298E+01      0.1275000E+02
   0.8700365E+01      0.1275000E+02
   0.8724432E+01      0.1275000E+02
   0.8748500E+01      0.1275000E+02
   0.8772567E+01      0.1275000E+02
   0.8796635E+01      0.1275000E+02
   0.8820702E+01      0.1275000E+02
   0.8844769E+01      0.1275000E+02
   0.8868837E+01      0.1275000E+02
   0.8892904E+01      0.1275000E+02
   0.8916972E+01      0.1275000E+02
   0.8941039E+01      0.1175000E+02
   0.8965106E+01      0.1125000E+02
   0.8989174E+01      0.1125000E+02
   0.9013241E+01      0.1125000E+02
   0.9037309E+01      0.1125000E+02
   0.9061376E+01      0.1125000E+02
   0.9085443E+01      0.1125000E+02
   0.9109511E+01      0.1125000E+02
   0.9133578E+01      0.1125000E+02
   0.9157646E+01      0.1125000E+02
   0.9181713E+01      0.1150000E+02
   0.9205780E+01      0.1150000E+02
   0.9229848E+01      0.1150000E+02
   0.9253915E+01      0.1150000E+02
   0.9277983E+01      0.1200000E+02
   0.9302050E+01      0.1200000E+02
   0.9326117E+01      0.1200000E+02
   0.9350185E+01      0.1300000E+02
   0.9374252E+01      0.1300000E+02
   0.9398320E+01      0.1300000E+02
   0.9422387E+01      0.1300000E+02
   0.9446454E+01      0.1300000E+02
   0.9470522E+01      0.1300000E+02
   0.9494589E+01      0.1300000E+02
   0.9518657E+01      0.1300000E+02
   0.9542724E+01      0.1350000E+02
   0.9566791E+01      0.1350000E+02
   0.9590859E+01      0.1350000E+02
   0.9614926E+01      0.1350000E+02
   0.9638994E+01      0.1350000E+02
   0.9663061E+01      0.1350000E+02
   0.9687128E+01      0.1350000E+02
   0.9711196E+01      0.1350000E+02
   0.9735263E+01      0.1325000E+02
   0.9759331E+01      0.1375000E+02
   0.9783398E+01      0.1375000E+02
   0.9807465E+01      0.1375000E+02
   0.9831533E+01      0.1375000E+02
   0.9855600E+01      0.1375000E+02
   0.9879668E+01      0.1375000E+02
   0.9903735E+01      0.1375000E+02
   0.9927802E+01      0.1375000E+02
   0.9951870E+01      0.1425000E+02
   0.9975937E+01      0.1425000E+02
   0.1000000E+02      0.1475000E+02
 &
 @autoscale
 @target G2.S0
