 @target G2.S0
 @type xy
  -0.1000000E+02      0.3320119E-14
  -0.9975937E+01     -0.4377718E-14
  -0.9951870E+01      0.8653833E-15
  -0.9927802E+01      0.1554238E-13
  -0.9903735E+01     -0.2922174E-13
  -0.9879668E+01     -0.1853703E-13
  -0.9855600E+01     -0.2454667E-14
  -0.9831533E+01     -0.1580493E-13
  -0.9807465E+01     -0.5029759E-14
  -0.9783398E+01      0.5404349E-14
  -0.9759331E+01      0.1084630E-13
  -0.9735263E+01     -0.7092071E-15
  -0.9711196E+01     -0.7957290E-14
  -0.9687128E+01      0.1856534E-14
  -0.9663061E+01     -0.5733201E-14
  -0.9638994E+01      0.1540574E-13
  -0.9614926E+01     -0.2338855E-14
  -0.9590859E+01      0.1880215E-13
  -0.9566791E+01      0.8190215E-14
  -0.9542724E+01      0.4087176E-14
  -0.9518657E+01      0.1192444E-13
  -0.9494589E+01      0.3819005E-14
  -0.9470522E+01      0.1316245E-13
  -0.9446454E+01     -0.1409815E-13
  -0.9422387E+01     -0.6468100E-14
  -0.9398320E+01      0.5334517E-14
  -0.9374252E+01      0.2641689E-13
  -0.9350185E+01     -0.1381032E-13
  -0.9326117E+01     -0.1595101E-14
  -0.9302050E+01     -0.1131157E-13
  -0.9277983E+01     -0.3495529E-13
  -0.9253915E+01     -0.1024369E-13
  -0.9229848E+01      0.2354395E-13
  -0.9205780E+01     -0.3286218E-14
  -0.9181713E+01     -0.8937887E-14
  -0.9157646E+01      0.2304723E-13
  -0.9133578E+01      0.1607803E-13
  -0.9109511E+01     -0.3505433E-13
  -0.9085443E+01      0.1756278E-13
  -0.9061376E+01     -0.8967943E-14
  -0.9037309E+01     -0.1501615E-13
  -0.9013241E+01      0.1578065E-13
  -0.8989174E+01     -0.1013754E-13
  -0.8965106E+01      0.4672884E-01
  -0.8941039E+01      0.9428386E-01
  -0.8916972E+01      0.2356414E+00
  -0.8892904E+01      0.2594758E+00
  -0.8868837E+01      0.2466140E+00
  -0.8844769E+01      0.2178027E+00
  -0.8820702E+01      0.1819203E+00
  -0.8796635E+01      0.1429551E+00
  -0.8772567E+01      0.5904201E-01
  -0.8748500E+01      0.1586368E-01
  -0.8724432E+01     -0.5103233E-03
  -0.8700365E+01      0.4940828E-01
  -0.8676298E+01      0.6576956E-01
  -0.8652230E+01      0.7204814E-01
  -0.8628163E+01      0.7497297E-01
  -0.8604095E+01      0.7652937E-01
  -0.8580028E+01      0.7712307E-01
  -0.8555961E+01      0.7712476E-01
  -0.8531893E+01      0.7629253E-01
  -0.8507826E+01      0.7441478E-01
  -0.8483758E+01      0.7133204E-01
  -0.8459691E+01      0.1005724E+00
  -0.8435624E+01      0.9605525E-01
  -0.8411556E+01      0.9479643E-01
  -0.8387489E+01      0.9265947E-01
  -0.8363421E+01      0.9427831E-01
  -0.8339354E+01      0.6543331E-01
  -0.8315287E+01      0.7234324E-01
  -0.8291219E+01      0.7837532E-01
  -0.8267152E+01      0.8202361E-01
  -0.8243084E+01      0.8294466E-01
  -0.8219017E+01      0.8134567E-01
  -0.8194950E+01      0.7762473E-01
  -0.8170882E+01      0.7221921E-01
  -0.8146815E+01      0.6554790E-01
  -0.8122747E+01      0.5798827E-01
  -0.8098680E+01      0.4977115E-01
  -0.8074613E+01      0.4094837E-01
  -0.8050545E+01      0.1445011E+00
  -0.8026478E+01      0.1651729E+00
  -0.8002410E+01      0.1517936E+00
  -0.7978343E+01      0.1272730E+00
  -0.7954276E+01      0.1001500E+00
  -0.7930208E+01      0.7445486E-01
  -0.7906141E+01      0.5191648E-01
  -0.7882073E+01      0.3365903E-01
  -0.7858006E+01      0.5400227E-01
  -0.7833939E+01      0.3426197E-01
  -0.7809871E+01      0.1665190E+00
  -0.7785804E+01      0.1728064E+00
  -0.7761736E+01      0.1540901E+00
  -0.7737669E+01      0.1311480E+00
  -0.7713602E+01      0.1120777E+00
  -0.7689534E+01      0.9998926E-01
  -0.7665467E+01      0.9548631E-01
  -0.7641399E+01      0.9782628E-01
  -0.7617332E+01      0.1055624E+00
  -0.7593265E+01      0.1169314E+00
  -0.7569197E+01      0.1300997E+00
  -0.7545130E+01      0.1433232E+00
  -0.7521062E+01      0.1550542E+00
  -0.7496995E+01      0.1640120E+00
  -0.7472928E+01      0.1692372E+00
  -0.7448860E+01      0.1700934E+00
  -0.7424793E+01      0.1663625E+00
  -0.7400725E+01      0.1581909E+00
  -0.7376658E+01      0.1461433E+00
  -0.7352591E+01      0.1312050E+00
  -0.7328523E+01      0.1147130E+00
  -0.7304456E+01      0.9836951E-01
  -0.7280388E+01      0.8397169E-01
  -0.7256321E+01      0.7314571E-01
  -0.7232254E+01      0.6689536E-01
  -0.7208186E+01      0.6515454E-01
  -0.7184119E+01      0.6659189E-01
  -0.7160051E+01      0.1549385E+00
  -0.7135984E+01      0.1980242E+00
  -0.7111917E+01      0.1983696E+00
  -0.7087849E+01      0.1474627E+00
  -0.7063782E+01      0.1274791E+00
  -0.7039714E+01      0.1198053E+00
  -0.7015647E+01      0.8018538E-01
  -0.6991580E+01      0.1393806E+00
  -0.6967512E+01      0.1106314E+00
  -0.6943445E+01      0.3518350E+00
  -0.6919377E+01      0.4541381E+00
  -0.6895310E+01      0.3498651E+00
  -0.6871243E+01      0.2693699E+00
  -0.6847175E+01      0.2367111E+00
  -0.6823108E+01      0.2342224E+00
  -0.6799040E+01      0.1943871E+00
  -0.6774973E+01      0.5732996E+00
  -0.6750906E+01      0.8580563E+00
  -0.6726838E+01      0.1233763E+01
  -0.6702771E+01      0.1029219E+01
  -0.6678703E+01      0.7505453E+00
  -0.6654636E+01      0.5264604E+00
  -0.6630569E+01      0.8755671E+00
  -0.6606501E+01      0.7264594E+00
  -0.6582434E+01      0.8502023E+00
  -0.6558366E+01      0.7262979E+00
  -0.6534299E+01      0.9265425E+00
  -0.6510232E+01      0.8078377E+00
  -0.6486164E+01      0.7085672E+00
  -0.6462097E+01      0.7929970E+00
  -0.6438029E+01      0.8760217E+00
  -0.6413962E+01      0.9439698E+00
  -0.6389895E+01      0.1013767E+01
  -0.6365827E+01      0.1993303E+01
  -0.6341760E+01      0.1418905E+01
  -0.6317692E+01      0.9664071E+00
  -0.6293625E+01      0.7725473E+00
  -0.6269558E+01      0.9518807E+00
  -0.6245490E+01      0.9728863E+00
  -0.6221423E+01      0.1337199E+01
  -0.6197355E+01      0.1280119E+01
  -0.6173288E+01      0.1492826E+01
  -0.6149221E+01      0.1111364E+01
  -0.6125153E+01      0.1250633E+01
  -0.6101086E+01      0.1017024E+01
  -0.6077018E+01      0.1292905E+01
  -0.6052951E+01      0.1105843E+01
  -0.6028884E+01      0.9612617E+00
  -0.6004816E+01      0.9622128E+00
  -0.5980749E+01      0.9097772E+00
  -0.5956681E+01      0.9408959E+00
  -0.5932614E+01      0.9845314E+00
  -0.5908547E+01      0.1216127E+01
  -0.5884479E+01      0.1186702E+01
  -0.5860412E+01      0.1123195E+01
  -0.5836344E+01      0.3244584E+01
  -0.5812277E+01      0.3354260E+01
  -0.5788210E+01      0.1398234E+01
  -0.5764142E+01      0.1177744E+01
  -0.5740075E+01      0.1016153E+01
  -0.5716007E+01      0.8802274E+00
  -0.5691940E+01      0.9395322E+00
  -0.5667873E+01      0.8673660E+00
  -0.5643805E+01      0.9315280E+00
  -0.5619738E+01      0.1014627E+01
  -0.5595670E+01      0.1063969E+01
  -0.5571603E+01      0.1057037E+01
  -0.5547536E+01      0.1406369E+01
  -0.5523468E+01      0.1862211E+01
  -0.5499401E+01      0.1470811E+01
  -0.5475333E+01      0.1156394E+01
  -0.5451266E+01      0.1288796E+01
  -0.5427199E+01      0.1645402E+01
  -0.5403131E+01      0.1570157E+01
  -0.5379064E+01      0.1989019E+01
  -0.5354996E+01      0.1990675E+01
  -0.5330929E+01      0.1720921E+01
  -0.5306862E+01      0.1526459E+01
  -0.5282794E+01      0.1114315E+01
  -0.5258727E+01      0.1224804E+01
  -0.5234659E+01      0.1024139E+01
  -0.5210592E+01      0.1075146E+01
  -0.5186525E+01      0.1194783E+01
  -0.5162457E+01      0.1144053E+01
  -0.5138390E+01      0.1749540E+01
  -0.5114322E+01      0.1065923E+01
  -0.5090255E+01      0.1042686E+01
  -0.5066188E+01      0.9748846E+00
  -0.5042120E+01      0.9400046E+00
  -0.5018053E+01      0.1220779E+01
  -0.4993985E+01      0.1291505E+01
  -0.4969918E+01      0.1668346E+01
  -0.4945851E+01      0.1038304E+01
  -0.4921783E+01      0.1683428E+01
  -0.4897716E+01      0.2472792E+01
  -0.4873648E+01      0.2443171E+01
  -0.4849581E+01      0.2399710E+01
  -0.4825514E+01      0.2206087E+01
  -0.4801446E+01      0.1846406E+01
  -0.4777379E+01      0.1715482E+01
  -0.4753311E+01      0.1647199E+01
  -0.4729244E+01      0.1938749E+01
  -0.4705177E+01      0.1106194E+01
  -0.4681109E+01      0.1147862E+01
  -0.4657042E+01      0.1390456E+01
  -0.4632974E+01      0.1518590E+01
  -0.4608907E+01      0.4202007E+01
  -0.4584840E+01      0.1711061E+01
  -0.4560772E+01      0.1707946E+01
  -0.4536705E+01      0.3532200E+01
  -0.4512637E+01      0.2415071E+01
  -0.4488570E+01      0.2368925E+01
  -0.4464503E+01      0.1675874E+01
  -0.4440435E+01      0.1449854E+01
  -0.4416368E+01      0.1680416E+01
  -0.4392300E+01      0.1977548E+01
  -0.4368233E+01      0.1904613E+01
  -0.4344166E+01      0.1723005E+01
  -0.4320098E+01      0.1753910E+01
  -0.4296031E+01      0.1439212E+01
  -0.4271963E+01      0.1478867E+01
  -0.4247896E+01      0.1565269E+01
  -0.4223829E+01      0.2533220E+01
  -0.4199761E+01      0.2168336E+01
  -0.4175694E+01      0.2019540E+01
  -0.4151626E+01      0.2355579E+01
  -0.4127559E+01      0.1783544E+01
  -0.4103492E+01      0.1890981E+01
  -0.4079424E+01      0.3076657E+01
  -0.4055357E+01      0.2671416E+01
  -0.4031289E+01      0.2157098E+01
  -0.4007222E+01      0.1986443E+01
  -0.3983155E+01      0.2369411E+01
  -0.3959087E+01      0.1523211E+01
  -0.3935020E+01      0.1391638E+01
  -0.3910952E+01      0.1305138E+01
  -0.3886885E+01      0.1447027E+01
  -0.3862818E+01      0.1471650E+01
  -0.3838750E+01      0.2087280E+01
  -0.3814683E+01      0.2232873E+01
  -0.3790615E+01      0.2979633E+01
  -0.3766548E+01      0.2235641E+01
  -0.3742481E+01      0.1915497E+01
  -0.3718413E+01      0.1452436E+01
  -0.3694346E+01      0.1266858E+01
  -0.3670278E+01      0.1142654E+01
  -0.3646211E+01      0.1063106E+01
  -0.3622144E+01      0.9970814E+00
  -0.3598076E+01      0.9584706E+00
  -0.3574009E+01      0.9415191E+00
  -0.3549941E+01      0.1042502E+01
  -0.3525874E+01      0.1387625E+01
  -0.3501807E+01      0.1559990E+01
  -0.3477739E+01      0.1764170E+01
  -0.3453672E+01      0.1675664E+01
  -0.3429604E+01      0.1490793E+01
  -0.3405537E+01      0.1560490E+01
  -0.3381470E+01      0.1899067E+01
  -0.3357402E+01      0.1738392E+01
  -0.3333335E+01      0.1424613E+01
  -0.3309267E+01      0.1443788E+01
  -0.3285200E+01      0.1290330E+01
  -0.3261133E+01      0.1261439E+01
  -0.3237065E+01      0.1317093E+01
  -0.3212998E+01      0.1653597E+01
  -0.3188930E+01      0.1913834E+01
  -0.3164863E+01      0.2147073E+01
  -0.3140796E+01      0.2387364E+01
  -0.3116728E+01      0.2279160E+01
  -0.3092661E+01      0.2495217E+01
  -0.3068593E+01      0.1820189E+01
  -0.3044526E+01      0.2675012E+01
  -0.3020459E+01      0.2143678E+01
  -0.2996391E+01      0.2499542E+01
  -0.2972324E+01      0.2083107E+01
  -0.2948256E+01      0.1898789E+01
  -0.2924189E+01      0.1725448E+01
  -0.2900122E+01      0.1757377E+01
  -0.2876054E+01      0.1438899E+01
  -0.2851987E+01      0.1528500E+01
  -0.2827919E+01      0.1507348E+01
  -0.2803852E+01      0.1566829E+01
  -0.2779785E+01      0.1510680E+01
  -0.2755717E+01      0.1418840E+01
  -0.2731650E+01      0.1249855E+01
  -0.2707582E+01      0.1254525E+01
  -0.2683515E+01      0.2053448E+01
  -0.2659448E+01      0.1822478E+01
  -0.2635380E+01      0.1659681E+01
  -0.2611313E+01      0.2755029E+01
  -0.2587245E+01      0.1313598E+01
  -0.2563178E+01      0.1131382E+01
  -0.2539111E+01      0.1027480E+01
  -0.2515043E+01      0.1132140E+01
  -0.2490976E+01      0.1223168E+01
  -0.2466908E+01      0.2478248E+01
  -0.2442841E+01      0.2009636E+01
  -0.2418774E+01      0.1644433E+01
  -0.2394706E+01      0.1498588E+01
  -0.2370639E+01      0.1652344E+01
  -0.2346571E+01      0.1574522E+01
  -0.2322504E+01      0.1522501E+01
  -0.2298437E+01      0.2737948E+01
  -0.2274369E+01      0.2865747E+01
  -0.2250302E+01      0.2107468E+01
  -0.2226234E+01      0.1969244E+01
  -0.2202167E+01      0.1650341E+01
  -0.2178100E+01      0.1684663E+01
  -0.2154032E+01      0.1869344E+01
  -0.2129965E+01      0.1865880E+01
  -0.2105897E+01      0.1786130E+01
  -0.2081830E+01      0.1987605E+01
  -0.2057763E+01      0.1440101E+01
  -0.2033695E+01      0.1460788E+01
  -0.2009628E+01      0.1956441E+01
  -0.1985560E+01      0.1989384E+01
  -0.1961493E+01      0.1578503E+01
  -0.1937426E+01      0.1926246E+01
  -0.1913358E+01      0.2570784E+01
  -0.1889291E+01      0.3741828E+01
  -0.1865223E+01      0.2265174E+01
  -0.1841156E+01      0.2263480E+01
  -0.1817089E+01      0.2020308E+01
  -0.1793021E+01      0.8016898E+01
  -0.1768954E+01      0.2033442E+01
  -0.1744886E+01      0.1081377E+01
  -0.1720819E+01      0.1173504E+01
  -0.1696752E+01      0.1848595E+01
  -0.1672684E+01      0.5007554E+00
  -0.1648617E+01      0.5181553E+00
  -0.1624549E+01      0.6278264E+00
  -0.1600482E+01      0.8626188E+00
  -0.1576415E+01      0.1949208E+01
  -0.1552347E+01      0.3021026E+01
  -0.1528280E+01      0.3213588E+00
  -0.1504212E+01      0.3989766E+00
  -0.1480145E+01      0.3609037E+00
  -0.1456078E+01      0.3230310E+00
  -0.1432010E+01      0.3119920E+00
  -0.1407943E+01      0.6123096E+00
  -0.1383875E+01      0.3581684E+00
  -0.1359808E+01      0.2725852E+00
  -0.1335741E+01      0.2400994E+00
  -0.1311673E+01      0.2215673E+00
  -0.1287606E+01      0.2101510E+00
  -0.1263538E+01      0.2023587E+00
  -0.1239471E+01      0.1983268E+00
  -0.1215404E+01      0.1944321E+00
  -0.1191336E+01      0.1922902E+00
  -0.1167269E+01      0.1959526E+00
  -0.1143201E+01      0.5306774E+00
  -0.1119134E+01      0.6130377E+00
  -0.1095067E+01      0.6188915E+00
  -0.1070999E+01      0.5945962E+00
  -0.1046932E+01      0.2559284E+00
  -0.1022864E+01      0.2462418E+00
  -0.9987971E+00      0.2480161E+00
  -0.9747297E+00      0.2514632E+00
  -0.9506623E+00      0.2544551E+00
  -0.9265949E+00      0.2561234E+00
  -0.9025275E+00      0.2561498E+00
  -0.8784601E+00      0.2545741E+00
  -0.8543927E+00      0.2518811E+00
  -0.8303253E+00      0.2491852E+00
  -0.8062579E+00      0.2483898E+00
  -0.7821905E+00      0.2521985E+00
  -0.7581231E+00      0.3836432E+00
  -0.7340557E+00      0.4144834E+00
  -0.7099883E+00      0.4658334E+00
  -0.6859209E+00      0.5527803E+00
  -0.6618535E+00      0.3484867E+00
  -0.6377861E+00      0.2159146E+00
  -0.6137187E+00      0.2050401E+00
  -0.5896513E+00      0.2689979E+00
  -0.5655839E+00      0.2900163E+00
  -0.5415165E+00      0.2923800E+00
  -0.5174491E+00      0.2860564E+00
  -0.4933817E+00      0.2762456E+00
  -0.4693143E+00      0.2673314E+00
  -0.4452469E+00      0.2639373E+00
  -0.4211795E+00      0.2707576E+00
  -0.3971121E+00      0.2913584E+00
  -0.3730447E+00      0.3249366E+00
  -0.3489773E+00      0.3703930E+00
  -0.3249099E+00      0.3611133E+00
  -0.3008425E+00      0.3561253E+00
  -0.2767751E+00      0.2637426E+01
  -0.2527077E+00      0.2115043E+00
  -0.2286403E+00      0.2118205E+00
  -0.2045729E+00      0.2111225E+00
  -0.1805055E+00      0.2115659E+00
  -0.1564381E+00      0.2117976E+00
  -0.1323707E+00      0.2122555E+00
  -0.1083033E+00      0.4267760E+00
  -0.8423590E-01      0.4743370E+00
  -0.6016850E-01      0.3999871E+00
  -0.3610110E-01      0.3232618E+00
  -0.1203370E-01      0.2682571E+00
   0.1203370E-01      0.2375243E+00
   0.3610110E-01      0.2268210E+00
   0.6016850E-01      0.2303662E+00
   0.8423590E-01      0.2429913E+00
   0.1083033E+00      0.2608843E+00
   0.1323707E+00      0.2795512E+00
   0.1564381E+00      0.6382066E+00
   0.1805055E+00      0.4547292E+00
   0.2045729E+00      0.2475874E+00
   0.2286403E+00      0.2396658E+00
   0.2527077E+00      0.2323395E+00
   0.2767751E+00      0.2238025E+00
   0.3008425E+00      0.2152947E+00
   0.3249099E+00      0.2092980E+00
   0.3489773E+00      0.2048110E+00
   0.3730447E+00      0.1982707E+00
   0.3971121E+00      0.1912948E+00
   0.4211795E+00      0.1853710E+00
   0.4452469E+00      0.1808437E+00
   0.4693143E+00      0.1777534E+00
   0.4933817E+00      0.1761700E+00
   0.5174491E+00      0.1887203E+00
   0.5415165E+00      0.2173249E+00
   0.5655839E+00      0.2257221E+00
   0.5896513E+00      0.2290823E+00
   0.6137187E+00      0.2300177E+00
   0.6377861E+00      0.2296572E+00
   0.6618535E+00      0.2286237E+00
   0.6859209E+00      0.2273081E+00
   0.7099883E+00      0.2259798E+00
   0.7340557E+00      0.2248581E+00
   0.7581231E+00      0.2243683E+00
   0.7821905E+00      0.6113951E+00
   0.8062579E+00      0.6239208E+00
   0.8303253E+00      0.5622624E+00
   0.8543927E+00      0.4926397E+00
   0.8784601E+00      0.3704420E+00
   0.9025275E+00      0.2610499E+00
   0.9265949E+00      0.2521673E+00
   0.9506623E+00      0.2560592E+00
   0.9747297E+00      0.2694770E+00
   0.9987971E+00      0.2887603E+00
   0.1022864E+01      0.3103018E+00
   0.1046932E+01      0.3306918E+00
   0.1070999E+01      0.3468219E+00
   0.1095067E+01      0.3555474E+00
   0.1119134E+01      0.3534809E+00
   0.1143201E+01      0.3515943E+00
   0.1167269E+01      0.3302678E+00
   0.1191336E+01      0.2531732E+00
   0.1215404E+01      0.2521512E+00
   0.1239471E+01      0.3949613E+00
   0.1263538E+01      0.4081227E+00
   0.1287606E+01      0.3865002E+00
   0.1311673E+01      0.3532013E+00
   0.1335741E+01      0.3174536E+00
   0.1359808E+01      0.2848263E+00
   0.1383875E+01      0.2589241E+00
   0.1407943E+01      0.2408782E+00
   0.1432010E+01      0.2298310E+00
   0.1456078E+01      0.2241740E+00
   0.1480145E+01      0.2222421E+00
   0.1504212E+01      0.2224849E+00
   0.1528280E+01      0.2234593E+00
   0.1552347E+01      0.2237700E+00
   0.1576415E+01      0.2219340E+00
   0.1600482E+01      0.2159564E+00
   0.1624549E+01      0.2009619E+00
   0.1648617E+01      0.1706218E+00
   0.1672684E+01      0.1672203E+00
   0.1696752E+01      0.1637977E+00
   0.1720819E+01      0.1574135E+00
   0.1744886E+01      0.1486142E+00
   0.1768954E+01      0.1411606E+00
   0.1793021E+01      0.1364638E+00
   0.1817089E+01      0.1338597E+00
   0.1841156E+01      0.1325582E+00
   0.1865223E+01      0.1321412E+00
   0.1889291E+01      0.1323806E+00
   0.1913358E+01      0.1331655E+00
   0.1937426E+01      0.1344315E+00
   0.1961493E+01      0.1361373E+00
   0.1985560E+01      0.1382569E+00
   0.2009628E+01      0.1407942E+00
   0.2033695E+01      0.1520817E+00
   0.2057763E+01      0.1783001E+00
   0.2081830E+01      0.1891784E+00
   0.2105897E+01      0.1960485E+00
   0.2129965E+01      0.2521094E+00
   0.2154032E+01      0.2846607E+00
   0.2178100E+01      0.2864903E+00
   0.2202167E+01      0.2806989E+00
   0.2226234E+01      0.2709008E+00
   0.2250302E+01      0.2591375E+00
   0.2274369E+01      0.2467870E+00
   0.2298437E+01      0.2347763E+00
   0.2322504E+01      0.3408950E+00
   0.2346571E+01      0.3246066E+00
   0.2370639E+01      0.3108570E+00
   0.2394706E+01      0.2997451E+00
   0.2418774E+01      0.2853967E+00
   0.2442841E+01      0.2345907E+00
   0.2466908E+01      0.2339095E+00
   0.2490976E+01      0.2283692E+00
   0.2515043E+01      0.2225886E+00
   0.2539111E+01      0.2229459E+00
   0.2563178E+01      0.2251451E+00
   0.2587245E+01      0.2276796E+00
   0.2611313E+01      0.2332915E+00
   0.2635380E+01      0.2185921E+00
   0.2659448E+01      0.2082186E+00
   0.2683515E+01      0.2018392E+00
   0.2707582E+01      0.1977687E+00
   0.2731650E+01      0.1953324E+00
   0.2755717E+01      0.1942366E+00
   0.2779785E+01      0.1944068E+00
   0.2803852E+01      0.1959072E+00
   0.2827919E+01      0.1989735E+00
   0.2851987E+01      0.2042413E+00
   0.2876054E+01      0.2142901E+00
   0.2900122E+01      0.2170583E+00
   0.2924189E+01      0.2145812E+00
   0.2948256E+01      0.2011240E+00
   0.2972324E+01      0.1960073E+00
   0.2996391E+01      0.1982203E+00
   0.3020459E+01      0.2025130E+00
   0.3044526E+01      0.2077410E+00
   0.3068593E+01      0.2154672E+00
   0.3092661E+01      0.2500096E+00
   0.3116728E+01      0.2622520E+00
   0.3140796E+01      0.2712420E+00
   0.3164863E+01      0.2793630E+00
   0.3188930E+01      0.2875279E+00
   0.3212998E+01      0.3551150E+00
   0.3237065E+01      0.3741182E+00
   0.3261133E+01      0.3761544E+00
   0.3285200E+01      0.3712597E+00
   0.3309267E+01      0.3640179E+00
   0.3333335E+01      0.3672871E+00
   0.3357402E+01      0.3601486E+00
   0.3381470E+01      0.3491529E+00
   0.3405537E+01      0.3396674E+00
   0.3429604E+01      0.3382999E+00
   0.3453672E+01      0.3369953E+00
   0.3477739E+01      0.3584653E+00
   0.3501807E+01      0.3613270E+00
   0.3525874E+01      0.3615487E+00
   0.3549941E+01      0.3772178E+00
   0.3574009E+01      0.3785540E+00
   0.3598076E+01      0.3771232E+00
   0.3622144E+01      0.3472205E+00
   0.3646211E+01      0.3357637E+00
   0.3670278E+01      0.3253321E+00
   0.3694346E+01      0.3036863E+00
   0.3718413E+01      0.2993501E+00
   0.3742481E+01      0.3742182E+00
   0.3766548E+01      0.4027422E+00
   0.3790615E+01      0.3985794E+00
   0.3814683E+01      0.3813309E+00
   0.3838750E+01      0.3555800E+00
   0.3862818E+01      0.4246765E+00
   0.3886885E+01      0.3932761E+00
   0.3910952E+01      0.3833087E+00
   0.3935020E+01      0.3775227E+00
   0.3959087E+01      0.3259564E+00
   0.3983155E+01      0.2497757E+00
   0.4007222E+01      0.2505514E+00
   0.4031289E+01      0.2626417E+00
   0.4055357E+01      0.2955592E+00
   0.4079424E+01      0.2904889E+00
   0.4103492E+01      0.2853020E+00
   0.4127559E+01      0.2801174E+00
   0.4151626E+01      0.3282311E+00
   0.4175694E+01      0.3363328E+00
   0.4199761E+01      0.3354828E+00
   0.4223829E+01      0.3303773E+00
   0.4247896E+01      0.3232032E+00
   0.4271963E+01      0.3157556E+00
   0.4296031E+01      0.3130671E+00
   0.4320098E+01      0.3081671E+00
   0.4344166E+01      0.2859745E+00
   0.4368233E+01      0.2761804E+00
   0.4392300E+01      0.2693726E+00
   0.4416368E+01      0.2678017E+00
   0.4440435E+01      0.2857717E+00
   0.4464503E+01      0.2834261E+00
   0.4488570E+01      0.2825109E+00
   0.4512637E+01      0.2827335E+00
   0.4536705E+01      0.2840070E+00
   0.4560772E+01      0.2863670E+00
   0.4584840E+01      0.2900589E+00
   0.4608907E+01      0.2960861E+00
   0.4632974E+01      0.2909806E+00
   0.4657042E+01      0.2911239E+00
   0.4681109E+01      0.3069892E+00
   0.4705177E+01      0.2485710E+00
   0.4729244E+01      0.2362684E+00
   0.4753311E+01      0.2316315E+00
   0.4777379E+01      0.2292896E+00
   0.4801446E+01      0.2280893E+00
   0.4825514E+01      0.2277272E+00
   0.4849581E+01      0.2282728E+00
   0.4873648E+01      0.2223850E+00
   0.4897716E+01      0.2156371E+00
   0.4921783E+01      0.2152890E+00
   0.4945851E+01      0.2176068E+00
   0.4969918E+01      0.2247988E+00
   0.4993985E+01      0.2557597E+00
   0.5018053E+01      0.2520698E+00
   0.5042120E+01      0.2519551E+00
   0.5066188E+01      0.2601155E+00
   0.5090255E+01      0.2845880E+00
   0.5114322E+01      0.3702553E+00
   0.5138390E+01      0.3084236E+00
   0.5162457E+01      0.2991735E+00
   0.5186525E+01      0.2949078E+00
   0.5210592E+01      0.2923188E+00
   0.5234659E+01      0.2905933E+00
   0.5258727E+01      0.2894341E+00
   0.5282794E+01      0.2886933E+00
   0.5306862E+01      0.2882609E+00
   0.5330929E+01      0.2880249E+00
   0.5354996E+01      0.2878613E+00
   0.5379064E+01      0.2876417E+00
   0.5403131E+01      0.4439964E+00
   0.5427199E+01      0.4433110E+00
   0.5451266E+01      0.4419642E+00
   0.5475333E+01      0.4400052E+00
   0.5499401E+01      0.3689237E+00
   0.5523468E+01      0.2813406E+00
   0.5547536E+01      0.2801922E+00
   0.5571603E+01      0.2801208E+00
   0.5595670E+01      0.2829117E+00
   0.5619738E+01      0.2963713E+00
   0.5643805E+01      0.2630950E+00
   0.5667873E+01      0.2539327E+00
   0.5691940E+01      0.2509170E+00
   0.5716007E+01      0.2492488E+00
   0.5740075E+01      0.2483752E+00
   0.5764142E+01      0.2479818E+00
   0.5788210E+01      0.2475788E+00
   0.5812277E+01      0.2456464E+00
   0.5836344E+01      0.2286182E+00
   0.5860412E+01      0.2295486E+00
   0.5884479E+01      0.2383310E+00
   0.5908547E+01      0.2657124E+00
   0.5932614E+01      0.3635558E+00
   0.5956681E+01      0.3001649E+00
   0.5980749E+01      0.3008758E+00
   0.6004816E+01      0.2787901E+00
   0.6028884E+01      0.2641164E+00
   0.6052951E+01      0.2554543E+00
   0.6077018E+01      0.2505543E+00
   0.6101086E+01      0.2489221E+00
   0.6125153E+01      0.2503878E+00
   0.6149221E+01      0.2577719E+00
   0.6173288E+01      0.2760868E+00
   0.6197355E+01      0.2795884E+00
   0.6221423E+01      0.2898109E+00
   0.6245490E+01      0.2846050E+00
   0.6269558E+01      0.2861201E+00
   0.6293625E+01      0.2886092E+00
   0.6317692E+01      0.2954815E+00
   0.6341760E+01      0.3050107E+00
   0.6365827E+01      0.3115144E+00
   0.6389895E+01      0.3173383E+00
   0.6413962E+01      0.3228213E+00
   0.6438029E+01      0.3275144E+00
   0.6462097E+01      0.3267313E+00
   0.6486164E+01      0.3176247E+00
   0.6510232E+01      0.3199436E+00
   0.6534299E+01      0.3211464E+00
   0.6558366E+01      0.3202422E+00
   0.6582434E+01      0.3166017E+00
   0.6606501E+01      0.3048439E+00
   0.6630569E+01      0.2985898E+00
   0.6654636E+01      0.2926802E+00
   0.6678703E+01      0.2867306E+00
   0.6702771E+01      0.2809404E+00
   0.6726838E+01      0.2755637E+00
   0.6750906E+01      0.2706320E+00
   0.6774973E+01      0.2497952E+00
   0.6799040E+01      0.2435643E+00
   0.6823108E+01      0.2392472E+00
   0.6847175E+01      0.2360513E+00
   0.6871243E+01      0.2338450E+00
   0.6895310E+01      0.2325647E+00
   0.6919377E+01      0.2321212E+00
   0.6943445E+01      0.3484951E+00
   0.6967512E+01      0.3505926E+00
   0.6991580E+01      0.3534987E+00
   0.7015647E+01      0.3569301E+00
   0.7039714E+01      0.2986598E+00
   0.7063782E+01      0.2409639E+00
   0.7087849E+01      0.2428311E+00
   0.7111917E+01      0.2444273E+00
   0.7135984E+01      0.2457021E+00
   0.7160051E+01      0.2466724E+00
   0.7184119E+01      0.2473887E+00
   0.7208186E+01      0.2478903E+00
   0.7232254E+01      0.2478436E+00
   0.7256321E+01      0.2411985E+00
   0.7280388E+01      0.2401558E+00
   0.7304456E+01      0.2409300E+00
   0.7328523E+01      0.2425283E+00
   0.7352591E+01      0.2447644E+00
   0.7376658E+01      0.2475783E+00
   0.7400725E+01      0.2509567E+00
   0.7424793E+01      0.2549202E+00
   0.7448860E+01      0.2595309E+00
   0.7472928E+01      0.2649212E+00
   0.7496995E+01      0.2713522E+00
   0.7521062E+01      0.2793968E+00
   0.7545130E+01      0.2980662E+00
   0.7569197E+01      0.3050882E+00
   0.7593265E+01      0.3001039E+00
   0.7617332E+01      0.2954860E+00
   0.7641399E+01      0.2993229E+00
   0.7665467E+01      0.3048196E+00
   0.7689534E+01      0.3100580E+00
   0.7713602E+01      0.3150029E+00
   0.7737669E+01      0.3195856E+00
   0.7761736E+01      0.3237743E+00
   0.7785804E+01      0.3275538E+00
   0.7809871E+01      0.3309147E+00
   0.7833939E+01      0.3338380E+00
   0.7858006E+01      0.3369087E+00
   0.7882073E+01      0.3387486E+00
   0.7906141E+01      0.3405302E+00
   0.7930208E+01      0.3419012E+00
   0.7954276E+01      0.3427036E+00
   0.7978343E+01      0.3426087E+00
   0.8002410E+01      0.3411722E+00
   0.8026478E+01      0.3408909E+00
   0.8050545E+01      0.3403205E+00
   0.8074613E+01      0.3419674E+00
   0.8098680E+01      0.3482628E+00
   0.8122747E+01      0.3510407E+00
   0.8146815E+01      0.3435527E+00
   0.8170882E+01      0.3432546E+00
   0.8194950E+01      0.3469022E+00
   0.8219017E+01      0.3505849E+00
   0.8243084E+01      0.3547662E+00
   0.8267152E+01      0.3597344E+00
   0.8291219E+01      0.3657363E+00
   0.8315287E+01      0.3728760E+00
   0.8339354E+01      0.3806364E+00
   0.8363421E+01      0.3862523E+00
   0.8387489E+01      0.4246400E+00
   0.8411556E+01      0.4515285E+00
   0.8435624E+01      0.4697431E+00
   0.8459691E+01      0.4906225E+00
   0.8483758E+01      0.7413894E+00
   0.8507826E+01      0.7497850E+00
   0.8531893E+01      0.7546247E+00
   0.8555961E+01      0.7562438E+00
   0.8580028E+01      0.6740969E+00
   0.8604095E+01      0.5250533E+00
   0.8628163E+01      0.5281476E+00
   0.8652230E+01      0.5284831E+00
   0.8676298E+01      0.4505141E+00
   0.8700365E+01      0.4418369E+00
   0.8724432E+01      0.4407910E+00
   0.8748500E+01      0.4466907E+00
   0.8772567E+01      0.4605312E+00
   0.8796635E+01      0.4826513E+00
   0.8820702E+01      0.5118595E+00
   0.8844769E+01      0.5442462E+00
   0.8868837E+01      0.5707683E+00
   0.8892904E+01      0.5699772E+00
   0.8916972E+01      0.4398453E+00
   0.8941039E+01      0.3725575E+00
   0.8965106E+01      0.3624715E+00
   0.8989174E+01      0.3617917E+00
   0.9013241E+01      0.3631175E+00
   0.9037309E+01      0.3675408E+00
   0.9061376E+01      0.3721685E+00
   0.9085443E+01      0.3734566E+00
   0.9109511E+01      0.3718919E+00
   0.9133578E+01      0.3686086E+00
   0.9157646E+01      0.3650665E+00
   0.9181713E+01      0.3738209E+00
   0.9205780E+01      0.3728549E+00
   0.9229848E+01      0.3703288E+00
   0.9253915E+01      0.3678430E+00
   0.9277983E+01      0.3713392E+00
   0.9302050E+01      0.3839606E+00
   0.9326117E+01      0.4011942E+00
   0.9350185E+01      0.5479769E+00
   0.9374252E+01      0.5836646E+00
   0.9398320E+01      0.5956289E+00
   0.9422387E+01      0.5934533E+00
   0.9446454E+01      0.5811701E+00
   0.9470522E+01      0.5637871E+00
   0.9494589E+01      0.5478811E+00
   0.9518657E+01      0.5356477E+00
   0.9542724E+01      0.5411194E+00
   0.9566791E+01      0.5419885E+00
   0.9590859E+01      0.5423138E+00
   0.9614926E+01      0.5417908E+00
   0.9638994E+01      0.5404126E+00
   0.9663061E+01      0.5405219E+00
   0.9687128E+01      0.5432766E+00
   0.9711196E+01      0.5500225E+00
   0.9735263E+01      0.5577390E+00
   0.9759331E+01      0.5790106E+00
   0.9783398E+01      0.5921978E+00
   0.9807465E+01      0.6053294E+00
   0.9831533E+01      0.6180238E+00
   0.9855600E+01      0.6297380E+00
   0.9879668E+01      0.6407310E+00
   0.9903735E+01      0.6515013E+00
   0.9927802E+01      0.6629680E+00
   0.9951870E+01      0.6852029E+00
   0.9975937E+01      0.7469693E+00
   0.1000000E+02      0.8500235E+00
 &
 @autoscale
 @target G3.S0
