 @target G3.S0
 @type xy
  -0.1000000E+02      0.2730212E-13
  -0.9975937E+01     -0.1430192E-13
  -0.9951870E+01     -0.2285089E-13
  -0.9927802E+01     -0.4020873E-14
  -0.9903735E+01      0.3110073E-13
  -0.9879668E+01      0.3894886E-13
  -0.9855600E+01     -0.2819425E-13
  -0.9831533E+01     -0.1387392E-13
  -0.9807465E+01      0.2453264E-13
  -0.9783398E+01      0.3574817E-13
  -0.9759331E+01     -0.6937177E-14
  -0.9735263E+01      0.9436752E-14
  -0.9711196E+01      0.4126250E-13
  -0.9687128E+01      0.6513244E-14
  -0.9663061E+01      0.4153520E-14
  -0.9638994E+01      0.5726376E-14
  -0.9614926E+01      0.2603903E-13
  -0.9590859E+01      0.1914201E-13
  -0.9566791E+01     -0.3671681E-13
  -0.9542724E+01     -0.4392197E-14
  -0.9518657E+01      0.2478084E-13
  -0.9494589E+01     -0.8421266E-14
  -0.9470522E+01     -0.4789142E-13
  -0.9446454E+01      0.1094202E-13
  -0.9422387E+01      0.3549611E-13
  -0.9398320E+01     -0.4416275E-13
  -0.9374252E+01      0.2728059E-13
  -0.9350185E+01     -0.4386551E-13
  -0.9326117E+01      0.4535946E-13
  -0.9302050E+01      0.8184780E-13
  -0.9277983E+01     -0.1234029E-13
  -0.9253915E+01     -0.8166104E-13
  -0.9229848E+01      0.5592698E-13
  -0.9205780E+01      0.1107336E-12
  -0.9181713E+01     -0.1226770E-12
  -0.9157646E+01     -0.6668245E-13
  -0.9133578E+01      0.2038624E-12
  -0.9109511E+01     -0.2432343E-12
  -0.9085443E+01     -0.2202773E-13
  -0.9061376E+01     -0.1248066E-12
  -0.9037309E+01      0.3654172E-12
  -0.9013241E+01     -0.5483912E-12
  -0.8989174E+01      0.1833727E-11
  -0.8965106E+01      0.2697994E+01
  -0.8941039E+01      0.1192900E+01
  -0.8916972E+01      0.3342363E+01
  -0.8892904E+01      0.2383312E+01
  -0.8868837E+01      0.1997207E+01
  -0.8844769E+01      0.1791259E+01
  -0.8820702E+01      0.1696749E+01
  -0.8796635E+01      0.1800549E+01
  -0.8772567E+01      0.1071615E+01
  -0.8748500E+01      0.1004421E+01
  -0.8724432E+01      0.9487651E+00
  -0.8700365E+01      0.2094069E+01
  -0.8676298E+01      0.1621438E+01
  -0.8652230E+01      0.1432107E+01
  -0.8628163E+01      0.1316302E+01
  -0.8604095E+01      0.1233467E+01
  -0.8580028E+01      0.1169224E+01
  -0.8555961E+01      0.1116925E+01
  -0.8531893E+01      0.1072946E+01
  -0.8507826E+01      0.1035100E+01
  -0.8483758E+01      0.1001961E+01
  -0.8459691E+01      0.9725481E+00
  -0.8435624E+01      0.9461543E+00
  -0.8411556E+01      0.9222553E+00
  -0.8387489E+01      0.9004504E+00
  -0.8363421E+01      0.8804277E+00
  -0.8339354E+01      0.8619420E+00
  -0.8315287E+01      0.8447867E+00
  -0.8291219E+01      0.8288079E+00
  -0.8267152E+01      0.8138700E+00
  -0.8243084E+01      0.7998626E+00
  -0.8219017E+01      0.7866936E+00
  -0.8194950E+01      0.7742851E+00
  -0.8170882E+01      0.7625713E+00
  -0.8146815E+01      0.7514957E+00
  -0.8122747E+01      0.7410098E+00
  -0.8098680E+01      0.7310713E+00
  -0.8074613E+01      0.7216430E+00
  -0.8050545E+01      0.3365646E+01
  -0.8026478E+01      0.2324788E+01
  -0.8002410E+01      0.1969264E+01
  -0.7978343E+01      0.1772784E+01
  -0.7954276E+01      0.1642836E+01
  -0.7930208E+01      0.1548210E+01
  -0.7906141E+01      0.1475040E+01
  -0.7882073E+01      0.1416100E+01
  -0.7858006E+01      0.1367203E+01
  -0.7833939E+01      0.1325732E+01
  -0.7809871E+01      0.3714770E+01
  -0.7785804E+01      0.2913612E+01
  -0.7761736E+01      0.2571816E+01
  -0.7737669E+01      0.2366328E+01
  -0.7713602E+01      0.2223579E+01
  -0.7689534E+01      0.2116195E+01
  -0.7665467E+01      0.2031281E+01
  -0.7641399E+01      0.1961832E+01
  -0.7617332E+01      0.1903652E+01
  -0.7593265E+01      0.1854045E+01
  -0.7569197E+01      0.1811181E+01
  -0.7545130E+01      0.1773767E+01
  -0.7521062E+01      0.1740856E+01
  -0.7496995E+01      0.1711734E+01
  -0.7472928E+01      0.1685851E+01
  -0.7448860E+01      0.1662775E+01
  -0.7424793E+01      0.1642158E+01
  -0.7400725E+01      0.1623717E+01
  -0.7376658E+01      0.1607219E+01
  -0.7352591E+01      0.1592471E+01
  -0.7328523E+01      0.1579301E+01
  -0.7304456E+01      0.1567573E+01
  -0.7280388E+01      0.1557163E+01
  -0.7256321E+01      0.1547964E+01
  -0.7232254E+01      0.1539882E+01
  -0.7208186E+01      0.1532836E+01
  -0.7184119E+01      0.1526752E+01
  -0.7160051E+01      0.7382272E+01
  -0.7135984E+01      0.3606471E+01
  -0.7111917E+01      0.3047346E+01
  -0.7087849E+01      0.2783846E+01
  -0.7063782E+01      0.2623449E+01
  -0.7039714E+01      0.2513340E+01
  -0.7015647E+01      0.2432342E+01
  -0.6991580E+01      0.4607563E+01
  -0.6967512E+01      0.3809326E+01
  -0.6943445E+01      0.6520600E+01
  -0.6919377E+01      0.5500306E+01
  -0.6895310E+01      0.5032481E+01
  -0.6871243E+01      0.4737954E+01
  -0.6847175E+01      0.4510998E+01
  -0.6823108E+01      0.4318623E+01
  -0.6799040E+01      0.4155902E+01
  -0.6774973E+01      0.1320833E+02
  -0.6750906E+01      0.1121584E+02
  -0.6726838E+01      0.1832538E+02
  -0.6702771E+01      0.1307284E+02
  -0.6678703E+01      0.1125161E+02
  -0.6654636E+01      0.1021393E+02
  -0.6630569E+01      0.1609101E+02
  -0.6606501E+01      0.1334678E+02
  -0.6582434E+01      0.1793337E+02
  -0.6558366E+01      0.1447357E+02
  -0.6534299E+01      0.1833072E+02
  -0.6510232E+01      0.1577875E+02
  -0.6486164E+01      0.1466921E+02
  -0.6462097E+01      0.1799258E+02
  -0.6438029E+01      0.1566737E+02
  -0.6413962E+01      0.1500714E+02
  -0.6389895E+01      0.1486048E+02
  -0.6365827E+01      0.3025168E+02
  -0.6341760E+01      0.2226988E+02
  -0.6317692E+01      0.2362155E+02
  -0.6293625E+01      0.2725417E+02
  -0.6269558E+01      0.2359604E+02
  -0.6245490E+01      0.2012981E+02
  -0.6221423E+01      0.2379430E+02
  -0.6197355E+01      0.2248266E+02
  -0.6173288E+01      0.3252866E+02
  -0.6149221E+01      0.3631318E+02
  -0.6125153E+01      0.2317640E+02
  -0.6101086E+01      0.5504995E+02
  -0.6077018E+01      0.2323349E+02
  -0.6052951E+01      0.2124279E+02
  -0.6028884E+01      0.2031007E+02
  -0.6004816E+01      0.2309985E+02
  -0.5980749E+01      0.1958305E+02
  -0.5956681E+01      0.1884390E+02
  -0.5932614E+01      0.1841016E+02
  -0.5908547E+01      0.2006551E+02
  -0.5884479E+01      0.1939999E+02
  -0.5860412E+01      0.1950967E+02
  -0.5836344E+01      0.8155268E+02
  -0.5812277E+01      0.4448328E+02
  -0.5788210E+01      0.2758882E+02
  -0.5764142E+01      0.2426600E+02
  -0.5740075E+01      0.2358673E+02
  -0.5716007E+01      0.2002997E+02
  -0.5691940E+01      0.2821754E+02
  -0.5667873E+01      0.2108633E+02
  -0.5643805E+01      0.1913786E+02
  -0.5619738E+01      0.1911424E+02
  -0.5595670E+01      0.1954011E+02
  -0.5571603E+01      0.2105345E+02
  -0.5547536E+01      0.2849467E+02
  -0.5523468E+01      0.3091337E+02
  -0.5499401E+01      0.2981305E+02
  -0.5475333E+01      0.2440119E+02
  -0.5451266E+01      0.3227454E+02
  -0.5427199E+01      0.2966880E+02
  -0.5403131E+01      0.6360513E+02
  -0.5379064E+01      0.2088676E+02
  -0.5354996E+01      0.2180751E+02
  -0.5330929E+01      0.2103350E+02
  -0.5306862E+01      0.1697071E+02
  -0.5282794E+01      0.1586896E+02
  -0.5258727E+01      0.1944393E+02
  -0.5234659E+01      0.1787697E+02
  -0.5210592E+01      0.4621813E+02
  -0.5186525E+01      0.2642383E+02
  -0.5162457E+01      0.2654977E+02
  -0.5138390E+01      0.1823496E+02
  -0.5114322E+01      0.1771959E+02
  -0.5090255E+01      0.2128276E+02
  -0.5066188E+01      0.2030434E+02
  -0.5042120E+01      0.2043440E+02
  -0.5018053E+01      0.2923909E+02
  -0.4993985E+01      0.2559793E+02
  -0.4969918E+01      0.3021240E+02
  -0.4945851E+01      0.2237129E+02
  -0.4921783E+01      0.3257300E+02
  -0.4897716E+01      0.4314952E+02
  -0.4873648E+01      0.5167427E+02
  -0.4849581E+01      0.4209685E+02
  -0.4825514E+01      0.4616847E+02
  -0.4801446E+01      0.2651442E+02
  -0.4777379E+01      0.2841310E+02
  -0.4753311E+01      0.2827393E+02
  -0.4729244E+01      0.2226181E+02
  -0.4705177E+01      0.2276595E+02
  -0.4681109E+01      0.3341944E+02
  -0.4657042E+01      0.3330529E+02
  -0.4632974E+01      0.2713697E+02
  -0.4608907E+01      0.4338144E+02
  -0.4584840E+01      0.2997964E+02
  -0.4560772E+01      0.3108344E+02
  -0.4536705E+01      0.5094478E+02
  -0.4512637E+01      0.4412965E+02
  -0.4488570E+01      0.3479558E+02
  -0.4464503E+01      0.4384828E+02
  -0.4440435E+01      0.2933218E+02
  -0.4416368E+01      0.3106135E+02
  -0.4392300E+01      0.3144780E+02
  -0.4368233E+01      0.4308485E+02
  -0.4344166E+01      0.3218472E+02
  -0.4320098E+01      0.2870982E+02
  -0.4296031E+01      0.2740245E+02
  -0.4271963E+01      0.3046242E+02
  -0.4247896E+01      0.3990414E+02
  -0.4223829E+01      0.4539420E+02
  -0.4199761E+01      0.4010056E+02
  -0.4175694E+01      0.3795614E+02
  -0.4151626E+01      0.3888631E+02
  -0.4127559E+01      0.3694470E+02
  -0.4103492E+01      0.3880694E+02
  -0.4079424E+01      0.5381943E+02
  -0.4055357E+01      0.6025834E+02
  -0.4031289E+01      0.4318325E+02
  -0.4007222E+01      0.3087972E+02
  -0.3983155E+01      0.5229372E+02
  -0.3959087E+01      0.3963719E+02
  -0.3935020E+01      0.2405497E+02
  -0.3910952E+01      0.2292514E+02
  -0.3886885E+01      0.3196635E+02
  -0.3862818E+01      0.3067093E+02
  -0.3838750E+01      0.2387984E+02
  -0.3814683E+01      0.2780351E+02
  -0.3790615E+01      0.3512255E+02
  -0.3766548E+01      0.2846841E+02
  -0.3742481E+01      0.2910897E+02
  -0.3718413E+01      0.2724887E+02
  -0.3694346E+01      0.2068463E+02
  -0.3670278E+01      0.2204017E+02
  -0.3646211E+01      0.2299423E+02
  -0.3622144E+01      0.1993779E+02
  -0.3598076E+01      0.1815283E+02
  -0.3574009E+01      0.1775635E+02
  -0.3549941E+01      0.2670825E+02
  -0.3525874E+01      0.2854888E+02
  -0.3501807E+01      0.2481242E+02
  -0.3477739E+01      0.3156815E+02
  -0.3453672E+01      0.3036366E+02
  -0.3429604E+01      0.2545524E+02
  -0.3405537E+01      0.3059378E+02
  -0.3381470E+01      0.3955656E+02
  -0.3357402E+01      0.3390245E+02
  -0.3333335E+01      0.2940745E+02
  -0.3309267E+01      0.2570912E+02
  -0.3285200E+01      0.2596732E+02
  -0.3261133E+01      0.2647702E+02
  -0.3237065E+01      0.2686782E+02
  -0.3212998E+01      0.3072975E+02
  -0.3188930E+01      0.3651427E+02
  -0.3164863E+01      0.3542704E+02
  -0.3140796E+01      0.3504991E+02
  -0.3116728E+01      0.4083463E+02
  -0.3092661E+01      0.7982469E+02
  -0.3068593E+01      0.3853095E+02
  -0.3044526E+01      0.8929957E+02
  -0.3020459E+01      0.3608693E+02
  -0.2996391E+01      0.4165282E+02
  -0.2972324E+01      0.3299747E+02
  -0.2948256E+01      0.2963284E+02
  -0.2924189E+01      0.3181993E+02
  -0.2900122E+01      0.2915081E+02
  -0.2876054E+01      0.2910634E+02
  -0.2851987E+01      0.2976219E+02
  -0.2827919E+01      0.5798147E+02
  -0.2803852E+01      0.2780183E+02
  -0.2779785E+01      0.2482363E+02
  -0.2755717E+01      0.2633261E+02
  -0.2731650E+01      0.2620619E+02
  -0.2707582E+01      0.2979492E+02
  -0.2683515E+01      0.3512671E+02
  -0.2659448E+01      0.3106370E+02
  -0.2635380E+01      0.4178064E+02
  -0.2611313E+01      0.3988335E+02
  -0.2587245E+01      0.2461912E+02
  -0.2563178E+01      0.2221538E+02
  -0.2539111E+01      0.1810082E+02
  -0.2515043E+01      0.2379700E+02
  -0.2490976E+01      0.2042165E+02
  -0.2466908E+01      0.3340439E+02
  -0.2442841E+01      0.3049965E+02
  -0.2418774E+01      0.2775720E+02
  -0.2394706E+01      0.2719172E+02
  -0.2370639E+01      0.2963884E+02
  -0.2346571E+01      0.2933989E+02
  -0.2322504E+01      0.2953258E+02
  -0.2298437E+01      0.3500411E+02
  -0.2274369E+01      0.3072725E+02
  -0.2250302E+01      0.2943679E+02
  -0.2226234E+01      0.2481602E+02
  -0.2202167E+01      0.2269903E+02
  -0.2178100E+01      0.3120864E+02
  -0.2154032E+01      0.3050810E+02
  -0.2129965E+01      0.3182122E+02
  -0.2105897E+01      0.3307654E+02
  -0.2081830E+01      0.4746460E+02
  -0.2057763E+01      0.3247747E+02
  -0.2033695E+01      0.3067027E+02
  -0.2009628E+01      0.3665441E+02
  -0.1985560E+01      0.3674568E+02
  -0.1961493E+01      0.3438790E+02
  -0.1937426E+01      0.3564389E+02
  -0.1913358E+01      0.4128534E+02
  -0.1889291E+01      0.6176732E+02
  -0.1865223E+01      0.3395661E+02
  -0.1841156E+01      0.5509484E+02
  -0.1817089E+01      0.3926985E+02
  -0.1793021E+01      0.9887755E+02
  -0.1768954E+01      0.3161457E+02
  -0.1744886E+01      0.1696644E+02
  -0.1720819E+01      0.1764447E+02
  -0.1696752E+01      0.3566671E+02
  -0.1672684E+01      0.1340127E+02
  -0.1648617E+01      0.1368833E+02
  -0.1624549E+01      0.1483827E+02
  -0.1600482E+01      0.1535144E+02
  -0.1576415E+01      0.1706173E+02
  -0.1552347E+01      0.5380234E+02
  -0.1528280E+01      0.4968276E+01
  -0.1504212E+01      0.5075094E+01
  -0.1480145E+01      0.5254422E+01
  -0.1456078E+01      0.5570910E+01
  -0.1432010E+01      0.6242874E+01
  -0.1407943E+01      0.1145780E+02
  -0.1383875E+01      0.4641461E+01
  -0.1359808E+01      0.4256931E+01
  -0.1335741E+01      0.4038856E+01
  -0.1311673E+01      0.3894206E+01
  -0.1287606E+01      0.3788720E+01
  -0.1263538E+01      0.3706687E+01
  -0.1239471E+01      0.3639861E+01
  -0.1215404E+01      0.3583473E+01
  -0.1191336E+01      0.3534599E+01
  -0.1167269E+01      0.3491322E+01
  -0.1143201E+01      0.8682556E+01
  -0.1119134E+01      0.7716165E+01
  -0.1095067E+01      0.7908897E+01
  -0.1070999E+01      0.1127482E+02
  -0.1046932E+01      0.4946806E+01
  -0.1022864E+01      0.4727609E+01
  -0.9987971E+00      0.4596623E+01
  -0.9747297E+00      0.4508718E+01
  -0.9506623E+00      0.4447263E+01
  -0.9265949E+00      0.4404672E+01
  -0.9025275E+00      0.4377271E+01
  -0.8784601E+00      0.4363544E+01
  -0.8543927E+00      0.4363509E+01
  -0.8303253E+00      0.4378678E+01
  -0.8062579E+00      0.4412512E+01
  -0.7821905E+00      0.4471717E+01
  -0.7581231E+00      0.4569543E+01
  -0.7340557E+00      0.4735355E+01
  -0.7099883E+00      0.5051483E+01
  -0.6859209E+00      0.5914538E+01
  -0.6618535E+00      0.3450077E+01
  -0.6377861E+00      0.3425276E+01
  -0.6137187E+00      0.3401433E+01
  -0.5896513E+00      0.5489892E+01
  -0.5655839E+00      0.4810888E+01
  -0.5415165E+00      0.4609160E+01
  -0.5174491E+00      0.4528766E+01
  -0.4933817E+00      0.4508129E+01
  -0.4693143E+00      0.4530181E+01
  -0.4452469E+00      0.4592629E+01
  -0.4211795E+00      0.4702459E+01
  -0.3971121E+00      0.4877705E+01
  -0.3730447E+00      0.5156776E+01
  -0.3489773E+00      0.6549480E+01
  -0.3249099E+00      0.7174707E+01
  -0.3008425E+00      0.9461572E+01
  -0.2767751E+00      0.5540046E+02
  -0.2527077E+00      0.3550700E+01
  -0.2286403E+00      0.3507984E+01
  -0.2045729E+00      0.3473464E+01
  -0.1805055E+00      0.3444756E+01
  -0.1564381E+00      0.3420521E+01
  -0.1323707E+00      0.3399986E+01
  -0.1083033E+00      0.8773675E+01
  -0.8423590E-01      0.5811682E+01
  -0.6016850E-01      0.5150448E+01
  -0.3610110E-01      0.4818688E+01
  -0.1203370E-01      0.4612685E+01
   0.1203370E-01      0.4472766E+01
   0.3610110E-01      0.4375087E+01
   0.6016850E-01      0.4309388E+01
   0.8423590E-01      0.4272899E+01
   0.1083033E+00      0.4270026E+01
   0.1323707E+00      0.4318568E+01
   0.1564381E+00      0.7465194E+01
   0.1805055E+00      0.8082825E+01
   0.2045729E+00      0.3612970E+01
   0.2286403E+00      0.3573105E+01
   0.2527077E+00      0.3536583E+01
   0.2767751E+00      0.3502927E+01
   0.3008425E+00      0.3471757E+01
   0.3249099E+00      0.3442771E+01
   0.3489773E+00      0.3415725E+01
   0.3730447E+00      0.3390423E+01
   0.3971121E+00      0.3366703E+01
   0.4211795E+00      0.3344437E+01
   0.4452469E+00      0.3323520E+01
   0.4693143E+00      0.3303871E+01
   0.4933817E+00      0.3285425E+01
   0.5174491E+00      0.8316566E+01
   0.5415165E+00      0.4423555E+01
   0.5655839E+00      0.4085938E+01
   0.5896513E+00      0.3927096E+01
   0.6137187E+00      0.3828059E+01
   0.6377861E+00      0.3757937E+01
   0.6618535E+00      0.3704693E+01
   0.6859209E+00      0.3662573E+01
   0.7099883E+00      0.3628475E+01
   0.7340557E+00      0.3600603E+01
   0.7581231E+00      0.3577881E+01
   0.7821905E+00      0.6670696E+01
   0.8062579E+00      0.5460693E+01
   0.8303253E+00      0.5052281E+01
   0.8543927E+00      0.4833596E+01
   0.8784601E+00      0.4697424E+01
   0.9025275E+00      0.4608252E+01
   0.9265949E+00      0.4551191E+01
   0.9506623E+00      0.4519706E+01
   0.9747297E+00      0.4511798E+01
   0.9987971E+00      0.4529023E+01
   0.1022864E+01      0.4577302E+01
   0.1046932E+01      0.4670597E+01
   0.1070999E+01      0.4844074E+01
   0.1095067E+01      0.5225122E+01
   0.1119134E+01      0.1585807E+02
   0.1143201E+01      0.5447858E+01
   0.1167269E+01      0.6000147E+01
   0.1191336E+01      0.3259283E+01
   0.1215404E+01      0.3243260E+01
   0.1239471E+01      0.5865757E+01
   0.1263538E+01      0.4496406E+01
   0.1287606E+01      0.4148054E+01
   0.1311673E+01      0.3948561E+01
   0.1335741E+01      0.3816141E+01
   0.1359808E+01      0.3721868E+01
   0.1383875E+01      0.3652755E+01
   0.1407943E+01      0.3602284E+01
   0.1432010E+01      0.3567196E+01
   0.1456078E+01      0.3546284E+01
   0.1480145E+01      0.3540060E+01
   0.1504212E+01      0.3551072E+01
   0.1528280E+01      0.3585157E+01
   0.1552347E+01      0.3654963E+01
   0.1576415E+01      0.3791109E+01
   0.1600482E+01      0.4091261E+01
   0.1624549E+01      0.5221244E+01
   0.1648617E+01      0.2392002E+01
   0.1672684E+01      0.2382463E+01
   0.1696752E+01      0.2373519E+01
   0.1720819E+01      0.2365175E+01
   0.1744886E+01      0.2357441E+01
   0.1768954E+01      0.2350342E+01
   0.1793021E+01      0.2343913E+01
   0.1817089E+01      0.2338206E+01
   0.1841156E+01      0.2333291E+01
   0.1865223E+01      0.2329264E+01
   0.1889291E+01      0.2326256E+01
   0.1913358E+01      0.2324448E+01
   0.1937426E+01      0.2324088E+01
   0.1961493E+01      0.2325534E+01
   0.1985560E+01      0.2329315E+01
   0.2009628E+01      0.2336242E+01
   0.2033695E+01      0.7076488E+01
   0.2057763E+01      0.3440099E+01
   0.2081830E+01      0.3170876E+01
   0.2105897E+01      0.3088383E+01
   0.2129965E+01      0.5623653E+01
   0.2154032E+01      0.4808140E+01
   0.2178100E+01      0.3486491E+01
   0.2202167E+01      0.3293392E+01
   0.2226234E+01      0.3164373E+01
   0.2250302E+01      0.3069127E+01
   0.2274369E+01      0.2994473E+01
   0.2298437E+01      0.2933570E+01
   0.2322504E+01      0.2882985E+01
   0.2346571E+01      0.2838599E+01
   0.2370639E+01      0.2800377E+01
   0.2394706E+01      0.2766624E+01
   0.2418774E+01      0.4080762E+01
   0.2442841E+01      0.3391183E+01
   0.2466908E+01      0.3202988E+01
   0.2490976E+01      0.3098042E+01
   0.2515043E+01      0.3025899E+01
   0.2539111E+01      0.2971125E+01
   0.2563178E+01      0.2927172E+01
   0.2587245E+01      0.2890735E+01
   0.2611313E+01      0.2859960E+01
   0.2635380E+01      0.2833762E+01
   0.2659448E+01      0.2811512E+01
   0.2683515E+01      0.2792912E+01
   0.2707582E+01      0.2777942E+01
   0.2731650E+01      0.2766903E+01
   0.2755717E+01      0.2760540E+01
   0.2779785E+01      0.2760363E+01
   0.2803852E+01      0.2769466E+01
   0.2827919E+01      0.2794913E+01
   0.2851987E+01      0.2857452E+01
   0.2876054E+01      0.3081249E+01
   0.2900122E+01      0.2857636E+01
   0.2924189E+01      0.2260903E+01
   0.2948256E+01      0.2251920E+01
   0.2972324E+01      0.2243346E+01
   0.2996391E+01      0.2235187E+01
   0.3020459E+01      0.2227455E+01
   0.3044526E+01      0.2220169E+01
   0.3068593E+01      0.2213357E+01
   0.3092661E+01      0.6927172E+01
   0.3116728E+01      0.5093862E+01
   0.3140796E+01      0.4497142E+01
   0.3164863E+01      0.4171040E+01
   0.3188930E+01      0.3958401E+01
   0.3212998E+01      0.6521531E+01
   0.3237065E+01      0.5265665E+01
   0.3261133E+01      0.4856734E+01
   0.3285200E+01      0.4620199E+01
   0.3309267E+01      0.4463412E+01
   0.3333335E+01      0.5360845E+01
   0.3357402E+01      0.4950491E+01
   0.3381470E+01      0.4998449E+01
   0.3405537E+01      0.4080147E+01
   0.3429604E+01      0.3985767E+01
   0.3453672E+01      0.3918201E+01
   0.3477739E+01      0.4969999E+01
   0.3501807E+01      0.4620141E+01
   0.3525874E+01      0.4485934E+01
   0.3549941E+01      0.5049001E+01
   0.3574009E+01      0.5126444E+01
   0.3598076E+01      0.3910311E+01
   0.3622144E+01      0.3876847E+01
   0.3646211E+01      0.3906558E+01
   0.3670278E+01      0.4187158E+01
   0.3694346E+01      0.3348932E+01
   0.3718413E+01      0.3321453E+01
   0.3742481E+01      0.6027487E+01
   0.3766548E+01      0.4785783E+01
   0.3790615E+01      0.4525932E+01
   0.3814683E+01      0.4515836E+01
   0.3838750E+01      0.4895450E+01
   0.3862818E+01      0.2934957E+01
   0.3886885E+01      0.2912435E+01
   0.3910952E+01      0.2891590E+01
   0.3935020E+01      0.2872308E+01
   0.3959087E+01      0.2854508E+01
   0.3983155E+01      0.2838141E+01
   0.4007222E+01      0.2823183E+01
   0.4031289E+01      0.2809645E+01
   0.4055357E+01      0.3817678E+01
   0.4079424E+01      0.3510179E+01
   0.4103492E+01      0.3388386E+01
   0.4127559E+01      0.3319264E+01
   0.4151626E+01      0.4681750E+01
   0.4175694E+01      0.4223248E+01
   0.4199761E+01      0.4023705E+01
   0.4223829E+01      0.3909781E+01
   0.4247896E+01      0.3842636E+01
   0.4271963E+01      0.3814100E+01
   0.4296031E+01      0.3842375E+01
   0.4320098E+01      0.4729970E+01
   0.4344166E+01      0.3791932E+01
   0.4368233E+01      0.3690126E+01
   0.4392300E+01      0.3626313E+01
   0.4416368E+01      0.3581636E+01
   0.4440435E+01      0.5179429E+01
   0.4464503E+01      0.4479025E+01
   0.4488570E+01      0.4274753E+01
   0.4512637E+01      0.4176781E+01
   0.4536705E+01      0.4132263E+01
   0.4560772E+01      0.4133869E+01
   0.4584840E+01      0.4204750E+01
   0.4608907E+01      0.4489893E+01
   0.4632974E+01      0.3489673E+01
   0.4657042E+01      0.3597990E+01
   0.4681109E+01      0.4193356E+01
   0.4705177E+01      0.2844024E+01
   0.4729244E+01      0.2828152E+01
   0.4753311E+01      0.2815893E+01
   0.4777379E+01      0.2808229E+01
   0.4801446E+01      0.2807702E+01
   0.4825514E+01      0.2821763E+01
   0.4849581E+01      0.2883701E+01
   0.4873648E+01      0.2539805E+01
   0.4897716E+01      0.2524651E+01
   0.4921783E+01      0.2510166E+01
   0.4945851E+01      0.2496300E+01
   0.4969918E+01      0.2483009E+01
   0.4993985E+01      0.2470258E+01
   0.5018053E+01      0.3365144E+01
   0.5042120E+01      0.3085885E+01
   0.5066188E+01      0.4191242E+01
   0.5090255E+01      0.3328568E+01
   0.5114322E+01      0.3233832E+01
   0.5138390E+01      0.4073036E+01
   0.5162457E+01      0.3784852E+01
   0.5186525E+01      0.3679631E+01
   0.5210592E+01      0.3625295E+01
   0.5234659E+01      0.3593648E+01
   0.5258727E+01      0.3573846E+01
   0.5282794E+01      0.3560288E+01
   0.5306862E+01      0.3549574E+01
   0.5330929E+01      0.3539574E+01
   0.5354996E+01      0.3529112E+01
   0.5379064E+01      0.3517807E+01
   0.5403131E+01      0.3505924E+01
   0.5427199E+01      0.3494225E+01
   0.5451266E+01      0.3483880E+01
   0.5475333E+01      0.3476509E+01
   0.5499401E+01      0.3474470E+01
   0.5523468E+01      0.3481663E+01
   0.5547536E+01      0.3505705E+01
   0.5571603E+01      0.3564937E+01
   0.5595670E+01      0.3720121E+01
   0.5619738E+01      0.4388885E+01
   0.5643805E+01      0.3181539E+01
   0.5667873E+01      0.3169490E+01
   0.5691940E+01      0.3160041E+01
   0.5716007E+01      0.3154076E+01
   0.5740075E+01      0.3153229E+01
   0.5764142E+01      0.3160966E+01
   0.5788210E+01      0.3186386E+01
   0.5812277E+01      0.3266353E+01
   0.5836344E+01      0.2887860E+01
   0.5860412E+01      0.2884757E+01
   0.5884479E+01      0.2886845E+01
   0.5908547E+01      0.2898620E+01
   0.5932614E+01      0.2934449E+01
   0.5956681E+01      0.4359736E+01
   0.5980749E+01      0.3585204E+01
   0.6004816E+01      0.3428050E+01
   0.6028884E+01      0.3333334E+01
   0.6052951E+01      0.3267397E+01
   0.6077018E+01      0.3217603E+01
   0.6101086E+01      0.3178030E+01
   0.6125153E+01      0.3145547E+01
   0.6149221E+01      0.3118325E+01
   0.6173288E+01      0.3095256E+01
   0.6197355E+01      0.3075655E+01
   0.6221423E+01      0.4029740E+01
   0.6245490E+01      0.3403022E+01
   0.6269558E+01      0.3316114E+01
   0.6293625E+01      0.3275810E+01
   0.6317692E+01      0.4447704E+01
   0.6341760E+01      0.3737330E+01
   0.6365827E+01      0.3692378E+01
   0.6389895E+01      0.3714773E+01
   0.6413962E+01      0.3778701E+01
   0.6438029E+01      0.3905991E+01
   0.6462097E+01      0.4768082E+01
   0.6486164E+01      0.3576677E+01
   0.6510232E+01      0.3582024E+01
   0.6534299E+01      0.3580400E+01
   0.6558366E+01      0.3583630E+01
   0.6582434E+01      0.3626314E+01
   0.6606501E+01      0.3375521E+01
   0.6630569E+01      0.3351525E+01
   0.6654636E+01      0.3332444E+01
   0.6678703E+01      0.3320780E+01
   0.6702771E+01      0.3321916E+01
   0.6726838E+01      0.3353514E+01
   0.6750906E+01      0.3563866E+01
   0.6774973E+01      0.3054999E+01
   0.6799040E+01      0.3036008E+01
   0.6823108E+01      0.3018443E+01
   0.6847175E+01      0.3002227E+01
   0.6871243E+01      0.2987207E+01
   0.6895310E+01      0.2973393E+01
   0.6919377E+01      0.2960721E+01
   0.6943445E+01      0.2949179E+01
   0.6967512E+01      0.2938771E+01
   0.6991580E+01      0.2929547E+01
   0.7015647E+01      0.2921588E+01
   0.7039714E+01      0.2915041E+01
   0.7063782E+01      0.2910137E+01
   0.7087849E+01      0.2907249E+01
   0.7111917E+01      0.2906997E+01
   0.7135984E+01      0.2910464E+01
   0.7160051E+01      0.2919726E+01
   0.7184119E+01      0.2939381E+01
   0.7208186E+01      0.2982483E+01
   0.7232254E+01      0.3113630E+01
   0.7256321E+01      0.2695771E+01
   0.7280388E+01      0.2688451E+01
   0.7304456E+01      0.2681498E+01
   0.7328523E+01      0.2674908E+01
   0.7352591E+01      0.2668677E+01
   0.7376658E+01      0.2662803E+01
   0.7400725E+01      0.2657288E+01
   0.7424793E+01      0.2652134E+01
   0.7448860E+01      0.2647345E+01
   0.7472928E+01      0.2642927E+01
   0.7496995E+01      0.2638889E+01
   0.7521062E+01      0.2635239E+01
   0.7545130E+01      0.3091318E+01
   0.7569197E+01      0.2954003E+01
   0.7593265E+01      0.2897873E+01
   0.7617332E+01      0.2866390E+01
   0.7641399E+01      0.3234775E+01
   0.7665467E+01      0.3051589E+01
   0.7689534E+01      0.2996837E+01
   0.7713602E+01      0.2968708E+01
   0.7737669E+01      0.2952523E+01
   0.7761736E+01      0.2943522E+01
   0.7785804E+01      0.2939646E+01
   0.7809871E+01      0.2939878E+01
   0.7833939E+01      0.2943697E+01
   0.7858006E+01      0.2950884E+01
   0.7882073E+01      0.2961281E+01
   0.7906141E+01      0.2975035E+01
   0.7930208E+01      0.2992285E+01
   0.7954276E+01      0.3013324E+01
   0.7978343E+01      0.3038608E+01
   0.8002410E+01      0.3068871E+01
   0.8026478E+01      0.3552617E+01
   0.8050545E+01      0.3392143E+01
   0.8074613E+01      0.4564377E+01
   0.8098680E+01      0.3776590E+01
   0.8122747E+01      0.3864166E+01
   0.8146815E+01      0.3457289E+01
   0.8170882E+01      0.3225262E+01
   0.8194950E+01      0.3224638E+01
   0.8219017E+01      0.3228900E+01
   0.8243084E+01      0.3236196E+01
   0.8267152E+01      0.3245614E+01
   0.8291219E+01      0.3256742E+01
   0.8315287E+01      0.3269466E+01
   0.8339354E+01      0.3283862E+01
   0.8363421E+01      0.3300147E+01
   0.8387489E+01      0.6571478E+01
   0.8411556E+01      0.5246086E+01
   0.8435624E+01      0.4768000E+01
   0.8459691E+01      0.4806801E+01
   0.8483758E+01      0.4629819E+01
   0.8507826E+01      0.4547516E+01
   0.8531893E+01      0.4514951E+01
   0.8555961E+01      0.4523743E+01
   0.8580028E+01      0.4580806E+01
   0.8604095E+01      0.5376623E+01
   0.8628163E+01      0.5417644E+01
   0.8652230E+01      0.6625055E+01
   0.8676298E+01      0.4379100E+01
   0.8700365E+01      0.4320585E+01
   0.8724432E+01      0.4297099E+01
   0.8748500E+01      0.4297720E+01
   0.8772567E+01      0.4320822E+01
   0.8796635E+01      0.4369668E+01
   0.8820702E+01      0.4453304E+01
   0.8844769E+01      0.4592276E+01
   0.8868837E+01      0.4839539E+01
   0.8892904E+01      0.5393357E+01
   0.8916972E+01      0.1159718E+02
   0.8941039E+01      0.3551986E+01
   0.8965106E+01      0.3077758E+01
   0.8989174E+01      0.3076842E+01
   0.9013241E+01      0.3076432E+01
   0.9037309E+01      0.3075722E+01
   0.9061376E+01      0.3074035E+01
   0.9085443E+01      0.3070919E+01
   0.9109511E+01      0.3066186E+01
   0.9133578E+01      0.3059914E+01
   0.9157646E+01      0.3052390E+01
   0.9181713E+01      0.3290982E+01
   0.9205780E+01      0.3204550E+01
   0.9229848E+01      0.3162342E+01
   0.9253915E+01      0.3134213E+01
   0.9277983E+01      0.4802364E+01
   0.9302050E+01      0.3456196E+01
   0.9326117E+01      0.3341462E+01
   0.9350185E+01      0.6224836E+01
   0.9374252E+01      0.5473029E+01
   0.9398320E+01      0.5217488E+01
   0.9422387E+01      0.5107903E+01
   0.9446454E+01      0.5053506E+01
   0.9470522E+01      0.5008246E+01
   0.9494589E+01      0.4943944E+01
   0.9518657E+01      0.4851409E+01
   0.9542724E+01      0.5146556E+01
   0.9566791E+01      0.4881536E+01
   0.9590859E+01      0.4717656E+01
   0.9614926E+01      0.4590820E+01
   0.9638994E+01      0.4490691E+01
   0.9663061E+01      0.4415653E+01
   0.9687128E+01      0.4373220E+01
   0.9711196E+01      0.4434517E+01
   0.9735263E+01      0.4062421E+01
   0.9759331E+01      0.4387663E+01
   0.9783398E+01      0.4205244E+01
   0.9807465E+01      0.4111764E+01
   0.9831533E+01      0.4043418E+01
   0.9855600E+01      0.3987108E+01
   0.9879668E+01      0.3937976E+01
   0.9903735E+01      0.3893694E+01
   0.9927802E+01      0.3852994E+01
   0.9951870E+01      0.1470259E+02
   0.9975937E+01      0.4401622E+01
   0.1000000E+02      0.5686009E+01
 &
