
#FDF: Opened INPUT_TMP.1405124404 for input. Unit: 12

fdf-debug              0     # Default value
SystemName                              # Default value
SystemLabel     siesta                                                          # Default value
XML.Write              T     # Default value
Write.XML              T     # Default value
XML.AbortOnErrors              F     # Default value
XML.AbortOnWarnings              F     # Default value
alloc_report_level              0     # Default value
xc.functional     LDA     # Default value
xc.authors     PZ     # Default value
MM.Cutoff          30.00000000     Bohr     # Default value
MM.UnitsEnergy     eV     # Default value
MM.UnitsDistance     Ang     # Default value
WriteIonPlotFiles              F     # Default value
Atom.Debug.KB.Generation              F     # Default value
user-basis              F     # Default value
user-basis-netcdf              F     # Default value
ReparametrizePseudos              F     # Default value
Restricted.Radial.Grid              T     # Default value
Rmax.Radial.Grid          0.000000000         # Default value
PAO.BasisSize     standard            # Default value
PAO.BasisType     split          # Default value
PAO.SoftDefault              F     # Default value
PAO.SoftInnerRadius         0.9000000000         # Default value
PAO.SoftPotential          40.00000000         # Default value
PAO.SplitNorm         0.1500000000         # Default value
PAO.SplitNormH         -1.000000000         # Default value
Number_of_species              0     # Default value
