cpu-bind=MASK - cn1156, task  0  0 [18640]: mask 0xffffffffffffffff set
--------------------------------------------------------------------------
Open MPI failed an OFI Libfabric library call (fi_domain).  This is highly
unusual; your job may behave unpredictably (and/or abort) after this.

  Local host: cn1159
  Location: mtl_ofi_component.c:928
  Error: No data available (61)
--------------------------------------------------------------------------
[cn1156.scarf.rl.ac.uk:18680] 119 more processes have sent help message help-mtl-ofi.txt / OFI call fail
[cn1156.scarf.rl.ac.uk:18680] Set MCA parameter "orte_base_help_aggregate" to 0 to see all help / error messages
--------------------------------------------------------------------------
Open MPI failed an OFI Libfabric library call (fi_domain).  This is highly
unusual; your job may behave unpredictably (and/or abort) after this.

  Local host: cn1158
  Location: mtl_ofi_component.c:928
  Error: No data available (61)
--------------------------------------------------------------------------
[cn1156.scarf.rl.ac.uk:19344] 119 more processes have sent help message help-mtl-ofi.txt / OFI call fail
[cn1156.scarf.rl.ac.uk:19344] Set MCA parameter "orte_base_help_aggregate" to 0 to see all help / error messages
[1679496348.214552] [cn1156:19426:0]          mpool.c:43   UCX  WARN  object 0x4febc80 was not returned to mpool ucp_requests
[1679496348.214612] [cn1156:19428:0]          mpool.c:43   UCX  WARN  object 0x656eac0 was not returned to mpool ucp_requests
[1679496348.214758] [cn1156:19430:0]          mpool.c:43   UCX  WARN  object 0x6529000 was not returned to mpool ucp_requests
[1679496348.214759] [cn1156:19434:0]          mpool.c:43   UCX  WARN  object 0x5029140 was not returned to mpool ucp_requests
[1679496348.214839] [cn1156:19413:0]          mpool.c:43   UCX  WARN  object 0x55d82c0 was not returned to mpool ucp_requests
[1679496348.214858] [cn1156:19416:0]          mpool.c:43   UCX  WARN  object 0x5b0e500 was not returned to mpool ucp_requests
[1679496348.214842] [cn1156:19397:0]          mpool.c:43   UCX  WARN  object 0x5304080 was not returned to mpool ucp_requests
[1679496348.214848] [cn1156:19401:0]          mpool.c:43   UCX  WARN  object 0x5196e00 was not returned to mpool ucp_requests
[1679496348.214857] [cn1156:19383:0]          mpool.c:43   UCX  WARN  object 0x6581ac0 was not returned to mpool ucp_requests
[1679496348.214876] [cn1156:19389:0]          mpool.c:43   UCX  WARN  object 0x524ecc0 was not returned to mpool ucp_requests
[1679496348.214884] [cn1156:19418:0]          mpool.c:43   UCX  WARN  object 0x60c53c0 was not returned to mpool ucp_requests
[1679496348.214902] [cn1156:19418:0]          mpool.c:43   UCX  WARN  object 0x60c8840 was not returned to mpool ucp_requests
[1679496348.214884] [cn1156:19422:0]          mpool.c:43   UCX  WARN  object 0x61fa140 was not returned to mpool ucp_requests
[1679496348.214900] [cn1156:19395:0]          mpool.c:43   UCX  WARN  object 0x55c62c0 was not returned to mpool ucp_requests
[1679496348.214949] [cn1156:19393:0]          mpool.c:43   UCX  WARN  object 0x6ac1780 was not returned to mpool ucp_requests
[1679496348.214946] [cn1156:19404:0]          mpool.c:43   UCX  WARN  object 0x4f8acc0 was not returned to mpool ucp_requests
[1679496348.214948] [cn1156:19406:0]          mpool.c:43   UCX  WARN  object 0x572cd00 was not returned to mpool ucp_requests
[1679496348.214944] [cn1156:19408:0]          mpool.c:43   UCX  WARN  object 0x6d1df40 was not returned to mpool ucp_requests
[1679496348.215067] [cn1156:19386:0]          mpool.c:43   UCX  WARN  object 0x530c800 was not returned to mpool ucp_requests
-5.4579938999E+000
--------------------------------------------------------------------------
Open MPI failed an OFI Libfabric library call (fi_domain).  This is highly
unusual; your job may behave unpredictably (and/or abort) after this.

  Local host: cn1158
  Location: mtl_ofi_component.c:928
  Error: No data available (61)
--------------------------------------------------------------------------
[cn1156.scarf.rl.ac.uk:19936] 119 more processes have sent help message help-mtl-ofi.txt / OFI call fail
[cn1156.scarf.rl.ac.uk:19936] Set MCA parameter "orte_base_help_aggregate" to 0 to see all help / error messages
[1679496437.488742] [cn1156:20017:0]          mpool.c:43   UCX  WARN  object 0x6199bc0 was not returned to mpool ucp_requests
[1679496437.488729] [cn1156:20023:0]          mpool.c:43   UCX  WARN  object 0x62b3100 was not returned to mpool ucp_requests
[1679496437.488761] [cn1156:20015:0]          mpool.c:43   UCX  WARN  object 0x4ebf400 was not returned to mpool ucp_requests
[1679496437.488787] [cn1156:20020:0]          mpool.c:43   UCX  WARN  object 0x6c40380 was not returned to mpool ucp_requests
[1679496437.488892] [cn1156:19986:0]          mpool.c:43   UCX  WARN  object 0x5861940 was not returned to mpool ucp_requests
[1679496437.488866] [cn1156:19990:0]          mpool.c:43   UCX  WARN  object 0x58a9180 was not returned to mpool ucp_requests
[1679496437.488891] [cn1156:19992:0]          mpool.c:43   UCX  WARN  object 0x51d8140 was not returned to mpool ucp_requests
[1679496437.488894] [cn1156:19995:0]          mpool.c:43   UCX  WARN  object 0x6bbc040 was not returned to mpool ucp_requests
[1679496437.488863] [cn1156:19999:0]          mpool.c:43   UCX  WARN  object 0x5bb8000 was not returned to mpool ucp_requests
[1679496437.488883] [cn1156:20001:0]          mpool.c:43   UCX  WARN  object 0x4f232c0 was not returned to mpool ucp_requests
[1679496437.488901] [cn1156:20002:0]          mpool.c:43   UCX  WARN  object 0x5904580 was not returned to mpool ucp_requests
[1679496437.488903] [cn1156:20009:0]          mpool.c:43   UCX  WARN  object 0x5f5a6c0 was not returned to mpool ucp_requests
[1679496437.488924] [cn1156:20009:0]          mpool.c:43   UCX  WARN  object 0x5f5b840 was not returned to mpool ucp_requests
[1679496437.488908] [cn1156:20012:0]          mpool.c:43   UCX  WARN  object 0x6541bc0 was not returned to mpool ucp_requests
[1679496437.488890] [cn1156:19974:0]          mpool.c:43   UCX  WARN  object 0x5a4ad80 was not returned to mpool ucp_requests
[1679496437.488923] [cn1156:19980:0]          mpool.c:43   UCX  WARN  object 0x6177e00 was not returned to mpool ucp_requests
[1679496437.488923] [cn1156:20005:0]          mpool.c:43   UCX  WARN  object 0x680b700 was not returned to mpool ucp_requests
[1679496437.488979] [cn1156:19977:0]          mpool.c:43   UCX  WARN  object 0x620ae00 was not returned to mpool ucp_requests
[1679496437.488969] [cn1156:19983:0]          mpool.c:43   UCX  WARN  object 0x5414140 was not returned to mpool ucp_requests
-5.4579938999E+000
--------------------------------------------------------------------------
Open MPI failed an OFI Libfabric library call (fi_domain).  This is highly
unusual; your job may behave unpredictably (and/or abort) after this.

  Local host: cn1156
  Location: mtl_ofi_component.c:928
  Error: No data available (61)
--------------------------------------------------------------------------
[cn1156.scarf.rl.ac.uk:20673] 119 more processes have sent help message help-mtl-ofi.txt / OFI call fail
[cn1156.scarf.rl.ac.uk:20673] Set MCA parameter "orte_base_help_aggregate" to 0 to see all help / error messages
[1679496691.664765] [cn1156:20727:0]          mpool.c:43   UCX  WARN  object 0x678d400 was not returned to mpool ucp_requests
[1679496691.664811] [cn1156:20762:0]          mpool.c:43   UCX  WARN  object 0x5a25500 was not returned to mpool ucp_requests
[1679496691.664864] [cn1156:20724:0]          mpool.c:43   UCX  WARN  object 0x60bf800 was not returned to mpool ucp_requests
[1679496691.664827] [cn1156:20729:0]          mpool.c:43   UCX  WARN  object 0x5b482c0 was not returned to mpool ucp_requests
[1679496691.664821] [cn1156:20733:0]          mpool.c:43   UCX  WARN  object 0x5a88e00 was not returned to mpool ucp_requests
[1679496691.664895] [cn1156:20754:0]          mpool.c:43   UCX  WARN  object 0x588c940 was not returned to mpool ucp_requests
[1679496691.664964] [cn1156:20738:0]          mpool.c:43   UCX  WARN  object 0x520c080 was not returned to mpool ucp_requests
[1679496691.664964] [cn1156:20743:0]          mpool.c:43   UCX  WARN  object 0x5202840 was not returned to mpool ucp_requests
[1679496691.664972] [cn1156:20752:0]          mpool.c:43   UCX  WARN  object 0x5ac2940 was not returned to mpool ucp_requests
[1679496691.664983] [cn1156:20758:0]          mpool.c:43   UCX  WARN  object 0x60f9b00 was not returned to mpool ucp_requests
[1679496691.665012] [cn1156:20712:0]          mpool.c:43   UCX  WARN  object 0x660f3c0 was not returned to mpool ucp_requests
[1679496691.665002] [cn1156:20716:0]          mpool.c:43   UCX  WARN  object 0x57f5f80 was not returned to mpool ucp_requests
[1679496691.665025] [cn1156:20718:0]          mpool.c:43   UCX  WARN  object 0x50f0840 was not returned to mpool ucp_requests
[1679496691.665016] [cn1156:20736:0]          mpool.c:43   UCX  WARN  object 0x5782680 was not returned to mpool ucp_requests
[1679496691.665011] [cn1156:20739:0]          mpool.c:43   UCX  WARN  object 0x536a840 was not returned to mpool ucp_requests
[1679496691.665007] [cn1156:20745:0]          mpool.c:43   UCX  WARN  object 0x5cc34c0 was not returned to mpool ucp_requests
[1679496691.665025] [cn1156:20745:0]          mpool.c:43   UCX  WARN  object 0x5cc7200 was not returned to mpool ucp_requests
[1679496691.664996] [cn1156:20749:0]          mpool.c:43   UCX  WARN  object 0x6636b00 was not returned to mpool ucp_requests
[1679496691.665054] [cn1156:20721:0]          mpool.c:43   UCX  WARN  object 0x6d3af00 was not returned to mpool ucp_requests
