cpu-bind=MASK - cn1026, task  0  0 [33214]: mask 0xffffffffffffffff set
--------------------------------------------------------------------------
Open MPI failed an OFI Libfabric library call (fi_domain).  This is highly
unusual; your job may behave unpredictably (and/or abort) after this.

  Local host: cn1048
  Location: mtl_ofi_component.c:928
  Error: No data available (61)
--------------------------------------------------------------------------
[cn1026.scarf.rl.ac.uk:34201] 119 more processes have sent help message help-mtl-ofi.txt / OFI call fail
[cn1026.scarf.rl.ac.uk:34201] Set MCA parameter "orte_base_help_aggregate" to 0 to see all help / error messages
--------------------------------------------------------------------------
Open MPI failed an OFI Libfabric library call (fi_domain).  This is highly
unusual; your job may behave unpredictably (and/or abort) after this.

  Local host: cn1048
  Location: mtl_ofi_component.c:928
  Error: No data available (61)
--------------------------------------------------------------------------
[cn1026.scarf.rl.ac.uk:35261] 119 more processes have sent help message help-mtl-ofi.txt / OFI call fail
[cn1026.scarf.rl.ac.uk:35261] Set MCA parameter "orte_base_help_aggregate" to 0 to see all help / error messages
[1685855856.941559] [cn1026:35312:0]          mpool.c:43   UCX  WARN  object 0x68f7980 was not returned to mpool ucp_requests
[1685855856.941583] [cn1026:35312:0]          mpool.c:43   UCX  WARN  object 0x68fa000 was not returned to mpool ucp_requests
[1685855856.941561] [cn1026:35313:0]          mpool.c:43   UCX  WARN  object 0x60e26c0 was not returned to mpool ucp_requests
[1685855856.941583] [cn1026:35313:0]          mpool.c:43   UCX  WARN  object 0x60e3a00 was not returned to mpool ucp_requests
[1685855856.941645] [cn1026:35287:0]          mpool.c:43   UCX  WARN  object 0x5be0300 was not returned to mpool ucp_requests
[1685855856.941647] [cn1026:35290:0]          mpool.c:43   UCX  WARN  object 0x51559c0 was not returned to mpool ucp_requests
[1685855856.941645] [cn1026:35295:0]          mpool.c:43   UCX  WARN  object 0x6ab61c0 was not returned to mpool ucp_requests
[1685855856.941670] [cn1026:35299:0]          mpool.c:43   UCX  WARN  object 0x5080980 was not returned to mpool ucp_requests
[1685855856.941670] [cn1026:35300:0]          mpool.c:43   UCX  WARN  object 0x52599c0 was not returned to mpool ucp_requests
[1685855856.941688] [cn1026:35301:0]          mpool.c:43   UCX  WARN  object 0x677b9c0 was not returned to mpool ucp_requests
[1685855856.941676] [cn1026:35304:0]          mpool.c:43   UCX  WARN  object 0x5939240 was not returned to mpool ucp_requests
[1685855856.941679] [cn1026:35306:0]          mpool.c:43   UCX  WARN  object 0x63f6d00 was not returned to mpool ucp_requests
[1685855856.941703] [cn1026:35306:0]          mpool.c:43   UCX  WARN  object 0x63f9a80 was not returned to mpool ucp_requests
[1685855856.941687] [cn1026:35308:0]          mpool.c:43   UCX  WARN  object 0x5bc6cc0 was not returned to mpool ucp_requests
[1685855856.941706] [cn1026:35308:0]          mpool.c:43   UCX  WARN  object 0x5bc7200 was not returned to mpool ucp_requests
[1685855856.941680] [cn1026:35309:0]          mpool.c:43   UCX  WARN  object 0x644d0c0 was not returned to mpool ucp_requests
[1685855856.941703] [cn1026:35309:0]          mpool.c:43   UCX  WARN  object 0x64501c0 was not returned to mpool ucp_requests
[1685855856.941684] [cn1026:35310:0]          mpool.c:43   UCX  WARN  object 0x50512c0 was not returned to mpool ucp_requests
[1685855856.941704] [cn1026:35310:0]          mpool.c:43   UCX  WARN  object 0x5053240 was not returned to mpool ucp_requests
[1685855856.941731] [cn1026:35293:0]          mpool.c:43   UCX  WARN  object 0x5af8740 was not returned to mpool ucp_requests
[1685855856.941736] [cn1026:35296:0]          mpool.c:43   UCX  WARN  object 0x503d240 was not returned to mpool ucp_requests
[1685855856.941725] [cn1026:35302:0]          mpool.c:43   UCX  WARN  object 0x5df2080 was not returned to mpool ucp_requests
[1685855856.941729] [cn1026:35303:0]          mpool.c:43   UCX  WARN  object 0x61252c0 was not returned to mpool ucp_requests
[1685855856.941782] [cn1026:35305:0]          mpool.c:43   UCX  WARN  object 0x592bdc0 was not returned to mpool ucp_requests
-8.2264308633E+000
--------------------------------------------------------------------------
Open MPI failed an OFI Libfabric library call (fi_domain).  This is highly
unusual; your job may behave unpredictably (and/or abort) after this.

  Local host: cn1048
  Location: mtl_ofi_component.c:928
  Error: No data available (61)
--------------------------------------------------------------------------
[cn1026.scarf.rl.ac.uk:36148] 119 more processes have sent help message help-mtl-ofi.txt / OFI call fail
[cn1026.scarf.rl.ac.uk:36148] Set MCA parameter "orte_base_help_aggregate" to 0 to see all help / error messages
[1685856089.688184] [cn1026:36196:0]          mpool.c:43   UCX  WARN  object 0x5801100 was not returned to mpool ucp_requests
[1685856089.688205] [cn1026:36196:0]          mpool.c:43   UCX  WARN  object 0x5803240 was not returned to mpool ucp_requests
[1685856089.688192] [cn1026:36197:0]          mpool.c:43   UCX  WARN  object 0x6366700 was not returned to mpool ucp_requests
[1685856089.688208] [cn1026:36197:0]          mpool.c:43   UCX  WARN  object 0x636b780 was not returned to mpool ucp_requests
[1685856089.688549] [cn1026:36185:0]          mpool.c:43   UCX  WARN  object 0x62a7140 was not returned to mpool ucp_requests
[1685856089.688543] [cn1026:36187:0]          mpool.c:43   UCX  WARN  object 0x6058540 was not returned to mpool ucp_requests
[1685856089.688619] [cn1026:36190:0]          mpool.c:43   UCX  WARN  object 0x5923bc0 was not returned to mpool ucp_requests
[1685856089.688634] [cn1026:36193:0]          mpool.c:43   UCX  WARN  object 0x6aab9c0 was not returned to mpool ucp_requests
[1685856089.688654] [cn1026:36193:0]          mpool.c:43   UCX  WARN  object 0x6aac7c0 was not returned to mpool ucp_requests
[1685856089.688633] [cn1026:36194:0]          mpool.c:43   UCX  WARN  object 0x5662f80 was not returned to mpool ucp_requests
[1685856089.688654] [cn1026:36194:0]          mpool.c:43   UCX  WARN  object 0x56642c0 was not returned to mpool ucp_requests
[1685856089.688639] [cn1026:36181:0]          mpool.c:43   UCX  WARN  object 0x6d4a600 was not returned to mpool ucp_requests
[1685856089.688637] [cn1026:36192:0]          mpool.c:43   UCX  WARN  object 0x6823640 was not returned to mpool ucp_requests
[1685856089.688655] [cn1026:36192:0]          mpool.c:43   UCX  WARN  object 0x68255c0 was not returned to mpool ucp_requests
[1685856089.688657] [cn1026:36173:0]          mpool.c:43   UCX  WARN  object 0x6232040 was not returned to mpool ucp_requests
[1685856089.688652] [cn1026:36174:0]          mpool.c:43   UCX  WARN  object 0x6455d00 was not returned to mpool ucp_requests
[1685856089.688640] [cn1026:36176:0]          mpool.c:43   UCX  WARN  object 0x59b6f00 was not returned to mpool ucp_requests
[1685856089.688663] [cn1026:36178:0]          mpool.c:43   UCX  WARN  object 0x54d8dc0 was not returned to mpool ucp_requests
[1685856089.688692] [cn1026:36184:0]          mpool.c:43   UCX  WARN  object 0x61308c0 was not returned to mpool ucp_requests
[1685856089.688693] [cn1026:36195:0]          mpool.c:43   UCX  WARN  object 0x6ae5300 was not returned to mpool ucp_requests
[1685856089.688709] [cn1026:36195:0]          mpool.c:43   UCX  WARN  object 0x6ae5a00 was not returned to mpool ucp_requests
[1685856089.688728] [cn1026:36183:0]          mpool.c:43   UCX  WARN  object 0x5373600 was not returned to mpool ucp_requests
[1685856089.688760] [cn1026:36177:0]          mpool.c:43   UCX  WARN  object 0x610de40 was not returned to mpool ucp_requests
[1685856089.688764] [cn1026:36182:0]          mpool.c:43   UCX  WARN  object 0x5849580 was not returned to mpool ucp_requests
-8.2264308633E+000
--------------------------------------------------------------------------
Open MPI failed an OFI Libfabric library call (fi_domain).  This is highly
unusual; your job may behave unpredictably (and/or abort) after this.

  Local host: cn1026
  Location: mtl_ofi_component.c:928
  Error: No data available (61)
--------------------------------------------------------------------------
[cn1026.scarf.rl.ac.uk:37595] 119 more processes have sent help message help-mtl-ofi.txt / OFI call fail
[cn1026.scarf.rl.ac.uk:37595] Set MCA parameter "orte_base_help_aggregate" to 0 to see all help / error messages
[1685856411.422405] [cn1026:37783:0]          mpool.c:43   UCX  WARN  object 0x697f980 was not returned to mpool ucp_requests
[1685856411.422431] [cn1026:37783:0]          mpool.c:43   UCX  WARN  object 0x6983f80 was not returned to mpool ucp_requests
[1685856411.422541] [cn1026:37784:0]          mpool.c:43   UCX  WARN  object 0x6d00500 was not returned to mpool ucp_requests
[1685856411.422560] [cn1026:37784:0]          mpool.c:43   UCX  WARN  object 0x6d01a00 was not returned to mpool ucp_requests
[1685856411.422709] [cn1026:37778:0]          mpool.c:43   UCX  WARN  object 0x5628780 was not returned to mpool ucp_requests
[1685856411.422732] [cn1026:37778:0]          mpool.c:43   UCX  WARN  object 0x562a1c0 was not returned to mpool ucp_requests
[1685856411.422746] [cn1026:37781:0]          mpool.c:43   UCX  WARN  object 0x62d4980 was not returned to mpool ucp_requests
[1685856411.422778] [cn1026:37781:0]          mpool.c:43   UCX  WARN  object 0x62d63c0 was not returned to mpool ucp_requests
[1685856411.422748] [cn1026:37782:0]          mpool.c:43   UCX  WARN  object 0x5096340 was not returned to mpool ucp_requests
[1685856411.422765] [cn1026:37782:0]          mpool.c:43   UCX  WARN  object 0x5096f80 was not returned to mpool ucp_requests
[1685856411.422809] [cn1026:37780:0]          mpool.c:43   UCX  WARN  object 0x5f76640 was not returned to mpool ucp_requests
[1685856411.422835] [cn1026:37780:0]          mpool.c:43   UCX  WARN  object 0x5f77980 was not returned to mpool ucp_requests
[1685856411.422834] [cn1026:37776:0]          mpool.c:43   UCX  WARN  object 0x544f3c0 was not returned to mpool ucp_requests
[1685856411.422906] [cn1026:37633:0]          mpool.c:43   UCX  WARN  object 0x57bf980 was not returned to mpool ucp_requests
[1685856411.422900] [cn1026:37770:0]          mpool.c:43   UCX  WARN  object 0x6a80000 was not returned to mpool ucp_requests
[1685856411.422900] [cn1026:37771:0]          mpool.c:43   UCX  WARN  object 0x54cb440 was not returned to mpool ucp_requests
[1685856411.422911] [cn1026:37777:0]          mpool.c:43   UCX  WARN  object 0x59a0640 was not returned to mpool ucp_requests
[1685856411.422932] [cn1026:37774:0]          mpool.c:43   UCX  WARN  object 0x6664940 was not returned to mpool ucp_requests
[1685856411.422970] [cn1026:37632:0]          mpool.c:43   UCX  WARN  object 0x5741ac0 was not returned to mpool ucp_requests
[1685856411.422955] [cn1026:37775:0]          mpool.c:43   UCX  WARN  object 0x5c9da40 was not returned to mpool ucp_requests
[1685856411.422992] [cn1026:37629:0]          mpool.c:43   UCX  WARN  object 0x5130900 was not returned to mpool ucp_requests
[1685856411.423004] [cn1026:37630:0]          mpool.c:43   UCX  WARN  object 0x6b3a340 was not returned to mpool ucp_requests
[1685856411.423045] [cn1026:37631:0]          mpool.c:43   UCX  WARN  object 0x554e840 was not returned to mpool ucp_requests
[1685856411.423047] [cn1026:37773:0]          mpool.c:43   UCX  WARN  object 0x6dd9b40 was not returned to mpool ucp_requests
