 iscf   Eharris(eV)      E_KS(eV)   FreeEng(eV)    dHmax    dDmax   Ef(eV)
    1   -10246.7601   -10240.2271   -10240.2271  0.40659  0.00000 -5.48404
    2   -10246.2216   -10240.8504   -10240.9073  0.37330  0.00000 -5.69791
    3   -10245.3292   -10243.0615   -10243.1202  0.21959  0.00000 -6.34636
    4   -10245.3081   -10243.2410   -10243.3086  0.20191  0.00000 -6.35170
    5   -10245.2991   -10243.7664   -10243.8278  0.15910  0.00000 -6.29950
    6   -10245.3038   -10244.9267   -10245.0058  0.08123  0.00000 -6.32094
    7   -10245.2769   -10245.1982   -10245.2607  0.03552  0.00000 -6.29803
    8   -10245.2718   -10245.2271   -10245.2975  0.02511  0.00000 -6.29470
    9   -10245.2674   -10245.2421   -10245.3146  0.01125  0.00000 -6.28635
   10   -10245.2678   -10245.2414   -10245.3170  0.00862  0.00000 -6.28752
   11   -10245.2673   -10245.2527   -10245.3278  0.00261  0.00000 -6.28689
   12   -10245.2676   -10245.2556   -10245.3310  0.00179  0.00000 -6.28766
   13   -10245.2672   -10245.2625   -10245.3375  0.00137  0.00000 -6.28715
   14   -10245.2674   -10245.2634   -10245.3388  0.00094  0.00000 -6.28749
   15   -10245.2673   -10245.2648   -10245.3400  0.00105  0.00000 -6.28752
   16   -10245.2673   -10245.2659   -10245.3411  0.00063  0.00000 -6.28761
   17   -10245.2674   -10245.2667   -10245.3420  0.00022  0.00000 -6.28783
   18   -10245.2674   -10245.2668   -10245.3420  0.00014  0.00000 -6.28782
   19   -10245.2674   -10245.2670   -10245.3422  0.00014  0.00000 -6.28786
   20   -10245.2674   -10245.2671   -10245.3422  0.00012  0.00000 -6.28785
   21   -10245.2674   -10245.2671   -10245.3423  0.00010  0.00000 -6.28785
