cpu-bind=MASK - cn1028, task  0  0 [16817]: mask 0xffffffffffffffff set
--------------------------------------------------------------------------
Open MPI failed an OFI Libfabric library call (fi_domain).  This is highly
unusual; your job may behave unpredictably (and/or abort) after this.

  Local host: cn1029
  Location: mtl_ofi_component.c:928
  Error: No data available (61)
--------------------------------------------------------------------------
[cn1028.scarf.rl.ac.uk:17825] 239 more processes have sent help message help-mtl-ofi.txt / OFI call fail
[cn1028.scarf.rl.ac.uk:17825] Set MCA parameter "orte_base_help_aggregate" to 0 to see all help / error messages
--------------------------------------------------------------------------
Open MPI failed an OFI Libfabric library call (fi_domain).  This is highly
unusual; your job may behave unpredictably (and/or abort) after this.

  Local host: cn1031
  Location: mtl_ofi_component.c:928
  Error: No data available (61)
--------------------------------------------------------------------------
[cn1028.scarf.rl.ac.uk:18508] 239 more processes have sent help message help-mtl-ofi.txt / OFI call fail
[cn1028.scarf.rl.ac.uk:18508] Set MCA parameter "orte_base_help_aggregate" to 0 to see all help / error messages
[1676923768.159359] [cn1029:6371 :0]          mpool.c:43   UCX  WARN  object 0xb2484c0 was not returned to mpool ucp_requests
[1676923768.157084] [cn1028:18579:0]          mpool.c:43   UCX  WARN  object 0xa64d000 was not returned to mpool ucp_requests
[1676923768.157091] [cn1028:18580:0]          mpool.c:43   UCX  WARN  object 0xa682b80 was not returned to mpool ucp_requests
[1676923768.157067] [cn1028:18584:0]          mpool.c:43   UCX  WARN  object 0xae5f6c0 was not returned to mpool ucp_requests
[1676923768.157157] [cn1028:18576:0]          mpool.c:43   UCX  WARN  object 0xa610540 was not returned to mpool ucp_requests
[1676923768.157122] [cn1028:18589:0]          mpool.c:43   UCX  WARN  object 0xb29f380 was not returned to mpool ucp_requests
[1676923768.157154] [cn1028:18591:0]          mpool.c:43   UCX  WARN  object 0xab6d600 was not returned to mpool ucp_requests
[1676923768.157227] [cn1028:18593:0]          mpool.c:43   UCX  WARN  object 0xa549680 was not returned to mpool ucp_requests
[1676923768.157243] [cn1028:18596:0]          mpool.c:43   UCX  WARN  object 0x6ab5200 was not returned to mpool ucp_requests
[1676923768.157307] [cn1028:18600:0]          mpool.c:43   UCX  WARN  object 0x6232fc0 was not returned to mpool ucp_requests
[1676923768.157434] [cn1028:18601:0]          mpool.c:43   UCX  WARN  object 0xaf09d80 was not returned to mpool ucp_requests
--------------------------------------------------------------------------
Open MPI failed an OFI Libfabric library call (fi_domain).  This is highly
unusual; your job may behave unpredictably (and/or abort) after this.

  Local host: cn1031
  Location: mtl_ofi_component.c:928
  Error: No data available (61)
--------------------------------------------------------------------------
[cn1028.scarf.rl.ac.uk:19157] 239 more processes have sent help message help-mtl-ofi.txt / OFI call fail
[cn1028.scarf.rl.ac.uk:19157] Set MCA parameter "orte_base_help_aggregate" to 0 to see all help / error messages
[1676924492.311786] [cn1029:7041 :0]          mpool.c:43   UCX  WARN  object 0xb753400 was not returned to mpool ucp_requests
[1676924492.310184] [cn1028:19223:0]          mpool.c:43   UCX  WARN  object 0xbadd000 was not returned to mpool ucp_requests
[1676924492.310151] [cn1028:19227:0]          mpool.c:43   UCX  WARN  object 0xc168880 was not returned to mpool ucp_requests
[1676924492.310244] [cn1028:19229:0]          mpool.c:43   UCX  WARN  object 0xbfbbf40 was not returned to mpool ucp_requests
[1676924492.310183] [cn1028:19233:0]          mpool.c:43   UCX  WARN  object 0x6aab840 was not returned to mpool ucp_requests
[1676924492.310066] [cn1028:19236:0]          mpool.c:43   UCX  WARN  object 0x6478400 was not returned to mpool ucp_requests
[1676924492.310059] [cn1028:19239:0]          mpool.c:43   UCX  WARN  object 0xa9ff480 was not returned to mpool ucp_requests
[1676924492.310152] [cn1028:19240:0]          mpool.c:43   UCX  WARN  object 0xb59b580 was not returned to mpool ucp_requests
[1676924492.310196] [cn1028:19243:0]          mpool.c:43   UCX  WARN  object 0x510a500 was not returned to mpool ucp_requests
[1676924492.310358] [cn1028:19248:0]          mpool.c:43   UCX  WARN  object 0x65c4600 was not returned to mpool ucp_requests
[1676924492.310348] [cn1028:19251:0]          mpool.c:43   UCX  WARN  object 0xa55f180 was not returned to mpool ucp_requests
cp: cannot stat ‘0V-VH_z-00.dat’: No such file or directory
cp: cannot stat ‘0V-VH_z-00.dat’: No such file or directory
cp: cannot stat ‘0V-RHO_z-00.dat’: No such file or directory
cp: cannot stat ‘0V-RHO_z-00.dat’: No such file or directory
