 iscf   Eharris(eV)      E_KS(eV)   FreeEng(eV)    dHmax    dDmax   Ef(eV)
    1      -31.4395      -26.6859      -26.6859   0.54550   0.00000  0.09496
    2      -31.3369      -31.3262      -31.3262   0.01511   0.00000 -4.76460
    3      -31.3367      -31.2804      -31.2804   0.01895   0.00000 -4.78309
    4      -31.3359      -31.3355      -31.3355   0.00069   0.00000 -4.89629
    5      -31.3359      -31.3352      -31.3352   0.00016   0.00000 -4.90168
    6      -31.3359      -31.3352      -31.3352   0.00016   0.00000 -4.90166
    7      -31.3359      -31.3353      -31.3353   0.00015   0.00000 -4.90164
    8      -31.3359      -31.3353      -31.3353   0.00015   0.00000 -4.90163
    9      -31.3359      -31.3353      -31.3353   0.00014   0.00000 -4.90161
   10      -31.3359      -31.3353      -31.3353   0.00014   0.00000 -4.90160
   11      -31.3359      -31.3353      -31.3353   0.00014   0.00000 -4.90158
   12      -31.3359      -31.3353      -31.3353   0.00013   0.00000 -4.90157
   13      -31.3359      -31.3353      -31.3353   0.00013   0.00000 -4.90155
   14      -31.3359      -31.3354      -31.3354   0.00013   0.00000 -4.90154
   15      -31.3359      -31.3354      -31.3354   0.00012   0.00000 -4.90153
   16      -31.3359      -31.3354      -31.3354   0.00012   0.00000 -4.90151
   17      -31.3359      -31.3354      -31.3354   0.00011   0.00000 -4.90150
   18      -31.3359      -31.3354      -31.3354   0.00011   0.00000 -4.90149
   19      -31.3359      -31.3354      -31.3354   0.00011   0.00000 -4.90148
   20      -31.3359      -31.3354      -31.3354   0.00010   0.00000 -4.90146
   21      -31.3359      -31.3354      -31.3354   0.00010   0.00000 -4.90145
   22      -31.3359      -31.3354      -31.3354   0.00010   0.00000 -4.90144
   23      -31.3359      -31.3355      -31.3355   0.00010   0.00000 -4.90143
   24      -31.3359      -31.3355      -31.3355   0.00009   0.00000 -4.90142
   25      -31.3359      -31.3355      -31.3355   0.00009   0.00000 -4.90141
   26      -31.3359      -31.3355      -31.3355   0.00009   0.00000 -4.90140
   27      -31.3359      -31.3355      -31.3355   0.00009   0.00000 -4.90139
   28      -31.3359      -31.3355      -31.3355   0.00008   0.00000 -4.90138
   29      -31.3359      -31.3355      -31.3355   0.00008   0.00000 -4.90137
   30      -31.3359      -31.3355      -31.3355   0.00008   0.00000 -4.90136
   31      -31.3359      -31.3355      -31.3355   0.00008   0.00000 -4.90135
   32      -31.3359      -31.3355      -31.3355   0.00007   0.00000 -4.90134
   33      -31.3359      -31.3355      -31.3355   0.00007   0.00000 -4.90133
   34      -31.3359      -31.3356      -31.3356   0.00007   0.00000 -4.90132
   35      -31.3359      -31.3356      -31.3356   0.00007   0.00000 -4.90131
   36      -31.3359      -31.3356      -31.3356   0.00007   0.00000 -4.90131
   37      -31.3359      -31.3356      -31.3356   0.00006   0.00000 -4.90130
   38      -31.3359      -31.3356      -31.3356   0.00006   0.00000 -4.90129
   39      -31.3359      -31.3356      -31.3356   0.00006   0.00000 -4.90128
   40      -31.3359      -31.3356      -31.3356   0.00006   0.00000 -4.90127
   41      -31.3359      -31.3356      -31.3356   0.00006   0.00000 -4.90127
   42      -31.3359      -31.3356      -31.3356   0.00006   0.00000 -4.90126
   43      -31.3359      -31.3356      -31.3356   0.00005   0.00000 -4.90125
   44      -31.3359      -31.3356      -31.3356   0.00005   0.00000 -4.90124
   45      -31.3359      -31.3356      -31.3356   0.00005   0.00000 -4.90124
   46      -31.3359      -31.3356      -31.3356   0.00005   0.00000 -4.90123
   47      -31.3359      -31.3356      -31.3356   0.00005   0.00000 -4.90122
   48      -31.3359      -31.3356      -31.3356   0.00005   0.00000 -4.90122
   49      -31.3359      -31.3357      -31.3357   0.00005   0.00000 -4.90121
   50      -31.3359      -31.3357      -31.3357   0.00004   0.00000 -4.90121
   51      -31.3359      -31.3357      -31.3357   0.00004   0.00000 -4.90120
   52      -31.3359      -31.3357      -31.3357   0.00004   0.00000 -4.90119
   53      -31.3359      -31.3357      -31.3357   0.00004   0.00000 -4.90119
   54      -31.3359      -31.3357      -31.3357   0.00004   0.00000 -4.90118
   55      -31.3359      -31.3357      -31.3357   0.00004   0.00000 -4.90118
   56      -31.3359      -31.3357      -31.3357   0.00004   0.00000 -4.90117
   57      -31.3359      -31.3357      -31.3357   0.00004   0.00000 -4.90117
   58      -31.3359      -31.3357      -31.3357   0.00003   0.00000 -4.90116
   59      -31.3359      -31.3357      -31.3357   0.00003   0.00000 -4.90116
   60      -31.3359      -31.3357      -31.3357   0.00003   0.00000 -4.90115
   61      -31.3359      -31.3357      -31.3357   0.00003   0.00000 -4.90115
   62      -31.3359      -31.3357      -31.3357   0.00003   0.00000 -4.90114
   63      -31.3359      -31.3357      -31.3357   0.00003   0.00000 -4.90114
   64      -31.3359      -31.3357      -31.3357   0.00003   0.00000 -4.90113
   65      -31.3359      -31.3357      -31.3357   0.00003   0.00000 -4.90113
   66      -31.3359      -31.3357      -31.3357   0.00003   0.00000 -4.90112
   67      -31.3359      -31.3357      -31.3357   0.00003   0.00000 -4.90112
   68      -31.3359      -31.3357      -31.3357   0.00003   0.00000 -4.90112
   69      -31.3359      -31.3358      -31.3358   0.00003   0.00000 -4.90111
   70      -31.3359      -31.3358      -31.3358   0.00002   0.00000 -4.90111
   71      -31.3359      -31.3358      -31.3358   0.00002   0.00000 -4.90110
   72      -31.3359      -31.3358      -31.3358   0.00002   0.00000 -4.90110
   73      -31.3359      -31.3358      -31.3358   0.00002   0.00000 -4.90110
   74      -31.3359      -31.3358      -31.3358   0.00002   0.00000 -4.90109
   75      -31.3359      -31.3358      -31.3358   0.00002   0.00000 -4.90109
   76      -31.3359      -31.3358      -31.3358   0.00002   0.00000 -4.90109
   77      -31.3359      -31.3358      -31.3358   0.00002   0.00000 -4.90108
   78      -31.3359      -31.3358      -31.3358   0.00002   0.00000 -4.90108
