cpu-bind=MASK - cn1144, task  0  0 [45309]: mask 0xffffffffffffffff set
--------------------------------------------------------------------------
Open MPI failed an OFI Libfabric library call (fi_domain).  This is highly
unusual; your job may behave unpredictably (and/or abort) after this.

  Local host: cn1145
  Location: mtl_ofi_component.c:928
  Error: No data available (61)
--------------------------------------------------------------------------
[cn1144.scarf.rl.ac.uk:45345] 239 more processes have sent help message help-mtl-ofi.txt / OFI call fail
[cn1144.scarf.rl.ac.uk:45345] Set MCA parameter "orte_base_help_aggregate" to 0 to see all help / error messages
--------------------------------------------------------------------------
Open MPI failed an OFI Libfabric library call (fi_domain).  This is highly
unusual; your job may behave unpredictably (and/or abort) after this.

  Local host: cn1145
  Location: mtl_ofi_component.c:928
  Error: No data available (61)
--------------------------------------------------------------------------
[cn1144.scarf.rl.ac.uk:46001] 239 more processes have sent help message help-mtl-ofi.txt / OFI call fail
[cn1144.scarf.rl.ac.uk:46001] Set MCA parameter "orte_base_help_aggregate" to 0 to see all help / error messages
[1678652680.556681] [cn1144:46097:0]          mpool.c:43   UCX  WARN  object 0x9f18a40 was not returned to mpool ucp_requests
[1678652680.556986] [cn1144:46092:0]          mpool.c:43   UCX  WARN  object 0xb581800 was not returned to mpool ucp_requests
[1678652680.557013] [cn1144:46090:0]          mpool.c:43   UCX  WARN  object 0xab48580 was not returned to mpool ucp_requests
[1678652680.557578] [cn1144:46071:0]          mpool.c:43   UCX  WARN  object 0xb18e4c0 was not returned to mpool ucp_requests
[1678652680.557609] [cn1144:46075:0]          mpool.c:43   UCX  WARN  object 0xb4959c0 was not returned to mpool ucp_requests
[1678652680.557633] [cn1144:46072:0]          mpool.c:43   UCX  WARN  object 0xa8b4500 was not returned to mpool ucp_requests
[1678652680.557632] [cn1144:46079:0]          mpool.c:43   UCX  WARN  object 0xa740b00 was not returned to mpool ucp_requests
[1678652680.557648] [cn1144:46081:0]          mpool.c:43   UCX  WARN  object 0xa584e40 was not returned to mpool ucp_requests
[1678652680.557669] [cn1144:46087:0]          mpool.c:43   UCX  WARN  object 0x6903800 was not returned to mpool ucp_requests
[1678652680.557713] [cn1144:46083:0]          mpool.c:43   UCX  WARN  object 0xac399c0 was not returned to mpool ucp_requests
--------------------------------------------------------------------------
Open MPI failed an OFI Libfabric library call (fi_domain).  This is highly
unusual; your job may behave unpredictably (and/or abort) after this.

  Local host: cn1154
  Location: mtl_ofi_component.c:928
  Error: No data available (61)
--------------------------------------------------------------------------
[cn1144.scarf.rl.ac.uk:46603] 239 more processes have sent help message help-mtl-ofi.txt / OFI call fail
[cn1144.scarf.rl.ac.uk:46603] Set MCA parameter "orte_base_help_aggregate" to 0 to see all help / error messages
[1678652971.844495] [cn1144:46695:0]          mpool.c:43   UCX  WARN  object 0xaa5d3c0 was not returned to mpool ucp_requests
[1678652971.844492] [cn1144:46698:0]          mpool.c:43   UCX  WARN  object 0xbef8800 was not returned to mpool ucp_requests
[1678652971.844494] [cn1144:46702:0]          mpool.c:43   UCX  WARN  object 0x68faa00 was not returned to mpool ucp_requests
[1678652971.845052] [cn1144:46674:0]          mpool.c:43   UCX  WARN  object 0xa1b8240 was not returned to mpool ucp_requests
[1678652971.845100] [cn1144:46676:0]          mpool.c:43   UCX  WARN  object 0xabccb00 was not returned to mpool ucp_requests
[1678652971.845164] [cn1144:46683:0]          mpool.c:43   UCX  WARN  object 0xc221740 was not returned to mpool ucp_requests
[1678652971.845455] [cn1144:46685:0]          mpool.c:43   UCX  WARN  object 0xa9ceec0 was not returned to mpool ucp_requests
[1678652971.845458] [cn1144:46690:0]          mpool.c:43   UCX  WARN  object 0x6830e80 was not returned to mpool ucp_requests
[1678652971.845612] [cn1144:46692:0]          mpool.c:43   UCX  WARN  object 0xbdd3580 was not returned to mpool ucp_requests
[1678652971.846045] [cn1144:46680:0]          mpool.c:43   UCX  WARN  object 0x60778c0 was not returned to mpool ucp_requests
cp: cannot stat ‘0V-VH_z-0043.dat’: No such file or directory
cp: cannot stat ‘0V-VH_z-0043.dat’: No such file or directory
cp: cannot stat ‘0V-RHO_z-0043.dat’: No such file or directory
cp: cannot stat ‘0V-RHO_z-0043.dat’: No such file or directory
