 iscf   Eharris(eV)      E_KS(eV)   FreeEng(eV)    dHmax    dDmax   Ef(eV)
    1  -109412.6353  -109578.1371  -109578.1371  0.85603  0.85603  0.00000
    2  -109412.8664  -109561.5251  -109561.5251  0.23497  0.68295  0.00000
    3  -109354.1017  -109377.1840  -109377.1840  1.99211  0.87268  0.00000
    4  -107656.9793  -107575.6982  -107575.6982 13.08502  0.73742  0.00000
    5  -109399.4347  -109402.6455  -109402.6455  0.74865  0.20021  0.00000
    6  -109400.1797  -109400.9352  -109400.9352  0.33630  0.13258  0.00000
    7  -109390.6416  -109385.8034  -109385.8034  1.37283  0.20316  0.00000
    8  -109404.1298  -109405.4835  -109405.4835  0.08855  0.03697  0.00000
    9  -109403.7322  -109403.4430  -109403.4430  0.22340  0.05063  0.00000
   10  -109404.8383  -109404.4095  -109404.4095  0.15375  0.05323  0.00000
   11  -109401.4663  -109404.5513  -109404.5513  0.16123  0.10575  0.00000
   12  -109393.7909  -109392.1358  -109392.1358  0.95750  0.05204  0.00000
   13  -109403.7789  -109399.4580  -109399.4580  0.55438  0.04878  0.00000
   14  -109408.9650  -109407.7170  -109407.7170  0.20795  0.09609  0.00000
   15  -109404.5303  -109405.2678  -109405.2678  0.72024  0.05984  0.00000
   16  -109405.8844  -109407.7156  -109407.7156  0.33377  0.15174  0.00000
   17  -109404.7259  -109400.4227  -109400.4227  0.67857  0.10843  0.00000
   18  -109409.2171  -109409.6092  -109409.6092  0.44888  0.07684  0.00000
   19  -109407.8693  -109409.7122  -109409.7122  0.36081  0.06746  0.00000
   20  -109408.3112  -109408.0430  -109408.0430  0.02434  0.03385  0.00000
   21  -109403.6989  -109408.4239  -109408.4239  0.04038  0.11588  0.00000
   22  -109399.1581  -109395.3942  -109395.3942  0.80850  0.05207  0.00000
   23  -109410.9308  -109407.0933  -109407.0933  0.05109  0.03884  0.00000
   24  -109407.1571  -109409.9715  -109409.9715  0.53984  0.04740  0.00000
   25  -109412.8840  -109408.2985  -109408.2985  0.02043  0.03187  0.00000
   26  -109410.9805  -109410.9649  -109410.9649  0.63154  0.02564  0.00000
   27  -109401.4398  -109410.6852  -109410.6852  0.65792  0.11353  0.00000
   28  -109395.7881  -109393.6910  -109393.6910  0.92770  0.07515  0.00000
   29  -109403.6424  -109401.9633  -109401.9633  0.54636  0.03185  0.00000
   30  -109405.1285  -109406.4485  -109406.4485  0.22826  0.05636  0.00000
   31  -109407.6889  -109403.3919  -109403.3919  0.42493  0.05357  0.00000
   32  -109404.1501  -109410.3318  -109410.3318  0.26486  0.07373  0.00000
   33  -109398.0349  -109397.9565  -109397.9565  0.68906  0.02980  0.00000
   34  -109409.3681  -109397.4566  -109397.4566  0.73261  0.09701  0.00000
   35  -109403.2942  -109407.8024  -109407.8024  1.08566  0.04785  0.00000
   36  -109413.4740  -109410.8098  -109410.8098  0.46741  0.03434  0.00000
   37  -109409.8537  -109410.3218  -109410.3218  0.77953  0.00718  0.00000
   38  -109408.2484  -109410.7432  -109410.7432  0.70527  0.02659  0.00000
   39  -109409.7724  -109410.9084  -109410.9084  0.37535  0.01002  0.00000
   40  -109410.4403  -109410.2795  -109410.2795  0.20289  0.01440  0.00000
   41  -109410.2351  -109410.3768  -109410.3768  0.23201  0.03167  0.00000
   42  -109410.0377  -109410.2044  -109410.2044  0.25635  0.02498  0.00000
   43  -109402.6755  -109410.1233  -109410.1233  0.21595  0.09549  0.00000
   44  -109392.7897  -109385.0860  -109385.0860  1.25349  0.10120  0.00000
   45  -109412.7733  -109410.0270  -109410.0270  0.26155  0.04960  0.00000
   46  -109409.4880  -109411.0481  -109411.0481  0.59900  0.08747  0.00000
   47  -109408.8511  -109410.7213  -109410.7213  0.39920  0.03255  0.00000
   48  -109409.1258  -109409.4922  -109409.4922  0.16628  0.01430  0.00000
   49  -109410.0491  -109409.1052  -109409.1052  0.12613  0.03707  0.00000
   50  -109410.3183  -109409.8588  -109409.8588  0.28131  0.05184  0.00000
   51  -109410.9471  -109410.3559  -109410.3559  0.28960  0.03315  0.00000
   52  -109406.6488  -109410.6575  -109410.6575  0.37697  0.05992  0.00000
   53  -109412.3748  -109405.5650  -109405.5650  0.26835  0.04970  0.00000
   54  -109403.5888  -109409.6701  -109409.6701  0.84108  0.04582  0.00000
   55  -109407.4943  -109406.8894  -109406.8894  0.16792  0.03716  0.00000
   56  -109408.0807  -109407.8916  -109407.8916  0.12441  0.05449  0.00000
   57  -109412.1148  -109408.2620  -109408.2620  0.05274  0.06179  0.00000
   58  -109408.5627  -109411.0950  -109411.0950  0.53760  0.04597  0.00000
   59  -109413.5093  -109409.7987  -109409.7987  0.21100  0.04108  0.00000
   60  -109405.2284  -109409.9649  -109409.9649  0.79075  0.04151  0.00000
   61  -109408.5774  -109408.5406  -109408.5406  0.04621  0.00744  0.00000
   62  -109412.5738  -109408.6336  -109408.6336  0.06749  0.04154  0.00000
   63  -109410.4328  -109410.9991  -109410.9991  0.60941  0.05940  0.00000
   64  -109407.1659  -109410.6948  -109410.6948  0.54320  0.06248  0.00000
   65  -109408.5254  -109408.3431  -109408.3431  0.04137  0.07099  0.00000
   66  -109409.7774  -109408.6003  -109408.6003  0.17683  0.06651  0.00000
   67  -109409.0122  -109409.9582  -109409.9582  0.21089  0.02804  0.00000
   68  -109409.8527  -109408.9055  -109408.9055  0.12174  0.05873  0.00000
   69  -109410.7304  -109409.9345  -109409.9345  0.15282  0.05452  0.00000
   70  -109409.5772  -109410.6670  -109410.6670  0.27518  0.03168  0.00000
   71  -109406.9940  -109409.6184  -109409.6184  0.15164  0.06589  0.00000
   72  -109406.7753  -109405.0796  -109405.0796  0.35945  0.04307  0.00000
   73  -109409.6692  -109408.4020  -109408.4020  0.06214  0.01107  0.00000
   74  -109409.5574  -109410.0161  -109410.0161  0.15127  0.00537  0.00000
   75  -109409.9728  -109409.5152  -109409.5152  0.07562  0.01712  0.00000
   76  -109409.5545  -109410.0105  -109410.0105  0.15376  0.00403  0.00000
   77  -109409.3600  -109409.5141  -109409.5141  0.08060  0.02763  0.00000
   78  -109409.4654  -109409.3237  -109409.3237  0.06742  0.01276  0.00000
   79  -109410.1417  -109409.4952  -109409.4952  0.09036  0.02867  0.00000
   80  -109408.7662  -109410.1916  -109410.1916  0.18047  0.02421  0.00000
   81  -109409.8602  -109408.4372  -109408.4372  0.05693  0.03111  0.00000
   82  -109409.3646  -109410.1855  -109410.1855  0.18324  0.01569  0.00000
   83  -109408.9540  -109409.2779  -109409.2779  0.04930  0.00478  0.00000
   84  -109408.9529  -109408.8427  -109408.8427  0.01105  0.00563  0.00000
   85  -109408.8457  -109408.9974  -109408.9974  0.01590  0.00749  0.00000
   86  -109409.2111  -109408.7882  -109408.7882  0.01744  0.00694  0.00000
   87  -109409.1179  -109409.3521  -109409.3521  0.06026  0.01134  0.00000
   88  -109409.1714  -109409.0478  -109409.0478  0.01808  0.00196  0.00000
   89  -109409.0042  -109409.2105  -109409.2105  0.03693  0.00542  0.00000
   90  -109409.1121  -109408.9324  -109408.9324  0.00181  0.00271  0.00000
   91  -109409.0769  -109409.1729  -109409.1729  0.03032  0.00081  0.00000
   92  -109409.0291  -109409.0452  -109409.0452  0.01484  0.00115  0.00000
   93  -109408.9700  -109409.0227  -109409.0227  0.01203  0.00066  0.00000
   94  -109408.9198  -109408.9504  -109408.9504  0.00344  0.00111  0.00000
   95  -109408.9186  -109408.9074  -109408.9074  0.00283  0.00021  0.00000
   96  -109408.9204  -109408.9232  -109408.9232  0.00096  0.00232  0.00000
   97  -109408.8622  -109408.9201  -109408.9201  0.00059  0.00071  0.00000
   98  -109408.8603  -109408.8388  -109408.8388  0.00999  0.00087  0.00000
   99  -109408.8615  -109408.8692  -109408.8692  0.00641  0.00073  0.00000
  100  -109408.9048  -109408.8585  -109408.8585  0.00761  0.00181  0.00000
  101  -109408.9147  -109408.9234  -109408.9234  0.00024  0.00019  0.00000
  102  -109408.9181  -109408.9109  -109408.9109  0.00165  0.00013  0.00000
  103  -109408.9204  -109408.9210  -109408.9210  0.00046  0.00003  0.00000
  104  -109408.9187  -109408.9202  -109408.9202  0.00055  0.00008  0.00000
  105  -109408.9238  -109408.9182  -109408.9182  0.00080  0.00033  0.00000
  106  -109408.9213  -109408.9258  -109408.9258  0.00033  0.00029  0.00000
  107  -109408.9176  -109408.9195  -109408.9195  0.00073  0.00005  0.00000
  108  -109408.9216  -109408.9170  -109408.9170  0.00096  0.00033  0.00000
  109  -109408.9215  -109408.9234  -109408.9234  0.00019  0.00002  0.00000
  110  -109408.9213  -109408.9208  -109408.9208  0.00044  0.00009  0.00000
  111  -109408.9244  -109408.9214  -109408.9214  0.00039  0.00060  0.00000
  112  -109408.9267  -109408.9255  -109408.9255  0.00029  0.00005  0.00000
  113  -109408.9249  -109408.9272  -109408.9272  0.00047  0.00034  0.00000
  114  -109408.9186  -109408.9240  -109408.9240  0.00010  0.00010  0.00000
  115  -109408.9206  -109408.9163  -109408.9163  0.00106  0.00051  0.00000
  116  -109408.9252  -109408.9224  -109408.9224  0.00030  0.00009  0.00000
  117  -109408.9260  -109408.9264  -109408.9264  0.00030  0.00010  0.00000
  118  -109408.9253  -109408.9258  -109408.9258  0.00021  0.00009  0.00000
  119  -109408.9260  -109408.9251  -109408.9251  0.00009  0.00001  0.00000
