 @target G0.S0
 @type xy
  -0.2721140E+02      0.1855878E-49
  -0.2714328E+02      0.3710720E-51
  -0.2707517E+02      0.1788483E-49
  -0.2700706E+02      0.0000000E+00
  -0.2693894E+02      0.0000000E+00
  -0.2687083E+02      0.0000000E+00
  -0.2680271E+02      0.1002112E-49
  -0.2673460E+02      0.9134789E-50
  -0.2666649E+02      0.3175094E-50
  -0.2659837E+02      0.0000000E+00
  -0.2653026E+02      0.3220654E-52
  -0.2646215E+02      0.2773944E-50
  -0.2639403E+02      0.5306116E-50
  -0.2632592E+02      0.2974364E-50
  -0.2625781E+02      0.0000000E+00
  -0.2618969E+02      0.1145680E-49
  -0.2612158E+02      0.0000000E+00
  -0.2605346E+02      0.6603145E-50
  -0.2598535E+02      0.4289302E-50
  -0.2591724E+02      0.3502865E-50
  -0.2584912E+02      0.6500887E-51
  -0.2578101E+02      0.0000000E+00
  -0.2571290E+02      0.0000000E+00
  -0.2564478E+02      0.6090258E-50
  -0.2557667E+02      0.1138790E-50
  -0.2550856E+02      0.0000000E+00
  -0.2544044E+02      0.1404868E-50
  -0.2537233E+02      0.0000000E+00
  -0.2530421E+02      0.1563253E-50
  -0.2523610E+02      0.0000000E+00
  -0.2516799E+02      0.0000000E+00
  -0.2509987E+02      0.3272605E-51
  -0.2503176E+02      0.0000000E+00
  -0.2496365E+02      0.0000000E+00
  -0.2489553E+02      0.0000000E+00
  -0.2482742E+02      0.0000000E+00
  -0.2475931E+02      0.1050567E-50
  -0.2469119E+02      0.7537787E-51
  -0.2462308E+02      0.0000000E+00
  -0.2455496E+02      0.7141497E-50
  -0.2448685E+02      0.0000000E+00
  -0.2441874E+02      0.5325595E-50
  -0.2435062E+02      0.0000000E+00
  -0.2428251E+02      0.9402039E-51
  -0.2421440E+02      0.6076104E-50
  -0.2414628E+02      0.0000000E+00
  -0.2407817E+02      0.5381655E-51
  -0.2401006E+02      0.5229451E-51
  -0.2394194E+02      0.0000000E+00
  -0.2387383E+02      0.2085855E-50
  -0.2380571E+02      0.1965709E-50
  -0.2373760E+02      0.0000000E+00
  -0.2366949E+02      0.0000000E+00
  -0.2360137E+02      0.0000000E+00
  -0.2353326E+02      0.1098123E-49
  -0.2346515E+02      0.0000000E+00
  -0.2339703E+02      0.0000000E+00
  -0.2332892E+02      0.1098964E-50
  -0.2326081E+02      0.3323567E-51
  -0.2319269E+02      0.1559897E-51
  -0.2312458E+02      0.3904614E-51
  -0.2305646E+02      0.0000000E+00
  -0.2298835E+02      0.0000000E+00
  -0.2292024E+02      0.1316176E-51
  -0.2285212E+02      0.1880705E-50
  -0.2278401E+02      0.0000000E+00
  -0.2271590E+02      0.0000000E+00
  -0.2264778E+02      0.6966937E-51
  -0.2257967E+02      0.0000000E+00
  -0.2251156E+02      0.0000000E+00
  -0.2244344E+02      0.2712229E-51
  -0.2237533E+02      0.4113832E-51
  -0.2230721E+02      0.0000000E+00
  -0.2223910E+02      0.0000000E+00
  -0.2217099E+02      0.3134313E-51
  -0.2210287E+02      0.0000000E+00
  -0.2203476E+02      0.4195687E-51
  -0.2196665E+02      0.0000000E+00
  -0.2189853E+02      0.0000000E+00
  -0.2183042E+02      0.4603925E-51
  -0.2176231E+02      0.2301281E-51
  -0.2169419E+02      0.0000000E+00
  -0.2162608E+02      0.0000000E+00
  -0.2155796E+02      0.0000000E+00
  -0.2148985E+02      0.0000000E+00
  -0.2142174E+02      0.0000000E+00
  -0.2135362E+02      0.0000000E+00
  -0.2128551E+02      0.0000000E+00
  -0.2121740E+02      0.6390960E-51
  -0.2114928E+02      0.1626288E-51
  -0.2108117E+02      0.2164385E-52
  -0.2101306E+02      0.2290761E-51
  -0.2094494E+02      0.4631890E-51
  -0.2087683E+02      0.0000000E+00
  -0.2080871E+02      0.4537231E-51
  -0.2074060E+02      0.1394801E-52
  -0.2067249E+02      0.2395864E-52
  -0.2060437E+02      0.0000000E+00
  -0.2053626E+02      0.1448991E-51
  -0.2046815E+02      0.0000000E+00
  -0.2040003E+02      0.0000000E+00
  -0.2033192E+02      0.0000000E+00
  -0.2026381E+02      0.1283126E-51
  -0.2019569E+02      0.0000000E+00
  -0.2012758E+02      0.1720939E-51
  -0.2005946E+02      0.2039795E-51
  -0.1999135E+02      0.0000000E+00
  -0.1992324E+02      0.0000000E+00
  -0.1985512E+02      0.0000000E+00
  -0.1978701E+02      0.4447983E-51
  -0.1971890E+02      0.0000000E+00
  -0.1965078E+02      0.0000000E+00
  -0.1958267E+02      0.0000000E+00
  -0.1951456E+02      0.0000000E+00
  -0.1944644E+02      0.0000000E+00
  -0.1937833E+02      0.0000000E+00
  -0.1931021E+02      0.0000000E+00
  -0.1924210E+02      0.4666778E-52
  -0.1917399E+02      0.6965595E-52
  -0.1910587E+02      0.0000000E+00
  -0.1903776E+02      0.0000000E+00
  -0.1896965E+02      0.0000000E+00
  -0.1890153E+02      0.0000000E+00
  -0.1883342E+02      0.0000000E+00
  -0.1876531E+02      0.0000000E+00
  -0.1869719E+02      0.6512413E-52
  -0.1862908E+02      0.0000000E+00
  -0.1856096E+02      0.0000000E+00
  -0.1849285E+02      0.0000000E+00
  -0.1842474E+02      0.0000000E+00
  -0.1835662E+02      0.0000000E+00
  -0.1828851E+02      0.6290360E-52
  -0.1822040E+02      0.0000000E+00
  -0.1815228E+02      0.0000000E+00
  -0.1808417E+02      0.0000000E+00
  -0.1801606E+02      0.2301447E-52
  -0.1794794E+02      0.5005171E-52
  -0.1787983E+02      0.3828232E-53
  -0.1781171E+02      0.0000000E+00
  -0.1774360E+02      0.6922517E-52
  -0.1767549E+02      0.3647274E-53
  -0.1760737E+02      0.0000000E+00
  -0.1753926E+02      0.4306694E-52
  -0.1747115E+02      0.7261937E-52
  -0.1740303E+02      0.0000000E+00
  -0.1733492E+02      0.0000000E+00
  -0.1726681E+02      0.0000000E+00
  -0.1719869E+02      0.9407728E-52
  -0.1713058E+02      0.0000000E+00
  -0.1706246E+02      0.4428592E-52
  -0.1699435E+02      0.0000000E+00
  -0.1692624E+02      0.6955297E-53
  -0.1685812E+02      0.0000000E+00
  -0.1679001E+02      0.1969352E-52
  -0.1672190E+02      0.5504773E-52
  -0.1665378E+02      0.0000000E+00
  -0.1658567E+02      0.6955841E-52
  -0.1651756E+02      0.0000000E+00
  -0.1644944E+02      0.3929813E-51
  -0.1638133E+02      0.1467548E-52
  -0.1631321E+02      0.0000000E+00
  -0.1624510E+02      0.0000000E+00
  -0.1617699E+02      0.1886602E-51
  -0.1610887E+02      0.1852925E-52
  -0.1604076E+02      0.6119807E-51
  -0.1597265E+02      0.0000000E+00
  -0.1590453E+02      0.0000000E+00
  -0.1583642E+02      0.0000000E+00
  -0.1576831E+02      0.3195876E-46
  -0.1570019E+02      0.0000000E+00
  -0.1563208E+02      0.3410325E-49
  -0.1556397E+02      0.0000000E+00
  -0.1549585E+02      0.0000000E+00
  -0.1542774E+02      0.0000000E+00
  -0.1535962E+02      0.0000000E+00
  -0.1529151E+02      0.0000000E+00
  -0.1522340E+02      0.4456598E-50
  -0.1515528E+02      0.0000000E+00
  -0.1508717E+02      0.2327187E-52
  -0.1501906E+02      0.0000000E+00
  -0.1495094E+02      0.1537364E-50
  -0.1488283E+02      0.2329405E-50
  -0.1481472E+02      0.0000000E+00
  -0.1474660E+02      0.0000000E+00
  -0.1467849E+02      0.4871236E-48
  -0.1461037E+02      0.8479903E-49
  -0.1454226E+02      0.0000000E+00
  -0.1447415E+02      0.2712158E-49
  -0.1440603E+02      0.0000000E+00
  -0.1433792E+02      0.5707959E-50
  -0.1426981E+02      0.1680898E-50
  -0.1420169E+02      0.0000000E+00
  -0.1413358E+02      0.1033399E-50
  -0.1406547E+02      0.0000000E+00
  -0.1399735E+02      0.0000000E+00
  -0.1392924E+02      0.4068612E-53
  -0.1386112E+02      0.0000000E+00
  -0.1379301E+02      0.0000000E+00
  -0.1372490E+02      0.0000000E+00
  -0.1365678E+02      0.0000000E+00
  -0.1358867E+02      0.0000000E+00
  -0.1352056E+02      0.3997497E-51
  -0.1345244E+02      0.0000000E+00
  -0.1338433E+02      0.3086901E-51
  -0.1331622E+02      0.0000000E+00
  -0.1324810E+02      0.0000000E+00
  -0.1317999E+02      0.1548906E-50
  -0.1311187E+02      0.3669997E-49
  -0.1304376E+02      0.0000000E+00
  -0.1297565E+02      0.0000000E+00
  -0.1290753E+02      0.7821008E-53
  -0.1283942E+02      0.7333811E-51
  -0.1277131E+02      0.0000000E+00
  -0.1270319E+02      0.6775506E-53
  -0.1263508E+02      0.0000000E+00
  -0.1256697E+02      0.6215891E-53
  -0.1249885E+02      0.4113735E-52
  -0.1243074E+02      0.1142759E-51
  -0.1236262E+02      0.1873715E-55
  -0.1229451E+02      0.0000000E+00
  -0.1222640E+02      0.0000000E+00
  -0.1215828E+02      0.0000000E+00
  -0.1209017E+02      0.0000000E+00
  -0.1202206E+02      0.0000000E+00
  -0.1195394E+02      0.3972963E-52
  -0.1188583E+02      0.0000000E+00
  -0.1181772E+02      0.0000000E+00
  -0.1174960E+02      0.1954846E-52
  -0.1168149E+02      0.1271693E-52
  -0.1161337E+02      0.0000000E+00
  -0.1154526E+02      0.7021092E-52
  -0.1147715E+02      0.1254240E-52
  -0.1140903E+02      0.0000000E+00
  -0.1134092E+02      0.0000000E+00
  -0.1127281E+02      0.0000000E+00
  -0.1120469E+02      0.6796452E-50
  -0.1113658E+02      0.4673697E-48
  -0.1106847E+02      0.0000000E+00
  -0.1100035E+02      0.0000000E+00
  -0.1093224E+02      0.3635873E-50
  -0.1086412E+02      0.5903172E-50
  -0.1079601E+02      0.0000000E+00
  -0.1072790E+02      0.4740271E-50
  -0.1065978E+02      0.0000000E+00
  -0.1059167E+02      0.9681100E-50
  -0.1052356E+02      0.0000000E+00
  -0.1045544E+02      0.8620730E-50
  -0.1038733E+02      0.2494123E-50
  -0.1031922E+02      0.0000000E+00
  -0.1025110E+02      0.7179099E-49
  -0.1018299E+02      0.0000000E+00
  -0.1011487E+02      0.0000000E+00
  -0.1004676E+02      0.1834172E-49
  -0.9978647E+01      0.2934245E-49
  -0.9910534E+01      0.3552374E-48
  -0.9842420E+01      0.0000000E+00
  -0.9774306E+01      0.2852739E-48
  -0.9706193E+01      0.0000000E+00
  -0.9638079E+01      0.4535614E-47
  -0.9569965E+01      0.4669284E-47
  -0.9501852E+01      0.0000000E+00
  -0.9433738E+01      0.0000000E+00
  -0.9365624E+01      0.0000000E+00
  -0.9297511E+01      0.1652572E-46
  -0.9229397E+01      0.7211858E-45
  -0.9161284E+01      0.0000000E+00
  -0.9093170E+01      0.3185697E-44
  -0.9025056E+01      0.1014073E-44
  -0.8956943E+01      0.0000000E+00
  -0.8888829E+01      0.0000000E+00
  -0.8820715E+01      0.1738299E-43
  -0.8752602E+01      0.4567622E-44
  -0.8684488E+01      0.0000000E+00
  -0.8616375E+01      0.2546456E-41
  -0.8548261E+01      0.5596462E-41
  -0.8480147E+01      0.1226357E-39
  -0.8412034E+01      0.1315570E-39
  -0.8343920E+01      0.0000000E+00
  -0.8275806E+01      0.2156938E-39
  -0.8207693E+01      0.1673930E-39
  -0.8139579E+01      0.2869965E-39
  -0.8071465E+01      0.1258048E-39
  -0.8003352E+01      0.5233707E-38
  -0.7935238E+01      0.0000000E+00
  -0.7867125E+01      0.0000000E+00
  -0.7799011E+01      0.3678567E-37
  -0.7730897E+01      0.0000000E+00
  -0.7662784E+01      0.0000000E+00
  -0.7594670E+01      0.0000000E+00
  -0.7526556E+01      0.2768932E-10
  -0.7458443E+01      0.4005412E-07
  -0.7390329E+01      0.2491672E-04
  -0.7322215E+01      0.6385102E-05
  -0.7254102E+01      0.7933685E-05
  -0.7185988E+01      0.2227997E-04
  -0.7117875E+01      0.1413128E-03
  -0.7049761E+01      0.3585381E-01
  -0.6981647E+01      0.3561937E-03
  -0.6913534E+01      0.1949713E-03
  -0.6845420E+01      0.4788265E-03
  -0.6777306E+01      0.8086489E-02
  -0.6709193E+01      0.1151599E+00
  -0.6641079E+01      0.7651407E-01
  -0.6572966E+01      0.1401364E-01
  -0.6504852E+01      0.5127246E-02
  -0.6436738E+01      0.3213791E-02
  -0.6368625E+01      0.3061244E-02
  -0.6300511E+01      0.4296955E-02
  -0.6232397E+01      0.9296113E-02
  -0.6164284E+01      0.3339046E-01
  -0.6096170E+01      0.4177253E-01
  -0.6028056E+01      0.3481479E-01
  -0.5959943E+01      0.8702268E+00
  -0.5891829E+01      0.3911150E+00
  -0.5823716E+01      0.2547825E+00
  -0.5755602E+01      0.1987290E+00
  -0.5687488E+01      0.1714194E+00
  -0.5619375E+01      0.9226257E-01
  -0.5551261E+01      0.5167522E-01
  -0.5483147E+01      0.3835921E-01
  -0.5415034E+01      0.3900595E-01
  -0.5346920E+01      0.5672543E-01
  -0.5278807E+01      0.1148940E+00
  -0.5210693E+01      0.2941105E+00
  -0.5142579E+01      0.3389463E+00
  -0.5074466E+01      0.1281159E+00
  -0.5006352E+01      0.2269051E-01
  -0.4938238E+01      0.4400960E-01
  -0.4870125E+01      0.7835262E+00
  -0.4802011E+01      0.8462505E+00
  -0.4733897E+01      0.6119713E+00
  -0.4665784E+01      0.3066343E+00
  -0.4597670E+01      0.1713738E+00
  -0.4529557E+01      0.1181407E+00
  -0.4461443E+01      0.7689968E-01
  -0.4393329E+01      0.4780492E-01
  -0.4325216E+01      0.5090765E-01
  -0.4257102E+01      0.8603602E+00
  -0.4188988E+01      0.2385648E+00
  -0.4120875E+01      0.4732157E+00
  -0.4052761E+01      0.7229596E+00
  -0.3984648E+01      0.1095673E+01
  -0.3916534E+01      0.9012968E+00
  -0.3848420E+01      0.1178441E+01
  -0.3780307E+01      0.1145841E+01
  -0.3712193E+01      0.1280099E+01
  -0.3644079E+01      0.1468768E+01
  -0.3575966E+01      0.1359900E+01
  -0.3507852E+01      0.1762002E+01
  -0.3439738E+01      0.1055995E+01
  -0.3371625E+01      0.1716366E+01
  -0.3303511E+01      0.1314958E+01
  -0.3235398E+01      0.1296841E+01
  -0.3167284E+01      0.1299107E+01
  -0.3099170E+01      0.1192877E+01
  -0.3031057E+01      0.1153579E+01
  -0.2962943E+01      0.1245611E+01
  -0.2894829E+01      0.1489738E+01
  -0.2826716E+01      0.1434317E+01
  -0.2758602E+01      0.1274368E+01
  -0.2690488E+01      0.1435509E+01
  -0.2622375E+01      0.9529455E+00
  -0.2554261E+01      0.1044127E+01
  -0.2486148E+01      0.1100433E+01
  -0.2418034E+01      0.8094607E+00
  -0.2349920E+01      0.8231122E+00
  -0.2281807E+01      0.7337924E+00
  -0.2213693E+01      0.7195907E+00
  -0.2145579E+01      0.6458927E+00
  -0.2077466E+01      0.7497347E+00
  -0.2009352E+01      0.7874336E+00
  -0.1941239E+01      0.3705950E+00
  -0.1873125E+01      0.4091212E+00
  -0.1805011E+01      0.4609039E+00
  -0.1736898E+01      0.7960838E-01
  -0.1668784E+01      0.6249629E-01
  -0.1600670E+01      0.1432066E+00
  -0.1532557E+01      0.1618156E+00
  -0.1464443E+01      0.1091597E+00
  -0.1396329E+01      0.7043223E-01
  -0.1328216E+01      0.2254866E+00
  -0.1260102E+01      0.8376987E-01
  -0.1191989E+01      0.5049886E-01
  -0.1123875E+01      0.6793562E-01
  -0.1055761E+01      0.2413551E+00
  -0.9876477E+00      0.1506818E+00
  -0.9195340E+00      0.1914142E+00
  -0.8514204E+00      0.6642392E+00
  -0.7833068E+00      0.1759958E+00
  -0.7151931E+00      0.3820306E+00
  -0.6470795E+00      0.6989496E+00
  -0.5789659E+00      0.1260179E+00
  -0.5108522E+00      0.4419513E-01
  -0.4427386E+00      0.1661394E+00
  -0.3746250E+00      0.1424905E+00
  -0.3065113E+00      0.1206039E+00
  -0.2383977E+00      0.4166922E-01
  -0.1702841E+00      0.6844692E-02
  -0.1021704E+00      0.1332838E+00
  -0.3405682E-01      0.3170518E-01
   0.3405682E-01      0.9300153E-02
   0.1021704E+00      0.1300869E-01
   0.1702841E+00      0.1735296E-01
   0.2383977E+00      0.6158036E+00
   0.3065113E+00      0.7986676E+00
   0.3746250E+00      0.1604718E+00
   0.4427386E+00      0.1691746E+00
   0.5108522E+00      0.1419050E+00
   0.5789659E+00      0.1116050E+00
   0.6470795E+00      0.7530493E-01
   0.7151931E+00      0.7684920E-01
   0.7833068E+00      0.1157871E+00
   0.8514204E+00      0.1795229E+00
   0.9195340E+00      0.1449908E+00
   0.9876477E+00      0.1355753E+00
   0.1055761E+01      0.9559883E-01
   0.1123875E+01      0.9066773E-01
   0.1191989E+01      0.6553642E-01
   0.1260102E+01      0.1502791E+00
   0.1328216E+01      0.1588674E+00
   0.1396329E+01      0.4275079E-01
   0.1464443E+01      0.2379961E-01
   0.1532557E+01      0.1633845E-01
   0.1600670E+01      0.1125166E-01
   0.1668784E+01      0.7819023E-02
   0.1736898E+01      0.4117832E-02
   0.1805011E+01      0.6881304E-02
   0.1873125E+01      0.3897016E-01
   0.1941239E+01      0.1057327E-01
   0.2009352E+01      0.3169220E-02
   0.2077466E+01      0.2035400E-02
   0.2145579E+01      0.6566689E-02
   0.2213693E+01      0.6255164E-03
   0.2281807E+01      0.3186655E-03
   0.2349920E+01      0.2907863E-01
   0.2418034E+01      0.2943893E+00
   0.2486148E+01      0.2114272E+00
   0.2554261E+01      0.1155085E+00
   0.2622375E+01      0.2649045E-01
   0.2690488E+01      0.1396470E-01
   0.2758602E+01      0.6615513E-01
   0.2826716E+01      0.3461655E-01
   0.2894829E+01      0.7708598E-02
   0.2962943E+01      0.4545162E-02
   0.3031057E+01      0.9124812E+00
   0.3099170E+01      0.1466507E+00
   0.3167284E+01      0.3217103E+00
   0.3235398E+01      0.6610153E-01
   0.3303511E+01      0.2840821E-01
   0.3371625E+01      0.1044233E-01
   0.3439738E+01      0.9528430E-02
   0.3507852E+01      0.1187473E-01
   0.3575966E+01      0.3494123E-01
   0.3644079E+01      0.5011689E-01
   0.3712193E+01      0.4122099E-01
   0.3780307E+01      0.2650468E+00
   0.3848420E+01      0.4371499E-01
   0.3916534E+01      0.6377356E-01
   0.3984648E+01      0.9421076E-01
   0.4052761E+01      0.1296409E+00
   0.4120875E+01      0.9943911E+00
   0.4188988E+01      0.2501611E+00
   0.4257102E+01      0.1811317E+00
   0.4325216E+01      0.5203881E+00
   0.4393329E+01      0.7503674E+00
   0.4461443E+01      0.6097711E-01
   0.4529557E+01      0.2193321E-02
   0.4597670E+01      0.4376405E-01
   0.4665784E+01      0.6873096E-02
   0.4733897E+01      0.3373789E-02
   0.4802011E+01      0.1096117E-02
   0.4870125E+01      0.1597828E-02
   0.4938238E+01      0.4094122E-02
   0.5006352E+01      0.3027784E-01
   0.5074466E+01      0.1831661E-02
   0.5142579E+01      0.1748143E-01
   0.5210693E+01      0.6208939E-02
   0.5278807E+01      0.8656192E-02
   0.5346920E+01      0.4976603E-02
   0.5415034E+01      0.0000000E+00
   0.5483147E+01      0.0000000E+00
   0.5551261E+01      0.0000000E+00
   0.5619375E+01      0.3215746E-27
   0.5687488E+01      0.8484681E-27
   0.5755602E+01      0.0000000E+00
   0.5823716E+01      0.0000000E+00
   0.5891829E+01      0.0000000E+00
   0.5959943E+01      0.4400986E-31
   0.6028056E+01      0.0000000E+00
   0.6096170E+01      0.8592228E-32
   0.6164284E+01      0.8936047E-32
   0.6232397E+01      0.3940120E-32
   0.6300511E+01      0.0000000E+00
   0.6368625E+01      0.0000000E+00
   0.6436738E+01      0.0000000E+00
   0.6504852E+01      0.6166478E-33
   0.6572966E+01      0.0000000E+00
   0.6641079E+01      0.4777715E-34
   0.6709193E+01      0.0000000E+00
   0.6777306E+01      0.9962837E-34
   0.6845420E+01      0.1035336E-33
   0.6913534E+01      0.5018421E-36
   0.6981647E+01      0.1137355E-33
   0.7049761E+01      0.0000000E+00
   0.7117875E+01      0.0000000E+00
   0.7185988E+01      0.2080137E-34
   0.7254102E+01      0.0000000E+00
   0.7322215E+01      0.4643701E-35
   0.7390329E+01      0.0000000E+00
   0.7458443E+01      0.1338979E-34
   0.7526556E+01      0.3153894E-34
   0.7594670E+01      0.1549092E-34
   0.7662784E+01      0.0000000E+00
   0.7730897E+01      0.0000000E+00
   0.7799011E+01      0.0000000E+00
   0.7867125E+01      0.0000000E+00
   0.7935238E+01      0.0000000E+00
   0.8003352E+01      0.3284914E-34
   0.8071465E+01      0.0000000E+00
   0.8139579E+01      0.4253310E-34
   0.8207693E+01      0.2608629E-34
   0.8275806E+01      0.0000000E+00
   0.8343920E+01      0.0000000E+00
   0.8412034E+01      0.0000000E+00
   0.8480147E+01      0.0000000E+00
   0.8548261E+01      0.0000000E+00
   0.8616375E+01      0.0000000E+00
   0.8684488E+01      0.2011304E-35
   0.8752602E+01      0.6222023E-35
   0.8820715E+01      0.5011584E-36
   0.8888829E+01      0.1337212E-35
   0.8956943E+01      0.0000000E+00
   0.9025056E+01      0.4185025E-36
   0.9093170E+01      0.1177111E-35
   0.9161284E+01      0.1656106E-36
   0.9229397E+01      0.0000000E+00
   0.9297511E+01      0.0000000E+00
   0.9365624E+01      0.0000000E+00
   0.9433738E+01      0.4854697E-36
   0.9501852E+01      0.2289336E-35
   0.9569965E+01      0.8608960E-36
   0.9638079E+01      0.0000000E+00
   0.9706193E+01      0.3498468E-35
   0.9774306E+01      0.0000000E+00
   0.9842420E+01      0.0000000E+00
   0.9910534E+01      0.1761530E-34
   0.9978647E+01      0.5754567E-35
   0.1004676E+02      0.0000000E+00
   0.1011487E+02      0.0000000E+00
   0.1018299E+02      0.0000000E+00
   0.1025110E+02      0.2603195E-35
   0.1031922E+02      0.3187474E-35
   0.1038733E+02      0.0000000E+00
   0.1045544E+02      0.1603147E-35
   0.1052356E+02      0.0000000E+00
   0.1059167E+02      0.1671704E-34
   0.1065978E+02      0.0000000E+00
   0.1072790E+02      0.2832079E-36
   0.1079601E+02      0.8517415E-35
   0.1086412E+02      0.0000000E+00
   0.1093224E+02      0.0000000E+00
   0.1100035E+02      0.0000000E+00
   0.1106847E+02      0.2211604E-34
   0.1113658E+02      0.7603884E-36
   0.1120469E+02      0.0000000E+00
   0.1127281E+02      0.1690164E-34
   0.1134092E+02      0.4550745E-35
   0.1140903E+02      0.3901846E-36
   0.1147715E+02      0.0000000E+00
   0.1154526E+02      0.1908100E-35
   0.1161337E+02      0.2962189E-35
   0.1168149E+02      0.2051381E-35
   0.1174960E+02      0.0000000E+00
   0.1181772E+02      0.4766354E-36
   0.1188583E+02      0.4605958E-36
   0.1195394E+02      0.0000000E+00
   0.1202206E+02      0.3273413E-36
   0.1209017E+02      0.3446264E-36
   0.1215828E+02      0.0000000E+00
   0.1222640E+02      0.0000000E+00
   0.1229451E+02      0.0000000E+00
   0.1236262E+02      0.7887924E-36
   0.1243074E+02      0.0000000E+00
   0.1249885E+02      0.5307762E-35
   0.1256697E+02      0.0000000E+00
   0.1263508E+02      0.0000000E+00
   0.1270319E+02      0.4346607E-35
   0.1277131E+02      0.0000000E+00
   0.1283942E+02      0.1009943E-33
   0.1290753E+02      0.3858720E-35
   0.1297565E+02      0.3542972E-32
   0.1304376E+02      0.0000000E+00
   0.1311187E+02      0.1377412E-35
   0.1317999E+02      0.8652531E-35
   0.1324810E+02      0.2509310E-33
   0.1331622E+02      0.0000000E+00
   0.1338433E+02      0.3329011E-35
   0.1345244E+02      0.2758547E-35
   0.1352056E+02      0.0000000E+00
   0.1358867E+02      0.5131124E-32
   0.1365678E+02      0.0000000E+00
   0.1372490E+02      0.0000000E+00
   0.1379301E+02      0.0000000E+00
   0.1386112E+02      0.0000000E+00
   0.1392924E+02      0.0000000E+00
   0.1399735E+02      0.0000000E+00
   0.1406547E+02      0.1894819E-35
   0.1413358E+02      0.3094289E-36
   0.1420169E+02      0.0000000E+00
   0.1426981E+02      0.7086263E-37
   0.1433792E+02      0.0000000E+00
   0.1440603E+02      0.1768582E-35
   0.1447415E+02      0.0000000E+00
   0.1454226E+02      0.0000000E+00
   0.1461037E+02      0.3479972E-36
   0.1467849E+02      0.1299680E-36
   0.1474660E+02      0.0000000E+00
   0.1481472E+02      0.2411050E-37
   0.1488283E+02      0.0000000E+00
   0.1495094E+02      0.5204934E-37
   0.1501906E+02      0.1895479E-37
   0.1508717E+02      0.1059244E-37
   0.1515528E+02      0.0000000E+00
   0.1522340E+02      0.0000000E+00
   0.1529151E+02      0.1830938E-37
   0.1535962E+02      0.5863692E-37
   0.1542774E+02      0.0000000E+00
   0.1549585E+02      0.0000000E+00
   0.1556397E+02      0.4310667E-36
   0.1563208E+02      0.0000000E+00
   0.1570019E+02      0.0000000E+00
   0.1576831E+02      0.2419251E-36
   0.1583642E+02      0.0000000E+00
   0.1590453E+02      0.6064152E-38
   0.1597265E+02      0.4151535E-38
   0.1604076E+02      0.8044958E-38
   0.1610887E+02      0.9778422E-38
   0.1617699E+02      0.0000000E+00
   0.1624510E+02      0.2889166E-37
   0.1631321E+02      0.1178011E-37
   0.1638133E+02      0.1245682E-35
   0.1644944E+02      0.3475454E-34
   0.1651756E+02      0.1303865E-35
   0.1658567E+02      0.3217064E-37
   0.1665378E+02      0.1062100E-36
   0.1672190E+02      0.0000000E+00
   0.1679001E+02      0.2974726E-35
   0.1685812E+02      0.0000000E+00
   0.1692624E+02      0.0000000E+00
   0.1699435E+02      0.2145649E-37
   0.1706246E+02      0.2827229E-38
   0.1713058E+02      0.0000000E+00
   0.1719869E+02      0.0000000E+00
   0.1726681E+02      0.5474756E-37
   0.1733492E+02      0.0000000E+00
   0.1740303E+02      0.0000000E+00
   0.1747115E+02      0.5860845E-34
   0.1753926E+02      0.0000000E+00
   0.1760737E+02      0.3751530E-37
   0.1767549E+02      0.3252066E-37
   0.1774360E+02      0.3039343E-37
   0.1781171E+02      0.6668068E-38
   0.1787983E+02      0.0000000E+00
   0.1794794E+02      0.1167639E-36
   0.1801606E+02      0.0000000E+00
   0.1808417E+02      0.0000000E+00
   0.1815228E+02      0.1122836E-34
   0.1822040E+02      0.1722808E-35
   0.1828851E+02      0.0000000E+00
   0.1835662E+02      0.0000000E+00
   0.1842474E+02      0.3469014E-38
   0.1849285E+02      0.0000000E+00
   0.1856096E+02      0.0000000E+00
   0.1862908E+02      0.1137334E-38
   0.1869719E+02      0.0000000E+00
   0.1876531E+02      0.8062033E-39
   0.1883342E+02      0.0000000E+00
   0.1890153E+02      0.4849317E-38
   0.1896965E+02      0.5707971E-38
   0.1903776E+02      0.0000000E+00
   0.1910587E+02      0.0000000E+00
   0.1917399E+02      0.1391322E-37
   0.1924210E+02      0.1510261E-37
   0.1931021E+02      0.0000000E+00
   0.1937833E+02      0.0000000E+00
   0.1944644E+02      0.3078947E-38
   0.1951456E+02      0.0000000E+00
   0.1958267E+02      0.0000000E+00
   0.1965078E+02      0.1852502E-38
   0.1971890E+02      0.0000000E+00
   0.1978701E+02      0.0000000E+00
   0.1985512E+02      0.0000000E+00
   0.1992324E+02      0.1770850E-37
   0.1999135E+02      0.1053476E-35
   0.2005946E+02      0.3060132E-33
   0.2012758E+02      0.0000000E+00
   0.2019569E+02      0.0000000E+00
   0.2026381E+02      0.0000000E+00
   0.2033192E+02      0.0000000E+00
   0.2040003E+02      0.0000000E+00
   0.2046815E+02      0.0000000E+00
   0.2053626E+02      0.7445224E-37
   0.2060437E+02      0.1111713E-37
   0.2067249E+02      0.0000000E+00
   0.2074060E+02      0.1164882E-37
   0.2080871E+02      0.0000000E+00
   0.2087683E+02      0.1527535E-37
   0.2094494E+02      0.3093679E-37
   0.2101306E+02      0.1499447E-35
   0.2108117E+02      0.0000000E+00
   0.2114928E+02      0.4994750E-38
   0.2121740E+02      0.0000000E+00
   0.2128551E+02      0.2098254E-38
   0.2135362E+02      0.0000000E+00
   0.2142174E+02      0.0000000E+00
   0.2148985E+02      0.3015073E-38
   0.2155796E+02      0.3622879E-38
   0.2162608E+02      0.0000000E+00
   0.2169419E+02      0.1972405E-38
   0.2176231E+02      0.0000000E+00
   0.2183042E+02      0.0000000E+00
   0.2189853E+02      0.0000000E+00
   0.2196665E+02      0.0000000E+00
   0.2203476E+02      0.3165176E-36
   0.2210287E+02      0.9485429E-36
   0.2217099E+02      0.0000000E+00
   0.2223910E+02      0.6397563E-34
   0.2230721E+02      0.0000000E+00
   0.2237533E+02      0.0000000E+00
   0.2244344E+02      0.7987022E-39
   0.2251156E+02      0.6745625E-39
   0.2257967E+02      0.0000000E+00
   0.2264778E+02      0.0000000E+00
   0.2271590E+02      0.1080518E-39
   0.2278401E+02      0.9213734E-42
   0.2285212E+02      0.0000000E+00
   0.2292024E+02      0.2540470E-40
   0.2298835E+02      0.0000000E+00
   0.2305646E+02      0.0000000E+00
   0.2312458E+02      0.0000000E+00
   0.2319269E+02      0.1148708E-39
   0.2326081E+02      0.1471238E-39
   0.2332892E+02      0.0000000E+00
   0.2339703E+02      0.0000000E+00
   0.2346515E+02      0.0000000E+00
   0.2353326E+02      0.2237957E-39
   0.2360137E+02      0.0000000E+00
   0.2366949E+02      0.1901626E-39
   0.2373760E+02      0.4336833E-39
   0.2380571E+02      0.0000000E+00
   0.2387383E+02      0.4066271E-39
   0.2394194E+02      0.1692268E-39
   0.2401006E+02      0.2212297E-39
   0.2407817E+02      0.0000000E+00
   0.2414628E+02      0.4241089E-39
   0.2421440E+02      0.6908914E-40
   0.2428251E+02      0.0000000E+00
   0.2435062E+02      0.0000000E+00
   0.2441874E+02      0.0000000E+00
   0.2448685E+02      0.0000000E+00
   0.2455496E+02      0.0000000E+00
   0.2462308E+02      0.0000000E+00
   0.2469119E+02      0.1705005E-39
   0.2475931E+02      0.2532091E-39
   0.2482742E+02      0.0000000E+00
   0.2489553E+02      0.0000000E+00
   0.2496365E+02      0.0000000E+00
   0.2503176E+02      0.2319958E-39
   0.2509987E+02      0.0000000E+00
   0.2516799E+02      0.2448661E-40
   0.2523610E+02      0.7555949E-40
   0.2530421E+02      0.0000000E+00
   0.2537233E+02      0.7438095E-40
   0.2544044E+02      0.4358631E-40
   0.2550856E+02      0.2379134E-39
   0.2557667E+02      0.3540629E-39
   0.2564478E+02      0.0000000E+00
   0.2571290E+02      0.0000000E+00
   0.2578101E+02      0.3241553E-39
   0.2584912E+02      0.0000000E+00
   0.2591724E+02      0.4814191E-38
   0.2598535E+02      0.0000000E+00
   0.2605346E+02      0.2165808E-39
   0.2612158E+02      0.0000000E+00
   0.2618969E+02      0.0000000E+00
   0.2625781E+02      0.0000000E+00
   0.2632592E+02      0.1087019E-39
   0.2639403E+02      0.0000000E+00
   0.2646215E+02      0.2757194E-39
   0.2653026E+02      0.2974698E-40
   0.2659837E+02      0.0000000E+00
   0.2666649E+02      0.0000000E+00
   0.2673460E+02      0.4771505E-40
   0.2680271E+02      0.6312422E-40
   0.2687083E+02      0.0000000E+00
   0.2693894E+02      0.1725849E-39
   0.2700706E+02      0.9153334E-40
   0.2707517E+02      0.1332922E-39
   0.2714328E+02      0.6765621E-40
   0.2721140E+02      0.0000000E+00
 &
 @autoscale
 @target G1.S0
