 iscf   Eharris(eV)      E_KS(eV)   FreeEng(eV)    dHmax    dDmax   Ef(eV)
    1      -31.3299      -31.3219      -31.3219   0.01029   0.00000 -4.72379
    2      -31.3293      -31.3292      -31.3292   0.00136   0.00000 -4.84510
    3      -31.3293      -31.3285      -31.3285   0.00044   0.00000 -4.83228
    4      -31.3293      -31.3292      -31.3292   0.00015   0.00000 -4.83334
    5      -31.3293      -31.3291      -31.3291   0.00013   0.00000 -4.83468
    6      -31.3293      -31.3291      -31.3291   0.00013   0.00000 -4.83468
    7      -31.3293      -31.3291      -31.3291   0.00013   0.00000 -4.83467
    8      -31.3293      -31.3291      -31.3291   0.00013   0.00000 -4.83466
    9      -31.3293      -31.3291      -31.3291   0.00012   0.00000 -4.83465
   10      -31.3293      -31.3291      -31.3291   0.00012   0.00000 -4.83465
   11      -31.3293      -31.3291      -31.3291   0.00012   0.00000 -4.83464
   12      -31.3293      -31.3291      -31.3291   0.00012   0.00000 -4.83463
   13      -31.3293      -31.3291      -31.3291   0.00011   0.00000 -4.83463
   14      -31.3293      -31.3292      -31.3292   0.00011   0.00000 -4.83462
   15      -31.3293      -31.3292      -31.3292   0.00011   0.00000 -4.83461
   16      -31.3293      -31.3292      -31.3292   0.00011   0.00000 -4.83461
   17      -31.3293      -31.3292      -31.3292   0.00011   0.00000 -4.83460
   18      -31.3293      -31.3292      -31.3292   0.00010   0.00000 -4.83460
   19      -31.3293      -31.3292      -31.3292   0.00010   0.00000 -4.83459
   20      -31.3293      -31.3292      -31.3292   0.00010   0.00000 -4.83459
   21      -31.3293      -31.3292      -31.3292   0.00010   0.00000 -4.83458
   22      -31.3293      -31.3292      -31.3292   0.00010   0.00000 -4.83457
   23      -31.3293      -31.3292      -31.3292   0.00009   0.00000 -4.83457
   24      -31.3293      -31.3292      -31.3292   0.00009   0.00000 -4.83456
   25      -31.3293      -31.3292      -31.3292   0.00009   0.00000 -4.83456
   26      -31.3293      -31.3292      -31.3292   0.00009   0.00000 -4.83455
   27      -31.3293      -31.3292      -31.3292   0.00009   0.00000 -4.83455
   28      -31.3293      -31.3292      -31.3292   0.00008   0.00000 -4.83455
   29      -31.3293      -31.3292      -31.3292   0.00008   0.00000 -4.83454
   30      -31.3293      -31.3292      -31.3292   0.00008   0.00000 -4.83454
   31      -31.3293      -31.3292      -31.3292   0.00008   0.00000 -4.83453
   32      -31.3293      -31.3292      -31.3292   0.00008   0.00000 -4.83453
   33      -31.3293      -31.3292      -31.3292   0.00008   0.00000 -4.83452
   34      -31.3293      -31.3292      -31.3292   0.00008   0.00000 -4.83452
   35      -31.3293      -31.3292      -31.3292   0.00007   0.00000 -4.83452
   36      -31.3293      -31.3292      -31.3292   0.00007   0.00000 -4.83451
   37      -31.3293      -31.3292      -31.3292   0.00007   0.00000 -4.83451
   38      -31.3293      -31.3292      -31.3292   0.00007   0.00000 -4.83450
   39      -31.3293      -31.3292      -31.3292   0.00007   0.00000 -4.83450
   40      -31.3293      -31.3292      -31.3292   0.00007   0.00000 -4.83450
   41      -31.3293      -31.3292      -31.3292   0.00007   0.00000 -4.83449
   42      -31.3293      -31.3292      -31.3292   0.00006   0.00000 -4.83449
   43      -31.3293      -31.3292      -31.3292   0.00006   0.00000 -4.83449
   44      -31.3293      -31.3292      -31.3292   0.00006   0.00000 -4.83448
   45      -31.3293      -31.3292      -31.3292   0.00006   0.00000 -4.83448
   46      -31.3293      -31.3292      -31.3292   0.00006   0.00000 -4.83448
   47      -31.3293      -31.3292      -31.3292   0.00006   0.00000 -4.83447
   48      -31.3293      -31.3292      -31.3292   0.00006   0.00000 -4.83447
   49      -31.3293      -31.3292      -31.3292   0.00006   0.00000 -4.83447
   50      -31.3293      -31.3292      -31.3292   0.00005   0.00000 -4.83446
   51      -31.3293      -31.3292      -31.3292   0.00005   0.00000 -4.83446
   52      -31.3293      -31.3292      -31.3292   0.00005   0.00000 -4.83446
   53      -31.3293      -31.3292      -31.3292   0.00005   0.00000 -4.83446
   54      -31.3293      -31.3292      -31.3292   0.00005   0.00000 -4.83445
   55      -31.3293      -31.3292      -31.3292   0.00005   0.00000 -4.83445
   56      -31.3293      -31.3292      -31.3292   0.00005   0.00000 -4.83445
   57      -31.3293      -31.3292      -31.3292   0.00005   0.00000 -4.83445
   58      -31.3293      -31.3292      -31.3292   0.00005   0.00000 -4.83444
   59      -31.3293      -31.3292      -31.3292   0.00005   0.00000 -4.83444
   60      -31.3293      -31.3292      -31.3292   0.00004   0.00000 -4.83444
   61      -31.3293      -31.3292      -31.3292   0.00004   0.00000 -4.83444
   62      -31.3293      -31.3292      -31.3292   0.00004   0.00000 -4.83443
   63      -31.3293      -31.3292      -31.3292   0.00004   0.00000 -4.83443
   64      -31.3293      -31.3292      -31.3292   0.00004   0.00000 -4.83443
   65      -31.3293      -31.3292      -31.3292   0.00004   0.00000 -4.83443
   66      -31.3293      -31.3292      -31.3292   0.00004   0.00000 -4.83443
   67      -31.3293      -31.3292      -31.3292   0.00004   0.00000 -4.83442
   68      -31.3293      -31.3292      -31.3292   0.00004   0.00000 -4.83442
   69      -31.3293      -31.3292      -31.3292   0.00004   0.00000 -4.83442
   70      -31.3293      -31.3292      -31.3292   0.00004   0.00000 -4.83442
   71      -31.3293      -31.3292      -31.3292   0.00004   0.00000 -4.83442
   72      -31.3293      -31.3292      -31.3292   0.00004   0.00000 -4.83441
   73      -31.3293      -31.3292      -31.3292   0.00003   0.00000 -4.83441
   74      -31.3293      -31.3292      -31.3292   0.00003   0.00000 -4.83441
   75      -31.3293      -31.3292      -31.3292   0.00003   0.00000 -4.83441
   76      -31.3293      -31.3292      -31.3292   0.00003   0.00000 -4.83441
   77      -31.3293      -31.3292      -31.3292   0.00003   0.00000 -4.83441
   78      -31.3293      -31.3292      -31.3292   0.00003   0.00000 -4.83440
   79      -31.3293      -31.3292      -31.3292   0.00003   0.00000 -4.83440
   80      -31.3293      -31.3292      -31.3292   0.00003   0.00000 -4.83440
   81      -31.3293      -31.3292      -31.3292   0.00003   0.00000 -4.83440
   82      -31.3293      -31.3292      -31.3292   0.00003   0.00000 -4.83440
   83      -31.3293      -31.3292      -31.3292   0.00003   0.00000 -4.83440
   84      -31.3293      -31.3292      -31.3292   0.00003   0.00000 -4.83440
   85      -31.3293      -31.3292      -31.3292   0.00003   0.00000 -4.83439
   86      -31.3293      -31.3292      -31.3292   0.00003   0.00000 -4.83439
   87      -31.3293      -31.3292      -31.3292   0.00003   0.00000 -4.83439
   88      -31.3293      -31.3292      -31.3292   0.00003   0.00000 -4.83439
   89      -31.3293      -31.3292      -31.3292   0.00003   0.00000 -4.83439
   90      -31.3293      -31.3292      -31.3292   0.00002   0.00000 -4.83439
   91      -31.3293      -31.3292      -31.3292   0.00002   0.00000 -4.83439
   92      -31.3293      -31.3292      -31.3292   0.00002   0.00000 -4.83439
   93      -31.3293      -31.3292      -31.3292   0.00002   0.00000 -4.83438
   94      -31.3293      -31.3292      -31.3292   0.00002   0.00000 -4.83438
   95      -31.3293      -31.3292      -31.3292   0.00002   0.00000 -4.83438
   96      -31.3293      -31.3292      -31.3292   0.00002   0.00000 -4.83438
   97      -31.3293      -31.3292      -31.3292   0.00002   0.00000 -4.83438
   98      -31.3293      -31.3292      -31.3292   0.00002   0.00000 -4.83438
   99      -31.3293      -31.3292      -31.3292   0.00002   0.00000 -4.83438
  100      -31.3293      -31.3292      -31.3292   0.00002   0.00000 -4.83438
  101      -31.3293      -31.3292      -31.3292   0.00002   0.00000 -4.83438
