cpu-bind=MASK - cn1140, task  0  0 [9759]: mask 0xffffffffffffffff set
--------------------------------------------------------------------------
Open MPI failed an OFI Libfabric library call (fi_domain).  This is highly
unusual; your job may behave unpredictably (and/or abort) after this.

  Local host: cn1140
  Location: mtl_ofi_component.c:928
  Error: No data available (61)
--------------------------------------------------------------------------
[cn1140.scarf.rl.ac.uk:09800] 239 more processes have sent help message help-mtl-ofi.txt / OFI call fail
[cn1140.scarf.rl.ac.uk:09800] Set MCA parameter "orte_base_help_aggregate" to 0 to see all help / error messages
--------------------------------------------------------------------------
Open MPI failed an OFI Libfabric library call (fi_domain).  This is highly
unusual; your job may behave unpredictably (and/or abort) after this.

  Local host: cn1145
  Location: mtl_ofi_component.c:928
  Error: No data available (61)
--------------------------------------------------------------------------
[cn1140.scarf.rl.ac.uk:10513] [[34276,0],0] ORTE_ERROR_LOG: Out of resource in file util/show_help.c at line 501
[cn1140.scarf.rl.ac.uk:10513] 238 more processes have sent help message help-mtl-ofi.txt / OFI call fail
[cn1140.scarf.rl.ac.uk:10513] Set MCA parameter "orte_base_help_aggregate" to 0 to see all help / error messages
[1676634856.024561] [cn1140:10587:0]          mpool.c:43   UCX  WARN  object 0xc478b40 was not returned to mpool ucp_requests
[1676634856.024619] [cn1140:10583:0]          mpool.c:43   UCX  WARN  object 0xb137440 was not returned to mpool ucp_requests
[1676634856.024733] [cn1140:10581:0]          mpool.c:43   UCX  WARN  object 0xb05a780 was not returned to mpool ucp_requests
[1676634856.024777] [cn1140:10590:0]          mpool.c:43   UCX  WARN  object 0xafbfcc0 was not returned to mpool ucp_requests
[1676634856.024815] [cn1140:10593:0]          mpool.c:43   UCX  WARN  object 0xc0422c0 was not returned to mpool ucp_requests
[1676634856.024811] [cn1140:10604:0]          mpool.c:43   UCX  WARN  object 0xc3d0700 was not returned to mpool ucp_requests
[1676634856.024843] [cn1140:10609:0]          mpool.c:43   UCX  WARN  object 0xabacbc0 was not returned to mpool ucp_requests
[1676634856.024905] [cn1140:10595:0]          mpool.c:43   UCX  WARN  object 0xb68e8c0 was not returned to mpool ucp_requests
[1676634856.024917] [cn1140:10599:0]          mpool.c:43   UCX  WARN  object 0xb47b400 was not returned to mpool ucp_requests
[1676634856.024973] [cn1140:10603:0]          mpool.c:43   UCX  WARN  object 0xa5dd000 was not returned to mpool ucp_requests
[1676634856.024397] [cn1141:8694 :0]          mpool.c:43   UCX  WARN  object 0xb87eec0 was not returned to mpool ucp_requests
[1676634856.024402] [cn1141:8705 :0]          mpool.c:43   UCX  WARN  object 0x6d9a340 was not returned to mpool ucp_requests
[1676634856.024388] [cn1141:8708 :0]          mpool.c:43   UCX  WARN  object 0xac2ba40 was not returned to mpool ucp_requests
[1676634856.024447] [cn1141:8690 :0]          mpool.c:43   UCX  WARN  object 0xac9ef80 was not returned to mpool ucp_requests
[1676634856.024437] [cn1141:8696 :0]          mpool.c:43   UCX  WARN  object 0xb948cc0 was not returned to mpool ucp_requests
[1676634856.024494] [cn1141:8697 :0]          mpool.c:43   UCX  WARN  object 0x5784e40 was not returned to mpool ucp_requests
[1676634856.024478] [cn1141:8715 :0]          mpool.c:43   UCX  WARN  object 0xbb1c5c0 was not returned to mpool ucp_requests
[1676634856.024507] [cn1141:8719 :0]          mpool.c:43   UCX  WARN  object 0xb37d600 was not returned to mpool ucp_requests
[1676634856.024518] [cn1141:8701 :0]          mpool.c:43   UCX  WARN  object 0xabd0880 was not returned to mpool ucp_requests
[1676634856.024521] [cn1141:8712 :0]          mpool.c:43   UCX  WARN  object 0x6bdc140 was not returned to mpool ucp_requests
--------------------------------------------------------------------------
Open MPI failed an OFI Libfabric library call (fi_domain).  This is highly
unusual; your job may behave unpredictably (and/or abort) after this.

  Local host: cn1140
  Location: mtl_ofi_component.c:928
  Error: No data available (61)
--------------------------------------------------------------------------
[cn1140.scarf.rl.ac.uk:11112] 239 more processes have sent help message help-mtl-ofi.txt / OFI call fail
[cn1140.scarf.rl.ac.uk:11112] Set MCA parameter "orte_base_help_aggregate" to 0 to see all help / error messages
[1676637526.964664] [cn1140:11193:0]          mpool.c:43   UCX  WARN  object 0xc233d00 was not returned to mpool ucp_requests
[1676637526.965007] [cn1140:11182:0]          mpool.c:43   UCX  WARN  object 0x6a53940 was not returned to mpool ucp_requests
[1676637526.964993] [cn1140:11185:0]          mpool.c:43   UCX  WARN  object 0xb5a01c0 was not returned to mpool ucp_requests
[1676637526.965029] [cn1140:11189:0]          mpool.c:43   UCX  WARN  object 0x6846000 was not returned to mpool ucp_requests
[1676637526.964730] [cn1140:11191:0]          mpool.c:43   UCX  WARN  object 0x643fec0 was not returned to mpool ucp_requests
[1676637526.964740] [cn1140:11197:0]          mpool.c:43   UCX  WARN  object 0xc2a4580 was not returned to mpool ucp_requests
[1676637526.964811] [cn1140:11200:0]          mpool.c:43   UCX  WARN  object 0x5544740 was not returned to mpool ucp_requests
[1676637526.964965] [cn1140:11202:0]          mpool.c:43   UCX  WARN  object 0xac1d6c0 was not returned to mpool ucp_requests
[1676637526.965003] [cn1140:11205:0]          mpool.c:43   UCX  WARN  object 0xb5d3740 was not returned to mpool ucp_requests
[1676637526.965315] [cn1140:11181:0]          mpool.c:43   UCX  WARN  object 0xad162c0 was not returned to mpool ucp_requests
[1676637526.962327] [cn1141:9303 :0]          mpool.c:43   UCX  WARN  object 0x54a4c80 was not returned to mpool ucp_requests
[1676637526.962378] [cn1141:9310 :0]          mpool.c:43   UCX  WARN  object 0x64ea680 was not returned to mpool ucp_requests
[1676637526.962394] [cn1141:9326 :0]          mpool.c:43   UCX  WARN  object 0xc094040 was not returned to mpool ucp_requests
[1676637526.962452] [cn1141:9307 :0]          mpool.c:43   UCX  WARN  object 0xb0ddec0 was not returned to mpool ucp_requests
[1676637526.962462] [cn1141:9330 :0]          mpool.c:43   UCX  WARN  object 0xbe4b3c0 was not returned to mpool ucp_requests
[1676637526.962516] [cn1141:9314 :0]          mpool.c:43   UCX  WARN  object 0xaad4500 was not returned to mpool ucp_requests
[1676637526.962479] [cn1141:9316 :0]          mpool.c:43   UCX  WARN  object 0xbf18d80 was not returned to mpool ucp_requests
[1676637526.962472] [cn1141:9322 :0]          mpool.c:43   UCX  WARN  object 0xba58d00 was not returned to mpool ucp_requests
[1676637526.962517] [cn1141:9336 :0]          mpool.c:43   UCX  WARN  object 0x55883c0 was not returned to mpool ucp_requests
[1676637526.964363] [cn1141:9333 :0]          mpool.c:43   UCX  WARN  object 0xb9056c0 was not returned to mpool ucp_requests
cp: cannot stat ‘0V-VH_z-00.dat’: No such file or directory
cp: cannot stat ‘0V-VH_z-00.dat’: No such file or directory
cp: cannot stat ‘0V-RHO_z-00.dat’: No such file or directory
cp: cannot stat ‘0V-RHO_z-00.dat’: No such file or directory
