
  GRID BASED BADER ANALYSIS  (Version 0.28a 07/12/12)

  OPEN ... mx.RHO.cube         
  GAUSSIAN-STYLE INPUT FILE
  FFT-grid:   160 x 160 x 720
  CLOSE ... mx.RHO.cube         

  RUN TIME:    9.06 SECONDS

  CALCULATING BADER CHARGE DISTRIBUTION
                 0  10  25  50  75  100
  PERCENT DONE:  ********************** 

  REFINING AUTOMATICALLY
  ITERATION: 1
  EDGE POINTS:       7262407
  REASSIGNED POINTS:  798509
  ITERATION: 2
  CHECKED POINTS:    6252594
  REASSIGNED POINTS:   17643
  ITERATION: 3
  CHECKED POINTS:     183150
  REASSIGNED POINTS:    4797
  ITERATION: 4
  CHECKED POINTS:      40350
  REASSIGNED POINTS:    2438
  ITERATION: 5
  CHECKED POINTS:      15876
  REASSIGNED POINTS:    1086
  ITERATION: 6
  CHECKED POINTS:       8462
  REASSIGNED POINTS:     572
  ITERATION: 7
  CHECKED POINTS:       5157
  REASSIGNED POINTS:     377
  ITERATION: 8
  CHECKED POINTS:       3428
  REASSIGNED POINTS:     274
  ITERATION: 9
  CHECKED POINTS:       2302
  REASSIGNED POINTS:     179
  ITERATION:10
  CHECKED POINTS:       1819
  REASSIGNED POINTS:     134
  ITERATION:11
  CHECKED POINTS:       1495
  REASSIGNED POINTS:      97
  ITERATION:12
  CHECKED POINTS:       1231
  REASSIGNED POINTS:      83
  ITERATION:13
  CHECKED POINTS:       1050
  REASSIGNED POINTS:      78
  ITERATION:14
  CHECKED POINTS:       1041
  REASSIGNED POINTS:      80
  ITERATION:15
  CHECKED POINTS:       1006
  REASSIGNED POINTS:      80
  ITERATION:16
  CHECKED POINTS:       1004
  REASSIGNED POINTS:      66
  ITERATION:17
  CHECKED POINTS:        836
  REASSIGNED POINTS:      86
  ITERATION:18
  CHECKED POINTS:        950
  REASSIGNED POINTS:      72
  ITERATION:19
  CHECKED POINTS:        884
  REASSIGNED POINTS:      61
  ITERATION:20
  CHECKED POINTS:        737
  REASSIGNED POINTS:      69
  ITERATION:21
  CHECKED POINTS:        715
  REASSIGNED POINTS:      66
  ITERATION:22
  CHECKED POINTS:        729
  REASSIGNED POINTS:      66
  ITERATION:23
  CHECKED POINTS:        682
  REASSIGNED POINTS:      61
  ITERATION:24
  CHECKED POINTS:        713
  REASSIGNED POINTS:      60
  ITERATION:25
  CHECKED POINTS:        616
  REASSIGNED POINTS:      60
  ITERATION:26
  CHECKED POINTS:        582
  REASSIGNED POINTS:      52
  ITERATION:27
  CHECKED POINTS:        511
  REASSIGNED POINTS:      39
  ITERATION:28
  CHECKED POINTS:        382
  REASSIGNED POINTS:      23
  ITERATION:29
  CHECKED POINTS:        276
  REASSIGNED POINTS:      20
  ITERATION:30
  CHECKED POINTS:        223
  REASSIGNED POINTS:       7
  ITERATION:31
  CHECKED POINTS:         90
  REASSIGNED POINTS:       0

  RUN TIME:     557.66 SECONDS

  CALCULATING MINIMUM DISTANCES TO ATOMS
                 0  10  25  50  75  100
  PERCENT DONE:  **********************

  RUN TIME:   14.30 SECONDS

  WRITING BADER ATOMIC CHARGES TO ACF.dat
  WRITING BADER VOLUME CHARGES TO BCF.dat

  NUMBER OF BADER MAXIMA FOUND:        2725489
      SIGNIFICANT MAXIMA FOUND:           2370
           NUMBER OF ELECTRONS:     1222.98930
 
