Done.


###############################################################################
TCHPC Cluster: lonsdale
Job 161612 (opt-1.6) for User 'baim' in Account 'hpc_12_00447'
Finished at: Mon Sep 30 18:33:49 IST 2013

Job completion status:
======================

       JobID    JobName      Account  Partition   NTasks  AllocCPUS  MaxVMSize    Elapsed      State ExitCode 
------------ ---------- ------------ ---------- -------- ---------- ---------- ---------- ---------- -------- 
161612          opt-1.6 hpc_12_00447    compute                  32              06:25:46  COMPLETED      0:0 
161612.batch      batch hpc_12_00447                   1          1   8216024K   06:25:46  COMPLETED      0:0 
161612.0          orted hpc_12_00447                   3          3   8139252K   06:25:44  COMPLETED      0:0 


Job details:
============

JobId=161612 Name=opt-1.6
   UserId=baim(5349) GroupId=baim(9152)
   Priority=16229818 Account=hpc_12_00447 QOS=normal
   JobState=COMPLETING Reason=None Dependency=(null)
   Requeue=0 Restarts=0 BatchFlag=1 ExitCode=0:0
   DerivedExitCode=0:0
   RunTime=06:25:46 TimeLimit=11:00:00 TimeMin=N/A
   SubmitTime=2013-09-30T11:25:21 EligibleTime=2013-09-30T11:25:21
   StartTime=2013-09-30T12:08:03 EndTime=2013-09-30T18:33:49
   PreemptTime=None SuspendTime=None SecsPreSuspend=0
   Partition=compute AllocNode:Sid=lonsdale01:15612
   ReqNodeList=(null) ExcNodeList=(null)
   NodeList=lonsdale-n042
   BatchHost=lonsdale-n039
   NumNodes=1 NumCPUs=8 CPUs/Task=1 ReqS:C:T=*:*:*
     Nodes=lonsdale-n042 CPU_IDs=0-7 Mem=15200
   MinCPUsNode=1 MinMemoryCPU=1900M MinTmpDiskNode=0
   Features=(null) Gres=(null) Reservation=(null)
   Shared=0 Contiguous=0 Licenses=(null) Network=(null)
   Command=/home/users/baim/workspace/MD/gold/3d/100/jp/spd/newbasis/bias/1.6/800/opt/opt.sh
   WorkDir=/home/users/baim/workspace/MD/gold/3d/100/jp/spd/newbasis/bias/1.6/800/opt


Disk quota details:
===================

Quota Type           Name  Filesystem     Usage in MB     Limit in MB    % Used
-------------------------------------------------------------------------------
USER                 baim       /home          43,109          51,200    84.20%
USER                 baim   /projects             188               0       N/A

GROUP         pi-ssanvito   /projects       6,123,128       6,291,456    97.32%


SLURM Bank Statement:
=====================

User           Usage |        Account     Usage | Account Limit Available (CPU hrs)
---------- --------- + -------------- --------- + ------------- ---------

baim         124,623 |   HPC_12_00447   124,623 |       300,000   175,377
ssanvito           0 |   HPC_12_00447   124,623 |       300,000   175,377


Acknowledgements:
=================

Note that usage of TCHPC Resources *must* be acknowledged in all publications.

Please see this page for details relevant to this cluster:

http://www.tchpc.tcd.ie/resources/acknowledgementpolicy

################################################################################
