 iscf   Eharris(eV)      E_KS(eV)   FreeEng(eV)    dHmax    dDmax   Ef(eV)
    1   -99581.8538   -99526.7932   -99526.7932  0.88063  0.00000 -2.55789
    2  -106958.3158   -99424.4000   -99424.4714  5.37164  0.00000 -9.19577
    3   -99573.4095   -99525.0478   -99525.1544  0.82195  0.00000 -2.80244
    4   -99576.5034   -99507.4141   -99507.4709  1.98224  0.00000 -3.43808
    5   -99559.3088   -99504.8155   -99504.8831  0.53496  0.00000 -3.65219
    6   -99548.3301   -99492.3034   -99492.3988  0.71035  0.00000 -3.99508
    7   -99547.1607   -99490.9802   -99491.0284  0.62218  0.00000 -3.98018
    8   -99544.4644   -99492.0467   -99492.1003  0.26972  0.00000 -3.76261
    9   -99544.7813   -99497.6951   -99497.7800  0.18745  0.00000 -3.62259
   10   -99545.2326   -99507.2535   -99507.3328  0.15832  0.00000 -3.64317
   11   -99544.9509   -99510.9280   -99510.9865  0.17612  0.00000 -3.63322
   12   -99543.7202   -99517.8628   -99517.9182  0.16577  0.00000 -3.65336
   13   -99543.4233   -99522.7156   -99522.7712  0.15207  0.00000 -3.64277
   14   -99543.2209   -99524.7344   -99524.7953  0.13380  0.00000 -3.65468
   15   -99542.7790   -99528.5033   -99528.5656  0.08970  0.00000 -3.68559
   16   -99542.7537   -99530.3194   -99530.3778  0.08480  0.00000 -3.68736
   17   -99542.6740   -99533.6121   -99533.6697  0.05386  0.00000 -3.68732
   18   -99542.6607   -99536.0098   -99536.0676  0.04104  0.00000 -3.68449
   19   -99542.6428   -99536.9437   -99537.0025  0.05595  0.00000 -3.67261
   20   -99542.6388   -99537.8532   -99537.9150  0.05022  0.00000 -3.67161
   21   -99542.6377   -99538.6165   -99538.6786  0.04544  0.00000 -3.67322
   22   -99542.6382   -99539.6888   -99539.7509  0.03093  0.00000 -3.67986
   23   -99542.6372   -99539.9163   -99539.9773  0.02267  0.00000 -3.68514
   24   -99542.6362   -99540.1709   -99540.2313  0.00977  0.00000 -3.68851
   25   -99542.6368   -99540.5265   -99540.5867  0.00746  0.00000 -3.68993
   26   -99542.6366   -99540.6810   -99540.7406  0.00705  0.00000 -3.68998
   27   -99542.6343   -99541.8349   -99541.8945  0.00351  0.00000 -3.68778
   28   -99542.6341   -99541.7977   -99541.8579  0.00280  0.00000 -3.68723
   29   -99542.6340   -99541.8042   -99541.8644  0.00266  0.00000 -3.68695
   30   -99542.6339   -99541.9037   -99541.9640  0.00228  0.00000 -3.68658
   31   -99542.6336   -99542.1873   -99542.2477  0.00128  0.00000 -3.68566
   32   -99542.6337   -99542.2155   -99542.2761  0.00135  0.00000 -3.68613
   33   -99542.6337   -99542.2370   -99542.2974  0.00163  0.00000 -3.68633
   34   -99542.6337   -99542.2751   -99542.3355  0.00172  0.00000 -3.68635
   35   -99542.6338   -99542.3233   -99542.3836  0.00181  0.00000 -3.68640
   36   -99542.6338   -99542.3471   -99542.4074  0.00163  0.00000 -3.68636
   37   -99542.6337   -99542.3940   -99542.4544  0.00056  0.00000 -3.68584
   38   -99542.6336   -99542.4073   -99542.4678  0.00047  0.00000 -3.68572
   39   -99542.6337   -99542.4214   -99542.4818  0.00056  0.00000 -3.68566
   40   -99542.6337   -99542.4325   -99542.4929  0.00054  0.00000 -3.68569
   41   -99542.6337   -99542.5156   -99542.5761  0.00029  0.00000 -3.68592
   42   -99542.6337   -99542.5298   -99542.5902  0.00027  0.00000 -3.68588
   43   -99542.6337   -99542.5638   -99542.6241  0.00019  0.00000 -3.68577
   44   -99542.6337   -99542.6028   -99542.6632  0.00010  0.00000 -3.68563
