 iscf   Eharris(eV)      E_KS(eV)   FreeEng(eV)    dHmax    dDmax   Ef(eV)
    1      -31.3298      -31.3218      -31.3218   0.01026   0.00000 -4.72320
    2      -31.3292      -31.3291      -31.3291   0.00130   0.00000 -4.84453
    3      -31.3291      -31.3284      -31.3284   0.00044   0.00000 -4.83171
    4      -31.3291      -31.3291      -31.3291   0.00011   0.00000 -4.83277
    5      -31.3291      -31.3291      -31.3291   0.00011   0.00000 -4.83279
    6      -31.3291      -31.3291      -31.3291   0.00010   0.00000 -4.83282
    7      -31.3291      -31.3291      -31.3291   0.00010   0.00000 -4.83284
    8      -31.3291      -31.3291      -31.3291   0.00010   0.00000 -4.83286
    9      -31.3291      -31.3291      -31.3291   0.00010   0.00000 -4.83288
   10      -31.3291      -31.3291      -31.3291   0.00009   0.00000 -4.83290
   11      -31.3291      -31.3291      -31.3291   0.00009   0.00000 -4.83292
   12      -31.3291      -31.3291      -31.3291   0.00009   0.00000 -4.83293
   13      -31.3291      -31.3291      -31.3291   0.00009   0.00000 -4.83295
   14      -31.3291      -31.3291      -31.3291   0.00008   0.00000 -4.83297
   15      -31.3291      -31.3291      -31.3291   0.00008   0.00000 -4.83299
   16      -31.3291      -31.3291      -31.3291   0.00008   0.00000 -4.83301
   17      -31.3291      -31.3291      -31.3291   0.00008   0.00000 -4.83302
   18      -31.3291      -31.3291      -31.3291   0.00008   0.00000 -4.83304
   19      -31.3291      -31.3291      -31.3291   0.00007   0.00000 -4.83305
   20      -31.3291      -31.3291      -31.3291   0.00007   0.00000 -4.83307
   21      -31.3291      -31.3291      -31.3291   0.00007   0.00000 -4.83309
   22      -31.3291      -31.3291      -31.3291   0.00007   0.00000 -4.83310
   23      -31.3291      -31.3291      -31.3291   0.00007   0.00000 -4.83311
   24      -31.3291      -31.3291      -31.3291   0.00007   0.00000 -4.83313
   25      -31.3291      -31.3291      -31.3291   0.00006   0.00000 -4.83314
   26      -31.3291      -31.3291      -31.3291   0.00006   0.00000 -4.83316
   27      -31.3291      -31.3291      -31.3291   0.00006   0.00000 -4.83317
   28      -31.3291      -31.3291      -31.3291   0.00006   0.00000 -4.83318
   29      -31.3291      -31.3291      -31.3291   0.00006   0.00000 -4.83320
   30      -31.3291      -31.3291      -31.3291   0.00006   0.00000 -4.83321
   31      -31.3291      -31.3291      -31.3291   0.00005   0.00000 -4.83322
   32      -31.3291      -31.3291      -31.3291   0.00005   0.00000 -4.83323
   33      -31.3291      -31.3291      -31.3291   0.00005   0.00000 -4.83324
   34      -31.3291      -31.3291      -31.3291   0.00005   0.00000 -4.83326
   35      -31.3291      -31.3291      -31.3291   0.00005   0.00000 -4.83327
   36      -31.3291      -31.3291      -31.3291   0.00005   0.00000 -4.83328
   37      -31.3291      -31.3291      -31.3291   0.00005   0.00000 -4.83329
   38      -31.3291      -31.3291      -31.3291   0.00005   0.00000 -4.83330
   39      -31.3291      -31.3291      -31.3291   0.00004   0.00000 -4.83331
   40      -31.3291      -31.3291      -31.3291   0.00004   0.00000 -4.83332
   41      -31.3291      -31.3291      -31.3291   0.00004   0.00000 -4.83333
   42      -31.3291      -31.3291      -31.3291   0.00004   0.00000 -4.83334
   43      -31.3291      -31.3291      -31.3291   0.00004   0.00000 -4.83335
   44      -31.3291      -31.3291      -31.3291   0.00004   0.00000 -4.83336
   45      -31.3291      -31.3291      -31.3291   0.00004   0.00000 -4.83337
   46      -31.3291      -31.3291      -31.3291   0.00004   0.00000 -4.83338
   47      -31.3291      -31.3291      -31.3291   0.00004   0.00000 -4.83338
   48      -31.3291      -31.3291      -31.3291   0.00004   0.00000 -4.83339
   49      -31.3291      -31.3291      -31.3291   0.00004   0.00000 -4.83340
   50      -31.3291      -31.3291      -31.3291   0.00003   0.00000 -4.83341
   51      -31.3291      -31.3291      -31.3291   0.00003   0.00000 -4.83342
   52      -31.3291      -31.3291      -31.3291   0.00003   0.00000 -4.83342
   53      -31.3291      -31.3291      -31.3291   0.00003   0.00000 -4.83343
   54      -31.3291      -31.3291      -31.3291   0.00003   0.00000 -4.83344
   55      -31.3291      -31.3291      -31.3291   0.00003   0.00000 -4.83345
   56      -31.3291      -31.3291      -31.3291   0.00003   0.00000 -4.83345
   57      -31.3291      -31.3291      -31.3291   0.00003   0.00000 -4.83346
   58      -31.3291      -31.3291      -31.3291   0.00003   0.00000 -4.83347
   59      -31.3291      -31.3291      -31.3291   0.00003   0.00000 -4.83347
   60      -31.3291      -31.3291      -31.3291   0.00003   0.00000 -4.83348
   61      -31.3291      -31.3291      -31.3291   0.00003   0.00000 -4.83349
   62      -31.3291      -31.3291      -31.3291   0.00003   0.00000 -4.83349
   63      -31.3291      -31.3291      -31.3291   0.00002   0.00000 -4.83350
   64      -31.3291      -31.3291      -31.3291   0.00002   0.00000 -4.83350
   65      -31.3291      -31.3291      -31.3291   0.00002   0.00000 -4.83351
   66      -31.3291      -31.3291      -31.3291   0.00002   0.00000 -4.83352
   67      -31.3291      -31.3291      -31.3291   0.00002   0.00000 -4.83352
   68      -31.3291      -31.3291      -31.3291   0.00002   0.00000 -4.83353
   69      -31.3291      -31.3291      -31.3291   0.00002   0.00000 -4.83353
   70      -31.3291      -31.3291      -31.3291   0.00002   0.00000 -4.83354
   71      -31.3291      -31.3291      -31.3291   0.00002   0.00000 -4.83354
   72      -31.3291      -31.3291      -31.3291   0.00002   0.00000 -4.83355
