cpu-bind=MASK - cn1027, task  0  0 [23489]: mask 0xffffffffffffffff set
--------------------------------------------------------------------------
Open MPI failed an OFI Libfabric library call (fi_domain).  This is highly
unusual; your job may behave unpredictably (and/or abort) after this.

  Local host: cn1104
  Location: mtl_ofi_component.c:928
  Error: No data available (61)
--------------------------------------------------------------------------
[cn1027.scarf.rl.ac.uk:24487] 239 more processes have sent help message help-mtl-ofi.txt / OFI call fail
[cn1027.scarf.rl.ac.uk:24487] Set MCA parameter "orte_base_help_aggregate" to 0 to see all help / error messages
[1677017336.631491] [cn1104:61246:0]          mpool.c:43   UCX  WARN  object 0xbe4a580 was not returned to mpool ucp_requests
[1677017336.638104] [cn1027:24537:0]          mpool.c:43   UCX  WARN  object 0xbbf25c0 was not returned to mpool ucp_requests
[1677017336.638103] [cn1027:24539:0]          mpool.c:43   UCX  WARN  object 0xbeb7580 was not returned to mpool ucp_requests
[1677017336.637912] [cn1027:24529:0]          mpool.c:43   UCX  WARN  object 0xb054840 was not returned to mpool ucp_requests
[1677017336.637957] [cn1027:24530:0]          mpool.c:43   UCX  WARN  object 0x6d09000 was not returned to mpool ucp_requests
[1677017336.637958] [cn1027:24531:0]          mpool.c:43   UCX  WARN  object 0xb441440 was not returned to mpool ucp_requests
[1677017336.637936] [cn1027:24532:0]          mpool.c:43   UCX  WARN  object 0xc1e8cc0 was not returned to mpool ucp_requests
[1677017336.637992] [cn1027:24533:0]          mpool.c:43   UCX  WARN  object 0xa86cec0 was not returned to mpool ucp_requests
[1677017336.637961] [cn1027:24534:0]          mpool.c:43   UCX  WARN  object 0x67c3a80 was not returned to mpool ucp_requests
[1677017336.638048] [cn1027:24535:0]          mpool.c:43   UCX  WARN  object 0x5783600 was not returned to mpool ucp_requests
[1677017336.637997] [cn1027:24536:0]          mpool.c:43   UCX  WARN  object 0x5e81800 was not returned to mpool ucp_requests
grep: log_3_0V.out: No such file or directory
cp: cannot stat ‘0V-VH_z-00.dat’: No such file or directory
cp: cannot stat ‘0V-VH_z-00.dat’: No such file or directory
cp: cannot stat ‘0V-RHO_z-00.dat’: No such file or directory
cp: cannot stat ‘0V-RHO_z-00.dat’: No such file or directory
rm: cannot remove ‘*.txt’: No such file or directory
