SIESTA 1.3.7  -- [1.3f1 release] (04 Feb 2004)
Architecture  : mpif90
Compiler flags:  -O3 -check bounds -fp-model strict
PARALLEL version

* Running on    2 nodes in parallel
>> Start of run:   1-NOV-2023  16:58:34

                           ***********************       
                           *  WELCOME TO SIESTA  *       
                           ***********************       

reinit: Reading from standard input
************************** Dump of input data file ****************************
SystemName                   1V
SystemLabel                     1V              # Short name for naming files
NumberOfAtoms    12
NumberOfSpecies                 1               # Number of species
PAO.BasisType                   split
%block ChemicalSpeciesLabel
  1   3  Li
%endblock ChemicalSpeciesLabel
%block PAO.Basis
Li   1
n=2 0 1
0.0
1.0
%endblock PAO.Basis
%block PS.lmax
 Li   1
%endblock PS.lmax
LatticeConstant 1.000 Ang
%block LatticeVectors
  12.0    0.000   0.000   1
  0.000  12.0   0.000   1
  0.000   0.000     36.0 1
%endblock LatticeVectors
AtomicCoordinatesFormat Ang
%block AtomicCoordinatesAndAtomicSpecies
0.0 0.0 0.0 1 Li
0.0 0.0 3.0 1 Li
0.0 0.0 6.0 1 Li
0.0 0.0 9.0 1 Li
0.0 0.0 12.0 1 Li
0.0 0.0 15.0 1 Li
0.0 0.0 18.0 1 Li
0.0 0.0 21.0 1 Li
0.0 0.0 24.0 1 Li
0.0 0.0 27.0 1 Li
0.0 0.0 30.0 1 Li
0.0 0.0 33.0 1 Li
%endblock AtomicCoordinatesAndAtomicSpecies
%block kgrid_Monkhorst_Pack
  1   0   0     0.0
  0   1   0     0.0
  0   0   1     0.0
%endblock kgrid_Monkhorst_Pack
xc.functional		LDA		# 'LDA', 'GGA'
xc.authors 	 		CA		# 'CA'='PZ', 'PW92', 'PBE'
SpinPolarized			F		# 'T', 'F'		
#FixSpin           F
#TotalSpin        0.0
NonCollinearSpin		F		# 'T', 'F'
MeshCutoff 	 		    200 Ry		# Equivalent plane wave cutoff for the grid
MaxSCFIterations                10000                2                10000                10000		10000
DM.MixingWeight			0.1
DM.NumberPulay			4	# Pulay convergency accelerator
DM.MixSCF1			    T
MixHamiltonian      T
DM.PulayOnFile			F		# Store in memory ('F') or in files ('T')
#DM.NumberKick         30
#DM.KickMixingWeight   0.1
DM.Tolerance 		1.0E-4
NeglNonOverlapInt		F		# 'F'=do not neglect
SolutionMethod			diagon
ElectronicTemperature		300 K		# Default value
DM.UseSaveDM 			T
#MD.UseSaveXV			T
#MD.UseSaveCG			T
WriteForces      T
WriteCoorXmol			T		# Write Atoms coordinates
SaveElectrostaticPotential      T
#SaveHS				T		# Save the Hamiltonian and Overlap matrices
SaveRho				T		# Save the valence pseudocharge density
#SaveDeltaRho			T
#WriteDenchar			T		# Write Denchar output
WriteMullikenPop		0 #write mulliken population of aromic and orbital charges
#-----
#smeagol
#-----
# Perform a transport calculation
EMTransport              T
# Set number of energy points for integrals
NEnergReal               64
# Set bias range
VInitial             1 eV
VFinal               1 eV
NIVPoints                0
# General variables
Delta                    1e-4
EnergLowestBound    -100.0 eV
# Print transmission coefficient
TrCoefficients           T
InitTransmRange      -10.0 eV
FinalTransmRange      10.0 eV
NTransmPoints            800
TRC.EMDOS                T
TRC.LeadsDOS             T
# Matching of Hartree potential with the leads
HartreeLeadsBottom  -0.39982224 eV
%block SaveBiasSteps
 0
%endblock SaveBiasSteps
************************** End of input data file *****************************

reinit: -----------------------------------------------------------------------
reinit: System Name: 1V                                                         
reinit: -----------------------------------------------------------------------
reinit: System Label: 1V                  
reinit: -----------------------------------------------------------------------

initatom: Reading input for the pseudopotentials and atomic orbitals ----------
 Species number:            1  Label: Li Atomic number:           3
Ground state valence configuration:   2s01
Reading pseudopotential information in formatted form from Li.psf
relmxkb: Read Max KB Ang. Momentum=    1 for species Li

<basis_specs>
===============================================================================
Li                   Z=   3    Mass=  6.9400        Charge=  0.0000    
Lmxo=0 Lmxkb=1     BasisType=split      Semic=F
L=0  Nsemic=0  Cnfigmx=2
          n=1  nzeta=1  polorb=0
               vcte:    0.0000    
               rinn:    0.0000    
                rcs:    0.0000    
            lambdas:    1.0000    
-------------------------------------------------------------------------------
L=0  Nkbl=1  erefs: 0.17977+309
L=1  Nkbl=1  erefs: 0.17977+309
===============================================================================
</basis_specs>

atom: Called for Li  (Z =   3)

read_vps: Pseudopotential generation method:
read_vps: ATM3      Troullier-Martins                       

read_vps: Valence configuration (pseudopotential and basis set generation):
2s( 1.00) rc: 2.26
2p( 0.00) rc: 2.26
read_vps: Spin-orbit interaction is not included in this calculation
Total valence charge:    1.00000

read_vps: Pseudopotential includes a core correction:
read_vps: Pseudo-core for xc-correction
comcore: Pseudo-core radius Rcore=  3.450946

xc_check: Exchange-correlation functional:
xc_check: Ceperley-Alder
xc_check: WARNING: Pseudopotential generated with
xc_check: WARNING: GGA Perdew, Burke & Ernzerhof 1996 functional
V l=0 = -2*Zval/r beyond r=  2.4014
V l=1 = -2*Zval/r beyond r=  2.4014
All V_l potentials equal beyond r=  2.2001
This should be close to max(r_c) in ps generation
All pots = -2*Zval/r beyond r=  2.4014

VLOCAL1: 99.0% of the norm of Vloc inside      8.968 Ry
VLOCAL1: 99.9% of the norm of Vloc inside     20.437 Ry
atom: Maximum radius for 4*pi*r*r*local-pseudopot. charge    2.55631
atom: Maximum radius for r*vlocal+2*Zval:    2.17278
GHOST: No ghost state for L =  0
GHOST: No ghost state for L =  1

KBgen: Kleinman-Bylander projectors: 
   l= 0   rc=  2.721230   el= -0.211995   Ekb=  1.936384   kbcos=  0.226371
   l= 1   rc=  2.860793   el= -0.081473   Ekb= -0.871273   kbcos= -0.142848

KBgen: Total number of  Kleinman-Bylander projectors:    4
atom: -------------------------------------------------------------------------

atom: SANKEY-TYPE ORBITALS:

SPLIT: Orbitals with angular momentum L= 0

SPLIT: Basis orbitals for state 2s

SPLIT: PAO cut-off radius determinated from an
SPLIT: energy shift=  0.020000 Ry

   izeta = 1
                 lambda =    1.000000
                     rc =    7.777862
                 energy =   -0.192109
                kinetic =    0.194479
    potential(screened) =   -0.386588
       potential(ionic) =   -0.562300
atom: Total number of Sankey-type orbitals:  1

atm_pop: Valence configuration(local Pseudopot. screening):
 2s( 1.00)                                                            
Vna: chval, zval:    1.00000   1.00000

Vna:  Cut-off radius for the neutral-atom potential:   7.777862

atom: _________________________________________________________________________

prinput: Basis input ----------------------------------------------------------

PAO.BasisType split     

%block ChemicalSpeciesLabel
    1    3 Li                      # Species index, atomic number, species label
%endblock ChemicalSpeciesLabel

%block PAO.Basis                 # Define Basis set
Li          1                    # Species label, number of l-shells
 n=2   0   1                         # n, l, Nzeta 
   7.778   
   1.000   
%endblock PAO.Basis

prinput: ----------------------------------------------------------------------


siesta: ******************** Simulation parameters ****************************
siesta:
siesta: The following are some of the parameters of the simulation.
siesta: A complete list of the parameters used, including defect values,
siesta: can be found in file out.fdf
siesta:
coor:   Atomic-coordinates input format  =     Cartesian coordinates
coor:                                          (in Angstroms)
redata: Number of spin components        =     1
redata: SpinOrbit                        =     0
redata: Long output                      =     F
redata: Number of Atomic Species         =     1
redata: Charge density info will appear in .RHO file
redata: Write Mulliken Pop.              =     NO
redata: Write Hamilton Pop.              =     NO
redata: Mesh Cutoff                      =   200.0000  Ry
redata: Net charge of the system         =     0.0000 |e|
redata: Max. number of SCF Iter          = 10000
redata: One Pulay mixing every           =     4 iterations
redata: Mix DM in first SCF step ?       =     T
redata: Write Pulay info on disk?        =     F
redata: New DM Mixing Weight             =     0.1000
redata: No kicks to SCF
redata: DM Mixing Weight for Kicks       =     0.5000
redata: DM Tolerance for SCF             =     0.000100
redata: Use continuation files for DM    =     T
redata: Neglect nonoverlap interactions  =     F
redata: Method of Calculation            =     Diagonalization
redata: Divide and Conquer               =     F
redata: Electronic Temperature           =     0.0019  Ry
redata: Fix the spin of the system       =     F
redata: Dynamics option                  =     CG coord. optimization
redata: Variable cell                    =     F
redata: Use continuation files for CG    =     F
redata: Maximum number of CG moves       =     0
redata: Max atomic displ per move        =     0.2000  Bohr
redata: Force tolerance                  =     0.0016  Ry/Bohr
redata: ***********************************************************************

siesta: Atomic coordinates (Bohr) and species
siesta:      0.00000   0.00000   0.00000  1        1
siesta:      0.00000   0.00000   5.66918  1        2
siesta:      0.00000   0.00000  11.33836  1        3
siesta:      0.00000   0.00000  17.00754  1        4
siesta:      0.00000   0.00000  22.67672  1        5
siesta:      0.00000   0.00000  28.34590  1        6
siesta:      0.00000   0.00000  34.01508  1        7
siesta:      0.00000   0.00000  39.68426  1        8
siesta:      0.00000   0.00000  45.35345  1        9
siesta:      0.00000   0.00000  51.02263  1       10
siesta:      0.00000   0.00000  56.69181  1       11
siesta:      0.00000   0.00000  62.36099  1       12

initatomlists: Number of atoms, orbitals, and projectors:     12    12    48

siesta: System type = chain     
 Nodes, Orbitals           2          12
 blocksizedefault           5

* ProcessorY, Blocksize:    1   5

 label:           1 Li                             1 s      
 label:           2 Li                             2 s      
 label:           3 Li                             3 s      
 label:           4 Li                             4 s      
 label:           5 Li                             5 s      
 label:           6 Li                             6 s      
 label:           7 Li                             7 s      
 label:           8 Li                             8 s      
 label:           9 Li                             9 s      
 label:          10 Li                            10 s      
 label:          11 Li                            11 s      
 label:          12 Li                            12 s      
 
* Maximum dynamic memory allocated =     1 MB

siesta:                 ==============================
SMEAGOL                 Bias step =    0, V =  0.073 Ry
                            Begin CG move =      0
                        ==============================

read_ldau The LDA+U method used is from Czyzky PRB 49 14211
 NSCOBlocks=           0

InitMesh: MESH =   108 x   108 x   320 =     3732480
InitMesh: Mesh cutoff (required, used) =   200.000   218.372 Ry
 
* Maximum dynamic memory allocated =   121 MB
siesta: reading saved Hamiltonian
siesta: saved Hamiltonian not found

siesta: Program's energy decomposition (eV):
siesta: Eions   =       132.671799
siesta: Ena     =        63.210748
siesta: Ekin    =        31.738355
siesta: Enl     =        20.034121
siesta: DEna    =         0.000000
siesta: DUscf   =         0.000000
siesta: DUext   =         0.000000
siesta: Exc     =      -134.296670
siesta: eta*DQ  =         0.000000
siesta: Emadel  =         0.000000
siesta: Eharris =      -156.646291
siesta: Eso     =         0.000000
siesta: Etot    =      -151.985244
siesta: FreeEng =      -151.985244

siesta: iscf   Eharris(eV)      E_KS(eV)   FreeEng(eV)     dDmax   Ef(eV)
siesta:    1     -156.6463     -151.9852     -151.9852   0.41046   0.0000
timer: Routine,Calls,Time,% = IterSCF        1       3.702  95.75
siesta:    2     -156.7188     -152.4321     -152.4321   0.00946   0.0000
siesta:    3     -157.2368     -156.4927     -156.4927   0.08318   0.0000
siesta:    4     -157.2348     -157.3035     -157.3035   0.00978   0.0000
siesta:    5     -157.2394     -157.2369     -157.2369   0.00664   0.0000
siesta:    6     -157.3095     -157.2410     -157.2410   0.00604   0.0000
siesta:    7     -157.2838     -157.3090     -157.3090   0.00436   0.0000
siesta:    8     -157.2845     -157.2838     -157.2838   0.00075   0.0000
siesta:    9     -157.2849     -157.2844     -157.2844   0.00064   0.0000
siesta:   10     -157.2833     -157.2848     -157.2848   0.00058   0.0000
siesta:   11     -157.2835     -157.2833     -157.2833   0.00042   0.0000
siesta:   12     -157.2834     -157.2835     -157.2835   0.00011   0.0000
siesta:   13     -157.2833     -157.2834     -157.2834   0.00008   0.0000
siesta:   14     -157.2834     -157.2833     -157.2833   0.00004   0.0000
siesta:   15     -157.2834     -157.2834     -157.2834   0.00002   0.0000
 Calculating transmission coefficient

siesta: E_KS(eV) =             -157.2834

siesta: E_KS - E_eggbox =      -157.2834

siesta: Atomic forces (eV/Ang):
     1    0.000000    0.000000   -0.084111
     2   -0.000000   -0.000000   -0.003486
     3    0.000000   -0.000000    0.034988
     4   -0.000000    0.000000   -0.120795
     5   -0.000000   -0.000000    0.219784
     6    0.000000    0.000000   -0.221254
     7   -0.000000    0.000000    0.166553
     8    0.000000    0.000000   -0.183495
     9   -0.000000    0.000000    0.180720
    10    0.000000   -0.000000    0.048101
    11   -0.000000   -0.000000    0.009693
    12    0.000000   -0.000000   -0.022453
----------------------------------------
 Tot    0.000000    0.000000    0.024246
----------------------------------------
 Max    0.221254
 Res    0.077664    sqrt( Sum f_i^2 / 3N )
----------------------------------------
 Max    0.221254    constrained
 
* Maximum dynamic memory allocated =   122 MB

coxmol: Writing XMOL coordinates into file 1V.xyz                  
 siesta: ERROR: PDOS implemented only with diagon

siesta: Program's energy decomposition (eV):
siesta:-Eions   =    -132.671799
siesta: Ena     =      63.210748
siesta: Ekin    =      26.101909
siesta: Enl     =      20.896457
siesta: DEna    =      -0.358416
siesta: DUscf   =       0.030516
siesta: DUext   =       0.000000
siesta: Exc     =    -134.492776
siesta: eta*DQ  =       0.000000
siesta: Emadel  =       0.000000
siesta: Ekinion =       0.000000
siesta: Eharris =    -157.283359
siesta: Eso     =       0.000000
siesta: Etot    =    -157.283360
siesta: FreeEng =    -157.283360

siesta: Final energy (eV):
siesta:       Kinetic =      26.101909
siesta:       Hartree =      40.486398
siesta:    Ext. field =       0.000000
siesta:   Exch.-corr. =    -134.492776
siesta:  Ion-electron =     -90.225713
siesta:       Ion-ion =       0.846822
siesta:       Ekinion =       0.000000
siesta:         Total =    -157.283360

siesta: Atomic forces (eV/Ang):
siesta:    1    0.000000    0.000000   -0.084111
siesta:    2   -0.000000   -0.000000   -0.003486
siesta:    3    0.000000   -0.000000    0.034988
siesta:    4   -0.000000    0.000000   -0.120795
siesta:    5   -0.000000   -0.000000    0.219784
siesta:    6    0.000000    0.000000   -0.221254
siesta:    7   -0.000000    0.000000    0.166553
siesta:    8    0.000000    0.000000   -0.183495
siesta:    9   -0.000000    0.000000    0.180720
siesta:   10    0.000000   -0.000000    0.048101
siesta:   11   -0.000000   -0.000000    0.009693
siesta:   12    0.000000   -0.000000   -0.022453
siesta: ----------------------------------------
siesta:  Tot    0.000000    0.000000    0.024246

siesta: Stress tensor (static) (eV/Ang**3):
siesta:    -0.000001    0.000000   -0.000000
siesta:     0.000000   -0.000001    0.000000
siesta:    -0.000000    0.000000    0.004946

siesta: Cell volume =       5184.000000 Ang**3

siesta: Pressure (static):
siesta:                Solid            Molecule  Units
siesta:          -0.00001795         -0.00001960  Ry/Bohr**3
siesta:          -0.00164782         -0.00179965  eV/Ang**3
siesta:          -2.64013097         -2.88339444  kBar

siesta: Total spin polarization (Qup-Qdown) =    0.000000
siesta: Spin vector =    0.000000    0.000000    0.000000
siesta: No SpinPolK block detected...

siesta: Electric dipole (a.u.)  =    0.000000    0.000000   -0.070283
siesta: Electric dipole (Debye) =    0.000000    0.000000   -0.178641
 
* Maximum dynamic memory allocated : Node    0 =   122 MB
* Maximum memory occured during redistribXZ                   
* Maximum dynamic memory allocated : Node    1 =   121 MB

timer: CPU execution times:
timer:  Routine       Calls   Time/call    Tot.time        %
timer:  siesta            1      34.655      34.655   100.00
timer:  Setup             1       0.158       0.158     0.46
timer:  bands             1       0.000       0.000     0.00
timer:  writewave         1       0.001       0.001     0.00
timer:  KSV_init          1       0.000       0.000     0.00
timer:  IterMD            1      32.133      32.133    92.72
timer:  hsparse           2       0.000       0.000     0.00
timer:  overfsm           2       0.001       0.001     0.00
timer:  IterSCF          16       2.007      32.116    92.67
timer:  kinefsm           2       0.000       0.001     0.00
timer:  nlefsm            2       0.003       0.006     0.02
timer:  DHSCF            17       2.006      34.096    98.39
timer:  DHSCF1            1       0.248       0.248     0.72
timer:  DHSCF2            1       1.578       1.578     4.55
timer:  REORD           244       0.012       2.867     8.27
timer:  POISON           18       0.986      17.739    51.19
timer:  DHSCF3           17       1.841      31.295    90.30
timer:  rhoofd           17       0.062       1.052     3.04
timer:  CELLXC           17       0.166       2.823     8.15
timer:  vmat             16       0.054       0.871     2.51
timer:  emtrans          16       0.015       0.236     0.68
timer:  NEGFK            16       0.014       0.217     0.63
timer:  NEGFK_su         16       0.001       0.022     0.06
timer:  NEGFK_imag       15       0.000       0.005     0.01
timer:  NEGFK_real       15       0.001       0.009     0.03
timer:  NEGFK_col        15       0.000       0.002     0.01
timer:  DHSCF4            1       0.948       0.948     2.74
timer:  dfscf             1       0.665       0.665     1.92
timer:  TRANSM            1       0.122       0.122     0.35
timer:  CURRENT           1       0.057       0.057     0.16
  
>> End of run:   1-NOV-2023  16:58:53
