 iscf   Eharris(eV)      E_KS(eV)   FreeEng(eV)    dHmax    dDmax   Ef(eV)
    1   -21938.0585    15872.3025    15872.3025142.90647 23.68542  0.00000
    2     1470.0888     3224.7761     3224.7761140.14175 48.09032  0.00000
    3     3152.8799     1188.6965     1188.6965136.30573 58.20663  0.00000
    4     3188.8823     5925.4527     5925.4527 73.39487 25.54462  0.00000
    5     4494.2023     5171.4981     5171.4981  2.80252 13.03961  0.00000
    6     4994.8501     5001.7899     5001.7899  2.55773  0.13772  0.00000
    7     4989.7045     4990.7702     4990.7702  2.32419  5.02235  0.00000
    8     4716.9196     4716.4025     4716.4025  0.19178  0.04948  0.00000
    9     4709.5204     4714.8573     4714.8573  0.19496  1.14236  0.00000
   10     4763.0719     4765.1196     4765.1196  0.07500  0.78847  0.00000
   11     4801.8626     4801.4303     4801.4303  0.02859  0.01925  0.00000
   12     4801.2808     4800.9967     4800.9967  0.02732  0.10170  0.00000
   13     4796.1194     4795.6766     4795.6766  0.01257  0.08575  0.00000
   14     4791.5670     4791.5681     4791.5681  0.00160  0.00005  0.00000
   15     4791.5656     4791.5713     4791.5713  0.00160  0.00652  0.00000
   16     4791.1732     4791.1628     4791.1628  0.00093  0.00918  0.00000
   17     4790.6244     4790.6216     4790.6216  0.00010  0.00019  0.00000
   18     4790.6218     4790.6212     4790.6212  0.00011  0.00006  0.00000
   19     4790.6178     4790.6217     4790.6217  0.00011  0.00021  0.00000
   20     4790.6327     4790.6318     4790.6318  0.00010  0.00009  0.00000
   21     4790.6237     4790.6207     4790.6207  0.00010  0.00014  0.00000
   22     4790.6157     4790.6140     4790.6140  0.00009  0.00002  0.00000
