 @target G1.S0
 @type xy
  -0.2721140E+02      0.0000000E+00
  -0.2714328E+02      0.0000000E+00
  -0.2707517E+02      0.0000000E+00
  -0.2700706E+02      0.0000000E+00
  -0.2693894E+02      0.0000000E+00
  -0.2687083E+02      0.0000000E+00
  -0.2680271E+02      0.0000000E+00
  -0.2673460E+02      0.0000000E+00
  -0.2666649E+02      0.0000000E+00
  -0.2659837E+02      0.0000000E+00
  -0.2653026E+02      0.0000000E+00
  -0.2646215E+02      0.0000000E+00
  -0.2639403E+02      0.0000000E+00
  -0.2632592E+02      0.0000000E+00
  -0.2625781E+02      0.0000000E+00
  -0.2618969E+02      0.0000000E+00
  -0.2612158E+02      0.0000000E+00
  -0.2605346E+02      0.0000000E+00
  -0.2598535E+02      0.0000000E+00
  -0.2591724E+02      0.0000000E+00
  -0.2584912E+02      0.0000000E+00
  -0.2578101E+02      0.0000000E+00
  -0.2571290E+02      0.0000000E+00
  -0.2564478E+02      0.0000000E+00
  -0.2557667E+02      0.0000000E+00
  -0.2550856E+02      0.0000000E+00
  -0.2544044E+02      0.0000000E+00
  -0.2537233E+02      0.0000000E+00
  -0.2530421E+02      0.0000000E+00
  -0.2523610E+02      0.0000000E+00
  -0.2516799E+02      0.0000000E+00
  -0.2509987E+02      0.0000000E+00
  -0.2503176E+02      0.0000000E+00
  -0.2496365E+02      0.0000000E+00
  -0.2489553E+02      0.0000000E+00
  -0.2482742E+02      0.0000000E+00
  -0.2475931E+02      0.0000000E+00
  -0.2469119E+02      0.0000000E+00
  -0.2462308E+02      0.0000000E+00
  -0.2455496E+02      0.0000000E+00
  -0.2448685E+02      0.0000000E+00
  -0.2441874E+02      0.0000000E+00
  -0.2435062E+02      0.0000000E+00
  -0.2428251E+02      0.0000000E+00
  -0.2421440E+02      0.0000000E+00
  -0.2414628E+02      0.0000000E+00
  -0.2407817E+02      0.0000000E+00
  -0.2401006E+02      0.0000000E+00
  -0.2394194E+02      0.0000000E+00
  -0.2387383E+02      0.0000000E+00
  -0.2380571E+02      0.0000000E+00
  -0.2373760E+02      0.0000000E+00
  -0.2366949E+02      0.0000000E+00
  -0.2360137E+02      0.0000000E+00
  -0.2353326E+02      0.0000000E+00
  -0.2346515E+02      0.0000000E+00
  -0.2339703E+02      0.0000000E+00
  -0.2332892E+02      0.0000000E+00
  -0.2326081E+02      0.0000000E+00
  -0.2319269E+02      0.0000000E+00
  -0.2312458E+02      0.0000000E+00
  -0.2305646E+02      0.0000000E+00
  -0.2298835E+02      0.0000000E+00
  -0.2292024E+02      0.0000000E+00
  -0.2285212E+02      0.0000000E+00
  -0.2278401E+02      0.0000000E+00
  -0.2271590E+02      0.0000000E+00
  -0.2264778E+02      0.0000000E+00
  -0.2257967E+02      0.0000000E+00
  -0.2251156E+02      0.0000000E+00
  -0.2244344E+02      0.0000000E+00
  -0.2237533E+02      0.0000000E+00
  -0.2230721E+02      0.0000000E+00
  -0.2223910E+02      0.0000000E+00
  -0.2217099E+02      0.0000000E+00
  -0.2210287E+02      0.0000000E+00
  -0.2203476E+02      0.0000000E+00
  -0.2196665E+02      0.0000000E+00
  -0.2189853E+02      0.0000000E+00
  -0.2183042E+02      0.0000000E+00
  -0.2176231E+02      0.0000000E+00
  -0.2169419E+02      0.0000000E+00
  -0.2162608E+02      0.0000000E+00
  -0.2155796E+02      0.0000000E+00
  -0.2148985E+02      0.0000000E+00
  -0.2142174E+02      0.0000000E+00
  -0.2135362E+02      0.0000000E+00
  -0.2128551E+02      0.0000000E+00
  -0.2121740E+02      0.0000000E+00
  -0.2114928E+02      0.0000000E+00
  -0.2108117E+02      0.0000000E+00
  -0.2101306E+02      0.0000000E+00
  -0.2094494E+02      0.0000000E+00
  -0.2087683E+02      0.0000000E+00
  -0.2080871E+02      0.0000000E+00
  -0.2074060E+02      0.0000000E+00
  -0.2067249E+02      0.0000000E+00
  -0.2060437E+02      0.0000000E+00
  -0.2053626E+02      0.0000000E+00
  -0.2046815E+02      0.0000000E+00
  -0.2040003E+02      0.0000000E+00
  -0.2033192E+02      0.0000000E+00
  -0.2026381E+02      0.0000000E+00
  -0.2019569E+02      0.0000000E+00
  -0.2012758E+02      0.0000000E+00
  -0.2005946E+02      0.0000000E+00
  -0.1999135E+02      0.0000000E+00
  -0.1992324E+02      0.0000000E+00
  -0.1985512E+02      0.0000000E+00
  -0.1978701E+02      0.0000000E+00
  -0.1971890E+02      0.0000000E+00
  -0.1965078E+02      0.0000000E+00
  -0.1958267E+02      0.0000000E+00
  -0.1951456E+02      0.0000000E+00
  -0.1944644E+02      0.0000000E+00
  -0.1937833E+02      0.0000000E+00
  -0.1931021E+02      0.0000000E+00
  -0.1924210E+02      0.0000000E+00
  -0.1917399E+02      0.0000000E+00
  -0.1910587E+02      0.0000000E+00
  -0.1903776E+02      0.0000000E+00
  -0.1896965E+02      0.0000000E+00
  -0.1890153E+02      0.0000000E+00
  -0.1883342E+02      0.0000000E+00
  -0.1876531E+02      0.0000000E+00
  -0.1869719E+02      0.0000000E+00
  -0.1862908E+02      0.0000000E+00
  -0.1856096E+02      0.0000000E+00
  -0.1849285E+02      0.0000000E+00
  -0.1842474E+02      0.0000000E+00
  -0.1835662E+02      0.0000000E+00
  -0.1828851E+02      0.0000000E+00
  -0.1822040E+02      0.0000000E+00
  -0.1815228E+02      0.0000000E+00
  -0.1808417E+02      0.0000000E+00
  -0.1801606E+02      0.0000000E+00
  -0.1794794E+02      0.0000000E+00
  -0.1787983E+02      0.0000000E+00
  -0.1781171E+02      0.0000000E+00
  -0.1774360E+02      0.0000000E+00
  -0.1767549E+02      0.0000000E+00
  -0.1760737E+02      0.0000000E+00
  -0.1753926E+02      0.0000000E+00
  -0.1747115E+02      0.0000000E+00
  -0.1740303E+02      0.0000000E+00
  -0.1733492E+02      0.0000000E+00
  -0.1726681E+02      0.0000000E+00
  -0.1719869E+02      0.0000000E+00
  -0.1713058E+02      0.0000000E+00
  -0.1706246E+02      0.0000000E+00
  -0.1699435E+02      0.0000000E+00
  -0.1692624E+02      0.0000000E+00
  -0.1685812E+02      0.0000000E+00
  -0.1679001E+02      0.0000000E+00
  -0.1672190E+02      0.0000000E+00
  -0.1665378E+02      0.0000000E+00
  -0.1658567E+02      0.0000000E+00
  -0.1651756E+02      0.0000000E+00
  -0.1644944E+02      0.0000000E+00
  -0.1638133E+02      0.0000000E+00
  -0.1631321E+02      0.0000000E+00
  -0.1624510E+02      0.0000000E+00
  -0.1617699E+02      0.0000000E+00
  -0.1610887E+02      0.0000000E+00
  -0.1604076E+02      0.0000000E+00
  -0.1597265E+02      0.0000000E+00
  -0.1590453E+02      0.0000000E+00
  -0.1583642E+02      0.0000000E+00
  -0.1576831E+02      0.0000000E+00
  -0.1570019E+02      0.0000000E+00
  -0.1563208E+02      0.0000000E+00
  -0.1556397E+02      0.0000000E+00
  -0.1549585E+02      0.0000000E+00
  -0.1542774E+02      0.0000000E+00
  -0.1535962E+02      0.0000000E+00
  -0.1529151E+02      0.0000000E+00
  -0.1522340E+02      0.0000000E+00
  -0.1515528E+02      0.0000000E+00
  -0.1508717E+02      0.0000000E+00
  -0.1501906E+02      0.0000000E+00
  -0.1495094E+02      0.0000000E+00
  -0.1488283E+02      0.0000000E+00
  -0.1481472E+02      0.0000000E+00
  -0.1474660E+02      0.0000000E+00
  -0.1467849E+02      0.0000000E+00
  -0.1461037E+02      0.0000000E+00
  -0.1454226E+02      0.0000000E+00
  -0.1447415E+02      0.0000000E+00
  -0.1440603E+02      0.0000000E+00
  -0.1433792E+02      0.0000000E+00
  -0.1426981E+02      0.0000000E+00
  -0.1420169E+02      0.0000000E+00
  -0.1413358E+02      0.0000000E+00
  -0.1406547E+02      0.0000000E+00
  -0.1399735E+02      0.0000000E+00
  -0.1392924E+02      0.0000000E+00
  -0.1386112E+02      0.0000000E+00
  -0.1379301E+02      0.0000000E+00
  -0.1372490E+02      0.0000000E+00
  -0.1365678E+02      0.0000000E+00
  -0.1358867E+02      0.0000000E+00
  -0.1352056E+02      0.0000000E+00
  -0.1345244E+02      0.0000000E+00
  -0.1338433E+02      0.0000000E+00
  -0.1331622E+02      0.0000000E+00
  -0.1324810E+02      0.0000000E+00
  -0.1317999E+02      0.0000000E+00
  -0.1311187E+02      0.0000000E+00
  -0.1304376E+02      0.0000000E+00
  -0.1297565E+02      0.0000000E+00
  -0.1290753E+02      0.0000000E+00
  -0.1283942E+02      0.0000000E+00
  -0.1277131E+02      0.0000000E+00
  -0.1270319E+02      0.0000000E+00
  -0.1263508E+02      0.0000000E+00
  -0.1256697E+02      0.0000000E+00
  -0.1249885E+02      0.0000000E+00
  -0.1243074E+02      0.0000000E+00
  -0.1236262E+02      0.0000000E+00
  -0.1229451E+02      0.0000000E+00
  -0.1222640E+02      0.0000000E+00
  -0.1215828E+02      0.0000000E+00
  -0.1209017E+02      0.0000000E+00
  -0.1202206E+02      0.0000000E+00
  -0.1195394E+02      0.0000000E+00
  -0.1188583E+02      0.0000000E+00
  -0.1181772E+02      0.0000000E+00
  -0.1174960E+02      0.0000000E+00
  -0.1168149E+02      0.0000000E+00
  -0.1161337E+02      0.0000000E+00
  -0.1154526E+02      0.0000000E+00
  -0.1147715E+02      0.0000000E+00
  -0.1140903E+02      0.0000000E+00
  -0.1134092E+02      0.0000000E+00
  -0.1127281E+02      0.0000000E+00
  -0.1120469E+02      0.0000000E+00
  -0.1113658E+02      0.0000000E+00
  -0.1106847E+02      0.0000000E+00
  -0.1100035E+02      0.0000000E+00
  -0.1093224E+02      0.0000000E+00
  -0.1086412E+02      0.0000000E+00
  -0.1079601E+02      0.0000000E+00
  -0.1072790E+02      0.0000000E+00
  -0.1065978E+02      0.0000000E+00
  -0.1059167E+02      0.0000000E+00
  -0.1052356E+02      0.0000000E+00
  -0.1045544E+02      0.0000000E+00
  -0.1038733E+02      0.0000000E+00
  -0.1031922E+02      0.0000000E+00
  -0.1025110E+02      0.0000000E+00
  -0.1018299E+02      0.0000000E+00
  -0.1011487E+02      0.0000000E+00
  -0.1004676E+02      0.0000000E+00
  -0.9978647E+01      0.0000000E+00
  -0.9910534E+01      0.0000000E+00
  -0.9842420E+01      0.0000000E+00
  -0.9774306E+01      0.0000000E+00
  -0.9706193E+01      0.0000000E+00
  -0.9638079E+01      0.0000000E+00
  -0.9569965E+01      0.0000000E+00
  -0.9501852E+01      0.0000000E+00
  -0.9433738E+01      0.0000000E+00
  -0.9365624E+01      0.0000000E+00
  -0.9297511E+01      0.0000000E+00
  -0.9229397E+01      0.0000000E+00
  -0.9161284E+01      0.0000000E+00
  -0.9093170E+01      0.0000000E+00
  -0.9025056E+01      0.0000000E+00
  -0.8956943E+01      0.0000000E+00
  -0.8888829E+01      0.0000000E+00
  -0.8820715E+01      0.0000000E+00
  -0.8752602E+01      0.0000000E+00
  -0.8684488E+01      0.0000000E+00
  -0.8616375E+01      0.0000000E+00
  -0.8548261E+01      0.0000000E+00
  -0.8480147E+01      0.0000000E+00
  -0.8412034E+01      0.0000000E+00
  -0.8343920E+01      0.0000000E+00
  -0.8275806E+01      0.0000000E+00
  -0.8207693E+01      0.0000000E+00
  -0.8139579E+01      0.0000000E+00
  -0.8071465E+01      0.0000000E+00
  -0.8003352E+01      0.0000000E+00
  -0.7935238E+01      0.0000000E+00
  -0.7867125E+01      0.0000000E+00
  -0.7799011E+01      0.0000000E+00
  -0.7730897E+01      0.0000000E+00
  -0.7662784E+01      0.0000000E+00
  -0.7594670E+01      0.0000000E+00
  -0.7526556E+01      0.1000000E+01
  -0.7458443E+01      0.1000000E+01
  -0.7390329E+01      0.1000000E+01
  -0.7322215E+01      0.1000000E+01
  -0.7254102E+01      0.1000000E+01
  -0.7185988E+01      0.1000000E+01
  -0.7117875E+01      0.1000000E+01
  -0.7049761E+01      0.1000000E+01
  -0.6981647E+01      0.1000000E+01
  -0.6913534E+01      0.1000000E+01
  -0.6845420E+01      0.5000000E+01
  -0.6777306E+01      0.5000000E+01
  -0.6709193E+01      0.5000000E+01
  -0.6641079E+01      0.5000000E+01
  -0.6572966E+01      0.5000000E+01
  -0.6504852E+01      0.5000000E+01
  -0.6436738E+01      0.5000000E+01
  -0.6368625E+01      0.5000000E+01
  -0.6300511E+01      0.5000000E+01
  -0.6232397E+01      0.5000000E+01
  -0.6164284E+01      0.5000000E+01
  -0.6096170E+01      0.9000000E+01
  -0.6028056E+01      0.9000000E+01
  -0.5959943E+01      0.9000000E+01
  -0.5891829E+01      0.9000000E+01
  -0.5823716E+01      0.9000000E+01
  -0.5755602E+01      0.9000000E+01
  -0.5687488E+01      0.9000000E+01
  -0.5619375E+01      0.9000000E+01
  -0.5551261E+01      0.9000000E+01
  -0.5483147E+01      0.9000000E+01
  -0.5415034E+01      0.9000000E+01
  -0.5346920E+01      0.9000000E+01
  -0.5278807E+01      0.9000000E+01
  -0.5210693E+01      0.9000000E+01
  -0.5142579E+01      0.9000000E+01
  -0.5074466E+01      0.9000000E+01
  -0.5006352E+01      0.9000000E+01
  -0.4938238E+01      0.9000000E+01
  -0.4870125E+01      0.9000000E+01
  -0.4802011E+01      0.9000000E+01
  -0.4733897E+01      0.9000000E+01
  -0.4665784E+01      0.9000000E+01
  -0.4597670E+01      0.1300000E+02
  -0.4529557E+01      0.1300000E+02
  -0.4461443E+01      0.1300000E+02
  -0.4393329E+01      0.1300000E+02
  -0.4325216E+01      0.1300000E+02
  -0.4257102E+01      0.1300000E+02
  -0.4188988E+01      0.1300000E+02
  -0.4120875E+01      0.1300000E+02
  -0.4052761E+01      0.1300000E+02
  -0.3984648E+01      0.1300000E+02
  -0.3916534E+01      0.1300000E+02
  -0.3848420E+01      0.1300000E+02
  -0.3780307E+01      0.1300000E+02
  -0.3712193E+01      0.2100000E+02
  -0.3644079E+01      0.2100000E+02
  -0.3575966E+01      0.2100000E+02
  -0.3507852E+01      0.2100000E+02
  -0.3439738E+01      0.2100000E+02
  -0.3371625E+01      0.2100000E+02
  -0.3303511E+01      0.2100000E+02
  -0.3235398E+01      0.2100000E+02
  -0.3167284E+01      0.2100000E+02
  -0.3099170E+01      0.2100000E+02
  -0.3031057E+01      0.2100000E+02
  -0.2962943E+01      0.2100000E+02
  -0.2894829E+01      0.2100000E+02
  -0.2826716E+01      0.2100000E+02
  -0.2758602E+01      0.2100000E+02
  -0.2690488E+01      0.2100000E+02
  -0.2622375E+01      0.2100000E+02
  -0.2554261E+01      0.2100000E+02
  -0.2486148E+01      0.2100000E+02
  -0.2418034E+01      0.2100000E+02
  -0.2349920E+01      0.2100000E+02
  -0.2281807E+01      0.2100000E+02
  -0.2213693E+01      0.2100000E+02
  -0.2145579E+01      0.2100000E+02
  -0.2077466E+01      0.2100000E+02
  -0.2009352E+01      0.2100000E+02
  -0.1941239E+01      0.2100000E+02
  -0.1873125E+01      0.2100000E+02
  -0.1805011E+01      0.2100000E+02
  -0.1736898E+01      0.2100000E+02
  -0.1668784E+01      0.2100000E+02
  -0.1600670E+01      0.2100000E+02
  -0.1532557E+01      0.2100000E+02
  -0.1464443E+01      0.2100000E+02
  -0.1396329E+01      0.2100000E+02
  -0.1328216E+01      0.2100000E+02
  -0.1260102E+01      0.2100000E+02
  -0.1191989E+01      0.2500000E+02
  -0.1123875E+01      0.2500000E+02
  -0.1055761E+01      0.2500000E+02
  -0.9876477E+00      0.2500000E+02
  -0.9195340E+00      0.2500000E+02
  -0.8514204E+00      0.2500000E+02
  -0.7833068E+00      0.2500000E+02
  -0.7151931E+00      0.2500000E+02
  -0.6470795E+00      0.2500000E+02
  -0.5789659E+00      0.2500000E+02
  -0.5108522E+00      0.2100000E+02
  -0.4427386E+00      0.2100000E+02
  -0.3746250E+00      0.2100000E+02
  -0.3065113E+00      0.2500000E+02
  -0.2383977E+00      0.2500000E+02
  -0.1702841E+00      0.2500000E+02
  -0.1021704E+00      0.2500000E+02
  -0.3405682E-01      0.2500000E+02
   0.3405682E-01      0.2500000E+02
   0.1021704E+00      0.2500000E+02
   0.1702841E+00      0.2500000E+02
   0.2383977E+00      0.2500000E+02
   0.3065113E+00      0.2500000E+02
   0.3746250E+00      0.2500000E+02
   0.4427386E+00      0.2500000E+02
   0.5108522E+00      0.2500000E+02
   0.5789659E+00      0.2500000E+02
   0.6470795E+00      0.3300000E+02
   0.7151931E+00      0.3300000E+02
   0.7833068E+00      0.3300000E+02
   0.8514204E+00      0.3300000E+02
   0.9195340E+00      0.3300000E+02
   0.9876477E+00      0.3300000E+02
   0.1055761E+01      0.3300000E+02
   0.1123875E+01      0.3300000E+02
   0.1191989E+01      0.3300000E+02
   0.1260102E+01      0.3300000E+02
   0.1328216E+01      0.3300000E+02
   0.1396329E+01      0.3300000E+02
   0.1464443E+01      0.3300000E+02
   0.1532557E+01      0.3300000E+02
   0.1600670E+01      0.2500000E+02
   0.1668784E+01      0.2500000E+02
   0.1736898E+01      0.2500000E+02
   0.1805011E+01      0.2500000E+02
   0.1873125E+01      0.2500000E+02
   0.1941239E+01      0.2500000E+02
   0.2009352E+01      0.2500000E+02
   0.2077466E+01      0.2500000E+02
   0.2145579E+01      0.2500000E+02
   0.2213693E+01      0.2500000E+02
   0.2281807E+01      0.2500000E+02
   0.2349920E+01      0.2500000E+02
   0.2418034E+01      0.2500000E+02
   0.2486148E+01      0.2500000E+02
   0.2554261E+01      0.2500000E+02
   0.2622375E+01      0.2500000E+02
   0.2690488E+01      0.2500000E+02
   0.2758602E+01      0.2500000E+02
   0.2826716E+01      0.1700000E+02
   0.2894829E+01      0.1700000E+02
   0.2962943E+01      0.1700000E+02
   0.3031057E+01      0.1700000E+02
   0.3099170E+01      0.1700000E+02
   0.3167284E+01      0.1700000E+02
   0.3235398E+01      0.1700000E+02
   0.3303511E+01      0.1700000E+02
   0.3371625E+01      0.1700000E+02
   0.3439738E+01      0.1700000E+02
   0.3507852E+01      0.1700000E+02
   0.3575966E+01      0.1700000E+02
   0.3644079E+01      0.1700000E+02
   0.3712193E+01      0.1700000E+02
   0.3780307E+01      0.1800000E+02
   0.3848420E+01      0.1800000E+02
   0.3916534E+01      0.1800000E+02
   0.3984648E+01      0.1800000E+02
   0.4052761E+01      0.1800000E+02
   0.4120875E+01      0.1800000E+02
   0.4188988E+01      0.1800000E+02
   0.4257102E+01      0.1400000E+02
   0.4325216E+01      0.1400000E+02
   0.4393329E+01      0.1400000E+02
   0.4461443E+01      0.1400000E+02
   0.4529557E+01      0.6000000E+01
   0.4597670E+01      0.6000000E+01
   0.4665784E+01      0.6000000E+01
   0.4733897E+01      0.6000000E+01
   0.4802011E+01      0.6000000E+01
   0.4870125E+01      0.6000000E+01
   0.4938238E+01      0.6000000E+01
   0.5006352E+01      0.6000000E+01
   0.5074466E+01      0.6000000E+01
   0.5142579E+01      0.6000000E+01
   0.5210693E+01      0.6000000E+01
   0.5278807E+01      0.6000000E+01
   0.5346920E+01      0.6000000E+01
   0.5415034E+01      0.0000000E+00
   0.5483147E+01      0.0000000E+00
   0.5551261E+01      0.0000000E+00
   0.5619375E+01      0.0000000E+00
   0.5687488E+01      0.0000000E+00
   0.5755602E+01      0.0000000E+00
   0.5823716E+01      0.0000000E+00
   0.5891829E+01      0.0000000E+00
   0.5959943E+01      0.0000000E+00
   0.6028056E+01      0.0000000E+00
   0.6096170E+01      0.0000000E+00
   0.6164284E+01      0.0000000E+00
   0.6232397E+01      0.0000000E+00
   0.6300511E+01      0.0000000E+00
   0.6368625E+01      0.0000000E+00
   0.6436738E+01      0.0000000E+00
   0.6504852E+01      0.0000000E+00
   0.6572966E+01      0.0000000E+00
   0.6641079E+01      0.0000000E+00
   0.6709193E+01      0.0000000E+00
   0.6777306E+01      0.0000000E+00
   0.6845420E+01      0.0000000E+00
   0.6913534E+01      0.0000000E+00
   0.6981647E+01      0.0000000E+00
   0.7049761E+01      0.0000000E+00
   0.7117875E+01      0.0000000E+00
   0.7185988E+01      0.0000000E+00
   0.7254102E+01      0.0000000E+00
   0.7322215E+01      0.0000000E+00
   0.7390329E+01      0.0000000E+00
   0.7458443E+01      0.0000000E+00
   0.7526556E+01      0.0000000E+00
   0.7594670E+01      0.0000000E+00
   0.7662784E+01      0.0000000E+00
   0.7730897E+01      0.0000000E+00
   0.7799011E+01      0.0000000E+00
   0.7867125E+01      0.0000000E+00
   0.7935238E+01      0.0000000E+00
   0.8003352E+01      0.0000000E+00
   0.8071465E+01      0.0000000E+00
   0.8139579E+01      0.0000000E+00
   0.8207693E+01      0.0000000E+00
   0.8275806E+01      0.0000000E+00
   0.8343920E+01      0.0000000E+00
   0.8412034E+01      0.0000000E+00
   0.8480147E+01      0.0000000E+00
   0.8548261E+01      0.0000000E+00
   0.8616375E+01      0.0000000E+00
   0.8684488E+01      0.0000000E+00
   0.8752602E+01      0.0000000E+00
   0.8820715E+01      0.0000000E+00
   0.8888829E+01      0.0000000E+00
   0.8956943E+01      0.0000000E+00
   0.9025056E+01      0.0000000E+00
   0.9093170E+01      0.0000000E+00
   0.9161284E+01      0.0000000E+00
   0.9229397E+01      0.0000000E+00
   0.9297511E+01      0.0000000E+00
   0.9365624E+01      0.0000000E+00
   0.9433738E+01      0.0000000E+00
   0.9501852E+01      0.0000000E+00
   0.9569965E+01      0.0000000E+00
   0.9638079E+01      0.0000000E+00
   0.9706193E+01      0.0000000E+00
   0.9774306E+01      0.0000000E+00
   0.9842420E+01      0.0000000E+00
   0.9910534E+01      0.0000000E+00
   0.9978647E+01      0.0000000E+00
   0.1004676E+02      0.0000000E+00
   0.1011487E+02      0.0000000E+00
   0.1018299E+02      0.0000000E+00
   0.1025110E+02      0.0000000E+00
   0.1031922E+02      0.0000000E+00
   0.1038733E+02      0.0000000E+00
   0.1045544E+02      0.0000000E+00
   0.1052356E+02      0.0000000E+00
   0.1059167E+02      0.0000000E+00
   0.1065978E+02      0.0000000E+00
   0.1072790E+02      0.0000000E+00
   0.1079601E+02      0.0000000E+00
   0.1086412E+02      0.0000000E+00
   0.1093224E+02      0.0000000E+00
   0.1100035E+02      0.0000000E+00
   0.1106847E+02      0.0000000E+00
   0.1113658E+02      0.0000000E+00
   0.1120469E+02      0.0000000E+00
   0.1127281E+02      0.0000000E+00
   0.1134092E+02      0.0000000E+00
   0.1140903E+02      0.0000000E+00
   0.1147715E+02      0.0000000E+00
   0.1154526E+02      0.0000000E+00
   0.1161337E+02      0.0000000E+00
   0.1168149E+02      0.0000000E+00
   0.1174960E+02      0.0000000E+00
   0.1181772E+02      0.0000000E+00
   0.1188583E+02      0.0000000E+00
   0.1195394E+02      0.0000000E+00
   0.1202206E+02      0.0000000E+00
   0.1209017E+02      0.0000000E+00
   0.1215828E+02      0.0000000E+00
   0.1222640E+02      0.0000000E+00
   0.1229451E+02      0.0000000E+00
   0.1236262E+02      0.0000000E+00
   0.1243074E+02      0.0000000E+00
   0.1249885E+02      0.0000000E+00
   0.1256697E+02      0.0000000E+00
   0.1263508E+02      0.0000000E+00
   0.1270319E+02      0.0000000E+00
   0.1277131E+02      0.0000000E+00
   0.1283942E+02      0.0000000E+00
   0.1290753E+02      0.0000000E+00
   0.1297565E+02      0.0000000E+00
   0.1304376E+02      0.0000000E+00
   0.1311187E+02      0.0000000E+00
   0.1317999E+02      0.0000000E+00
   0.1324810E+02      0.0000000E+00
   0.1331622E+02      0.0000000E+00
   0.1338433E+02      0.0000000E+00
   0.1345244E+02      0.0000000E+00
   0.1352056E+02      0.0000000E+00
   0.1358867E+02      0.0000000E+00
   0.1365678E+02      0.0000000E+00
   0.1372490E+02      0.0000000E+00
   0.1379301E+02      0.0000000E+00
   0.1386112E+02      0.0000000E+00
   0.1392924E+02      0.0000000E+00
   0.1399735E+02      0.0000000E+00
   0.1406547E+02      0.0000000E+00
   0.1413358E+02      0.0000000E+00
   0.1420169E+02      0.0000000E+00
   0.1426981E+02      0.0000000E+00
   0.1433792E+02      0.0000000E+00
   0.1440603E+02      0.0000000E+00
   0.1447415E+02      0.0000000E+00
   0.1454226E+02      0.0000000E+00
   0.1461037E+02      0.0000000E+00
   0.1467849E+02      0.0000000E+00
   0.1474660E+02      0.0000000E+00
   0.1481472E+02      0.0000000E+00
   0.1488283E+02      0.0000000E+00
   0.1495094E+02      0.0000000E+00
   0.1501906E+02      0.0000000E+00
   0.1508717E+02      0.0000000E+00
   0.1515528E+02      0.0000000E+00
   0.1522340E+02      0.0000000E+00
   0.1529151E+02      0.0000000E+00
   0.1535962E+02      0.0000000E+00
   0.1542774E+02      0.0000000E+00
   0.1549585E+02      0.0000000E+00
   0.1556397E+02      0.0000000E+00
   0.1563208E+02      0.0000000E+00
   0.1570019E+02      0.0000000E+00
   0.1576831E+02      0.0000000E+00
   0.1583642E+02      0.0000000E+00
   0.1590453E+02      0.0000000E+00
   0.1597265E+02      0.0000000E+00
   0.1604076E+02      0.0000000E+00
   0.1610887E+02      0.0000000E+00
   0.1617699E+02      0.0000000E+00
   0.1624510E+02      0.0000000E+00
   0.1631321E+02      0.0000000E+00
   0.1638133E+02      0.0000000E+00
   0.1644944E+02      0.0000000E+00
   0.1651756E+02      0.0000000E+00
   0.1658567E+02      0.0000000E+00
   0.1665378E+02      0.0000000E+00
   0.1672190E+02      0.0000000E+00
   0.1679001E+02      0.0000000E+00
   0.1685812E+02      0.0000000E+00
   0.1692624E+02      0.0000000E+00
   0.1699435E+02      0.0000000E+00
   0.1706246E+02      0.0000000E+00
   0.1713058E+02      0.0000000E+00
   0.1719869E+02      0.0000000E+00
   0.1726681E+02      0.0000000E+00
   0.1733492E+02      0.0000000E+00
   0.1740303E+02      0.0000000E+00
   0.1747115E+02      0.0000000E+00
   0.1753926E+02      0.0000000E+00
   0.1760737E+02      0.0000000E+00
   0.1767549E+02      0.0000000E+00
   0.1774360E+02      0.0000000E+00
   0.1781171E+02      0.0000000E+00
   0.1787983E+02      0.0000000E+00
   0.1794794E+02      0.0000000E+00
   0.1801606E+02      0.0000000E+00
   0.1808417E+02      0.0000000E+00
   0.1815228E+02      0.0000000E+00
   0.1822040E+02      0.0000000E+00
   0.1828851E+02      0.0000000E+00
   0.1835662E+02      0.0000000E+00
   0.1842474E+02      0.0000000E+00
   0.1849285E+02      0.0000000E+00
   0.1856096E+02      0.0000000E+00
   0.1862908E+02      0.0000000E+00
   0.1869719E+02      0.0000000E+00
   0.1876531E+02      0.0000000E+00
   0.1883342E+02      0.0000000E+00
   0.1890153E+02      0.0000000E+00
   0.1896965E+02      0.0000000E+00
   0.1903776E+02      0.0000000E+00
   0.1910587E+02      0.0000000E+00
   0.1917399E+02      0.0000000E+00
   0.1924210E+02      0.0000000E+00
   0.1931021E+02      0.0000000E+00
   0.1937833E+02      0.0000000E+00
   0.1944644E+02      0.0000000E+00
   0.1951456E+02      0.0000000E+00
   0.1958267E+02      0.0000000E+00
   0.1965078E+02      0.0000000E+00
   0.1971890E+02      0.0000000E+00
   0.1978701E+02      0.0000000E+00
   0.1985512E+02      0.0000000E+00
   0.1992324E+02      0.0000000E+00
   0.1999135E+02      0.0000000E+00
   0.2005946E+02      0.0000000E+00
   0.2012758E+02      0.0000000E+00
   0.2019569E+02      0.0000000E+00
   0.2026381E+02      0.0000000E+00
   0.2033192E+02      0.0000000E+00
   0.2040003E+02      0.0000000E+00
   0.2046815E+02      0.0000000E+00
   0.2053626E+02      0.0000000E+00
   0.2060437E+02      0.0000000E+00
   0.2067249E+02      0.0000000E+00
   0.2074060E+02      0.0000000E+00
   0.2080871E+02      0.0000000E+00
   0.2087683E+02      0.0000000E+00
   0.2094494E+02      0.0000000E+00
   0.2101306E+02      0.0000000E+00
   0.2108117E+02      0.0000000E+00
   0.2114928E+02      0.0000000E+00
   0.2121740E+02      0.0000000E+00
   0.2128551E+02      0.0000000E+00
   0.2135362E+02      0.0000000E+00
   0.2142174E+02      0.0000000E+00
   0.2148985E+02      0.0000000E+00
   0.2155796E+02      0.0000000E+00
   0.2162608E+02      0.0000000E+00
   0.2169419E+02      0.0000000E+00
   0.2176231E+02      0.0000000E+00
   0.2183042E+02      0.0000000E+00
   0.2189853E+02      0.0000000E+00
   0.2196665E+02      0.0000000E+00
   0.2203476E+02      0.0000000E+00
   0.2210287E+02      0.0000000E+00
   0.2217099E+02      0.0000000E+00
   0.2223910E+02      0.0000000E+00
   0.2230721E+02      0.0000000E+00
   0.2237533E+02      0.0000000E+00
   0.2244344E+02      0.0000000E+00
   0.2251156E+02      0.0000000E+00
   0.2257967E+02      0.0000000E+00
   0.2264778E+02      0.0000000E+00
   0.2271590E+02      0.0000000E+00
   0.2278401E+02      0.0000000E+00
   0.2285212E+02      0.0000000E+00
   0.2292024E+02      0.0000000E+00
   0.2298835E+02      0.0000000E+00
   0.2305646E+02      0.0000000E+00
   0.2312458E+02      0.0000000E+00
   0.2319269E+02      0.0000000E+00
   0.2326081E+02      0.0000000E+00
   0.2332892E+02      0.0000000E+00
   0.2339703E+02      0.0000000E+00
   0.2346515E+02      0.0000000E+00
   0.2353326E+02      0.0000000E+00
   0.2360137E+02      0.0000000E+00
   0.2366949E+02      0.0000000E+00
   0.2373760E+02      0.0000000E+00
   0.2380571E+02      0.0000000E+00
   0.2387383E+02      0.0000000E+00
   0.2394194E+02      0.0000000E+00
   0.2401006E+02      0.0000000E+00
   0.2407817E+02      0.0000000E+00
   0.2414628E+02      0.0000000E+00
   0.2421440E+02      0.0000000E+00
   0.2428251E+02      0.0000000E+00
   0.2435062E+02      0.0000000E+00
   0.2441874E+02      0.0000000E+00
   0.2448685E+02      0.0000000E+00
   0.2455496E+02      0.0000000E+00
   0.2462308E+02      0.0000000E+00
   0.2469119E+02      0.0000000E+00
   0.2475931E+02      0.0000000E+00
   0.2482742E+02      0.0000000E+00
   0.2489553E+02      0.0000000E+00
   0.2496365E+02      0.0000000E+00
   0.2503176E+02      0.0000000E+00
   0.2509987E+02      0.0000000E+00
   0.2516799E+02      0.0000000E+00
   0.2523610E+02      0.0000000E+00
   0.2530421E+02      0.0000000E+00
   0.2537233E+02      0.0000000E+00
   0.2544044E+02      0.0000000E+00
   0.2550856E+02      0.0000000E+00
   0.2557667E+02      0.0000000E+00
   0.2564478E+02      0.0000000E+00
   0.2571290E+02      0.0000000E+00
   0.2578101E+02      0.0000000E+00
   0.2584912E+02      0.0000000E+00
   0.2591724E+02      0.0000000E+00
   0.2598535E+02      0.0000000E+00
   0.2605346E+02      0.0000000E+00
   0.2612158E+02      0.0000000E+00
   0.2618969E+02      0.0000000E+00
   0.2625781E+02      0.0000000E+00
   0.2632592E+02      0.0000000E+00
   0.2639403E+02      0.0000000E+00
   0.2646215E+02      0.0000000E+00
   0.2653026E+02      0.0000000E+00
   0.2659837E+02      0.0000000E+00
   0.2666649E+02      0.0000000E+00
   0.2673460E+02      0.0000000E+00
   0.2680271E+02      0.0000000E+00
   0.2687083E+02      0.0000000E+00
   0.2693894E+02      0.0000000E+00
   0.2700706E+02      0.0000000E+00
   0.2707517E+02      0.0000000E+00
   0.2714328E+02      0.0000000E+00
   0.2721140E+02      0.0000000E+00
 &
 @autoscale
 @target G1.S2
