rm: cannot remove `modes': No such file or directory
Done.


###############################################################################
TCHPC Cluster: lonsdale
Job 164157 (freq-1.0) for User 'baim' in Account 'hpc_12_00447'
Finished at: Thu Nov  7 19:07:09 GMT 2013

Job completion status:
======================

       JobID    JobName      Account  Partition   NTasks  AllocCPUS  MaxVMSize    Elapsed      State ExitCode 
------------ ---------- ------------ ---------- -------- ---------- ---------- ---------- ---------- -------- 
164157         freq-1.0 hpc_12_00447    compute                   8              00:11:42    RUNNING      0:0 
164157.batch      batch hpc_12_00447                   1          1          0   00:11:42    RUNNING      0:0 


Job details:
============

JobId=164157 Name=freq-1.0
   UserId=baim(5349) GroupId=baim(9152)
   Priority=15471523 Account=hpc_12_00447 QOS=normal
   JobState=COMPLETED Reason=None Dependency=(null)
   Requeue=0 Restarts=0 BatchFlag=1 ExitCode=0:0
   DerivedExitCode=0:0
   RunTime=00:11:42 TimeLimit=04:30:00 TimeMin=N/A
   SubmitTime=2013-11-07T17:21:06 EligibleTime=2013-11-07T17:21:06
   StartTime=2013-11-07T18:55:27 EndTime=2013-11-07T19:07:09
   PreemptTime=None SuspendTime=None SecsPreSuspend=0
   Partition=compute AllocNode:Sid=lonsdale01:2302
   ReqNodeList=(null) ExcNodeList=(null)
   NodeList=lonsdale-n093
   BatchHost=lonsdale-n093
   NumNodes=1 NumCPUs=8 CPUs/Task=1 ReqS:C:T=*:*:*
     Nodes=lonsdale-n093 CPU_IDs=0-7 Mem=15200
   MinCPUsNode=1 MinMemoryCPU=1900M MinTmpDiskNode=0
   Features=(null) Gres=(null) Reservation=(null)
   Shared=0 Contiguous=0 Licenses=(null) Network=(null)
   Command=/home/users/baim/workspace/MD/gold/3d/100/jp/spd/newbasis/bias/h2/1.0/freq/freq.sh
   WorkDir=/home/users/baim/workspace/MD/gold/3d/100/jp/spd/newbasis/bias/h2/1.0/freq


Disk quota details:
===================

Quota Type           Name  Filesystem     Usage in MB     Limit in MB    % Used
-------------------------------------------------------------------------------
USER                 baim       /home          40,652          51,200    79.40%
USER                 baim   /projects             188               0       N/A

GROUP         pi-ssanvito   /projects       6,178,554       6,291,456    98.21%


SLURM Bank Statement:
=====================

User           Usage |        Account     Usage | Account Limit Available (CPU hrs)
---------- --------- + -------------- --------- + ------------- ---------

baim         129,472 |   HPC_12_00447   129,472 |       300,000   170,528
ssanvito           0 |   HPC_12_00447   129,472 |       300,000   170,528


Acknowledgements:
=================

Note that usage of TCHPC Resources *must* be acknowledged in all publications.

Please see this page for details relevant to this cluster:

http://www.tchpc.tcd.ie/resources/acknowledgementpolicy

################################################################################
