cpu-bind=MASK - cn1092, task  0  0 [62250]: mask 0xffffffffffffffff set
--------------------------------------------------------------------------
Open MPI failed an OFI Libfabric library call (fi_domain).  This is highly
unusual; your job may behave unpredictably (and/or abort) after this.

  Local host: cn1096
  Location: mtl_ofi_component.c:928
  Error: No data available (61)
--------------------------------------------------------------------------
--------------------------------------------------------------------------
MPI_ABORT was invoked on rank 0 in communicator MPI_COMM_WORLD
with errorcode 1.

NOTE: invoking MPI_ABORT causes Open MPI to kill all MPI processes.
You may or may not see output from other processes, depending on
exactly when Open MPI kills them.
--------------------------------------------------------------------------
[cn1092.scarf.rl.ac.uk:63264] 239 more processes have sent help message help-mtl-ofi.txt / OFI call fail
[cn1092.scarf.rl.ac.uk:63264] Set MCA parameter "orte_base_help_aggregate" to 0 to see all help / error messages
[cn1092.scarf.rl.ac.uk:63264] 239 more processes have sent help message help-mpi-api.txt / mpi-abort
cp: cannot stat ‘0V-VH_z-0034.dat’: No such file or directory
cp: cannot stat ‘0V-VH_z-0034.dat’: No such file or directory
cp: cannot stat ‘0V-RHO_z-0034.dat’: No such file or directory
cp: cannot stat ‘0V-RHO_z-0034.dat’: No such file or directory
rm: cannot remove ‘*.txt’: No such file or directory
