cpu-bind=MASK - cn1084, task  0  0 [15762]: mask 0xffffffffffffffff set
-1.0999095290E+001
--------------------------------------------------------------------------
Open MPI failed an OFI Libfabric library call (fi_domain).  This is highly
unusual; your job may behave unpredictably (and/or abort) after this.

  Local host: cn1084
  Location: mtl_ofi_component.c:928
  Error: No data available (61)
--------------------------------------------------------------------------
[cn1084.scarf.rl.ac.uk:15803] 239 more processes have sent help message help-mtl-ofi.txt / OFI call fail
[cn1084.scarf.rl.ac.uk:15803] Set MCA parameter "orte_base_help_aggregate" to 0 to see all help / error messages
[1679308699.865201] [cn1084:15890:0]          mpool.c:43   UCX  WARN  object 0x5648c00 was not returned to mpool ucp_requests
[1679308699.865284] [cn1084:15892:0]          mpool.c:43   UCX  WARN  object 0xa3c04c0 was not returned to mpool ucp_requests
[1679308699.865264] [cn1084:15895:0]          mpool.c:43   UCX  WARN  object 0xb15e180 was not returned to mpool ucp_requests
[1679308699.867348] [cn1084:15880:0]          mpool.c:43   UCX  WARN  object 0xb0a8040 was not returned to mpool ucp_requests
[1679308699.867370] [cn1084:15883:0]          mpool.c:43   UCX  WARN  object 0xa841840 was not returned to mpool ucp_requests
[1679308699.867367] [cn1084:15887:0]          mpool.c:43   UCX  WARN  object 0x4e5fc80 was not returned to mpool ucp_requests
[1679308699.867367] [cn1084:15868:0]          mpool.c:43   UCX  WARN  object 0x636df00 was not returned to mpool ucp_requests
[1679308699.867426] [cn1084:15870:0]          mpool.c:43   UCX  WARN  object 0xb7d76c0 was not returned to mpool ucp_requests
[1679308699.867432] [cn1084:15872:0]          mpool.c:43   UCX  WARN  object 0x67e0180 was not returned to mpool ucp_requests
[1679308699.867443] [cn1084:15876:0]          mpool.c:43   UCX  WARN  object 0xc322340 was not returned to mpool ucp_requests
cp: cannot stat ‘0V-VH_z-00.dat’: No such file or directory
cp: cannot stat ‘0V-VH_z-00.dat’: No such file or directory
cp: cannot stat ‘0V-RHO_z-00.dat’: No such file or directory
cp: cannot stat ‘0V-RHO_z-00.dat’: No such file or directory
