cpu-bind=MASK - cn1023, task  0  0 [7747]: mask 0xffffffffffffffff set
-1.0998942658E+001
--------------------------------------------------------------------------
Open MPI failed an OFI Libfabric library call (fi_domain).  This is highly
unusual; your job may behave unpredictably (and/or abort) after this.

  Local host: cn1145
  Location: mtl_ofi_component.c:928
  Error: No data available (61)
--------------------------------------------------------------------------
[cn1023.scarf.rl.ac.uk:07789] 239 more processes have sent help message help-mtl-ofi.txt / OFI call fail
[cn1023.scarf.rl.ac.uk:07789] Set MCA parameter "orte_base_help_aggregate" to 0 to see all help / error messages
[1679319066.844592] [cn1023:7883 :0]          mpool.c:43   UCX  WARN  object 0xbd83ac0 was not returned to mpool ucp_requests
[1679319066.844645] [cn1023:7879 :0]          mpool.c:43   UCX  WARN  object 0xb8f20c0 was not returned to mpool ucp_requests
[1679319066.844700] [cn1023:7875 :0]          mpool.c:43   UCX  WARN  object 0xbf54500 was not returned to mpool ucp_requests
[1679319066.845234] [cn1023:7855 :0]          mpool.c:43   UCX  WARN  object 0xa4f7580 was not returned to mpool ucp_requests
[1679319066.845218] [cn1023:7864 :0]          mpool.c:43   UCX  WARN  object 0x558bac0 was not returned to mpool ucp_requests
[1679319066.845222] [cn1023:7867 :0]          mpool.c:43   UCX  WARN  object 0xa40ab40 was not returned to mpool ucp_requests
[1679319066.845239] [cn1023:7871 :0]          mpool.c:43   UCX  WARN  object 0x6141b00 was not returned to mpool ucp_requests
[1679319066.845249] [cn1023:7872 :0]          mpool.c:43   UCX  WARN  object 0xc0816c0 was not returned to mpool ucp_requests
[1679319066.845250] [cn1023:7860 :0]          mpool.c:43   UCX  WARN  object 0x5ac7040 was not returned to mpool ucp_requests
[1679319066.845253] [cn1023:7861 :0]          mpool.c:43   UCX  WARN  object 0xb1668c0 was not returned to mpool ucp_requests
cp: cannot stat ‘0V-VH_z-00.dat’: No such file or directory
cp: cannot stat ‘0V-VH_z-00.dat’: No such file or directory
cp: cannot stat ‘0V-RHO_z-00.dat’: No such file or directory
cp: cannot stat ‘0V-RHO_z-00.dat’: No such file or directory
