 iscf   Eharris(eV)      E_KS(eV)   FreeEng(eV)    dHmax    dDmax   Ef(eV)
    1      -31.3301      -31.3221      -31.3221   0.01031   0.00000 -4.72443
    2      -31.3295      -31.3294      -31.3294   0.00143   0.00000 -4.84573
    3      -31.3295      -31.3287      -31.3287   0.00044   0.00000 -4.83290
    4      -31.3295      -31.3294      -31.3294   0.00018   0.00000 -4.83398
    5      -31.3295      -31.3294      -31.3294   0.00018   0.00000 -4.83400
    6      -31.3295      -31.3294      -31.3294   0.00017   0.00000 -4.83402
    7      -31.3295      -31.3294      -31.3294   0.00017   0.00000 -4.83404
    8      -31.3295      -31.3294      -31.3294   0.00016   0.00000 -4.83406
    9      -31.3295      -31.3294      -31.3294   0.00016   0.00000 -4.83408
   10      -31.3295      -31.3294      -31.3294   0.00015   0.00000 -4.83410
   11      -31.3295      -31.3294      -31.3294   0.00015   0.00000 -4.83412
   12      -31.3295      -31.3294      -31.3294   0.00015   0.00000 -4.83414
   13      -31.3295      -31.3294      -31.3294   0.00014   0.00000 -4.83416
   14      -31.3295      -31.3294      -31.3294   0.00014   0.00000 -4.83417
   15      -31.3295      -31.3294      -31.3294   0.00013   0.00000 -4.83419
   16      -31.3295      -31.3294      -31.3294   0.00013   0.00000 -4.83421
   17      -31.3295      -31.3294      -31.3294   0.00013   0.00000 -4.83423
   18      -31.3295      -31.3294      -31.3294   0.00012   0.00000 -4.83424
   19      -31.3295      -31.3294      -31.3294   0.00012   0.00000 -4.83426
   20      -31.3295      -31.3294      -31.3294   0.00012   0.00000 -4.83427
   21      -31.3295      -31.3294      -31.3294   0.00011   0.00000 -4.83429
   22      -31.3295      -31.3294      -31.3294   0.00011   0.00000 -4.83430
   23      -31.3295      -31.3294      -31.3294   0.00011   0.00000 -4.83432
   24      -31.3295      -31.3294      -31.3294   0.00010   0.00000 -4.83433
   25      -31.3295      -31.3294      -31.3294   0.00010   0.00000 -4.83435
   26      -31.3295      -31.3294      -31.3294   0.00010   0.00000 -4.83436
   27      -31.3295      -31.3294      -31.3294   0.00010   0.00000 -4.83437
   28      -31.3295      -31.3294      -31.3294   0.00009   0.00000 -4.83439
   29      -31.3295      -31.3294      -31.3294   0.00009   0.00000 -4.83440
   30      -31.3295      -31.3294      -31.3294   0.00009   0.00000 -4.83441
   31      -31.3295      -31.3294      -31.3294   0.00009   0.00000 -4.83442
   32      -31.3295      -31.3294      -31.3294   0.00008   0.00000 -4.83444
   33      -31.3295      -31.3294      -31.3294   0.00008   0.00000 -4.83445
   34      -31.3295      -31.3294      -31.3294   0.00008   0.00000 -4.83446
   35      -31.3295      -31.3294      -31.3294   0.00008   0.00000 -4.83447
   36      -31.3295      -31.3294      -31.3294   0.00007   0.00000 -4.83448
   37      -31.3295      -31.3294      -31.3294   0.00007   0.00000 -4.83449
   38      -31.3295      -31.3294      -31.3294   0.00007   0.00000 -4.83450
   39      -31.3295      -31.3294      -31.3294   0.00007   0.00000 -4.83451
   40      -31.3295      -31.3294      -31.3294   0.00007   0.00000 -4.83452
   41      -31.3295      -31.3294      -31.3294   0.00006   0.00000 -4.83453
   42      -31.3295      -31.3294      -31.3294   0.00006   0.00000 -4.83454
   43      -31.3295      -31.3294      -31.3294   0.00006   0.00000 -4.83455
   44      -31.3295      -31.3294      -31.3294   0.00006   0.00000 -4.83456
   45      -31.3295      -31.3294      -31.3294   0.00006   0.00000 -4.83457
   46      -31.3295      -31.3294      -31.3294   0.00006   0.00000 -4.83458
   47      -31.3295      -31.3294      -31.3294   0.00006   0.00000 -4.83459
   48      -31.3295      -31.3294      -31.3294   0.00005   0.00000 -4.83459
   49      -31.3295      -31.3294      -31.3294   0.00005   0.00000 -4.83460
   50      -31.3295      -31.3294      -31.3294   0.00005   0.00000 -4.83461
   51      -31.3295      -31.3294      -31.3294   0.00005   0.00000 -4.83462
   52      -31.3295      -31.3294      -31.3294   0.00005   0.00000 -4.83463
   53      -31.3295      -31.3294      -31.3294   0.00005   0.00000 -4.83463
   54      -31.3295      -31.3294      -31.3294   0.00005   0.00000 -4.83464
   55      -31.3295      -31.3294      -31.3294   0.00004   0.00000 -4.83465
   56      -31.3295      -31.3294      -31.3294   0.00004   0.00000 -4.83465
   57      -31.3295      -31.3294      -31.3294   0.00004   0.00000 -4.83466
   58      -31.3295      -31.3294      -31.3294   0.00004   0.00000 -4.83467
   59      -31.3295      -31.3294      -31.3294   0.00004   0.00000 -4.83468
   60      -31.3295      -31.3294      -31.3294   0.00004   0.00000 -4.83468
   61      -31.3295      -31.3294      -31.3294   0.00004   0.00000 -4.83469
   62      -31.3295      -31.3294      -31.3294   0.00004   0.00000 -4.83469
   63      -31.3295      -31.3294      -31.3294   0.00004   0.00000 -4.83470
   64      -31.3295      -31.3294      -31.3294   0.00003   0.00000 -4.83471
   65      -31.3295      -31.3294      -31.3294   0.00003   0.00000 -4.83471
   66      -31.3295      -31.3294      -31.3294   0.00003   0.00000 -4.83472
   67      -31.3295      -31.3294      -31.3294   0.00003   0.00000 -4.83472
   68      -31.3295      -31.3294      -31.3294   0.00003   0.00000 -4.83473
   69      -31.3295      -31.3294      -31.3294   0.00003   0.00000 -4.83473
   70      -31.3295      -31.3294      -31.3294   0.00003   0.00000 -4.83474
   71      -31.3295      -31.3294      -31.3294   0.00003   0.00000 -4.83474
   72      -31.3295      -31.3294      -31.3294   0.00003   0.00000 -4.83475
   73      -31.3295      -31.3294      -31.3294   0.00003   0.00000 -4.83475
   74      -31.3295      -31.3294      -31.3294   0.00003   0.00000 -4.83476
   75      -31.3295      -31.3294      -31.3294   0.00003   0.00000 -4.83476
   76      -31.3295      -31.3294      -31.3294   0.00003   0.00000 -4.83477
   77      -31.3295      -31.3294      -31.3294   0.00002   0.00000 -4.83477
   78      -31.3295      -31.3294      -31.3294   0.00002   0.00000 -4.83478
   79      -31.3295      -31.3294      -31.3294   0.00002   0.00000 -4.83478
   80      -31.3295      -31.3294      -31.3294   0.00002   0.00000 -4.83478
   81      -31.3295      -31.3294      -31.3294   0.00002   0.00000 -4.83479
   82      -31.3295      -31.3294      -31.3294   0.00002   0.00000 -4.83479
   83      -31.3295      -31.3294      -31.3294   0.00002   0.00000 -4.83480
   84      -31.3295      -31.3294      -31.3294   0.00002   0.00000 -4.83480
   85      -31.3295      -31.3294      -31.3294   0.00002   0.00000 -4.83480
