cpu-bind=MASK - cn1000, task  0  0 [52609]: mask 0xffffffffffffffff set
--------------------------------------------------------------------------
Open MPI failed an OFI Libfabric library call (fi_domain).  This is highly
unusual; your job may behave unpredictably (and/or abort) after this.

  Local host: cn1016
  Location: mtl_ofi_component.c:928
  Error: No data available (61)
--------------------------------------------------------------------------
[cn1000.scarf.rl.ac.uk:53622] 239 more processes have sent help message help-mtl-ofi.txt / OFI call fail
[cn1000.scarf.rl.ac.uk:53622] Set MCA parameter "orte_base_help_aggregate" to 0 to see all help / error messages
--------------------------------------------------------------------------
Open MPI failed an OFI Libfabric library call (fi_domain).  This is highly
unusual; your job may behave unpredictably (and/or abort) after this.

  Local host: cn1004
  Location: mtl_ofi_component.c:928
  Error: No data available (61)
--------------------------------------------------------------------------
[cn1000.scarf.rl.ac.uk:54619] 239 more processes have sent help message help-mtl-ofi.txt / OFI call fail
[cn1000.scarf.rl.ac.uk:54619] Set MCA parameter "orte_base_help_aggregate" to 0 to see all help / error messages
[1676634967.902973] [cn1001:61768:0]          mpool.c:43   UCX  WARN  object 0x56b7880 was not returned to mpool ucp_requests
[1676634967.902992] [cn1001:61780:0]          mpool.c:43   UCX  WARN  object 0x67c6700 was not returned to mpool ucp_requests
[1676634967.903010] [cn1001:61772:0]          mpool.c:43   UCX  WARN  object 0xc5fde00 was not returned to mpool ucp_requests
[1676634967.903062] [cn1001:61784:0]          mpool.c:43   UCX  WARN  object 0xb26aac0 was not returned to mpool ucp_requests
[1676634967.903077] [cn1001:61790:0]          mpool.c:43   UCX  WARN  object 0xb61cd00 was not returned to mpool ucp_requests
[1676634967.903127] [cn1001:61766:0]          mpool.c:43   UCX  WARN  object 0x6aa1c40 was not returned to mpool ucp_requests
[1676634967.903111] [cn1001:61773:0]          mpool.c:43   UCX  WARN  object 0xb11fc40 was not returned to mpool ucp_requests
[1676634967.903120] [cn1001:61777:0]          mpool.c:43   UCX  WARN  object 0xb8c8f80 was not returned to mpool ucp_requests
[1676634967.903095] [cn1001:61787:0]          mpool.c:43   UCX  WARN  object 0xbde4940 was not returned to mpool ucp_requests
[1676634967.906525] [cn1000:54712:0]          mpool.c:43   UCX  WARN  object 0xc586e00 was not returned to mpool ucp_requests
[1676634967.903165] [cn1001:61764:0]          mpool.c:43   UCX  WARN  object 0xc18c5c0 was not returned to mpool ucp_requests
[1676634967.906629] [cn1000:54713:0]          mpool.c:43   UCX  WARN  object 0x6325b00 was not returned to mpool ucp_requests
[1676634967.906829] [cn1000:54698:0]          mpool.c:43   UCX  WARN  object 0xaf69c80 was not returned to mpool ucp_requests
[1676634967.906848] [cn1000:54690:0]          mpool.c:43   UCX  WARN  object 0xc597580 was not returned to mpool ucp_requests
[1676634967.906866] [cn1000:54695:0]          mpool.c:43   UCX  WARN  object 0x5029c40 was not returned to mpool ucp_requests
[1676634967.906870] [cn1000:54702:0]          mpool.c:43   UCX  WARN  object 0xba90d80 was not returned to mpool ucp_requests
[1676634967.907129] [cn1000:54687:0]          mpool.c:43   UCX  WARN  object 0x5e02900 was not returned to mpool ucp_requests
[1676634967.907196] [cn1000:54708:0]          mpool.c:43   UCX  WARN  object 0x6c00c00 was not returned to mpool ucp_requests
[1676634967.907777] [cn1000:54692:0]          mpool.c:43   UCX  WARN  object 0xb8fe500 was not returned to mpool ucp_requests
[1676634967.907998] [cn1000:54704:0]          mpool.c:43   UCX  WARN  object 0xaab8640 was not returned to mpool ucp_requests
--------------------------------------------------------------------------
Open MPI failed an OFI Libfabric library call (fi_domain).  This is highly
unusual; your job may behave unpredictably (and/or abort) after this.

  Local host: cn1001
  Location: mtl_ofi_component.c:928
  Error: No data available (61)
--------------------------------------------------------------------------
[cn1000.scarf.rl.ac.uk:55231] 239 more processes have sent help message help-mtl-ofi.txt / OFI call fail
[cn1000.scarf.rl.ac.uk:55231] Set MCA parameter "orte_base_help_aggregate" to 0 to see all help / error messages
[1676637427.918952] [cn1001:62386:0]          mpool.c:43   UCX  WARN  object 0xb149540 was not returned to mpool ucp_requests
[1676637427.926380] [cn1000:55300:0]          mpool.c:43   UCX  WARN  object 0xc225240 was not returned to mpool ucp_requests
[1676637427.926374] [cn1000:55302:0]          mpool.c:43   UCX  WARN  object 0x673ae00 was not returned to mpool ucp_requests
[1676637427.926381] [cn1000:55307:0]          mpool.c:43   UCX  WARN  object 0xb127240 was not returned to mpool ucp_requests
[1676637427.926410] [cn1000:55311:0]          mpool.c:43   UCX  WARN  object 0xbd7d300 was not returned to mpool ucp_requests
[1676637427.926407] [cn1000:55314:0]          mpool.c:43   UCX  WARN  object 0x6383d00 was not returned to mpool ucp_requests
[1676637427.918924] [cn1001:62391:0]          mpool.c:43   UCX  WARN  object 0x5a15a80 was not returned to mpool ucp_requests
[1676637427.926502] [cn1000:55315:0]          mpool.c:43   UCX  WARN  object 0xa374b40 was not returned to mpool ucp_requests
[1676637427.926776] [cn1000:55318:0]          mpool.c:43   UCX  WARN  object 0x6597e00 was not returned to mpool ucp_requests
[1676637427.926741] [cn1000:55321:0]          mpool.c:43   UCX  WARN  object 0xac7e8c0 was not returned to mpool ucp_requests
[1676637427.926710] [cn1000:55324:0]          mpool.c:43   UCX  WARN  object 0xc48e100 was not returned to mpool ucp_requests
[1676637427.926810] [cn1000:55298:0]          mpool.c:43   UCX  WARN  object 0xc46cf80 was not returned to mpool ucp_requests
[1676637427.918953] [cn1001:62395:0]          mpool.c:43   UCX  WARN  object 0x6435bc0 was not returned to mpool ucp_requests
[1676637427.918973] [cn1001:62398:0]          mpool.c:43   UCX  WARN  object 0xb9f6bc0 was not returned to mpool ucp_requests
[1676637427.919046] [cn1001:62382:0]          mpool.c:43   UCX  WARN  object 0xb3d1780 was not returned to mpool ucp_requests
[1676637427.919052] [cn1001:62385:0]          mpool.c:43   UCX  WARN  object 0xa788c00 was not returned to mpool ucp_requests
[1676637427.919100] [cn1001:62390:0]          mpool.c:43   UCX  WARN  object 0xae34180 was not returned to mpool ucp_requests
[1676637427.919090] [cn1001:62402:0]          mpool.c:43   UCX  WARN  object 0xb23d280 was not returned to mpool ucp_requests
[1676637427.919107] [cn1001:62404:0]          mpool.c:43   UCX  WARN  object 0x6153b40 was not returned to mpool ucp_requests
[1676637427.919129] [cn1001:62408:0]          mpool.c:43   UCX  WARN  object 0xab17140 was not returned to mpool ucp_requests
cp: cannot stat ‘0V-VH_z-00.dat’: No such file or directory
cp: cannot stat ‘0V-VH_z-00.dat’: No such file or directory
cp: cannot stat ‘0V-RHO_z-00.dat’: No such file or directory
cp: cannot stat ‘0V-RHO_z-00.dat’: No such file or directory
