slurmd[lonsdale-n001]: *** JOB 162292 CANCELLED AT 2013-10-08T16:42:39 DUE TO TIME LIMIT ***
mpirun: killing job...



###############################################################################
TCHPC Cluster: lonsdale
Job 162292 (opt-20.0) for User 'baim' in Account 'hpc_12_00447'
Finished at: Tue Oct  8 16:42:39 IST 2013

Job completion status:
======================

       JobID    JobName      Account  Partition   NTasks  AllocCPUS  MaxVMSize    Elapsed      State ExitCode 
------------ ---------- ------------ ---------- -------- ---------- ---------- ---------- ---------- -------- 
162292         opt-20.0 hpc_12_00447      debug                   8              00:30:02    TIMEOUT      0:1 


Job details:
============

JobId=162292 Name=opt-20.0
   UserId=baim(5349) GroupId=baim(9152)
   Priority=11077480 Account=hpc_12_00447 QOS=normal
   JobState=COMPLETING Reason=TimeLimit Dependency=(null)
   Requeue=0 Restarts=0 BatchFlag=1 ExitCode=0:1
   DerivedExitCode=0:0
   RunTime=00:30:02 TimeLimit=00:30:00 TimeMin=N/A
   SubmitTime=2013-10-08T16:12:24 EligibleTime=2013-10-08T16:12:25
   StartTime=2013-10-08T16:12:37 EndTime=2013-10-08T16:42:39
   PreemptTime=None SuspendTime=None SecsPreSuspend=0
   Partition=debug AllocNode:Sid=lonsdale01:1817
   ReqNodeList=(null) ExcNodeList=(null)
   NodeList=lonsdale-n001
   BatchHost=lonsdale-n001
   NumNodes=1 NumCPUs=8 CPUs/Task=1 ReqS:C:T=*:*:*
     Nodes=lonsdale-n001 CPU_IDs=0-7 Mem=15200
   MinCPUsNode=1 MinMemoryCPU=1900M MinTmpDiskNode=0
   Features=(null) Gres=(null) Reservation=(null)
   Shared=0 Contiguous=0 Licenses=(null) Network=(null)
   Command=/home/users/baim/workspace/MD/gold/3d/100/jp/spd/newbasis/bias/h2/20.0/opt/opt.sh
   WorkDir=/home/users/baim/workspace/MD/gold/3d/100/jp/spd/newbasis/bias/h2/20.0/opt


Disk quota details:
===================

Quota Type           Name  Filesystem     Usage in MB     Limit in MB    % Used
-------------------------------------------------------------------------------
USER                 baim       /home          40,947          51,200    79.97%
USER                 baim   /projects             188               0       N/A

GROUP         pi-ssanvito   /projects       6,132,490       6,291,456    97.47%


SLURM Bank Statement:
=====================

User           Usage |        Account     Usage | Account Limit Available (CPU hrs)
---------- --------- + -------------- --------- + ------------- ---------

baim         129,163 |   HPC_12_00447   129,163 |       300,000   170,837
ssanvito           0 |   HPC_12_00447   129,163 |       300,000   170,837


Acknowledgements:
=================

Note that usage of TCHPC Resources *must* be acknowledged in all publications.

Please see this page for details relevant to this cluster:

http://www.tchpc.tcd.ie/resources/acknowledgementpolicy

################################################################################
