cpu-bind=MASK - cn1000, task  0  0 [18298]: mask 0xffffffffffffffff set
--------------------------------------------------------------------------
Open MPI failed an OFI Libfabric library call (fi_domain).  This is highly
unusual; your job may behave unpredictably (and/or abort) after this.

  Local host: cn1015
  Location: mtl_ofi_component.c:928
  Error: No data available (61)
--------------------------------------------------------------------------
[cn1000.scarf.rl.ac.uk:19713] 239 more processes have sent help message help-mtl-ofi.txt / OFI call fail
[cn1000.scarf.rl.ac.uk:19713] Set MCA parameter "orte_base_help_aggregate" to 0 to see all help / error messages
--------------------------------------------------------------------------
Open MPI failed an OFI Libfabric library call (fi_domain).  This is highly
unusual; your job may behave unpredictably (and/or abort) after this.

  Local host: cn1015
  Location: mtl_ofi_component.c:928
  Error: No data available (61)
--------------------------------------------------------------------------
[cn1000.scarf.rl.ac.uk:20431] 239 more processes have sent help message help-mtl-ofi.txt / OFI call fail
[cn1000.scarf.rl.ac.uk:20431] Set MCA parameter "orte_base_help_aggregate" to 0 to see all help / error messages
[1676646708.716900] [cn1001:25706:0]          mpool.c:43   UCX  WARN  object 0x5f52d40 was not returned to mpool ucp_requests
[1676646708.716996] [cn1001:25697:0]          mpool.c:43   UCX  WARN  object 0xc328700 was not returned to mpool ucp_requests
[1676646708.715816] [cn1000:20499:0]          mpool.c:43   UCX  WARN  object 0xb809c80 was not returned to mpool ucp_requests
[1676646708.716978] [cn1001:25700:0]          mpool.c:43   UCX  WARN  object 0xc17bc80 was not returned to mpool ucp_requests
[1676646708.715914] [cn1000:20503:0]          mpool.c:43   UCX  WARN  object 0xad7e8c0 was not returned to mpool ucp_requests
[1676646708.715934] [cn1000:20507:0]          mpool.c:43   UCX  WARN  object 0xbb33640 was not returned to mpool ucp_requests
[1676646708.716981] [cn1001:25708:0]          mpool.c:43   UCX  WARN  object 0xa8c9f40 was not returned to mpool ucp_requests
[1676646708.717064] [cn1001:25691:0]          mpool.c:43   UCX  WARN  object 0xb071f00 was not returned to mpool ucp_requests
[1676646708.717043] [cn1001:25711:0]          mpool.c:43   UCX  WARN  object 0x5447b40 was not returned to mpool ucp_requests
[1676646708.717045] [cn1001:25714:0]          mpool.c:43   UCX  WARN  object 0xac89500 was not returned to mpool ucp_requests
[1676646708.716020] [cn1000:20504:0]          mpool.c:43   UCX  WARN  object 0x668b240 was not returned to mpool ucp_requests
[1676646708.717130] [cn1001:25685:0]          mpool.c:43   UCX  WARN  object 0xb147000 was not returned to mpool ucp_requests
[1676646708.717124] [cn1001:25688:0]          mpool.c:43   UCX  WARN  object 0x69735c0 was not returned to mpool ucp_requests
[1676646708.717112] [cn1001:25694:0]          mpool.c:43   UCX  WARN  object 0xbf95800 was not returned to mpool ucp_requests
[1676646708.716188] [cn1000:20524:0]          mpool.c:43   UCX  WARN  object 0xadbf080 was not returned to mpool ucp_requests
[1676646708.716314] [cn1000:20510:0]          mpool.c:43   UCX  WARN  object 0xa944fc0 was not returned to mpool ucp_requests
[1676646708.716352] [cn1000:20515:0]          mpool.c:43   UCX  WARN  object 0xb940100 was not returned to mpool ucp_requests
[1676646708.716637] [cn1000:20522:0]          mpool.c:43   UCX  WARN  object 0xab5de40 was not returned to mpool ucp_requests
[1676646708.716697] [cn1000:20518:0]          mpool.c:43   UCX  WARN  object 0x5f735c0 was not returned to mpool ucp_requests
[1676646708.717256] [cn1000:20526:0]          mpool.c:43   UCX  WARN  object 0xc027b80 was not returned to mpool ucp_requests
--------------------------------------------------------------------------
Open MPI failed an OFI Libfabric library call (fi_domain).  This is highly
unusual; your job may behave unpredictably (and/or abort) after this.

  Local host: cn1000
  Location: mtl_ofi_component.c:928
  Error: No data available (61)
--------------------------------------------------------------------------
[cn1000.scarf.rl.ac.uk:21347] [[39598,0],0] ORTE_ERROR_LOG: Data unpack would read past end of buffer in file util/show_help.c at line 501
[cn1000.scarf.rl.ac.uk:21347] 238 more processes have sent help message help-mtl-ofi.txt / OFI call fail
[cn1000.scarf.rl.ac.uk:21347] Set MCA parameter "orte_base_help_aggregate" to 0 to see all help / error messages
[1676661244.887436] [cn1001:26644:0]          mpool.c:43   UCX  WARN  object 0xb0fcb80 was not returned to mpool ucp_requests
[1676661244.886861] [cn1000:21415:0]          mpool.c:43   UCX  WARN  object 0xbb3a540 was not returned to mpool ucp_requests
[1676661244.886876] [cn1000:21418:0]          mpool.c:43   UCX  WARN  object 0xb374f40 was not returned to mpool ucp_requests
[1676661244.886779] [cn1000:21427:0]          mpool.c:43   UCX  WARN  object 0xadf4640 was not returned to mpool ucp_requests
[1676661244.887546] [cn1001:26641:0]          mpool.c:43   UCX  WARN  object 0xc51a380 was not returned to mpool ucp_requests
[1676661244.886954] [cn1000:21420:0]          mpool.c:43   UCX  WARN  object 0x60a9200 was not returned to mpool ucp_requests
[1676661244.886950] [cn1000:21423:0]          mpool.c:43   UCX  WARN  object 0x5b07bc0 was not returned to mpool ucp_requests
[1676661244.886931] [cn1000:21430:0]          mpool.c:43   UCX  WARN  object 0xb442ec0 was not returned to mpool ucp_requests
[1676661244.886937] [cn1000:21433:0]          mpool.c:43   UCX  WARN  object 0x5f43780 was not returned to mpool ucp_requests
[1676661244.886923] [cn1000:21436:0]          mpool.c:43   UCX  WARN  object 0xb9d1400 was not returned to mpool ucp_requests
[1676661244.887028] [cn1000:21439:0]          mpool.c:43   UCX  WARN  object 0xb877800 was not returned to mpool ucp_requests
[1676661244.887028] [cn1000:21441:0]          mpool.c:43   UCX  WARN  object 0x5b1bb40 was not returned to mpool ucp_requests
[1676661244.887557] [cn1001:26659:0]          mpool.c:43   UCX  WARN  object 0xbaf75c0 was not returned to mpool ucp_requests
[1676661244.887633] [cn1001:26639:0]          mpool.c:43   UCX  WARN  object 0xbb617c0 was not returned to mpool ucp_requests
[1676661244.887685] [cn1001:26650:0]          mpool.c:43   UCX  WARN  object 0xb973c80 was not returned to mpool ucp_requests
[1676661244.887717] [cn1001:26648:0]          mpool.c:43   UCX  WARN  object 0xb1e5740 was not returned to mpool ucp_requests
[1676661244.887699] [cn1001:26655:0]          mpool.c:43   UCX  WARN  object 0xc49a180 was not returned to mpool ucp_requests
[1676661244.887743] [cn1001:26662:0]          mpool.c:43   UCX  WARN  object 0xacbc000 was not returned to mpool ucp_requests
[1676661244.887770] [cn1001:26665:0]          mpool.c:43   UCX  WARN  object 0x5d96300 was not returned to mpool ucp_requests
[1676661244.887849] [cn1001:26668:0]          mpool.c:43   UCX  WARN  object 0xc4edec0 was not returned to mpool ucp_requests
cp: cannot stat ‘0V-VH_z-0054.dat’: No such file or directory
cp: cannot stat ‘0V-VH_z-0054.dat’: No such file or directory
cp: cannot stat ‘0V-RHO_z-0054.dat’: No such file or directory
cp: cannot stat ‘0V-RHO_z-0054.dat’: No such file or directory
