 iscf   Eharris(eV)      E_KS(eV)   FreeEng(eV)    dHmax    dDmax   Ef(eV)
    1  -109430.6662  -109578.1460  -109578.1460  0.44013  0.00000 -2.78169
    2  -109432.8784  -109563.2585  -109563.4023  0.33219  0.00000 -2.96126
    3  -109461.3289  -109550.4903  -109550.6706  0.87758  0.00000 -2.32398
    4  -109444.3184  -109528.0014  -109528.1978  0.59756  0.00000 -3.31001
    5  -109442.6626  -109512.4827  -109512.6161  0.54753  0.00000 -3.03651
    6  -109448.5745  -109502.2545  -109502.2761  0.67502  0.00000 -2.96891
    7  -109434.0458  -109503.4875  -109503.5159  0.40799  0.00000 -3.11245
    8  -109432.6904  -109497.2708  -109497.4214  0.38939  0.00000 -3.16350
    9  -109435.4097  -109478.3558  -109478.5006  0.33089  0.00000 -3.36455
   10  -109436.6479  -109463.8174  -109463.9622  0.50745  0.00000 -3.17436
   11  -109459.0419  -109444.7274  -109444.8427  0.75064  0.00000 -3.28164
   12  -109435.8577  -109453.4928  -109453.6343  0.34455  0.00000 -3.24126
   13  -109430.9722  -109451.9596  -109452.0930  0.25276  0.00000 -3.38556
   14  -109432.6215  -109448.3295  -109448.4732  0.25543  0.00000 -3.27723
   15  -109433.0982  -109442.3872  -109442.5314  0.26856  0.00000 -3.27496
   16  -109490.4150  -109422.3583  -109422.5015  1.26953  0.00000 -2.77334
   17  -109429.7155  -109428.5647  -109428.7405  0.21905  0.00000 -3.33746
   18  -109430.5141  -109430.4128  -109430.5546  0.27303  0.00000 -3.48191
   19  -109429.8706  -109431.3973  -109431.5339  0.16585  0.00000 -3.37503
   20  -109434.0000  -109428.9557  -109429.0922  0.31774  0.00000 -3.17527
   21  -109477.6408  -109427.4830  -109427.6319  1.03889  0.00000 -2.95368
   22  -109428.7171  -109428.4075  -109428.4469  0.16330  0.00000 -3.46567
   23  -109430.5676  -109427.2907  -109427.4333  0.26090  0.00000 -3.52617
   24  -109428.7139  -109427.2674  -109427.4086  0.16754  0.00000 -3.45850
   25  -109441.9991  -109423.7992  -109423.9425  0.62521  0.00000 -2.90395
   26  -109463.5341  -109422.1874  -109422.4134  0.84020  0.00000 -3.25369
   27  -109428.6884  -109424.9295  -109425.0303  0.18117  0.00000 -3.45814
   28  -109431.9091  -109425.0294  -109425.1720  0.28540  0.00000 -3.52216
   29  -109428.8251  -109423.8029  -109423.9442  0.19082  0.00000 -3.44363
   30  -109437.2833  -109419.1681  -109419.3107  0.50933  0.00000 -3.03490
   31  -109442.8761  -109418.9720  -109419.1185  0.45447  0.00000 -3.22451
   32  -109431.4157  -109422.0476  -109422.1868  0.27432  0.00000 -3.32470
   33  -109434.6836  -109421.4928  -109421.6370  0.29725  0.00000 -3.53253
   34  -109431.2639  -109420.7552  -109420.8895  0.24811  0.00000 -3.32751
   35  -109446.3154  -109416.6247  -109416.7679  0.72020  0.00000 -2.82930
   36  -109432.3563  -109417.6616  -109417.8631  0.29378  0.00000 -3.29027
   37  -109431.6124  -109419.4808  -109419.6269  0.23447  0.00000 -3.30446
   38  -109435.1111  -109418.1359  -109418.2790  0.30302  0.00000 -3.57528
   39  -109432.4445  -109419.4217  -109419.5647  0.27134  0.00000 -3.25844
   40  -109458.7966  -109421.6024  -109421.7479  0.93402  0.00000 -2.76555
   41  -109430.3005  -109419.6022  -109419.6404  0.17850  0.00000 -3.35649
   42  -109431.0256  -109419.6937  -109419.8264  0.25056  0.00000 -3.30451
   43  -109431.1405  -109420.5000  -109420.6449  0.26680  0.00000 -3.45550
   44  -109429.9255  -109420.6671  -109420.8110  0.21814  0.00000 -3.37529
   45  -109444.0469  -109420.2821  -109420.4231  0.66455  0.00000 -3.00511
   46  -109430.2250  -109421.0553  -109421.1016  0.17011  0.00000 -3.36829
   47  -109429.9967  -109421.0627  -109421.1950  0.19972  0.00000 -3.36734
   48  -109429.6562  -109420.9075  -109421.0474  0.21544  0.00000 -3.44657
   49  -109430.5511  -109421.1244  -109421.2637  0.22838  0.00000 -3.34890
   50  -109452.2393  -109421.2430  -109421.3856  0.77895  0.00000 -3.01159
   51  -109429.8184  -109421.2762  -109421.2797  0.17880  0.00000 -3.38110
   52  -109430.2027  -109421.4121  -109421.5525  0.22475  0.00000 -3.36736
   53  -109429.2446  -109422.1847  -109422.3277  0.16205  0.00000 -3.40692
   54  -109428.9309  -109422.7004  -109422.8394  0.10994  0.00000 -3.40903
   55  -109448.5455  -109423.8581  -109423.9971  0.71241  0.00000 -3.03829
   56  -109429.2171  -109422.6530  -109422.6636  0.18770  0.00000 -3.43725
   57  -109429.0921  -109422.8251  -109422.9681  0.13257  0.00000 -3.40053
   58  -109428.7915  -109423.2076  -109423.3457  0.10724  0.00000 -3.41017
   59  -109428.8951  -109422.9947  -109423.1344  0.11773  0.00000 -3.40831
   60  -109437.4901  -109425.1165  -109425.2555  0.45594  0.00000 -3.02918
   61  -109429.2623  -109424.0088  -109424.2265  0.16312  0.00000 -3.43857
   62  -109428.8036  -109423.5092  -109423.6527  0.11190  0.00000 -3.37354
   63  -109428.9391  -109423.7355  -109423.8776  0.11124  0.00000 -3.37197
   64  -109428.4884  -109424.6822  -109424.8228  0.09917  0.00000 -3.39300
   65  -109437.0789  -109426.3006  -109426.4437  0.47244  0.00000 -3.03930
   66  -109429.0475  -109426.5441  -109426.7183  0.12887  0.00000 -3.39489
   67  -109433.0817  -109424.8238  -109424.9643  0.27131  0.00000 -3.37373
   68  -109428.8121  -109424.8042  -109424.9494  0.13380  0.00000 -3.38234
   69  -109429.0679  -109423.4820  -109423.6218  0.15221  0.00000 -3.32075
   70  -109433.3010  -109424.6931  -109424.8345  0.33070  0.00000 -3.12658
   71  -109429.5733  -109424.4129  -109424.5665  0.17138  0.00000 -3.32970
   72  -109431.1627  -109425.6285  -109425.7675  0.22100  0.00000 -3.29331
   73  -109430.2504  -109424.8433  -109424.9889  0.19249  0.00000 -3.32102
   74  -109430.1408  -109424.8847  -109425.0252  0.18033  0.00000 -3.31289
   75  -109431.4035  -109425.1274  -109425.2694  0.23433  0.00000 -3.24446
   76  -109431.6605  -109425.3720  -109425.5162  0.26401  0.00000 -3.23448
   77  -109446.6071  -109425.1337  -109425.2775  0.61750  0.00000 -3.22605
   78  -109430.6549  -109424.9374  -109425.0094  0.18415  0.00000 -3.30924
   79  -109430.0617  -109424.7664  -109424.9100  0.20750  0.00000 -3.39981
   80  -109431.5172  -109424.4775  -109424.6156  0.28473  0.00000 -3.19036
   81  -109428.8425  -109424.6997  -109424.8042  0.11783  0.00000 -3.43012
   82  -109436.3879  -109424.8423  -109424.9853  0.39409  0.00000 -3.08490
   83  -109428.5523  -109424.8587  -109425.0254  0.08051  0.00000 -3.40287
   84  -109429.6921  -109424.9654  -109425.1079  0.15464  0.00000 -3.34092
   85  -109428.4790  -109425.0286  -109425.1709  0.06979  0.00000 -3.39821
   86  -109428.4817  -109425.2212  -109425.3643  0.07822  0.00000 -3.41669
   87  -109434.1572  -109425.7644  -109425.9077  0.36327  0.00000 -3.09158
   88  -109428.4060  -109425.3627  -109425.5396  0.06392  0.00000 -3.39143
   89  -109429.3010  -109425.1297  -109425.2725  0.12637  0.00000 -3.35872
   90  -109428.3939  -109425.4392  -109425.5820  0.06281  0.00000 -3.39322
   91  -109428.4253  -109425.6268  -109425.7693  0.06162  0.00000 -3.39589
   92  -109431.9100  -109425.7687  -109425.9100  0.29087  0.00000 -3.18992
   93  -109428.6334  -109425.6279  -109425.7716  0.09321  0.00000 -3.38862
   94  -109429.6610  -109426.0257  -109426.1648  0.18785  0.00000 -3.38056
   95  -109428.4991  -109425.9486  -109426.0924  0.08866  0.00000 -3.37076
   96  -109428.9142  -109426.1986  -109426.3398  0.11395  0.00000 -3.35374
   97  -109430.9960  -109426.5088  -109426.6467  0.24013  0.00000 -3.23271
   98  -109428.7398  -109426.1538  -109426.2971  0.10991  0.00000 -3.35851
   99  -109431.3566  -109425.8662  -109426.0038  0.22068  0.00000 -3.30635
  100  -109429.5378  -109426.1399  -109426.2872  0.14484  0.00000 -3.32810
  101  -109429.5873  -109426.2219  -109426.3610  0.14132  0.00000 -3.32557
  102  -109430.2156  -109426.1330  -109426.2730  0.18739  0.00000 -3.28959
  103  -109430.1175  -109426.1269  -109426.2679  0.18529  0.00000 -3.29691
  104  -109439.8736  -109426.3919  -109426.5318  0.46275  0.00000 -3.11019
  105  -109432.5625  -109426.2024  -109426.3365  0.24668  0.00000 -3.39126
  106  -109429.3407  -109426.0581  -109426.2033  0.14018  0.00000 -3.39498
  107  -109430.4562  -109426.1033  -109426.2466  0.17676  0.00000 -3.31178
  108  -109430.0014  -109426.1012  -109426.2446  0.16585  0.00000 -3.34397
  109  -109441.3982  -109426.1383  -109426.2814  0.59386  0.00000 -3.04009
  110  -109429.3204  -109425.9896  -109426.0821  0.13982  0.00000 -3.31858
  111  -109429.8990  -109426.0339  -109426.1719  0.16809  0.00000 -3.37385
  112  -109429.1472  -109425.9748  -109426.1187  0.13586  0.00000 -3.38382
  113  -109428.8866  -109425.9914  -109426.1336  0.10891  0.00000 -3.40132
  114  -109433.7507  -109426.1519  -109426.2951  0.33771  0.00000 -3.11902
  115  -109428.9780  -109426.1120  -109426.2733  0.11069  0.00000 -3.35838
  116  -109428.4850  -109426.1437  -109426.2842  0.06621  0.00000 -3.39596
  117  -109428.5567  -109426.1776  -109426.3209  0.06929  0.00000 -3.39008
  118  -109428.5288  -109426.3045  -109426.4474  0.06392  0.00000 -3.39151
  119  -109431.9330  -109426.7416  -109426.8849  0.27731  0.00000 -3.16668
  120  -109428.4718  -109426.6734  -109426.8229  0.07667  0.00000 -3.40291
  121  -109428.5128  -109426.5488  -109426.6921  0.06836  0.00000 -3.38584
  122  -109428.3614  -109426.8531  -109426.9960  0.04126  0.00000 -3.38472
  123  -109428.3900  -109426.6616  -109426.8047  0.04402  0.00000 -3.38657
  124  -109429.2339  -109427.8437  -109427.9870  0.12058  0.00000 -3.32741
  125  -109428.4825  -109427.1901  -109427.3310  0.06479  0.00000 -3.36411
  126  -109428.4630  -109426.7234  -109426.8656  0.05416  0.00000 -3.37497
  127  -109428.4003  -109426.9325  -109427.0758  0.04002  0.00000 -3.38198
  128  -109428.4378  -109427.1377  -109427.2811  0.05310  0.00000 -3.36771
  129  -109428.5786  -109427.3181  -109427.4612  0.07742  0.00000 -3.36045
  130  -109428.4601  -109427.1423  -109427.2836  0.06044  0.00000 -3.36494
  131  -109428.4683  -109427.1666  -109427.3095  0.06199  0.00000 -3.36423
  132  -109428.4225  -109427.5832  -109427.7261  0.05051  0.00000 -3.38906
  133  -109428.3852  -109427.3789  -109427.5224  0.04346  0.00000 -3.37046
  134  -109428.5046  -109427.6303  -109427.7737  0.06516  0.00000 -3.36711
  135  -109428.3377  -109427.9645  -109428.1052  0.02113  0.00000 -3.37707
  136  -109428.4101  -109428.1662  -109428.3096  0.04314  0.00000 -3.37573
  137  -109428.3324  -109428.3442  -109428.4869  0.02157  0.00000 -3.37747
  138  -109428.3264  -109428.4730  -109428.6161  0.01920  0.00000 -3.37974
  139  -109428.3318  -109428.3693  -109428.5126  0.01798  0.00000 -3.37805
  140  -109428.3185  -109428.5497  -109428.6930  0.01182  0.00000 -3.38102
  141  -109428.3177  -109428.4417  -109428.5851  0.01049  0.00000 -3.38129
  142  -109428.3209  -109428.2818  -109428.4252  0.01331  0.00000 -3.37882
  143  -109428.3123  -109428.3014  -109428.4447  0.00138  0.00000 -3.38049
  144  -109428.3118  -109428.2928  -109428.4362  0.00092  0.00000 -3.38027
  145  -109428.3120  -109428.2954  -109428.4388  0.00082  0.00000 -3.38030
  146  -109428.3121  -109428.2935  -109428.4369  0.00131  0.00000 -3.37999
  147  -109428.3123  -109428.2965  -109428.4399  0.00063  0.00000 -3.38026
  148  -109428.3122  -109428.2993  -109428.4427  0.00263  0.00000 -3.37993
  149  -109428.3120  -109428.2978  -109428.4412  0.00082  0.00000 -3.38014
  150  -109428.3122  -109428.3015  -109428.4449  0.00059  0.00000 -3.38010
  151  -109428.3121  -109428.3005  -109428.4439  0.00048  0.00000 -3.38029
  152  -109428.3120  -109428.3027  -109428.4461  0.00042  0.00000 -3.38012
  153  -109428.3119  -109428.3063  -109428.4497  0.00026  0.00000 -3.38019
  154  -109428.3121  -109428.3054  -109428.4488  0.00054  0.00000 -3.38015
  155  -109428.3121  -109428.3075  -109428.4509  0.00030  0.00000 -3.38016
  156  -109428.3120  -109428.3088  -109428.4522  0.00032  0.00000 -3.38010
  157  -109428.3120  -109428.3070  -109428.4504  0.00030  0.00000 -3.38020
  158  -109428.3120  -109428.3091  -109428.4525  0.00009  0.00000 -3.38016
