
Lmod is automatically replacing "cce/11.0.4" with "gcc/10.2.0".


Lmod is automatically replacing "PrgEnv-cray/8.0.0" with "PrgEnv-gnu/8.0.0".


Due to MODULEPATH changes, the following have been reloaded:
  1) cray-mpich/8.1.4


The following have been reloaded with a version change:
  1) PrgEnv-gnu/8.0.0 => PrgEnv-gnu/8.1.0
  2) cray-libsci/21.04.1.1 => cray-libsci/21.08.1.2
  3) cray-mpich/8.1.4 => cray-mpich/8.1.9
  4) craype/2.7.6 => craype/2.7.10
  5) gcc/10.2.0 => gcc/11.2.0

sed: can't read 3_0V.inp: No such file or directory
sed: can't read 3_0V.inp: No such file or directory
sed: can't read 3_0V.inp: No such file or directory
MPICH ERROR [Rank 0] [job id 3419394.0] [Mon Apr  3 23:12:42 2023] [nid004895] - Abort(1) (rank 0 in comm 0): application called MPI_Abort(MPI_COMM_WORLD, 1) - process 0

aborting job:
application called MPI_Abort(MPI_COMM_WORLD, 1) - process 0
srun: error: nid004895: task 0: Exited with exit code 255
srun: launch/slurm: _step_signal: Terminating StepId=3419394.0
slurmstepd: error: *** STEP 3419394.0 ON nid004895 CANCELLED AT 2023-04-03T23:12:42 ***
srun: error: nid004899: tasks 384-511: Terminated
srun: error: nid004897: tasks 128-255: Terminated
srun: error: nid004898: tasks 256-383: Terminated
srun: error: nid004895: tasks 1-127: Terminated
srun: Force Terminated StepId=3419394.0
srun: Job 3419394 step creation temporarily disabled, retrying (Requested nodes are busy)
srun: Step created for job 3419394
slurmstepd: error: *** STEP 3419394.1 ON nid004895 CANCELLED AT 2023-04-04T23:12:16 DUE TO TIME LIMIT ***
slurmstepd: error: *** JOB 3419394 ON nid004895 CANCELLED AT 2023-04-04T23:12:16 DUE TO TIME LIMIT ***
