Done.


###############################################################################
TCHPC Cluster: lonsdale
Job 164138 (opt-0.2) for User 'baim' in Account 'hpc_12_00447'
Finished at: Thu Nov  7 16:27:36 GMT 2013

Job completion status:
======================

       JobID    JobName      Account  Partition   NTasks  AllocCPUS  MaxVMSize    Elapsed      State ExitCode 
------------ ---------- ------------ ---------- -------- ---------- ---------- ---------- ---------- -------- 
164138          opt-0.2 hpc_12_00447    compute                   8              00:24:21  COMPLETED      0:0 
164138.batch      batch hpc_12_00447                   1          1   2331040K   00:24:21  COMPLETED      0:0 


Job details:
============

JobId=164138 Name=opt-0.2
   UserId=baim(5349) GroupId=baim(9152)
   Priority=15498957 Account=hpc_12_00447 QOS=normal
   JobState=COMPLETED Reason=None Dependency=(null)
   Requeue=0 Restarts=0 BatchFlag=1 ExitCode=0:0
   DerivedExitCode=0:0
   RunTime=00:24:21 TimeLimit=04:30:00 TimeMin=N/A
   SubmitTime=2013-11-07T15:54:07 EligibleTime=2013-11-07T15:54:07
   StartTime=2013-11-07T16:03:15 EndTime=2013-11-07T16:27:36
   PreemptTime=None SuspendTime=None SecsPreSuspend=0
   Partition=compute AllocNode:Sid=lonsdale01:8238
   ReqNodeList=(null) ExcNodeList=(null)
   NodeList=lonsdale-n074
   BatchHost=lonsdale-n074
   NumNodes=1 NumCPUs=8 CPUs/Task=1 ReqS:C:T=*:*:*
     Nodes=lonsdale-n074 CPU_IDs=0-7 Mem=15200
   MinCPUsNode=1 MinMemoryCPU=1900M MinTmpDiskNode=0
   Features=(null) Gres=(null) Reservation=(null)
   Shared=0 Contiguous=0 Licenses=(null) Network=(null)
   Command=/home/users/baim/workspace/MD/gold/3d/100/jp/spd/newbasis/bias/h2/0.2/opt/opt.sh
   WorkDir=/home/users/baim/workspace/MD/gold/3d/100/jp/spd/newbasis/bias/h2/0.2/opt


Disk quota details:
===================

Quota Type           Name  Filesystem     Usage in MB     Limit in MB    % Used
-------------------------------------------------------------------------------
USER                 baim       /home          39,171          51,200    76.51%
USER                 baim   /projects             188               0       N/A

GROUP         pi-ssanvito   /projects       6,178,411       6,291,456    98.20%


SLURM Bank Statement:
=====================

User           Usage |        Account     Usage | Account Limit Available (CPU hrs)
---------- --------- + -------------- --------- + ------------- ---------

baim         129,441 |   HPC_12_00447   129,441 |       300,000   170,559
ssanvito           0 |   HPC_12_00447   129,441 |       300,000   170,559


Acknowledgements:
=================

Note that usage of TCHPC Resources *must* be acknowledged in all publications.

Please see this page for details relevant to this cluster:

http://www.tchpc.tcd.ie/resources/acknowledgementpolicy

################################################################################
