Done.


###############################################################################
TCHPC Cluster: lonsdale
Job 162082 (opt-1.5) for User 'baim' in Account 'hpc_12_00447'
Finished at: Fri Oct  4 18:39:43 IST 2013

Job completion status:
======================

       JobID    JobName      Account  Partition   NTasks  AllocCPUS  MaxVMSize    Elapsed      State ExitCode 
------------ ---------- ------------ ---------- -------- ---------- ---------- ---------- ---------- -------- 
162082          opt-1.5 hpc_12_00447      debug                   8              00:02:39  COMPLETED      0:0 
162082.batch      batch hpc_12_00447                   1          1   3637896K   00:02:39  COMPLETED      0:0 


Job details:
============

JobId=162082 Name=opt-1.5
   UserId=baim(5349) GroupId=baim(9152)
   Priority=10871018 Account=hpc_12_00447 QOS=normal
   JobState=COMPLETED Reason=None Dependency=(null)
   Requeue=0 Restarts=0 BatchFlag=1 ExitCode=0:0
   DerivedExitCode=0:0
   RunTime=00:02:39 TimeLimit=00:30:00 TimeMin=N/A
   SubmitTime=2013-10-04T18:23:50 EligibleTime=2013-10-04T18:23:50
   StartTime=2013-10-04T18:37:04 EndTime=2013-10-04T18:39:43
   PreemptTime=None SuspendTime=None SecsPreSuspend=0
   Partition=debug AllocNode:Sid=lonsdale01:22289
   ReqNodeList=(null) ExcNodeList=(null)
   NodeList=lonsdale-n001
   BatchHost=lonsdale-n001
   NumNodes=1 NumCPUs=8 CPUs/Task=1 ReqS:C:T=*:*:*
     Nodes=lonsdale-n001 CPU_IDs=0-7 Mem=15200
   MinCPUsNode=1 MinMemoryCPU=1900M MinTmpDiskNode=0
   Features=(null) Gres=(null) Reservation=(null)
   Shared=0 Contiguous=0 Licenses=(null) Network=(null)
   Command=/home/users/baim/workspace/MD/gold/3d/100/jp/spd/newbasis/bias/h2/1.5/opt/opt.sh
   WorkDir=/home/users/baim/workspace/MD/gold/3d/100/jp/spd/newbasis/bias/h2/1.5/opt


Disk quota details:
===================

Quota Type           Name  Filesystem     Usage in MB     Limit in MB    % Used
-------------------------------------------------------------------------------
USER                 baim       /home          43,328          51,200    84.63%
USER                 baim   /projects             188               0       N/A

GROUP         pi-ssanvito   /projects       6,127,230       6,291,456    97.39%


SLURM Bank Statement:
=====================

User           Usage |        Account     Usage | Account Limit Available (CPU hrs)
---------- --------- + -------------- --------- + ------------- ---------

baim         128,746 |   HPC_12_00447   128,746 |       300,000   171,254
ssanvito           0 |   HPC_12_00447   128,746 |       300,000   171,254


Acknowledgements:
=================

Note that usage of TCHPC Resources *must* be acknowledged in all publications.

Please see this page for details relevant to this cluster:

http://www.tchpc.tcd.ie/resources/acknowledgementpolicy

################################################################################
