slurmd[lonsdale-n001]: *** JOB 165510 CANCELLED AT 2013-11-29T18:57:59 ***
mpirun: killing job...



###############################################################################
TCHPC Cluster: lonsdale
Job 165510 (coop) for User 'baim' in Account 'hpc_12_00447'
Finished at: Fri Nov 29 18:57:59 GMT 2013

Job completion status:
======================

       JobID    JobName      Account  Partition   NTasks  AllocCPUS  MaxVMSize    Elapsed      State ExitCode 
------------ ---------- ------------ ---------- -------- ---------- ---------- ---------- ---------- -------- 
165510             coop hpc_12_00447      debug                   8              00:01:09 CANCELLED+      0:0 


Job details:
============

JobId=165510 Name=coop
   UserId=baim(5349) GroupId=baim(9152)
   Priority=17937650 Account=hpc_12_00447 QOS=normal
   JobState=COMPLETING Reason=None Dependency=(null)
   Requeue=0 Restarts=0 BatchFlag=1 ExitCode=0:0
   DerivedExitCode=0:0
   RunTime=00:01:09 TimeLimit=00:30:00 TimeMin=N/A
   SubmitTime=2013-11-29T18:56:50 EligibleTime=2013-11-29T18:56:50
   StartTime=2013-11-29T18:56:50 EndTime=2013-11-29T18:57:59
   PreemptTime=None SuspendTime=None SecsPreSuspend=0
   Partition=debug AllocNode:Sid=lonsdale01:7399
   ReqNodeList=(null) ExcNodeList=(null)
   NodeList=lonsdale-n001
   BatchHost=lonsdale-n001
   NumNodes=1 NumCPUs=8 CPUs/Task=1 ReqS:C:T=*:*:*
     Nodes=lonsdale-n001 CPU_IDs=0-7 Mem=15200
   MinCPUsNode=1 MinMemoryCPU=1900M MinTmpDiskNode=0
   Features=(null) Gres=(null) Reservation=(null)
   Shared=0 Contiguous=0 Licenses=(null) Network=(null)
   Command=/home/users/baim/workspace/MD/gold/3d/100/jp/spd/newbasis/bias/h2/0.0/coop/smg/coop.sh
   WorkDir=/home/users/baim/workspace/MD/gold/3d/100/jp/spd/newbasis/bias/h2/0.0/coop/smg


Disk quota details:
===================

Quota Type           Name  Filesystem     Usage in MB     Limit in MB    % Used
-------------------------------------------------------------------------------
USER                 baim       /home          41,307          51,200    80.68%
USER                 baim   /projects             188               0       N/A

GROUP         pi-ssanvito   /projects       6,237,523       6,291,456    99.14%


SLURM Bank Statement:
=====================

User           Usage |        Account     Usage | Account Limit Available (CPU hrs)
---------- --------- + -------------- --------- + ------------- ---------

baim         129,523 |   HPC_12_00447   129,523 |       300,000   170,477
ssanvito           0 |   HPC_12_00447   129,523 |       300,000   170,477


Acknowledgements:
=================

Note that usage of TCHPC Resources *must* be acknowledged in all publications.

Please see this page for details relevant to this cluster:

http://www.tchpc.tcd.ie/resources/acknowledgementpolicy

################################################################################
