 @target G0.S0
 @type xy
  -0.2721140E+02      0.4788996E-32
  -0.2715465E+02      0.9996187E-32
  -0.2709790E+02      0.4845717E-32
  -0.2704115E+02      0.4852635E-32
  -0.2698440E+02      0.3240781E-32
  -0.2692765E+02      0.5354093E-32
  -0.2687090E+02      0.2608031E-32
  -0.2681415E+02      0.3524877E-32
  -0.2675740E+02      0.4772003E-32
  -0.2670065E+02      0.2408546E-32
  -0.2664390E+02      0.8203367E-32
  -0.2658715E+02      0.4411681E-32
  -0.2653040E+02      0.1740106E-32
  -0.2647365E+02      0.4088441E-32
  -0.2641690E+02      0.3746407E-32
  -0.2636015E+02      0.6577195E-32
  -0.2630340E+02      0.2250155E-32
  -0.2624665E+02      0.4352013E-32
  -0.2618990E+02      0.5745706E-32
  -0.2613316E+02      0.3225644E-32
  -0.2607641E+02      0.3640848E-32
  -0.2601966E+02      0.5454526E-32
  -0.2596291E+02      0.4505292E-32
  -0.2590616E+02      0.5254786E-32
  -0.2584941E+02      0.3030994E-32
  -0.2579266E+02      0.6309702E-32
  -0.2573591E+02      0.1535649E-32
  -0.2567916E+02      0.4989713E-32
  -0.2562241E+02      0.6588299E-32
  -0.2556566E+02      0.4479193E-32
  -0.2550891E+02      0.7678562E-32
  -0.2545216E+02      0.6549047E-32
  -0.2539541E+02      0.5290884E-32
  -0.2533866E+02      0.6102747E-32
  -0.2528191E+02      0.5919592E-32
  -0.2522516E+02      0.2706843E-32
  -0.2516841E+02      0.3611734E-32
  -0.2511166E+02      0.5695649E-32
  -0.2505491E+02      0.7703201E-32
  -0.2499816E+02      0.5549056E-32
  -0.2494142E+02      0.4560512E-32
  -0.2488467E+02      0.5836440E-32
  -0.2482792E+02      0.8861263E-32
  -0.2477117E+02      0.8947000E-32
  -0.2471442E+02      0.7900589E-32
  -0.2465767E+02      0.7572276E-32
  -0.2460092E+02      0.3599264E-32
  -0.2454417E+02      0.4049785E-32
  -0.2448742E+02      0.1902300E-32
  -0.2443067E+02      0.8497222E-32
  -0.2437392E+02      0.4357663E-32
  -0.2431717E+02      0.6473607E-32
  -0.2426042E+02      0.4883664E-32
  -0.2420367E+02      0.2584539E-32
  -0.2414692E+02      0.1068816E-31
  -0.2409017E+02      0.3360719E-32
  -0.2403342E+02      0.6129627E-32
  -0.2397667E+02      0.3991835E-32
  -0.2391992E+02      0.6182755E-32
  -0.2386317E+02      0.6984609E-32
  -0.2380642E+02      0.6405827E-32
  -0.2374968E+02      0.3350675E-32
  -0.2369293E+02      0.6212857E-32
  -0.2363618E+02      0.2021870E-32
  -0.2357943E+02      0.2079814E-32
  -0.2352268E+02      0.3302556E-32
  -0.2346593E+02      0.6166256E-32
  -0.2340918E+02      0.6699977E-32
  -0.2335243E+02      0.5934125E-32
  -0.2329568E+02      0.5447188E-32
  -0.2323893E+02      0.9517088E-32
  -0.2318218E+02      0.4253159E-32
  -0.2312543E+02      0.3874810E-32
  -0.2306868E+02      0.5692487E-32
  -0.2301193E+02      0.4398410E-32
  -0.2295518E+02      0.3400418E-32
  -0.2289843E+02      0.6833560E-32
  -0.2284168E+02      0.5792604E-32
  -0.2278493E+02      0.3477614E-32
  -0.2272818E+02      0.2623668E-32
  -0.2267143E+02      0.4547359E-32
  -0.2261468E+02      0.6563070E-32
  -0.2255794E+02      0.7708204E-32
  -0.2250119E+02      0.5409000E-32
  -0.2244444E+02      0.6634459E-32
  -0.2238769E+02      0.1086754E-31
  -0.2233094E+02      0.7964617E-32
  -0.2227419E+02      0.4736657E-32
  -0.2221744E+02      0.1896352E-32
  -0.2216069E+02      0.6004092E-32
  -0.2210394E+02      0.5999734E-32
  -0.2204719E+02      0.1427680E-32
  -0.2199044E+02      0.5318466E-32
  -0.2193369E+02      0.4198875E-32
  -0.2187694E+02      0.5717178E-32
  -0.2182019E+02      0.5797947E-32
  -0.2176344E+02      0.3668204E-32
  -0.2170669E+02      0.8663205E-32
  -0.2164994E+02      0.4402475E-32
  -0.2159319E+02      0.3392526E-32
  -0.2153644E+02      0.4392906E-32
  -0.2147969E+02      0.4115382E-32
  -0.2142294E+02      0.3145443E-32
  -0.2136620E+02      0.5734557E-32
  -0.2130945E+02      0.5419943E-32
  -0.2125270E+02      0.4031868E-32
  -0.2119595E+02      0.2961047E-32
  -0.2113920E+02      0.5526703E-32
  -0.2108245E+02      0.2573511E-32
  -0.2102570E+02      0.4946459E-32
  -0.2096895E+02      0.5587668E-32
  -0.2091220E+02      0.3926073E-32
  -0.2085545E+02      0.5068082E-32
  -0.2079870E+02      0.4592708E-32
  -0.2074195E+02      0.7763340E-32
  -0.2068520E+02      0.4896561E-32
  -0.2062845E+02      0.6084873E-32
  -0.2057170E+02      0.6308247E-32
  -0.2051495E+02      0.6474764E-32
  -0.2045820E+02      0.5467290E-32
  -0.2040145E+02      0.5382937E-32
  -0.2034470E+02      0.3285194E-32
  -0.2028795E+02      0.6141293E-32
  -0.2023120E+02      0.3985251E-32
  -0.2017446E+02      0.1428942E-32
  -0.2011771E+02      0.7496537E-32
  -0.2006096E+02      0.2146880E-32
  -0.2000421E+02      0.3263458E-32
  -0.1994746E+02      0.6660492E-32
  -0.1989071E+02      0.3930440E-32
  -0.1983396E+02      0.4726242E-32
  -0.1977721E+02      0.4659341E-32
  -0.1972046E+02      0.6121399E-32
  -0.1966371E+02      0.2988460E-32
  -0.1960696E+02      0.4835060E-32
  -0.1955021E+02      0.4041324E-32
  -0.1949346E+02      0.4888437E-32
  -0.1943671E+02      0.4805889E-32
  -0.1937996E+02      0.6461207E-32
  -0.1932321E+02      0.5827660E-32
  -0.1926646E+02      0.4705703E-32
  -0.1920971E+02      0.5550487E-32
  -0.1915296E+02      0.7430762E-32
  -0.1909621E+02      0.2884988E-32
  -0.1903946E+02      0.4588016E-32
  -0.1898272E+02      0.3450076E-32
  -0.1892597E+02      0.5879656E-32
  -0.1886922E+02      0.4531389E-32
  -0.1881247E+02      0.5954687E-32
  -0.1875572E+02      0.7922238E-32
  -0.1869897E+02      0.9132510E-32
  -0.1864222E+02      0.5264037E-32
  -0.1858547E+02      0.3896799E-32
  -0.1852872E+02      0.5449057E-32
  -0.1847197E+02      0.4359758E-32
  -0.1841522E+02      0.5386966E-32
  -0.1835847E+02      0.5536972E-32
  -0.1830172E+02      0.4411058E-32
  -0.1824497E+02      0.7296718E-32
  -0.1818822E+02      0.6927997E-32
  -0.1813147E+02      0.8171869E-32
  -0.1807472E+02      0.4302228E-32
  -0.1801797E+02      0.5345821E-32
  -0.1796122E+02      0.6601633E-32
  -0.1790447E+02      0.4724581E-32
  -0.1784772E+02      0.3343832E-32
  -0.1779098E+02      0.2501179E-32
  -0.1773423E+02      0.3862874E-32
  -0.1767748E+02      0.2855855E-31
  -0.1762073E+02      0.8047354E-32
  -0.1756398E+02      0.6681810E-32
  -0.1750723E+02      0.4438472E-32
  -0.1745048E+02      0.2470364E-32
  -0.1739373E+02      0.7422701E-32
  -0.1733698E+02      0.4841447E-32
  -0.1728023E+02      0.4379259E-32
  -0.1722348E+02      0.3043142E-32
  -0.1716673E+02      0.1173933E-32
  -0.1710998E+02      0.8217912E-32
  -0.1705323E+02      0.7251785E-32
  -0.1699648E+02      0.8982532E-32
  -0.1693973E+02      0.4497345E-32
  -0.1688298E+02      0.2968246E-33
  -0.1682623E+02      0.1410264E-31
  -0.1676948E+02      0.1530838E-31
  -0.1671273E+02      0.6689677E-32
  -0.1665598E+02      0.9031988E-32
  -0.1659924E+02      0.2735610E-30
  -0.1654249E+02      0.6413999E-29
  -0.1648574E+02      0.4401817E-30
  -0.1642899E+02      0.2327919E-31
  -0.1637224E+02      0.4326858E-32
  -0.1631549E+02      0.1808918E-31
  -0.1625874E+02      0.1043117E-31
  -0.1620199E+02      0.3392736E-31
  -0.1614524E+02      0.3282226E-31
  -0.1608849E+02      0.9068236E-32
  -0.1603174E+02      0.1026018E-31
  -0.1597499E+02      0.8251441E-32
  -0.1591824E+02      0.3096799E-31
  -0.1586149E+02      0.1210623E-31
  -0.1580474E+02      0.7725186E-32
  -0.1574799E+02      0.1163905E-31
  -0.1569124E+02      0.1078077E-31
  -0.1563449E+02      0.4364113E-31
  -0.1557774E+02      0.2934633E-31
  -0.1552099E+02      0.3273425E-31
  -0.1546424E+02      0.1350551E-31
  -0.1540750E+02      0.4759984E-32
  -0.1535075E+02      0.9394948E-31
  -0.1529400E+02      0.5336189E-30
  -0.1523725E+02      0.8262068E-29
  -0.1518050E+02      0.1618293E-30
  -0.1512375E+02      0.2943821E-30
  -0.1506700E+02      0.6212909E-31
  -0.1501025E+02      0.4897964E-31
  -0.1495350E+02      0.5304846E-31
  -0.1489675E+02      0.2693661E-31
  -0.1484000E+02      0.4641696E-31
  -0.1478325E+02      0.3891190E-31
  -0.1472650E+02      0.1907775E-31
  -0.1466975E+02      0.1206486E-31
  -0.1461300E+02      0.1822587E-31
  -0.1455625E+02      0.2063841E-31
  -0.1449950E+02      0.3117270E-31
  -0.1444275E+02      0.5635096E-31
  -0.1438600E+02      0.3999504E-31
  -0.1432925E+02      0.1276189E-31
  -0.1427250E+02      0.2542992E-31
  -0.1421576E+02      0.5099816E-32
  -0.1415901E+02      0.1348415E-32
  -0.1410226E+02      0.4551214E-31
  -0.1404551E+02      0.3967319E-32
  -0.1398876E+02      0.2708915E-31
  -0.1393201E+02      0.1205751E-30
  -0.1387526E+02      0.6597714E-32
  -0.1381851E+02      0.6765241E-31
  -0.1376176E+02      0.3632314E-31
  -0.1370501E+02      0.2109407E-30
  -0.1364826E+02      0.3646110E-30
  -0.1359151E+02      0.5984851E-31
  -0.1353476E+02      0.4622267E-30
  -0.1347801E+02      0.8905984E-31
  -0.1342126E+02      0.4382762E-26
  -0.1336451E+02      0.1481025E-29
  -0.1330776E+02      0.6400340E-30
  -0.1325101E+02      0.1319886E-30
  -0.1319426E+02      0.2374266E-30
  -0.1313751E+02      0.2130651E-31
  -0.1308077E+02      0.6280453E-31
  -0.1302402E+02      0.1389605E-30
  -0.1296727E+02      0.4246636E-31
  -0.1291052E+02      0.9345952E-32
  -0.1285377E+02      0.9575337E-32
  -0.1279702E+02      0.1565058E-31
  -0.1274027E+02      0.4319539E-31
  -0.1268352E+02      0.4195227E-32
  -0.1262677E+02      0.3225705E-31
  -0.1257002E+02      0.4713583E-32
  -0.1251327E+02      0.7148386E-32
  -0.1245652E+02      0.3282462E-32
  -0.1239977E+02      0.5299767E-32
  -0.1234302E+02      0.2162537E-32
  -0.1228627E+02      0.8337924E-32
  -0.1222952E+02      0.3058703E-32
  -0.1217277E+02      0.5588136E-32
  -0.1211602E+02      0.3559509E-32
  -0.1205927E+02      0.1028698E-32
  -0.1200252E+02      0.2081987E-32
  -0.1194577E+02      0.4631198E-32
  -0.1188903E+02      0.8255100E-32
  -0.1183228E+02      0.5198998E-32
  -0.1177553E+02      0.8047834E-32
  -0.1171878E+02      0.1325729E-31
  -0.1166203E+02      0.1118652E-31
  -0.1160528E+02      0.7842680E-32
  -0.1154853E+02      0.4657763E-32
  -0.1149178E+02      0.1513215E-31
  -0.1143503E+02      0.1274700E-31
  -0.1137828E+02      0.3350104E-31
  -0.1132153E+02      0.4237266E-32
  -0.1126478E+02      0.9699498E-32
  -0.1120803E+02      0.5701734E-31
  -0.1115128E+02      0.1419961E-32
  -0.1109453E+02      0.1139798E-30
  -0.1103778E+02      0.5549569E-32
  -0.1098103E+02      0.1171358E-30
  -0.1092428E+02      0.6959729E-30
  -0.1086753E+02      0.1127214E-30
  -0.1081078E+02      0.1854575E-29
  -0.1075403E+02      0.3360989E-29
  -0.1069729E+02      0.3959503E-27
  -0.1064054E+02      0.1166642E-28
  -0.1058379E+02      0.4799199E-30
  -0.1052704E+02      0.2476976E-29
  -0.1047029E+02      0.1698313E-31
  -0.1041354E+02      0.9772844E-31
  -0.1035679E+02      0.1512012E-30
  -0.1030004E+02      0.2404371E-31
  -0.1024329E+02      0.2749874E-31
  -0.1018654E+02      0.6755613E-32
  -0.1012979E+02      0.1755443E-32
  -0.1007304E+02      0.1903804E-31
  -0.1001629E+02      0.2624609E-31
  -0.9959541E+01      0.7842744E-32
  -0.9902792E+01      0.7554975E-32
  -0.9846042E+01      0.8154848E-32
  -0.9789293E+01      0.4523533E-32
  -0.9732543E+01      0.2795604E-32
  -0.9675794E+01      0.2475094E-32
  -0.9619044E+01      0.7633023E-31
  -0.9562295E+01      0.9615867E-31
  -0.9505545E+01      0.2549766E-31
  -0.9448796E+01      0.4308049E-29
  -0.9392046E+01      0.1945970E-28
  -0.9335297E+01      0.7166225E-29
  -0.9278547E+01      0.1441203E-27
  -0.9221797E+01      0.7608531E-28
  -0.9165048E+01      0.4839773E-29
  -0.9108298E+01      0.3013185E-28
  -0.9051549E+01      0.1857563E-27
  -0.8994799E+01      0.1305612E-26
  -0.8938050E+01      0.1016310E-02
  -0.8881300E+01      0.4757155E-02
  -0.8824551E+01      0.8727178E-02
  -0.8767801E+01      0.1320114E-01
  -0.8711052E+01      0.3546181E-01
  -0.8654302E+01      0.7965947E-01
  -0.8597553E+01      0.1576942E+00
  -0.8540803E+01      0.3035335E+00
  -0.8484054E+01      0.5633507E+00
  -0.8427304E+01      0.9158278E+00
  -0.8370555E+01      0.8818870E+00
  -0.8313805E+01      0.5475369E+00
  -0.8257056E+01      0.3444045E+00
  -0.8200306E+01      0.2323364E+00
  -0.8143557E+01      0.1666253E+00
  -0.8086807E+01      0.1251809E+00
  -0.8030057E+01      0.1070768E+00
  -0.7973308E+01      0.1009826E+00
  -0.7916558E+01      0.1264746E+00
  -0.7859809E+01      0.4880166E+00
  -0.7803059E+01      0.1316239E+00
  -0.7746310E+01      0.8531849E-01
  -0.7689560E+01      0.7147512E-01
  -0.7632811E+01      0.6498893E-01
  -0.7576061E+01      0.6156681E-01
  -0.7519312E+01      0.6007370E-01
  -0.7462562E+01      0.6021750E-01
  -0.7405813E+01      0.6218710E-01
  -0.7349063E+01      0.6694223E-01
  -0.7292314E+01      0.7761315E-01
  -0.7235564E+01      0.1019351E+00
  -0.7178815E+01      0.1508899E+00
  -0.7122065E+01      0.5668478E+00
  -0.7065316E+01      0.7517090E+00
  -0.7008566E+01      0.5221357E+00
  -0.6951817E+01      0.7178486E+00
  -0.6895067E+01      0.6425243E+00
  -0.6838318E+01      0.5598510E+00
  -0.6781568E+01      0.5669788E+00
  -0.6724818E+01      0.7891071E+00
  -0.6668069E+01      0.4914000E+00
  -0.6611319E+01      0.2614929E+00
  -0.6554570E+01      0.1867558E+00
  -0.6497820E+01      0.1658998E+00
  -0.6441071E+01      0.1675543E+00
  -0.6384321E+01      0.1887054E+00
  -0.6327572E+01      0.2939514E+00
  -0.6270822E+01      0.9122652E+00
  -0.6214073E+01      0.6197928E+00
  -0.6157323E+01      0.5136144E+00
  -0.6100574E+01      0.6284742E+00
  -0.6043824E+01      0.6059107E+00
  -0.5987075E+01      0.7593774E+00
  -0.5930325E+01      0.6456526E+00
  -0.5873576E+01      0.4851807E+00
  -0.5816826E+01      0.4664651E+00
  -0.5760077E+01      0.5504085E+00
  -0.5703327E+01      0.9140673E+00
  -0.5646578E+01      0.9751568E+00
  -0.5589828E+01      0.9044284E+00
  -0.5533078E+01      0.1171809E+01
  -0.5476329E+01      0.1080624E+01
  -0.5419579E+01      0.1012352E+01
  -0.5362830E+01      0.1061188E+01
  -0.5306080E+01      0.1367762E+01
  -0.5249331E+01      0.9692014E+00
  -0.5192581E+01      0.1188231E+01
  -0.5135832E+01      0.9219422E+00
  -0.5079082E+01      0.1140975E+01
  -0.5022333E+01      0.1234021E+01
  -0.4965583E+01      0.1029632E+01
  -0.4908834E+01      0.7344092E+00
  -0.4852084E+01      0.9495897E+00
  -0.4795335E+01      0.1159009E+01
  -0.4738585E+01      0.9279448E+00
  -0.4681836E+01      0.8084031E+00
  -0.4625086E+01      0.9341146E+00
  -0.4568337E+01      0.7234592E+00
  -0.4511587E+01      0.3224948E+00
  -0.4454838E+01      0.2817898E+00
  -0.4398088E+01      0.3192471E+00
  -0.4341338E+01      0.2594897E+00
  -0.4284589E+01      0.3838652E+00
  -0.4227839E+01      0.3914842E+00
  -0.4171090E+01      0.5375189E+00
  -0.4114340E+01      0.6377792E+00
  -0.4057591E+01      0.6490894E+00
  -0.4000841E+01      0.6477830E+00
  -0.3944092E+01      0.6173032E+00
  -0.3887342E+01      0.5228062E+00
  -0.3830593E+01      0.4430246E+00
  -0.3773843E+01      0.3963429E+00
  -0.3717094E+01      0.3942673E+00
  -0.3660344E+01      0.3661653E+00
  -0.3603595E+01      0.3356341E+00
  -0.3546845E+01      0.4615906E+00
  -0.3490096E+01      0.7320794E+00
  -0.3433346E+01      0.6913017E+00
  -0.3376597E+01      0.6901622E+00
  -0.3319847E+01      0.6745106E+00
  -0.3263098E+01      0.7457112E+00
  -0.3206348E+01      0.7747368E+00
  -0.3149599E+01      0.8413772E+00
  -0.3092849E+01      0.8158976E+00
  -0.3036099E+01      0.7909162E+00
  -0.2979350E+01      0.8463848E+00
  -0.2922600E+01      0.7416830E+00
  -0.2865851E+01      0.6793267E+00
  -0.2809101E+01      0.6424054E+00
  -0.2752352E+01      0.6439646E+00
  -0.2695602E+01      0.6543329E+00
  -0.2638853E+01      0.6361870E+00
  -0.2582103E+01      0.6782351E+00
  -0.2525354E+01      0.4926728E+00
  -0.2468604E+01      0.5973612E+00
  -0.2411855E+01      0.6478687E+00
  -0.2355105E+01      0.6121522E+00
  -0.2298356E+01      0.6076461E+00
  -0.2241606E+01      0.3674697E+00
  -0.2184857E+01      0.3708941E+00
  -0.2128107E+01      0.2174971E+00
  -0.2071358E+01      0.1845658E+00
  -0.2014608E+01      0.1577190E+00
  -0.1957859E+01      0.1192453E+00
  -0.1901109E+01      0.1316658E+00
  -0.1844359E+01      0.1006812E+00
  -0.1787610E+01      0.1221638E+00
  -0.1730860E+01      0.1320411E+00
  -0.1674111E+01      0.1648931E+00
  -0.1617361E+01      0.2335218E+00
  -0.1560612E+01      0.2782567E+00
  -0.1503862E+01      0.4124933E+00
  -0.1447113E+01      0.4523105E+00
  -0.1390363E+01      0.4947266E+00
  -0.1333614E+01      0.5339681E+00
  -0.1276864E+01      0.5616625E+00
  -0.1220115E+01      0.5585768E+00
  -0.1163365E+01      0.5592695E+00
  -0.1106616E+01      0.5515327E+00
  -0.1049866E+01      0.5473552E+00
  -0.9931166E+00      0.5322841E+00
  -0.9363671E+00      0.5234912E+00
  -0.8796176E+00      0.5138702E+00
  -0.8228681E+00      0.5024823E+00
  -0.7661186E+00      0.4891713E+00
  -0.7093690E+00      0.4736896E+00
  -0.6526195E+00      0.4551769E+00
  -0.5958700E+00      0.4380819E+00
  -0.5391205E+00      0.4161810E+00
  -0.4823709E+00      0.3928087E+00
  -0.4256214E+00      0.3678092E+00
  -0.3688719E+00      0.3370026E+00
  -0.3121224E+00      0.3195565E+00
  -0.2553729E+00      0.2994516E+00
  -0.1986233E+00      0.2785380E+00
  -0.1418738E+00      0.2650330E+00
  -0.8512428E-01      0.2455928E+00
  -0.2837476E-01      0.2297691E+00
   0.2837476E-01      0.2156665E+00
   0.8512428E-01      0.2033509E+00
   0.1418738E+00      0.1943304E+00
   0.1986233E+00      0.1897111E+00
   0.2553729E+00      0.1665106E+00
   0.3121224E+00      0.1649633E+00
   0.3688719E+00      0.1462708E+00
   0.4256214E+00      0.1371213E+00
   0.4823709E+00      0.1305455E+00
   0.5391205E+00      0.1247529E+00
   0.5958700E+00      0.1218259E+00
   0.6526195E+00      0.1186512E+00
   0.7093690E+00      0.1155644E+00
   0.7661186E+00      0.1128756E+00
   0.8228681E+00      0.1132771E+00
   0.8796176E+00      0.1129366E+00
   0.9363671E+00      0.1127341E+00
   0.9931166E+00      0.1125159E+00
   0.1049866E+01      0.1118518E+00
   0.1106616E+01      0.1089766E+00
   0.1163365E+01      0.1058221E+00
   0.1220115E+01      0.1027659E+00
   0.1276864E+01      0.1154629E+00
   0.1333614E+01      0.1304365E+00
   0.1390363E+01      0.1336618E+00
   0.1447113E+01      0.1311955E+00
   0.1503862E+01      0.1292513E+00
   0.1560612E+01      0.1281943E+00
   0.1617361E+01      0.1267916E+00
   0.1674111E+01      0.1187077E+00
   0.1730860E+01      0.1268317E+00
   0.1787610E+01      0.1275054E+00
   0.1844359E+01      0.1290316E+00
   0.1901109E+01      0.1336891E+00
   0.1957859E+01      0.1399376E+00
   0.2014608E+01      0.1469383E+00
   0.2071358E+01      0.1576865E+00
   0.2128107E+01      0.1712314E+00
   0.2184857E+01      0.1926276E+00
   0.2241606E+01      0.2200419E+00
   0.2298356E+01      0.2547269E+00
   0.2355105E+01      0.3026629E+00
   0.2411855E+01      0.3735534E+00
   0.2468604E+01      0.5296126E+00
   0.2525354E+01      0.7422340E+00
   0.2582103E+01      0.8421974E+00
   0.2638853E+01      0.3408313E+00
   0.2695602E+01      0.1883588E+00
   0.2752352E+01      0.1348219E+00
   0.2809101E+01      0.1119430E+00
   0.2865851E+01      0.1056233E+00
   0.2922600E+01      0.1564488E+00
   0.2979350E+01      0.2214074E+00
   0.3036099E+01      0.3670026E+00
   0.3092849E+01      0.4974812E+00
   0.3149599E+01      0.4395406E+00
   0.3206348E+01      0.4849435E+00
   0.3263098E+01      0.5055400E+00
   0.3319847E+01      0.5240487E+00
   0.3376597E+01      0.4976492E+00
   0.3433346E+01      0.5943611E+00
   0.3490096E+01      0.5736538E+00
   0.3546845E+01      0.4665351E+00
   0.3603595E+01      0.4964106E+00
   0.3660344E+01      0.5203805E+00
   0.3717094E+01      0.5322324E+00
   0.3773843E+01      0.5046438E+00
   0.3830593E+01      0.4728539E+00
   0.3887342E+01      0.5075955E+00
   0.3944092E+01      0.4964022E+00
   0.4000841E+01      0.4787791E+00
   0.4057591E+01      0.4523539E+00
   0.4114340E+01      0.4398146E+00
   0.4171090E+01      0.4296250E+00
   0.4227839E+01      0.4154289E+00
   0.4284589E+01      0.3837151E+00
   0.4341338E+01      0.3916607E+00
   0.4398088E+01      0.4164757E+00
   0.4454838E+01      0.4095352E+00
   0.4511587E+01      0.4317415E+00
   0.4568337E+01      0.4600871E+00
   0.4625086E+01      0.5469537E+00
   0.4681836E+01      0.5910542E+00
   0.4738585E+01      0.4958406E+00
   0.4795335E+01      0.4707094E+00
   0.4852084E+01      0.4665566E+00
   0.4908834E+01      0.4969486E+00
   0.4965583E+01      0.5347573E+00
   0.5022333E+01      0.5787163E+00
   0.5079082E+01      0.5755756E+00
   0.5135832E+01      0.7000776E+00
   0.5192581E+01      0.6395216E+00
   0.5249331E+01      0.6120356E+00
   0.5306080E+01      0.5936515E+00
   0.5362830E+01      0.5811896E+00
   0.5419579E+01      0.5728922E+00
   0.5476329E+01      0.5673248E+00
   0.5533078E+01      0.5642393E+00
   0.5589828E+01      0.5659658E+00
   0.5646578E+01      0.5521950E+00
   0.5703327E+01      0.5563742E+00
   0.5760077E+01      0.5666942E+00
   0.5816826E+01      0.5544606E+00
   0.5873576E+01      0.4856946E+00
   0.5930325E+01      0.7245263E+00
   0.5987075E+01      0.6371901E+00
   0.6043824E+01      0.6196092E+00
   0.6100574E+01      0.6526280E+00
   0.6157323E+01      0.7841158E+00
   0.6214073E+01      0.9223273E+00
   0.6270822E+01      0.9172559E+00
   0.6327572E+01      0.9745919E+00
   0.6384321E+01      0.1028496E+01
   0.6441071E+01      0.1053099E+01
   0.6497820E+01      0.1048906E+01
   0.6554570E+01      0.1049996E+01
   0.6611319E+01      0.1019661E+01
   0.6668069E+01      0.9905341E+00
   0.6724818E+01      0.9462534E+00
   0.6781568E+01      0.9143022E+00
   0.6838318E+01      0.8669687E+00
   0.6895067E+01      0.8106586E+00
   0.6951817E+01      0.7529054E+00
   0.7008566E+01      0.6946624E+00
   0.7065316E+01      0.6326814E+00
   0.7122065E+01      0.5686243E+00
   0.7178815E+01      0.5122596E+00
   0.7235564E+01      0.4640508E+00
   0.7292314E+01      0.4133968E+00
   0.7349063E+01      0.4052943E+00
   0.7405813E+01      0.4228646E+00
   0.7462562E+01      0.4766161E+00
   0.7519312E+01      0.5943813E+00
   0.7576061E+01      0.7422433E+00
   0.7632811E+01      0.5770156E+00
   0.7689560E+01      0.5121592E+00
   0.7746310E+01      0.4895819E+00
   0.7803059E+01      0.4932250E+00
   0.7859809E+01      0.5201665E+00
   0.7916558E+01      0.5737025E+00
   0.7973308E+01      0.6756308E+00
   0.8030057E+01      0.7876425E+00
   0.8086807E+01      0.6983553E+00
   0.8143557E+01      0.5646058E+00
   0.8200306E+01      0.4100420E+00
   0.8257056E+01      0.3748848E+00
   0.8313805E+01      0.3706200E+00
   0.8370555E+01      0.4161345E+00
   0.8427304E+01      0.5106770E+00
   0.8484054E+01      0.4633467E+00
   0.8540803E+01      0.4814319E+00
   0.8597553E+01      0.5222579E+00
   0.8654302E+01      0.5589075E+00
   0.8711052E+01      0.6028638E+00
   0.8767801E+01      0.6595554E+00
   0.8824551E+01      0.7199507E+00
   0.8881300E+01      0.7837772E+00
   0.8938050E+01      0.8332841E+00
   0.8994799E+01      0.9285177E+00
   0.9051549E+01      0.1039632E+01
   0.9108298E+01      0.8833799E+00
   0.9165048E+01      0.8702589E+00
   0.9221797E+01      0.9501790E+00
   0.9278547E+01      0.1069219E+01
   0.9335297E+01      0.1203964E+01
   0.9392046E+01      0.1272563E+01
   0.9448796E+01      0.1348689E+01
   0.9505545E+01      0.1439472E+01
   0.9562295E+01      0.1563893E+01
   0.9619044E+01      0.1753073E+01
   0.9675794E+01      0.1936586E+01
   0.9732543E+01      0.2020859E+01
   0.9789293E+01      0.2053795E+01
   0.9846042E+01      0.1928229E+01
   0.9902792E+01      0.1870012E+01
   0.9959541E+01      0.1859773E+01
   0.1001629E+02      0.1922063E+01
   0.1007304E+02      0.2026156E+01
   0.1012979E+02      0.2144444E+01
   0.1018654E+02      0.2282838E+01
   0.1024329E+02      0.2408243E+01
   0.1030004E+02      0.2506836E+01
   0.1035679E+02      0.2560794E+01
   0.1041354E+02      0.2585123E+01
   0.1047029E+02      0.2612744E+01
   0.1052704E+02      0.2651306E+01
   0.1058379E+02      0.2694409E+01
   0.1064054E+02      0.2771465E+01
   0.1069729E+02      0.2808151E+01
   0.1075403E+02      0.3018225E+01
   0.1081078E+02      0.3061159E+01
   0.1086753E+02      0.3132277E+01
   0.1092428E+02      0.3208965E+01
   0.1098103E+02      0.3305044E+01
   0.1103778E+02      0.3436187E+01
   0.1109453E+02      0.3575597E+01
   0.1115128E+02      0.3742813E+01
   0.1120803E+02      0.3838935E+01
   0.1126478E+02      0.3907933E+01
   0.1132153E+02      0.3944504E+01
   0.1137828E+02      0.3875425E+01
   0.1143503E+02      0.4004509E+01
   0.1149178E+02      0.3971963E+01
   0.1154853E+02      0.3936055E+01
   0.1160528E+02      0.3880655E+01
   0.1166203E+02      0.3788495E+01
   0.1171878E+02      0.3548569E+01
   0.1177553E+02      0.3621467E+01
   0.1183228E+02      0.3612947E+01
   0.1188903E+02      0.3625417E+01
   0.1194577E+02      0.3680141E+01
   0.1200252E+02      0.3755556E+01
   0.1205927E+02      0.3812589E+01
   0.1211602E+02      0.3839186E+01
   0.1217277E+02      0.3838981E+01
   0.1222952E+02      0.3816755E+01
   0.1228627E+02      0.3774056E+01
   0.1234302E+02      0.3732423E+01
   0.1239977E+02      0.3660828E+01
   0.1245652E+02      0.3580551E+01
   0.1251327E+02      0.3507742E+01
   0.1257002E+02      0.3429840E+01
   0.1262677E+02      0.3356400E+01
   0.1268352E+02      0.3331277E+01
   0.1274027E+02      0.3335722E+01
   0.1279702E+02      0.3320197E+01
   0.1285377E+02      0.3307088E+01
   0.1291052E+02      0.3298201E+01
   0.1296727E+02      0.3303232E+01
   0.1302402E+02      0.3296198E+01
   0.1308077E+02      0.3287217E+01
   0.1313751E+02      0.3280823E+01
   0.1319426E+02      0.3274912E+01
   0.1325101E+02      0.3272705E+01
   0.1330776E+02      0.3274337E+01
   0.1336451E+02      0.3268971E+01
   0.1342126E+02      0.3264766E+01
   0.1347801E+02      0.3262947E+01
   0.1353476E+02      0.3265024E+01
   0.1359151E+02      0.3272385E+01
   0.1364826E+02      0.3286152E+01
   0.1370501E+02      0.3308740E+01
   0.1376176E+02      0.3333619E+01
   0.1381851E+02      0.3361788E+01
   0.1387526E+02      0.3407528E+01
   0.1393201E+02      0.3481181E+01
   0.1398876E+02      0.3533047E+01
   0.1404551E+02      0.3565723E+01
   0.1410226E+02      0.3592487E+01
   0.1415901E+02      0.3593844E+01
   0.1421576E+02      0.3615877E+01
   0.1427250E+02      0.3631692E+01
   0.1432925E+02      0.3643167E+01
   0.1438600E+02      0.3666012E+01
   0.1444275E+02      0.3657836E+01
   0.1449950E+02      0.3634565E+01
   0.1455625E+02      0.3599065E+01
   0.1461300E+02      0.3554371E+01
   0.1466975E+02      0.3504153E+01
   0.1472650E+02      0.3452750E+01
   0.1478325E+02      0.3405506E+01
   0.1484000E+02      0.3366231E+01
   0.1489675E+02      0.3353730E+01
   0.1495350E+02      0.3360128E+01
   0.1501025E+02      0.3399405E+01
   0.1506700E+02      0.3441758E+01
   0.1512375E+02      0.3328858E+01
   0.1518050E+02      0.3204069E+01
   0.1523725E+02      0.3146303E+01
   0.1529400E+02      0.3134822E+01
   0.1535075E+02      0.3140411E+01
   0.1540750E+02      0.3137777E+01
   0.1546424E+02      0.3133855E+01
   0.1552099E+02      0.3104252E+01
   0.1557774E+02      0.3044909E+01
   0.1563449E+02      0.2968255E+01
   0.1569124E+02      0.2888879E+01
   0.1574799E+02      0.2808693E+01
   0.1580474E+02      0.2748756E+01
   0.1586149E+02      0.2696075E+01
   0.1591824E+02      0.2648820E+01
   0.1597499E+02      0.2604164E+01
   0.1603174E+02      0.2560224E+01
   0.1608849E+02      0.2515965E+01
   0.1614524E+02      0.2471162E+01
   0.1620199E+02      0.2426032E+01
   0.1625874E+02      0.2381727E+01
   0.1631549E+02      0.2338584E+01
   0.1637224E+02      0.2297446E+01
   0.1642899E+02      0.2258856E+01
   0.1648574E+02      0.2223148E+01
   0.1654249E+02      0.2189345E+01
   0.1659924E+02      0.2160992E+01
   0.1665598E+02      0.2116370E+01
   0.1671273E+02      0.2077121E+01
   0.1676948E+02      0.2058114E+01
   0.1682623E+02      0.2065260E+01
   0.1688298E+02      0.2100212E+01
   0.1693973E+02      0.2155576E+01
   0.1699648E+02      0.2212339E+01
   0.1705323E+02      0.2233675E+01
   0.1710998E+02      0.2218647E+01
   0.1716673E+02      0.2170179E+01
   0.1722348E+02      0.2118020E+01
   0.1728023E+02      0.2070926E+01
   0.1733698E+02      0.2036022E+01
   0.1739373E+02      0.2018277E+01
   0.1745048E+02      0.2020304E+01
   0.1750723E+02      0.2042519E+01
   0.1756398E+02      0.2079131E+01
   0.1762073E+02      0.2112422E+01
   0.1767748E+02      0.2121434E+01
   0.1773423E+02      0.2110071E+01
   0.1779098E+02      0.2112938E+01
   0.1784772E+02      0.2175595E+01
   0.1790447E+02      0.2218589E+01
   0.1796122E+02      0.2222969E+01
   0.1801797E+02      0.2191771E+01
   0.1807472E+02      0.2184411E+01
   0.1813147E+02      0.2198749E+01
   0.1818822E+02      0.2230047E+01
   0.1824497E+02      0.2050710E+01
   0.1830172E+02      0.1961017E+01
   0.1835847E+02      0.1947501E+01
   0.1841522E+02      0.1932713E+01
   0.1847197E+02      0.1916495E+01
   0.1852872E+02      0.1901837E+01
   0.1858547E+02      0.1887730E+01
   0.1864222E+02      0.1875483E+01
   0.1869897E+02      0.1867081E+01
   0.1875572E+02      0.1819905E+01
   0.1881247E+02      0.1877189E+01
   0.1886922E+02      0.1893864E+01
   0.1892597E+02      0.1937034E+01
   0.1898272E+02      0.1985605E+01
   0.1903946E+02      0.2041596E+01
   0.1909621E+02      0.2089321E+01
   0.1915296E+02      0.2134246E+01
   0.1920971E+02      0.2165479E+01
   0.1926646E+02      0.2178166E+01
   0.1932321E+02      0.2177150E+01
   0.1937996E+02      0.2159526E+01
   0.1943671E+02      0.2121162E+01
   0.1949346E+02      0.2054045E+01
   0.1955021E+02      0.1986946E+01
   0.1960696E+02      0.1939662E+01
   0.1966371E+02      0.1917311E+01
   0.1972046E+02      0.1905200E+01
   0.1977721E+02      0.1922100E+01
   0.1983396E+02      0.1941301E+01
   0.1989071E+02      0.1963048E+01
   0.1994746E+02      0.1975805E+01
   0.2000421E+02      0.1958759E+01
   0.2006096E+02      0.1913092E+01
   0.2011771E+02      0.1865693E+01
   0.2017446E+02      0.1828708E+01
   0.2023120E+02      0.1805385E+01
   0.2028795E+02      0.1791952E+01
   0.2034470E+02      0.1785530E+01
   0.2040145E+02      0.1785328E+01
   0.2045820E+02      0.1791857E+01
   0.2051495E+02      0.1805454E+01
   0.2057170E+02      0.1825020E+01
   0.2062845E+02      0.1847236E+01
   0.2068520E+02      0.1866446E+01
   0.2074195E+02      0.1875805E+01
   0.2079870E+02      0.1871113E+01
   0.2085545E+02      0.1849266E+01
   0.2091220E+02      0.1837871E+01
   0.2096895E+02      0.1911945E+01
   0.2102570E+02      0.2202468E+01
   0.2108245E+02      0.1758378E+01
   0.2113920E+02      0.1242387E+01
   0.2119595E+02      0.1268260E+01
   0.2125270E+02      0.1203922E+01
   0.2130945E+02      0.1205029E+01
   0.2136620E+02      0.1169787E+01
   0.2142294E+02      0.1173899E+01
   0.2147969E+02      0.1189690E+01
   0.2153644E+02      0.1215606E+01
   0.2159319E+02      0.1249014E+01
   0.2164994E+02      0.1287291E+01
   0.2170669E+02      0.1319901E+01
   0.2176344E+02      0.1362699E+01
   0.2182019E+02      0.1392293E+01
   0.2187694E+02      0.1410929E+01
   0.2193369E+02      0.1415905E+01
   0.2199044E+02      0.1405263E+01
   0.2204719E+02      0.1377768E+01
   0.2210394E+02      0.1334505E+01
   0.2216069E+02      0.1272299E+01
   0.2221744E+02      0.1203516E+01
   0.2227419E+02      0.1134083E+01
   0.2233094E+02      0.1072640E+01
   0.2238769E+02      0.1024780E+01
   0.2244444E+02      0.9928147E+00
   0.2250119E+02      0.9769203E+00
   0.2255794E+02      0.9763851E+00
   0.2261468E+02      0.9903809E+00
   0.2267143E+02      0.1018309E+01
   0.2272818E+02      0.1059918E+01
   0.2278493E+02      0.1115621E+01
   0.2284168E+02      0.1192730E+01
   0.2289843E+02      0.1266555E+01
   0.2295518E+02      0.1341729E+01
   0.2301193E+02      0.1419016E+01
   0.2306868E+02      0.1486637E+01
   0.2312543E+02      0.1544487E+01
   0.2318218E+02      0.1587509E+01
   0.2323893E+02      0.1612824E+01
   0.2329568E+02      0.1619444E+01
   0.2335243E+02      0.1608234E+01
   0.2340918E+02      0.1578484E+01
   0.2346593E+02      0.1532807E+01
   0.2352268E+02      0.1483281E+01
   0.2357943E+02      0.1428672E+01
   0.2363618E+02      0.1361928E+01
   0.2369293E+02      0.1325094E+01
   0.2374968E+02      0.1287404E+01
   0.2380642E+02      0.1258657E+01
   0.2386317E+02      0.1236391E+01
   0.2391992E+02      0.1218805E+01
   0.2397667E+02      0.1204172E+01
   0.2403342E+02      0.1191978E+01
   0.2409017E+02      0.1181994E+01
   0.2414692E+02      0.1174192E+01
   0.2420367E+02      0.1168641E+01
   0.2426042E+02      0.1165636E+01
   0.2431717E+02      0.1162723E+01
   0.2437392E+02      0.1164731E+01
   0.2443067E+02      0.1168323E+01
   0.2448742E+02      0.1174163E+01
   0.2454417E+02      0.1182110E+01
   0.2460092E+02      0.1192701E+01
   0.2465767E+02      0.1206471E+01
   0.2471442E+02      0.1223084E+01
   0.2477117E+02      0.1240515E+01
   0.2482792E+02      0.1262909E+01
   0.2488467E+02      0.1289982E+01
   0.2494142E+02      0.1322681E+01
   0.2499816E+02      0.1362272E+01
   0.2505491E+02      0.1410129E+01
   0.2511166E+02      0.1465824E+01
   0.2516841E+02      0.1462410E+01
   0.2522516E+02      0.1608278E+01
   0.2528191E+02      0.1675303E+01
   0.2533866E+02      0.1753515E+01
   0.2539541E+02      0.1831761E+01
   0.2545216E+02      0.1897972E+01
   0.2550891E+02      0.1949778E+01
   0.2556566E+02      0.1985188E+01
   0.2562241E+02      0.2001837E+01
   0.2567916E+02      0.1999202E+01
   0.2573591E+02      0.1981225E+01
   0.2579266E+02      0.1954496E+01
   0.2584941E+02      0.1925187E+01
   0.2590616E+02      0.1897887E+01
   0.2596291E+02      0.1875676E+01
   0.2601966E+02      0.1860161E+01
   0.2607641E+02      0.1851368E+01
   0.2613316E+02      0.1847775E+01
   0.2618990E+02      0.1846641E+01
   0.2624665E+02      0.1846445E+01
   0.2630340E+02      0.1845538E+01
   0.2636015E+02      0.1843355E+01
   0.2641690E+02      0.1840112E+01
   0.2647365E+02      0.1836435E+01
   0.2653040E+02      0.1833027E+01
   0.2658715E+02      0.1830477E+01
   0.2664390E+02      0.1829171E+01
   0.2670065E+02      0.1829271E+01
   0.2675740E+02      0.1830722E+01
   0.2681415E+02      0.1833257E+01
   0.2687090E+02      0.1836213E+01
   0.2692765E+02      0.1840540E+01
   0.2698440E+02      0.1843309E+01
   0.2704115E+02      0.1844445E+01
   0.2709790E+02      0.1844711E+01
   0.2715465E+02      0.1842816E+01
   0.2721140E+02      0.1839263E+01
 &
 @autoscale
 @target G1.S0
