 iscf   Eharris(eV)      E_KS(eV)   FreeEng(eV)    dHmax    dDmax   Ef(eV)
    1      -31.3299      -31.3219      -31.3219   0.01028   0.00000 -4.72370
    2      -31.3292      -31.3292      -31.3292   0.00135   0.00000 -4.84501
    3      -31.3292      -31.3285      -31.3285   0.00044   0.00000 -4.83219
    4      -31.3292      -31.3292      -31.3292   0.00014   0.00000 -4.83326
    5      -31.3292      -31.3292      -31.3292   0.00014   0.00000 -4.83328
    6      -31.3292      -31.3292      -31.3292   0.00013   0.00000 -4.83330
    7      -31.3292      -31.3292      -31.3292   0.00013   0.00000 -4.83332
    8      -31.3292      -31.3292      -31.3292   0.00013   0.00000 -4.83334
    9      -31.3292      -31.3292      -31.3292   0.00012   0.00000 -4.83336
   10      -31.3292      -31.3292      -31.3292   0.00012   0.00000 -4.83338
   11      -31.3292      -31.3292      -31.3292   0.00012   0.00000 -4.83340
   12      -31.3292      -31.3292      -31.3292   0.00011   0.00000 -4.83342
   13      -31.3292      -31.3292      -31.3292   0.00011   0.00000 -4.83344
   14      -31.3292      -31.3292      -31.3292   0.00011   0.00000 -4.83345
   15      -31.3292      -31.3292      -31.3292   0.00010   0.00000 -4.83347
   16      -31.3292      -31.3292      -31.3292   0.00010   0.00000 -4.83349
   17      -31.3292      -31.3292      -31.3292   0.00010   0.00000 -4.83350
   18      -31.3292      -31.3292      -31.3292   0.00010   0.00000 -4.83352
   19      -31.3292      -31.3292      -31.3292   0.00009   0.00000 -4.83354
   20      -31.3292      -31.3292      -31.3292   0.00009   0.00000 -4.83355
   21      -31.3292      -31.3292      -31.3292   0.00009   0.00000 -4.83357
   22      -31.3292      -31.3292      -31.3292   0.00009   0.00000 -4.83358
   23      -31.3292      -31.3292      -31.3292   0.00008   0.00000 -4.83360
   24      -31.3292      -31.3292      -31.3292   0.00008   0.00000 -4.83361
   25      -31.3292      -31.3292      -31.3292   0.00008   0.00000 -4.83363
   26      -31.3292      -31.3292      -31.3292   0.00008   0.00000 -4.83364
   27      -31.3292      -31.3292      -31.3292   0.00008   0.00000 -4.83365
   28      -31.3292      -31.3292      -31.3292   0.00007   0.00000 -4.83367
   29      -31.3292      -31.3292      -31.3292   0.00007   0.00000 -4.83368
   30      -31.3292      -31.3292      -31.3292   0.00007   0.00000 -4.83369
   31      -31.3292      -31.3292      -31.3292   0.00007   0.00000 -4.83370
   32      -31.3292      -31.3292      -31.3292   0.00007   0.00000 -4.83372
   33      -31.3292      -31.3292      -31.3292   0.00006   0.00000 -4.83373
   34      -31.3292      -31.3292      -31.3292   0.00006   0.00000 -4.83374
   35      -31.3292      -31.3292      -31.3292   0.00006   0.00000 -4.83375
   36      -31.3292      -31.3292      -31.3292   0.00006   0.00000 -4.83376
   37      -31.3292      -31.3292      -31.3292   0.00006   0.00000 -4.83377
   38      -31.3292      -31.3292      -31.3292   0.00006   0.00000 -4.83378
   39      -31.3292      -31.3292      -31.3292   0.00006   0.00000 -4.83379
   40      -31.3292      -31.3292      -31.3292   0.00005   0.00000 -4.83380
   41      -31.3292      -31.3292      -31.3292   0.00005   0.00000 -4.83381
   42      -31.3292      -31.3292      -31.3292   0.00005   0.00000 -4.83382
   43      -31.3292      -31.3292      -31.3292   0.00005   0.00000 -4.83383
   44      -31.3292      -31.3292      -31.3292   0.00005   0.00000 -4.83384
   45      -31.3292      -31.3292      -31.3292   0.00005   0.00000 -4.83385
   46      -31.3292      -31.3292      -31.3292   0.00005   0.00000 -4.83386
   47      -31.3292      -31.3292      -31.3292   0.00004   0.00000 -4.83387
   48      -31.3292      -31.3292      -31.3292   0.00004   0.00000 -4.83387
   49      -31.3292      -31.3292      -31.3292   0.00004   0.00000 -4.83388
   50      -31.3292      -31.3292      -31.3292   0.00004   0.00000 -4.83389
   51      -31.3292      -31.3292      -31.3292   0.00004   0.00000 -4.83390
   52      -31.3292      -31.3292      -31.3292   0.00004   0.00000 -4.83391
   53      -31.3292      -31.3292      -31.3292   0.00004   0.00000 -4.83391
   54      -31.3292      -31.3292      -31.3292   0.00004   0.00000 -4.83392
   55      -31.3292      -31.3292      -31.3292   0.00004   0.00000 -4.83393
   56      -31.3292      -31.3292      -31.3292   0.00004   0.00000 -4.83394
   57      -31.3292      -31.3292      -31.3292   0.00003   0.00000 -4.83394
   58      -31.3292      -31.3292      -31.3292   0.00003   0.00000 -4.83395
   59      -31.3292      -31.3292      -31.3292   0.00003   0.00000 -4.83396
   60      -31.3292      -31.3292      -31.3292   0.00003   0.00000 -4.83396
   61      -31.3292      -31.3292      -31.3292   0.00003   0.00000 -4.83397
   62      -31.3292      -31.3292      -31.3292   0.00003   0.00000 -4.83397
   63      -31.3292      -31.3292      -31.3292   0.00003   0.00000 -4.83398
   64      -31.3292      -31.3292      -31.3292   0.00003   0.00000 -4.83399
   65      -31.3292      -31.3292      -31.3292   0.00003   0.00000 -4.83399
   66      -31.3292      -31.3292      -31.3292   0.00003   0.00000 -4.83400
   67      -31.3292      -31.3292      -31.3292   0.00003   0.00000 -4.83400
   68      -31.3292      -31.3292      -31.3292   0.00003   0.00000 -4.83401
   69      -31.3292      -31.3292      -31.3292   0.00003   0.00000 -4.83401
   70      -31.3292      -31.3292      -31.3292   0.00002   0.00000 -4.83402
   71      -31.3292      -31.3292      -31.3292   0.00002   0.00000 -4.83402
   72      -31.3292      -31.3292      -31.3292   0.00002   0.00000 -4.83403
   73      -31.3292      -31.3292      -31.3292   0.00002   0.00000 -4.83403
   74      -31.3292      -31.3292      -31.3292   0.00002   0.00000 -4.83404
   75      -31.3292      -31.3292      -31.3292   0.00002   0.00000 -4.83404
   76      -31.3292      -31.3292      -31.3292   0.00002   0.00000 -4.83405
   77      -31.3292      -31.3292      -31.3292   0.00002   0.00000 -4.83405
   78      -31.3292      -31.3292      -31.3292   0.00002   0.00000 -4.83406
