cpu-bind=MASK - cn1028, task  0  0 [5870]: mask 0xffffffffffffffff set
--------------------------------------------------------------------------
Open MPI failed an OFI Libfabric library call (fi_domain).  This is highly
unusual; your job may behave unpredictably (and/or abort) after this.

  Local host: cn1039
  Location: mtl_ofi_component.c:928
  Error: No data available (61)
--------------------------------------------------------------------------
[cn1028.scarf.rl.ac.uk:06873] 239 more processes have sent help message help-mtl-ofi.txt / OFI call fail
[cn1028.scarf.rl.ac.uk:06873] Set MCA parameter "orte_base_help_aggregate" to 0 to see all help / error messages
--------------------------------------------------------------------------
Open MPI failed an OFI Libfabric library call (fi_domain).  This is highly
unusual; your job may behave unpredictably (and/or abort) after this.

  Local host: cn1041
  Location: mtl_ofi_component.c:928
  Error: No data available (61)
--------------------------------------------------------------------------
[cn1028.scarf.rl.ac.uk:21476] 239 more processes have sent help message help-mtl-ofi.txt / OFI call fail
[cn1028.scarf.rl.ac.uk:21476] Set MCA parameter "orte_base_help_aggregate" to 0 to see all help / error messages
[1678636767.133553] [cn1035:46804:0]          mpool.c:43   UCX  WARN  object 0x68adc00 was not returned to mpool ucp_requests
[1678636767.120765] [cn1028:21555:0]          mpool.c:43   UCX  WARN  object 0xae51000 was not returned to mpool ucp_requests
[1678636767.121359] [cn1028:21552:0]          mpool.c:43   UCX  WARN  object 0xc1efa40 was not returned to mpool ucp_requests
[1678636767.121444] [cn1028:21564:0]          mpool.c:43   UCX  WARN  object 0x5aebb00 was not returned to mpool ucp_requests
[1678636767.121431] [cn1028:21567:0]          mpool.c:43   UCX  WARN  object 0x5e27e80 was not returned to mpool ucp_requests
[1678636767.121501] [cn1028:21571:0]          mpool.c:43   UCX  WARN  object 0xa7b8180 was not returned to mpool ucp_requests
[1678636767.121507] [cn1028:21551:0]          mpool.c:43   UCX  WARN  object 0xddd75c0 was not returned to mpool ucp_requests
[1678636767.121618] [cn1028:21572:0]          mpool.c:43   UCX  WARN  object 0xa898280 was not returned to mpool ucp_requests
[1678636767.121617] [cn1028:21576:0]          mpool.c:43   UCX  WARN  object 0xb9f0680 was not returned to mpool ucp_requests
[1678636767.121617] [cn1028:21577:0]          mpool.c:43   UCX  WARN  object 0x6d71900 was not returned to mpool ucp_requests
[1678636767.121711] [cn1028:21580:0]          mpool.c:43   UCX  WARN  object 0xa8e6cc0 was not returned to mpool ucp_requests
--------------------------------------------------------------------------
Open MPI failed an OFI Libfabric library call (fi_domain).  This is highly
unusual; your job may behave unpredictably (and/or abort) after this.

  Local host: cn1039
  Location: mtl_ofi_component.c:928
  Error: No data available (61)
--------------------------------------------------------------------------
[cn1028.scarf.rl.ac.uk:22242] 239 more processes have sent help message help-mtl-ofi.txt / OFI call fail
[cn1028.scarf.rl.ac.uk:22242] Set MCA parameter "orte_base_help_aggregate" to 0 to see all help / error messages
[1678639961.424891] [cn1028:22324:0]          mpool.c:43   UCX  WARN  object 0xbe9a3c0 was not returned to mpool ucp_requests
[1678639961.424934] [cn1028:22319:0]          mpool.c:43   UCX  WARN  object 0xab1ec40 was not returned to mpool ucp_requests
[1678639961.424931] [cn1028:22321:0]          mpool.c:43   UCX  WARN  object 0xbc17100 was not returned to mpool ucp_requests
[1678639961.424927] [cn1028:22328:0]          mpool.c:43   UCX  WARN  object 0x5ecc540 was not returned to mpool ucp_requests
[1678639961.424953] [cn1028:22331:0]          mpool.c:43   UCX  WARN  object 0xb1b4300 was not returned to mpool ucp_requests
[1678639961.424941] [cn1028:22312:0]          mpool.c:43   UCX  WARN  object 0xc516f80 was not returned to mpool ucp_requests
[1678639961.424959] [cn1028:22310:0]          mpool.c:43   UCX  WARN  object 0xa79fb40 was not returned to mpool ucp_requests
[1678639961.424984] [cn1028:22316:0]          mpool.c:43   UCX  WARN  object 0xbaa0a40 was not returned to mpool ucp_requests
[1678639961.424989] [cn1028:22333:0]          mpool.c:43   UCX  WARN  object 0xa650f80 was not returned to mpool ucp_requests
[1678639961.424989] [cn1028:22335:0]          mpool.c:43   UCX  WARN  object 0x60cdb40 was not returned to mpool ucp_requests
[1678639961.441491] [cn1035:47573:0]          mpool.c:43   UCX  WARN  object 0xa836300 was not returned to mpool ucp_requests
cp: cannot stat ‘0V-VH_z-0049.dat’: No such file or directory
cp: cannot stat ‘0V-VH_z-0049.dat’: No such file or directory
cp: cannot stat ‘0V-RHO_z-0049.dat’: No such file or directory
cp: cannot stat ‘0V-RHO_z-0049.dat’: No such file or directory
