cpu-bind=MASK - cn1040, task  0  0 [4168]: mask 0xffffffffffffffff set
--------------------------------------------------------------------------
Open MPI failed an OFI Libfabric library call (fi_domain).  This is highly
unusual; your job may behave unpredictably (and/or abort) after this.

  Local host: cn1040
  Location: mtl_ofi_component.c:928
  Error: No data available (61)
--------------------------------------------------------------------------
[cn1040.scarf.rl.ac.uk:05189] 119 more processes have sent help message help-mtl-ofi.txt / OFI call fail
[cn1040.scarf.rl.ac.uk:05189] Set MCA parameter "orte_base_help_aggregate" to 0 to see all help / error messages
--------------------------------------------------------------------------
Open MPI failed an OFI Libfabric library call (fi_domain).  This is highly
unusual; your job may behave unpredictably (and/or abort) after this.

  Local host: cn1042
  Location: mtl_ofi_component.c:928
  Error: No data available (61)
--------------------------------------------------------------------------
[cn1040.scarf.rl.ac.uk:07925] 119 more processes have sent help message help-mtl-ofi.txt / OFI call fail
[cn1040.scarf.rl.ac.uk:07925] Set MCA parameter "orte_base_help_aggregate" to 0 to see all help / error messages
[1679566976.143842] [cn1040:8347 :0]          mpool.c:43   UCX  WARN  object 0x5d43e40 was not returned to mpool ucp_requests
[1679566976.143841] [cn1040:8349 :0]          mpool.c:43   UCX  WARN  object 0xe597e40 was not returned to mpool ucp_requests
[1679566976.143961] [cn1040:8353 :0]          mpool.c:43   UCX  WARN  object 0xd62f580 was not returned to mpool ucp_requests
[1679566976.144125] [cn1040:8289 :0]          mpool.c:43   UCX  WARN  object 0xfa80180 was not returned to mpool ucp_requests
[1679566976.144135] [cn1040:8290 :0]          mpool.c:43   UCX  WARN  object 0xf152180 was not returned to mpool ucp_requests
[1679566976.144116] [cn1040:8291 :0]          mpool.c:43   UCX  WARN  object 0xf134940 was not returned to mpool ucp_requests
[1679566976.144107] [cn1040:8292 :0]          mpool.c:43   UCX  WARN  object 0xe540400 was not returned to mpool ucp_requests
[1679566976.144054] [cn1040:8293 :0]          mpool.c:43   UCX  WARN  object 0xdd62ec0 was not returned to mpool ucp_requests
[1679566976.143961] [cn1040:8294 :0]          mpool.c:43   UCX  WARN  object 0xd7eafc0 was not returned to mpool ucp_requests
[1679566976.143933] [cn1040:8295 :0]          mpool.c:43   UCX  WARN  object 0xe149200 was not returned to mpool ucp_requests
[1679566976.144034] [cn1040:8296 :0]          mpool.c:43   UCX  WARN  object 0xdc76140 was not returned to mpool ucp_requests
[1679566976.144104] [cn1040:8297 :0]          mpool.c:43   UCX  WARN  object 0xde4d980 was not returned to mpool ucp_requests
[1679566976.144106] [cn1040:8302 :0]          mpool.c:43   UCX  WARN  object 0xf4d9700 was not returned to mpool ucp_requests
[1679566976.144117] [cn1040:8309 :0]          mpool.c:43   UCX  WARN  object 0xf01bc40 was not returned to mpool ucp_requests
[1679566976.144093] [cn1040:8322 :0]          mpool.c:43   UCX  WARN  object 0xdb0be40 was not returned to mpool ucp_requests
[1679566976.144133] [cn1040:8340 :0]          mpool.c:43   UCX  WARN  object 0xe82bc00 was not returned to mpool ucp_requests
[1679566976.144152] [cn1040:8340 :0]          mpool.c:43   UCX  WARN  object 0xdb8f540 was not returned to mpool ucp_requests
[1679566976.144137] [cn1040:8343 :0]          mpool.c:43   UCX  WARN  object 0x5334bc0 was not returned to mpool ucp_requests
[1679566976.144011] [cn1040:8352 :0]          mpool.c:43   UCX  WARN  object 0x6a28740 was not returned to mpool ucp_requests
-5.4590543354E+000
--------------------------------------------------------------------------
Open MPI failed an OFI Libfabric library call (fi_domain).  This is highly
unusual; your job may behave unpredictably (and/or abort) after this.

  Local host: cn1040
  Location: mtl_ofi_component.c:928
  Error: No data available (61)
--------------------------------------------------------------------------
[cn1040.scarf.rl.ac.uk:09325] 119 more processes have sent help message help-mtl-ofi.txt / OFI call fail
[cn1040.scarf.rl.ac.uk:09325] Set MCA parameter "orte_base_help_aggregate" to 0 to see all help / error messages
[1679568374.130027] [cn1040:9418 :0]          mpool.c:43   UCX  WARN  object 0x643ae40 was not returned to mpool ucp_requests
[1679568374.130070] [cn1040:9410 :0]          mpool.c:43   UCX  WARN  object 0x5c37280 was not returned to mpool ucp_requests
[1679568374.130125] [cn1040:9414 :0]          mpool.c:43   UCX  WARN  object 0x64ea900 was not returned to mpool ucp_requests
[1679568374.130227] [cn1040:9366 :0]          mpool.c:43   UCX  WARN  object 0x6966a00 was not returned to mpool ucp_requests
[1679568374.130244] [cn1040:9367 :0]          mpool.c:43   UCX  WARN  object 0x53bc980 was not returned to mpool ucp_requests
[1679568374.130222] [cn1040:9373 :0]          mpool.c:43   UCX  WARN  object 0x5ea7e80 was not returned to mpool ucp_requests
[1679568374.130319] [cn1040:9377 :0]          mpool.c:43   UCX  WARN  object 0x6282640 was not returned to mpool ucp_requests
[1679568374.130110] [cn1040:9378 :0]          mpool.c:43   UCX  WARN  object 0x6828f80 was not returned to mpool ucp_requests
[1679568374.130099] [cn1040:9382 :0]          mpool.c:43   UCX  WARN  object 0x5931000 was not returned to mpool ucp_requests
[1679568374.130108] [cn1040:9384 :0]          mpool.c:43   UCX  WARN  object 0x6b7f680 was not returned to mpool ucp_requests
[1679568374.130226] [cn1040:9387 :0]          mpool.c:43   UCX  WARN  object 0x5b62600 was not returned to mpool ucp_requests
[1679568374.130276] [cn1040:9390 :0]          mpool.c:43   UCX  WARN  object 0x4f74e40 was not returned to mpool ucp_requests
[1679568374.130205] [cn1040:9393 :0]          mpool.c:43   UCX  WARN  object 0x530d400 was not returned to mpool ucp_requests
[1679568374.130175] [cn1040:9395 :0]          mpool.c:43   UCX  WARN  object 0x6912a40 was not returned to mpool ucp_requests
[1679568374.130173] [cn1040:9398 :0]          mpool.c:43   UCX  WARN  object 0x6074c00 was not returned to mpool ucp_requests
[1679568374.133307] [cn1040:9401 :0]          mpool.c:43   UCX  WARN  object 0x6253140 was not returned to mpool ucp_requests
[1679568374.133328] [cn1040:9401 :0]          mpool.c:43   UCX  WARN  object 0x6258fc0 was not returned to mpool ucp_requests
[1679568374.130240] [cn1040:9406 :0]          mpool.c:43   UCX  WARN  object 0x5df2640 was not returned to mpool ucp_requests
[1679568374.130098] [cn1040:9408 :0]          mpool.c:43   UCX  WARN  object 0x4e41940 was not returned to mpool ucp_requests
-5.4590543354E+000
--------------------------------------------------------------------------
Open MPI failed an OFI Libfabric library call (fi_domain).  This is highly
unusual; your job may behave unpredictably (and/or abort) after this.

  Local host: cn1041
  Location: mtl_ofi_component.c:928
  Error: No data available (61)
--------------------------------------------------------------------------
[cn1040.scarf.rl.ac.uk:13283] 119 more processes have sent help message help-mtl-ofi.txt / OFI call fail
[cn1040.scarf.rl.ac.uk:13283] Set MCA parameter "orte_base_help_aggregate" to 0 to see all help / error messages
[1679574332.965308] [cn1040:13318:0]          mpool.c:43   UCX  WARN  object 0x530ccc0 was not returned to mpool ucp_requests
[1679574332.965605] [cn1040:13313:0]          mpool.c:43   UCX  WARN  object 0x69d2440 was not returned to mpool ucp_requests
[1679574332.965638] [cn1040:13314:0]          mpool.c:43   UCX  WARN  object 0x628ebc0 was not returned to mpool ucp_requests
[1679574332.965533] [cn1040:13315:0]          mpool.c:43   UCX  WARN  object 0x534cc00 was not returned to mpool ucp_requests
[1679574332.965528] [cn1040:13316:0]          mpool.c:43   UCX  WARN  object 0x59e1d40 was not returned to mpool ucp_requests
[1679574332.965393] [cn1040:13317:0]          mpool.c:43   UCX  WARN  object 0x69cd400 was not returned to mpool ucp_requests
[1679574332.965385] [cn1040:13319:0]          mpool.c:43   UCX  WARN  object 0x5c37640 was not returned to mpool ucp_requests
[1679574332.965391] [cn1040:13320:0]          mpool.c:43   UCX  WARN  object 0x54b3140 was not returned to mpool ucp_requests
[1679574332.965505] [cn1040:13451:0]          mpool.c:43   UCX  WARN  object 0x5b90400 was not returned to mpool ucp_requests
[1679574332.965512] [cn1040:13455:0]          mpool.c:43   UCX  WARN  object 0x57d5f40 was not returned to mpool ucp_requests
[1679574332.965468] [cn1040:13474:0]          mpool.c:43   UCX  WARN  object 0x544b0c0 was not returned to mpool ucp_requests
[1679574332.965603] [cn1040:13482:0]          mpool.c:43   UCX  WARN  object 0x6b32d00 was not returned to mpool ucp_requests
[1679574332.965620] [cn1040:13482:0]          mpool.c:43   UCX  WARN  object 0x6b32ec0 was not returned to mpool ucp_requests
[1679574332.965556] [cn1040:13496:0]          mpool.c:43   UCX  WARN  object 0x6c3b280 was not returned to mpool ucp_requests
[1679574332.965486] [cn1040:13499:0]          mpool.c:43   UCX  WARN  object 0x666ce00 was not returned to mpool ucp_requests
[1679574332.965453] [cn1040:13502:0]          mpool.c:43   UCX  WARN  object 0x6acd2c0 was not returned to mpool ucp_requests
[1679574332.965668] [cn1040:13508:0]          mpool.c:43   UCX  WARN  object 0x65fb300 was not returned to mpool ucp_requests
[1679574332.965994] [cn1040:13505:0]          mpool.c:43   UCX  WARN  object 0x6971040 was not returned to mpool ucp_requests
[1679574332.968186] [cn1040:13450:0]          mpool.c:43   UCX  WARN  object 0x58d0a40 was not returned to mpool ucp_requests
