 iscf   Eharris(eV)      E_KS(eV)   FreeEng(eV)    dHmax    dDmax   Ef(eV)
    1      -31.3299      -31.3219      -31.3219   0.01028   0.00000 -4.72361
    2      -31.3292      -31.3292      -31.3292   0.00134   0.00000 -4.84493
    3      -31.3292      -31.3285      -31.3285   0.00044   0.00000 -4.83211
    4      -31.3292      -31.3292      -31.3292   0.00013   0.00000 -4.83317
    5      -31.3292      -31.3292      -31.3292   0.00013   0.00000 -4.83319
    6      -31.3292      -31.3292      -31.3292   0.00013   0.00000 -4.83322
    7      -31.3292      -31.3292      -31.3292   0.00012   0.00000 -4.83324
    8      -31.3292      -31.3292      -31.3292   0.00012   0.00000 -4.83326
    9      -31.3292      -31.3292      -31.3292   0.00012   0.00000 -4.83328
   10      -31.3292      -31.3292      -31.3292   0.00011   0.00000 -4.83330
   11      -31.3292      -31.3292      -31.3292   0.00011   0.00000 -4.83332
   12      -31.3292      -31.3292      -31.3292   0.00011   0.00000 -4.83333
   13      -31.3292      -31.3292      -31.3292   0.00011   0.00000 -4.83335
   14      -31.3292      -31.3292      -31.3292   0.00010   0.00000 -4.83337
   15      -31.3292      -31.3292      -31.3292   0.00010   0.00000 -4.83339
   16      -31.3292      -31.3292      -31.3292   0.00010   0.00000 -4.83340
   17      -31.3292      -31.3292      -31.3292   0.00010   0.00000 -4.83342
   18      -31.3292      -31.3292      -31.3292   0.00009   0.00000 -4.83344
   19      -31.3292      -31.3292      -31.3292   0.00009   0.00000 -4.83345
   20      -31.3292      -31.3292      -31.3292   0.00009   0.00000 -4.83347
   21      -31.3292      -31.3292      -31.3292   0.00009   0.00000 -4.83348
   22      -31.3292      -31.3292      -31.3292   0.00008   0.00000 -4.83350
   23      -31.3292      -31.3292      -31.3292   0.00008   0.00000 -4.83351
   24      -31.3292      -31.3292      -31.3292   0.00008   0.00000 -4.83353
   25      -31.3292      -31.3292      -31.3292   0.00008   0.00000 -4.83354
   26      -31.3292      -31.3292      -31.3292   0.00008   0.00000 -4.83356
   27      -31.3292      -31.3292      -31.3292   0.00007   0.00000 -4.83357
   28      -31.3292      -31.3292      -31.3292   0.00007   0.00000 -4.83358
   29      -31.3292      -31.3292      -31.3292   0.00007   0.00000 -4.83359
   30      -31.3292      -31.3292      -31.3292   0.00007   0.00000 -4.83361
   31      -31.3292      -31.3292      -31.3292   0.00007   0.00000 -4.83362
   32      -31.3292      -31.3292      -31.3292   0.00006   0.00000 -4.83363
   33      -31.3292      -31.3292      -31.3292   0.00006   0.00000 -4.83364
   34      -31.3292      -31.3292      -31.3292   0.00006   0.00000 -4.83365
   35      -31.3292      -31.3292      -31.3292   0.00006   0.00000 -4.83367
   36      -31.3292      -31.3292      -31.3292   0.00006   0.00000 -4.83368
   37      -31.3292      -31.3292      -31.3292   0.00006   0.00000 -4.83369
   38      -31.3292      -31.3292      -31.3292   0.00005   0.00000 -4.83370
   39      -31.3292      -31.3292      -31.3292   0.00005   0.00000 -4.83371
   40      -31.3292      -31.3292      -31.3292   0.00005   0.00000 -4.83372
   41      -31.3292      -31.3292      -31.3292   0.00005   0.00000 -4.83373
   42      -31.3292      -31.3292      -31.3292   0.00005   0.00000 -4.83374
   43      -31.3292      -31.3292      -31.3292   0.00005   0.00000 -4.83375
   44      -31.3292      -31.3292      -31.3292   0.00005   0.00000 -4.83376
   45      -31.3292      -31.3292      -31.3292   0.00005   0.00000 -4.83377
   46      -31.3292      -31.3292      -31.3292   0.00004   0.00000 -4.83377
   47      -31.3292      -31.3292      -31.3292   0.00004   0.00000 -4.83378
   48      -31.3292      -31.3292      -31.3292   0.00004   0.00000 -4.83379
   49      -31.3292      -31.3292      -31.3292   0.00004   0.00000 -4.83380
   50      -31.3292      -31.3292      -31.3292   0.00004   0.00000 -4.83381
   51      -31.3292      -31.3292      -31.3292   0.00004   0.00000 -4.83381
   52      -31.3292      -31.3292      -31.3292   0.00004   0.00000 -4.83382
   53      -31.3292      -31.3292      -31.3292   0.00004   0.00000 -4.83383
   54      -31.3292      -31.3292      -31.3292   0.00004   0.00000 -4.83384
   55      -31.3292      -31.3292      -31.3292   0.00004   0.00000 -4.83384
   56      -31.3292      -31.3292      -31.3292   0.00003   0.00000 -4.83385
   57      -31.3292      -31.3292      -31.3292   0.00003   0.00000 -4.83386
   58      -31.3292      -31.3292      -31.3292   0.00003   0.00000 -4.83387
   59      -31.3292      -31.3292      -31.3292   0.00003   0.00000 -4.83387
   60      -31.3292      -31.3292      -31.3292   0.00003   0.00000 -4.83388
   61      -31.3292      -31.3292      -31.3292   0.00003   0.00000 -4.83388
   62      -31.3292      -31.3292      -31.3292   0.00003   0.00000 -4.83389
   63      -31.3292      -31.3292      -31.3292   0.00003   0.00000 -4.83390
   64      -31.3292      -31.3292      -31.3292   0.00003   0.00000 -4.83390
   65      -31.3292      -31.3292      -31.3292   0.00003   0.00000 -4.83391
   66      -31.3292      -31.3292      -31.3292   0.00003   0.00000 -4.83391
   67      -31.3292      -31.3292      -31.3292   0.00003   0.00000 -4.83392
   68      -31.3292      -31.3292      -31.3292   0.00003   0.00000 -4.83392
   69      -31.3292      -31.3292      -31.3292   0.00002   0.00000 -4.83393
   70      -31.3292      -31.3292      -31.3292   0.00002   0.00000 -4.83394
   71      -31.3292      -31.3292      -31.3292   0.00002   0.00000 -4.83394
   72      -31.3292      -31.3292      -31.3292   0.00002   0.00000 -4.83395
   73      -31.3292      -31.3292      -31.3292   0.00002   0.00000 -4.83395
   74      -31.3292      -31.3292      -31.3292   0.00002   0.00000 -4.83395
   75      -31.3292      -31.3292      -31.3292   0.00002   0.00000 -4.83396
   76      -31.3292      -31.3292      -31.3292   0.00002   0.00000 -4.83396
   77      -31.3292      -31.3292      -31.3292   0.00002   0.00000 -4.83397
