rm: cannot remove `modes': No such file or directory
Done.


###############################################################################
TCHPC Cluster: lonsdale
Job 164221 (opt-0.01) for User 'baim' in Account 'hpc_12_00447'
Finished at: Sat Nov  9 23:03:54 GMT 2013

Job completion status:
======================

       JobID    JobName      Account  Partition   NTasks  AllocCPUS  MaxVMSize    Elapsed      State ExitCode 
------------ ---------- ------------ ---------- -------- ---------- ---------- ---------- ---------- -------- 
164221         opt-0.01 hpc_12_00447    compute                   8              00:11:03    RUNNING      0:0 
164221.batch      batch hpc_12_00447                   1          1          0   00:11:03    RUNNING      0:0 


Job details:
============

JobId=164221 Name=opt-0.01
   UserId=baim(5349) GroupId=baim(9152)
   Priority=15729758 Account=hpc_12_00447 QOS=normal
   JobState=COMPLETED Reason=None Dependency=(null)
   Requeue=0 Restarts=0 BatchFlag=1 ExitCode=0:0
   DerivedExitCode=0:0
   RunTime=00:11:03 TimeLimit=04:30:00 TimeMin=N/A
   SubmitTime=2013-11-09T22:52:51 EligibleTime=2013-11-09T22:52:51
   StartTime=2013-11-09T22:52:51 EndTime=2013-11-09T23:03:54
   PreemptTime=None SuspendTime=None SecsPreSuspend=0
   Partition=compute AllocNode:Sid=lonsdale01:29643
   ReqNodeList=(null) ExcNodeList=(null)
   NodeList=lonsdale-n097
   BatchHost=lonsdale-n097
   NumNodes=1 NumCPUs=8 CPUs/Task=1 ReqS:C:T=*:*:*
     Nodes=lonsdale-n097 CPU_IDs=0-7 Mem=15200
   MinCPUsNode=1 MinMemoryCPU=1900M MinTmpDiskNode=0
   Features=(null) Gres=(null) Reservation=(null)
   Shared=0 Contiguous=0 Licenses=(null) Network=(null)
   Command=/home/users/baim/workspace/MD/gold/3d/100/jp/spd/newbasis/bias/h2/0.01/freq/opt.sh
   WorkDir=/home/users/baim/workspace/MD/gold/3d/100/jp/spd/newbasis/bias/h2/0.01/freq


Disk quota details:
===================

Quota Type           Name  Filesystem     Usage in MB     Limit in MB    % Used
-------------------------------------------------------------------------------
USER                 baim       /home          41,497          51,200    81.05%
USER                 baim   /projects             188               0       N/A

GROUP         pi-ssanvito   /projects       6,187,105       6,291,456    98.34%


SLURM Bank Statement:
=====================

User           Usage |        Account     Usage | Account Limit Available (CPU hrs)
---------- --------- + -------------- --------- + ------------- ---------

baim         129,487 |   HPC_12_00447   129,487 |       300,000   170,513
ssanvito           0 |   HPC_12_00447   129,487 |       300,000   170,513


Acknowledgements:
=================

Note that usage of TCHPC Resources *must* be acknowledged in all publications.

Please see this page for details relevant to this cluster:

http://www.tchpc.tcd.ie/resources/acknowledgementpolicy

################################################################################
