cpu-bind=MASK - cn1127, task  0  0 [49215]: mask 0xffffffffffffffff set
--------------------------------------------------------------------------
Open MPI failed an OFI Libfabric library call (fi_domain).  This is highly
unusual; your job may behave unpredictably (and/or abort) after this.

  Local host: cn1129
  Location: mtl_ofi_component.c:928
  Error: No data available (61)
--------------------------------------------------------------------------
[cn1127.scarf.rl.ac.uk:50219] 239 more processes have sent help message help-mtl-ofi.txt / OFI call fail
[cn1127.scarf.rl.ac.uk:50219] Set MCA parameter "orte_base_help_aggregate" to 0 to see all help / error messages
--------------------------------------------------------------------------
Open MPI failed an OFI Libfabric library call (fi_domain).  This is highly
unusual; your job may behave unpredictably (and/or abort) after this.

  Local host: cn1136
  Location: mtl_ofi_component.c:928
  Error: No data available (61)
--------------------------------------------------------------------------
[cn1127.scarf.rl.ac.uk:51039] 239 more processes have sent help message help-mtl-ofi.txt / OFI call fail
[cn1127.scarf.rl.ac.uk:51039] Set MCA parameter "orte_base_help_aggregate" to 0 to see all help / error messages
[1679050140.129136] [cn1127:51135:0]          mpool.c:43   UCX  WARN  object 0xb34b200 was not returned to mpool ucp_requests
[1679050140.129224] [cn1127:51126:0]          mpool.c:43   UCX  WARN  object 0xb49be80 was not returned to mpool ucp_requests
[1679050140.129263] [cn1127:51130:0]          mpool.c:43   UCX  WARN  object 0x6ad7ec0 was not returned to mpool ucp_requests
[1679050140.130913] [cn1127:51115:0]          mpool.c:43   UCX  WARN  object 0xa931dc0 was not returned to mpool ucp_requests
[1679050140.130970] [cn1127:51122:0]          mpool.c:43   UCX  WARN  object 0x5983c80 was not returned to mpool ucp_requests
[1679050140.130978] [cn1127:51118:0]          mpool.c:43   UCX  WARN  object 0x58127c0 was not returned to mpool ucp_requests
[1679050140.131056] [cn1127:51105:0]          mpool.c:43   UCX  WARN  object 0xa8f7780 was not returned to mpool ucp_requests
[1679050140.131048] [cn1127:51112:0]          mpool.c:43   UCX  WARN  object 0x6c2d180 was not returned to mpool ucp_requests
[1679050140.131075] [cn1127:51111:0]          mpool.c:43   UCX  WARN  object 0xc252080 was not returned to mpool ucp_requests
[1679050140.131088] [cn1127:51108:0]          mpool.c:43   UCX  WARN  object 0xc248a40 was not returned to mpool ucp_requests
-1.0998942658E+001
--------------------------------------------------------------------------
Open MPI failed an OFI Libfabric library call (fi_domain).  This is highly
unusual; your job may behave unpredictably (and/or abort) after this.

  Local host: cn1129
  Location: mtl_ofi_component.c:928
  Error: No data available (61)
--------------------------------------------------------------------------
[cn1127.scarf.rl.ac.uk:51682] 239 more processes have sent help message help-mtl-ofi.txt / OFI call fail
[cn1127.scarf.rl.ac.uk:51682] Set MCA parameter "orte_base_help_aggregate" to 0 to see all help / error messages
[1679052942.286377] [cn1127:51771:0]          mpool.c:43   UCX  WARN  object 0xab29a40 was not returned to mpool ucp_requests
[1679052942.286610] [cn1127:51774:0]          mpool.c:43   UCX  WARN  object 0xa1b1100 was not returned to mpool ucp_requests
[1679052942.286618] [cn1127:51777:0]          mpool.c:43   UCX  WARN  object 0xbab3dc0 was not returned to mpool ucp_requests
[1679052942.286921] [cn1127:51758:0]          mpool.c:43   UCX  WARN  object 0x69d7b00 was not returned to mpool ucp_requests
[1679052942.286933] [cn1127:51760:0]          mpool.c:43   UCX  WARN  object 0x623e980 was not returned to mpool ucp_requests
[1679052942.286925] [cn1127:51754:0]          mpool.c:43   UCX  WARN  object 0xa4f5a40 was not returned to mpool ucp_requests
[1679052942.286949] [cn1127:51752:0]          mpool.c:43   UCX  WARN  object 0x551e4c0 was not returned to mpool ucp_requests
[1679052942.287013] [cn1127:51765:0]          mpool.c:43   UCX  WARN  object 0x53edec0 was not returned to mpool ucp_requests
[1679052942.286971] [cn1127:51768:0]          mpool.c:43   UCX  WARN  object 0xa99edc0 was not returned to mpool ucp_requests
[1679052942.287036] [cn1127:51755:0]          mpool.c:43   UCX  WARN  object 0xbe28d40 was not returned to mpool ucp_requests
cp: cannot stat ‘0V-VH_z-0042.dat’: No such file or directory
cp: cannot stat ‘0V-VH_z-0042.dat’: No such file or directory
cp: cannot stat ‘0V-RHO_z-0042.dat’: No such file or directory
cp: cannot stat ‘0V-RHO_z-0042.dat’: No such file or directory
