--------------------------------------------------------------------------
MPI_ABORT was invoked on rank 1 in communicator MPI_COMM_WORLD 
with errorcode 1.

NOTE: invoking MPI_ABORT causes Open MPI to kill all MPI processes.
You may or may not see output from other processes, depending on
exactly when Open MPI kills them.
--------------------------------------------------------------------------
forrtl: error (78): process killed (SIGTERM)
Image              PC                Routine            Line        Source             
smeagol-1.2        000000000049AE51  Unknown               Unknown  Unknown
smeagol-1.2        00000000004854BC  Unknown               Unknown  Unknown
smeagol-1.2        0000000000827B7D  Unknown               Unknown  Unknown
smeagol-1.2        000000000043627C  Unknown               Unknown  Unknown
libc.so.6          0000003C3C41D994  Unknown               Unknown  Unknown
smeagol-1.2        0000000000436189  Unknown               Unknown  Unknown
--------------------------------------------------------------------------
mpirun has exited due to process rank 1 with PID 7687 on
node lonsdale-n027.cluster exiting improperly. There are two reasons this could occur:

1. this process did not call "init" before exiting, but others in
the job did. This can cause a job to hang indefinitely while it waits
for all processes to call "init". By rule, if one process calls "init",
then ALL processes must call "init" prior to termination.

2. this process called "init", but exited without calling "finalize".
By rule, all processes that call "init" MUST call "finalize" prior to
exiting or it will be considered an "abnormal termination"

This may have caused other processes in the application to be
terminated by signals sent by mpirun (as reported here).
--------------------------------------------------------------------------
[lonsdale-n027.cluster:07685] 2 more processes have sent help message help-mpi-api.txt / mpi-abort
[lonsdale-n027.cluster:07685] Set MCA parameter "orte_base_help_aggregate" to 0 to see all help / error messages
Done.


###############################################################################
TCHPC Cluster: lonsdale
Job 164099 (opt-0.0) for User 'baim' in Account 'hpc_12_00447'
Finished at: Thu Nov  7 12:00:08 GMT 2013

Job completion status:
======================

       JobID    JobName      Account  Partition   NTasks  AllocCPUS  MaxVMSize    Elapsed      State ExitCode 
------------ ---------- ------------ ---------- -------- ---------- ---------- ---------- ---------- -------- 
164099          opt-0.0 hpc_12_00447    compute                   8              00:00:05    RUNNING      0:0 
164099.batch      batch hpc_12_00447                   1          1          0   00:00:05    RUNNING      0:0 


Job details:
============

JobId=164099 Name=opt-0.0
   UserId=baim(5349) GroupId=baim(9152)
   Priority=15505898 Account=hpc_12_00447 QOS=normal
   JobState=COMPLETED Reason=None Dependency=(null)
   Requeue=0 Restarts=0 BatchFlag=1 ExitCode=0:0
   DerivedExitCode=0:0
   RunTime=00:00:04 TimeLimit=04:30:00 TimeMin=N/A
   SubmitTime=2013-11-07T11:59:08 EligibleTime=2013-11-07T11:59:08
   StartTime=2013-11-07T12:00:03 EndTime=2013-11-07T12:00:07
   PreemptTime=None SuspendTime=None SecsPreSuspend=0
   Partition=compute AllocNode:Sid=lonsdale01:8238
   ReqNodeList=(null) ExcNodeList=(null)
   NodeList=lonsdale-n027
   BatchHost=lonsdale-n027
   NumNodes=1 NumCPUs=8 CPUs/Task=1 ReqS:C:T=*:*:*
     Nodes=lonsdale-n027 CPU_IDs=0-7 Mem=15200
   MinCPUsNode=1 MinMemoryCPU=1900M MinTmpDiskNode=0
   Features=(null) Gres=(null) Reservation=(null)
   Shared=0 Contiguous=0 Licenses=(null) Network=(null)
   Command=/home/users/baim/workspace/MD/gold/3d/100/jp/spd/newbasis/bias/h2/0.0/opt/opt.sh
   WorkDir=/home/users/baim/workspace/MD/gold/3d/100/jp/spd/newbasis/bias/h2/0.0/opt


Disk quota details:
===================

Quota Type           Name  Filesystem     Usage in MB     Limit in MB    % Used
-------------------------------------------------------------------------------
USER                 baim       /home          38,387          51,200    74.98%
USER                 baim   /projects             188               0       N/A

GROUP         pi-ssanvito   /projects       6,178,007       6,291,456    98.20%


SLURM Bank Statement:
=====================

User           Usage |        Account     Usage | Account Limit Available (CPU hrs)
---------- --------- + -------------- --------- + ------------- ---------

baim         129,429 |   HPC_12_00447   129,429 |       300,000   170,571
ssanvito           0 |   HPC_12_00447   129,429 |       300,000   170,571


Acknowledgements:
=================

Note that usage of TCHPC Resources *must* be acknowledged in all publications.

Please see this page for details relevant to this cluster:

http://www.tchpc.tcd.ie/resources/acknowledgementpolicy

################################################################################
