cpu-bind=MASK - cn1023, task  0  0 [5328]: mask 0xffffffffffffffff set
-1.1035206681E+001
--------------------------------------------------------------------------
Open MPI failed an OFI Libfabric library call (fi_domain).  This is highly
unusual; your job may behave unpredictably (and/or abort) after this.

  Local host: cn1145
  Location: mtl_ofi_component.c:928
  Error: No data available (61)
--------------------------------------------------------------------------
[cn1023.scarf.rl.ac.uk:06043] 239 more processes have sent help message help-mtl-ofi.txt / OFI call fail
[cn1023.scarf.rl.ac.uk:06043] Set MCA parameter "orte_base_help_aggregate" to 0 to see all help / error messages
[1679318632.802015] [cn1023:6092 :0]          mpool.c:43   UCX  WARN  object 0xaaba700 was not returned to mpool ucp_requests
[1679318632.802047] [cn1023:6093 :0]          mpool.c:43   UCX  WARN  object 0xa77fec0 was not returned to mpool ucp_requests
[1679318632.802053] [cn1023:6096 :0]          mpool.c:43   UCX  WARN  object 0x6be81c0 was not returned to mpool ucp_requests
[1679318632.804041] [cn1023:6085 :0]          mpool.c:43   UCX  WARN  object 0xa4fe5c0 was not returned to mpool ucp_requests
[1679318632.804028] [cn1023:6086 :0]          mpool.c:43   UCX  WARN  object 0xbb58340 was not returned to mpool ucp_requests
[1679318632.804047] [cn1023:6088 :0]          mpool.c:43   UCX  WARN  object 0xa8bf100 was not returned to mpool ucp_requests
[1679318632.804035] [cn1023:6089 :0]          mpool.c:43   UCX  WARN  object 0xaacbdc0 was not returned to mpool ucp_requests
[1679318632.804045] [cn1023:6090 :0]          mpool.c:43   UCX  WARN  object 0xb0b9280 was not returned to mpool ucp_requests
[1679318632.804056] [cn1023:6091 :0]          mpool.c:43   UCX  WARN  object 0x687d6c0 was not returned to mpool ucp_requests
[1679318632.804081] [cn1023:6087 :0]          mpool.c:43   UCX  WARN  object 0x5c68fc0 was not returned to mpool ucp_requests
cp: cannot stat ‘0V-VH_z-00.dat’: No such file or directory
cp: cannot stat ‘0V-VH_z-00.dat’: No such file or directory
cp: cannot stat ‘0V-RHO_z-00.dat’: No such file or directory
cp: cannot stat ‘0V-RHO_z-00.dat’: No such file or directory
