cpu-bind=MASK - cn1092, task  0  0 [9608]: mask 0xffffffffffffffff set
-1.1035206681E+001
--------------------------------------------------------------------------
Open MPI failed an OFI Libfabric library call (fi_domain).  This is highly
unusual; your job may behave unpredictably (and/or abort) after this.

  Local host: cn1099
  Location: mtl_ofi_component.c:928
  Error: No data available (61)
--------------------------------------------------------------------------
[cn1092.scarf.rl.ac.uk:10636] 239 more processes have sent help message help-mtl-ofi.txt / OFI call fail
[cn1092.scarf.rl.ac.uk:10636] Set MCA parameter "orte_base_help_aggregate" to 0 to see all help / error messages
[1679309333.818998] [cn1092:10728:0]          mpool.c:43   UCX  WARN  object 0x6ac9f00 was not returned to mpool ucp_requests
[1679309333.818996] [cn1092:10732:0]          mpool.c:43   UCX  WARN  object 0x5a68580 was not returned to mpool ucp_requests
[1679309333.818980] [cn1092:10735:0]          mpool.c:43   UCX  WARN  object 0xabab880 was not returned to mpool ucp_requests
[1679309333.821012] [cn1092:10719:0]          mpool.c:43   UCX  WARN  object 0x50ac200 was not returned to mpool ucp_requests
[1679309333.821039] [cn1092:10723:0]          mpool.c:43   UCX  WARN  object 0xaf97100 was not returned to mpool ucp_requests
[1679309333.821055] [cn1092:10708:0]          mpool.c:43   UCX  WARN  object 0xb2cca00 was not returned to mpool ucp_requests
[1679309333.821055] [cn1092:10725:0]          mpool.c:43   UCX  WARN  object 0xba2aec0 was not returned to mpool ucp_requests
[1679309333.821092] [cn1092:10713:0]          mpool.c:43   UCX  WARN  object 0xbd10d00 was not returned to mpool ucp_requests
[1679309333.821117] [cn1092:10711:0]          mpool.c:43   UCX  WARN  object 0xab64500 was not returned to mpool ucp_requests
[1679309333.821116] [cn1092:10715:0]          mpool.c:43   UCX  WARN  object 0xbc786c0 was not returned to mpool ucp_requests
cp: cannot stat ‘0V-VH_z-0088.dat’: No such file or directory
cp: cannot stat ‘0V-VH_z-0088.dat’: No such file or directory
cp: cannot stat ‘0V-RHO_z-0088.dat’: No such file or directory
cp: cannot stat ‘0V-RHO_z-0088.dat’: No such file or directory
