
  GRID BASED BADER ANALYSIS  (Version 0.28a 07/12/12)

  OPEN ... mx.RHO.cube         
  GAUSSIAN-STYLE INPUT FILE
  FFT-grid:   160 x 160 x 720
  CLOSE ... mx.RHO.cube         

  RUN TIME:    9.08 SECONDS

  CALCULATING BADER CHARGE DISTRIBUTION
                 0  10  25  50  75  100
  PERCENT DONE:  ********************** 

  REFINING AUTOMATICALLY
  ITERATION: 1
  EDGE POINTS:       7297300
  REASSIGNED POINTS:  800718
  ITERATION: 2
  CHECKED POINTS:    6280386
  REASSIGNED POINTS:   19316
  ITERATION: 3
  CHECKED POINTS:     194537
  REASSIGNED POINTS:    6111
  ITERATION: 4
  CHECKED POINTS:      51273
  REASSIGNED POINTS:    2956
  ITERATION: 5
  CHECKED POINTS:      21730
  REASSIGNED POINTS:    1342
  ITERATION: 6
  CHECKED POINTS:      11374
  REASSIGNED POINTS:     810
  ITERATION: 7
  CHECKED POINTS:       7371
  REASSIGNED POINTS:     608
  ITERATION: 8
  CHECKED POINTS:       5316
  REASSIGNED POINTS:     500
  ITERATION: 9
  CHECKED POINTS:       4331
  REASSIGNED POINTS:     353
  ITERATION:10
  CHECKED POINTS:       3410
  REASSIGNED POINTS:     278
  ITERATION:11
  CHECKED POINTS:       2750
  REASSIGNED POINTS:     205
  ITERATION:12
  CHECKED POINTS:       2212
  REASSIGNED POINTS:     183
  ITERATION:13
  CHECKED POINTS:       1928
  REASSIGNED POINTS:     176
  ITERATION:14
  CHECKED POINTS:       1907
  REASSIGNED POINTS:     172
  ITERATION:15
  CHECKED POINTS:       1853
  REASSIGNED POINTS:     179
  ITERATION:16
  CHECKED POINTS:       1914
  REASSIGNED POINTS:     176
  ITERATION:17
  CHECKED POINTS:       1960
  REASSIGNED POINTS:     175
  ITERATION:18
  CHECKED POINTS:       1863
  REASSIGNED POINTS:     179
  ITERATION:19
  CHECKED POINTS:       1788
  REASSIGNED POINTS:     160
  ITERATION:20
  CHECKED POINTS:       1654
  REASSIGNED POINTS:     161
  ITERATION:21
  CHECKED POINTS:       1579
  REASSIGNED POINTS:     154
  ITERATION:22
  CHECKED POINTS:       1548
  REASSIGNED POINTS:     141
  ITERATION:23
  CHECKED POINTS:       1340
  REASSIGNED POINTS:     145
  ITERATION:24
  CHECKED POINTS:       1323
  REASSIGNED POINTS:     136
  ITERATION:25
  CHECKED POINTS:       1236
  REASSIGNED POINTS:     131
  ITERATION:26
  CHECKED POINTS:       1109
  REASSIGNED POINTS:     107
  ITERATION:27
  CHECKED POINTS:        857
  REASSIGNED POINTS:     102
  ITERATION:28
  CHECKED POINTS:        759
  REASSIGNED POINTS:      93
  ITERATION:29
  CHECKED POINTS:        718
  REASSIGNED POINTS:      72
  ITERATION:30
  CHECKED POINTS:        564
  REASSIGNED POINTS:      70
  ITERATION:31
  CHECKED POINTS:        516
  REASSIGNED POINTS:      57
  ITERATION:32
  CHECKED POINTS:        417
  REASSIGNED POINTS:      41
  ITERATION:33
  CHECKED POINTS:        310
  REASSIGNED POINTS:      40
  ITERATION:34
  CHECKED POINTS:        294
  REASSIGNED POINTS:      45
  ITERATION:35
  CHECKED POINTS:        293
  REASSIGNED POINTS:      37
  ITERATION:36
  CHECKED POINTS:        237
  REASSIGNED POINTS:      24
  ITERATION:37
  CHECKED POINTS:        178
  REASSIGNED POINTS:      13
  ITERATION:38
  CHECKED POINTS:        135
  REASSIGNED POINTS:       1
  ITERATION:39
  CHECKED POINTS:         26
  REASSIGNED POINTS:       2
  ITERATION:40
  CHECKED POINTS:         25
  REASSIGNED POINTS:       0

  RUN TIME:     595.55 SECONDS

  CALCULATING MINIMUM DISTANCES TO ATOMS
                 0  10  25  50  75  100
  PERCENT DONE:  **********************

  RUN TIME:   14.28 SECONDS

  WRITING BADER ATOMIC CHARGES TO ACF.dat
  WRITING BADER VOLUME CHARGES TO BCF.dat

  NUMBER OF BADER MAXIMA FOUND:        2727054
      SIGNIFICANT MAXIMA FOUND:           2380
           NUMBER OF ELECTRONS:     1222.98953
 
