 iscf   Eharris(eV)      E_KS(eV)   FreeEng(eV)    dHmax    dDmax   Ef(eV)
    1  -195889.9291  -196126.7453  -196126.7453******************  0.00000
    2  -195955.5304  -196072.7306  -196072.7306  1.32317*********  0.00000
    3  -195580.6927  -195818.7484  -195818.7484  3.03927*********  0.00000
    4  -183206.3586  -182718.5531  -182718.5531 32.12125*********  0.00000
    5  -195385.9274  -195330.4828  -195330.4828  5.75556*********  0.00000
    6  -195870.3853  -195880.5797  -195880.5797  2.22191*********  0.00000
    7  -195890.7288  -195896.4681  -195896.4681  1.52168688.79792  0.00000
    8  -195903.3278  -195907.4174  -195907.4174  0.92947337.24549  0.00000
    9  -195913.3980  -195914.2129  -195914.2129  0.10460 51.79783  0.00000
   10  -195914.1375  -195913.3677  -195913.3677  0.08136 33.20926  0.00000
   11  -195914.7279  -195914.4449  -195914.4449  0.02252 44.37217  0.00000
   12  -195914.8416  -195914.8981  -195914.8981  0.01245 38.49355  0.00000
   13  -195914.8985  -195914.7231  -195914.7231  0.01220 62.46966  0.00000
   14  -195914.6063  -195914.8695  -195914.8695  0.00849  4.83555  0.00000
   15  -195914.7091  -195914.5283  -195914.5283  0.01398 73.64371  0.00000
   16  -195914.7683  -195914.8816  -195914.8816  0.00582 21.95360  0.00000
   17  -195914.6309  -195914.6260  -195914.6260  0.00232  5.79702  0.00000
   18  -195914.7303  -195914.7587  -195914.7587  0.00140 12.17387  0.00000
   19  -195914.6017  -195914.6466  -195914.6466  0.00131 17.46260  0.00000
   20  -195914.5969  -195914.6099  -195914.6099  0.00070  6.76708  0.00000
   21  -195914.5965  -195914.5972  -195914.5972  0.00086  2.99375  0.00000
   22  -195914.6831  -195914.7008  -195914.7008  0.00176  4.84383  0.00000
   23  -195914.6683  -195914.6637  -195914.6637  0.00143  1.18450  0.00000
   24  -195914.7050  -195914.7006  -195914.7006  0.00164  1.84323  0.00000
   25  -195914.6589  -195914.6609  -195914.6609  0.00097  1.68768  0.00000
   26  -195914.6418  -195914.6419  -195914.6419  0.00059  1.26700  0.00000
   27  -195914.5531  -195914.5501  -195914.5501  0.00144  0.41481  0.00000
   28  -195914.6091  -195914.6107  -195914.6107  0.00071  1.28094  0.00000
   29  -195914.6879  -195914.6863  -195914.6863  0.00162  0.84841  0.00000
   30  -195914.5858  -195914.5851  -195914.5851  0.00053  1.10220  0.00000
   31  -195914.6256  -195914.6256  -195914.6256  0.00043  0.86211  0.00000
   32  -195914.6458  -195914.6419  -195914.6419  0.00056  1.02211  0.00000
   33  -195914.6938  -195914.6977  -195914.6977  0.00083  0.72286  0.00000
   34  -195914.6437  -195914.6428  -195914.6428  0.00075  0.26769  0.00000
   35  -195914.6348  -195914.6347  -195914.6347  0.00055  0.27794  0.00000
   36  -195914.6696  -195914.6685  -195914.6685  0.00058  0.61458  0.00000
   37  -195914.6739  -195914.6714  -195914.6714  0.00058  0.66491  0.00000
   38  -195914.6811  -195914.6841  -195914.6841  0.00065  0.60272  0.00000
   39  -195914.5830  -195914.5814  -195914.5814  0.00138  0.69100  0.00000
   40  -195914.6405  -195914.6394  -195914.6394  0.00081  0.18333  0.00000
   41  -195914.5667  -195914.5669  -195914.5669  0.00108  0.05604  0.00000
   42  -195914.5428  -195914.5419  -195914.5419  0.00115  0.27757  0.00000
   43  -195914.5813  -195914.5837  -195914.5837  0.00091  0.28848  0.00000
   44  -195914.6336  -195914.6306  -195914.6306  0.00072  0.51666  0.00000
   45  -195914.6301  -195914.6295  -195914.6295  0.00074  0.23342  0.00000
   46  -195914.5849  -195914.5821  -195914.5821  0.00099  0.26602  0.00000
   47  -195914.5439  -195914.5426  -195914.5426  0.00188  0.18003  0.00000
   48  -195914.5497  -195914.5560  -195914.5560  0.00131  0.28548  0.00000
   49  -195914.5839  -195914.5753  -195914.5753  0.00121  1.31161  0.00000
   50  -195914.6416  -195914.6462  -195914.6462  0.00197  1.02770  0.00000
   51  -195914.6653  -195914.6660  -195914.6660  0.00088  0.23579  0.00000
   52  -195914.6378  -195914.6379  -195914.6379  0.00050  0.04958  0.00000
   53  -195914.6267  -195914.6279  -195914.6279  0.00068  0.29665  0.00000
   54  -195914.6396  -195914.6382  -195914.6382  0.00044  0.13066  0.00000
   55  -195914.5882  -195914.5884  -195914.5884  0.00113  0.05377  0.00000
   56  -195914.6133  -195914.6126  -195914.6126  0.00071  0.16993  0.00000
   57  -195914.6274  -195914.6284  -195914.6284  0.00036  0.14524  0.00000
   58  -195914.6645  -195914.6650  -195914.6650  0.00090  0.05832  0.00000
   59  -195914.6172  -195914.6161  -195914.6161  0.00043  0.19973  0.00000
   60  -195914.7263  -195914.7268  -195914.7268  0.00112  0.12407  0.00000
   61  -195914.6356  -195914.6342  -195914.6342  0.00053  0.21002  0.00000
   62  -195914.6234  -195914.6250  -195914.6250  0.00053  0.07146  0.00000
   63  -195914.6107  -195914.6102  -195914.6102  0.00070  0.32282  0.00000
   64  -195914.6174  -195914.6167  -195914.6167  0.00047  0.22798  0.00000
   65  -195914.6145  -195914.6148  -195914.6148  0.00023  0.14604  0.00000
   66  -195914.6522  -195914.6513  -195914.6513  0.00071  0.09702  0.00000
   67  -195914.6543  -195914.6555  -195914.6555  0.00069  0.11886  0.00000
   68  -195914.6211  -195914.6203  -195914.6203  0.00023  0.18241  0.00000
   69  -195914.5594  -195914.5598  -195914.5598  0.00069  0.08425  0.00000
   70  -195914.5442  -195914.5442  -195914.5442  0.00098  0.06701  0.00000
   71  -195914.6348  -195914.6342  -195914.6342  0.00027  0.05518  0.00000
   72  -195914.5610  -195914.5613  -195914.5613  0.00085  0.12875  0.00000
   73  -195914.5966  -195914.5970  -195914.5970  0.00059  0.07594  0.00000
   74  -195914.6045  -195914.6028  -195914.6028  0.00054  0.22384  0.00000
   75  -195914.6365  -195914.6384  -195914.6384  0.00053  0.22505  0.00000
   76  -195914.5923  -195914.5907  -195914.5907  0.00033  0.09313  0.00000
   77  -195914.6928  -195914.6934  -195914.6934  0.00093  0.15976  0.00000
   78  -195914.6243  -195914.6246  -195914.6246  0.00074  0.16970  0.00000
   79  -195914.6093  -195914.6087  -195914.6087  0.00048  0.27302  0.00000
   80  -195914.6161  -195914.6185  -195914.6185  0.00033  0.15992  0.00000
   81  -195914.5958  -195914.5924  -195914.5924  0.00074  0.20144  0.00000
   82  -195914.6491  -195914.6497  -195914.6497  0.00059  0.15904  0.00000
   83  -195914.6291  -195914.6294  -195914.6294  0.00041  0.08354  0.00000
   84  -195914.6133  -195914.6130  -195914.6130  0.00046  0.24145  0.00000
   85  -195914.6600  -195914.6601  -195914.6601  0.00132  0.12942  0.00000
   86  -195914.6796  -195914.6802  -195914.6802  0.00081  0.04828  0.00000
   87  -195914.6709  -195914.6706  -195914.6706  0.00080  0.02656  0.00000
   88  -195914.6814  -195914.6870  -195914.6870  0.00096  0.71800  0.00000
   89  -195914.6147  -195914.6095  -195914.6095  0.00083  0.45741  0.00000
   90  -195914.6340  -195914.6331  -195914.6331  0.00050  0.05227  0.00000
   91  -195914.6822  -195914.6835  -195914.6835  0.00058  0.06223  0.00000
   92  -195914.7147  -195914.7149  -195914.7149  0.00110  0.08660  0.00000
   93  -195914.6980  -195914.6994  -195914.6994  0.00093  0.22345  0.00000
   94  -195914.6670  -195914.6662  -195914.6662  0.00039  0.14371  0.00000
   95  -195914.6154  -195914.6134  -195914.6134  0.00082  0.20927  0.00000
   96  -195914.6248  -195914.6267  -195914.6267  0.00096  0.13241  0.00000
   97  -195914.5712  -195914.5711  -195914.5711  0.00124  0.05372  0.00000
   98  -195914.6345  -195914.6344  -195914.6344  0.00060  0.13952  0.00000
   99  -195914.6309  -195914.6312  -195914.6312  0.00056  0.13380  0.00000
  100  -195914.6100  -195914.6083  -195914.6083  0.00054  0.12043  0.00000
  101  -195914.7017  -195914.7019  -195914.7019  0.00049  0.31208  0.00000
  102  -195914.6750  -195914.6757  -195914.6757  0.00065  0.19869  0.00000
  103  -195914.6412  -195914.6410  -195914.6410  0.00060  0.08298  0.00000
  104  -195914.6589  -195914.6609  -195914.6609  0.00047  0.20678  0.00000
  105  -195914.6746  -195914.6749  -195914.6749  0.00042  0.10746  0.00000
  106  -195914.6630  -195914.6615  -195914.6615  0.00029  0.05789  0.00000
  107  -195914.6841  -195914.6846  -195914.6846  0.00070  0.08235  0.00000
  108  -195914.6972  -195914.6969  -195914.6969  0.00078  0.02651  0.00000
  109  -195914.6757  -195914.6757  -195914.6757  0.00057  0.05472  0.00000
  110  -195914.6703  -195914.6719  -195914.6719  0.00044  0.27147  0.00000
  111  -195914.6837  -195914.6822  -195914.6822  0.00077  0.20784  0.00000
  112  -195914.7243  -195914.7246  -195914.7246  0.00059  0.02182  0.00000
  113  -195914.6742  -195914.6747  -195914.6747  0.00052  0.08173  0.00000
  114  -195914.7278  -195914.7282  -195914.7282  0.00057  0.12276  0.00000
  115  -195914.7059  -195914.7047  -195914.7047  0.00076  0.08907  0.00000
  116  -195914.6666  -195914.6674  -195914.6674  0.00035  0.04264  0.00000
  117  -195914.6733  -195914.6752  -195914.6752  0.00032  0.33345  0.00000
  118  -195914.6388  -195914.6363  -195914.6363  0.00091  0.19269  0.00000
  119  -195914.6449  -195914.6450  -195914.6450  0.00070  0.06719  0.00000
  120  -195914.6642  -195914.6640  -195914.6640  0.00048  0.02614  0.00000
  121  -195914.6178  -195914.6173  -195914.6173  0.00087  0.15031  0.00000
  122  -195914.6293  -195914.6289  -195914.6289  0.00081  0.05212  0.00000
  123  -195914.6400  -195914.6403  -195914.6403  0.00070  0.03847  0.00000
  124  -195914.6444  -195914.6443  -195914.6443  0.00064  0.47009  0.00000
  125  -195914.5786  -195914.5772  -195914.5772  0.00094  0.13732  0.00000
  126  -195914.6401  -195914.6380  -195914.6380  0.00046  0.80799  0.00000
  127  -195914.5842  -195914.5846  -195914.5846  0.00042  0.40890  0.00000
  128  -195914.5659  -195914.5659  -195914.5659  0.00084  0.00793  0.00000
  129  -195914.5650  -195914.5643  -195914.5643  0.00071  0.10711  0.00000
  130  -195914.6672  -195914.6690  -195914.6690  0.00094  0.15908  0.00000
  131  -195914.5241  -195914.5256  -195914.5256  0.00142  0.06533  0.00000
  132  -195914.5886  -195914.5871  -195914.5871  0.00094  0.14902  0.00000
  133  -195914.5316  -195914.5301  -195914.5301  0.00130  0.22599  0.00000
  134  -195914.6319  -195914.6322  -195914.6322  0.00046  0.18421  0.00000
  135  -195914.5959  -195914.5972  -195914.5972  0.00078  0.09351  0.00000
  136  -195914.5666  -195914.5650  -195914.5650  0.00075  0.09789  0.00000
  137  -195914.6736  -195914.6751  -195914.6751  0.00070  0.08130  0.00000
  138  -195914.5885  -195914.5891  -195914.5891  0.00067  0.07595  0.00000
  139  -195914.6274  -195914.6267  -195914.6267  0.00033  0.13246  0.00000
  140  -195914.6074  -195914.6076  -195914.6076  0.00048  0.10479  0.00000
  141  -195914.5876  -195914.5869  -195914.5869  0.00068  0.13979  0.00000
  142  -195914.6638  -195914.6647  -195914.6647  0.00048  0.12819  0.00000
  143  -195914.6212  -195914.6214  -195914.6214  0.00030  0.06920  0.00000
  144  -195914.6731  -195914.6728  -195914.6728  0.00072  0.04664  0.00000
  145  -195914.6196  -195914.6201  -195914.6201  0.00045  0.09499  0.00000
  146  -195914.6604  -195914.6597  -195914.6597  0.00052  0.05922  0.00000
  147  -195914.6094  -195914.6090  -195914.6090  0.00057  0.05182  0.00000
  148  -195914.6327  -195914.6332  -195914.6332  0.00026  0.05108  0.00000
  149  -195914.6265  -195914.6267  -195914.6267  0.00041  0.02938  0.00000
  150  -195914.6588  -195914.6586  -195914.6586  0.00034  0.04793  0.00000
  151  -195914.6821  -195914.6822  -195914.6822  0.00080  0.01507  0.00000
  152  -195914.6505  -195914.6499  -195914.6499  0.00044  0.10065  0.00000
  153  -195914.6788  -195914.6794  -195914.6794  0.00054  0.04079  0.00000
  154  -195914.6203  -195914.6202  -195914.6202  0.00016  0.08405  0.00000
  155  -195914.6726  -195914.6726  -195914.6726  0.00058  0.07789  0.00000
  156  -195914.7020  -195914.7023  -195914.7023  0.00088  0.15481  0.00000
  157  -195914.6847  -195914.6847  -195914.6847  0.00097  0.11095  0.00000
  158  -195914.7120  -195914.7124  -195914.7124  0.00122  0.18265  0.00000
  159  -195914.6159  -195914.6160  -195914.6160  0.00069  0.21244  0.00000
  160  -195914.7432  -195914.7435  -195914.7435  0.00126  0.10193  0.00000
  161  -195914.6219  -195914.6210  -195914.6210  0.00059  0.14711  0.00000
  162  -195914.7020  -195914.7031  -195914.7031  0.00091  0.14291  0.00000
  163  -195914.7135  -195914.7137  -195914.7137  0.00077  0.11116  0.00000
  164  -195914.7203  -195914.7189  -195914.7189  0.00096  0.15417  0.00000
  165  -195914.6518  -195914.6548  -195914.6548  0.00053  0.24589  0.00000
  166  -195914.6426  -195914.6410  -195914.6410  0.00029  0.09536  0.00000
  167  -195914.7233  -195914.7228  -195914.7228  0.00128  0.07642  0.00000
  168  -195914.6806  -195914.6806  -195914.6806  0.00065  0.11910  0.00000
  169  -195914.7566  -195914.7563  -195914.7563  0.00136  0.10932  0.00000
