
Lmod is automatically replacing "cce/15.0.0" with "gcc/11.2.0".


Lmod is automatically replacing "PrgEnv-cray/8.3.3" with "PrgEnv-gnu/8.3.3".


Due to MODULEPATH changes, the following have been reloaded:
  1) cray-mpich/8.1.23

Lmod has detected the following error: The following module(s) are unknown:
"cpe/21.09"

Please check the spelling or version number. Also try "module spider ..."
It is also possible your cache file is out-of-date; it may help to try:
  $ module --ignore-cache load "cpe/21.09"

Also make sure that all modulefiles written in TCL start with the string
#%Module



sed: can't read 3_0V.inp: No such file or directory
sed: can't read 4_V.inp: No such file or directory
sed: can't read 3_0V.inp: No such file or directory
1.0
mv: cannot stat '4_V.inp': No such file or directory
slurmstepd: error: execve(): /work/e05/e05/cahart/smeagol/smgl/cp2k-private-chris-1-forge-mkl-fexternal-blas-limit2/exe/local/cp2k.psmp: No such file or directory
slurmstepd: error: execve(): /work/e05/e05/cahart/smeagol/smgl/cp2k-private-chris-1-forge-mkl-fexternal-blas-limit2/exe/local/cp2k.psmp: No such file or directory
slurmstepd: error: execve(): /work/e05/e05/cahart/smeagol/smgl/cp2k-private-chris-1-forge-mkl-fexternal-blas-limit2/exe/local/cp2k.psmp: No such file or directory
slurmstepd: error: execve(): /work/e05/e05/cahart/smeagol/smgl/cp2k-private-chris-1-forge-mkl-fexternal-blas-limit2/exe/local/cp2k.psmp: No such file or directory
slurmstepd: error: execve(): /work/e05/e05/cahart/smeagol/smgl/cp2k-private-chris-1-forge-mkl-fexternal-blas-limit2/exe/local/cp2k.psmp: No such file or directory
slurmstepd: error: execve(): /work/e05/e05/cahart/smeagol/smgl/cp2k-private-chris-1-forge-mkl-fexternal-blas-limit2/exe/local/cp2k.psmp: No such file or directory
slurmstepd: error: execve(): /work/e05/e05/cahart/smeagol/smgl/cp2k-private-chris-1-forge-mkl-fexternal-blas-limit2/exe/local/cp2k.psmp: No such file or directory
slurmstepd: error: execve(): /work/e05/e05/cahart/smeagol/smgl/cp2k-private-chris-1-forge-mkl-fexternal-blas-limit2/exe/local/cp2k.psmp: No such file or directory
slurmstepd: error: execve(): /work/e05/e05/cahart/smeagol/smgl/cp2k-private-chris-1-forge-mkl-fexternal-blas-limit2/exe/local/cp2k.psmp: No such file or directory
slurmstepd: error: execve(): /work/e05/e05/cahart/smeagol/smgl/cp2k-private-chris-1-forge-mkl-fexternal-blas-limit2/exe/local/cp2k.psmp: No such file or directory
slurmstepd: error: execve(): /work/e05/e05/cahart/smeagol/smgl/cp2k-private-chris-1-forge-mkl-fexternal-blas-limit2/exe/local/cp2k.psmp: No such file or directory
slurmstepd: error: execve(): /work/e05/e05/cahart/smeagol/smgl/cp2k-private-chris-1-forge-mkl-fexternal-blas-limit2/exe/local/cp2k.psmp: No such file or directory
slurmstepd: error: execve(): /work/e05/e05/cahart/smeagol/smgl/cp2k-private-chris-1-forge-mkl-fexternal-blas-limit2/exe/local/cp2k.psmp: No such file or directory
slurmstepd: error: execve(): /work/e05/e05/cahart/smeagol/smgl/cp2k-private-chris-1-forge-mkl-fexternal-blas-limit2/exe/local/cp2k.psmp: No such file or directory
slurmstepd: error: execve(): /work/e05/e05/cahart/smeagol/smgl/cp2k-private-chris-1-forge-mkl-fexternal-blas-limit2/exe/local/cp2k.psmp: No such file or directory
slurmstepd: error: execve(): /work/e05/e05/cahart/smeagol/smgl/cp2k-private-chris-1-forge-mkl-fexternal-blas-limit2/exe/local/cp2k.psmp: No such file or directory
slurmstepd: error: execve(): /work/e05/e05/cahart/smeagol/smgl/cp2k-private-chris-1-forge-mkl-fexternal-blas-limit2/exe/local/cp2k.psmp: No such file or directory
slurmstepd: error: execve(): /work/e05/e05/cahart/smeagol/smgl/cp2k-private-chris-1-forge-mkl-fexternal-blas-limit2/exe/local/cp2k.psmp: No such file or directory
slurmstepd: error: execve(): /work/e05/e05/cahart/smeagol/smgl/cp2k-private-chris-1-forge-mkl-fexternal-blas-limit2/exe/local/cp2k.psmp: No such file or directory
slurmstepd: error: execve(): /work/e05/e05/cahart/smeagol/smgl/cp2k-private-chris-1-forge-mkl-fexternal-blas-limit2/exe/local/cp2k.psmp: No such file or directory
slurmstepd: error: execve(): /work/e05/e05/cahart/smeagol/smgl/cp2k-private-chris-1-forge-mkl-fexternal-blas-limit2/exe/local/cp2k.psmp: No such file or directory
slurmstepd: error: execve(): /work/e05/e05/cahart/smeagol/smgl/cp2k-private-chris-1-forge-mkl-fexternal-blas-limit2/exe/local/cp2k.psmp: No such file or directory
slurmstepd: error: execve(): /work/e05/e05/cahart/smeagol/smgl/cp2k-private-chris-1-forge-mkl-fexternal-blas-limit2/exe/local/cp2k.psmp: No such file or directory
slurmstepd: error: execve(): /work/e05/e05/cahart/smeagol/smgl/cp2k-private-chris-1-forge-mkl-fexternal-blas-limit2/exe/local/cp2k.psmp: No such file or directory
slurmstepd: error: execve(): /work/e05/e05/cahart/smeagol/smgl/cp2k-private-chris-1-forge-mkl-fexternal-blas-limit2/exe/local/cp2k.psmp: No such file or directory
slurmstepd: error: execve(): /work/e05/e05/cahart/smeagol/smgl/cp2k-private-chris-1-forge-mkl-fexternal-blas-limit2/exe/local/cp2k.psmp: No such file or directory
slurmstepd: error: execve(): /work/e05/e05/cahart/smeagol/smgl/cp2k-private-chris-1-forge-mkl-fexternal-blas-limit2/exe/local/cp2k.psmp: No such file or directory
slurmstepd: error: execve(): /work/e05/e05/cahart/smeagol/smgl/cp2k-private-chris-1-forge-mkl-fexternal-blas-limit2/exe/local/cp2k.psmp: No such file or directory
slurmstepd: error: execve(): /work/e05/e05/cahart/smeagol/smgl/cp2k-private-chris-1-forge-mkl-fexternal-blas-limit2/exe/local/cp2k.psmp: No such file or directory
slurmstepd: error: execve(): /work/e05/e05/cahart/smeagol/smgl/cp2k-private-chris-1-forge-mkl-fexternal-blas-limit2/exe/local/cp2k.psmp: No such file or directory
slurmstepd: error: execve(): /work/e05/e05/cahart/smeagol/smgl/cp2k-private-chris-1-forge-mkl-fexternal-blas-limit2/exe/local/cp2k.psmp: No such file or directory
slurmstepd: error: execve(): /work/e05/e05/cahart/smeagol/smgl/cp2k-private-chris-1-forge-mkl-fexternal-blas-limit2/exe/local/cp2k.psmp: No such file or directory
slurmstepd: error: execve(): /work/e05/e05/cahart/smeagol/smgl/cp2k-private-chris-1-forge-mkl-fexternal-blas-limit2/exe/local/cp2k.psmp: No such file or directory
slurmstepd: error: execve(): /work/e05/e05/cahart/smeagol/smgl/cp2k-private-chris-1-forge-mkl-fexternal-blas-limit2/exe/local/cp2k.psmp: No such file or directory
slurmstepd: error: execve(): /work/e05/e05/cahart/smeagol/smgl/cp2k-private-chris-1-forge-mkl-fexternal-blas-limit2/exe/local/cp2k.psmp: No such file or directory
slurmstepd: error: execve(): /work/e05/e05/cahart/smeagol/smgl/cp2k-private-chris-1-forge-mkl-fexternal-blas-limit2/exe/local/cp2k.psmp: No such file or directory
slurmstepd: error: execve(): /work/e05/e05/cahart/smeagol/smgl/cp2k-private-chris-1-forge-mkl-fexternal-blas-limit2/exe/local/cp2k.psmp: No such file or directory
slurmstepd: error: execve(): /work/e05/e05/cahart/smeagol/smgl/cp2k-private-chris-1-forge-mkl-fexternal-blas-limit2/exe/local/cp2k.psmp: No such file or directory
slurmstepd: error: execve(): /work/e05/e05/cahart/smeagol/smgl/cp2k-private-chris-1-forge-mkl-fexternal-blas-limit2/exe/local/cp2k.psmp: No such file or directory
slurmstepd: error: execve(): /work/e05/e05/cahart/smeagol/smgl/cp2k-private-chris-1-forge-mkl-fexternal-blas-limit2/exe/local/cp2k.psmp: No such file or directory
slurmstepd: error: execve(): /work/e05/e05/cahart/smeagol/smgl/cp2k-private-chris-1-forge-mkl-fexternal-blas-limit2/exe/local/cp2k.psmp: No such file or directory
slurmstepd: error: execve(): /work/e05/e05/cahart/smeagol/smgl/cp2k-private-chris-1-forge-mkl-fexternal-blas-limit2/exe/local/cp2k.psmp: No such file or directory
slurmstepd: error: execve(): /work/e05/e05/cahart/smeagol/smgl/cp2k-private-chris-1-forge-mkl-fexternal-blas-limit2/exe/local/cp2k.psmp: No such file or directory
slurmstepd: error: execve(): /work/e05/e05/cahart/smeagol/smgl/cp2k-private-chris-1-forge-mkl-fexternal-blas-limit2/exe/local/cp2k.psmp: No such file or directory
slurmstepd: error: execve(): /work/e05/e05/cahart/smeagol/smgl/cp2k-private-chris-1-forge-mkl-fexternal-blas-limit2/exe/local/cp2k.psmp: No such file or directory
slurmstepd: error: execve(): /work/e05/e05/cahart/smeagol/smgl/cp2k-private-chris-1-forge-mkl-fexternal-blas-limit2/exe/local/cp2k.psmp: No such file or directory
slurmstepd: error: execve(): /work/e05/e05/cahart/smeagol/smgl/cp2k-private-chris-1-forge-mkl-fexternal-blas-limit2/exe/local/cp2k.psmp: No such file or directory
slurmstepd: error: execve(): /work/e05/e05/cahart/smeagol/smgl/cp2k-private-chris-1-forge-mkl-fexternal-blas-limit2/exe/local/cp2k.psmp: No such file or directory
slurmstepd: error: execve(): /work/e05/e05/cahart/smeagol/smgl/cp2k-private-chris-1-forge-mkl-fexternal-blas-limit2/exe/local/cp2k.psmp: No such file or directory
slurmstepd: error: execve(): /work/e05/e05/cahart/smeagol/smgl/cp2k-private-chris-1-forge-mkl-fexternal-blas-limit2/exe/local/cp2k.psmp: No such file or directory
slurmstepd: error: execve(): /work/e05/e05/cahart/smeagol/smgl/cp2k-private-chris-1-forge-mkl-fexternal-blas-limit2/exe/local/cp2k.psmp: No such file or directory
slurmstepd: error: execve(): /work/e05/e05/cahart/smeagol/smgl/cp2k-private-chris-1-forge-mkl-fexternal-blas-limit2/exe/local/cp2k.psmp: No such file or directory
slurmstepd: error: execve(): /work/e05/e05/cahart/smeagol/smgl/cp2k-private-chris-1-forge-mkl-fexternal-blas-limit2/exe/local/cp2k.psmp: No such file or directory
slurmstepd: error: execve(): /work/e05/e05/cahart/smeagol/smgl/cp2k-private-chris-1-forge-mkl-fexternal-blas-limit2/exe/local/cp2k.psmp: No such file or directory
slurmstepd: error: execve(): /work/e05/e05/cahart/smeagol/smgl/cp2k-private-chris-1-forge-mkl-fexternal-blas-limit2/exe/local/cp2k.psmp: No such file or directory
slurmstepd: error: execve(): /work/e05/e05/cahart/smeagol/smgl/cp2k-private-chris-1-forge-mkl-fexternal-blas-limit2/exe/local/cp2k.psmp: No such file or directory
srun: error: nid004073: tasks 4-7: Exited with exit code 2
srun: launch/slurm: _step_signal: Terminating StepId=5894638.0
slurmstepd: error: execve(): /work/e05/e05/cahart/smeagol/smgl/cp2k-private-chris-1-forge-mkl-fexternal-blas-limit2/exe/local/cp2k.psmp: No such file or directory
slurmstepd: error: execve(): /work/e05/e05/cahart/smeagol/smgl/cp2k-private-chris-1-forge-mkl-fexternal-blas-limit2/exe/local/cp2k.psmp: No such file or directory
slurmstepd: error: execve(): /work/e05/e05/cahart/smeagol/smgl/cp2k-private-chris-1-forge-mkl-fexternal-blas-limit2/exe/local/cp2k.psmp: No such file or directory
slurmstepd: error: execve(): /work/e05/e05/cahart/smeagol/smgl/cp2k-private-chris-1-forge-mkl-fexternal-blas-limit2/exe/local/cp2k.psmp: No such file or directory
slurmstepd: error: execve(): /work/e05/e05/cahart/smeagol/smgl/cp2k-private-chris-1-forge-mkl-fexternal-blas-limit2/exe/local/cp2k.psmp: No such file or directory
slurmstepd: error: execve(): /work/e05/e05/cahart/smeagol/smgl/cp2k-private-chris-1-forge-mkl-fexternal-blas-limit2/exe/local/cp2k.psmp: No such file or directory
slurmstepd: error: execve(): /work/e05/e05/cahart/smeagol/smgl/cp2k-private-chris-1-forge-mkl-fexternal-blas-limit2/exe/local/cp2k.psmp: No such file or directory
slurmstepd: error: execve(): /work/e05/e05/cahart/smeagol/smgl/cp2k-private-chris-1-forge-mkl-fexternal-blas-limit2/exe/local/cp2k.psmp: No such file or directory
srun: error: nid004076: tasks 16-19: Exited with exit code 2
srun: error: nid004118: tasks 44-47: Exited with exit code 2
srun: error: nid004680: tasks 48-51: Exited with exit code 2
srun: error: nid004075: tasks 12-15: Exited with exit code 2
srun: error: nid004686: tasks 52-55: Exited with exit code 2
srun: error: nid004074: tasks 8-11: Exited with exit code 2
srun: error: nid004081: tasks 36-39: Exited with exit code 2
srun: error: nid004687: tasks 56-59: Exited with exit code 2
srun: error: nid004080: tasks 32-35: Exited with exit code 2
srun: error: nid004091: tasks 40-43: Exited with exit code 2
srun: error: nid004077: tasks 20-23: Exited with exit code 2
slurmstepd: error: *** STEP 5894638.0 ON nid004072 CANCELLED AT 2024-03-11T06:41:34 ***
srun: error: nid004688: tasks 60-63: Exited with exit code 2
srun: error: nid004078: tasks 24-27: Exited with exit code 2
srun: error: nid004072: tasks 0-3: Exited with exit code 2
srun: error: nid004079: tasks 28-31: Exited with exit code 2
2286
resubmit
Submitted batch job 5894723
