cpu-bind=MASK - cn1120, task  0  0 [19912]: mask 0xffffffffffffffff set
--------------------------------------------------------------------------
Open MPI failed an OFI Libfabric library call (fi_domain).  This is highly
unusual; your job may behave unpredictably (and/or abort) after this.

  Local host: cn1120
  Location: mtl_ofi_component.c:928
  Error: No data available (61)
--------------------------------------------------------------------------
[cn1120.scarf.rl.ac.uk:21016] 239 more processes have sent help message help-mtl-ofi.txt / OFI call fail
[cn1120.scarf.rl.ac.uk:21016] Set MCA parameter "orte_base_help_aggregate" to 0 to see all help / error messages
[1677064181.516463] [cn1120:21107:0]          mpool.c:43   UCX  WARN  object 0x58ba780 was not returned to mpool ucp_requests
[1677064181.516516] [cn1120:21106:0]          mpool.c:43   UCX  WARN  object 0xbd4e000 was not returned to mpool ucp_requests
[1677064181.517137] [cn1120:21103:0]          mpool.c:43   UCX  WARN  object 0xc1c5c40 was not returned to mpool ucp_requests
[1677064181.516960] [cn1120:21104:0]          mpool.c:43   UCX  WARN  object 0xa8d8e00 was not returned to mpool ucp_requests
[1677064181.517085] [cn1120:21105:0]          mpool.c:43   UCX  WARN  object 0x5e3ee00 was not returned to mpool ucp_requests
[1677064181.516569] [cn1120:21108:0]          mpool.c:43   UCX  WARN  object 0xb1aaec0 was not returned to mpool ucp_requests
[1677064181.516581] [cn1120:21109:0]          mpool.c:43   UCX  WARN  object 0xb446280 was not returned to mpool ucp_requests
[1677064181.516674] [cn1120:21110:0]          mpool.c:43   UCX  WARN  object 0xba32f40 was not returned to mpool ucp_requests
[1677064181.516783] [cn1120:21111:0]          mpool.c:43   UCX  WARN  object 0xb74c080 was not returned to mpool ucp_requests
[1677064181.516758] [cn1120:21112:0]          mpool.c:43   UCX  WARN  object 0x5030fc0 was not returned to mpool ucp_requests
[1677064181.517087] [cn1121:6923 :0]          mpool.c:43   UCX  WARN  object 0xb8fd9c0 was not returned to mpool ucp_requests
[1677064181.517099] [cn1121:6925 :0]          mpool.c:43   UCX  WARN  object 0xa2a4340 was not returned to mpool ucp_requests
[1677064181.517130] [cn1121:6924 :0]          mpool.c:43   UCX  WARN  object 0xbc20fc0 was not returned to mpool ucp_requests
grep: log_3_0V.out: No such file or directory
cp: cannot stat ‘0V-VH_z-00.dat’: No such file or directory
cp: cannot stat ‘0V-VH_z-00.dat’: No such file or directory
cp: cannot stat ‘0V-RHO_z-00.dat’: No such file or directory
cp: cannot stat ‘0V-RHO_z-00.dat’: No such file or directory
rm: cannot remove ‘*.txt’: No such file or directory
