 iscf   Eharris(eV)      E_KS(eV)   FreeEng(eV)    dHmax    dDmax   Ef(eV)
    1    -2445.1550    -2496.4156    -2496.4156  0.99410  0.99410  0.00000
    2    -2485.4130    -2484.0025    -2484.0025  1.08276  0.72385  0.00000
    3    -2523.8813    -2448.0995    -2448.0995  2.61160  1.13677  0.00000
    4    -2210.2233    -2258.1715    -2258.1715  7.03543  1.13678  0.00000
    5    -2523.4202    -2457.6174    -2457.6174  2.33719  1.16958  0.00000
    6    -2235.2008    -2282.3354    -2282.3354  6.66440  1.16956  0.00000
    7    -2475.8658    -2479.9570    -2479.9570  1.71802  0.21766  0.00000
    8    -2471.9233    -2470.8769    -2470.8769  2.02287  0.03200  0.00000
    9    -2473.8562    -2473.2781    -2473.2781  1.94446  0.02276  0.00000
   10    -2560.1419    -2474.9214    -2474.9214  1.86859  0.99745  0.00000
   11    -2185.4542    -2234.2213    -2234.2213  7.47786  0.99430  0.00000
   12    -2491.4570    -2490.7761    -2490.7761  1.17858  0.04801  0.00000
   13    -2523.9082    -2492.7993    -2492.7993  1.07404  0.91937  0.00000
   14    -2457.5929    -2437.7845    -2437.7845  3.91272  0.61251  0.00000
   15    -2253.2524    -2265.3735    -2265.3735  6.88236  0.39669  0.00000
   16    -2394.8479    -2393.5591    -2393.5591  4.86186  0.12139  0.00000
   17    -2345.2475    -2380.8662    -2380.8662  5.17471  1.00983  0.00000
   18    -2462.9475    -2459.1031    -2459.1031  2.36213  0.19461  0.00000
   19    -2472.1982    -2469.4140    -2469.4140  2.05258  0.07615  0.00000
   20    -2476.0168    -2475.7619    -2475.7619  1.81884  0.02439  0.00000
   21    -2568.0771    -2476.7857    -2476.7857  1.77902  0.97728  0.00000
   22    -2221.1811    -2225.5087    -2225.5087  7.66528  0.23722  0.00000
   23    -2255.3931    -2299.9596    -2299.9596  6.44601  1.11217  0.00000
   24    -2541.9931    -2493.7121    -2493.7121  1.06710  1.13399  0.00000
   25    -2234.9806    -2282.9672    -2282.9672  6.66775  1.13699  0.00000
   26    -2476.2698    -2475.3800    -2475.3800  1.82242  0.03984  0.00000
   27    -2477.4260    -2477.7559    -2477.7559  1.72776  0.02120  0.00000
   28    -2476.8977    -2476.7139    -2476.7139  1.76639  0.00486  0.00000
   29    -2561.8097    -2477.0584    -2477.0584  1.75134  1.07814  0.00000
   30    -2183.1857    -2230.1189    -2230.1189  7.55915  1.07660  0.00000
   31    -2536.6991    -2504.4304    -2504.4304  0.52214  1.05595  0.00000
   32    -2370.3225    -2369.8106    -2369.8106  6.48617  0.41331  0.00000
   33    -2342.0556    -2376.7162    -2376.7162  5.66207  1.02969  0.00000
   34    -2469.9558    -2468.0027    -2468.0027  2.13994  0.05637  0.00000
   35    -2473.9205    -2473.0258    -2473.0258  1.93068  0.03682  0.00000
   36    -2513.8362    -2475.2978    -2475.2978  1.83353  1.12251  0.00000
   37    -2421.1372    -2376.6556    -2376.6556  6.72648  0.97736  0.00000
   38    -2198.1665    -2205.3214    -2205.3214  8.10324  0.24551  0.00000
   39    -2227.7571    -2276.7842    -2276.7842  6.72892  1.14417  0.00000
   40    -2475.8756    -2475.9681    -2475.9681  1.80169  0.00457  0.00000
   41    -2476.3527    -2475.7500    -2475.7500  1.81025  0.03731  0.00000
   42    -2477.7721    -2477.4374    -2477.4374  1.73595  0.02563  0.00000
   43    -2563.4439    -2478.5979    -2478.5979  1.68430  1.07944  0.00000
   44    -2174.0363    -2229.2066    -2229.2066  7.58296  1.07927  0.00000
   45    -2533.0779    -2481.8820    -2481.8820  1.59619  1.12422  0.00000
   46    -2249.6735    -2298.0722    -2298.0722  6.43447  1.12430  0.00000
   47    -2477.1986    -2476.6696    -2476.6696  1.76369  0.03229  0.00000
   48    -2477.9279    -2478.1575    -2478.1575  1.70895  0.01497  0.00000
   49    -2477.6727    -2477.4343    -2477.4343  1.73475  0.01537  0.00000
   50    -2556.5293    -2478.2143    -2478.2143  1.70636  1.09667  0.00000
   51    -2229.3918    -2236.4504    -2236.4504  7.40741  0.23700  0.00000
   52    -2237.4088    -2286.6650    -2286.6650  6.58866  1.13283  0.00000
   53    -2480.4424    -2480.2388    -2480.2388  1.63433  0.01135  0.00000
   54    -2481.4269    -2480.9148    -2480.9148  1.61116  0.02951  0.00000
   55    -2483.5360    -2482.6727    -2482.6727  1.53824  0.04791  0.00000
   56    -2551.3612    -2485.3526    -2485.3526  1.43822  1.10673  0.00000
   57    -2230.3974    -2249.7354    -2249.7354  7.17856  0.48224  0.00000
   58    -2405.6986    -2431.0899    -2431.0899  4.12526  0.76611  0.00000
   59    -2549.3167    -2505.0443    -2505.0443  0.14247  1.11097  0.00000
   60    -2229.2868    -2274.8278    -2274.8278  6.75292  1.14009  0.00000
   61    -2473.0849    -2471.6078    -2471.6078  1.97051  0.05573  0.00000
   62    -2477.1246    -2475.3225    -2475.3225  1.81219  0.09790  0.00000
   63    -2484.1791    -2480.5848    -2480.5848  1.61827  0.20456  0.00000
   64    -2484.2004    -2491.4407    -2491.4407  1.13460  0.31143  0.00000
   65    -2468.5675    -2468.2814    -2468.2814  2.08856  0.02793  0.00000
   66    -2573.0820    -2469.7993    -2469.7993  2.00084  1.01595  0.00000
   67    -2172.3761    -2216.2052    -2216.2052  7.82744  1.00023  0.00000
   68    -2495.1538    -2506.7096    -2506.7096  0.44506  0.66237  0.00000
   69    -2470.5648    -2468.7706    -2468.7706  2.16148  0.07807  0.00000
   70    -2479.0926    -2474.3266    -2474.3266  1.88265  0.25531  0.00000
   71    -2548.2066    -2488.9954    -2488.9954  1.36522  1.11769  0.00000
   72    -2208.4706    -2259.3184    -2259.3184  6.99687  1.11879  0.00000
   73    -2476.8254    -2476.7318    -2476.7318  1.76606  0.00726  0.00000
   74    -2477.1324    -2477.0260    -2477.0260  1.75303  0.00576  0.00000
   75    -2477.1196    -2477.2688    -2477.2688  1.74547  0.01142  0.00000
   76    -2557.3942    -2476.8123    -2476.8123  1.76440  1.09617  0.00000
   77    -2226.7512    -2234.5398    -2234.5398  7.44555  0.22822  0.00000
   78    -2245.9292    -2293.0604    -2293.0604  6.48974  1.14028  0.00000
   79    -2475.5338    -2475.8266    -2475.8266  1.80964  0.02186  0.00000
   80    -2474.9885    -2474.8619    -2474.8619  1.85709  0.01243  0.00000
   81    -2476.8535    -2475.3451    -2475.3451  1.83146  0.10543  0.00000
   82    -2604.5219    -2480.0543    -2480.0543  1.64963  0.92497  0.00000
   83    -2191.1032    -2195.5201    -2195.5201  8.29573  0.24593  0.00000
   84    -2222.4802    -2272.5729    -2272.5729  6.80161  1.13356  0.00000
   85    -2490.6817    -2477.5744    -2477.5744  1.72790  0.63831  0.00000
   86    -2496.6503    -2505.6719    -2505.6719  0.56485  0.42414  0.00000
   87    -2487.9702    -2489.4780    -2489.4780  1.41040  0.11172  0.00000
   88    -2489.3065    -2485.0498    -2485.0498  1.54092  0.30088  0.00000
   89    -2496.6176    -2496.9430    -2496.9430  0.83375  0.04733  0.00000
   90    -2519.3735    -2496.3948    -2496.3948  0.95733  1.05833  0.00000
   91    -2449.3978    -2468.4022    -2468.4022  3.08195  1.04358  0.00000
   92    -2503.7056    -2502.9534    -2502.9534  0.41579  0.03843  0.00000
   93    -2503.2851    -2504.0414    -2504.0414  0.31278  0.02698  0.00000
   94    -2502.3635    -2502.9905    -2502.9905  0.42998  0.02916  0.00000
   95    -2502.8549    -2502.0801    -2502.0801  0.51817  0.07956  0.00000
   96    -2504.2099    -2503.3170    -2503.3170  0.33982  0.05440  0.00000
   97    -2506.4902    -2504.5397    -2504.5397  0.17428  0.17904  0.00000
   98    -2505.6193    -2506.1052    -2506.1052  0.31761  0.12563  0.00000
   99    -2511.8946    -2505.8230    -2505.8230  0.24511  0.56444  0.00000
  100    -2497.8623    -2502.4815    -2502.4815  1.62791  0.35788  0.00000
  101    -2505.4944    -2506.3663    -2506.3663  0.51314  0.06128  0.00000
  102    -2505.6377    -2506.1620    -2506.1620  0.30073  0.03502  0.00000
  103    -2505.5184    -2505.8911    -2505.8911  0.17449  0.03409  0.00000
  104    -2505.2420    -2505.6374    -2505.6374  0.06162  0.02763  0.00000
  105    -2505.2939    -2505.2915    -2505.2915  0.04229  0.01755  0.00000
  106    -2505.3161    -2505.2921    -2505.2921  0.04734  0.00689  0.00000
  107    -2505.6058    -2505.3176    -2505.3176  0.03566  0.05676  0.00000
  108    -2505.5130    -2505.5682    -2505.5682  0.06333  0.00427  0.00000
  109    -2505.7569    -2505.5223    -2505.5223  0.05274  0.13474  0.00000
  110    -2504.9348    -2505.7127    -2505.7127  0.09553  0.12194  0.00000
  111    -2505.2461    -2505.0114    -2505.0114  0.07074  0.01405  0.00000
  112    -2506.3649    -2505.2412    -2505.2412  0.03106  0.21372  0.00000
  113    -2505.0073    -2506.1043    -2506.1043  0.17280  0.20079  0.00000
  114    -2505.4563    -2505.2517    -2505.2517  0.02634  0.05059  0.00000
  115    -2506.1319    -2505.4408    -2505.4408  0.01754  0.09863  0.00000
  116    -2505.6769    -2505.9789    -2505.9789  0.13526  0.05747  0.00000
  117    -2505.7948    -2505.7611    -2505.7611  0.08233  0.00844  0.00000
  118    -2505.4751    -2505.7854    -2505.7854  0.09144  0.04577  0.00000
  119    -2506.0092    -2505.5353    -2505.5353  0.03929  0.06877  0.00000
  120    -2505.6022    -2505.8944    -2505.8944  0.11630  0.04902  0.00000
  121    -2505.5574    -2505.6795    -2505.6795  0.07347  0.03186  0.00000
  122    -2505.6668    -2505.5830    -2505.5830  0.05185  0.02371  0.00000
  123    -2505.8985    -2505.6501    -2505.6501  0.06913  0.06670  0.00000
  124    -2506.1800    -2505.8421    -2505.8421  0.10251  0.14468  0.00000
  125    -2504.9101    -2506.0521    -2506.0521  0.16339  0.10058  0.00000
  126    -2505.6945    -2505.1379    -2505.1379  0.06752  0.05481  0.00000
  127    -2505.3845    -2505.6362    -2505.6362  0.06107  0.02289  0.00000
  128    -2505.3937    -2505.4240    -2505.4240  0.01531  0.01745  0.00000
  129    -2505.3603    -2505.3971    -2505.3971  0.01314  0.02903  0.00000
  130    -2505.3751    -2505.3635    -2505.3635  0.01205  0.02118  0.00000
  131    -2505.3642    -2505.3736    -2505.3736  0.01623  0.00617  0.00000
  132    -2505.5203    -2505.3648    -2505.3648  0.01674  0.06043  0.00000
  133    -2505.3719    -2505.5026    -2505.5026  0.03562  0.01233  0.00000
  134    -2505.3307    -2505.3879    -2505.3879  0.00591  0.00555  0.00000
  135    -2505.3662    -2505.3358    -2505.3358  0.01519  0.01082  0.00000
  136    -2505.3567    -2505.3641    -2505.3641  0.00613  0.00241  0.00000
  137    -2505.3684    -2505.3574    -2505.3574  0.00856  0.00893  0.00000
  138    -2505.3669    -2505.3669    -2505.3669  0.00831  0.01103  0.00000
  139    -2505.3708    -2505.3665    -2505.3665  0.00756  0.02215  0.00000
  140    -2505.2217    -2505.3698    -2505.3698  0.00656  0.05509  0.00000
  141    -2505.5109    -2505.2303    -2505.2303  0.04128  0.02559  0.00000
  142    -2505.2768    -2505.4835    -2505.4835  0.04185  0.05032  0.00000
  143    -2505.3453    -2505.2988    -2505.2988  0.02997  0.03225  0.00000
  144    -2505.3602    -2505.3429    -2505.3429  0.01405  0.01101  0.00000
  145    -2505.3910    -2505.3589    -2505.3589  0.00938  0.01466  0.00000
  146    -2505.3187    -2505.3882    -2505.3882  0.00562  0.03192  0.00000
  147    -2505.2772    -2505.3238    -2505.3238  0.02131  0.02548  0.00000
  148    -2505.3841    -2505.2786    -2505.2786  0.03670  0.01387  0.00000
  149    -2505.3447    -2505.3779    -2505.3779  0.00659  0.01576  0.00000
  150    -2505.3851    -2505.3468    -2505.3468  0.01923  0.00554  0.00000
  151    -2505.4126    -2505.3826    -2505.3826  0.01242  0.00671  0.00000
  152    -2505.4001    -2505.4097    -2505.4097  0.01693  0.00219  0.00000
  153    -2505.3483    -2505.4011    -2505.4011  0.01566  0.01416  0.00000
  154    -2505.2191    -2505.3529    -2505.3529  0.01219  0.01780  0.00000
  155    -2505.3994    -2505.2281    -2505.2281  0.03258  0.04544  0.00000
  156    -2505.5538    -2505.3871    -2505.3871  0.01260  0.05015  0.00000
  157    -2505.3106    -2505.5334    -2505.5334  0.03577  0.03313  0.00000
  158    -2505.3057    -2505.3352    -2505.3352  0.01788  0.02524  0.00000
  159    -2505.6852    -2505.3071    -2505.3071  0.02167  0.08400  0.00000
  160    -2505.3742    -2505.6262    -2505.6262  0.08761  0.08220  0.00000
  161    -2508.5917    -2505.4166    -2505.4166  0.02830  0.35984  0.00000
  162    -2503.3077    -2506.6228    -2506.6228  0.61171  0.37408  0.00000
  163    -2505.2158    -2505.2532    -2505.2532  0.03469  0.03151  0.00000
  164    -2505.4653    -2505.2143    -2505.2143  0.05640  0.04857  0.00000
  165    -2505.4245    -2505.4449    -2505.4449  0.03646  0.00514  0.00000
  166    -2505.4957    -2505.4270    -2505.4270  0.03230  0.01028  0.00000
  167    -2505.6242    -2505.4862    -2505.4862  0.04624  0.02211  0.00000
  168    -2505.3664    -2505.5972    -2505.5972  0.08398  0.03394  0.00000
  169    -2505.2667    -2505.4065    -2505.4065  0.01870  0.01478  0.00000
  170    -2505.2672    -2505.2792    -2505.2792  0.01951  0.00336  0.00000
  171    -2505.3964    -2505.2680    -2505.2680  0.02090  0.01676  0.00000
  172    -2505.3308    -2505.3857    -2505.3857  0.01043  0.01205  0.00000
  173    -2505.5499    -2505.3361    -2505.3361  0.01101  0.06173  0.00000
  174    -2505.3642    -2505.5243    -2505.5243  0.04365  0.04676  0.00000
  175    -2505.3843    -2505.3843    -2505.3843  0.00892  0.00288  0.00000
  176    -2505.3663    -2505.3844    -2505.3844  0.00851  0.00486  0.00000
  177    -2505.3757    -2505.3681    -2505.3681  0.00512  0.01255  0.00000
  178    -2505.3885    -2505.3751    -2505.3751  0.00326  0.01599  0.00000
  179    -2505.3751    -2505.3874    -2505.3874  0.00772  0.01831  0.00000
  180    -2505.3777    -2505.3762    -2505.3762  0.00598  0.00992  0.00000
  181    -2505.3923    -2505.3773    -2505.3773  0.00610  0.02353  0.00000
  182    -2505.4356    -2505.3904    -2505.3904  0.00858  0.01866  0.00000
  183    -2505.5627    -2505.4299    -2505.4299  0.02141  0.08685  0.00000
  184    -2505.3446    -2505.5444    -2505.5444  0.05007  0.06771  0.00000
  185    -2505.3968    -2505.3682    -2505.3682  0.00608  0.01003  0.00000
  186    -2505.4018    -2505.3939    -2505.3939  0.00882  0.02715  0.00000
  187    -2505.3584    -2505.3997    -2505.3997  0.01458  0.01057  0.00000
  188    -2505.3636    -2505.3629    -2505.3629  0.00798  0.00243  0.00000
  189    -2505.4197    -2505.3635    -2505.3635  0.00863  0.00638  0.00000
  190    -2505.3923    -2505.4137    -2505.4137  0.01707  0.02486  0.00000
  191    -2505.4056    -2505.3953    -2505.3953  0.00696  0.02425  0.00000
  192    -2505.3746    -2505.4044    -2505.4044  0.00955  0.00190  0.00000
  193    -2505.3798    -2505.3777    -2505.3777  0.00407  0.00390  0.00000
  194    -2505.3798    -2505.3796    -2505.3796  0.00541  0.00118  0.00000
  195    -2505.3755    -2505.3798    -2505.3798  0.00544  0.00944  0.00000
  196    -2505.3729    -2505.3757    -2505.3757  0.00397  0.00171  0.00000
  197    -2505.3884    -2505.3732    -2505.3732  0.00303  0.00888  0.00000
  198    -2505.3729    -2505.3870    -2505.3870  0.00516  0.00255  0.00000
  199    -2505.3884    -2505.3742    -2505.3742  0.00249  0.02473  0.00000
  200    -2505.3746    -2505.3867    -2505.3867  0.00520  0.00594  0.00000
  201    -2505.3755    -2505.3759    -2505.3759  0.00320  0.00407  0.00000
  202    -2505.3745    -2505.3756    -2505.3756  0.00434  0.00113  0.00000
  203    -2505.3783    -2505.3746    -2505.3746  0.00404  0.00435  0.00000
  204    -2505.3790    -2505.3780    -2505.3780  0.00446  0.00974  0.00000
  205    -2505.3714    -2505.3789    -2505.3789  0.00452  0.00372  0.00000
  206    -2505.3690    -2505.3721    -2505.3721  0.00331  0.00068  0.00000
  207    -2505.3892    -2505.3693    -2505.3693  0.00260  0.01579  0.00000
  208    -2505.5049    -2505.3875    -2505.3875  0.00754  0.07066  0.00000
  209    -2505.4974    -2505.4849    -2505.4849  0.04654  0.00698  0.00000
  210    -2505.3734    -2505.4952    -2505.4952  0.04977  0.06669  0.00000
  211    -2505.4005    -2505.3924    -2505.3924  0.00895  0.01224  0.00000
  212    -2505.3957    -2505.3999    -2505.3999  0.01213  0.04086  0.00000
  213    -2505.4156    -2505.3950    -2505.3950  0.00690  0.01585  0.00000
  214    -2505.4037    -2505.4137    -2505.4137  0.01135  0.05371  0.00000
  215    -2505.3915    -2505.4034    -2505.4034  0.01072  0.01127  0.00000
  216    -2505.3926    -2505.3928    -2505.3928  0.00586  0.01257  0.00000
  217    -2505.4334    -2505.3926    -2505.3926  0.00594  0.01856  0.00000
  218    -2505.3723    -2505.4284    -2505.4284  0.02050  0.01704  0.00000
  219    -2505.3310    -2505.3787    -2505.3787  0.00182  0.01199  0.00000
  220    -2505.3508    -2505.3351    -2505.3351  0.01251  0.00827  0.00000
  221    -2505.3460    -2505.3496    -2505.3496  0.00707  0.00832  0.00000
  222    -2505.3609    -2505.3463    -2505.3463  0.00831  0.00883  0.00000
  223    -2505.3680    -2505.3596    -2505.3596  0.00433  0.00995  0.00000
  224    -2505.3724    -2505.3674    -2505.3674  0.00274  0.01302  0.00000
  225    -2505.3651    -2505.3718    -2505.3718  0.00142  0.00622  0.00000
  226    -2505.3495    -2505.3657    -2505.3657  0.00289  0.01775  0.00000
  227    -2505.3717    -2505.3509    -2505.3509  0.00782  0.02768  0.00000
  228    -2505.3609    -2505.3696    -2505.3696  0.00380  0.00801  0.00000
  229    -2505.3639    -2505.3617    -2505.3617  0.00441  0.01312  0.00000
  230    -2505.4066    -2505.3636    -2505.3636  0.00440  0.02323  0.00000
  231    -2505.4254    -2505.4021    -2505.4021  0.01587  0.00923  0.00000
  232    -2505.3348    -2505.4229    -2505.4229  0.02055  0.03255  0.00000
  233    -2505.3484    -2505.3435    -2505.3435  0.00586  0.00683  0.00000
  234    -2505.3410    -2505.3480    -2505.3480  0.00516  0.00932  0.00000
  235    -2505.3807    -2505.3416    -2505.3416  0.00842  0.01869  0.00000
  236    -2505.3471    -2505.3773    -2505.3773  0.00415  0.01729  0.00000
  237    -2505.3480    -2505.3497    -2505.3497  0.00694  0.02035  0.00000
  238    -2505.3498    -2505.3478    -2505.3478  0.00761  0.01103  0.00000
  239    -2505.4098    -2505.3497    -2505.3497  0.00703  0.03859  0.00000
  240    -2505.4060    -2505.4038    -2505.4038  0.00811  0.08991  0.00000
  241    -2505.3333    -2505.4037    -2505.4037  0.02274  0.06559  0.00000
  242    -2505.3264    -2505.3400    -2505.3400  0.01150  0.00774  0.00000
  243    -2505.3354    -2505.3272    -2505.3272  0.01676  0.00592  0.00000
  244    -2505.3557    -2505.3349    -2505.3349  0.01323  0.02714  0.00000
  245    -2505.3342    -2505.3541    -2505.3541  0.00914  0.01109  0.00000
  246    -2505.3459    -2505.3356    -2505.3356  0.01463  0.02676  0.00000
  247    -2505.3439    -2505.3447    -2505.3447  0.01295  0.00411  0.00000
  248    -2505.4000    -2505.3441    -2505.3441  0.01230  0.02941  0.00000
  249    -2505.3920    -2505.3952    -2505.3952  0.00546  0.00143  0.00000
  250    -2505.4052    -2505.3924    -2505.3924  0.00559  0.03669  0.00000
  251    -2505.4004    -2505.4032    -2505.4032  0.00824  0.01279  0.00000
  252    -2505.6876    -2505.4006    -2505.4006  0.00723  0.15176  0.00000
  253    -2505.4556    -2505.6199    -2505.6199  0.12476  0.04884  0.00000
  254    -2505.3640    -2505.4954    -2505.4954  0.07431  0.09027  0.00000
  255    -2505.3907    -2505.3883    -2505.3883  0.01248  0.01559  0.00000
  256    -2505.4527    -2505.3906    -2505.3906  0.01097  0.02883  0.00000
  257    -2505.4179    -2505.4459    -2505.4459  0.01722  0.01176  0.00000
  258    -2505.3616    -2505.4210    -2505.4210  0.01477  0.03976  0.00000
  259    -2505.3597    -2505.3679    -2505.3679  0.00142  0.00099  0.00000
  260    -2505.3450    -2505.3604    -2505.3604  0.00462  0.01606  0.00000
  261    -2505.3734    -2505.3461    -2505.3461  0.01026  0.00706  0.00000
  262    -2505.3696    -2505.3711    -2505.3711  0.00057  0.00164  0.00000
  263    -2505.3779    -2505.3698    -2505.3698  0.00105  0.00505  0.00000
  264    -2505.3780    -2505.3771    -2505.3771  0.00192  0.01355  0.00000
  265    -2505.3711    -2505.3778    -2505.3778  0.00171  0.00376  0.00000
  266    -2505.3678    -2505.3717    -2505.3717  0.00061  0.00192  0.00000
  267    -2505.3706    -2505.3682    -2505.3682  0.00203  0.00194  0.00000
  268    -2505.3706    -2505.3704    -2505.3704  0.00040  0.00088  0.00000
  269    -2505.3705    -2505.3706    -2505.3706  0.00034  0.00037  0.00000
  270    -2505.3740    -2505.3705    -2505.3705  0.00035  0.00401  0.00000
  271    -2505.3709    -2505.3736    -2505.3736  0.00067  0.00185  0.00000
  272    -2505.3712    -2505.3711    -2505.3711  0.00028  0.00061  0.00000
  273    -2505.3704    -2505.3712    -2505.3712  0.00022  0.00172  0.00000
  274    -2505.3708    -2505.3705    -2505.3705  0.00038  0.00094  0.00000
  275    -2505.3718    -2505.3707    -2505.3707  0.00037  0.00109  0.00000
  276    -2505.3716    -2505.3717    -2505.3717  0.00029  0.00386  0.00000
  277    -2505.3714    -2505.3716    -2505.3716  0.00030  0.00222  0.00000
  278    -2505.3713    -2505.3714    -2505.3714  0.00012  0.00085  0.00000
  279    -2505.3711    -2505.3713    -2505.3713  0.00010  0.00054  0.00000
  280    -2505.3715    -2505.3712    -2505.3712  0.00014  0.00051  0.00000
  281    -2505.3717    -2505.3715    -2505.3715  0.00015  0.00154  0.00000
  282    -2505.3715    -2505.3716    -2505.3716  0.00009  0.00011  0.00000
