 iscf   Eharris(eV)      E_KS(eV)   FreeEng(eV)    dHmax    dDmax   Ef(eV)
    1   -32291.2897   -32279.2583   -32279.2583  0.87761  0.00000 -2.32611
    2   -32282.4288   -32273.2418   -32273.2627  0.10770  0.00000 -3.39425
    3   -32279.4668   -32278.6658   -32278.6800  0.27553  0.00000 -3.12238
    4   -32279.4664   -32278.6632   -32278.6786  0.27496  0.00000 -3.12257
    5   -32279.4198   -32278.7073   -32278.7227  0.25221  0.00000 -3.11984
    6   -32279.4478   -32278.6843   -32278.6997  0.26693  0.00000 -3.12130
    7   -32279.4072   -32278.8357   -32278.8510  0.20997  0.00000 -3.11385
    8   -32279.4089   -32278.8321   -32278.8474  0.21158  0.00000 -3.11413
    9   -32279.3547   -32279.4130   -32279.4284  0.00192  0.00000 -3.08515
   10   -32279.3546   -32279.4142   -32279.4294  0.00178  0.00000 -3.08501
   11   -32279.3542   -32279.4022   -32279.4174  0.00085  0.00000 -3.08527
   12   -32279.3542   -32279.4013   -32279.4165  0.00083  0.00000 -3.08527
   13   -32279.3541   -32279.3839   -32279.3991  0.00056  0.00000 -3.08551
   14   -32279.3541   -32279.3830   -32279.3983  0.00051  0.00000 -3.08548
   15   -32279.3542   -32279.3749   -32279.3902  0.00027  0.00000 -3.08547
   16   -32279.3542   -32279.3739   -32279.3891  0.00025  0.00000 -3.08549
   17   -32279.3542   -32279.3692   -32279.3845  0.00015  0.00000 -3.08553
   18   -32279.3541   -32279.3629   -32279.3781  0.00016  0.00000 -3.08557
   19   -32279.3541   -32279.3625   -32279.3778  0.00015  0.00000 -3.08557
   20   -32279.3541   -32279.3609   -32279.3761  0.00011  0.00000 -3.08556
   21   -32279.3541   -32279.3581   -32279.3734  0.00004  0.00000 -3.08556
