cpu-bind=MASK - cn1044, task  0  0 [6391]: mask 0xffffffffffffffff set
--------------------------------------------------------------------------
Open MPI failed an OFI Libfabric library call (fi_domain).  This is highly
unusual; your job may behave unpredictably (and/or abort) after this.

  Local host: cn1104
  Location: mtl_ofi_component.c:928
  Error: No data available (61)
--------------------------------------------------------------------------
[cn1044.scarf.rl.ac.uk:07404] 239 more processes have sent help message help-mtl-ofi.txt / OFI call fail
[cn1044.scarf.rl.ac.uk:07404] Set MCA parameter "orte_base_help_aggregate" to 0 to see all help / error messages
--------------------------------------------------------------------------
Open MPI failed an OFI Libfabric library call (fi_domain).  This is highly
unusual; your job may behave unpredictably (and/or abort) after this.

  Local host: cn1044
  Location: mtl_ofi_component.c:928
  Error: No data available (61)
--------------------------------------------------------------------------
[cn1044.scarf.rl.ac.uk:08097] 239 more processes have sent help message help-mtl-ofi.txt / OFI call fail
[cn1044.scarf.rl.ac.uk:08097] Set MCA parameter "orte_base_help_aggregate" to 0 to see all help / error messages
[1678652711.800860] [cn1044:8185 :0]          mpool.c:43   UCX  WARN  object 0xa2729c0 was not returned to mpool ucp_requests
[1678652711.800998] [cn1044:8191 :0]          mpool.c:43   UCX  WARN  object 0xa1b8d80 was not returned to mpool ucp_requests
[1678652711.801195] [cn1044:8162 :0]          mpool.c:43   UCX  WARN  object 0x690b980 was not returned to mpool ucp_requests
[1678652711.801306] [cn1044:8165 :0]          mpool.c:43   UCX  WARN  object 0xb5a84c0 was not returned to mpool ucp_requests
[1678652711.801335] [cn1044:8171 :0]          mpool.c:43   UCX  WARN  object 0xa560500 was not returned to mpool ucp_requests
[1678652711.801333] [cn1044:8188 :0]          mpool.c:43   UCX  WARN  object 0xaf1eb00 was not returned to mpool ucp_requests
[1678652711.801365] [cn1044:8175 :0]          mpool.c:43   UCX  WARN  object 0xbace040 was not returned to mpool ucp_requests
[1678652711.801484] [cn1044:8176 :0]          mpool.c:43   UCX  WARN  object 0xb547e80 was not returned to mpool ucp_requests
[1678652711.801493] [cn1044:8180 :0]          mpool.c:43   UCX  WARN  object 0x540cf40 was not returned to mpool ucp_requests
[1678652711.801538] [cn1044:8183 :0]          mpool.c:43   UCX  WARN  object 0xaab31c0 was not returned to mpool ucp_requests
--------------------------------------------------------------------------
Open MPI failed an OFI Libfabric library call (fi_domain).  This is highly
unusual; your job may behave unpredictably (and/or abort) after this.

  Local host: cn1044
  Location: mtl_ofi_component.c:928
  Error: No data available (61)
--------------------------------------------------------------------------
[cn1044.scarf.rl.ac.uk:08727] 239 more processes have sent help message help-mtl-ofi.txt / OFI call fail
[cn1044.scarf.rl.ac.uk:08727] Set MCA parameter "orte_base_help_aggregate" to 0 to see all help / error messages
[1678652896.425067] [cn1044:8821 :0]          mpool.c:43   UCX  WARN  object 0xaedf940 was not returned to mpool ucp_requests
[1678652896.425056] [cn1044:8824 :0]          mpool.c:43   UCX  WARN  object 0xb18c640 was not returned to mpool ucp_requests
[1678652896.425187] [cn1044:8818 :0]          mpool.c:43   UCX  WARN  object 0xb47ce40 was not returned to mpool ucp_requests
[1678652896.426859] [cn1044:8807 :0]          mpool.c:43   UCX  WARN  object 0xa89d540 was not returned to mpool ucp_requests
[1678652896.426933] [cn1044:8799 :0]          mpool.c:43   UCX  WARN  object 0xad4d900 was not returned to mpool ucp_requests
[1678652896.426963] [cn1044:8795 :0]          mpool.c:43   UCX  WARN  object 0xaa8e1c0 was not returned to mpool ucp_requests
[1678652896.426962] [cn1044:8813 :0]          mpool.c:43   UCX  WARN  object 0xa461640 was not returned to mpool ucp_requests
[1678652896.426950] [cn1044:8815 :0]          mpool.c:43   UCX  WARN  object 0xc123680 was not returned to mpool ucp_requests
[1678652896.426999] [cn1044:8801 :0]          mpool.c:43   UCX  WARN  object 0x550b840 was not returned to mpool ucp_requests
[1678652896.427008] [cn1044:8804 :0]          mpool.c:43   UCX  WARN  object 0xbf95480 was not returned to mpool ucp_requests
cp: cannot stat ‘0V-VH_z-0028.dat’: No such file or directory
cp: cannot stat ‘0V-VH_z-0028.dat’: No such file or directory
cp: cannot stat ‘0V-RHO_z-0028.dat’: No such file or directory
cp: cannot stat ‘0V-RHO_z-0028.dat’: No such file or directory
