
  GRID BASED BADER ANALYSIS  (Version 0.28a 07/12/12)

  OPEN ... mx.RHO.cube         
  GAUSSIAN-STYLE INPUT FILE
  FFT-grid:   160 x 160 x 720
  CLOSE ... mx.RHO.cube         

  RUN TIME:    9.09 SECONDS

  CALCULATING BADER CHARGE DISTRIBUTION
                 0  10  25  50  75  100
  PERCENT DONE:  ********************** 

  REFINING AUTOMATICALLY
  ITERATION: 1
  EDGE POINTS:       7249868
  REASSIGNED POINTS:  790816
  ITERATION: 2
  CHECKED POINTS:    6229631
  REASSIGNED POINTS:   17592
  ITERATION: 3
  CHECKED POINTS:     181867
  REASSIGNED POINTS:    5401
  ITERATION: 4
  CHECKED POINTS:      42220
  REASSIGNED POINTS:    2978
  ITERATION: 5
  CHECKED POINTS:      17657
  REASSIGNED POINTS:    1742
  ITERATION: 6
  CHECKED POINTS:      10280
  REASSIGNED POINTS:    1278
  ITERATION: 7
  CHECKED POINTS:       7091
  REASSIGNED POINTS:     991
  ITERATION: 8
  CHECKED POINTS:       5468
  REASSIGNED POINTS:     651
  ITERATION: 9
  CHECKED POINTS:       4321
  REASSIGNED POINTS:     275
  ITERATION:10
  CHECKED POINTS:       2631
  REASSIGNED POINTS:     140
  ITERATION:11
  CHECKED POINTS:       1713
  REASSIGNED POINTS:      96
  ITERATION:12
  CHECKED POINTS:       1281
  REASSIGNED POINTS:     112
  ITERATION:13
  CHECKED POINTS:       1380
  REASSIGNED POINTS:     103
  ITERATION:14
  CHECKED POINTS:       1172
  REASSIGNED POINTS:      97
  ITERATION:15
  CHECKED POINTS:       1149
  REASSIGNED POINTS:      93
  ITERATION:16
  CHECKED POINTS:       1149
  REASSIGNED POINTS:      94
  ITERATION:17
  CHECKED POINTS:       1099
  REASSIGNED POINTS:      96
  ITERATION:18
  CHECKED POINTS:       1121
  REASSIGNED POINTS:     101
  ITERATION:19
  CHECKED POINTS:       1101
  REASSIGNED POINTS:      97
  ITERATION:20
  CHECKED POINTS:       1084
  REASSIGNED POINTS:     101
  ITERATION:21
  CHECKED POINTS:       1049
  REASSIGNED POINTS:      90
  ITERATION:22
  CHECKED POINTS:        877
  REASSIGNED POINTS:      86
  ITERATION:23
  CHECKED POINTS:        853
  REASSIGNED POINTS:      87
  ITERATION:24
  CHECKED POINTS:        788
  REASSIGNED POINTS:      83
  ITERATION:25
  CHECKED POINTS:        836
  REASSIGNED POINTS:      92
  ITERATION:26
  CHECKED POINTS:        863
  REASSIGNED POINTS:      90
  ITERATION:27
  CHECKED POINTS:        833
  REASSIGNED POINTS:      78
  ITERATION:28
  CHECKED POINTS:        696
  REASSIGNED POINTS:      62
  ITERATION:29
  CHECKED POINTS:        554
  REASSIGNED POINTS:      49
  ITERATION:30
  CHECKED POINTS:        473
  REASSIGNED POINTS:      49
  ITERATION:31
  CHECKED POINTS:        451
  REASSIGNED POINTS:      44
  ITERATION:32
  CHECKED POINTS:        403
  REASSIGNED POINTS:      35
  ITERATION:33
  CHECKED POINTS:        345
  REASSIGNED POINTS:      46
  ITERATION:34
  CHECKED POINTS:        398
  REASSIGNED POINTS:      40
  ITERATION:35
  CHECKED POINTS:        390
  REASSIGNED POINTS:      51
  ITERATION:36
  CHECKED POINTS:        433
  REASSIGNED POINTS:      43
  ITERATION:37
  CHECKED POINTS:        402
  REASSIGNED POINTS:      48
  ITERATION:38
  CHECKED POINTS:        403
  REASSIGNED POINTS:      43
  ITERATION:39
  CHECKED POINTS:        311
  REASSIGNED POINTS:      32
  ITERATION:40
  CHECKED POINTS:        241
  REASSIGNED POINTS:      27
  ITERATION:41
  CHECKED POINTS:        178
  REASSIGNED POINTS:      22
  ITERATION:42
  CHECKED POINTS:        136
  REASSIGNED POINTS:      19
  ITERATION:43
  CHECKED POINTS:        107
  REASSIGNED POINTS:       8
  ITERATION:44
  CHECKED POINTS:         61
  REASSIGNED POINTS:       0

  RUN TIME:     608.14 SECONDS

  CALCULATING MINIMUM DISTANCES TO ATOMS
                 0  10  25  50  75  100
  PERCENT DONE:  **********************

  RUN TIME:   14.29 SECONDS

  WRITING BADER ATOMIC CHARGES TO ACF.dat
  WRITING BADER VOLUME CHARGES TO BCF.dat

  NUMBER OF BADER MAXIMA FOUND:        2727122
      SIGNIFICANT MAXIMA FOUND:           2361
           NUMBER OF ELECTRONS:     1222.98961
 
