cpu-bind=MASK - cn1120, task  0  0 [34517]: mask 0xffffffffffffffff set
--------------------------------------------------------------------------
Open MPI failed an OFI Libfabric library call (fi_domain).  This is highly
unusual; your job may behave unpredictably (and/or abort) after this.

  Local host: cn1122
  Location: mtl_ofi_component.c:928
  Error: No data available (61)
--------------------------------------------------------------------------
[cn1120.scarf.rl.ac.uk:35508] 239 more processes have sent help message help-mtl-ofi.txt / OFI call fail
[cn1120.scarf.rl.ac.uk:35508] Set MCA parameter "orte_base_help_aggregate" to 0 to see all help / error messages
--------------------------------------------------------------------------
Open MPI failed an OFI Libfabric library call (fi_domain).  This is highly
unusual; your job may behave unpredictably (and/or abort) after this.

  Local host: cn1124
  Location: mtl_ofi_component.c:928
  Error: No data available (61)
--------------------------------------------------------------------------
[cn1120.scarf.rl.ac.uk:36280] 239 more processes have sent help message help-mtl-ofi.txt / OFI call fail
[cn1120.scarf.rl.ac.uk:36280] Set MCA parameter "orte_base_help_aggregate" to 0 to see all help / error messages
[1678913194.084179] [cn1120:36359:0]          mpool.c:43   UCX  WARN  object 0xbf69500 was not returned to mpool ucp_requests
[1678913194.084170] [cn1120:36361:0]          mpool.c:43   UCX  WARN  object 0xa78fe80 was not returned to mpool ucp_requests
[1678913194.084179] [cn1120:36364:0]          mpool.c:43   UCX  WARN  object 0xae25180 was not returned to mpool ucp_requests
[1678913194.084239] [cn1120:36368:0]          mpool.c:43   UCX  WARN  object 0x5c52e00 was not returned to mpool ucp_requests
[1678913194.084330] [cn1120:36371:0]          mpool.c:43   UCX  WARN  object 0x6c66500 was not returned to mpool ucp_requests
[1678913194.084423] [cn1120:36373:0]          mpool.c:43   UCX  WARN  object 0xae64b00 was not returned to mpool ucp_requests
[1678913194.084469] [cn1120:36355:0]          mpool.c:43   UCX  WARN  object 0x5f2e540 was not returned to mpool ucp_requests
[1678913194.084496] [cn1120:36353:0]          mpool.c:43   UCX  WARN  object 0xb7f1f80 was not returned to mpool ucp_requests
[1678913194.084526] [cn1120:36350:0]          mpool.c:43   UCX  WARN  object 0xb692b80 was not returned to mpool ucp_requests
[1678913194.084600] [cn1120:36348:0]          mpool.c:43   UCX  WARN  object 0x5b123c0 was not returned to mpool ucp_requests
[1678913194.078273] [cn1121:26489:0]          mpool.c:43   UCX  WARN  object 0xabbdbc0 was not returned to mpool ucp_requests
[1678913194.078348] [cn1121:26491:0]          mpool.c:43   UCX  WARN  object 0x68864c0 was not returned to mpool ucp_requests
[1678913194.078464] [cn1121:26484:0]          mpool.c:43   UCX  WARN  object 0x59b32c0 was not returned to mpool ucp_requests
-1.1032014419E+001
--------------------------------------------------------------------------
Open MPI failed an OFI Libfabric library call (fi_domain).  This is highly
unusual; your job may behave unpredictably (and/or abort) after this.

  Local host: cn1120
  Location: mtl_ofi_component.c:928
  Error: No data available (61)
--------------------------------------------------------------------------
[cn1120.scarf.rl.ac.uk:36897] 239 more processes have sent help message help-mtl-ofi.txt / OFI call fail
[cn1120.scarf.rl.ac.uk:36897] Set MCA parameter "orte_base_help_aggregate" to 0 to see all help / error messages
[1678914204.115354] [cn1120:36975:0]          mpool.c:43   UCX  WARN  object 0x51759c0 was not returned to mpool ucp_requests
[1678914204.115366] [cn1120:36978:0]          mpool.c:43   UCX  WARN  object 0xae3bf40 was not returned to mpool ucp_requests
[1678914204.115354] [cn1120:36983:0]          mpool.c:43   UCX  WARN  object 0x5991f80 was not returned to mpool ucp_requests
[1678914204.115367] [cn1120:36986:0]          mpool.c:43   UCX  WARN  object 0x6a6ad00 was not returned to mpool ucp_requests
[1678914204.115695] [cn1120:36972:0]          mpool.c:43   UCX  WARN  object 0x687f940 was not returned to mpool ucp_requests
[1678914204.115504] [cn1120:36988:0]          mpool.c:43   UCX  WARN  object 0x5056a40 was not returned to mpool ucp_requests
[1678914204.115493] [cn1120:36993:0]          mpool.c:43   UCX  WARN  object 0xb3a7c00 was not returned to mpool ucp_requests
[1678914204.115961] [cn1120:36967:0]          mpool.c:43   UCX  WARN  object 0xa508040 was not returned to mpool ucp_requests
[1678914204.116036] [cn1120:36969:0]          mpool.c:43   UCX  WARN  object 0xbdaebc0 was not returned to mpool ucp_requests
[1678914204.116106] [cn1120:36965:0]          mpool.c:43   UCX  WARN  object 0xbd44b40 was not returned to mpool ucp_requests
[1678914204.109766] [cn1121:27121:0]          mpool.c:43   UCX  WARN  object 0xacbae80 was not returned to mpool ucp_requests
[1678914204.112422] [cn1121:27119:0]          mpool.c:43   UCX  WARN  object 0x56763c0 was not returned to mpool ucp_requests
[1678914204.115714] [cn1121:27114:0]          mpool.c:43   UCX  WARN  object 0x69fe180 was not returned to mpool ucp_requests
cp: cannot stat ‘0V-VH_z-00115.dat’: No such file or directory
cp: cannot stat ‘0V-VH_z-00115.dat’: No such file or directory
cp: cannot stat ‘0V-RHO_z-00115.dat’: No such file or directory
cp: cannot stat ‘0V-RHO_z-00115.dat’: No such file or directory
