cpu-bind=MASK - cn1153, task  0  0 [44717]: mask 0xffffffffffffffff set
--------------------------------------------------------------------------
Open MPI failed an OFI Libfabric library call (fi_domain).  This is highly
unusual; your job may behave unpredictably (and/or abort) after this.

  Local host: cn1153
  Location: mtl_ofi_component.c:928
  Error: No data available (61)
--------------------------------------------------------------------------
[cn1153.scarf.rl.ac.uk:45393] 119 more processes have sent help message help-mtl-ofi.txt / OFI call fail
[cn1153.scarf.rl.ac.uk:45393] Set MCA parameter "orte_base_help_aggregate" to 0 to see all help / error messages
--------------------------------------------------------------------------
Open MPI failed an OFI Libfabric library call (fi_domain).  This is highly
unusual; your job may behave unpredictably (and/or abort) after this.

  Local host: cn1153
  Location: mtl_ofi_component.c:928
  Error: No data available (61)
--------------------------------------------------------------------------
[cn1153.scarf.rl.ac.uk:46375] 119 more processes have sent help message help-mtl-ofi.txt / OFI call fail
[cn1153.scarf.rl.ac.uk:46375] Set MCA parameter "orte_base_help_aggregate" to 0 to see all help / error messages
[1685855121.904118] [cn1153:46415:0]          mpool.c:43   UCX  WARN  object 0x6627f80 was not returned to mpool ucp_requests
[1685855121.904193] [cn1153:46416:0]          mpool.c:43   UCX  WARN  object 0x50bc040 was not returned to mpool ucp_requests
[1685855121.904192] [cn1153:46429:0]          mpool.c:43   UCX  WARN  object 0x69bbb00 was not returned to mpool ucp_requests
[1685855121.904192] [cn1153:46430:0]          mpool.c:43   UCX  WARN  object 0x6159f40 was not returned to mpool ucp_requests
[1685855121.904281] [cn1153:46414:0]          mpool.c:43   UCX  WARN  object 0x5467100 was not returned to mpool ucp_requests
[1685855121.904317] [cn1153:46418:0]          mpool.c:43   UCX  WARN  object 0x5d030c0 was not returned to mpool ucp_requests
[1685855121.904327] [cn1153:46412:0]          mpool.c:43   UCX  WARN  object 0x50ac2c0 was not returned to mpool ucp_requests
[1685855121.904406] [cn1153:46419:0]          mpool.c:43   UCX  WARN  object 0x591ee00 was not returned to mpool ucp_requests
[1685855121.904403] [cn1153:46420:0]          mpool.c:43   UCX  WARN  object 0x64c3e80 was not returned to mpool ucp_requests
[1685855121.904411] [cn1153:46423:0]          mpool.c:43   UCX  WARN  object 0x64a2d00 was not returned to mpool ucp_requests
[1685855121.904430] [cn1153:46423:0]          mpool.c:43   UCX  WARN  object 0x64a4ac0 was not returned to mpool ucp_requests
[1685855121.904391] [cn1153:46426:0]          mpool.c:43   UCX  WARN  object 0x6cc4b40 was not returned to mpool ucp_requests
[1685855121.904418] [cn1153:46405:0]          mpool.c:43   UCX  WARN  object 0x5852780 was not returned to mpool ucp_requests
[1685855121.904422] [cn1153:46409:0]          mpool.c:43   UCX  WARN  object 0x586ef80 was not returned to mpool ucp_requests
[1685855121.904444] [cn1153:46428:0]          mpool.c:43   UCX  WARN  object 0x5385fc0 was not returned to mpool ucp_requests
[1685855121.904460] [cn1153:46400:0]          mpool.c:43   UCX  WARN  object 0x5404740 was not returned to mpool ucp_requests
[1685855121.904465] [cn1153:46422:0]          mpool.c:43   UCX  WARN  object 0x63ecf80 was not returned to mpool ucp_requests
[1685855121.904496] [cn1153:46424:0]          mpool.c:43   UCX  WARN  object 0x5d12e00 was not returned to mpool ucp_requests
[1685855121.904573] [cn1153:46402:0]          mpool.c:43   UCX  WARN  object 0x64ef440 was not returned to mpool ucp_requests
-5.4579938999E+000
--------------------------------------------------------------------------
Open MPI failed an OFI Libfabric library call (fi_domain).  This is highly
unusual; your job may behave unpredictably (and/or abort) after this.

  Local host: cn1155
  Location: mtl_ofi_component.c:928
  Error: No data available (61)
--------------------------------------------------------------------------
[cn1153.scarf.rl.ac.uk:47321] 119 more processes have sent help message help-mtl-ofi.txt / OFI call fail
[cn1153.scarf.rl.ac.uk:47321] Set MCA parameter "orte_base_help_aggregate" to 0 to see all help / error messages
[1685855221.388378] [cn1153:47371:0]          mpool.c:43   UCX  WARN  object 0x64b7b00 was not returned to mpool ucp_requests
[1685855221.388404] [cn1153:47373:0]          mpool.c:43   UCX  WARN  object 0x6269140 was not returned to mpool ucp_requests
[1685855221.388446] [cn1153:47370:0]          mpool.c:43   UCX  WARN  object 0x63c9f80 was not returned to mpool ucp_requests
[1685855221.388469] [cn1153:47372:0]          mpool.c:43   UCX  WARN  object 0x6baa0c0 was not returned to mpool ucp_requests
[1685855221.388658] [cn1153:47366:0]          mpool.c:43   UCX  WARN  object 0x56113c0 was not returned to mpool ucp_requests
[1685855221.388677] [cn1153:47366:0]          mpool.c:43   UCX  WARN  object 0x5618200 was not returned to mpool ucp_requests
[1685855221.388682] [cn1153:47358:0]          mpool.c:43   UCX  WARN  object 0x6196c00 was not returned to mpool ucp_requests
[1685855221.388703] [cn1153:47347:0]          mpool.c:43   UCX  WARN  object 0x6623680 was not returned to mpool ucp_requests
[1685855221.388706] [cn1153:47353:0]          mpool.c:43   UCX  WARN  object 0x54f3a80 was not returned to mpool ucp_requests
[1685855221.388720] [cn1153:47367:0]          mpool.c:43   UCX  WARN  object 0x6915500 was not returned to mpool ucp_requests
[1685855221.388743] [cn1153:47352:0]          mpool.c:43   UCX  WARN  object 0x6833b80 was not returned to mpool ucp_requests
[1685855221.388757] [cn1153:47361:0]          mpool.c:43   UCX  WARN  object 0x5a41d00 was not returned to mpool ucp_requests
[1685855221.388751] [cn1153:47349:0]          mpool.c:43   UCX  WARN  object 0x4e72f80 was not returned to mpool ucp_requests
[1685855221.388813] [cn1153:47348:0]          mpool.c:43   UCX  WARN  object 0x5066c40 was not returned to mpool ucp_requests
[1685855221.388817] [cn1153:47355:0]          mpool.c:43   UCX  WARN  object 0x5971ac0 was not returned to mpool ucp_requests
[1685855221.388808] [cn1153:47363:0]          mpool.c:43   UCX  WARN  object 0x5073340 was not returned to mpool ucp_requests
[1685855221.388814] [cn1153:47364:0]          mpool.c:43   UCX  WARN  object 0x5e6cfc0 was not returned to mpool ucp_requests
[1685855221.388808] [cn1153:47365:0]          mpool.c:43   UCX  WARN  object 0x5721480 was not returned to mpool ucp_requests
[1685855221.391326] [cn1153:47362:0]          mpool.c:43   UCX  WARN  object 0x627b880 was not returned to mpool ucp_requests
-5.4579938999E+000
--------------------------------------------------------------------------
Open MPI failed an OFI Libfabric library call (fi_domain).  This is highly
unusual; your job may behave unpredictably (and/or abort) after this.

  Local host: cn1154
  Location: mtl_ofi_component.c:928
  Error: No data available (61)
--------------------------------------------------------------------------
[cn1153.scarf.rl.ac.uk:48502] 119 more processes have sent help message help-mtl-ofi.txt / OFI call fail
[cn1153.scarf.rl.ac.uk:48502] Set MCA parameter "orte_base_help_aggregate" to 0 to see all help / error messages
[1685855358.734898] [cn1153:48554:0]          mpool.c:43   UCX  WARN  object 0x6beeac0 was not returned to mpool ucp_requests
[1685855358.735138] [cn1153:48551:0]          mpool.c:43   UCX  WARN  object 0x5af2940 was not returned to mpool ucp_requests
[1685855358.735374] [cn1153:48541:0]          mpool.c:43   UCX  WARN  object 0x606eb00 was not returned to mpool ucp_requests
[1685855358.735401] [cn1153:48543:0]          mpool.c:43   UCX  WARN  object 0x5b688c0 was not returned to mpool ucp_requests
[1685855358.735419] [cn1153:48537:0]          mpool.c:43   UCX  WARN  object 0x63e5c40 was not returned to mpool ucp_requests
[1685855358.735431] [cn1153:48549:0]          mpool.c:43   UCX  WARN  object 0x5c08580 was not returned to mpool ucp_requests
[1685855358.735436] [cn1153:48550:0]          mpool.c:43   UCX  WARN  object 0x6070600 was not returned to mpool ucp_requests
[1685855358.735453] [cn1153:48538:0]          mpool.c:43   UCX  WARN  object 0x4e9a300 was not returned to mpool ucp_requests
[1685855358.735472] [cn1153:48545:0]          mpool.c:43   UCX  WARN  object 0x65ee680 was not returned to mpool ucp_requests
[1685855358.735502] [cn1153:48545:0]          mpool.c:43   UCX  WARN  object 0x65eed80 was not returned to mpool ucp_requests
[1685855358.735505] [cn1153:48535:0]          mpool.c:43   UCX  WARN  object 0x5564d80 was not returned to mpool ucp_requests
[1685855358.735498] [cn1153:48544:0]          mpool.c:43   UCX  WARN  object 0x5f058c0 was not returned to mpool ucp_requests
[1685855358.735507] [cn1153:48547:0]          mpool.c:43   UCX  WARN  object 0x64e2800 was not returned to mpool ucp_requests
[1685855358.735497] [cn1153:48530:0]          mpool.c:43   UCX  WARN  object 0x5f4b700 was not returned to mpool ucp_requests
[1685855358.735502] [cn1153:48532:0]          mpool.c:43   UCX  WARN  object 0x4ed8140 was not returned to mpool ucp_requests
[1685855358.735514] [cn1153:48534:0]          mpool.c:43   UCX  WARN  object 0x4e84640 was not returned to mpool ucp_requests
[1685855358.735522] [cn1153:48536:0]          mpool.c:43   UCX  WARN  object 0x61c2880 was not returned to mpool ucp_requests
[1685855358.735605] [cn1153:48528:0]          mpool.c:43   UCX  WARN  object 0x6799b40 was not returned to mpool ucp_requests
[1685855358.738215] [cn1153:48540:0]          mpool.c:43   UCX  WARN  object 0x6c4e000 was not returned to mpool ucp_requests
