cpu-bind=MASK - cn1156, task  0  0 [14991]: mask 0xffffffffffffffff set
--------------------------------------------------------------------------
Open MPI failed an OFI Libfabric library call (fi_domain).  This is highly
unusual; your job may behave unpredictably (and/or abort) after this.

  Local host: cn1158
  Location: mtl_ofi_component.c:928
  Error: No data available (61)
--------------------------------------------------------------------------
[cn1156.scarf.rl.ac.uk:15996] 119 more processes have sent help message help-mtl-ofi.txt / OFI call fail
[cn1156.scarf.rl.ac.uk:15996] Set MCA parameter "orte_base_help_aggregate" to 0 to see all help / error messages
--------------------------------------------------------------------------
Open MPI failed an OFI Libfabric library call (fi_domain).  This is highly
unusual; your job may behave unpredictably (and/or abort) after this.

  Local host: cn1156
  Location: mtl_ofi_component.c:928
  Error: No data available (61)
--------------------------------------------------------------------------
[cn1156.scarf.rl.ac.uk:16594] 119 more processes have sent help message help-mtl-ofi.txt / OFI call fail
[cn1156.scarf.rl.ac.uk:16594] Set MCA parameter "orte_base_help_aggregate" to 0 to see all help / error messages
[1679496084.637639] [cn1156:16652:0]          mpool.c:43   UCX  WARN  object 0x57481c0 was not returned to mpool ucp_requests
[1679496084.637715] [cn1156:16650:0]          mpool.c:43   UCX  WARN  object 0x576b140 was not returned to mpool ucp_requests
[1679496084.637693] [cn1156:16655:0]          mpool.c:43   UCX  WARN  object 0x6b93200 was not returned to mpool ucp_requests
[1679496084.637734] [cn1156:16678:0]          mpool.c:43   UCX  WARN  object 0x577af80 was not returned to mpool ucp_requests
[1679496084.637801] [cn1156:16646:0]          mpool.c:43   UCX  WARN  object 0x66154c0 was not returned to mpool ucp_requests
[1679496084.637874] [cn1156:16675:0]          mpool.c:43   UCX  WARN  object 0x62c6000 was not returned to mpool ucp_requests
[1679496084.637941] [cn1156:16666:0]          mpool.c:43   UCX  WARN  object 0x5c097c0 was not returned to mpool ucp_requests
[1679496084.637924] [cn1156:16681:0]          mpool.c:43   UCX  WARN  object 0x5c45fc0 was not returned to mpool ucp_requests
[1679496084.637922] [cn1156:16684:0]          mpool.c:43   UCX  WARN  object 0x6206f80 was not returned to mpool ucp_requests
[1679496084.637932] [cn1156:16643:0]          mpool.c:43   UCX  WARN  object 0x67c4ec0 was not returned to mpool ucp_requests
[1679496084.637939] [cn1156:16658:0]          mpool.c:43   UCX  WARN  object 0x6adeb00 was not returned to mpool ucp_requests
[1679496084.637945] [cn1156:16662:0]          mpool.c:43   UCX  WARN  object 0x4ed9440 was not returned to mpool ucp_requests
[1679496084.637947] [cn1156:16663:0]          mpool.c:43   UCX  WARN  object 0x4fe6080 was not returned to mpool ucp_requests
[1679496084.637969] [cn1156:16668:0]          mpool.c:43   UCX  WARN  object 0x5ff2000 was not returned to mpool ucp_requests
[1679496084.637986] [cn1156:16668:0]          mpool.c:43   UCX  WARN  object 0x5ff4680 was not returned to mpool ucp_requests
[1679496084.637967] [cn1156:16672:0]          mpool.c:43   UCX  WARN  object 0x4fe6ac0 was not returned to mpool ucp_requests
[1679496084.637988] [cn1156:16637:0]          mpool.c:43   UCX  WARN  object 0x5447340 was not returned to mpool ucp_requests
[1679496084.637942] [cn1156:16640:0]          mpool.c:43   UCX  WARN  object 0x50e6580 was not returned to mpool ucp_requests
[1679496084.638052] [cn1156:16634:0]          mpool.c:43   UCX  WARN  object 0x60e7100 was not returned to mpool ucp_requests
-5.4597094602E+000
--------------------------------------------------------------------------
Open MPI failed an OFI Libfabric library call (fi_domain).  This is highly
unusual; your job may behave unpredictably (and/or abort) after this.

  Local host: cn1159
  Location: mtl_ofi_component.c:928
  Error: No data available (61)
--------------------------------------------------------------------------
[cn1156.scarf.rl.ac.uk:17163] 119 more processes have sent help message help-mtl-ofi.txt / OFI call fail
[cn1156.scarf.rl.ac.uk:17163] Set MCA parameter "orte_base_help_aggregate" to 0 to see all help / error messages
[1679496125.454845] [cn1156:17255:0]          mpool.c:43   UCX  WARN  object 0x65eb340 was not returned to mpool ucp_requests
[1679496125.454891] [cn1156:17248:0]          mpool.c:43   UCX  WARN  object 0x658da00 was not returned to mpool ucp_requests
[1679496125.454922] [cn1156:17215:0]          mpool.c:43   UCX  WARN  object 0x54ce640 was not returned to mpool ucp_requests
[1679496125.454941] [cn1156:17218:0]          mpool.c:43   UCX  WARN  object 0x57c0640 was not returned to mpool ucp_requests
[1679496125.454939] [cn1156:17225:0]          mpool.c:43   UCX  WARN  object 0x65f4f40 was not returned to mpool ucp_requests
[1679496125.454954] [cn1156:17253:0]          mpool.c:43   UCX  WARN  object 0x6004e40 was not returned to mpool ucp_requests
[1679496125.454981] [cn1156:17222:0]          mpool.c:43   UCX  WARN  object 0x6a39100 was not returned to mpool ucp_requests
[1679496125.455007] [cn1156:17236:0]          mpool.c:43   UCX  WARN  object 0x5563a80 was not returned to mpool ucp_requests
[1679496125.455020] [cn1156:17208:0]          mpool.c:43   UCX  WARN  object 0x58e1c00 was not returned to mpool ucp_requests
[1679496125.455039] [cn1156:17211:0]          mpool.c:43   UCX  WARN  object 0x648fe00 was not returned to mpool ucp_requests
[1679496125.455048] [cn1156:17228:0]          mpool.c:43   UCX  WARN  object 0x54b5180 was not returned to mpool ucp_requests
[1679496125.455043] [cn1156:17231:0]          mpool.c:43   UCX  WARN  object 0x6782280 was not returned to mpool ucp_requests
[1679496125.455051] [cn1156:17239:0]          mpool.c:43   UCX  WARN  object 0x54c4240 was not returned to mpool ucp_requests
[1679496125.455069] [cn1156:17239:0]          mpool.c:43   UCX  WARN  object 0x54c9100 was not returned to mpool ucp_requests
[1679496125.455040] [cn1156:17244:0]          mpool.c:43   UCX  WARN  object 0x6828cc0 was not returned to mpool ucp_requests
[1679496125.455063] [cn1156:17233:0]          mpool.c:43   UCX  WARN  object 0x52fc2c0 was not returned to mpool ucp_requests
[1679496125.455057] [cn1156:17204:0]          mpool.c:43   UCX  WARN  object 0x555b280 was not returned to mpool ucp_requests
[1679496125.455056] [cn1156:17206:0]          mpool.c:43   UCX  WARN  object 0x4e8f8c0 was not returned to mpool ucp_requests
[1679496125.455105] [cn1156:17242:0]          mpool.c:43   UCX  WARN  object 0x5ace140 was not returned to mpool ucp_requests
-5.4597094602E+000
--------------------------------------------------------------------------
Open MPI failed an OFI Libfabric library call (fi_domain).  This is highly
unusual; your job may behave unpredictably (and/or abort) after this.

  Local host: cn1159
  Location: mtl_ofi_component.c:928
  Error: No data available (61)
--------------------------------------------------------------------------
[cn1156.scarf.rl.ac.uk:17796] 119 more processes have sent help message help-mtl-ofi.txt / OFI call fail
[cn1156.scarf.rl.ac.uk:17796] Set MCA parameter "orte_base_help_aggregate" to 0 to see all help / error messages
[1679496205.362463] [cn1156:17858:0]          mpool.c:43   UCX  WARN  object 0x510da00 was not returned to mpool ucp_requests
[1679496205.362500] [cn1156:17860:0]          mpool.c:43   UCX  WARN  object 0x63fc580 was not returned to mpool ucp_requests
[1679496205.362854] [cn1156:17845:0]          mpool.c:43   UCX  WARN  object 0x5002480 was not returned to mpool ucp_requests
[1679496205.362644] [cn1156:17848:0]          mpool.c:43   UCX  WARN  object 0x59cdc80 was not returned to mpool ucp_requests
[1679496205.362736] [cn1156:17849:0]          mpool.c:43   UCX  WARN  object 0x6b2a140 was not returned to mpool ucp_requests
[1679496205.362579] [cn1156:17853:0]          mpool.c:43   UCX  WARN  object 0x6910d00 was not returned to mpool ucp_requests
[1679496205.362737] [cn1156:17856:0]          mpool.c:43   UCX  WARN  object 0x674a840 was not returned to mpool ucp_requests
[1679496205.362603] [cn1156:17863:0]          mpool.c:43   UCX  WARN  object 0x55db100 was not returned to mpool ucp_requests
[1679496205.362605] [cn1156:17866:0]          mpool.c:43   UCX  WARN  object 0x615d680 was not returned to mpool ucp_requests
[1679496205.362734] [cn1156:17870:0]          mpool.c:43   UCX  WARN  object 0x5666600 was not returned to mpool ucp_requests
[1679496205.362751] [cn1156:17870:0]          mpool.c:43   UCX  WARN  object 0x566b4c0 was not returned to mpool ucp_requests
[1679496205.362742] [cn1156:17875:0]          mpool.c:43   UCX  WARN  object 0x4e91680 was not returned to mpool ucp_requests
[1679496205.362599] [cn1156:17878:0]          mpool.c:43   UCX  WARN  object 0x64a8200 was not returned to mpool ucp_requests
[1679496205.362601] [cn1156:17879:0]          mpool.c:43   UCX  WARN  object 0x53da980 was not returned to mpool ucp_requests
[1679496205.362660] [cn1156:17881:0]          mpool.c:43   UCX  WARN  object 0x528a180 was not returned to mpool ucp_requests
[1679496205.362629] [cn1156:17885:0]          mpool.c:43   UCX  WARN  object 0x6cd0280 was not returned to mpool ucp_requests
[1679496205.362755] [cn1156:17834:0]          mpool.c:43   UCX  WARN  object 0x55a9d80 was not returned to mpool ucp_requests
[1679496205.362761] [cn1156:17838:0]          mpool.c:43   UCX  WARN  object 0x6adfec0 was not returned to mpool ucp_requests
[1679496205.362893] [cn1156:17841:0]          mpool.c:43   UCX  WARN  object 0x5bb4240 was not returned to mpool ucp_requests
