cpu-bind=MASK - cn1066, task  0  0 [62818]: mask 0xffffffffffffffff set
--------------------------------------------------------------------------
Open MPI failed an OFI Libfabric library call (fi_domain).  This is highly
unusual; your job may behave unpredictably (and/or abort) after this.

  Local host: cn1071
  Location: mtl_ofi_component.c:928
  Error: No data available (61)
--------------------------------------------------------------------------
[cn1066.scarf.rl.ac.uk:63826] 239 more processes have sent help message help-mtl-ofi.txt / OFI call fail
[cn1066.scarf.rl.ac.uk:63826] Set MCA parameter "orte_base_help_aggregate" to 0 to see all help / error messages
[1677064309.422154] [cn1066:63876:0]          mpool.c:43   UCX  WARN  object 0xbe54200 was not returned to mpool ucp_requests
[1677064309.422687] [cn1066:63871:0]          mpool.c:43   UCX  WARN  object 0xbc47e00 was not returned to mpool ucp_requests
[1677064309.422682] [cn1066:63872:0]          mpool.c:43   UCX  WARN  object 0x6b725c0 was not returned to mpool ucp_requests
[1677064309.422740] [cn1066:63873:0]          mpool.c:43   UCX  WARN  object 0xb583c40 was not returned to mpool ucp_requests
[1677064309.422786] [cn1066:63874:0]          mpool.c:43   UCX  WARN  object 0xa39a700 was not returned to mpool ucp_requests
[1677064309.422220] [cn1066:63875:0]          mpool.c:43   UCX  WARN  object 0xb6b2240 was not returned to mpool ucp_requests
[1677064309.422426] [cn1066:63877:0]          mpool.c:43   UCX  WARN  object 0xa96bdc0 was not returned to mpool ucp_requests
[1677064309.422389] [cn1066:63878:0]          mpool.c:43   UCX  WARN  object 0xaf63300 was not returned to mpool ucp_requests
[1677064309.422863] [cn1066:63879:0]          mpool.c:43   UCX  WARN  object 0x5cb7e40 was not returned to mpool ucp_requests
[1677064309.422696] [cn1066:63880:0]          mpool.c:43   UCX  WARN  object 0xb34a980 was not returned to mpool ucp_requests
[1677064309.423210] [cn1067:11398:0]          mpool.c:43   UCX  WARN  object 0xb02a600 was not returned to mpool ucp_requests
[1677064309.423213] [cn1067:11400:0]          mpool.c:43   UCX  WARN  object 0x59bb440 was not returned to mpool ucp_requests
[1677064309.423263] [cn1067:11399:0]          mpool.c:43   UCX  WARN  object 0xa9ef780 was not returned to mpool ucp_requests
grep: log_3_0V.out: No such file or directory
cp: cannot stat ‘0V-VH_z-00.dat’: No such file or directory
cp: cannot stat ‘0V-VH_z-00.dat’: No such file or directory
cp: cannot stat ‘0V-RHO_z-00.dat’: No such file or directory
cp: cannot stat ‘0V-RHO_z-00.dat’: No such file or directory
rm: cannot remove ‘*.txt’: No such file or directory
