 iscf   Eharris(eV)      E_KS(eV)   FreeEng(eV)    dHmax    dDmax   Ef(eV)
    1      -31.3298      -31.3218      -31.3218   0.01025   0.00000 -4.72279
    2      -31.3291      -31.3291      -31.3291   0.00125   0.00000 -4.84417
    3      -31.3291      -31.3284      -31.3284   0.00043   0.00000 -4.83135
    4      -31.3291      -31.3291      -31.3291   0.00008   0.00000 -4.83241
    5      -31.3291      -31.3291      -31.3291   0.00008   0.00000 -4.83243
    6      -31.3291      -31.3291      -31.3291   0.00008   0.00000 -4.83245
    7      -31.3291      -31.3291      -31.3291   0.00008   0.00000 -4.83247
    8      -31.3291      -31.3291      -31.3291   0.00008   0.00000 -4.83249
    9      -31.3291      -31.3291      -31.3291   0.00007   0.00000 -4.83251
   10      -31.3291      -31.3291      -31.3291   0.00007   0.00000 -4.83253
   11      -31.3291      -31.3291      -31.3291   0.00007   0.00000 -4.83255
   12      -31.3291      -31.3291      -31.3291   0.00007   0.00000 -4.83257
   13      -31.3291      -31.3291      -31.3291   0.00007   0.00000 -4.83259
   14      -31.3291      -31.3291      -31.3291   0.00007   0.00000 -4.83261
   15      -31.3291      -31.3291      -31.3291   0.00006   0.00000 -4.83262
   16      -31.3291      -31.3291      -31.3291   0.00006   0.00000 -4.83264
   17      -31.3291      -31.3291      -31.3291   0.00006   0.00000 -4.83266
   18      -31.3291      -31.3291      -31.3291   0.00006   0.00000 -4.83267
   19      -31.3291      -31.3291      -31.3291   0.00006   0.00000 -4.83269
   20      -31.3291      -31.3291      -31.3291   0.00006   0.00000 -4.83271
   21      -31.3291      -31.3291      -31.3291   0.00006   0.00000 -4.83272
   22      -31.3291      -31.3291      -31.3291   0.00005   0.00000 -4.83274
   23      -31.3291      -31.3291      -31.3291   0.00005   0.00000 -4.83275
   24      -31.3291      -31.3291      -31.3291   0.00005   0.00000 -4.83276
   25      -31.3291      -31.3291      -31.3291   0.00005   0.00000 -4.83278
   26      -31.3291      -31.3291      -31.3291   0.00005   0.00000 -4.83279
   27      -31.3291      -31.3291      -31.3291   0.00005   0.00000 -4.83281
   28      -31.3291      -31.3291      -31.3291   0.00005   0.00000 -4.83282
   29      -31.3291      -31.3291      -31.3291   0.00005   0.00000 -4.83283
   30      -31.3291      -31.3291      -31.3291   0.00005   0.00000 -4.83284
   31      -31.3291      -31.3291      -31.3291   0.00004   0.00000 -4.83286
   32      -31.3291      -31.3291      -31.3291   0.00004   0.00000 -4.83287
   33      -31.3291      -31.3291      -31.3291   0.00004   0.00000 -4.83288
   34      -31.3291      -31.3291      -31.3291   0.00004   0.00000 -4.83289
   35      -31.3291      -31.3291      -31.3291   0.00004   0.00000 -4.83290
   36      -31.3291      -31.3291      -31.3291   0.00004   0.00000 -4.83291
   37      -31.3291      -31.3291      -31.3291   0.00004   0.00000 -4.83292
   38      -31.3291      -31.3291      -31.3291   0.00004   0.00000 -4.83293
   39      -31.3291      -31.3291      -31.3291   0.00004   0.00000 -4.83294
   40      -31.3291      -31.3291      -31.3291   0.00004   0.00000 -4.83295
   41      -31.3291      -31.3291      -31.3291   0.00004   0.00000 -4.83296
   42      -31.3291      -31.3291      -31.3291   0.00003   0.00000 -4.83297
   43      -31.3291      -31.3291      -31.3291   0.00003   0.00000 -4.83298
   44      -31.3291      -31.3291      -31.3291   0.00003   0.00000 -4.83299
   45      -31.3291      -31.3291      -31.3291   0.00003   0.00000 -4.83300
   46      -31.3291      -31.3291      -31.3291   0.00003   0.00000 -4.83301
   47      -31.3291      -31.3291      -31.3291   0.00003   0.00000 -4.83302
   48      -31.3291      -31.3291      -31.3291   0.00003   0.00000 -4.83303
   49      -31.3291      -31.3291      -31.3291   0.00003   0.00000 -4.83304
   50      -31.3291      -31.3291      -31.3291   0.00003   0.00000 -4.83304
   51      -31.3291      -31.3291      -31.3291   0.00003   0.00000 -4.83305
   52      -31.3291      -31.3291      -31.3291   0.00003   0.00000 -4.83306
   53      -31.3291      -31.3291      -31.3291   0.00003   0.00000 -4.83307
   54      -31.3291      -31.3291      -31.3291   0.00003   0.00000 -4.83307
   55      -31.3291      -31.3291      -31.3291   0.00003   0.00000 -4.83308
   56      -31.3291      -31.3291      -31.3291   0.00002   0.00000 -4.83309
   57      -31.3291      -31.3291      -31.3291   0.00002   0.00000 -4.83310
   58      -31.3291      -31.3291      -31.3291   0.00002   0.00000 -4.83310
   59      -31.3291      -31.3291      -31.3291   0.00002   0.00000 -4.83311
   60      -31.3291      -31.3291      -31.3291   0.00002   0.00000 -4.83312
   61      -31.3291      -31.3291      -31.3291   0.00002   0.00000 -4.83312
   62      -31.3291      -31.3291      -31.3291   0.00002   0.00000 -4.83313
   63      -31.3291      -31.3291      -31.3291   0.00002   0.00000 -4.83313
   64      -31.3291      -31.3291      -31.3291   0.00002   0.00000 -4.83314
   65      -31.3291      -31.3291      -31.3291   0.00002   0.00000 -4.83315
   66      -31.3291      -31.3291      -31.3291   0.00002   0.00000 -4.83315
