cpu-bind=MASK - cn1033, task  0  0 [32268]: mask 0xffffffffffffffff set
--------------------------------------------------------------------------
Open MPI failed an OFI Libfabric library call (fi_domain).  This is highly
unusual; your job may behave unpredictably (and/or abort) after this.

  Local host: cn1036
  Location: mtl_ofi_component.c:928
  Error: No data available (61)
--------------------------------------------------------------------------
[cn1033.scarf.rl.ac.uk:33263] 239 more processes have sent help message help-mtl-ofi.txt / OFI call fail
[cn1033.scarf.rl.ac.uk:33263] Set MCA parameter "orte_base_help_aggregate" to 0 to see all help / error messages
[1677016680.861290] [cn1034:48280:0]          mpool.c:43   UCX  WARN  object 0x68c99c0 was not returned to mpool ucp_requests
[1677016680.859278] [cn1033:33312:0]          mpool.c:43   UCX  WARN  object 0xc3f0b00 was not returned to mpool ucp_requests
[1677016680.859329] [cn1033:33314:0]          mpool.c:43   UCX  WARN  object 0xb6e6c40 was not returned to mpool ucp_requests
[1677016680.859345] [cn1033:33311:0]          mpool.c:43   UCX  WARN  object 0xa459cc0 was not returned to mpool ucp_requests
[1677016680.859384] [cn1033:33313:0]          mpool.c:43   UCX  WARN  object 0xab61fc0 was not returned to mpool ucp_requests
[1677016680.859397] [cn1033:33317:0]          mpool.c:43   UCX  WARN  object 0x60568c0 was not returned to mpool ucp_requests
[1677016680.859397] [cn1033:33316:0]          mpool.c:43   UCX  WARN  object 0xbb68a80 was not returned to mpool ucp_requests
[1677016680.859428] [cn1033:33315:0]          mpool.c:43   UCX  WARN  object 0xb01b540 was not returned to mpool ucp_requests
[1677016680.859430] [cn1033:33318:0]          mpool.c:43   UCX  WARN  object 0xb05c1c0 was not returned to mpool ucp_requests
[1677016680.859483] [cn1033:33320:0]          mpool.c:43   UCX  WARN  object 0x60bfb00 was not returned to mpool ucp_requests
[1677016680.859511] [cn1033:33319:0]          mpool.c:43   UCX  WARN  object 0xbe31800 was not returned to mpool ucp_requests
grep: log_3_0V.out: No such file or directory
cp: cannot stat ‘0V-VH_z-00.dat’: No such file or directory
cp: cannot stat ‘0V-VH_z-00.dat’: No such file or directory
cp: cannot stat ‘0V-RHO_z-00.dat’: No such file or directory
cp: cannot stat ‘0V-RHO_z-00.dat’: No such file or directory
rm: cannot remove ‘*.txt’: No such file or directory
