cpu-bind=MASK - cn1098, task  0  0 [34062]: mask 0xffffffffffffffff set
--------------------------------------------------------------------------
Open MPI failed an OFI Libfabric library call (fi_domain).  This is highly
unusual; your job may behave unpredictably (and/or abort) after this.

  Local host: cn1099
  Location: mtl_ofi_component.c:928
  Error: No data available (61)
--------------------------------------------------------------------------
[cn1098.scarf.rl.ac.uk:35314] 239 more processes have sent help message help-mtl-ofi.txt / OFI call fail
[cn1098.scarf.rl.ac.uk:35314] Set MCA parameter "orte_base_help_aggregate" to 0 to see all help / error messages
[1677064195.671370] [cn1098:35380:0]          mpool.c:43   UCX  WARN  object 0xb26b4c0 was not returned to mpool ucp_requests
[1677064195.672454] [cn1098:35381:0]          mpool.c:43   UCX  WARN  object 0xa3f2340 was not returned to mpool ucp_requests
[1677064195.672428] [cn1098:35382:0]          mpool.c:43   UCX  WARN  object 0xa3a3d40 was not returned to mpool ucp_requests
[1677064195.672118] [cn1098:35383:0]          mpool.c:43   UCX  WARN  object 0xb401800 was not returned to mpool ucp_requests
[1677064195.672519] [cn1098:35384:0]          mpool.c:43   UCX  WARN  object 0xbc9cd80 was not returned to mpool ucp_requests
[1677064195.672537] [cn1098:35375:0]          mpool.c:43   UCX  WARN  object 0xbd98340 was not returned to mpool ucp_requests
[1677064195.672543] [cn1098:35376:0]          mpool.c:43   UCX  WARN  object 0xa3dc380 was not returned to mpool ucp_requests
[1677064195.672486] [cn1098:35377:0]          mpool.c:43   UCX  WARN  object 0xa2fdf40 was not returned to mpool ucp_requests
[1677064195.672670] [cn1098:35378:0]          mpool.c:43   UCX  WARN  object 0xb61ea40 was not returned to mpool ucp_requests
[1677064195.672186] [cn1098:35379:0]          mpool.c:43   UCX  WARN  object 0xb7c9400 was not returned to mpool ucp_requests
[1677064195.673443] [cn1099:21466:0]          mpool.c:43   UCX  WARN  object 0x61c8ec0 was not returned to mpool ucp_requests
[1677064195.673530] [cn1099:21467:0]          mpool.c:43   UCX  WARN  object 0xb9e5840 was not returned to mpool ucp_requests
[1677064195.673556] [cn1099:21468:0]          mpool.c:43   UCX  WARN  object 0x6bafdc0 was not returned to mpool ucp_requests
grep: log_3_0V.out: No such file or directory
cp: cannot stat ‘0V-VH_z-00.dat’: No such file or directory
cp: cannot stat ‘0V-VH_z-00.dat’: No such file or directory
cp: cannot stat ‘0V-RHO_z-00.dat’: No such file or directory
cp: cannot stat ‘0V-RHO_z-00.dat’: No such file or directory
rm: cannot remove ‘*.txt’: No such file or directory
