cpu-bind=MASK - cn1028, task  0  0 [41078]: mask 0xffffffffffffffff set
--------------------------------------------------------------------------
Open MPI failed an OFI Libfabric library call (fi_domain).  This is highly
unusual; your job may behave unpredictably (and/or abort) after this.

  Local host: cn1030
  Location: mtl_ofi_component.c:928
  Error: No data available (61)
--------------------------------------------------------------------------
[cn1028.scarf.rl.ac.uk:42076] 239 more processes have sent help message help-mtl-ofi.txt / OFI call fail
[cn1028.scarf.rl.ac.uk:42076] Set MCA parameter "orte_base_help_aggregate" to 0 to see all help / error messages
--------------------------------------------------------------------------
Primary job  terminated normally, but 1 process returned
a non-zero exit code. Per user-direction, the job has been aborted.
--------------------------------------------------------------------------
--------------------------------------------------------------------------
mpirun noticed that process rank 1 with PID 0 on node cn1028 exited on signal 9 (Killed).
--------------------------------------------------------------------------
grep: log_3_0V.out: No such file or directory
cp: cannot stat ‘0V-VH_z-00.dat’: No such file or directory
cp: cannot stat ‘0V-VH_z-00.dat’: No such file or directory
cp: cannot stat ‘0V-RHO_z-00.dat’: No such file or directory
cp: cannot stat ‘0V-RHO_z-00.dat’: No such file or directory
rm: cannot remove ‘*.txt’: No such file or directory
slurmstepd: error: Detected 20 oom-kill event(s) in StepId=1165606.batch. Some of your processes may have been killed by the cgroup out-of-memory handler.
