cpu-bind=MASK - cn1057, task  0  0 [23308]: mask 0xffffffffffffffff set
--------------------------------------------------------------------------
Open MPI failed an OFI Libfabric library call (fi_domain).  This is highly
unusual; your job may behave unpredictably (and/or abort) after this.

  Local host: cn1158
  Location: mtl_ofi_component.c:928
  Error: No data available (61)
--------------------------------------------------------------------------
[cn1057.scarf.rl.ac.uk:24296] 239 more processes have sent help message help-mtl-ofi.txt / OFI call fail
[cn1057.scarf.rl.ac.uk:24296] Set MCA parameter "orte_base_help_aggregate" to 0 to see all help / error messages
--------------------------------------------------------------------------
Open MPI failed an OFI Libfabric library call (fi_domain).  This is highly
unusual; your job may behave unpredictably (and/or abort) after this.

  Local host: cn1158
  Location: mtl_ofi_component.c:928
  Error: No data available (61)
--------------------------------------------------------------------------
[cn1057.scarf.rl.ac.uk:25762] 239 more processes have sent help message help-mtl-ofi.txt / OFI call fail
[cn1057.scarf.rl.ac.uk:25762] Set MCA parameter "orte_base_help_aggregate" to 0 to see all help / error messages
[1678703282.220585] [cn1057:26176:0]          mpool.c:43   UCX  WARN  object 0xb691300 was not returned to mpool ucp_requests
[1678703282.220881] [cn1057:26173:0]          mpool.c:43   UCX  WARN  object 0x6617f00 was not returned to mpool ucp_requests
[1678703282.220884] [cn1057:26169:0]          mpool.c:43   UCX  WARN  object 0x5943000 was not returned to mpool ucp_requests
[1678703282.221200] [cn1057:26164:0]          mpool.c:43   UCX  WARN  object 0xbb63f00 was not returned to mpool ucp_requests
[1678703282.221329] [cn1057:26162:0]          mpool.c:43   UCX  WARN  object 0xb996800 was not returned to mpool ucp_requests
[1678703282.221346] [cn1057:26166:0]          mpool.c:43   UCX  WARN  object 0xadbb480 was not returned to mpool ucp_requests
[1678703282.221481] [cn1057:26159:0]          mpool.c:43   UCX  WARN  object 0xa733480 was not returned to mpool ucp_requests
[1678703282.221696] [cn1057:26150:0]          mpool.c:43   UCX  WARN  object 0xc0a3f80 was not returned to mpool ucp_requests
[1678703282.221689] [cn1057:26154:0]          mpool.c:43   UCX  WARN  object 0xac3fac0 was not returned to mpool ucp_requests
[1678703282.221808] [cn1057:26152:0]          mpool.c:43   UCX  WARN  object 0xa7ff080 was not returned to mpool ucp_requests
--------------------------------------------------------------------------
Open MPI failed an OFI Libfabric library call (fi_domain).  This is highly
unusual; your job may behave unpredictably (and/or abort) after this.

  Local host: cn1057
  Location: mtl_ofi_component.c:928
  Error: No data available (61)
--------------------------------------------------------------------------
[cn1057.scarf.rl.ac.uk:26784] 239 more processes have sent help message help-mtl-ofi.txt / OFI call fail
[cn1057.scarf.rl.ac.uk:26784] Set MCA parameter "orte_base_help_aggregate" to 0 to see all help / error messages
[1678703870.037292] [cn1057:26875:0]          mpool.c:43   UCX  WARN  object 0x6b9a600 was not returned to mpool ucp_requests
[1678703870.037285] [cn1057:26883:0]          mpool.c:43   UCX  WARN  object 0xba7ab00 was not returned to mpool ucp_requests
[1678703870.037358] [cn1057:26879:0]          mpool.c:43   UCX  WARN  object 0xbd40dc0 was not returned to mpool ucp_requests
[1678703870.039115] [cn1057:26870:0]          mpool.c:43   UCX  WARN  object 0xa52bd80 was not returned to mpool ucp_requests
[1678703870.039149] [cn1057:26861:0]          mpool.c:43   UCX  WARN  object 0xc3a04c0 was not returned to mpool ucp_requests
[1678703870.039181] [cn1057:26856:0]          mpool.c:43   UCX  WARN  object 0xaaf7340 was not returned to mpool ucp_requests
[1678703870.039184] [cn1057:26867:0]          mpool.c:43   UCX  WARN  object 0xc300d80 was not returned to mpool ucp_requests
[1678703870.039185] [cn1057:26873:0]          mpool.c:43   UCX  WARN  object 0xab46e00 was not returned to mpool ucp_requests
[1678703870.039239] [cn1057:26864:0]          mpool.c:43   UCX  WARN  object 0xace3bc0 was not returned to mpool ucp_requests
[1678703870.039316] [cn1057:26857:0]          mpool.c:43   UCX  WARN  object 0xb0ff480 was not returned to mpool ucp_requests
cp: cannot stat ‘0V-VH_z-0024.dat’: No such file or directory
cp: cannot stat ‘0V-VH_z-0024.dat’: No such file or directory
cp: cannot stat ‘0V-RHO_z-0024.dat’: No such file or directory
cp: cannot stat ‘0V-RHO_z-0024.dat’: No such file or directory
