Done.


###############################################################################
TCHPC Cluster: lonsdale
Job 164106 (opt-0.0) for User 'baim' in Account 'hpc_12_00447'
Finished at: Thu Nov  7 12:09:33 GMT 2013

Job completion status:
======================

       JobID    JobName      Account  Partition   NTasks  AllocCPUS  MaxVMSize    Elapsed      State ExitCode 
------------ ---------- ------------ ---------- -------- ---------- ---------- ---------- ---------- -------- 
164106          opt-0.0 hpc_12_00447    compute                   8              00:02:37    RUNNING      0:0 
164106.batch      batch hpc_12_00447                   1          1          0   00:02:37    RUNNING      0:0 


Job details:
============

JobId=164106 Name=opt-0.0
   UserId=baim(5349) GroupId=baim(9152)
   Priority=15506576 Account=hpc_12_00447 QOS=normal
   JobState=COMPLETED Reason=None Dependency=(null)
   Requeue=0 Restarts=0 BatchFlag=1 ExitCode=0:0
   DerivedExitCode=0:0
   RunTime=00:02:37 TimeLimit=04:30:00 TimeMin=N/A
   SubmitTime=2013-11-07T12:06:05 EligibleTime=2013-11-07T12:06:06
   StartTime=2013-11-07T12:06:56 EndTime=2013-11-07T12:09:33
   PreemptTime=None SuspendTime=None SecsPreSuspend=0
   Partition=compute AllocNode:Sid=lonsdale01:8238
   ReqNodeList=(null) ExcNodeList=(null)
   NodeList=lonsdale-n015
   BatchHost=lonsdale-n015
   NumNodes=1 NumCPUs=8 CPUs/Task=1 ReqS:C:T=*:*:*
     Nodes=lonsdale-n015 CPU_IDs=0-7 Mem=15200
   MinCPUsNode=1 MinMemoryCPU=1900M MinTmpDiskNode=0
   Features=(null) Gres=(null) Reservation=(null)
   Shared=0 Contiguous=0 Licenses=(null) Network=(null)
   Command=/home/users/baim/workspace/MD/gold/3d/100/jp/spd/newbasis/bias/h2/0.0/opt/opt.sh
   WorkDir=/home/users/baim/workspace/MD/gold/3d/100/jp/spd/newbasis/bias/h2/0.0/opt


Disk quota details:
===================

Quota Type           Name  Filesystem     Usage in MB     Limit in MB    % Used
-------------------------------------------------------------------------------
USER                 baim       /home          38,393          51,200    74.99%
USER                 baim   /projects             188               0       N/A

GROUP         pi-ssanvito   /projects       6,178,007       6,291,456    98.20%


SLURM Bank Statement:
=====================

User           Usage |        Account     Usage | Account Limit Available (CPU hrs)
---------- --------- + -------------- --------- + ------------- ---------

baim         129,429 |   HPC_12_00447   129,429 |       300,000   170,571
ssanvito           0 |   HPC_12_00447   129,429 |       300,000   170,571


Acknowledgements:
=================

Note that usage of TCHPC Resources *must* be acknowledged in all publications.

Please see this page for details relevant to this cluster:

http://www.tchpc.tcd.ie/resources/acknowledgementpolicy

################################################################################
