IV curve
  -0.50000030D+01  -0.39258706D-04
  -0.48000028D+01  -0.35637049D-04
  -0.46000027D+01  -0.31120767D-04
  -0.44000026D+01  -0.28533730D-04
  -0.42000025D+01  -0.26848539D-04
  -0.40000024D+01  -0.25285264D-04
  -0.38000023D+01  -0.23846433D-04
  -0.36000021D+01  -0.22168697D-04
  -0.34000020D+01  -0.20202554D-04
  -0.32000019D+01  -0.17588635D-04
  -0.30000018D+01  -0.15868163D-04
  -0.28000017D+01  -0.14940592D-04
  -0.26000015D+01  -0.14624344D-04
  -0.24000014D+01  -0.14548945D-04
  -0.22000013D+01  -0.13254982D-04
  -0.20000012D+01  -0.11107575D-04
  -0.18000011D+01  -0.89039612D-05
  -0.16000009D+01  -0.65251595D-05
  -0.14000008D+01  -0.50914815D-05
  -0.12000007D+01  -0.40060834D-05
  -0.10000006D+01  -0.33557238D-05
  -0.80000047D+00  -0.23901469D-05
  -0.60000036D+00  -0.16373131D-05
  -0.40000024D+00  -0.95578066D-06
  -0.20000012D+00  -0.45740152D-06
   0.00000000D+00   0.00000000D+00
   0.20000012D+00   0.56195215D-06
   0.40000024D+00   0.94461568D-06
   0.60000036D+00   0.17158168D-05
   0.80000047D+00   0.24223446D-05
   0.10000006D+01   0.33148834D-05
   0.12000007D+01   0.41029411D-05
   0.14000008D+01   0.49749531D-05
   0.16000009D+01   0.66214039D-05
   0.18000011D+01   0.88672874D-05
   0.20000012D+01   0.10966067D-04
   0.22000013D+01   0.12449460D-04
   0.24000014D+01   0.13753775D-04
   0.26000015D+01   0.15023421D-04
   0.28000017D+01   0.15612007D-04
   0.30000018D+01   0.16443977D-04
   0.32000019D+01   0.17656366D-04
