cpu-bind=MASK - cn1145, task  0  0 [58524]: mask 0xffffffffffffffff set
--------------------------------------------------------------------------
Open MPI failed an OFI Libfabric library call (fi_domain).  This is highly
unusual; your job may behave unpredictably (and/or abort) after this.

  Local host: cn1145
  Location: mtl_ofi_component.c:928
  Error: No data available (61)
--------------------------------------------------------------------------
[cn1145.scarf.rl.ac.uk:59525] 239 more processes have sent help message help-mtl-ofi.txt / OFI call fail
[cn1145.scarf.rl.ac.uk:59525] Set MCA parameter "orte_base_help_aggregate" to 0 to see all help / error messages
--------------------------------------------------------------------------
Open MPI failed an OFI Libfabric library call (fi_domain).  This is highly
unusual; your job may behave unpredictably (and/or abort) after this.

  Local host: cn1145
  Location: mtl_ofi_component.c:928
  Error: No data available (61)
--------------------------------------------------------------------------
[cn1145.scarf.rl.ac.uk:60725] 239 more processes have sent help message help-mtl-ofi.txt / OFI call fail
[cn1145.scarf.rl.ac.uk:60725] Set MCA parameter "orte_base_help_aggregate" to 0 to see all help / error messages
[1677247373.128912] [cn1146:38963:0]          mpool.c:43   UCX  WARN  object 0xbbf3c40 was not returned to mpool ucp_requests
[1677247373.129387] [cn1145:60802:0]          mpool.c:43   UCX  WARN  object 0xb9ee740 was not returned to mpool ucp_requests
[1677247373.129822] [cn1145:60798:0]          mpool.c:43   UCX  WARN  object 0xa849340 was not returned to mpool ucp_requests
[1677247373.129840] [cn1145:60806:0]          mpool.c:43   UCX  WARN  object 0xb796900 was not returned to mpool ucp_requests
[1677247373.129861] [cn1145:60810:0]          mpool.c:43   UCX  WARN  object 0xaa31200 was not returned to mpool ucp_requests
[1677247373.129906] [cn1145:60800:0]          mpool.c:43   UCX  WARN  object 0x65e9d80 was not returned to mpool ucp_requests
[1677247373.129902] [cn1145:60813:0]          mpool.c:43   UCX  WARN  object 0xb5d9000 was not returned to mpool ucp_requests
[1677247373.129924] [cn1145:60820:0]          mpool.c:43   UCX  WARN  object 0xbf37b00 was not returned to mpool ucp_requests
[1677247373.129951] [cn1145:60823:0]          mpool.c:43   UCX  WARN  object 0xaf41000 was not returned to mpool ucp_requests
[1677247373.129995] [cn1145:60825:0]          mpool.c:43   UCX  WARN  object 0xa667180 was not returned to mpool ucp_requests
[1677247373.130017] [cn1145:60817:0]          mpool.c:43   UCX  WARN  object 0xb8b8140 was not returned to mpool ucp_requests
rm: cannot remove ‘IV.log’: No such file or directory
rm: cannot remove ‘VI.log’: No such file or directory
--------------------------------------------------------------------------
Open MPI failed an OFI Libfabric library call (fi_domain).  This is highly
unusual; your job may behave unpredictably (and/or abort) after this.

  Local host: cn1149
  Location: mtl_ofi_component.c:928
  Error: No data available (61)
--------------------------------------------------------------------------
[cn1145.scarf.rl.ac.uk:61363] 239 more processes have sent help message help-mtl-ofi.txt / OFI call fail
[cn1145.scarf.rl.ac.uk:61363] Set MCA parameter "orte_base_help_aggregate" to 0 to see all help / error messages
[1677248078.097619] [cn1146:39606:0]          mpool.c:43   UCX  WARN  object 0xbfbad00 was not returned to mpool ucp_requests
[1677248078.099391] [cn1145:61430:0]          mpool.c:43   UCX  WARN  object 0xae202c0 was not returned to mpool ucp_requests
[1677248078.099405] [cn1145:61432:0]          mpool.c:43   UCX  WARN  object 0xadfefc0 was not returned to mpool ucp_requests
[1677248078.099417] [cn1145:61436:0]          mpool.c:43   UCX  WARN  object 0xb802380 was not returned to mpool ucp_requests
[1677248078.099422] [cn1145:61439:0]          mpool.c:43   UCX  WARN  object 0xc18ce40 was not returned to mpool ucp_requests
[1677248078.099452] [cn1145:61441:0]          mpool.c:43   UCX  WARN  object 0xab50640 was not returned to mpool ucp_requests
[1677248078.099363] [cn1145:61445:0]          mpool.c:43   UCX  WARN  object 0xb86b600 was not returned to mpool ucp_requests
[1677248078.099417] [cn1145:61449:0]          mpool.c:43   UCX  WARN  object 0xa87fa80 was not returned to mpool ucp_requests
[1677248078.099463] [cn1145:61452:0]          mpool.c:43   UCX  WARN  object 0xc351a40 was not returned to mpool ucp_requests
[1677248078.099461] [cn1145:61455:0]          mpool.c:43   UCX  WARN  object 0xa785b40 was not returned to mpool ucp_requests
[1677248078.099447] [cn1145:61459:0]          mpool.c:43   UCX  WARN  object 0xa425cc0 was not returned to mpool ucp_requests
--------------------------------------------------------------------------
Open MPI failed an OFI Libfabric library call (fi_domain).  This is highly
unusual; your job may behave unpredictably (and/or abort) after this.

  Local host: cn1145
  Location: mtl_ofi_component.c:928
  Error: No data available (61)
--------------------------------------------------------------------------
[cn1145.scarf.rl.ac.uk:63696] 239 more processes have sent help message help-mtl-ofi.txt / OFI call fail
[cn1145.scarf.rl.ac.uk:63696] Set MCA parameter "orte_base_help_aggregate" to 0 to see all help / error messages
[1677249409.501348] [cn1146:41712:0]          mpool.c:43   UCX  WARN  object 0xb388b80 was not returned to mpool ucp_requests
[1677249409.502289] [cn1145:63789:0]          mpool.c:43   UCX  WARN  object 0xa9ebb40 was not returned to mpool ucp_requests
[1677249409.502223] [cn1145:63758:0]          mpool.c:43   UCX  WARN  object 0xa6902c0 was not returned to mpool ucp_requests
[1677249409.502271] [cn1145:63766:0]          mpool.c:43   UCX  WARN  object 0xb760900 was not returned to mpool ucp_requests
[1677249409.502232] [cn1145:63769:0]          mpool.c:43   UCX  WARN  object 0xb447b00 was not returned to mpool ucp_requests
[1677249409.502286] [cn1145:63773:0]          mpool.c:43   UCX  WARN  object 0xb275540 was not returned to mpool ucp_requests
[1677249409.502156] [cn1145:63775:0]          mpool.c:43   UCX  WARN  object 0xc06eb00 was not returned to mpool ucp_requests
[1677249409.502133] [cn1145:63777:0]          mpool.c:43   UCX  WARN  object 0xa358b40 was not returned to mpool ucp_requests
[1677249409.502221] [cn1145:63780:0]          mpool.c:43   UCX  WARN  object 0xb4ede80 was not returned to mpool ucp_requests
[1677249409.502247] [cn1145:63783:0]          mpool.c:43   UCX  WARN  object 0xb86f640 was not returned to mpool ucp_requests
[1677249409.502261] [cn1145:63787:0]          mpool.c:43   UCX  WARN  object 0xa371dc0 was not returned to mpool ucp_requests
--------------------------------------------------------------------------
Open MPI failed an OFI Libfabric library call (fi_domain).  This is highly
unusual; your job may behave unpredictably (and/or abort) after this.

  Local host: cn1145
  Location: mtl_ofi_component.c:928
  Error: No data available (61)
--------------------------------------------------------------------------
[cn1145.scarf.rl.ac.uk:01974] 239 more processes have sent help message help-mtl-ofi.txt / OFI call fail
[cn1145.scarf.rl.ac.uk:01974] Set MCA parameter "orte_base_help_aggregate" to 0 to see all help / error messages
[1677250936.903145] [cn1146:45318:0]          mpool.c:43   UCX  WARN  object 0xaec9f80 was not returned to mpool ucp_requests
[1677250936.903493] [cn1145:2371 :0]          mpool.c:43   UCX  WARN  object 0x5331a40 was not returned to mpool ucp_requests
[1677250936.903481] [cn1145:2379 :0]          mpool.c:43   UCX  WARN  object 0xbc1ba00 was not returned to mpool ucp_requests
[1677250936.903500] [cn1145:2381 :0]          mpool.c:43   UCX  WARN  object 0xa577c40 was not returned to mpool ucp_requests
[1677250936.903494] [cn1145:2386 :0]          mpool.c:43   UCX  WARN  object 0xb056080 was not returned to mpool ucp_requests
[1677250936.903555] [cn1145:2368 :0]          mpool.c:43   UCX  WARN  object 0xc076880 was not returned to mpool ucp_requests
[1677250936.903510] [cn1145:2370 :0]          mpool.c:43   UCX  WARN  object 0x544a540 was not returned to mpool ucp_requests
[1677250936.903565] [cn1145:2393 :0]          mpool.c:43   UCX  WARN  object 0xb12a180 was not returned to mpool ucp_requests
[1677250936.903596] [cn1145:2375 :0]          mpool.c:43   UCX  WARN  object 0xaba7340 was not returned to mpool ucp_requests
[1677250936.903593] [cn1145:2390 :0]          mpool.c:43   UCX  WARN  object 0xbe9a4c0 was not returned to mpool ucp_requests
[1677250936.903631] [cn1145:2391 :0]          mpool.c:43   UCX  WARN  object 0xb282d00 was not returned to mpool ucp_requests
--------------------------------------------------------------------------
Open MPI failed an OFI Libfabric library call (fi_domain).  This is highly
unusual; your job may behave unpredictably (and/or abort) after this.

  Local host: cn1145
  Location: mtl_ofi_component.c:928
  Error: No data available (61)
--------------------------------------------------------------------------
[cn1145.scarf.rl.ac.uk:06406] 239 more processes have sent help message help-mtl-ofi.txt / OFI call fail
[cn1145.scarf.rl.ac.uk:06406] Set MCA parameter "orte_base_help_aggregate" to 0 to see all help / error messages
