cpu-bind=MASK - cn1096, task  0  0 [7285]: mask 0xffffffffffffffff set
--------------------------------------------------------------------------
Open MPI failed an OFI Libfabric library call (fi_domain).  This is highly
unusual; your job may behave unpredictably (and/or abort) after this.

  Local host: cn1096
  Location: mtl_ofi_component.c:928
  Error: No data available (61)
--------------------------------------------------------------------------
[cn1096.scarf.rl.ac.uk:08403] 239 more processes have sent help message help-mtl-ofi.txt / OFI call fail
[cn1096.scarf.rl.ac.uk:08403] Set MCA parameter "orte_base_help_aggregate" to 0 to see all help / error messages
--------------------------------------------------------------------------
Open MPI failed an OFI Libfabric library call (fi_domain).  This is highly
unusual; your job may behave unpredictably (and/or abort) after this.

  Local host: cn1102
  Location: mtl_ofi_component.c:928
  Error: No data available (61)
--------------------------------------------------------------------------
[cn1096.scarf.rl.ac.uk:09702] 239 more processes have sent help message help-mtl-ofi.txt / OFI call fail
[cn1096.scarf.rl.ac.uk:09702] Set MCA parameter "orte_base_help_aggregate" to 0 to see all help / error messages
[1677252755.179333] [cn1096:9773 :0]          mpool.c:43   UCX  WARN  object 0x5d38fc0 was not returned to mpool ucp_requests
[1677252755.179371] [cn1096:9769 :0]          mpool.c:43   UCX  WARN  object 0x67a1b00 was not returned to mpool ucp_requests
[1677252755.179389] [cn1096:9775 :0]          mpool.c:43   UCX  WARN  object 0xa853080 was not returned to mpool ucp_requests
[1677252755.179383] [cn1096:9780 :0]          mpool.c:43   UCX  WARN  object 0xa61fb80 was not returned to mpool ucp_requests
[1677252755.179464] [cn1096:9777 :0]          mpool.c:43   UCX  WARN  object 0x6055940 was not returned to mpool ucp_requests
[1677252755.179455] [cn1096:9783 :0]          mpool.c:43   UCX  WARN  object 0x5612c00 was not returned to mpool ucp_requests
[1677252755.179482] [cn1096:9785 :0]          mpool.c:43   UCX  WARN  object 0xc003180 was not returned to mpool ucp_requests
[1677252755.179488] [cn1096:9788 :0]          mpool.c:43   UCX  WARN  object 0xc189240 was not returned to mpool ucp_requests
[1677252755.179476] [cn1096:9791 :0]          mpool.c:43   UCX  WARN  object 0x5acffc0 was not returned to mpool ucp_requests
[1677252755.179385] [cn1097:61390:0]          mpool.c:43   UCX  WARN  object 0x55b1e40 was not returned to mpool ucp_requests
[1677252755.179526] [cn1096:9796 :0]          mpool.c:43   UCX  WARN  object 0xb0a0380 was not returned to mpool ucp_requests
rm: cannot remove ‘IV.log’: No such file or directory
rm: cannot remove ‘VI.log’: No such file or directory
--------------------------------------------------------------------------
Open MPI failed an OFI Libfabric library call (fi_domain).  This is highly
unusual; your job may behave unpredictably (and/or abort) after this.

  Local host: cn1102
  Location: mtl_ofi_component.c:928
  Error: No data available (61)
--------------------------------------------------------------------------
[cn1096.scarf.rl.ac.uk:10346] 239 more processes have sent help message help-mtl-ofi.txt / OFI call fail
[cn1096.scarf.rl.ac.uk:10346] Set MCA parameter "orte_base_help_aggregate" to 0 to see all help / error messages
[1677255033.787006] [cn1097:62017:0]          mpool.c:43   UCX  WARN  object 0xb81a880 was not returned to mpool ucp_requests
[1677255033.789526] [cn1096:10412:0]          mpool.c:43   UCX  WARN  object 0x652a680 was not returned to mpool ucp_requests
[1677255033.789526] [cn1096:10421:0]          mpool.c:43   UCX  WARN  object 0xba74e00 was not returned to mpool ucp_requests
[1677255033.789565] [cn1096:10418:0]          mpool.c:43   UCX  WARN  object 0xb398640 was not returned to mpool ucp_requests
[1677255033.789561] [cn1096:10425:0]          mpool.c:43   UCX  WARN  object 0xadc3300 was not returned to mpool ucp_requests
[1677255033.789568] [cn1096:10427:0]          mpool.c:43   UCX  WARN  object 0xc07b540 was not returned to mpool ucp_requests
[1677255033.789582] [cn1096:10430:0]          mpool.c:43   UCX  WARN  object 0xba4c600 was not returned to mpool ucp_requests
[1677255033.789599] [cn1096:10435:0]          mpool.c:43   UCX  WARN  object 0xb6e4600 was not returned to mpool ucp_requests
[1677255033.789581] [cn1096:10416:0]          mpool.c:43   UCX  WARN  object 0xbffd500 was not returned to mpool ucp_requests
[1677255033.789625] [cn1096:10438:0]          mpool.c:43   UCX  WARN  object 0xb583c00 was not returned to mpool ucp_requests
[1677255033.789625] [cn1096:10439:0]          mpool.c:43   UCX  WARN  object 0xbaf7b80 was not returned to mpool ucp_requests
--------------------------------------------------------------------------
Open MPI failed an OFI Libfabric library call (fi_domain).  This is highly
unusual; your job may behave unpredictably (and/or abort) after this.

  Local host: cn1096
  Location: mtl_ofi_component.c:928
  Error: No data available (61)
--------------------------------------------------------------------------
[cn1096.scarf.rl.ac.uk:15708] 239 more processes have sent help message help-mtl-ofi.txt / OFI call fail
[cn1096.scarf.rl.ac.uk:15708] Set MCA parameter "orte_base_help_aggregate" to 0 to see all help / error messages
[1677256908.953841] [cn1097:2612 :0]          mpool.c:43   UCX  WARN  object 0xb3a3040 was not returned to mpool ucp_requests
[1677256908.955434] [cn1096:16089:0]          mpool.c:43   UCX  WARN  object 0xc1cf340 was not returned to mpool ucp_requests
[1677256908.955437] [cn1096:16097:0]          mpool.c:43   UCX  WARN  object 0xb37b400 was not returned to mpool ucp_requests
[1677256908.955468] [cn1096:16091:0]          mpool.c:43   UCX  WARN  object 0xa70b0c0 was not returned to mpool ucp_requests
[1677256908.955536] [cn1096:16093:0]          mpool.c:43   UCX  WARN  object 0xaaafc80 was not returned to mpool ucp_requests
[1677256908.955522] [cn1096:16102:0]          mpool.c:43   UCX  WARN  object 0xa74d600 was not returned to mpool ucp_requests
[1677256908.955520] [cn1096:16105:0]          mpool.c:43   UCX  WARN  object 0x6965400 was not returned to mpool ucp_requests
[1677256908.955520] [cn1096:16108:0]          mpool.c:43   UCX  WARN  object 0xb4a8440 was not returned to mpool ucp_requests
[1677256908.955562] [cn1096:16110:0]          mpool.c:43   UCX  WARN  object 0xba9ca00 was not returned to mpool ucp_requests
[1677256908.955572] [cn1096:16116:0]          mpool.c:43   UCX  WARN  object 0x6db1200 was not returned to mpool ucp_requests
[1677256908.955621] [cn1096:16112:0]          mpool.c:43   UCX  WARN  object 0xb426cc0 was not returned to mpool ucp_requests
--------------------------------------------------------------------------
Open MPI failed an OFI Libfabric library call (fi_domain).  This is highly
unusual; your job may behave unpredictably (and/or abort) after this.

  Local host: cn1101
  Location: mtl_ofi_component.c:928
  Error: No data available (61)
--------------------------------------------------------------------------
[cn1096.scarf.rl.ac.uk:20555] 239 more processes have sent help message help-mtl-ofi.txt / OFI call fail
[cn1096.scarf.rl.ac.uk:20555] Set MCA parameter "orte_base_help_aggregate" to 0 to see all help / error messages
[1677258784.059394] [cn1097:7524 :0]          mpool.c:43   UCX  WARN  object 0xaca9ac0 was not returned to mpool ucp_requests
[1677258784.060223] [cn1096:20937:0]          mpool.c:43   UCX  WARN  object 0xa4dde80 was not returned to mpool ucp_requests
[1677258784.060239] [cn1096:20948:0]          mpool.c:43   UCX  WARN  object 0xa243640 was not returned to mpool ucp_requests
[1677258784.060250] [cn1096:20953:0]          mpool.c:43   UCX  WARN  object 0x6585e40 was not returned to mpool ucp_requests
[1677258784.060277] [cn1096:20958:0]          mpool.c:43   UCX  WARN  object 0xab60900 was not returned to mpool ucp_requests
[1677258784.060250] [cn1096:20939:0]          mpool.c:43   UCX  WARN  object 0xbf3f6c0 was not returned to mpool ucp_requests
[1677258784.060247] [cn1096:20943:0]          mpool.c:43   UCX  WARN  object 0x6b2ecc0 was not returned to mpool ucp_requests
[1677258784.060271] [cn1096:20946:0]          mpool.c:43   UCX  WARN  object 0x6775d40 was not returned to mpool ucp_requests
[1677258784.060297] [cn1096:20955:0]          mpool.c:43   UCX  WARN  object 0x61509c0 was not returned to mpool ucp_requests
[1677258784.060346] [cn1096:20960:0]          mpool.c:43   UCX  WARN  object 0xa5176c0 was not returned to mpool ucp_requests
[1677258784.060330] [cn1096:20963:0]          mpool.c:43   UCX  WARN  object 0xa537840 was not returned to mpool ucp_requests
--------------------------------------------------------------------------
Open MPI failed an OFI Libfabric library call (fi_domain).  This is highly
unusual; your job may behave unpredictably (and/or abort) after this.

  Local host: cn1101
  Location: mtl_ofi_component.c:928
  Error: No data available (61)
--------------------------------------------------------------------------
[cn1096.scarf.rl.ac.uk:25781] 239 more processes have sent help message help-mtl-ofi.txt / OFI call fail
[cn1096.scarf.rl.ac.uk:25781] Set MCA parameter "orte_base_help_aggregate" to 0 to see all help / error messages
[1677260809.345600] [cn1097:12147:0]          mpool.c:43   UCX  WARN  object 0x5216280 was not returned to mpool ucp_requests
[1677260809.342742] [cn1096:25849:0]          mpool.c:43   UCX  WARN  object 0x6d2e680 was not returned to mpool ucp_requests
[1677260809.342727] [cn1096:25862:0]          mpool.c:43   UCX  WARN  object 0xac99300 was not returned to mpool ucp_requests
[1677260809.342727] [cn1096:25864:0]          mpool.c:43   UCX  WARN  object 0x6878e80 was not returned to mpool ucp_requests
[1677260809.342775] [cn1096:25871:0]          mpool.c:43   UCX  WARN  object 0xc20d200 was not returned to mpool ucp_requests
[1677260809.342784] [cn1096:25855:0]          mpool.c:43   UCX  WARN  object 0x4f34140 was not returned to mpool ucp_requests
[1677260809.342789] [cn1096:25866:0]          mpool.c:43   UCX  WARN  object 0x6a68800 was not returned to mpool ucp_requests
[1677260809.342799] [cn1096:25874:0]          mpool.c:43   UCX  WARN  object 0xc3a11c0 was not returned to mpool ucp_requests
[1677260809.342806] [cn1096:25876:0]          mpool.c:43   UCX  WARN  object 0xa32d4c0 was not returned to mpool ucp_requests
[1677260809.342830] [cn1096:25853:0]          mpool.c:43   UCX  WARN  object 0xaef0440 was not returned to mpool ucp_requests
[1677260809.342986] [cn1096:25858:0]          mpool.c:43   UCX  WARN  object 0xb06fd00 was not returned to mpool ucp_requests
--------------------------------------------------------------------------
Open MPI failed an OFI Libfabric library call (fi_domain).  This is highly
unusual; your job may behave unpredictably (and/or abort) after this.

  Local host: cn1101
  Location: mtl_ofi_component.c:928
  Error: No data available (61)
--------------------------------------------------------------------------
[cn1096.scarf.rl.ac.uk:30607] 239 more processes have sent help message help-mtl-ofi.txt / OFI call fail
[cn1096.scarf.rl.ac.uk:30607] Set MCA parameter "orte_base_help_aggregate" to 0 to see all help / error messages
[1677262639.415978] [cn1097:17297:0]          mpool.c:43   UCX  WARN  object 0xba83ac0 was not returned to mpool ucp_requests
[1677262639.412397] [cn1096:30673:0]          mpool.c:43   UCX  WARN  object 0x69cc100 was not returned to mpool ucp_requests
[1677262639.412507] [cn1096:30676:0]          mpool.c:43   UCX  WARN  object 0xbf983c0 was not returned to mpool ucp_requests
[1677262639.412498] [cn1096:30678:0]          mpool.c:43   UCX  WARN  object 0xbe29c40 was not returned to mpool ucp_requests
[1677262639.412394] [cn1096:30681:0]          mpool.c:43   UCX  WARN  object 0xc1af900 was not returned to mpool ucp_requests
[1677262639.412492] [cn1096:30686:0]          mpool.c:43   UCX  WARN  object 0xb83a880 was not returned to mpool ucp_requests
[1677262639.412489] [cn1096:30688:0]          mpool.c:43   UCX  WARN  object 0xbfda5c0 was not returned to mpool ucp_requests
[1677262639.412679] [cn1096:30690:0]          mpool.c:43   UCX  WARN  object 0xb175500 was not returned to mpool ucp_requests
[1677262639.412497] [cn1096:30693:0]          mpool.c:43   UCX  WARN  object 0x6bd59c0 was not returned to mpool ucp_requests
[1677262639.412669] [cn1096:30698:0]          mpool.c:43   UCX  WARN  object 0xb510700 was not returned to mpool ucp_requests
[1677262639.412394] [cn1096:30700:0]          mpool.c:43   UCX  WARN  object 0xb4430c0 was not returned to mpool ucp_requests
--------------------------------------------------------------------------
Open MPI failed an OFI Libfabric library call (fi_domain).  This is highly
unusual; your job may behave unpredictably (and/or abort) after this.

  Local host: cn1101
  Location: mtl_ofi_component.c:928
  Error: No data available (61)
--------------------------------------------------------------------------
[cn1096.scarf.rl.ac.uk:35112] 239 more processes have sent help message help-mtl-ofi.txt / OFI call fail
[cn1096.scarf.rl.ac.uk:35112] Set MCA parameter "orte_base_help_aggregate" to 0 to see all help / error messages
[1677264620.474537] [cn1097:22108:0]          mpool.c:43   UCX  WARN  object 0x5914880 was not returned to mpool ucp_requests
[1677264620.477263] [cn1096:35169:0]          mpool.c:43   UCX  WARN  object 0x671b540 was not returned to mpool ucp_requests
[1677264620.477298] [cn1096:35170:0]          mpool.c:43   UCX  WARN  object 0xbc85e40 was not returned to mpool ucp_requests
[1677264620.477303] [cn1096:35173:0]          mpool.c:43   UCX  WARN  object 0xc222480 was not returned to mpool ucp_requests
[1677264620.477335] [cn1096:35163:0]          mpool.c:43   UCX  WARN  object 0x5717cc0 was not returned to mpool ucp_requests
[1677264620.477348] [cn1096:35167:0]          mpool.c:43   UCX  WARN  object 0xc0f2d80 was not returned to mpool ucp_requests
[1677264620.477327] [cn1096:35168:0]          mpool.c:43   UCX  WARN  object 0x5a90e80 was not returned to mpool ucp_requests
[1677264620.477342] [cn1096:35171:0]          mpool.c:43   UCX  WARN  object 0xb387800 was not returned to mpool ucp_requests
[1677264620.477356] [cn1096:35222:0]          mpool.c:43   UCX  WARN  object 0x6272140 was not returned to mpool ucp_requests
[1677264620.477391] [cn1096:35194:0]          mpool.c:43   UCX  WARN  object 0x5fcfb80 was not returned to mpool ucp_requests
[1677264620.477391] [cn1096:35200:0]          mpool.c:43   UCX  WARN  object 0x56573c0 was not returned to mpool ucp_requests
--------------------------------------------------------------------------
Open MPI failed an OFI Libfabric library call (fi_domain).  This is highly
unusual; your job may behave unpredictably (and/or abort) after this.

  Local host: cn1101
  Location: mtl_ofi_component.c:928
  Error: No data available (61)
--------------------------------------------------------------------------
[cn1096.scarf.rl.ac.uk:39851] 239 more processes have sent help message help-mtl-ofi.txt / OFI call fail
[cn1096.scarf.rl.ac.uk:39851] Set MCA parameter "orte_base_help_aggregate" to 0 to see all help / error messages
[1677266363.786832] [cn1097:27161:0]          mpool.c:43   UCX  WARN  object 0xb572280 was not returned to mpool ucp_requests
[1677266363.789624] [cn1096:39934:0]          mpool.c:43   UCX  WARN  object 0x507bf40 was not returned to mpool ucp_requests
[1677266363.789646] [cn1096:39937:0]          mpool.c:43   UCX  WARN  object 0x5b61880 was not returned to mpool ucp_requests
[1677266363.789632] [cn1096:39917:0]          mpool.c:43   UCX  WARN  object 0x5b41940 was not returned to mpool ucp_requests
[1677266363.789686] [cn1096:39921:0]          mpool.c:43   UCX  WARN  object 0x6a52ec0 was not returned to mpool ucp_requests
[1677266363.789660] [cn1096:39926:0]          mpool.c:43   UCX  WARN  object 0xa6021c0 was not returned to mpool ucp_requests
[1677266363.789664] [cn1096:39929:0]          mpool.c:43   UCX  WARN  object 0xb1b6100 was not returned to mpool ucp_requests
[1677266363.789650] [cn1096:39932:0]          mpool.c:43   UCX  WARN  object 0x5bcff80 was not returned to mpool ucp_requests
[1677266363.789714] [cn1096:39922:0]          mpool.c:43   UCX  WARN  object 0xb37d7c0 was not returned to mpool ucp_requests
[1677266363.789750] [cn1096:39944:0]          mpool.c:43   UCX  WARN  object 0xbf62340 was not returned to mpool ucp_requests
[1677266363.789787] [cn1096:39942:0]          mpool.c:43   UCX  WARN  object 0xb552f00 was not returned to mpool ucp_requests
--------------------------------------------------------------------------
Open MPI failed an OFI Libfabric library call (fi_domain).  This is highly
unusual; your job may behave unpredictably (and/or abort) after this.

  Local host: cn1096
  Location: mtl_ofi_component.c:928
  Error: No data available (61)
--------------------------------------------------------------------------
[cn1096.scarf.rl.ac.uk:44153] 239 more processes have sent help message help-mtl-ofi.txt / OFI call fail
[cn1096.scarf.rl.ac.uk:44153] Set MCA parameter "orte_base_help_aggregate" to 0 to see all help / error messages
[1677268141.970902] [cn1097:31471:0]          mpool.c:43   UCX  WARN  object 0xb94d6c0 was not returned to mpool ucp_requests
[1677268141.974709] [cn1096:44269:0]          mpool.c:43   UCX  WARN  object 0xa6353c0 was not returned to mpool ucp_requests
[1677268141.974777] [cn1096:44264:0]          mpool.c:43   UCX  WARN  object 0x68579c0 was not returned to mpool ucp_requests
[1677268141.974782] [cn1096:44267:0]          mpool.c:43   UCX  WARN  object 0xb68bac0 was not returned to mpool ucp_requests
[1677268141.974799] [cn1096:44260:0]          mpool.c:43   UCX  WARN  object 0x6341800 was not returned to mpool ucp_requests
[1677268141.974856] [cn1096:44274:0]          mpool.c:43   UCX  WARN  object 0x4f4c540 was not returned to mpool ucp_requests
[1677268141.974857] [cn1096:44277:0]          mpool.c:43   UCX  WARN  object 0x6086300 was not returned to mpool ucp_requests
[1677268141.974849] [cn1096:44258:0]          mpool.c:43   UCX  WARN  object 0xb67ca40 was not returned to mpool ucp_requests
[1677268141.974883] [cn1096:44281:0]          mpool.c:43   UCX  WARN  object 0x4fe3d80 was not returned to mpool ucp_requests
[1677268141.974887] [cn1096:44283:0]          mpool.c:43   UCX  WARN  object 0x69e0d80 was not returned to mpool ucp_requests
[1677268141.974908] [cn1096:44262:0]          mpool.c:43   UCX  WARN  object 0x591bd40 was not returned to mpool ucp_requests
--------------------------------------------------------------------------
Open MPI failed an OFI Libfabric library call (fi_domain).  This is highly
unusual; your job may behave unpredictably (and/or abort) after this.

  Local host: cn1096
  Location: mtl_ofi_component.c:928
  Error: No data available (61)
--------------------------------------------------------------------------
[cn1096.scarf.rl.ac.uk:48527] 239 more processes have sent help message help-mtl-ofi.txt / OFI call fail
[cn1096.scarf.rl.ac.uk:48527] Set MCA parameter "orte_base_help_aggregate" to 0 to see all help / error messages
[1677269932.489095] [cn1096:48910:0]          mpool.c:43   UCX  WARN  object 0xc0fb480 was not returned to mpool ucp_requests
[1677269932.489097] [cn1096:48919:0]          mpool.c:43   UCX  WARN  object 0xb66a280 was not returned to mpool ucp_requests
[1677269932.489160] [cn1096:48921:0]          mpool.c:43   UCX  WARN  object 0xc206b00 was not returned to mpool ucp_requests
[1677269932.489150] [cn1096:48925:0]          mpool.c:43   UCX  WARN  object 0xb9a1440 was not returned to mpool ucp_requests
[1677269932.489169] [cn1096:48930:0]          mpool.c:43   UCX  WARN  object 0x632f500 was not returned to mpool ucp_requests
[1677269932.489167] [cn1096:48912:0]          mpool.c:43   UCX  WARN  object 0x5fdf1c0 was not returned to mpool ucp_requests
[1677269932.489195] [cn1096:48916:0]          mpool.c:43   UCX  WARN  object 0x56bf6c0 was not returned to mpool ucp_requests
[1677269932.489184] [cn1096:48927:0]          mpool.c:43   UCX  WARN  object 0xb2ffb00 was not returned to mpool ucp_requests
[1677269932.489282] [cn1096:48933:0]          mpool.c:43   UCX  WARN  object 0xbf60140 was not returned to mpool ucp_requests
[1677269932.489243] [cn1096:48937:0]          mpool.c:43   UCX  WARN  object 0x5c34500 was not returned to mpool ucp_requests
[1677269932.489216] [cn1097:35764:0]          mpool.c:43   UCX  WARN  object 0xabf6b00 was not returned to mpool ucp_requests
--------------------------------------------------------------------------
Open MPI failed an OFI Libfabric library call (fi_domain).  This is highly
unusual; your job may behave unpredictably (and/or abort) after this.

  Local host: cn1101
  Location: mtl_ofi_component.c:928
  Error: No data available (61)
--------------------------------------------------------------------------
[cn1096.scarf.rl.ac.uk:53374] 239 more processes have sent help message help-mtl-ofi.txt / OFI call fail
[cn1096.scarf.rl.ac.uk:53374] Set MCA parameter "orte_base_help_aggregate" to 0 to see all help / error messages
[1677271762.058551] [cn1097:40266:0]          mpool.c:43   UCX  WARN  object 0x5aa2680 was not returned to mpool ucp_requests
[1677271762.060659] [cn1096:53756:0]          mpool.c:43   UCX  WARN  object 0xb563dc0 was not returned to mpool ucp_requests
[1677271762.060710] [cn1096:53771:0]          mpool.c:43   UCX  WARN  object 0x6cbde00 was not returned to mpool ucp_requests
[1677271762.060722] [cn1096:53762:0]          mpool.c:43   UCX  WARN  object 0xc1c28c0 was not returned to mpool ucp_requests
[1677271762.060756] [cn1096:53760:0]          mpool.c:43   UCX  WARN  object 0xafd49c0 was not returned to mpool ucp_requests
[1677271762.060766] [cn1096:53765:0]          mpool.c:43   UCX  WARN  object 0xc179300 was not returned to mpool ucp_requests
[1677271762.060747] [cn1096:53773:0]          mpool.c:43   UCX  WARN  object 0xc0cfa00 was not returned to mpool ucp_requests
[1677271762.060762] [cn1096:53779:0]          mpool.c:43   UCX  WARN  object 0x5e0d480 was not returned to mpool ucp_requests
[1677271762.060783] [cn1096:53776:0]          mpool.c:43   UCX  WARN  object 0x51d1580 was not returned to mpool ucp_requests
[1677271762.060829] [cn1096:53783:0]          mpool.c:43   UCX  WARN  object 0x6631640 was not returned to mpool ucp_requests
[1677271762.060881] [cn1096:53781:0]          mpool.c:43   UCX  WARN  object 0x534dbc0 was not returned to mpool ucp_requests
--------------------------------------------------------------------------
Open MPI failed an OFI Libfabric library call (fi_domain).  This is highly
unusual; your job may behave unpredictably (and/or abort) after this.

  Local host: cn1101
  Location: mtl_ofi_component.c:928
  Error: No data available (61)
--------------------------------------------------------------------------
[cn1096.scarf.rl.ac.uk:57838] 239 more processes have sent help message help-mtl-ofi.txt / OFI call fail
[cn1096.scarf.rl.ac.uk:57838] Set MCA parameter "orte_base_help_aggregate" to 0 to see all help / error messages
[1677273637.651929] [cn1097:45801:0]          mpool.c:43   UCX  WARN  object 0x682d480 was not returned to mpool ucp_requests
[1677273637.655901] [cn1096:58220:0]          mpool.c:43   UCX  WARN  object 0xb90f8c0 was not returned to mpool ucp_requests
[1677273637.655895] [cn1096:58233:0]          mpool.c:43   UCX  WARN  object 0xa482780 was not returned to mpool ucp_requests
[1677273637.655869] [cn1096:58236:0]          mpool.c:43   UCX  WARN  object 0xa423780 was not returned to mpool ucp_requests
[1677273637.655958] [cn1096:58243:0]          mpool.c:43   UCX  WARN  object 0x60adc40 was not returned to mpool ucp_requests
[1677273637.655953] [cn1096:58224:0]          mpool.c:43   UCX  WARN  object 0xbad0040 was not returned to mpool ucp_requests
[1677273637.655949] [cn1096:58227:0]          mpool.c:43   UCX  WARN  object 0x619df40 was not returned to mpool ucp_requests
[1677273637.655940] [cn1096:58231:0]          mpool.c:43   UCX  WARN  object 0xab5b500 was not returned to mpool ucp_requests
[1677273637.655981] [cn1096:58222:0]          mpool.c:43   UCX  WARN  object 0x5fb1f40 was not returned to mpool ucp_requests
[1677273637.656002] [cn1096:58245:0]          mpool.c:43   UCX  WARN  object 0x5e1edc0 was not returned to mpool ucp_requests
[1677273637.656011] [cn1096:58241:0]          mpool.c:43   UCX  WARN  object 0xa798e40 was not returned to mpool ucp_requests
--------------------------------------------------------------------------
Open MPI failed an OFI Libfabric library call (fi_domain).  This is highly
unusual; your job may behave unpredictably (and/or abort) after this.

  Local host: cn1096
  Location: mtl_ofi_component.c:928
  Error: No data available (61)
--------------------------------------------------------------------------
[cn1096.scarf.rl.ac.uk:62800] 239 more processes have sent help message help-mtl-ofi.txt / OFI call fail
[cn1096.scarf.rl.ac.uk:62800] Set MCA parameter "orte_base_help_aggregate" to 0 to see all help / error messages
[1677275523.963396] [cn1097:51019:0]          mpool.c:43   UCX  WARN  object 0xbedaa80 was not returned to mpool ucp_requests
[1677275523.966408] [cn1096:63153:0]          mpool.c:43   UCX  WARN  object 0xbf196c0 was not returned to mpool ucp_requests
[1677275523.966416] [cn1096:63157:0]          mpool.c:43   UCX  WARN  object 0x56289c0 was not returned to mpool ucp_requests
[1677275523.966414] [cn1096:63158:0]          mpool.c:43   UCX  WARN  object 0xa876fc0 was not returned to mpool ucp_requests
[1677275523.966415] [cn1096:63163:0]          mpool.c:43   UCX  WARN  object 0xb592940 was not returned to mpool ucp_requests
[1677275523.966421] [cn1096:63182:0]          mpool.c:43   UCX  WARN  object 0xc3a6a00 was not returned to mpool ucp_requests
[1677275523.966467] [cn1096:63155:0]          mpool.c:43   UCX  WARN  object 0x6bafac0 was not returned to mpool ucp_requests
[1677275523.966488] [cn1096:63156:0]          mpool.c:43   UCX  WARN  object 0x58acf80 was not returned to mpool ucp_requests
[1677275523.966487] [cn1096:63209:0]          mpool.c:43   UCX  WARN  object 0xbd28980 was not returned to mpool ucp_requests
[1677275523.966476] [cn1096:63154:0]          mpool.c:43   UCX  WARN  object 0xc2af2c0 was not returned to mpool ucp_requests
[1677275523.966549] [cn1096:63189:0]          mpool.c:43   UCX  WARN  object 0xad1f4c0 was not returned to mpool ucp_requests
--------------------------------------------------------------------------
Open MPI failed an OFI Libfabric library call (fi_domain).  This is highly
unusual; your job may behave unpredictably (and/or abort) after this.

  Local host: cn1099
  Location: mtl_ofi_component.c:928
  Error: No data available (61)
--------------------------------------------------------------------------
[cn1096.scarf.rl.ac.uk:02682] 239 more processes have sent help message help-mtl-ofi.txt / OFI call fail
[cn1096.scarf.rl.ac.uk:02682] Set MCA parameter "orte_base_help_aggregate" to 0 to see all help / error messages
[1677277124.732801] [cn1097:55864:0]          mpool.c:43   UCX  WARN  object 0xbdb0480 was not returned to mpool ucp_requests
[1677277124.735686] [cn1096:3070 :0]          mpool.c:43   UCX  WARN  object 0xb0f7c00 was not returned to mpool ucp_requests
[1677277124.735680] [cn1096:3075 :0]          mpool.c:43   UCX  WARN  object 0x62b39c0 was not returned to mpool ucp_requests
[1677277124.735727] [cn1096:3079 :0]          mpool.c:43   UCX  WARN  object 0x6ca6980 was not returned to mpool ucp_requests
[1677277124.735737] [cn1096:3081 :0]          mpool.c:43   UCX  WARN  object 0xa7f0e80 was not returned to mpool ucp_requests
[1677277124.735729] [cn1096:3084 :0]          mpool.c:43   UCX  WARN  object 0xb48c4c0 was not returned to mpool ucp_requests
[1677277124.735757] [cn1096:3071 :0]          mpool.c:43   UCX  WARN  object 0x5015040 was not returned to mpool ucp_requests
[1677277124.735780] [cn1096:3093 :0]          mpool.c:43   UCX  WARN  object 0xaf5e1c0 was not returned to mpool ucp_requests
[1677277124.735778] [cn1096:3066 :0]          mpool.c:43   UCX  WARN  object 0xb5fdec0 was not returned to mpool ucp_requests
[1677277124.735805] [cn1096:3091 :0]          mpool.c:43   UCX  WARN  object 0x6113800 was not returned to mpool ucp_requests
[1677277124.735812] [cn1096:3086 :0]          mpool.c:43   UCX  WARN  object 0xa4044c0 was not returned to mpool ucp_requests
--------------------------------------------------------------------------
Open MPI failed an OFI Libfabric library call (fi_domain).  This is highly
unusual; your job may behave unpredictably (and/or abort) after this.

  Local host: cn1098
  Location: mtl_ofi_component.c:928
  Error: No data available (61)
--------------------------------------------------------------------------
[cn1096.scarf.rl.ac.uk:06772] 239 more processes have sent help message help-mtl-ofi.txt / OFI call fail
[cn1096.scarf.rl.ac.uk:06772] Set MCA parameter "orte_base_help_aggregate" to 0 to see all help / error messages
[1677278997.314522] [cn1097:59939:0]          mpool.c:43   UCX  WARN  object 0xbd006c0 was not returned to mpool ucp_requests
[1677278997.316233] [cn1096:7166 :0]          mpool.c:43   UCX  WARN  object 0xbcd6640 was not returned to mpool ucp_requests
[1677278997.316217] [cn1096:7170 :0]          mpool.c:43   UCX  WARN  object 0xacc1600 was not returned to mpool ucp_requests
[1677278997.316257] [cn1096:7155 :0]          mpool.c:43   UCX  WARN  object 0xc4b2b80 was not returned to mpool ucp_requests
[1677278997.316277] [cn1096:7160 :0]          mpool.c:43   UCX  WARN  object 0xc1d9ec0 was not returned to mpool ucp_requests
[1677278997.316263] [cn1096:7172 :0]          mpool.c:43   UCX  WARN  object 0xa8031c0 was not returned to mpool ucp_requests
[1677278997.316273] [cn1096:7175 :0]          mpool.c:43   UCX  WARN  object 0x6d212c0 was not returned to mpool ucp_requests
[1677278997.316291] [cn1096:7157 :0]          mpool.c:43   UCX  WARN  object 0xad28dc0 was not returned to mpool ucp_requests
[1677278997.316316] [cn1096:7163 :0]          mpool.c:43   UCX  WARN  object 0xb8526c0 was not returned to mpool ucp_requests
[1677278997.316314] [cn1096:7179 :0]          mpool.c:43   UCX  WARN  object 0x6274a40 was not returned to mpool ucp_requests
[1677278997.316311] [cn1096:7182 :0]          mpool.c:43   UCX  WARN  object 0xa5e4480 was not returned to mpool ucp_requests
--------------------------------------------------------------------------
Open MPI failed an OFI Libfabric library call (fi_domain).  This is highly
unusual; your job may behave unpredictably (and/or abort) after this.

  Local host: cn1102
  Location: mtl_ofi_component.c:928
  Error: No data available (61)
--------------------------------------------------------------------------
[cn1096.scarf.rl.ac.uk:11895] 239 more processes have sent help message help-mtl-ofi.txt / OFI call fail
[cn1096.scarf.rl.ac.uk:11895] Set MCA parameter "orte_base_help_aggregate" to 0 to see all help / error messages
[1677280861.471252] [cn1097:64743:0]          mpool.c:43   UCX  WARN  object 0xb9b7dc0 was not returned to mpool ucp_requests
[1677280861.473535] [cn1096:12284:0]          mpool.c:43   UCX  WARN  object 0xb376d00 was not returned to mpool ucp_requests
[1677280861.473527] [cn1096:12290:0]          mpool.c:43   UCX  WARN  object 0xc12ff40 was not returned to mpool ucp_requests
[1677280861.473537] [cn1096:12292:0]          mpool.c:43   UCX  WARN  object 0x6672e80 was not returned to mpool ucp_requests
[1677280861.473555] [cn1096:12296:0]          mpool.c:43   UCX  WARN  object 0xacd55c0 was not returned to mpool ucp_requests
[1677280861.473579] [cn1096:12276:0]          mpool.c:43   UCX  WARN  object 0xa651c00 was not returned to mpool ucp_requests
[1677280861.473586] [cn1096:12282:0]          mpool.c:43   UCX  WARN  object 0xa71f1c0 was not returned to mpool ucp_requests
[1677280861.473621] [cn1096:12299:0]          mpool.c:43   UCX  WARN  object 0xa882480 was not returned to mpool ucp_requests
[1677280861.473612] [cn1096:12280:0]          mpool.c:43   UCX  WARN  object 0xc135940 was not returned to mpool ucp_requests
[1677280861.473675] [cn1096:12301:0]          mpool.c:43   UCX  WARN  object 0xaa51940 was not returned to mpool ucp_requests
[1677280861.473699] [cn1096:12303:0]          mpool.c:43   UCX  WARN  object 0x6617dc0 was not returned to mpool ucp_requests
--------------------------------------------------------------------------
Open MPI failed an OFI Libfabric library call (fi_domain).  This is highly
unusual; your job may behave unpredictably (and/or abort) after this.

  Local host: cn1096
  Location: mtl_ofi_component.c:928
  Error: No data available (61)
--------------------------------------------------------------------------
[cn1096.scarf.rl.ac.uk:16548] 239 more processes have sent help message help-mtl-ofi.txt / OFI call fail
[cn1096.scarf.rl.ac.uk:16548] Set MCA parameter "orte_base_help_aggregate" to 0 to see all help / error messages
[1677282428.294341] [cn1097:4644 :0]          mpool.c:43   UCX  WARN  object 0x65a1a00 was not returned to mpool ucp_requests
[1677282428.296232] [cn1096:16930:0]          mpool.c:43   UCX  WARN  object 0x4e66d40 was not returned to mpool ucp_requests
[1677282428.296263] [cn1096:16943:0]          mpool.c:43   UCX  WARN  object 0xbf57b40 was not returned to mpool ucp_requests
[1677282428.296279] [cn1096:16945:0]          mpool.c:43   UCX  WARN  object 0x4e65080 was not returned to mpool ucp_requests
[1677282428.296308] [cn1096:16934:0]          mpool.c:43   UCX  WARN  object 0xc0a7340 was not returned to mpool ucp_requests
[1677282428.296310] [cn1096:16939:0]          mpool.c:43   UCX  WARN  object 0xad953c0 was not returned to mpool ucp_requests
[1677282428.296395] [cn1096:16936:0]          mpool.c:43   UCX  WARN  object 0x6237a80 was not returned to mpool ucp_requests
[1677282428.296367] [cn1096:16947:0]          mpool.c:43   UCX  WARN  object 0x6603380 was not returned to mpool ucp_requests
[1677282428.296368] [cn1096:16951:0]          mpool.c:43   UCX  WARN  object 0xad0c900 was not returned to mpool ucp_requests
[1677282428.296431] [cn1096:16957:0]          mpool.c:43   UCX  WARN  object 0x6866080 was not returned to mpool ucp_requests
[1677282428.296458] [cn1096:16955:0]          mpool.c:43   UCX  WARN  object 0x571bfc0 was not returned to mpool ucp_requests
--------------------------------------------------------------------------
Open MPI failed an OFI Libfabric library call (fi_domain).  This is highly
unusual; your job may behave unpredictably (and/or abort) after this.

  Local host: cn1097
  Location: mtl_ofi_component.c:928
  Error: No data available (61)
--------------------------------------------------------------------------
[cn1096.scarf.rl.ac.uk:20528] 239 more processes have sent help message help-mtl-ofi.txt / OFI call fail
[cn1096.scarf.rl.ac.uk:20528] Set MCA parameter "orte_base_help_aggregate" to 0 to see all help / error messages
[1677284068.058297] [cn1097:8718 :0]          mpool.c:43   UCX  WARN  object 0xa4c0980 was not returned to mpool ucp_requests
[1677284068.060265] [cn1096:20620:0]          mpool.c:43   UCX  WARN  object 0xbf61380 was not returned to mpool ucp_requests
[1677284068.060183] [cn1096:20595:0]          mpool.c:43   UCX  WARN  object 0xbc89d40 was not returned to mpool ucp_requests
[1677284068.060207] [cn1096:20597:0]          mpool.c:43   UCX  WARN  object 0xbfc8c00 was not returned to mpool ucp_requests
[1677284068.060238] [cn1096:20600:0]          mpool.c:43   UCX  WARN  object 0xc0a1080 was not returned to mpool ucp_requests
[1677284068.060252] [cn1096:20604:0]          mpool.c:43   UCX  WARN  object 0xbc7bc40 was not returned to mpool ucp_requests
[1677284068.060162] [cn1096:20605:0]          mpool.c:43   UCX  WARN  object 0xb4e98c0 was not returned to mpool ucp_requests
[1677284068.060186] [cn1096:20608:0]          mpool.c:43   UCX  WARN  object 0xb93e800 was not returned to mpool ucp_requests
[1677284068.060229] [cn1096:20612:0]          mpool.c:43   UCX  WARN  object 0x657dd00 was not returned to mpool ucp_requests
[1677284068.060236] [cn1096:20614:0]          mpool.c:43   UCX  WARN  object 0xb57c940 was not returned to mpool ucp_requests
[1677284068.060277] [cn1096:20617:0]          mpool.c:43   UCX  WARN  object 0xab16e40 was not returned to mpool ucp_requests
--------------------------------------------------------------------------
Open MPI failed an OFI Libfabric library call (fi_domain).  This is highly
unusual; your job may behave unpredictably (and/or abort) after this.

  Local host: cn1101
  Location: mtl_ofi_component.c:928
  Error: No data available (61)
--------------------------------------------------------------------------
[cn1096.scarf.rl.ac.uk:24749] 239 more processes have sent help message help-mtl-ofi.txt / OFI call fail
[cn1096.scarf.rl.ac.uk:24749] Set MCA parameter "orte_base_help_aggregate" to 0 to see all help / error messages
[1677286741.932010] [cn1097:12863:0]          mpool.c:43   UCX  WARN  object 0xbd82a80 was not returned to mpool ucp_requests
[1677286741.933116] [cn1096:24787:0]          mpool.c:43   UCX  WARN  object 0xae10ac0 was not returned to mpool ucp_requests
[1677286741.933249] [cn1096:24789:0]          mpool.c:43   UCX  WARN  object 0x596fb40 was not returned to mpool ucp_requests
[1677286741.933272] [cn1096:24790:0]          mpool.c:43   UCX  WARN  object 0x604f280 was not returned to mpool ucp_requests
[1677286741.933315] [cn1096:24786:0]          mpool.c:43   UCX  WARN  object 0xab14d40 was not returned to mpool ucp_requests
[1677286741.933409] [cn1096:24788:0]          mpool.c:43   UCX  WARN  object 0xb7b9340 was not returned to mpool ucp_requests
[1677286741.933550] [cn1096:24791:0]          mpool.c:43   UCX  WARN  object 0xab0e480 was not returned to mpool ucp_requests
[1677286741.933569] [cn1096:24794:0]          mpool.c:43   UCX  WARN  object 0x6316080 was not returned to mpool ucp_requests
[1677286741.933538] [cn1096:24819:0]          mpool.c:43   UCX  WARN  object 0xaee2d00 was not returned to mpool ucp_requests
[1677286741.933618] [cn1096:24816:0]          mpool.c:43   UCX  WARN  object 0xb192400 was not returned to mpool ucp_requests
[1677286741.933630] [cn1096:24840:0]          mpool.c:43   UCX  WARN  object 0xa361900 was not returned to mpool ucp_requests
--------------------------------------------------------------------------
Open MPI failed an OFI Libfabric library call (fi_domain).  This is highly
unusual; your job may behave unpredictably (and/or abort) after this.

  Local host: cn1101
  Location: mtl_ofi_component.c:928
  Error: No data available (61)
--------------------------------------------------------------------------
[cn1096.scarf.rl.ac.uk:31324] 239 more processes have sent help message help-mtl-ofi.txt / OFI call fail
[cn1096.scarf.rl.ac.uk:31324] Set MCA parameter "orte_base_help_aggregate" to 0 to see all help / error messages
[1677288520.771392] [cn1097:19442:0]          mpool.c:43   UCX  WARN  object 0xb160580 was not returned to mpool ucp_requests
[1677288520.774120] [cn1096:31716:0]          mpool.c:43   UCX  WARN  object 0xc07fa00 was not returned to mpool ucp_requests
[1677288520.774612] [cn1096:31720:0]          mpool.c:43   UCX  WARN  object 0xbe03040 was not returned to mpool ucp_requests
[1677288520.774627] [cn1096:31724:0]          mpool.c:43   UCX  WARN  object 0xaa9c000 was not returned to mpool ucp_requests
[1677288520.774653] [cn1096:31707:0]          mpool.c:43   UCX  WARN  object 0xb416d40 was not returned to mpool ucp_requests
[1677288520.774665] [cn1096:31727:0]          mpool.c:43   UCX  WARN  object 0xb8ef580 was not returned to mpool ucp_requests
[1677288520.774682] [cn1096:31729:0]          mpool.c:43   UCX  WARN  object 0xb63ffc0 was not returned to mpool ucp_requests
[1677288520.774741] [cn1096:31734:0]          mpool.c:43   UCX  WARN  object 0xaa8f9c0 was not returned to mpool ucp_requests
[1677288520.774792] [cn1096:31709:0]          mpool.c:43   UCX  WARN  object 0xa6ba9c0 was not returned to mpool ucp_requests
[1677288520.774794] [cn1096:31732:0]          mpool.c:43   UCX  WARN  object 0xa2afb80 was not returned to mpool ucp_requests
[1677288520.774840] [cn1096:31713:0]          mpool.c:43   UCX  WARN  object 0x5a47880 was not returned to mpool ucp_requests
--------------------------------------------------------------------------
Open MPI failed an OFI Libfabric library call (fi_domain).  This is highly
unusual; your job may behave unpredictably (and/or abort) after this.

  Local host: cn1101
  Location: mtl_ofi_component.c:928
  Error: No data available (61)
--------------------------------------------------------------------------
[cn1096.scarf.rl.ac.uk:35753] 239 more processes have sent help message help-mtl-ofi.txt / OFI call fail
[cn1096.scarf.rl.ac.uk:35753] Set MCA parameter "orte_base_help_aggregate" to 0 to see all help / error messages
[1677291788.112019] [cn1097:24144:0]          mpool.c:43   UCX  WARN  object 0xabb4b40 was not returned to mpool ucp_requests
[1677291788.113093] [cn1096:36144:0]          mpool.c:43   UCX  WARN  object 0x57a8cc0 was not returned to mpool ucp_requests
[1677291788.113127] [cn1096:36149:0]          mpool.c:43   UCX  WARN  object 0x6c3d200 was not returned to mpool ucp_requests
[1677291788.113137] [cn1096:36152:0]          mpool.c:43   UCX  WARN  object 0x6559ec0 was not returned to mpool ucp_requests
[1677291788.113114] [cn1096:36137:0]          mpool.c:43   UCX  WARN  object 0xa8c7040 was not returned to mpool ucp_requests
[1677291788.113163] [cn1096:36155:0]          mpool.c:43   UCX  WARN  object 0xbec13c0 was not returned to mpool ucp_requests
[1677291788.113177] [cn1096:36140:0]          mpool.c:43   UCX  WARN  object 0xb142340 was not returned to mpool ucp_requests
[1677291788.113198] [cn1096:36138:0]          mpool.c:43   UCX  WARN  object 0x66e73c0 was not returned to mpool ucp_requests
[1677291788.113200] [cn1096:36157:0]          mpool.c:43   UCX  WARN  object 0xb866700 was not returned to mpool ucp_requests
[1677291788.113234] [cn1096:36160:0]          mpool.c:43   UCX  WARN  object 0xb17a040 was not returned to mpool ucp_requests
[1677291788.113228] [cn1096:36163:0]          mpool.c:43   UCX  WARN  object 0xa7e4d80 was not returned to mpool ucp_requests
--------------------------------------------------------------------------
Open MPI failed an OFI Libfabric library call (fi_domain).  This is highly
unusual; your job may behave unpredictably (and/or abort) after this.

  Local host: cn1102
  Location: mtl_ofi_component.c:928
  Error: No data available (61)
--------------------------------------------------------------------------
[cn1096.scarf.rl.ac.uk:44080] 239 more processes have sent help message help-mtl-ofi.txt / OFI call fail
[cn1096.scarf.rl.ac.uk:44080] Set MCA parameter "orte_base_help_aggregate" to 0 to see all help / error messages
[1677293475.698748] [cn1097:31783:0]          mpool.c:43   UCX  WARN  object 0x6c9d480 was not returned to mpool ucp_requests
[1677293475.700887] [cn1096:44149:0]          mpool.c:43   UCX  WARN  object 0x605a2c0 was not returned to mpool ucp_requests
[1677293475.700907] [cn1096:44166:0]          mpool.c:43   UCX  WARN  object 0xbeb9500 was not returned to mpool ucp_requests
[1677293475.700917] [cn1096:44171:0]          mpool.c:43   UCX  WARN  object 0x4f74c80 was not returned to mpool ucp_requests
[1677293475.700936] [cn1096:44151:0]          mpool.c:43   UCX  WARN  object 0xbbfd140 was not returned to mpool ucp_requests
[1677293475.700942] [cn1096:44156:0]          mpool.c:43   UCX  WARN  object 0x5afaf40 was not returned to mpool ucp_requests
[1677293475.700927] [cn1096:44162:0]          mpool.c:43   UCX  WARN  object 0xa267a80 was not returned to mpool ucp_requests
[1677293475.700967] [cn1096:44169:0]          mpool.c:43   UCX  WARN  object 0x6317d80 was not returned to mpool ucp_requests
[1677293475.701011] [cn1096:44177:0]          mpool.c:43   UCX  WARN  object 0xa8f46c0 was not returned to mpool ucp_requests
[1677293475.701030] [cn1096:44159:0]          mpool.c:43   UCX  WARN  object 0xab6b800 was not returned to mpool ucp_requests
[1677293475.701065] [cn1096:44173:0]          mpool.c:43   UCX  WARN  object 0xaeaee40 was not returned to mpool ucp_requests
--------------------------------------------------------------------------
Open MPI failed an OFI Libfabric library call (fi_domain).  This is highly
unusual; your job may behave unpredictably (and/or abort) after this.

  Local host: cn1098
  Location: mtl_ofi_component.c:928
  Error: No data available (61)
--------------------------------------------------------------------------
[cn1096.scarf.rl.ac.uk:47996] [[25141,0],0] ORTE_ERROR_LOG: Data unpack would read past end of buffer in file util/show_help.c at line 507
[cn1096.scarf.rl.ac.uk:47996] 238 more processes have sent help message help-mtl-ofi.txt / OFI call fail
[cn1096.scarf.rl.ac.uk:47996] Set MCA parameter "orte_base_help_aggregate" to 0 to see all help / error messages
[1677295398.459442] [cn1097:35950:0]          mpool.c:43   UCX  WARN  object 0xab0c5c0 was not returned to mpool ucp_requests
[1677295398.461479] [cn1096:48388:0]          mpool.c:43   UCX  WARN  object 0xacef5c0 was not returned to mpool ucp_requests
[1677295398.461483] [cn1096:48390:0]          mpool.c:43   UCX  WARN  object 0xa583a40 was not returned to mpool ucp_requests
[1677295398.461505] [cn1096:48394:0]          mpool.c:43   UCX  WARN  object 0x52ae200 was not returned to mpool ucp_requests
[1677295398.461556] [cn1096:48397:0]          mpool.c:43   UCX  WARN  object 0xb7b1f00 was not returned to mpool ucp_requests
[1677295398.461610] [cn1096:48399:0]          mpool.c:43   UCX  WARN  object 0x6788e00 was not returned to mpool ucp_requests
[1677295398.461609] [cn1096:48402:0]          mpool.c:43   UCX  WARN  object 0xbcbffc0 was not returned to mpool ucp_requests
[1677295398.461504] [cn1096:48376:0]          mpool.c:43   UCX  WARN  object 0xb76ef00 was not returned to mpool ucp_requests
[1677295398.461566] [cn1096:48378:0]          mpool.c:43   UCX  WARN  object 0xc2050c0 was not returned to mpool ucp_requests
[1677295398.461497] [cn1096:48382:0]          mpool.c:43   UCX  WARN  object 0xc433fc0 was not returned to mpool ucp_requests
[1677295398.461464] [cn1096:48384:0]          mpool.c:43   UCX  WARN  object 0xb25ad80 was not returned to mpool ucp_requests
--------------------------------------------------------------------------
Open MPI failed an OFI Libfabric library call (fi_domain).  This is highly
unusual; your job may behave unpredictably (and/or abort) after this.

  Local host: cn1096
  Location: mtl_ofi_component.c:928
  Error: No data available (61)
--------------------------------------------------------------------------
[cn1096.scarf.rl.ac.uk:53433] 239 more processes have sent help message help-mtl-ofi.txt / OFI call fail
[cn1096.scarf.rl.ac.uk:53433] Set MCA parameter "orte_base_help_aggregate" to 0 to see all help / error messages
[1677297312.435320] [cn1097:41261:0]          mpool.c:43   UCX  WARN  object 0xb4e5680 was not returned to mpool ucp_requests
[1677297312.437016] [cn1096:53472:0]          mpool.c:43   UCX  WARN  object 0xb844340 was not returned to mpool ucp_requests
[1677297312.437008] [cn1096:53476:0]          mpool.c:43   UCX  WARN  object 0xb0c9300 was not returned to mpool ucp_requests
[1677297312.437033] [cn1096:53471:0]          mpool.c:43   UCX  WARN  object 0x581f340 was not returned to mpool ucp_requests
[1677297312.437037] [cn1096:53474:0]          mpool.c:43   UCX  WARN  object 0x6d35380 was not returned to mpool ucp_requests
[1677297312.437035] [cn1096:53475:0]          mpool.c:43   UCX  WARN  object 0xbec5380 was not returned to mpool ucp_requests
[1677297312.437084] [cn1096:53470:0]          mpool.c:43   UCX  WARN  object 0xb9308c0 was not returned to mpool ucp_requests
[1677297312.437063] [cn1096:53473:0]          mpool.c:43   UCX  WARN  object 0xb293e00 was not returned to mpool ucp_requests
[1677297312.437062] [cn1096:53477:0]          mpool.c:43   UCX  WARN  object 0x69a5480 was not returned to mpool ucp_requests
[1677297312.437101] [cn1096:53478:0]          mpool.c:43   UCX  WARN  object 0x5685840 was not returned to mpool ucp_requests
[1677297312.437100] [cn1096:53479:0]          mpool.c:43   UCX  WARN  object 0xae4acc0 was not returned to mpool ucp_requests
--------------------------------------------------------------------------
Open MPI failed an OFI Libfabric library call (fi_domain).  This is highly
unusual; your job may behave unpredictably (and/or abort) after this.

  Local host: cn1096
  Location: mtl_ofi_component.c:928
  Error: No data available (61)
--------------------------------------------------------------------------
[cn1096.scarf.rl.ac.uk:58302] 239 more processes have sent help message help-mtl-ofi.txt / OFI call fail
[cn1096.scarf.rl.ac.uk:58302] Set MCA parameter "orte_base_help_aggregate" to 0 to see all help / error messages
[1677298656.487902] [cn1097:46293:0]          mpool.c:43   UCX  WARN  object 0xa7e9540 was not returned to mpool ucp_requests
[1677298656.489178] [cn1096:58685:0]          mpool.c:43   UCX  WARN  object 0xa847840 was not returned to mpool ucp_requests
[1677298656.489174] [cn1096:58691:0]          mpool.c:43   UCX  WARN  object 0xba34e00 was not returned to mpool ucp_requests
[1677298656.489163] [cn1096:58682:0]          mpool.c:43   UCX  WARN  object 0xbfb7880 was not returned to mpool ucp_requests
[1677298656.489210] [cn1096:58688:0]          mpool.c:43   UCX  WARN  object 0x6526f40 was not returned to mpool ucp_requests
[1677298656.489188] [cn1096:58694:0]          mpool.c:43   UCX  WARN  object 0xabd1b00 was not returned to mpool ucp_requests
[1677298656.489194] [cn1096:58699:0]          mpool.c:43   UCX  WARN  object 0xafd7180 was not returned to mpool ucp_requests
[1677298656.489224] [cn1096:58701:0]          mpool.c:43   UCX  WARN  object 0xb57ec00 was not returned to mpool ucp_requests
[1677298656.489214] [cn1096:58710:0]          mpool.c:43   UCX  WARN  object 0xac6f340 was not returned to mpool ucp_requests
[1677298656.489282] [cn1096:58704:0]          mpool.c:43   UCX  WARN  object 0x57decc0 was not returned to mpool ucp_requests
[1677298656.489276] [cn1096:58707:0]          mpool.c:43   UCX  WARN  object 0xb200a80 was not returned to mpool ucp_requests
--------------------------------------------------------------------------
Open MPI failed an OFI Libfabric library call (fi_domain).  This is highly
unusual; your job may behave unpredictably (and/or abort) after this.

  Local host: cn1100
  Location: mtl_ofi_component.c:928
  Error: No data available (61)
--------------------------------------------------------------------------
[cn1096.scarf.rl.ac.uk:62259] 239 more processes have sent help message help-mtl-ofi.txt / OFI call fail
[cn1096.scarf.rl.ac.uk:62259] Set MCA parameter "orte_base_help_aggregate" to 0 to see all help / error messages
[1677300109.041477] [cn1096:62331:0]          mpool.c:43   UCX  WARN  object 0xbb295c0 was not returned to mpool ucp_requests
[1677300109.041536] [cn1096:62325:0]          mpool.c:43   UCX  WARN  object 0xa711b40 was not returned to mpool ucp_requests
[1677300109.041558] [cn1096:62327:0]          mpool.c:43   UCX  WARN  object 0xa71f0c0 was not returned to mpool ucp_requests
[1677300109.041564] [cn1096:62332:0]          mpool.c:43   UCX  WARN  object 0xc2b53c0 was not returned to mpool ucp_requests
[1677300109.041572] [cn1096:62338:0]          mpool.c:43   UCX  WARN  object 0xb07b180 was not returned to mpool ucp_requests
[1677300109.041582] [cn1096:62342:0]          mpool.c:43   UCX  WARN  object 0xa2549c0 was not returned to mpool ucp_requests
[1677300109.041611] [cn1096:62345:0]          mpool.c:43   UCX  WARN  object 0xb90e180 was not returned to mpool ucp_requests
[1677300109.041584] [cn1096:62347:0]          mpool.c:43   UCX  WARN  object 0x4f67800 was not returned to mpool ucp_requests
[1677300109.041686] [cn1096:62350:0]          mpool.c:43   UCX  WARN  object 0xa84da80 was not returned to mpool ucp_requests
[1677300109.041634] [cn1096:62352:0]          mpool.c:43   UCX  WARN  object 0xa3a9e80 was not returned to mpool ucp_requests
[1677300109.042101] [cn1097:49939:0]          mpool.c:43   UCX  WARN  object 0xa4af6c0 was not returned to mpool ucp_requests
--------------------------------------------------------------------------
Open MPI failed an OFI Libfabric library call (fi_domain).  This is highly
unusual; your job may behave unpredictably (and/or abort) after this.

  Local host: cn1098
  Location: mtl_ofi_component.c:928
  Error: No data available (61)
--------------------------------------------------------------------------
[cn1096.scarf.rl.ac.uk:00541] 239 more processes have sent help message help-mtl-ofi.txt / OFI call fail
[cn1096.scarf.rl.ac.uk:00541] Set MCA parameter "orte_base_help_aggregate" to 0 to see all help / error messages
[1677300806.715397] [cn1097:53693:0]          mpool.c:43   UCX  WARN  object 0x6d01040 was not returned to mpool ucp_requests
[1677300806.716709] [cn1096:970  :0]          mpool.c:43   UCX  WARN  object 0x6ae6980 was not returned to mpool ucp_requests
[1677300806.716730] [cn1096:972  :0]          mpool.c:43   UCX  WARN  object 0x5246f80 was not returned to mpool ucp_requests
[1677300806.716728] [cn1096:976  :0]          mpool.c:43   UCX  WARN  object 0xb00a1c0 was not returned to mpool ucp_requests
[1677300806.716743] [cn1096:979  :0]          mpool.c:43   UCX  WARN  object 0x68a3480 was not returned to mpool ucp_requests
[1677300806.717001] [cn1096:982  :0]          mpool.c:43   UCX  WARN  object 0xc08cc80 was not returned to mpool ucp_requests
[1677300806.717010] [cn1096:984  :0]          mpool.c:43   UCX  WARN  object 0xa5c4a80 was not returned to mpool ucp_requests
[1677300806.717084] [cn1096:990  :0]          mpool.c:43   UCX  WARN  object 0xbc67ec0 was not returned to mpool ucp_requests
[1677300806.717076] [cn1096:993  :0]          mpool.c:43   UCX  WARN  object 0x56ce280 was not returned to mpool ucp_requests
[1677300806.717075] [cn1096:995  :0]          mpool.c:43   UCX  WARN  object 0x695a340 was not returned to mpool ucp_requests
[1677300806.717080] [cn1096:1000 :0]          mpool.c:43   UCX  WARN  object 0xb73e500 was not returned to mpool ucp_requests
--------------------------------------------------------------------------
Open MPI failed an OFI Libfabric library call (fi_domain).  This is highly
unusual; your job may behave unpredictably (and/or abort) after this.

  Local host: cn1103
  Location: mtl_ofi_component.c:928
  Error: No data available (61)
--------------------------------------------------------------------------
[cn1096.scarf.rl.ac.uk:03193] 239 more processes have sent help message help-mtl-ofi.txt / OFI call fail
[cn1096.scarf.rl.ac.uk:03193] Set MCA parameter "orte_base_help_aggregate" to 0 to see all help / error messages
[1677302143.637989] [cn1097:55807:0]          mpool.c:43   UCX  WARN  object 0x6b5d100 was not returned to mpool ucp_requests
[1677302143.640793] [cn1096:3279 :0]          mpool.c:43   UCX  WARN  object 0xaa66f00 was not returned to mpool ucp_requests
[1677302143.640767] [cn1096:3266 :0]          mpool.c:43   UCX  WARN  object 0xa576f80 was not returned to mpool ucp_requests
[1677302143.640776] [cn1096:3273 :0]          mpool.c:43   UCX  WARN  object 0xaface80 was not returned to mpool ucp_requests
[1677302143.640819] [cn1096:3271 :0]          mpool.c:43   UCX  WARN  object 0x57f1e40 was not returned to mpool ucp_requests
[1677302143.640870] [cn1096:3262 :0]          mpool.c:43   UCX  WARN  object 0x5141100 was not returned to mpool ucp_requests
[1677302143.640883] [cn1096:3269 :0]          mpool.c:43   UCX  WARN  object 0xc2eb540 was not returned to mpool ucp_requests
[1677302143.640879] [cn1096:3282 :0]          mpool.c:43   UCX  WARN  object 0x6473480 was not returned to mpool ucp_requests
[1677302143.640894] [cn1096:3286 :0]          mpool.c:43   UCX  WARN  object 0xad274c0 was not returned to mpool ucp_requests
[1677302143.640901] [cn1096:3293 :0]          mpool.c:43   UCX  WARN  object 0xb88e780 was not returned to mpool ucp_requests
[1677302143.640934] [cn1096:3259 :0]          mpool.c:43   UCX  WARN  object 0x50b2ac0 was not returned to mpool ucp_requests
--------------------------------------------------------------------------
Open MPI failed an OFI Libfabric library call (fi_domain).  This is highly
unusual; your job may behave unpredictably (and/or abort) after this.

  Local host: cn1098
  Location: mtl_ofi_component.c:928
  Error: No data available (61)
--------------------------------------------------------------------------
[cn1096.scarf.rl.ac.uk:06554] 239 more processes have sent help message help-mtl-ofi.txt / OFI call fail
[cn1096.scarf.rl.ac.uk:06554] Set MCA parameter "orte_base_help_aggregate" to 0 to see all help / error messages
[1677303665.345764] [cn1097:59442:0]          mpool.c:43   UCX  WARN  object 0xb628ec0 was not returned to mpool ucp_requests
[1677303665.347678] [cn1096:6957 :0]          mpool.c:43   UCX  WARN  object 0x5ccf9c0 was not returned to mpool ucp_requests
[1677303665.347721] [cn1096:6954 :0]          mpool.c:43   UCX  WARN  object 0x596e540 was not returned to mpool ucp_requests
[1677303665.347787] [cn1096:6941 :0]          mpool.c:43   UCX  WARN  object 0xc3a8140 was not returned to mpool ucp_requests
[1677303665.347769] [cn1096:6943 :0]          mpool.c:43   UCX  WARN  object 0x6052d80 was not returned to mpool ucp_requests
[1677303665.347759] [cn1096:6948 :0]          mpool.c:43   UCX  WARN  object 0xbed1140 was not returned to mpool ucp_requests
[1677303665.347762] [cn1096:6951 :0]          mpool.c:43   UCX  WARN  object 0x55aed80 was not returned to mpool ucp_requests
[1677303665.347755] [cn1096:6962 :0]          mpool.c:43   UCX  WARN  object 0x5617400 was not returned to mpool ucp_requests
[1677303665.347797] [cn1096:6944 :0]          mpool.c:43   UCX  WARN  object 0xc17ad40 was not returned to mpool ucp_requests
[1677303665.347830] [cn1096:6966 :0]          mpool.c:43   UCX  WARN  object 0xad05640 was not returned to mpool ucp_requests
[1677303665.347865] [cn1096:6964 :0]          mpool.c:43   UCX  WARN  object 0xb2d8800 was not returned to mpool ucp_requests
--------------------------------------------------------------------------
Open MPI failed an OFI Libfabric library call (fi_domain).  This is highly
unusual; your job may behave unpredictably (and/or abort) after this.

  Local host: cn1101
  Location: mtl_ofi_component.c:928
  Error: No data available (61)
--------------------------------------------------------------------------
[cn1096.scarf.rl.ac.uk:10719] [[61590,0],0] ORTE_ERROR_LOG: Out of resource in file util/show_help.c at line 501
[cn1096.scarf.rl.ac.uk:10719] 238 more processes have sent help message help-mtl-ofi.txt / OFI call fail
[cn1096.scarf.rl.ac.uk:10719] Set MCA parameter "orte_base_help_aggregate" to 0 to see all help / error messages
[1677305363.265537] [cn1097:63034:0]          mpool.c:43   UCX  WARN  object 0x5afe3c0 was not returned to mpool ucp_requests
[1677305363.267276] [cn1096:10804:0]          mpool.c:43   UCX  WARN  object 0x5dc0b40 was not returned to mpool ucp_requests
[1677305363.267252] [cn1096:10807:0]          mpool.c:43   UCX  WARN  object 0xab59400 was not returned to mpool ucp_requests
[1677305363.267350] [cn1096:10810:0]          mpool.c:43   UCX  WARN  object 0xc08e180 was not returned to mpool ucp_requests
[1677305363.267324] [cn1096:10812:0]          mpool.c:43   UCX  WARN  object 0x546b180 was not returned to mpool ucp_requests
[1677305363.267246] [cn1096:10784:0]          mpool.c:43   UCX  WARN  object 0xbeee800 was not returned to mpool ucp_requests
[1677305363.267260] [cn1096:10787:0]          mpool.c:43   UCX  WARN  object 0xb8381c0 was not returned to mpool ucp_requests
[1677305363.267172] [cn1096:10792:0]          mpool.c:43   UCX  WARN  object 0xb32f840 was not returned to mpool ucp_requests
[1677305363.267154] [cn1096:10795:0]          mpool.c:43   UCX  WARN  object 0x543b480 was not returned to mpool ucp_requests
[1677305363.267216] [cn1096:10797:0]          mpool.c:43   UCX  WARN  object 0x6121f00 was not returned to mpool ucp_requests
[1677305363.267226] [cn1096:10801:0]          mpool.c:43   UCX  WARN  object 0x5370000 was not returned to mpool ucp_requests
--------------------------------------------------------------------------
Open MPI failed an OFI Libfabric library call (fi_domain).  This is highly
unusual; your job may behave unpredictably (and/or abort) after this.

  Local host: cn1096
  Location: mtl_ofi_component.c:928
  Error: No data available (61)
--------------------------------------------------------------------------
[cn1096.scarf.rl.ac.uk:14628] 239 more processes have sent help message help-mtl-ofi.txt / OFI call fail
[cn1096.scarf.rl.ac.uk:14628] Set MCA parameter "orte_base_help_aggregate" to 0 to see all help / error messages
[1677307322.914772] [cn1097:2165 :0]          mpool.c:43   UCX  WARN  object 0x6629180 was not returned to mpool ucp_requests
[1677307322.916635] [cn1096:14981:0]          mpool.c:43   UCX  WARN  object 0xc0cc400 was not returned to mpool ucp_requests
[1677307322.916634] [cn1096:14984:0]          mpool.c:43   UCX  WARN  object 0x5d62ac0 was not returned to mpool ucp_requests
[1677307322.916688] [cn1096:14983:0]          mpool.c:43   UCX  WARN  object 0xac1dfc0 was not returned to mpool ucp_requests
[1677307322.916698] [cn1096:14985:0]          mpool.c:43   UCX  WARN  object 0x54e9880 was not returned to mpool ucp_requests
[1677307322.916698] [cn1096:14986:0]          mpool.c:43   UCX  WARN  object 0xb38f5c0 was not returned to mpool ucp_requests
[1677307322.916705] [cn1096:14987:0]          mpool.c:43   UCX  WARN  object 0xa4fc800 was not returned to mpool ucp_requests
[1677307322.916699] [cn1096:14988:0]          mpool.c:43   UCX  WARN  object 0xaf7cc00 was not returned to mpool ucp_requests
[1677307322.916731] [cn1096:14990:0]          mpool.c:43   UCX  WARN  object 0xa8d35c0 was not returned to mpool ucp_requests
[1677307322.916800] [cn1096:14989:0]          mpool.c:43   UCX  WARN  object 0xc0ed900 was not returned to mpool ucp_requests
[1677307322.916792] [cn1096:14982:0]          mpool.c:43   UCX  WARN  object 0xb655a80 was not returned to mpool ucp_requests
--------------------------------------------------------------------------
Open MPI failed an OFI Libfabric library call (fi_domain).  This is highly
unusual; your job may behave unpredictably (and/or abort) after this.

  Local host: cn1102
  Location: mtl_ofi_component.c:928
  Error: No data available (61)
--------------------------------------------------------------------------
[cn1096.scarf.rl.ac.uk:19676] 239 more processes have sent help message help-mtl-ofi.txt / OFI call fail
[cn1096.scarf.rl.ac.uk:19676] Set MCA parameter "orte_base_help_aggregate" to 0 to see all help / error messages
[1677309582.242649] [cn1096:20064:0]          mpool.c:43   UCX  WARN  object 0xc09db00 was not returned to mpool ucp_requests
[1677309582.242652] [cn1096:20067:0]          mpool.c:43   UCX  WARN  object 0xbbfef00 was not returned to mpool ucp_requests
[1677309582.242957] [cn1096:20069:0]          mpool.c:43   UCX  WARN  object 0xb556a40 was not returned to mpool ucp_requests
[1677309582.242864] [cn1096:20070:0]          mpool.c:43   UCX  WARN  object 0xaa3f540 was not returned to mpool ucp_requests
[1677309582.242868] [cn1096:20075:0]          mpool.c:43   UCX  WARN  object 0xb36ac00 was not returned to mpool ucp_requests
[1677309582.242893] [cn1096:20079:0]          mpool.c:43   UCX  WARN  object 0xb42a780 was not returned to mpool ucp_requests
[1677309582.243101] [cn1096:20081:0]          mpool.c:43   UCX  WARN  object 0xbe6ec00 was not returned to mpool ucp_requests
[1677309582.243015] [cn1096:20084:0]          mpool.c:43   UCX  WARN  object 0xb9a3b80 was not returned to mpool ucp_requests
[1677309582.242984] [cn1096:20058:0]          mpool.c:43   UCX  WARN  object 0xabeb740 was not returned to mpool ucp_requests
[1677309582.243008] [cn1096:20060:0]          mpool.c:43   UCX  WARN  object 0x56ddb00 was not returned to mpool ucp_requests
[1677309582.243158] [cn1097:7280 :0]          mpool.c:43   UCX  WARN  object 0x5c2ccc0 was not returned to mpool ucp_requests
--------------------------------------------------------------------------
Open MPI failed an OFI Libfabric library call (fi_domain).  This is highly
unusual; your job may behave unpredictably (and/or abort) after this.

  Local host: cn1102
  Location: mtl_ofi_component.c:928
  Error: No data available (61)
--------------------------------------------------------------------------
[cn1096.scarf.rl.ac.uk:25590] [[47807,0],0] ORTE_ERROR_LOG: Data unpack had inadequate space in file util/show_help.c at line 513
[cn1096.scarf.rl.ac.uk:25590] 238 more processes have sent help message help-mtl-ofi.txt / OFI call fail
[cn1096.scarf.rl.ac.uk:25590] Set MCA parameter "orte_base_help_aggregate" to 0 to see all help / error messages
[1677311364.307779] [cn1097:12945:0]          mpool.c:43   UCX  WARN  object 0xbdbf700 was not returned to mpool ucp_requests
[1677311364.309155] [cn1096:25659:0]          mpool.c:43   UCX  WARN  object 0xb4b6940 was not returned to mpool ucp_requests
[1677311364.309187] [cn1096:25661:0]          mpool.c:43   UCX  WARN  object 0xb2d3ec0 was not returned to mpool ucp_requests
[1677311364.309207] [cn1096:25665:0]          mpool.c:43   UCX  WARN  object 0xb3df100 was not returned to mpool ucp_requests
[1677311364.309095] [cn1096:25670:0]          mpool.c:43   UCX  WARN  object 0xa719b00 was not returned to mpool ucp_requests
[1677311364.309217] [cn1096:25672:0]          mpool.c:43   UCX  WARN  object 0xb7126c0 was not returned to mpool ucp_requests
[1677311364.309219] [cn1096:25676:0]          mpool.c:43   UCX  WARN  object 0xc1fb0c0 was not returned to mpool ucp_requests
[1677311364.309217] [cn1096:25678:0]          mpool.c:43   UCX  WARN  object 0x6921380 was not returned to mpool ucp_requests
[1677311364.309222] [cn1096:25681:0]          mpool.c:43   UCX  WARN  object 0xbf382c0 was not returned to mpool ucp_requests
[1677311364.309287] [cn1096:25683:0]          mpool.c:43   UCX  WARN  object 0x6300800 was not returned to mpool ucp_requests
[1677311364.309286] [cn1096:25688:0]          mpool.c:43   UCX  WARN  object 0x6309ec0 was not returned to mpool ucp_requests
--------------------------------------------------------------------------
Open MPI failed an OFI Libfabric library call (fi_domain).  This is highly
unusual; your job may behave unpredictably (and/or abort) after this.

  Local host: cn1102
  Location: mtl_ofi_component.c:928
  Error: No data available (61)
--------------------------------------------------------------------------
[cn1096.scarf.rl.ac.uk:29991] 239 more processes have sent help message help-mtl-ofi.txt / OFI call fail
[cn1096.scarf.rl.ac.uk:29991] Set MCA parameter "orte_base_help_aggregate" to 0 to see all help / error messages
[1677313056.712372] [cn1096:30395:0]          mpool.c:43   UCX  WARN  object 0xae96500 was not returned to mpool ucp_requests
[1677313056.712413] [cn1096:30385:0]          mpool.c:43   UCX  WARN  object 0xb8cc480 was not returned to mpool ucp_requests
[1677313056.712429] [cn1096:30390:0]          mpool.c:43   UCX  WARN  object 0xc0c4140 was not returned to mpool ucp_requests
[1677313056.712601] [cn1096:30396:0]          mpool.c:43   UCX  WARN  object 0x6a03580 was not returned to mpool ucp_requests
[1677313056.712519] [cn1096:30400:0]          mpool.c:43   UCX  WARN  object 0x674f3c0 was not returned to mpool ucp_requests
[1677313056.712463] [cn1096:30373:0]          mpool.c:43   UCX  WARN  object 0xa33e700 was not returned to mpool ucp_requests
[1677313056.712479] [cn1096:30375:0]          mpool.c:43   UCX  WARN  object 0xb781dc0 was not returned to mpool ucp_requests
[1677313056.712535] [cn1096:30378:0]          mpool.c:43   UCX  WARN  object 0xa93c440 was not returned to mpool ucp_requests
[1677313056.712525] [cn1096:30382:0]          mpool.c:43   UCX  WARN  object 0x5715100 was not returned to mpool ucp_requests
[1677313056.712465] [cn1096:30394:0]          mpool.c:43   UCX  WARN  object 0x58119c0 was not returned to mpool ucp_requests
[1677313056.713851] [cn1097:17261:0]          mpool.c:43   UCX  WARN  object 0x6548980 was not returned to mpool ucp_requests
--------------------------------------------------------------------------
Open MPI failed an OFI Libfabric library call (fi_domain).  This is highly
unusual; your job may behave unpredictably (and/or abort) after this.

  Local host: cn1102
  Location: mtl_ofi_component.c:928
  Error: No data available (61)
--------------------------------------------------------------------------
[cn1096.scarf.rl.ac.uk:34299] 239 more processes have sent help message help-mtl-ofi.txt / OFI call fail
[cn1096.scarf.rl.ac.uk:34299] Set MCA parameter "orte_base_help_aggregate" to 0 to see all help / error messages
[1677315537.284499] [cn1097:21823:0]          mpool.c:43   UCX  WARN  object 0xaff6d40 was not returned to mpool ucp_requests
[1677315537.286308] [cn1096:34693:0]          mpool.c:43   UCX  WARN  object 0xb944a80 was not returned to mpool ucp_requests
[1677315537.286290] [cn1096:34694:0]          mpool.c:43   UCX  WARN  object 0xc27c240 was not returned to mpool ucp_requests
[1677315537.286290] [cn1096:34698:0]          mpool.c:43   UCX  WARN  object 0xba04980 was not returned to mpool ucp_requests
[1677315537.286324] [cn1096:34682:0]          mpool.c:43   UCX  WARN  object 0xc110e40 was not returned to mpool ucp_requests
[1677315537.286317] [cn1096:34684:0]          mpool.c:43   UCX  WARN  object 0xa7ba400 was not returned to mpool ucp_requests
[1677315537.286330] [cn1096:34689:0]          mpool.c:43   UCX  WARN  object 0xaf623c0 was not returned to mpool ucp_requests
[1677315537.286338] [cn1096:34702:0]          mpool.c:43   UCX  WARN  object 0xbe2d6c0 was not returned to mpool ucp_requests
[1677315537.286382] [cn1096:34708:0]          mpool.c:43   UCX  WARN  object 0xa4a9780 was not returned to mpool ucp_requests
[1677315537.286420] [cn1096:34706:0]          mpool.c:43   UCX  WARN  object 0xac7ad40 was not returned to mpool ucp_requests
[1677315537.286484] [cn1096:34685:0]          mpool.c:43   UCX  WARN  object 0xaa80f40 was not returned to mpool ucp_requests
--------------------------------------------------------------------------
Open MPI failed an OFI Libfabric library call (fi_domain).  This is highly
unusual; your job may behave unpredictably (and/or abort) after this.

  Local host: cn1096
  Location: mtl_ofi_component.c:928
  Error: No data available (61)
--------------------------------------------------------------------------
[cn1096.scarf.rl.ac.uk:40251] 239 more processes have sent help message help-mtl-ofi.txt / OFI call fail
[cn1096.scarf.rl.ac.uk:40251] Set MCA parameter "orte_base_help_aggregate" to 0 to see all help / error messages
[1677317628.667465] [cn1097:27366:0]          mpool.c:43   UCX  WARN  object 0x4f6f3c0 was not returned to mpool ucp_requests
[1677317628.668418] [cn1096:40287:0]          mpool.c:43   UCX  WARN  object 0x6377e40 was not returned to mpool ucp_requests
[1677317628.668444] [cn1096:40288:0]          mpool.c:43   UCX  WARN  object 0xba96c40 was not returned to mpool ucp_requests
[1677317628.668476] [cn1096:40291:0]          mpool.c:43   UCX  WARN  object 0xbf17180 was not returned to mpool ucp_requests
[1677317628.668461] [cn1096:40296:0]          mpool.c:43   UCX  WARN  object 0x4f66740 was not returned to mpool ucp_requests
[1677317628.668461] [cn1096:40315:0]          mpool.c:43   UCX  WARN  object 0xc119e00 was not returned to mpool ucp_requests
[1677317628.668492] [cn1096:40290:0]          mpool.c:43   UCX  WARN  object 0x5983780 was not returned to mpool ucp_requests
[1677317628.668515] [cn1096:40289:0]          mpool.c:43   UCX  WARN  object 0x5f01600 was not returned to mpool ucp_requests
[1677317628.668540] [cn1096:40320:0]          mpool.c:43   UCX  WARN  object 0xa87ac80 was not returned to mpool ucp_requests
[1677317628.668552] [cn1096:40344:0]          mpool.c:43   UCX  WARN  object 0x5d81640 was not returned to mpool ucp_requests
[1677317628.668619] [cn1096:40336:0]          mpool.c:43   UCX  WARN  object 0xb54f100 was not returned to mpool ucp_requests
--------------------------------------------------------------------------
Open MPI failed an OFI Libfabric library call (fi_domain).  This is highly
unusual; your job may behave unpredictably (and/or abort) after this.

  Local host: cn1099
  Location: mtl_ofi_component.c:928
  Error: No data available (61)
--------------------------------------------------------------------------
[cn1096.scarf.rl.ac.uk:45542] 239 more processes have sent help message help-mtl-ofi.txt / OFI call fail
[cn1096.scarf.rl.ac.uk:45542] Set MCA parameter "orte_base_help_aggregate" to 0 to see all help / error messages
[1677319243.399065] [cn1097:33003:0]          mpool.c:43   UCX  WARN  object 0xbd05240 was not returned to mpool ucp_requests
[1677319243.399831] [cn1096:45950:0]          mpool.c:43   UCX  WARN  object 0x56897c0 was not returned to mpool ucp_requests
[1677319243.399868] [cn1096:45946:0]          mpool.c:43   UCX  WARN  object 0xc2722c0 was not returned to mpool ucp_requests
[1677319243.399885] [cn1096:45952:0]          mpool.c:43   UCX  WARN  object 0xb8bad00 was not returned to mpool ucp_requests
[1677319243.399856] [cn1096:45956:0]          mpool.c:43   UCX  WARN  object 0xc00a180 was not returned to mpool ucp_requests
[1677319243.399904] [cn1096:45939:0]          mpool.c:43   UCX  WARN  object 0x4f813c0 was not returned to mpool ucp_requests
[1677319243.399891] [cn1096:45941:0]          mpool.c:43   UCX  WARN  object 0x5911d00 was not returned to mpool ucp_requests
[1677319243.399917] [cn1096:45943:0]          mpool.c:43   UCX  WARN  object 0x5110740 was not returned to mpool ucp_requests
[1677319243.399944] [cn1096:45960:0]          mpool.c:43   UCX  WARN  object 0xa42c600 was not returned to mpool ucp_requests
[1677319243.399951] [cn1096:45964:0]          mpool.c:43   UCX  WARN  object 0x4fda5c0 was not returned to mpool ucp_requests
[1677319243.399971] [cn1096:45962:0]          mpool.c:43   UCX  WARN  object 0x5432bc0 was not returned to mpool ucp_requests
--------------------------------------------------------------------------
Open MPI failed an OFI Libfabric library call (fi_domain).  This is highly
unusual; your job may behave unpredictably (and/or abort) after this.

  Local host: cn1101
  Location: mtl_ofi_component.c:928
  Error: No data available (61)
--------------------------------------------------------------------------
[cn1096.scarf.rl.ac.uk:50445] 239 more processes have sent help message help-mtl-ofi.txt / OFI call fail
[cn1096.scarf.rl.ac.uk:50445] Set MCA parameter "orte_base_help_aggregate" to 0 to see all help / error messages
[1677321159.574366] [cn1097:37103:0]          mpool.c:43   UCX  WARN  object 0xa4c0400 was not returned to mpool ucp_requests
[1677321159.576268] [cn1096:50546:0]          mpool.c:43   UCX  WARN  object 0xa7b6400 was not returned to mpool ucp_requests
[1677321159.576258] [cn1096:50548:0]          mpool.c:43   UCX  WARN  object 0xb2cb400 was not returned to mpool ucp_requests
[1677321159.576327] [cn1096:50555:0]          mpool.c:43   UCX  WARN  object 0x4e50440 was not returned to mpool ucp_requests
[1677321159.576376] [cn1096:50536:0]          mpool.c:43   UCX  WARN  object 0xa5eda40 was not returned to mpool ucp_requests
[1677321159.576382] [cn1096:50542:0]          mpool.c:43   UCX  WARN  object 0xc3a6d40 was not returned to mpool ucp_requests
[1677321159.576385] [cn1096:50552:0]          mpool.c:43   UCX  WARN  object 0xbdc03c0 was not returned to mpool ucp_requests
[1677321159.576395] [cn1096:50534:0]          mpool.c:43   UCX  WARN  object 0xa56fdc0 was not returned to mpool ucp_requests
[1677321159.576405] [cn1096:50540:0]          mpool.c:43   UCX  WARN  object 0xc2c0ec0 was not returned to mpool ucp_requests
[1677321159.576420] [cn1096:50557:0]          mpool.c:43   UCX  WARN  object 0x661a9c0 was not returned to mpool ucp_requests
[1677321159.576414] [cn1096:50562:0]          mpool.c:43   UCX  WARN  object 0xa3c2300 was not returned to mpool ucp_requests
--------------------------------------------------------------------------
Open MPI failed an OFI Libfabric library call (fi_domain).  This is highly
unusual; your job may behave unpredictably (and/or abort) after this.

  Local host: cn1101
  Location: mtl_ofi_component.c:928
  Error: No data available (61)
--------------------------------------------------------------------------
[cn1096.scarf.rl.ac.uk:55065] 239 more processes have sent help message help-mtl-ofi.txt / OFI call fail
[cn1096.scarf.rl.ac.uk:55065] Set MCA parameter "orte_base_help_aggregate" to 0 to see all help / error messages
[1677323979.366063] [cn1097:41840:0]          mpool.c:43   UCX  WARN  object 0xaa0c200 was not returned to mpool ucp_requests
[1677323979.368755] [cn1096:55141:0]          mpool.c:43   UCX  WARN  object 0xaea7640 was not returned to mpool ucp_requests
[1677323979.368810] [cn1096:55136:0]          mpool.c:43   UCX  WARN  object 0xa788bc0 was not returned to mpool ucp_requests
[1677323979.368860] [cn1096:55138:0]          mpool.c:43   UCX  WARN  object 0xac80cc0 was not returned to mpool ucp_requests
[1677323979.368823] [cn1096:55144:0]          mpool.c:43   UCX  WARN  object 0x5473880 was not returned to mpool ucp_requests
[1677323979.368852] [cn1096:55147:0]          mpool.c:43   UCX  WARN  object 0x67de100 was not returned to mpool ucp_requests
[1677323979.368885] [cn1096:55150:0]          mpool.c:43   UCX  WARN  object 0x6b88fc0 was not returned to mpool ucp_requests
[1677323979.368919] [cn1096:55131:0]          mpool.c:43   UCX  WARN  object 0x60ec800 was not returned to mpool ucp_requests
[1677323979.368912] [cn1096:55154:0]          mpool.c:43   UCX  WARN  object 0xb2a42c0 was not returned to mpool ucp_requests
[1677323979.368951] [cn1096:55161:0]          mpool.c:43   UCX  WARN  object 0xc12b1c0 was not returned to mpool ucp_requests
[1677323979.368988] [cn1096:55158:0]          mpool.c:43   UCX  WARN  object 0xb26a380 was not returned to mpool ucp_requests
--------------------------------------------------------------------------
Open MPI failed an OFI Libfabric library call (fi_domain).  This is highly
unusual; your job may behave unpredictably (and/or abort) after this.

  Local host: cn1102
  Location: mtl_ofi_component.c:928
  Error: No data available (61)
--------------------------------------------------------------------------
[cn1096.scarf.rl.ac.uk:61922] 239 more processes have sent help message help-mtl-ofi.txt / OFI call fail
[cn1096.scarf.rl.ac.uk:61922] Set MCA parameter "orte_base_help_aggregate" to 0 to see all help / error messages
[1677326267.549135] [cn1097:49062:0]          mpool.c:43   UCX  WARN  object 0x5b6a040 was not returned to mpool ucp_requests
[1677326267.549698] [cn1096:61989:0]          mpool.c:43   UCX  WARN  object 0xb15a600 was not returned to mpool ucp_requests
[1677326267.549635] [cn1096:61991:0]          mpool.c:43   UCX  WARN  object 0xc2a8d80 was not returned to mpool ucp_requests
[1677326267.549619] [cn1096:61994:0]          mpool.c:43   UCX  WARN  object 0x68bc740 was not returned to mpool ucp_requests
[1677326267.549626] [cn1096:61997:0]          mpool.c:43   UCX  WARN  object 0xbf64d00 was not returned to mpool ucp_requests
[1677326267.549685] [cn1096:62001:0]          mpool.c:43   UCX  WARN  object 0xc10e000 was not returned to mpool ucp_requests
[1677326267.549669] [cn1096:62003:0]          mpool.c:43   UCX  WARN  object 0xb867900 was not returned to mpool ucp_requests
[1677326267.549677] [cn1096:62006:0]          mpool.c:43   UCX  WARN  object 0xbd92f80 was not returned to mpool ucp_requests
[1677326267.549653] [cn1096:62010:0]          mpool.c:43   UCX  WARN  object 0x6d9f040 was not returned to mpool ucp_requests
[1677326267.549755] [cn1096:62013:0]          mpool.c:43   UCX  WARN  object 0xa5f1840 was not returned to mpool ucp_requests
[1677326267.549724] [cn1096:62015:0]          mpool.c:43   UCX  WARN  object 0xae72380 was not returned to mpool ucp_requests
--------------------------------------------------------------------------
Open MPI failed an OFI Libfabric library call (fi_domain).  This is highly
unusual; your job may behave unpredictably (and/or abort) after this.

  Local host: cn1099
  Location: mtl_ofi_component.c:928
  Error: No data available (61)
--------------------------------------------------------------------------
[cn1096.scarf.rl.ac.uk:02234] 239 more processes have sent help message help-mtl-ofi.txt / OFI call fail
[cn1096.scarf.rl.ac.uk:02234] Set MCA parameter "orte_base_help_aggregate" to 0 to see all help / error messages
[1677329831.506652] [cn1097:54325:0]          mpool.c:43   UCX  WARN  object 0xa6fe800 was not returned to mpool ucp_requests
[1677329831.507894] [cn1096:2270 :0]          mpool.c:43   UCX  WARN  object 0x6228580 was not returned to mpool ucp_requests
[1677329831.507916] [cn1096:2271 :0]          mpool.c:43   UCX  WARN  object 0x69d1c80 was not returned to mpool ucp_requests
[1677329831.507967] [cn1096:2272 :0]          mpool.c:43   UCX  WARN  object 0xa99aa40 was not returned to mpool ucp_requests
[1677329831.507858] [cn1096:2273 :0]          mpool.c:43   UCX  WARN  object 0xa721500 was not returned to mpool ucp_requests
[1677329831.507847] [cn1096:2274 :0]          mpool.c:43   UCX  WARN  object 0xba0ce40 was not returned to mpool ucp_requests
[1677329831.507849] [cn1096:2275 :0]          mpool.c:43   UCX  WARN  object 0x5381880 was not returned to mpool ucp_requests
[1677329831.507848] [cn1096:2284 :0]          mpool.c:43   UCX  WARN  object 0xac4c180 was not returned to mpool ucp_requests
[1677329831.507907] [cn1096:2285 :0]          mpool.c:43   UCX  WARN  object 0xae4a100 was not returned to mpool ucp_requests
[1677329831.507983] [cn1096:2286 :0]          mpool.c:43   UCX  WARN  object 0xba26980 was not returned to mpool ucp_requests
[1677329831.507991] [cn1096:2287 :0]          mpool.c:43   UCX  WARN  object 0xb8c70c0 was not returned to mpool ucp_requests
--------------------------------------------------------------------------
Open MPI failed an OFI Libfabric library call (fi_domain).  This is highly
unusual; your job may behave unpredictably (and/or abort) after this.

  Local host: cn1102
  Location: mtl_ofi_component.c:928
  Error: No data available (61)
--------------------------------------------------------------------------
[cn1096.scarf.rl.ac.uk:10752] 239 more processes have sent help message help-mtl-ofi.txt / OFI call fail
[cn1096.scarf.rl.ac.uk:10752] Set MCA parameter "orte_base_help_aggregate" to 0 to see all help / error messages
[1677332072.928558] [cn1097:62827:0]          mpool.c:43   UCX  WARN  object 0xb8e8600 was not returned to mpool ucp_requests
[1677332072.930506] [cn1096:11144:0]          mpool.c:43   UCX  WARN  object 0x54c6440 was not returned to mpool ucp_requests
[1677332072.930488] [cn1096:11149:0]          mpool.c:43   UCX  WARN  object 0xae3ec40 was not returned to mpool ucp_requests
[1677332072.930559] [cn1096:11143:0]          mpool.c:43   UCX  WARN  object 0xb2811c0 was not returned to mpool ucp_requests
[1677332072.930571] [cn1096:11152:0]          mpool.c:43   UCX  WARN  object 0xb70a340 was not returned to mpool ucp_requests
[1677332072.930547] [cn1096:11155:0]          mpool.c:43   UCX  WARN  object 0xbf40180 was not returned to mpool ucp_requests
[1677332072.930615] [cn1096:11134:0]          mpool.c:43   UCX  WARN  object 0xbe20880 was not returned to mpool ucp_requests
[1677332072.930608] [cn1096:11138:0]          mpool.c:43   UCX  WARN  object 0xa868f00 was not returned to mpool ucp_requests
[1677332072.930640] [cn1096:11158:0]          mpool.c:43   UCX  WARN  object 0x6c6b240 was not returned to mpool ucp_requests
[1677332072.930635] [cn1096:11161:0]          mpool.c:43   UCX  WARN  object 0x6acf340 was not returned to mpool ucp_requests
[1677332072.930658] [cn1096:11140:0]          mpool.c:43   UCX  WARN  object 0x522e1c0 was not returned to mpool ucp_requests
--------------------------------------------------------------------------
Open MPI failed an OFI Libfabric library call (fi_domain).  This is highly
unusual; your job may behave unpredictably (and/or abort) after this.

  Local host: cn1096
  Location: mtl_ofi_component.c:928
  Error: No data available (61)
--------------------------------------------------------------------------
[cn1096.scarf.rl.ac.uk:16317] 239 more processes have sent help message help-mtl-ofi.txt / OFI call fail
[cn1096.scarf.rl.ac.uk:16317] Set MCA parameter "orte_base_help_aggregate" to 0 to see all help / error messages
[1677334112.337308] [cn1097:3047 :0]          mpool.c:43   UCX  WARN  object 0xb9b7540 was not returned to mpool ucp_requests
[1677334112.338869] [cn1096:16395:0]          mpool.c:43   UCX  WARN  object 0xa6a30c0 was not returned to mpool ucp_requests
[1677334112.338876] [cn1096:16400:0]          mpool.c:43   UCX  WARN  object 0x5845ec0 was not returned to mpool ucp_requests
[1677334112.338898] [cn1096:16383:0]          mpool.c:43   UCX  WARN  object 0x5d153c0 was not returned to mpool ucp_requests
[1677334112.338904] [cn1096:16398:0]          mpool.c:43   UCX  WARN  object 0x58f2240 was not returned to mpool ucp_requests
[1677334112.338950] [cn1096:16390:0]          mpool.c:43   UCX  WARN  object 0xba01e80 was not returned to mpool ucp_requests
[1677334112.338976] [cn1096:16404:0]          mpool.c:43   UCX  WARN  object 0x4f14480 was not returned to mpool ucp_requests
[1677334112.338977] [cn1096:16386:0]          mpool.c:43   UCX  WARN  object 0xac99d00 was not returned to mpool ucp_requests
[1677334112.338978] [cn1096:16393:0]          mpool.c:43   UCX  WARN  object 0x6c8f440 was not returned to mpool ucp_requests
[1677334112.339008] [cn1096:16407:0]          mpool.c:43   UCX  WARN  object 0x51cfd80 was not returned to mpool ucp_requests
[1677334112.338999] [cn1096:16410:0]          mpool.c:43   UCX  WARN  object 0xa417d00 was not returned to mpool ucp_requests
--------------------------------------------------------------------------
Open RTE was unable to initialize properly.  The error occured while
attempting to get the cwd.  Returned value -11 instead of ORTE_SUCCESS.
--------------------------------------------------------------------------
cat: V-3.4.CUR: No such file or directory
--------------------------------------------------------------------------
Open RTE was unable to initialize properly.  The error occured while
attempting to get the cwd.  Returned value -11 instead of ORTE_SUCCESS.
--------------------------------------------------------------------------
cat: V-3.6.CUR: No such file or directory
--------------------------------------------------------------------------
Open RTE was unable to initialize properly.  The error occured while
attempting to get the cwd.  Returned value -11 instead of ORTE_SUCCESS.
--------------------------------------------------------------------------
cat: V-3.8.CUR: No such file or directory
--------------------------------------------------------------------------
Open RTE was unable to initialize properly.  The error occured while
attempting to get the cwd.  Returned value -11 instead of ORTE_SUCCESS.
--------------------------------------------------------------------------
cat: V-4.0.CUR: No such file or directory
--------------------------------------------------------------------------
Open RTE was unable to initialize properly.  The error occured while
attempting to get the cwd.  Returned value -11 instead of ORTE_SUCCESS.
--------------------------------------------------------------------------
cat: V-4.2.CUR: No such file or directory
--------------------------------------------------------------------------
Open RTE was unable to initialize properly.  The error occured while
attempting to get the cwd.  Returned value -11 instead of ORTE_SUCCESS.
--------------------------------------------------------------------------
cat: V-4.4.CUR: No such file or directory
--------------------------------------------------------------------------
Open RTE was unable to initialize properly.  The error occured while
attempting to get the cwd.  Returned value -11 instead of ORTE_SUCCESS.
--------------------------------------------------------------------------
cat: V-4.6.CUR: No such file or directory
--------------------------------------------------------------------------
Open RTE was unable to initialize properly.  The error occured while
attempting to get the cwd.  Returned value -11 instead of ORTE_SUCCESS.
--------------------------------------------------------------------------
cat: V-4.8.CUR: No such file or directory
--------------------------------------------------------------------------
Open RTE was unable to initialize properly.  The error occured while
attempting to get the cwd.  Returned value -11 instead of ORTE_SUCCESS.
--------------------------------------------------------------------------
cat: V-5.0.CUR: No such file or directory
