Done.


###############################################################################
TCHPC Cluster: lonsdale
Job 164142 (opt-5.0) for User 'baim' in Account 'hpc_12_00447'
Finished at: Thu Nov  7 16:41:17 GMT 2013

Job completion status:
======================

       JobID    JobName      Account  Partition   NTasks  AllocCPUS  MaxVMSize    Elapsed      State ExitCode 
------------ ---------- ------------ ---------- -------- ---------- ---------- ---------- ---------- -------- 
164142          opt-5.0 hpc_12_00447    compute                   8              00:38:02  COMPLETED      0:0 
164142.batch      batch hpc_12_00447                   1          1   2329852K   00:38:02  COMPLETED      0:0 


Job details:
============

JobId=164142 Name=opt-5.0
   UserId=baim(5349) GroupId=baim(9152)
   Priority=15498948 Account=hpc_12_00447 QOS=normal
   JobState=COMPLETED Reason=None Dependency=(null)
   Requeue=0 Restarts=0 BatchFlag=1 ExitCode=0:0
   DerivedExitCode=0:0
   RunTime=00:38:02 TimeLimit=04:30:00 TimeMin=N/A
   SubmitTime=2013-11-07T15:54:08 EligibleTime=2013-11-07T15:54:08
   StartTime=2013-11-07T16:03:15 EndTime=2013-11-07T16:41:17
   PreemptTime=None SuspendTime=None SecsPreSuspend=0
   Partition=compute AllocNode:Sid=lonsdale01:8238
   ReqNodeList=(null) ExcNodeList=(null)
   NodeList=lonsdale-n123
   BatchHost=lonsdale-n123
   NumNodes=1 NumCPUs=8 CPUs/Task=1 ReqS:C:T=*:*:*
     Nodes=lonsdale-n123 CPU_IDs=0-7 Mem=15200
   MinCPUsNode=1 MinMemoryCPU=1900M MinTmpDiskNode=0
   Features=(null) Gres=(null) Reservation=(null)
   Shared=0 Contiguous=0 Licenses=(null) Network=(null)
   Command=/home/users/baim/workspace/MD/gold/3d/100/jp/spd/newbasis/bias/h2/5.0/opt/opt.sh
   WorkDir=/home/users/baim/workspace/MD/gold/3d/100/jp/spd/newbasis/bias/h2/5.0/opt


Disk quota details:
===================

Quota Type           Name  Filesystem     Usage in MB     Limit in MB    % Used
-------------------------------------------------------------------------------
USER                 baim       /home          39,299          51,200    76.76%
USER                 baim   /projects             188               0       N/A

GROUP         pi-ssanvito   /projects       6,178,429       6,291,456    98.20%


SLURM Bank Statement:
=====================

User           Usage |        Account     Usage | Account Limit Available (CPU hrs)
---------- --------- + -------------- --------- + ------------- ---------

baim         129,441 |   HPC_12_00447   129,441 |       300,000   170,559
ssanvito           0 |   HPC_12_00447   129,441 |       300,000   170,559


Acknowledgements:
=================

Note that usage of TCHPC Resources *must* be acknowledged in all publications.

Please see this page for details relevant to this cluster:

http://www.tchpc.tcd.ie/resources/acknowledgementpolicy

################################################################################
