
  GRID BASED BADER ANALYSIS  (Version 0.28a 07/12/12)

  OPEN ... mx.RHO.cube         
  GAUSSIAN-STYLE INPUT FILE
  FFT-grid:   160 x 160 x 720
  CLOSE ... mx.RHO.cube         

  RUN TIME:    9.11 SECONDS

  CALCULATING BADER CHARGE DISTRIBUTION
                 0  10  25  50  75  100
  PERCENT DONE:  ********************** 

  REFINING AUTOMATICALLY
  ITERATION: 1
  EDGE POINTS:       7238526
  REASSIGNED POINTS:  788182
  ITERATION: 2
  CHECKED POINTS:    6220415
  REASSIGNED POINTS:   17910
  ITERATION: 3
  CHECKED POINTS:     186375
  REASSIGNED POINTS:    6065
  ITERATION: 4
  CHECKED POINTS:      48134
  REASSIGNED POINTS:    3389
  ITERATION: 5
  CHECKED POINTS:      21839
  REASSIGNED POINTS:    1930
  ITERATION: 6
  CHECKED POINTS:      12164
  REASSIGNED POINTS:    1393
  ITERATION: 7
  CHECKED POINTS:       7962
  REASSIGNED POINTS:    1042
  ITERATION: 8
  CHECKED POINTS:       6031
  REASSIGNED POINTS:     668
  ITERATION: 9
  CHECKED POINTS:       4600
  REASSIGNED POINTS:     306
  ITERATION:10
  CHECKED POINTS:       3048
  REASSIGNED POINTS:     164
  ITERATION:11
  CHECKED POINTS:       1936
  REASSIGNED POINTS:     128
  ITERATION:12
  CHECKED POINTS:       1520
  REASSIGNED POINTS:     108
  ITERATION:13
  CHECKED POINTS:       1263
  REASSIGNED POINTS:      92
  ITERATION:14
  CHECKED POINTS:       1160
  REASSIGNED POINTS:      80
  ITERATION:15
  CHECKED POINTS:        947
  REASSIGNED POINTS:      65
  ITERATION:16
  CHECKED POINTS:        788
  REASSIGNED POINTS:      63
  ITERATION:17
  CHECKED POINTS:        737
  REASSIGNED POINTS:      66
  ITERATION:18
  CHECKED POINTS:        771
  REASSIGNED POINTS:      69
  ITERATION:19
  CHECKED POINTS:        820
  REASSIGNED POINTS:      88
  ITERATION:20
  CHECKED POINTS:        967
  REASSIGNED POINTS:      78
  ITERATION:21
  CHECKED POINTS:        844
  REASSIGNED POINTS:      71
  ITERATION:22
  CHECKED POINTS:        751
  REASSIGNED POINTS:      59
  ITERATION:23
  CHECKED POINTS:        637
  REASSIGNED POINTS:      60
  ITERATION:24
  CHECKED POINTS:        660
  REASSIGNED POINTS:      46
  ITERATION:25
  CHECKED POINTS:        529
  REASSIGNED POINTS:      49
  ITERATION:26
  CHECKED POINTS:        558
  REASSIGNED POINTS:      49
  ITERATION:27
  CHECKED POINTS:        551
  REASSIGNED POINTS:      44
  ITERATION:28
  CHECKED POINTS:        515
  REASSIGNED POINTS:      40
  ITERATION:29
  CHECKED POINTS:        431
  REASSIGNED POINTS:      38
  ITERATION:30
  CHECKED POINTS:        440
  REASSIGNED POINTS:      43
  ITERATION:31
  CHECKED POINTS:        465
  REASSIGNED POINTS:      40
  ITERATION:32
  CHECKED POINTS:        455
  REASSIGNED POINTS:      41
  ITERATION:33
  CHECKED POINTS:        466
  REASSIGNED POINTS:      39
  ITERATION:34
  CHECKED POINTS:        462
  REASSIGNED POINTS:      43
  ITERATION:35
  CHECKED POINTS:        454
  REASSIGNED POINTS:      40
  ITERATION:36
  CHECKED POINTS:        428
  REASSIGNED POINTS:      31
  ITERATION:37
  CHECKED POINTS:        390
  REASSIGNED POINTS:      33
  ITERATION:38
  CHECKED POINTS:        390
  REASSIGNED POINTS:      35
  ITERATION:39
  CHECKED POINTS:        378
  REASSIGNED POINTS:      30
  ITERATION:40
  CHECKED POINTS:        362
  REASSIGNED POINTS:      28
  ITERATION:41
  CHECKED POINTS:        352
  REASSIGNED POINTS:      29
  ITERATION:42
  CHECKED POINTS:        360
  REASSIGNED POINTS:      20
  ITERATION:43
  CHECKED POINTS:        293
  REASSIGNED POINTS:      22
  ITERATION:44
  CHECKED POINTS:        276
  REASSIGNED POINTS:      16
  ITERATION:45
  CHECKED POINTS:        219
  REASSIGNED POINTS:      17
  ITERATION:46
  CHECKED POINTS:        203
  REASSIGNED POINTS:      18
  ITERATION:47
  CHECKED POINTS:        179
  REASSIGNED POINTS:      11
  ITERATION:48
  CHECKED POINTS:         89
  REASSIGNED POINTS:       5
  ITERATION:49
  CHECKED POINTS:         45
  REASSIGNED POINTS:       0

  RUN TIME:     629.40 SECONDS

  CALCULATING MINIMUM DISTANCES TO ATOMS
                 0  10  25  50  75  100
  PERCENT DONE:  **********************

  RUN TIME:   14.30 SECONDS

  WRITING BADER ATOMIC CHARGES TO ACF.dat
  WRITING BADER VOLUME CHARGES TO BCF.dat

  NUMBER OF BADER MAXIMA FOUND:        2729750
      SIGNIFICANT MAXIMA FOUND:           2352
           NUMBER OF ELECTRONS:     1222.98953
 
