cpu-bind=MASK - cn1142, task  0  0 [22257]: mask 0xffffffffffffffff set
--------------------------------------------------------------------------
Open MPI failed an OFI Libfabric library call (fi_domain).  This is highly
unusual; your job may behave unpredictably (and/or abort) after this.

  Local host: cn1167
  Location: mtl_ofi_component.c:928
  Error: No data available (61)
--------------------------------------------------------------------------
[cn1142.scarf.rl.ac.uk:23254] 239 more processes have sent help message help-mtl-ofi.txt / OFI call fail
[cn1142.scarf.rl.ac.uk:23254] Set MCA parameter "orte_base_help_aggregate" to 0 to see all help / error messages
[1677016753.303264] [cn1143:23905:0]          mpool.c:43   UCX  WARN  object 0xa1dbbc0 was not returned to mpool ucp_requests
[1677016753.316016] [cn1142:23297:0]          mpool.c:43   UCX  WARN  object 0xbd51c40 was not returned to mpool ucp_requests
[1677016753.315987] [cn1142:23298:0]          mpool.c:43   UCX  WARN  object 0xb9371c0 was not returned to mpool ucp_requests
[1677016753.316327] [cn1142:23299:0]          mpool.c:43   UCX  WARN  object 0xc065ac0 was not returned to mpool ucp_requests
[1677016753.316038] [cn1142:23300:0]          mpool.c:43   UCX  WARN  object 0xac4eb80 was not returned to mpool ucp_requests
[1677016753.316302] [cn1142:23301:0]          mpool.c:43   UCX  WARN  object 0x5d869c0 was not returned to mpool ucp_requests
[1677016753.316121] [cn1142:23302:0]          mpool.c:43   UCX  WARN  object 0x4f74180 was not returned to mpool ucp_requests
[1677016753.316401] [cn1142:23303:0]          mpool.c:43   UCX  WARN  object 0xbcd6dc0 was not returned to mpool ucp_requests
[1677016753.316215] [cn1142:23304:0]          mpool.c:43   UCX  WARN  object 0xb14eac0 was not returned to mpool ucp_requests
[1677016753.316377] [cn1142:23305:0]          mpool.c:43   UCX  WARN  object 0xb698a80 was not returned to mpool ucp_requests
[1677016753.316391] [cn1142:23306:0]          mpool.c:43   UCX  WARN  object 0xb536540 was not returned to mpool ucp_requests
grep: log_3_0V.out: No such file or directory
cp: cannot stat ‘0V-VH_z-00.dat’: No such file or directory
cp: cannot stat ‘0V-VH_z-00.dat’: No such file or directory
cp: cannot stat ‘0V-RHO_z-00.dat’: No such file or directory
cp: cannot stat ‘0V-RHO_z-00.dat’: No such file or directory
rm: cannot remove ‘*.txt’: No such file or directory
