 @target G3.S0
 @type xy
  -0.2721140E+02     -0.3530817E-14
  -0.2715465E+02      0.3591146E-14
  -0.2709790E+02      0.4743285E-15
  -0.2704115E+02      0.2260702E-14
  -0.2698440E+02     -0.2906431E-14
  -0.2692765E+02      0.6109873E-14
  -0.2687090E+02      0.4596340E-14
  -0.2681415E+02      0.1869042E-14
  -0.2675740E+02     -0.1690042E-14
  -0.2670065E+02      0.2977953E-14
  -0.2664390E+02      0.3317660E-15
  -0.2658715E+02     -0.7683813E-14
  -0.2653040E+02      0.1840945E-14
  -0.2647365E+02      0.1635740E-14
  -0.2641690E+02      0.3106295E-14
  -0.2636015E+02     -0.5708021E-14
  -0.2630340E+02     -0.6896017E-14
  -0.2624665E+02      0.1495865E-14
  -0.2618990E+02      0.3024433E-14
  -0.2613316E+02      0.6443080E-15
  -0.2607641E+02      0.5864593E-14
  -0.2601966E+02      0.2906596E-14
  -0.2596291E+02      0.1001323E-15
  -0.2590616E+02      0.2330553E-14
  -0.2584941E+02      0.1455873E-13
  -0.2579266E+02      0.1640943E-14
  -0.2573591E+02      0.1217639E-13
  -0.2567916E+02     -0.1899689E-14
  -0.2562241E+02      0.5643642E-16
  -0.2556566E+02      0.6346369E-14
  -0.2550891E+02      0.3606818E-14
  -0.2545216E+02     -0.1014224E-13
  -0.2539541E+02      0.5016900E-14
  -0.2533866E+02      0.7452833E-14
  -0.2528191E+02      0.3053815E-14
  -0.2522516E+02      0.5210536E-14
  -0.2516841E+02      0.9175173E-14
  -0.2511166E+02     -0.3616877E-15
  -0.2505491E+02     -0.5696537E-14
  -0.2499816E+02     -0.5906180E-14
  -0.2494142E+02     -0.9541007E-14
  -0.2488467E+02     -0.8400533E-14
  -0.2482792E+02      0.3540410E-14
  -0.2477117E+02      0.5694652E-14
  -0.2471442E+02     -0.1041985E-14
  -0.2465767E+02     -0.6337798E-14
  -0.2460092E+02      0.1993987E-13
  -0.2454417E+02      0.9003760E-15
  -0.2448742E+02     -0.7538958E-14
  -0.2443067E+02      0.4929787E-14
  -0.2437392E+02     -0.5875085E-14
  -0.2431717E+02     -0.5756748E-14
  -0.2426042E+02      0.3229828E-14
  -0.2420367E+02     -0.6692703E-15
  -0.2414692E+02     -0.9529648E-14
  -0.2409017E+02     -0.2260273E-14
  -0.2403342E+02     -0.3534875E-14
  -0.2397667E+02      0.6450011E-14
  -0.2391992E+02      0.6762506E-14
  -0.2386317E+02     -0.8678728E-14
  -0.2380642E+02      0.1233253E-13
  -0.2374968E+02      0.6096792E-14
  -0.2369293E+02      0.1598242E-14
  -0.2363618E+02      0.1981283E-14
  -0.2357943E+02      0.9692836E-14
  -0.2352268E+02      0.3780964E-14
  -0.2346593E+02     -0.2239068E-14
  -0.2340918E+02      0.9441765E-14
  -0.2335243E+02     -0.2556223E-14
  -0.2329568E+02     -0.8660644E-15
  -0.2323893E+02      0.4902117E-14
  -0.2318218E+02     -0.1320500E-13
  -0.2312543E+02      0.1338758E-14
  -0.2306868E+02      0.4215750E-14
  -0.2301193E+02     -0.2230890E-14
  -0.2295518E+02      0.8235364E-15
  -0.2289843E+02     -0.1359102E-13
  -0.2284168E+02     -0.3088087E-14
  -0.2278493E+02     -0.4684650E-14
  -0.2272818E+02      0.9761200E-14
  -0.2267143E+02      0.2886637E-14
  -0.2261468E+02      0.3329952E-14
  -0.2255794E+02     -0.8691974E-14
  -0.2250119E+02      0.2896499E-14
  -0.2244444E+02      0.1176713E-13
  -0.2238769E+02     -0.1829475E-14
  -0.2233094E+02      0.5266237E-14
  -0.2227419E+02     -0.2276511E-14
  -0.2221744E+02      0.1343693E-14
  -0.2216069E+02     -0.1102088E-14
  -0.2210394E+02      0.2790900E-14
  -0.2204719E+02     -0.7655977E-14
  -0.2199044E+02     -0.5391881E-15
  -0.2193369E+02     -0.9588902E-14
  -0.2187694E+02      0.1989705E-13
  -0.2182019E+02      0.2632944E-14
  -0.2176344E+02      0.3887705E-14
  -0.2170669E+02     -0.3730931E-14
  -0.2164994E+02     -0.5400862E-14
  -0.2159319E+02      0.3050248E-14
  -0.2153644E+02     -0.8379213E-14
  -0.2147969E+02     -0.2354411E-14
  -0.2142294E+02     -0.3139637E-14
  -0.2136620E+02      0.2872087E-14
  -0.2130945E+02     -0.5132400E-14
  -0.2125270E+02      0.4344098E-15
  -0.2119595E+02      0.2012012E-15
  -0.2113920E+02     -0.5421024E-14
  -0.2108245E+02     -0.7793390E-14
  -0.2102570E+02      0.2998330E-14
  -0.2096895E+02      0.3400016E-14
  -0.2091220E+02     -0.2195439E-14
  -0.2085545E+02      0.3631697E-14
  -0.2079870E+02      0.8701395E-14
  -0.2074195E+02      0.5392496E-14
  -0.2068520E+02      0.7176032E-14
  -0.2062845E+02      0.1709290E-15
  -0.2057170E+02      0.3368061E-14
  -0.2051495E+02     -0.3485824E-14
  -0.2045820E+02     -0.4821964E-14
  -0.2040145E+02      0.8757735E-14
  -0.2034470E+02     -0.2466660E-14
  -0.2028795E+02     -0.4945631E-15
  -0.2023120E+02      0.6346854E-14
  -0.2017446E+02      0.1668226E-14
  -0.2011771E+02      0.1143332E-14
  -0.2006096E+02      0.3331891E-14
  -0.2000421E+02     -0.7704956E-14
  -0.1994746E+02      0.1061772E-13
  -0.1989071E+02      0.4067682E-14
  -0.1983396E+02     -0.1582659E-14
  -0.1977721E+02      0.5392881E-14
  -0.1972046E+02     -0.1076819E-13
  -0.1966371E+02     -0.6921475E-14
  -0.1960696E+02     -0.8560670E-14
  -0.1955021E+02      0.6624813E-15
  -0.1949346E+02      0.2955464E-15
  -0.1943671E+02      0.1689092E-14
  -0.1937996E+02     -0.5154760E-14
  -0.1932321E+02      0.5166949E-14
  -0.1926646E+02     -0.7837587E-14
  -0.1920971E+02      0.9583031E-14
  -0.1915296E+02     -0.9868561E-14
  -0.1909621E+02      0.1767652E-14
  -0.1903946E+02     -0.3206936E-14
  -0.1898272E+02     -0.1261606E-13
  -0.1892597E+02      0.1565471E-14
  -0.1886922E+02      0.4315184E-14
  -0.1881247E+02     -0.6227398E-14
  -0.1875572E+02      0.1157170E-14
  -0.1869897E+02     -0.1125459E-13
  -0.1864222E+02     -0.2548671E-14
  -0.1858547E+02     -0.8545838E-14
  -0.1852872E+02      0.7362524E-14
  -0.1847197E+02     -0.6334327E-14
  -0.1841522E+02     -0.7237239E-14
  -0.1835847E+02     -0.6632354E-14
  -0.1830172E+02     -0.1231083E-13
  -0.1824497E+02     -0.7695648E-15
  -0.1818822E+02     -0.1181349E-14
  -0.1813147E+02     -0.3032492E-14
  -0.1807472E+02     -0.9188188E-14
  -0.1801797E+02      0.1573664E-13
  -0.1796122E+02      0.3795032E-15
  -0.1790447E+02     -0.2845471E-14
  -0.1784772E+02      0.3984438E-14
  -0.1779098E+02      0.5006697E-14
  -0.1773423E+02     -0.1005154E-13
  -0.1767748E+02      0.4535431E-15
  -0.1762073E+02      0.5666965E-14
  -0.1756398E+02     -0.7235292E-15
  -0.1750723E+02     -0.1165509E-13
  -0.1745048E+02      0.7858752E-14
  -0.1739373E+02      0.8218202E-14
  -0.1733698E+02      0.6592459E-14
  -0.1728023E+02     -0.3074129E-15
  -0.1722348E+02      0.5470886E-14
  -0.1716673E+02     -0.1633571E-14
  -0.1710998E+02     -0.1527126E-13
  -0.1705323E+02      0.1171167E-14
  -0.1699648E+02     -0.8689456E-14
  -0.1693973E+02      0.6525864E-14
  -0.1688298E+02      0.1116612E-14
  -0.1682623E+02      0.1759714E-14
  -0.1676948E+02      0.1545421E-13
  -0.1671273E+02     -0.2428079E-14
  -0.1665598E+02     -0.9735312E-15
  -0.1659924E+02      0.1883780E-13
  -0.1654249E+02      0.3142340E-14
  -0.1648574E+02      0.2362663E-14
  -0.1642899E+02     -0.6807429E-14
  -0.1637224E+02     -0.7611642E-14
  -0.1631549E+02      0.1065598E-13
  -0.1625874E+02      0.6725052E-15
  -0.1620199E+02     -0.2408043E-14
  -0.1614524E+02     -0.2495029E-14
  -0.1608849E+02      0.2426354E-15
  -0.1603174E+02      0.2272757E-14
  -0.1597499E+02      0.1829818E-13
  -0.1591824E+02     -0.4966376E-14
  -0.1586149E+02      0.1027211E-13
  -0.1580474E+02     -0.2212380E-14
  -0.1574799E+02     -0.8387414E-14
  -0.1569124E+02      0.5791739E-14
  -0.1563449E+02     -0.1446800E-14
  -0.1557774E+02      0.6226962E-14
  -0.1552099E+02      0.1005340E-13
  -0.1546424E+02     -0.7298039E-15
  -0.1540750E+02     -0.9122420E-14
  -0.1535075E+02      0.4152512E-14
  -0.1529400E+02     -0.1457903E-13
  -0.1523725E+02     -0.6923031E-14
  -0.1518050E+02      0.1216263E-14
  -0.1512375E+02     -0.9600070E-14
  -0.1506700E+02     -0.1024634E-13
  -0.1501025E+02      0.6864249E-14
  -0.1495350E+02     -0.2621852E-15
  -0.1489675E+02     -0.1898331E-14
  -0.1484000E+02      0.7392417E-14
  -0.1478325E+02     -0.8920744E-15
  -0.1472650E+02     -0.7264945E-14
  -0.1466975E+02     -0.4008974E-14
  -0.1461300E+02      0.2104768E-14
  -0.1455625E+02     -0.5427532E-14
  -0.1449950E+02      0.4908347E-14
  -0.1444275E+02      0.6606090E-14
  -0.1438600E+02      0.3151493E-14
  -0.1432925E+02     -0.6715720E-14
  -0.1427250E+02     -0.7918004E-14
  -0.1421576E+02     -0.6197867E-14
  -0.1415901E+02      0.8463441E-14
  -0.1410226E+02     -0.2308407E-13
  -0.1404551E+02     -0.7831091E-14
  -0.1398876E+02     -0.3488230E-14
  -0.1393201E+02     -0.5329449E-15
  -0.1387526E+02     -0.7560596E-14
  -0.1381851E+02     -0.3954102E-14
  -0.1376176E+02      0.1310880E-14
  -0.1370501E+02     -0.1080953E-13
  -0.1364826E+02      0.1567417E-13
  -0.1359151E+02     -0.2934337E-14
  -0.1353476E+02      0.2626465E-14
  -0.1347801E+02      0.3108766E-14
  -0.1342126E+02      0.2906694E-14
  -0.1336451E+02     -0.3029641E-14
  -0.1330776E+02      0.3315245E-14
  -0.1325101E+02     -0.4228426E-14
  -0.1319426E+02     -0.1025568E-13
  -0.1313751E+02      0.9536062E-14
  -0.1308077E+02      0.9070285E-14
  -0.1302402E+02      0.2984268E-13
  -0.1296727E+02      0.7076686E-14
  -0.1291052E+02      0.2075672E-14
  -0.1285377E+02      0.9717837E-14
  -0.1279702E+02     -0.6988052E-15
  -0.1274027E+02      0.7085438E-14
  -0.1268352E+02     -0.1306789E-14
  -0.1262677E+02     -0.1663634E-14
  -0.1257002E+02     -0.6384279E-14
  -0.1251327E+02      0.6959743E-14
  -0.1245652E+02     -0.1049667E-15
  -0.1239977E+02     -0.6460397E-14
  -0.1234302E+02      0.1133831E-14
  -0.1228627E+02     -0.9728886E-14
  -0.1222952E+02      0.1814623E-13
  -0.1217277E+02     -0.2861704E-15
  -0.1211602E+02     -0.4266133E-14
  -0.1205927E+02     -0.1436837E-13
  -0.1200252E+02      0.8722207E-14
  -0.1194577E+02     -0.2641137E-14
  -0.1188903E+02     -0.2487024E-14
  -0.1183228E+02      0.6941361E-15
  -0.1177553E+02      0.1390527E-13
  -0.1171878E+02      0.1441992E-13
  -0.1166203E+02     -0.3215230E-14
  -0.1160528E+02      0.3567291E-14
  -0.1154853E+02      0.4908091E-14
  -0.1149178E+02      0.1006977E-15
  -0.1143503E+02     -0.5447711E-14
  -0.1137828E+02     -0.6631433E-14
  -0.1132153E+02     -0.7783378E-14
  -0.1126478E+02      0.5246826E-16
  -0.1120803E+02      0.1076575E-13
  -0.1115128E+02      0.4112165E-14
  -0.1109453E+02     -0.6251098E-14
  -0.1103778E+02      0.1958592E-13
  -0.1098103E+02      0.1048894E-13
  -0.1092428E+02      0.2098806E-13
  -0.1086753E+02     -0.2205005E-13
  -0.1081078E+02     -0.2904318E-14
  -0.1075403E+02     -0.1840473E-14
  -0.1069729E+02      0.5666136E-14
  -0.1064054E+02      0.4789070E-14
  -0.1058379E+02      0.1477983E-13
  -0.1052704E+02     -0.1197715E-13
  -0.1047029E+02      0.2629961E-13
  -0.1041354E+02      0.3800392E-14
  -0.1035679E+02     -0.1099975E-13
  -0.1030004E+02     -0.4513704E-14
  -0.1024329E+02     -0.1459901E-13
  -0.1018654E+02     -0.9167035E-14
  -0.1012979E+02     -0.9306387E-14
  -0.1007304E+02      0.1277589E-13
  -0.1001629E+02      0.1703076E-13
  -0.9959541E+01     -0.8354764E-14
  -0.9902792E+01      0.2248733E-13
  -0.9846042E+01      0.2510906E-13
  -0.9789293E+01      0.1044906E-13
  -0.9732543E+01     -0.1809887E-13
  -0.9675794E+01      0.5212791E-14
  -0.9619044E+01      0.4385823E-13
  -0.9562295E+01      0.4327034E-13
  -0.9505545E+01     -0.1478682E-13
  -0.9448796E+01      0.4519306E-16
  -0.9392046E+01     -0.5968380E-13
  -0.9335297E+01     -0.8171054E-14
  -0.9278547E+01     -0.1367620E-12
  -0.9221797E+01      0.5751056E-13
  -0.9165048E+01     -0.1374060E-12
  -0.9108298E+01     -0.4101258E-12
  -0.9051549E+01     -0.2857302E-12
  -0.8994799E+01     -0.1425755E-11
  -0.8938050E+01      0.1105089E+01
  -0.8881300E+01      0.2128812E+01
  -0.8824551E+01      0.1699190E+01
  -0.8767801E+01      0.1050353E+01
  -0.8711052E+01      0.2635419E+01
  -0.8654302E+01      0.1430542E+01
  -0.8597553E+01      0.1208046E+01
  -0.8540803E+01      0.1084264E+01
  -0.8484054E+01      0.9993231E+00
  -0.8427304E+01      0.9352810E+00
  -0.8370555E+01      0.8842785E+00
  -0.8313805E+01      0.8421672E+00
  -0.8257056E+01      0.8065141E+00
  -0.8200306E+01      0.7757928E+00
  -0.8143557E+01      0.7489973E+00
  -0.8086807E+01      0.7254354E+00
  -0.8030057E+01      0.2351570E+01
  -0.7973308E+01      0.1727801E+01
  -0.7916558E+01      0.1497690E+01
  -0.7859809E+01      0.1366172E+01
  -0.7803059E+01      0.3298655E+01
  -0.7746310E+01      0.2412243E+01
  -0.7689560E+01      0.2107145E+01
  -0.7632811E+01      0.1934174E+01
  -0.7576061E+01      0.1818769E+01
  -0.7519312E+01      0.1735642E+01
  -0.7462562E+01      0.1673335E+01
  -0.7405813E+01      0.1625715E+01
  -0.7349063E+01      0.1589117E+01
  -0.7292314E+01      0.1561159E+01
  -0.7235564E+01      0.1540191E+01
  -0.7178815E+01      0.1525015E+01
  -0.7122065E+01      0.3175867E+01
  -0.7065316E+01      0.2618848E+01
  -0.7008566E+01      0.6549175E+01
  -0.6951817E+01      0.7040289E+01
  -0.6895067E+01      0.4994909E+01
  -0.6838318E+01      0.4417427E+01
  -0.6781568E+01      0.1828646E+02
  -0.6724818E+01      0.1654712E+02
  -0.6668069E+01      0.1062779E+02
  -0.6611319E+01      0.1351204E+02
  -0.6554570E+01      0.1407755E+02
  -0.6497820E+01      0.1501750E+02
  -0.6441071E+01      0.1568974E+02
  -0.6384321E+01      0.5204462E+02
  -0.6327572E+01      0.2173425E+02
  -0.6270822E+01      0.2308146E+02
  -0.6214073E+01      0.2293319E+02
  -0.6157323E+01      0.2149676E+02
  -0.6100574E+01      0.3127728E+02
  -0.6043824E+01      0.2070198E+02
  -0.5987075E+01      0.1974132E+02
  -0.5930325E+01      0.1834736E+02
  -0.5873576E+01      0.1936982E+02
  -0.5816826E+01      0.4494500E+02
  -0.5760077E+01      0.2389629E+02
  -0.5703327E+01      0.2025872E+02
  -0.5646578E+01      0.1913492E+02
  -0.5589828E+01      0.1984882E+02
  -0.5533078E+01      0.3449177E+02
  -0.5476329E+01      0.2432770E+02
  -0.5419579E+01      0.2966275E+02
  -0.5362830E+01      0.2286728E+02
  -0.5306080E+01      0.1731121E+02
  -0.5249331E+01      0.1841693E+02
  -0.5192581E+01      0.2645246E+02
  -0.5135832E+01      0.1809658E+02
  -0.5079082E+01      0.2050216E+02
  -0.5022333E+01      0.2822437E+02
  -0.4965583E+01      0.3958610E+02
  -0.4908834E+01      0.3962838E+02
  -0.4852084E+01      0.4205938E+02
  -0.4795335E+01      0.2463107E+02
  -0.4738585E+01      0.2221591E+02
  -0.4681836E+01      0.3245453E+02
  -0.4625086E+01      0.2838680E+02
  -0.4568337E+01      0.3056228E+02
  -0.4511587E+01      0.4496245E+02
  -0.4454838E+01      0.6063652E+02
  -0.4398088E+01      0.3059082E+02
  -0.4341338E+01      0.2867134E+02
  -0.4284589E+01      0.3288288E+02
  -0.4227839E+01      0.4618155E+02
  -0.4171090E+01      0.3706648E+02
  -0.4114340E+01      0.3764996E+02
  -0.4057591E+01      0.6073441E+02
  -0.4000841E+01      0.3117067E+02
  -0.3944092E+01      0.2458521E+02
  -0.3887342E+01      0.3119840E+02
  -0.3830593E+01      0.2426657E+02
  -0.3773843E+01      0.4875121E+02
  -0.3717094E+01      0.2999376E+02
  -0.3660344E+01      0.2167730E+02
  -0.3603595E+01      0.1820661E+02
  -0.3546845E+01      0.2314085E+02
  -0.3490096E+01      0.2727765E+02
  -0.3433346E+01      0.2545759E+02
  -0.3376597E+01      0.4246362E+02
  -0.3319847E+01      0.2662828E+02
  -0.3263098E+01      0.2645725E+02
  -0.3206348E+01      0.2950974E+02
  -0.3149599E+01      0.3720071E+02
  -0.3092849E+01      0.3661658E+02
  -0.3036099E+01      0.7652041E+02
  -0.2979350E+01      0.3527446E+02
  -0.2922600E+01      0.5515598E+02
  -0.2865851E+01      0.2918663E+02
  -0.2809101E+01      0.2767326E+02
  -0.2752352E+01      0.2705391E+02
  -0.2695602E+01      0.2911792E+02
  -0.2638853E+01      0.3970746E+02
  -0.2582103E+01      0.2336576E+02
  -0.2525354E+01      0.2985815E+02
  -0.2468604E+01      0.3297497E+02
  -0.2411855E+01      0.2708572E+02
  -0.2355105E+01      0.2897341E+02
  -0.2298356E+01      0.3424349E+02
  -0.2241606E+01      0.2466502E+02
  -0.2184857E+01      0.3432355E+02
  -0.2128107E+01      0.3184515E+02
  -0.2071358E+01      0.4316930E+02
  -0.2014608E+01      0.3437478E+02
  -0.1957859E+01      0.3434185E+02
  -0.1901109E+01      0.6835527E+02
  -0.1844359E+01      0.5550272E+02
  -0.1787610E+01      0.4987983E+02
  -0.1730860E+01      0.1719869E+02
  -0.1674111E+01      0.1340602E+02
  -0.1617361E+01      0.1612935E+02
  -0.1560612E+01      0.2556900E+02
  -0.1503862E+01      0.5091860E+01
  -0.1447113E+01      0.5818644E+01
  -0.1390363E+01      0.4737932E+01
  -0.1333614E+01      0.4006840E+01
  -0.1276864E+01      0.3741238E+01
  -0.1220115E+01      0.3588177E+01
  -0.1163365E+01      0.1640381E+02
  -0.1106616E+01      0.7729883E+01
  -0.1049866E+01      0.4953815E+01
  -0.9931166E+00      0.4563365E+01
  -0.9363671E+00      0.4415894E+01
  -0.8796176E+00      0.4363134E+01
  -0.8228681E+00      0.4390012E+01
  -0.7661186E+00      0.4542497E+01
  -0.7093690E+00      0.5113955E+01
  -0.6526195E+00      0.3437690E+01
  -0.5958700E+00      0.5791208E+01
  -0.5391205E+00      0.4587037E+01
  -0.4823709E+00      0.4515713E+01
  -0.4256214E+00      0.4691233E+01
  -0.3688719E+00      0.7653150E+01
  -0.3121224E+00      0.8263148E+01
  -0.2553729E+00      0.3551154E+01
  -0.1986233E+00      0.3462786E+01
  -0.1418738E+00      0.3405521E+01
  -0.8512428E-01      0.5748066E+01
  -0.2837476E-01      0.4720952E+01
   0.2837476E-01      0.4393400E+01
   0.8512428E-01      0.4270068E+01
   0.1418738E+00      0.8684122E+01
   0.1986233E+00      0.3618931E+01
   0.2553729E+00      0.3529064E+01
   0.3121224E+00      0.3454811E+01
   0.3688719E+00      0.3392017E+01
   0.4256214E+00      0.3338149E+01
   0.4823709E+00      0.3291685E+01
   0.5391205E+00      0.4424137E+01
   0.5958700E+00      0.3887018E+01
   0.6526195E+00      0.3718388E+01
   0.7093690E+00      0.3626079E+01
   0.7661186E+00      0.1864692E+02
   0.8228681E+00      0.5115551E+01
   0.8796176E+00      0.4681555E+01
   0.9363671E+00      0.4532080E+01
   0.9931166E+00      0.4524863E+01
   0.1049866E+01      0.4699907E+01
   0.1106616E+01      0.5849508E+01
   0.1163365E+01      0.5919896E+01
   0.1220115E+01      0.2853305E+02
   0.1276864E+01      0.4244283E+01
   0.1333614E+01      0.3814858E+01
   0.1390363E+01      0.3632111E+01
   0.1447113E+01      0.3550503E+01
   0.1503862E+01      0.3552857E+01
   0.1560612E+01      0.3703850E+01
   0.1617361E+01      0.4789493E+01
   0.1674111E+01      0.2380937E+01
   0.1730860E+01      0.2361037E+01
   0.1787610E+01      0.2344619E+01
   0.1844359E+01      0.2332214E+01
   0.1901109E+01      0.2324982E+01
   0.1957859E+01      0.2325375E+01
   0.2014608E+01      0.2339178E+01
   0.2071358E+01      0.3230262E+01
   0.2128107E+01      0.5554874E+01
   0.2184857E+01      0.3402230E+01
   0.2241606E+01      0.3091754E+01
   0.2298356E+01      0.2928301E+01
   0.2355105E+01      0.2820629E+01
   0.2411855E+01      0.4744034E+01
   0.2468604E+01      0.3181595E+01
   0.2525354E+01      0.2995348E+01
   0.2582103E+01      0.2894573E+01
   0.2638853E+01      0.2827978E+01
   0.2695602E+01      0.2783449E+01
   0.2752352E+01      0.2760694E+01
   0.2809101E+01      0.2775298E+01
   0.2865851E+01      0.2964194E+01
   0.2922600E+01      0.2260566E+01
   0.2979350E+01      0.2240074E+01
   0.3036099E+01      0.2221926E+01
   0.3092849E+01      0.6513092E+01
   0.3149599E+01      0.4323750E+01
   0.3206348E+01      0.8025818E+01
   0.3263098E+01      0.4804925E+01
   0.3319847E+01      0.6212019E+01
   0.3376597E+01      0.4954393E+01
   0.3433346E+01      0.3965900E+01
   0.3490096E+01      0.4713546E+01
   0.3546845E+01      0.5053583E+01
   0.3603595E+01      0.3893815E+01
   0.3660344E+01      0.4027078E+01
   0.3717094E+01      0.3320275E+01
   0.3773843E+01      0.4641530E+01
   0.3830593E+01      0.4730565E+01
   0.3887342E+01      0.2909757E+01
   0.3944092E+01      0.2863541E+01
   0.4000841E+01      0.2825474E+01
   0.4057591E+01      0.3723542E+01
   0.4114340E+01      0.3346335E+01
   0.4171090E+01      0.4249804E+01
   0.4227839E+01      0.3888268E+01
   0.4284589E+01      0.3822216E+01
   0.4341338E+01      0.3794414E+01
   0.4398088E+01      0.3609416E+01
   0.4454838E+01      0.4589746E+01
   0.4511587E+01      0.4173098E+01
   0.4568337E+01      0.4151779E+01
   0.4625086E+01      0.3478377E+01
   0.4681836E+01      0.4558688E+01
   0.4738585E+01      0.2821702E+01
   0.4795335E+01      0.2807223E+01
   0.4852084E+01      0.2917052E+01
   0.4908834E+01      0.2516409E+01
   0.4965583E+01      0.2484030E+01
   0.5022333E+01      0.3247486E+01
   0.5079082E+01      0.3404630E+01
   0.5135832E+01      0.4077353E+01
   0.5192581E+01      0.3656845E+01
   0.5249331E+01      0.3578711E+01
   0.5306080E+01      0.3548825E+01
   0.5362830E+01      0.3524342E+01
   0.5419579E+01      0.3496643E+01
   0.5476329E+01      0.3475785E+01
   0.5533078E+01      0.3490738E+01
   0.5589828E+01      0.3685818E+01
   0.5646578E+01      0.3178760E+01
   0.5703327E+01      0.3156116E+01
   0.5760077E+01      0.3160005E+01
   0.5816826E+01      0.3323169E+01
   0.5873576E+01      0.2885416E+01
   0.5930325E+01      0.2935148E+01
   0.5987075E+01      0.3516991E+01
   0.6043824E+01      0.3283915E+01
   0.6100574E+01      0.3175312E+01
   0.6157323E+01      0.3107848E+01
   0.6214073E+01      0.3062339E+01
   0.6270822E+01      0.3308356E+01
   0.6327572E+01      0.3835853E+01
   0.6384321E+01      0.3709566E+01
   0.6441071E+01      0.3957860E+01
   0.6497820E+01      0.3581126E+01
   0.6554570E+01      0.3583228E+01
   0.6611319E+01      0.3367991E+01
   0.6668069E+01      0.3323839E+01
   0.6724818E+01      0.3355044E+01
   0.6781568E+01      0.3047756E+01
   0.6838318E+01      0.3006465E+01
   0.6895067E+01      0.2972239E+01
   0.6951817E+01      0.2944411E+01
   0.7008566E+01      0.2923068E+01
   0.7065316E+01      0.2909564E+01
   0.7122065E+01      0.2908326E+01
   0.7178815E+01      0.2936375E+01
   0.7235564E+01      0.3201881E+01
   0.7292314E+01      0.2684274E+01
   0.7349063E+01      0.2668966E+01
   0.7405813E+01      0.2655651E+01
   0.7462562E+01      0.2644354E+01
   0.7519312E+01      0.2635153E+01
   0.7576061E+01      0.2927720E+01
   0.7632811E+01      0.3459650E+01
   0.7689560E+01      0.2993131E+01
   0.7746310E+01      0.2947623E+01
   0.7803059E+01      0.2939527E+01
   0.7859809E+01      0.2952423E+01
   0.7916558E+01      0.2983757E+01
   0.7973308E+01      0.3035617E+01
   0.8030057E+01      0.3465844E+01
   0.8086807E+01      0.3822846E+01
   0.8143557E+01      0.3453831E+01
   0.8200306E+01      0.3225559E+01
   0.8257056E+01      0.3242395E+01
   0.8313805E+01      0.3269995E+01
   0.8370555E+01      0.3307218E+01
   0.8427304E+01      0.4848324E+01
   0.8484054E+01      0.4617245E+01
   0.8540803E+01      0.4513858E+01
   0.8597553E+01      0.5472959E+01
   0.8654302E+01      0.7121277E+01
   0.8711052E+01      0.4304413E+01
   0.8767801E+01      0.4317518E+01
   0.8824551E+01      0.4482893E+01
   0.8881300E+01      0.5114294E+01
   0.8938050E+01      0.3540756E+01
   0.8994799E+01      0.3076642E+01
   0.9051549E+01      0.3074641E+01
   0.9108298E+01      0.3065861E+01
   0.9165048E+01      0.3460749E+01
   0.9221797E+01      0.3170414E+01
   0.9278547E+01      0.3990676E+01
   0.9335297E+01      0.7688100E+01
   0.9392046E+01      0.5245019E+01
   0.9448796E+01      0.5044986E+01
   0.9505545E+01      0.4895773E+01
   0.9562295E+01      0.4898328E+01
   0.9619044E+01      0.4561164E+01
   0.9675794E+01      0.4383921E+01
   0.9732543E+01      0.4063110E+01
   0.9789293E+01      0.4168451E+01
   0.9846042E+01      0.4002910E+01
   0.9902792E+01      0.3891105E+01
   0.9959541E+01      0.4777674E+01
   0.1001629E+02      0.4843833E+01
   0.1007304E+02      0.5509788E+01
   0.1012979E+02      0.4853456E+01
   0.1018654E+02      0.4553887E+01
   0.1024329E+02      0.4630589E+01
   0.1030004E+02      0.4438458E+01
   0.1035679E+02      0.4337979E+01
   0.1041354E+02      0.6962765E+01
   0.1047029E+02      0.5825555E+01
   0.1052704E+02      0.5448392E+01
   0.1058379E+02      0.4893088E+01
   0.1064054E+02      0.4766980E+01
   0.1069729E+02      0.8077654E+01
   0.1075403E+02      0.4477626E+01
   0.1081078E+02      0.4089064E+01
   0.1086753E+02      0.4018874E+01
   0.1092428E+02      0.3961650E+01
   0.1098103E+02      0.3915682E+01
   0.1103778E+02      0.3880124E+01
   0.1109453E+02      0.3854953E+01
   0.1115128E+02      0.4155357E+01
   0.1120803E+02      0.4026273E+01
   0.1126478E+02      0.4026414E+01
   0.1132153E+02      0.4153754E+01
   0.1137828E+02      0.3905351E+01
   0.1143503E+02      0.6117235E+01
   0.1149178E+02      0.4929052E+01
   0.1154853E+02      0.4854171E+01
   0.1160528E+02      0.4994764E+01
   0.1166203E+02      0.6665030E+01
   0.1171878E+02      0.3838343E+01
   0.1177553E+02      0.3894386E+01
   0.1183228E+02      0.3777051E+01
   0.1188903E+02      0.3710461E+01
   0.1194577E+02      0.3668629E+01
   0.1200252E+02      0.3644454E+01
   0.1205927E+02      0.3635973E+01
   0.1211602E+02      0.3644145E+01
   0.1217277E+02      0.3673228E+01
   0.1222952E+02      0.3733449E+01
   0.1228627E+02      0.3866372E+01
   0.1234302E+02      0.4117442E+01
   0.1239977E+02      0.4976251E+01
   0.1245652E+02      0.2923414E+01
   0.1251327E+02      0.2939779E+01
   0.1257002E+02      0.2976740E+01
   0.1262677E+02      0.4017680E+01
   0.1268352E+02      0.3217178E+01
   0.1274027E+02      0.3118666E+01
   0.1279702E+02      0.3108430E+01
   0.1285377E+02      0.3667503E+01
   0.1291052E+02      0.3526054E+01
   0.1296727E+02      0.1123180E+02
   0.1302402E+02      0.3559223E+01
   0.1308077E+02      0.4029754E+01
   0.1313751E+02      0.3601754E+01
   0.1319426E+02      0.3462918E+01
   0.1325101E+02      0.3386730E+01
   0.1330776E+02      0.4428668E+01
   0.1336451E+02      0.4069756E+01
   0.1342126E+02      0.3923774E+01
   0.1347801E+02      0.3852299E+01
   0.1353476E+02      0.3824832E+01
   0.1359151E+02      0.3834090E+01
   0.1364826E+02      0.3885491E+01
   0.1370501E+02      0.4009089E+01
   0.1376176E+02      0.4379036E+01
   0.1381851E+02      0.3820026E+01
   0.1387526E+02      0.4145193E+01
   0.1393201E+02      0.7592959E+01
   0.1398876E+02      0.6624428E+01
   0.1404551E+02      0.5590132E+01
   0.1410226E+02      0.8328114E+01
   0.1415901E+02      0.4098067E+01
   0.1421576E+02      0.3839445E+01
   0.1427250E+02      0.3659670E+01
   0.1432925E+02      0.3524551E+01
   0.1438600E+02      0.3594338E+01
   0.1444275E+02      0.3467965E+01
   0.1449950E+02      0.3383748E+01
   0.1455625E+02      0.3319175E+01
   0.1461300E+02      0.3268075E+01
   0.1466975E+02      0.3227745E+01
   0.1472650E+02      0.3196867E+01
   0.1478325E+02      0.3175121E+01
   0.1484000E+02      0.3162008E+01
   0.1489675E+02      0.4854624E+01
   0.1495350E+02      0.4389175E+01
   0.1501025E+02      0.4363929E+01
   0.1506700E+02      0.4198245E+01
   0.1512375E+02      0.3973101E+01
   0.1518050E+02      0.3937088E+01
   0.1523725E+02      0.4156992E+01
   0.1529400E+02      0.5250803E+01
   0.1535075E+02      0.3815505E+01
   0.1540750E+02      0.2432076E+01
   0.1546424E+02      0.2412912E+01
   0.1552099E+02      0.2403242E+01
   0.1557774E+02      0.2405176E+01
   0.1563449E+02      0.2428001E+01
   0.1569124E+02      0.2524561E+01
   0.1574799E+02      0.3130444E+01
   0.1580474E+02      0.2574628E+01
   0.1586149E+02      0.2493571E+01
   0.1591824E+02      0.2460931E+01
   0.1597499E+02      0.2447247E+01
   0.1603174E+02      0.2445213E+01
   0.1608849E+02      0.2452733E+01
   0.1614524E+02      0.2469893E+01
   0.1620199E+02      0.2502026E+01
   0.1625874E+02      0.2542139E+01
   0.1631549E+02      0.2608972E+01
   0.1637224E+02      0.2716865E+01
   0.1642899E+02      0.2918726E+01
   0.1648574E+02      0.3518858E+01
   0.1654249E+02      0.2133579E+01
   0.1659924E+02      0.2254608E+01
   0.1665598E+02      0.2011694E+01
   0.1671273E+02      0.2075240E+01
   0.1676948E+02      0.2329760E+01
   0.1682623E+02      0.1837938E+01
   0.1688298E+02      0.1860781E+01
   0.1693973E+02      0.1897251E+01
   0.1699648E+02      0.4070029E+01
   0.1705323E+02      0.3619811E+01
   0.1710998E+02      0.4603696E+01
   0.1716673E+02      0.1911952E+01
   0.1722348E+02      0.1866019E+01
   0.1728023E+02      0.1832894E+01
   0.1733698E+02      0.1807654E+01
   0.1739373E+02      0.1787728E+01
   0.1745048E+02      0.1771694E+01
   0.1750723E+02      0.1758659E+01
   0.1756398E+02      0.1748071E+01
   0.1762073E+02      0.1739937E+01
   0.1767748E+02      0.1732864E+01
   0.1773423E+02      0.1727893E+01
   0.1779098E+02      0.1724636E+01
   0.1784772E+02      0.2973443E+01
   0.1790447E+02      0.2914282E+01
   0.1796122E+02      0.2629061E+01
   0.1801797E+02      0.2644245E+01
   0.1807472E+02      0.2752995E+01
   0.1813147E+02      0.2619438E+01
   0.1818822E+02      0.2560252E+01
   0.1824497E+02      0.2535033E+01
   0.1830172E+02      0.2540817E+01
   0.1835847E+02      0.2611175E+01
   0.1841522E+02      0.2331310E+01
   0.1847197E+02      0.2336628E+01
   0.1852872E+02      0.2352730E+01
   0.1858547E+02      0.2381993E+01
   0.1864222E+02      0.2429699E+01
   0.1869897E+02      0.2509631E+01
   0.1875572E+02      0.2696810E+01
   0.1881247E+02      0.2500932E+01
   0.1886922E+02      0.3516848E+01
   0.1892597E+02      0.3361500E+01
   0.1898272E+02      0.1641949E+01
   0.1903946E+02      0.1654289E+01
   0.1909621E+02      0.1671112E+01
   0.1915296E+02      0.2019073E+01
   0.1920971E+02      0.2407513E+01
   0.1926646E+02      0.2229522E+01
   0.1932321E+02      0.2222718E+01
   0.1937996E+02      0.2386641E+01
   0.1943671E+02      0.1695289E+01
   0.1949346E+02      0.1657013E+01
   0.1955021E+02      0.1621620E+01
   0.1960696E+02      0.1590043E+01
   0.1966371E+02      0.1563064E+01
   0.1972046E+02      0.1540763E+01
   0.1977721E+02      0.1522436E+01
   0.1983396E+02      0.1507714E+01
   0.1989071E+02      0.1495971E+01
   0.1994746E+02      0.1486778E+01
   0.2000421E+02      0.1480012E+01
   0.2006096E+02      0.1474753E+01
   0.2011771E+02      0.1471583E+01
   0.2017446E+02      0.1470216E+01
   0.2023120E+02      0.1470745E+01
   0.2028795E+02      0.1472997E+01
   0.2034470E+02      0.1477373E+01
   0.2040145E+02      0.1484042E+01
   0.2045820E+02      0.1493354E+01
   0.2051495E+02      0.1505799E+01
   0.2057170E+02      0.1522053E+01
   0.2062845E+02      0.1543029E+01
   0.2068520E+02      0.1569937E+01
   0.2074195E+02      0.1604282E+01
   0.2079870E+02      0.2254834E+01
   0.2085545E+02      0.1949117E+01
   0.2091220E+02      0.1953241E+01
   0.2096895E+02      0.1995082E+01
   0.2102570E+02      0.3783942E+01
   0.2108245E+02      0.2764392E+01
   0.2113920E+02      0.2259739E+01
   0.2119595E+02      0.3211071E+01
   0.2125270E+02      0.1765141E+01
   0.2130945E+02      0.1499777E+01
   0.2136620E+02      0.1654585E+01
   0.2142294E+02      0.1614632E+01
   0.2147969E+02      0.1582003E+01
   0.2153644E+02      0.1554824E+01
   0.2159319E+02      0.1531916E+01
   0.2164994E+02      0.1512436E+01
   0.2170669E+02      0.1496316E+01
   0.2176344E+02      0.1481389E+01
   0.2182019E+02      0.1469009E+01
   0.2187694E+02      0.1458338E+01
   0.2193369E+02      0.1449164E+01
   0.2199044E+02      0.1441325E+01
   0.2204719E+02      0.1434695E+01
   0.2210394E+02      0.1429219E+01
   0.2216069E+02      0.1424692E+01
   0.2221744E+02      0.1421186E+01
   0.2227419E+02      0.1418622E+01
   0.2233094E+02      0.1416974E+01
   0.2238769E+02      0.1416225E+01
   0.2244444E+02      0.1416371E+01
   0.2250119E+02      0.1417416E+01
   0.2255794E+02      0.1419370E+01
   0.2261468E+02      0.1422249E+01
   0.2267143E+02      0.1426073E+01
   0.2272818E+02      0.1430863E+01
   0.2278493E+02      0.1436636E+01
   0.2284168E+02      0.1944630E+01
   0.2289843E+02      0.1709892E+01
   0.2295518E+02      0.1658273E+01
   0.2301193E+02      0.1637705E+01
   0.2306868E+02      0.1629537E+01
   0.2312543E+02      0.1628317E+01
   0.2318218E+02      0.1631874E+01
   0.2323893E+02      0.1639579E+01
   0.2329568E+02      0.1651943E+01
   0.2335243E+02      0.1670966E+01
   0.2340918E+02      0.1838189E+01
   0.2346593E+02      0.2410880E+01
   0.2352268E+02      0.2311110E+01
   0.2357943E+02      0.2696285E+01
   0.2363618E+02      0.1724982E+01
   0.2369293E+02      0.1714438E+01
   0.2374968E+02      0.1685438E+01
   0.2380642E+02      0.1663417E+01
   0.2386317E+02      0.1649746E+01
   0.2391992E+02      0.1634564E+01
   0.2397667E+02      0.1625583E+01
   0.2403342E+02      0.1620955E+01
   0.2409017E+02      0.1620377E+01
   0.2414692E+02      0.1624223E+01
   0.2420367E+02      0.1633273E+01
   0.2426042E+02      0.1648923E+01
   0.2431717E+02      0.1673685E+01
   0.2437392E+02      0.1712456E+01
   0.2443067E+02      0.1776529E+01
   0.2448742E+02      0.1900928E+01
   0.2454417E+02      0.2348404E+01
   0.2460092E+02      0.1520391E+01
   0.2465767E+02      0.1620257E+01
   0.2471442E+02      0.2891058E+01
   0.2477117E+02      0.1245891E+01
   0.2482792E+02      0.1248246E+01
   0.2488467E+02      0.1251803E+01
   0.2494142E+02      0.1258788E+01
   0.2499816E+02      0.1270190E+01
   0.2505491E+02      0.1289012E+01
   0.2511166E+02      0.1323069E+01
   0.2516841E+02      0.1416158E+01
   0.2522516E+02      0.1843211E+01
   0.2528191E+02      0.1078260E+01
   0.2533866E+02      0.1077146E+01
   0.2539541E+02      0.1074701E+01
   0.2545216E+02      0.1073234E+01
   0.2550891E+02      0.1071962E+01
   0.2556566E+02      0.1070871E+01
   0.2562241E+02      0.1069950E+01
   0.2567916E+02      0.1069187E+01
   0.2573591E+02      0.1068572E+01
   0.2579266E+02      0.1068096E+01
   0.2584941E+02      0.1067750E+01
   0.2590616E+02      0.1067527E+01
   0.2596291E+02      0.1067421E+01
   0.2601966E+02      0.1067426E+01
   0.2607641E+02      0.1067541E+01
   0.2613316E+02      0.1067764E+01
   0.2618990E+02      0.1566279E+01
   0.2624665E+02      0.1394744E+01
   0.2630340E+02      0.1328745E+01
   0.2636015E+02      0.1291559E+01
   0.2641690E+02      0.1267150E+01
   0.2647365E+02      0.1249785E+01
   0.2653040E+02      0.1236845E+01
   0.2658715E+02      0.1226957E+01
   0.2664390E+02      0.1219335E+01
   0.2670065E+02      0.1213504E+01
   0.2675740E+02      0.1209173E+01
   0.2681415E+02      0.1206169E+01
   0.2687090E+02      0.1204402E+01
   0.2692765E+02      0.1203833E+01
   0.2698440E+02      0.1204506E+01
   0.2704115E+02      0.1206569E+01
   0.2709790E+02      0.1209796E+01
   0.2715465E+02      0.1214765E+01
   0.2721140E+02      0.1221565E+01
 &
