 iscf   Eharris(eV)      E_KS(eV)   FreeEng(eV)    dHmax    dDmax   Ef(eV)
    1  2363104.6782  2446437.3495  2446437.3495870.67592*********  0.00000
    2    55084.4446    64967.7437    64967.7437109.18148 53.13528  0.00000
    3    50125.1297    58364.2646    58364.2646110.09162101.42508  0.00000
    4    55672.5199    44373.0892    44373.0892113.54393 69.68982  0.00000
    5    41013.3692    43128.1463    43128.1463109.47502112.84558  0.00000
    6   111439.5925    98499.4315    98499.4315181.67319171.24659  0.00000
    7   260345.3732   281313.5054   281313.5054225.56160 83.66113  0.00000
    8    43373.1336    62147.9379    62147.9379 70.40988*********  0.00000
    9  1362594.4369  1357538.0517  1357538.0517680.20093*********  0.00000
   10    37027.3086    37872.0733    37872.0733 15.14048405.89837  0.00000
   11   264353.9830   264103.2397   264103.2397267.61663 94.02754  0.00000
   12   369769.5864   372393.3501   372393.3501330.02902469.77293  0.00000
   13   177190.1205   178522.0095   178522.0095206.38614*********  0.00000
   14  1041783.6455  1037197.0581  1037197.0581581.54893*********  0.00000
   15    58225.4775    58636.1772    58636.1772 63.97411244.16157  0.00000
   16    96073.7285    96074.1288    96074.1288122.25188901.17511  0.00000
   17   304395.1677   303987.0834   303987.0834284.38583*********  0.00000
   18    69103.5702    76194.0356    76194.0356 57.89504127.07215  0.00000
   19    78173.1321    71340.9557    71340.9557 68.09505173.55817  0.00000
   20    53860.0509    55040.3340    55040.3340 49.12414304.68218  0.00000
   21    98903.9687    99048.7621    99048.7621126.99547 43.88440  0.00000
   22    68811.9497    68142.6289    68142.6289 78.09787236.25960  0.00000
   23    62357.8246    64236.3423    64236.3423 73.86256255.84217  0.00000
   24   104241.4112   100580.2190   100580.2190 86.93008485.47648  0.00000
   25    45183.8604    42411.6535    42411.6535 20.68029975.49843  0.00000
   26   211847.3789   214289.0606   214289.0606225.35322783.24393  0.00000
   27    61557.8888    62371.3565    62371.3565 62.38229 43.32714  0.00000
   28    61014.1349    60485.1448    60485.1448 63.30857313.91451  0.00000
   29    43413.9405    39814.8853    39814.8853 11.31239111.25102  0.00000
   30    47463.0900    47752.8120    47752.8120 22.28278275.23726  0.00000
   31    45893.0801    43503.7512    43503.7512 13.46659 27.17759  0.00000
   32    47126.3151    49478.6152    49478.6152 31.69541 68.43016  0.00000
   33    43934.5956    43211.3028    43211.3028 16.84732 58.59688  0.00000
   34    32322.6962    32874.8472    32874.8472 22.39685298.13589  0.00000
   35    34930.5717    33962.6407    33962.6407 28.62170360.06348  0.00000
   36    41034.2692    44759.7608    44759.7608 18.29696 62.64689  0.00000
   37    36384.9047    34113.4938    34113.4938 29.93757153.75990  0.00000
   38    41956.3188    42010.4695    42010.4695 22.33354126.94219  0.00000
   39    35907.8761    34061.5293    34061.5293 19.93685 36.66879  0.00000
   40    30528.3906    32107.5206    32107.5206 17.14099211.45907  0.00000
   41    90267.7759    89557.7964    89557.7964110.53900378.97468  0.00000
   42   193323.6641   192024.0196   192024.0196236.53108283.56215  0.00000
   43    48293.1128    50598.6703    50598.6703 22.15571176.52496  0.00000
   44    81101.9606    81854.8667    81854.8667119.72228192.23083  0.00000
   45    76317.0563    75176.3544    75176.3544105.99749487.71599  0.00000
   46   333515.7566   335292.1193   335292.1193335.30716498.37944  0.00000
   47    70133.0129    69079.9417    69079.9417 97.00803 92.94560  0.00000
   48    45740.6879    46450.2010    46450.2010 51.75384260.86351  0.00000
   49    36042.2471    35829.8759    35829.8759 79.14379495.40045  0.00000
   50   263959.1777   264130.5517   264130.5517287.53817220.29716  0.00000
   51    94840.8592    93527.5153    93527.5153134.83287367.44060  0.00000
   52   157119.4302   160228.0776   160228.0776194.85613180.70608  0.00000
   53   124649.5980   119860.6509   119860.6509165.68749379.79603  0.00000
   54    93689.0355    98362.6108    98362.6108140.63021262.84049  0.00000
   55    70582.4026    71243.5247    71243.5247101.31547639.29498  0.00000
   56   220784.6676   220117.5980   220117.5980260.23502787.24874  0.00000
   57  1346709.9966  1348522.3800  1348522.3800717.74401912.83732  0.00000
   58   160542.8082   153282.1411   153282.1411202.68145426.20905  0.00000
   59    58258.1903    60050.9199    60050.9199 80.49806 38.80561  0.00000
   60    51898.1853    51065.2851    51065.2851 64.08418 33.75999  0.00000
   61    54693.4162    56116.4382    56116.4382 73.34044 89.81341  0.00000
   62    50285.9869    49309.1675    49309.1675 42.43513245.22506  0.00000
   63    51247.4388    51424.5260    51424.5260 62.97249179.48079  0.00000
   64    42341.9503    41474.6759    41474.6759 32.03334 25.12924  0.00000
   65    34830.2026    35442.8411    35442.8411 14.71392 91.62098  0.00000
   66    43159.5477    44753.8258    44753.8258 44.28036290.91519  0.00000
   67    49011.1530    48647.9863    48647.9863 47.44675 41.95325  0.00000
   68    38184.9448    49058.0820    49058.0820 48.31291574.03625  0.00000
   69   163673.5152   153928.3140   153928.3140203.87044329.35769  0.00000
   70   110870.6794   109473.5273   109473.5273134.06413688.57534  0.00000
   71    52059.0194    53033.5690    53033.5690 90.89680562.19875  0.00000
   72   153651.3742   149548.4491   149548.4491198.40729146.46311  0.00000
   73   128953.5483   128564.8001   128564.8001156.09394421.93404  0.00000
   74    82352.6896    82433.3091    82433.3091 94.60138196.27974  0.00000
   75   123887.8821   124653.9587   124653.9587162.03253 92.96281  0.00000
   76    71576.0580    73782.4631    73782.4631 71.46959313.65410  0.00000
   77   149988.9593   155738.1343   155738.1343 95.49568616.89766  0.00000
   78    92231.9662    95265.4749    95265.4749136.98156173.83040  0.00000
   79   171795.1359   165339.3946   165339.3946213.37256171.40947  0.00000
   80    92854.9790    86263.6977    86263.6977112.20721391.15752  0.00000
   81    72526.1250    77273.2590    77273.2590 93.73875 87.51265  0.00000
   82   142051.6535   137821.2687   137821.2687161.33360142.74328  0.00000
   83   189759.3529   199053.5512   199053.5512242.43518775.43448  0.00000
   84   283755.0382   283185.1641   283185.1641297.12571551.09102  0.00000
   85   430154.2413   431972.8568   431972.8568383.37542*********  0.00000
   86    91614.4300    76280.4257    76280.4257 86.69243248.93214  0.00000
   87    56667.7034    69315.3253    69315.3253 84.92492363.84793  0.00000
   88    53167.2568    55934.5358    55934.5358 18.01040601.89678  0.00000
   89    91096.3750    93803.9710    93803.9710 94.09077*********  0.00000
   90   489530.7400   488390.4336   488390.4336403.18096554.03717  0.00000
   91   202104.8733   203902.2735   203902.2735217.07005136.58663  0.00000
   92   298886.6591   297337.9302   297337.9302298.51709467.84217  0.00000
   93   251395.2329   249068.6672   249068.6672118.84311*********  0.00000
   94    61378.2321    62520.2385    62520.2385 75.99478 86.71424  0.00000
   95    62948.2329    63344.3799    63344.3799 83.63477127.96630  0.00000
   96    51358.1042    51568.0196    51568.0196 54.86470 33.45869  0.00000
   97    59694.2642    56115.9847    56115.9847 67.93325107.49814  0.00000
   98    55155.5902    57392.2021    57392.2021 71.11693113.16802  0.00000
   99    38784.6492    40684.3185    40684.3185 21.86927 98.22661  0.00000
  100    36076.8583    36156.8406    36156.8406 30.76937 51.55408  0.00000
  101    37391.4052    38608.4422    38608.4422 27.48971 36.45171  0.00000
  102    40645.1868    37575.9426    37575.9426  9.52494 96.28456  0.00000
  103    36181.6007    36589.3057    36589.3057 30.63788 21.24438  0.00000
  104    32791.9686    35711.4012    35711.4012 26.42248 38.15937  0.00000
  105    31066.4029    35631.3740    35631.3740 19.28953 60.82074  0.00000
  106    44962.5318    41230.2301    41230.2301 37.67421249.62824  0.00000
  107    36217.4812    36424.8557    36424.8557 10.41876279.57325  0.00000
  108    61123.4412    52527.2467    52527.2467 98.95340724.79600  0.00000
  109   122275.6681   126491.6066   126491.6066169.74892423.68683  0.00000
  110    31977.3524    31186.0643    31186.0643 24.20140117.48571  0.00000
  111    37013.4043    38907.3213    38907.3213 19.08873207.17612  0.00000
  112    91035.4067    86250.4817    86250.4817139.22331 88.38804  0.00000
  113    36904.1745    40473.2390    40473.2390 31.40365119.59483  0.00000
  114    39690.6088    37211.0875    37211.0875 28.46664 87.29950  0.00000
  115    43114.8480    43778.5621    43778.5621 18.92139 44.06425  0.00000
  116    42872.4963    43274.6852    43274.6852 12.21373150.44028  0.00000
  117    71148.9105    69511.6604    69511.6604126.97249158.79514  0.00000
  118    49662.4420    51154.0436    51154.0436 43.01999 23.81024  0.00000
  119    45981.7636    45794.1543    45794.1543 25.26075  3.77430  0.00000
  120    45414.9490    45727.5828    45727.5828 27.49548 72.35563  0.00000
  121    38823.1850    38886.3812    38886.3812  7.94657 28.54203  0.00000
  122    39955.3896    40252.3196    40252.3196 12.34713 36.66973  0.00000
  123    38151.0750    37808.1119    37808.1119  3.95936 32.99649  0.00000
  124    36584.9189    37504.1350    37504.1350 13.72887 28.93494  0.00000
  125    36648.2582    37258.5199    37258.5199  9.75911 37.39758  0.00000
  126    38339.4267    38244.0898    38244.0898 10.16563  2.63033  0.00000
  127    38812.6077    38737.5200    38737.5200  6.76668 34.53163  0.00000
  128    26090.7091    37259.4056    37259.4056  4.54358 37.93679  0.00000
  129    37618.7951    40619.4572    40619.4572 16.54871229.21064  0.00000
  130    90536.9391    78154.3237    78154.3237177.32240236.61732  0.00000
  131    30650.8913    37282.1752    37282.1752  4.44358 19.44145  0.00000
  132    30797.3751    39854.0826    39854.0826 14.00319 78.30572  0.00000
  133    42996.4996    43028.1116    43028.1116 19.21157 25.31807  0.00000
  134    60333.3042    43122.9393    43122.9393 17.76102111.03655  0.00000
  135    28929.9967    34733.5189    34733.5189 13.89953 31.44798  0.00000
  136    40040.7443    38457.9456    38457.9456  7.88580  9.47159  0.00000
  137    38080.5574    36687.6521    36687.6521  3.47385  9.05197  0.00000
  138    37289.7093    35590.5840    35590.5840  8.79349  9.07794  0.00000
  139    35885.1918    34800.6598    34800.6598 12.78296 11.55528  0.00000
  140    33252.4103    33732.0355    33732.0355 18.69181  9.95021  0.00000
  141    34777.5172    34404.9121    34404.9121 13.76340  3.69768  0.00000
  142    11650.4223    34525.6032    34525.6032 12.33720235.08031  0.00000
  143    72220.2320    44417.7513    44417.7513 15.91044284.44623  0.00000
  144    23395.1656    33481.5398    33481.5398 14.33810100.41106  0.00000
  145    39101.1991    36696.4135    36696.4135  4.13054 43.58080  0.00000
  146    36098.9486    32820.1672    32820.1672 15.96007 21.22454  0.00000
  147    25459.8513    31747.0960    31747.0960 24.36766 64.84368  0.00000
  148    37864.1996    36546.2537    36546.2537  2.97848 41.01518  0.00000
  149    36117.5150    37741.1041    37741.1041  8.25447 23.29035  0.00000
  150    39664.8948    37712.4544    37712.4544  7.42680 20.92673  0.00000
  151    37210.1470    36213.8103    36213.8103  3.29990 11.54308  0.00000
  152    34787.6003    35193.2557    35193.2557 11.79992 14.34875  0.00000
  153    34767.7859    34730.0437    34730.0437 13.85883  2.49587  0.00000
  154    34589.1742    34965.9841    34965.9841 11.76201 39.33241  0.00000
  155    34365.0147    34266.8825    34266.8825 25.72655 34.71806  0.00000
  156    37004.3620    37006.6037    37006.6037  2.40979 22.52379  0.00000
  157    35882.0929    34006.3924    34006.3924 24.67695 90.46939  0.00000
  158    41807.3214    42056.3604    42056.3604 18.52700 28.26366  0.00000
  159    34031.4226    35453.8771    35453.8771  5.19672 28.97343  0.00000
  160    33493.2746    33208.8559    33208.8559 25.80032 42.45186  0.00000
  161    40898.8018    42094.8179    42094.8179 17.72400 12.69274  0.00000
  162    39566.3212    38726.8563    38726.8563  6.12134 10.23665  0.00000
  163    37156.2016    36811.3948    36811.3948  2.68182  8.68774  0.00000
  164    35727.5753    35011.2055    35011.2055  9.87834 33.42098  0.00000
  165    39196.7888    40568.1990    40568.1990 14.36983 42.42563  0.00000
  166    32951.6265    34370.2383    34370.2383 16.46300 60.59949  0.00000
  167    32211.0119    31731.3056    31731.3056 48.13513 73.53100  0.00000
  168    31424.6173    34824.5185    34824.5185 24.18388 68.45451  0.00000
  169    58559.2713    53099.6467    53099.6467 23.67934 73.77749  0.00000
  170    32689.9025    32039.6489    32039.6489 26.58509 20.70560  0.00000
  171    30071.6678    32214.6099    32214.6099 23.07278 44.56887  0.00000
  172    41044.4069    41401.1168    41401.1168 17.32397 52.14849  0.00000
  173    35179.6847    35549.7140    35549.7140 16.80357 44.92680  0.00000
  174    38844.2230    39634.7239    39634.7239 13.81997 63.23988  0.00000
  175    40060.5025    39307.9388    39307.9388  4.72466 39.10680  0.00000
  176    26362.4707    36027.4205    36027.4205 11.84973129.49363  0.00000
  177    43318.7889    63314.8608    63314.8608146.89108142.29369  0.00000
  178    87885.0173    63940.9978    63940.9978 59.88548129.70844  0.00000
  179    10537.0263    39546.6062    39546.6062 11.34671144.60375  0.00000
  180   116104.8333    72798.5251    72798.5251 80.36710188.38095  0.00000
  181    33993.1030    33586.4688    33586.4688 55.21506 12.88687  0.00000
  182    32351.9112    33761.8984    33761.8984 49.28549 46.20485  0.00000
  183    27240.8015    36283.5907    36283.5907 69.35240 33.62217  0.00000
  184    42392.4079    35664.5927    35664.5927 58.54375 55.68103  0.00000
  185    37041.8329    34333.1112    34333.1112 39.49046 12.32353  0.00000
  186    28166.9919    34572.0068    34572.0068 50.54698 29.50830  0.00000
  187    33371.1726    33492.9072    33492.9072 50.57348  6.71819  0.00000
  188    42713.9084    33645.8104    33645.8104 51.49695 97.05054  0.00000
  189    25166.6446    36083.7732    36083.7732 37.36482100.91237  0.00000
  190    30177.1439    33220.0419    33220.0419 31.28684 11.26612  0.00000
  191    31718.8064    35978.3311    35978.3311 14.63883 16.64978  0.00000
  192    43185.0691    41321.3571    41321.3571  9.03225  8.98851  0.00000
  193    56814.6557    39952.6951    39952.6951  6.66421 89.36147  0.00000
  194    32957.7871    33927.8731    33927.8731 33.26969 50.23271  0.00000
  195    37939.9116    37289.6582    37289.6582 45.64348  8.98363  0.00000
  196    37101.3848    38052.2016    38052.2016 50.07428  7.97445  0.00000
  197    38806.3618    37101.3501    37101.3501 43.67885 37.24340  0.00000
  198    32805.5483    36272.2658    36272.2658 35.16681 44.42722  0.00000
  199    35786.7022    35889.2969    35889.2969 24.98218 18.94076  0.00000
  200    37672.5825    35593.1609    35593.1609 29.70500102.52106  0.00000
  201    55873.9949    54503.0718    54503.0718117.37841 30.63545  0.00000
  202    48722.7710    55150.3543    55150.3543100.33523 69.75590  0.00000
  203    42125.0904    37630.5102    37630.5102 21.79919 58.12926  0.00000
  204    32265.1708    36475.8212    36475.8212 27.97870 33.40753  0.00000
  205    34635.1101    34046.3684    34046.3684 26.42461 23.07473  0.00000
  206    28320.7307    35219.4337    35219.4337 30.21511 65.59306  0.00000
  207    70970.9791    64321.2226    64321.2226 51.10590 68.20459  0.00000
  208    36526.3614    37079.8914    37079.8914 47.77246  4.11863  0.00000
  209    39855.0173    37289.0013    37289.0013 46.32647 91.14201  0.00000
  210    40509.5485    41190.8985    41190.8985  4.88845 66.03207  0.00000
  211    33127.8716    33685.2658    33685.2658 28.80460 19.67187  0.00000
  212    29323.7438    32705.9621    32705.9621 41.11544 66.49256  0.00000
  213    48826.5835    50135.7170    50135.7170 61.42666 29.25417  0.00000
  214    63430.1645    59072.3664    59072.3664 32.91124 68.82266  0.00000
  215    34712.4462    34711.1166    34711.1166 20.58145 20.85207  0.00000
  216    35986.0970    35459.7497    35459.7497 16.39858 41.83595  0.00000
  217    35770.8007    34844.3030    34844.3030 27.48099 10.37645  0.00000
  218    40180.5010    36267.8877    36267.8877 18.03907 70.33645  0.00000
  219    36867.9664    39471.4597    39471.4597  7.21994 22.90392  0.00000
  220    34533.6651    35794.8127    35794.8127 21.39811 57.68018  0.00000
  221    35741.6356    32964.0611    32964.0611 36.85021 97.21949  0.00000
  222    35177.5545    37534.6572    37534.6572 59.58665101.53114  0.00000
  223    43856.4773    38928.0901    38928.0901 11.25777 61.93673  0.00000
  224    38452.6587    37514.4555    37514.4555 45.69057 66.39405  0.00000
  225    38196.2399    36716.2220    36716.2220 17.79916 89.33608  0.00000
  226    32472.6913    35628.5230    35628.5230 32.41569179.86529  0.00000
  227    27101.5560    34488.3215    34488.3215 25.09082109.18279  0.00000
  228    39615.3539    40291.2242    40291.2242 10.63463 39.28807  0.00000
  229    38647.6489    37652.0187    37652.0187 15.68476 25.72759  0.00000
  230    42353.4466    39216.0655    39216.0655  8.40398 46.40292  0.00000
  231    34901.0037    37247.3066    37247.3066 16.00728 18.49029  0.00000
  232    38872.4281    36558.3260    36558.3260 19.90962 12.96639  0.00000
  233    35756.4100    36563.1963    36563.1963 22.25356 17.70821  0.00000
  234    36992.5401    35247.9330    35247.9330 25.68307 19.06437  0.00000
  235    24157.8301    37070.0945    37070.0945 22.58570120.86161  0.00000
  236    53956.7676    42259.8285    42259.8285  6.12990 95.46995  0.00000
  237    38377.2972    38457.2449    38457.2449 18.12201 18.55577  0.00000
  238    38918.9390    36987.7212    36987.7212 24.28982 12.89994  0.00000
  239    33285.9046    36602.3055    36602.3055 28.17832 49.30028  0.00000
  240    39604.8656    35762.3953    35762.3953 35.25270 29.33866  0.00000
  241    37786.8471    36809.9630    36809.9630 23.27646 77.60053  0.00000
  242    31000.5527    29460.6299    29460.6299 44.30384 41.53776  0.00000
  243    33242.1878    35264.2711    35264.2711 50.97792 39.78884  0.00000
  244    35762.6166    36517.6492    36517.6492 61.73488  7.05585  0.00000
  245    35582.2077    35263.3749    35263.3749 62.38950 29.88011  0.00000
  246    30902.4952    34826.1528    34826.1528 57.56834 74.53176  0.00000
  247    56700.6895    48355.6954    48355.6954 46.08541 87.87830  0.00000
  248    40555.5798    42437.9706    42437.9706 72.24094 41.49002  0.00000
  249    35926.2286    35859.4999    35859.4999 26.60253 11.57751  0.00000
  250    36021.6442    36902.4421    36902.4421 22.04161 29.37358  0.00000
  251    39266.5665    39259.6013    39259.6013 14.19570 70.19048  0.00000
