 iscf   Eharris(eV)      E_KS(eV)   FreeEng(eV)    dHmax    dDmax   Ef(eV)
    1  -190074.9567  -190372.6426  -190372.6426  1.98420  1.98420  0.00000
    2  -190240.6444  -190288.2621  -190288.2621  1.98730  1.78630  0.00000
    3  -189730.9008  -190022.7985  -190022.7985  4.31290  2.13940  0.00000
    4  -151786.0456  -150770.5861  -150770.5861 51.58797  2.01889  0.00000
    5  -189974.2731  -189959.3582  -189959.3582  3.00685  0.27415  0.00000
    6  -190099.5405  -190113.8293  -190113.8293  2.80422  0.18342  0.00000
    7  -190153.6014  -190160.4934  -190160.4934  1.79613  0.12752  0.00000
    8  -190181.1805  -190185.8178  -190185.8178  1.10159  0.17509  0.00000
    9  -190201.3627  -190200.9166  -190200.9166  0.37494  0.07406  0.00000
   10  -190203.9657  -190201.4866  -190201.4866  0.32528  0.03383  0.00000
   11  -190205.5138  -190205.3529  -190205.3529  0.14485  0.01575  0.00000
   12  -190207.0891  -190206.1448  -190206.1448  0.04868  0.01273  0.00000
   13  -190206.3120  -190207.0165  -190207.0165  0.02786  0.01565  0.00000
   14  -190207.0178  -190206.3057  -190206.3057  0.06311  0.00911  0.00000
   15  -190207.5006  -190207.0628  -190207.0628  0.03227  0.00691  0.00000
   16  -190207.3240  -190207.5039  -190207.5039  0.01677  0.00668  0.00000
   17  -190207.0595  -190207.3706  -190207.3706  0.02740  0.01113  0.00000
   18  -190207.2707  -190207.0178  -190207.0178  0.03548  0.00670  0.00000
   19  -190207.4329  -190207.2961  -190207.2961  0.00815  0.00315  0.00000
   20  -190207.1402  -190207.4330  -190207.4330  0.00827  0.00732  0.00000
   21  -190207.1805  -190207.1289  -190207.1289  0.02784  0.00124  0.00000
   22  -190207.4451  -190207.1827  -190207.1827  0.02250  0.00693  0.00000
   23  -190207.4080  -190207.4514  -190207.4514  0.01208  0.00162  0.00000
   24  -190207.2878  -190207.4087  -190207.4087  0.00776  0.00289  0.00000
   25  -190207.3549  -190207.2865  -190207.2865  0.00726  0.00185  0.00000
   26  -190207.3191  -190207.3570  -190207.3570  0.00293  0.00106  0.00000
   27  -190207.3225  -190207.3171  -190207.3171  0.00278  0.00063  0.00000
   28  -190207.3227  -190207.3239  -190207.3239  0.00104  0.00009  0.00000
   29  -190207.3124  -190207.3229  -190207.3229  0.00105  0.00036  0.00000
   30  -190207.3189  -190207.3126  -190207.3126  0.00072  0.00015  0.00000
   31  -190207.3195  -190207.3186  -190207.3186  0.00008  0.00002  0.00000
    1  -190216.4743  -190207.3195  -190207.3195  0.02368  0.07595  0.00000
    2  -190183.1044  -190204.7979  -190204.7979  0.66146  0.25736  0.00000
    3  -190146.1076  -190124.5932  -190124.5932  1.80560  0.18972  0.00000
    4  -190209.4439  -190209.9422  -190209.9422  0.04410  0.00561  0.00000
    5  -190208.9634  -190209.5112  -190209.5112  0.01859  0.00632  0.00000
    6  -190209.2356  -190209.0432  -190209.0432  0.02197  0.00256  0.00000
    7  -190209.1682  -190209.2028  -190209.2028  0.00850  0.00062  0.00000
    8  -190209.1698  -190209.1716  -190209.1716  0.00562  0.00141  0.00000
    9  -190209.1717  -190209.1697  -190209.1697  0.00156  0.00018  0.00000
   10  -190209.1965  -190209.1712  -190209.1712  0.00095  0.00027  0.00000
   11  -190209.1838  -190209.1939  -190209.1939  0.00112  0.00010  0.00000
   12  -190209.1943  -190209.1851  -190209.1851  0.00052  0.00010  0.00000
   13  -190209.1958  -190209.1938  -190209.1938  0.00025  0.00005  0.00000
   14  -190209.1983  -190209.1960  -190209.1960  0.00016  0.00003  0.00000
   15  -190209.1990  -190209.1982  -190209.1982  0.00006  0.00001  0.00000
    1  -190214.1071  -190209.1990  -190209.1990  0.02369  0.08014  0.00000
    2  -190185.7732  -190202.0067  -190202.0067  0.62112  0.23551  0.00000
    3  -190150.9692  -190132.7991  -190132.7991  1.64874  0.17623  0.00000
    4  -190208.8817  -190209.8456  -190209.8456  0.07773  0.01312  0.00000
    5  -190208.5761  -190209.0282  -190209.0282  0.02697  0.00619  0.00000
    6  -190208.7529  -190208.6480  -190208.6480  0.01702  0.00117  0.00000
    7  -190208.6795  -190208.7353  -190208.7353  0.01101  0.00081  0.00000
    8  -190208.6296  -190208.6828  -190208.6828  0.00798  0.00083  0.00000
    9  -190208.6452  -190208.6297  -190208.6297  0.00260  0.00044  0.00000
   10  -190208.6317  -190208.6438  -190208.6438  0.00107  0.00020  0.00000
   11  -190208.6443  -190208.6333  -190208.6333  0.00145  0.00013  0.00000
   12  -190208.6498  -190208.6430  -190208.6430  0.00105  0.00013  0.00000
   13  -190208.6549  -190208.6499  -190208.6499  0.00060  0.00006  0.00000
   14  -190208.6629  -190208.6548  -190208.6548  0.00045  0.00010  0.00000
   15  -190208.6689  -190208.6627  -190208.6627  0.00021  0.00008  0.00000
   16  -190208.6696  -190208.6687  -190208.6687  0.00012  0.00001  0.00000
   17  -190208.6683  -190208.6696  -190208.6696  0.00007  0.00001  0.00000
    1  -190214.1568  -190208.6683  -190208.6683  0.02367  0.08066  0.00000
    2  -190187.0908  -190202.0651  -190202.0651  0.64521  0.25273  0.00000
    3  -190145.2629  -190127.8762  -190127.8762  1.74309  0.18520  0.00000
    4  -190209.2849  -190210.0855  -190210.0855  0.06077  0.01231  0.00000
    5  -190209.0838  -190209.3898  -190209.3898  0.02078  0.00484  0.00000
    6  -190209.1079  -190209.1208  -190209.1208  0.01356  0.00137  0.00000
    7  -190209.0513  -190209.1042  -190209.1042  0.01045  0.00069  0.00000
    8  -190209.0024  -190209.0528  -190209.0528  0.00703  0.00060  0.00000
    9  -190209.0515  -190209.0033  -190209.0033  0.00368  0.00126  0.00000
   10  -190209.0127  -190209.0459  -190209.0459  0.00243  0.00060  0.00000
   11  -190209.0200  -190209.0165  -190209.0165  0.00106  0.00018  0.00000
   12  -190209.0266  -190209.0196  -190209.0196  0.00123  0.00018  0.00000
   13  -190209.0374  -190209.0265  -190209.0265  0.00075  0.00010  0.00000
   14  -190209.0457  -190209.0372  -190209.0372  0.00046  0.00006  0.00000
   15  -190209.0474  -190209.0454  -190209.0454  0.00027  0.00005  0.00000
   16  -190209.0561  -190209.0476  -190209.0476  0.00029  0.00007  0.00000
   17  -190209.0546  -190209.0558  -190209.0558  0.00020  0.00002  0.00000
   18  -190209.0568  -190209.0546  -190209.0546  0.00011  0.00002  0.00000
   19  -190209.0565  -190209.0567  -190209.0567  0.00008  0.00001  0.00000
    1  -190213.5909  -190209.0565  -190209.0565  0.02371  0.08314  0.00000
    2  -190188.7511  -190201.5627  -190201.5627  0.65609  0.25827  0.00000
    3  -190142.5659  -190126.5546  -190126.5546  1.77619  0.18960  0.00000
    4  -190209.3571  -190210.1502  -190210.1502  0.06129  0.01058  0.00000
    5  -190209.1977  -190209.4565  -190209.4565  0.02191  0.00490  0.00000
    6  -190209.2242  -190209.2246  -190209.2246  0.01373  0.00080  0.00000
    7  -190209.1753  -190209.2222  -190209.2222  0.01067  0.00074  0.00000
    8  -190209.1345  -190209.1762  -190209.1762  0.00718  0.00071  0.00000
    9  -190209.1666  -190209.1348  -190209.1348  0.00285  0.00063  0.00000
   10  -190209.1468  -190209.1635  -190209.1635  0.00147  0.00026  0.00000
   11  -190209.1528  -190209.1486  -190209.1486  0.00104  0.00007  0.00000
   12  -190209.1592  -190209.1526  -190209.1526  0.00102  0.00012  0.00000
   13  -190209.1650  -190209.1590  -190209.1590  0.00061  0.00007  0.00000
   14  -190209.1711  -190209.1650  -190209.1650  0.00042  0.00007  0.00000
   15  -190209.1752  -190209.1709  -190209.1709  0.00025  0.00007  0.00000
   16  -190209.1777  -190209.1752  -190209.1752  0.00018  0.00002  0.00000
   17  -190209.1766  -190209.1776  -190209.1776  0.00014  0.00001  0.00000
   18  -190209.1778  -190209.1766  -190209.1766  0.00011  0.00002  0.00000
   19  -190209.1780  -190209.1777  -190209.1777  0.00006  0.00000  0.00000
    1  -190212.7596  -190209.1780  -190209.1780  0.02372  0.08292  0.00000
    2  -190191.1044  -190201.1168  -190201.1168  0.64696  0.25478  0.00000
    3  -190142.7805  -190128.7506  -190128.7506  1.75900  0.18636  0.00000
    4  -190209.3869  -190210.2330  -190210.2330  0.06349  0.01139  0.00000
    5  -190209.2644  -190209.4917  -190209.4917  0.02186  0.00474  0.00000
    6  -190209.2449  -190209.2785  -190209.2785  0.01381  0.00078  0.00000
    7  -190209.1831  -190209.2467  -190209.2467  0.01090  0.00088  0.00000
    8  -190209.1321  -190209.1835  -190209.1835  0.00708  0.00068  0.00000
    9  -190209.1756  -190209.1327  -190209.1327  0.00323  0.00068  0.00000
   10  -190209.1475  -190209.1719  -190209.1719  0.00191  0.00030  0.00000
   11  -190209.1542  -190209.1495  -190209.1495  0.00112  0.00009  0.00000
   12  -190209.1635  -190209.1543  -190209.1543  0.00108  0.00012  0.00000
   13  -190209.1722  -190209.1631  -190209.1631  0.00065  0.00009  0.00000
   14  -190209.1812  -190209.1721  -190209.1721  0.00041  0.00008  0.00000
   15  -190209.1835  -190209.1810  -190209.1810  0.00019  0.00005  0.00000
   16  -190209.1879  -190209.1836  -190209.1836  0.00018  0.00004  0.00000
   17  -190209.1868  -190209.1879  -190209.1879  0.00012  0.00001  0.00000
   18  -190209.1887  -190209.1867  -190209.1867  0.00008  0.00003  0.00000
    1  -190211.7306  -190209.1887  -190209.1887  0.02368  0.08289  0.00000
    2  -190193.6063  -190200.7533  -190200.7533  0.63740  0.25060  0.00000
    3  -190145.3951  -190133.6854  -190133.6854  1.71970  0.18539  0.00000
    4  -190209.0781  -190209.9879  -190209.9879  0.07211  0.01636  0.00000
    5  -190208.9160  -190209.2055  -190209.2055  0.02590  0.00567  0.00000
    6  -190208.9351  -190208.9300  -190208.9300  0.01412  0.00081  0.00000
    7  -190208.9133  -190208.9357  -190208.9357  0.01140  0.00089  0.00000
    8  -190208.8755  -190208.9114  -190208.9114  0.00704  0.00050  0.00000
    9  -190208.9204  -190208.8755  -190208.8755  0.00379  0.00074  0.00000
   10  -190208.8915  -190208.9166  -190208.9166  0.00216  0.00045  0.00000
   11  -190208.8976  -190208.8943  -190208.8943  0.00103  0.00021  0.00000
   12  -190208.8999  -190208.8967  -190208.8967  0.00068  0.00010  0.00000
   13  -190208.9046  -190208.9001  -190208.9001  0.00047  0.00010  0.00000
   14  -190208.9087  -190208.9047  -190208.9047  0.00032  0.00006  0.00000
   15  -190208.9093  -190208.9087  -190208.9087  0.00021  0.00004  0.00000
   16  -190208.9104  -190208.9094  -190208.9094  0.00009  0.00002  0.00000
    1  -190212.0678  -190208.9103  -190208.9103  0.02371  0.08248  0.00000
    2  -190187.8617  -190200.8144  -190200.8144  0.66318  0.27443  0.00000
    3  -190078.7123  -190056.4438  -190056.4438  2.73373  0.22539  0.00000
    4  -190209.6040  -190211.7177  -190211.7177  0.27447  0.02787  0.00000
    5  -190210.0407  -190210.2827  -190210.2827  0.12908  0.00851  0.00000
    6  -190209.3601  -190210.1196  -190210.1196  0.10086  0.00980  0.00000
    7  -190209.5492  -190209.4512  -190209.4512  0.02121  0.00273  0.00000
    8  -190209.5966  -190209.5513  -190209.5513  0.01314  0.00369  0.00000
    9  -190209.6578  -190209.5800  -190209.5800  0.02133  0.00485  0.00000
   10  -190209.6688  -190209.6762  -190209.6762  0.00785  0.00355  0.00000
   11  -190209.6235  -190209.6625  -190209.6625  0.00554  0.00374  0.00000
   12  -190209.5899  -190209.6311  -190209.6311  0.00558  0.00131  0.00000
   13  -190209.5865  -190209.5876  -190209.5876  0.00266  0.00197  0.00000
   14  -190209.5949  -190209.5826  -190209.5826  0.00121  0.00040  0.00000
   15  -190209.5912  -190209.5959  -190209.5959  0.00083  0.00019  0.00000
   16  -190209.5977  -190209.5914  -190209.5914  0.00059  0.00016  0.00000
   17  -190209.6050  -190209.5974  -190209.5974  0.00050  0.00010  0.00000
   18  -190209.6115  -190209.6051  -190209.6051  0.00037  0.00004  0.00000
   19  -190209.6135  -190209.6116  -190209.6116  0.00015  0.00003  0.00000
   20  -190209.6123  -190209.6135  -190209.6135  0.00009  0.00007  0.00000
    1  -190208.5019  -190209.6121  -190209.6121  0.02371  0.08436  0.00000
    2  -190187.1109  -190199.8100  -190199.8100  0.57456  0.24246  0.00000
    3  -190066.0882  -190042.7483  -190042.7483  2.93493  0.21948  0.00000
    4  -190206.8115  -190210.0816  -190210.0816  0.31967  0.04456  0.00000
    5  -190207.1467  -190207.8432  -190207.8432  0.09140  0.03292  0.00000
    6  -190207.2947  -190207.1254  -190207.1254  0.04578  0.00797  0.00000
    7  -190207.9902  -190207.3394  -190207.3394  0.05610  0.01457  0.00000
    8  -190205.4052  -190207.9476  -190207.9476  0.10193  0.05922  0.00000
    9  -190207.1286  -190204.9360  -190204.9360  0.24659  0.05902  0.00000
   10  -190207.7585  -190207.6334  -190207.6334  0.06724  0.01087  0.00000
   11  -190207.5377  -190207.7502  -190207.7502  0.05846  0.00676  0.00000
   12  -190207.3028  -190207.5580  -190207.5580  0.05458  0.00585  0.00000
   13  -190207.5986  -190207.3207  -190207.3207  0.01776  0.00369  0.00000
   14  -190207.5649  -190207.5803  -190207.5803  0.04854  0.00764  0.00000
   15  -190207.2215  -190207.5446  -190207.5446  0.02597  0.00569  0.00000
   16  -190207.4498  -190207.2474  -190207.2474  0.01025  0.00581  0.00000
   17  -190207.4865  -190207.4498  -190207.4498  0.02759  0.00079  0.00000
   18  -190207.4592  -190207.4868  -190207.4868  0.03319  0.00074  0.00000
   19  -190207.5039  -190207.4607  -190207.4607  0.02966  0.00268  0.00000
   20  -190207.6717  -190207.5042  -190207.5042  0.03724  0.00606  0.00000
   21  -190207.5940  -190207.6532  -190207.6532  0.05652  0.00640  0.00000
   22  -190207.4472  -190207.5968  -190207.5968  0.05011  0.01109  0.00000
   23  -190206.3522  -190207.4549  -190207.4549  0.04849  0.02008  0.00000
   24  -190206.9955  -190206.0530  -190206.0530  0.14227  0.03076  0.00000
   25  -190207.2049  -190207.3062  -190207.3062  0.02200  0.01048  0.00000
   26  -190207.8158  -190207.1828  -190207.1828  0.01193  0.01596  0.00000
   27  -190207.6702  -190207.7769  -190207.7769  0.07531  0.02379  0.00000
   28  -190207.4936  -190207.6866  -190207.6866  0.06943  0.02300  0.00000
   29  -190207.6488  -190207.5159  -190207.5159  0.03978  0.00590  0.00000
   30  -190208.0508  -190207.6287  -190207.6287  0.06670  0.01369  0.00000
   31  -190206.8278  -190207.9113  -190207.9113  0.14292  0.01795  0.00000
   32  -190207.6819  -190206.9207  -190206.9207  0.05621  0.02300  0.00000
   33  -190206.2442  -190207.7116  -190207.7116  0.07163  0.04322  0.00000
   34  -190207.5948  -190206.0223  -190206.0223  0.13084  0.04717  0.00000
   35  -190207.6820  -190207.7932  -190207.7932  0.08463  0.00724  0.00000
   36  -190207.3381  -190207.7011  -190207.7011  0.07092  0.01413  0.00000
   37  -190207.4901  -190207.3672  -190207.3672  0.02327  0.00372  0.00000
   38  -190207.2075  -190207.4859  -190207.4859  0.03972  0.01062  0.00000
   39  -190207.5155  -190207.2046  -190207.2046  0.01064  0.00926  0.00000
