 iscf   Eharris(eV)      E_KS(eV)   FreeEng(eV)    dHmax    dDmax   Ef(eV)
    1     -932.3069     -921.3435     -921.3435  0.52116  0.52116  0.00000
    2     -932.2635     -922.4383     -922.4383  0.00543  0.46889  0.00000
    3     -931.7783     -932.1533     -932.1533  0.05147  0.01849  0.00000
    4     -931.4578     -931.7999     -931.7999  0.02283  0.01761  0.00000
    5     -931.4506     -931.4628     -931.4628  0.00671  0.00546  0.00000
    6     -931.3845     -931.4504     -931.4504  0.00299  0.00798  0.00000
    7     -931.4433     -931.3841     -931.3841  0.00659  0.00483  0.00000
    8     -931.4429     -931.4435     -931.4435  0.00010  0.00005  0.00000
    1     -931.4344     -931.4429     -931.4429  0.00409  0.00881  0.00000
    2     -931.4357     -931.4343     -931.4343  0.00371  0.00191  0.00000
    3     -931.4342     -931.4358     -931.4358  0.00332  0.00306  0.00000
    4     -931.4274     -931.4342     -931.4342  0.00238  0.00102  0.00000
    5     -931.4319     -931.4274     -931.4274  0.00108  0.00050  0.00000
    6     -931.4320     -931.4319     -931.4319  0.00023  0.00015  0.00000
    7     -931.4321     -931.4320     -931.4320  0.00016  0.00039  0.00000
    8     -931.4321     -931.4321     -931.4321  0.00001  0.00000  0.00000
    1     -931.4152     -931.4321     -931.4321  0.00404  0.00884  0.00000
    2     -931.4179     -931.4152     -931.4152  0.00365  0.00196  0.00000
    3     -931.4180     -931.4179     -931.4179  0.00327  0.00290  0.00000
    4     -931.4107     -931.4179     -931.4179  0.00236  0.00105  0.00000
    5     -931.4147     -931.4107     -931.4107  0.00111  0.00051  0.00000
    6     -931.4149     -931.4147     -931.4147  0.00021  0.00015  0.00000
    7     -931.4150     -931.4149     -931.4149  0.00016  0.00038  0.00000
    8     -931.4150     -931.4150     -931.4150  0.00001  0.00000  0.00000
    1     -931.3902     -931.4150     -931.4150  0.00403  0.00882  0.00000
    2     -931.3943     -931.3903     -931.3903  0.00364  0.00197  0.00000
    3     -931.3961     -931.3942     -931.3942  0.00326  0.00279  0.00000
    4     -931.3887     -931.3958     -931.3958  0.00236  0.00105  0.00000
    5     -931.3925     -931.3886     -931.3886  0.00113  0.00053  0.00000
    6     -931.3928     -931.3926     -931.3926  0.00020  0.00014  0.00000
    7     -931.3928     -931.3928     -931.3928  0.00016  0.00036  0.00000
    8     -931.3928     -931.3928     -931.3928  0.00002  0.00001  0.00000
    1     -931.3584     -931.3928     -931.3928  0.00403  0.00872  0.00000
    2     -931.3639     -931.3586     -931.3586  0.00363  0.00197  0.00000
    3     -931.3674     -931.3638     -931.3638  0.00325  0.00275  0.00000
    4     -931.3600     -931.3671     -931.3671  0.00237  0.00104  0.00000
    5     -931.3637     -931.3599     -931.3599  0.00113  0.00055  0.00000
    6     -931.3639     -931.3638     -931.3638  0.00019  0.00013  0.00000
    1     -931.3211     -931.3639     -931.3639  0.00409  0.00853  0.00000
    2     -931.3278     -931.3214     -931.3214  0.00366  0.00193  0.00000
    3     -931.3328     -931.3277     -931.3277  0.00329  0.00266  0.00000
    4     -931.3253     -931.3325     -931.3325  0.00241  0.00095  0.00000
    5     -931.3291     -931.3253     -931.3253  0.00113  0.00058  0.00000
    6     -931.3293     -931.3292     -931.3292  0.00016  0.00011  0.00000
    1     -931.2807     -931.3293     -931.3293  0.00408  0.00828  0.00000
    2     -931.2883     -931.2810     -931.2810  0.00365  0.00187  0.00000
    3     -931.2945     -931.2881     -931.2881  0.00327  0.00255  0.00000
    4     -931.2870     -931.2940     -931.2940  0.00240  0.00091  0.00000
    5     -931.2906     -931.2869     -931.2869  0.00111  0.00059  0.00000
    6     -931.2908     -931.2908     -931.2908  0.00015  0.00010  0.00000
    1     -931.2353     -931.2908     -931.2908  0.00407  0.00791  0.00000
    2     -931.2439     -931.2356     -931.2356  0.00363  0.00180  0.00000
    3     -931.2511     -931.2436     -931.2436  0.00326  0.00242  0.00000
    4     -931.2437     -931.2507     -931.2507  0.00241  0.00085  0.00000
    5     -931.2473     -931.2436     -931.2436  0.00109  0.00061  0.00000
    6     -931.2475     -931.2474     -931.2474  0.00013  0.00009  0.00000
    1     -931.1822     -931.2475     -931.2475  0.00407  0.00739  0.00000
    2     -931.1919     -931.1825     -931.1825  0.00362  0.00173  0.00000
    3     -931.2005     -931.1916     -931.1916  0.00325  0.00227  0.00000
    4     -931.1932     -931.2000     -931.2000  0.00241  0.00077  0.00000
    5     -931.1965     -931.1931     -931.1931  0.00107  0.00062  0.00000
    6     -931.1968     -931.1967     -931.1967  0.00011  0.00007  0.00000
    1     -931.1209     -931.1968     -931.1968  0.00406  0.00707  0.00000
    2     -931.1317     -931.1211     -931.1211  0.00360  0.00164  0.00000
    3     -931.1416     -931.1315     -931.1315  0.00324  0.00210  0.00000
    4     -931.1345     -931.1411     -931.1411  0.00242  0.00079  0.00000
    5     -931.1378     -931.1343     -931.1343  0.00104  0.00063  0.00000
    6     -931.1379     -931.1380     -931.1380  0.00009  0.00006  0.00000
    1     -931.0547     -931.1379     -931.1379  0.00406  0.00744  0.00000
    2     -931.0664     -931.0548     -931.0548  0.00358  0.00154  0.00000
    3     -931.0772     -931.0662     -931.0662  0.00323  0.00189  0.00000
    4     -931.0703     -931.0767     -931.0767  0.00243  0.00080  0.00000
    5     -931.0734     -931.0701     -931.0701  0.00101  0.00063  0.00000
    6     -931.0737     -931.0736     -931.0736  0.00006  0.00004  0.00000
    1     -930.9858     -931.0737     -931.0737  0.00405  0.00761  0.00000
    2     -930.9984     -930.9859     -930.9859  0.00357  0.00142  0.00000
    3     -931.0099     -930.9981     -930.9981  0.00322  0.00166  0.00000
    4     -931.0032     -931.0094     -931.0094  0.00245  0.00079  0.00000
    5     -931.0061     -931.0029     -931.0029  0.00098  0.00064  0.00000
    6     -931.0064     -931.0063     -931.0063  0.00004  0.00002  0.00000
    1     -930.9129     -931.0064     -931.0064  0.00405  0.00770  0.00000
    2     -930.9266     -930.9128     -930.9128  0.00355  0.00130  0.00000
    3     -930.9388     -930.9264     -930.9264  0.00320  0.00142  0.00000
    4     -930.9325     -930.9384     -930.9384  0.00247  0.00076  0.00000
    5     -930.9351     -930.9322     -930.9322  0.00095  0.00063  0.00000
    6     -930.9355     -930.9354     -930.9354  0.00005  0.00004  0.00000
    1     -930.8335     -930.9355     -930.9355  0.00404  0.00832  0.00000
    2     -930.8488     -930.8331     -930.8331  0.00353  0.00132  0.00000
    3     -930.8622     -930.8486     -930.8486  0.00319  0.00140  0.00000
    4     -930.8562     -930.8618     -930.8618  0.00249  0.00082  0.00000
    5     -930.8587     -930.8559     -930.8559  0.00092  0.00062  0.00000
    6     -930.8592     -930.8590     -930.8590  0.00008  0.00007  0.00000
    1     -930.7449     -930.8592     -930.8592  0.00403  0.00946  0.00000
    2     -930.7627     -930.7442     -930.7442  0.00388  0.00165  0.00000
    3     -930.7777     -930.7626     -930.7626  0.00317  0.00171  0.00000
    4     -930.7724     -930.7774     -930.7774  0.00252  0.00118  0.00000
    5     -930.7745     -930.7720     -930.7720  0.00091  0.00060  0.00000
    6     -930.7752     -930.7747     -930.7747  0.00013  0.00011  0.00000
    1     -930.6438     -930.7752     -930.7752  0.00403  0.01095  0.00000
    2     -930.6654     -930.6427     -930.6427  0.00463  0.00207  0.00000
    3     -930.6828     -930.6654     -930.6654  0.00315  0.00205  0.00000
    4     -930.6781     -930.6826     -930.6826  0.00255  0.00164  0.00000
    5     -930.6801     -930.6778     -930.6778  0.00090  0.00057  0.00000
    6     -930.6810     -930.6804     -930.6804  0.00018  0.00016  0.00000
