forrtl: severe (174): SIGSEGV, segmentation fault occurred
Image              PC                Routine            Line        Source             
libmpi.so.1        00002B26315155D3  Unknown               Unknown  Unknown
libmpi.so.1        00002B2631517790  Unknown               Unknown  Unknown
libmpi.so.1        00002B2631517E06  Unknown               Unknown  Unknown
libc.so.6          0000003E85C71091  Unknown               Unknown  Unknown
mca_coll_basic.so  00002B2636485122  Unknown               Unknown  Unknown
mca_coll_sync.so   00002B2636EA120E  Unknown               Unknown  Unknown
libmpi.so.1        00002B263149C31F  Unknown               Unknown  Unknown
libmpi.so.1        00002B263145651B  Unknown               Unknown  Unknown
libmpi.so.1        00002B263145957D  Unknown               Unknown  Unknown
libmpi.so.1        00002B263147ACA2  Unknown               Unknown  Unknown
smeagol-1.2        00000000015F439A  Unknown               Unknown  Unknown
smeagol-1.2        00000000010F0E16  cdiag_                    392  cdiag.F
smeagol-1.2        0000000000B1F4A9  diagk3_                   724  diagk.F
smeagol-1.2        00000000005F4858  writewave_mp_wwav        1072  writewave.F
smeagol-1.2        00000000011CD439  MAIN__                   3446  siesta.F
smeagol-1.2        000000000043666C  Unknown               Unknown  Unknown
libc.so.6          0000003E85C1D994  Unknown               Unknown  Unknown
smeagol-1.2        0000000000436579  Unknown               Unknown  Unknown
slurmd[lonsdale-n001]: *** JOB 165745 CANCELLED AT 2013-12-03T16:07:37 DUE TO TIME LIMIT ***
mpirun: killing job...



###############################################################################
TCHPC Cluster: lonsdale
Job 165745 (coop) for User 'baim' in Account 'hpc_12_00447'
Finished at: Tue Dec  3 16:07:37 GMT 2013

Job completion status:
======================

       JobID    JobName      Account  Partition   NTasks  AllocCPUS  MaxVMSize    Elapsed      State ExitCode 
------------ ---------- ------------ ---------- -------- ---------- ---------- ---------- ---------- -------- 
165745             coop hpc_12_00447      debug                   8              00:30:12    TIMEOUT      0:1 


Job details:
============

JobId=165745 Name=coop
   UserId=baim(5349) GroupId=baim(9152)
   Priority=18064665 Account=hpc_12_00447 QOS=normal
   JobState=COMPLETING Reason=TimeLimit Dependency=(null)
   Requeue=0 Restarts=0 BatchFlag=1 ExitCode=0:1
   DerivedExitCode=0:0
   RunTime=00:30:12 TimeLimit=00:30:00 TimeMin=N/A
   SubmitTime=2013-12-03T15:37:25 EligibleTime=2013-12-03T15:37:25
   StartTime=2013-12-03T15:37:25 EndTime=2013-12-03T16:07:37
   PreemptTime=None SuspendTime=None SecsPreSuspend=0
   Partition=debug AllocNode:Sid=lonsdale01:27746
   ReqNodeList=(null) ExcNodeList=(null)
   NodeList=lonsdale-n001
   BatchHost=lonsdale-n001
   NumNodes=1 NumCPUs=8 CPUs/Task=1 ReqS:C:T=*:*:*
     Nodes=lonsdale-n001 CPU_IDs=0-7 Mem=15200
   MinCPUsNode=1 MinMemoryCPU=1900M MinTmpDiskNode=0
   Features=(null) Gres=(null) Reservation=(null)
   Shared=0 Contiguous=0 Licenses=(null) Network=(null)
   Command=/home/users/baim/workspace/MD/gold/3d/100/jp/spd/newbasis/bias/fe_cohp/1/smg/coop.sh
   WorkDir=/home/users/baim/workspace/MD/gold/3d/100/jp/spd/newbasis/bias/fe_cohp/1/smg


Disk quota details:
===================

Quota Type           Name  Filesystem     Usage in MB     Limit in MB    % Used
-------------------------------------------------------------------------------
USER                 baim       /home          44,157          51,200    86.25%
USER                 baim   /projects             188               0       N/A

GROUP         pi-ssanvito   /projects       6,251,600       6,291,456    99.37%


SLURM Bank Statement:
=====================

User           Usage |        Account     Usage | Account Limit Available (CPU hrs)
---------- --------- + -------------- --------- + ------------- ---------

baim         129,565 |   HPC_12_00447   129,565 |       300,000   170,435
ssanvito           0 |   HPC_12_00447   129,565 |       300,000   170,435


Acknowledgements:
=================

Note that usage of TCHPC Resources *must* be acknowledged in all publications.

Please see this page for details relevant to this cluster:

http://www.tchpc.tcd.ie/resources/acknowledgementpolicy

################################################################################
