cpu-bind=MASK - cn1144, task  0  0 [2027]: mask 0xffffffffffffffff set
--------------------------------------------------------------------------
Open MPI failed an OFI Libfabric library call (fi_domain).  This is highly
unusual; your job may behave unpredictably (and/or abort) after this.

  Local host: cn1155
  Location: mtl_ofi_component.c:928
  Error: No data available (61)
--------------------------------------------------------------------------
[cn1144.scarf.rl.ac.uk:03031] 239 more processes have sent help message help-mtl-ofi.txt / OFI call fail
[cn1144.scarf.rl.ac.uk:03031] Set MCA parameter "orte_base_help_aggregate" to 0 to see all help / error messages
--------------------------------------------------------------------------
Open MPI failed an OFI Libfabric library call (fi_domain).  This is highly
unusual; your job may behave unpredictably (and/or abort) after this.

  Local host: cn1145
  Location: mtl_ofi_component.c:928
  Error: No data available (61)
--------------------------------------------------------------------------
[cn1144.scarf.rl.ac.uk:03673] 239 more processes have sent help message help-mtl-ofi.txt / OFI call fail
[cn1144.scarf.rl.ac.uk:03673] Set MCA parameter "orte_base_help_aggregate" to 0 to see all help / error messages
[1678642923.953861] [cn1144:3752 :0]          mpool.c:43   UCX  WARN  object 0x5610b00 was not returned to mpool ucp_requests
[1678642923.953885] [cn1144:3742 :0]          mpool.c:43   UCX  WARN  object 0xae33380 was not returned to mpool ucp_requests
[1678642923.953900] [cn1144:3747 :0]          mpool.c:43   UCX  WARN  object 0x5497c40 was not returned to mpool ucp_requests
[1678642923.953926] [cn1144:3749 :0]          mpool.c:43   UCX  WARN  object 0xbbc67c0 was not returned to mpool ucp_requests
[1678642923.953954] [cn1144:3755 :0]          mpool.c:43   UCX  WARN  object 0x5b56400 was not returned to mpool ucp_requests
[1678642923.954019] [cn1144:3758 :0]          mpool.c:43   UCX  WARN  object 0x5789240 was not returned to mpool ucp_requests
[1678642923.954076] [cn1144:3768 :0]          mpool.c:43   UCX  WARN  object 0x560cf40 was not returned to mpool ucp_requests
[1678642923.954103] [cn1144:3761 :0]          mpool.c:43   UCX  WARN  object 0xb35f200 was not returned to mpool ucp_requests
[1678642923.954145] [cn1144:3770 :0]          mpool.c:43   UCX  WARN  object 0xaf62d40 was not returned to mpool ucp_requests
[1678642923.954157] [cn1144:3765 :0]          mpool.c:43   UCX  WARN  object 0xbf05f40 was not returned to mpool ucp_requests
--------------------------------------------------------------------------
Open MPI failed an OFI Libfabric library call (fi_domain).  This is highly
unusual; your job may behave unpredictably (and/or abort) after this.

  Local host: cn1144
  Location: mtl_ofi_component.c:928
  Error: No data available (61)
--------------------------------------------------------------------------
[cn1144.scarf.rl.ac.uk:04277] 239 more processes have sent help message help-mtl-ofi.txt / OFI call fail
[cn1144.scarf.rl.ac.uk:04277] Set MCA parameter "orte_base_help_aggregate" to 0 to see all help / error messages
[1678643645.830969] [cn1144:4346 :0]          mpool.c:43   UCX  WARN  object 0xbc2ec00 was not returned to mpool ucp_requests
[1678643645.830983] [cn1144:4354 :0]          mpool.c:43   UCX  WARN  object 0xbced800 was not returned to mpool ucp_requests
[1678643645.831076] [cn1144:4347 :0]          mpool.c:43   UCX  WARN  object 0xaf8e100 was not returned to mpool ucp_requests
[1678643645.831084] [cn1144:4350 :0]          mpool.c:43   UCX  WARN  object 0xaf48b00 was not returned to mpool ucp_requests
[1678643645.831073] [cn1144:4356 :0]          mpool.c:43   UCX  WARN  object 0xa72c600 was not returned to mpool ucp_requests
[1678643645.831054] [cn1144:4358 :0]          mpool.c:43   UCX  WARN  object 0xb3adc40 was not returned to mpool ucp_requests
[1678643645.831067] [cn1144:4362 :0]          mpool.c:43   UCX  WARN  object 0xa052a00 was not returned to mpool ucp_requests
[1678643645.831073] [cn1144:4365 :0]          mpool.c:43   UCX  WARN  object 0xbe43cc0 was not returned to mpool ucp_requests
[1678643645.831146] [cn1144:4367 :0]          mpool.c:43   UCX  WARN  object 0x6312680 was not returned to mpool ucp_requests
[1678643645.831131] [cn1144:4371 :0]          mpool.c:43   UCX  WARN  object 0xaad9980 was not returned to mpool ucp_requests
cp: cannot stat ‘0V-VH_z-0053.dat’: No such file or directory
cp: cannot stat ‘0V-VH_z-0053.dat’: No such file or directory
cp: cannot stat ‘0V-RHO_z-0053.dat’: No such file or directory
cp: cannot stat ‘0V-RHO_z-0053.dat’: No such file or directory
