cpu-bind=MASK - cn1028, task  0  0 [13284]: mask 0xffffffffffffffff set
--------------------------------------------------------------------------
Open MPI failed an OFI Libfabric library call (fi_domain).  This is highly
unusual; your job may behave unpredictably (and/or abort) after this.

  Local host: cn1039
  Location: mtl_ofi_component.c:928
  Error: No data available (61)
--------------------------------------------------------------------------
[cn1028.scarf.rl.ac.uk:13318] 239 more processes have sent help message help-mtl-ofi.txt / OFI call fail
[cn1028.scarf.rl.ac.uk:13318] Set MCA parameter "orte_base_help_aggregate" to 0 to see all help / error messages
--------------------------------------------------------------------------
Open MPI failed an OFI Libfabric library call (fi_domain).  This is highly
unusual; your job may behave unpredictably (and/or abort) after this.

  Local host: cn1037
  Location: mtl_ofi_component.c:928
  Error: No data available (61)
--------------------------------------------------------------------------
[cn1028.scarf.rl.ac.uk:14006] 239 more processes have sent help message help-mtl-ofi.txt / OFI call fail
[cn1028.scarf.rl.ac.uk:14006] Set MCA parameter "orte_base_help_aggregate" to 0 to see all help / error messages
[1678652738.452048] [cn1028:14094:0]          mpool.c:43   UCX  WARN  object 0x58ef780 was not returned to mpool ucp_requests
[1678652738.452147] [cn1028:14102:0]          mpool.c:43   UCX  WARN  object 0xbd37e00 was not returned to mpool ucp_requests
[1678652738.452202] [cn1028:14098:0]          mpool.c:43   UCX  WARN  object 0xbb78700 was not returned to mpool ucp_requests
[1678652738.452356] [cn1028:14075:0]          mpool.c:43   UCX  WARN  object 0xa87f0c0 was not returned to mpool ucp_requests
[1678652738.452364] [cn1028:14079:0]          mpool.c:43   UCX  WARN  object 0x4df3800 was not returned to mpool ucp_requests
[1678652738.452431] [cn1028:14078:0]          mpool.c:43   UCX  WARN  object 0xb0f4c40 was not returned to mpool ucp_requests
[1678652738.452453] [cn1028:14082:0]          mpool.c:43   UCX  WARN  object 0xa6fb5c0 was not returned to mpool ucp_requests
[1678652738.452499] [cn1028:14090:0]          mpool.c:43   UCX  WARN  object 0x691d280 was not returned to mpool ucp_requests
[1678652738.452489] [cn1028:14091:0]          mpool.c:43   UCX  WARN  object 0x536de00 was not returned to mpool ucp_requests
[1678652738.452609] [cn1028:14087:0]          mpool.c:43   UCX  WARN  object 0xbcb1540 was not returned to mpool ucp_requests
--------------------------------------------------------------------------
Open MPI failed an OFI Libfabric library call (fi_domain).  This is highly
unusual; your job may behave unpredictably (and/or abort) after this.

  Local host: cn1036
  Location: mtl_ofi_component.c:928
  Error: No data available (61)
--------------------------------------------------------------------------
[cn1028.scarf.rl.ac.uk:14607] 239 more processes have sent help message help-mtl-ofi.txt / OFI call fail
[cn1028.scarf.rl.ac.uk:14607] Set MCA parameter "orte_base_help_aggregate" to 0 to see all help / error messages
[1678653417.282607] [cn1028:14697:0]          mpool.c:43   UCX  WARN  object 0xa7582c0 was not returned to mpool ucp_requests
[1678653417.283369] [cn1028:14695:0]          mpool.c:43   UCX  WARN  object 0xb07a780 was not returned to mpool ucp_requests
[1678653417.283636] [cn1028:14700:0]          mpool.c:43   UCX  WARN  object 0xab79800 was not returned to mpool ucp_requests
[1678653417.284371] [cn1028:14674:0]          mpool.c:43   UCX  WARN  object 0xb705540 was not returned to mpool ucp_requests
[1678653417.284354] [cn1028:14676:0]          mpool.c:43   UCX  WARN  object 0x5fc4a40 was not returned to mpool ucp_requests
[1678653417.284384] [cn1028:14684:0]          mpool.c:43   UCX  WARN  object 0xb870f40 was not returned to mpool ucp_requests
[1678653417.284402] [cn1028:14686:0]          mpool.c:43   UCX  WARN  object 0x58fb680 was not returned to mpool ucp_requests
[1678653417.284438] [cn1028:14680:0]          mpool.c:43   UCX  WARN  object 0xb0d0180 was not returned to mpool ucp_requests
[1678653417.284421] [cn1028:14692:0]          mpool.c:43   UCX  WARN  object 0xa72c440 was not returned to mpool ucp_requests
[1678653417.284453] [cn1028:14688:0]          mpool.c:43   UCX  WARN  object 0xac92b00 was not returned to mpool ucp_requests
cp: cannot stat ‘0V-VH_z-0072.dat’: No such file or directory
cp: cannot stat ‘0V-VH_z-0072.dat’: No such file or directory
cp: cannot stat ‘0V-RHO_z-0072.dat’: No such file or directory
cp: cannot stat ‘0V-RHO_z-0072.dat’: No such file or directory
