Done.


###############################################################################
TCHPC Cluster: lonsdale
Job 161610 (opt-1.9) for User 'baim' in Account 'hpc_12_00447'
Finished at: Mon Sep 30 16:38:10 IST 2013

Job completion status:
======================

       JobID    JobName      Account  Partition   NTasks  AllocCPUS  MaxVMSize    Elapsed      State ExitCode 
------------ ---------- ------------ ---------- -------- ---------- ---------- ---------- ---------- -------- 
161610          opt-1.9 hpc_12_00447    compute                  32              05:14:49  COMPLETED      0:0 
161610.batch      batch hpc_12_00447                   1          1   8213508K   05:14:49  COMPLETED      0:0 
161610.0          orted hpc_12_00447                   3          3   8126048K   05:14:45  COMPLETED      0:0 


Job details:
============

JobId=161610 Name=opt-1.9
   UserId=baim(5349) GroupId=baim(9152)
   Priority=16277283 Account=hpc_12_00447 QOS=normal
   JobState=COMPLETING Reason=None Dependency=(null)
   Requeue=0 Restarts=0 BatchFlag=1 ExitCode=0:0
   DerivedExitCode=0:0
   RunTime=05:14:49 TimeLimit=11:00:00 TimeMin=N/A
   SubmitTime=2013-09-30T11:23:21 EligibleTime=2013-09-30T11:23:21
   StartTime=2013-09-30T11:23:21 EndTime=2013-09-30T16:38:10
   PreemptTime=None SuspendTime=None SecsPreSuspend=0
   Partition=compute AllocNode:Sid=lonsdale01:15612
   ReqNodeList=(null) ExcNodeList=(null)
   NodeList=lonsdale-n062
   BatchHost=lonsdale-n061
   NumNodes=1 NumCPUs=8 CPUs/Task=1 ReqS:C:T=*:*:*
     Nodes=lonsdale-n062 CPU_IDs=0-7 Mem=15200
   MinCPUsNode=1 MinMemoryCPU=1900M MinTmpDiskNode=0
   Features=(null) Gres=(null) Reservation=(null)
   Shared=0 Contiguous=0 Licenses=(null) Network=(null)
   Command=/home/users/baim/workspace/MD/gold/3d/100/jp/spd/newbasis/bias/1.9/800/opt/opt.sh
   WorkDir=/home/users/baim/workspace/MD/gold/3d/100/jp/spd/newbasis/bias/1.9/800/opt


Disk quota details:
===================

Quota Type           Name  Filesystem     Usage in MB     Limit in MB    % Used
-------------------------------------------------------------------------------
USER                 baim       /home          42,259          51,200    82.54%
USER                 baim   /projects             188               0       N/A

GROUP         pi-ssanvito   /projects       6,123,025       6,291,456    97.32%


SLURM Bank Statement:
=====================

User           Usage |        Account     Usage | Account Limit Available (CPU hrs)
---------- --------- + -------------- --------- + ------------- ---------

baim         124,513 |   HPC_12_00447   124,513 |       300,000   175,487
ssanvito           0 |   HPC_12_00447   124,513 |       300,000   175,487


Acknowledgements:
=================

Note that usage of TCHPC Resources *must* be acknowledged in all publications.

Please see this page for details relevant to this cluster:

http://www.tchpc.tcd.ie/resources/acknowledgementpolicy

################################################################################
