forrtl: severe (153): allocatable array or pointer is not allocated
Image              PC                Routine            Line        Source             
smeagol-1.2-coop   0000000001134F0A  Unknown               Unknown  Unknown
smeagol-1.2-coop   0000000001133A06  Unknown               Unknown  Unknown
smeagol-1.2-coop   00000000010F3AA0  Unknown               Unknown  Unknown
smeagol-1.2-coop   00000000010A21AE  Unknown               Unknown  Unknown
smeagol-1.2-coop   00000000010D7243  Unknown               Unknown  Unknown
smeagol-1.2-coop   000000000080F79E  coop_par_mp_free_          18  coop_par.f90
smeagol-1.2-coop   0000000000D5B827  MAIN__                   3115  siesta.F
smeagol-1.2-coop   000000000043623C  Unknown               Unknown  Unknown
libc.so.6          0000003C2501D994  Unknown               Unknown  Unknown
smeagol-1.2-coop   0000000000436149  Unknown               Unknown  Unknown
forrtl: severe (153): allocatable array or pointer is not allocated
Image              PC                Routine            Line        Source             
smeagol-1.2-coop   0000000001134F0A  Unknown               Unknown  Unknown
smeagol-1.2-coop   0000000001133A06  Unknown               Unknown  Unknown
smeagol-1.2-coop   00000000010F3AA0  Unknown               Unknown  Unknown
smeagol-1.2-coop   00000000010A21AE  Unknown               Unknown  Unknown
smeagol-1.2-coop   00000000010D7243  Unknown               Unknown  Unknown
smeagol-1.2-coop   000000000080F79E  coop_par_mp_free_          18  coop_par.f90
smeagol-1.2-coop   0000000000D5B827  MAIN__                   3115  siesta.F
smeagol-1.2-coop   000000000043623C  Unknown               Unknown  Unknown
libc.so.6          0000003C2501D994  Unknown               Unknown  Unknown
smeagol-1.2-coop   0000000000436149  Unknown               Unknown  Unknown
forrtl: severe (153): allocatable array or pointer is not allocated
Image              PC                Routine            Line        Source             
smeagol-1.2-coop   0000000001134F0A  Unknown               Unknown  Unknown
smeagol-1.2-coop   0000000001133A06  Unknown               Unknown  Unknown
smeagol-1.2-coop   00000000010F3AA0  Unknown               Unknown  Unknown
smeagol-1.2-coop   00000000010A21AE  Unknown               Unknown  Unknown
smeagol-1.2-coop   00000000010D7243  Unknown               Unknown  Unknown
smeagol-1.2-coop   000000000080F79E  coop_par_mp_free_          18  coop_par.f90
smeagol-1.2-coop   0000000000D5B827  MAIN__                   3115  siesta.F
smeagol-1.2-coop   000000000043623C  Unknown               Unknown  Unknown
libc.so.6          0000003C2501D994  Unknown               Unknown  Unknown
smeagol-1.2-coop   0000000000436149  Unknown               Unknown  Unknown
forrtl: severe (153): allocatable array or pointer is not allocated
Image              PC                Routine            Line        Source             
smeagol-1.2-coop   0000000001134F0A  Unknown               Unknown  Unknown
smeagol-1.2-coop   0000000001133A06  Unknown               Unknown  Unknown
smeagol-1.2-coop   00000000010F3AA0  Unknown               Unknown  Unknown
smeagol-1.2-coop   00000000010A21AE  Unknown               Unknown  Unknown
smeagol-1.2-coop   00000000010D7243  Unknown               Unknown  Unknown
smeagol-1.2-coop   000000000080F79E  coop_par_mp_free_          18  coop_par.f90
smeagol-1.2-coop   0000000000D5B827  MAIN__                   3115  siesta.F
smeagol-1.2-coop   000000000043623C  Unknown               Unknown  Unknown
libc.so.6          0000003C2501D994  Unknown               Unknown  Unknown
smeagol-1.2-coop   0000000000436149  Unknown               Unknown  Unknown
forrtl: severe (153): allocatable array or pointer is not allocated
Image              PC                Routine            Line        Source             
smeagol-1.2-coop   0000000001134F0A  Unknown               Unknown  Unknown
smeagol-1.2-coop   0000000001133A06  Unknown               Unknown  Unknown
smeagol-1.2-coop   00000000010F3AA0  Unknown               Unknown  Unknown
smeagol-1.2-coop   00000000010A21AE  Unknown               Unknown  Unknown
smeagol-1.2-coop   00000000010D7243  Unknown               Unknown  Unknown
smeagol-1.2-coop   000000000080F79E  coop_par_mp_free_          18  coop_par.f90
smeagol-1.2-coop   0000000000D5B827  MAIN__                   3115  siesta.F
smeagol-1.2-coop   000000000043623C  Unknown               Unknown  Unknown
libc.so.6          0000003C2501D994  Unknown               Unknown  Unknown
smeagol-1.2-coop   0000000000436149  Unknown               Unknown  Unknown
forrtl: severe (153): allocatable array or pointer is not allocated
Image              PC                Routine            Line        Source             
smeagol-1.2-coop   0000000001134F0A  Unknown               Unknown  Unknown
smeagol-1.2-coop   0000000001133A06  Unknown               Unknown  Unknown
smeagol-1.2-coop   00000000010F3AA0  Unknown               Unknown  Unknown
smeagol-1.2-coop   00000000010A21AE  Unknown               Unknown  Unknown
smeagol-1.2-coop   00000000010D7243  Unknown               Unknown  Unknown
smeagol-1.2-coop   000000000080F79E  coop_par_mp_free_          18  coop_par.f90
smeagol-1.2-coop   0000000000D5B827  MAIN__                   3115  siesta.F
smeagol-1.2-coop   000000000043623C  Unknown               Unknown  Unknown
libc.so.6          0000003C2501D994  Unknown               Unknown  Unknown
smeagol-1.2-coop   0000000000436149  Unknown               Unknown  Unknown
forrtl: severe (153): allocatable array or pointer is not allocated
Image              PC                Routine            Line        Source             
smeagol-1.2-coop   0000000001134F0A  Unknown               Unknown  Unknown
smeagol-1.2-coop   0000000001133A06  Unknown               Unknown  Unknown
smeagol-1.2-coop   00000000010F3AA0  Unknown               Unknown  Unknown
smeagol-1.2-coop   00000000010A21AE  Unknown               Unknown  Unknown
smeagol-1.2-coop   00000000010D7243  Unknown               Unknown  Unknown
smeagol-1.2-coop   000000000080F79E  coop_par_mp_free_          18  coop_par.f90
smeagol-1.2-coop   0000000000D5B827  MAIN__                   3115  siesta.F
smeagol-1.2-coop   000000000043623C  Unknown               Unknown  Unknown
libc.so.6          0000003C2501D994  Unknown               Unknown  Unknown
smeagol-1.2-coop   0000000000436149  Unknown               Unknown  Unknown
forrtl: severe (153): allocatable array or pointer is not allocated
Image              PC                Routine            Line        Source             
smeagol-1.2-coop   0000000001134F0A  Unknown               Unknown  Unknown
smeagol-1.2-coop   0000000001133A06  Unknown               Unknown  Unknown
smeagol-1.2-coop   00000000010F3AA0  Unknown               Unknown  Unknown
smeagol-1.2-coop   00000000010A21AE  Unknown               Unknown  Unknown
smeagol-1.2-coop   00000000010D7243  Unknown               Unknown  Unknown
smeagol-1.2-coop   000000000080F79E  coop_par_mp_free_          18  coop_par.f90
smeagol-1.2-coop   0000000000D5B827  MAIN__                   3115  siesta.F
smeagol-1.2-coop   000000000043623C  Unknown               Unknown  Unknown
libc.so.6          0000003C2501D994  Unknown               Unknown  Unknown
smeagol-1.2-coop   0000000000436149  Unknown               Unknown  Unknown
forrtl: severe (153): allocatable array or pointer is not allocated
Image              PC                Routine            Line        Source             
smeagol-1.2-coop   0000000001134F0A  Unknown               Unknown  Unknown
smeagol-1.2-coop   0000000001133A06  Unknown               Unknown  Unknown
smeagol-1.2-coop   00000000010F3AA0  Unknown               Unknown  Unknown
smeagol-1.2-coop   00000000010A21AE  Unknown               Unknown  Unknown
smeagol-1.2-coop   00000000010D7243  Unknown               Unknown  Unknown
smeagol-1.2-coop   000000000080F79E  coop_par_mp_free_          18  coop_par.f90
smeagol-1.2-coop   0000000000D5B827  MAIN__                   3115  siesta.F
smeagol-1.2-coop   000000000043623C  Unknown               Unknown  Unknown
libc.so.6          00000036FF21D994  Unknown               Unknown  Unknown
smeagol-1.2-coop   0000000000436149  Unknown               Unknown  Unknown
forrtl: severe (153): allocatable array or pointer is not allocated
Image              PC                Routine            Line        Source             
smeagol-1.2-coop   0000000001134F0A  Unknown               Unknown  Unknown
smeagol-1.2-coop   0000000001133A06  Unknown               Unknown  Unknown
smeagol-1.2-coop   00000000010F3AA0  Unknown               Unknown  Unknown
smeagol-1.2-coop   00000000010A21AE  Unknown               Unknown  Unknown
smeagol-1.2-coop   00000000010D7243  Unknown               Unknown  Unknown
smeagol-1.2-coop   000000000080F79E  coop_par_mp_free_          18  coop_par.f90
smeagol-1.2-coop   0000000000D5B827  MAIN__                   3115  siesta.F
smeagol-1.2-coop   000000000043623C  Unknown               Unknown  Unknown
libc.so.6          00000036FF21D994  Unknown               Unknown  Unknown
smeagol-1.2-coop   0000000000436149  Unknown               Unknown  Unknown
forrtl: severe (153): allocatable array or pointer is not allocated
Image              PC                Routine            Line        Source             
smeagol-1.2-coop   0000000001134F0A  Unknown               Unknown  Unknown
smeagol-1.2-coop   0000000001133A06  Unknown               Unknown  Unknown
smeagol-1.2-coop   00000000010F3AA0  Unknown               Unknown  Unknown
smeagol-1.2-coop   00000000010A21AE  Unknown               Unknown  Unknown
smeagol-1.2-coop   00000000010D7243  Unknown               Unknown  Unknown
smeagol-1.2-coop   000000000080F79E  coop_par_mp_free_          18  coop_par.f90
smeagol-1.2-coop   0000000000D5B827  MAIN__                   3115  siesta.F
smeagol-1.2-coop   000000000043623C  Unknown               Unknown  Unknown
libc.so.6          00000036FF21D994  Unknown               Unknown  Unknown
smeagol-1.2-coop   0000000000436149  Unknown               Unknown  Unknown
forrtl: severe (153): allocatable array or pointer is not allocated
Image              PC                Routine            Line        Source             
smeagol-1.2-coop   0000000001134F0A  Unknown               Unknown  Unknown
smeagol-1.2-coop   0000000001133A06  Unknown               Unknown  Unknown
smeagol-1.2-coop   00000000010F3AA0  Unknown               Unknown  Unknown
smeagol-1.2-coop   00000000010A21AE  Unknown               Unknown  Unknown
smeagol-1.2-coop   00000000010D7243  Unknown               Unknown  Unknown
smeagol-1.2-coop   000000000080F79E  coop_par_mp_free_          18  coop_par.f90
smeagol-1.2-coop   0000000000D5B827  MAIN__                   3115  siesta.F
smeagol-1.2-coop   000000000043623C  Unknown               Unknown  Unknown
libc.so.6          00000036FF21D994  Unknown               Unknown  Unknown
smeagol-1.2-coop   0000000000436149  Unknown               Unknown  Unknown
forrtl: severe (153): allocatable array or pointer is not allocated
Image              PC                Routine            Line        Source             
smeagol-1.2-coop   0000000001134F0A  Unknown               Unknown  Unknown
smeagol-1.2-coop   0000000001133A06  Unknown               Unknown  Unknown
smeagol-1.2-coop   00000000010F3AA0  Unknown               Unknown  Unknown
smeagol-1.2-coop   00000000010A21AE  Unknown               Unknown  Unknown
smeagol-1.2-coop   00000000010D7243  Unknown               Unknown  Unknown
smeagol-1.2-coop   000000000080F79E  coop_par_mp_free_          18  coop_par.f90
smeagol-1.2-coop   0000000000D5B827  MAIN__                   3115  siesta.F
smeagol-1.2-coop   000000000043623C  Unknown               Unknown  Unknown
libc.so.6          00000036FF21D994  Unknown               Unknown  Unknown
smeagol-1.2-coop   0000000000436149  Unknown               Unknown  Unknown
forrtl: severe (153): allocatable array or pointer is not allocated
Image              PC                Routine            Line        Source             
smeagol-1.2-coop   0000000001134F0A  Unknown               Unknown  Unknown
smeagol-1.2-coop   0000000001133A06  Unknown               Unknown  Unknown
smeagol-1.2-coop   00000000010F3AA0  Unknown               Unknown  Unknown
smeagol-1.2-coop   00000000010A21AE  Unknown               Unknown  Unknown
smeagol-1.2-coop   00000000010D7243  Unknown               Unknown  Unknown
smeagol-1.2-coop   000000000080F79E  coop_par_mp_free_          18  coop_par.f90
smeagol-1.2-coop   0000000000D5B827  MAIN__                   3115  siesta.F
smeagol-1.2-coop   000000000043623C  Unknown               Unknown  Unknown
libc.so.6          000000307BA1D994  Unknown               Unknown  Unknown
smeagol-1.2-coop   0000000000436149  Unknown               Unknown  Unknown
forrtl: severe (153): allocatable array or pointer is not allocated
Image              PC                Routine            Line        Source             
smeagol-1.2-coop   0000000001134F0A  Unknown               Unknown  Unknown
smeagol-1.2-coop   0000000001133A06  Unknown               Unknown  Unknown
smeagol-1.2-coop   00000000010F3AA0  Unknown               Unknown  Unknown
smeagol-1.2-coop   00000000010A21AE  Unknown               Unknown  Unknown
smeagol-1.2-coop   00000000010D7243  Unknown               Unknown  Unknown
smeagol-1.2-coop   000000000080F79E  coop_par_mp_free_          18  coop_par.f90
smeagol-1.2-coop   0000000000D5B827  MAIN__                   3115  siesta.F
smeagol-1.2-coop   000000000043623C  Unknown               Unknown  Unknown
libc.so.6          000000307BA1D994  Unknown               Unknown  Unknown
smeagol-1.2-coop   0000000000436149  Unknown               Unknown  Unknown
forrtl: severe (153): allocatable array or pointer is not allocated
Image              PC                Routine            Line        Source             
smeagol-1.2-coop   0000000001134F0A  Unknown               Unknown  Unknown
smeagol-1.2-coop   0000000001133A06  Unknown               Unknown  Unknown
smeagol-1.2-coop   00000000010F3AA0  Unknown               Unknown  Unknown
smeagol-1.2-coop   00000000010A21AE  Unknown               Unknown  Unknown
smeagol-1.2-coop   00000000010D7243  Unknown               Unknown  Unknown
smeagol-1.2-coop   000000000080F79E  coop_par_mp_free_          18  coop_par.f90
smeagol-1.2-coop   0000000000D5B827  MAIN__                   3115  siesta.F
smeagol-1.2-coop   000000000043623C  Unknown               Unknown  Unknown
libc.so.6          00000036FF21D994  Unknown               Unknown  Unknown
smeagol-1.2-coop   0000000000436149  Unknown               Unknown  Unknown
forrtl: severe (153): allocatable array or pointer is not allocated
Image              PC                Routine            Line        Source             
smeagol-1.2-coop   0000000001134F0A  Unknown               Unknown  Unknown
smeagol-1.2-coop   0000000001133A06  Unknown               Unknown  Unknown
smeagol-1.2-coop   00000000010F3AA0  Unknown               Unknown  Unknown
smeagol-1.2-coop   00000000010A21AE  Unknown               Unknown  Unknown
smeagol-1.2-coop   00000000010D7243  Unknown               Unknown  Unknown
smeagol-1.2-coop   000000000080F79E  coop_par_mp_free_          18  coop_par.f90
smeagol-1.2-coop   0000000000D5B827  MAIN__                   3115  siesta.F
smeagol-1.2-coop   000000000043623C  Unknown               Unknown  Unknown
libc.so.6          000000307BA1D994  Unknown               Unknown  Unknown
smeagol-1.2-coop   0000000000436149  Unknown               Unknown  Unknown
forrtl: severe (153): allocatable array or pointer is not allocated
Image              PC                Routine            Line        Source             
smeagol-1.2-coop   0000000001134F0A  Unknown               Unknown  Unknown
smeagol-1.2-coop   0000000001133A06  Unknown               Unknown  Unknown
smeagol-1.2-coop   00000000010F3AA0  Unknown               Unknown  Unknown
smeagol-1.2-coop   00000000010A21AE  Unknown               Unknown  Unknown
smeagol-1.2-coop   00000000010D7243  Unknown               Unknown  Unknown
smeagol-1.2-coop   000000000080F79E  coop_par_mp_free_          18  coop_par.f90
smeagol-1.2-coop   0000000000D5B827  MAIN__                   3115  siesta.F
smeagol-1.2-coop   000000000043623C  Unknown               Unknown  Unknown
libc.so.6          000000307BA1D994  Unknown               Unknown  Unknown
smeagol-1.2-coop   0000000000436149  Unknown               Unknown  Unknown
forrtl: severe (153): allocatable array or pointer is not allocated
Image              PC                Routine            Line        Source             
smeagol-1.2-coop   0000000001134F0A  Unknown               Unknown  Unknown
smeagol-1.2-coop   0000000001133A06  Unknown               Unknown  Unknown
smeagol-1.2-coop   00000000010F3AA0  Unknown               Unknown  Unknown
smeagol-1.2-coop   00000000010A21AE  Unknown               Unknown  Unknown
smeagol-1.2-coop   00000000010D7243  Unknown               Unknown  Unknown
smeagol-1.2-coop   000000000080F79E  coop_par_mp_free_          18  coop_par.f90
smeagol-1.2-coop   0000000000D5B827  MAIN__                   3115  siesta.F
smeagol-1.2-coop   000000000043623C  Unknown               Unknown  Unknown
libc.so.6          000000307BA1D994  Unknown               Unknown  Unknown
smeagol-1.2-coop   0000000000436149  Unknown               Unknown  Unknown
forrtl: severe (153): allocatable array or pointer is not allocated
Image              PC                Routine            Line        Source             
smeagol-1.2-coop   0000000001134F0A  Unknown               Unknown  Unknown
smeagol-1.2-coop   0000000001133A06  Unknown               Unknown  Unknown
smeagol-1.2-coop   00000000010F3AA0  Unknown               Unknown  Unknown
smeagol-1.2-coop   00000000010A21AE  Unknown               Unknown  Unknown
smeagol-1.2-coop   00000000010D7243  Unknown               Unknown  Unknown
smeagol-1.2-coop   000000000080F79E  coop_par_mp_free_          18  coop_par.f90
smeagol-1.2-coop   0000000000D5B827  MAIN__                   3115  siesta.F
smeagol-1.2-coop   000000000043623C  Unknown               Unknown  Unknown
libc.so.6          000000391BA1D994  Unknown               Unknown  Unknown
smeagol-1.2-coop   0000000000436149  Unknown               Unknown  Unknown
forrtl: severe (153): allocatable array or pointer is not allocated
Image              PC                Routine            Line        Source             
smeagol-1.2-coop   0000000001134F0A  Unknown               Unknown  Unknown
smeagol-1.2-coop   0000000001133A06  Unknown               Unknown  Unknown
smeagol-1.2-coop   00000000010F3AA0  Unknown               Unknown  Unknown
smeagol-1.2-coop   00000000010A21AE  Unknown               Unknown  Unknown
smeagol-1.2-coop   00000000010D7243  Unknown               Unknown  Unknown
smeagol-1.2-coop   000000000080F79E  coop_par_mp_free_          18  coop_par.f90
smeagol-1.2-coop   0000000000D5B827  MAIN__                   3115  siesta.F
smeagol-1.2-coop   000000000043623C  Unknown               Unknown  Unknown
libc.so.6          000000391BA1D994  Unknown               Unknown  Unknown
smeagol-1.2-coop   0000000000436149  Unknown               Unknown  Unknown
forrtl: severe (153): allocatable array or pointer is not allocated
Image              PC                Routine            Line        Source             
smeagol-1.2-coop   0000000001134F0A  Unknown               Unknown  Unknown
smeagol-1.2-coop   0000000001133A06  Unknown               Unknown  Unknown
smeagol-1.2-coop   00000000010F3AA0  Unknown               Unknown  Unknown
smeagol-1.2-coop   00000000010A21AE  Unknown               Unknown  Unknown
smeagol-1.2-coop   00000000010D7243  Unknown               Unknown  Unknown
smeagol-1.2-coop   000000000080F79E  coop_par_mp_free_          18  coop_par.f90
smeagol-1.2-coop   0000000000D5B827  MAIN__                   3115  siesta.F
smeagol-1.2-coop   000000000043623C  Unknown               Unknown  Unknown
libc.so.6          00000036FF21D994  Unknown               Unknown  Unknown
smeagol-1.2-coop   0000000000436149  Unknown               Unknown  Unknown
forrtl: severe (153): allocatable array or pointer is not allocated
Image              PC                Routine            Line        Source             
smeagol-1.2-coop   0000000001134F0A  Unknown               Unknown  Unknown
smeagol-1.2-coop   0000000001133A06  Unknown               Unknown  Unknown
smeagol-1.2-coop   00000000010F3AA0  Unknown               Unknown  Unknown
smeagol-1.2-coop   00000000010A21AE  Unknown               Unknown  Unknown
smeagol-1.2-coop   00000000010D7243  Unknown               Unknown  Unknown
smeagol-1.2-coop   000000000080F79E  coop_par_mp_free_          18  coop_par.f90
smeagol-1.2-coop   0000000000D5B827  MAIN__                   3115  siesta.F
smeagol-1.2-coop   000000000043623C  Unknown               Unknown  Unknown
libc.so.6          000000391BA1D994  Unknown               Unknown  Unknown
smeagol-1.2-coop   0000000000436149  Unknown               Unknown  Unknown
forrtl: severe (153): allocatable array or pointer is not allocated
Image              PC                Routine            Line        Source             
smeagol-1.2-coop   0000000001134F0A  Unknown               Unknown  Unknown
smeagol-1.2-coop   0000000001133A06  Unknown               Unknown  Unknown
smeagol-1.2-coop   00000000010F3AA0  Unknown               Unknown  Unknown
smeagol-1.2-coop   00000000010A21AE  Unknown               Unknown  Unknown
smeagol-1.2-coop   00000000010D7243  Unknown               Unknown  Unknown
smeagol-1.2-coop   000000000080F79E  coop_par_mp_free_          18  coop_par.f90
smeagol-1.2-coop   0000000000D5B827  MAIN__                   3115  siesta.F
smeagol-1.2-coop   000000000043623C  Unknown               Unknown  Unknown
libc.so.6          000000391BA1D994  Unknown               Unknown  Unknown
smeagol-1.2-coop   0000000000436149  Unknown               Unknown  Unknown
forrtl: severe (153): allocatable array or pointer is not allocated
Image              PC                Routine            Line        Source             
smeagol-1.2-coop   0000000001134F0A  Unknown               Unknown  Unknown
smeagol-1.2-coop   0000000001133A06  Unknown               Unknown  Unknown
smeagol-1.2-coop   00000000010F3AA0  Unknown               Unknown  Unknown
smeagol-1.2-coop   00000000010A21AE  Unknown               Unknown  Unknown
smeagol-1.2-coop   00000000010D7243  Unknown               Unknown  Unknown
smeagol-1.2-coop   000000000080F79E  coop_par_mp_free_          18  coop_par.f90
smeagol-1.2-coop   0000000000D5B827  MAIN__                   3115  siesta.F
smeagol-1.2-coop   000000000043623C  Unknown               Unknown  Unknown
libc.so.6          000000391BA1D994  Unknown               Unknown  Unknown
smeagol-1.2-coop   0000000000436149  Unknown               Unknown  Unknown
forrtl: severe (153): allocatable array or pointer is not allocated
Image              PC                Routine            Line        Source             
smeagol-1.2-coop   0000000001134F0A  Unknown               Unknown  Unknown
smeagol-1.2-coop   0000000001133A06  Unknown               Unknown  Unknown
smeagol-1.2-coop   00000000010F3AA0  Unknown               Unknown  Unknown
smeagol-1.2-coop   00000000010A21AE  Unknown               Unknown  Unknown
smeagol-1.2-coop   00000000010D7243  Unknown               Unknown  Unknown
smeagol-1.2-coop   000000000080F79E  coop_par_mp_free_          18  coop_par.f90
smeagol-1.2-coop   0000000000D5B827  MAIN__                   3115  siesta.F
smeagol-1.2-coop   000000000043623C  Unknown               Unknown  Unknown
libc.so.6          000000391BA1D994  Unknown               Unknown  Unknown
smeagol-1.2-coop   0000000000436149  Unknown               Unknown  Unknown
forrtl: severe (153): allocatable array or pointer is not allocated
Image              PC                Routine            Line        Source             
smeagol-1.2-coop   0000000001134F0A  Unknown               Unknown  Unknown
smeagol-1.2-coop   0000000001133A06  Unknown               Unknown  Unknown
smeagol-1.2-coop   00000000010F3AA0  Unknown               Unknown  Unknown
smeagol-1.2-coop   00000000010A21AE  Unknown               Unknown  Unknown
smeagol-1.2-coop   00000000010D7243  Unknown               Unknown  Unknown
smeagol-1.2-coop   000000000080F79E  coop_par_mp_free_          18  coop_par.f90
smeagol-1.2-coop   0000000000D5B827  MAIN__                   3115  siesta.F
smeagol-1.2-coop   000000000043623C  Unknown               Unknown  Unknown
libc.so.6          000000391BA1D994  Unknown               Unknown  Unknown
smeagol-1.2-coop   0000000000436149  Unknown               Unknown  Unknown
forrtl: severe (153): allocatable array or pointer is not allocated
Image              PC                Routine            Line        Source             
smeagol-1.2-coop   0000000001134F0A  Unknown               Unknown  Unknown
smeagol-1.2-coop   0000000001133A06  Unknown               Unknown  Unknown
smeagol-1.2-coop   00000000010F3AA0  Unknown               Unknown  Unknown
smeagol-1.2-coop   00000000010A21AE  Unknown               Unknown  Unknown
smeagol-1.2-coop   00000000010D7243  Unknown               Unknown  Unknown
smeagol-1.2-coop   000000000080F79E  coop_par_mp_free_          18  coop_par.f90
smeagol-1.2-coop   0000000000D5B827  MAIN__                   3115  siesta.F
smeagol-1.2-coop   000000000043623C  Unknown               Unknown  Unknown
libc.so.6          000000307BA1D994  Unknown               Unknown  Unknown
smeagol-1.2-coop   0000000000436149  Unknown               Unknown  Unknown
forrtl: severe (153): allocatable array or pointer is not allocated
Image              PC                Routine            Line        Source             
smeagol-1.2-coop   0000000001134F0A  Unknown               Unknown  Unknown
smeagol-1.2-coop   0000000001133A06  Unknown               Unknown  Unknown
smeagol-1.2-coop   00000000010F3AA0  Unknown               Unknown  Unknown
smeagol-1.2-coop   00000000010A21AE  Unknown               Unknown  Unknown
smeagol-1.2-coop   00000000010D7243  Unknown               Unknown  Unknown
smeagol-1.2-coop   000000000080F79E  coop_par_mp_free_          18  coop_par.f90
smeagol-1.2-coop   0000000000D5B827  MAIN__                   3115  siesta.F
smeagol-1.2-coop   000000000043623C  Unknown               Unknown  Unknown
libc.so.6          00000036FF21D994  Unknown               Unknown  Unknown
smeagol-1.2-coop   0000000000436149  Unknown               Unknown  Unknown
forrtl: severe (153): allocatable array or pointer is not allocated
Image              PC                Routine            Line        Source             
smeagol-1.2-coop   0000000001134F0A  Unknown               Unknown  Unknown
smeagol-1.2-coop   0000000001133A06  Unknown               Unknown  Unknown
smeagol-1.2-coop   00000000010F3AA0  Unknown               Unknown  Unknown
smeagol-1.2-coop   00000000010A21AE  Unknown               Unknown  Unknown
smeagol-1.2-coop   00000000010D7243  Unknown               Unknown  Unknown
smeagol-1.2-coop   000000000080F79E  coop_par_mp_free_          18  coop_par.f90
smeagol-1.2-coop   0000000000D5B827  MAIN__                   3115  siesta.F
smeagol-1.2-coop   000000000043623C  Unknown               Unknown  Unknown
libc.so.6          000000391BA1D994  Unknown               Unknown  Unknown
smeagol-1.2-coop   0000000000436149  Unknown               Unknown  Unknown
forrtl: severe (153): allocatable array or pointer is not allocated
Image              PC                Routine            Line        Source             
smeagol-1.2-coop   0000000001134F0A  Unknown               Unknown  Unknown
smeagol-1.2-coop   0000000001133A06  Unknown               Unknown  Unknown
smeagol-1.2-coop   00000000010F3AA0  Unknown               Unknown  Unknown
smeagol-1.2-coop   00000000010A21AE  Unknown               Unknown  Unknown
smeagol-1.2-coop   00000000010D7243  Unknown               Unknown  Unknown
smeagol-1.2-coop   000000000080F79E  coop_par_mp_free_          18  coop_par.f90
smeagol-1.2-coop   0000000000D5B827  MAIN__                   3115  siesta.F
smeagol-1.2-coop   000000000043623C  Unknown               Unknown  Unknown
libc.so.6          000000307BA1D994  Unknown               Unknown  Unknown
smeagol-1.2-coop   0000000000436149  Unknown               Unknown  Unknown
forrtl: severe (153): allocatable array or pointer is not allocated
Image              PC                Routine            Line        Source             
smeagol-1.2-coop   0000000001134F0A  Unknown               Unknown  Unknown
smeagol-1.2-coop   0000000001133A06  Unknown               Unknown  Unknown
smeagol-1.2-coop   00000000010F3AA0  Unknown               Unknown  Unknown
smeagol-1.2-coop   00000000010A21AE  Unknown               Unknown  Unknown
smeagol-1.2-coop   00000000010D7243  Unknown               Unknown  Unknown
smeagol-1.2-coop   000000000080F79E  coop_par_mp_free_          18  coop_par.f90
smeagol-1.2-coop   0000000000D5B827  MAIN__                   3115  siesta.F
smeagol-1.2-coop   000000000043623C  Unknown               Unknown  Unknown
libc.so.6          000000307BA1D994  Unknown               Unknown  Unknown
smeagol-1.2-coop   0000000000436149  Unknown               Unknown  Unknown
--------------------------------------------------------------------------
mpirun has exited due to process rank 5 with PID 29448 on
node parsons-n095.cluster exiting improperly. There are two reasons this could occur:

1. this process did not call "init" before exiting, but others in
the job did. This can cause a job to hang indefinitely while it waits
for all processes to call "init". By rule, if one process calls "init",
then ALL processes must call "init" prior to termination.

2. this process called "init", but exited without calling "finalize".
By rule, all processes that call "init" MUST call "finalize" prior to
exiting or it will be considered an "abnormal termination"

This may have caused other processes in the application to be
terminated by signals sent by mpirun (as reported here).
--------------------------------------------------------------------------
Done.


###############################################################################
TCHPC Cluster: parsons
Job 35843 (coop-0.0) for User 'baim' in Account 'physics'
Finished at: Wed Dec 11 20:40:05 GMT 2013

Job completion status:
======================

       JobID    JobName      Account  Partition   NTasks  AllocCPUS  MaxVMSize    Elapsed      State ExitCode 
------------ ---------- ------------ ---------- -------- ---------- ---------- ---------- ---------- -------- 
35843          coop-0.0      physics    compute                  32              01:24:07    RUNNING      0:0 
35843.batch       batch      physics                   1          1          0   01:24:07    RUNNING      0:0 
35843.0           orted      physics                   3          3          0   01:24:06    RUNNING      0:0 


Job details:
============

JobId=35843 Name=coop-0.0
   UserId=baim(5349) GroupId=baim(9152)
   Priority=171536 Account=physics QOS=normal
   JobState=COMPLETED Reason=None Dependency=(null)
   Requeue=0 Restarts=0 BatchFlag=1 ExitCode=0:0
   DerivedExitCode=0:0
   RunTime=01:24:07 TimeLimit=06:00:00 TimeMin=N/A
   SubmitTime=2013-12-11T18:46:32 EligibleTime=2013-12-11T18:46:32
   StartTime=2013-12-11T19:15:58 EndTime=2013-12-11T20:40:05
   PreemptTime=None SuspendTime=None SecsPreSuspend=0
   Partition=compute AllocNode:Sid=parsons01:30131
   ReqNodeList=(null) ExcNodeList=(null)
   NodeList=parsons-n[095-098]
   BatchHost=parsons-n095
   NumNodes=4 NumCPUs=32 CPUs/Task=1 ReqS:C:T=*:*:*
     Nodes=parsons-n[095-098] CPU_IDs=0-7 Mem=15200
   MinCPUsNode=1 MinMemoryCPU=1900M MinTmpDiskNode=0
   Features=(null) Gres=(null) Reservation=(null)
   Shared=0 Contiguous=0 Licenses=(null) Network=(null)
   Command=/home/users/baim/workspace/MD/gold/3d/100/jp/spd/newbasis/bias/0.0/800/coop/dos/dos.sh
   WorkDir=/home/users/baim/workspace/MD/gold/3d/100/jp/spd/newbasis/bias/0.0/800/coop/dos


Disk quota details:
===================

Quota Type           Name  Filesystem     Usage in MB     Limit in MB    % Used
-------------------------------------------------------------------------------
USER                 baim       /home          39,097          51,200    76.36%
USER                 baim   /projects             188               0       N/A

GROUP         pi-ssanvito   /projects       6,020,159       6,291,456    95.69%


SLURM Bank Statement:
=====================

User           Usage |        Account     Usage | Account Limit Available (CPU hrs)
---------- --------- + -------------- --------- + ------------- ---------

aakande            0 |        PHYSICS         0 |             0         0
aflow              0 |        PHYSICS         0 |             0         0
amaury             0 |        PHYSICS         0 |             0         0
annap              0 |        PHYSICS         0 |             0         0
aurelien           0 |        PHYSICS         0 |             0         0
awadhesh           0 |        PHYSICS         0 |             0         0
baadji             0 |        PHYSICS         0 |             0         0
baim               0 |        PHYSICS         0 |             0         0
birenbay           0 |        PHYSICS         0 |             0         0
bulluk             0 |        PHYSICS         0 |             0         0
cathcart           0 |        PHYSICS         0 |             0         0
cmotta             0 |        PHYSICS         0 |             0         0
costelai           0 |        PHYSICS         0 |             0         0
cucinotta          0 |        PHYSICS         0 |             0         0
darach             0 |        PHYSICS         0 |             0         0
dasc               0 |        PHYSICS         0 |             0         0
ddisante           0 |        PHYSICS         0 |             0         0
drogheta           0 |        PHYSICS         0 |             0         0
dymkowk            0 |        PHYSICS         0 |             0         0
ederer             0 |        PHYSICS         0 |             0         0
edu                0 |        PHYSICS         0 |             0         0
fritschd           0 |        PHYSICS         0 |             0         0
hurleya            0 |        PHYSICS         0 |             0         0
jacopo             0 |        PHYSICS         0 |             0         0
kali               0 |        PHYSICS         0 |             0         0
kapildeb           0 |        PHYSICS         0 |             0         0
kovacikr           0 |        PHYSICS         0 |             0         0
kunlin             0 |        PHYSICS         0 |             0         0
llololl            0 |        PHYSICS         0 |             0         0
mantega            0 |        PHYSICS         0 |             0         0
maria              0 |        PHYSICS         0 |             0         0
mzic               0 |        PHYSICS         0 |             0         0
ncaffrey           0 |        PHYSICS         0 |             0         0
niekielf           0 |        PHYSICS         0 |             0         0
obodot             0 |        PHYSICS         0 |             0         0
ooto               0 |        PHYSICS         0 |             0         0
pereira            0 |        PHYSICS         0 |             0         0
pietro             0 |        PHYSICS         0 |             0         0
popovi             0 |        PHYSICS         0 |             0         0
raduisai           0 |        PHYSICS         0 |             0         0
raheleh            0 |        PHYSICS         0 |             0         0
rajarshi           0 |        PHYSICS         0 |             0         0
roychous           0 |        PHYSICS         0 |             0         0
runggeri           0 |        PHYSICS         0 |             0         0
sandipb            0 |        PHYSICS         0 |             0         0
sankar             0 |        PHYSICS         0 |             0         0
sarsari            0 |        PHYSICS         0 |             0         0
shuklag            0 |        PHYSICS         0 |             0         0
singhp             0 |        PHYSICS         0 |             0         0
ssanvito           0 |        PHYSICS         0 |             0         0
tiwaria            0 |        PHYSICS         0 |             0         0
tom00              0 |        PHYSICS         0 |             0         0
vermeulp           0 |        PHYSICS         0 |             0         0
xchen              0 |        PHYSICS         0 |             0         0
zrx                0 |        PHYSICS         0 |             0         0


Acknowledgements:
=================

Note that usage of TCHPC Resources *must* be acknowledged in all publications.

Please see this page for details relevant to this cluster:

http://www.tchpc.tcd.ie/resources/acknowledgementpolicy

################################################################################
