 @target G0.S0
 @type xy
  -0.1000000E+02      0.3171684E-31
  -0.9975937E+01      0.2252393E-32
  -0.9951870E+01      0.3969843E-31
  -0.9927802E+01      0.1231277E-31
  -0.9903735E+01      0.1316365E-31
  -0.9879668E+01      0.1222985E-31
  -0.9855600E+01      0.7206898E-33
  -0.9831533E+01      0.3527023E-32
  -0.9807465E+01      0.2783853E-32
  -0.9783398E+01      0.5251381E-32
  -0.9759331E+01      0.3049829E-32
  -0.9735263E+01      0.1360852E-32
  -0.9711196E+01      0.1111808E-32
  -0.9687128E+01      0.2086699E-32
  -0.9663061E+01      0.2121355E-32
  -0.9638994E+01      0.3986836E-31
  -0.9614926E+01      0.1250414E-32
  -0.9590859E+01      0.9179623E-31
  -0.9566791E+01      0.3065961E-31
  -0.9542724E+01      0.8764486E-31
  -0.9518657E+01      0.6075226E-31
  -0.9494589E+01      0.5911728E-31
  -0.9470522E+01      0.1629846E-29
  -0.9446454E+01      0.2056742E-29
  -0.9422387E+01      0.4933162E-30
  -0.9398320E+01      0.2336809E-29
  -0.9374252E+01      0.1618903E-28
  -0.9350185E+01      0.5666573E-30
  -0.9326117E+01      0.3940717E-27
  -0.9302050E+01      0.4440845E-27
  -0.9277983E+01      0.2256781E-27
  -0.9253915E+01      0.3802422E-28
  -0.9229848E+01      0.5360203E-29
  -0.9205780E+01      0.8760258E-28
  -0.9181713E+01      0.7986991E-28
  -0.9157646E+01      0.4483360E-28
  -0.9133578E+01      0.4347217E-28
  -0.9109511E+01      0.3451139E-28
  -0.9085443E+01      0.1637146E-27
  -0.9061376E+01      0.4505068E-28
  -0.9037309E+01      0.9420334E-28
  -0.9013241E+01      0.6612922E-27
  -0.8989174E+01      0.4001093E-26
  -0.8965106E+01      0.2413905E-03
  -0.8941039E+01      0.9320937E-03
  -0.8916972E+01      0.2347961E-02
  -0.8892904E+01      0.3937343E-02
  -0.8868837E+01      0.5586495E-02
  -0.8844769E+01      0.7271710E-02
  -0.8820702E+01      0.8889472E-02
  -0.8796635E+01      0.1004597E-01
  -0.8772567E+01      0.1198055E-01
  -0.8748500E+01      0.1856232E-01
  -0.8724432E+01      0.2808008E-01
  -0.8700365E+01      0.4134966E-01
  -0.8676298E+01      0.5861861E-01
  -0.8652230E+01      0.8065704E-01
  -0.8628163E+01      0.1088711E+00
  -0.8604095E+01      0.1460583E+00
  -0.8580028E+01      0.1916218E+00
  -0.8555961E+01      0.2524554E+00
  -0.8531893E+01      0.3312101E+00
  -0.8507826E+01      0.4322425E+00
  -0.8483758E+01      0.5585557E+00
  -0.8459691E+01      0.7076422E+00
  -0.8435624E+01      0.8624669E+00
  -0.8411556E+01      0.9747537E+00
  -0.8387489E+01      0.9681538E+00
  -0.8363421E+01      0.8450073E+00
  -0.8339354E+01      0.6917851E+00
  -0.8315287E+01      0.5600397E+00
  -0.8291219E+01      0.4558403E+00
  -0.8267152E+01      0.3754066E+00
  -0.8243084E+01      0.3132182E+00
  -0.8219017E+01      0.2646672E+00
  -0.8194950E+01      0.2262975E+00
  -0.8170882E+01      0.1955911E+00
  -0.8146815E+01      0.1707179E+00
  -0.8122747E+01      0.1503408E+00
  -0.8098680E+01      0.1332879E+00
  -0.8074613E+01      0.1185402E+00
  -0.8050545E+01      0.1116910E+00
  -0.8026478E+01      0.1068174E+00
  -0.8002410E+01      0.1029370E+00
  -0.7978343E+01      0.1010781E+00
  -0.7954276E+01      0.1028274E+00
  -0.7930208E+01      0.1121741E+00
  -0.7906141E+01      0.1420105E+00
  -0.7882073E+01      0.2508458E+00
  -0.7858006E+01      0.4789266E+00
  -0.7833939E+01      0.2890412E+00
  -0.7809871E+01      0.1479604E+00
  -0.7785804E+01      0.1114022E+00
  -0.7761736E+01      0.9326483E-01
  -0.7737669E+01      0.8297116E-01
  -0.7713602E+01      0.7639377E-01
  -0.7689534E+01      0.7182870E-01
  -0.7665467E+01      0.6848425E-01
  -0.7641399E+01      0.6595428E-01
  -0.7617332E+01      0.6401408E-01
  -0.7593265E+01      0.6253240E-01
  -0.7569197E+01      0.6143010E-01
  -0.7545130E+01      0.6065943E-01
  -0.7521062E+01      0.6019319E-01
  -0.7496995E+01      0.6001949E-01
  -0.7472928E+01      0.6008835E-01
  -0.7448860E+01      0.6056241E-01
  -0.7424793E+01      0.6132959E-01
  -0.7400725E+01      0.6249583E-01
  -0.7376658E+01      0.6416258E-01
  -0.7352591E+01      0.6648761E-01
  -0.7328523E+01      0.6976845E-01
  -0.7304456E+01      0.7439928E-01
  -0.7280388E+01      0.8099964E-01
  -0.7256321E+01      0.9038667E-01
  -0.7232254E+01      0.1035133E+00
  -0.7208186E+01      0.1212630E+00
  -0.7184119E+01      0.1441784E+00
  -0.7160051E+01      0.1785633E+00
  -0.7135984E+01      0.4372280E+00
  -0.7111917E+01      0.3991277E+00
  -0.7087849E+01      0.5510903E+00
  -0.7063782E+01      0.7226616E+00
  -0.7039714E+01      0.6782392E+00
  -0.7015647E+01      0.5283237E+00
  -0.6991580E+01      0.5333751E+00
  -0.6967512E+01      0.5959811E+00
  -0.6943445E+01      0.8024953E+00
  -0.6919377E+01      0.8936117E+00
  -0.6895310E+01      0.6464212E+00
  -0.6871243E+01      0.5921989E+00
  -0.6847175E+01      0.5668555E+00
  -0.6823108E+01      0.5518071E+00
  -0.6799040E+01      0.5441039E+00
  -0.6774973E+01      0.5951137E+00
  -0.6750906E+01      0.7089768E+00
  -0.6726838E+01      0.7832102E+00
  -0.6702771E+01      0.8162331E+00
  -0.6678703E+01      0.6049690E+00
  -0.6654636E+01      0.4030064E+00
  -0.6630569E+01      0.3135705E+00
  -0.6606501E+01      0.2549978E+00
  -0.6582434E+01      0.2178995E+00
  -0.6558366E+01      0.1917186E+00
  -0.6534299E+01      0.1784071E+00
  -0.6510232E+01      0.1694441E+00
  -0.6486164E+01      0.1641796E+00
  -0.6462097E+01      0.1647166E+00
  -0.6438029E+01      0.1677473E+00
  -0.6413962E+01      0.1728718E+00
  -0.6389895E+01      0.1818153E+00
  -0.6365827E+01      0.2101310E+00
  -0.6341760E+01      0.2451884E+00
  -0.6317692E+01      0.3291056E+00
  -0.6293625E+01      0.5725152E+00
  -0.6269558E+01      0.9084105E+00
  -0.6245490E+01      0.1048373E+01
  -0.6221423E+01      0.7062895E+00
  -0.6197355E+01      0.5432760E+00
  -0.6173288E+01      0.5042805E+00
  -0.6149221E+01      0.5285023E+00
  -0.6125153E+01      0.5904724E+00
  -0.6101086E+01      0.6274470E+00
  -0.6077018E+01      0.6073324E+00
  -0.6052951E+01      0.5947685E+00
  -0.6028884E+01      0.6319439E+00
  -0.6004816E+01      0.7033959E+00
  -0.5980749E+01      0.7786041E+00
  -0.5956681E+01      0.7933904E+00
  -0.5932614E+01      0.6656518E+00
  -0.5908547E+01      0.5381400E+00
  -0.5884479E+01      0.4909622E+00
  -0.5860412E+01      0.4812966E+00
  -0.5836344E+01      0.4680847E+00
  -0.5812277E+01      0.4661196E+00
  -0.5788210E+01      0.4555163E+00
  -0.5764142E+01      0.5293581E+00
  -0.5740075E+01      0.6748104E+00
  -0.5716007E+01      0.8470905E+00
  -0.5691940E+01      0.9544122E+00
  -0.5667873E+01      0.9883356E+00
  -0.5643805E+01      0.9708708E+00
  -0.5619738E+01      0.9268285E+00
  -0.5595670E+01      0.9020421E+00
  -0.5571603E+01      0.9382964E+00
  -0.5547536E+01      0.1074351E+01
  -0.5523468E+01      0.1149468E+01
  -0.5499401E+01      0.1106460E+01
  -0.5475333E+01      0.1077809E+01
  -0.5451266E+01      0.1097030E+01
  -0.5427199E+01      0.9860351E+00
  -0.5403131E+01      0.1010438E+01
  -0.5379064E+01      0.1026840E+01
  -0.5354996E+01      0.1128753E+01
  -0.5330929E+01      0.1280301E+01
  -0.5306862E+01      0.1366390E+01
  -0.5282794E+01      0.1064987E+01
  -0.5258727E+01      0.9869111E+00
  -0.5234659E+01      0.1029045E+01
  -0.5210592E+01      0.1212771E+01
  -0.5186525E+01      0.1162514E+01
  -0.5162457E+01      0.1097406E+01
  -0.5138390E+01      0.9742357E+00
  -0.5114322E+01      0.1222625E+01
  -0.5090255E+01      0.1174334E+01
  -0.5066188E+01      0.1114458E+01
  -0.5042120E+01      0.1201748E+01
  -0.5018053E+01      0.1231801E+01
  -0.4993985E+01      0.1069970E+01
  -0.4969918E+01      0.1025836E+01
  -0.4945851E+01      0.9358301E+00
  -0.4921783E+01      0.7928813E+00
  -0.4897716E+01      0.7473948E+00
  -0.4873648E+01      0.9025813E+00
  -0.4849581E+01      0.9403989E+00
  -0.4825514E+01      0.1129395E+01
  -0.4801446E+01      0.1091216E+01
  -0.4777379E+01      0.1026803E+01
  -0.4753311E+01      0.9834650E+00
  -0.4729244E+01      0.9326389E+00
  -0.4705177E+01      0.8411675E+00
  -0.4681109E+01      0.8064324E+00
  -0.4657042E+01      0.8372053E+00
  -0.4632974E+01      0.9369066E+00
  -0.4608907E+01      0.1004949E+01
  -0.4584840E+01      0.9585186E+00
  -0.4560772E+01      0.5968915E+00
  -0.4536705E+01      0.3864047E+00
  -0.4512637E+01      0.3238413E+00
  -0.4488570E+01      0.3831833E+00
  -0.4464503E+01      0.3020502E+00
  -0.4440435E+01      0.2560858E+00
  -0.4416368E+01      0.2816861E+00
  -0.4392300E+01      0.3240928E+00
  -0.4368233E+01      0.2728545E+00
  -0.4344166E+01      0.2518341E+00
  -0.4320098E+01      0.3335157E+00
  -0.4296031E+01      0.3680536E+00
  -0.4271963E+01      0.4116576E+00
  -0.4247896E+01      0.4189051E+00
  -0.4223829E+01      0.3932664E+00
  -0.4199761E+01      0.5424147E+00
  -0.4175694E+01      0.5295855E+00
  -0.4151626E+01      0.5691745E+00
  -0.4127559E+01      0.6119691E+00
  -0.4103492E+01      0.6554646E+00
  -0.4079424E+01      0.7024651E+00
  -0.4055357E+01      0.6427244E+00
  -0.4031289E+01      0.6052033E+00
  -0.4007222E+01      0.6215336E+00
  -0.3983155E+01      0.6775057E+00
  -0.3959087E+01      0.6067736E+00
  -0.3935020E+01      0.5930780E+00
  -0.3910952E+01      0.4298025E+00
  -0.3886885E+01      0.5229116E+00
  -0.3862818E+01      0.5502385E+00
  -0.3838750E+01      0.4551489E+00
  -0.3814683E+01      0.4511202E+00
  -0.3790615E+01      0.3694513E+00
  -0.3766548E+01      0.4104970E+00
  -0.3742481E+01      0.4031314E+00
  -0.3718413E+01      0.3969300E+00
  -0.3694346E+01      0.3754593E+00
  -0.3670278E+01      0.3607162E+00
  -0.3646211E+01      0.3838319E+00
  -0.3622144E+01      0.3296390E+00
  -0.3598076E+01      0.3385281E+00
  -0.3574009E+01      0.3696771E+00
  -0.3549941E+01      0.4454458E+00
  -0.3525874E+01      0.5922924E+00
  -0.3501807E+01      0.7713780E+00
  -0.3477739E+01      0.6754321E+00
  -0.3453672E+01      0.6893051E+00
  -0.3429604E+01      0.6818163E+00
  -0.3405537E+01      0.6321165E+00
  -0.3381470E+01      0.6609863E+00
  -0.3357402E+01      0.7783008E+00
  -0.3333335E+01      0.7723069E+00
  -0.3309267E+01      0.6675852E+00
  -0.3285200E+01      0.7410517E+00
  -0.3261133E+01      0.7453167E+00
  -0.3237065E+01      0.7612652E+00
  -0.3212998E+01      0.7699497E+00
  -0.3188930E+01      0.7943697E+00
  -0.3164863E+01      0.8130922E+00
  -0.3140796E+01      0.8494258E+00
  -0.3116728E+01      0.8365329E+00
  -0.3092661E+01      0.8155397E+00
  -0.3068593E+01      0.8200840E+00
  -0.3044526E+01      0.7889186E+00
  -0.3020459E+01      0.7933235E+00
  -0.2996391E+01      0.8281547E+00
  -0.2972324E+01      0.8549454E+00
  -0.2948256E+01      0.8594625E+00
  -0.2924189E+01      0.7503555E+00
  -0.2900122E+01      0.6924490E+00
  -0.2876054E+01      0.6831815E+00
  -0.2851987E+01      0.6775135E+00
  -0.2827919E+01      0.6678224E+00
  -0.2803852E+01      0.6352202E+00
  -0.2779785E+01      0.6154771E+00
  -0.2755717E+01      0.6391067E+00
  -0.2731650E+01      0.6930780E+00
  -0.2707582E+01      0.7175819E+00
  -0.2683515E+01      0.6198250E+00
  -0.2659448E+01      0.6015325E+00
  -0.2635380E+01      0.6397940E+00
  -0.2611313E+01      0.6827481E+00
  -0.2587245E+01      0.6802675E+00
  -0.2563178E+01      0.6622641E+00
  -0.2539111E+01      0.5259764E+00
  -0.2515043E+01      0.5125441E+00
  -0.2490976E+01      0.5559566E+00
  -0.2466908E+01      0.6042165E+00
  -0.2442841E+01      0.6668061E+00
  -0.2418774E+01      0.6461729E+00
  -0.2394706E+01      0.6559334E+00
  -0.2370639E+01      0.6319251E+00
  -0.2346571E+01      0.6013618E+00
  -0.2322504E+01      0.5472828E+00
  -0.2298437E+01      0.5588959E+00
  -0.2274369E+01      0.7701984E+00
  -0.2250302E+01      0.3821993E+00
  -0.2226234E+01      0.3677126E+00
  -0.2202167E+01      0.3818758E+00
  -0.2178100E+01      0.3489325E+00
  -0.2154032E+01      0.2264318E+00
  -0.2129965E+01      0.2187789E+00
  -0.2105897E+01      0.2104784E+00
  -0.2081830E+01      0.2021729E+00
  -0.2057763E+01      0.1874227E+00
  -0.2033695E+01      0.1610752E+00
  -0.2009628E+01      0.1522108E+00
  -0.1985560E+01      0.1311302E+00
  -0.1961493E+01      0.1162254E+00
  -0.1937426E+01      0.1305887E+00
  -0.1913358E+01      0.1347684E+00
  -0.1889291E+01      0.1254334E+00
  -0.1865223E+01      0.8085297E-01
  -0.1841156E+01      0.1033073E+00
  -0.1817089E+01      0.1290940E+00
  -0.1793021E+01      0.1013490E+00
  -0.1768954E+01      0.1221231E+00
  -0.1744886E+01      0.1275328E+00
  -0.1720819E+01      0.1401993E+00
  -0.1696752E+01      0.1565537E+00
  -0.1672684E+01      0.1649891E+00
  -0.1648617E+01      0.1963992E+00
  -0.1624549E+01      0.2136112E+00
  -0.1600482E+01      0.2132392E+00
  -0.1576415E+01      0.2424029E+00
  -0.1552347E+01      0.2925679E+00
  -0.1528280E+01      0.3789699E+00
  -0.1504212E+01      0.3995845E+00
  -0.1480145E+01      0.4044224E+00
  -0.1456078E+01      0.4459862E+00
  -0.1432010E+01      0.4586190E+00
  -0.1407943E+01      0.4752301E+00
  -0.1383875E+01      0.5017208E+00
  -0.1359808E+01      0.5196579E+00
  -0.1335741E+01      0.5328349E+00
  -0.1311673E+01      0.5438290E+00
  -0.1287606E+01      0.5546897E+00
  -0.1263538E+01      0.5757322E+00
  -0.1239471E+01      0.5514973E+00
  -0.1215404E+01      0.5597663E+00
  -0.1191336E+01      0.5633351E+00
  -0.1167269E+01      0.5633732E+00
  -0.1143201E+01      0.5548382E+00
  -0.1119134E+01      0.5525455E+00
  -0.1095067E+01      0.5514727E+00
  -0.1070999E+01      0.5490817E+00
  -0.1046932E+01      0.5467029E+00
  -0.1022864E+01      0.5388397E+00
  -0.9987971E+00      0.5335840E+00
  -0.9747297E+00      0.5296608E+00
  -0.9506623E+00      0.5260027E+00
  -0.9265949E+00      0.5222437E+00
  -0.9025275E+00      0.5182485E+00
  -0.8784601E+00      0.5139587E+00
  -0.8543927E+00      0.5093453E+00
  -0.8303253E+00      0.5043919E+00
  -0.8062579E+00      0.4990884E+00
  -0.7821905E+00      0.4934304E+00
  -0.7581231E+00      0.4873845E+00
  -0.7340557E+00      0.4809910E+00
  -0.7099883E+00      0.4741830E+00
  -0.6859209E+00      0.4668801E+00
  -0.6618535E+00      0.4580496E+00
  -0.6377861E+00      0.4516286E+00
  -0.6137187E+00      0.4447674E+00
  -0.5896513E+00      0.4361413E+00
  -0.5655839E+00      0.4269312E+00
  -0.5415165E+00      0.4174647E+00
  -0.5174491E+00      0.4077420E+00
  -0.4933817E+00      0.3977782E+00
  -0.4693143E+00      0.3875520E+00
  -0.4452469E+00      0.3770156E+00
  -0.4211795E+00      0.3660623E+00
  -0.3971121E+00      0.3543927E+00
  -0.3730447E+00      0.3398285E+00
  -0.3489773E+00      0.3315501E+00
  -0.3249099E+00      0.3239864E+00
  -0.3008425E+00      0.3161435E+00
  -0.2767751E+00      0.3112985E+00
  -0.2527077E+00      0.2986603E+00
  -0.2286403E+00      0.2881177E+00
  -0.2045729E+00      0.2852341E+00
  -0.1805055E+00      0.3075378E+00
  -0.1564381E+00      0.2716178E+00
  -0.1323707E+00      0.2615175E+00
  -0.1083033E+00      0.2527624E+00
  -0.8423590E-01      0.2455551E+00
  -0.6016850E-01      0.2386374E+00
  -0.3610110E-01      0.2320212E+00
  -0.1203370E-01      0.2257136E+00
   0.1203370E-01      0.2197192E+00
   0.3610110E-01      0.2140430E+00
   0.6016850E-01      0.2086899E+00
   0.8423590E-01      0.2036651E+00
   0.1083033E+00      0.1989755E+00
   0.1323707E+00      0.1945555E+00
   0.1564381E+00      0.1938678E+00
   0.1805055E+00      0.1960410E+00
   0.2045729E+00      0.1855728E+00
   0.2286403E+00      0.1750424E+00
   0.2527077E+00      0.1673992E+00
   0.2767751E+00      0.1614717E+00
   0.3008425E+00      0.1616467E+00
   0.3249099E+00      0.1664449E+00
   0.3489773E+00      0.1553816E+00
   0.3730447E+00      0.1451676E+00
   0.3971121E+00      0.1406017E+00
   0.4211795E+00      0.1376525E+00
   0.4452469E+00      0.1349535E+00
   0.4693143E+00      0.1321704E+00
   0.4933817E+00      0.1291060E+00
   0.5174491E+00      0.1254359E+00
   0.5415165E+00      0.1246597E+00
   0.5655839E+00      0.1234694E+00
   0.5896513E+00      0.1221742E+00
   0.6137187E+00      0.1208351E+00
   0.6377861E+00      0.1194813E+00
   0.6618535E+00      0.1181332E+00
   0.6859209E+00      0.1168081E+00
   0.7099883E+00      0.1155200E+00
   0.7340557E+00      0.1142775E+00
   0.7581231E+00      0.1130628E+00
   0.7821905E+00      0.1133651E+00
   0.8062579E+00      0.1133341E+00
   0.8303253E+00      0.1131917E+00
   0.8543927E+00      0.1130507E+00
   0.8784601E+00      0.1128913E+00
   0.9025275E+00      0.1127912E+00
   0.9265949E+00      0.1127057E+00
   0.9506623E+00      0.1126271E+00
   0.9747297E+00      0.1125366E+00
   0.9987971E+00      0.1124065E+00
   0.1022864E+01      0.1121943E+00
   0.1046932E+01      0.1118334E+00
   0.1070999E+01      0.1111988E+00
   0.1095067E+01      0.1099830E+00
   0.1119134E+01      0.1056221E+00
   0.1143201E+01      0.1054528E+00
   0.1167269E+01      0.1057315E+00
   0.1191336E+01      0.1007162E+00
   0.1215404E+01      0.1018088E+00
   0.1239471E+01      0.1065317E+00
   0.1263538E+01      0.1117129E+00
   0.1287606E+01      0.1182695E+00
   0.1311673E+01      0.1251437E+00
   0.1335741E+01      0.1306056E+00
   0.1359808E+01      0.1333170E+00
   0.1383875E+01      0.1336646E+00
   0.1407943E+01      0.1328540E+00
   0.1432010E+01      0.1317290E+00
   0.1456078E+01      0.1306582E+00
   0.1480145E+01      0.1297633E+00
   0.1504212E+01      0.1290628E+00
   0.1528280E+01      0.1285313E+00
   0.1552347E+01      0.1281176E+00
   0.1576415E+01      0.1277380E+00
   0.1600482E+01      0.1272297E+00
   0.1624549E+01      0.1260361E+00
   0.1648617E+01      0.1203929E+00
   0.1672684E+01      0.1184992E+00
   0.1696752E+01      0.1196163E+00
   0.1720819E+01      0.1246489E+00
   0.1744886E+01      0.1278966E+00
   0.1768954E+01      0.1277165E+00
   0.1793021E+01      0.1271775E+00
   0.1817089E+01      0.1274297E+00
   0.1841156E+01      0.1285044E+00
   0.1865223E+01      0.1301344E+00
   0.1889291E+01      0.1321781E+00
   0.1913358E+01      0.1345364E+00
   0.1937426E+01      0.1371414E+00
   0.1961493E+01      0.1399362E+00
   0.1985560E+01      0.1428629E+00
   0.2009628E+01      0.1458474E+00
   0.2033695E+01      0.1495576E+00
   0.2057763E+01      0.1546186E+00
   0.2081830E+01      0.1599127E+00
   0.2105897E+01      0.1630593E+00
   0.2129965E+01      0.1713367E+00
   0.2154032E+01      0.1789817E+00
   0.2178100E+01      0.1887295E+00
   0.2202167E+01      0.1997499E+00
   0.2226234E+01      0.2112095E+00
   0.2250302E+01      0.2236593E+00
   0.2274369E+01      0.2375800E+00
   0.2298437E+01      0.2534428E+00
   0.2322504E+01      0.2715991E+00
   0.2346571E+01      0.2926514E+00
   0.2370639E+01      0.3168970E+00
   0.2394706E+01      0.3454370E+00
   0.2418774E+01      0.3823768E+00
   0.2442841E+01      0.4316781E+00
   0.2466908E+01      0.5134521E+00
   0.2490976E+01      0.6825023E+00
   0.2515043E+01      0.7355445E+00
   0.2539111E+01      0.8446602E+00
   0.2563178E+01      0.7233359E+00
   0.2587245E+01      0.8443628E+00
   0.2611313E+01      0.5988468E+00
   0.2635380E+01      0.3670872E+00
   0.2659448E+01      0.2628201E+00
   0.2683515E+01      0.2087263E+00
   0.2707582E+01      0.1743242E+00
   0.2731650E+01      0.1504336E+00
   0.2755717E+01      0.1334466E+00
   0.2779785E+01      0.1215274E+00
   0.2803852E+01      0.1135679E+00
   0.2827919E+01      0.1088300E+00
   0.2851987E+01      0.1065971E+00
   0.2876054E+01      0.1040978E+00
   0.2900122E+01      0.1187426E+00
   0.2924189E+01      0.1582239E+00
   0.2948256E+01      0.1805097E+00
   0.2972324E+01      0.2106436E+00
   0.2996391E+01      0.2537566E+00
   0.3020459E+01      0.3164808E+00
   0.3044526E+01      0.3969872E+00
   0.3068593E+01      0.4970510E+00
   0.3092661E+01      0.4982177E+00
   0.3116728E+01      0.4726859E+00
   0.3140796E+01      0.4480837E+00
   0.3164863E+01      0.4299328E+00
   0.3188930E+01      0.4354749E+00
   0.3212998E+01      0.4878099E+00
   0.3237065E+01      0.4967560E+00
   0.3261133E+01      0.5052680E+00
   0.3285200E+01      0.5139054E+00
   0.3309267E+01      0.5238494E+00
   0.3333335E+01      0.5192791E+00
   0.3357402E+01      0.5107178E+00
   0.3381470E+01      0.4915463E+00
   0.3405537E+01      0.5341078E+00
   0.3429604E+01      0.5912427E+00
   0.3453672E+01      0.6018093E+00
   0.3477739E+01      0.5853333E+00
   0.3501807E+01      0.5606939E+00
   0.3525874E+01      0.4407755E+00
   0.3549941E+01      0.4661479E+00
   0.3574009E+01      0.4557754E+00
   0.3598076E+01      0.4786656E+00
   0.3622144E+01      0.5171031E+00
   0.3646211E+01      0.5215004E+00
   0.3670278E+01      0.5200791E+00
   0.3694346E+01      0.5367504E+00
   0.3718413E+01      0.5321480E+00
   0.3742481E+01      0.5191585E+00
   0.3766548E+01      0.5084314E+00
   0.3790615E+01      0.4966157E+00
   0.3814683E+01      0.4833008E+00
   0.3838750E+01      0.4669838E+00
   0.3862818E+01      0.4950436E+00
   0.3886885E+01      0.5078565E+00
   0.3910952E+01      0.5050120E+00
   0.3935020E+01      0.4991304E+00
   0.3959087E+01      0.4922514E+00
   0.3983155E+01      0.4848395E+00
   0.4007222E+01      0.4765505E+00
   0.4031289E+01      0.4632821E+00
   0.4055357E+01      0.4528090E+00
   0.4079424E+01      0.4479251E+00
   0.4103492E+01      0.4425613E+00
   0.4127559E+01      0.4352121E+00
   0.4151626E+01      0.4326671E+00
   0.4175694E+01      0.4287337E+00
   0.4199761E+01      0.4235843E+00
   0.4223829E+01      0.4167066E+00
   0.4247896E+01      0.4071626E+00
   0.4271963E+01      0.3933068E+00
   0.4296031E+01      0.3747351E+00
   0.4320098E+01      0.3933186E+00
   0.4344166E+01      0.3928745E+00
   0.4368233E+01      0.4035876E+00
   0.4392300E+01      0.4136195E+00
   0.4416368E+01      0.4228005E+00
   0.4440435E+01      0.4047010E+00
   0.4464503E+01      0.4125558E+00
   0.4488570E+01      0.4217025E+00
   0.4512637E+01      0.4317344E+00
   0.4536705E+01      0.4427777E+00
   0.4560772E+01      0.4552169E+00
   0.4584840E+01      0.4699978E+00
   0.4608907E+01      0.4904851E+00
   0.4632974E+01      0.5468352E+00
   0.4657042E+01      0.5472574E+00
   0.4681109E+01      0.5871808E+00
   0.4705177E+01      0.5441178E+00
   0.4729244E+01      0.5043288E+00
   0.4753311E+01      0.4852546E+00
   0.4777379E+01      0.4748159E+00
   0.4801446E+01      0.4691320E+00
   0.4825514E+01      0.4664956E+00
   0.4849581E+01      0.4659363E+00
   0.4873648E+01      0.4758728E+00
   0.4897716E+01      0.4897992E+00
   0.4921783E+01      0.5044020E+00
   0.4945851E+01      0.5207897E+00
   0.4969918E+01      0.5365597E+00
   0.4993985E+01      0.5439264E+00
   0.5018053E+01      0.5760316E+00
   0.5042120E+01      0.5864636E+00
   0.5066188E+01      0.5743797E+00
   0.5090255E+01      0.5901669E+00
   0.5114322E+01      0.8142509E+00
   0.5138390E+01      0.6943433E+00
   0.5162457E+01      0.6620996E+00
   0.5186525E+01      0.6432389E+00
   0.5210592E+01      0.6292623E+00
   0.5234659E+01      0.6179235E+00
   0.5258727E+01      0.6083774E+00
   0.5282794E+01      0.6002389E+00
   0.5306862E+01      0.5932970E+00
   0.5330929E+01      0.5874048E+00
   0.5354996E+01      0.5824323E+00
   0.5379064E+01      0.5782493E+00
   0.5403131E+01      0.5747263E+00
   0.5427199E+01      0.5717450E+00
   0.5451266E+01      0.5692173E+00
   0.5475333E+01      0.5670937E+00
   0.5499401E+01      0.5653897E+00
   0.5523468E+01      0.5641828E+00
   0.5547536E+01      0.5636423E+00
   0.5571603E+01      0.5640944E+00
   0.5595670E+01      0.5663378E+00
   0.5619738E+01      0.5744390E+00
   0.5643805E+01      0.5526604E+00
   0.5667873E+01      0.5510273E+00
   0.5691940E+01      0.5539489E+00
   0.5716007E+01      0.5581405E+00
   0.5740075E+01      0.5627639E+00
   0.5764142E+01      0.5666202E+00
   0.5788210E+01      0.5672956E+00
   0.5812277E+01      0.5580542E+00
   0.5836344E+01      0.5003865E+00
   0.5860412E+01      0.4896997E+00
   0.5884479E+01      0.4808717E+00
   0.5908547E+01      0.4870166E+00
   0.5932614E+01      0.7171922E+00
   0.5956681E+01      0.6778302E+00
   0.5980749E+01      0.6482468E+00
   0.6004816E+01      0.6191470E+00
   0.6028884E+01      0.6154242E+00
   0.6052951E+01      0.6212456E+00
   0.6077018E+01      0.6331875E+00
   0.6101086E+01      0.6514862E+00
   0.6125153E+01      0.6816050E+00
   0.6149221E+01      0.7443374E+00
   0.6173288E+01      0.8730788E+00
   0.6197355E+01      0.8765937E+00
   0.6221423E+01      0.9001124E+00
   0.6245490E+01      0.9010508E+00
   0.6269558E+01      0.9146801E+00
   0.6293625E+01      0.9322449E+00
   0.6317692E+01      0.9590630E+00
   0.6341760E+01      0.9893480E+00
   0.6365827E+01      0.1012530E+01
   0.6389895E+01      0.1031024E+01
   0.6413962E+01      0.1044580E+01
   0.6438029E+01      0.1051883E+01
   0.6462097E+01      0.1039825E+01
   0.6486164E+01      0.1045698E+01
   0.6510232E+01      0.1050458E+01
   0.6534299E+01      0.1051914E+01
   0.6558366E+01      0.1049286E+01
   0.6582434E+01      0.1041443E+01
   0.6606501E+01      0.1022121E+01
   0.6630569E+01      0.1011862E+01
   0.6654636E+01      0.9994869E+00
   0.6678703E+01      0.9844029E+00
   0.6702771E+01      0.9665053E+00
   0.6726838E+01      0.9455023E+00
   0.6750906E+01      0.9191377E+00
   0.6774973E+01      0.9196679E+00
   0.6799040E+01      0.9031652E+00
   0.6823108E+01      0.8827174E+00
   0.6847175E+01      0.8604527E+00
   0.6871243E+01      0.8365216E+00
   0.6895310E+01      0.8121069E+00
   0.6919377E+01      0.7875303E+00
   0.6943445E+01      0.7629644E+00
   0.6967512E+01      0.7383756E+00
   0.6991580E+01      0.7136394E+00
   0.7015647E+01      0.6884048E+00
   0.7039714E+01      0.6623670E+00
   0.7063782E+01      0.6354495E+00
   0.7087849E+01      0.6079666E+00
   0.7111917E+01      0.5806351E+00
   0.7135984E+01      0.5543832E+00
   0.7160051E+01      0.5300259E+00
   0.7184119E+01      0.5079387E+00
   0.7208186E+01      0.4877543E+00
   0.7232254E+01      0.4673020E+00
   0.7256321E+01      0.4320420E+00
   0.7280388E+01      0.4179743E+00
   0.7304456E+01      0.4093322E+00
   0.7328523E+01      0.4048617E+00
   0.7352591E+01      0.4045530E+00
   0.7376658E+01      0.4087552E+00
   0.7400725E+01      0.4180809E+00
   0.7424793E+01      0.4334134E+00
   0.7448860E+01      0.4559808E+00
   0.7472928E+01      0.4875812E+00
   0.7496995E+01      0.5311989E+00
   0.7521062E+01      0.5922901E+00
   0.7545130E+01      0.6790781E+00
   0.7569197E+01      0.7443132E+00
   0.7593265E+01      0.7023913E+00
   0.7617332E+01      0.6187372E+00
   0.7641399E+01      0.5653805E+00
   0.7665467E+01      0.5339881E+00
   0.7689534E+01      0.5135830E+00
   0.7713602E+01      0.4999004E+00
   0.7737669E+01      0.4915338E+00
   0.7761736E+01      0.4879571E+00
   0.7785804E+01      0.4888681E+00
   0.7809871E+01      0.4940240E+00
   0.7833939E+01      0.5032709E+00
   0.7858006E+01      0.5167399E+00
   0.7882073E+01      0.5345379E+00
   0.7906141E+01      0.5577578E+00
   0.7930208E+01      0.5881495E+00
   0.7954276E+01      0.6284857E+00
   0.7978343E+01      0.6810087E+00
   0.8002410E+01      0.7404425E+00
   0.8026478E+01      0.7843932E+00
   0.8050545E+01      0.7779947E+00
   0.8074613E+01      0.7329107E+00
   0.8098680E+01      0.6780706E+00
   0.8122747E+01      0.6259572E+00
   0.8146815E+01      0.5587812E+00
   0.8170882E+01      0.4636476E+00
   0.8194950E+01      0.4185844E+00
   0.8219017E+01      0.3942856E+00
   0.8243084E+01      0.3804219E+00
   0.8267152E+01      0.3730029E+00
   0.8291219E+01      0.3700591E+00
   0.8315287E+01      0.3709025E+00
   0.8339354E+01      0.3773276E+00
   0.8363421E+01      0.4011558E+00
   0.8387489E+01      0.4764563E+00
   0.8411556E+01      0.5314335E+00
   0.8435624E+01      0.4841569E+00
   0.8459691E+01      0.4611242E+00
   0.8483758E+01      0.4630184E+00
   0.8507826E+01      0.4688579E+00
   0.8531893E+01      0.4772167E+00
   0.8555961E+01      0.4875850E+00
   0.8580028E+01      0.5003224E+00
   0.8604095E+01      0.5270624E+00
   0.8628163E+01      0.5438266E+00
   0.8652230E+01      0.5572580E+00
   0.8676298E+01      0.5672310E+00
   0.8700365E+01      0.5912148E+00
   0.8724432E+01      0.6146513E+00
   0.8748500E+01      0.6384862E+00
   0.8772567E+01      0.6629573E+00
   0.8796635E+01      0.6881390E+00
   0.8820702E+01      0.7140371E+00
   0.8844769E+01      0.7406078E+00
   0.8868837E+01      0.7677195E+00
   0.8892904E+01      0.7949411E+00
   0.8916972E+01      0.8202963E+00
   0.8941039E+01      0.8330378E+00
   0.8965106E+01      0.8628652E+00
   0.8989174E+01      0.9127474E+00
   0.9013241E+01      0.9741526E+00
   0.9037309E+01      0.1033477E+01
   0.9061376E+01      0.1022169E+01
   0.9085443E+01      0.9448004E+00
   0.9109511E+01      0.8806315E+00
   0.9133578E+01      0.8560739E+00
   0.9157646E+01      0.8623112E+00
   0.9181713E+01      0.8859089E+00
   0.9205780E+01      0.9203079E+00
   0.9229848E+01      0.9626162E+00
   0.9253915E+01      0.1010181E+01
   0.9277983E+01      0.1065097E+01
   0.9302050E+01      0.1122293E+01
   0.9326117E+01      0.1179558E+01
   0.9350185E+01      0.1219848E+01
   0.9374252E+01      0.1248165E+01
   0.9398320E+01      0.1277435E+01
   0.9422387E+01      0.1308609E+01
   0.9446454E+01      0.1341942E+01
   0.9470522E+01      0.1377811E+01
   0.9494589E+01      0.1416543E+01
   0.9518657E+01      0.1459984E+01
   0.9542724E+01      0.1513082E+01
   0.9566791E+01      0.1570816E+01
   0.9590859E+01      0.1641612E+01
   0.9614926E+01      0.1730459E+01
   0.9638994E+01      0.1828695E+01
   0.9663061E+01      0.1903578E+01
   0.9687128E+01      0.1951225E+01
   0.9711196E+01      0.1983296E+01
   0.9735263E+01      0.2024479E+01
   0.9759331E+01      0.2072074E+01
   0.9783398E+01      0.2066596E+01
   0.9807465E+01      0.2009106E+01
   0.9831533E+01      0.1954148E+01
   0.9855600E+01      0.1917046E+01
   0.9879668E+01      0.1890749E+01
   0.9903735E+01      0.1870768E+01
   0.9927802E+01      0.1856029E+01
   0.9951870E+01      0.1854346E+01
   0.9975937E+01      0.1867720E+01
   0.1000000E+02      0.1899157E+01
 &
 @autoscale
 @target G1.S0
