 @target G2.S0
 @type xy
  -0.1000000E+02      0.9970517E-14
  -0.9975937E+01      0.2448191E-13
  -0.9951870E+01     -0.6126310E-14
  -0.9927802E+01      0.7786710E-14
  -0.9903735E+01     -0.1690859E-13
  -0.9879668E+01     -0.6680272E-14
  -0.9855600E+01      0.1844601E-13
  -0.9831533E+01      0.3979770E-13
  -0.9807465E+01     -0.1291534E-13
  -0.9783398E+01     -0.1636496E-13
  -0.9759331E+01      0.3648556E-14
  -0.9735263E+01      0.7074923E-15
  -0.9711196E+01      0.7273950E-14
  -0.9687128E+01      0.8962318E-14
  -0.9663061E+01     -0.2954390E-13
  -0.9638994E+01     -0.5263143E-14
  -0.9614926E+01     -0.9698206E-14
  -0.9590859E+01     -0.4962281E-14
  -0.9566791E+01     -0.2607808E-14
  -0.9542724E+01      0.7862504E-14
  -0.9518657E+01     -0.3326491E-14
  -0.9494589E+01     -0.8323546E-14
  -0.9470522E+01      0.8942581E-14
  -0.9446454E+01      0.3959385E-14
  -0.9422387E+01      0.2316840E-13
  -0.9398320E+01      0.2318807E-13
  -0.9374252E+01      0.1000878E-13
  -0.9350185E+01     -0.9289948E-14
  -0.9326117E+01      0.1707114E-13
  -0.9302050E+01      0.1418610E-13
  -0.9277983E+01      0.1320469E-13
  -0.9253915E+01     -0.2572752E-14
  -0.9229848E+01      0.1222501E-13
  -0.9205780E+01      0.1156408E-13
  -0.9181713E+01      0.3105382E-14
  -0.9157646E+01      0.7802121E-14
  -0.9133578E+01      0.1236821E-13
  -0.9109511E+01      0.2103930E-13
  -0.9085443E+01      0.3806241E-13
  -0.9061376E+01     -0.3278009E-14
  -0.9037309E+01      0.1357600E-14
  -0.9013241E+01      0.3144088E-13
  -0.8989174E+01     -0.1715333E-13
  -0.8965106E+01      0.5512525E-01
  -0.8941039E+01      0.9660495E-01
  -0.8916972E+01      0.2405733E+00
  -0.8892904E+01      0.2591353E+00
  -0.8868837E+01      0.2443003E+00
  -0.8844769E+01      0.2146924E+00
  -0.8820702E+01      0.1785507E+00
  -0.8796635E+01      0.1393685E+00
  -0.8772567E+01      0.5322754E-01
  -0.8748500E+01      0.1390424E-01
  -0.8724432E+01     -0.1070657E-02
  -0.8700365E+01      0.5173788E-01
  -0.8676298E+01      0.6619050E-01
  -0.8652230E+01      0.7189384E-01
  -0.8628163E+01      0.7462704E-01
  -0.8604095E+01      0.7621649E-01
  -0.8580028E+01      0.7679002E-01
  -0.8555961E+01      0.7686295E-01
  -0.8531893E+01      0.7610775E-01
  -0.8507826E+01      0.7429867E-01
  -0.8483758E+01      0.7127118E-01
  -0.8459691E+01      0.1005365E+00
  -0.8435624E+01      0.9604072E-01
  -0.8411556E+01      0.9477768E-01
  -0.8387489E+01      0.9266342E-01
  -0.8363421E+01      0.9436100E-01
  -0.8339354E+01      0.6558878E-01
  -0.8315287E+01      0.7248352E-01
  -0.8291219E+01      0.7848217E-01
  -0.8267152E+01      0.8206301E-01
  -0.8243084E+01      0.8290151E-01
  -0.8219017E+01      0.8121837E-01
  -0.8194950E+01      0.7741967E-01
  -0.8170882E+01      0.7194688E-01
  -0.8146815E+01      0.6522005E-01
  -0.8122747E+01      0.5761652E-01
  -0.8098680E+01      0.4935172E-01
  -0.8074613E+01      0.4037012E-01
  -0.8050545E+01      0.1496804E+00
  -0.8026478E+01      0.1647646E+00
  -0.8002410E+01      0.1497887E+00
  -0.7978343E+01      0.1248624E+00
  -0.7954276E+01      0.9784831E-01
  -0.7930208E+01      0.7249799E-01
  -0.7906141E+01      0.5040985E-01
  -0.7882073E+01      0.3271828E-01
  -0.7858006E+01      0.5426603E-01
  -0.7833939E+01      0.3496817E-01
  -0.7809871E+01      0.1687978E+00
  -0.7785804E+01      0.1710359E+00
  -0.7761736E+01      0.1515143E+00
  -0.7737669E+01      0.1288342E+00
  -0.7713602E+01      0.1103970E+00
  -0.7689534E+01      0.9900571E-01
  -0.7665467E+01      0.9512003E-01
  -0.7641399E+01      0.9793680E-01
  -0.7617332E+01      0.1059936E+00
  -0.7593265E+01      0.1175360E+00
  -0.7569197E+01      0.1307515E+00
  -0.7545130E+01      0.1439227E+00
  -0.7521062E+01      0.1555287E+00
  -0.7496995E+01      0.1643143E+00
  -0.7472928E+01      0.1693096E+00
  -0.7448860E+01      0.1699959E+00
  -0.7424793E+01      0.1660724E+00
  -0.7400725E+01      0.1577319E+00
  -0.7376658E+01      0.1455506E+00
  -0.7352591E+01      0.1305106E+00
  -0.7328523E+01      0.1139950E+00
  -0.7304456E+01      0.9767213E-01
  -0.7280388E+01      0.8334969E-01
  -0.7256321E+01      0.7264190E-01
  -0.7232254E+01      0.6652883E-01
  -0.7208186E+01      0.6491291E-01
  -0.7184119E+01      0.6643934E-01
  -0.7160051E+01      0.1751968E+00
  -0.7135984E+01      0.1974477E+00
  -0.7111917E+01      0.1952617E+00
  -0.7087849E+01      0.1451535E+00
  -0.7063782E+01      0.1253109E+00
  -0.7039714E+01      0.1177378E+00
  -0.7015647E+01      0.1520108E+01
  -0.6991580E+01      0.1260896E+00
  -0.6967512E+01      0.2190164E+00
  -0.6943445E+01      0.3488367E+00
  -0.6919377E+01      0.4451900E+00
  -0.6895310E+01      0.3408626E+00
  -0.6871243E+01      0.2640440E+00
  -0.6847175E+01      0.2352799E+00
  -0.6823108E+01      0.2356769E+00
  -0.6799040E+01      0.1967892E+00
  -0.6774973E+01      0.6583444E+00
  -0.6750906E+01      0.8469695E+00
  -0.6726838E+01      0.1235674E+01
  -0.6702771E+01      0.9985054E+00
  -0.6678703E+01      0.7251876E+00
  -0.6654636E+01      0.5104560E+00
  -0.6630569E+01      0.8675815E+00
  -0.6606501E+01      0.7085612E+00
  -0.6582434E+01      0.8498710E+00
  -0.6558366E+01      0.7092284E+00
  -0.6534299E+01      0.9194369E+00
  -0.6510232E+01      0.7943976E+00
  -0.6486164E+01      0.7026376E+00
  -0.6462097E+01      0.8028371E+00
  -0.6438029E+01      0.8796864E+00
  -0.6413962E+01      0.9510014E+00
  -0.6389895E+01      0.1178397E+01
  -0.6365827E+01      0.1982794E+01
  -0.6341760E+01      0.1377743E+01
  -0.6317692E+01      0.9141553E+00
  -0.6293625E+01      0.7967187E+00
  -0.6269558E+01      0.9703748E+00
  -0.6245490E+01      0.1059875E+01
  -0.6221423E+01      0.1332327E+01
  -0.6197355E+01      0.1273994E+01
  -0.6173288E+01      0.1447455E+01
  -0.6149221E+01      0.1159560E+01
  -0.6125153E+01      0.1251225E+01
  -0.6101086E+01      0.1180718E+01
  -0.6077018E+01      0.1273956E+01
  -0.6052951E+01      0.1087174E+01
  -0.6028884E+01      0.9522992E+00
  -0.6004816E+01      0.9585138E+00
  -0.5980749E+01      0.9094781E+00
  -0.5956681E+01      0.9429206E+00
  -0.5932614E+01      0.9864966E+00
  -0.5908547E+01      0.1215431E+01
  -0.5884479E+01      0.1179739E+01
  -0.5860412E+01      0.1119075E+01
  -0.5836344E+01      0.2909573E+01
  -0.5812277E+01      0.3224209E+01
  -0.5788210E+01      0.1303243E+01
  -0.5764142E+01      0.1167399E+01
  -0.5740075E+01      0.1000442E+01
  -0.5716007E+01      0.8979989E+00
  -0.5691940E+01      0.9457293E+00
  -0.5667873E+01      0.8708519E+00
  -0.5643805E+01      0.9364900E+00
  -0.5619738E+01      0.1018593E+01
  -0.5595670E+01      0.1067859E+01
  -0.5571603E+01      0.1054563E+01
  -0.5547536E+01      0.1454739E+01
  -0.5523468E+01      0.1828179E+01
  -0.5499401E+01      0.1434259E+01
  -0.5475333E+01      0.1139320E+01
  -0.5451266E+01      0.1322502E+01
  -0.5427199E+01      0.1625449E+01
  -0.5403131E+01      0.1688947E+01
  -0.5379064E+01      0.2001684E+01
  -0.5354996E+01      0.1969486E+01
  -0.5330929E+01      0.1693951E+01
  -0.5306862E+01      0.1506298E+01
  -0.5282794E+01      0.1119255E+01
  -0.5258727E+01      0.1194907E+01
  -0.5234659E+01      0.1008485E+01
  -0.5210592E+01      0.1107539E+01
  -0.5186525E+01      0.1198022E+01
  -0.5162457E+01      0.1130958E+01
  -0.5138390E+01      0.1597498E+01
  -0.5114322E+01      0.1052092E+01
  -0.5090255E+01      0.1038553E+01
  -0.5066188E+01      0.9708853E+00
  -0.5042120E+01      0.1007240E+01
  -0.5018053E+01      0.1239677E+01
  -0.4993985E+01      0.1305464E+01
  -0.4969918E+01      0.1794646E+01
  -0.4945851E+01      0.1046020E+01
  -0.4921783E+01      0.1739409E+01
  -0.4897716E+01      0.2421541E+01
  -0.4873648E+01      0.2477567E+01
  -0.4849581E+01      0.2413089E+01
  -0.4825514E+01      0.2238860E+01
  -0.4801446E+01      0.1810060E+01
  -0.4777379E+01      0.1707047E+01
  -0.4753311E+01      0.1638273E+01
  -0.4729244E+01      0.1567063E+01
  -0.4705177E+01      0.1096442E+01
  -0.4681109E+01      0.1166918E+01
  -0.4657042E+01      0.1427569E+01
  -0.4632974E+01      0.1534920E+01
  -0.4608907E+01      0.4141264E+01
  -0.4584840E+01      0.1703933E+01
  -0.4560772E+01      0.1734053E+01
  -0.4536705E+01      0.3692331E+01
  -0.4512637E+01      0.2339076E+01
  -0.4488570E+01      0.2040063E+01
  -0.4464503E+01      0.1821510E+01
  -0.4440435E+01      0.1451643E+01
  -0.4416368E+01      0.1713178E+01
  -0.4392300E+01      0.2202820E+01
  -0.4368233E+01      0.2068277E+01
  -0.4344166E+01      0.1725085E+01
  -0.4320098E+01      0.1798706E+01
  -0.4296031E+01      0.1430274E+01
  -0.4271963E+01      0.1458883E+01
  -0.4247896E+01      0.1566803E+01
  -0.4223829E+01      0.2475701E+01
  -0.4199761E+01      0.2222523E+01
  -0.4175694E+01      0.1976644E+01
  -0.4151626E+01      0.2149111E+01
  -0.4127559E+01      0.1782004E+01
  -0.4103492E+01      0.1926031E+01
  -0.4079424E+01      0.3043343E+01
  -0.4055357E+01      0.2719521E+01
  -0.4031289E+01      0.2124541E+01
  -0.4007222E+01      0.1999418E+01
  -0.3983155E+01      0.2297440E+01
  -0.3959087E+01      0.1453507E+01
  -0.3935020E+01      0.1382255E+01
  -0.3910952E+01      0.1302971E+01
  -0.3886885E+01      0.1457253E+01
  -0.3862818E+01      0.1470641E+01
  -0.3838750E+01      0.2104057E+01
  -0.3814683E+01      0.2275009E+01
  -0.3790615E+01      0.2832660E+01
  -0.3766548E+01      0.2190436E+01
  -0.3742481E+01      0.1929796E+01
  -0.3718413E+01      0.1444176E+01
  -0.3694346E+01      0.1243816E+01
  -0.3670278E+01      0.1133518E+01
  -0.3646211E+01      0.1053845E+01
  -0.3622144E+01      0.9891409E+00
  -0.3598076E+01      0.9560971E+00
  -0.3574009E+01      0.9395878E+00
  -0.3549941E+01      0.1066490E+01
  -0.3525874E+01      0.1419512E+01
  -0.3501807E+01      0.1563842E+01
  -0.3477739E+01      0.1769795E+01
  -0.3453672E+01      0.1658997E+01
  -0.3429604E+01      0.1489022E+01
  -0.3405537E+01      0.1572166E+01
  -0.3381470E+01      0.1958360E+01
  -0.3357402E+01      0.1654422E+01
  -0.3333335E+01      0.1508055E+01
  -0.3309267E+01      0.1407698E+01
  -0.3285200E+01      0.1280661E+01
  -0.3261133E+01      0.1261362E+01
  -0.3237065E+01      0.1403554E+01
  -0.3212998E+01      0.1647303E+01
  -0.3188930E+01      0.1945765E+01
  -0.3164863E+01      0.2167130E+01
  -0.3140796E+01      0.2398222E+01
  -0.3116728E+01      0.2267022E+01
  -0.3092661E+01      0.2007994E+01
  -0.3068593E+01      0.1825829E+01
  -0.3044526E+01      0.3229300E+01
  -0.3020459E+01      0.2163462E+01
  -0.2996391E+01      0.2405690E+01
  -0.2972324E+01      0.2082114E+01
  -0.2948256E+01      0.1876922E+01
  -0.2924189E+01      0.1748847E+01
  -0.2900122E+01      0.1645591E+01
  -0.2876054E+01      0.1437539E+01
  -0.2851987E+01      0.1536548E+01
  -0.2827919E+01      0.1435127E+01
  -0.2803852E+01      0.1579190E+01
  -0.2779785E+01      0.1487410E+01
  -0.2755717E+01      0.1422068E+01
  -0.2731650E+01      0.1253428E+01
  -0.2707582E+01      0.1322494E+01
  -0.2683515E+01      0.2020581E+01
  -0.2659448E+01      0.1806069E+01
  -0.2635380E+01      0.1586283E+01
  -0.2611313E+01      0.3001275E+01
  -0.2587245E+01      0.1281902E+01
  -0.2563178E+01      0.1120273E+01
  -0.2539111E+01      0.1023925E+01
  -0.2515043E+01      0.1143387E+01
  -0.2490976E+01      0.1258937E+01
  -0.2466908E+01      0.2438309E+01
  -0.2442841E+01      0.1964252E+01
  -0.2418774E+01      0.1621485E+01
  -0.2394706E+01      0.1495900E+01
  -0.2370639E+01      0.1641772E+01
  -0.2346571E+01      0.1564419E+01
  -0.2322504E+01      0.1542189E+01
  -0.2298437E+01      0.2782888E+01
  -0.2274369E+01      0.2534634E+01
  -0.2250302E+01      0.2104524E+01
  -0.2226234E+01      0.1948834E+01
  -0.2202167E+01      0.1689794E+01
  -0.2178100E+01      0.1713309E+01
  -0.2154032E+01      0.1885055E+01
  -0.2129965E+01      0.1860024E+01
  -0.2105897E+01      0.1790726E+01
  -0.2081830E+01      0.2002614E+01
  -0.2057763E+01      0.1412536E+01
  -0.2033695E+01      0.1469287E+01
  -0.2009628E+01      0.1738925E+01
  -0.1985560E+01      0.2150976E+01
  -0.1961493E+01      0.1599141E+01
  -0.1937426E+01      0.1964991E+01
  -0.1913358E+01      0.2644419E+01
  -0.1889291E+01      0.3919438E+01
  -0.1865223E+01      0.2266218E+01
  -0.1841156E+01      0.2186501E+01
  -0.1817089E+01      0.2096777E+01
  -0.1793021E+01      0.6017015E+01
  -0.1768954E+01      0.2188830E+01
  -0.1744886E+01      0.1082179E+01
  -0.1720819E+01      0.1165963E+01
  -0.1696752E+01      0.1876618E+01
  -0.1672684E+01      0.4971942E+00
  -0.1648617E+01      0.5122292E+00
  -0.1624549E+01      0.6440182E+00
  -0.1600482E+01      0.8840022E+00
  -0.1576415E+01      0.1480558E+01
  -0.1552347E+01      0.1556183E+01
  -0.1528280E+01      0.3230495E+00
  -0.1504212E+01      0.5586756E+00
  -0.1480145E+01      0.3596304E+00
  -0.1456078E+01      0.3237973E+00
  -0.1432010E+01      0.3241752E+00
  -0.1407943E+01      0.6422024E+00
  -0.1383875E+01      0.3441970E+00
  -0.1359808E+01      0.2688698E+00
  -0.1335741E+01      0.2380699E+00
  -0.1311673E+01      0.2203259E+00
  -0.1287606E+01      0.2093227E+00
  -0.1263538E+01      0.2017646E+00
  -0.1239471E+01      0.1979038E+00
  -0.1215404E+01      0.1941434E+00
  -0.1191336E+01      0.1922253E+00
  -0.1167269E+01      0.1992484E+00
  -0.1143201E+01      0.5420986E+00
  -0.1119134E+01      0.6166704E+00
  -0.1095067E+01      0.6192491E+00
  -0.1070999E+01      0.5914296E+00
  -0.1046932E+01      0.2516393E+00
  -0.1022864E+01      0.2460864E+00
  -0.9987971E+00      0.2480235E+00
  -0.9747297E+00      0.2514607E+00
  -0.9506623E+00      0.2543928E+00
  -0.9265949E+00      0.2559763E+00
  -0.9025275E+00      0.2559095E+00
  -0.8784601E+00      0.2542564E+00
  -0.8543927E+00      0.2515415E+00
  -0.8303253E+00      0.2489393E+00
  -0.8062579E+00      0.2484091E+00
  -0.7821905E+00      0.2528344E+00
  -0.7581231E+00      0.3858322E+00
  -0.7340557E+00      0.4188191E+00
  -0.7099883E+00      0.4734824E+00
  -0.6859209E+00      0.5654234E+00
  -0.6618535E+00      0.3343011E+00
  -0.6377861E+00      0.2145848E+00
  -0.6137187E+00      0.2047701E+00
  -0.5896513E+00      0.2723590E+00
  -0.5655839E+00      0.2906266E+00
  -0.5415165E+00      0.2919650E+00
  -0.5174491E+00      0.2852373E+00
  -0.4933817E+00      0.2754079E+00
  -0.4693143E+00      0.2668686E+00
  -0.4452469E+00      0.2642485E+00
  -0.4211795E+00      0.2722381E+00
  -0.3971121E+00      0.2942466E+00
  -0.3730447E+00      0.3291665E+00
  -0.3489773E+00      0.3733483E+00
  -0.3249099E+00      0.3582134E+00
  -0.3008425E+00      0.3859707E+00
  -0.2767751E+00      0.5799481E+00
  -0.2527077E+00      0.2114873E+00
  -0.2286403E+00      0.2118027E+00
  -0.2045729E+00      0.2112141E+00
  -0.1805055E+00      0.2114922E+00
  -0.1564381E+00      0.2117568E+00
  -0.1323707E+00      0.2122702E+00
  -0.1083033E+00      0.4483788E+00
  -0.8423590E-01      0.4680926E+00
  -0.6016850E-01      0.3920358E+00
  -0.3610110E-01      0.3174131E+00
  -0.1203370E-01      0.2648548E+00
   0.1203370E-01      0.2360395E+00
   0.3610110E-01      0.2266118E+00
   0.6016850E-01      0.2309237E+00
   0.8423590E-01      0.2440070E+00
   0.1083033E+00      0.2622488E+00
   0.1323707E+00      0.2803102E+00
   0.1564381E+00      0.6095516E+00
   0.1805055E+00      0.4600574E+00
   0.2045729E+00      0.2463963E+00
   0.2286403E+00      0.2391504E+00
   0.2527077E+00      0.2318046E+00
   0.2767751E+00      0.2232548E+00
   0.3008425E+00      0.2147705E+00
   0.3249099E+00      0.2088344E+00
   0.3489773E+00      0.2043878E+00
   0.3730447E+00      0.1978821E+00
   0.3971121E+00      0.1909640E+00
   0.4211795E+00      0.1851074E+00
   0.4452469E+00      0.1806500E+00
   0.4693143E+00      0.1776350E+00
   0.4933817E+00      0.1761533E+00
   0.5174491E+00      0.1954444E+00
   0.5415165E+00      0.2183873E+00
   0.5655839E+00      0.2260375E+00
   0.5896513E+00      0.2290783E+00
   0.6137187E+00      0.2298562E+00
   0.6377861E+00      0.2294209E+00
   0.6618535E+00      0.2283608E+00
   0.6859209E+00      0.2270488E+00
   0.7099883E+00      0.2257447E+00
   0.7340557E+00      0.2246666E+00
   0.7581231E+00      0.2243326E+00
   0.7821905E+00      0.6199582E+00
   0.8062579E+00      0.6190574E+00
   0.8303253E+00      0.5554808E+00
   0.8543927E+00      0.4868993E+00
   0.8784601E+00      0.3671026E+00
   0.9025275E+00      0.2597127E+00
   0.9265949E+00      0.2519392E+00
   0.9506623E+00      0.2566600E+00
   0.9747297E+00      0.2706229E+00
   0.9987971E+00      0.2901942E+00
   0.1022864E+01      0.3117860E+00
   0.1046932E+01      0.3320149E+00
   0.1070999E+01      0.3477574E+00
   0.1095067E+01      0.3557609E+00
   0.1119134E+01      0.3519513E+00
   0.1143201E+01      0.3507467E+00
   0.1167269E+01      0.3266602E+00
   0.1191336E+01      0.2527532E+00
   0.1215404E+01      0.2518324E+00
   0.1239471E+01      0.3993944E+00
   0.1263538E+01      0.4066167E+00
   0.1287606E+01      0.3835163E+00
   0.1311673E+01      0.3499873E+00
   0.1335741E+01      0.3145705E+00
   0.1359808E+01      0.2825454E+00
   0.1383875E+01      0.2573073E+00
   0.1407943E+01      0.2398518E+00
   0.1432010E+01      0.2292666E+00
   0.1456078E+01      0.2239387E+00
   0.1480145E+01      0.2222130E+00
   0.1504212E+01      0.2225491E+00
   0.1528280E+01      0.2235082E+00
   0.1552347E+01      0.2236881E+00
   0.1576415E+01      0.2215726E+00
   0.1600482E+01      0.2150418E+00
   0.1624549E+01      0.1983160E+00
   0.1648617E+01      0.1700691E+00
   0.1672684E+01      0.1667717E+00
   0.1696752E+01      0.1632790E+00
   0.1720819E+01      0.1568190E+00
   0.1744886E+01      0.1481257E+00
   0.1768954E+01      0.1408665E+00
   0.1793021E+01      0.1362558E+00
   0.1817089E+01      0.1337976E+00
   0.1841156E+01      0.1325494E+00
   0.1865223E+01      0.1321695E+00
   0.1889291E+01      0.1324383E+00
   0.1913358E+01      0.1332482E+00
   0.1937426E+01      0.1345366E+00
   0.1961493E+01      0.1362631E+00
   0.1985560E+01      0.1384034E+00
   0.2009628E+01      0.1409672E+00
   0.2033695E+01      0.1574400E+00
   0.2057763E+01      0.1794518E+00
   0.2081830E+01      0.1899975E+00
   0.2105897E+01      0.1963822E+00
   0.2129965E+01      0.2574722E+00
   0.2154032E+01      0.2853022E+00
   0.2178100E+01      0.2858019E+00
   0.2202167E+01      0.2796326E+00
   0.2226234E+01      0.2696779E+00
   0.2250302E+01      0.2579036E+00
   0.2274369E+01      0.2456278E+00
   0.2298437E+01      0.2337402E+00
   0.2322504E+01      0.3391297E+00
   0.2346571E+01      0.3234239E+00
   0.2370639E+01      0.3099082E+00
   0.2394706E+01      0.2990666E+00
   0.2418774E+01      0.2885768E+00
   0.2442841E+01      0.2348181E+00
   0.2466908E+01      0.2335737E+00
   0.2490976E+01      0.2278325E+00
   0.2515043E+01      0.2220597E+00
   0.2539111E+01      0.2225437E+00
   0.2563178E+01      0.2247646E+00
   0.2587245E+01      0.2276877E+00
   0.2611313E+01      0.2329045E+00
   0.2635380E+01      0.2181357E+00
   0.2659448E+01      0.2078746E+00
   0.2683515E+01      0.2015938E+00
   0.2707582E+01      0.1976004E+00
   0.2731650E+01      0.1952343E+00
   0.2755717E+01      0.1942074E+00
   0.2779785E+01      0.1944520E+00
   0.2803852E+01      0.1960428E+00
   0.2827919E+01      0.1992396E+00
   0.2851987E+01      0.2047555E+00
   0.2876054E+01      0.2158053E+00
   0.2900122E+01      0.2158402E+00
   0.2924189E+01      0.2140326E+00
   0.2948256E+01      0.2000012E+00
   0.2972324E+01      0.1960207E+00
   0.2996391E+01      0.1985865E+00
   0.3020459E+01      0.2030772E+00
   0.3044526E+01      0.2085182E+00
   0.3068593E+01      0.2199135E+00
   0.3092661E+01      0.2518086E+00
   0.3116728E+01      0.2633243E+00
   0.3140796E+01      0.2721219E+00
   0.3164863E+01      0.2801939E+00
   0.3188930E+01      0.2884631E+00
   0.3212998E+01      0.3583655E+00
   0.3237065E+01      0.3747597E+00
   0.3261133E+01      0.3758951E+00
   0.3285200E+01      0.3706603E+00
   0.3309267E+01      0.3635788E+00
   0.3333335E+01      0.3669877E+00
   0.3357402E+01      0.3593915E+00
   0.3381470E+01      0.3476832E+00
   0.3405537E+01      0.3399259E+00
   0.3429604E+01      0.3379295E+00
   0.3453672E+01      0.3463600E+00
   0.3477739E+01      0.3589487E+00
   0.3501807E+01      0.3612997E+00
   0.3525874E+01      0.3779803E+00
   0.3549941E+01      0.3770654E+00
   0.3574009E+01      0.3787276E+00
   0.3598076E+01      0.3694757E+00
   0.3622144E+01      0.3459197E+00
   0.3646211E+01      0.3348389E+00
   0.3670278E+01      0.3240769E+00
   0.3694346E+01      0.3029350E+00
   0.3718413E+01      0.2992729E+00
   0.3742481E+01      0.3800048E+00
   0.3766548E+01      0.4028968E+00
   0.3790615E+01      0.3971509E+00
   0.3814683E+01      0.3791546E+00
   0.3838750E+01      0.3527096E+00
   0.3862818E+01      0.4181736E+00
   0.3886885E+01      0.3919362E+00
   0.3910952E+01      0.3825411E+00
   0.3935020E+01      0.3769746E+00
   0.3959087E+01      0.3255298E+00
   0.3983155E+01      0.2496201E+00
   0.4007222E+01      0.2507417E+00
   0.4031289E+01      0.2680633E+00
   0.4055357E+01      0.2948131E+00
   0.4079424E+01      0.2898676E+00
   0.4103492E+01      0.2847650E+00
   0.4127559E+01      0.2874107E+00
   0.4151626E+01      0.3296839E+00
   0.4175694E+01      0.3365238E+00
   0.4199761E+01      0.3351667E+00
   0.4223829E+01      0.3298291E+00
   0.4247896E+01      0.3225909E+00
   0.4271963E+01      0.3152656E+00
   0.4296031E+01      0.3143019E+00
   0.4320098E+01      0.3063817E+00
   0.4344166E+01      0.2849877E+00
   0.4368233E+01      0.2754972E+00
   0.4392300E+01      0.2689824E+00
   0.4416368E+01      0.2683649E+00
   0.4440435E+01      0.2853736E+00
   0.4464503E+01      0.2831875E+00
   0.4488570E+01      0.2823698E+00
   0.4512637E+01      0.2826777E+00
   0.4536705E+01      0.2840398E+00
   0.4560772E+01      0.2865074E+00
   0.4584840E+01      0.2903637E+00
   0.4608907E+01      0.2968163E+00
   0.4632974E+01      0.2894756E+00
   0.4657042E+01      0.2920535E+00
   0.4681109E+01      0.3102890E+00
   0.4705177E+01      0.2467371E+00
   0.4729244E+01      0.2357556E+00
   0.4753311E+01      0.2314132E+00
   0.4777379E+01      0.2291964E+00
   0.4801446E+01      0.2280776E+00
   0.4825514E+01      0.2277970E+00
   0.4849581E+01      0.2284662E+00
   0.4873648E+01      0.2203635E+00
   0.4897716E+01      0.2154879E+00
   0.4921783E+01      0.2153634E+00
   0.4945851E+01      0.2179384E+00
   0.4969918E+01      0.2258628E+00
   0.4993985E+01      0.2640355E+00
   0.5018053E+01      0.2515931E+00
   0.5042120E+01      0.2522430E+00
   0.5066188E+01      0.2616378E+00
   0.5090255E+01      0.2883974E+00
   0.5114322E+01      0.3767900E+00
   0.5138390E+01      0.3071949E+00
   0.5162457E+01      0.2987848E+00
   0.5186525E+01      0.2947388E+00
   0.5210592E+01      0.2922466E+00
   0.5234659E+01      0.2905772E+00
   0.5258727E+01      0.2894553E+00
   0.5282794E+01      0.2887394E+00
   0.5306862E+01      0.2883203E+00
   0.5330929E+01      0.2880851E+00
   0.5354996E+01      0.2879098E+00
   0.5379064E+01      0.2876671E+00
   0.5403131E+01      0.4440199E+00
   0.5427199E+01      0.4432715E+00
   0.5451266E+01      0.4418657E+00
   0.5475333E+01      0.4398636E+00
   0.5499401E+01      0.3687852E+00
   0.5523468E+01      0.2812542E+00
   0.5547536E+01      0.2801784E+00
   0.5571603E+01      0.2802868E+00
   0.5595670E+01      0.2835757E+00
   0.5619738E+01      0.2997398E+00
   0.5643805E+01      0.2611711E+00
   0.5667873E+01      0.2535988E+00
   0.5691940E+01      0.2507631E+00
   0.5716007E+01      0.2491864E+00
   0.5740075E+01      0.2483812E+00
   0.5764142E+01      0.2480259E+00
   0.5788210E+01      0.2476113E+00
   0.5812277E+01      0.2454060E+00
   0.5836344E+01      0.2276256E+00
   0.5860412E+01      0.2300075E+00
   0.5884479E+01      0.2396192E+00
   0.5908547E+01      0.2706587E+00
   0.5932614E+01      0.3367186E+00
   0.5956681E+01      0.2984497E+00
   0.5980749E+01      0.2987447E+00
   0.6004816E+01      0.2771254E+00
   0.6028884E+01      0.2631629E+00
   0.6052951E+01      0.2548922E+00
   0.6077018E+01      0.2501284E+00
   0.6101086E+01      0.2488358E+00
   0.6125153E+01      0.2506081E+00
   0.6149221E+01      0.2586956E+00
   0.6173288E+01      0.2774242E+00
   0.6197355E+01      0.2795738E+00
   0.6221423E+01      0.2877282E+00
   0.6245490E+01      0.2845785E+00
   0.6269558E+01      0.2862474E+00
   0.6293625E+01      0.2888009E+00
   0.6317692E+01      0.2968753E+00
   0.6341760E+01      0.3056448E+00
   0.6365827E+01      0.3120718E+00
   0.6389895E+01      0.3178908E+00
   0.6413962E+01      0.3233720E+00
   0.6438029E+01      0.3279365E+00
   0.6462097E+01      0.3207565E+00
   0.6486164E+01      0.3178701E+00
   0.6510232E+01      0.3201885E+00
   0.6534299E+01      0.3212422E+00
   0.6558366E+01      0.3201430E+00
   0.6582434E+01      0.3161750E+00
   0.6606501E+01      0.3041704E+00
   0.6630569E+01      0.2981580E+00
   0.6654636E+01      0.2922672E+00
   0.6678703E+01      0.2863437E+00
   0.6702771E+01      0.2806030E+00
   0.6726838E+01      0.2753074E+00
   0.6750906E+01      0.2703492E+00
   0.6774973E+01      0.2491631E+00
   0.6799040E+01      0.2432070E+00
   0.6823108E+01      0.2389924E+00
   0.6847175E+01      0.2359191E+00
   0.6871243E+01      0.2337218E+00
   0.6895310E+01      0.2324941E+00
   0.6919377E+01      0.2321002E+00
   0.6943445E+01      0.3485439E+00
   0.6967512E+01      0.3506952E+00
   0.6991580E+01      0.3536447E+00
   0.7015647E+01      0.3571102E+00
   0.7039714E+01      0.2987896E+00
   0.7063782E+01      0.2411058E+00
   0.7087849E+01      0.2429809E+00
   0.7111917E+01      0.2445803E+00
   0.7135984E+01      0.2458544E+00
   0.7160051E+01      0.2468200E+00
   0.7184119E+01      0.2475201E+00
   0.7208186E+01      0.2479933E+00
   0.7232254E+01      0.2478122E+00
   0.7256321E+01      0.2408847E+00
   0.7280388E+01      0.2401646E+00
   0.7304456E+01      0.2410085E+00
   0.7328523E+01      0.2426438E+00
   0.7352591E+01      0.2449068E+00
   0.7376658E+01      0.2477435E+00
   0.7400725E+01      0.2511433E+00
   0.7424793E+01      0.2551284E+00
   0.7448860E+01      0.2597626E+00
   0.7472928E+01      0.2651816E+00
   0.7496995E+01      0.2716554E+00
   0.7521062E+01      0.2800144E+00
   0.7545130E+01      0.2988764E+00
   0.7569197E+01      0.3055328E+00
   0.7593265E+01      0.3003225E+00
   0.7617332E+01      0.2957224E+00
   0.7641399E+01      0.2999409E+00
   0.7665467E+01      0.3052631E+00
   0.7689534E+01      0.3104340E+00
   0.7713602E+01      0.3153331E+00
   0.7737669E+01      0.3198796E+00
   0.7761736E+01      0.3240378E+00
   0.7785804E+01      0.3277908E+00
   0.7809871E+01      0.3311266E+00
   0.7833939E+01      0.3340184E+00
   0.7858006E+01      0.3369243E+00
   0.7882073E+01      0.3388963E+00
   0.7906141E+01      0.3406609E+00
   0.7930208E+01      0.3420106E+00
   0.7954276E+01      0.3427888E+00
   0.7978343E+01      0.3426674E+00
   0.8002410E+01      0.3412059E+00
   0.8026478E+01      0.3411802E+00
   0.8050545E+01      0.3404373E+00
   0.8074613E+01      0.3431028E+00
   0.8098680E+01      0.3485987E+00
   0.8122747E+01      0.3510456E+00
   0.8146815E+01      0.3431131E+00
   0.8170882E+01      0.3436332E+00
   0.8194950E+01      0.3471821E+00
   0.8219017E+01      0.3508770E+00
   0.8243084E+01      0.3550985E+00
   0.8267152E+01      0.3601338E+00
   0.8291219E+01      0.3661974E+00
   0.8315287E+01      0.3734276E+00
   0.8339354E+01      0.3812082E+00
   0.8363421E+01      0.3863238E+00
   0.8387489E+01      0.4315193E+00
   0.8411556E+01      0.4526857E+00
   0.8435624E+01      0.4721957E+00
   0.8459691E+01      0.4916403E+00
   0.8483758E+01      0.7422667E+00
   0.8507826E+01      0.7504498E+00
   0.8531893E+01      0.7551349E+00
   0.8555961E+01      0.7566617E+00
   0.8580028E+01      0.6746192E+00
   0.8604095E+01      0.5262421E+00
   0.8628163E+01      0.5287663E+00
   0.8652230E+01      0.5278216E+00
   0.8676298E+01      0.4493123E+00
   0.8700365E+01      0.4415574E+00
   0.8724432E+01      0.4409723E+00
   0.8748500E+01      0.4474377E+00
   0.8772567E+01      0.4619725E+00
   0.8796635E+01      0.4848550E+00
   0.8820702E+01      0.5147396E+00
   0.8844769E+01      0.5473807E+00
   0.8868837E+01      0.5729529E+00
   0.8892904E+01      0.5675395E+00
   0.8916972E+01      0.3821722E+00
   0.8941039E+01      0.3720404E+00
   0.8965106E+01      0.3624843E+00
   0.8989174E+01      0.3618382E+00
   0.9013241E+01      0.3632670E+00
   0.9037309E+01      0.3677974E+00
   0.9061376E+01      0.3723326E+00
   0.9085443E+01      0.3734520E+00
   0.9109511E+01      0.3717667E+00
   0.9133578E+01      0.3684336E+00
   0.9157646E+01      0.3681532E+00
   0.9181713E+01      0.3741128E+00
   0.9205780E+01      0.3728730E+00
   0.9229848E+01      0.3702699E+00
   0.9253915E+01      0.3678298E+00
   0.9277983E+01      0.3740586E+00
   0.9302050E+01      0.3849518E+00
   0.9326117E+01      0.4078923E+00
   0.9350185E+01      0.5522338E+00
   0.9374252E+01      0.5850350E+00
   0.9398320E+01      0.5957651E+00
   0.9422387E+01      0.5927639E+00
   0.9446454E+01      0.5800728E+00
   0.9470522E+01      0.5624424E+00
   0.9494589E+01      0.5467484E+00
   0.9518657E+01      0.5351163E+00
   0.9542724E+01      0.5413003E+00
   0.9566791E+01      0.5419851E+00
   0.9590859E+01      0.5422415E+00
   0.9614926E+01      0.5416729E+00
   0.9638994E+01      0.5403206E+00
   0.9663061E+01      0.5413764E+00
   0.9687128E+01      0.5434805E+00
   0.9711196E+01      0.5503970E+00
   0.9735263E+01      0.5585259E+00
   0.9759331E+01      0.5800150E+00
   0.9783398E+01      0.5930316E+00
   0.9807465E+01      0.6061168E+00
   0.9831533E+01      0.6187478E+00
   0.9855600E+01      0.6304095E+00
   0.9879668E+01      0.6413745E+00
   0.9903735E+01      0.6521911E+00
   0.9927802E+01      0.6638403E+00
   0.9951870E+01      0.7013792E+00
   0.9975937E+01      0.7502161E+00
   0.1000000E+02      0.8585364E+00
 &
 @autoscale
 @target G3.S0
