 @target G3.S0
 @type xy
  -0.1000000E+02      0.8381615E-14
  -0.9975937E+01     -0.1423135E-13
  -0.9951870E+01      0.1722088E-13
  -0.9927802E+01      0.6746715E-14
  -0.9903735E+01      0.3022345E-14
  -0.9879668E+01     -0.2038675E-13
  -0.9855600E+01      0.3926826E-13
  -0.9831533E+01      0.3075739E-13
  -0.9807465E+01     -0.1904352E-13
  -0.9783398E+01     -0.1316907E-13
  -0.9759331E+01      0.5410308E-13
  -0.9735263E+01     -0.1073796E-14
  -0.9711196E+01     -0.1802615E-13
  -0.9687128E+01     -0.4330040E-13
  -0.9663061E+01     -0.3267330E-13
  -0.9638994E+01     -0.3677486E-14
  -0.9614926E+01      0.3772628E-13
  -0.9590859E+01     -0.1315928E-13
  -0.9566791E+01      0.3648853E-13
  -0.9542724E+01      0.7349728E-13
  -0.9518657E+01      0.1683559E-15
  -0.9494589E+01      0.3163661E-13
  -0.9470522E+01      0.6113582E-13
  -0.9446454E+01     -0.1322370E-14
  -0.9422387E+01     -0.4161568E-13
  -0.9398320E+01     -0.5766420E-13
  -0.9374252E+01      0.2218001E-13
  -0.9350185E+01     -0.4885366E-13
  -0.9326117E+01     -0.7025632E-13
  -0.9302050E+01     -0.2405289E-13
  -0.9277983E+01     -0.1980936E-14
  -0.9253915E+01      0.2012597E-14
  -0.9229848E+01     -0.7300156E-13
  -0.9205780E+01     -0.1494353E-13
  -0.9181713E+01     -0.8404261E-13
  -0.9157646E+01     -0.1881725E-12
  -0.9133578E+01      0.2560455E-12
  -0.9109511E+01      0.2093151E-12
  -0.9085443E+01      0.1762909E-12
  -0.9061376E+01      0.3114471E-12
  -0.9037309E+01      0.6650033E-13
  -0.9013241E+01      0.4104105E-12
  -0.8989174E+01     -0.1747969E-11
  -0.8965106E+01      0.2260190E+01
  -0.8941039E+01      0.1150877E+01
  -0.8916972E+01      0.3181614E+01
  -0.8892904E+01      0.2331728E+01
  -0.8868837E+01      0.1970903E+01
  -0.8844769E+01      0.1777129E+01
  -0.8820702E+01      0.1694099E+01
  -0.8796635E+01      0.1847800E+01
  -0.8772567E+01      0.1064332E+01
  -0.8748500E+01      0.9984501E+00
  -0.8724432E+01      0.9437559E+00
  -0.8700365E+01      0.2010800E+01
  -0.8676298E+01      0.1596706E+01
  -0.8652230E+01      0.1418401E+01
  -0.8628163E+01      0.1306951E+01
  -0.8604095E+01      0.1226420E+01
  -0.8580028E+01      0.1163577E+01
  -0.8555961E+01      0.1112233E+01
  -0.8531893E+01      0.1068943E+01
  -0.8507826E+01      0.1031617E+01
  -0.8483758E+01      0.9988858E+00
  -0.8459691E+01      0.9697995E+00
  -0.8435624E+01      0.9436739E+00
  -0.8411556E+01      0.9199984E+00
  -0.8387489E+01      0.8983828E+00
  -0.8363421E+01      0.8785223E+00
  -0.8339354E+01      0.8601756E+00
  -0.8315287E+01      0.8431447E+00
  -0.8291219E+01      0.8272745E+00
  -0.8267152E+01      0.8124334E+00
  -0.8243084E+01      0.7985129E+00
  -0.8219017E+01      0.7854225E+00
  -0.8194950E+01      0.7730856E+00
  -0.8170882E+01      0.7614374E+00
  -0.8146815E+01      0.7504223E+00
  -0.8122747E+01      0.7399924E+00
  -0.8098680E+01      0.7301060E+00
  -0.8074613E+01      0.7207266E+00
  -0.8050545E+01      0.3166225E+01
  -0.8026478E+01      0.2275812E+01
  -0.8002410E+01      0.1944981E+01
  -0.7978343E+01      0.1757574E+01
  -0.7954276E+01      0.1632116E+01
  -0.7930208E+01      0.1540097E+01
  -0.7906141E+01      0.1468603E+01
  -0.7882073E+01      0.1410819E+01
  -0.7858006E+01      0.1362761E+01
  -0.7833939E+01      0.1321925E+01
  -0.7809871E+01      0.3582567E+01
  -0.7785804E+01      0.2868727E+01
  -0.7761736E+01      0.2547084E+01
  -0.7737669E+01      0.2349911E+01
  -0.7713602E+01      0.2211565E+01
  -0.7689534E+01      0.2106866E+01
  -0.7665467E+01      0.2023749E+01
  -0.7641399E+01      0.1955581E+01
  -0.7617332E+01      0.1898359E+01
  -0.7593265E+01      0.1849496E+01
  -0.7569197E+01      0.1807227E+01
  -0.7545130E+01      0.1770301E+01
  -0.7521062E+01      0.1737797E+01
  -0.7496995E+01      0.1709021E+01
  -0.7472928E+01      0.1683438E+01
  -0.7448860E+01      0.1660619E+01
  -0.7424793E+01      0.1640231E+01
  -0.7400725E+01      0.1621995E+01
  -0.7376658E+01      0.1605680E+01
  -0.7352591E+01      0.1591095E+01
  -0.7328523E+01      0.1578077E+01
  -0.7304456E+01      0.1566486E+01
  -0.7280388E+01      0.1556201E+01
  -0.7256321E+01      0.1547118E+01
  -0.7232254E+01      0.1539144E+01
  -0.7208186E+01      0.1532197E+01
  -0.7184119E+01      0.1526205E+01
  -0.7160051E+01      0.6012825E+01
  -0.7135984E+01      0.3520244E+01
  -0.7111917E+01      0.3012794E+01
  -0.7087849E+01      0.2764247E+01
  -0.7063782E+01      0.2610512E+01
  -0.7039714E+01      0.2504054E+01
  -0.7015647E+01      0.1405231E+02
  -0.6991580E+01      0.4471991E+01
  -0.6967512E+01      0.1417189E+02
  -0.6943445E+01      0.6359751E+01
  -0.6919377E+01      0.5439056E+01
  -0.6895310E+01      0.4997674E+01
  -0.6871243E+01      0.4712986E+01
  -0.6847175E+01      0.4490218E+01
  -0.6823108E+01      0.4300819E+01
  -0.6799040E+01      0.4141088E+01
  -0.6774973E+01      0.3557599E+02
  -0.6750906E+01      0.1086392E+02
  -0.6726838E+01      0.1722315E+02
  -0.6702771E+01      0.1281350E+02
  -0.6678703E+01      0.1111767E+02
  -0.6654636E+01      0.1012881E+02
  -0.6630569E+01      0.1561969E+02
  -0.6606501E+01      0.1317723E+02
  -0.6582434E+01      0.1719306E+02
  -0.6558366E+01      0.1430588E+02
  -0.6534299E+01      0.1787618E+02
  -0.6510232E+01      0.1562609E+02
  -0.6486164E+01      0.1458379E+02
  -0.6462097E+01      0.1745245E+02
  -0.6438029E+01      0.1556291E+02
  -0.6413962E+01      0.1496582E+02
  -0.6389895E+01      0.2616312E+02
  -0.6365827E+01      0.2931709E+02
  -0.6341760E+01      0.2205351E+02
  -0.6317692E+01      0.2960510E+02
  -0.6293625E+01      0.2431116E+02
  -0.6269558E+01      0.2266707E+02
  -0.6245490E+01      0.2843969E+02
  -0.6221423E+01      0.2350671E+02
  -0.6197355E+01      0.2247545E+02
  -0.6173288E+01      0.3304509E+02
  -0.6149221E+01      0.2804455E+02
  -0.6125153E+01      0.2315020E+02
  -0.6101086E+01      0.3211806E+02
  -0.6077018E+01      0.2292324E+02
  -0.6052951E+01      0.2110601E+02
  -0.6028884E+01      0.2024749E+02
  -0.6004816E+01      0.2297780E+02
  -0.5980749E+01      0.1947759E+02
  -0.5956681E+01      0.1878310E+02
  -0.5932614E+01      0.1837452E+02
  -0.5908547E+01      0.1993041E+02
  -0.5884479E+01      0.1937832E+02
  -0.5860412E+01      0.1956997E+02
  -0.5836344E+01      0.4265958E+02
  -0.5812277E+01      0.4413522E+02
  -0.5788210E+01      0.2686883E+02
  -0.5764142E+01      0.2409878E+02
  -0.5740075E+01      0.2363525E+02
  -0.5716007E+01      0.2003432E+02
  -0.5691940E+01      0.2588846E+02
  -0.5667873E+01      0.2109299E+02
  -0.5643805E+01      0.1911058E+02
  -0.5619738E+01      0.1913091E+02
  -0.5595670E+01      0.1961802E+02
  -0.5571603E+01      0.2141834E+02
  -0.5547536E+01      0.2695035E+02
  -0.5523468E+01      0.3342595E+02
  -0.5499401E+01      0.2744798E+02
  -0.5475333E+01      0.2428741E+02
  -0.5451266E+01      0.3069605E+02
  -0.5427199E+01      0.2953779E+02
  -0.5403131E+01      0.4379097E+02
  -0.5379064E+01      0.2981272E+02
  -0.5354996E+01      0.2144923E+02
  -0.5330929E+01      0.2152218E+02
  -0.5306862E+01      0.1720076E+02
  -0.5282794E+01      0.1549962E+02
  -0.5258727E+01      0.1914131E+02
  -0.5234659E+01      0.1778923E+02
  -0.5210592E+01      0.3380260E+02
  -0.5186525E+01      0.2672183E+02
  -0.5162457E+01      0.3803461E+02
  -0.5138390E+01      0.1816061E+02
  -0.5114322E+01      0.1767663E+02
  -0.5090255E+01      0.2104020E+02
  -0.5066188E+01      0.2027545E+02
  -0.5042120E+01      0.4866770E+02
  -0.5018053E+01      0.4665014E+02
  -0.4993985E+01      0.2570011E+02
  -0.4969918E+01      0.3213291E+02
  -0.4945851E+01      0.2169052E+02
  -0.4921783E+01      0.3175342E+02
  -0.4897716E+01      0.4136095E+02
  -0.4873648E+01      0.4980257E+02
  -0.4849581E+01      0.4600589E+02
  -0.4825514E+01      0.3972849E+02
  -0.4801446E+01      0.2569237E+02
  -0.4777379E+01      0.2764227E+02
  -0.4753311E+01      0.2927515E+02
  -0.4729244E+01      0.2229160E+02
  -0.4705177E+01      0.2285305E+02
  -0.4681109E+01      0.3215390E+02
  -0.4657042E+01      0.3384666E+02
  -0.4632974E+01      0.2733759E+02
  -0.4608907E+01      0.6933734E+02
  -0.4584840E+01      0.2995494E+02
  -0.4560772E+01      0.3145529E+02
  -0.4536705E+01      0.5729066E+02
  -0.4512637E+01      0.4452725E+02
  -0.4488570E+01      0.3446414E+02
  -0.4464503E+01      0.5967694E+02
  -0.4440435E+01      0.2928995E+02
  -0.4416368E+01      0.3165456E+02
  -0.4392300E+01      0.3275806E+02
  -0.4368233E+01      0.4670491E+02
  -0.4344166E+01      0.3020366E+02
  -0.4320098E+01      0.3996608E+02
  -0.4296031E+01      0.2700462E+02
  -0.4271963E+01      0.3006045E+02
  -0.4247896E+01      0.3731742E+02
  -0.4223829E+01      0.4425167E+02
  -0.4199761E+01      0.5376094E+02
  -0.4175694E+01      0.3758090E+02
  -0.4151626E+01      0.3826939E+02
  -0.4127559E+01      0.3696464E+02
  -0.4103492E+01      0.3938783E+02
  -0.4079424E+01      0.7373140E+02
  -0.4055357E+01      0.6971748E+02
  -0.4031289E+01      0.3561953E+02
  -0.4007222E+01      0.3090481E+02
  -0.3983155E+01      0.4828836E+02
  -0.3959087E+01      0.2853741E+02
  -0.3935020E+01      0.2386886E+02
  -0.3910952E+01      0.2286150E+02
  -0.3886885E+01      0.3106601E+02
  -0.3862818E+01      0.3167471E+02
  -0.3838750E+01      0.2393593E+02
  -0.3814683E+01      0.2851369E+02
  -0.3790615E+01      0.5754320E+02
  -0.3766548E+01      0.2979284E+02
  -0.3742481E+01      0.2793588E+02
  -0.3718413E+01      0.2251305E+02
  -0.3694346E+01      0.2057788E+02
  -0.3670278E+01      0.2188550E+02
  -0.3646211E+01      0.2733052E+02
  -0.3622144E+01      0.1859516E+02
  -0.3598076E+01      0.1810189E+02
  -0.3574009E+01      0.1771828E+02
  -0.3549941E+01      0.2435227E+02
  -0.3525874E+01      0.2805511E+02
  -0.3501807E+01      0.2452346E+02
  -0.3477739E+01      0.3065693E+02
  -0.3453672E+01      0.3166649E+02
  -0.3429604E+01      0.2544409E+02
  -0.3405537E+01      0.3065283E+02
  -0.3381470E+01      0.4121972E+02
  -0.3357402E+01      0.3268250E+02
  -0.3333335E+01      0.4501464E+02
  -0.3309267E+01      0.2549203E+02
  -0.3285200E+01      0.2587393E+02
  -0.3261133E+01      0.2643305E+02
  -0.3237065E+01      0.4064885E+02
  -0.3212998E+01      0.3155427E+02
  -0.3188930E+01      0.3514963E+02
  -0.3164863E+01      0.3649787E+02
  -0.3140796E+01      0.3545451E+02
  -0.3116728E+01      0.3969467E+02
  -0.3092661E+01      0.3670712E+02
  -0.3068593E+01      0.5136683E+02
  -0.3044526E+01      0.6146254E+02
  -0.3020459E+01      0.3610848E+02
  -0.2996391E+01      0.4373638E+02
  -0.2972324E+01      0.3247841E+02
  -0.2948256E+01      0.2933977E+02
  -0.2924189E+01      0.3094664E+02
  -0.2900122E+01      0.2894302E+02
  -0.2876054E+01      0.2907690E+02
  -0.2851987E+01      0.2999653E+02
  -0.2827919E+01      0.2539381E+02
  -0.2803852E+01      0.2799272E+02
  -0.2779785E+01      0.2491783E+02
  -0.2755717E+01      0.2661704E+02
  -0.2731650E+01      0.2661299E+02
  -0.2707582E+01      0.5183973E+02
  -0.2683515E+01      0.3353954E+02
  -0.2659448E+01      0.3121176E+02
  -0.2635380E+01      0.7839787E+02
  -0.2611313E+01      0.7273996E+02
  -0.2587245E+01      0.2415626E+02
  -0.2563178E+01      0.2221671E+02
  -0.2539111E+01      0.1809380E+02
  -0.2515043E+01      0.2294238E+02
  -0.2490976E+01      0.2768182E+02
  -0.2466908E+01      0.3222053E+02
  -0.2442841E+01      0.2973184E+02
  -0.2418774E+01      0.2753778E+02
  -0.2394706E+01      0.2706715E+02
  -0.2370639E+01      0.2934499E+02
  -0.2346571E+01      0.2964524E+02
  -0.2322504E+01      0.2800195E+02
  -0.2298437E+01      0.3424904E+02
  -0.2274369E+01      0.2985028E+02
  -0.2250302E+01      0.3013728E+02
  -0.2226234E+01      0.2488178E+02
  -0.2202167E+01      0.2272376E+02
  -0.2178100E+01      0.3023665E+02
  -0.2154032E+01      0.2988581E+02
  -0.2129965E+01      0.3182076E+02
  -0.2105897E+01      0.3340785E+02
  -0.2081830E+01      0.6042862E+02
  -0.2057763E+01      0.3602306E+02
  -0.2033695E+01      0.3087612E+02
  -0.2009628E+01      0.3103217E+02
  -0.1985560E+01      0.4056873E+02
  -0.1961493E+01      0.3432356E+02
  -0.1937426E+01      0.3601606E+02
  -0.1913358E+01      0.4251076E+02
  -0.1889291E+01      0.4545025E+02
  -0.1865223E+01      0.3544150E+02
  -0.1841156E+01      0.6601554E+02
  -0.1817089E+01      0.3839358E+02
  -0.1793021E+01      0.1196787E+03
  -0.1768954E+01      0.3092953E+02
  -0.1744886E+01      0.1694753E+02
  -0.1720819E+01      0.1790311E+02
  -0.1696752E+01      0.4426025E+02
  -0.1672684E+01      0.1340455E+02
  -0.1648617E+01      0.1377282E+02
  -0.1624549E+01      0.1509305E+02
  -0.1600482E+01      0.1568608E+02
  -0.1576415E+01      0.1769230E+02
  -0.1552347E+01      0.7287438E+02
  -0.1528280E+01      0.4977091E+01
  -0.1504212E+01      0.5090073E+01
  -0.1480145E+01      0.5279888E+01
  -0.1456078E+01      0.5618846E+01
  -0.1432010E+01      0.6364015E+01
  -0.1407943E+01      0.1260280E+02
  -0.1383875E+01      0.4586961E+01
  -0.1359808E+01      0.4228554E+01
  -0.1335741E+01      0.4020903E+01
  -0.1311673E+01      0.3881491E+01
  -0.1287606E+01      0.3779019E+01
  -0.1263538E+01      0.3698882E+01
  -0.1239471E+01      0.3633326E+01
  -0.1215404E+01      0.3577841E+01
  -0.1191336E+01      0.3529628E+01
  -0.1167269E+01      0.3486851E+01
  -0.1143201E+01      0.8473755E+01
  -0.1119134E+01      0.7695670E+01
  -0.1095067E+01      0.7989912E+01
  -0.1070999E+01      0.1184647E+02
  -0.1046932E+01      0.4917784E+01
  -0.1022864E+01      0.4711461E+01
  -0.9987971E+00      0.4586056E+01
  -0.9747297E+00      0.4501348E+01
  -0.9506623E+00      0.4442060E+01
  -0.9265949E+00      0.4401138E+01
  -0.9025275E+00      0.4375180E+01
  -0.8784601E+00      0.4362840E+01
  -0.8543927E+00      0.4364286E+01
  -0.8303253E+00      0.4381199E+01
  -0.8062579E+00      0.4417302E+01
  -0.7821905E+00      0.4479776E+01
  -0.7581231E+00      0.4582932E+01
  -0.7340557E+00      0.4759050E+01
  -0.7099883E+00      0.5101968E+01
  -0.6859209E+00      0.6113483E+01
  -0.6618535E+00      0.3447230E+01
  -0.6377861E+00      0.3422531E+01
  -0.6137187E+00      0.3398782E+01
  -0.5896513E+00      0.5359899E+01
  -0.5655839E+00      0.4781423E+01
  -0.5415165E+00      0.4597626E+01
  -0.5174491E+00      0.4524686E+01
  -0.4933817E+00      0.4508757E+01
  -0.4693143E+00      0.4534845E+01
  -0.4452469E+00      0.4601681E+01
  -0.4211795E+00      0.4717204E+01
  -0.3971121E+00      0.4900948E+01
  -0.3730447E+00      0.5194542E+01
  -0.3489773E+00      0.6569779E+01
  -0.3249099E+00      0.7304040E+01
  -0.3008425E+00      0.9955304E+01
  -0.2767751E+00      0.3599695E+01
  -0.2527077E+00      0.3545790E+01
  -0.2286403E+00      0.3504030E+01
  -0.2045729E+00      0.3470164E+01
  -0.1805055E+00      0.3441946E+01
  -0.1564381E+00      0.3418104E+01
  -0.1323707E+00      0.3397909E+01
  -0.1083033E+00      0.7962167E+01
  -0.8423590E-01      0.5711618E+01
  -0.6016850E-01      0.5106582E+01
  -0.3610110E-01      0.4792897E+01
  -0.1203370E-01      0.4595540E+01
   0.1203370E-01      0.4460766E+01
   0.3610110E-01      0.4366710E+01
   0.6016850E-01      0.4304038E+01
   0.8423590E-01      0.4270659E+01
   0.1083033E+00      0.4271900E+01
   0.1323707E+00      0.4327861E+01
   0.1564381E+00      0.7389506E+01
   0.1805055E+00      0.8457560E+01
   0.2045729E+00      0.3608502E+01
   0.2286403E+00      0.3569008E+01
   0.2527077E+00      0.3532802E+01
   0.2767751E+00      0.3499418E+01
   0.3008425E+00      0.3468487E+01
   0.3249099E+00      0.3439711E+01
   0.3489773E+00      0.3412854E+01
   0.3730447E+00      0.3387722E+01
   0.3971121E+00      0.3364158E+01
   0.4211795E+00      0.3342036E+01
   0.4452469E+00      0.3321253E+01
   0.4693143E+00      0.3301731E+01
   0.4933817E+00      0.3283407E+01
   0.5174491E+00      0.6283870E+01
   0.5415165E+00      0.4371093E+01
   0.5655839E+00      0.4065245E+01
   0.5896513E+00      0.3915056E+01
   0.6137187E+00      0.3819811E+01
   0.6377861E+00      0.3751773E+01
   0.6618535E+00      0.3699844E+01
   0.6859209E+00      0.3658641E+01
   0.7099883E+00      0.3625235E+01
   0.7340557E+00      0.3597921E+01
   0.7581231E+00      0.3575678E+01
   0.7821905E+00      0.6433123E+01
   0.8062579E+00      0.5402438E+01
   0.8303253E+00      0.5023935E+01
   0.8543927E+00      0.4816566E+01
   0.8784601E+00      0.4686307E+01
   0.9025275E+00      0.4600907E+01
   0.9265949E+00      0.4546665E+01
   0.9506623E+00      0.4517615E+01
   0.9747297E+00      0.4512137E+01
   0.9987971E+00      0.4532162E+01
   0.1022864E+01      0.4584190E+01
   0.1046932E+01      0.4683447E+01
   0.1070999E+01      0.4869102E+01
   0.1095067E+01      0.5292778E+01
   0.1119134E+01      0.6743881E+01
   0.1143201E+01      0.5455347E+01
   0.1167269E+01      0.6159648E+01
   0.1191336E+01      0.3254758E+01
   0.1215404E+01      0.3246854E+01
   0.1239471E+01      0.5764565E+01
   0.1263538E+01      0.4448663E+01
   0.1287606E+01      0.4123109E+01
   0.1311673E+01      0.3932686E+01
   0.1335741E+01      0.3805055E+01
   0.1359808E+01      0.3713775E+01
   0.1383875E+01      0.3646777E+01
   0.1407943E+01      0.3597972E+01
   0.1432010E+01      0.3564345E+01
   0.1456078E+01      0.3544867E+01
   0.1480145E+01      0.3540232E+01
   0.1504212E+01      0.3553242E+01
   0.1528280E+01      0.3590204E+01
   0.1552347E+01      0.3664853E+01
   0.1576415E+01      0.3811080E+01
   0.1600482E+01      0.4141759E+01
   0.1624549E+01      0.5571027E+01
   0.1648617E+01      0.2390940E+01
   0.1672684E+01      0.2381461E+01
   0.1696752E+01      0.2372579E+01
   0.1720819E+01      0.2364296E+01
   0.1744886E+01      0.2356627E+01
   0.1768954E+01      0.2349595E+01
   0.1793021E+01      0.2343244E+01
   0.1817089E+01      0.2337610E+01
   0.1841156E+01      0.2332782E+01
   0.1865223E+01      0.2328855E+01
   0.1889291E+01      0.2325963E+01
   0.1913358E+01      0.2324293E+01
   0.1937426E+01      0.2324104E+01
   0.1961493E+01      0.2325767E+01
   0.1985560E+01      0.2329834E+01
   0.2009628E+01      0.2337159E+01
   0.2033695E+01      0.5159425E+01
   0.2057763E+01      0.3396480E+01
   0.2081830E+01      0.3158474E+01
   0.2105897E+01      0.3086538E+01
   0.2129965E+01      0.5346739E+01
   0.2154032E+01      0.4928041E+01
   0.2178100E+01      0.3462420E+01
   0.2202167E+01      0.3278219E+01
   0.2226234E+01      0.3153532E+01
   0.2250302E+01      0.3060804E+01
   0.2274369E+01      0.2987777E+01
   0.2298437E+01      0.2928004E+01
   0.2322504E+01      0.2877710E+01
   0.2346571E+01      0.2834488E+01
   0.2370639E+01      0.2796760E+01
   0.2394706E+01      0.2763406E+01
   0.2418774E+01      0.3915542E+01
   0.2442841E+01      0.3364540E+01
   0.2466908E+01      0.3189993E+01
   0.2490976E+01      0.3089619E+01
   0.2515043E+01      0.3019699E+01
   0.2539111E+01      0.2966237E+01
   0.2563178E+01      0.2923161E+01
   0.2587245E+01      0.2887363E+01
   0.2611313E+01      0.2857092E+01
   0.2635380E+01      0.2831315E+01
   0.2659448E+01      0.2809445E+01
   0.2683515E+01      0.2791211E+01
   0.2707582E+01      0.2776623E+01
   0.2731650E+01      0.2766021E+01
   0.2755717E+01      0.2760208E+01
   0.2779785E+01      0.2760809E+01
   0.2803852E+01      0.2771172E+01
   0.2827919E+01      0.2799089E+01
   0.2851987E+01      0.2868405E+01
   0.2876054E+01      0.3150038E+01
   0.2900122E+01      0.2917276E+01
   0.2924189E+01      0.2259943E+01
   0.2948256E+01      0.2251001E+01
   0.2972324E+01      0.2242470E+01
   0.2996391E+01      0.2234355E+01
   0.3020459E+01      0.2226668E+01
   0.3044526E+01      0.2219429E+01
   0.3068593E+01      0.8741561E+01
   0.3092661E+01      0.6531372E+01
   0.3116728E+01      0.5005519E+01
   0.3140796E+01      0.4453755E+01
   0.3164863E+01      0.4144177E+01
   0.3188930E+01      0.3939769E+01
   0.3212998E+01      0.6232349E+01
   0.3237065E+01      0.5208686E+01
   0.3261133E+01      0.4826868E+01
   0.3285200E+01      0.4600966E+01
   0.3309267E+01      0.4450390E+01
   0.3333335E+01      0.5280282E+01
   0.3357402E+01      0.4932741E+01
   0.3381470E+01      0.5074597E+01
   0.3405537E+01      0.4068586E+01
   0.3429604E+01      0.3977427E+01
   0.3453672E+01      0.7356036E+01
   0.3477739E+01      0.4910743E+01
   0.3501807E+01      0.4599015E+01
   0.3525874E+01      0.7096289E+01
   0.3549941E+01      0.5035883E+01
   0.3574009E+01      0.5169212E+01
   0.3598076E+01      0.3904461E+01
   0.3622144E+01      0.3876064E+01
   0.3646211E+01      0.3915932E+01
   0.3670278E+01      0.4287679E+01
   0.3694346E+01      0.3345510E+01
   0.3718413E+01      0.3319027E+01
   0.3742481E+01      0.5728860E+01
   0.3766548E+01      0.4742599E+01
   0.3790615E+01      0.4515121E+01
   0.3814683E+01      0.4529376E+01
   0.3838750E+01      0.4999116E+01
   0.3862818E+01      0.2932456E+01
   0.3886885E+01      0.2910119E+01
   0.3910952E+01      0.2889445E+01
   0.3935020E+01      0.2870324E+01
   0.3959087E+01      0.2852679E+01
   0.3983155E+01      0.2836463E+01
   0.4007222E+01      0.2821655E+01
   0.4031289E+01      0.2808270E+01
   0.4055357E+01      0.3764216E+01
   0.4079424E+01      0.3493491E+01
   0.4103492E+01      0.3379688E+01
   0.4127559E+01      0.1442628E+02
   0.4151626E+01      0.4608037E+01
   0.4175694E+01      0.4196935E+01
   0.4199761E+01      0.4009554E+01
   0.4223829E+01      0.3901352E+01
   0.4247896E+01      0.3838184E+01
   0.4271963E+01      0.3814051E+01
   0.4296031E+01      0.3852059E+01
   0.4320098E+01      0.4812871E+01
   0.4344166E+01      0.3778611E+01
   0.4368233E+01      0.3682418E+01
   0.4392300E+01      0.3621055E+01
   0.4416368E+01      0.3577863E+01
   0.4440435E+01      0.5028794E+01
   0.4464503E+01      0.4449348E+01
   0.4488570E+01      0.4261529E+01
   0.4512637E+01      0.4170180E+01
   0.4536705E+01      0.4130242E+01
   0.4560772E+01      0.4137140E+01
   0.4584840E+01      0.4218758E+01
   0.4608907E+01      0.4558380E+01
   0.4632974E+01      0.3495700E+01
   0.4657042E+01      0.3618724E+01
   0.4681109E+01      0.4451878E+01
   0.4705177E+01      0.2842261E+01
   0.4729244E+01      0.2826744E+01
   0.4753311E+01      0.2814908E+01
   0.4777379E+01      0.2807841E+01
   0.4801446E+01      0.2808370E+01
   0.4825514E+01      0.2825008E+01
   0.4849581E+01      0.2898994E+01
   0.4873648E+01      0.2538203E+01
   0.4897716E+01      0.2523119E+01
   0.4921783E+01      0.2508700E+01
   0.4945851E+01      0.2494894E+01
   0.4969918E+01      0.2481659E+01
   0.4993985E+01      0.2468962E+01
   0.5018053E+01      0.3315482E+01
   0.5042120E+01      0.3071141E+01
   0.5066188E+01      0.3794767E+01
   0.5090255E+01      0.3313913E+01
   0.5114322E+01      0.3228140E+01
   0.5138390E+01      0.4021593E+01
   0.5162457E+01      0.3770101E+01
   0.5186525E+01      0.3672535E+01
   0.5210592E+01      0.3621269E+01
   0.5234659E+01      0.3591167E+01
   0.5258727E+01      0.3572192E+01
   0.5282794E+01      0.3559044E+01
   0.5306862E+01      0.3548479E+01
   0.5330929E+01      0.3538473E+01
   0.5354996E+01      0.3527935E+01
   0.5379064E+01      0.3516555E+01
   0.5403131E+01      0.3504655E+01
   0.5427199E+01      0.3493039E+01
   0.5451266E+01      0.3482917E+01
   0.5475333E+01      0.3475964E+01
   0.5499401E+01      0.3474644E+01
   0.5523468E+01      0.3483094E+01
   0.5547536E+01      0.3509545E+01
   0.5571603E+01      0.3574325E+01
   0.5595670E+01      0.3747836E+01
   0.5619738E+01      0.4589761E+01
   0.5643805E+01      0.3180211E+01
   0.5667873E+01      0.3168398E+01
   0.5691940E+01      0.3159255E+01
   0.5716007E+01      0.3153715E+01
   0.5740075E+01      0.3153530E+01
   0.5764142E+01      0.3162473E+01
   0.5788210E+01      0.3190747E+01
   0.5812277E+01      0.3282736E+01
   0.5836344E+01      0.2887425E+01
   0.5860412E+01      0.2884761E+01
   0.5884479E+01      0.2887594E+01
   0.5908547E+01      0.2900929E+01
   0.5932614E+01      0.7988822E+01
   0.5956681E+01      0.4358584E+01
   0.5980749E+01      0.3564429E+01
   0.6004816E+01      0.3416556E+01
   0.6028884E+01      0.3325698E+01
   0.6052951E+01      0.3261795E+01
   0.6077018E+01      0.3213256E+01
   0.6101086E+01      0.3174495E+01
   0.6125153E+01      0.3142612E+01
   0.6149221E+01      0.3115854E+01
   0.6173288E+01      0.3093163E+01
   0.6197355E+01      0.3073891E+01
   0.6221423E+01      0.3792512E+01
   0.6245490E+01      0.3389846E+01
   0.6269558E+01      0.3310889E+01
   0.6293625E+01      0.3273023E+01
   0.6317692E+01      0.4154895E+01
   0.6341760E+01      0.3727203E+01
   0.6365827E+01      0.3692669E+01
   0.6389895E+01      0.3719603E+01
   0.6413962E+01      0.3788150E+01
   0.6438029E+01      0.3927926E+01
   0.6462097E+01      0.3561644E+01
   0.6486164E+01      0.3577755E+01
   0.6510232E+01      0.3582113E+01
   0.6534299E+01      0.3580386E+01
   0.6558366E+01      0.3585388E+01
   0.6582434E+01      0.3639012E+01
   0.6606501E+01      0.3372973E+01
   0.6630569E+01      0.3349416E+01
   0.6654636E+01      0.3330974E+01
   0.6678703E+01      0.3320323E+01
   0.6702771E+01      0.3323442E+01
   0.6726838E+01      0.3361088E+01
   0.6750906E+01      0.3659131E+01
   0.6774973E+01      0.3053026E+01
   0.6799040E+01      0.3034185E+01
   0.6823108E+01      0.3016759E+01
   0.6847175E+01      0.3002009E+01
   0.6871243E+01      0.2985775E+01
   0.6895310E+01      0.2972079E+01
   0.6919377E+01      0.2959523E+01
   0.6943445E+01      0.2948098E+01
   0.6967512E+01      0.2937808E+01
   0.6991580E+01      0.2928710E+01
   0.7015647E+01      0.2920891E+01
   0.7039714E+01      0.2914503E+01
   0.7063782E+01      0.2909791E+01
   0.7087849E+01      0.2907148E+01
   0.7111917E+01      0.2907228E+01
   0.7135984E+01      0.2911189E+01
   0.7160051E+01      0.2921271E+01
   0.7184119E+01      0.2942545E+01
   0.7208186E+01      0.2989950E+01
   0.7232254E+01      0.3145995E+01
   0.7256321E+01      0.2695014E+01
   0.7280388E+01      0.2687732E+01
   0.7304456E+01      0.2680816E+01
   0.7328523E+01      0.2674262E+01
   0.7352591E+01      0.2668067E+01
   0.7376658E+01      0.2662230E+01
   0.7400725E+01      0.2656752E+01
   0.7424793E+01      0.2651635E+01
   0.7448860E+01      0.2646884E+01
   0.7472928E+01      0.2642504E+01
   0.7496995E+01      0.2638505E+01
   0.7521062E+01      0.2634896E+01
   0.7545130E+01      0.3067771E+01
   0.7569197E+01      0.2946197E+01
   0.7593265E+01      0.2893810E+01
   0.7617332E+01      0.2863902E+01
   0.7641399E+01      0.3194489E+01
   0.7665467E+01      0.3043632E+01
   0.7689534E+01      0.2993101E+01
   0.7713602E+01      0.2966584E+01
   0.7737669E+01      0.2951287E+01
   0.7761736E+01      0.2942882E+01
   0.7785804E+01      0.2939463E+01
   0.7809871E+01      0.2940081E+01
   0.7833939E+01      0.2944250E+01
   0.7858006E+01      0.2951753E+01
   0.7882073E+01      0.2962506E+01
   0.7906141E+01      0.2976609E+01
   0.7930208E+01      0.2994235E+01
   0.7954276E+01      0.3015688E+01
   0.7978343E+01      0.3041449E+01
   0.8002410E+01      0.3072294E+01
   0.8026478E+01      0.3507740E+01
   0.8050545E+01      0.3389700E+01
   0.8074613E+01      0.4164339E+01
   0.8098680E+01      0.3773662E+01
   0.8122747E+01      0.3896550E+01
   0.8146815E+01      0.3468306E+01
   0.8170882E+01      0.3224838E+01
   0.8194950E+01      0.3224854E+01
   0.8219017E+01      0.3229500E+01
   0.8243084E+01      0.3237054E+01
   0.8267152E+01      0.3246667E+01
   0.8291219E+01      0.3257976E+01
   0.8315287E+01      0.3270864E+01
   0.8339354E+01      0.3285445E+01
   0.8363421E+01      0.3301947E+01
   0.8387489E+01      0.7865159E+01
   0.8411556E+01      0.5171375E+01
   0.8435624E+01      0.4738949E+01
   0.8459691E+01      0.4779982E+01
   0.8483758E+01      0.4618352E+01
   0.8507826E+01      0.4542185E+01
   0.8531893E+01      0.4513957E+01
   0.8555961E+01      0.4527102E+01
   0.8580028E+01      0.4590160E+01
   0.8604095E+01      0.5344631E+01
   0.8628163E+01      0.5456627E+01
   0.8652230E+01      0.6858417E+01
   0.8676298E+01      0.4370447E+01
   0.8700365E+01      0.4316787E+01
   0.8724432E+01      0.4296088E+01
   0.8748500E+01      0.4299020E+01
   0.8772567E+01      0.4324545E+01
   0.8796635E+01      0.4376423E+01
   0.8820702E+01      0.4464498E+01
   0.8844769E+01      0.4611200E+01
   0.8868837E+01      0.4875750E+01
   0.8892904E+01      0.5494460E+01
   0.8916972E+01      0.3747329E+01
   0.8941039E+01      0.3633058E+01
   0.8965106E+01      0.3077572E+01
   0.8989174E+01      0.3076744E+01
   0.9013241E+01      0.3076338E+01
   0.9037309E+01      0.3075555E+01
   0.9061376E+01      0.3073739E+01
   0.9085443E+01      0.3070463E+01
   0.9109511E+01      0.3065566E+01
   0.9133578E+01      0.3059153E+01
   0.9157646E+01      0.4363784E+01
   0.9181713E+01      0.3276902E+01
   0.9205780E+01      0.3198995E+01
   0.9229848E+01      0.3158916E+01
   0.9253915E+01      0.3131728E+01
   0.9277983E+01      0.4051034E+01
   0.9302050E+01      0.3437984E+01
   0.9326117E+01      0.3333930E+01
   0.9350185E+01      0.6091356E+01
   0.9374252E+01      0.5434978E+01
   0.9398320E+01      0.5201844E+01
   0.9422387E+01      0.5100784E+01
   0.9446454E+01      0.5049079E+01
   0.9470522E+01      0.5002870E+01
   0.9494589E+01      0.4935721E+01
   0.9518657E+01      0.4840533E+01
   0.9542724E+01      0.5106664E+01
   0.9566791E+01      0.4862203E+01
   0.9590859E+01      0.4703218E+01
   0.9614926E+01      0.4579400E+01
   0.9638994E+01      0.4481850E+01
   0.9663061E+01      0.4409961E+01
   0.9687128E+01      0.4372158E+01
   0.9711196E+01      0.4469338E+01
   0.9735263E+01      0.4056471E+01
   0.9759331E+01      0.4357847E+01
   0.9783398E+01      0.4193657E+01
   0.9807465E+01      0.4103949E+01
   0.9831533E+01      0.4037203E+01
   0.9855600E+01      0.3981789E+01
   0.9879668E+01      0.3933237E+01
   0.9903735E+01      0.3889372E+01
   0.9927802E+01      0.3848993E+01
   0.9951870E+01      0.5793083E+01
   0.9975937E+01      0.4367074E+01
   0.1000000E+02      0.5460292E+01
 &
