cpu-bind=MASK - cn1028, task  0  0 [64522]: mask 0xffffffffffffffff set
--------------------------------------------------------------------------
Open MPI failed an OFI Libfabric library call (fi_domain).  This is highly
unusual; your job may behave unpredictably (and/or abort) after this.

  Local host: cn1038
  Location: mtl_ofi_component.c:928
  Error: No data available (61)
--------------------------------------------------------------------------
[cn1028.scarf.rl.ac.uk:64572] 239 more processes have sent help message help-mtl-ofi.txt / OFI call fail
[cn1028.scarf.rl.ac.uk:64572] Set MCA parameter "orte_base_help_aggregate" to 0 to see all help / error messages
--------------------------------------------------------------------------
Open MPI failed an OFI Libfabric library call (fi_domain).  This is highly
unusual; your job may behave unpredictably (and/or abort) after this.

  Local host: cn1028
  Location: mtl_ofi_component.c:928
  Error: No data available (61)
--------------------------------------------------------------------------
[cn1028.scarf.rl.ac.uk:00724] 239 more processes have sent help message help-mtl-ofi.txt / OFI call fail
[cn1028.scarf.rl.ac.uk:00724] Set MCA parameter "orte_base_help_aggregate" to 0 to see all help / error messages
[1678628807.898951] [cn1035:27399:0]          mpool.c:43   UCX  WARN  object 0x5862c80 was not returned to mpool ucp_requests
[1678628807.910652] [cn1028:796  :0]          mpool.c:43   UCX  WARN  object 0xa53d100 was not returned to mpool ucp_requests
[1678628807.910781] [cn1028:797  :0]          mpool.c:43   UCX  WARN  object 0xbc7abc0 was not returned to mpool ucp_requests
[1678628807.910984] [cn1028:794  :0]          mpool.c:43   UCX  WARN  object 0xac59bc0 was not returned to mpool ucp_requests
[1678628807.910985] [cn1028:800  :0]          mpool.c:43   UCX  WARN  object 0x584a280 was not returned to mpool ucp_requests
[1678628807.911011] [cn1028:804  :0]          mpool.c:43   UCX  WARN  object 0xb189640 was not returned to mpool ucp_requests
[1678628807.911330] [cn1028:808  :0]          mpool.c:43   UCX  WARN  object 0x5313280 was not returned to mpool ucp_requests
[1678628807.911411] [cn1028:822  :0]          mpool.c:43   UCX  WARN  object 0xb95a780 was not returned to mpool ucp_requests
[1678628807.911583] [cn1028:824  :0]          mpool.c:43   UCX  WARN  object 0xa79b000 was not returned to mpool ucp_requests
[1678628807.911639] [cn1028:812  :0]          mpool.c:43   UCX  WARN  object 0xa51f840 was not returned to mpool ucp_requests
[1678628807.911753] [cn1028:818  :0]          mpool.c:43   UCX  WARN  object 0xc22cbc0 was not returned to mpool ucp_requests
--------------------------------------------------------------------------
Open MPI failed an OFI Libfabric library call (fi_domain).  This is highly
unusual; your job may behave unpredictably (and/or abort) after this.

  Local host: cn1036
  Location: mtl_ofi_component.c:928
  Error: No data available (61)
--------------------------------------------------------------------------
[cn1028.scarf.rl.ac.uk:01445] 239 more processes have sent help message help-mtl-ofi.txt / OFI call fail
[cn1028.scarf.rl.ac.uk:01445] Set MCA parameter "orte_base_help_aggregate" to 0 to see all help / error messages
[1678630466.093735] [cn1028:1540 :0]          mpool.c:43   UCX  WARN  object 0xb722f80 was not returned to mpool ucp_requests
[1678630466.093784] [cn1028:1537 :0]          mpool.c:43   UCX  WARN  object 0xb3ff140 was not returned to mpool ucp_requests
[1678630466.093767] [cn1028:1548 :0]          mpool.c:43   UCX  WARN  object 0x64eab80 was not returned to mpool ucp_requests
[1678630466.096312] [cn1028:1515 :0]          mpool.c:43   UCX  WARN  object 0xb18a140 was not returned to mpool ucp_requests
[1678630466.094989] [cn1028:1516 :0]          mpool.c:43   UCX  WARN  object 0xa673080 was not returned to mpool ucp_requests
[1678630466.096504] [cn1028:1518 :0]          mpool.c:43   UCX  WARN  object 0xbd2d9c0 was not returned to mpool ucp_requests
[1678630466.094242] [cn1028:1523 :0]          mpool.c:43   UCX  WARN  object 0xae74940 was not returned to mpool ucp_requests
[1678630466.093801] [cn1028:1545 :0]          mpool.c:43   UCX  WARN  object 0xa872dc0 was not returned to mpool ucp_requests
[1678630466.093882] [cn1028:1552 :0]          mpool.c:43   UCX  WARN  object 0xac97040 was not returned to mpool ucp_requests
[1678630466.093912] [cn1028:1554 :0]          mpool.c:43   UCX  WARN  object 0xb930fc0 was not returned to mpool ucp_requests
[1678630466.099425] [cn1035:28038:0]          mpool.c:43   UCX  WARN  object 0x5186fc0 was not returned to mpool ucp_requests
cp: cannot stat ‘0V-VH_z-00172.dat’: No such file or directory
cp: cannot stat ‘0V-VH_z-00172.dat’: No such file or directory
cp: cannot stat ‘0V-RHO_z-00172.dat’: No such file or directory
cp: cannot stat ‘0V-RHO_z-00172.dat’: No such file or directory
