
Lmod is automatically replacing "cce/11.0.4" with "gcc/10.2.0".


Lmod is automatically replacing "PrgEnv-cray/8.0.0" with "PrgEnv-gnu/8.0.0".


Due to MODULEPATH changes, the following have been reloaded:
  1) cray-mpich/8.1.4


The following have been reloaded with a version change:
  1) PrgEnv-gnu/8.0.0 => PrgEnv-gnu/8.1.0
  2) cray-libsci/21.04.1.1 => cray-libsci/21.08.1.2
  3) cray-mpich/8.1.4 => cray-mpich/8.1.9
  4) craype/2.7.6 => craype/2.7.10
  5) gcc/10.2.0 => gcc/11.2.0

sed: can't read 3_0V.inp: No such file or directory
sed: can't read 3_0V.inp: No such file or directory
sed: can't read 3_0V.inp: No such file or directory
MPICH ERROR [Rank 0] [job id 3419386.0] [Mon Apr  3 22:57:48 2023] [nid001594] - Abort(1) (rank 0 in comm 0): application called MPI_Abort(MPI_COMM_WORLD, 1) - process 0

aborting job:
application called MPI_Abort(MPI_COMM_WORLD, 1) - process 0
srun: error: nid001594: task 0: Exited with exit code 255
srun: launch/slurm: _step_signal: Terminating StepId=3419386.0
slurmstepd: error: *** STEP 3419386.0 ON nid001594 CANCELLED AT 2023-04-03T22:57:50 ***
srun: error: nid003379: tasks 384-511: Terminated
srun: error: nid002740: tasks 256-383: Terminated
srun: error: nid002293: tasks 128-255: Terminated
srun: error: nid001594: tasks 1-127: Terminated
srun: Force Terminated StepId=3419386.0
srun: Job 3419386 step creation temporarily disabled, retrying (Requested nodes are busy)
srun: Step created for job 3419386
slurmstepd: error: *** STEP 3419386.1 ON nid001594 CANCELLED AT 2023-04-04T22:58:03 DUE TO TIME LIMIT ***
slurmstepd: error: *** JOB 3419386 ON nid001594 CANCELLED AT 2023-04-04T22:58:03 DUE TO TIME LIMIT ***
