SIESTA 1.3.7  -- [1.3f1 release] (04 Feb 2004)
Architecture  : mpif90
Compiler flags:  -O3 -check bounds -fp-model strict
PARALLEL version

* Running on   64 nodes in parallel
>> Start of run:   3-NOV-2023  12:19:43

                           ***********************       
                           *  WELCOME TO SIESTA  *       
                           ***********************       

reinit: Reading from standard input
************************** Dump of input data file ****************************
SystemName                   4V          # Descriptive name of the system
SystemLabel                     4V               # Short name for naming files
NumberOfAtoms    96
NumberOfSpecies                 1               # Number of species
PAO.BasisType                   split
%block ChemicalSpeciesLabel
1 79 Au
%endblock ChemicalSpeciesLabel
%block PAO.Basis
  Au  2
n=6  0  1
6.500
1.00
n=5  2  1
5.850
1.00
%endblock PAO.Basis
%block PS.lmax
 Au   3
%endblock PS.lmax
LatticeConstant 1.000 Ang
%block LatticeVectors
   8.336     0.000   0.000        1
  0.000    8.336     0.000   1
  0.000   0.000    33.926  1
%endblock LatticeVectors
AtomicCoordinatesFormat Ang
%block AtomicCoordinatesAndAtomicSpecies
0.0 0.0 0.0 1 Au
0.0 4.168 0.0 1 Au
2.084 2.084 0.0 1 Au
2.084 6.252 0.0 1 Au
4.168 0.0 0.0 1 Au
4.168 4.168 0.0 1 Au
6.252 2.084 0.0 1 Au
6.252 6.252 0.0 1 Au
0.0 2.084 2.084 1 Au
0.0 6.252 2.084 1 Au
2.084 0.0 2.084 1 Au
2.084 4.168 2.084 1 Au
4.168 2.084 2.084 1 Au
4.168 6.252 2.084 1 Au
6.252 0.0 2.084 1 Au
6.252 4.168 2.084 1 Au
0.0 0.0 4.168 1 Au
0.0 4.168 4.168 1 Au
2.084 2.084 4.168 1 Au
2.084 6.252 4.168 1 Au
4.168 0.0 4.168 1 Au
4.168 4.168 4.168 1 Au
6.252 2.084 4.168 1 Au
6.252 6.252 4.168 1 Au
0.0 2.084 6.252 1 Au
0.0 6.252 6.252 1 Au
2.084 0.0 6.252 1 Au
2.084 4.168 6.252 1 Au
4.168 2.084 6.252 1 Au
4.168 6.252 6.252 1 Au
6.252 0.0 6.252 1 Au
6.252 4.168 6.252 1 Au
0.0 0.0 8.336 1 Au
0.0 4.168 8.336 1 Au
2.084 2.084 8.336 1 Au
2.084 6.252 8.336 1 Au
4.168 0.0 8.336 1 Au
4.168 4.168 8.336 1 Au
6.252 2.084 8.336 1 Au
6.252 6.252 8.336 1 Au
0.0 2.084 10.42 1 Au
0.0 6.252 10.42 1 Au
2.084 0.0 10.42 1 Au
2.084 4.168 10.42 1 Au
4.168 2.084 10.42 1 Au
4.168 6.252 10.42 1 Au
6.252 0.0 10.42 1 Au
6.252 4.168 10.42 1 Au
0.0 0.0 21.422 1 Au
0.0 4.168 21.422 1 Au
2.084 2.084 21.422 1 Au
2.084 6.252 21.422 1 Au
4.168 0.0 21.422 1 Au
4.168 4.168 21.422 1 Au
6.252 2.084 21.422 1 Au
6.252 6.252 21.422 1 Au
0.0 2.084 23.506 1 Au
0.0 6.252 23.506 1 Au
2.084 0.0 23.506 1 Au
2.084 4.168 23.506 1 Au
4.168 2.084 23.506 1 Au
4.168 6.252 23.506 1 Au
6.252 0.0 23.506 1 Au
6.252 4.168 23.506 1 Au
0.0 0.0 25.59 1 Au
0.0 4.168 25.59 1 Au
2.084 2.084 25.59 1 Au
2.084 6.252 25.59 1 Au
4.168 0.0 25.59 1 Au
4.168 4.168 25.59 1 Au
6.252 2.084 25.59 1 Au
6.252 6.252 25.59 1 Au
0.0 2.084 27.674 1 Au
0.0 6.252 27.674 1 Au
2.084 0.0 27.674 1 Au
2.084 4.168 27.674 1 Au
4.168 2.084 27.674 1 Au
4.168 6.252 27.674 1 Au
6.252 0.0 27.674 1 Au
6.252 4.168 27.674 1 Au
0.0 0.0 29.758 1 Au
0.0 4.168 29.758 1 Au
2.084 2.084 29.758 1 Au
2.084 6.252 29.758 1 Au
4.168 0.0 29.758 1 Au
4.168 4.168 29.758 1 Au
6.252 2.084 29.758 1 Au
6.252 6.252 29.758 1 Au
0.0 2.084 31.842 1 Au
0.0 6.252 31.842 1 Au
2.084 0.0 31.842 1 Au
2.084 4.168 31.842 1 Au
4.168 2.084 31.842 1 Au
4.168 6.252 31.842 1 Au
6.252 0.0 31.842 1 Au
6.252 4.168 31.842 1 Au
%endblock AtomicCoordinatesAndAtomicSpecies 	
%block kgrid_Monkhorst_Pack
  2   0   0     0.0
  0   2   0     0.0
  0   0   1     0.0
%endblock kgrid_Monkhorst_Pack
xc.functional		LDA		# 'LDA', 'GGA'
xc.authors 	 		CA		# 'CA'='PZ', 'PW92', 'PBE'
SpinPolarized			F		# 'T', 'F'		
#FixSpin           F
#TotalSpin        0.0
NonCollinearSpin		F		# 'T', 'F'
MeshCutoff 	 		    200 Ry		# Equivalent plane wave cutoff for the grid
MaxSCFIterations		500
DM.MixingWeight			0.1
DM.NumberPulay			4	# Pulay convergency accelerator
DM.MixSCF1			    T
MixHamiltonian      T
DM.PulayOnFile			F		# Store in memory ('F') or in files ('T')
#DM.NumberKick         30
#DM.KickMixingWeight   0.1
DM.Tolerance 		1.0E-4
NeglNonOverlapInt		F		# 'F'=do not neglect
SolutionMethod			diagon
ElectronicTemperature		300 K		# Default value
DM.UseSaveDM 			T
#MD.UseSaveXV			T
#MD.UseSaveCG			T
WriteForces      T
WriteCoorXmol			T		# Write Atoms coordinates
SaveElectrostaticPotential      T
#SaveHS				T		# Save the Hamiltonian and Overlap matrices
SaveRho				T		# Save the valence pseudocharge density
#SaveDeltaRho			T
#WriteDenchar			T		# Write Denchar output
WriteMullikenPop		0 #write mulliken population of aromic and orbital charges
#-----
#smeagol
#-----
# Perform a transport calculation
EMTransport              T
# Set number of energy points for integrals
NEnergReal               64
# Set bias range
VInitial             4 eV
VFinal               4 eV
NIVPoints                0
# General variables
Delta                    1e-4
EnergLowestBound    -100.0 eV
# Print transmission coefficient
TrCoefficients           T
InitTransmRange      -10.0 eV
FinalTransmRange      10.0 eV
NTransmPoints            800
TRC.EMDOS                T
TRC.LeadsDOS             T
# Matching of Hartree potential with the leads
HartreeLeadsBottom  -15.25061226 eV
%block SaveBiasSteps
 0
%endblock SaveBiasSteps
************************** End of input data file *****************************

reinit: -----------------------------------------------------------------------
reinit: System Name: 4V                                                         
reinit: -----------------------------------------------------------------------
reinit: System Label: 4V                  
reinit: -----------------------------------------------------------------------

initatom: Reading input for the pseudopotentials and atomic orbitals ----------
 Species number:            1  Label: Au Atomic number:          79
Ground state valence configuration:   6s01  5d10
Reading pseudopotential information in formatted form from Au.psf
relmxkb: Read Max KB Ang. Momentum=    3 for species Au
 Warning: Empty PAO shell. l =           1
 Will have a KB projector anyway...

<basis_specs>
===============================================================================
Au                   Z=  79    Mass=  196.97        Charge=  0.0000    
Lmxo=2 Lmxkb=3     BasisType=split      Semic=F
L=0  Nsemic=0  Cnfigmx=6
          n=1  nzeta=1  polorb=0
               vcte:    0.0000    
               rinn:    0.0000    
                rcs:    6.5000    
            lambdas:    1.0000    
L=1  Nsemic=0  Cnfigmx=6
L=2  Nsemic=0  Cnfigmx=5
          n=1  nzeta=1  polorb=0
               vcte:    0.0000    
               rinn:    0.0000    
                rcs:    5.8500    
            lambdas:    1.0000    
-------------------------------------------------------------------------------
L=0  Nkbl=1  erefs: 0.17977+309
L=1  Nkbl=1  erefs: 0.17977+309
L=2  Nkbl=1  erefs: 0.17977+309
L=3  Nkbl=1  erefs: 0.17977+309
===============================================================================
</basis_specs>

atom: Called for Au  (Z =  79)

read_vps: Pseudopotential generation method:
read_vps: ATM3      Troullier-Martins                       

read_vps: Pseudopotential generated from a relativistic atomic calculation
read_vps: There are spin-orbit pseudopotentials available

read_vps: Valence configuration (pseudopotential and basis set generation):
6s( 1.00) rc: 2.18
6p( 0.00) rc: 2.47
5d(10.00) rc: 1.79
5f( 0.00) rc: 2.00
Total valence charge:   11.00000

read_vps: Pseudopotential includes a core correction:
read_vps: Pseudo-core for xc-correction
comcore: Pseudo-core radius Rcore=  4.027091

xc_check: Exchange-correlation functional:
xc_check: Ceperley-Alder
V l=0 = -2*Zval/r beyond r=  2.9833
V l=1 = -2*Zval/r beyond r=  2.9833
V l=2 = -2*Zval/r beyond r=  2.9833
V l=3 = -2*Zval/r beyond r=  2.9833
All V_l potentials equal beyond r=  2.4425
This should be close to max(r_c) in ps generation
All pots = -2*Zval/r beyond r=  2.9833

VLOCAL1: 99.0% of the norm of Vloc inside      7.276 Ry
VLOCAL1: 99.9% of the norm of Vloc inside     16.582 Ry
atom: Maximum radius for 4*pi*r*r*local-pseudopot. charge    2.94627
atom: Maximum radius for r*vlocal+2*Zval:    2.60007
GHOST: No ghost state for L =  0
GHOST: No ghost state for L =  1
GHOST: No ghost state for L =  2
GHOST: No ghost state for L =  3

KBgen: Kleinman-Bylander projectors: 
   l= 0   rc=  3.175745   el= -0.445638   Ekb=  5.072790   kbcos=  0.276607
   l= 1   rc=  3.256140   el= -0.066324   Ekb=  2.703235   kbcos=  0.227171
   l= 2   rc=  3.020861   el= -0.526103   Ekb= -4.704026   kbcos= -0.643795
   l= 3   rc=  3.466145   el=  0.003438   Ekb= -2.516122   kbcos= -0.010529

KBgen: Total number of  Kleinman-Bylander projectors:   16
atom: -------------------------------------------------------------------------

atom: SANKEY-TYPE ORBITALS:

SPLIT: Orbitals with angular momentum L= 0

SPLIT: Basis orbitals for state 6s

   izeta = 1
                 lambda =    1.000000
                     rc =    6.557093
                 energy =   -0.435455
                kinetic =    0.389259
    potential(screened) =   -0.824714
       potential(ionic) =   -8.467175

SPLIT: Orbitals with angular momentum L= 2

SPLIT: Basis orbitals for state 5d

   izeta = 1
                 lambda =    1.000000
                     rc =    5.933100
                 energy =   -0.524775
                kinetic =    4.913203
    potential(screened) =   -5.437978
       potential(ionic) =  -15.883506
atom: Total number of Sankey-type orbitals:  6

atm_pop: Valence configuration(local Pseudopot. screening):
 6s( 1.00)                                                            
 6p( 0.00)                                                            
 5d(10.00)                                                            
Vna: chval, zval:   11.00000  11.00000

Vna:  Cut-off radius for the neutral-atom potential:   6.557093

atom: _________________________________________________________________________

prinput: Basis input ----------------------------------------------------------

PAO.BasisType split     

%block ChemicalSpeciesLabel
    1   79 Au                      # Species index, atomic number, species label
%endblock ChemicalSpeciesLabel

%block PAO.Basis                 # Define Basis set
Au          2                    # Species label, number of l-shells
 n=6   0   1                         # n, l, Nzeta 
   6.557   
   1.000   
 n=5   2   1                         # n, l, Nzeta 
   5.933   
   1.000   
%endblock PAO.Basis

prinput: ----------------------------------------------------------------------


siesta: ******************** Simulation parameters ****************************
siesta:
siesta: The following are some of the parameters of the simulation.
siesta: A complete list of the parameters used, including defect values,
siesta: can be found in file out.fdf
siesta:
coor:   Atomic-coordinates input format  =     Cartesian coordinates
coor:                                          (in Angstroms)
redata: Number of spin components        =     1
redata: SpinOrbit                        =     0
redata: Long output                      =     F
redata: Number of Atomic Species         =     1
redata: Charge density info will appear in .RHO file
redata: Write Mulliken Pop.              =     NO
redata: Write Hamilton Pop.              =     NO
redata: Mesh Cutoff                      =   200.0000  Ry
redata: Net charge of the system         =     0.0000 |e|
redata: Max. number of SCF Iter          =   500
redata: One Pulay mixing every           =     4 iterations
redata: Mix DM in first SCF step ?       =     T
redata: Write Pulay info on disk?        =     F
redata: New DM Mixing Weight             =     0.1000
redata: No kicks to SCF
redata: DM Mixing Weight for Kicks       =     0.5000
redata: DM Tolerance for SCF             =     0.000100
redata: Use continuation files for DM    =     T
redata: Neglect nonoverlap interactions  =     F
redata: Method of Calculation            =     Diagonalization
redata: Divide and Conquer               =     F
redata: Electronic Temperature           =     0.0019  Ry
redata: Fix the spin of the system       =     F
redata: Dynamics option                  =     CG coord. optimization
redata: Variable cell                    =     F
redata: Use continuation files for CG    =     F
redata: Maximum number of CG moves       =     0
redata: Max atomic displ per move        =     0.2000  Bohr
redata: Force tolerance                  =     0.0016  Ry/Bohr
redata: ***********************************************************************

siesta: Atomic coordinates (Bohr) and species
siesta:      0.00000   0.00000   0.00000  1        1
siesta:      0.00000   7.87638   0.00000  1        2
siesta:      3.93819   3.93819   0.00000  1        3
siesta:      3.93819  11.81457   0.00000  1        4
siesta:      7.87638   0.00000   0.00000  1        5
siesta:      7.87638   7.87638   0.00000  1        6
siesta:     11.81457   3.93819   0.00000  1        7
siesta:     11.81457  11.81457   0.00000  1        8
siesta:      0.00000   3.93819   3.93819  1        9
siesta:      0.00000  11.81457   3.93819  1       10
siesta:      3.93819   0.00000   3.93819  1       11
siesta:      3.93819   7.87638   3.93819  1       12
siesta:      7.87638   3.93819   3.93819  1       13
siesta:      7.87638  11.81457   3.93819  1       14
siesta:     11.81457   0.00000   3.93819  1       15
siesta:     11.81457   7.87638   3.93819  1       16
siesta:      0.00000   0.00000   7.87638  1       17
siesta:      0.00000   7.87638   7.87638  1       18
siesta:      3.93819   3.93819   7.87638  1       19
siesta:      3.93819  11.81457   7.87638  1       20
siesta:      7.87638   0.00000   7.87638  1       21
siesta:      7.87638   7.87638   7.87638  1       22
siesta:     11.81457   3.93819   7.87638  1       23
siesta:     11.81457  11.81457   7.87638  1       24
siesta:      0.00000   3.93819  11.81457  1       25
siesta:      0.00000  11.81457  11.81457  1       26
siesta:      3.93819   0.00000  11.81457  1       27
siesta:      3.93819   7.87638  11.81457  1       28
siesta:      7.87638   3.93819  11.81457  1       29
siesta:      7.87638  11.81457  11.81457  1       30
siesta:     11.81457   0.00000  11.81457  1       31
siesta:     11.81457   7.87638  11.81457  1       32
siesta:      0.00000   0.00000  15.75276  1       33
siesta:      0.00000   7.87638  15.75276  1       34
siesta:      3.93819   3.93819  15.75276  1       35
siesta:      3.93819  11.81457  15.75276  1       36
siesta:      7.87638   0.00000  15.75276  1       37
siesta:      7.87638   7.87638  15.75276  1       38
siesta:     11.81457   3.93819  15.75276  1       39
siesta:     11.81457  11.81457  15.75276  1       40
siesta:      0.00000   3.93819  19.69095  1       41
siesta:      0.00000  11.81457  19.69095  1       42
siesta:      3.93819   0.00000  19.69095  1       43
siesta:      3.93819   7.87638  19.69095  1       44
siesta:      7.87638   3.93819  19.69095  1       45
siesta:      7.87638  11.81457  19.69095  1       46
siesta:     11.81457   0.00000  19.69095  1       47
siesta:     11.81457   7.87638  19.69095  1       48
siesta:      0.00000   0.00000  40.48173  1       49
siesta:      0.00000   7.87638  40.48173  1       50
siesta:      3.93819   3.93819  40.48173  1       51
siesta:      3.93819  11.81457  40.48173  1       52
siesta:      7.87638   0.00000  40.48173  1       53
siesta:      7.87638   7.87638  40.48173  1       54
siesta:     11.81457   3.93819  40.48173  1       55
siesta:     11.81457  11.81457  40.48173  1       56
siesta:      0.00000   3.93819  44.41992  1       57
siesta:      0.00000  11.81457  44.41992  1       58
siesta:      3.93819   0.00000  44.41992  1       59
siesta:      3.93819   7.87638  44.41992  1       60
siesta:      7.87638   3.93819  44.41992  1       61
siesta:      7.87638  11.81457  44.41992  1       62
siesta:     11.81457   0.00000  44.41992  1       63
siesta:     11.81457   7.87638  44.41992  1       64
siesta:      0.00000   0.00000  48.35811  1       65
siesta:      0.00000   7.87638  48.35811  1       66
siesta:      3.93819   3.93819  48.35811  1       67
siesta:      3.93819  11.81457  48.35811  1       68
siesta:      7.87638   0.00000  48.35811  1       69
siesta:      7.87638   7.87638  48.35811  1       70
siesta:     11.81457   3.93819  48.35811  1       71
siesta:     11.81457  11.81457  48.35811  1       72
siesta:      0.00000   3.93819  52.29630  1       73
siesta:      0.00000  11.81457  52.29630  1       74
siesta:      3.93819   0.00000  52.29630  1       75
siesta:      3.93819   7.87638  52.29630  1       76
siesta:      7.87638   3.93819  52.29630  1       77
siesta:      7.87638  11.81457  52.29630  1       78
siesta:     11.81457   0.00000  52.29630  1       79
siesta:     11.81457   7.87638  52.29630  1       80
siesta:      0.00000   0.00000  56.23449  1       81
siesta:      0.00000   7.87638  56.23449  1       82
siesta:      3.93819   3.93819  56.23449  1       83
siesta:      3.93819  11.81457  56.23449  1       84
siesta:      7.87638   0.00000  56.23449  1       85
siesta:      7.87638   7.87638  56.23449  1       86
siesta:     11.81457   3.93819  56.23449  1       87
siesta:     11.81457  11.81457  56.23449  1       88
siesta:      0.00000   3.93819  60.17268  1       89
siesta:      0.00000  11.81457  60.17268  1       90
siesta:      3.93819   0.00000  60.17268  1       91
siesta:      3.93819   7.87638  60.17268  1       92
siesta:      7.87638   3.93819  60.17268  1       93
siesta:      7.87638  11.81457  60.17268  1       94
siesta:     11.81457   0.00000  60.17268  1       95
siesta:     11.81457   7.87638  60.17268  1       96

initatomlists: Number of atoms, orbitals, and projectors:     96   576  1536

siesta: System type = bulk      
 Nodes, Orbitals          64         576
 blocksizedefault           8

* ProcessorY, Blocksize:    8   8


siesta: k-grid: Number of k-points =     4
siesta: k-grid: Cutoff             =     8.336 Ang
siesta: k-grid: Supercell and displacements
siesta: k-grid:    2   0   0      0.000
siesta: k-grid:    0   2   0      0.000
siesta: k-grid:    0   0   1      0.000
siesta: overlap:  rmaxh   veclen  direction
siesta: overlap:  20.0465 15.7528   1
siesta: overlap:  rmaxh   veclen  direction
siesta: overlap:  20.0465 15.7528   2
siesta: overlap:  rmaxh   veclen  direction
siesta: overlap:  20.0465 64.1109   3
 label:           1 Au                             1 s      
 label:           2 Au                             1 dxy    
 label:           3 Au                             1 dyz    
 label:           4 Au                             1 dz2    
 label:           5 Au                             1 dxz    
 label:           6 Au                             1 dx2-y2 
 label:           7 Au                             2 s      
 label:           8 Au                             2 dxy    
 label:           9 Au                             2 dyz    
 label:          10 Au                             2 dz2    
 label:          11 Au                             2 dxz    
 label:          12 Au                             2 dx2-y2 
 label:          13 Au                             3 s      
 label:          14 Au                             3 dxy    
 label:          15 Au                             3 dyz    
 label:          16 Au                             3 dz2    
 label:          17 Au                             3 dxz    
 label:          18 Au                             3 dx2-y2 
 label:          19 Au                             4 s      
 label:          20 Au                             4 dxy    
 label:          21 Au                             4 dyz    
 label:          22 Au                             4 dz2    
 label:          23 Au                             4 dxz    
 label:          24 Au                             4 dx2-y2 
 label:          25 Au                             5 s      
 label:          26 Au                             5 dxy    
 label:          27 Au                             5 dyz    
 label:          28 Au                             5 dz2    
 label:          29 Au                             5 dxz    
 label:          30 Au                             5 dx2-y2 
 label:          31 Au                             6 s      
 label:          32 Au                             6 dxy    
 label:          33 Au                             6 dyz    
 label:          34 Au                             6 dz2    
 label:          35 Au                             6 dxz    
 label:          36 Au                             6 dx2-y2 
 label:          37 Au                             7 s      
 label:          38 Au                             7 dxy    
 label:          39 Au                             7 dyz    
 label:          40 Au                             7 dz2    
 label:          41 Au                             7 dxz    
 label:          42 Au                             7 dx2-y2 
 label:          43 Au                             8 s      
 label:          44 Au                             8 dxy    
 label:          45 Au                             8 dyz    
 label:          46 Au                             8 dz2    
 label:          47 Au                             8 dxz    
 label:          48 Au                             8 dx2-y2 
 label:          49 Au                             9 s      
 label:          50 Au                             9 dxy    
 label:          51 Au                             9 dyz    
 label:          52 Au                             9 dz2    
 label:          53 Au                             9 dxz    
 label:          54 Au                             9 dx2-y2 
 label:          55 Au                            10 s      
 label:          56 Au                            10 dxy    
 label:          57 Au                            10 dyz    
 label:          58 Au                            10 dz2    
 label:          59 Au                            10 dxz    
 label:          60 Au                            10 dx2-y2 
 label:          61 Au                            11 s      
 label:          62 Au                            11 dxy    
 label:          63 Au                            11 dyz    
 label:          64 Au                            11 dz2    
 label:          65 Au                            11 dxz    
 label:          66 Au                            11 dx2-y2 
 label:          67 Au                            12 s      
 label:          68 Au                            12 dxy    
 label:          69 Au                            12 dyz    
 label:          70 Au                            12 dz2    
 label:          71 Au                            12 dxz    
 label:          72 Au                            12 dx2-y2 
 label:          73 Au                            13 s      
 label:          74 Au                            13 dxy    
 label:          75 Au                            13 dyz    
 label:          76 Au                            13 dz2    
 label:          77 Au                            13 dxz    
 label:          78 Au                            13 dx2-y2 
 label:          79 Au                            14 s      
 label:          80 Au                            14 dxy    
 label:          81 Au                            14 dyz    
 label:          82 Au                            14 dz2    
 label:          83 Au                            14 dxz    
 label:          84 Au                            14 dx2-y2 
 label:          85 Au                            15 s      
 label:          86 Au                            15 dxy    
 label:          87 Au                            15 dyz    
 label:          88 Au                            15 dz2    
 label:          89 Au                            15 dxz    
 label:          90 Au                            15 dx2-y2 
 label:          91 Au                            16 s      
 label:          92 Au                            16 dxy    
 label:          93 Au                            16 dyz    
 label:          94 Au                            16 dz2    
 label:          95 Au                            16 dxz    
 label:          96 Au                            16 dx2-y2 
 label:          97 Au                            17 s      
 label:          98 Au                            17 dxy    
 label:          99 Au                            17 dyz    
 label:         100 Au                            17 dz2    
 label:         101 Au                            17 dxz    
 label:         102 Au                            17 dx2-y2 
 label:         103 Au                            18 s      
 label:         104 Au                            18 dxy    
 label:         105 Au                            18 dyz    
 label:         106 Au                            18 dz2    
 label:         107 Au                            18 dxz    
 label:         108 Au                            18 dx2-y2 
 label:         109 Au                            19 s      
 label:         110 Au                            19 dxy    
 label:         111 Au                            19 dyz    
 label:         112 Au                            19 dz2    
 label:         113 Au                            19 dxz    
 label:         114 Au                            19 dx2-y2 
 label:         115 Au                            20 s      
 label:         116 Au                            20 dxy    
 label:         117 Au                            20 dyz    
 label:         118 Au                            20 dz2    
 label:         119 Au                            20 dxz    
 label:         120 Au                            20 dx2-y2 
 label:         121 Au                            21 s      
 label:         122 Au                            21 dxy    
 label:         123 Au                            21 dyz    
 label:         124 Au                            21 dz2    
 label:         125 Au                            21 dxz    
 label:         126 Au                            21 dx2-y2 
 label:         127 Au                            22 s      
 label:         128 Au                            22 dxy    
 label:         129 Au                            22 dyz    
 label:         130 Au                            22 dz2    
 label:         131 Au                            22 dxz    
 label:         132 Au                            22 dx2-y2 
 label:         133 Au                            23 s      
 label:         134 Au                            23 dxy    
 label:         135 Au                            23 dyz    
 label:         136 Au                            23 dz2    
 label:         137 Au                            23 dxz    
 label:         138 Au                            23 dx2-y2 
 label:         139 Au                            24 s      
 label:         140 Au                            24 dxy    
 label:         141 Au                            24 dyz    
 label:         142 Au                            24 dz2    
 label:         143 Au                            24 dxz    
 label:         144 Au                            24 dx2-y2 
 label:         145 Au                            25 s      
 label:         146 Au                            25 dxy    
 label:         147 Au                            25 dyz    
 label:         148 Au                            25 dz2    
 label:         149 Au                            25 dxz    
 label:         150 Au                            25 dx2-y2 
 label:         151 Au                            26 s      
 label:         152 Au                            26 dxy    
 label:         153 Au                            26 dyz    
 label:         154 Au                            26 dz2    
 label:         155 Au                            26 dxz    
 label:         156 Au                            26 dx2-y2 
 label:         157 Au                            27 s      
 label:         158 Au                            27 dxy    
 label:         159 Au                            27 dyz    
 label:         160 Au                            27 dz2    
 label:         161 Au                            27 dxz    
 label:         162 Au                            27 dx2-y2 
 label:         163 Au                            28 s      
 label:         164 Au                            28 dxy    
 label:         165 Au                            28 dyz    
 label:         166 Au                            28 dz2    
 label:         167 Au                            28 dxz    
 label:         168 Au                            28 dx2-y2 
 label:         169 Au                            29 s      
 label:         170 Au                            29 dxy    
 label:         171 Au                            29 dyz    
 label:         172 Au                            29 dz2    
 label:         173 Au                            29 dxz    
 label:         174 Au                            29 dx2-y2 
 label:         175 Au                            30 s      
 label:         176 Au                            30 dxy    
 label:         177 Au                            30 dyz    
 label:         178 Au                            30 dz2    
 label:         179 Au                            30 dxz    
 label:         180 Au                            30 dx2-y2 
 label:         181 Au                            31 s      
 label:         182 Au                            31 dxy    
 label:         183 Au                            31 dyz    
 label:         184 Au                            31 dz2    
 label:         185 Au                            31 dxz    
 label:         186 Au                            31 dx2-y2 
 label:         187 Au                            32 s      
 label:         188 Au                            32 dxy    
 label:         189 Au                            32 dyz    
 label:         190 Au                            32 dz2    
 label:         191 Au                            32 dxz    
 label:         192 Au                            32 dx2-y2 
 label:         193 Au                            33 s      
 label:         194 Au                            33 dxy    
 label:         195 Au                            33 dyz    
 label:         196 Au                            33 dz2    
 label:         197 Au                            33 dxz    
 label:         198 Au                            33 dx2-y2 
 label:         199 Au                            34 s      
 label:         200 Au                            34 dxy    
 label:         201 Au                            34 dyz    
 label:         202 Au                            34 dz2    
 label:         203 Au                            34 dxz    
 label:         204 Au                            34 dx2-y2 
 label:         205 Au                            35 s      
 label:         206 Au                            35 dxy    
 label:         207 Au                            35 dyz    
 label:         208 Au                            35 dz2    
 label:         209 Au                            35 dxz    
 label:         210 Au                            35 dx2-y2 
 label:         211 Au                            36 s      
 label:         212 Au                            36 dxy    
 label:         213 Au                            36 dyz    
 label:         214 Au                            36 dz2    
 label:         215 Au                            36 dxz    
 label:         216 Au                            36 dx2-y2 
 label:         217 Au                            37 s      
 label:         218 Au                            37 dxy    
 label:         219 Au                            37 dyz    
 label:         220 Au                            37 dz2    
 label:         221 Au                            37 dxz    
 label:         222 Au                            37 dx2-y2 
 label:         223 Au                            38 s      
 label:         224 Au                            38 dxy    
 label:         225 Au                            38 dyz    
 label:         226 Au                            38 dz2    
 label:         227 Au                            38 dxz    
 label:         228 Au                            38 dx2-y2 
 label:         229 Au                            39 s      
 label:         230 Au                            39 dxy    
 label:         231 Au                            39 dyz    
 label:         232 Au                            39 dz2    
 label:         233 Au                            39 dxz    
 label:         234 Au                            39 dx2-y2 
 label:         235 Au                            40 s      
 label:         236 Au                            40 dxy    
 label:         237 Au                            40 dyz    
 label:         238 Au                            40 dz2    
 label:         239 Au                            40 dxz    
 label:         240 Au                            40 dx2-y2 
 label:         241 Au                            41 s      
 label:         242 Au                            41 dxy    
 label:         243 Au                            41 dyz    
 label:         244 Au                            41 dz2    
 label:         245 Au                            41 dxz    
 label:         246 Au                            41 dx2-y2 
 label:         247 Au                            42 s      
 label:         248 Au                            42 dxy    
 label:         249 Au                            42 dyz    
 label:         250 Au                            42 dz2    
 label:         251 Au                            42 dxz    
 label:         252 Au                            42 dx2-y2 
 label:         253 Au                            43 s      
 label:         254 Au                            43 dxy    
 label:         255 Au                            43 dyz    
 label:         256 Au                            43 dz2    
 label:         257 Au                            43 dxz    
 label:         258 Au                            43 dx2-y2 
 label:         259 Au                            44 s      
 label:         260 Au                            44 dxy    
 label:         261 Au                            44 dyz    
 label:         262 Au                            44 dz2    
 label:         263 Au                            44 dxz    
 label:         264 Au                            44 dx2-y2 
 label:         265 Au                            45 s      
 label:         266 Au                            45 dxy    
 label:         267 Au                            45 dyz    
 label:         268 Au                            45 dz2    
 label:         269 Au                            45 dxz    
 label:         270 Au                            45 dx2-y2 
 label:         271 Au                            46 s      
 label:         272 Au                            46 dxy    
 label:         273 Au                            46 dyz    
 label:         274 Au                            46 dz2    
 label:         275 Au                            46 dxz    
 label:         276 Au                            46 dx2-y2 
 label:         277 Au                            47 s      
 label:         278 Au                            47 dxy    
 label:         279 Au                            47 dyz    
 label:         280 Au                            47 dz2    
 label:         281 Au                            47 dxz    
 label:         282 Au                            47 dx2-y2 
 label:         283 Au                            48 s      
 label:         284 Au                            48 dxy    
 label:         285 Au                            48 dyz    
 label:         286 Au                            48 dz2    
 label:         287 Au                            48 dxz    
 label:         288 Au                            48 dx2-y2 
 label:         289 Au                            49 s      
 label:         290 Au                            49 dxy    
 label:         291 Au                            49 dyz    
 label:         292 Au                            49 dz2    
 label:         293 Au                            49 dxz    
 label:         294 Au                            49 dx2-y2 
 label:         295 Au                            50 s      
 label:         296 Au                            50 dxy    
 label:         297 Au                            50 dyz    
 label:         298 Au                            50 dz2    
 label:         299 Au                            50 dxz    
 label:         300 Au                            50 dx2-y2 
 label:         301 Au                            51 s      
 label:         302 Au                            51 dxy    
 label:         303 Au                            51 dyz    
 label:         304 Au                            51 dz2    
 label:         305 Au                            51 dxz    
 label:         306 Au                            51 dx2-y2 
 label:         307 Au                            52 s      
 label:         308 Au                            52 dxy    
 label:         309 Au                            52 dyz    
 label:         310 Au                            52 dz2    
 label:         311 Au                            52 dxz    
 label:         312 Au                            52 dx2-y2 
 label:         313 Au                            53 s      
 label:         314 Au                            53 dxy    
 label:         315 Au                            53 dyz    
 label:         316 Au                            53 dz2    
 label:         317 Au                            53 dxz    
 label:         318 Au                            53 dx2-y2 
 label:         319 Au                            54 s      
 label:         320 Au                            54 dxy    
 label:         321 Au                            54 dyz    
 label:         322 Au                            54 dz2    
 label:         323 Au                            54 dxz    
 label:         324 Au                            54 dx2-y2 
 label:         325 Au                            55 s      
 label:         326 Au                            55 dxy    
 label:         327 Au                            55 dyz    
 label:         328 Au                            55 dz2    
 label:         329 Au                            55 dxz    
 label:         330 Au                            55 dx2-y2 
 label:         331 Au                            56 s      
 label:         332 Au                            56 dxy    
 label:         333 Au                            56 dyz    
 label:         334 Au                            56 dz2    
 label:         335 Au                            56 dxz    
 label:         336 Au                            56 dx2-y2 
 label:         337 Au                            57 s      
 label:         338 Au                            57 dxy    
 label:         339 Au                            57 dyz    
 label:         340 Au                            57 dz2    
 label:         341 Au                            57 dxz    
 label:         342 Au                            57 dx2-y2 
 label:         343 Au                            58 s      
 label:         344 Au                            58 dxy    
 label:         345 Au                            58 dyz    
 label:         346 Au                            58 dz2    
 label:         347 Au                            58 dxz    
 label:         348 Au                            58 dx2-y2 
 label:         349 Au                            59 s      
 label:         350 Au                            59 dxy    
 label:         351 Au                            59 dyz    
 label:         352 Au                            59 dz2    
 label:         353 Au                            59 dxz    
 label:         354 Au                            59 dx2-y2 
 label:         355 Au                            60 s      
 label:         356 Au                            60 dxy    
 label:         357 Au                            60 dyz    
 label:         358 Au                            60 dz2    
 label:         359 Au                            60 dxz    
 label:         360 Au                            60 dx2-y2 
 label:         361 Au                            61 s      
 label:         362 Au                            61 dxy    
 label:         363 Au                            61 dyz    
 label:         364 Au                            61 dz2    
 label:         365 Au                            61 dxz    
 label:         366 Au                            61 dx2-y2 
 label:         367 Au                            62 s      
 label:         368 Au                            62 dxy    
 label:         369 Au                            62 dyz    
 label:         370 Au                            62 dz2    
 label:         371 Au                            62 dxz    
 label:         372 Au                            62 dx2-y2 
 label:         373 Au                            63 s      
 label:         374 Au                            63 dxy    
 label:         375 Au                            63 dyz    
 label:         376 Au                            63 dz2    
 label:         377 Au                            63 dxz    
 label:         378 Au                            63 dx2-y2 
 label:         379 Au                            64 s      
 label:         380 Au                            64 dxy    
 label:         381 Au                            64 dyz    
 label:         382 Au                            64 dz2    
 label:         383 Au                            64 dxz    
 label:         384 Au                            64 dx2-y2 
 label:         385 Au                            65 s      
 label:         386 Au                            65 dxy    
 label:         387 Au                            65 dyz    
 label:         388 Au                            65 dz2    
 label:         389 Au                            65 dxz    
 label:         390 Au                            65 dx2-y2 
 label:         391 Au                            66 s      
 label:         392 Au                            66 dxy    
 label:         393 Au                            66 dyz    
 label:         394 Au                            66 dz2    
 label:         395 Au                            66 dxz    
 label:         396 Au                            66 dx2-y2 
 label:         397 Au                            67 s      
 label:         398 Au                            67 dxy    
 label:         399 Au                            67 dyz    
 label:         400 Au                            67 dz2    
 label:         401 Au                            67 dxz    
 label:         402 Au                            67 dx2-y2 
 label:         403 Au                            68 s      
 label:         404 Au                            68 dxy    
 label:         405 Au                            68 dyz    
 label:         406 Au                            68 dz2    
 label:         407 Au                            68 dxz    
 label:         408 Au                            68 dx2-y2 
 label:         409 Au                            69 s      
 label:         410 Au                            69 dxy    
 label:         411 Au                            69 dyz    
 label:         412 Au                            69 dz2    
 label:         413 Au                            69 dxz    
 label:         414 Au                            69 dx2-y2 
 label:         415 Au                            70 s      
 label:         416 Au                            70 dxy    
 label:         417 Au                            70 dyz    
 label:         418 Au                            70 dz2    
 label:         419 Au                            70 dxz    
 label:         420 Au                            70 dx2-y2 
 label:         421 Au                            71 s      
 label:         422 Au                            71 dxy    
 label:         423 Au                            71 dyz    
 label:         424 Au                            71 dz2    
 label:         425 Au                            71 dxz    
 label:         426 Au                            71 dx2-y2 
 label:         427 Au                            72 s      
 label:         428 Au                            72 dxy    
 label:         429 Au                            72 dyz    
 label:         430 Au                            72 dz2    
 label:         431 Au                            72 dxz    
 label:         432 Au                            72 dx2-y2 
 label:         433 Au                            73 s      
 label:         434 Au                            73 dxy    
 label:         435 Au                            73 dyz    
 label:         436 Au                            73 dz2    
 label:         437 Au                            73 dxz    
 label:         438 Au                            73 dx2-y2 
 label:         439 Au                            74 s      
 label:         440 Au                            74 dxy    
 label:         441 Au                            74 dyz    
 label:         442 Au                            74 dz2    
 label:         443 Au                            74 dxz    
 label:         444 Au                            74 dx2-y2 
 label:         445 Au                            75 s      
 label:         446 Au                            75 dxy    
 label:         447 Au                            75 dyz    
 label:         448 Au                            75 dz2    
 label:         449 Au                            75 dxz    
 label:         450 Au                            75 dx2-y2 
 label:         451 Au                            76 s      
 label:         452 Au                            76 dxy    
 label:         453 Au                            76 dyz    
 label:         454 Au                            76 dz2    
 label:         455 Au                            76 dxz    
 label:         456 Au                            76 dx2-y2 
 label:         457 Au                            77 s      
 label:         458 Au                            77 dxy    
 label:         459 Au                            77 dyz    
 label:         460 Au                            77 dz2    
 label:         461 Au                            77 dxz    
 label:         462 Au                            77 dx2-y2 
 label:         463 Au                            78 s      
 label:         464 Au                            78 dxy    
 label:         465 Au                            78 dyz    
 label:         466 Au                            78 dz2    
 label:         467 Au                            78 dxz    
 label:         468 Au                            78 dx2-y2 
 label:         469 Au                            79 s      
 label:         470 Au                            79 dxy    
 label:         471 Au                            79 dyz    
 label:         472 Au                            79 dz2    
 label:         473 Au                            79 dxz    
 label:         474 Au                            79 dx2-y2 
 label:         475 Au                            80 s      
 label:         476 Au                            80 dxy    
 label:         477 Au                            80 dyz    
 label:         478 Au                            80 dz2    
 label:         479 Au                            80 dxz    
 label:         480 Au                            80 dx2-y2 
 label:         481 Au                            81 s      
 label:         482 Au                            81 dxy    
 label:         483 Au                            81 dyz    
 label:         484 Au                            81 dz2    
 label:         485 Au                            81 dxz    
 label:         486 Au                            81 dx2-y2 
 label:         487 Au                            82 s      
 label:         488 Au                            82 dxy    
 label:         489 Au                            82 dyz    
 label:         490 Au                            82 dz2    
 label:         491 Au                            82 dxz    
 label:         492 Au                            82 dx2-y2 
 label:         493 Au                            83 s      
 label:         494 Au                            83 dxy    
 label:         495 Au                            83 dyz    
 label:         496 Au                            83 dz2    
 label:         497 Au                            83 dxz    
 label:         498 Au                            83 dx2-y2 
 label:         499 Au                            84 s      
 label:         500 Au                            84 dxy    
 label:         501 Au                            84 dyz    
 label:         502 Au                            84 dz2    
 label:         503 Au                            84 dxz    
 label:         504 Au                            84 dx2-y2 
 label:         505 Au                            85 s      
 label:         506 Au                            85 dxy    
 label:         507 Au                            85 dyz    
 label:         508 Au                            85 dz2    
 label:         509 Au                            85 dxz    
 label:         510 Au                            85 dx2-y2 
 label:         511 Au                            86 s      
 label:         512 Au                            86 dxy    
 label:         513 Au                            86 dyz    
 label:         514 Au                            86 dz2    
 label:         515 Au                            86 dxz    
 label:         516 Au                            86 dx2-y2 
 label:         517 Au                            87 s      
 label:         518 Au                            87 dxy    
 label:         519 Au                            87 dyz    
 label:         520 Au                            87 dz2    
 label:         521 Au                            87 dxz    
 label:         522 Au                            87 dx2-y2 
 label:         523 Au                            88 s      
 label:         524 Au                            88 dxy    
 label:         525 Au                            88 dyz    
 label:         526 Au                            88 dz2    
 label:         527 Au                            88 dxz    
 label:         528 Au                            88 dx2-y2 
 label:         529 Au                            89 s      
 label:         530 Au                            89 dxy    
 label:         531 Au                            89 dyz    
 label:         532 Au                            89 dz2    
 label:         533 Au                            89 dxz    
 label:         534 Au                            89 dx2-y2 
 label:         535 Au                            90 s      
 label:         536 Au                            90 dxy    
 label:         537 Au                            90 dyz    
 label:         538 Au                            90 dz2    
 label:         539 Au                            90 dxz    
 label:         540 Au                            90 dx2-y2 
 label:         541 Au                            91 s      
 label:         542 Au                            91 dxy    
 label:         543 Au                            91 dyz    
 label:         544 Au                            91 dz2    
 label:         545 Au                            91 dxz    
 label:         546 Au                            91 dx2-y2 
 label:         547 Au                            92 s      
 label:         548 Au                            92 dxy    
 label:         549 Au                            92 dyz    
 label:         550 Au                            92 dz2    
 label:         551 Au                            92 dxz    
 label:         552 Au                            92 dx2-y2 
 label:         553 Au                            93 s      
 label:         554 Au                            93 dxy    
 label:         555 Au                            93 dyz    
 label:         556 Au                            93 dz2    
 label:         557 Au                            93 dxz    
 label:         558 Au                            93 dx2-y2 
 label:         559 Au                            94 s      
 label:         560 Au                            94 dxy    
 label:         561 Au                            94 dyz    
 label:         562 Au                            94 dz2    
 label:         563 Au                            94 dxz    
 label:         564 Au                            94 dx2-y2 
 label:         565 Au                            95 s      
 label:         566 Au                            95 dxy    
 label:         567 Au                            95 dyz    
 label:         568 Au                            95 dz2    
 label:         569 Au                            95 dxz    
 label:         570 Au                            95 dx2-y2 
 label:         571 Au                            96 s      
 label:         572 Au                            96 dxy    
 label:         573 Au                            96 dyz    
 label:         574 Au                            96 dz2    
 label:         575 Au                            96 dxz    
 label:         576 Au                            96 dx2-y2 

superc: Internal auxiliary supercell:     3 x     3 x     1  =       9
superc: Number of atoms, orbitals, and projectors:    864  5184 13824
 
* Maximum dynamic memory allocated =     1 MB

siesta:                 ==============================
SMEAGOL                 Bias step =    0, V =  0.294 Ry
                            Begin CG move =      0
                        ==============================

superc: Internal auxiliary supercell:     3 x     3 x     1  =       9
superc: Number of atoms, orbitals, and projectors:    864  5184 13824

read_ldau The LDA+U method used is from Czyzky PRB 49 14211
 NSCOBlocks=           0

InitMesh: MESH =    72 x    72 x   300 =     1555200
InitMesh: Mesh cutoff (required, used) =   200.000   206.182 Ry
 
* Maximum dynamic memory allocated =    28 MB
siesta: reading saved Hamiltonian
siesta: saved Hamiltonian not found

siesta: Program's energy decomposition (eV):
siesta: Eions   =    115680.044384
siesta: Ena     =      6422.662619
siesta: Ekin    =     64683.514008
siesta: Enl     =    -24893.125209
siesta: DEna    =         0.000000
siesta: DUscf   =         0.000000
siesta: DUext   =         0.000000
siesta: Exc     =    -40111.144176
siesta: eta*DQ  =         0.000000
siesta: Emadel  =         0.000000
siesta: Eharris =   -109418.424358
siesta: Eso     =         0.000000
siesta: Etot    =   -109578.137142
siesta: FreeEng =   -109578.137142

siesta: iscf   Eharris(eV)      E_KS(eV)   FreeEng(eV)     dDmax   Ef(eV)
siesta:    1  -109418.4244  -109578.1371  -109578.1371   1.10208   0.0000
timer: Routine,Calls,Time,% = IterSCF        1     673.285  94.36
siesta:    2  -109419.0375  -109559.9109  -109559.9109   0.46086   0.0000
siesta:    3  -109393.0622  -109296.5048  -109296.5048   3.01262   0.0000
siesta:    4   -97699.3816   -97497.6303   -97497.6303  32.13940   0.0000
siesta:    5  -109379.5852  -109393.7696  -109393.7696   2.84764   0.0000
siesta:    6  -109409.6827  -109407.6400  -109407.6400   1.44194   0.0000
siesta:    7  -109424.8790  -109425.6113  -109425.6113   0.73748   0.0000
siesta:    8  -109426.0742  -109427.4841  -109427.4841   0.40652   0.0000
siesta:    9  -109426.4275  -109426.2745  -109426.2745   0.07727   0.0000
siesta:   10  -109426.6013  -109426.5924  -109426.5924   0.03146   0.0000
siesta:   11  -109426.6742  -109426.6774  -109426.6774   0.01338   0.0000
siesta:   12  -109426.6861  -109426.6830  -109426.6830   0.01006   0.0000
siesta:   13  -109426.7291  -109426.6901  -109426.6901   0.00883   0.0000
siesta:   14  -109426.7444  -109426.7407  -109426.7407   0.00105   0.0000
siesta:   15  -109426.7565  -109426.7467  -109426.7467   0.00088   0.0000
siesta:   16  -109426.7530  -109426.7554  -109426.7554   0.00101   0.0000
siesta:   17  -109426.7559  -109426.7536  -109426.7536   0.00045   0.0000
siesta:   18  -109426.7568  -109426.7561  -109426.7561   0.00032   0.0000
siesta:   19  -109426.7587  -109426.7567  -109426.7567   0.00027   0.0000
siesta:   20  -109426.7600  -109426.7592  -109426.7592   0.00017   0.0000
siesta:   21  -109426.7602  -109426.7596  -109426.7596   0.00016   0.0000
siesta:   22  -109426.7601  -109426.7600  -109426.7600   0.00020   0.0000
siesta:   23  -109426.7595  -109426.7602  -109426.7602   0.00014   0.0000
siesta:   24  -109426.7588  -109426.7596  -109426.7596   0.00013   0.0000
siesta:   25  -109426.7601  -109426.7590  -109426.7590   0.00013   0.0000
siesta:   26  -109426.7598  -109426.7598  -109426.7598   0.00015   0.0000
siesta:   27  -109426.7590  -109426.7599  -109426.7599   0.00012   0.0000
siesta:   28  -109426.7591  -109426.7589  -109426.7589   0.00017   0.0000
siesta:   29  -109426.7596  -109426.7592  -109426.7592   0.00016   0.0000
siesta:   30  -109426.7606  -109426.7595  -109426.7595   0.00013   0.0000
siesta:   31  -109426.7614  -109426.7607  -109426.7607   0.00013   0.0000
siesta:   32  -109426.7613  -109426.7618  -109426.7618   0.00012   0.0000
siesta:   33  -109426.7603  -109426.7608  -109426.7608   0.00009   0.0000
 Calculating transmission coefficient

siesta: E_KS(eV) =          -109426.7602

siesta: E_KS - E_eggbox =   -109426.7602

siesta: Atomic forces (eV/Ang):
     1    0.000011    0.000015    0.406823
     2   -0.000001    0.000001    0.406820
     3    0.000002   -0.000000    0.406824
     4   -0.000001   -0.007451    0.406817
     5    0.000007    0.000010    0.406821
     6    0.000004    0.000001    0.406819
     7   -0.007447    0.000000    0.406820
     8   -0.005268   -0.005266    0.406822
     9    0.000013    0.000001    0.039288
    10    0.000003    0.000003    0.039280
    11    0.000003    0.000012    0.039295
    12    0.000009    0.000001    0.039288
    13    0.000009   -0.000000    0.039286
    14   -0.000003    0.000010    0.039272
    15    0.000003    0.000012    0.039285
    16    0.000017    0.000000    0.039275
    17    0.000015    0.000018    0.725971
    18    0.000024   -0.000000    0.725971
    19    0.000010   -0.000001    0.725969
    20    0.000003    0.000003    0.725958
    21    0.000006    0.000018    0.725973
    22    0.000014   -0.000001    0.725968
    23    0.000010    0.000000    0.725962
    24   -0.000002    0.000001    0.725962
    25    0.000024    0.000001   -0.421097
    26    0.000011    0.000006   -0.421098
    27    0.000009    0.000021   -0.421086
    28    0.000019   -0.000001   -0.421096
    29    0.000023    0.000000   -0.421095
    30    0.000005    0.000009   -0.421101
    31    0.000008    0.000022   -0.421100
    32    0.000017   -0.000002   -0.421092
    33    0.000009    0.000011    0.486833
    34    0.000011    0.000001    0.486836
    35    0.000008    0.000001    0.486827
    36   -0.000004    0.000002    0.486836
    37   -0.000004    0.000012    0.486835
    38    0.000009    0.000003    0.486826
    39    0.000005    0.000000    0.486832
    40   -0.000002   -0.000003    0.486835
    41    0.000001   -0.000000   -2.133652
    42   -0.000006   -0.000005   -2.133644
    43   -0.000000    0.000002   -2.133652
    44    0.000003    0.000000   -2.133653
    45    0.000003    0.000001   -2.133652
    46   -0.000005   -0.000005   -2.133647
    47   -0.000002    0.000002   -2.133649
    48   -0.000003    0.000000   -2.133647
    49    0.000002    0.000005    0.786803
    50    0.000003    0.000001    0.786796
    51   -0.000000   -0.000000    0.786798
    52   -0.000001    0.000001    0.786796
    53    0.000001    0.000006    0.786801
    54    0.000000    0.000001    0.786797
    55   -0.000001    0.000000    0.786797
    56    0.000000   -0.000000    0.786794
    57    0.000017    0.000001    0.849975
    58    0.000003    0.000003    0.849976
    59    0.000001    0.000021    0.849969
    60   -0.000006    0.000001    0.849974
    61   -0.000005    0.000001    0.849974
    62   -0.000005    0.000002    0.849974
    63    0.000012    0.000017    0.849972
    64    0.000004    0.000001    0.849979
    65    0.000016    0.000020   -0.578706
    66    0.000010   -0.000003   -0.578712
    67    0.000007   -0.000001   -0.578704
    68    0.000002    0.000005   -0.578729
    69    0.000009    0.000022   -0.578707
    70    0.000002   -0.000001   -0.578710
    71    0.000009    0.000001   -0.578715
    72    0.000002    0.000002   -0.578736
    73    0.000026    0.000001    0.512302
    74    0.000012    0.000007    0.512289
    75    0.000003    0.000017    0.512307
    76    0.000017    0.000001    0.512296
    77    0.000016   -0.000000    0.512300
    78   -0.000000    0.000008    0.512291
    79    0.000006    0.000023    0.512303
    80    0.000015   -0.000001    0.512297
    81    0.000015    0.000026   -0.775329
    82    0.000021   -0.000000   -0.775329
    83    0.000013    0.000001   -0.775330
    84   -0.000002    0.000003   -0.775340
    85    0.000007    0.000027   -0.775324
    86    0.000014   -0.000001   -0.775326
    87    0.000010   -0.000000   -0.775332
    88   -0.000002   -0.000003   -0.775348
    89    0.000027   -0.000001    0.044934
    90    0.000005    0.000000    0.044935
    91    0.000002    0.000029    0.044934
    92    0.000019    0.000000    0.044937
    93    0.000019    0.000001    0.044936
    94   -0.000002    0.000003    0.044933
    95   -0.000004    0.000030    0.044933
    96    0.000017    0.000001    0.044935
----------------------------------------
 Tot   -0.012082   -0.012262   -0.447072
----------------------------------------
 Max    2.133653
 Res    0.477345    sqrt( Sum f_i^2 / 3N )
----------------------------------------
 Max    2.133653    constrained
 
* Maximum dynamic memory allocated =    40 MB

coxmol: Writing XMOL coordinates into file 4V.xyz                  
 siesta: ERROR: PDOS implemented only with diagon

siesta: Program's energy decomposition (eV):
siesta:-Eions   = -115680.044384
siesta: Ena     =    6422.662619
siesta: Ekin    =   64365.679064
siesta: Enl     =  -24580.467163
siesta: DEna    =      99.848654
siesta: DUscf   =       1.794216
siesta: DUext   =       0.000000
siesta: Exc     =  -40056.233241
siesta: eta*DQ  =       0.000000
siesta: Emadel  =       0.000000
siesta: Ekinion =       0.000000
siesta: Eharris = -109426.760320
siesta: Eso     =       0.000000
siesta: Etot    = -109426.760234
siesta: FreeEng = -109426.760234

siesta: Final energy (eV):
siesta:       Kinetic =   64365.679064
siesta:       Hartree =  295040.039567
siesta:    Ext. field =       0.000000
siesta:   Exch.-corr. =  -40056.233241
siesta:  Ion-electron = -640441.635682
siesta:       Ion-ion =  211665.390057
siesta:       Ekinion =       0.000000
siesta:         Total = -109426.760234

siesta: Atomic forces (eV/Ang):
siesta:    1    0.000011    0.000015    0.406823
siesta:    2   -0.000001    0.000001    0.406820
siesta:    3    0.000002   -0.000000    0.406824
siesta:    4   -0.000001   -0.007451    0.406817
siesta:    5    0.000007    0.000010    0.406821
siesta:    6    0.000004    0.000001    0.406819
siesta:    7   -0.007447    0.000000    0.406820
siesta:    8   -0.005268   -0.005266    0.406822
siesta:    9    0.000013    0.000001    0.039288
siesta:   10    0.000003    0.000003    0.039280
siesta:   11    0.000003    0.000012    0.039295
siesta:   12    0.000009    0.000001    0.039288
siesta:   13    0.000009   -0.000000    0.039286
siesta:   14   -0.000003    0.000010    0.039272
siesta:   15    0.000003    0.000012    0.039285
siesta:   16    0.000017    0.000000    0.039275
siesta:   17    0.000015    0.000018    0.725971
siesta:   18    0.000024   -0.000000    0.725971
siesta:   19    0.000010   -0.000001    0.725969
siesta:   20    0.000003    0.000003    0.725958
siesta:   21    0.000006    0.000018    0.725973
siesta:   22    0.000014   -0.000001    0.725968
siesta:   23    0.000010    0.000000    0.725962
siesta:   24   -0.000002    0.000001    0.725962
siesta:   25    0.000024    0.000001   -0.421097
siesta:   26    0.000011    0.000006   -0.421098
siesta:   27    0.000009    0.000021   -0.421086
siesta:   28    0.000019   -0.000001   -0.421096
siesta:   29    0.000023    0.000000   -0.421095
siesta:   30    0.000005    0.000009   -0.421101
siesta:   31    0.000008    0.000022   -0.421100
siesta:   32    0.000017   -0.000002   -0.421092
siesta:   33    0.000009    0.000011    0.486833
siesta:   34    0.000011    0.000001    0.486836
siesta:   35    0.000008    0.000001    0.486827
siesta:   36   -0.000004    0.000002    0.486836
siesta:   37   -0.000004    0.000012    0.486835
siesta:   38    0.000009    0.000003    0.486826
siesta:   39    0.000005    0.000000    0.486832
siesta:   40   -0.000002   -0.000003    0.486835
siesta:   41    0.000001   -0.000000   -2.133652
siesta:   42   -0.000006   -0.000005   -2.133644
siesta:   43   -0.000000    0.000002   -2.133652
siesta:   44    0.000003    0.000000   -2.133653
siesta:   45    0.000003    0.000001   -2.133652
siesta:   46   -0.000005   -0.000005   -2.133647
siesta:   47   -0.000002    0.000002   -2.133649
siesta:   48   -0.000003    0.000000   -2.133647
siesta:   49    0.000002    0.000005    0.786803
siesta:   50    0.000003    0.000001    0.786796
siesta:   51   -0.000000   -0.000000    0.786798
siesta:   52   -0.000001    0.000001    0.786796
siesta:   53    0.000001    0.000006    0.786801
siesta:   54    0.000000    0.000001    0.786797
siesta:   55   -0.000001    0.000000    0.786797
siesta:   56    0.000000   -0.000000    0.786794
siesta:   57    0.000017    0.000001    0.849975
siesta:   58    0.000003    0.000003    0.849976
siesta:   59    0.000001    0.000021    0.849969
siesta:   60   -0.000006    0.000001    0.849974
siesta:   61   -0.000005    0.000001    0.849974
siesta:   62   -0.000005    0.000002    0.849974
siesta:   63    0.000012    0.000017    0.849972
siesta:   64    0.000004    0.000001    0.849979
siesta:   65    0.000016    0.000020   -0.578706
siesta:   66    0.000010   -0.000003   -0.578712
siesta:   67    0.000007   -0.000001   -0.578704
siesta:   68    0.000002    0.000005   -0.578729
siesta:   69    0.000009    0.000022   -0.578707
siesta:   70    0.000002   -0.000001   -0.578710
siesta:   71    0.000009    0.000001   -0.578715
siesta:   72    0.000002    0.000002   -0.578736
siesta:   73    0.000026    0.000001    0.512302
siesta:   74    0.000012    0.000007    0.512289
siesta:   75    0.000003    0.000017    0.512307
siesta:   76    0.000017    0.000001    0.512296
siesta:   77    0.000016   -0.000000    0.512300
siesta:   78   -0.000000    0.000008    0.512291
siesta:   79    0.000006    0.000023    0.512303
siesta:   80    0.000015   -0.000001    0.512297
siesta:   81    0.000015    0.000026   -0.775329
siesta:   82    0.000021   -0.000000   -0.775329
siesta:   83    0.000013    0.000001   -0.775330
siesta:   84   -0.000002    0.000003   -0.775340
siesta:   85    0.000007    0.000027   -0.775324
siesta:   86    0.000014   -0.000001   -0.775326
siesta:   87    0.000010   -0.000000   -0.775332
siesta:   88   -0.000002   -0.000003   -0.775348
siesta:   89    0.000027   -0.000001    0.044934
siesta:   90    0.000005    0.000000    0.044935
siesta:   91    0.000002    0.000029    0.044934
siesta:   92    0.000019    0.000000    0.044937
siesta:   93    0.000019    0.000001    0.044936
siesta:   94   -0.000002    0.000003    0.044933
siesta:   95   -0.000004    0.000030    0.044933
siesta:   96    0.000017    0.000001    0.044935
siesta: ----------------------------------------
siesta:  Tot   -0.012082   -0.012262   -0.447072

siesta: Stress tensor (static) (eV/Ang**3):
siesta:     0.098778   -0.000000   -0.000000
siesta:    -0.000000    0.098778   -0.000000
siesta:    -0.000000   -0.000000    0.081977

siesta: Cell volume =       2357.480286 Ang**3

siesta: Pressure (static):
siesta:                Solid            Molecule  Units
siesta:          -0.00101483         -0.00098700  Ry/Bohr**3
siesta:          -0.09317792         -0.09062264  eV/Ang**3
siesta:        -149.28910177       -145.19504693  kBar

siesta: Total spin polarization (Qup-Qdown) =    0.000000
siesta: Spin vector =    0.000000    0.000000    0.000000
siesta: No SpinPolK block detected...

siesta: Electric dipole (a.u.)  =    0.000000    0.000000    3.288283
siesta: Electric dipole (Debye) =    0.000000    0.000000    8.357986
 
* Maximum dynamic memory allocated : Node    0 =    40 MB
* Maximum dynamic memory allocated : Node    1 =    28 MB
* Maximum dynamic memory allocated : Node    2 =    25 MB
* Maximum dynamic memory allocated : Node    3 =    20 MB
* Maximum dynamic memory allocated : Node    4 =    22 MB
* Maximum dynamic memory allocated : Node    5 =    28 MB
* Maximum dynamic memory allocated : Node    6 =    28 MB
* Maximum dynamic memory allocated : Node    7 =    28 MB
* Maximum dynamic memory allocated : Node    8 =    28 MB
* Maximum dynamic memory allocated : Node    9 =    27 MB
* Maximum dynamic memory allocated : Node   10 =    24 MB
* Maximum dynamic memory allocated : Node   11 =    19 MB
* Maximum dynamic memory allocated : Node   12 =    22 MB
* Maximum dynamic memory allocated : Node   13 =    27 MB
* Maximum dynamic memory allocated : Node   14 =    27 MB
* Maximum dynamic memory allocated : Node   15 =    27 MB
* Maximum dynamic memory allocated : Node   16 =    28 MB
* Maximum dynamic memory allocated : Node   17 =    27 MB
* Maximum dynamic memory allocated : Node   18 =    24 MB
* Maximum dynamic memory allocated : Node   19 =    19 MB
* Maximum dynamic memory allocated : Node   20 =    21 MB
* Maximum dynamic memory allocated : Node   21 =    27 MB
* Maximum dynamic memory allocated : Node   22 =    27 MB
* Maximum dynamic memory allocated : Node   23 =    27 MB
* Maximum dynamic memory allocated : Node   24 =    27 MB
* Maximum dynamic memory allocated : Node   25 =    27 MB
* Maximum dynamic memory allocated : Node   26 =    24 MB
* Maximum dynamic memory allocated : Node   27 =    19 MB
* Maximum dynamic memory allocated : Node   28 =    21 MB
* Maximum dynamic memory allocated : Node   29 =    27 MB
* Maximum dynamic memory allocated : Node   30 =    27 MB
* Maximum dynamic memory allocated : Node   31 =    27 MB
* Maximum dynamic memory allocated : Node   32 =    26 MB
* Maximum dynamic memory allocated : Node   33 =    25 MB
* Maximum dynamic memory allocated : Node   34 =    23 MB
* Maximum dynamic memory allocated : Node   35 =    19 MB
* Maximum dynamic memory allocated : Node   36 =    21 MB
* Maximum dynamic memory allocated : Node   37 =    25 MB
* Maximum dynamic memory allocated : Node   38 =    25 MB
* Maximum dynamic memory allocated : Node   39 =    25 MB
* Maximum dynamic memory allocated : Node   40 =    26 MB
* Maximum dynamic memory allocated : Node   41 =    26 MB
* Maximum dynamic memory allocated : Node   42 =    23 MB
* Maximum dynamic memory allocated : Node   43 =    19 MB
* Maximum dynamic memory allocated : Node   44 =    21 MB
* Maximum dynamic memory allocated : Node   45 =    25 MB
* Maximum dynamic memory allocated : Node   46 =    26 MB
* Maximum dynamic memory allocated : Node   47 =    26 MB
* Maximum dynamic memory allocated : Node   48 =    26 MB
* Maximum dynamic memory allocated : Node   49 =    26 MB
* Maximum dynamic memory allocated : Node   50 =    23 MB
* Maximum dynamic memory allocated : Node   51 =    19 MB
* Maximum dynamic memory allocated : Node   52 =    21 MB
* Maximum dynamic memory allocated : Node   53 =    25 MB
* Maximum dynamic memory allocated : Node   54 =    26 MB
* Maximum dynamic memory allocated : Node   55 =    26 MB
* Maximum dynamic memory allocated : Node   56 =    26 MB
* Maximum dynamic memory allocated : Node   57 =    26 MB
* Maximum dynamic memory allocated : Node   58 =    23 MB
* Maximum dynamic memory allocated : Node   59 =    19 MB
* Maximum dynamic memory allocated : Node   60 =    21 MB
* Maximum dynamic memory allocated : Node   61 =    25 MB
* Maximum dynamic memory allocated : Node   62 =    26 MB
* Maximum dynamic memory allocated : Node   63 =    26 MB
* Maximum memory occured during matrixMtoO                    

timer: CPU execution times:
timer:  Routine       Calls   Time/call    Tot.time        %
timer:  siesta            1    8365.992    8365.992   100.00
timer:  Setup             1       9.984       9.984     0.12
timer:  bands             1       0.017       0.017     0.00
timer:  writewave         1       0.057       0.057     0.00
timer:  KSV_init          1       0.019       0.019     0.00
timer:  IterMD            1    8315.547    8315.547    99.40
timer:  hsparse           2       4.492       8.984     0.11
timer:  overfsm           2       2.595       5.190     0.06
timer:  IterSCF          34     243.665    8284.620    99.03
timer:  kinefsm           2       2.346       4.691     0.06
timer:  nlefsm            2      47.077      94.154     1.13
timer:  DHSCF            35      49.123    1719.296    20.55
timer:  DHSCF1            1       5.244       5.244     0.06
timer:  DHSCF2            1      85.031      85.031     1.02
timer:  REORD           496       0.006       2.957     0.04
timer:  POISON           36       0.721      25.949     0.31
timer:  DHSCF3           35      45.401    1589.019    18.99
timer:  rhoofd           35      14.529     508.524     6.08
timer:  CELLXC           35       0.247       8.654     0.10
timer:  vmat             34      18.173     617.872     7.39
timer:  emtrans          34     183.553    6240.790    74.60
timer:  NEGFK           136      35.812    4870.390    58.22
timer:  NEGFK_su        136       3.944     536.419     6.41
timer:  NEGFK_imag      132       2.664     351.702     4.20
timer:  NEGFK_real      132       0.000       0.000     0.00
timer:  NEGFK_col       132       4.121     543.994     6.50
timer:  DHSCF4            1      36.493      36.493     0.44
timer:  dfscf             1      25.873      25.873     0.31
timer:  TRANSM            4     465.016    1860.063    22.23
timer:  CURRENT           4       3.359      13.437     0.16
  
>> End of run:   3-NOV-2023  12:21:58
