
  GRID BASED BADER ANALYSIS  (Version 0.28a 07/12/12)

  OPEN ... mx.RHO.cube         
  GAUSSIAN-STYLE INPUT FILE
  FFT-grid:   160 x 160 x 720
  CLOSE ... mx.RHO.cube         

  RUN TIME:    9.07 SECONDS

  CALCULATING BADER CHARGE DISTRIBUTION
                 0  10  25  50  75  100
  PERCENT DONE:  ********************** 

  REFINING AUTOMATICALLY
  ITERATION: 1
  EDGE POINTS:       7204354
  REASSIGNED POINTS:  787651
  ITERATION: 2
  CHECKED POINTS:    6182196
  REASSIGNED POINTS:   18447
  ITERATION: 3
  CHECKED POINTS:     187037
  REASSIGNED POINTS:    5267
  ITERATION: 4
  CHECKED POINTS:      42788
  REASSIGNED POINTS:    2967
  ITERATION: 5
  CHECKED POINTS:      17711
  REASSIGNED POINTS:    1774
  ITERATION: 6
  CHECKED POINTS:      10317
  REASSIGNED POINTS:    1314
  ITERATION: 7
  CHECKED POINTS:       7255
  REASSIGNED POINTS:     999
  ITERATION: 8
  CHECKED POINTS:       5429
  REASSIGNED POINTS:     624
  ITERATION: 9
  CHECKED POINTS:       3946
  REASSIGNED POINTS:     275
  ITERATION:10
  CHECKED POINTS:       2568
  REASSIGNED POINTS:     129
  ITERATION:11
  CHECKED POINTS:       1458
  REASSIGNED POINTS:     107
  ITERATION:12
  CHECKED POINTS:       1161
  REASSIGNED POINTS:      99
  ITERATION:13
  CHECKED POINTS:        941
  REASSIGNED POINTS:      58
  ITERATION:14
  CHECKED POINTS:        681
  REASSIGNED POINTS:      47
  ITERATION:15
  CHECKED POINTS:        537
  REASSIGNED POINTS:      44
  ITERATION:16
  CHECKED POINTS:        490
  REASSIGNED POINTS:      39
  ITERATION:17
  CHECKED POINTS:        445
  REASSIGNED POINTS:      26
  ITERATION:18
  CHECKED POINTS:        353
  REASSIGNED POINTS:      34
  ITERATION:19
  CHECKED POINTS:        400
  REASSIGNED POINTS:      27
  ITERATION:20
  CHECKED POINTS:        335
  REASSIGNED POINTS:      19
  ITERATION:21
  CHECKED POINTS:        266
  REASSIGNED POINTS:      17
  ITERATION:22
  CHECKED POINTS:        253
  REASSIGNED POINTS:      19
  ITERATION:23
  CHECKED POINTS:        269
  REASSIGNED POINTS:      13
  ITERATION:24
  CHECKED POINTS:        181
  REASSIGNED POINTS:      14
  ITERATION:25
  CHECKED POINTS:        194
  REASSIGNED POINTS:      12
  ITERATION:26
  CHECKED POINTS:        171
  REASSIGNED POINTS:      10
  ITERATION:27
  CHECKED POINTS:        137
  REASSIGNED POINTS:      14
  ITERATION:28
  CHECKED POINTS:        171
  REASSIGNED POINTS:      10
  ITERATION:29
  CHECKED POINTS:        146
  REASSIGNED POINTS:       8
  ITERATION:30
  CHECKED POINTS:        139
  REASSIGNED POINTS:       6
  ITERATION:31
  CHECKED POINTS:         77
  REASSIGNED POINTS:       6
  ITERATION:32
  CHECKED POINTS:         95
  REASSIGNED POINTS:       4
  ITERATION:33
  CHECKED POINTS:         90
  REASSIGNED POINTS:       5
  ITERATION:34
  CHECKED POINTS:         68
  REASSIGNED POINTS:       5
  ITERATION:35
  CHECKED POINTS:         81
  REASSIGNED POINTS:       2
  ITERATION:36
  CHECKED POINTS:         52
  REASSIGNED POINTS:       2
  ITERATION:37
  CHECKED POINTS:         52
  REASSIGNED POINTS:       0

  RUN TIME:     578.97 SECONDS

  CALCULATING MINIMUM DISTANCES TO ATOMS
                 0  10  25  50  75  100
  PERCENT DONE:  **********************

  RUN TIME:   14.28 SECONDS

  WRITING BADER ATOMIC CHARGES TO ACF.dat
  WRITING BADER VOLUME CHARGES TO BCF.dat

  NUMBER OF BADER MAXIMA FOUND:        2728991
      SIGNIFICANT MAXIMA FOUND:           2342
           NUMBER OF ELECTRONS:     1222.98959
 
