
  GRID BASED BADER ANALYSIS  (Version 0.28a 07/12/12)

  OPEN ... mx.RHO.cube         
  GAUSSIAN-STYLE INPUT FILE
  FFT-grid:   160 x 160 x 720
  CLOSE ... mx.RHO.cube         

  RUN TIME:    9.02 SECONDS

  CALCULATING BADER CHARGE DISTRIBUTION
                 0  10  25  50  75  100
  PERCENT DONE:  ********************** 

  REFINING AUTOMATICALLY
  ITERATION: 1
  EDGE POINTS:       7316169
  REASSIGNED POINTS:  800950
  ITERATION: 2
  CHECKED POINTS:    6296816
  REASSIGNED POINTS:   19142
  ITERATION: 3
  CHECKED POINTS:     192410
  REASSIGNED POINTS:    5873
  ITERATION: 4
  CHECKED POINTS:      47891
  REASSIGNED POINTS:    3040
  ITERATION: 5
  CHECKED POINTS:      21374
  REASSIGNED POINTS:    1507
  ITERATION: 6
  CHECKED POINTS:      12446
  REASSIGNED POINTS:     842
  ITERATION: 7
  CHECKED POINTS:       7644
  REASSIGNED POINTS:     604
  ITERATION: 8
  CHECKED POINTS:       5337
  REASSIGNED POINTS:     459
  ITERATION: 9
  CHECKED POINTS:       3998
  REASSIGNED POINTS:     356
  ITERATION:10
  CHECKED POINTS:       3070
  REASSIGNED POINTS:     282
  ITERATION:11
  CHECKED POINTS:       2517
  REASSIGNED POINTS:     225
  ITERATION:12
  CHECKED POINTS:       2076
  REASSIGNED POINTS:     172
  ITERATION:13
  CHECKED POINTS:       1799
  REASSIGNED POINTS:     136
  ITERATION:14
  CHECKED POINTS:       1682
  REASSIGNED POINTS:     132
  ITERATION:15
  CHECKED POINTS:       1596
  REASSIGNED POINTS:     125
  ITERATION:16
  CHECKED POINTS:       1526
  REASSIGNED POINTS:     116
  ITERATION:17
  CHECKED POINTS:       1484
  REASSIGNED POINTS:     132
  ITERATION:18
  CHECKED POINTS:       1604
  REASSIGNED POINTS:     123
  ITERATION:19
  CHECKED POINTS:       1428
  REASSIGNED POINTS:     120
  ITERATION:20
  CHECKED POINTS:       1423
  REASSIGNED POINTS:     111
  ITERATION:21
  CHECKED POINTS:       1292
  REASSIGNED POINTS:     106
  ITERATION:22
  CHECKED POINTS:       1216
  REASSIGNED POINTS:     106
  ITERATION:23
  CHECKED POINTS:       1134
  REASSIGNED POINTS:      82
  ITERATION:24
  CHECKED POINTS:       1002
  REASSIGNED POINTS:      91
  ITERATION:25
  CHECKED POINTS:        932
  REASSIGNED POINTS:      85
  ITERATION:26
  CHECKED POINTS:        887
  REASSIGNED POINTS:      77
  ITERATION:27
  CHECKED POINTS:        816
  REASSIGNED POINTS:      67
  ITERATION:28
  CHECKED POINTS:        678
  REASSIGNED POINTS:      67
  ITERATION:29
  CHECKED POINTS:        655
  REASSIGNED POINTS:      49
  ITERATION:30
  CHECKED POINTS:        449
  REASSIGNED POINTS:      46
  ITERATION:31
  CHECKED POINTS:        413
  REASSIGNED POINTS:      41
  ITERATION:32
  CHECKED POINTS:        367
  REASSIGNED POINTS:      46
  ITERATION:33
  CHECKED POINTS:        412
  REASSIGNED POINTS:      42
  ITERATION:34
  CHECKED POINTS:        375
  REASSIGNED POINTS:      41
  ITERATION:35
  CHECKED POINTS:        322
  REASSIGNED POINTS:      32
  ITERATION:36
  CHECKED POINTS:        266
  REASSIGNED POINTS:      23
  ITERATION:37
  CHECKED POINTS:        193
  REASSIGNED POINTS:      14
  ITERATION:38
  CHECKED POINTS:        121
  REASSIGNED POINTS:       3
  ITERATION:39
  CHECKED POINTS:         52
  REASSIGNED POINTS:       0

  RUN TIME:     592.08 SECONDS

  CALCULATING MINIMUM DISTANCES TO ATOMS
                 0  10  25  50  75  100
  PERCENT DONE:  **********************

  RUN TIME:   14.28 SECONDS

  WRITING BADER ATOMIC CHARGES TO ACF.dat
  WRITING BADER VOLUME CHARGES TO BCF.dat

  NUMBER OF BADER MAXIMA FOUND:        2727074
      SIGNIFICANT MAXIMA FOUND:           2381
           NUMBER OF ELECTRONS:     1222.98941
 
