
#FDF: Opened INPUT_TMP.1560165523 for input. Unit: 12

fdf-debug              0     # Default value
SystemName     1V                                                                                                                                  
SystemLabel     1V                                                                                                                                  
XML.Write              T     # Default value
Write.XML              T     # Default value
XML.AbortOnErrors              F     # Default value
XML.AbortOnWarnings              F     # Default value
alloc_report_level              0     # Default value
xc.functional     LDA                                                                                                                                 
xc.authors     CA                                                                                                                                  
MM.Cutoff          30.00000000     Bohr     # Default value
MM.UnitsEnergy     eV     # Default value
MM.UnitsDistance     Ang     # Default value
WriteIonPlotFiles              F     # Default value
Atom.Debug.KB.Generation              F     # Default value
user-basis              F     # Default value
user-basis-netcdf              F     # Default value
ReparametrizePseudos              F     # Default value
Restricted.Radial.Grid              T     # Default value
Rmax.Radial.Grid          0.000000000         # Default value
PAO.BasisSize     standard            # Default value
PAO.BasisType     split                                                                                                                               
PAO.SoftDefault              F     # Default value
PAO.SoftInnerRadius         0.9000000000         # Default value
PAO.SoftPotential          40.00000000         # Default value
PAO.SplitNorm         0.1500000000         # Default value
PAO.SplitNormH         -1.000000000         # Default value
Number_of_species                        1

%block ChemicalSpeciesLabel                                                    
1 79 Au                                                                        
%endblock ChemicalSpeciesLabel                                                 
 

%block PAO.Basis                                                               
  Au  2                                                                        
n=6  0  1                                                                      
6.500                                                                          
1.00                                                                           
n=5  2  1                                                                      
5.850                                                                          
1.00                                                                           
%endblock PAO.Basis                                                            
 

%block PS.lmax                                                                 
 Au   3                                                                        
%endblock PS.lmax                                                              
 
FilterCutoff          0.000000000     Ry     # Default value
FilterTol          0.000000000     Ry     # Default value
KB.Rmax          6.000000000     Bohr     # Default value
PAO.EnergyShift         0.2000000000E-01 Ry     # Default value
PAO.SplitTailNorm              F     # Default value
PAO.FixSplitTable              F     # Default value
PAO.NewSplitCode              F     # Default value
PAO.Filter              F     # Default value
PAO.Filter              F     # Default value
PAO.OldStylePolorbs              T     # Default value
PAO.SplitTailNorm              F     # Default value
PAO.FixSplitTable              F     # Default value
PAO.NewSplitCode              F     # Default value
Vna.Filter              F     # Default value
PCC.Filter              F     # Default value
PAO.BasisType     split                                                                                                                               
Atom-Setup-Only              F     # Default value
UseStructFile              F     # Default value
MD.UseStructFile              F     # Default value
LatticeConstant          1.889726878           Bohr
# Above item originally: LatticeConstant          1.000000000     Ang       

%block LatticeVectors                                                          
   8.336     0.000   0.000        1                                            
  0.000    8.336     0.000   1                                                 
  0.000   0.000    33.926  1                                                   
%endblock LatticeVectors                                                       
 

%block LatticeVectors                                                          
   8.336     0.000   0.000        1                                            
  0.000    8.336     0.000   1                                                 
  0.000   0.000    33.926  1                                                   
%endblock LatticeVectors                                                       
 
AtomicCoordinatesFormat     Ang                                                                                                                                 
NumberOfAtoms                       96
ZM.UnitsLength     Bohr           # Default value
ZM.UnitsAngle     rad            # Default value
ZM.ForceTolLength         0.1555740000E-02 Ry/Bohr     # Default value
ZM.ForceTolAngle         0.3565490000E-02 Ry/rad     # Default value
ZM.MaxDisplLength         0.2000000000     Bohr     # Default value
ZM.MaxDisplAngle         0.3000000000E-02 rad     # Default value
ZM.CalcAllForces              F     # Default value

%block AtomicCoordinatesAndAtomicSpecies                                       
0.0 0.0 0.0 1 Au                                                               
0.0 4.168 0.0 1 Au                                                             
2.084 2.084 0.0 1 Au                                                           
2.084 6.252 0.0 1 Au                                                           
4.168 0.0 0.0 1 Au                                                             
4.168 4.168 0.0 1 Au                                                           
6.252 2.084 0.0 1 Au                                                           
6.252 6.252 0.0 1 Au                                                           
0.0 2.084 2.084 1 Au                                                           
0.0 6.252 2.084 1 Au                                                           
2.084 0.0 2.084 1 Au                                                           
2.084 4.168 2.084 1 Au                                                         
4.168 2.084 2.084 1 Au                                                         
4.168 6.252 2.084 1 Au                                                         
6.252 0.0 2.084 1 Au                                                           
6.252 4.168 2.084 1 Au                                                         
0.0 0.0 4.168 1 Au                                                             
0.0 4.168 4.168 1 Au                                                           
2.084 2.084 4.168 1 Au                                                         
2.084 6.252 4.168 1 Au                                                         
4.168 0.0 4.168 1 Au                                                           
4.168 4.168 4.168 1 Au                                                         
6.252 2.084 4.168 1 Au                                                         
6.252 6.252 4.168 1 Au                                                         
0.0 2.084 6.252 1 Au                                                           
0.0 6.252 6.252 1 Au                                                           
2.084 0.0 6.252 1 Au                                                           
2.084 4.168 6.252 1 Au                                                         
4.168 2.084 6.252 1 Au                                                         
4.168 6.252 6.252 1 Au                                                         
6.252 0.0 6.252 1 Au                                                           
6.252 4.168 6.252 1 Au                                                         
0.0 0.0 8.336 1 Au                                                             
0.0 4.168 8.336 1 Au                                                           
2.084 2.084 8.336 1 Au                                                         
2.084 6.252 8.336 1 Au                                                         
4.168 0.0 8.336 1 Au                                                           
4.168 4.168 8.336 1 Au                                                         
6.252 2.084 8.336 1 Au                                                         
6.252 6.252 8.336 1 Au                                                         
0.0 2.084 10.42 1 Au                                                           
0.0 6.252 10.42 1 Au                                                           
2.084 0.0 10.42 1 Au                                                           
2.084 4.168 10.42 1 Au                                                         
4.168 2.084 10.42 1 Au                                                         
4.168 6.252 10.42 1 Au                                                         
6.252 0.0 10.42 1 Au                                                           
6.252 4.168 10.42 1 Au                                                         
0.0 0.0 21.422 1 Au                                                            
0.0 4.168 21.422 1 Au                                                          
2.084 2.084 21.422 1 Au                                                        
2.084 6.252 21.422 1 Au                                                        
4.168 0.0 21.422 1 Au                                                          
4.168 4.168 21.422 1 Au                                                        
6.252 2.084 21.422 1 Au                                                        
6.252 6.252 21.422 1 Au                                                        
0.0 2.084 23.506 1 Au                                                          
0.0 6.252 23.506 1 Au                                                          
2.084 0.0 23.506 1 Au                                                          
2.084 4.168 23.506 1 Au                                                        
4.168 2.084 23.506 1 Au                                                        
4.168 6.252 23.506 1 Au                                                        
6.252 0.0 23.506 1 Au                                                          
6.252 4.168 23.506 1 Au                                                        
0.0 0.0 25.59 1 Au                                                             
0.0 4.168 25.59 1 Au                                                           
2.084 2.084 25.59 1 Au                                                         
2.084 6.252 25.59 1 Au                                                         
4.168 0.0 25.59 1 Au                                                           
4.168 4.168 25.59 1 Au                                                         
6.252 2.084 25.59 1 Au                                                         
6.252 6.252 25.59 1 Au                                                         
0.0 2.084 27.674 1 Au                                                          
0.0 6.252 27.674 1 Au                                                          
2.084 0.0 27.674 1 Au                                                          
2.084 4.168 27.674 1 Au                                                        
4.168 2.084 27.674 1 Au                                                        
4.168 6.252 27.674 1 Au                                                        
6.252 0.0 27.674 1 Au                                                          
6.252 4.168 27.674 1 Au                                                        
0.0 0.0 29.758 1 Au                                                            
0.0 4.168 29.758 1 Au                                                          
2.084 2.084 29.758 1 Au                                                        
2.084 6.252 29.758 1 Au                                                        
4.168 0.0 29.758 1 Au                                                          
4.168 4.168 29.758 1 Au                                                        
6.252 2.084 29.758 1 Au                                                        
6.252 6.252 29.758 1 Au                                                        
0.0 2.084 31.842 1 Au                                                          
0.0 6.252 31.842 1 Au                                                          
2.084 0.0 31.842 1 Au                                                          
2.084 4.168 31.842 1 Au                                                        
4.168 2.084 31.842 1 Au                                                        
4.168 6.252 31.842 1 Au                                                        
6.252 0.0 31.842 1 Au                                                          
6.252 4.168 31.842 1 Au                                                        
%endblock AtomicCoordinatesAndAtomicSpecies 	                                  
 
UseSaveData              F     # Default value
MD.UseSaveXV              F     # Default value
MD.UseSaveZM              F     # Default value
WriteCoorInitial              T     # Default value
MD.TypeOfRun     none     # Default value
MaxBondDistance          6.000000000     Bohr     # Default value
Output-Structure-Only              F     # Default value
EMTransport              T
NEnergReal                       64
NEnergImCircle             34     # Default value
NEnergImLine             20     # Default value
NPoles              5     # Default value
VInitial         0.7349798845E-01         Ry
# Above item originally: VInitial          1.000000000     eV        
VFinal         0.7349798845E-01         Ry
# Above item originally: VFinal          1.000000000     eV        
NIVPoints                        0
Delta         0.1000000000E-03
EnergLowestBound         -7.349798845             Ry
# Above item originally: EnergLowestBound         -100.0000000     eV        
SpinConfLeads              0     # Default value
AtomLeftVCte              1     # Default value
AtomRightVCte             96     # Default value
NSlices              1     # Default value
TrCoefficients              T
SetBulkTransvCell              F     # Default value
BulkTransvCellSize              3     # Default value
BulkTransport              F     # Default value
InitTransport              F     # Default value
ForceNSC3              F     # Default value
BulkLead     LR     # Default value
WriteDMT              F     # Default value
HartreeLeadsLeft          0.000000000     Bohr     # Default value
HartreeLeadsRight          0.000000000     Bohr     # Default value
