Done.


###############################################################################
TCHPC Cluster: lonsdale
Job 162299 (opt-20.0) for User 'baim' in Account 'hpc_12_00447'
Finished at: Tue Oct  8 17:53:40 IST 2013

Job completion status:
======================

       JobID    JobName      Account  Partition   NTasks  AllocCPUS  MaxVMSize    Elapsed      State ExitCode 
------------ ---------- ------------ ---------- -------- ---------- ---------- ---------- ---------- -------- 
162299         opt-20.0 hpc_12_00447    compute                   8              01:00:40    RUNNING      0:0 
162299.batch      batch hpc_12_00447                   1          1   3638628K   01:00:40  COMPLETED      0:0 


Job details:
============

JobId=162299 Name=opt-20.0
   UserId=baim(5349) GroupId=baim(9152)
   Priority=11071148 Account=hpc_12_00447 QOS=normal
   JobState=COMPLETED Reason=None Dependency=(null)
   Requeue=0 Restarts=0 BatchFlag=1 ExitCode=0:0
   DerivedExitCode=0:0
   RunTime=01:00:40 TimeLimit=04:30:00 TimeMin=N/A
   SubmitTime=2013-10-08T16:52:40 EligibleTime=2013-10-08T16:52:40
   StartTime=2013-10-08T16:53:00 EndTime=2013-10-08T17:53:40
   PreemptTime=None SuspendTime=None SecsPreSuspend=0
   Partition=compute AllocNode:Sid=lonsdale01:1817
   ReqNodeList=(null) ExcNodeList=(null)
   NodeList=lonsdale-n089
   BatchHost=lonsdale-n089
   NumNodes=1 NumCPUs=8 CPUs/Task=1 ReqS:C:T=*:*:*
     Nodes=lonsdale-n089 CPU_IDs=0-7 Mem=15200
   MinCPUsNode=1 MinMemoryCPU=1900M MinTmpDiskNode=0
   Features=(null) Gres=(null) Reservation=(null)
   Shared=0 Contiguous=0 Licenses=(null) Network=(null)
   Command=/home/users/baim/workspace/MD/gold/3d/100/jp/spd/newbasis/bias/h2/20.0/opt/opt.sh
   WorkDir=/home/users/baim/workspace/MD/gold/3d/100/jp/spd/newbasis/bias/h2/20.0/opt


Disk quota details:
===================

Quota Type           Name  Filesystem     Usage in MB     Limit in MB    % Used
-------------------------------------------------------------------------------
USER                 baim       /home          40,949          51,200    79.98%
USER                 baim   /projects             188               0       N/A

GROUP         pi-ssanvito   /projects       6,132,505       6,291,456    97.47%


SLURM Bank Statement:
=====================

User           Usage |        Account     Usage | Account Limit Available (CPU hrs)
---------- --------- + -------------- --------- + ------------- ---------

baim         129,185 |   HPC_12_00447   129,185 |       300,000   170,815
ssanvito           0 |   HPC_12_00447   129,185 |       300,000   170,815


Acknowledgements:
=================

Note that usage of TCHPC Resources *must* be acknowledged in all publications.

Please see this page for details relevant to this cluster:

http://www.tchpc.tcd.ie/resources/acknowledgementpolicy

################################################################################
