SIESTA 1.3.7  -- [1.3f1 release] (04 Feb 2004)
Architecture  : mpif90
Compiler flags:  -O3 -check bounds -fp-model strict
PARALLEL version

* Running on    2 nodes in parallel
>> Start of run:   1-NOV-2023  16:18:52

                           ***********************       
                           *  WELCOME TO SIESTA  *       
                           ***********************       

reinit: Reading from standard input
************************** Dump of input data file ****************************
SystemName                   IV
SystemLabel                     IV               # Short name for naming files
NumberOfAtoms    12
NumberOfSpecies                 1               # Number of species
PAO.BasisType                   split
%block ChemicalSpeciesLabel
  1   3  Li
%endblock ChemicalSpeciesLabel
%block PAO.Basis
Li   1
n=2 0 1
0.0
1.0
%endblock PAO.Basis
%block PS.lmax
 Li   1
%endblock PS.lmax
LatticeConstant 1.000 Ang
%block LatticeVectors
  12.0    0.000   0.000   1
  0.000  12.0   0.000   1
  0.000   0.000     36.0 1
%endblock LatticeVectors
AtomicCoordinatesFormat Ang
%block AtomicCoordinatesAndAtomicSpecies
0.0 0.0 0.0 1 Li
0.0 0.0 3.0 1 Li
0.0 0.0 6.0 1 Li
0.0 0.0 9.0 1 Li
0.0 0.0 12.0 1 Li
0.0 0.0 15.0 1 Li
0.0 0.0 18.0 1 Li
0.0 0.0 21.0 1 Li
0.0 0.0 24.0 1 Li
0.0 0.0 27.0 1 Li
0.0 0.0 30.0 1 Li
0.0 0.0 33.0 1 Li
%endblock AtomicCoordinatesAndAtomicSpecies
%block kgrid_Monkhorst_Pack
  1   0   0     0.0
  0   1   0     0.0
  0   0   1     0.0
%endblock kgrid_Monkhorst_Pack
xc.functional		LDA		# 'LDA', 'GGA'
xc.authors 	 		CA		# 'CA'='PZ', 'PW92', 'PBE'
SpinPolarized			F		# 'T', 'F'		
#FixSpin           F
#TotalSpin        0.0
NonCollinearSpin		F		# 'T', 'F'
MeshCutoff 	 		    200 Ry		# Equivalent plane wave cutoff for the grid
MaxSCFIterations                10000                2                10000                10000		10000
DM.MixingWeight			0.1
DM.NumberPulay			4	# Pulay convergency accelerator
DM.MixSCF1			    T
MixHamiltonian      T
DM.PulayOnFile			F		# Store in memory ('F') or in files ('T')
#DM.NumberKick         30
#DM.KickMixingWeight   0.1
DM.Tolerance 		1.0E-4
NeglNonOverlapInt		F		# 'F'=do not neglect
SolutionMethod			diagon
ElectronicTemperature		300 K		# Default value
DM.UseSaveDM 			T
#MD.UseSaveXV			T
#MD.UseSaveCG			T
WriteForces      T
WriteCoorXmol			T		# Write Atoms coordinates
SaveElectrostaticPotential      T
#SaveHS				T		# Save the Hamiltonian and Overlap matrices
SaveRho				T		# Save the valence pseudocharge density
#SaveDeltaRho			T
#WriteDenchar			T		# Write Denchar output
WriteMullikenPop		0 #write mulliken population of aromic and orbital charges
#-----
#smeagol
#-----
# Perform a transport calculation
EMTransport              T
# Set number of energy points for integrals
NEnergReal               64
# Set bias range
VInitial             -2.0  eV
VFinal               2.0    eV
NIVPoints            9
# General variables
Delta                    1e-4
EnergLowestBound    -100.0 eV
# Print transmission coefficient
TrCoefficients           T
InitTransmRange      -10.0 eV
FinalTransmRange      10.0 eV
NTransmPoints            800
TRC.EMDOS                T
TRC.LeadsDOS             T
# Matching of Hartree potential with the leads
HartreeLeadsBottom  -0.39982224 eV
%block SaveBiasSteps
 1 2 3 4 5 6 7 8 9
%endblock SaveBiasSteps
************************** End of input data file *****************************

reinit: -----------------------------------------------------------------------
reinit: System Name: IV                                                         
reinit: -----------------------------------------------------------------------
reinit: System Label: IV                  
reinit: -----------------------------------------------------------------------

initatom: Reading input for the pseudopotentials and atomic orbitals ----------
 Species number:            1  Label: Li Atomic number:           3
Ground state valence configuration:   2s01
Reading pseudopotential information in formatted form from Li.psf
relmxkb: Read Max KB Ang. Momentum=    1 for species Li

<basis_specs>
===============================================================================
Li                   Z=   3    Mass=  6.9400        Charge=  0.0000    
Lmxo=0 Lmxkb=1     BasisType=split      Semic=F
L=0  Nsemic=0  Cnfigmx=2
          n=1  nzeta=1  polorb=0
               vcte:    0.0000    
               rinn:    0.0000    
                rcs:    0.0000    
            lambdas:    1.0000    
-------------------------------------------------------------------------------
L=0  Nkbl=1  erefs: 0.17977+309
L=1  Nkbl=1  erefs: 0.17977+309
===============================================================================
</basis_specs>

atom: Called for Li  (Z =   3)

read_vps: Pseudopotential generation method:
read_vps: ATM3      Troullier-Martins                       

read_vps: Valence configuration (pseudopotential and basis set generation):
2s( 1.00) rc: 2.26
2p( 0.00) rc: 2.26
read_vps: Spin-orbit interaction is not included in this calculation
Total valence charge:    1.00000

read_vps: Pseudopotential includes a core correction:
read_vps: Pseudo-core for xc-correction
comcore: Pseudo-core radius Rcore=  3.450946

xc_check: Exchange-correlation functional:
xc_check: Ceperley-Alder
xc_check: WARNING: Pseudopotential generated with
xc_check: WARNING: GGA Perdew, Burke & Ernzerhof 1996 functional
V l=0 = -2*Zval/r beyond r=  2.4014
V l=1 = -2*Zval/r beyond r=  2.4014
All V_l potentials equal beyond r=  2.2001
This should be close to max(r_c) in ps generation
All pots = -2*Zval/r beyond r=  2.4014

VLOCAL1: 99.0% of the norm of Vloc inside      8.968 Ry
VLOCAL1: 99.9% of the norm of Vloc inside     20.437 Ry
atom: Maximum radius for 4*pi*r*r*local-pseudopot. charge    2.55631
atom: Maximum radius for r*vlocal+2*Zval:    2.17278
GHOST: No ghost state for L =  0
GHOST: No ghost state for L =  1

KBgen: Kleinman-Bylander projectors: 
   l= 0   rc=  2.721230   el= -0.211995   Ekb=  1.936384   kbcos=  0.226371
   l= 1   rc=  2.860793   el= -0.081473   Ekb= -0.871273   kbcos= -0.142848

KBgen: Total number of  Kleinman-Bylander projectors:    4
atom: -------------------------------------------------------------------------

atom: SANKEY-TYPE ORBITALS:

SPLIT: Orbitals with angular momentum L= 0

SPLIT: Basis orbitals for state 2s

SPLIT: PAO cut-off radius determinated from an
SPLIT: energy shift=  0.020000 Ry

   izeta = 1
                 lambda =    1.000000
                     rc =    7.777862
                 energy =   -0.192109
                kinetic =    0.194479
    potential(screened) =   -0.386588
       potential(ionic) =   -0.562300
atom: Total number of Sankey-type orbitals:  1

atm_pop: Valence configuration(local Pseudopot. screening):
 2s( 1.00)                                                            
Vna: chval, zval:    1.00000   1.00000

Vna:  Cut-off radius for the neutral-atom potential:   7.777862

atom: _________________________________________________________________________

prinput: Basis input ----------------------------------------------------------

PAO.BasisType split     

%block ChemicalSpeciesLabel
    1    3 Li                      # Species index, atomic number, species label
%endblock ChemicalSpeciesLabel

%block PAO.Basis                 # Define Basis set
Li          1                    # Species label, number of l-shells
 n=2   0   1                         # n, l, Nzeta 
   7.778   
   1.000   
%endblock PAO.Basis

prinput: ----------------------------------------------------------------------


siesta: ******************** Simulation parameters ****************************
siesta:
siesta: The following are some of the parameters of the simulation.
siesta: A complete list of the parameters used, including defect values,
siesta: can be found in file out.fdf
siesta:
coor:   Atomic-coordinates input format  =     Cartesian coordinates
coor:                                          (in Angstroms)
redata: Number of spin components        =     1
redata: SpinOrbit                        =     0
redata: Long output                      =     F
redata: Number of Atomic Species         =     1
redata: Charge density info will appear in .RHO file
redata: Write Mulliken Pop.              =     NO
redata: Write Hamilton Pop.              =     NO
redata: Mesh Cutoff                      =   200.0000  Ry
redata: Net charge of the system         =     0.0000 |e|
redata: Max. number of SCF Iter          = 10000
redata: One Pulay mixing every           =     4 iterations
redata: Mix DM in first SCF step ?       =     T
redata: Write Pulay info on disk?        =     F
redata: New DM Mixing Weight             =     0.1000
redata: No kicks to SCF
redata: DM Mixing Weight for Kicks       =     0.5000
redata: DM Tolerance for SCF             =     0.000100
redata: Use continuation files for DM    =     T
redata: Neglect nonoverlap interactions  =     F
redata: Method of Calculation            =     Diagonalization
redata: Divide and Conquer               =     F
redata: Electronic Temperature           =     0.0019  Ry
redata: Fix the spin of the system       =     F
redata: Dynamics option                  =     CG coord. optimization
redata: Variable cell                    =     F
redata: Use continuation files for CG    =     F
redata: Maximum number of CG moves       =     0
redata: Max atomic displ per move        =     0.2000  Bohr
redata: Force tolerance                  =     0.0016  Ry/Bohr
redata: ***********************************************************************

siesta: Atomic coordinates (Bohr) and species
siesta:      0.00000   0.00000   0.00000  1        1
siesta:      0.00000   0.00000   5.66918  1        2
siesta:      0.00000   0.00000  11.33836  1        3
siesta:      0.00000   0.00000  17.00754  1        4
siesta:      0.00000   0.00000  22.67672  1        5
siesta:      0.00000   0.00000  28.34590  1        6
siesta:      0.00000   0.00000  34.01508  1        7
siesta:      0.00000   0.00000  39.68426  1        8
siesta:      0.00000   0.00000  45.35345  1        9
siesta:      0.00000   0.00000  51.02263  1       10
siesta:      0.00000   0.00000  56.69181  1       11
siesta:      0.00000   0.00000  62.36099  1       12

initatomlists: Number of atoms, orbitals, and projectors:     12    12    48

siesta: System type = chain     
 Nodes, Orbitals           2          12
 blocksizedefault           5

* ProcessorY, Blocksize:    1   5

 label:           1 Li                             1 s      
 label:           2 Li                             2 s      
 label:           3 Li                             3 s      
 label:           4 Li                             4 s      
 label:           5 Li                             5 s      
 label:           6 Li                             6 s      
 label:           7 Li                             7 s      
 label:           8 Li                             8 s      
 label:           9 Li                             9 s      
 label:          10 Li                            10 s      
 label:          11 Li                            11 s      
 label:          12 Li                            12 s      
 
* Maximum dynamic memory allocated =     1 MB

siesta:                 ==============================
SMEAGOL                 Bias step =    0, V = -0.147 Ry
                            Begin CG move =      0
                        ==============================

read_ldau The LDA+U method used is from Czyzky PRB 49 14211
 NSCOBlocks=           0

InitMesh: MESH =   108 x   108 x   320 =     3732480
InitMesh: Mesh cutoff (required, used) =   200.000   218.372 Ry
 
* Maximum dynamic memory allocated =   121 MB
siesta: reading saved Hamiltonian
siesta: saved Hamiltonian not found

siesta: Program's energy decomposition (eV):
siesta: Eions   =       132.671799
siesta: Ena     =        63.210748
siesta: Ekin    =        31.738355
siesta: Enl     =        20.034121
siesta: DEna    =         0.000000
siesta: DUscf   =         0.000000
siesta: DUext   =         0.000000
siesta: Exc     =      -134.296670
siesta: eta*DQ  =         0.000000
siesta: Emadel  =         0.000000
siesta: Eharris =      -147.917967
siesta: Eso     =         0.000000
siesta: Etot    =      -151.985244
siesta: FreeEng =      -151.985244

siesta: iscf   Eharris(eV)      E_KS(eV)   FreeEng(eV)     dDmax   Ef(eV)
siesta:    1     -147.9180     -151.9852     -151.9852   0.77467   0.0000
timer: Routine,Calls,Time,% = IterSCF        1       3.976  96.56
siesta:    2     -149.8115     -151.5300     -151.5300   0.09157   0.0000
siesta:    3     -154.8095     -145.5240     -145.5240   0.66010   0.0000
siesta:    4     -156.3830     -157.4966     -157.4966   0.19332   0.0000
siesta:    5     -155.6694     -156.7325     -156.7325   0.06753   0.0000
siesta:    6     -156.9693     -155.7370     -155.7370   0.06832   0.0000
siesta:    7     -155.9965     -156.8674     -156.8674   0.06462   0.0000
siesta:    8     -156.4786     -156.0725     -156.0725   0.03620   0.0000
siesta:    9     -156.4426     -156.4664     -156.4664   0.00347   0.0000
siesta:   10     -156.4492     -156.4438     -156.4438   0.00271   0.0000
siesta:   11     -156.4561     -156.4490     -156.4490   0.00218   0.0000
siesta:   12     -156.4565     -156.4563     -156.4563   0.00111   0.0000
siesta:   13     -156.4600     -156.4566     -156.4566   0.00075   0.0000
siesta:   14     -156.4581     -156.4596     -156.4596   0.00029   0.0000
siesta:   15     -156.4583     -156.4581     -156.4581   0.00020   0.0000
siesta:   16     -156.4572     -156.4583     -156.4583   0.00019   0.0000
siesta:   17     -156.4575     -156.4573     -156.4573   0.00009   0.0000
siesta:   18     -156.4577     -156.4575     -156.4575   0.00003   0.0000
 Calculating transmission coefficient

siesta: E_KS(eV) =             -156.4577

siesta: E_KS - E_eggbox =      -156.4577

siesta: Atomic forces (eV/Ang):
     1    0.000000    0.000000    0.173356
     2   -0.000000    0.000000    0.043943
     3   -0.000000    0.000000   -0.002548
     4   -0.000000    0.000000   -0.236820
     5   -0.000000   -0.000000    0.218803
     6    0.000000   -0.000000   -0.257583
     7    0.000000   -0.000000    0.431178
     8   -0.000000   -0.000000   -0.781959
     9    0.000000    0.000000    0.469354
    10   -0.000000   -0.000000   -0.048518
    11    0.000000   -0.000000   -0.071216
    12   -0.000000   -0.000000    0.022092
----------------------------------------
 Tot   -0.000000   -0.000000   -0.039919
----------------------------------------
 Max    0.781959
 Res    0.184683    sqrt( Sum f_i^2 / 3N )
----------------------------------------
 Max    0.781959    constrained
 
* Maximum dynamic memory allocated =   122 MB

siesta: Program's energy decomposition (eV):
siesta:-Eions   =    -132.671799
siesta: Ena     =      63.210748
siesta: Ekin    =      25.960282
siesta: Enl     =      20.616020
siesta: DEna    =       0.050375
siesta: DUscf   =       0.096541
siesta: DUext   =       0.000000
siesta: Exc     =    -133.719823
siesta: eta*DQ  =       0.000000
siesta: Emadel  =       0.000000
siesta: Ekinion =       0.000000
siesta: Eharris =    -156.457664
siesta: Eso     =       0.000000
siesta: Etot    =    -156.457655
siesta: FreeEng =    -156.457655

siesta: Final energy (eV):
siesta:       Kinetic =      25.960282
siesta:       Hartree =      39.470407
siesta:    Ext. field =       0.000000
siesta:   Exch.-corr. =    -133.719823
siesta:  Ion-electron =     -89.015343
siesta:       Ion-ion =       0.846822
siesta:       Ekinion =       0.000000
siesta:         Total =    -156.457655

siesta: Atomic forces (eV/Ang):
siesta:    1    0.000000    0.000000    0.173356
siesta:    2   -0.000000    0.000000    0.043943
siesta:    3   -0.000000    0.000000   -0.002548
siesta:    4   -0.000000    0.000000   -0.236820
siesta:    5   -0.000000   -0.000000    0.218803
siesta:    6    0.000000   -0.000000   -0.257583
siesta:    7    0.000000   -0.000000    0.431178
siesta:    8   -0.000000   -0.000000   -0.781959
siesta:    9    0.000000    0.000000    0.469354
siesta:   10   -0.000000   -0.000000   -0.048518
siesta:   11    0.000000   -0.000000   -0.071216
siesta:   12   -0.000000   -0.000000    0.022092
siesta: ----------------------------------------
siesta:  Tot   -0.000000   -0.000000   -0.039919

siesta: Stress tensor (static) (eV/Ang**3):
siesta:    -0.000016   -0.000000   -0.000000
siesta:    -0.000000   -0.000016   -0.000000
siesta:    -0.000000   -0.000000    0.005093

siesta: Cell volume =       5184.000000 Ang**3

siesta: Pressure (static):
siesta:                Solid            Molecule  Units
siesta:          -0.00001837         -0.00001648  Ry/Bohr**3
siesta:          -0.00168700         -0.00151293  eV/Ang**3
siesta:          -2.70290446         -2.42400635  kBar

siesta: Total spin polarization (Qup-Qdown) =    0.000000
siesta: Spin vector =    0.000000    0.000000    0.000000
siesta: No SpinPolK block detected...

siesta: Electric dipole (a.u.)  =   -0.000000   -0.000000    0.940471
siesta: Electric dipole (Debye) =   -0.000000   -0.000000    2.390440

siesta:                 ==============================
SMEAGOL                 Bias step =    1, V = -0.114 Ry
                            Begin CG move =      0
                        ==============================

read_ldau The LDA+U method used is from Czyzky PRB 49 14211
 NSCOBlocks=           0
 
* Maximum dynamic memory allocated =   122 MB
siesta: reading saved Hamiltonian

iodm: Reading Density Matrix from files

IV.HM                            
siesta: found saved Hamiltonian

siesta: Program's energy decomposition (eV):
siesta: Eions   =       132.671799
siesta: Ena     =        63.210748
siesta: Ekin    =        25.960282
siesta: Enl     =        20.616020
siesta: DEna    =         0.050375
siesta: DUscf   =         0.096541
siesta: DUext   =         0.000000
siesta: Exc     =      -133.719823
siesta: eta*DQ  =         0.000000
siesta: Emadel  =         0.000000
siesta: Eharris =      -158.975873
siesta: Eso     =         0.000000
siesta: Etot    =      -156.457655
siesta: FreeEng =      -156.457655

siesta: iscf   Eharris(eV)      E_KS(eV)   FreeEng(eV)     dDmax   Ef(eV)
siesta:    1     -158.9759     -156.4577     -156.4577   0.01753   0.0000
siesta:    2     -156.1429     -158.2756     -158.2756   0.20727   0.0000
siesta:    3     -156.8440     -156.6564     -156.6564   0.02220   0.0000
siesta:    4     -156.7164     -156.8467     -156.8467   0.01295   0.0000
siesta:    5     -156.7915     -156.7269     -156.7269   0.01002   0.0000
siesta:    6     -156.7350     -156.7904     -156.7904   0.00778   0.0000
siesta:    7     -156.7448     -156.7361     -156.7361   0.00273   0.0000
siesta:    8     -156.7542     -156.7443     -156.7443   0.00119   0.0000
siesta:    9     -156.7539     -156.7535     -156.7535   0.00019   0.0000
siesta:   10     -156.7541     -156.7539     -156.7539   0.00017   0.0000
siesta:   11     -156.7545     -156.7541     -156.7541   0.00014   0.0000
siesta:   12     -156.7546     -156.7545     -156.7545   0.00006   0.0000
 Calculating transmission coefficient

siesta: E_KS(eV) =             -156.7546

siesta: Atomic forces (eV/Ang):
     1    0.000000   -0.000000    0.135349
     2    0.000000   -0.000000    0.033992
     3    0.000000    0.000000   -0.021418
     4    0.000000    0.000000   -0.221025
     5    0.000000   -0.000000    0.199375
     6    0.000000   -0.000000   -0.228480
     7   -0.000000   -0.000000    0.363344
     8    0.000000    0.000000   -0.585635
     9    0.000000    0.000000    0.352934
    10    0.000000    0.000000   -0.028457
    11    0.000000   -0.000000   -0.052563
    12    0.000000   -0.000000    0.018605
----------------------------------------
 Tot    0.000000   -0.000000   -0.033978
----------------------------------------
 Max    0.585635
 Res    0.145698    sqrt( Sum f_i^2 / 3N )
----------------------------------------
 Max    0.585635    constrained
 
* Maximum dynamic memory allocated =   122 MB

siesta: Program's energy decomposition (eV):
siesta:-Eions   =    -132.671799
siesta: Ena     =      63.210748
siesta: Ekin    =      26.092712
siesta: Enl     =      20.719544
siesta: DEna    =      -0.118984
siesta: DUscf   =       0.062749
siesta: DUext   =       0.000000
siesta: Exc     =    -134.049569
siesta: eta*DQ  =       0.000000
siesta: Emadel  =       0.000000
siesta: Ekinion =       0.000000
siesta: Eharris =    -156.754614
siesta: Eso     =       0.000000
siesta: Etot    =    -156.754597
siesta: FreeEng =    -156.754597

siesta: Final energy (eV):
siesta:       Kinetic =      26.092712
siesta:       Hartree =      39.898291
siesta:    Ext. field =       0.000000
siesta:   Exch.-corr. =    -134.049569
siesta:  Ion-electron =     -89.542853
siesta:       Ion-ion =       0.846822
siesta:       Ekinion =       0.000000
siesta:         Total =    -156.754597

siesta: Atomic forces (eV/Ang):
siesta:    1    0.000000   -0.000000    0.135349
siesta:    2    0.000000   -0.000000    0.033992
siesta:    3    0.000000    0.000000   -0.021418
siesta:    4    0.000000    0.000000   -0.221025
siesta:    5    0.000000   -0.000000    0.199375
siesta:    6    0.000000   -0.000000   -0.228480
siesta:    7   -0.000000   -0.000000    0.363344
siesta:    8    0.000000    0.000000   -0.585635
siesta:    9    0.000000    0.000000    0.352934
siesta:   10    0.000000    0.000000   -0.028457
siesta:   11    0.000000   -0.000000   -0.052563
siesta:   12    0.000000   -0.000000    0.018605
siesta: ----------------------------------------
siesta:  Tot    0.000000   -0.000000   -0.033978

siesta: Stress tensor (static) (eV/Ang**3):
siesta:    -0.000008   -0.000000   -0.000000
siesta:    -0.000000   -0.000008    0.000000
siesta:    -0.000000    0.000000    0.004977

siesta: Cell volume =       5184.000000 Ang**3

siesta: Pressure (static):
siesta:                Solid            Molecule  Units
siesta:          -0.00001801         -0.00001695  Ry/Bohr**3
siesta:          -0.00165339         -0.00155637  eV/Ang**3
siesta:          -2.64904560         -2.49360634  kBar

siesta: Total spin polarization (Qup-Qdown) =    0.000000
siesta: Spin vector =    0.000000    0.000000    0.000000
siesta: No SpinPolK block detected...

siesta: Electric dipole (a.u.)  =    0.000000    0.000000    0.649706
siesta: Electric dipole (Debye) =    0.000000    0.000000    1.651388

siesta:                 ==============================
SMEAGOL                 Bias step =    2, V = -0.082 Ry
                            Begin CG move =      0
                        ==============================

read_ldau The LDA+U method used is from Czyzky PRB 49 14211
 NSCOBlocks=           0
 
* Maximum dynamic memory allocated =   122 MB
siesta: reading saved Hamiltonian

iodm: Reading Density Matrix from files

IV.HM                            
siesta: found saved Hamiltonian

siesta: Program's energy decomposition (eV):
siesta: Eions   =       132.671799
siesta: Ena     =        63.210748
siesta: Ekin    =        26.092712
siesta: Enl     =        20.719544
siesta: DEna    =        -0.118984
siesta: DUscf   =         0.062749
siesta: DUext   =         0.000000
siesta: Exc     =      -134.049569
siesta: eta*DQ  =         0.000000
siesta: Emadel  =         0.000000
siesta: Eharris =      -159.250684
siesta: Eso     =         0.000000
siesta: Etot    =      -156.754597
siesta: FreeEng =      -156.754597

siesta: iscf   Eharris(eV)      E_KS(eV)   FreeEng(eV)     dDmax   Ef(eV)
siesta:    1     -159.2507     -156.7546     -156.7546   0.01749   0.0000
siesta:    2     -156.9460     -158.6045     -158.6045   0.20635   0.0000
siesta:    3     -157.2199     -157.4051     -157.4051   0.02083   0.0000
siesta:    4     -157.2600     -157.2291     -157.2291   0.01267   0.0000
siesta:    5     -157.1476     -157.2620     -157.2620   0.00893   0.0000
siesta:    6     -157.2331     -157.1506     -157.1506   0.00615   0.0000
siesta:    7     -157.1877     -157.2310     -157.2310   0.00571   0.0000
siesta:    8     -157.1876     -157.1887     -157.1887   0.00053   0.0000
siesta:    9     -157.1873     -157.1876     -157.1876   0.00030   0.0000
siesta:   10     -157.1865     -157.1873     -157.1873   0.00018   0.0000
siesta:   11     -157.1866     -157.1866     -157.1866   0.00020   0.0000
siesta:   12     -157.1872     -157.1866     -157.1866   0.00019   0.0000
siesta:   13     -157.1878     -157.1872     -157.1872   0.00008   0.0000
siesta:   14     -157.1877     -157.1877     -157.1877   0.00003   0.0000
 Calculating transmission coefficient

siesta: E_KS(eV) =             -157.1877

siesta: Atomic forces (eV/Ang):
     1   -0.000000    0.000000    0.097809
     2   -0.000000    0.000000    0.023403
     3    0.000000   -0.000000   -0.045958
     4   -0.000000   -0.000000   -0.192392
     5   -0.000000   -0.000000    0.178870
     6   -0.000000    0.000000   -0.188017
     7    0.000000    0.000000    0.269845
     8    0.000000   -0.000000   -0.316688
     9   -0.000000   -0.000000    0.183372
    10   -0.000000   -0.000000   -0.022997
    11   -0.000000   -0.000000   -0.030725
    12    0.000000    0.000000    0.016665
----------------------------------------
 Tot   -0.000000   -0.000000   -0.026815
----------------------------------------
 Max    0.316688
 Res    0.095025    sqrt( Sum f_i^2 / 3N )
----------------------------------------
 Max    0.316688    constrained
 
* Maximum dynamic memory allocated =   122 MB

siesta: Program's energy decomposition (eV):
siesta:-Eions   =    -132.671799
siesta: Ena     =      63.210748
siesta: Ekin    =      26.165998
siesta: Enl     =      20.870929
siesta: DEna    =      -0.337058
siesta: DUscf   =       0.035756
siesta: DUext   =       0.000000
siesta: Exc     =    -134.462259
siesta: eta*DQ  =       0.000000
siesta: Emadel  =       0.000000
siesta: Ekinion =       0.000000
siesta: Eharris =    -157.187685
siesta: Eso     =       0.000000
siesta: Etot    =    -157.187684
siesta: FreeEng =    -157.187684

siesta: Final energy (eV):
siesta:       Kinetic =      26.165998
siesta:       Hartree =      40.446388
siesta:    Ext. field =       0.000000
siesta:   Exch.-corr. =    -134.462259
siesta:  Ion-electron =     -90.184633
siesta:       Ion-ion =       0.846822
siesta:       Ekinion =       0.000000
siesta:         Total =    -157.187684

siesta: Atomic forces (eV/Ang):
siesta:    1   -0.000000    0.000000    0.097809
siesta:    2   -0.000000    0.000000    0.023403
siesta:    3    0.000000   -0.000000   -0.045958
siesta:    4   -0.000000   -0.000000   -0.192392
siesta:    5   -0.000000   -0.000000    0.178870
siesta:    6   -0.000000    0.000000   -0.188017
siesta:    7    0.000000    0.000000    0.269845
siesta:    8    0.000000   -0.000000   -0.316688
siesta:    9   -0.000000   -0.000000    0.183372
siesta:   10   -0.000000   -0.000000   -0.022997
siesta:   11   -0.000000   -0.000000   -0.030725
siesta:   12    0.000000    0.000000    0.016665
siesta: ----------------------------------------
siesta:  Tot   -0.000000   -0.000000   -0.026815

siesta: Stress tensor (static) (eV/Ang**3):
siesta:    -0.000003    0.000000    0.000000
siesta:     0.000000   -0.000003    0.000000
siesta:     0.000000    0.000000    0.004905

siesta: Cell volume =       5184.000000 Ang**3

siesta: Pressure (static):
siesta:                Solid            Molecule  Units
siesta:          -0.00001778         -0.00001740  Ry/Bohr**3
siesta:          -0.00163289         -0.00159730  eV/Ang**3
siesta:          -2.61620791         -2.55918566  kBar

siesta: Total spin polarization (Qup-Qdown) =    0.000000
siesta: Spin vector =    0.000000    0.000000    0.000000
siesta: No SpinPolK block detected...

siesta: Electric dipole (a.u.)  =    0.000000    0.000000    0.273952
siesta: Electric dipole (Debye) =    0.000000    0.000000    0.696317

siesta:                 ==============================
SMEAGOL                 Bias step =    3, V = -0.049 Ry
                            Begin CG move =      0
                        ==============================

read_ldau The LDA+U method used is from Czyzky PRB 49 14211
 NSCOBlocks=           0
 
* Maximum dynamic memory allocated =   122 MB
siesta: reading saved Hamiltonian

iodm: Reading Density Matrix from files

IV.HM                            
siesta: found saved Hamiltonian

siesta: Program's energy decomposition (eV):
siesta: Eions   =       132.671799
siesta: Ena     =        63.210748
siesta: Ekin    =        26.165998
siesta: Enl     =        20.870929
siesta: DEna    =        -0.337058
siesta: DUscf   =         0.035756
siesta: DUext   =         0.000000
siesta: Exc     =      -134.462259
siesta: eta*DQ  =         0.000000
siesta: Emadel  =         0.000000
siesta: Eharris =      -158.875430
siesta: Eso     =         0.000000
siesta: Etot    =      -157.187684
siesta: FreeEng =      -157.187684

siesta: iscf   Eharris(eV)      E_KS(eV)   FreeEng(eV)     dDmax   Ef(eV)
siesta:    1     -158.8754     -157.1877     -157.1877   0.01755   0.0000
siesta:    2     -157.6826     -158.6237     -158.6237   0.13510   0.0000
siesta:    3     -157.7267     -157.8534     -157.8534   0.01819   0.0000
siesta:    4     -157.7135     -157.7308     -157.7308   0.01267   0.0000
siesta:    5     -157.6363     -157.7128     -157.7128   0.00814   0.0000
siesta:    6     -157.6867     -157.6368     -157.6368   0.00683   0.0000
siesta:    7     -157.6840     -157.6864     -157.6864   0.00105   0.0000
siesta:    8     -157.6844     -157.6842     -157.6842   0.00070   0.0000
siesta:    9     -157.6848     -157.6846     -157.6846   0.00053   0.0000
siesta:   10     -157.6856     -157.6848     -157.6848   0.00046   0.0000
siesta:   11     -157.6873     -157.6855     -157.6855   0.00027   0.0000
siesta:   12     -157.6873     -157.6873     -157.6873   0.00012   0.0000
siesta:   13     -157.6872     -157.6873     -157.6873   0.00010   0.0000
siesta:   14     -157.6872     -157.6872     -157.6872   0.00001   0.0000
 Calculating transmission coefficient

siesta: E_KS(eV) =             -157.6872

siesta: Atomic forces (eV/Ang):
     1   -0.000000    0.000000    0.059834
     2    0.000000   -0.000000    0.013231
     3    0.000000   -0.000000   -0.045002
     4   -0.000000    0.000000   -0.108909
     5   -0.000000    0.000000    0.104551
     6   -0.000000    0.000000   -0.059329
     7    0.000000    0.000000    0.058555
     8    0.000000    0.000000   -0.005526
     9    0.000000   -0.000000    0.008962
    10    0.000000   -0.000000   -0.045349
    11   -0.000000    0.000000   -0.011460
    12   -0.000000   -0.000000    0.013162
----------------------------------------
 Tot   -0.000000   -0.000000   -0.017278
----------------------------------------
 Max    0.108909
 Res    0.032486    sqrt( Sum f_i^2 / 3N )
----------------------------------------
 Max    0.108909    constrained
 
* Maximum dynamic memory allocated =   122 MB

siesta: Program's energy decomposition (eV):
siesta:-Eions   =    -132.671799
siesta: Ena     =      63.210748
siesta: Ekin    =      26.031811
siesta: Enl     =      21.048517
siesta: DEna    =      -0.531219
siesta: DUscf   =       0.023646
siesta: DUext   =       0.000000
siesta: Exc     =    -134.798876
siesta: eta*DQ  =       0.000000
siesta: Emadel  =       0.000000
siesta: Ekinion =       0.000000
siesta: Eharris =    -157.687172
siesta: Eso     =       0.000000
siesta: Etot    =    -157.687171
siesta: FreeEng =    -157.687171

siesta: Final energy (eV):
siesta:       Kinetic =      26.031811
siesta:       Hartree =      40.899519
siesta:    Ext. field =       0.000000
siesta:   Exch.-corr. =    -134.798876
siesta:  Ion-electron =     -90.666447
siesta:       Ion-ion =       0.846822
siesta:       Ekinion =       0.000000
siesta:         Total =    -157.687171

siesta: Atomic forces (eV/Ang):
siesta:    1   -0.000000    0.000000    0.059834
siesta:    2    0.000000   -0.000000    0.013231
siesta:    3    0.000000   -0.000000   -0.045002
siesta:    4   -0.000000    0.000000   -0.108909
siesta:    5   -0.000000    0.000000    0.104551
siesta:    6   -0.000000    0.000000   -0.059329
siesta:    7    0.000000    0.000000    0.058555
siesta:    8    0.000000    0.000000   -0.005526
siesta:    9    0.000000   -0.000000    0.008962
siesta:   10    0.000000   -0.000000   -0.045349
siesta:   11   -0.000000    0.000000   -0.011460
siesta:   12   -0.000000   -0.000000    0.013162
siesta: ----------------------------------------
siesta:  Tot   -0.000000   -0.000000   -0.017278

siesta: Stress tensor (static) (eV/Ang**3):
siesta:    -0.000002   -0.000000   -0.000000
siesta:    -0.000000   -0.000002    0.000000
siesta:    -0.000000    0.000000    0.005020

siesta: Cell volume =       5184.000000 Ang**3

siesta: Pressure (static):
siesta:                Solid            Molecule  Units
siesta:          -0.00001821         -0.00001783  Ry/Bohr**3
siesta:          -0.00167204         -0.00163722  eV/Ang**3
siesta:          -2.67893898         -2.62314840  kBar

siesta: Total spin polarization (Qup-Qdown) =    0.000000
siesta: Spin vector =    0.000000    0.000000    0.000000
siesta: No SpinPolK block detected...

siesta: Electric dipole (a.u.)  =    0.000000    0.000000   -0.013132
siesta: Electric dipole (Debye) =    0.000000    0.000000   -0.033378

siesta:                 ==============================
SMEAGOL                 Bias step =    4, V = -0.016 Ry
                            Begin CG move =      0
                        ==============================

read_ldau The LDA+U method used is from Czyzky PRB 49 14211
 NSCOBlocks=           0
 
* Maximum dynamic memory allocated =   122 MB
siesta: reading saved Hamiltonian

iodm: Reading Density Matrix from files

IV.HM                            
siesta: found saved Hamiltonian

siesta: Program's energy decomposition (eV):
siesta: Eions   =       132.671799
siesta: Ena     =        63.210748
siesta: Ekin    =        26.031811
siesta: Enl     =        21.048517
siesta: DEna    =        -0.531219
siesta: DUscf   =         0.023646
siesta: DUext   =         0.000000
siesta: Exc     =      -134.798876
siesta: eta*DQ  =         0.000000
siesta: Emadel  =         0.000000
siesta: Eharris =      -158.126296
siesta: Eso     =         0.000000
siesta: Etot    =      -157.687171
siesta: FreeEng =      -157.687171

siesta: iscf   Eharris(eV)      E_KS(eV)   FreeEng(eV)     dDmax   Ef(eV)
siesta:    1     -158.1263     -157.6872     -157.6872   0.01752   0.0000
siesta:    2     -157.8927     -158.1019     -158.1019   0.03875   0.0000
siesta:    3     -157.8828     -157.9063     -157.9063   0.01644   0.0000
siesta:    4     -157.8652     -157.8854     -157.8854   0.01242   0.0000
siesta:    5     -157.8531     -157.8662     -157.8662   0.00868   0.0000
siesta:    6     -157.8526     -157.8528     -157.8528   0.00163   0.0000
siesta:    7     -157.8573     -157.8526     -157.8526   0.00144   0.0000
siesta:    8     -157.8602     -157.8573     -157.8573   0.00058   0.0000
siesta:    9     -157.8602     -157.8602     -157.8602   0.00012   0.0000
siesta:   10     -157.8602     -157.8602     -157.8602   0.00009   0.0000
siesta:   11     -157.8604     -157.8602     -157.8602   0.00007   0.0000
siesta:   12     -157.8604     -157.8604     -157.8604   0.00002   0.0000
 Calculating transmission coefficient

siesta: E_KS(eV) =             -157.8604

siesta: Atomic forces (eV/Ang):
     1   -0.000000   -0.000000    0.019885
     2    0.000000   -0.000000    0.004388
     3    0.000000   -0.000000   -0.017754
     4   -0.000000   -0.000000   -0.024417
     5   -0.000000   -0.000000    0.025257
     6   -0.000000    0.000000   -0.006205
     7   -0.000000   -0.000000    0.004049
     8   -0.000000    0.000000    0.017162
     9    0.000000   -0.000000   -0.012199
    10    0.000000    0.000000   -0.017547
    11   -0.000000    0.000000   -0.002683
    12    0.000000    0.000000    0.004222
----------------------------------------
 Tot   -0.000000   -0.000000   -0.005842
----------------------------------------
 Max    0.025257
 Res    0.008812    sqrt( Sum f_i^2 / 3N )
----------------------------------------
 Max    0.025257    constrained
 
* Maximum dynamic memory allocated =   122 MB

siesta: Program's energy decomposition (eV):
siesta:-Eions   =    -132.671799
siesta: Ena     =      63.210748
siesta: Ekin    =      25.935061
siesta: Enl     =      21.103966
siesta: DEna    =      -0.581598
siesta: DUscf   =       0.023551
siesta: DUext   =       0.000000
siesta: Exc     =    -134.880371
siesta: eta*DQ  =       0.000000
siesta: Emadel  =       0.000000
siesta: Ekinion =       0.000000
siesta: Eharris =    -157.860442
siesta: Eso     =       0.000000
siesta: Etot    =    -157.860442
siesta: FreeEng =    -157.860442

siesta: Final energy (eV):
siesta:       Kinetic =      25.935061
siesta:       Hartree =      41.010433
siesta:    Ext. field =       0.000000
siesta:   Exch.-corr. =    -134.880371
siesta:  Ion-electron =     -90.772387
siesta:       Ion-ion =       0.846822
siesta:       Ekinion =       0.000000
siesta:         Total =    -157.860442

siesta: Stress tensor (static) (eV/Ang**3):
siesta:    -0.000001   -0.000000    0.000000
siesta:    -0.000000   -0.000001    0.000000
siesta:     0.000000    0.000000    0.005100

siesta: Cell volume =       5184.000000 Ang**3

siesta: Pressure (static):
siesta:                Solid            Molecule  Units
siesta:          -0.00001851         -0.00001831  Ry/Bohr**3
siesta:          -0.00169911         -0.00168103  eV/Ang**3
siesta:          -2.72230012         -2.69333874  kBar

siesta: Total spin polarization (Qup-Qdown) =    0.000000
siesta: Spin vector =    0.000000    0.000000    0.000000
siesta: No SpinPolK block detected...

siesta: Electric dipole (a.u.)  =    0.000000    0.000000    0.014513
siesta: Electric dipole (Debye) =    0.000000    0.000000    0.036888

siesta:                 ==============================
SMEAGOL                 Bias step =    5, V =  0.016 Ry
                            Begin CG move =      0
                        ==============================

read_ldau The LDA+U method used is from Czyzky PRB 49 14211
 NSCOBlocks=           0
 
* Maximum dynamic memory allocated =   122 MB
siesta: reading saved Hamiltonian

iodm: Reading Density Matrix from files

IV.HM                            
siesta: found saved Hamiltonian

siesta: Program's energy decomposition (eV):
siesta: Eions   =       132.671799
siesta: Ena     =        63.210748
siesta: Ekin    =        25.935061
siesta: Enl     =        21.103966
siesta: DEna    =        -0.581598
siesta: DUscf   =         0.023551
siesta: DUext   =         0.000000
siesta: Exc     =      -134.880371
siesta: eta*DQ  =         0.000000
siesta: Emadel  =         0.000000
siesta: Eharris =      -157.831465
siesta: Eso     =         0.000000
siesta: Etot    =      -157.860442
siesta: FreeEng =      -157.860442

siesta: iscf   Eharris(eV)      E_KS(eV)   FreeEng(eV)     dDmax   Ef(eV)
siesta:    1     -157.8315     -157.8604     -157.8604   0.01752   0.0000
siesta:    2     -157.8519     -157.8207     -157.8207   0.02340   0.0000
siesta:    3     -157.8461     -157.8576     -157.8576   0.01421   0.0000
siesta:    4     -157.8462     -157.8469     -157.8469   0.01105   0.0000
siesta:    5     -157.8470     -157.8461     -157.8461   0.00868   0.0000
siesta:    6     -157.8478     -157.8470     -157.8470   0.00130   0.0000
siesta:    7     -157.8473     -157.8479     -157.8479   0.00085   0.0000
siesta:    8     -157.8474     -157.8474     -157.8474   0.00008   0.0000
siesta:    9     -157.8475     -157.8474     -157.8474   0.00005   0.0000
siesta:   10     -157.8475     -157.8475     -157.8475   0.00003   0.0000
 Calculating transmission coefficient

siesta: E_KS(eV) =             -157.8475

siesta: Atomic forces (eV/Ang):
     1   -0.000000    0.000000   -0.019716
     2    0.000000   -0.000000   -0.002505
     3   -0.000000   -0.000000    0.017832
     4   -0.000000   -0.000000    0.011078
     5   -0.000000    0.000000   -0.012932
     6   -0.000000   -0.000000   -0.006386
     7   -0.000000   -0.000000    0.007378
     8   -0.000000   -0.000000   -0.027173
     9   -0.000000   -0.000000    0.024337
    10    0.000000    0.000000    0.016210
    11   -0.000000   -0.000000    0.003372
    12    0.000000   -0.000000   -0.005677
----------------------------------------
 Tot   -0.000000    0.000000    0.005816
----------------------------------------
 Max    0.027173
 Res    0.008717    sqrt( Sum f_i^2 / 3N )
----------------------------------------
 Max    0.027173    constrained
 
* Maximum dynamic memory allocated =   122 MB

siesta: Program's energy decomposition (eV):
siesta:-Eions   =    -132.671799
siesta: Ena     =      63.210748
siesta: Ekin    =      25.924359
siesta: Enl     =      21.097475
siesta: DEna    =      -0.571395
siesta: DUscf   =       0.023258
siesta: DUext   =       0.000000
siesta: Exc     =    -134.860140
siesta: eta*DQ  =       0.000000
siesta: Emadel  =       0.000000
siesta: Ekinion =       0.000000
siesta: Eharris =    -157.847493
siesta: Eso     =       0.000000
siesta: Etot    =    -157.847493
siesta: FreeEng =    -157.847493

siesta: Final energy (eV):
siesta:       Kinetic =      25.924359
siesta:       Hartree =      40.982715
siesta:    Ext. field =       0.000000
siesta:   Exch.-corr. =    -134.860140
siesta:  Ion-electron =     -90.741250
siesta:       Ion-ion =       0.846822
siesta:       Ekinion =       0.000000
siesta:         Total =    -157.847493

siesta: Stress tensor (static) (eV/Ang**3):
siesta:    -0.000001    0.000000    0.000000
siesta:     0.000000   -0.000001    0.000000
siesta:     0.000000    0.000000    0.005110

siesta: Cell volume =       5184.000000 Ang**3

siesta: Pressure (static):
siesta:                Solid            Molecule  Units
siesta:          -0.00001854         -0.00001879  Ry/Bohr**3
siesta:          -0.00170253         -0.00172503  eV/Ang**3
siesta:          -2.72778653         -2.76383919  kBar

siesta: Total spin polarization (Qup-Qdown) =    0.000000
siesta: Spin vector =    0.000000    0.000000    0.000000
siesta: No SpinPolK block detected...

siesta: Electric dipole (a.u.)  =    0.000000    0.000000    0.067803
siesta: Electric dipole (Debye) =    0.000000    0.000000    0.172339

siesta:                 ==============================
SMEAGOL                 Bias step =    6, V =  0.049 Ry
                            Begin CG move =      0
                        ==============================

read_ldau The LDA+U method used is from Czyzky PRB 49 14211
 NSCOBlocks=           0
 
* Maximum dynamic memory allocated =   122 MB
siesta: reading saved Hamiltonian

iodm: Reading Density Matrix from files

IV.HM                            
siesta: found saved Hamiltonian

siesta: Program's energy decomposition (eV):
siesta: Eions   =       132.671799
siesta: Ena     =        63.210748
siesta: Ekin    =        25.924359
siesta: Enl     =        21.097475
siesta: DEna    =        -0.571395
siesta: DUscf   =         0.023258
siesta: DUext   =         0.000000
siesta: Exc     =      -134.860140
siesta: eta*DQ  =         0.000000
siesta: Emadel  =         0.000000
siesta: Eharris =      -157.402089
siesta: Eso     =         0.000000
siesta: Etot    =      -157.847493
siesta: FreeEng =      -157.847493

siesta: iscf   Eharris(eV)      E_KS(eV)   FreeEng(eV)     dDmax   Ef(eV)
siesta:    1     -157.4021     -157.8475     -157.8475   0.01754   0.0000
siesta:    2     -157.6067     -157.3882     -157.3882   0.03857   0.0000
siesta:    3     -157.6301     -157.6150     -157.6150   0.01572   0.0000
siesta:    4     -157.6383     -157.6301     -157.6301   0.01243   0.0000
siesta:    5     -157.6537     -157.6367     -157.6367   0.00865   0.0000
siesta:    6     -157.6534     -157.6541     -157.6541   0.00162   0.0000
siesta:    7     -157.6472     -157.6534     -157.6534   0.00146   0.0000
siesta:    8     -157.6468     -157.6474     -157.6474   0.00019   0.0000
siesta:    9     -157.6469     -157.6468     -157.6468   0.00007   0.0000
siesta:   10     -157.6469     -157.6469     -157.6469   0.00005   0.0000
 Calculating transmission coefficient

siesta: E_KS(eV) =             -157.6469

siesta: Atomic forces (eV/Ang):
     1    0.000000   -0.000000   -0.058323
     2    0.000000    0.000000   -0.006622
     3    0.000000   -0.000000    0.047799
     4   -0.000000   -0.000000   -0.010834
     5    0.000000    0.000000    0.014048
     6   -0.000000    0.000000   -0.062587
     7    0.000000    0.000000    0.062821
     8   -0.000000   -0.000000   -0.112338
     9    0.000000    0.000000    0.109705
    10   -0.000000   -0.000000    0.041780
    11   -0.000000   -0.000000    0.007484
    12   -0.000000   -0.000000   -0.015905
----------------------------------------
 Tot   -0.000000    0.000000    0.017029
----------------------------------------
 Max    0.112338
 Res    0.033590    sqrt( Sum f_i^2 / 3N )
----------------------------------------
 Max    0.112338    constrained
 
* Maximum dynamic memory allocated =   122 MB

siesta: Program's energy decomposition (eV):
siesta:-Eions   =    -132.671799
siesta: Ena     =      63.210748
siesta: Ekin    =      25.999501
siesta: Enl     =      21.028428
siesta: DEna    =      -0.499900
siesta: DUscf   =       0.023101
siesta: DUext   =       0.000000
siesta: Exc     =    -134.736954
siesta: eta*DQ  =       0.000000
siesta: Emadel  =       0.000000
siesta: Ekinion =       0.000000
siesta: Eharris =    -157.646878
siesta: Eso     =       0.000000
siesta: Etot    =    -157.646875
siesta: FreeEng =    -157.646875

siesta: Final energy (eV):
siesta:       Kinetic =      25.999501
siesta:       Hartree =      40.814985
siesta:    Ext. field =       0.000000
siesta:   Exch.-corr. =    -134.736954
siesta:  Ion-electron =     -90.571229
siesta:       Ion-ion =       0.846822
siesta:       Ekinion =       0.000000
siesta:         Total =    -157.646875

siesta: Atomic forces (eV/Ang):
siesta:    1    0.000000   -0.000000   -0.058323
siesta:    2    0.000000    0.000000   -0.006622
siesta:    3    0.000000   -0.000000    0.047799
siesta:    4   -0.000000   -0.000000   -0.010834
siesta:    5    0.000000    0.000000    0.014048
siesta:    6   -0.000000    0.000000   -0.062587
siesta:    7    0.000000    0.000000    0.062821
siesta:    8   -0.000000   -0.000000   -0.112338
siesta:    9    0.000000    0.000000    0.109705
siesta:   10   -0.000000   -0.000000    0.041780
siesta:   11   -0.000000   -0.000000    0.007484
siesta:   12   -0.000000   -0.000000   -0.015905
siesta: ----------------------------------------
siesta:  Tot   -0.000000    0.000000    0.017029

siesta: Stress tensor (static) (eV/Ang**3):
siesta:    -0.000001   -0.000000   -0.000000
siesta:    -0.000000   -0.000001    0.000000
siesta:    -0.000000    0.000000    0.005048

siesta: Cell volume =       5184.000000 Ang**3

siesta: Pressure (static):
siesta:                Solid            Molecule  Units
siesta:          -0.00001832         -0.00001926  Ry/Bohr**3
siesta:          -0.00168183         -0.00176867  eV/Ang**3
siesta:          -2.69461901         -2.83375553  kBar

siesta: Total spin polarization (Qup-Qdown) =    0.000000
siesta: Spin vector =    0.000000    0.000000    0.000000
siesta: No SpinPolK block detected...

siesta: Electric dipole (a.u.)  =    0.000000    0.000000    0.092852
siesta: Electric dipole (Debye) =    0.000000    0.000000    0.236006

siesta:                 ==============================
SMEAGOL                 Bias step =    7, V =  0.082 Ry
                            Begin CG move =      0
                        ==============================

read_ldau The LDA+U method used is from Czyzky PRB 49 14211
 NSCOBlocks=           0
 
* Maximum dynamic memory allocated =   122 MB
siesta: reading saved Hamiltonian

iodm: Reading Density Matrix from files

IV.HM                            
siesta: found saved Hamiltonian

siesta: Program's energy decomposition (eV):
siesta: Eions   =       132.671799
siesta: Ena     =        63.210748
siesta: Ekin    =        25.999501
siesta: Enl     =        21.028428
siesta: DEna    =        -0.499900
siesta: DUscf   =         0.023101
siesta: DUext   =         0.000000
siesta: Exc     =      -134.736954
siesta: eta*DQ  =         0.000000
siesta: Emadel  =         0.000000
siesta: Eharris =      -155.330882
siesta: Eso     =         0.000000
siesta: Etot    =      -157.646875
siesta: FreeEng =      -157.646875

siesta: iscf   Eharris(eV)      E_KS(eV)   FreeEng(eV)     dDmax   Ef(eV)
siesta:    1     -155.3309     -157.6469     -157.6469   0.01750   0.0000
siesta:    2     -157.2014     -154.8856     -154.8856   0.18638   0.0000
siesta:    3     -157.1167     -157.4714     -157.4714   0.05334   0.0000
siesta:    4     -157.0100     -157.1438     -157.1438   0.01297   0.0000
siesta:    5     -157.0757     -157.0116     -157.0116   0.01062   0.0000
siesta:    6     -157.0284     -157.0774     -157.0774   0.00575   0.0000
siesta:    7     -157.1021     -157.0258     -157.0258   0.00985   0.0000
siesta:    8     -157.1022     -157.1027     -157.1027   0.00132   0.0000
siesta:    9     -157.1035     -157.1021     -157.1021   0.00109   0.0000
siesta:   10     -157.1031     -157.1034     -157.1034   0.00051   0.0000
siesta:   11     -157.1006     -157.1031     -157.1031   0.00041   0.0000
siesta:   12     -157.1009     -157.1006     -157.1006   0.00021   0.0000
siesta:   13     -157.1012     -157.1009     -157.1009   0.00017   0.0000
siesta:   14     -157.1012     -157.1013     -157.1013   0.00004   0.0000
siesta:   15     -157.1011     -157.1012     -157.1012   0.00003   0.0000
siesta:   16     -157.1011     -157.1011     -157.1011   0.00003   0.0000
 Calculating transmission coefficient

siesta: E_KS(eV) =             -157.1011

siesta: Atomic forces (eV/Ang):
     1   -0.000000    0.000000   -0.091292
     2   -0.000000   -0.000000    0.000243
     3   -0.000000    0.000000    0.028712
     4   -0.000000    0.000000   -0.186995
     5    0.000000   -0.000000    0.327020
     6   -0.000000    0.000000   -0.268891
     7   -0.000000    0.000000    0.186878
     8   -0.000000    0.000000   -0.189478
     9    0.000000   -0.000000    0.193013
    10    0.000000    0.000000    0.040983
    11    0.000000   -0.000000    0.009992
    12    0.000000    0.000000   -0.024186
----------------------------------------
 Tot   -0.000000    0.000000    0.025997
----------------------------------------
 Max    0.327020
 Res    0.096294    sqrt( Sum f_i^2 / 3N )
----------------------------------------
 Max    0.327020    constrained
 
* Maximum dynamic memory allocated =   122 MB

siesta: Program's energy decomposition (eV):
siesta:-Eions   =    -132.671799
siesta: Ena     =      63.210748
siesta: Ekin    =      26.107845
siesta: Enl     =      20.829552
siesta: DEna    =      -0.274706
siesta: DUscf   =       0.037484
siesta: DUext   =       0.000000
siesta: Exc     =    -134.340233
siesta: eta*DQ  =       0.000000
siesta: Emadel  =       0.000000
siesta: Ekinion =       0.000000
siesta: Eharris =    -157.101107
siesta: Eso     =       0.000000
siesta: Etot    =    -157.101108
siesta: FreeEng =    -157.101108

siesta: Final energy (eV):
siesta:       Kinetic =      26.107845
siesta:       Hartree =      40.282428
siesta:    Ext. field =       0.000000
siesta:   Exch.-corr. =    -134.340233
siesta:  Ion-electron =     -89.997970
siesta:       Ion-ion =       0.846822
siesta:       Ekinion =       0.000000
siesta:         Total =    -157.101108

siesta: Atomic forces (eV/Ang):
siesta:    1   -0.000000    0.000000   -0.091292
siesta:    2   -0.000000   -0.000000    0.000243
siesta:    3   -0.000000    0.000000    0.028712
siesta:    4   -0.000000    0.000000   -0.186995
siesta:    5    0.000000   -0.000000    0.327020
siesta:    6   -0.000000    0.000000   -0.268891
siesta:    7   -0.000000    0.000000    0.186878
siesta:    8   -0.000000    0.000000   -0.189478
siesta:    9    0.000000   -0.000000    0.193013
siesta:   10    0.000000    0.000000    0.040983
siesta:   11    0.000000   -0.000000    0.009992
siesta:   12    0.000000    0.000000   -0.024186
siesta: ----------------------------------------
siesta:  Tot   -0.000000    0.000000    0.025997

siesta: Stress tensor (static) (eV/Ang**3):
siesta:    -0.000002   -0.000000   -0.000000
siesta:    -0.000000   -0.000002   -0.000000
siesta:    -0.000000   -0.000000    0.004934

siesta: Cell volume =       5184.000000 Ang**3

siesta: Pressure (static):
siesta:                Solid            Molecule  Units
siesta:          -0.00001790         -0.00001970  Ry/Bohr**3
siesta:          -0.00164333         -0.00180904  eV/Ang**3
siesta:          -2.63292643         -2.89843275  kBar

siesta: Total spin polarization (Qup-Qdown) =    0.000000
siesta: Spin vector =    0.000000    0.000000    0.000000
siesta: No SpinPolK block detected...

siesta: Electric dipole (a.u.)  =    0.000000   -0.000000   -0.204635
siesta: Electric dipole (Debye) =    0.000000   -0.000000   -0.520130

siesta:                 ==============================
SMEAGOL                 Bias step =    8, V =  0.114 Ry
                            Begin CG move =      0
                        ==============================

read_ldau The LDA+U method used is from Czyzky PRB 49 14211
 NSCOBlocks=           0
 
* Maximum dynamic memory allocated =   122 MB
siesta: reading saved Hamiltonian

iodm: Reading Density Matrix from files

IV.HM                            
siesta: found saved Hamiltonian

siesta: Program's energy decomposition (eV):
siesta: Eions   =       132.671799
siesta: Ena     =        63.210748
siesta: Ekin    =        26.107845
siesta: Enl     =        20.829552
siesta: DEna    =        -0.274706
siesta: DUscf   =         0.037484
siesta: DUext   =         0.000000
siesta: Exc     =      -134.340233
siesta: eta*DQ  =         0.000000
siesta: Emadel  =         0.000000
siesta: Eharris =      -153.074148
siesta: Eso     =         0.000000
siesta: Etot    =      -157.101108
siesta: FreeEng =      -157.101108

siesta: iscf   Eharris(eV)      E_KS(eV)   FreeEng(eV)     dDmax   Ef(eV)
siesta:    1     -153.0741     -157.1011     -157.1011   0.01752   0.0000
siesta:    2     -156.6043     -151.6782     -151.6782   0.33606   0.0000
siesta:    3     -156.7109     -157.4089     -157.4089   0.11038   0.0000
siesta:    4     -156.5418     -156.8338     -156.8338   0.02888   0.0000
siesta:    5     -156.7093     -156.5544     -156.5544   0.01138   0.0000
siesta:    6     -156.3249     -156.7101     -156.7101   0.01478   0.0000
siesta:    7     -156.6461     -156.3155     -156.3155   0.03258   0.0000
siesta:    8     -156.6133     -156.6509     -156.6509   0.00421   0.0000
siesta:    9     -156.6123     -156.6136     -156.6136   0.00097   0.0000
siesta:   10     -156.6151     -156.6122     -156.6122   0.00068   0.0000
siesta:   11     -156.6143     -156.6150     -156.6150   0.00031   0.0000
siesta:   12     -156.6134     -156.6143     -156.6143   0.00022   0.0000
siesta:   13     -156.6129     -156.6134     -156.6134   0.00011   0.0000
siesta:   14     -156.6129     -156.6129     -156.6129   0.00003   0.0000
siesta:   15     -156.6128     -156.6129     -156.6129   0.00002   0.0000
 Calculating transmission coefficient

siesta: E_KS(eV) =             -156.6128

siesta: Atomic forces (eV/Ang):
     1   -0.000000   -0.000000   -0.122686
     2    0.000000    0.000000    0.009781
     3   -0.000000   -0.000000    0.035993
     4    0.000000    0.000000   -0.357740
     5    0.000000   -0.000000    0.598003
     6    0.000000    0.000000   -0.352481
     7    0.000000    0.000000    0.217067
     8   -0.000000    0.000000   -0.210065
     9   -0.000000   -0.000000    0.220327
    10   -0.000000   -0.000000    0.014167
    11    0.000000    0.000000    0.011935
    12   -0.000000    0.000000   -0.032097
----------------------------------------
 Tot   -0.000000    0.000000    0.032205
----------------------------------------
 Max    0.598003
 Res    0.146006    sqrt( Sum f_i^2 / 3N )
----------------------------------------
 Max    0.598003    constrained
 
* Maximum dynamic memory allocated =   122 MB

siesta: Program's energy decomposition (eV):
siesta:-Eions   =    -132.671799
siesta: Ena     =      63.210748
siesta: Ekin    =      26.005179
siesta: Enl     =      20.655219
siesta: DEna    =      -0.022661
siesta: DUscf   =       0.072584
siesta: DUext   =       0.000000
siesta: Exc     =    -133.862114
siesta: eta*DQ  =       0.000000
siesta: Emadel  =       0.000000
siesta: Ekinion =       0.000000
siesta: Eharris =    -156.612848
siesta: Eso     =       0.000000
siesta: Etot    =    -156.612844
siesta: FreeEng =    -156.612844

siesta: Final energy (eV):
siesta:       Kinetic =      26.005179
siesta:       Hartree =      39.652604
siesta:    Ext. field =       0.000000
siesta:   Exch.-corr. =    -133.862114
siesta:  Ion-electron =     -89.255335
siesta:       Ion-ion =       0.846822
siesta:       Ekinion =       0.000000
siesta:         Total =    -156.612844

siesta: Atomic forces (eV/Ang):
siesta:    1   -0.000000   -0.000000   -0.122686
siesta:    2    0.000000    0.000000    0.009781
siesta:    3   -0.000000   -0.000000    0.035993
siesta:    4    0.000000    0.000000   -0.357740
siesta:    5    0.000000   -0.000000    0.598003
siesta:    6    0.000000    0.000000   -0.352481
siesta:    7    0.000000    0.000000    0.217067
siesta:    8   -0.000000    0.000000   -0.210065
siesta:    9   -0.000000   -0.000000    0.220327
siesta:   10   -0.000000   -0.000000    0.014167
siesta:   11    0.000000    0.000000    0.011935
siesta:   12   -0.000000    0.000000   -0.032097
siesta: ----------------------------------------
siesta:  Tot   -0.000000    0.000000    0.032205

siesta: Stress tensor (static) (eV/Ang**3):
siesta:    -0.000006    0.000000   -0.000000
siesta:     0.000000   -0.000006    0.000000
siesta:    -0.000000    0.000000    0.005004

siesta: Cell volume =       5184.000000 Ang**3

siesta: Pressure (static):
siesta:                Solid            Molecule  Units
siesta:          -0.00001812         -0.00002012  Ry/Bohr**3
siesta:          -0.00166415         -0.00184729  eV/Ang**3
siesta:          -2.66629815         -2.95971879  kBar

siesta: Total spin polarization (Qup-Qdown) =    0.000000
siesta: Spin vector =    0.000000    0.000000    0.000000
siesta: No SpinPolK block detected...

siesta: Electric dipole (a.u.)  =   -0.000000    0.000000   -0.588287
siesta: Electric dipole (Debye) =   -0.000000    0.000000   -1.495277

siesta:                 ==============================
SMEAGOL                 Bias step =    9, V =  0.147 Ry
                            Begin CG move =      0
                        ==============================

read_ldau The LDA+U method used is from Czyzky PRB 49 14211
 NSCOBlocks=           0
 
* Maximum dynamic memory allocated =   122 MB
siesta: reading saved Hamiltonian

iodm: Reading Density Matrix from files

IV.HM                            
siesta: found saved Hamiltonian

siesta: Program's energy decomposition (eV):
siesta: Eions   =       132.671799
siesta: Ena     =        63.210748
siesta: Ekin    =        26.005179
siesta: Enl     =        20.655219
siesta: DEna    =        -0.022661
siesta: DUscf   =         0.072584
siesta: DUext   =         0.000000
siesta: Exc     =      -133.862114
siesta: eta*DQ  =         0.000000
siesta: Emadel  =         0.000000
siesta: Eharris =      -152.593682
siesta: Eso     =         0.000000
siesta: Etot    =      -156.612844
siesta: FreeEng =      -156.612844

siesta: iscf   Eharris(eV)      E_KS(eV)   FreeEng(eV)     dDmax   Ef(eV)
siesta:    1     -152.5937     -156.6128     -156.6128   0.01754   0.0000
siesta:    2     -156.6947     -151.3384     -151.3384   0.32909   0.0000
siesta:    3     -156.4163     -157.2839     -157.2839   0.13609   0.0000
siesta:    4     -156.1548     -156.6089     -156.6089   0.04003   0.0000
siesta:    5     -156.5186     -156.1826     -156.1826   0.01141   0.0000
siesta:    6     -155.7668     -156.5061     -156.5061   0.03204   0.0000
siesta:    7     -156.3431     -155.7533     -155.7533   0.05220   0.0000
siesta:    8     -156.2676     -156.3527     -156.3527   0.00929   0.0000
siesta:    9     -156.2636     -156.2707     -156.2707   0.00091   0.0000
siesta:   10     -156.2661     -156.2639     -156.2639   0.00057   0.0000
siesta:   11     -156.2646     -156.2660     -156.2660   0.00039   0.0000
siesta:   12     -156.2645     -156.2645     -156.2645   0.00014   0.0000
siesta:   13     -156.2639     -156.2645     -156.2645   0.00012   0.0000
siesta:   14     -156.2639     -156.2639     -156.2639   0.00003   0.0000
 Calculating transmission coefficient

siesta: E_KS(eV) =             -156.2639

siesta: Atomic forces (eV/Ang):
     1   -0.000000    0.000000   -0.155576
     2    0.000000    0.000000    0.016200
     3   -0.000000    0.000000    0.059099
     4   -0.000000    0.000000   -0.479243
     5   -0.000000   -0.000000    0.809258
     6    0.000000    0.000000   -0.427291
     7    0.000000   -0.000000    0.246681
     8    0.000000   -0.000000   -0.233690
     9    0.000000   -0.000000    0.234959
    10    0.000000    0.000000   -0.007621
    11    0.000000    0.000000    0.014564
    12    0.000000    0.000000   -0.040431
----------------------------------------
 Tot    0.000000    0.000000    0.036908
----------------------------------------
 Max    0.809258
 Res    0.187652    sqrt( Sum f_i^2 / 3N )
----------------------------------------
 Max    0.809258    constrained
 
* Maximum dynamic memory allocated =   122 MB

coxmol: Writing XMOL coordinates into file IV.xyz                  
 siesta: ERROR: PDOS implemented only with diagon

siesta: Program's energy decomposition (eV):
siesta:-Eions   =    -132.671799
siesta: Ena     =      63.210748
siesta: Ekin    =      25.835759
siesta: Enl     =      20.530944
siesta: DEna    =       0.179658
siesta: DUscf   =       0.119721
siesta: DUext   =       0.000000
siesta: Exc     =    -133.468954
siesta: eta*DQ  =       0.000000
siesta: Emadel  =       0.000000
siesta: Ekinion =       0.000000
siesta: Eharris =    -156.263917
siesta: Eso     =       0.000000
siesta: Etot    =    -156.263922
siesta: FreeEng =    -156.263922

siesta: Final energy (eV):
siesta:       Kinetic =      25.835759
siesta:       Hartree =      39.149285
siesta:    Ext. field =       0.000000
siesta:   Exch.-corr. =    -133.468954
siesta:  Ion-electron =     -88.626835
siesta:       Ion-ion =       0.846822
siesta:       Ekinion =       0.000000
siesta:         Total =    -156.263922

siesta: Atomic forces (eV/Ang):
siesta:    1   -0.000000    0.000000   -0.155576
siesta:    2    0.000000    0.000000    0.016200
siesta:    3   -0.000000    0.000000    0.059099
siesta:    4   -0.000000    0.000000   -0.479243
siesta:    5   -0.000000   -0.000000    0.809258
siesta:    6    0.000000    0.000000   -0.427291
siesta:    7    0.000000   -0.000000    0.246681
siesta:    8    0.000000   -0.000000   -0.233690
siesta:    9    0.000000   -0.000000    0.234959
siesta:   10    0.000000    0.000000   -0.007621
siesta:   11    0.000000    0.000000    0.014564
siesta:   12    0.000000    0.000000   -0.040431
siesta: ----------------------------------------
siesta:  Tot    0.000000    0.000000    0.036908

siesta: Stress tensor (static) (eV/Ang**3):
siesta:    -0.000012   -0.000000   -0.000000
siesta:    -0.000000   -0.000012    0.000000
siesta:    -0.000000    0.000000    0.005130

siesta: Cell volume =       5184.000000 Ang**3

siesta: Pressure (static):
siesta:                Solid            Molecule  Units
siesta:          -0.00001854         -0.00002054  Ry/Bohr**3
siesta:          -0.00170226         -0.00188561  eV/Ang**3
siesta:          -2.72735715         -3.02111943  kBar

siesta: Total spin polarization (Qup-Qdown) =    0.000000
siesta: Spin vector =    0.000000    0.000000    0.000000
siesta: No SpinPolK block detected...

siesta: Electric dipole (a.u.)  =   -0.000000   -0.000000   -0.891096
siesta: Electric dipole (Debye) =   -0.000000   -0.000000   -2.264943
 
* Maximum dynamic memory allocated : Node    0 =   122 MB
* Maximum memory occured during redistribXZ                   
* Maximum dynamic memory allocated : Node    1 =   121 MB

timer: CPU execution times:
timer:  Routine       Calls   Time/call    Tot.time        %
timer:  siesta            1     300.280     300.280   100.00
timer:  Setup             1    1361.155    1361.155   453.30
timer:  bands             1       0.000       0.000     0.00
timer:  writewave         1       0.001       0.001     0.00
timer:  KSV_init          1       0.000       0.000     0.00
timer:  IterMD           10      28.053     280.527    93.42
timer:  hsparse          11       0.000       0.002     0.00
timer:  overfsm          20       0.000       0.003     0.00
timer:  IterSCF         145       1.934     280.438    93.39
timer:  kinefsm          20       0.000       0.002     0.00
timer:  nlefsm           20       0.001       0.010     0.00
timer:  DHSCF           153       1.942     297.085    98.94
timer:  DHSCF1            1       0.253       0.253     0.08
timer:  DHSCF2            1       1.683       1.683     0.56
timer:  REORD          2176       0.012      25.725     8.57
timer:  POISON          154       1.003     154.462    51.44
timer:  DHSCF3          153       1.865     285.382    95.04
timer:  rhoofd          153       0.062       9.476     3.16
timer:  CELLXC          153       0.170      26.075     8.68
timer:  vmat            145       0.056       8.066     2.69
timer:  emtrans         145       0.015       2.156     0.72
timer:  NEGFK           145       0.014       2.003     0.67
timer:  NEGFK_su        145       0.001       0.160     0.05
timer:  NEGFK_imag      135       0.000       0.044     0.01
timer:  NEGFK_real      135       0.000       0.056     0.02
timer:  NEGFK_col       135       0.000       0.016     0.01
timer:  DHSCF4           10       0.954       9.542     3.18
timer:  dfscf            10       0.667       6.674     2.22
timer:  TRANSM           10       0.130       1.303     0.43
timer:  CURRENT          10       0.042       0.417     0.14
  
>> End of run:   1-NOV-2023  16:21:32
