 @target G0.S0
 @type xy
  -0.1000000E+02      0.1931928E-30
  -0.9975937E+01      0.9826259E-33
  -0.9951870E+01      0.1475386E-31
  -0.9927802E+01      0.7301263E-31
  -0.9903735E+01      0.5608545E-31
  -0.9879668E+01      0.4750007E-31
  -0.9855600E+01      0.4185100E-32
  -0.9831533E+01      0.7368058E-31
  -0.9807465E+01      0.5396543E-31
  -0.9783398E+01      0.1841331E-32
  -0.9759331E+01      0.1361730E-31
  -0.9735263E+01      0.2631955E-31
  -0.9711196E+01      0.3856523E-32
  -0.9687128E+01      0.3656224E-32
  -0.9663061E+01      0.9203334E-32
  -0.9638994E+01      0.3576459E-32
  -0.9614926E+01      0.3846856E-32
  -0.9590859E+01      0.3845454E-32
  -0.9566791E+01      0.1186203E-32
  -0.9542724E+01      0.1766986E-32
  -0.9518657E+01      0.9996181E-33
  -0.9494589E+01      0.2385800E-32
  -0.9470522E+01      0.3015829E-32
  -0.9446454E+01      0.2167655E-32
  -0.9422387E+01      0.2022280E-32
  -0.9398320E+01      0.2182893E-31
  -0.9374252E+01      0.3643449E-31
  -0.9350185E+01      0.1625936E-30
  -0.9326117E+01      0.1085624E-30
  -0.9302050E+01      0.6473109E-33
  -0.9277983E+01      0.2472794E-30
  -0.9253915E+01      0.1059880E-29
  -0.9229848E+01      0.4200117E-29
  -0.9205780E+01      0.1193804E-28
  -0.9181713E+01      0.1432819E-28
  -0.9157646E+01      0.1338507E-27
  -0.9133578E+01      0.1220584E-04
  -0.9109511E+01      0.5485729E-04
  -0.9085443E+01      0.1550326E-03
  -0.9061376E+01      0.3043129E-03
  -0.9037309E+01      0.5207336E-03
  -0.9013241E+01      0.8263323E-03
  -0.8989174E+01      0.1238658E-02
  -0.8965106E+01      0.1722007E-02
  -0.8941039E+01      0.2391689E-02
  -0.8916972E+01      0.4641928E-02
  -0.8892904E+01      0.9674827E-02
  -0.8868837E+01      0.2086421E-01
  -0.8844769E+01      0.4558510E-01
  -0.8820702E+01      0.1032561E+00
  -0.8796635E+01      0.2409703E+00
  -0.8772567E+01      0.5177433E+00
  -0.8748500E+01      0.8507796E+00
  -0.8724432E+01      0.7689248E+00
  -0.8700365E+01      0.4234970E+00
  -0.8676298E+01      0.2762502E+00
  -0.8652230E+01      0.2036985E+00
  -0.8628163E+01      0.1625623E+00
  -0.8604095E+01      0.1369311E+00
  -0.8580028E+01      0.1198986E+00
  -0.8555961E+01      0.1080742E+00
  -0.8531893E+01      0.9965052E-01
  -0.8507826E+01      0.9305423E-01
  -0.8483758E+01      0.8885711E-01
  -0.8459691E+01      0.8562288E-01
  -0.8435624E+01      0.8333877E-01
  -0.8411556E+01      0.8182964E-01
  -0.8387489E+01      0.8097018E-01
  -0.8363421E+01      0.8067372E-01
  -0.8339354E+01      0.8088205E-01
  -0.8315287E+01      0.8155895E-01
  -0.8291219E+01      0.8268952E-01
  -0.8267152E+01      0.8421658E-01
  -0.8243084E+01      0.8625060E-01
  -0.8219017E+01      0.9002139E-01
  -0.8194950E+01      0.9885801E-01
  -0.8170882E+01      0.1057477E+00
  -0.8146815E+01      0.1127990E+00
  -0.8122747E+01      0.1203803E+00
  -0.8098680E+01      0.1287114E+00
  -0.8074613E+01      0.1379857E+00
  -0.8050545E+01      0.1484090E+00
  -0.8026478E+01      0.1602276E+00
  -0.8002410E+01      0.1737866E+00
  -0.7978343E+01      0.1936282E+00
  -0.7954276E+01      0.2159730E+00
  -0.7930208E+01      0.2403247E+00
  -0.7906141E+01      0.2679808E+00
  -0.7882073E+01      0.2997870E+00
  -0.7858006E+01      0.3365932E+00
  -0.7833939E+01      0.3793016E+00
  -0.7809871E+01      0.4288306E+00
  -0.7785804E+01      0.4859980E+00
  -0.7761736E+01      0.5512833E+00
  -0.7737669E+01      0.6244293E+00
  -0.7713602E+01      0.7038422E+00
  -0.7689534E+01      0.7858924E+00
  -0.7665467E+01      0.8644049E+00
  -0.7641399E+01      0.9308646E+00
  -0.7617332E+01      0.9758031E+00
  -0.7593265E+01      0.9912026E+00
  -0.7569197E+01      0.9732198E+00
  -0.7545130E+01      0.9237424E+00
  -0.7521062E+01      0.8500560E+00
  -0.7496995E+01      0.7623873E+00
  -0.7472928E+01      0.6708381E+00
  -0.7448860E+01      0.5829698E+00
  -0.7424793E+01      0.5035119E+00
  -0.7400725E+01      0.4353550E+00
  -0.7376658E+01      0.3836970E+00
  -0.7352591E+01      0.4042513E+00
  -0.7328523E+01      0.4527642E+00
  -0.7304456E+01      0.2553481E+00
  -0.7280388E+01      0.2125381E+00
  -0.7256321E+01      0.1833994E+00
  -0.7232254E+01      0.1596393E+00
  -0.7208186E+01      0.1393639E+00
  -0.7184119E+01      0.1217224E+00
  -0.7160051E+01      0.1061715E+00
  -0.7135984E+01      0.9250729E-01
  -0.7111917E+01      0.8168183E-01
  -0.7087849E+01      0.7119369E-01
  -0.7063782E+01      0.6132346E-01
  -0.7039714E+01      0.5200744E-01
  -0.7015647E+01      0.4315706E-01
  -0.6991580E+01      0.3469518E-01
  -0.6967512E+01      0.2657252E-01
  -0.6943445E+01      0.1880457E-01
  -0.6919377E+01      0.1156774E-01
  -0.6895310E+01      0.5467441E-02
  -0.6871243E+01      0.1943731E-02
  -0.6847175E+01      0.5516537E-02
  -0.6823108E+01      0.3004713E-01
  -0.6799040E+01      0.1229770E+00
  -0.6774973E+01      0.4339208E+00
  -0.6750906E+01      0.9220746E+00
  -0.6726838E+01      0.8372556E+00
  -0.6702771E+01      0.5507216E+00
  -0.6678703E+01      0.3854165E+00
  -0.6654636E+01      0.2927018E+00
  -0.6630569E+01      0.2351981E+00
  -0.6606501E+01      0.1989134E+00
  -0.6582434E+01      0.1735536E+00
  -0.6558366E+01      0.1532782E+00
  -0.6534299E+01      0.1353979E+00
  -0.6510232E+01      0.1233310E+00
  -0.6486164E+01      0.1071935E+00
  -0.6462097E+01      0.9998123E-01
  -0.6438029E+01      0.9481531E-01
  -0.6413962E+01      0.9047577E-01
  -0.6389895E+01      0.8635509E-01
  -0.6365827E+01      0.8188011E-01
  -0.6341760E+01      0.7648820E-01
  -0.6317692E+01      0.6883731E-01
  -0.6293625E+01      0.5583887E-01
  -0.6269558E+01      0.5342179E-01
  -0.6245490E+01      0.4677897E-01
  -0.6221423E+01      0.4579887E-01
  -0.6197355E+01      0.4785556E-01
  -0.6173288E+01      0.5511856E-01
  -0.6149221E+01      0.8063779E-01
  -0.6125153E+01      0.2168263E+00
  -0.6101086E+01      0.1100687E+01
  -0.6077018E+01      0.6907712E+00
  -0.6052951E+01      0.3941251E+00
  -0.6028884E+01      0.3265602E+00
  -0.6004816E+01      0.3321475E+00
  -0.5980749E+01      0.4168438E+00
  -0.5956681E+01      0.7013903E+00
  -0.5932614E+01      0.7117933E+00
  -0.5908547E+01      0.6685476E+00
  -0.5884479E+01      0.7079379E+00
  -0.5860412E+01      0.8059948E+00
  -0.5836344E+01      0.8678013E+00
  -0.5812277E+01      0.8715477E+00
  -0.5788210E+01      0.1005177E+01
  -0.5764142E+01      0.1099217E+01
  -0.5740075E+01      0.1041072E+01
  -0.5716007E+01      0.9540881E+00
  -0.5691940E+01      0.9185212E+00
  -0.5667873E+01      0.8789239E+00
  -0.5643805E+01      0.6161236E+00
  -0.5619738E+01      0.5796026E+00
  -0.5595670E+01      0.6292284E+00
  -0.5571603E+01      0.5161113E+00
  -0.5547536E+01      0.5301725E+00
  -0.5523468E+01      0.7277276E+00
  -0.5499401E+01      0.5488995E+00
  -0.5475333E+01      0.4445380E+00
  -0.5451266E+01      0.4414308E+00
  -0.5427199E+01      0.6521876E+00
  -0.5403131E+01      0.8049855E+00
  -0.5379064E+01      0.8544381E+00
  -0.5354996E+01      0.8459228E+00
  -0.5330929E+01      0.1067497E+01
  -0.5306862E+01      0.8017071E+00
  -0.5282794E+01      0.6142950E+00
  -0.5258727E+01      0.6500258E+00
  -0.5234659E+01      0.7145389E+00
  -0.5210592E+01      0.6948505E+00
  -0.5186525E+01      0.8129706E+00
  -0.5162457E+01      0.8134982E+00
  -0.5138390E+01      0.1038328E+01
  -0.5114322E+01      0.9658488E+00
  -0.5090255E+01      0.9524093E+00
  -0.5066188E+01      0.6006048E+00
  -0.5042120E+01      0.9506925E+00
  -0.5018053E+01      0.1022028E+01
  -0.4993985E+01      0.8207689E+00
  -0.4969918E+01      0.1113126E+01
  -0.4945851E+01      0.7701772E+00
  -0.4921783E+01      0.8786053E+00
  -0.4897716E+01      0.1127058E+01
  -0.4873648E+01      0.1335080E+01
  -0.4849581E+01      0.1230162E+01
  -0.4825514E+01      0.1261387E+01
  -0.4801446E+01      0.1259901E+01
  -0.4777379E+01      0.1650082E+01
  -0.4753311E+01      0.1691650E+01
  -0.4729244E+01      0.1586641E+01
  -0.4705177E+01      0.1560314E+01
  -0.4681109E+01      0.1509379E+01
  -0.4657042E+01      0.1506458E+01
  -0.4632974E+01      0.1352934E+01
  -0.4608907E+01      0.1403571E+01
  -0.4584840E+01      0.1466436E+01
  -0.4560772E+01      0.1797239E+01
  -0.4536705E+01      0.1785748E+01
  -0.4512637E+01      0.1839213E+01
  -0.4488570E+01      0.1841172E+01
  -0.4464503E+01      0.1873786E+01
  -0.4440435E+01      0.1886030E+01
  -0.4416368E+01      0.2014144E+01
  -0.4392300E+01      0.2063102E+01
  -0.4368233E+01      0.1923827E+01
  -0.4344166E+01      0.1543412E+01
  -0.4320098E+01      0.1254553E+01
  -0.4296031E+01      0.1139539E+01
  -0.4271963E+01      0.1099329E+01
  -0.4247896E+01      0.9249255E+00
  -0.4223829E+01      0.9277031E+00
  -0.4199761E+01      0.9257313E+00
  -0.4175694E+01      0.8597411E+00
  -0.4151626E+01      0.8660822E+00
  -0.4127559E+01      0.8789957E+00
  -0.4103492E+01      0.8482035E+00
  -0.4079424E+01      0.9105121E+00
  -0.4055357E+01      0.8555667E+00
  -0.4031289E+01      0.8392811E+00
  -0.4007222E+01      0.7542805E+00
  -0.3983155E+01      0.7257982E+00
  -0.3959087E+01      0.7356550E+00
  -0.3935020E+01      0.7403055E+00
  -0.3910952E+01      0.6598795E+00
  -0.3886885E+01      0.6093995E+00
  -0.3862818E+01      0.5505176E+00
  -0.3838750E+01      0.6198343E+00
  -0.3814683E+01      0.6775432E+00
  -0.3790615E+01      0.6874596E+00
  -0.3766548E+01      0.7515669E+00
  -0.3742481E+01      0.6735286E+00
  -0.3718413E+01      0.6778652E+00
  -0.3694346E+01      0.4960761E+00
  -0.3670278E+01      0.4063904E+00
  -0.3646211E+01      0.3597167E+00
  -0.3622144E+01      0.3406521E+00
  -0.3598076E+01      0.3330357E+00
  -0.3574009E+01      0.3179891E+00
  -0.3549941E+01      0.3353741E+00
  -0.3525874E+01      0.4342586E+00
  -0.3501807E+01      0.4550389E+00
  -0.3477739E+01      0.4632733E+00
  -0.3453672E+01      0.4749444E+00
  -0.3429604E+01      0.4789498E+00
  -0.3405537E+01      0.4989496E+00
  -0.3381470E+01      0.6771631E+00
  -0.3357402E+01      0.6497792E+00
  -0.3333335E+01      0.6950596E+00
  -0.3309267E+01      0.5808597E+00
  -0.3285200E+01      0.5226015E+00
  -0.3261133E+01      0.5105202E+00
  -0.3237065E+01      0.6850793E+00
  -0.3212998E+01      0.6641285E+00
  -0.3188930E+01      0.7284978E+00
  -0.3164863E+01      0.8188725E+00
  -0.3140796E+01      0.8045275E+00
  -0.3116728E+01      0.7340737E+00
  -0.3092661E+01      0.8394900E+00
  -0.3068593E+01      0.7962231E+00
  -0.3044526E+01      0.7605940E+00
  -0.3020459E+01      0.7471898E+00
  -0.2996391E+01      0.7508854E+00
  -0.2972324E+01      0.7572754E+00
  -0.2948256E+01      0.7714573E+00
  -0.2924189E+01      0.7486031E+00
  -0.2900122E+01      0.7688389E+00
  -0.2876054E+01      0.8109756E+00
  -0.2851987E+01      0.9060169E+00
  -0.2827919E+01      0.9799869E+00
  -0.2803852E+01      0.8133009E+00
  -0.2779785E+01      0.7706737E+00
  -0.2755717E+01      0.7092096E+00
  -0.2731650E+01      0.7479321E+00
  -0.2707582E+01      0.8344196E+00
  -0.2683515E+01      0.8767694E+00
  -0.2659448E+01      0.8302911E+00
  -0.2635380E+01      0.6579026E+00
  -0.2611313E+01      0.7069857E+00
  -0.2587245E+01      0.6799404E+00
  -0.2563178E+01      0.7097076E+00
  -0.2539111E+01      0.7458321E+00
  -0.2515043E+01      0.7515959E+00
  -0.2490976E+01      0.8306098E+00
  -0.2466908E+01      0.9243188E+00
  -0.2442841E+01      0.8529855E+00
  -0.2418774E+01      0.7952149E+00
  -0.2394706E+01      0.7408418E+00
  -0.2370639E+01      0.6906454E+00
  -0.2346571E+01      0.6596617E+00
  -0.2322504E+01      0.6469528E+00
  -0.2298437E+01      0.6118676E+00
  -0.2274369E+01      0.5757692E+00
  -0.2250302E+01      0.6018835E+00
  -0.2226234E+01      0.6408921E+00
  -0.2202167E+01      0.6593152E+00
  -0.2178100E+01      0.4602732E+00
  -0.2154032E+01      0.3640546E+00
  -0.2129965E+01      0.3357896E+00
  -0.2105897E+01      0.3135190E+00
  -0.2081830E+01      0.3172147E+00
  -0.2057763E+01      0.9871214E+00
  -0.2033695E+01      0.3007874E+00
  -0.2009628E+01      0.2302996E+00
  -0.1985560E+01      0.1862099E+00
  -0.1961493E+01      0.1819932E+00
  -0.1937426E+01      0.1818032E+00
  -0.1913358E+01      0.1824175E+00
  -0.1889291E+01      0.1025983E+00
  -0.1865223E+01      0.1084994E+00
  -0.1841156E+01      0.1354626E+00
  -0.1817089E+01      0.9346150E-01
  -0.1793021E+01      0.1359123E+00
  -0.1768954E+01      0.2204281E+00
  -0.1744886E+01      0.2211312E+00
  -0.1720819E+01      0.1751558E+00
  -0.1696752E+01      0.1788369E+00
  -0.1672684E+01      0.1891300E+00
  -0.1648617E+01      0.1983403E+00
  -0.1624549E+01      0.2077848E+00
  -0.1600482E+01      0.2488157E+00
  -0.1576415E+01      0.2461803E+00
  -0.1552347E+01      0.3034796E+00
  -0.1528280E+01      0.2839250E+00
  -0.1504212E+01      0.3527369E+00
  -0.1480145E+01      0.4201439E+00
  -0.1456078E+01      0.4817197E+00
  -0.1432010E+01      0.5440052E+00
  -0.1407943E+01      0.5813173E+00
  -0.1383875E+01      0.5773305E+00
  -0.1359808E+01      0.5941349E+00
  -0.1335741E+01      0.6776717E+00
  -0.1311673E+01      0.7291889E+00
  -0.1287606E+01      0.7671134E+00
  -0.1263538E+01      0.7977914E+00
  -0.1239471E+01      0.8238222E+00
  -0.1215404E+01      0.8465324E+00
  -0.1191336E+01      0.8677274E+00
  -0.1167269E+01      0.8808306E+00
  -0.1143201E+01      0.8874011E+00
  -0.1119134E+01      0.8906608E+00
  -0.1095067E+01      0.8988265E+00
  -0.1070999E+01      0.8758339E+00
  -0.1046932E+01      0.8839793E+00
  -0.1022864E+01      0.8849311E+00
  -0.9987971E+00      0.8879702E+00
  -0.9747297E+00      0.8901239E+00
  -0.9506623E+00      0.8905879E+00
  -0.9265949E+00      0.8887680E+00
  -0.9025275E+00      0.8846050E+00
  -0.8784601E+00      0.8784128E+00
  -0.8543927E+00      0.8705672E+00
  -0.8303253E+00      0.8613466E+00
  -0.8062579E+00      0.8509168E+00
  -0.7821905E+00      0.8393647E+00
  -0.7581231E+00      0.8266814E+00
  -0.7340557E+00      0.8128735E+00
  -0.7099883E+00      0.7976643E+00
  -0.6859209E+00      0.7779722E+00
  -0.6618535E+00      0.7608636E+00
  -0.6377861E+00      0.7438306E+00
  -0.6137187E+00      0.7286656E+00
  -0.5896513E+00      0.7137075E+00
  -0.5655839E+00      0.6980780E+00
  -0.5415165E+00      0.6809037E+00
  -0.5174491E+00      0.6620046E+00
  -0.4933817E+00      0.6415719E+00
  -0.4693143E+00      0.6198893E+00
  -0.4452469E+00      0.5971560E+00
  -0.4211795E+00      0.5733201E+00
  -0.3971121E+00      0.5471135E+00
  -0.3730447E+00      0.5236492E+00
  -0.3489773E+00      0.5053216E+00
  -0.3249099E+00      0.4870671E+00
  -0.3008425E+00      0.4691117E+00
  -0.2767751E+00      0.4523159E+00
  -0.2527077E+00      0.4354814E+00
  -0.2286403E+00      0.4148962E+00
  -0.2045729E+00      0.3951536E+00
  -0.1805055E+00      0.3752166E+00
  -0.1564381E+00      0.3532791E+00
  -0.1323707E+00      0.3163903E+00
  -0.1083033E+00      0.3271515E+00
  -0.8423590E-01      0.3403599E+00
  -0.6016850E-01      0.3156194E+00
  -0.3610110E-01      0.2984890E+00
  -0.1203370E-01      0.2839178E+00
   0.1203370E-01      0.2707665E+00
   0.3610110E-01      0.2586579E+00
   0.6016850E-01      0.2474248E+00
   0.8423590E-01      0.2369801E+00
   0.1083033E+00      0.2272768E+00
   0.1323707E+00      0.2182986E+00
   0.1564381E+00      0.2100702E+00
   0.1805055E+00      0.2027438E+00
   0.2045729E+00      0.1979681E+00
   0.2286403E+00      0.1962283E+00
   0.2527077E+00      0.1793790E+00
   0.2767751E+00      0.1699303E+00
   0.3008425E+00      0.1628274E+00
   0.3249099E+00      0.1575629E+00
   0.3489773E+00      0.1541240E+00
   0.3730447E+00      0.1508131E+00
   0.3971121E+00      0.1461380E+00
   0.4211795E+00      0.1406901E+00
   0.4452469E+00      0.1353331E+00
   0.4693143E+00      0.1304065E+00
   0.4933817E+00      0.1259144E+00
   0.5174491E+00      0.1224653E+00
   0.5415165E+00      0.1212658E+00
   0.5655839E+00      0.1204909E+00
   0.5896513E+00      0.1199435E+00
   0.6137187E+00      0.1189218E+00
   0.6377861E+00      0.1169136E+00
   0.6618535E+00      0.1141777E+00
   0.6859209E+00      0.1113584E+00
   0.7099883E+00      0.1088405E+00
   0.7340557E+00      0.1066901E+00
   0.7581231E+00      0.1050104E+00
   0.7821905E+00      0.1039366E+00
   0.8062579E+00      0.1026441E+00
   0.8303253E+00      0.1013787E+00
   0.8543927E+00      0.1001441E+00
   0.8784601E+00      0.9893612E-01
   0.9025275E+00      0.9768431E-01
   0.9265949E+00      0.9645327E-01
   0.9506623E+00      0.9516503E-01
   0.9747297E+00      0.9379025E-01
   0.9987971E+00      0.9227768E-01
   0.1022864E+01      0.9054369E-01
   0.1046932E+01      0.8841371E-01
   0.1070999E+01      0.8616818E-01
   0.1095067E+01      0.8128077E-01
   0.1119134E+01      0.7863069E-01
   0.1143201E+01      0.7531330E-01
   0.1167269E+01      0.6904473E-01
   0.1191336E+01      0.6735348E-01
   0.1215404E+01      0.6723595E-01
   0.1239471E+01      0.6978318E-01
   0.1263538E+01      0.7649688E-01
   0.1287606E+01      0.8606802E-01
   0.1311673E+01      0.9461901E-01
   0.1335741E+01      0.1023400E+00
   0.1359808E+01      0.1155620E+00
   0.1383875E+01      0.1237321E+00
   0.1407943E+01      0.1159299E+00
   0.1432010E+01      0.1052443E+00
   0.1456078E+01      0.9752208E-01
   0.1480145E+01      0.9225127E-01
   0.1504212E+01      0.8850537E-01
   0.1528280E+01      0.8572259E-01
   0.1552347E+01      0.8359280E-01
   0.1576415E+01      0.8194514E-01
   0.1600482E+01      0.8066992E-01
   0.1624549E+01      0.7958498E-01
   0.1648617E+01      0.7610500E-01
   0.1672684E+01      0.7660223E-01
   0.1696752E+01      0.7913115E-01
   0.1720819E+01      0.8340583E-01
   0.1744886E+01      0.9120214E-01
   0.1768954E+01      0.1117711E+00
   0.1793021E+01      0.1363974E+00
   0.1817089E+01      0.1282688E+00
   0.1841156E+01      0.1176634E+00
   0.1865223E+01      0.1114012E+00
   0.1889291E+01      0.1064451E+00
   0.1913358E+01      0.1020036E+00
   0.1937426E+01      0.9798525E-01
   0.1961493E+01      0.9442927E-01
   0.1985560E+01      0.9128073E-01
   0.2009628E+01      0.9010488E-01
   0.2033695E+01      0.8873004E-01
   0.2057763E+01      0.8758809E-01
   0.2081830E+01      0.8665077E-01
   0.2105897E+01      0.8575509E-01
   0.2129965E+01      0.8454920E-01
   0.2154032E+01      0.8380782E-01
   0.2178100E+01      0.8726014E-01
   0.2202167E+01      0.9142487E-01
   0.2226234E+01      0.9688418E-01
   0.2250302E+01      0.1049540E+00
   0.2274369E+01      0.1173155E+00
   0.2298437E+01      0.1346775E+00
   0.2322504E+01      0.1536121E+00
   0.2346571E+01      0.1672416E+00
   0.2370639E+01      0.1723431E+00
   0.2394706E+01      0.1716243E+00
   0.2418774E+01      0.1693790E+00
   0.2442841E+01      0.1684632E+00
   0.2466908E+01      0.1692058E+00
   0.2490976E+01      0.1724007E+00
   0.2515043E+01      0.1783874E+00
   0.2539111E+01      0.1877576E+00
   0.2563178E+01      0.2018450E+00
   0.2587245E+01      0.2240730E+00
   0.2611313E+01      0.2664004E+00
   0.2635380E+01      0.3991649E+00
   0.2659448E+01      0.4178104E+00
   0.2683515E+01      0.3888306E+00
   0.2707582E+01      0.5519598E+00
   0.2731650E+01      0.6358943E+00
   0.2755717E+01      0.4570711E+00
   0.2779785E+01      0.4273031E+00
   0.2803852E+01      0.4032081E+00
   0.2827919E+01      0.1951312E+00
   0.2851987E+01      0.1281850E+00
   0.2876054E+01      0.7553066E-01
   0.2900122E+01      0.1190488E+00
   0.2924189E+01      0.1914432E+00
   0.2948256E+01      0.1856424E+00
   0.2972324E+01      0.2183004E+00
   0.2996391E+01      0.2681442E+00
   0.3020459E+01      0.3420912E+00
   0.3044526E+01      0.4458713E+00
   0.3068593E+01      0.5980524E+00
   0.3092661E+01      0.7468896E+00
   0.3116728E+01      0.7989165E+00
   0.3140796E+01      0.7951969E+00
   0.3164863E+01      0.8411152E+00
   0.3188930E+01      0.8692050E+00
   0.3212998E+01      0.8616750E+00
   0.3237065E+01      0.8036857E+00
   0.3261133E+01      0.9239819E+00
   0.3285200E+01      0.9745794E+00
   0.3309267E+01      0.9686785E+00
   0.3333335E+01      0.9577776E+00
   0.3357402E+01      0.9434323E+00
   0.3381470E+01      0.9269349E+00
   0.3405537E+01      0.9158762E+00
   0.3429604E+01      0.8999206E+00
   0.3453672E+01      0.8673789E+00
   0.3477739E+01      0.9226554E+00
   0.3501807E+01      0.9171658E+00
   0.3525874E+01      0.9003392E+00
   0.3549941E+01      0.8633866E+00
   0.3574009E+01      0.8120412E+00
   0.3598076E+01      0.8001886E+00
   0.3622144E+01      0.7833918E+00
   0.3646211E+01      0.7682855E+00
   0.3670278E+01      0.8720278E+00
   0.3694346E+01      0.8470814E+00
   0.3718413E+01      0.8218977E+00
   0.3742481E+01      0.8043202E+00
   0.3766548E+01      0.8123564E+00
   0.3790615E+01      0.7762801E+00
   0.3814683E+01      0.7386298E+00
   0.3838750E+01      0.7019405E+00
   0.3862818E+01      0.6711663E+00
   0.3886885E+01      0.6426629E+00
   0.3910952E+01      0.6182069E+00
   0.3935020E+01      0.6091170E+00
   0.3959087E+01      0.6844368E+00
   0.3983155E+01      0.6176510E+00
   0.4007222E+01      0.5671422E+00
   0.4031289E+01      0.5227141E+00
   0.4055357E+01      0.4761274E+00
   0.4079424E+01      0.4641910E+00
   0.4103492E+01      0.4472559E+00
   0.4127559E+01      0.4282467E+00
   0.4151626E+01      0.4115612E+00
   0.4175694E+01      0.3968767E+00
   0.4199761E+01      0.3832745E+00
   0.4223829E+01      0.3704504E+00
   0.4247896E+01      0.3585093E+00
   0.4271963E+01      0.3472974E+00
   0.4296031E+01      0.3365343E+00
   0.4320098E+01      0.3253803E+00
   0.4344166E+01      0.3442290E+00
   0.4368233E+01      0.3573895E+00
   0.4392300E+01      0.3535065E+00
   0.4416368E+01      0.3454080E+00
   0.4440435E+01      0.3379326E+00
   0.4464503E+01      0.3310314E+00
   0.4488570E+01      0.3222921E+00
   0.4512637E+01      0.3315240E+00
   0.4536705E+01      0.3364577E+00
   0.4560772E+01      0.3410362E+00
   0.4584840E+01      0.3468984E+00
   0.4608907E+01      0.3551175E+00
   0.4632974E+01      0.3682584E+00
   0.4657042E+01      0.4635806E+00
   0.4681109E+01      0.4058047E+00
   0.4705177E+01      0.4186730E+00
   0.4729244E+01      0.5025195E+00
   0.4753311E+01      0.3888853E+00
   0.4777379E+01      0.3771944E+00
   0.4801446E+01      0.3826042E+00
   0.4825514E+01      0.3958708E+00
   0.4849581E+01      0.4143430E+00
   0.4873648E+01      0.4368204E+00
   0.4897716E+01      0.4631445E+00
   0.4921783E+01      0.4859953E+00
   0.4945851E+01      0.5182033E+00
   0.4969918E+01      0.5564615E+00
   0.4993985E+01      0.5966310E+00
   0.5018053E+01      0.6320646E+00
   0.5042120E+01      0.6465070E+00
   0.5066188E+01      0.6841555E+00
   0.5090255E+01      0.7142841E+00
   0.5114322E+01      0.7349179E+00
   0.5138390E+01      0.7372450E+00
   0.5162457E+01      0.6990221E+00
   0.5186525E+01      0.8659776E+00
   0.5210592E+01      0.8627215E+00
   0.5234659E+01      0.8665822E+00
   0.5258727E+01      0.8703646E+00
   0.5282794E+01      0.8728242E+00
   0.5306862E+01      0.8735889E+00
   0.5330929E+01      0.8724765E+00
   0.5354996E+01      0.8693224E+00
   0.5379064E+01      0.8639344E+00
   0.5403131E+01      0.8560992E+00
   0.5427199E+01      0.8456201E+00
   0.5451266E+01      0.8323713E+00
   0.5475333E+01      0.8163507E+00
   0.5499401E+01      0.7977185E+00
   0.5523468E+01      0.7768257E+00
   0.5547536E+01      0.7542371E+00
   0.5571603E+01      0.7308635E+00
   0.5595670E+01      0.7088199E+00
   0.5619738E+01      0.7015775E+00
   0.5643805E+01      0.6382105E+00
   0.5667873E+01      0.6103732E+00
   0.5691940E+01      0.5848385E+00
   0.5716007E+01      0.5612482E+00
   0.5740075E+01      0.5397102E+00
   0.5764142E+01      0.5203580E+00
   0.5788210E+01      0.5032346E+00
   0.5812277E+01      0.4880163E+00
   0.5836344E+01      0.4719263E+00
   0.5860412E+01      0.4168411E+00
   0.5884479E+01      0.3967572E+00
   0.5908547E+01      0.3704768E+00
   0.5932614E+01      0.5344291E+00
   0.5956681E+01      0.4859252E+00
   0.5980749E+01      0.5401699E+00
   0.6004816E+01      0.3935100E+00
   0.6028884E+01      0.3726715E+00
   0.6052951E+01      0.3618227E+00
   0.6077018E+01      0.3555433E+00
   0.6101086E+01      0.3519077E+00
   0.6125153E+01      0.3502329E+00
   0.6149221E+01      0.3509182E+00
   0.6173288E+01      0.3518813E+00
   0.6197355E+01      0.3619859E+00
   0.6221423E+01      0.5786833E+00
   0.6245490E+01      0.4617856E+00
   0.6269558E+01      0.4645347E+00
   0.6293625E+01      0.4663740E+00
   0.6317692E+01      0.4737667E+00
   0.6341760E+01      0.4844326E+00
   0.6365827E+01      0.4969922E+00
   0.6389895E+01      0.5228300E+00
   0.6413962E+01      0.5458063E+00
   0.6438029E+01      0.5667766E+00
   0.6462097E+01      0.5841170E+00
   0.6486164E+01      0.5674164E+00
   0.6510232E+01      0.5760116E+00
   0.6534299E+01      0.5940428E+00
   0.6558366E+01      0.6158683E+00
   0.6582434E+01      0.6405933E+00
   0.6606501E+01      0.6677075E+00
   0.6630569E+01      0.6965185E+00
   0.6654636E+01      0.7257457E+00
   0.6678703E+01      0.7512643E+00
   0.6702771E+01      0.7726190E+00
   0.6726838E+01      0.8075774E+00
   0.6750906E+01      0.8425268E+00
   0.6774973E+01      0.8762467E+00
   0.6799040E+01      0.9071128E+00
   0.6823108E+01      0.9337489E+00
   0.6847175E+01      0.9536906E+00
   0.6871243E+01      0.9508351E+00
   0.6895310E+01      0.9764736E+00
   0.6919377E+01      0.9975031E+00
   0.6943445E+01      0.1010596E+01
   0.6967512E+01      0.1013596E+01
   0.6991580E+01      0.1005168E+01
   0.7015647E+01      0.9848919E+00
   0.7039714E+01      0.9534755E+00
   0.7063782E+01      0.9127370E+00
   0.7087849E+01      0.8648303E+00
   0.7111917E+01      0.8125888E+00
   0.7135984E+01      0.7585677E+00
   0.7160051E+01      0.7049676E+00
   0.7184119E+01      0.6534789E+00
   0.7208186E+01      0.6052696E+00
   0.7232254E+01      0.5610549E+00
   0.7256321E+01      0.5212027E+00
   0.7280388E+01      0.4858537E+00
   0.7304456E+01      0.4550950E+00
   0.7328523E+01      0.4294541E+00
   0.7352591E+01      0.4025063E+00
   0.7376658E+01      0.3693946E+00
   0.7400725E+01      0.3418290E+00
   0.7424793E+01      0.3183396E+00
   0.7448860E+01      0.2985469E+00
   0.7472928E+01      0.2823956E+00
   0.7496995E+01      0.2701252E+00
   0.7521062E+01      0.2624371E+00
   0.7545130E+01      0.2609959E+00
   0.7569197E+01      0.2700856E+00
   0.7593265E+01      0.3040807E+00
   0.7617332E+01      0.4263416E+00
   0.7641399E+01      0.5015794E+00
   0.7665467E+01      0.4213174E+00
   0.7689534E+01      0.4315039E+00
   0.7713602E+01      0.4229363E+00
   0.7737669E+01      0.3800795E+00
   0.7761736E+01      0.3310800E+00
   0.7785804E+01      0.2944494E+00
   0.7809871E+01      0.2722120E+00
   0.7833939E+01      0.2613881E+00
   0.7858006E+01      0.2590795E+00
   0.7882073E+01      0.2636630E+00
   0.7906141E+01      0.2735131E+00
   0.7930208E+01      0.2883706E+00
   0.7954276E+01      0.3082542E+00
   0.7978343E+01      0.3342842E+00
   0.8002410E+01      0.3695654E+00
   0.8026478E+01      0.4211564E+00
   0.8050545E+01      0.4992493E+00
   0.8074613E+01      0.5882813E+00
   0.8098680E+01      0.6073335E+00
   0.8122747E+01      0.5522830E+00
   0.8146815E+01      0.4926581E+00
   0.8170882E+01      0.4461806E+00
   0.8194950E+01      0.4079890E+00
   0.8219017E+01      0.3532416E+00
   0.8243084E+01      0.3124147E+00
   0.8267152E+01      0.2830610E+00
   0.8291219E+01      0.2615434E+00
   0.8315287E+01      0.2457505E+00
   0.8339354E+01      0.2342091E+00
   0.8363421E+01      0.2268151E+00
   0.8387489E+01      0.2212450E+00
   0.8411556E+01      0.2176628E+00
   0.8435624E+01      0.2155833E+00
   0.8459691E+01      0.2148153E+00
   0.8483758E+01      0.2155031E+00
   0.8507826E+01      0.2326037E+00
   0.8531893E+01      0.2147301E+00
   0.8555961E+01      0.2182137E+00
   0.8580028E+01      0.2218755E+00
   0.8604095E+01      0.2263009E+00
   0.8628163E+01      0.2316956E+00
   0.8652230E+01      0.2382651E+00
   0.8676298E+01      0.2463136E+00
   0.8700365E+01      0.2592728E+00
   0.8724432E+01      0.2741561E+00
   0.8748500E+01      0.2905559E+00
   0.8772567E+01      0.3209265E+00
   0.8796635E+01      0.3449383E+00
   0.8820702E+01      0.3674050E+00
   0.8844769E+01      0.3899970E+00
   0.8868837E+01      0.4132278E+00
   0.8892904E+01      0.4373467E+00
   0.8916972E+01      0.4624847E+00
   0.8941039E+01      0.4886934E+00
   0.8965106E+01      0.5170714E+00
   0.8989174E+01      0.5462406E+00
   0.9013241E+01      0.5731338E+00
   0.9037309E+01      0.5856838E+00
   0.9061376E+01      0.6144968E+00
   0.9085443E+01      0.6431247E+00
   0.9109511E+01      0.6719071E+00
   0.9133578E+01      0.7052073E+00
   0.9157646E+01      0.7404589E+00
   0.9181713E+01      0.7774931E+00
   0.9205780E+01      0.8164659E+00
   0.9229848E+01      0.8580881E+00
   0.9253915E+01      0.9037587E+00
   0.9277983E+01      0.9582407E+00
   0.9302050E+01      0.1029952E+01
   0.9326117E+01      0.1118767E+01
   0.9350185E+01      0.1193244E+01
   0.9374252E+01      0.1264810E+01
   0.9398320E+01      0.1289906E+01
   0.9422387E+01      0.1198664E+01
   0.9446454E+01      0.1111720E+01
   0.9470522E+01      0.1082741E+01
   0.9494589E+01      0.1085889E+01
   0.9518657E+01      0.1117624E+01
   0.9542724E+01      0.1154166E+01
   0.9566791E+01      0.1229609E+01
   0.9590859E+01      0.1301752E+01
   0.9614926E+01      0.1368547E+01
   0.9638994E+01      0.1431948E+01
   0.9663061E+01      0.1488865E+01
   0.9687128E+01      0.1534450E+01
   0.9711196E+01      0.1565708E+01
   0.9735263E+01      0.1574335E+01
   0.9759331E+01      0.1571848E+01
   0.9783398E+01      0.1562117E+01
   0.9807465E+01      0.1551322E+01
   0.9831533E+01      0.1543455E+01
   0.9855600E+01      0.1546463E+01
   0.9879668E+01      0.1557441E+01
   0.9903735E+01      0.1549041E+01
   0.9927802E+01      0.1511818E+01
   0.9951870E+01      0.1481456E+01
   0.9975937E+01      0.1476720E+01
   0.1000000E+02      0.1494399E+01
 &
 @autoscale
 @target G1.S0
