 @target G2.S0
 @type xy
  -0.1000000E+02     -0.7811193E-14
  -0.9975937E+01     -0.3732679E-14
  -0.9951870E+01     -0.1755174E-13
  -0.9927802E+01     -0.3718094E-14
  -0.9903735E+01     -0.1555493E-13
  -0.9879668E+01      0.8266294E-15
  -0.9855600E+01      0.1643041E-13
  -0.9831533E+01     -0.2640741E-13
  -0.9807465E+01     -0.1541804E-13
  -0.9783398E+01      0.3495592E-14
  -0.9759331E+01      0.1568185E-13
  -0.9735263E+01      0.1776747E-14
  -0.9711196E+01     -0.5070120E-14
  -0.9687128E+01     -0.2013264E-14
  -0.9663061E+01      0.3015020E-14
  -0.9638994E+01      0.5822667E-14
  -0.9614926E+01      0.1150527E-13
  -0.9590859E+01      0.8501105E-14
  -0.9566791E+01      0.1741997E-13
  -0.9542724E+01      0.1250914E-13
  -0.9518657E+01      0.1057423E-13
  -0.9494589E+01     -0.1326808E-13
  -0.9470522E+01      0.1323488E-14
  -0.9446454E+01      0.6652290E-14
  -0.9422387E+01      0.8406824E-14
  -0.9398320E+01     -0.1511380E-13
  -0.9374252E+01      0.1258194E-13
  -0.9350185E+01     -0.1040585E-14
  -0.9326117E+01      0.6508988E-14
  -0.9302050E+01      0.2364221E-13
  -0.9277983E+01     -0.4044040E-13
  -0.9253915E+01     -0.3675508E-13
  -0.9229848E+01      0.1547875E-13
  -0.9205780E+01     -0.5737504E-13
  -0.9181713E+01      0.4199819E-13
  -0.9157646E+01     -0.5519852E-15
  -0.9133578E+01      0.5779580E-01
  -0.9109511E+01      0.9791906E-01
  -0.9085443E+01      0.2444617E+00
  -0.9061376E+01      0.2587818E+00
  -0.9037309E+01      0.2433307E+00
  -0.9013241E+01      0.2142044E+00
  -0.8989174E+01      0.1788428E+00
  -0.8965106E+01      0.1407485E+00
  -0.8941039E+01      0.6034414E-01
  -0.8916972E+01      0.1623098E-01
  -0.8892904E+01     -0.2311394E-02
  -0.8868837E+01      0.5149831E-01
  -0.8844769E+01      0.6294137E-01
  -0.8820702E+01      0.7113728E-01
  -0.8796635E+01      0.7850945E-01
  -0.8772567E+01      0.8141632E-01
  -0.8748500E+01      0.6657492E-01
  -0.8724432E+01      0.5969627E-01
  -0.8700365E+01      0.5466847E-01
  -0.8676298E+01      0.5665862E-01
  -0.8652230E+01      0.6204144E-01
  -0.8628163E+01      0.6791927E-01
  -0.8604095E+01      0.7331853E-01
  -0.8580028E+01      0.7784684E-01
  -0.8555961E+01      0.8131424E-01
  -0.8531893E+01      0.8363437E-01
  -0.8507826E+01      0.8449602E-01
  -0.8483758E+01      0.8455002E-01
  -0.8459691E+01      0.1249814E+00
  -0.8435624E+01      0.1214865E+00
  -0.8411556E+01      0.1165220E+00
  -0.8387489E+01      0.1102848E+00
  -0.8363421E+01      0.1064031E+00
  -0.8339354E+01      0.6320059E-01
  -0.8315287E+01      0.5746283E-01
  -0.8291219E+01      0.5157629E-01
  -0.8267152E+01      0.4567723E-01
  -0.8243084E+01      0.4004863E-01
  -0.8219017E+01      0.6577243E-01
  -0.8194950E+01      0.1494044E+00
  -0.8170882E+01      0.1490825E+00
  -0.8146815E+01      0.1308801E+00
  -0.8122747E+01      0.1077788E+00
  -0.8098680E+01      0.8541974E-01
  -0.8074613E+01      0.6653616E-01
  -0.8050545E+01      0.5236075E-01
  -0.8026478E+01      0.4325564E-01
  -0.8002410E+01      0.3905837E-01
  -0.7978343E+01      0.1459047E+00
  -0.7954276E+01      0.1906515E+00
  -0.7930208E+01      0.1821878E+00
  -0.7906141E+01      0.1620415E+00
  -0.7882073E+01      0.1422954E+00
  -0.7858006E+01      0.1274140E+00
  -0.7833939E+01      0.1185454E+00
  -0.7809871E+01      0.1151430E+00
  -0.7785804E+01      0.1157639E+00
  -0.7761736E+01      0.1185425E+00
  -0.7737669E+01      0.1215342E+00
  -0.7713602E+01      0.1230488E+00
  -0.7689534E+01      0.1220309E+00
  -0.7665467E+01      0.1184594E+00
  -0.7641399E+01      0.1135727E+00
  -0.7617332E+01      0.1095753E+00
  -0.7593265E+01      0.1087690E+00
  -0.7569197E+01      0.1122339E+00
  -0.7545130E+01      0.1193101E+00
  -0.7521062E+01      0.1279131E+00
  -0.7496995E+01      0.1355488E+00
  -0.7472928E+01      0.1402953E+00
  -0.7448860E+01      0.1410703E+00
  -0.7424793E+01      0.1376758E+00
  -0.7400725E+01      0.1305103E+00
  -0.7376658E+01      0.1203569E+00
  -0.7352591E+01      0.1084551E+00
  -0.7328523E+01      0.1476923E+00
  -0.7304456E+01      0.2129472E+00
  -0.7280388E+01      0.1935944E+00
  -0.7256321E+01      0.1572911E+00
  -0.7232254E+01      0.1194673E+00
  -0.7208186E+01      0.8662722E-01
  -0.7184119E+01      0.6160774E-01
  -0.7160051E+01      0.4534916E-01
  -0.7135984E+01      0.1652230E+00
  -0.7111917E+01      0.3150313E+00
  -0.7087849E+01      0.3026474E+00
  -0.7063782E+01      0.2475851E+00
  -0.7039714E+01      0.1889819E+00
  -0.7015647E+01      0.1495857E+00
  -0.6991580E+01      0.1419931E+00
  -0.6967512E+01      0.1660957E+00
  -0.6943445E+01      0.2079905E+00
  -0.6919377E+01      0.7607688E+00
  -0.6895310E+01      0.1351568E+01
  -0.6871243E+01      0.2033982E+01
  -0.6847175E+01      0.1634258E+01
  -0.6823108E+01      0.1019341E+01
  -0.6799040E+01      0.4754386E+00
  -0.6774973E+01      0.8078181E+00
  -0.6750906E+01      0.6741623E+00
  -0.6726838E+01      0.5330292E+00
  -0.6702771E+01      0.7723294E+00
  -0.6678703E+01      0.9940293E+00
  -0.6654636E+01      0.8335068E+00
  -0.6630569E+01      0.7091147E+00
  -0.6606501E+01      0.7838205E+00
  -0.6582434E+01      0.8446622E+00
  -0.6558366E+01      0.9127173E+00
  -0.6534299E+01      0.1050788E+01
  -0.6510232E+01      0.1935680E+01
  -0.6486164E+01      0.1357246E+01
  -0.6462097E+01      0.9367615E+00
  -0.6438029E+01      0.8212167E+00
  -0.6413962E+01      0.9533378E+00
  -0.6389895E+01      0.9146256E+00
  -0.6365827E+01      0.1255635E+01
  -0.6341760E+01      0.1253361E+01
  -0.6317692E+01      0.1486430E+01
  -0.6293625E+01      0.1032159E+01
  -0.6269558E+01      0.1235586E+01
  -0.6245490E+01      0.9376636E+00
  -0.6221423E+01      0.1327214E+01
  -0.6197355E+01      0.1178138E+01
  -0.6173288E+01      0.1016698E+01
  -0.6149221E+01      0.9848096E+00
  -0.6125153E+01      0.9586423E+00
  -0.6101086E+01      0.8998403E+00
  -0.6077018E+01      0.8936004E+00
  -0.6052951E+01      0.1088699E+01
  -0.6028884E+01      0.1094561E+01
  -0.6004816E+01      0.1056444E+01
  -0.5980749E+01      0.1018572E+01
  -0.5956681E+01      0.3171392E+01
  -0.5932614E+01      0.2811794E+01
  -0.5908547E+01      0.1251564E+01
  -0.5884479E+01      0.1185887E+01
  -0.5860412E+01      0.9587598E+00
  -0.5836344E+01      0.8287047E+00
  -0.5812277E+01      0.1127107E+01
  -0.5788210E+01      0.8891140E+00
  -0.5764142E+01      0.9551096E+00
  -0.5740075E+01      0.1009355E+01
  -0.5716007E+01      0.1043338E+01
  -0.5691940E+01      0.1027402E+01
  -0.5667873E+01      0.1685074E+01
  -0.5643805E+01      0.1747694E+01
  -0.5619738E+01      0.1453025E+01
  -0.5595670E+01      0.1127244E+01
  -0.5571603E+01      0.1608058E+01
  -0.5547536E+01      0.1581199E+01
  -0.5523468E+01      0.1629828E+01
  -0.5499401E+01      0.1341904E+01
  -0.5475333E+01      0.1237248E+01
  -0.5451266E+01      0.1069226E+01
  -0.5427199E+01      0.9043005E+00
  -0.5403131E+01      0.8360570E+00
  -0.5379064E+01      0.2003133E+01
  -0.5354996E+01      0.2078558E+01
  -0.5330929E+01      0.1409989E+01
  -0.5306862E+01      0.1653451E+01
  -0.5282794E+01      0.1332727E+01
  -0.5258727E+01      0.1222596E+01
  -0.5234659E+01      0.1211050E+01
  -0.5210592E+01      0.1156276E+01
  -0.5186525E+01      0.1059820E+01
  -0.5162457E+01      0.9406915E+00
  -0.5138390E+01      0.1109929E+01
  -0.5114322E+01      0.1226943E+01
  -0.5090255E+01      0.1908797E+01
  -0.5066188E+01      0.8970063E+00
  -0.5042120E+01      0.1315271E+01
  -0.5018053E+01      0.2210247E+01
  -0.4993985E+01      0.2410876E+01
  -0.4969918E+01      0.2575216E+01
  -0.4945851E+01      0.1504312E+01
  -0.4921783E+01      0.1909847E+01
  -0.4897716E+01      0.1566182E+01
  -0.4873648E+01      0.1641989E+01
  -0.4849581E+01      0.1475143E+01
  -0.4825514E+01      0.1415408E+01
  -0.4801446E+01      0.1312686E+01
  -0.4777379E+01      0.1278003E+01
  -0.4753311E+01      0.1380542E+01
  -0.4729244E+01      0.1314800E+01
  -0.4705177E+01      0.2781587E+01
  -0.4681109E+01      0.2228940E+01
  -0.4657042E+01      0.1990637E+01
  -0.4632974E+01      0.1949383E+01
  -0.4608907E+01      0.3088045E+01
  -0.4584840E+01      0.1800384E+01
  -0.4560772E+01      0.1973881E+01
  -0.4536705E+01      0.1438885E+01
  -0.4512637E+01      0.1556078E+01
  -0.4488570E+01      0.1615612E+01
  -0.4464503E+01      0.1641287E+01
  -0.4440435E+01      0.2020334E+01
  -0.4416368E+01      0.2448315E+01
  -0.4392300E+01      0.1450686E+01
  -0.4368233E+01      0.1542681E+01
  -0.4344166E+01      0.1468364E+01
  -0.4320098E+01      0.2886102E+01
  -0.4296031E+01      0.2130333E+01
  -0.4271963E+01      0.2366827E+01
  -0.4247896E+01      0.1807214E+01
  -0.4223829E+01      0.1792756E+01
  -0.4199761E+01      0.1720264E+01
  -0.4175694E+01      0.3413671E+01
  -0.4151626E+01      0.2841398E+01
  -0.4127559E+01      0.2050562E+01
  -0.4103492E+01      0.2069607E+01
  -0.4079424E+01      0.2196408E+01
  -0.4055357E+01      0.2311983E+01
  -0.4031289E+01      0.1255966E+01
  -0.4007222E+01      0.1322403E+01
  -0.3983155E+01      0.1295763E+01
  -0.3959087E+01      0.1344395E+01
  -0.3935020E+01      0.1269860E+01
  -0.3910952E+01      0.1209452E+01
  -0.3886885E+01      0.1460601E+01
  -0.3862818E+01      0.2388985E+01
  -0.3838750E+01      0.1993172E+01
  -0.3814683E+01      0.2171419E+01
  -0.3790615E+01      0.2039767E+01
  -0.3766548E+01      0.1981776E+01
  -0.3742481E+01      0.1511240E+01
  -0.3718413E+01      0.1116371E+01
  -0.3694346E+01      0.1045969E+01
  -0.3670278E+01      0.9739054E+00
  -0.3646211E+01      0.9200366E+00
  -0.3622144E+01      0.1002333E+01
  -0.3598076E+01      0.1238300E+01
  -0.3574009E+01      0.1452621E+01
  -0.3549941E+01      0.1668244E+01
  -0.3525874E+01      0.1676488E+01
  -0.3501807E+01      0.1565330E+01
  -0.3477739E+01      0.1703262E+01
  -0.3453672E+01      0.1951524E+01
  -0.3429604E+01      0.1619252E+01
  -0.3405537E+01      0.1837978E+01
  -0.3381470E+01      0.1237805E+01
  -0.3357402E+01      0.1177162E+01
  -0.3333335E+01      0.1235839E+01
  -0.3309267E+01      0.1276596E+01
  -0.3285200E+01      0.1536695E+01
  -0.3261133E+01      0.1590361E+01
  -0.3237065E+01      0.1788434E+01
  -0.3212998E+01      0.2048548E+01
  -0.3188930E+01      0.2418165E+01
  -0.3164863E+01      0.2374282E+01
  -0.3140796E+01      0.2046646E+01
  -0.3116728E+01      0.1492829E+01
  -0.3092661E+01      0.3453215E+01
  -0.3068593E+01      0.2054292E+01
  -0.3044526E+01      0.2169089E+01
  -0.3020459E+01      0.1627929E+01
  -0.2996391E+01      0.1854176E+01
  -0.2972324E+01      0.1774371E+01
  -0.2948256E+01      0.2093846E+01
  -0.2924189E+01      0.1507505E+01
  -0.2900122E+01      0.1446431E+01
  -0.2876054E+01      0.1425786E+01
  -0.2851987E+01      0.1419208E+01
  -0.2827919E+01      0.1420404E+01
  -0.2803852E+01      0.1463816E+01
  -0.2779785E+01      0.1443240E+01
  -0.2755717E+01      0.1423970E+01
  -0.2731650E+01      0.1625538E+01
  -0.2707582E+01      0.2009592E+01
  -0.2683515E+01      0.1705075E+01
  -0.2659448E+01      0.1917611E+01
  -0.2635380E+01      0.1322788E+01
  -0.2611313E+01      0.1040233E+01
  -0.2587245E+01      0.8698237E+00
  -0.2563178E+01      0.9388268E+00
  -0.2539111E+01      0.1143953E+01
  -0.2515043E+01      0.2017758E+01
  -0.2490976E+01      0.2192492E+01
  -0.2466908E+01      0.1835383E+01
  -0.2442841E+01      0.1642464E+01
  -0.2418774E+01      0.1495647E+01
  -0.2394706E+01      0.1596442E+01
  -0.2370639E+01      0.1450142E+01
  -0.2346571E+01      0.1526236E+01
  -0.2322504E+01      0.2025105E+01
  -0.2298437E+01      0.2406991E+01
  -0.2274369E+01      0.2148559E+01
  -0.2250302E+01      0.1934719E+01
  -0.2226234E+01      0.1879313E+01
  -0.2202167E+01      0.2083062E+01
  -0.2178100E+01      0.1824592E+01
  -0.2154032E+01      0.1872224E+01
  -0.2129965E+01      0.1831830E+01
  -0.2105897E+01      0.1922567E+01
  -0.2081830E+01      0.1482908E+01
  -0.2057763E+01      0.1401850E+01
  -0.2033695E+01      0.1437472E+01
  -0.2009628E+01      0.1708215E+01
  -0.1985560E+01      0.1599398E+01
  -0.1961493E+01      0.1679865E+01
  -0.1937426E+01      0.2057615E+01
  -0.1913358E+01      0.2807857E+01
  -0.1889291E+01      0.2913215E+01
  -0.1865223E+01      0.2192165E+01
  -0.1841156E+01      0.1989707E+01
  -0.1817089E+01      0.1908360E+01
  -0.1793021E+01      0.1555371E+01
  -0.1768954E+01      0.2408273E+01
  -0.1744886E+01      0.1328606E+01
  -0.1720819E+01      0.1239370E+01
  -0.1696752E+01      0.6421342E+00
  -0.1672684E+01      0.5296721E+00
  -0.1648617E+01      0.5136554E+00
  -0.1624549E+01      0.5958107E+00
  -0.1600482E+01      0.7456321E+00
  -0.1576415E+01      0.1183269E+01
  -0.1552347E+01      0.3473936E+00
  -0.1528280E+01      0.2984121E+00
  -0.1504212E+01      0.3221220E+00
  -0.1480145E+01      0.3591758E+00
  -0.1456078E+01      0.5023762E+00
  -0.1432010E+01      0.5720265E+00
  -0.1407943E+01      0.3614028E+00
  -0.1383875E+01      0.3068107E+00
  -0.1359808E+01      0.2481113E+00
  -0.1335741E+01      0.2220744E+00
  -0.1311673E+01      0.2085803E+00
  -0.1287606E+01      0.2007443E+00
  -0.1263538E+01      0.1959812E+00
  -0.1239471E+01      0.1930564E+00
  -0.1215404E+01      0.1913784E+00
  -0.1191336E+01      0.1943696E+00
  -0.1167269E+01      0.2164587E+00
  -0.1143201E+01      0.4672390E+00
  -0.1119134E+01      0.5790381E+00
  -0.1095067E+01      0.6226911E+00
  -0.1070999E+01      0.6695703E+00
  -0.1046932E+01      0.6164335E+00
  -0.1022864E+01      0.2373010E+00
  -0.9987971E+00      0.2386618E+00
  -0.9747297E+00      0.2366646E+00
  -0.9506623E+00      0.2356790E+00
  -0.9265949E+00      0.2367592E+00
  -0.9025275E+00      0.2386110E+00
  -0.8784601E+00      0.2397540E+00
  -0.8543927E+00      0.2397075E+00
  -0.8303253E+00      0.2394783E+00
  -0.8062579E+00      0.2420902E+00
  -0.7821905E+00      0.2534144E+00
  -0.7581231E+00      0.4123394E+00
  -0.7340557E+00      0.4962162E+00
  -0.7099883E+00      0.6191072E+00
  -0.6859209E+00      0.3466737E+00
  -0.6618535E+00      0.2898425E+00
  -0.6377861E+00      0.2711927E+00
  -0.6137187E+00      0.2848236E+00
  -0.5896513E+00      0.2854155E+00
  -0.5655839E+00      0.2796272E+00
  -0.5415165E+00      0.2706637E+00
  -0.5174491E+00      0.2608314E+00
  -0.4933817E+00      0.2523601E+00
  -0.4693143E+00      0.2476706E+00
  -0.4452469E+00      0.2497326E+00
  -0.4211795E+00      0.2614125E+00
  -0.3971121E+00      0.2847294E+00
  -0.3730447E+00      0.3309492E+00
  -0.3489773E+00      0.3649318E+00
  -0.3249099E+00      0.3628070E+00
  -0.3008425E+00      0.3179354E+00
  -0.2767751E+00      0.1218812E+01
  -0.2527077E+00      0.2047892E+00
  -0.2286403E+00      0.2044117E+00
  -0.2045729E+00      0.2049289E+00
  -0.1805055E+00      0.2055890E+00
  -0.1564381E+00      0.2064179E+00
  -0.1323707E+00      0.2076223E+00
  -0.1083033E+00      0.3429243E+00
  -0.8423590E-01      0.4782397E+00
  -0.6016850E-01      0.4168574E+00
  -0.3610110E-01      0.3401301E+00
  -0.1203370E-01      0.2803485E+00
   0.1203370E-01      0.2432233E+00
   0.3610110E-01      0.2261684E+00
   0.6016850E-01      0.2241970E+00
   0.8423590E-01      0.2322752E+00
   0.1083033E+00      0.2462872E+00
   0.1323707E+00      0.2633768E+00
   0.1564381E+00      0.2818668E+00
   0.1805055E+00      0.2983572E+00
   0.2045729E+00      0.6549577E+00
   0.2286403E+00      0.4686723E+00
   0.2527077E+00      0.2445922E+00
   0.2767751E+00      0.2358652E+00
   0.3008425E+00      0.2260779E+00
   0.3249099E+00      0.2156918E+00
   0.3489773E+00      0.2062232E+00
   0.3730447E+00      0.1985758E+00
   0.3971121E+00      0.1921611E+00
   0.4211795E+00      0.1863675E+00
   0.4452469E+00      0.1812713E+00
   0.4693143E+00      0.1771505E+00
   0.4933817E+00      0.1742587E+00
   0.5174491E+00      0.1967454E+00
   0.5415165E+00      0.2131400E+00
   0.5655839E+00      0.2191240E+00
   0.5896513E+00      0.2214150E+00
   0.6137187E+00      0.2221331E+00
   0.6377861E+00      0.2224701E+00
   0.6618535E+00      0.2229905E+00
   0.6859209E+00      0.2237129E+00
   0.7099883E+00      0.2244404E+00
   0.7340557E+00      0.2250495E+00
   0.7581231E+00      0.2550531E+00
   0.7821905E+00      0.6416794E+00
   0.8062579E+00      0.6121339E+00
   0.8303253E+00      0.5444874E+00
   0.8543927E+00      0.4796788E+00
   0.8784601E+00      0.3657269E+00
   0.9025275E+00      0.2656463E+00
   0.9265949E+00      0.2631737E+00
   0.9506623E+00      0.2725501E+00
   0.9747297E+00      0.2900575E+00
   0.9987971E+00      0.3115322E+00
   0.1022864E+01      0.3326342E+00
   0.1046932E+01      0.3488595E+00
   0.1070999E+01      0.3665584E+00
   0.1095067E+01      0.3600940E+00
   0.1119134E+01      0.3493957E+00
   0.1143201E+01      0.3041717E+00
   0.1167269E+01      0.2381993E+00
   0.1191336E+01      0.2393233E+00
   0.1215404E+01      0.2395724E+00
   0.1239471E+01      0.2395388E+00
   0.1263538E+01      0.3558358E+00
   0.1287606E+01      0.3993517E+00
   0.1311673E+01      0.3878503E+00
   0.1335741E+01      0.3591045E+00
   0.1359808E+01      0.3264653E+00
   0.1383875E+01      0.2949009E+00
   0.1407943E+01      0.2682505E+00
   0.1432010E+01      0.2486622E+00
   0.1456078E+01      0.2350612E+00
   0.1480145E+01      0.2261227E+00
   0.1504212E+01      0.2206524E+00
   0.1528280E+01      0.2174200E+00
   0.1552347E+01      0.2151107E+00
   0.1576415E+01      0.2122686E+00
   0.1600482E+01      0.2070782E+00
   0.1624549E+01      0.1963843E+00
   0.1648617E+01      0.1607783E+00
   0.1672684E+01      0.1554078E+00
   0.1696752E+01      0.1521667E+00
   0.1720819E+01      0.1507700E+00
   0.1744886E+01      0.1530143E+00
   0.1768954E+01      0.1634992E+00
   0.1793021E+01      0.1777718E+00
   0.1817089E+01      0.1601504E+00
   0.1841156E+01      0.1408951E+00
   0.1865223E+01      0.1321599E+00
   0.1889291E+01      0.1279805E+00
   0.1913358E+01      0.1258864E+00
   0.1937426E+01      0.1250035E+00
   0.1961493E+01      0.1249942E+00
   0.1985560E+01      0.1258573E+00
   0.2009628E+01      0.1555469E+00
   0.2033695E+01      0.1654555E+00
   0.2057763E+01      0.1713558E+00
   0.2081830E+01      0.1752829E+00
   0.2105897E+01      0.1780946E+00
   0.2129965E+01      0.1803643E+00
   0.2154032E+01      0.1816834E+00
   0.2178100E+01      0.2417889E+00
   0.2202167E+01      0.2645865E+00
   0.2226234E+01      0.2700735E+00
   0.2250302E+01      0.2679644E+00
   0.2274369E+01      0.2616191E+00
   0.2298437E+01      0.2524777E+00
   0.2322504E+01      0.3692515E+00
   0.2346571E+01      0.3501358E+00
   0.2370639E+01      0.3313213E+00
   0.2394706E+01      0.3146917E+00
   0.2418774E+01      0.2595660E+00
   0.2442841E+01      0.2316744E+00
   0.2466908E+01      0.2339589E+00
   0.2490976E+01      0.2302492E+00
   0.2515043E+01      0.2244628E+00
   0.2539111E+01      0.2181356E+00
   0.2563178E+01      0.2120169E+00
   0.2587245E+01      0.2064743E+00
   0.2611313E+01      0.2015960E+00
   0.2635380E+01      0.1966708E+00
   0.2659448E+01      0.1937040E+00
   0.2683515E+01      0.1944671E+00
   0.2707582E+01      0.2036417E+00
   0.2731650E+01      0.2294041E+00
   0.2755717E+01      0.2149240E+00
   0.2779785E+01      0.2018277E+00
   0.2803852E+01      0.2037700E+00
   0.2827919E+01      0.1974635E+00
   0.2851987E+01      0.1990228E+00
   0.2876054E+01      0.2131475E+00
   0.2900122E+01      0.2241435E+00
   0.2924189E+01      0.2186239E+00
   0.2948256E+01      0.2145446E+00
   0.2972324E+01      0.1999738E+00
   0.2996391E+01      0.1995924E+00
   0.3020459E+01      0.2056095E+00
   0.3044526E+01      0.2126561E+00
   0.3068593E+01      0.2170308E+00
   0.3092661E+01      0.2151031E+00
   0.3116728E+01      0.2082595E+00
   0.3140796E+01      0.2014841E+00
   0.3164863E+01      0.2301167E+00
   0.3188930E+01      0.2447959E+00
   0.3212998E+01      0.2566159E+00
   0.3237065E+01      0.3165836E+00
   0.3261133E+01      0.3769447E+00
   0.3285200E+01      0.3613422E+00
   0.3309267E+01      0.3594782E+00
   0.3333335E+01      0.3532516E+00
   0.3357402E+01      0.3449135E+00
   0.3381470E+01      0.3363130E+00
   0.3405537E+01      0.3384786E+00
   0.3429604E+01      0.3333204E+00
   0.3453672E+01      0.3254151E+00
   0.3477739E+01      0.3201872E+00
   0.3501807E+01      0.3173650E+00
   0.3525874E+01      0.3149141E+00
   0.3549941E+01      0.3263256E+00
   0.3574009E+01      0.3574617E+00
   0.3598076E+01      0.3652403E+00
   0.3622144E+01      0.3739945E+00
   0.3646211E+01      0.3895396E+00
   0.3670278E+01      0.3661664E+00
   0.3694346E+01      0.3513792E+00
   0.3718413E+01      0.3457682E+00
   0.3742481E+01      0.3412185E+00
   0.3766548E+01      0.3074859E+00
   0.3790615E+01      0.2996546E+00
   0.3814683E+01      0.2958950E+00
   0.3838750E+01      0.3793228E+00
   0.3862818E+01      0.6096200E+00
   0.3886885E+01      0.6059995E+00
   0.3910952E+01      0.5905647E+00
   0.3935020E+01      0.5805395E+00
   0.3959087E+01      0.3668986E+00
   0.3983155E+01      0.2618859E+00
   0.4007222E+01      0.2546178E+00
   0.4031289E+01      0.2510016E+00
   0.4055357E+01      0.2538573E+00
   0.4079424E+01      0.2923498E+00
   0.4103492E+01      0.2875970E+00
   0.4127559E+01      0.2827444E+00
   0.4151626E+01      0.3234911E+00
   0.4175694E+01      0.3357542E+00
   0.4199761E+01      0.3377988E+00
   0.4223829E+01      0.3352410E+00
   0.4247896E+01      0.3304288E+00
   0.4271963E+01      0.3248595E+00
   0.4296031E+01      0.3199538E+00
   0.4320098E+01      0.3185564E+00
   0.4344166E+01      0.3500903E+00
   0.4368233E+01      0.3093968E+00
   0.4392300E+01      0.2829657E+00
   0.4416368E+01      0.2703029E+00
   0.4440435E+01      0.2611314E+00
   0.4464503E+01      0.2544762E+00
   0.4488570E+01      0.2522399E+00
   0.4512637E+01      0.2735374E+00
   0.4536705E+01      0.2721194E+00
   0.4560772E+01      0.2724255E+00
   0.4584840E+01      0.2748781E+00
   0.4608907E+01      0.2799167E+00
   0.4632974E+01      0.2894701E+00
   0.4657042E+01      0.3019988E+00
   0.4681109E+01      0.2766101E+00
   0.4705177E+01      0.2910929E+00
   0.4729244E+01      0.3276290E+00
   0.4753311E+01      0.2338853E+00
   0.4777379E+01      0.2282633E+00
   0.4801446E+01      0.2270013E+00
   0.4825514E+01      0.2271237E+00
   0.4849581E+01      0.2281203E+00
   0.4873648E+01      0.2301894E+00
   0.4897716E+01      0.2344539E+00
   0.4921783E+01      0.2140658E+00
   0.4945851E+01      0.2073798E+00
   0.4969918E+01      0.2047120E+00
   0.4993985E+01      0.2050490E+00
   0.5018053E+01      0.2141546E+00
   0.5042120E+01      0.2573879E+00
   0.5066188E+01      0.2412956E+00
   0.5090255E+01      0.2382045E+00
   0.5114322E+01      0.2399527E+00
   0.5138390E+01      0.2512180E+00
   0.5162457E+01      0.3372542E+00
   0.5186525E+01      0.3144268E+00
   0.5210592E+01      0.3010021E+00
   0.5234659E+01      0.2966128E+00
   0.5258727E+01      0.2946192E+00
   0.5282794E+01      0.2937423E+00
   0.5306862E+01      0.2935846E+00
   0.5330929E+01      0.2939856E+00
   0.5354996E+01      0.2948396E+00
   0.5379064E+01      0.2960265E+00
   0.5403131E+01      0.4525993E+00
   0.5427199E+01      0.4551766E+00
   0.5451266E+01      0.4573983E+00
   0.5475333E+01      0.4591286E+00
   0.5499401E+01      0.3882318E+00
   0.5523468E+01      0.3022499E+00
   0.5547536E+01      0.3035861E+00
   0.5571603E+01      0.3072451E+00
   0.5595670E+01      0.3194677E+00
   0.5619738E+01      0.3293220E+00
   0.5643805E+01      0.2705728E+00
   0.5667873E+01      0.2652889E+00
   0.5691940E+01      0.2613738E+00
   0.5716007E+01      0.2582467E+00
   0.5740075E+01      0.2559101E+00
   0.5764142E+01      0.2544702E+00
   0.5788210E+01      0.2540597E+00
   0.5812277E+01      0.2547299E+00
   0.5836344E+01      0.2552933E+00
   0.5860412E+01      0.2234404E+00
   0.5884479E+01      0.2250043E+00
   0.5908547E+01      0.2370893E+00
   0.5932614E+01      0.3678948E+00
   0.5956681E+01      0.3145299E+00
   0.5980749E+01      0.3106414E+00
   0.6004816E+01      0.2589136E+00
   0.6028884E+01      0.2446727E+00
   0.6052951E+01      0.2366946E+00
   0.6077018E+01      0.2322106E+00
   0.6101086E+01      0.2299624E+00
   0.6125153E+01      0.2295479E+00
   0.6149221E+01      0.2316081E+00
   0.6173288E+01      0.2345587E+00
   0.6197355E+01      0.2465679E+00
   0.6221423E+01      0.3351085E+00
   0.6245490E+01      0.2742708E+00
   0.6269558E+01      0.2762697E+00
   0.6293625E+01      0.2786884E+00
   0.6317692E+01      0.2821752E+00
   0.6341760E+01      0.2860943E+00
   0.6365827E+01      0.2902637E+00
   0.6389895E+01      0.3027905E+00
   0.6413962E+01      0.3109889E+00
   0.6438029E+01      0.3178135E+00
   0.6462097E+01      0.3227361E+00
   0.6486164E+01      0.3119483E+00
   0.6510232E+01      0.3159898E+00
   0.6534299E+01      0.3214786E+00
   0.6558366E+01      0.3259276E+00
   0.6582434E+01      0.3284169E+00
   0.6606501E+01      0.3285632E+00
   0.6630569E+01      0.3263050E+00
   0.6654636E+01      0.3215802E+00
   0.6678703E+01      0.3131332E+00
   0.6702771E+01      0.2996948E+00
   0.6726838E+01      0.2926299E+00
   0.6750906E+01      0.2857854E+00
   0.6774973E+01      0.2792066E+00
   0.6799040E+01      0.2729646E+00
   0.6823108E+01      0.2671297E+00
   0.6847175E+01      0.2599962E+00
   0.6871243E+01      0.2370327E+00
   0.6895310E+01      0.2324272E+00
   0.6919377E+01      0.2292069E+00
   0.6943445E+01      0.3358172E+00
   0.6967512E+01      0.3331080E+00
   0.6991580E+01      0.3314788E+00
   0.7015647E+01      0.3305849E+00
   0.7039714E+01      0.2758680E+00
   0.7063782E+01      0.2227505E+00
   0.7087849E+01      0.2229368E+00
   0.7111917E+01      0.2234925E+00
   0.7135984E+01      0.2244595E+00
   0.7160051E+01      0.2258715E+00
   0.7184119E+01      0.2277391E+00
   0.7208186E+01      0.2300445E+00
   0.7232254E+01      0.2327380E+00
   0.7256321E+01      0.2357309E+00
   0.7280388E+01      0.2388660E+00
   0.7304456E+01      0.2418915E+00
   0.7328523E+01      0.2438737E+00
   0.7352591E+01      0.2379429E+00
   0.7376658E+01      0.2404743E+00
   0.7400725E+01      0.2440729E+00
   0.7424793E+01      0.2479929E+00
   0.7448860E+01      0.2520407E+00
   0.7472928E+01      0.2561223E+00
   0.7496995E+01      0.2601770E+00
   0.7521062E+01      0.2641573E+00
   0.7545130E+01      0.2680179E+00
   0.7569197E+01      0.2717104E+00
   0.7593265E+01      0.2752581E+00
   0.7617332E+01      0.2802530E+00
   0.7641399E+01      0.2907179E+00
   0.7665467E+01      0.2924779E+00
   0.7689534E+01      0.3030432E+00
   0.7713602E+01      0.3060010E+00
   0.7737669E+01      0.3079932E+00
   0.7761736E+01      0.3101492E+00
   0.7785804E+01      0.3123331E+00
   0.7809871E+01      0.3142260E+00
   0.7833939E+01      0.3156763E+00
   0.7858006E+01      0.3166958E+00
   0.7882073E+01      0.3219922E+00
   0.7906141E+01      0.3247864E+00
   0.7930208E+01      0.3262029E+00
   0.7954276E+01      0.3274685E+00
   0.7978343E+01      0.3288079E+00
   0.8002410E+01      0.3304696E+00
   0.8026478E+01      0.3325047E+00
   0.8050545E+01      0.3343794E+00
   0.8074613E+01      0.3348702E+00
   0.8098680E+01      0.3351043E+00
   0.8122747E+01      0.3381302E+00
   0.8146815E+01      0.3427282E+00
   0.8170882E+01      0.3465893E+00
   0.8194950E+01      0.3473665E+00
   0.8219017E+01      0.3352509E+00
   0.8243084E+01      0.3319515E+00
   0.8267152E+01      0.3286854E+00
   0.8291219E+01      0.3246544E+00
   0.8315287E+01      0.3198412E+00
   0.8339354E+01      0.3144124E+00
   0.8363421E+01      0.3119357E+00
   0.8387489E+01      0.3096160E+00
   0.8411556E+01      0.3135643E+00
   0.8435624E+01      0.3139686E+00
   0.8459691E+01      0.3139740E+00
   0.8483758E+01      0.4694241E+00
   0.8507826E+01      0.4662067E+00
   0.8531893E+01      0.4684607E+00
   0.8555961E+01      0.4704691E+00
   0.8580028E+01      0.3961051E+00
   0.8604095E+01      0.3255868E+00
   0.8628163E+01      0.3306850E+00
   0.8652230E+01      0.3367063E+00
   0.8676298E+01      0.3435195E+00
   0.8700365E+01      0.3569970E+00
   0.8724432E+01      0.3732690E+00
   0.8748500E+01      0.3865170E+00
   0.8772567E+01      0.5240166E+00
   0.8796635E+01      0.5608017E+00
   0.8820702E+01      0.5715056E+00
   0.8844769E+01      0.5715595E+00
   0.8868837E+01      0.5662167E+00
   0.8892904E+01      0.5578146E+00
   0.8916972E+01      0.5476769E+00
   0.8941039E+01      0.5369366E+00
   0.8965106E+01      0.5300341E+00
   0.8989174E+01      0.5263936E+00
   0.9013241E+01      0.5229501E+00
   0.9037309E+01      0.4084013E+00
   0.9061376E+01      0.3979736E+00
   0.9085443E+01      0.3927665E+00
   0.9109511E+01      0.3990539E+00
   0.9133578E+01      0.4110553E+00
   0.9157646E+01      0.4294593E+00
   0.9181713E+01      0.4537019E+00
   0.9205780E+01      0.4818260E+00
   0.9229848E+01      0.5095447E+00
   0.9253915E+01      0.5279657E+00
   0.9277983E+01      0.5160389E+00
   0.9302050E+01      0.3471273E+00
   0.9326117E+01      0.3475657E+00
   0.9350185E+01      0.3624412E+00
   0.9374252E+01      0.3792475E+00
   0.9398320E+01      0.3978441E+00
   0.9422387E+01      0.4040617E+00
   0.9446454E+01      0.3957534E+00
   0.9470522E+01      0.3886060E+00
   0.9494589E+01      0.3906755E+00
   0.9518657E+01      0.4034814E+00
   0.9542724E+01      0.4119090E+00
   0.9566791E+01      0.4790884E+00
   0.9590859E+01      0.5253169E+00
   0.9614926E+01      0.5575872E+00
   0.9638994E+01      0.5826134E+00
   0.9663061E+01      0.6009195E+00
   0.9687128E+01      0.6114180E+00
   0.9711196E+01      0.5947713E+00
   0.9735263E+01      0.6184599E+00
   0.9759331E+01      0.6080230E+00
   0.9783398E+01      0.5925621E+00
   0.9807465E+01      0.5819610E+00
   0.9831533E+01      0.5778807E+00
   0.9855600E+01      0.5775982E+00
   0.9879668E+01      0.5808051E+00
   0.9903735E+01      0.5848541E+00
   0.9927802E+01      0.5910296E+00
   0.9951870E+01      0.6079166E+00
   0.9975937E+01      0.6217028E+00
   0.1000000E+02      0.6319905E+00
 &
 @autoscale
 @target G3.S0
