 @target G3.S0
 @type xy
  -0.1000000E+02     -0.2972732E-13
  -0.9975937E+01      0.1725615E-13
  -0.9951870E+01      0.1792079E-13
  -0.9927802E+01      0.4129794E-13
  -0.9903735E+01     -0.2868428E-14
  -0.9879668E+01      0.3198176E-14
  -0.9855600E+01      0.3919305E-14
  -0.9831533E+01     -0.5382409E-14
  -0.9807465E+01      0.9868175E-14
  -0.9783398E+01      0.1442418E-13
  -0.9759331E+01      0.4525989E-13
  -0.9735263E+01     -0.9767534E-14
  -0.9711196E+01     -0.3604638E-14
  -0.9687128E+01      0.2568489E-13
  -0.9663061E+01     -0.1063555E-13
  -0.9638994E+01     -0.1821636E-13
  -0.9614926E+01     -0.4863671E-13
  -0.9590859E+01     -0.6477746E-13
  -0.9566791E+01      0.7849015E-13
  -0.9542724E+01      0.1322919E-13
  -0.9518657E+01     -0.9024839E-14
  -0.9494589E+01      0.2973506E-14
  -0.9470522E+01      0.8171609E-13
  -0.9446454E+01     -0.3786481E-13
  -0.9422387E+01     -0.3842077E-13
  -0.9398320E+01     -0.4773197E-13
  -0.9374252E+01      0.6384135E-14
  -0.9350185E+01      0.5506835E-14
  -0.9326117E+01      0.6083860E-14
  -0.9302050E+01     -0.4055188E-13
  -0.9277983E+01     -0.2294130E-12
  -0.9253915E+01     -0.2556217E-12
  -0.9229848E+01      0.1657730E-12
  -0.9205780E+01     -0.3680063E-12
  -0.9181713E+01      0.4455939E-12
  -0.9157646E+01     -0.1435618E-11
  -0.9133578E+01      0.2141040E+01
  -0.9109511E+01      0.1129734E+01
  -0.9085443E+01      0.3013095E+01
  -0.9061376E+01      0.2266916E+01
  -0.9037309E+01      0.1930298E+01
  -0.9013241E+01      0.1745504E+01
  -0.8989174E+01      0.1663846E+01
  -0.8965106E+01      0.1789474E+01
  -0.8941039E+01      0.1049324E+01
  -0.8916972E+01      0.9850391E+00
  -0.8892904E+01      0.9315608E+00
  -0.8868837E+01      0.1858603E+01
  -0.8844769E+01      0.1539233E+01
  -0.8820702E+01      0.1382555E+01
  -0.8796635E+01      0.1280179E+01
  -0.8772567E+01      0.1204549E+01
  -0.8748500E+01      0.1144787E+01
  -0.8724432E+01      0.1095541E+01
  -0.8700365E+01      0.1053781E+01
  -0.8676298E+01      0.1017623E+01
  -0.8652230E+01      0.9858148E+00
  -0.8628163E+01      0.9574793E+00
  -0.8604095E+01      0.9319785E+00
  -0.8580028E+01      0.9088334E+00
  -0.8555961E+01      0.8876755E+00
  -0.8531893E+01      0.8682160E+00
  -0.8507826E+01      0.8502304E+00
  -0.8483758E+01      0.8335128E+00
  -0.8459691E+01      0.8179310E+00
  -0.8435624E+01      0.8033529E+00
  -0.8411556E+01      0.7896737E+00
  -0.8387489E+01      0.7768056E+00
  -0.8363421E+01      0.7646745E+00
  -0.8339354E+01      0.7532171E+00
  -0.8315287E+01      0.7423791E+00
  -0.8291219E+01      0.7321138E+00
  -0.8267152E+01      0.7223806E+00
  -0.8243084E+01      0.7131425E+00
  -0.8219017E+01      0.1084761E+02
  -0.8194950E+01      0.2685226E+01
  -0.8170882E+01      0.2111876E+01
  -0.8146815E+01      0.1849902E+01
  -0.8122747E+01      0.1690479E+01
  -0.8098680E+01      0.1579749E+01
  -0.8074613E+01      0.1496696E+01
  -0.8050545E+01      0.1431199E+01
  -0.8026478E+01      0.1377700E+01
  -0.8002410E+01      0.1332858E+01
  -0.7978343E+01      0.5087340E+01
  -0.7954276E+01      0.3188179E+01
  -0.7930208E+01      0.2697870E+01
  -0.7906141E+01      0.2439359E+01
  -0.7882073E+01      0.2270551E+01
  -0.7858006E+01      0.2148008E+01
  -0.7833939E+01      0.2053293E+01
  -0.7809871E+01      0.1977027E+01
  -0.7785804E+01      0.1913842E+01
  -0.7761736E+01      0.1860402E+01
  -0.7737669E+01      0.1814504E+01
  -0.7713602E+01      0.1774619E+01
  -0.7689534E+01      0.1739647E+01
  -0.7665467E+01      0.1708772E+01
  -0.7641399E+01      0.1681373E+01
  -0.7617332E+01      0.1656964E+01
  -0.7593265E+01      0.1635159E+01
  -0.7569197E+01      0.1615649E+01
  -0.7545130E+01      0.1598180E+01
  -0.7521062E+01      0.1582539E+01
  -0.7496995E+01      0.1568549E+01
  -0.7472928E+01      0.1556059E+01
  -0.7448860E+01      0.1544938E+01
  -0.7424793E+01      0.1535074E+01
  -0.7400725E+01      0.1526368E+01
  -0.7376658E+01      0.1518735E+01
  -0.7352591E+01      0.1512096E+01
  -0.7328523E+01      0.9122474E+01
  -0.7304456E+01      0.3629785E+01
  -0.7280388E+01      0.3039778E+01
  -0.7256321E+01      0.2768345E+01
  -0.7232254E+01      0.2604579E+01
  -0.7208186E+01      0.2492610E+01
  -0.7184119E+01      0.2410382E+01
  -0.7160051E+01      0.2347208E+01
  -0.7135984E+01      0.4830623E+01
  -0.7111917E+01      0.6880730E+01
  -0.7087849E+01      0.5619190E+01
  -0.7063782E+01      0.5074562E+01
  -0.7039714E+01      0.4762561E+01
  -0.7015647E+01      0.4544728E+01
  -0.6991580E+01      0.4359900E+01
  -0.6967512E+01      0.4190281E+01
  -0.6943445E+01      0.4040561E+01
  -0.6919377E+01      0.8217386E+01
  -0.6895310E+01      0.1167086E+02
  -0.6871243E+01      0.1656684E+02
  -0.6847175E+01      0.1264816E+02
  -0.6823108E+01      0.1099409E+02
  -0.6799040E+01      0.1001358E+02
  -0.6774973E+01      0.1618005E+02
  -0.6750906E+01      0.1323743E+02
  -0.6726838E+01      0.1196575E+02
  -0.6702771E+01      0.1515447E+02
  -0.6678703E+01      0.1782420E+02
  -0.6654636E+01      0.1558104E+02
  -0.6630569E+01      0.1449944E+02
  -0.6606501E+01      0.1713805E+02
  -0.6582434E+01      0.1537100E+02
  -0.6558366E+01      0.1476025E+02
  -0.6534299E+01      0.4057934E+02
  -0.6510232E+01      0.2932126E+02
  -0.6486164E+01      0.2187644E+02
  -0.6462097E+01      0.3012919E+02
  -0.6438029E+01      0.2355815E+02
  -0.6413962E+01      0.2231152E+02
  -0.6389895E+01      0.1964227E+02
  -0.6365827E+01      0.2379659E+02
  -0.6341760E+01      0.2209919E+02
  -0.6317692E+01      0.3214386E+02
  -0.6293625E+01      0.2079303E+02
  -0.6269558E+01      0.2287311E+02
  -0.6245490E+01      0.2631046E+02
  -0.6221423E+01      0.2353015E+02
  -0.6197355E+01      0.2108963E+02
  -0.6173288E+01      0.1993585E+02
  -0.6149221E+01      0.2290907E+02
  -0.6125153E+01      0.2114454E+02
  -0.6101086E+01      0.1866039E+02
  -0.6077018E+01      0.1816345E+02
  -0.6052951E+01      0.2011912E+02
  -0.6028884E+01      0.1908384E+02
  -0.6004816E+01      0.1902319E+02
  -0.5980749E+01      0.1840238E+02
  -0.5956681E+01      0.6561492E+02
  -0.5932614E+01      0.4341862E+02
  -0.5908547E+01      0.2542928E+02
  -0.5884479E+01      0.2347164E+02
  -0.5860412E+01      0.2385833E+02
  -0.5836344E+01      0.1963045E+02
  -0.5812277E+01      0.2453457E+02
  -0.5788210E+01      0.2058057E+02
  -0.5764142E+01      0.1880608E+02
  -0.5740075E+01      0.1891564E+02
  -0.5716007E+01      0.1951912E+02
  -0.5691940E+01      0.2160555E+02
  -0.5667873E+01      0.4211183E+02
  -0.5643805E+01      0.2520984E+02
  -0.5619738E+01      0.2818095E+02
  -0.5595670E+01      0.2421025E+02
  -0.5571603E+01      0.3470550E+02
  -0.5547536E+01      0.2945127E+02
  -0.5523468E+01      0.3232036E+02
  -0.5499401E+01      0.2684265E+02
  -0.5475333E+01      0.2114246E+02
  -0.5451266E+01      0.2907601E+02
  -0.5427199E+01      0.1606713E+02
  -0.5403131E+01      0.1357608E+02
  -0.5379064E+01      0.2099695E+02
  -0.5354996E+01      0.1782864E+02
  -0.5330929E+01      0.1713085E+02
  -0.5306862E+01      0.2662649E+02
  -0.5282794E+01      0.2546962E+02
  -0.5258727E+01      0.1823813E+02
  -0.5234659E+01      0.2005310E+02
  -0.5210592E+01      0.2135395E+02
  -0.5186525E+01      0.2005886E+02
  -0.5162457E+01      0.2020001E+02
  -0.5138390E+01      0.2935208E+02
  -0.5114322E+01      0.2635485E+02
  -0.5090255E+01      0.3459667E+02
  -0.5066188E+01      0.2345615E+02
  -0.5042120E+01      0.2583638E+02
  -0.5018053E+01      0.7200903E+02
  -0.4993985E+01      0.1089125E+03
  -0.4969918E+01      0.4899292E+02
  -0.4945851E+01      0.2451261E+02
  -0.4921783E+01      0.3643395E+02
  -0.4897716E+01      0.2612390E+02
  -0.4873648E+01      0.2725532E+02
  -0.4849581E+01      0.2194198E+02
  -0.4825514E+01      0.2190761E+02
  -0.4801446E+01      0.2237870E+02
  -0.4777379E+01      0.2954721E+02
  -0.4753311E+01      0.3275771E+02
  -0.4729244E+01      0.2615637E+02
  -0.4705177E+01      0.5120219E+02
  -0.4681109E+01      0.3043546E+02
  -0.4657042E+01      0.3194692E+02
  -0.4632974E+01      0.4538461E+02
  -0.4608907E+01      0.6395845E+02
  -0.4584840E+01      0.5040763E+02
  -0.4560772E+01      0.4520016E+02
  -0.4536705E+01      0.2773994E+02
  -0.4512637E+01      0.2925382E+02
  -0.4488570E+01      0.2960969E+02
  -0.4464503E+01      0.4007527E+02
  -0.4440435E+01      0.2995076E+02
  -0.4416368E+01      0.3692309E+02
  -0.4392300E+01      0.2936657E+02
  -0.4368233E+01      0.3138020E+02
  -0.4344166E+01      0.2825874E+02
  -0.4320098E+01      0.5280184E+02
  -0.4296031E+01      0.4344772E+02
  -0.4271963E+01      0.3904672E+02
  -0.4247896E+01      0.3580277E+02
  -0.4223829E+01      0.3651212E+02
  -0.4199761E+01      0.3688953E+02
  -0.4175694E+01      0.5507538E+02
  -0.4151626E+01      0.6268948E+02
  -0.4127559E+01      0.3882164E+02
  -0.4103492E+01      0.3612011E+02
  -0.4079424E+01      0.3083645E+02
  -0.4055357E+01      0.5270549E+02
  -0.4031289E+01      0.3777933E+02
  -0.4007222E+01      0.2326147E+02
  -0.3983155E+01      0.2255321E+02
  -0.3959087E+01      0.3024917E+02
  -0.3935020E+01      0.3217732E+02
  -0.3910952E+01      0.2378978E+02
  -0.3886885E+01      0.2922360E+02
  -0.3862818E+01      0.4964620E+02
  -0.3838750E+01      0.2456331E+02
  -0.3814683E+01      0.2745856E+02
  -0.3790615E+01      0.2436043E+02
  -0.3766548E+01      0.2012113E+02
  -0.3742481E+01      0.2140811E+02
  -0.3718413E+01      0.3716034E+02
  -0.3694346E+01      0.1896228E+02
  -0.3670278E+01      0.1776382E+02
  -0.3646211E+01      0.1736046E+02
  -0.3622144E+01      0.2366254E+02
  -0.3598076E+01      0.3033213E+02
  -0.3574009E+01      0.2292063E+02
  -0.3549941E+01      0.3493917E+02
  -0.3525874E+01      0.2871690E+02
  -0.3501807E+01      0.2544868E+02
  -0.3477739E+01      0.3586756E+02
  -0.3453672E+01      0.4007295E+02
  -0.3429604E+01      0.3045532E+02
  -0.3405537E+01      0.3200870E+02
  -0.3381470E+01      0.4782743E+02
  -0.3357402E+01      0.2581008E+02
  -0.3333335E+01      0.2605178E+02
  -0.3309267E+01      0.2590323E+02
  -0.3285200E+01      0.3199178E+02
  -0.3261133E+01      0.3019175E+02
  -0.3237065E+01      0.3338775E+02
  -0.3212998E+01      0.3277925E+02
  -0.3188930E+01      0.3376473E+02
  -0.3164863E+01      0.3888976E+02
  -0.3140796E+01      0.3524940E+02
  -0.3116728E+01      0.3450268E+02
  -0.3092661E+01      0.6296532E+02
  -0.3068593E+01      0.3538524E+02
  -0.3044526E+01      0.4168776E+02
  -0.3020459E+01      0.2503171E+02
  -0.2996391E+01      0.3046876E+02
  -0.2972324E+01      0.3265948E+02
  -0.2948256E+01      0.2856331E+02
  -0.2924189E+01      0.2848569E+02
  -0.2900122E+01      0.2862928E+02
  -0.2876054E+01      0.2919792E+02
  -0.2851987E+01      0.2642611E+02
  -0.2827919E+01      0.2452726E+02
  -0.2803852E+01      0.2584331E+02
  -0.2779785E+01      0.3152052E+02
  -0.2755717E+01      0.3423160E+02
  -0.2731650E+01      0.2725923E+02
  -0.2707582E+01      0.3140957E+02
  -0.2683515E+01      0.4320198E+02
  -0.2659448E+01      0.3761439E+02
  -0.2635380E+01      0.2342384E+02
  -0.2611313E+01      0.2288320E+02
  -0.2587245E+01      0.1764361E+02
  -0.2563178E+01      0.3133570E+02
  -0.2539111E+01      0.2097897E+02
  -0.2515043E+01      0.4979244E+02
  -0.2490976E+01      0.2863163E+02
  -0.2466908E+01      0.2869089E+02
  -0.2442841E+01      0.2756150E+02
  -0.2418774E+01      0.2617928E+02
  -0.2394706E+01      0.2899994E+02
  -0.2370639E+01      0.2718962E+02
  -0.2346571E+01      0.2713768E+02
  -0.2322504E+01      0.3550014E+02
  -0.2298437E+01      0.2834628E+02
  -0.2274369E+01      0.2884045E+02
  -0.2250302E+01      0.2414499E+02
  -0.2226234E+01      0.2209697E+02
  -0.2202167E+01      0.2829070E+02
  -0.2178100E+01      0.2968193E+02
  -0.2154032E+01      0.3095784E+02
  -0.2129965E+01      0.3202987E+02
  -0.2105897E+01      0.4366934E+02
  -0.2081830E+01      0.3110950E+02
  -0.2057763E+01      0.2971163E+02
  -0.2033695E+01      0.3275280E+02
  -0.2009628E+01      0.3576403E+02
  -0.1985560E+01      0.3456127E+02
  -0.1961493E+01      0.3403988E+02
  -0.1937426E+01      0.3821678E+02
  -0.1913358E+01      0.5052482E+02
  -0.1889291E+01      0.3218348E+02
  -0.1865223E+01      0.3465840E+02
  -0.1841156E+01      0.3315932E+02
  -0.1817089E+01      0.6162847E+02
  -0.1793021E+01      0.3669064E+02
  -0.1768954E+01      0.2925646E+02
  -0.1744886E+01      0.1997636E+02
  -0.1720819E+01      0.2093256E+02
  -0.1696752E+01      0.1272448E+02
  -0.1672684E+01      0.1302057E+02
  -0.1648617E+01      0.1396646E+02
  -0.1624549E+01      0.1400832E+02
  -0.1600482E+01      0.1466648E+02
  -0.1576415E+01      0.1936834E+02
  -0.1552347E+01      0.4833547E+01
  -0.1528280E+01      0.4936464E+01
  -0.1504212E+01      0.5102608E+01
  -0.1480145E+01      0.5385987E+01
  -0.1456078E+01      0.1319778E+02
  -0.1432010E+01      0.9866060E+01
  -0.1407943E+01      0.4467494E+01
  -0.1383875E+01      0.4136235E+01
  -0.1359808E+01      0.3941627E+01
  -0.1335741E+01      0.3810134E+01
  -0.1311673E+01      0.3713144E+01
  -0.1287606E+01      0.3637133E+01
  -0.1263538E+01      0.3574865E+01
  -0.1239471E+01      0.3522113E+01
  -0.1215404E+01      0.3476243E+01
  -0.1191336E+01      0.1534980E+02
  -0.1167269E+01      0.4439031E+01
  -0.1143201E+01      0.1095639E+02
  -0.1119134E+01      0.8407518E+01
  -0.1095067E+01      0.8100523E+01
  -0.1070999E+01      0.8692917E+01
  -0.1046932E+01      0.1464502E+02
  -0.1022864E+01      0.4485794E+01
  -0.9987971E+00      0.4416908E+01
  -0.9747297E+00      0.4367329E+01
  -0.9506623E+00      0.4332790E+01
  -0.9265949E+00      0.4311155E+01
  -0.9025275E+00      0.4301712E+01
  -0.8784601E+00      0.4304954E+01
  -0.8543927E+00      0.4322728E+01
  -0.8303253E+00      0.4358830E+01
  -0.8062579E+00      0.4420498E+01
  -0.7821905E+00      0.4522237E+01
  -0.7581231E+00      0.4697444E+01
  -0.7340557E+00      0.5047280E+01
  -0.7099883E+00      0.6187141E+01
  -0.6859209E+00      0.3421142E+01
  -0.6618535E+00      0.3396978E+01
  -0.6377861E+00      0.5180783E+01
  -0.6137187E+00      0.4645344E+01
  -0.5896513E+00      0.4461110E+01
  -0.5655839E+00      0.4374845E+01
  -0.5415165E+00      0.4335955E+01
  -0.5174491E+00      0.4328112E+01
  -0.4933817E+00      0.4345897E+01
  -0.4693143E+00      0.4389105E+01
  -0.4452469E+00      0.4461591E+01
  -0.4211795E+00      0.4571861E+01
  -0.3971121E+00      0.4735983E+01
  -0.3730447E+00      0.5958122E+01
  -0.3489773E+00      0.6030388E+01
  -0.3249099E+00      0.6622026E+01
  -0.3008425E+00      0.8150135E+01
  -0.2767751E+00      0.1534492E+02
  -0.2527077E+00      0.3477691E+01
  -0.2286403E+00      0.3442110E+01
  -0.2045729E+00      0.3412236E+01
  -0.1805055E+00      0.3386611E+01
  -0.1564381E+00      0.3364362E+01
  -0.1323707E+00      0.3344956E+01
  -0.1083033E+00      0.1278771E+02
  -0.8423590E-01      0.6001952E+01
  -0.6016850E-01      0.5202536E+01
  -0.3610110E-01      0.4826457E+01
  -0.1203370E-01      0.4597271E+01
   0.1203370E-01      0.4440995E+01
   0.3610110E-01      0.4328575E+01
   0.6016850E-01      0.4246486E+01
   0.8423590E-01      0.4188278E+01
   0.1083033E+00      0.4151803E+01
   0.1323707E+00      0.4138904E+01
   0.1564381E+00      0.4157641E+01
   0.1805055E+00      0.4231390E+01
   0.2045729E+00      0.7427252E+01
   0.2286403E+00      0.8857733E+01
   0.2527077E+00      0.3526418E+01
   0.2767751E+00      0.3493091E+01
   0.3008425E+00      0.3462369E+01
   0.3249099E+00      0.3433921E+01
   0.3489773E+00      0.3407494E+01
   0.3730447E+00      0.3382885E+01
   0.3971121E+00      0.3359931E+01
   0.4211795E+00      0.3338500E+01
   0.4452469E+00      0.3318490E+01
   0.4693143E+00      0.3299820E+01
   0.4933817E+00      0.3282432E+01
   0.5174491E+00      0.5311956E+01
   0.5415165E+00      0.4281875E+01
   0.5655839E+00      0.4024899E+01
   0.5896513E+00      0.3890931E+01
   0.6137187E+00      0.3804138E+01
   0.6377861E+00      0.3741705E+01
   0.6618535E+00      0.3694128E+01
   0.6859209E+00      0.3656701E+01
   0.7099883E+00      0.3626849E+01
   0.7340557E+00      0.3603088E+01
   0.7581231E+00      0.2945922E+02
   0.7821905E+00      0.6005726E+01
   0.8062579E+00      0.5306358E+01
   0.8303253E+00      0.5001023E+01
   0.8543927E+00      0.4827155E+01
   0.8784601E+00      0.4719297E+01
   0.9025275E+00      0.4653321E+01
   0.9265949E+00      0.4619309E+01
   0.9506623E+00      0.4614287E+01
   0.9747297E+00      0.4640479E+01
   0.9987971E+00      0.4706736E+01
   0.1022864E+01      0.4835627E+01
   0.1046932E+01      0.5094523E+01
   0.1070999E+01      0.7184848E+01
   0.1095067E+01      0.5171444E+01
   0.1119134E+01      0.5459570E+01
   0.1143201E+01      0.7316789E+01
   0.1167269E+01      0.3176797E+01
   0.1191336E+01      0.3223832E+01
   0.1215404E+01      0.2861994E+01
   0.1239471E+01      0.2832500E+01
   0.1263538E+01      0.6093327E+01
   0.1287606E+01      0.4565073E+01
   0.1311673E+01      0.4144245E+01
   0.1335741E+01      0.3925675E+01
   0.1359808E+01      0.3787989E+01
   0.1383875E+01      0.3693552E+01
   0.1407943E+01      0.3626684E+01
   0.1432010E+01      0.3579953E+01
   0.1456078E+01      0.3549904E+01
   0.1480145E+01      0.3535558E+01
   0.1504212E+01      0.3538110E+01
   0.1528280E+01      0.3561557E+01
   0.1552347E+01      0.3614911E+01
   0.1576415E+01      0.3718854E+01
   0.1600482E+01      0.3930437E+01
   0.1624549E+01      0.4496688E+01
   0.1648617E+01      0.2367775E+01
   0.1672684E+01      0.2359183E+01
   0.1696752E+01      0.2351158E+01
   0.1720819E+01      0.2343717E+01
   0.1744886E+01      0.2336887E+01
   0.1768954E+01      0.2330709E+01
   0.1793021E+01      0.2325236E+01
   0.1817089E+01      0.2320544E+01
   0.1841156E+01      0.2316741E+01
   0.1865223E+01      0.2313933E+01
   0.1889291E+01      0.2312331E+01
   0.1913358E+01      0.2312181E+01
   0.1937426E+01      0.2313844E+01
   0.1961493E+01      0.2317856E+01
   0.1985560E+01      0.2325040E+01
   0.2009628E+01      0.3456478E+01
   0.2033695E+01      0.3140809E+01
   0.2057763E+01      0.3028473E+01
   0.2081830E+01      0.2998095E+01
   0.2105897E+01      0.3053992E+01
   0.2129965E+01      0.3467501E+01
   0.2154032E+01      0.2448374E+01
   0.2178100E+01      0.4366504E+01
   0.2202167E+01      0.3580369E+01
   0.2226234E+01      0.3303993E+01
   0.2250302E+01      0.3146415E+01
   0.2274369E+01      0.3039190E+01
   0.2298437E+01      0.2959116E+01
   0.2322504E+01      0.2895800E+01
   0.2346571E+01      0.2843776E+01
   0.2370639E+01      0.2799846E+01
   0.2394706E+01      0.2761994E+01
   0.2418774E+01      0.2728880E+01
   0.2442841E+01      0.3568434E+01
   0.2466908E+01      0.3259606E+01
   0.2490976E+01      0.3123034E+01
   0.2515043E+01      0.3037171E+01
   0.2539111E+01      0.2975040E+01
   0.2563178E+01      0.2926707E+01
   0.2587245E+01      0.2887545E+01
   0.2611313E+01      0.2855103E+01
   0.2635380E+01      0.2828001E+01
   0.2659448E+01      0.2805476E+01
   0.2683515E+01      0.2787195E+01
   0.2707582E+01      0.2773201E+01
   0.2731650E+01      0.2763969E+01
   0.2755717E+01      0.2760629E+01
   0.2779785E+01      0.2765535E+01
   0.2803852E+01      0.2783871E+01
   0.2827919E+01      0.2829519E+01
   0.2851987E+01      0.2964451E+01
   0.2876054E+01      0.2697982E+01
   0.2900122E+01      0.3110612E+01
   0.2924189E+01      0.2236601E+01
   0.2948256E+01      0.2227168E+01
   0.2972324E+01      0.2218090E+01
   0.2996391E+01      0.2209358E+01
   0.3020459E+01      0.2200970E+01
   0.3044526E+01      0.2192924E+01
   0.3068593E+01      0.2185225E+01
   0.3092661E+01      0.2177882E+01
   0.3116728E+01      0.2170907E+01
   0.3140796E+01      0.2164324E+01
   0.3164863E+01      0.7323468E+01
   0.3188930E+01      0.5118769E+01
   0.3212998E+01      0.4487939E+01
   0.3237065E+01      0.6945707E+01
   0.3261133E+01      0.5272122E+01
   0.3285200E+01      0.5284568E+01
   0.3309267E+01      0.4845532E+01
   0.3333335E+01      0.4599323E+01
   0.3357402E+01      0.4429200E+01
   0.3381470E+01      0.4304963E+01
   0.3405537E+01      0.5108621E+01
   0.3429604E+01      0.4776275E+01
   0.3453672E+01      0.4861695E+01
   0.3477739E+01      0.3983281E+01
   0.3501807E+01      0.3896931E+01
   0.3525874E+01      0.3835218E+01
   0.3549941E+01      0.6342422E+01
   0.3574009E+01      0.5371856E+01
   0.3598076E+01      0.4993021E+01
   0.3622144E+01      0.4922829E+01
   0.3646211E+01      0.5244817E+01
   0.3670278E+01      0.3856816E+01
   0.3694346E+01      0.3824119E+01
   0.3718413E+01      0.3846701E+01
   0.3742481E+01      0.4082464E+01
   0.3766548E+01      0.3309531E+01
   0.3790615E+01      0.3278886E+01
   0.3814683E+01      0.3256834E+01
   0.3838750E+01      0.5194818E+01
   0.3862818E+01      0.4578885E+01
   0.3886885E+01      0.4423215E+01
   0.3910952E+01      0.4504693E+01
   0.3935020E+01      0.5366330E+01
   0.3959087E+01      0.2885292E+01
   0.3983155E+01      0.2864751E+01
   0.4007222E+01      0.2845890E+01
   0.4031289E+01      0.2828646E+01
   0.4055357E+01      0.2812987E+01
   0.4079424E+01      0.3801048E+01
   0.4103492E+01      0.3487190E+01
   0.4127559E+01      0.3366683E+01
   0.4151626E+01      0.4904444E+01
   0.4175694E+01      0.4285043E+01
   0.4199761E+01      0.4045557E+01
   0.4223829E+01      0.3909451E+01
   0.4247896E+01      0.3822539E+01
   0.4271963E+01      0.3767411E+01
   0.4296031E+01      0.3740212E+01
   0.4320098E+01      0.3750560E+01
   0.4344166E+01      0.5435010E+01
   0.4368233E+01      0.3825789E+01
   0.4392300E+01      0.3678750E+01
   0.4416368E+01      0.3602518E+01
   0.4440435E+01      0.3552849E+01
   0.4464503E+01      0.3518306E+01
   0.4488570E+01      0.3494925E+01
   0.4512637E+01      0.4702570E+01
   0.4536705E+01      0.4328182E+01
   0.4560772E+01      0.4196898E+01
   0.4584840E+01      0.4152453E+01
   0.4608907E+01      0.4182785E+01
   0.4632974E+01      0.4373886E+01
   0.4657042E+01      0.3454222E+01
   0.4681109E+01      0.3494360E+01
   0.4705177E+01      0.3637270E+01
   0.4729244E+01      0.5165451E+01
   0.4753311E+01      0.2833065E+01
   0.4777379E+01      0.2818929E+01
   0.4801446E+01      0.2809385E+01
   0.4825514E+01      0.2806168E+01
   0.4849581E+01      0.2813913E+01
   0.4873648E+01      0.2848198E+01
   0.4897716E+01      0.3020350E+01
   0.4921783E+01      0.2526079E+01
   0.4945851E+01      0.2511305E+01
   0.4969918E+01      0.2497208E+01
   0.4993985E+01      0.2483733E+01
   0.5018053E+01      0.2470839E+01
   0.5042120E+01      0.3729499E+01
   0.5066188E+01      0.3145923E+01
   0.5090255E+01      0.3000489E+01
   0.5114322E+01      0.2925371E+01
   0.5138390E+01      0.2876444E+01
   0.5162457E+01      0.3407230E+01
   0.5186525E+01      0.4249855E+01
   0.5210592E+01      0.3819235E+01
   0.5234659E+01      0.3684366E+01
   0.5258727E+01      0.3618141E+01
   0.5282794E+01      0.3581045E+01
   0.5306862E+01      0.3559118E+01
   0.5330929E+01      0.3545588E+01
   0.5354996E+01      0.3536498E+01
   0.5379064E+01      0.3529401E+01
   0.5403131E+01      0.3522953E+01
   0.5427199E+01      0.3516808E+01
   0.5451266E+01      0.3511584E+01
   0.5475333E+01      0.3508926E+01
   0.5499401E+01      0.3511861E+01
   0.5523468E+01      0.3526006E+01
   0.5547536E+01      0.3563488E+01
   0.5571603E+01      0.3658506E+01
   0.5595670E+01      0.3972185E+01
   0.5619738E+01      0.3215983E+01
   0.5643805E+01      0.3199481E+01
   0.5667873E+01      0.3184763E+01
   0.5691940E+01      0.3172263E+01
   0.5716007E+01      0.3162617E+01
   0.5740075E+01      0.3156883E+01
   0.5764142E+01      0.3157059E+01
   0.5788210E+01      0.3167548E+01
   0.5812277E+01      0.3200928E+01
   0.5836344E+01      0.3320503E+01
   0.5860412E+01      0.2890252E+01
   0.5884479E+01      0.2888916E+01
   0.5908547E+01      0.2894616E+01
   0.5932614E+01      0.2914727E+01
   0.5956681E+01      0.4250274E+01
   0.5980749E+01      0.5017455E+01
   0.6004816E+01      0.3413321E+01
   0.6028884E+01      0.3317810E+01
   0.6052951E+01      0.3251483E+01
   0.6077018E+01      0.3201315E+01
   0.6101086E+01      0.3161306E+01
   0.6125153E+01      0.3128274E+01
   0.6149221E+01      0.3100598E+01
   0.6173288E+01      0.3076505E+01
   0.6197355E+01      0.3055941E+01
   0.6221423E+01      0.3038258E+01
   0.6245490E+01      0.4553298E+01
   0.6269558E+01      0.3374218E+01
   0.6293625E+01      0.3281731E+01
   0.6317692E+01      0.3240545E+01
   0.6341760E+01      0.3218239E+01
   0.6365827E+01      0.3207584E+01
   0.6389895E+01      0.3817176E+01
   0.6413962E+01      0.3719485E+01
   0.6438029E+01      0.3752809E+01
   0.6462097E+01      0.3902550E+01
   0.6486164E+01      0.3482300E+01
   0.6510232E+01      0.3499949E+01
   0.6534299E+01      0.3508776E+01
   0.6558366E+01      0.3506702E+01
   0.6582434E+01      0.3496738E+01
   0.6606501E+01      0.3484746E+01
   0.6630569E+01      0.3478753E+01
   0.6654636E+01      0.3495836E+01
   0.6678703E+01      0.3677955E+01
   0.6702771E+01      0.3264196E+01
   0.6726838E+01      0.3245954E+01
   0.6750906E+01      0.3233274E+01
   0.6774973E+01      0.3228895E+01
   0.6799040E+01      0.3239820E+01
   0.6823108E+01      0.3292486E+01
   0.6847175E+01      0.3862914E+01
   0.6871243E+01      0.2966644E+01
   0.6895310E+01      0.2950071E+01
   0.6919377E+01      0.2934629E+01
   0.6943445E+01      0.2920254E+01
   0.6967512E+01      0.2906894E+01
   0.6991580E+01      0.2894518E+01
   0.7015647E+01      0.2883110E+01
   0.7039714E+01      0.2872774E+01
   0.7063782E+01      0.2863252E+01
   0.7087849E+01      0.2854890E+01
   0.7111917E+01      0.2847699E+01
   0.7135984E+01      0.2841843E+01
   0.7160051E+01      0.2837575E+01
   0.7184119E+01      0.2835303E+01
   0.7208186E+01      0.2835694E+01
   0.7232254E+01      0.2839928E+01
   0.7256321E+01      0.2850290E+01
   0.7280388E+01      0.2871954E+01
   0.7304456E+01      0.2920272E+01
   0.7328523E+01      0.3081667E+01
   0.7352591E+01      0.2622651E+01
   0.7376658E+01      0.2615010E+01
   0.7400725E+01      0.2607661E+01
   0.7424793E+01      0.2600599E+01
   0.7448860E+01      0.2593819E+01
   0.7472928E+01      0.2587319E+01
   0.7496995E+01      0.2581097E+01
   0.7521062E+01      0.2575152E+01
   0.7545130E+01      0.2569485E+01
   0.7569197E+01      0.2564099E+01
   0.7593265E+01      0.2558996E+01
   0.7617332E+01      0.2554183E+01
   0.7641399E+01      0.2549666E+01
   0.7665467E+01      0.2545454E+01
   0.7689534E+01      0.3031445E+01
   0.7713602E+01      0.2896393E+01
   0.7737669E+01      0.2839852E+01
   0.7761736E+01      0.2808426E+01
   0.7785804E+01      0.2789117E+01
   0.7809871E+01      0.2777047E+01
   0.7833939E+01      0.2769964E+01
   0.7858006E+01      0.2766704E+01
   0.7882073E+01      0.3066023E+01
   0.7906141E+01      0.2977496E+01
   0.7930208E+01      0.2947927E+01
   0.7954276E+01      0.2936974E+01
   0.7978343E+01      0.2935756E+01
   0.8002410E+01      0.2941080E+01
   0.8026478E+01      0.2951553E+01
   0.8050545E+01      0.2966597E+01
   0.8074613E+01      0.2986214E+01
   0.8098680E+01      0.3011151E+01
   0.8122747E+01      0.3043614E+01
   0.8146815E+01      0.3089614E+01
   0.8170882E+01      0.3169153E+01
   0.8194950E+01      0.3418591E+01
   0.8219017E+01      0.2861259E+01
   0.8243084E+01      0.2867175E+01
   0.8267152E+01      0.2872211E+01
   0.8291219E+01      0.2876509E+01
   0.8315287E+01      0.2880257E+01
   0.8339354E+01      0.2883652E+01
   0.8363421E+01      0.3272396E+01
   0.8387489E+01      0.5332474E+01
   0.8411556E+01      0.3403101E+01
   0.8435624E+01      0.3291826E+01
   0.8459691E+01      0.3240642E+01
   0.8483758E+01      0.3211423E+01
   0.8507826E+01      0.3274327E+01
   0.8531893E+01      0.3182447E+01
   0.8555961E+01      0.3176110E+01
   0.8580028E+01      0.3174261E+01
   0.8604095E+01      0.3176014E+01
   0.8628163E+01      0.3181058E+01
   0.8652230E+01      0.3189288E+01
   0.8676298E+01      0.3200723E+01
   0.8700365E+01      0.4081751E+01
   0.8724432E+01      0.3570586E+01
   0.8748500E+01      0.3504063E+01
   0.8772567E+01      0.6506504E+01
   0.8796635E+01      0.5412062E+01
   0.8820702E+01      0.5032550E+01
   0.8844769E+01      0.4836554E+01
   0.8868837E+01      0.4727194E+01
   0.8892904E+01      0.4673916E+01
   0.8916972E+01      0.4668830E+01
   0.8941039E+01      0.4719676E+01
   0.8965106E+01      0.5326812E+01
   0.8989174E+01      0.5379472E+01
   0.9013241E+01      0.6679054E+01
   0.9037309E+01      0.4155394E+01
   0.9061376E+01      0.4237171E+01
   0.9085443E+01      0.7494140E+01
   0.9109511E+01      0.3858420E+01
   0.9133578E+01      0.3872823E+01
   0.9157646E+01      0.3901796E+01
   0.9181713E+01      0.3949604E+01
   0.9205780E+01      0.4024900E+01
   0.9229848E+01      0.4147094E+01
   0.9253915E+01      0.4369909E+01
   0.9277983E+01      0.4929155E+01
   0.9302050E+01      0.3024427E+01
   0.9326117E+01      0.3017990E+01
   0.9350185E+01      0.3283513E+01
   0.9374252E+01      0.3174249E+01
   0.9398320E+01      0.3128806E+01
   0.9422387E+01      0.3099508E+01
   0.9446454E+01      0.3077483E+01
   0.9470522E+01      0.3059901E+01
   0.9494589E+01      0.4698795E+01
   0.9518657E+01      0.3389567E+01
   0.9542724E+01      0.3280748E+01
   0.9566791E+01      0.6530896E+01
   0.9590859E+01      0.5261728E+01
   0.9614926E+01      0.4944083E+01
   0.9638994E+01      0.4829876E+01
   0.9663061E+01      0.4809252E+01
   0.9687128E+01      0.4846893E+01
   0.9711196E+01      0.4984701E+01
   0.9735263E+01      0.5441157E+01
   0.9759331E+01      0.5426332E+01
   0.9783398E+01      0.5018750E+01
   0.9807465E+01      0.4876074E+01
   0.9831533E+01      0.4715163E+01
   0.9855600E+01      0.4560636E+01
   0.9879668E+01      0.4424207E+01
   0.9903735E+01      0.4308432E+01
   0.9927802E+01      0.4211227E+01
   0.9951870E+01      0.4835194E+01
   0.9975937E+01      0.4352830E+01
   0.1000000E+02      0.4218391E+01
 &
