 iscf   Eharris(eV)      E_KS(eV)   FreeEng(eV)    dHmax    dDmax   Ef(eV)
    1    -9133.0188    -9041.2239    -9041.2239  1.71117  1.71117  0.00000
    2    -9133.1394    -9043.9977    -9043.9977  0.03097  1.65981  0.00000
    3    -9120.6756    -9113.9559    -9113.9559  1.01195  0.16709  0.00000
    4    -9141.2175    -9134.5035    -9134.5035  0.60545  0.06404  0.00000
    5    -9152.9118    -9142.4979    -9142.4979  0.39398  0.07321  0.00000
    6    -9145.4136    -9152.6437    -9152.6437  0.25517  0.04777  0.00000
    7    -9152.3821    -9146.1631    -9146.1631  0.19627  0.36032  0.00000
    8    -9140.6464    -9140.6901    -9140.6901  1.51516  0.00095  0.00000
    9    -9127.4758    -9140.6729    -9140.6729  1.51303  0.29140  0.00000
   10    -9140.7128    -9139.2158    -9139.2158  0.18990  0.01724  0.00000
   11    -9141.4380    -9140.5658    -9140.5658  0.26666  0.02374  0.00000
   12    -9141.0481    -9141.0810    -9141.0810  0.36822  0.09093  0.00000
   13    -9144.1356    -9141.8201    -9141.8201  0.07827  0.01438  0.00000
   14    -9144.0547    -9144.0421    -9144.0421  0.03710  0.00843  0.00000
   15    -9144.3641    -9144.0470    -9144.0470  0.06012  0.00431  0.00000
   16    -9144.5433    -9144.3497    -9144.3497  0.04404  0.00812  0.00000
   17    -9144.5945    -9144.5391    -9144.5391  0.01259  0.00276  0.00000
   18    -9144.1416    -9144.5908    -9144.5908  0.01465  0.00811  0.00000
   19    -9144.3515    -9144.1697    -9144.1697  0.02526  0.00663  0.00000
   20    -9144.2962    -9144.3408    -9144.3408  0.00812  0.00186  0.00000
   21    -9144.3184    -9144.2993    -9144.2993  0.00433  0.00093  0.00000
   22    -9144.2943    -9144.3169    -9144.3169  0.00213  0.00032  0.00000
   23    -9144.2778    -9144.2954    -9144.2954  0.00140  0.00038  0.00000
   24    -9144.2466    -9144.2788    -9144.2788  0.00160  0.00052  0.00000
   25    -9144.2435    -9144.2483    -9144.2483  0.00106  0.00028  0.00000
   26    -9144.2411    -9144.2438    -9144.2438  0.00085  0.00019  0.00000
   27    -9144.2494    -9144.2411    -9144.2411  0.00075  0.00060  0.00000
   28    -9144.2548    -9144.2489    -9144.2489  0.00057  0.00060  0.00000
   29    -9144.2529    -9144.2544    -9144.2544  0.00038  0.00048  0.00000
   30    -9144.2535    -9144.2531    -9144.2531  0.00012  0.00003  0.00000
    1    -9144.1986    -9144.2535    -9144.2535  0.01010  0.06464  0.00000
    2    -9143.2658    -9138.8526    -9138.8526  0.55206  0.11679  0.00000
    3    -9144.4059    -9147.1415    -9147.1415  0.29300  0.04350  0.00000
    4    -9144.9677    -9145.4042    -9145.4042  0.04752  0.00395  0.00000
    5    -9144.2665    -9145.0061    -9145.0061  0.03825  0.01013  0.00000
    6    -9144.1809    -9144.3254    -9144.3254  0.01182  0.00922  0.00000
    7    -9144.2466    -9144.1852    -9144.1852  0.03832  0.00382  0.00000
    8    -9144.3517    -9144.2464    -9144.2464  0.02176  0.00440  0.00000
    9    -9144.3168    -9144.3462    -9144.3462  0.00615  0.00357  0.00000
   10    -9144.4133    -9144.3173    -9144.3173  0.01991  0.00444  0.00000
   11    -9144.4116    -9144.4078    -9144.4078  0.00163  0.00026  0.00000
   12    -9144.3506    -9144.4115    -9144.4115  0.00135  0.00143  0.00000
   13    -9144.3546    -9144.3547    -9144.3547  0.00131  0.00022  0.00000
   14    -9144.3503    -9144.3546    -9144.3546  0.00021  0.00007  0.00000
   15    -9144.3520    -9144.3505    -9144.3505  0.00018  0.00003  0.00000
    1    -9144.1539    -9144.3519    -9144.3519  0.01019  0.06397  0.00000
    2    -9143.3932    -9138.9381    -9138.9381  0.54684  0.11608  0.00000
    3    -9144.3359    -9147.0958    -9147.0958  0.29366  0.04333  0.00000
    4    -9144.9367    -9145.3890    -9145.3890  0.04192  0.00388  0.00000
    5    -9144.2610    -9144.9752    -9144.9752  0.03625  0.00837  0.00000
    6    -9144.3204    -9144.3167    -9144.3167  0.00801  0.00399  0.00000
    7    -9144.3552    -9144.3200    -9144.3200  0.01732  0.00319  0.00000
    8    -9144.3722    -9144.3534    -9144.3534  0.00623  0.00057  0.00000
    9    -9144.4036    -9144.3710    -9144.3710  0.00599  0.00145  0.00000
   10    -9144.4447    -9144.4011    -9144.4011  0.00310  0.00092  0.00000
   11    -9144.4274    -9144.4418    -9144.4418  0.00144  0.00024  0.00000
   12    -9144.3734    -9144.4283    -9144.4283  0.00129  0.00134  0.00000
   13    -9144.3760    -9144.3771    -9144.3771  0.00032  0.00011  0.00000
   14    -9144.3755    -9144.3761    -9144.3761  0.00013  0.00005  0.00000
    1    -9144.1156    -9144.3755    -9144.3755  0.01019  0.06431  0.00000
    2    -9143.4830    -9138.9752    -9138.9752  0.54491  0.11560  0.00000
    3    -9144.2846    -9147.0718    -9147.0718  0.29397  0.04282  0.00000
    4    -9144.8757    -9145.3876    -9145.3876  0.03201  0.00419  0.00000
    5    -9144.2878    -9144.9178    -9144.9178  0.02959  0.00597  0.00000
    6    -9144.4618    -9144.3348    -9144.3348  0.00788  0.00133  0.00000
    7    -9144.4195    -9144.4540    -9144.4540  0.00707  0.00078  0.00000
    8    -9144.4215    -9144.4216    -9144.4216  0.00588  0.00064  0.00000
    9    -9144.4691    -9144.4214    -9144.4214  0.00465  0.00117  0.00000
   10    -9144.4748    -9144.4656    -9144.4656  0.00243  0.00038  0.00000
   11    -9144.4639    -9144.4742    -9144.4742  0.00129  0.00019  0.00000
   12    -9144.4382    -9144.4646    -9144.4646  0.00112  0.00096  0.00000
   13    -9144.4276    -9144.4400    -9144.4400  0.00042  0.00025  0.00000
   14    -9144.4206    -9144.4284    -9144.4284  0.00019  0.00014  0.00000
    1    -9144.1377    -9144.4211    -9144.4211  0.01019  0.06428  0.00000
    2    -9143.5665    -9139.0903    -9139.0903  0.53945  0.11444  0.00000
    3    -9144.1862    -9147.0339    -9147.0339  0.29449  0.04209  0.00000
    4    -9144.6797    -9145.3341    -9145.3341  0.02637  0.00509  0.00000
    5    -9144.3235    -9144.7311    -9144.7311  0.01673  0.00321  0.00000
    6    -9144.4836    -9144.3516    -9144.3516  0.00789  0.00138  0.00000
    7    -9144.4442    -9144.4750    -9144.4750  0.00707  0.00128  0.00000
    8    -9144.4501    -9144.4461    -9144.4461  0.00488  0.00023  0.00000
    9    -9144.4759    -9144.4498    -9144.4498  0.00481  0.00098  0.00000
   10    -9144.4485    -9144.4738    -9144.4738  0.00148  0.00025  0.00000
   11    -9144.4509    -9144.4501    -9144.4501  0.00094  0.00011  0.00000
   12    -9144.4370    -9144.4509    -9144.4509  0.00085  0.00075  0.00000
   13    -9144.4327    -9144.4380    -9144.4380  0.00035  0.00016  0.00000
   14    -9144.4322    -9144.4331    -9144.4331  0.00022  0.00002  0.00000
   15    -9144.4342    -9144.4323    -9144.4323  0.00014  0.00002  0.00000
    1    -9144.3875    -9144.4341    -9144.4341  0.01009  0.06440  0.00000
    2    -9143.4767    -9139.4518    -9139.4518  0.52399  0.11053  0.00000
    3    -9143.8833    -9146.8649    -9146.8649  0.28797  0.03947  0.00000
    4    -9144.4160    -9145.0289    -9145.0289  0.04265  0.00516  0.00000
    5    -9144.2954    -9144.4675    -9144.4675  0.01513  0.00482  0.00000
    6    -9144.4367    -9144.3074    -9144.3074  0.00857  0.00074  0.00000
    7    -9144.3953    -9144.4286    -9144.4286  0.00726  0.00136  0.00000
    8    -9144.3946    -9144.3970    -9144.3970  0.00512  0.00031  0.00000
    9    -9144.3957    -9144.3949    -9144.3949  0.00520  0.00174  0.00000
   10    -9144.3823    -9144.3950    -9144.3950  0.00203  0.00015  0.00000
   11    -9144.3984    -9144.3832    -9144.3832  0.00111  0.00033  0.00000
   12    -9144.4164    -9144.3974    -9144.3974  0.00115  0.00072  0.00000
   13    -9144.4143    -9144.4152    -9144.4152  0.00045  0.00007  0.00000
   14    -9144.4146    -9144.4144    -9144.4144  0.00024  0.00003  0.00000
   15    -9144.4165    -9144.4146    -9144.4146  0.00011  0.00005  0.00000
    1    -9145.1242    -9144.4164    -9144.4164  0.01013  0.06443  0.00000
    2    -9142.0766    -9140.1221    -9140.1221  0.49139  0.10237  0.00000
    3    -9143.1663    -9145.7482    -9145.7482  0.24909  0.03736  0.00000
    4    -9144.3884    -9144.1700    -9144.1700  0.01289  0.00132  0.00000
    5    -9144.5739    -9144.3759    -9144.3759  0.01318  0.00242  0.00000
    6    -9144.3751    -9144.5626    -9144.5626  0.00824  0.00210  0.00000
    7    -9144.3786    -9144.3874    -9144.3874  0.00702  0.00047  0.00000
    8    -9144.3372    -9144.3791    -9144.3791  0.00637  0.00152  0.00000
    9    -9144.3256    -9144.3392    -9144.3392  0.00339  0.00105  0.00000
   10    -9144.3224    -9144.3261    -9144.3261  0.00187  0.00017  0.00000
   11    -9144.3209    -9144.3228    -9144.3228  0.00125  0.00013  0.00000
   12    -9144.3352    -9144.3209    -9144.3209  0.00140  0.00059  0.00000
   13    -9144.3676    -9144.3344    -9144.3344  0.00089  0.00059  0.00000
   14    -9144.3701    -9144.3656    -9144.3656  0.00031  0.00010  0.00000
   15    -9144.3705    -9144.3698    -9144.3698  0.00019  0.00008  0.00000
    1    -9145.7762    -9144.3704    -9144.3704  0.01005  0.09399  0.00000
    2    -9140.0804    -9140.4747    -9140.4747  0.45768  0.09983  0.00000
    3    -9142.8747    -9144.2728    -9144.2728  0.19650  0.03292  0.00000
    4    -9144.3278    -9143.6718    -9143.6718  0.04602  0.00575  0.00000
    5    -9144.5944    -9144.2915    -9144.2915  0.02094  0.00335  0.00000
    6    -9144.3912    -9144.5758    -9144.5758  0.00970  0.00205  0.00000
    7    -9144.3899    -9144.4032    -9144.4032  0.00721  0.00067  0.00000
    8    -9144.3775    -9144.3911    -9144.3911  0.00680  0.00072  0.00000
    9    -9144.3053    -9144.3785    -9144.3785  0.00604  0.00125  0.00000
   10    -9144.2865    -9144.3097    -9144.3097  0.00349  0.00093  0.00000
   11    -9144.2987    -9144.2874    -9144.2874  0.00136  0.00025  0.00000
   12    -9144.3326    -9144.2980    -9144.2980  0.00112  0.00074  0.00000
   13    -9144.3475    -9144.3304    -9144.3304  0.00074  0.00041  0.00000
   14    -9144.3497    -9144.3465    -9144.3465  0.00050  0.00011  0.00000
   15    -9144.3448    -9144.3493    -9144.3493  0.00044  0.00009  0.00000
   16    -9144.3436    -9144.3451    -9144.3451  0.00014  0.00005  0.00000
    1    -9146.2206    -9144.3437    -9144.3437  0.01017  0.12480  0.00000
    2    -9138.2169    -9140.4006    -9140.4006  0.54405  0.14414  0.00000
    3    -9142.6737    -9142.9612    -9142.9612  0.15927  0.02628  0.00000
    4    -9143.9639    -9143.3991    -9143.3991  0.07631  0.00468  0.00000
    5    -9144.3828    -9143.9368    -9143.9368  0.05623  0.00630  0.00000
    6    -9144.4600    -9144.3630    -9144.3630  0.02408  0.01304  0.00000
    7    -9144.2678    -9144.4455    -9144.4455  0.03615  0.00792  0.00000
    8    -9144.2643    -9144.2878    -9144.2878  0.00681  0.00028  0.00000
    9    -9144.2033    -9144.2656    -9144.2656  0.00653  0.00157  0.00000
   10    -9144.1832    -9144.2069    -9144.2069  0.00339  0.00087  0.00000
   11    -9144.1987    -9144.1840    -9144.1840  0.00148  0.00017  0.00000
   12    -9144.2229    -9144.1981    -9144.1981  0.00129  0.00039  0.00000
   13    -9144.2421    -9144.2213    -9144.2213  0.00134  0.00054  0.00000
   14    -9144.2482    -9144.2409    -9144.2409  0.00056  0.00038  0.00000
   15    -9144.2498    -9144.2477    -9144.2477  0.00045  0.00006  0.00000
   16    -9144.2505    -9144.2496    -9144.2496  0.00034  0.00008  0.00000
   17    -9144.2474    -9144.2504    -9144.2504  0.00021  0.00006  0.00000
   18    -9144.2437    -9144.2475    -9144.2475  0.00017  0.00009  0.00000
