cpu-bind=MASK - cn1084, task  0  0 [16515]: mask 0xffffffffffffffff set
-1.0989796330E+001
--------------------------------------------------------------------------
Open MPI failed an OFI Libfabric library call (fi_domain).  This is highly
unusual; your job may behave unpredictably (and/or abort) after this.

  Local host: cn1086
  Location: mtl_ofi_component.c:928
  Error: No data available (61)
--------------------------------------------------------------------------
[cn1084.scarf.rl.ac.uk:16555] 239 more processes have sent help message help-mtl-ofi.txt / OFI call fail
[cn1084.scarf.rl.ac.uk:16555] Set MCA parameter "orte_base_help_aggregate" to 0 to see all help / error messages
[1679308861.233649] [cn1084:16642:0]          mpool.c:43   UCX  WARN  object 0x6dc0800 was not returned to mpool ucp_requests
[1679308861.233698] [cn1084:16646:0]          mpool.c:43   UCX  WARN  object 0x6079e40 was not returned to mpool ucp_requests
[1679308861.233701] [cn1084:16648:0]          mpool.c:43   UCX  WARN  object 0xbf52640 was not returned to mpool ucp_requests
[1679308861.235516] [cn1084:16637:0]          mpool.c:43   UCX  WARN  object 0xbbd29c0 was not returned to mpool ucp_requests
[1679308861.235519] [cn1084:16639:0]          mpool.c:43   UCX  WARN  object 0xb5efd00 was not returned to mpool ucp_requests
[1679308861.235537] [cn1084:16625:0]          mpool.c:43   UCX  WARN  object 0xaf13040 was not returned to mpool ucp_requests
[1679308861.235537] [cn1084:16633:0]          mpool.c:43   UCX  WARN  object 0xb84ad00 was not returned to mpool ucp_requests
[1679308861.235571] [cn1084:16627:0]          mpool.c:43   UCX  WARN  object 0xbaa15c0 was not returned to mpool ucp_requests
[1679308861.235704] [cn1084:16621:0]          mpool.c:43   UCX  WARN  object 0xc110f80 was not returned to mpool ucp_requests
[1679308861.235754] [cn1084:16629:0]          mpool.c:43   UCX  WARN  object 0xc307e00 was not returned to mpool ucp_requests
cp: cannot stat ‘0V-VH_z-00.dat’: No such file or directory
cp: cannot stat ‘0V-VH_z-00.dat’: No such file or directory
cp: cannot stat ‘0V-RHO_z-00.dat’: No such file or directory
cp: cannot stat ‘0V-RHO_z-00.dat’: No such file or directory
