rm: cannot remove `modes': No such file or directory
Done.


###############################################################################
TCHPC Cluster: lonsdale
Job 164152 (freq-0.0) for User 'baim' in Account 'hpc_12_00447'
Finished at: Thu Nov  7 18:51:36 GMT 2013

Job completion status:
======================

       JobID    JobName      Account  Partition   NTasks  AllocCPUS  MaxVMSize    Elapsed      State ExitCode 
------------ ---------- ------------ ---------- -------- ---------- ---------- ---------- ---------- -------- 
164152         freq-0.0 hpc_12_00447    compute                   8              00:10:42  COMPLETED      0:0 
164152.batch      batch hpc_12_00447                   1          1   2330560K   00:10:42  COMPLETED      0:0 


Job details:
============

JobId=164152 Name=freq-0.0
   UserId=baim(5349) GroupId=baim(9152)
   Priority=15479576 Account=hpc_12_00447 QOS=normal
   JobState=COMPLETED Reason=None Dependency=(null)
   Requeue=0 Restarts=0 BatchFlag=1 ExitCode=0:0
   DerivedExitCode=0:0
   RunTime=00:10:42 TimeLimit=04:30:00 TimeMin=N/A
   SubmitTime=2013-11-07T17:21:05 EligibleTime=2013-11-07T17:21:05
   StartTime=2013-11-07T18:40:54 EndTime=2013-11-07T18:51:36
   PreemptTime=None SuspendTime=None SecsPreSuspend=0
   Partition=compute AllocNode:Sid=lonsdale01:2302
   ReqNodeList=(null) ExcNodeList=(null)
   NodeList=lonsdale-n082
   BatchHost=lonsdale-n082
   NumNodes=1 NumCPUs=8 CPUs/Task=1 ReqS:C:T=*:*:*
     Nodes=lonsdale-n082 CPU_IDs=0-7 Mem=15200
   MinCPUsNode=1 MinMemoryCPU=1900M MinTmpDiskNode=0
   Features=(null) Gres=(null) Reservation=(null)
   Shared=0 Contiguous=0 Licenses=(null) Network=(null)
   Command=/home/users/baim/workspace/MD/gold/3d/100/jp/spd/newbasis/bias/h2/0.0/freq/freq.sh
   WorkDir=/home/users/baim/workspace/MD/gold/3d/100/jp/spd/newbasis/bias/h2/0.0/freq


Disk quota details:
===================

Quota Type           Name  Filesystem     Usage in MB     Limit in MB    % Used
-------------------------------------------------------------------------------
USER                 baim       /home          40,648          51,200    79.39%
USER                 baim   /projects             188               0       N/A

GROUP         pi-ssanvito   /projects       6,178,497       6,291,456    98.20%


SLURM Bank Statement:
=====================

User           Usage |        Account     Usage | Account Limit Available (CPU hrs)
---------- --------- + -------------- --------- + ------------- ---------

baim         129,464 |   HPC_12_00447   129,464 |       300,000   170,536
ssanvito           0 |   HPC_12_00447   129,464 |       300,000   170,536


Acknowledgements:
=================

Note that usage of TCHPC Resources *must* be acknowledged in all publications.

Please see this page for details relevant to this cluster:

http://www.tchpc.tcd.ie/resources/acknowledgementpolicy

################################################################################
