rm: cannot remove `modes': No such file or directory
Done.


###############################################################################
TCHPC Cluster: lonsdale
Job 162021 (freq-1.9) for User 'baim' in Account 'hpc_12_00447'
Finished at: Sat Oct  5 00:39:02 IST 2013

Job completion status:
======================

       JobID    JobName      Account  Partition   NTasks  AllocCPUS  MaxVMSize    Elapsed      State ExitCode 
------------ ---------- ------------ ---------- -------- ---------- ---------- ---------- ---------- -------- 
162021         freq-1.9 hpc_12_00447    compute                  48              04:39:01  COMPLETED      0:0 
162021.batch      batch hpc_12_00447                   1          1   7690648K   04:39:01  COMPLETED      0:0 
162021.0          orted hpc_12_00447                   5          5   7514836K   04:39:00  COMPLETED      0:0 


Job details:
============

JobId=162021 Name=freq-1.9
   UserId=baim(5349) GroupId=baim(9152)
   Priority=11312964 Account=hpc_12_00447 QOS=normal
   JobState=COMPLETED Reason=None Dependency=(null)
   Requeue=0 Restarts=0 BatchFlag=1 ExitCode=0:0
   DerivedExitCode=0:0
   RunTime=04:39:01 TimeLimit=10:00:00 TimeMin=N/A
   SubmitTime=2013-10-04T11:11:08 EligibleTime=2013-10-04T11:11:08
   StartTime=2013-10-04T20:00:01 EndTime=2013-10-05T00:39:02
   PreemptTime=None SuspendTime=None SecsPreSuspend=0
   Partition=compute AllocNode:Sid=lonsdale01:21038
   ReqNodeList=(null) ExcNodeList=(null)
   NodeList=lonsdale-n[147-152]
   BatchHost=lonsdale-n147
   NumNodes=6 NumCPUs=48 CPUs/Task=1 ReqS:C:T=*:*:*
     Nodes=lonsdale-n[147-152] CPU_IDs=0-7 Mem=15200
   MinCPUsNode=1 MinMemoryCPU=1900M MinTmpDiskNode=0
   Features=(null) Gres=(null) Reservation=(null)
   Shared=0 Contiguous=0 Licenses=(null) Network=(null)
   Command=/home/users/baim/workspace/MD/gold/3d/100/jp/spd/newbasis/bias/1.9/800/freq/freq.sh
   WorkDir=/home/users/baim/workspace/MD/gold/3d/100/jp/spd/newbasis/bias/1.9/800/freq


Disk quota details:
===================

Quota Type           Name  Filesystem     Usage in MB     Limit in MB    % Used
-------------------------------------------------------------------------------
USER                 baim       /home          45,279          51,200    88.44%
USER                 baim   /projects             188               0       N/A

GROUP         pi-ssanvito   /projects       6,128,787       6,291,456    97.41%


SLURM Bank Statement:
=====================

User           Usage |        Account     Usage | Account Limit Available (CPU hrs)
---------- --------- + -------------- --------- + ------------- ---------

baim         128,959 |   HPC_12_00447   128,959 |       300,000   171,041
ssanvito           0 |   HPC_12_00447   128,959 |       300,000   171,041


Acknowledgements:
=================

Note that usage of TCHPC Resources *must* be acknowledged in all publications.

Please see this page for details relevant to this cluster:

http://www.tchpc.tcd.ie/resources/acknowledgementpolicy

################################################################################
