cpu-bind=MASK - cn1022, task  0  0 [43937]: mask 0xffffffffffffffff set
--------------------------------------------------------------------------
Open MPI failed an OFI Libfabric library call (fi_domain).  This is highly
unusual; your job may behave unpredictably (and/or abort) after this.

  Local host: cn1025
  Location: mtl_ofi_component.c:928
  Error: No data available (61)
--------------------------------------------------------------------------
[cn1022.scarf.rl.ac.uk:43975] 119 more processes have sent help message help-mtl-ofi.txt / OFI call fail
[cn1022.scarf.rl.ac.uk:43975] Set MCA parameter "orte_base_help_aggregate" to 0 to see all help / error messages
--------------------------------------------------------------------------
Open MPI failed an OFI Libfabric library call (fi_domain).  This is highly
unusual; your job may behave unpredictably (and/or abort) after this.

  Local host: cn1164
  Location: mtl_ofi_component.c:928
  Error: No data available (61)
--------------------------------------------------------------------------
[cn1022.scarf.rl.ac.uk:44853] 119 more processes have sent help message help-mtl-ofi.txt / OFI call fail
[cn1022.scarf.rl.ac.uk:44853] Set MCA parameter "orte_base_help_aggregate" to 0 to see all help / error messages
[1679699689.715602] [cn1022:44940:0]          mpool.c:43   UCX  WARN  object 0x666b680 was not returned to mpool ucp_requests
[1679699689.715592] [cn1022:44942:0]          mpool.c:43   UCX  WARN  object 0x5234200 was not returned to mpool ucp_requests
[1679699689.715747] [cn1022:44935:0]          mpool.c:43   UCX  WARN  object 0x56ed7c0 was not returned to mpool ucp_requests
[1679699689.715750] [cn1022:44937:0]          mpool.c:43   UCX  WARN  object 0x5d35640 was not returned to mpool ucp_requests
[1679699689.715947] [cn1022:44915:0]          mpool.c:43   UCX  WARN  object 0x644c280 was not returned to mpool ucp_requests
[1679699689.715949] [cn1022:44919:0]          mpool.c:43   UCX  WARN  object 0xd9fae40 was not returned to mpool ucp_requests
[1679699689.715935] [cn1022:44922:0]          mpool.c:43   UCX  WARN  object 0x4e1c1c0 was not returned to mpool ucp_requests
[1679699689.715957] [cn1022:44927:0]          mpool.c:43   UCX  WARN  object 0x56062c0 was not returned to mpool ucp_requests
[1679699689.715988] [cn1022:44893:0]          mpool.c:43   UCX  WARN  object 0x5e65280 was not returned to mpool ucp_requests
[1679699689.715984] [cn1022:44898:0]          mpool.c:43   UCX  WARN  object 0x5e9cec0 was not returned to mpool ucp_requests
[1679699689.715976] [cn1022:44906:0]          mpool.c:43   UCX  WARN  object 0x5849080 was not returned to mpool ucp_requests
[1679699689.715960] [cn1022:44909:0]          mpool.c:43   UCX  WARN  object 0x67fb500 was not returned to mpool ucp_requests
[1679699689.715957] [cn1022:44913:0]          mpool.c:43   UCX  WARN  object 0x5e709c0 was not returned to mpool ucp_requests
[1679699689.715998] [cn1022:44929:0]          mpool.c:43   UCX  WARN  object 0x604b280 was not returned to mpool ucp_requests
[1679699689.716019] [cn1022:44929:0]          mpool.c:43   UCX  WARN  object 0x604ec40 was not returned to mpool ucp_requests
[1679699689.716070] [cn1022:44895:0]          mpool.c:43   UCX  WARN  object 0x5192240 was not returned to mpool ucp_requests
[1679699689.716017] [cn1022:44902:0]          mpool.c:43   UCX  WARN  object 0x57e3bc0 was not returned to mpool ucp_requests
[1679699689.716031] [cn1022:44931:0]          mpool.c:43   UCX  WARN  object 0xdf76b80 was not returned to mpool ucp_requests
[1679699689.716079] [cn1022:44917:0]          mpool.c:43   UCX  WARN  object 0x6372e80 was not returned to mpool ucp_requests
-5.4589950579E+000
--------------------------------------------------------------------------
Open MPI failed an OFI Libfabric library call (fi_domain).  This is highly
unusual; your job may behave unpredictably (and/or abort) after this.

  Local host: cn1025
  Location: mtl_ofi_component.c:928
  Error: No data available (61)
--------------------------------------------------------------------------
[cn1022.scarf.rl.ac.uk:45475] 119 more processes have sent help message help-mtl-ofi.txt / OFI call fail
[cn1022.scarf.rl.ac.uk:45475] Set MCA parameter "orte_base_help_aggregate" to 0 to see all help / error messages
[1679699947.166664] [cn1022:45526:0]          mpool.c:43   UCX  WARN  object 0x6345e80 was not returned to mpool ucp_requests
[1679699947.166697] [cn1022:45563:0]          mpool.c:43   UCX  WARN  object 0x55f3b00 was not returned to mpool ucp_requests
[1679699947.166792] [cn1022:45531:0]          mpool.c:43   UCX  WARN  object 0x6127f80 was not returned to mpool ucp_requests
[1679699947.166773] [cn1022:45561:0]          mpool.c:43   UCX  WARN  object 0x5cff800 was not returned to mpool ucp_requests
[1679699947.166857] [cn1022:45529:0]          mpool.c:43   UCX  WARN  object 0x6542e00 was not returned to mpool ucp_requests
[1679699947.166864] [cn1022:45559:0]          mpool.c:43   UCX  WARN  object 0x554fe80 was not returned to mpool ucp_requests
[1679699947.166902] [cn1022:45549:0]          mpool.c:43   UCX  WARN  object 0x64ef4c0 was not returned to mpool ucp_requests
[1679699947.166925] [cn1022:45549:0]          mpool.c:43   UCX  WARN  object 0x64f02c0 was not returned to mpool ucp_requests
[1679699947.166898] [cn1022:45554:0]          mpool.c:43   UCX  WARN  object 0x64c1880 was not returned to mpool ucp_requests
[1679699947.166938] [cn1022:45513:0]          mpool.c:43   UCX  WARN  object 0x535cd80 was not returned to mpool ucp_requests
[1679699947.166944] [cn1022:45517:0]          mpool.c:43   UCX  WARN  object 0x5b9f8c0 was not returned to mpool ucp_requests
[1679699947.166941] [cn1022:45519:0]          mpool.c:43   UCX  WARN  object 0x5a1de40 was not returned to mpool ucp_requests
[1679699947.166938] [cn1022:45523:0]          mpool.c:43   UCX  WARN  object 0x693e9c0 was not returned to mpool ucp_requests
[1679699947.166959] [cn1022:45535:0]          mpool.c:43   UCX  WARN  object 0x548f080 was not returned to mpool ucp_requests
[1679699947.166929] [cn1022:45540:0]          mpool.c:43   UCX  WARN  object 0x55cc440 was not returned to mpool ucp_requests
[1679699947.166934] [cn1022:45542:0]          mpool.c:43   UCX  WARN  object 0x5294640 was not returned to mpool ucp_requests
[1679699947.166922] [cn1022:45551:0]          mpool.c:43   UCX  WARN  object 0x6a0b100 was not returned to mpool ucp_requests
[1679699947.167008] [cn1022:45545:0]          mpool.c:43   UCX  WARN  object 0x67c6640 was not returned to mpool ucp_requests
[1679699947.170096] [cn1022:45538:0]          mpool.c:43   UCX  WARN  object 0x6d2a100 was not returned to mpool ucp_requests
-5.4589950579E+000
--------------------------------------------------------------------------
Open MPI failed an OFI Libfabric library call (fi_domain).  This is highly
unusual; your job may behave unpredictably (and/or abort) after this.

  Local host: cn1164
  Location: mtl_ofi_component.c:928
  Error: No data available (61)
--------------------------------------------------------------------------
[cn1022.scarf.rl.ac.uk:46496] 119 more processes have sent help message help-mtl-ofi.txt / OFI call fail
[cn1022.scarf.rl.ac.uk:46496] Set MCA parameter "orte_base_help_aggregate" to 0 to see all help / error messages
[1679700848.244921] [cn1022:46585:0]          mpool.c:43   UCX  WARN  object 0x5587280 was not returned to mpool ucp_requests
[1679700848.245120] [cn1022:46555:0]          mpool.c:43   UCX  WARN  object 0x4e38840 was not returned to mpool ucp_requests
[1679700848.245103] [cn1022:46557:0]          mpool.c:43   UCX  WARN  object 0x5769f80 was not returned to mpool ucp_requests
[1679700848.245101] [cn1022:46560:0]          mpool.c:43   UCX  WARN  object 0x6280300 was not returned to mpool ucp_requests
[1679700848.245106] [cn1022:46563:0]          mpool.c:43   UCX  WARN  object 0x5410280 was not returned to mpool ucp_requests
[1679700848.245211] [cn1022:46566:0]          mpool.c:43   UCX  WARN  object 0x64b1940 was not returned to mpool ucp_requests
[1679700848.245129] [cn1022:46569:0]          mpool.c:43   UCX  WARN  object 0x5a73a40 was not returned to mpool ucp_requests
[1679700848.245146] [cn1022:46569:0]          mpool.c:43   UCX  WARN  object 0x5a7a180 was not returned to mpool ucp_requests
[1679700848.245162] [cn1022:46572:0]          mpool.c:43   UCX  WARN  object 0x680a6c0 was not returned to mpool ucp_requests
[1679700848.245090] [cn1022:46575:0]          mpool.c:43   UCX  WARN  object 0x58dd140 was not returned to mpool ucp_requests
[1679700848.244990] [cn1022:46579:0]          mpool.c:43   UCX  WARN  object 0x5963840 was not returned to mpool ucp_requests
[1679700848.245223] [cn1022:46583:0]          mpool.c:43   UCX  WARN  object 0x50c5a80 was not returned to mpool ucp_requests
[1679700848.245277] [cn1022:46533:0]          mpool.c:43   UCX  WARN  object 0x4f4f580 was not returned to mpool ucp_requests
[1679700848.245147] [cn1022:46536:0]          mpool.c:43   UCX  WARN  object 0x5c01a00 was not returned to mpool ucp_requests
[1679700848.245142] [cn1022:46541:0]          mpool.c:43   UCX  WARN  object 0x6575ec0 was not returned to mpool ucp_requests
[1679700848.245333] [cn1022:46545:0]          mpool.c:43   UCX  WARN  object 0x5a04ec0 was not returned to mpool ucp_requests
[1679700848.244991] [cn1022:46546:0]          mpool.c:43   UCX  WARN  object 0x69daa40 was not returned to mpool ucp_requests
[1679700848.244986] [cn1022:46549:0]          mpool.c:43   UCX  WARN  object 0x6c03680 was not returned to mpool ucp_requests
[1679700848.244988] [cn1022:46552:0]          mpool.c:43   UCX  WARN  object 0x6455200 was not returned to mpool ucp_requests
