cpu-bind=MASK - cn1068, task  0  0 [50881]: mask 0xffffffffffffffff set
--------------------------------------------------------------------------
Open MPI failed an OFI Libfabric library call (fi_domain).  This is highly
unusual; your job may behave unpredictably (and/or abort) after this.

  Local host: cn1069
  Location: mtl_ofi_component.c:928
  Error: No data available (61)
--------------------------------------------------------------------------
[cn1068.scarf.rl.ac.uk:51870] 119 more processes have sent help message help-mtl-ofi.txt / OFI call fail
[cn1068.scarf.rl.ac.uk:51870] Set MCA parameter "orte_base_help_aggregate" to 0 to see all help / error messages
--------------------------------------------------------------------------
Open MPI failed an OFI Libfabric library call (fi_domain).  This is highly
unusual; your job may behave unpredictably (and/or abort) after this.

  Local host: cn1068
  Location: mtl_ofi_component.c:928
  Error: No data available (61)
--------------------------------------------------------------------------
[cn1068.scarf.rl.ac.uk:52514] 119 more processes have sent help message help-mtl-ofi.txt / OFI call fail
[cn1068.scarf.rl.ac.uk:52514] Set MCA parameter "orte_base_help_aggregate" to 0 to see all help / error messages
[1679576719.616170] [cn1068:52605:0]          mpool.c:43   UCX  WARN  object 0x6b0c700 was not returned to mpool ucp_requests
[1679576719.616192] [cn1068:52605:0]          mpool.c:43   UCX  WARN  object 0x6b0f640 was not returned to mpool ucp_requests
[1679576719.616156] [cn1068:52579:0]          mpool.c:43   UCX  WARN  object 0x5129740 was not returned to mpool ucp_requests
[1679576719.616152] [cn1068:52584:0]          mpool.c:43   UCX  WARN  object 0x6289a80 was not returned to mpool ucp_requests
[1679576719.616203] [cn1068:52587:0]          mpool.c:43   UCX  WARN  object 0x5488f40 was not returned to mpool ucp_requests
[1679576719.616198] [cn1068:52601:0]          mpool.c:43   UCX  WARN  object 0x54c7d80 was not returned to mpool ucp_requests
[1679576719.616215] [cn1068:52601:0]          mpool.c:43   UCX  WARN  object 0x54ca400 was not returned to mpool ucp_requests
[1679576719.616288] [cn1068:52592:0]          mpool.c:43   UCX  WARN  object 0x63749c0 was not returned to mpool ucp_requests
[1679576719.616325] [cn1068:52592:0]          mpool.c:43   UCX  WARN  object 0x6376780 was not returned to mpool ucp_requests
[1679576719.616264] [cn1068:52596:0]          mpool.c:43   UCX  WARN  object 0x63305c0 was not returned to mpool ucp_requests
[1679576719.616287] [cn1068:52596:0]          mpool.c:43   UCX  WARN  object 0x6330b00 was not returned to mpool ucp_requests
[1679576719.616264] [cn1068:52599:0]          mpool.c:43   UCX  WARN  object 0x5460800 was not returned to mpool ucp_requests
[1679576719.616287] [cn1068:52599:0]          mpool.c:43   UCX  WARN  object 0x5462cc0 was not returned to mpool ucp_requests
[1679576719.616264] [cn1068:52589:0]          mpool.c:43   UCX  WARN  object 0x5643640 was not returned to mpool ucp_requests
[1679576719.616287] [cn1068:52589:0]          mpool.c:43   UCX  WARN  object 0x5643800 was not returned to mpool ucp_requests
[1679576719.616350] [cn1068:52567:0]          mpool.c:43   UCX  WARN  object 0x6b0bcc0 was not returned to mpool ucp_requests
[1679576719.616350] [cn1068:52568:0]          mpool.c:43   UCX  WARN  object 0x61662c0 was not returned to mpool ucp_requests
[1679576719.616354] [cn1068:52572:0]          mpool.c:43   UCX  WARN  object 0x590e9c0 was not returned to mpool ucp_requests
[1679576719.616398] [cn1068:52553:0]          mpool.c:43   UCX  WARN  object 0x4e73900 was not returned to mpool ucp_requests
[1679576719.616404] [cn1068:52577:0]          mpool.c:43   UCX  WARN  object 0x5395540 was not returned to mpool ucp_requests
[1679576719.616454] [cn1068:52559:0]          mpool.c:43   UCX  WARN  object 0x6b25b80 was not returned to mpool ucp_requests
[1679576719.616489] [cn1068:52576:0]          mpool.c:43   UCX  WARN  object 0x58cf2c0 was not returned to mpool ucp_requests
[1679576719.616495] [cn1068:52556:0]          mpool.c:43   UCX  WARN  object 0x6dbd000 was not returned to mpool ucp_requests
[1679576719.616526] [cn1068:52564:0]          mpool.c:43   UCX  WARN  object 0x6579900 was not returned to mpool ucp_requests
-5.4597094601E+000
--------------------------------------------------------------------------
Open MPI failed an OFI Libfabric library call (fi_domain).  This is highly
unusual; your job may behave unpredictably (and/or abort) after this.

  Local host: cn1069
  Location: mtl_ofi_component.c:928
  Error: No data available (61)
--------------------------------------------------------------------------
--------------------------------------------------------------------------
MPI_ABORT was invoked on rank 0 in communicator MPI_COMM_WORLD
with errorcode 1.

NOTE: invoking MPI_ABORT causes Open MPI to kill all MPI processes.
You may or may not see output from other processes, depending on
exactly when Open MPI kills them.
--------------------------------------------------------------------------
[cn1068.scarf.rl.ac.uk:53103] 119 more processes have sent help message help-mtl-ofi.txt / OFI call fail
[cn1068.scarf.rl.ac.uk:53103] Set MCA parameter "orte_base_help_aggregate" to 0 to see all help / error messages
-5.4597094601E+000
--------------------------------------------------------------------------
Open MPI failed an OFI Libfabric library call (fi_domain).  This is highly
unusual; your job may behave unpredictably (and/or abort) after this.

  Local host: cn1164
  Location: mtl_ofi_component.c:928
  Error: No data available (61)
--------------------------------------------------------------------------
--------------------------------------------------------------------------
MPI_ABORT was invoked on rank 0 in communicator MPI_COMM_WORLD
with errorcode 1.

NOTE: invoking MPI_ABORT causes Open MPI to kill all MPI processes.
You may or may not see output from other processes, depending on
exactly when Open MPI kills them.
--------------------------------------------------------------------------
[cn1068.scarf.rl.ac.uk:53671] 119 more processes have sent help message help-mtl-ofi.txt / OFI call fail
[cn1068.scarf.rl.ac.uk:53671] Set MCA parameter "orte_base_help_aggregate" to 0 to see all help / error messages
