cpu-bind=MASK - cn1015, task  0  0 [58010]: mask 0xffffffffffffffff set
--------------------------------------------------------------------------
Open MPI failed an OFI Libfabric library call (fi_domain).  This is highly
unusual; your job may behave unpredictably (and/or abort) after this.

  Local host: cn1076
  Location: mtl_ofi_component.c:928
  Error: No data available (61)
--------------------------------------------------------------------------
[cn1015.scarf.rl.ac.uk:58054] 119 more processes have sent help message help-mtl-ofi.txt / OFI call fail
[cn1015.scarf.rl.ac.uk:58054] Set MCA parameter "orte_base_help_aggregate" to 0 to see all help / error messages
--------------------------------------------------------------------------
Open MPI failed an OFI Libfabric library call (fi_domain).  This is highly
unusual; your job may behave unpredictably (and/or abort) after this.

  Local host: cn1076
  Location: mtl_ofi_component.c:928
  Error: No data available (61)
--------------------------------------------------------------------------
[cn1015.scarf.rl.ac.uk:58641] 119 more processes have sent help message help-mtl-ofi.txt / OFI call fail
[cn1015.scarf.rl.ac.uk:58641] Set MCA parameter "orte_base_help_aggregate" to 0 to see all help / error messages
[1679607081.072917] [cn1015:58722:0]          mpool.c:43   UCX  WARN  object 0x6d8eb80 was not returned to mpool ucp_requests
[1679607081.072901] [cn1015:58726:0]          mpool.c:43   UCX  WARN  object 0x67e2100 was not returned to mpool ucp_requests
[1679607081.072898] [cn1015:58729:0]          mpool.c:43   UCX  WARN  object 0x5227fc0 was not returned to mpool ucp_requests
[1679607081.072987] [cn1015:58724:0]          mpool.c:43   UCX  WARN  object 0x6dca300 was not returned to mpool ucp_requests
[1679607081.073095] [cn1015:58698:0]          mpool.c:43   UCX  WARN  object 0x634af40 was not returned to mpool ucp_requests
[1679607081.073111] [cn1015:58706:0]          mpool.c:43   UCX  WARN  object 0x5bcda80 was not returned to mpool ucp_requests
[1679607081.073113] [cn1015:58714:0]          mpool.c:43   UCX  WARN  object 0x5e16400 was not returned to mpool ucp_requests
[1679607081.073112] [cn1015:58716:0]          mpool.c:43   UCX  WARN  object 0x53094c0 was not returned to mpool ucp_requests
[1679607081.073137] [cn1015:58716:0]          mpool.c:43   UCX  WARN  object 0x530ee00 was not returned to mpool ucp_requests
[1679607081.073156] [cn1015:58711:0]          mpool.c:43   UCX  WARN  object 0x63f30c0 was not returned to mpool ucp_requests
[1679607081.073154] [cn1015:58681:0]          mpool.c:43   UCX  WARN  object 0x59c5fc0 was not returned to mpool ucp_requests
[1679607081.073167] [cn1015:58693:0]          mpool.c:43   UCX  WARN  object 0x5194a00 was not returned to mpool ucp_requests
[1679607081.073158] [cn1015:58695:0]          mpool.c:43   UCX  WARN  object 0x6a98e40 was not returned to mpool ucp_requests
[1679607081.073154] [cn1015:58704:0]          mpool.c:43   UCX  WARN  object 0x51e7400 was not returned to mpool ucp_requests
[1679607081.073185] [cn1015:58702:0]          mpool.c:43   UCX  WARN  object 0x574bd40 was not returned to mpool ucp_requests
[1679607081.073220] [cn1015:58684:0]          mpool.c:43   UCX  WARN  object 0x6163e80 was not returned to mpool ucp_requests
[1679607081.073228] [cn1015:58718:0]          mpool.c:43   UCX  WARN  object 0x6385740 was not returned to mpool ucp_requests
[1679607081.073298] [cn1015:58686:0]          mpool.c:43   UCX  WARN  object 0x57ca2c0 was not returned to mpool ucp_requests
[1679607081.073291] [cn1015:58689:0]          mpool.c:43   UCX  WARN  object 0x6342100 was not returned to mpool ucp_requests
-5.4597094601E+000
--------------------------------------------------------------------------
Open MPI failed an OFI Libfabric library call (fi_domain).  This is highly
unusual; your job may behave unpredictably (and/or abort) after this.

  Local host: cn1015
  Location: mtl_ofi_component.c:928
  Error: No data available (61)
--------------------------------------------------------------------------
[cn1015.scarf.rl.ac.uk:59221] 119 more processes have sent help message help-mtl-ofi.txt / OFI call fail
[cn1015.scarf.rl.ac.uk:59221] Set MCA parameter "orte_base_help_aggregate" to 0 to see all help / error messages
[1679607118.720165] [cn1015:59310:0]          mpool.c:43   UCX  WARN  object 0x5a0ec80 was not returned to mpool ucp_requests
[1679607118.720323] [cn1015:59307:0]          mpool.c:43   UCX  WARN  object 0x52f86c0 was not returned to mpool ucp_requests
[1679607118.720373] [cn1015:59302:0]          mpool.c:43   UCX  WARN  object 0x622b080 was not returned to mpool ucp_requests
[1679607118.720455] [cn1015:59298:0]          mpool.c:43   UCX  WARN  object 0x5cddcc0 was not returned to mpool ucp_requests
[1679607118.720516] [cn1015:59270:0]          mpool.c:43   UCX  WARN  object 0x5950f80 was not returned to mpool ucp_requests
[1679607118.720516] [cn1015:59276:0]          mpool.c:43   UCX  WARN  object 0x649ba00 was not returned to mpool ucp_requests
[1679607118.720530] [cn1015:59294:0]          mpool.c:43   UCX  WARN  object 0x6631540 was not returned to mpool ucp_requests
[1679607118.720565] [cn1015:59294:0]          mpool.c:43   UCX  WARN  object 0x6632340 was not returned to mpool ucp_requests
[1679607118.720536] [cn1015:59265:0]          mpool.c:43   UCX  WARN  object 0x56edd40 was not returned to mpool ucp_requests
[1679607118.720559] [cn1015:59268:0]          mpool.c:43   UCX  WARN  object 0x5161800 was not returned to mpool ucp_requests
[1679607118.720553] [cn1015:59283:0]          mpool.c:43   UCX  WARN  object 0x6af0900 was not returned to mpool ucp_requests
[1679607118.720572] [cn1015:59287:0]          mpool.c:43   UCX  WARN  object 0x5f71980 was not returned to mpool ucp_requests
[1679607118.720559] [cn1015:59291:0]          mpool.c:43   UCX  WARN  object 0x50f1980 was not returned to mpool ucp_requests
[1679607118.720558] [cn1015:59296:0]          mpool.c:43   UCX  WARN  object 0x5a47d80 was not returned to mpool ucp_requests
[1679607118.720558] [cn1015:59263:0]          mpool.c:43   UCX  WARN  object 0x6658fc0 was not returned to mpool ucp_requests
[1679607118.720592] [cn1015:59273:0]          mpool.c:43   UCX  WARN  object 0x57c68c0 was not returned to mpool ucp_requests
[1679607118.720583] [cn1015:59279:0]          mpool.c:43   UCX  WARN  object 0x5cc77c0 was not returned to mpool ucp_requests
[1679607118.720592] [cn1015:59289:0]          mpool.c:43   UCX  WARN  object 0x673a500 was not returned to mpool ucp_requests
[1679607118.720668] [cn1015:59259:0]          mpool.c:43   UCX  WARN  object 0x51ffec0 was not returned to mpool ucp_requests
-5.4597094601E+000
--------------------------------------------------------------------------
Open MPI failed an OFI Libfabric library call (fi_domain).  This is highly
unusual; your job may behave unpredictably (and/or abort) after this.

  Local host: cn1015
  Location: mtl_ofi_component.c:928
  Error: No data available (61)
--------------------------------------------------------------------------
[cn1015.scarf.rl.ac.uk:59849] 119 more processes have sent help message help-mtl-ofi.txt / OFI call fail
[cn1015.scarf.rl.ac.uk:59849] Set MCA parameter "orte_base_help_aggregate" to 0 to see all help / error messages
[1679607198.024256] [cn1015:59930:0]          mpool.c:43   UCX  WARN  object 0x5044a00 was not returned to mpool ucp_requests
[1679607198.024393] [cn1015:59905:0]          mpool.c:43   UCX  WARN  object 0x6dbc680 was not returned to mpool ucp_requests
[1679607198.024371] [cn1015:59927:0]          mpool.c:43   UCX  WARN  object 0x6dde2c0 was not returned to mpool ucp_requests
[1679607198.024409] [cn1015:59903:0]          mpool.c:43   UCX  WARN  object 0x6283e00 was not returned to mpool ucp_requests
[1679607198.024426] [cn1015:59899:0]          mpool.c:43   UCX  WARN  object 0x6474440 was not returned to mpool ucp_requests
[1679607198.024446] [cn1015:59908:0]          mpool.c:43   UCX  WARN  object 0x6736980 was not returned to mpool ucp_requests
[1679607198.024489] [cn1015:59887:0]          mpool.c:43   UCX  WARN  object 0x4ef6c00 was not returned to mpool ucp_requests
[1679607198.024486] [cn1015:59891:0]          mpool.c:43   UCX  WARN  object 0x644bec0 was not returned to mpool ucp_requests
[1679607198.024480] [cn1015:59893:0]          mpool.c:43   UCX  WARN  object 0x6332640 was not returned to mpool ucp_requests
[1679607198.024492] [cn1015:59915:0]          mpool.c:43   UCX  WARN  object 0x52ed900 was not returned to mpool ucp_requests
[1679607198.024507] [cn1015:59923:0]          mpool.c:43   UCX  WARN  object 0x5f67e80 was not returned to mpool ucp_requests
[1679607198.024540] [cn1015:59896:0]          mpool.c:43   UCX  WARN  object 0x5f956c0 was not returned to mpool ucp_requests
[1679607198.024510] [cn1015:59916:0]          mpool.c:43   UCX  WARN  object 0x64c0940 was not returned to mpool ucp_requests
[1679607198.024559] [cn1015:59919:0]          mpool.c:43   UCX  WARN  object 0x5a95840 was not returned to mpool ucp_requests
[1679607198.024507] [cn1015:59921:0]          mpool.c:43   UCX  WARN  object 0x5c45200 was not returned to mpool ucp_requests
[1679607198.024526] [cn1015:59921:0]          mpool.c:43   UCX  WARN  object 0x5c45e40 was not returned to mpool ucp_requests
[1679607198.027137] [cn1015:59935:0]          mpool.c:43   UCX  WARN  object 0x6714280 was not returned to mpool ucp_requests
[1679607198.027229] [cn1015:59938:0]          mpool.c:43   UCX  WARN  object 0x5b9f2c0 was not returned to mpool ucp_requests
[1679607198.027411] [cn1015:59912:0]          mpool.c:43   UCX  WARN  object 0x6068a40 was not returned to mpool ucp_requests
