 iscf   Eharris(eV)      E_KS(eV)   FreeEng(eV)    dHmax    dDmax   Ef(eV)
    1      -31.3300      -31.3220      -31.3220   0.01029   0.00000 -4.72397
    2      -31.3293      -31.3292      -31.3292   0.00138   0.00000 -4.84527
    3      -31.3293      -31.3286      -31.3286   0.00044   0.00000 -4.83245
    4      -31.3293      -31.3292      -31.3292   0.00016   0.00000 -4.83352
    5      -31.3293      -31.3292      -31.3292   0.00015   0.00000 -4.83354
    6      -31.3293      -31.3292      -31.3292   0.00015   0.00000 -4.83356
    7      -31.3293      -31.3292      -31.3292   0.00014   0.00000 -4.83358
    8      -31.3293      -31.3292      -31.3292   0.00014   0.00000 -4.83360
    9      -31.3293      -31.3292      -31.3292   0.00014   0.00000 -4.83362
   10      -31.3293      -31.3292      -31.3292   0.00013   0.00000 -4.83364
   11      -31.3293      -31.3292      -31.3292   0.00013   0.00000 -4.83366
   12      -31.3293      -31.3293      -31.3293   0.00013   0.00000 -4.83368
   13      -31.3293      -31.3293      -31.3293   0.00012   0.00000 -4.83370
   14      -31.3293      -31.3293      -31.3293   0.00012   0.00000 -4.83371
   15      -31.3293      -31.3293      -31.3293   0.00012   0.00000 -4.83373
   16      -31.3293      -31.3293      -31.3293   0.00011   0.00000 -4.83375
   17      -31.3293      -31.3293      -31.3293   0.00011   0.00000 -4.83376
   18      -31.3293      -31.3293      -31.3293   0.00011   0.00000 -4.83378
   19      -31.3293      -31.3293      -31.3293   0.00010   0.00000 -4.83380
   20      -31.3293      -31.3293      -31.3293   0.00010   0.00000 -4.83381
   21      -31.3293      -31.3293      -31.3293   0.00010   0.00000 -4.83383
   22      -31.3293      -31.3293      -31.3293   0.00010   0.00000 -4.83384
   23      -31.3293      -31.3293      -31.3293   0.00009   0.00000 -4.83386
   24      -31.3293      -31.3293      -31.3293   0.00009   0.00000 -4.83387
   25      -31.3293      -31.3293      -31.3293   0.00009   0.00000 -4.83389
   26      -31.3293      -31.3293      -31.3293   0.00009   0.00000 -4.83390
   27      -31.3293      -31.3293      -31.3293   0.00008   0.00000 -4.83391
   28      -31.3293      -31.3293      -31.3293   0.00008   0.00000 -4.83393
   29      -31.3293      -31.3293      -31.3293   0.00008   0.00000 -4.83394
   30      -31.3293      -31.3293      -31.3293   0.00008   0.00000 -4.83395
   31      -31.3293      -31.3293      -31.3293   0.00007   0.00000 -4.83396
   32      -31.3293      -31.3293      -31.3293   0.00007   0.00000 -4.83397
   33      -31.3293      -31.3293      -31.3293   0.00007   0.00000 -4.83399
   34      -31.3293      -31.3293      -31.3293   0.00007   0.00000 -4.83400
   35      -31.3293      -31.3293      -31.3293   0.00007   0.00000 -4.83401
   36      -31.3293      -31.3293      -31.3293   0.00007   0.00000 -4.83402
   37      -31.3293      -31.3293      -31.3293   0.00006   0.00000 -4.83403
   38      -31.3293      -31.3293      -31.3293   0.00006   0.00000 -4.83404
   39      -31.3293      -31.3293      -31.3293   0.00006   0.00000 -4.83405
   40      -31.3293      -31.3293      -31.3293   0.00006   0.00000 -4.83406
   41      -31.3293      -31.3293      -31.3293   0.00006   0.00000 -4.83407
   42      -31.3293      -31.3293      -31.3293   0.00006   0.00000 -4.83408
   43      -31.3293      -31.3293      -31.3293   0.00005   0.00000 -4.83409
   44      -31.3293      -31.3293      -31.3293   0.00005   0.00000 -4.83410
   45      -31.3293      -31.3293      -31.3293   0.00005   0.00000 -4.83411
   46      -31.3293      -31.3293      -31.3293   0.00005   0.00000 -4.83412
   47      -31.3293      -31.3293      -31.3293   0.00005   0.00000 -4.83413
   48      -31.3293      -31.3293      -31.3293   0.00005   0.00000 -4.83413
   49      -31.3293      -31.3293      -31.3293   0.00005   0.00000 -4.83414
   50      -31.3293      -31.3293      -31.3293   0.00004   0.00000 -4.83415
   51      -31.3293      -31.3293      -31.3293   0.00004   0.00000 -4.83416
   52      -31.3293      -31.3293      -31.3293   0.00004   0.00000 -4.83417
   53      -31.3293      -31.3293      -31.3293   0.00004   0.00000 -4.83417
   54      -31.3293      -31.3293      -31.3293   0.00004   0.00000 -4.83418
   55      -31.3293      -31.3293      -31.3293   0.00004   0.00000 -4.83419
   56      -31.3293      -31.3293      -31.3293   0.00004   0.00000 -4.83419
   57      -31.3293      -31.3293      -31.3293   0.00004   0.00000 -4.83420
   58      -31.3293      -31.3293      -31.3293   0.00004   0.00000 -4.83421
   59      -31.3293      -31.3293      -31.3293   0.00004   0.00000 -4.83421
   60      -31.3293      -31.3293      -31.3293   0.00003   0.00000 -4.83422
   61      -31.3293      -31.3293      -31.3293   0.00003   0.00000 -4.83423
   62      -31.3293      -31.3293      -31.3293   0.00003   0.00000 -4.83423
   63      -31.3293      -31.3293      -31.3293   0.00003   0.00000 -4.83424
   64      -31.3293      -31.3293      -31.3293   0.00003   0.00000 -4.83425
   65      -31.3293      -31.3293      -31.3293   0.00003   0.00000 -4.83425
   66      -31.3293      -31.3293      -31.3293   0.00003   0.00000 -4.83426
   67      -31.3293      -31.3293      -31.3293   0.00003   0.00000 -4.83426
   68      -31.3293      -31.3293      -31.3293   0.00003   0.00000 -4.83427
   69      -31.3293      -31.3293      -31.3293   0.00003   0.00000 -4.83427
   70      -31.3293      -31.3293      -31.3293   0.00003   0.00000 -4.83428
   71      -31.3293      -31.3293      -31.3293   0.00003   0.00000 -4.83428
   72      -31.3293      -31.3293      -31.3293   0.00002   0.00000 -4.83429
   73      -31.3293      -31.3293      -31.3293   0.00002   0.00000 -4.83429
   74      -31.3293      -31.3293      -31.3293   0.00002   0.00000 -4.83430
   75      -31.3293      -31.3293      -31.3293   0.00002   0.00000 -4.83430
   76      -31.3293      -31.3293      -31.3293   0.00002   0.00000 -4.83431
   77      -31.3293      -31.3293      -31.3293   0.00002   0.00000 -4.83431
   78      -31.3293      -31.3293      -31.3293   0.00002   0.00000 -4.83432
   79      -31.3293      -31.3293      -31.3293   0.00002   0.00000 -4.83432
   80      -31.3293      -31.3293      -31.3293   0.00002   0.00000 -4.83432
   81      -31.3293      -31.3293      -31.3293   0.00002   0.00000 -4.83433
