Done.


###############################################################################
TCHPC Cluster: lonsdale
Job 161711 (freq-1.4) for User 'baim' in Account 'hpc_12_00447'
Finished at: Thu Oct  3 00:07:30 IST 2013

Job completion status:
======================

       JobID    JobName      Account  Partition   NTasks  AllocCPUS  MaxVMSize    Elapsed      State ExitCode 
------------ ---------- ------------ ---------- -------- ---------- ---------- ---------- ---------- -------- 
161711         freq-1.4 hpc_12_00447    compute                  48              02:59:07  COMPLETED      0:0 
161711.batch      batch hpc_12_00447                   1          1   7696276K   02:59:07  COMPLETED      0:0 
161711.0          orted hpc_12_00447                   5          5   7499592K   02:59:07  COMPLETED      0:0 


Job details:
============

JobId=161711 Name=freq-1.4
   UserId=baim(5349) GroupId=baim(9152)
   Priority=12055489 Account=hpc_12_00447 QOS=normal
   JobState=COMPLETING Reason=None Dependency=(null)
   Requeue=0 Restarts=0 BatchFlag=1 ExitCode=0:0
   DerivedExitCode=0:0
   RunTime=02:59:07 TimeLimit=23:00:00 TimeMin=N/A
   SubmitTime=2013-10-01T17:34:59 EligibleTime=2013-10-01T17:35:00
   StartTime=2013-10-02T21:08:22 EndTime=2013-10-03T00:07:29
   PreemptTime=None SuspendTime=None SecsPreSuspend=0
   Partition=compute AllocNode:Sid=lonsdale01:710
   ReqNodeList=(null) ExcNodeList=(null)
   NodeList=lonsdale-n[079,097,104,109-110]
   BatchHost=lonsdale-n075
   NumNodes=5 NumCPUs=40 CPUs/Task=1 ReqS:C:T=*:*:*
     Nodes=lonsdale-n[079,097,104,109-110] CPU_IDs=0-7 Mem=15200
   MinCPUsNode=1 MinMemoryCPU=1900M MinTmpDiskNode=0
   Features=(null) Gres=(null) Reservation=(null)
   Shared=0 Contiguous=0 Licenses=(null) Network=(null)
   Command=/home/users/baim/workspace/MD/gold/3d/100/jp/spd/newbasis/bias/1.4/800/freq/freq.sh
   WorkDir=/home/users/baim/workspace/MD/gold/3d/100/jp/spd/newbasis/bias/1.4/800/freq


Disk quota details:
===================

Quota Type           Name  Filesystem     Usage in MB     Limit in MB    % Used
-------------------------------------------------------------------------------
USER                 baim       /home          41,316          51,200    80.70%
USER                 baim   /projects             188               0       N/A

GROUP         pi-ssanvito   /projects       6,126,722       6,291,456    97.38%


SLURM Bank Statement:
=====================

User           Usage |        Account     Usage | Account Limit Available (CPU hrs)
---------- --------- + -------------- --------- + ------------- ---------

baim         128,146 |   HPC_12_00447   128,146 |       300,000   171,854
ssanvito           0 |   HPC_12_00447   128,146 |       300,000   171,854


Acknowledgements:
=================

Note that usage of TCHPC Resources *must* be acknowledged in all publications.

Please see this page for details relevant to this cluster:

http://www.tchpc.tcd.ie/resources/acknowledgementpolicy

################################################################################
