Done.


###############################################################################
TCHPC Cluster: lonsdale
Job 161611 (opt-1.4) for User 'baim' in Account 'hpc_12_00447'
Finished at: Mon Sep 30 16:29:52 IST 2013

Job completion status:
======================

       JobID    JobName      Account  Partition   NTasks  AllocCPUS  MaxVMSize    Elapsed      State ExitCode 
------------ ---------- ------------ ---------- -------- ---------- ---------- ---------- ---------- -------- 
161611          opt-1.4 hpc_12_00447    compute                  32              04:21:49  COMPLETED      0:0 
161611.batch      batch hpc_12_00447                   1          1   8211260K   04:21:49  COMPLETED      0:0 
161611.0          orted hpc_12_00447                   3          3   8137884K   04:21:47  COMPLETED      0:0 


Job details:
============

JobId=161611 Name=opt-1.4
   UserId=baim(5349) GroupId=baim(9152)
   Priority=16230058 Account=hpc_12_00447 QOS=normal
   JobState=COMPLETED Reason=None Dependency=(null)
   Requeue=0 Restarts=0 BatchFlag=1 ExitCode=0:0
   DerivedExitCode=0:0
   RunTime=04:21:49 TimeLimit=11:00:00 TimeMin=N/A
   SubmitTime=2013-09-30T11:24:52 EligibleTime=2013-09-30T11:24:52
   StartTime=2013-09-30T12:08:03 EndTime=2013-09-30T16:29:52
   PreemptTime=None SuspendTime=None SecsPreSuspend=0
   Partition=compute AllocNode:Sid=lonsdale01:15612
   ReqNodeList=(null) ExcNodeList=(null)
   NodeList=lonsdale-n[035-038]
   BatchHost=lonsdale-n035
   NumNodes=4 NumCPUs=32 CPUs/Task=1 ReqS:C:T=*:*:*
     Nodes=lonsdale-n[035-038] CPU_IDs=0-7 Mem=15200
   MinCPUsNode=1 MinMemoryCPU=1900M MinTmpDiskNode=0
   Features=(null) Gres=(null) Reservation=(null)
   Shared=0 Contiguous=0 Licenses=(null) Network=(null)
   Command=/home/users/baim/workspace/MD/gold/3d/100/jp/spd/newbasis/bias/1.4/800/opt/opt.sh
   WorkDir=/home/users/baim/workspace/MD/gold/3d/100/jp/spd/newbasis/bias/1.4/800/opt


Disk quota details:
===================

Quota Type           Name  Filesystem     Usage in MB     Limit in MB    % Used
-------------------------------------------------------------------------------
USER                 baim       /home          42,206          51,200    82.43%
USER                 baim   /projects             188               0       N/A

GROUP         pi-ssanvito   /projects       6,123,004       6,291,456    97.32%


SLURM Bank Statement:
=====================

User           Usage |        Account     Usage | Account Limit Available (CPU hrs)
---------- --------- + -------------- --------- + ------------- ---------

baim         124,513 |   HPC_12_00447   124,513 |       300,000   175,487
ssanvito           0 |   HPC_12_00447   124,513 |       300,000   175,487


Acknowledgements:
=================

Note that usage of TCHPC Resources *must* be acknowledged in all publications.

Please see this page for details relevant to this cluster:

http://www.tchpc.tcd.ie/resources/acknowledgementpolicy

################################################################################
