 iscf   Eharris(eV)      E_KS(eV)   FreeEng(eV)    dHmax    dDmax   Ef(eV)
    1      -31.3299      -31.3219      -31.3219   0.01029   0.00000 -4.72388
    2      -31.3293      -31.3292      -31.3292   0.00137   0.00000 -4.84518
    3      -31.3293      -31.3285      -31.3285   0.00044   0.00000 -4.83236
    4      -31.3293      -31.3292      -31.3292   0.00015   0.00000 -4.83343
    5      -31.3293      -31.3292      -31.3292   0.00015   0.00000 -4.83345
    6      -31.3293      -31.3292      -31.3292   0.00014   0.00000 -4.83347
    7      -31.3293      -31.3292      -31.3292   0.00014   0.00000 -4.83349
    8      -31.3293      -31.3292      -31.3292   0.00014   0.00000 -4.83351
    9      -31.3293      -31.3292      -31.3292   0.00013   0.00000 -4.83353
   10      -31.3293      -31.3292      -31.3292   0.00013   0.00000 -4.83355
   11      -31.3293      -31.3292      -31.3292   0.00012   0.00000 -4.83357
   12      -31.3293      -31.3292      -31.3292   0.00012   0.00000 -4.83359
   13      -31.3293      -31.3292      -31.3292   0.00012   0.00000 -4.83361
   14      -31.3293      -31.3292      -31.3292   0.00011   0.00000 -4.83363
   15      -31.3293      -31.3292      -31.3292   0.00011   0.00000 -4.83364
   16      -31.3293      -31.3292      -31.3292   0.00011   0.00000 -4.83366
   17      -31.3293      -31.3292      -31.3292   0.00011   0.00000 -4.83368
   18      -31.3293      -31.3292      -31.3292   0.00010   0.00000 -4.83369
   19      -31.3293      -31.3292      -31.3292   0.00010   0.00000 -4.83371
   20      -31.3293      -31.3292      -31.3292   0.00010   0.00000 -4.83372
   21      -31.3293      -31.3292      -31.3292   0.00009   0.00000 -4.83374
   22      -31.3293      -31.3292      -31.3292   0.00009   0.00000 -4.83375
   23      -31.3293      -31.3292      -31.3292   0.00009   0.00000 -4.83377
   24      -31.3293      -31.3292      -31.3292   0.00009   0.00000 -4.83378
   25      -31.3293      -31.3292      -31.3292   0.00009   0.00000 -4.83380
   26      -31.3293      -31.3292      -31.3292   0.00008   0.00000 -4.83381
   27      -31.3293      -31.3292      -31.3292   0.00008   0.00000 -4.83382
   28      -31.3293      -31.3292      -31.3292   0.00008   0.00000 -4.83384
   29      -31.3293      -31.3292      -31.3292   0.00008   0.00000 -4.83385
   30      -31.3293      -31.3292      -31.3292   0.00007   0.00000 -4.83386
   31      -31.3293      -31.3292      -31.3292   0.00007   0.00000 -4.83387
   32      -31.3293      -31.3292      -31.3292   0.00007   0.00000 -4.83389
   33      -31.3293      -31.3292      -31.3292   0.00007   0.00000 -4.83390
   34      -31.3293      -31.3292      -31.3292   0.00007   0.00000 -4.83391
   35      -31.3293      -31.3292      -31.3292   0.00007   0.00000 -4.83392
   36      -31.3293      -31.3292      -31.3292   0.00006   0.00000 -4.83393
   37      -31.3293      -31.3292      -31.3292   0.00006   0.00000 -4.83394
   38      -31.3293      -31.3292      -31.3292   0.00006   0.00000 -4.83395
   39      -31.3293      -31.3292      -31.3292   0.00006   0.00000 -4.83396
   40      -31.3293      -31.3292      -31.3292   0.00006   0.00000 -4.83397
   41      -31.3293      -31.3293      -31.3293   0.00006   0.00000 -4.83398
   42      -31.3293      -31.3293      -31.3293   0.00005   0.00000 -4.83399
   43      -31.3293      -31.3293      -31.3293   0.00005   0.00000 -4.83400
   44      -31.3293      -31.3293      -31.3293   0.00005   0.00000 -4.83401
   45      -31.3293      -31.3293      -31.3293   0.00005   0.00000 -4.83402
   46      -31.3293      -31.3293      -31.3293   0.00005   0.00000 -4.83403
   47      -31.3293      -31.3293      -31.3293   0.00005   0.00000 -4.83404
   48      -31.3293      -31.3293      -31.3293   0.00005   0.00000 -4.83405
   49      -31.3293      -31.3293      -31.3293   0.00004   0.00000 -4.83405
   50      -31.3293      -31.3293      -31.3293   0.00004   0.00000 -4.83406
   51      -31.3293      -31.3293      -31.3293   0.00004   0.00000 -4.83407
   52      -31.3293      -31.3293      -31.3293   0.00004   0.00000 -4.83408
   53      -31.3293      -31.3293      -31.3293   0.00004   0.00000 -4.83409
   54      -31.3293      -31.3293      -31.3293   0.00004   0.00000 -4.83409
   55      -31.3293      -31.3293      -31.3293   0.00004   0.00000 -4.83410
   56      -31.3293      -31.3293      -31.3293   0.00004   0.00000 -4.83411
   57      -31.3293      -31.3293      -31.3293   0.00004   0.00000 -4.83411
   58      -31.3293      -31.3293      -31.3293   0.00004   0.00000 -4.83412
   59      -31.3293      -31.3293      -31.3293   0.00003   0.00000 -4.83413
   60      -31.3293      -31.3293      -31.3293   0.00003   0.00000 -4.83413
   61      -31.3293      -31.3293      -31.3293   0.00003   0.00000 -4.83414
   62      -31.3293      -31.3293      -31.3293   0.00003   0.00000 -4.83415
   63      -31.3293      -31.3293      -31.3293   0.00003   0.00000 -4.83415
   64      -31.3293      -31.3293      -31.3293   0.00003   0.00000 -4.83416
   65      -31.3293      -31.3293      -31.3293   0.00003   0.00000 -4.83416
   66      -31.3293      -31.3293      -31.3293   0.00003   0.00000 -4.83417
   67      -31.3293      -31.3293      -31.3293   0.00003   0.00000 -4.83417
   68      -31.3293      -31.3293      -31.3293   0.00003   0.00000 -4.83418
   69      -31.3293      -31.3293      -31.3293   0.00003   0.00000 -4.83419
   70      -31.3293      -31.3293      -31.3293   0.00003   0.00000 -4.83419
   71      -31.3293      -31.3293      -31.3293   0.00003   0.00000 -4.83420
   72      -31.3293      -31.3293      -31.3293   0.00002   0.00000 -4.83420
   73      -31.3293      -31.3293      -31.3293   0.00002   0.00000 -4.83421
   74      -31.3293      -31.3293      -31.3293   0.00002   0.00000 -4.83421
   75      -31.3293      -31.3293      -31.3293   0.00002   0.00000 -4.83421
   76      -31.3293      -31.3293      -31.3293   0.00002   0.00000 -4.83422
   77      -31.3293      -31.3293      -31.3293   0.00002   0.00000 -4.83422
   78      -31.3293      -31.3293      -31.3293   0.00002   0.00000 -4.83423
   79      -31.3293      -31.3293      -31.3293   0.00002   0.00000 -4.83423
   80      -31.3293      -31.3293      -31.3293   0.00002   0.00000 -4.83424
