cpu-bind=MASK - cn1011, task  0  0 [18602]: mask 0xffffffffffffffff set
--------------------------------------------------------------------------
Open MPI failed an OFI Libfabric library call (fi_domain).  This is highly
unusual; your job may behave unpredictably (and/or abort) after this.

  Local host: cn1136
  Location: mtl_ofi_component.c:928
  Error: No data available (61)
--------------------------------------------------------------------------
[cn1011.scarf.rl.ac.uk:19630] [[46208,0],0] ORTE_ERROR_LOG: Out of resource in file util/show_help.c at line 501
[cn1011.scarf.rl.ac.uk:19630] 238 more processes have sent help message help-mtl-ofi.txt / OFI call fail
[cn1011.scarf.rl.ac.uk:19630] Set MCA parameter "orte_base_help_aggregate" to 0 to see all help / error messages
--------------------------------------------------------------------------
Open MPI failed an OFI Libfabric library call (fi_domain).  This is highly
unusual; your job may behave unpredictably (and/or abort) after this.

  Local host: cn1084
  Location: mtl_ofi_component.c:928
  Error: No data available (61)
--------------------------------------------------------------------------
[cn1011.scarf.rl.ac.uk:20284] 239 more processes have sent help message help-mtl-ofi.txt / OFI call fail
[cn1011.scarf.rl.ac.uk:20284] Set MCA parameter "orte_base_help_aggregate" to 0 to see all help / error messages
[1678401157.789261] [cn1084:11017:0]          mpool.c:43   UCX  WARN  object 0xa626a40 was not returned to mpool ucp_requests
[1678401157.800547] [cn1011:20355:0]          mpool.c:43   UCX  WARN  object 0x60f0500 was not returned to mpool ucp_requests
[1678401157.800548] [cn1011:20357:0]          mpool.c:43   UCX  WARN  object 0xb176000 was not returned to mpool ucp_requests
[1678401157.800540] [cn1011:20360:0]          mpool.c:43   UCX  WARN  object 0x5c404c0 was not returned to mpool ucp_requests
[1678401157.800685] [cn1011:20353:0]          mpool.c:43   UCX  WARN  object 0xa7ecfc0 was not returned to mpool ucp_requests
[1678401157.800831] [cn1011:20364:0]          mpool.c:43   UCX  WARN  object 0xc2a3a40 was not returned to mpool ucp_requests
[1678401157.800822] [cn1011:20376:0]          mpool.c:43   UCX  WARN  object 0xacc9e00 was not returned to mpool ucp_requests
[1678401157.800863] [cn1011:20366:0]          mpool.c:43   UCX  WARN  object 0xb892980 was not returned to mpool ucp_requests
[1678401157.800876] [cn1011:20370:0]          mpool.c:43   UCX  WARN  object 0x68e4080 was not returned to mpool ucp_requests
[1678401157.800903] [cn1011:20374:0]          mpool.c:43   UCX  WARN  object 0xa6f5980 was not returned to mpool ucp_requests
[1678401157.800868] [cn1011:20377:0]          mpool.c:43   UCX  WARN  object 0xb419cc0 was not returned to mpool ucp_requests
--------------------------------------------------------------------------
Open MPI failed an OFI Libfabric library call (fi_domain).  This is highly
unusual; your job may behave unpredictably (and/or abort) after this.

  Local host: cn1136
  Location: mtl_ofi_component.c:928
  Error: No data available (61)
--------------------------------------------------------------------------
[cn1011.scarf.rl.ac.uk:20953] 239 more processes have sent help message help-mtl-ofi.txt / OFI call fail
[cn1011.scarf.rl.ac.uk:20953] Set MCA parameter "orte_base_help_aggregate" to 0 to see all help / error messages
[1678401980.107633] [cn1084:11698:0]          mpool.c:43   UCX  WARN  object 0xb801d40 was not returned to mpool ucp_requests
[1678401980.118565] [cn1011:21031:0]          mpool.c:43   UCX  WARN  object 0xadec640 was not returned to mpool ucp_requests
[1678401980.118617] [cn1011:21035:0]          mpool.c:43   UCX  WARN  object 0x614e9c0 was not returned to mpool ucp_requests
[1678401980.118630] [cn1011:21023:0]          mpool.c:43   UCX  WARN  object 0xa714380 was not returned to mpool ucp_requests
[1678401980.118663] [cn1011:21021:0]          mpool.c:43   UCX  WARN  object 0xb30c3c0 was not returned to mpool ucp_requests
[1678401980.118645] [cn1011:21033:0]          mpool.c:43   UCX  WARN  object 0x67784c0 was not returned to mpool ucp_requests
[1678401980.118643] [cn1011:21039:0]          mpool.c:43   UCX  WARN  object 0x5274f40 was not returned to mpool ucp_requests
[1678401980.118683] [cn1011:21042:0]          mpool.c:43   UCX  WARN  object 0xacd4e40 was not returned to mpool ucp_requests
[1678401980.118728] [cn1011:21028:0]          mpool.c:43   UCX  WARN  object 0x54d4d00 was not returned to mpool ucp_requests
[1678401980.118715] [cn1011:21044:0]          mpool.c:43   UCX  WARN  object 0xb499700 was not returned to mpool ucp_requests
[1678401980.118717] [cn1011:21046:0]          mpool.c:43   UCX  WARN  object 0x635cd40 was not returned to mpool ucp_requests
cp: cannot stat ‘0V-VH_z-0089.dat’: No such file or directory
cp: cannot stat ‘0V-VH_z-0089.dat’: No such file or directory
cp: cannot stat ‘0V-RHO_z-0089.dat’: No such file or directory
cp: cannot stat ‘0V-RHO_z-0089.dat’: No such file or directory
