cpu-bind=MASK - cn1026, task  0  0 [40755]: mask 0xffffffffffffffff set
--------------------------------------------------------------------------
Open MPI failed an OFI Libfabric library call (fi_domain).  This is highly
unusual; your job may behave unpredictably (and/or abort) after this.

  Local host: cn1040
  Location: mtl_ofi_component.c:928
  Error: No data available (61)
--------------------------------------------------------------------------
[cn1026.scarf.rl.ac.uk:41759] 239 more processes have sent help message help-mtl-ofi.txt / OFI call fail
[cn1026.scarf.rl.ac.uk:41759] Set MCA parameter "orte_base_help_aggregate" to 0 to see all help / error messages
--------------------------------------------------------------------------
Open MPI failed an OFI Libfabric library call (fi_domain).  This is highly
unusual; your job may behave unpredictably (and/or abort) after this.

  Local host: cn1039
  Location: mtl_ofi_component.c:928
  Error: No data available (61)
--------------------------------------------------------------------------
[cn1026.scarf.rl.ac.uk:42412] 239 more processes have sent help message help-mtl-ofi.txt / OFI call fail
[cn1026.scarf.rl.ac.uk:42412] Set MCA parameter "orte_base_help_aggregate" to 0 to see all help / error messages
[1678461111.705507] [cn1028:44710:0]          mpool.c:43   UCX  WARN  object 0x62bf580 was not returned to mpool ucp_requests
[1678461111.700084] [cn1026:42482:0]          mpool.c:43   UCX  WARN  object 0xb872880 was not returned to mpool ucp_requests
[1678461111.700076] [cn1026:42485:0]          mpool.c:43   UCX  WARN  object 0xb1bf780 was not returned to mpool ucp_requests
[1678461111.700091] [cn1026:42487:0]          mpool.c:43   UCX  WARN  object 0x665aa00 was not returned to mpool ucp_requests
[1678461111.700215] [cn1026:42480:0]          mpool.c:43   UCX  WARN  object 0xabd7bc0 was not returned to mpool ucp_requests
[1678461111.700312] [cn1026:42492:0]          mpool.c:43   UCX  WARN  object 0xa36dd80 was not returned to mpool ucp_requests
[1678461111.700291] [cn1026:42496:0]          mpool.c:43   UCX  WARN  object 0x5a245c0 was not returned to mpool ucp_requests
[1678461111.700342] [cn1026:42494:0]          mpool.c:43   UCX  WARN  object 0xb5ea140 was not returned to mpool ucp_requests
[1678461111.700415] [cn1026:42500:0]          mpool.c:43   UCX  WARN  object 0xb7f21c0 was not returned to mpool ucp_requests
[1678461111.700421] [cn1026:42504:0]          mpool.c:43   UCX  WARN  object 0x6a84f00 was not returned to mpool ucp_requests
[1678461111.700431] [cn1026:42506:0]          mpool.c:43   UCX  WARN  object 0xb9107c0 was not returned to mpool ucp_requests
--------------------------------------------------------------------------
Open MPI failed an OFI Libfabric library call (fi_domain).  This is highly
unusual; your job may behave unpredictably (and/or abort) after this.

  Local host: cn1026
  Location: mtl_ofi_component.c:928
  Error: No data available (61)
--------------------------------------------------------------------------
[cn1026.scarf.rl.ac.uk:43019] 239 more processes have sent help message help-mtl-ofi.txt / OFI call fail
[cn1026.scarf.rl.ac.uk:43019] Set MCA parameter "orte_base_help_aggregate" to 0 to see all help / error messages
[1678462066.764386] [cn1026:43087:0]          mpool.c:43   UCX  WARN  object 0xa4c5640 was not returned to mpool ucp_requests
[1678462066.764353] [cn1026:43091:0]          mpool.c:43   UCX  WARN  object 0xc0f6880 was not returned to mpool ucp_requests
[1678462066.764360] [cn1026:43092:0]          mpool.c:43   UCX  WARN  object 0xa9775c0 was not returned to mpool ucp_requests
[1678462066.764370] [cn1026:43095:0]          mpool.c:43   UCX  WARN  object 0xbe1ba40 was not returned to mpool ucp_requests
[1678462066.764406] [cn1026:43099:0]          mpool.c:43   UCX  WARN  object 0xa7afc00 was not returned to mpool ucp_requests
[1678462066.764400] [cn1026:43104:0]          mpool.c:43   UCX  WARN  object 0xbe43bc0 was not returned to mpool ucp_requests
[1678462066.764420] [cn1026:43102:0]          mpool.c:43   UCX  WARN  object 0xb41fec0 was not returned to mpool ucp_requests
[1678462066.764460] [cn1026:43108:0]          mpool.c:43   UCX  WARN  object 0xb9e8980 was not returned to mpool ucp_requests
[1678462066.764485] [cn1026:43113:0]          mpool.c:43   UCX  WARN  object 0x4e3ce00 was not returned to mpool ucp_requests
[1678462066.770154] [cn1028:45347:0]          mpool.c:43   UCX  WARN  object 0xba403c0 was not returned to mpool ucp_requests
[1678462066.766236] [cn1026:43111:0]          mpool.c:43   UCX  WARN  object 0xbbaa680 was not returned to mpool ucp_requests
cp: cannot stat ‘0V-VH_z-00.dat’: No such file or directory
cp: cannot stat ‘0V-VH_z-00.dat’: No such file or directory
cp: cannot stat ‘0V-RHO_z-00.dat’: No such file or directory
cp: cannot stat ‘0V-RHO_z-00.dat’: No such file or directory
