 iscf   Eharris(eV)      E_KS(eV)   FreeEng(eV)    dHmax    dDmax   Ef(eV)
    1      -31.3300      -31.3220      -31.3220   0.01031   0.00000 -4.72424
    2      -31.3294      -31.3293      -31.3293   0.00141   0.00000 -4.84554
    3      -31.3294      -31.3286      -31.3286   0.00044   0.00000 -4.83272
    4      -31.3294      -31.3293      -31.3293   0.00017   0.00000 -4.83379
    5      -31.3294      -31.3293      -31.3293   0.00017   0.00000 -4.83381
    6      -31.3294      -31.3293      -31.3293   0.00016   0.00000 -4.83383
    7      -31.3294      -31.3293      -31.3293   0.00016   0.00000 -4.83385
    8      -31.3294      -31.3293      -31.3293   0.00015   0.00000 -4.83387
    9      -31.3294      -31.3293      -31.3293   0.00015   0.00000 -4.83389
   10      -31.3294      -31.3293      -31.3293   0.00015   0.00000 -4.83391
   11      -31.3294      -31.3293      -31.3293   0.00014   0.00000 -4.83393
   12      -31.3294      -31.3293      -31.3293   0.00014   0.00000 -4.83395
   13      -31.3294      -31.3293      -31.3293   0.00013   0.00000 -4.83397
   14      -31.3294      -31.3293      -31.3293   0.00013   0.00000 -4.83399
   15      -31.3294      -31.3293      -31.3293   0.00013   0.00000 -4.83400
   16      -31.3294      -31.3293      -31.3293   0.00012   0.00000 -4.83402
   17      -31.3294      -31.3293      -31.3293   0.00012   0.00000 -4.83404
   18      -31.3294      -31.3293      -31.3293   0.00012   0.00000 -4.83405
   19      -31.3294      -31.3293      -31.3293   0.00011   0.00000 -4.83407
   20      -31.3294      -31.3293      -31.3293   0.00011   0.00000 -4.83409
   21      -31.3294      -31.3293      -31.3293   0.00011   0.00000 -4.83410
   22      -31.3294      -31.3293      -31.3293   0.00010   0.00000 -4.83412
   23      -31.3294      -31.3293      -31.3293   0.00010   0.00000 -4.83413
   24      -31.3294      -31.3293      -31.3293   0.00010   0.00000 -4.83414
   25      -31.3294      -31.3294      -31.3294   0.00010   0.00000 -4.83416
   26      -31.3294      -31.3294      -31.3294   0.00009   0.00000 -4.83417
   27      -31.3294      -31.3294      -31.3294   0.00009   0.00000 -4.83418
   28      -31.3294      -31.3294      -31.3294   0.00009   0.00000 -4.83420
   29      -31.3294      -31.3294      -31.3294   0.00009   0.00000 -4.83421
   30      -31.3294      -31.3294      -31.3294   0.00008   0.00000 -4.83422
   31      -31.3294      -31.3294      -31.3294   0.00008   0.00000 -4.83424
   32      -31.3294      -31.3294      -31.3294   0.00008   0.00000 -4.83425
   33      -31.3294      -31.3294      -31.3294   0.00008   0.00000 -4.83426
   34      -31.3294      -31.3294      -31.3294   0.00007   0.00000 -4.83427
   35      -31.3294      -31.3294      -31.3294   0.00007   0.00000 -4.83428
   36      -31.3294      -31.3294      -31.3294   0.00007   0.00000 -4.83429
   37      -31.3294      -31.3294      -31.3294   0.00007   0.00000 -4.83430
   38      -31.3294      -31.3294      -31.3294   0.00007   0.00000 -4.83431
   39      -31.3294      -31.3294      -31.3294   0.00007   0.00000 -4.83432
   40      -31.3294      -31.3294      -31.3294   0.00006   0.00000 -4.83433
   41      -31.3294      -31.3294      -31.3294   0.00006   0.00000 -4.83434
   42      -31.3294      -31.3294      -31.3294   0.00006   0.00000 -4.83435
   43      -31.3294      -31.3294      -31.3294   0.00006   0.00000 -4.83436
   44      -31.3294      -31.3294      -31.3294   0.00006   0.00000 -4.83437
   45      -31.3294      -31.3294      -31.3294   0.00006   0.00000 -4.83438
   46      -31.3294      -31.3294      -31.3294   0.00005   0.00000 -4.83439
   47      -31.3294      -31.3294      -31.3294   0.00005   0.00000 -4.83440
   48      -31.3294      -31.3294      -31.3294   0.00005   0.00000 -4.83441
   49      -31.3294      -31.3294      -31.3294   0.00005   0.00000 -4.83441
   50      -31.3294      -31.3294      -31.3294   0.00005   0.00000 -4.83442
   51      -31.3294      -31.3294      -31.3294   0.00005   0.00000 -4.83443
   52      -31.3294      -31.3294      -31.3294   0.00005   0.00000 -4.83444
   53      -31.3294      -31.3294      -31.3294   0.00004   0.00000 -4.83445
   54      -31.3294      -31.3294      -31.3294   0.00004   0.00000 -4.83445
   55      -31.3294      -31.3294      -31.3294   0.00004   0.00000 -4.83446
   56      -31.3294      -31.3294      -31.3294   0.00004   0.00000 -4.83447
   57      -31.3294      -31.3294      -31.3294   0.00004   0.00000 -4.83447
   58      -31.3294      -31.3294      -31.3294   0.00004   0.00000 -4.83448
   59      -31.3294      -31.3294      -31.3294   0.00004   0.00000 -4.83449
   60      -31.3294      -31.3294      -31.3294   0.00004   0.00000 -4.83449
   61      -31.3294      -31.3294      -31.3294   0.00004   0.00000 -4.83450
   62      -31.3294      -31.3294      -31.3294   0.00003   0.00000 -4.83451
   63      -31.3294      -31.3294      -31.3294   0.00003   0.00000 -4.83451
   64      -31.3294      -31.3294      -31.3294   0.00003   0.00000 -4.83452
   65      -31.3294      -31.3294      -31.3294   0.00003   0.00000 -4.83452
   66      -31.3294      -31.3294      -31.3294   0.00003   0.00000 -4.83453
   67      -31.3294      -31.3294      -31.3294   0.00003   0.00000 -4.83453
   68      -31.3294      -31.3294      -31.3294   0.00003   0.00000 -4.83454
   69      -31.3294      -31.3294      -31.3294   0.00003   0.00000 -4.83454
   70      -31.3294      -31.3294      -31.3294   0.00003   0.00000 -4.83455
   71      -31.3294      -31.3294      -31.3294   0.00003   0.00000 -4.83456
   72      -31.3294      -31.3294      -31.3294   0.00003   0.00000 -4.83456
   73      -31.3294      -31.3294      -31.3294   0.00003   0.00000 -4.83456
   74      -31.3294      -31.3294      -31.3294   0.00003   0.00000 -4.83457
   75      -31.3294      -31.3294      -31.3294   0.00002   0.00000 -4.83457
   76      -31.3294      -31.3294      -31.3294   0.00002   0.00000 -4.83458
   77      -31.3294      -31.3294      -31.3294   0.00002   0.00000 -4.83458
   78      -31.3294      -31.3294      -31.3294   0.00002   0.00000 -4.83459
   79      -31.3294      -31.3294      -31.3294   0.00002   0.00000 -4.83459
   80      -31.3294      -31.3294      -31.3294   0.00002   0.00000 -4.83460
   81      -31.3294      -31.3294      -31.3294   0.00002   0.00000 -4.83460
   82      -31.3294      -31.3294      -31.3294   0.00002   0.00000 -4.83460
   83      -31.3294      -31.3294      -31.3294   0.00002   0.00000 -4.83461
