forrtl: severe (408): fort: (3): Subscript #1 of the array LISTDLPTR has value 0 which is less than the lower bound of 1

Image              PC                Routine            Line        Source             
smeagol-1.2_csg    0000000002C43310  Unknown               Unknown  Unknown
smeagol-1.2_csg    0000000000F0551D  Unknown               Unknown  Unknown
smeagol-1.2_csg    00000000007F48A8  Unknown               Unknown  Unknown
smeagol-1.2_csg    0000000000BA3AAA  Unknown               Unknown  Unknown
smeagol-1.2_csg    000000000040652E  Unknown               Unknown  Unknown
libc-2.17.so       00002AD4185AB555  __libc_start_main     Unknown  Unknown
smeagol-1.2_csg    0000000000406429  Unknown               Unknown  Unknown
forrtl: severe (408): fort: (3): Subscript #1 of the array LISTDLPTR has value 0 which is less than the lower bound of 1

Image              PC                Routine            Line        Source             
smeagol-1.2_csg    0000000002C43310  Unknown               Unknown  Unknown
smeagol-1.2_csg    0000000000F0551D  Unknown               Unknown  Unknown
smeagol-1.2_csg    00000000007F48A8  Unknown               Unknown  Unknown
smeagol-1.2_csg    0000000000BA3AAA  Unknown               Unknown  Unknown
smeagol-1.2_csg    000000000040652E  Unknown               Unknown  Unknown
libc-2.17.so       00002ACB57E2D555  __libc_start_main     Unknown  Unknown
smeagol-1.2_csg    0000000000406429  Unknown               Unknown  Unknown
forrtl: severe (408): fort: (3): Subscript #1 of the array LISTDLPTR has value 0 which is less than the lower bound of 1

Image              PC                Routine            Line        Source             
smeagol-1.2_csg    0000000002C43310  Unknown               Unknown  Unknown
smeagol-1.2_csg    0000000000F0551D  Unknown               Unknown  Unknown
smeagol-1.2_csg    00000000007F48A8  Unknown               Unknown  Unknown
smeagol-1.2_csg    0000000000BA3AAA  Unknown               Unknown  Unknown
smeagol-1.2_csg    000000000040652E  Unknown               Unknown  Unknown
libc-2.17.so       00002ABA006C5555  __libc_start_main     Unknown  Unknown
smeagol-1.2_csg    0000000000406429  Unknown               Unknown  Unknown
forrtl: severe (408): fort: (3): Subscript #1 of the array LISTDLPTR has value 0 which is less than the lower bound of 1

Image              PC                Routine            Line        Source             
smeagol-1.2_csg    0000000002C43310  Unknown               Unknown  Unknown
smeagol-1.2_csg    0000000000F0551D  Unknown               Unknown  Unknown
smeagol-1.2_csg    00000000007F48A8  Unknown               Unknown  Unknown
smeagol-1.2_csg    0000000000BA3AAA  Unknown               Unknown  Unknown
smeagol-1.2_csg    000000000040652E  Unknown               Unknown  Unknown
libc-2.17.so       00002B3A4B861555  __libc_start_main     Unknown  Unknown
smeagol-1.2_csg    0000000000406429  Unknown               Unknown  Unknown
forrtl: severe (408): fort: (3): Subscript #1 of the array LISTDLPTR has value 0 which is less than the lower bound of 1

Image              PC                Routine            Line        Source             
smeagol-1.2_csg    0000000002C43310  Unknown               Unknown  Unknown
smeagol-1.2_csg    0000000000F0551D  Unknown               Unknown  Unknown
smeagol-1.2_csg    00000000007F48A8  Unknown               Unknown  Unknown
smeagol-1.2_csg    0000000000BA3AAA  Unknown               Unknown  Unknown
smeagol-1.2_csg    000000000040652E  Unknown               Unknown  Unknown
libc-2.17.so       00002AD48D963555  __libc_start_main     Unknown  Unknown
smeagol-1.2_csg    0000000000406429  Unknown               Unknown  Unknown
