 @target G0.S0
 @type xy
  -0.1000000E+02      0.1535070E-30
  -0.9975937E+01      0.0000000E+00
  -0.9951870E+01      0.1156251E-30
  -0.9927802E+01      0.0000000E+00
  -0.9903735E+01      0.3061926E-30
  -0.9879668E+01      0.0000000E+00
  -0.9855600E+01      0.0000000E+00
  -0.9831533E+01      0.0000000E+00
  -0.9807465E+01      0.2858888E-31
  -0.9783398E+01      0.0000000E+00
  -0.9759331E+01      0.4459277E-33
  -0.9735263E+01      0.1548985E-31
  -0.9711196E+01      0.0000000E+00
  -0.9687128E+01      0.0000000E+00
  -0.9663061E+01      0.0000000E+00
  -0.9638994E+01      0.0000000E+00
  -0.9614926E+01      0.0000000E+00
  -0.9590859E+01      0.0000000E+00
  -0.9566791E+01      0.0000000E+00
  -0.9542724E+01      0.0000000E+00
  -0.9518657E+01      0.1238809E-30
  -0.9494589E+01      0.0000000E+00
  -0.9470522E+01      0.0000000E+00
  -0.9446454E+01      0.0000000E+00
  -0.9422387E+01      0.4055417E-29
  -0.9398320E+01      0.9404063E-29
  -0.9374252E+01      0.2135012E-28
  -0.9350185E+01      0.0000000E+00
  -0.9326117E+01      0.0000000E+00
  -0.9302050E+01      0.7758912E-27
  -0.9277983E+01      0.3016259E-25
  -0.9253915E+01      0.0000000E+00
  -0.9229848E+01      0.0000000E+00
  -0.9205780E+01      0.1954823E-27
  -0.9181713E+01      0.0000000E+00
  -0.9157646E+01      0.0000000E+00
  -0.9133578E+01      0.0000000E+00
  -0.9109511E+01      0.0000000E+00
  -0.9085443E+01      0.7524126E-28
  -0.9061376E+01      0.5030674E-28
  -0.9037309E+01      0.1744929E-27
  -0.9013241E+01      0.7163381E-29
  -0.8989174E+01      0.0000000E+00
  -0.8965106E+01      0.4033501E-28
  -0.8941039E+01      0.0000000E+00
  -0.8916972E+01      0.4196000E-30
  -0.8892904E+01      0.2756196E-27
  -0.8868837E+01      0.0000000E+00
  -0.8844769E+01      0.0000000E+00
  -0.8820702E+01      0.1398368E-27
  -0.8796635E+01      0.2598783E-29
  -0.8772567E+01      0.1464163E-27
  -0.8748500E+01      0.0000000E+00
  -0.8724432E+01      0.0000000E+00
  -0.8700365E+01      0.0000000E+00
  -0.8676298E+01      0.0000000E+00
  -0.8652230E+01      0.1123008E-25
  -0.8628163E+01      0.2187616E-25
  -0.8604095E+01      0.0000000E+00
  -0.8580028E+01      0.2408867E-03
  -0.8555961E+01      0.7077133E-01
  -0.8531893E+01      0.1621075E+00
  -0.8507826E+01      0.2806749E+00
  -0.8483758E+01      0.4317337E+00
  -0.8459691E+01      0.6131939E+00
  -0.8435624E+01      0.8036227E+00
  -0.8411556E+01      0.9522902E+00
  -0.8387489E+01      0.9969855E+00
  -0.8363421E+01      0.9149826E+00
  -0.8339354E+01      0.7434294E+00
  -0.8315287E+01      0.5361354E+00
  -0.8291219E+01      0.3161239E+00
  -0.8267152E+01      0.1160243E+00
  -0.8243084E+01      0.2805033E+00
  -0.8219017E+01      0.3321911E+00
  -0.8194950E+01      0.3521373E+00
  -0.8170882E+01      0.3502453E+00
  -0.8146815E+01      0.3380815E+00
  -0.8122747E+01      0.3204083E+00
  -0.8098680E+01      0.2999977E+00
  -0.8074613E+01      0.2785584E+00
  -0.8050545E+01      0.2571619E+00
  -0.8026478E+01      0.2364712E+00
  -0.8002410E+01      0.2168780E+00
  -0.7978343E+01      0.1985921E+00
  -0.7954276E+01      0.1817012E+00
  -0.7930208E+01      0.1662128E+00
  -0.7906141E+01      0.1520829E+00
  -0.7882073E+01      0.1392355E+00
  -0.7858006E+01      0.1275732E+00
  -0.7833939E+01      0.1169755E+00
  -0.7809871E+01      0.1072202E+00
  -0.7785804E+01      0.1128300E+00
  -0.7761736E+01      0.9177704E-01
  -0.7737669E+01      0.8452116E-01
  -0.7713602E+01      0.7807466E-01
  -0.7689534E+01      0.7225989E-01
  -0.7665467E+01      0.6699199E-01
  -0.7641399E+01      0.6220713E-01
  -0.7617332E+01      0.5785153E-01
  -0.7593265E+01      0.5387834E-01
  -0.7569197E+01      0.5024614E-01
  -0.7545130E+01      0.4691812E-01
  -0.7521062E+01      0.4386134E-01
  -0.7496995E+01      0.4104626E-01
  -0.7472928E+01      0.3844617E-01
  -0.7448860E+01      0.3603680E-01
  -0.7424793E+01      0.3379581E-01
  -0.7400725E+01      0.3170240E-01
  -0.7376658E+01      0.2973683E-01
  -0.7352591E+01      0.2787986E-01
  -0.7328523E+01      0.2611215E-01
  -0.7304456E+01      0.2441337E-01
  -0.7280388E+01      0.2276099E-01
  -0.7256321E+01      0.2112848E-01
  -0.7232254E+01      0.1948229E-01
  -0.7208186E+01      0.1777681E-01
  -0.7184119E+01      0.1594494E-01
  -0.7160051E+01      0.1387959E-01
  -0.7135984E+01      0.1139423E-01
  -0.7111917E+01      0.8134820E-02
  -0.7087849E+01      0.3456746E-02
  -0.7063782E+01      0.3040984E-02
  -0.7039714E+01      0.1942275E-01
  -0.7015647E+01      0.1915833E+00
  -0.6991580E+01      0.5528699E-01
  -0.6967512E+01      0.3713185E-01
  -0.6943445E+01      0.3039287E-01
  -0.6919377E+01      0.2659354E-01
  -0.6895310E+01      0.2408578E-01
  -0.6871243E+01      0.2225750E-01
  -0.6847175E+01      0.2080851E-01
  -0.6823108E+01      0.2006246E-01
  -0.6799040E+01      0.1884788E-01
  -0.6774973E+01      0.1800259E-01
  -0.6750906E+01      0.1726940E-01
  -0.6726838E+01      0.1661156E-01
  -0.6702771E+01      0.1600434E-01
  -0.6678703E+01      0.1542205E-01
  -0.6654636E+01      0.1481624E-01
  -0.6630569E+01      0.1368369E-01
  -0.6606501E+01      0.1397252E-01
  -0.6582434E+01      0.1266711E-01
  -0.6558366E+01      0.6526293E-01
  -0.6534299E+01      0.1003838E+00
  -0.6510232E+01      0.1328172E+00
  -0.6486164E+01      0.1684293E+00
  -0.6462097E+01      0.2154257E+00
  -0.6438029E+01      0.3102683E+00
  -0.6413962E+01      0.4259530E+00
  -0.6389895E+01      0.3678291E+00
  -0.6365827E+01      0.3370370E+00
  -0.6341760E+01      0.3215783E+00
  -0.6317692E+01      0.3221700E+00
  -0.6293625E+01      0.3523763E+00
  -0.6269558E+01      0.4617861E+00
  -0.6245490E+01      0.8045746E+00
  -0.6221423E+01      0.1289845E+01
  -0.6197355E+01      0.1217965E+01
  -0.6173288E+01      0.9776644E+00
  -0.6149221E+01      0.8697418E+00
  -0.6125153E+01      0.8296537E+00
  -0.6101086E+01      0.8216086E+00
  -0.6077018E+01      0.8296815E+00
  -0.6052951E+01      0.8466173E+00
  -0.6028884E+01      0.8631968E+00
  -0.6004816E+01      0.8713589E+00
  -0.5980749E+01      0.1054155E+01
  -0.5956681E+01      0.7841409E+00
  -0.5932614E+01      0.4032758E+00
  -0.5908547E+01      0.2089540E+00
  -0.5884479E+01      0.1384445E+00
  -0.5860412E+01      0.1230453E+00
  -0.5836344E+01      0.1483653E+00
  -0.5812277E+01      0.2360652E+00
  -0.5788210E+01      0.4375652E+00
  -0.5764142E+01      0.7479345E+00
  -0.5740075E+01      0.9809877E+00
  -0.5716007E+01      0.1033950E+01
  -0.5691940E+01      0.1005155E+01
  -0.5667873E+01      0.9710237E+00
  -0.5643805E+01      0.9529168E+00
  -0.5619738E+01      0.9522016E+00
  -0.5595670E+01      0.9657364E+00
  -0.5571603E+01      0.9897407E+00
  -0.5547536E+01      0.1020308E+01
  -0.5523468E+01      0.1053193E+01
  -0.5499401E+01      0.1083638E+01
  -0.5475333E+01      0.1106649E+01
  -0.5451266E+01      0.1118024E+01
  -0.5427199E+01      0.1116417E+01
  -0.5403131E+01      0.1106482E+01
  -0.5379064E+01      0.1103286E+01
  -0.5354996E+01      0.1139119E+01
  -0.5330929E+01      0.1270895E+01
  -0.5306862E+01      0.5733980E+00
  -0.5282794E+01      0.3788163E+00
  -0.5258727E+01      0.2937889E+00
  -0.5234659E+01      0.2228780E+00
  -0.5210592E+01      0.1817689E+00
  -0.5186525E+01      0.2550717E+00
  -0.5162457E+01      0.6853600E+00
  -0.5138390E+01      0.1146888E+01
  -0.5114322E+01      0.1270903E+01
  -0.5090255E+01      0.1199541E+01
  -0.5066188E+01      0.1090755E+01
  -0.5042120E+01      0.3134158E+00
  -0.5018053E+01      0.6329472E+00
  -0.4993985E+01      0.7689650E+00
  -0.4969918E+01      0.8706128E+00
  -0.4945851E+01      0.9662523E+00
  -0.4921783E+01      0.9052544E+00
  -0.4897716E+01      0.5470456E+00
  -0.4873648E+01      0.7854714E-01
  -0.4849581E+01      0.2640118E-01
  -0.4825514E+01      0.8747407E+00
  -0.4801446E+01      0.1481111E+01
  -0.4777379E+01      0.1365285E+01
  -0.4753311E+01      0.1138577E+01
  -0.4729244E+01      0.8836938E+00
  -0.4705177E+01      0.6061710E+00
  -0.4681109E+01      0.3985923E+00
  -0.4657042E+01      0.6291075E+00
  -0.4632974E+01      0.8663640E+00
  -0.4608907E+01      0.8266939E+00
  -0.4584840E+01      0.8406602E+00
  -0.4560772E+01      0.1122489E+01
  -0.4536705E+01      0.5657910E+00
  -0.4512637E+01      0.1491432E+00
  -0.4488570E+01      0.1301239E+00
  -0.4464503E+01      0.1129700E+00
  -0.4440435E+01      0.7428653E-01
  -0.4416368E+01      0.6726664E-01
  -0.4392300E+01      0.6689159E-01
  -0.4368233E+01      0.6724793E-01
  -0.4344166E+01      0.6811181E-01
  -0.4320098E+01      0.6995830E-01
  -0.4296031E+01      0.7815664E-01
  -0.4271963E+01      0.9472098E-01
  -0.4247896E+01      0.1131574E+00
  -0.4223829E+01      0.1353628E+00
  -0.4199761E+01      0.1683834E+00
  -0.4175694E+01      0.2189052E+00
  -0.4151626E+01      0.2742805E+00
  -0.4127559E+01      0.1345440E+00
  -0.4103492E+01      0.6717830E-01
  -0.4079424E+01      0.1150256E-02
  -0.4055357E+01      0.5462319E+00
  -0.4031289E+01      0.9833783E+00
  -0.4007222E+01      0.9206130E+00
  -0.3983155E+01      0.1046308E+01
  -0.3959087E+01      0.1060602E+01
  -0.3935020E+01      0.7900012E+00
  -0.3910952E+01      0.5030861E+00
  -0.3886885E+01      0.3258326E+00
  -0.3862818E+01      0.2280157E+00
  -0.3838750E+01      0.1733431E+00
  -0.3814683E+01      0.1418653E+00
  -0.3790615E+01      0.1236083E+00
  -0.3766548E+01      0.1134943E+00
  -0.3742481E+01      0.1088226E+00
  -0.3718413E+01      0.1081238E+00
  -0.3694346E+01      0.1105425E+00
  -0.3670278E+01      0.1155917E+00
  -0.3646211E+01      0.1229182E+00
  -0.3622144E+01      0.1321991E+00
  -0.3598076E+01      0.1430105E+00
  -0.3574009E+01      0.1547050E+00
  -0.3549941E+01      0.1663048E+00
  -0.3525874E+01      0.1764581E+00
  -0.3501807E+01      0.1834713E+00
  -0.3477739E+01      0.1854620E+00
  -0.3453672E+01      0.1818525E+00
  -0.3429604E+01      0.1736768E+00
  -0.3405537E+01      0.1632220E+00
  -0.3381470E+01      0.1529845E+00
  -0.3357402E+01      0.2168011E+00
  -0.3333335E+01      0.2063430E+00
  -0.3309267E+01      0.3374629E+00
  -0.3285200E+01      0.7752207E+00
  -0.3261133E+01      0.1789325E+00
  -0.3237065E+01      0.1948651E+00
  -0.3212998E+01      0.2492232E+00
  -0.3188930E+01      0.3319920E+00
  -0.3164863E+01      0.7726389E+00
  -0.3140796E+01      0.8047259E+00
  -0.3116728E+01      0.8194982E+00
  -0.3092661E+01      0.8587085E+00
  -0.3068593E+01      0.9354135E+00
  -0.3044526E+01      0.9940963E+00
  -0.3020459E+01      0.8861672E+00
  -0.2996391E+01      0.5114674E+00
  -0.2972324E+01      0.4206641E+00
  -0.2948256E+01      0.4595998E+00
  -0.2924189E+01      0.5529058E+00
  -0.2900122E+01      0.7080531E+00
  -0.2876054E+01      0.8338144E+00
  -0.2851987E+01      0.8135535E+00
  -0.2827919E+01      0.7576359E+00
  -0.2803852E+01      0.6884785E+00
  -0.2779785E+01      0.6209831E+00
  -0.2755717E+01      0.5606423E+00
  -0.2731650E+01      0.5402108E+00
  -0.2707582E+01      0.5125547E+00
  -0.2683515E+01      0.5343527E+00
  -0.2659448E+01      0.5727119E+00
  -0.2635380E+01      0.1016229E+01
  -0.2611313E+01      0.9523270E+00
  -0.2587245E+01      0.8823787E+00
  -0.2563178E+01      0.8258843E+00
  -0.2539111E+01      0.7786510E+00
  -0.2515043E+01      0.7377723E+00
  -0.2490976E+01      0.7018765E+00
  -0.2466908E+01      0.6703627E+00
  -0.2442841E+01      0.6429832E+00
  -0.2418774E+01      0.6196434E+00
  -0.2394706E+01      0.6003047E+00
  -0.2370639E+01      0.5849500E+00
  -0.2346571E+01      0.5736421E+00
  -0.2322504E+01      0.5670016E+00
  -0.2298437E+01      0.5704337E+00
  -0.2274369E+01      0.7128397E+00
  -0.2250302E+01      0.7579877E+00
  -0.2226234E+01      0.6154833E+00
  -0.2202167E+01      0.6020137E+00
  -0.2178100E+01      0.6032607E+00
  -0.2154032E+01      0.6086089E+00
  -0.2129965E+01      0.3720558E+00
  -0.2105897E+01      0.2721245E+00
  -0.2081830E+01      0.2457758E+00
  -0.2057763E+01      0.2287920E+00
  -0.2033695E+01      0.2160299E+00
  -0.2009628E+01      0.2058591E+00
  -0.1985560E+01      0.1975156E+00
  -0.1961493E+01      0.1905593E+00
  -0.1937426E+01      0.1847122E+00
  -0.1913358E+01      0.1797503E+00
  -0.1889291E+01      0.1755359E+00
  -0.1865223E+01      0.1719393E+00
  -0.1841156E+01      0.1688531E+00
  -0.1817089E+01      0.1661788E+00
  -0.1793021E+01      0.1638207E+00
  -0.1768954E+01      0.1616788E+00
  -0.1744886E+01      0.1596416E+00
  -0.1720819E+01      0.1575770E+00
  -0.1696752E+01      0.1553196E+00
  -0.1672684E+01      0.1526495E+00
  -0.1648617E+01      0.1492566E+00
  -0.1624549E+01      0.1446729E+00
  -0.1600482E+01      0.1381219E+00
  -0.1576415E+01      0.1280286E+00
  -0.1552347E+01      0.1122736E+00
  -0.1528280E+01      0.1148012E+00
  -0.1504212E+01      0.1343200E+00
  -0.1480145E+01      0.1442267E+00
  -0.1456078E+01      0.1511086E+00
  -0.1432010E+01      0.1559714E+00
  -0.1407943E+01      0.1613807E+00
  -0.1383875E+01      0.1659317E+00
  -0.1359808E+01      0.1705294E+00
  -0.1335741E+01      0.1754708E+00
  -0.1311673E+01      0.1808120E+00
  -0.1287606E+01      0.1870676E+00
  -0.1263538E+01      0.1946788E+00
  -0.1239471E+01      0.2056119E+00
  -0.1215404E+01      0.2597154E+00
  -0.1191336E+01      0.2903193E+00
  -0.1167269E+01      0.3162358E+00
  -0.1143201E+01      0.3401244E+00
  -0.1119134E+01      0.3629083E+00
  -0.1095067E+01      0.3850096E+00
  -0.1070999E+01      0.4066826E+00
  -0.1046932E+01      0.4280484E+00
  -0.1022864E+01      0.4491560E+00
  -0.9987971E+00      0.4700232E+00
  -0.9747297E+00      0.4906324E+00
  -0.9506623E+00      0.5109404E+00
  -0.9265949E+00      0.5308844E+00
  -0.9025275E+00      0.5503866E+00
  -0.8784601E+00      0.5693575E+00
  -0.8543927E+00      0.5876999E+00
  -0.8303253E+00      0.6053118E+00
  -0.8062579E+00      0.6220898E+00
  -0.7821905E+00      0.6379314E+00
  -0.7581231E+00      0.6527379E+00
  -0.7340557E+00      0.6664159E+00
  -0.7099883E+00      0.6788796E+00
  -0.6859209E+00      0.6900510E+00
  -0.6618535E+00      0.6998612E+00
  -0.6377861E+00      0.7082500E+00
  -0.6137187E+00      0.7151659E+00
  -0.5896513E+00      0.7205656E+00
  -0.5655839E+00      0.7244129E+00
  -0.5415165E+00      0.7266789E+00
  -0.5174491E+00      0.7273412E+00
  -0.4933817E+00      0.7263847E+00
  -0.4693143E+00      0.7238028E+00
  -0.4452469E+00      0.7196007E+00
  -0.4211795E+00      0.7138035E+00
  -0.3971121E+00      0.7064734E+00
  -0.3730447E+00      0.6977680E+00
  -0.3489773E+00      0.6882867E+00
  -0.3249099E+00      0.6735417E+00
  -0.3008425E+00      0.6564764E+00
  -0.2767751E+00      0.6392733E+00
  -0.2527077E+00      0.6213585E+00
  -0.2286403E+00      0.6025894E+00
  -0.2045729E+00      0.5829581E+00
  -0.1805055E+00      0.5625552E+00
  -0.1564381E+00      0.5415736E+00
  -0.1323707E+00      0.5203401E+00
  -0.1083033E+00      0.4993897E+00
  -0.8423590E-01      0.4796321E+00
  -0.6016850E-01      0.4627698E+00
  -0.3610110E-01      0.4525213E+00
  -0.1203370E-01      0.4584524E+00
   0.1203370E-01      0.4955649E+00
   0.3610110E-01      0.5089318E+00
   0.6016850E-01      0.3714175E+00
   0.8423590E-01      0.3360788E+00
   0.1083033E+00      0.3109803E+00
   0.1323707E+00      0.2894076E+00
   0.1564381E+00      0.2698845E+00
   0.1805055E+00      0.2393241E+00
   0.2045729E+00      0.2358181E+00
   0.2286403E+00      0.2204723E+00
   0.2527077E+00      0.2063012E+00
   0.2767751E+00      0.1931967E+00
   0.3008425E+00      0.1810818E+00
   0.3249099E+00      0.1698862E+00
   0.3489773E+00      0.1595408E+00
   0.3730447E+00      0.1499770E+00
   0.3971121E+00      0.1411262E+00
   0.4211795E+00      0.1329210E+00
   0.4452469E+00      0.1252958E+00
   0.4693143E+00      0.1181885E+00
   0.4933817E+00      0.1115414E+00
   0.5174491E+00      0.1053024E+00
   0.5415165E+00      0.9942584E-01
   0.5655839E+00      0.9387334E-01
   0.5896513E+00      0.8861385E-01
   0.6137187E+00      0.8362348E-01
   0.6377861E+00      0.7888485E-01
   0.6618535E+00      0.7438616E-01
   0.6859209E+00      0.7011989E-01
   0.7099883E+00      0.6608148E-01
   0.7340557E+00      0.6226801E-01
   0.7581231E+00      0.5867703E-01
   0.7821905E+00      0.5530563E-01
   0.8062579E+00      0.5214976E-01
   0.8303253E+00      0.4920387E-01
   0.8543927E+00      0.4646080E-01
   0.8784601E+00      0.4391182E-01
   0.9025275E+00      0.4154691E-01
   0.9265949E+00      0.3935501E-01
   0.9506623E+00      0.3732442E-01
   0.9747297E+00      0.3544306E-01
   0.9987971E+00      0.3369885E-01
   0.1022864E+01      0.3207988E-01
   0.1046932E+01      0.3057465E-01
   0.1070999E+01      0.2917218E-01
   0.1095067E+01      0.2786210E-01
   0.1119134E+01      0.2663468E-01
   0.1143201E+01      0.2548087E-01
   0.1167269E+01      0.2439218E-01
   0.1191336E+01      0.2336075E-01
   0.1215404E+01      0.2237916E-01
   0.1239471E+01      0.2144041E-01
   0.1263538E+01      0.2053779E-01
   0.1287606E+01      0.1966474E-01
   0.1311673E+01      0.1881470E-01
   0.1335741E+01      0.1798089E-01
   0.1359808E+01      0.1715605E-01
   0.1383875E+01      0.1633202E-01
   0.1407943E+01      0.1549916E-01
   0.1432010E+01      0.1464528E-01
   0.1456078E+01      0.1375386E-01
   0.1480145E+01      0.1280022E-01
   0.1504212E+01      0.1174247E-01
   0.1528280E+01      0.1049296E-01
   0.1552347E+01      0.8756540E-02
   0.1576415E+01      0.1073705E-01
   0.1600482E+01      0.1397546E-01
   0.1624549E+01      0.1668190E-01
   0.1648617E+01      0.1916855E-01
   0.1672684E+01      0.2155488E-01
   0.1696752E+01      0.2391279E-01
   0.1720819E+01      0.2629786E-01
   0.1744886E+01      0.2876022E-01
   0.1768954E+01      0.3134921E-01
   0.1793021E+01      0.3411573E-01
   0.1817089E+01      0.3711325E-01
   0.1841156E+01      0.4039786E-01
   0.1865223E+01      0.4402733E-01
   0.1889291E+01      0.4805932E-01
   0.1913358E+01      0.5254836E-01
   0.1937426E+01      0.5754185E-01
   0.1961493E+01      0.6307503E-01
   0.1985560E+01      0.6916532E-01
   0.2009628E+01      0.7580675E-01
   0.2033695E+01      0.8296530E-01
   0.2057763E+01      0.9057629E-01
   0.2081830E+01      0.9854498E-01
   0.2105897E+01      0.1067512E+00
   0.2129965E+01      0.1150581E+00
   0.2154032E+01      0.1233252E+00
   0.2178100E+01      0.1314244E+00
   0.2202167E+01      0.1392568E+00
   0.2226234E+01      0.1467703E+00
   0.2250302E+01      0.1539775E+00
   0.2274369E+01      0.1609724E+00
   0.2298437E+01      0.1679523E+00
   0.2322504E+01      0.1752476E+00
   0.2346571E+01      0.1833743E+00
   0.2370639E+01      0.1931313E+00
   0.2394706E+01      0.2058004E+00
   0.2418774E+01      0.2003857E+00
   0.2442841E+01      0.2498830E+00
   0.2466908E+01      0.2931420E+00
   0.2490976E+01      0.3705732E+00
   0.2515043E+01      0.5260933E+00
   0.2539111E+01      0.8505501E+00
   0.2563178E+01      0.9985192E+00
   0.2587245E+01      0.2244877E+00
   0.2611313E+01      0.8660167E+00
   0.2635380E+01      0.2172217E+00
   0.2659448E+01      0.1126769E+00
   0.2683515E+01      0.7652358E-01
   0.2707582E+01      0.5995113E-01
   0.2731650E+01      0.5091440E-01
   0.2755717E+01      0.4526402E-01
   0.2779785E+01      0.4129799E-01
   0.2803852E+01      0.3823875E-01
   0.2827919E+01      0.3570664E-01
   0.2851987E+01      0.3351105E-01
   0.2876054E+01      0.3155933E-01
   0.2900122E+01      0.2981442E-01
   0.2924189E+01      0.2827439E-01
   0.2948256E+01      0.2696267E-01
   0.2972324E+01      0.2592380E-01
   0.2996391E+01      0.2522226E-01
   0.3020459E+01      0.2494299E-01
   0.3044526E+01      0.2519304E-01
   0.3068593E+01      0.2610374E-01
   0.3092661E+01      0.2783302E-01
   0.3116728E+01      0.3056730E-01
   0.3140796E+01      0.3452257E-01
   0.3164863E+01      0.3994373E-01
   0.3188930E+01      0.4710162E-01
   0.3212998E+01      0.5628655E-01
   0.3237065E+01      0.6779776E-01
   0.3261133E+01      0.8192802E-01
   0.3285200E+01      0.9894337E-01
   0.3309267E+01      0.1190584E+00
   0.3333335E+01      0.1424086E+00
   0.3357402E+01      0.1690221E+00
   0.3381470E+01      0.1987938E+00
   0.3405537E+01      0.2314672E+00
   0.3429604E+01      0.2666273E+00
   0.3453672E+01      0.3037095E+00
   0.3477739E+01      0.3420271E+00
   0.3501807E+01      0.3808141E+00
   0.3525874E+01      0.4192813E+00
   0.3549941E+01      0.4566574E+00
   0.3574009E+01      0.4922957E+00
   0.3598076E+01      0.5256231E+00
   0.3622144E+01      0.5562319E+00
   0.3646211E+01      0.5838547E+00
   0.3670278E+01      0.6083582E+00
   0.3694346E+01      0.6297241E+00
   0.3718413E+01      0.6480274E+00
   0.3742481E+01      0.6634161E+00
   0.3766548E+01      0.6760975E+00
   0.3790615E+01      0.6863378E+00
   0.3814683E+01      0.6944933E+00
   0.3838750E+01      0.7011460E+00
   0.3862818E+01      0.7079425E+00
   0.3886885E+01      0.6859306E+00
   0.3910952E+01      0.6579354E+00
   0.3935020E+01      0.6373369E+00
   0.3959087E+01      0.6201911E+00
   0.3983155E+01      0.6053806E+00
   0.4007222E+01      0.5924121E+00
   0.4031289E+01      0.5810249E+00
   0.4055357E+01      0.5710676E+00
   0.4079424E+01      0.5624488E+00
   0.4103492E+01      0.5551125E+00
   0.4127559E+01      0.5490261E+00
   0.4151626E+01      0.5441723E+00
   0.4175694E+01      0.5405444E+00
   0.4199761E+01      0.5381426E+00
   0.4223829E+01      0.5369712E+00
   0.4247896E+01      0.5370361E+00
   0.4271963E+01      0.5383424E+00
   0.4296031E+01      0.5408916E+00
   0.4320098E+01      0.5446794E+00
   0.4344166E+01      0.5496922E+00
   0.4368233E+01      0.5559053E+00
   0.4392300E+01      0.5632790E+00
   0.4416368E+01      0.5717495E+00
   0.4440435E+01      0.5812561E+00
   0.4464503E+01      0.5916857E+00
   0.4488570E+01      0.6029197E+00
   0.4512637E+01      0.6148123E+00
   0.4536705E+01      0.6271951E+00
   0.4560772E+01      0.6398791E+00
   0.4584840E+01      0.6526583E+00
   0.4608907E+01      0.6653147E+00
   0.4632974E+01      0.6776233E+00
   0.4657042E+01      0.6893592E+00
   0.4681109E+01      0.7003039E+00
   0.4705177E+01      0.7102512E+00
   0.4729244E+01      0.7190141E+00
   0.4753311E+01      0.7264287E+00
   0.4777379E+01      0.7323587E+00
   0.4801446E+01      0.7366979E+00
   0.4825514E+01      0.7393721E+00
   0.4849581E+01      0.7403394E+00
   0.4873648E+01      0.7395901E+00
   0.4897716E+01      0.7371458E+00
   0.4921783E+01      0.7330581E+00
   0.4945851E+01      0.7274062E+00
   0.4969918E+01      0.7202946E+00
   0.4993985E+01      0.7118500E+00
   0.5018053E+01      0.7022179E+00
   0.5042120E+01      0.6915586E+00
   0.5066188E+01      0.6800430E+00
   0.5090255E+01      0.6678480E+00
   0.5114322E+01      0.6551524E+00
   0.5138390E+01      0.6421319E+00
   0.5162457E+01      0.6289557E+00
   0.5186525E+01      0.6157831E+00
   0.5210592E+01      0.6027603E+00
   0.5234659E+01      0.5900188E+00
   0.5258727E+01      0.5776744E+00
   0.5282794E+01      0.5658263E+00
   0.5306862E+01      0.5545575E+00
   0.5330929E+01      0.5439356E+00
   0.5354996E+01      0.5340142E+00
   0.5379064E+01      0.5248337E+00
   0.5403131E+01      0.5164239E+00
   0.5427199E+01      0.5088048E+00
   0.5451266E+01      0.5019887E+00
   0.5475333E+01      0.4959819E+00
   0.5499401E+01      0.4907861E+00
   0.5523468E+01      0.4863998E+00
   0.5547536E+01      0.4828192E+00
   0.5571603E+01      0.4800399E+00
   0.5595670E+01      0.4780574E+00
   0.5619738E+01      0.4768678E+00
   0.5643805E+01      0.4764687E+00
   0.5667873E+01      0.4768601E+00
   0.5691940E+01      0.4780440E+00
   0.5716007E+01      0.4800260E+00
   0.5740075E+01      0.4828146E+00
   0.5764142E+01      0.4864225E+00
   0.5788210E+01      0.4908664E+00
   0.5812277E+01      0.4961675E+00
   0.5836344E+01      0.5023517E+00
   0.5860412E+01      0.5094502E+00
   0.5884479E+01      0.5174995E+00
   0.5908547E+01      0.5265420E+00
   0.5932614E+01      0.5366261E+00
   0.5956681E+01      0.5478067E+00
   0.5980749E+01      0.5601450E+00
   0.6004816E+01      0.5737090E+00
   0.6028884E+01      0.5885734E+00
   0.6052951E+01      0.6048189E+00
   0.6077018E+01      0.6225321E+00
   0.6101086E+01      0.6418032E+00
   0.6125153E+01      0.6627213E+00
   0.6149221E+01      0.6853087E+00
   0.6173288E+01      0.7100088E+00
   0.6197355E+01      0.7364163E+00
   0.6221423E+01      0.7648332E+00
   0.6245490E+01      0.7952725E+00
   0.6269558E+01      0.8277208E+00
   0.6293625E+01      0.8621028E+00
   0.6317692E+01      0.8982555E+00
   0.6341760E+01      0.9358978E+00
   0.6365827E+01      0.9745963E+00
   0.6389895E+01      0.1013729E+01
   0.6413962E+01      0.1052452E+01
   0.6438029E+01      0.1089677E+01
   0.6462097E+01      0.1124070E+01
   0.6486164E+01      0.1154083E+01
   0.6510232E+01      0.1178034E+01
   0.6534299E+01      0.1194229E+01
   0.6558366E+01      0.1201132E+01
   0.6582434E+01      0.1197527E+01
   0.6606501E+01      0.1182627E+01
   0.6630569E+01      0.1156034E+01
   0.6654636E+01      0.1117333E+01
   0.6678703E+01      0.1064628E+01
   0.6702771E+01      0.9869532E+00
   0.6726838E+01      0.7005733E+00
   0.6750906E+01      0.6225559E+00
   0.6774973E+01      0.5796298E+00
   0.6799040E+01      0.5456104E+00
   0.6823108E+01      0.5168408E+00
   0.6847175E+01      0.4931308E+00
   0.6871243E+01      0.5016584E+00
   0.6895310E+01      0.4897234E+00
   0.6919377E+01      0.4343614E+00
   0.6943445E+01      0.4132442E+00
   0.6967512E+01      0.1062838E+01
   0.6991580E+01      0.3822112E+00
   0.7015647E+01      0.3684034E+00
   0.7039714E+01      0.3559683E+00
   0.7063782E+01      0.3446441E+00
   0.7087849E+01      0.3343062E+00
   0.7111917E+01      0.3248668E+00
   0.7135984E+01      0.3162560E+00
   0.7160051E+01      0.3084150E+00
   0.7184119E+01      0.3012935E+00
   0.7208186E+01      0.2948475E+00
   0.7232254E+01      0.2890390E+00
   0.7256321E+01      0.2838349E+00
   0.7280388E+01      0.2792073E+00
   0.7304456E+01      0.2751333E+00
   0.7328523E+01      0.2715964E+00
   0.7352591E+01      0.2685881E+00
   0.7376658E+01      0.2661126E+00
   0.7400725E+01      0.2641955E+00
   0.7424793E+01      0.2629070E+00
   0.7448860E+01      0.2624103E+00
   0.7472928E+01      0.2631553E+00
   0.7496995E+01      0.2665396E+00
   0.7521062E+01      0.2789610E+00
   0.7545130E+01      0.3690842E+00
   0.7569197E+01      0.6630730E+00
   0.7593265E+01      0.2916338E+00
   0.7617332E+01      0.2699876E+00
   0.7641399E+01      0.2659492E+00
   0.7665467E+01      0.2656741E+00
   0.7689534E+01      0.2668494E+00
   0.7713602E+01      0.2688359E+00
   0.7737669E+01      0.2714052E+00
   0.7761736E+01      0.2744650E+00
   0.7785804E+01      0.2779787E+00
   0.7809871E+01      0.2819378E+00
   0.7833939E+01      0.2863521E+00
   0.7858006E+01      0.2912470E+00
   0.7882073E+01      0.2966655E+00
   0.7906141E+01      0.3026760E+00
   0.7930208E+01      0.3093875E+00
   0.7954276E+01      0.3172194E+00
   0.7978343E+01      0.3259034E+00
   0.8002410E+01      0.3371243E+00
   0.8026478E+01      0.3599984E+00
   0.8050545E+01      0.3756006E+00
   0.8074613E+01      0.3897517E+00
   0.8098680E+01      0.4027744E+00
   0.8122747E+01      0.4148963E+00
   0.8146815E+01      0.4262927E+00
   0.8170882E+01      0.4371032E+00
   0.8194950E+01      0.4474418E+00
   0.8219017E+01      0.4574028E+00
   0.8243084E+01      0.4670652E+00
   0.8267152E+01      0.4764959E+00
   0.8291219E+01      0.4857519E+00
   0.8315287E+01      0.4948825E+00
   0.8339354E+01      0.5039306E+00
   0.8363421E+01      0.5129335E+00
   0.8387489E+01      0.5219244E+00
   0.8411556E+01      0.5309327E+00
   0.8435624E+01      0.5399847E+00
   0.8459691E+01      0.5491043E+00
   0.8483758E+01      0.5583137E+00
   0.8507826E+01      0.5676305E+00
   0.8531893E+01      0.5770763E+00
   0.8555961E+01      0.5866667E+00
   0.8580028E+01      0.5964178E+00
   0.8604095E+01      0.6063451E+00
   0.8628163E+01      0.6164630E+00
   0.8652230E+01      0.6267856E+00
   0.8676298E+01      0.6373263E+00
   0.8700365E+01      0.6480986E+00
   0.8724432E+01      0.6591153E+00
   0.8748500E+01      0.6703894E+00
   0.8772567E+01      0.6819340E+00
   0.8796635E+01      0.6937622E+00
   0.8820702E+01      0.7058876E+00
   0.8844769E+01      0.7183245E+00
   0.8868837E+01      0.7310883E+00
   0.8892904E+01      0.7441961E+00
   0.8916972E+01      0.7576681E+00
   0.8941039E+01      0.7715304E+00
   0.8965106E+01      0.7858202E+00
   0.8989174E+01      0.8006163E+00
   0.9013241E+01      0.8160908E+00
   0.9037309E+01      0.8446051E+00
   0.9061376E+01      0.8719396E+00
   0.9085443E+01      0.8968143E+00
   0.9109511E+01      0.9212562E+00
   0.9133578E+01      0.9457983E+00
   0.9157646E+01      0.9706843E+00
   0.9181713E+01      0.9960577E+00
   0.9205780E+01      0.1022018E+01
   0.9229848E+01      0.1048642E+01
   0.9253915E+01      0.1076000E+01
   0.9277983E+01      0.1104157E+01
   0.9302050E+01      0.1133182E+01
   0.9326117E+01      0.1163147E+01
   0.9350185E+01      0.1194142E+01
   0.9374252E+01      0.1226273E+01
   0.9398320E+01      0.1259676E+01
   0.9422387E+01      0.1294535E+01
   0.9446454E+01      0.1331108E+01
   0.9470522E+01      0.1369786E+01
   0.9494589E+01      0.1411208E+01
   0.9518657E+01      0.1456506E+01
   0.9542724E+01      0.1508097E+01
   0.9566791E+01      0.1571304E+01
   0.9590859E+01      0.1661122E+01
   0.9614926E+01      0.1826346E+01
   0.9638994E+01      0.2209862E+01
   0.9663061E+01      0.2496882E+01
   0.9687128E+01      0.2173706E+01
   0.9711196E+01      0.2019018E+01
   0.9735263E+01      0.1982138E+01
   0.9759331E+01      0.1986850E+01
   0.9783398E+01      0.2240610E+01
   0.9807465E+01      0.1987830E+01
   0.9831533E+01      0.1990479E+01
   0.9855600E+01      0.1977253E+01
   0.9879668E+01      0.1948649E+01
   0.9903735E+01      0.1905990E+01
   0.9927802E+01      0.1852392E+01
   0.9951870E+01      0.1792234E+01
   0.9975937E+01      0.1730261E+01
   0.1000000E+02      0.1670433E+01
 &
 @autoscale
 @target G1.S0
