 @target G2.S0
 @type xy
  -0.1000000E+02      0.9420178E-13
  -0.9975937E+01     -0.3300546E-13
  -0.9951870E+01      0.7136717E-13
  -0.9927802E+01     -0.9425595E-13
  -0.9903735E+01     -0.2882903E-13
  -0.9879668E+01     -0.9549865E-13
  -0.9855600E+01     -0.4755432E-13
  -0.9831533E+01      0.2451501E-13
  -0.9807465E+01      0.6243414E-13
  -0.9783398E+01     -0.1594231E-13
  -0.9759331E+01     -0.4039297E-13
  -0.9735263E+01      0.4216554E-13
  -0.9711196E+01     -0.1062321E-12
  -0.9687128E+01     -0.8539759E-13
  -0.9663061E+01     -0.6048897E-13
  -0.9638994E+01     -0.2258703E-13
  -0.9614926E+01     -0.1131458E-13
  -0.9590859E+01     -0.2352271E-13
  -0.9566791E+01     -0.8514421E-13
  -0.9542724E+01     -0.9378269E-13
  -0.9518657E+01     -0.6540547E-13
  -0.9494589E+01     -0.2775233E-13
  -0.9470522E+01      0.7826063E-13
  -0.9446454E+01     -0.2595436E-13
  -0.9422387E+01     -0.9962224E-14
  -0.9398320E+01     -0.2668008E-13
  -0.9374252E+01      0.1779806E-13
  -0.9350185E+01      0.8273486E-13
  -0.9326117E+01      0.1751319E-13
  -0.9302050E+01      0.6461056E-13
  -0.9277983E+01     -0.7282695E-13
  -0.9253915E+01     -0.1035736E-13
  -0.9229848E+01     -0.2761831E-13
  -0.9205780E+01      0.2779735E-13
  -0.9181713E+01     -0.4581614E-13
  -0.9157646E+01     -0.4268124E-14
  -0.9133578E+01      0.3039475E-13
  -0.9109511E+01      0.1050827E-13
  -0.9085443E+01      0.6037836E-13
  -0.9061376E+01     -0.4220442E-13
  -0.9037309E+01      0.8632580E-13
  -0.9013241E+01      0.1030142E-12
  -0.8989174E+01      0.6191884E-13
  -0.8965106E+01     -0.1122698E-12
  -0.8941039E+01     -0.8180514E-13
  -0.8916972E+01     -0.9113396E-13
  -0.8892904E+01      0.4683393E-13
  -0.8868837E+01      0.8314879E-13
  -0.8844769E+01      0.1788844E-13
  -0.8820702E+01     -0.6663056E-15
  -0.8796635E+01     -0.1284639E-12
  -0.8772567E+01     -0.9018172E-14
  -0.8748500E+01     -0.5355077E-13
  -0.8724432E+01      0.7805668E-13
  -0.8700365E+01     -0.4093399E-12
  -0.8676298E+01      0.2513163E-12
  -0.8652230E+01     -0.2563066E-12
  -0.8628163E+01     -0.1060507E-12
  -0.8604095E+01     -0.2746545E-12
  -0.8580028E+01      0.2457249E-01
  -0.8555961E+01      0.3433929E+00
  -0.8531893E+01      0.4172846E+00
  -0.8507826E+01      0.4322148E+00
  -0.8483758E+01      0.4119906E+00
  -0.8459691E+01      0.5519221E+00
  -0.8435624E+01      0.4674576E+00
  -0.8411556E+01      0.3856337E+00
  -0.8387489E+01      0.3270596E+00
  -0.8363421E+01      0.2980683E+00
  -0.8339354E+01      0.1860828E+00
  -0.8315287E+01      0.1693726E+00
  -0.8291219E+01      0.1319380E+00
  -0.8267152E+01     -0.3134514E-01
  -0.8243084E+01      0.3563156E-02
  -0.8219017E+01      0.3632703E-01
  -0.8194950E+01      0.6171926E-01
  -0.8170882E+01      0.7872776E-01
  -0.8146815E+01      0.8832249E-01
  -0.8122747E+01      0.9131891E-01
  -0.8098680E+01      0.8873277E-01
  -0.8074613E+01      0.8173566E-01
  -0.8050545E+01      0.7156849E-01
  -0.8026478E+01      0.5945090E-01
  -0.8002410E+01      0.4650630E-01
  -0.7978343E+01      0.3371006E-01
  -0.7954276E+01      0.2186096E-01
  -0.7930208E+01      0.1157195E-01
  -0.7906141E+01      0.3275414E-02
  -0.7882073E+01     -0.2762141E-02
  -0.7858006E+01     -0.6419714E-02
  -0.7833939E+01     -0.7698801E-02
  -0.7809871E+01     -0.6697735E-02
  -0.7785804E+01     -0.3986710E-02
  -0.7761736E+01      0.1305314E-02
  -0.7737669E+01      0.7834068E-02
  -0.7713602E+01      0.1563286E-01
  -0.7689534E+01      0.2439030E-01
  -0.7665467E+01      0.3379175E-01
  -0.7641399E+01      0.4353050E-01
  -0.7617332E+01      0.5331520E-01
  -0.7593265E+01      0.6287556E-01
  -0.7569197E+01      0.7196661E-01
  -0.7545130E+01      0.8037170E-01
  -0.7521062E+01      0.8790453E-01
  -0.7496995E+01      0.9441031E-01
  -0.7472928E+01      0.9976611E-01
  -0.7448860E+01      0.1038807E+00
  -0.7424793E+01      0.1066937E+00
  -0.7400725E+01      0.1081744E+00
  -0.7376658E+01      0.1083205E+00
  -0.7352591E+01      0.1071555E+00
  -0.7328523E+01      0.1047274E+00
  -0.7304456E+01      0.1011057E+00
  -0.7280388E+01      0.9637888E-01
  -0.7256321E+01      0.9065171E-01
  -0.7232254E+01      0.8404146E-01
  -0.7208186E+01      0.7667395E-01
  -0.7184119E+01      0.6867756E-01
  -0.7160051E+01      0.6017333E-01
  -0.7135984E+01      0.5125361E-01
  -0.7111917E+01      0.4192085E-01
  -0.7087849E+01      0.3182612E-01
  -0.7063782E+01      0.1766776E-01
  -0.7039714E+01      0.2133085E-01
  -0.7015647E+01      0.3099281E-01
  -0.6991580E+01      0.1204170E-01
  -0.6967512E+01      0.3918376E-02
  -0.6943445E+01     -0.2082899E-02
  -0.6919377E+01     -0.1019362E-01
  -0.6895310E+01     -0.1514317E-01
  -0.6871243E+01     -0.1823828E-01
  -0.6847175E+01     -0.1945562E-01
  -0.6823108E+01     -0.1503762E-01
  -0.6799040E+01     -0.1033437E-01
  -0.6774973E+01     -0.7262910E-02
  -0.6750906E+01     -0.2979816E-02
  -0.6726838E+01      0.2447922E-02
  -0.6702771E+01      0.8926427E-02
  -0.6678703E+01      0.1633037E-01
  -0.6654636E+01      0.2449603E-01
  -0.6630569E+01      0.3328849E-01
  -0.6606501E+01      0.4180629E-01
  -0.6582434E+01      0.4855464E-01
  -0.6558366E+01      0.1371068E+01
  -0.6534299E+01      0.1191973E+01
  -0.6510232E+01      0.8360412E+00
  -0.6486164E+01      0.5216717E+00
  -0.6462097E+01      0.3036491E+00
  -0.6438029E+01      0.1945781E+00
  -0.6413962E+01      0.2530178E+01
  -0.6389895E+01      0.1660025E+01
  -0.6365827E+01      0.9856744E+00
  -0.6341760E+01      0.6256276E+00
  -0.6317692E+01      0.4953851E+00
  -0.6293625E+01      0.5137014E+00
  -0.6269558E+01      0.6226314E+00
  -0.6245490E+01      0.7788628E+00
  -0.6221423E+01      0.8838356E+00
  -0.6197355E+01      0.2026106E+01
  -0.6173288E+01      0.1474184E+01
  -0.6149221E+01      0.1222746E+01
  -0.6125153E+01      0.1227211E+01
  -0.6101086E+01      0.1322310E+01
  -0.6077018E+01      0.1383217E+01
  -0.6052951E+01      0.1340162E+01
  -0.6028884E+01      0.1152144E+01
  -0.6004816E+01      0.5655873E+00
  -0.5980749E+01      0.4886504E+00
  -0.5956681E+01      0.4236424E+00
  -0.5932614E+01      0.3885846E+00
  -0.5908547E+01      0.2171115E+01
  -0.5884479E+01      0.1248855E+01
  -0.5860412E+01      0.7817869E+00
  -0.5836344E+01      0.6835010E+00
  -0.5812277E+01      0.7322255E+00
  -0.5788210E+01      0.8056717E+00
  -0.5764142E+01      0.8562714E+00
  -0.5740075E+01      0.8774621E+00
  -0.5716007E+01      0.8777796E+00
  -0.5691940E+01      0.8701647E+00
  -0.5667873E+01      0.8669037E+00
  -0.5643805E+01      0.8754981E+00
  -0.5619738E+01      0.8976200E+00
  -0.5595670E+01      0.9299077E+00
  -0.5571603E+01      0.9656111E+00
  -0.5547536E+01      0.9964678E+00
  -0.5523468E+01      0.1014550E+01
  -0.5499401E+01      0.1013878E+01
  -0.5475333E+01      0.9917543E+00
  -0.5451266E+01      0.9496039E+00
  -0.5427199E+01      0.8931823E+00
  -0.5403131E+01      0.8321636E+00
  -0.5379064E+01      0.1197103E+01
  -0.5354996E+01      0.1169121E+01
  -0.5330929E+01      0.1267549E+01
  -0.5306862E+01      0.1054216E+01
  -0.5282794E+01      0.8831319E+00
  -0.5258727E+01      0.5975405E+00
  -0.5234659E+01      0.6448344E+00
  -0.5210592E+01      0.6922093E+00
  -0.5186525E+01      0.1823944E+01
  -0.5162457E+01      0.2808577E+01
  -0.5138390E+01      0.1699036E+01
  -0.5114322E+01      0.1046697E+01
  -0.5090255E+01      0.9385645E+00
  -0.5066188E+01      0.1196767E+01
  -0.5042120E+01      0.3051959E+01
  -0.5018053E+01      0.3504057E+01
  -0.4993985E+01      0.2161939E+01
  -0.4969918E+01      0.1661650E+01
  -0.4945851E+01      0.1206926E+01
  -0.4921783E+01      0.1033065E+01
  -0.4897716E+01      0.1234777E+01
  -0.4873648E+01      0.1060098E+01
  -0.4849581E+01      0.6082333E+00
  -0.4825514E+01      0.6427584E+00
  -0.4801446E+01      0.6020411E+00
  -0.4777379E+01      0.6313550E+00
  -0.4753311E+01      0.6993395E+00
  -0.4729244E+01      0.7695455E+00
  -0.4705177E+01      0.8338229E+00
  -0.4681109E+01      0.8610681E+00
  -0.4657042E+01      0.2272636E+01
  -0.4632974E+01      0.2102109E+01
  -0.4608907E+01      0.1670419E+01
  -0.4584840E+01      0.1339082E+01
  -0.4560772E+01      0.1367815E+01
  -0.4536705E+01      0.1963641E+01
  -0.4512637E+01      0.3111499E+01
  -0.4488570E+01      0.3949133E+01
  -0.4464503E+01      0.4625510E+01
  -0.4440435E+01      0.2139890E+02
  -0.4416368E+01      0.1196520E+01
  -0.4392300E+01      0.1091384E+01
  -0.4368233E+01      0.9480695E+00
  -0.4344166E+01      0.8009221E+00
  -0.4320098E+01      0.7537376E+00
  -0.4296031E+01      0.9409404E+00
  -0.4271963E+01      0.1340271E+01
  -0.4247896E+01      0.1859374E+01
  -0.4223829E+01      0.2102419E+01
  -0.4199761E+01      0.1912367E+01
  -0.4175694E+01      0.1696782E+01
  -0.4151626E+01      0.1707156E+01
  -0.4127559E+01      0.3555093E+01
  -0.4103492E+01      0.6343589E+01
  -0.4079424E+01      0.7480573E+01
  -0.4055357E+01      0.2653080E+01
  -0.4031289E+01      0.2596971E+01
  -0.4007222E+01      0.1816072E+01
  -0.3983155E+01      0.1187960E+01
  -0.3959087E+01      0.9563573E+00
  -0.3935020E+01      0.9269536E+00
  -0.3910952E+01      0.9679269E+00
  -0.3886885E+01      0.1014902E+01
  -0.3862818E+01      0.1028094E+01
  -0.3838750E+01      0.1770981E+01
  -0.3814683E+01      0.1661726E+01
  -0.3790615E+01      0.1490192E+01
  -0.3766548E+01      0.1292852E+01
  -0.3742481E+01      0.9491062E+00
  -0.3718413E+01      0.5465157E+00
  -0.3694346E+01      0.5119032E+00
  -0.3670278E+01      0.5130604E+00
  -0.3646211E+01      0.5469657E+00
  -0.3622144E+01      0.6068094E+00
  -0.3598076E+01      0.6833559E+00
  -0.3574009E+01      0.7663833E+00
  -0.3549941E+01      0.8459687E+00
  -0.3525874E+01      0.9135048E+00
  -0.3501807E+01      0.9631189E+00
  -0.3477739E+01      0.9964189E+00
  -0.3453672E+01      0.1014769E+01
  -0.3429604E+01      0.1002466E+01
  -0.3405537E+01      0.9550825E+00
  -0.3381470E+01      0.8745096E+00
  -0.3357402E+01      0.1271159E+01
  -0.3333335E+01      0.8844773E+00
  -0.3309267E+01      0.9140754E+00
  -0.3285200E+01      0.9603126E+00
  -0.3261133E+01      0.1089126E+01
  -0.3237065E+01      0.1114041E+01
  -0.3212998E+01      0.1007833E+01
  -0.3188930E+01      0.8902811E+00
  -0.3164863E+01      0.2846118E+01
  -0.3140796E+01      0.1963654E+01
  -0.3116728E+01      0.1404892E+01
  -0.3092661E+01      0.1129833E+01
  -0.3068593E+01      0.1054742E+01
  -0.3044526E+01      0.1051544E+01
  -0.3020459E+01      0.9797041E+00
  -0.2996391E+01      0.8563525E+00
  -0.2972324E+01      0.9543480E+00
  -0.2948256E+01      0.1161452E+01
  -0.2924189E+01      0.1341346E+01
  -0.2900122E+01      0.7904632E+02
  -0.2876054E+01      0.3162623E+01
  -0.2851987E+01      0.2678181E+01
  -0.2827919E+01      0.2819186E+01
  -0.2803852E+01      0.2894063E+01
  -0.2779785E+01      0.2944207E+01
  -0.2755717E+01      0.2987964E+01
  -0.2731650E+01      0.8110187E+01
  -0.2707582E+01      0.6206574E+01
  -0.2683515E+01      0.2193428E+01
  -0.2659448E+01      0.1838510E+01
  -0.2635380E+01      0.1932393E+01
  -0.2611313E+01      0.1659505E+01
  -0.2587245E+01      0.1486413E+01
  -0.2563178E+01      0.1398664E+01
  -0.2539111E+01      0.1239781E+01
  -0.2515043E+01      0.1040538E+01
  -0.2490976E+01      0.8731068E+00
  -0.2466908E+01      0.7848802E+00
  -0.2442841E+01      0.7836456E+00
  -0.2418774E+01      0.8468918E+00
  -0.2394706E+01      0.9387049E+00
  -0.2370639E+01      0.1025261E+01
  -0.2346571E+01      0.1084689E+01
  -0.2322504E+01      0.1110271E+01
  -0.2298437E+01      0.1684076E+01
  -0.2274369E+01      0.1692220E+01
  -0.2250302E+01      0.1719515E+01
  -0.2226234E+01      0.1759991E+01
  -0.2202167E+01      0.1567353E+01
  -0.2178100E+01      0.1230848E+01
  -0.2154032E+01      0.1563793E+01
  -0.2129965E+01      0.3300127E+01
  -0.2105897E+01      0.2099128E+01
  -0.2081830E+01      0.1604002E+01
  -0.2057763E+01      0.1343653E+01
  -0.2033695E+01      0.1180695E+01
  -0.2009628E+01      0.1072149E+01
  -0.1985560E+01      0.1007321E+01
  -0.1961493E+01      0.9850842E+00
  -0.1937426E+01      0.1003185E+01
  -0.1913358E+01      0.1053249E+01
  -0.1889291E+01      0.1119547E+01
  -0.1865223E+01      0.1181433E+01
  -0.1841156E+01      0.1218671E+01
  -0.1817089E+01      0.1219057E+01
  -0.1793021E+01      0.1186498E+01
  -0.1768954E+01      0.1146657E+01
  -0.1744886E+01      0.1143675E+01
  -0.1720819E+01      0.1222382E+01
  -0.1696752E+01      0.1395233E+01
  -0.1672684E+01      0.1622371E+01
  -0.1648617E+01      0.1873110E+01
  -0.1624549E+01      0.2286336E+01
  -0.1600482E+01      0.3117477E+01
  -0.1576415E+01      0.2829451E+01
  -0.1552347E+01      0.2825361E+01
  -0.1528280E+01      0.8454453E+00
  -0.1504212E+01      0.6911778E+00
  -0.1480145E+01      0.5761673E+00
  -0.1456078E+01      0.4761973E+00
  -0.1432010E+01      0.4119978E+00
  -0.1407943E+01      0.4119394E+00
  -0.1383875E+01      0.5064866E+00
  -0.1359808E+01      0.7201169E+00
  -0.1335741E+01      0.1061752E+01
  -0.1311673E+01      0.1508458E+01
  -0.1287606E+01      0.1973796E+01
  -0.1263538E+01      0.2227763E+01
  -0.1239471E+01      0.2927208E+03
  -0.1215404E+01      0.1711730E+00
  -0.1191336E+01      0.1668550E+00
  -0.1167269E+01      0.1623616E+00
  -0.1143201E+01      0.1579047E+00
  -0.1119134E+01      0.1536552E+00
  -0.1095067E+01      0.1497622E+00
  -0.1070999E+01      0.1464486E+00
  -0.1046932E+01      0.1436838E+00
  -0.1022864E+01      0.1416726E+00
  -0.9987971E+00      0.1404655E+00
  -0.9747297E+00      0.1400996E+00
  -0.9506623E+00      0.1405807E+00
  -0.9265949E+00      0.1418832E+00
  -0.9025275E+00      0.1439521E+00
  -0.8784601E+00      0.1467066E+00
  -0.8543927E+00      0.1500451E+00
  -0.8303253E+00      0.1538503E+00
  -0.8062579E+00      0.1579945E+00
  -0.7821905E+00      0.1623449E+00
  -0.7581231E+00      0.2540775E+00
  -0.7340557E+00      0.2519630E+00
  -0.7099883E+00      0.2507016E+00
  -0.6859209E+00      0.2503634E+00
  -0.6618535E+00      0.2344611E+00
  -0.6377861E+00      0.1855572E+00
  -0.6137187E+00      0.1878632E+00
  -0.5896513E+00      0.1894658E+00
  -0.5655839E+00      0.1902970E+00
  -0.5415165E+00      0.1903092E+00
  -0.5174491E+00      0.1894812E+00
  -0.4933817E+00      0.1878263E+00
  -0.4693143E+00      0.1854023E+00
  -0.4452469E+00      0.1823268E+00
  -0.4211795E+00      0.1788050E+00
  -0.3971121E+00      0.1752012E+00
  -0.3730447E+00      0.1723059E+00
  -0.3489773E+00      0.1732914E+00
  -0.3249099E+00      0.6875104E+00
  -0.3008425E+00      0.8496097E+00
  -0.2767751E+00      0.8569238E+00
  -0.2527077E+00      0.7987087E+00
  -0.2286403E+00      0.7170983E+00
  -0.2045729E+00      0.6429731E+00
  -0.1805055E+00      0.6015372E+00
  -0.1564381E+00      0.6106049E+00
  -0.1323707E+00      0.6739664E+00
  -0.1083033E+00      0.7703043E+00
  -0.8423590E-01      0.8427983E+00
  -0.6016850E-01      0.8185037E+00
  -0.3610110E-01      0.7801362E+00
  -0.1203370E-01      0.1592613E+01
   0.1203370E-01      0.3042947E+01
   0.3610110E-01      0.9018865E+01
   0.6016850E-01      0.1875746E+00
   0.8423590E-01      0.1912062E+00
   0.1083033E+00      0.1940848E+00
   0.1323707E+00      0.1957889E+00
   0.1564381E+00      0.1961911E+00
   0.1805055E+00      0.1952470E+00
   0.2045729E+00      0.1929112E+00
   0.2286403E+00      0.1892890E+00
   0.2527077E+00      0.1844693E+00
   0.2767751E+00      0.1785978E+00
   0.3008425E+00      0.1718521E+00
   0.3249099E+00      0.1644338E+00
   0.3489773E+00      0.1565594E+00
   0.3730447E+00      0.1484525E+00
   0.3971121E+00      0.1403357E+00
   0.4211795E+00      0.1324234E+00
   0.4452469E+00      0.1249153E+00
   0.4693143E+00      0.1179908E+00
   0.4933817E+00      0.1118043E+00
   0.5174491E+00      0.1064821E+00
   0.5415165E+00      0.1021202E+00
   0.5655839E+00      0.9878306E-01
   0.5896513E+00      0.9650436E-01
   0.6137187E+00      0.9528812E-01
   0.6377861E+00      0.9511126E-01
   0.6618535E+00      0.9592681E-01
   0.6859209E+00      0.9766759E-01
   0.7099883E+00      0.1002503E+00
   0.7340557E+00      0.1035797E+00
   0.7581231E+00      0.1075523E+00
   0.7821905E+00      0.1915804E+00
   0.8062579E+00      0.1959507E+00
   0.8303253E+00      0.2006762E+00
   0.8543927E+00      0.2056829E+00
   0.8784601E+00      0.1872428E+00
   0.9025275E+00      0.1388959E+00
   0.9265949E+00      0.1444354E+00
   0.9506623E+00      0.1498343E+00
   0.9747297E+00      0.1550234E+00
   0.9987971E+00      0.1599422E+00
   0.1022864E+01      0.1645387E+00
   0.1046932E+01      0.1687693E+00
   0.1070999E+01      0.1725988E+00
   0.1095067E+01      0.1760000E+00
   0.1119134E+01      0.1789538E+00
   0.1143201E+01      0.1814485E+00
   0.1167269E+01      0.1834795E+00
   0.1191336E+01      0.1850494E+00
   0.1215404E+01      0.1861670E+00
   0.1239471E+01      0.1868472E+00
   0.1263538E+01      0.1871105E+00
   0.1287606E+01      0.1869826E+00
   0.1311673E+01      0.1864939E+00
   0.1335741E+01      0.1856790E+00
   0.1359808E+01      0.1845766E+00
   0.1383875E+01      0.1832291E+00
   0.1407943E+01      0.1816824E+00
   0.1432010E+01      0.1799866E+00
   0.1456078E+01      0.1781975E+00
   0.1480145E+01      0.1763797E+00
   0.1504212E+01      0.1746191E+00
   0.1528280E+01      0.1730669E+00
   0.1552347E+01      0.1722947E+00
   0.1576415E+01      0.2285200E+00
   0.1600482E+01      0.2477209E+00
   0.1624549E+01      0.2530833E+00
   0.1648617E+01      0.2516516E+00
   0.1672684E+01      0.2461234E+00
   0.1696752E+01      0.2379670E+00
   0.1720819E+01      0.2281213E+00
   0.1744886E+01      0.2172439E+00
   0.1768954E+01      0.2058204E+00
   0.1793021E+01      0.1942216E+00
   0.1817089E+01      0.1827349E+00
   0.1841156E+01      0.1715838E+00
   0.1865223E+01      0.1609413E+00
   0.1889291E+01      0.1509376E+00
   0.1913358E+01      0.1416673E+00
   0.1937426E+01      0.1331937E+00
   0.1961493E+01      0.1255538E+00
   0.1985560E+01      0.1187617E+00
   0.2009628E+01      0.1128132E+00
   0.2033695E+01      0.1076895E+00
   0.2057763E+01      0.1033612E+00
   0.2081830E+01      0.9979290E-01
   0.2105897E+01      0.9694641E-01
   0.2129965E+01      0.9478398E-01
   0.2154032E+01      0.9327049E-01
   0.2178100E+01      0.9237468E-01
   0.2202167E+01      0.9206949E-01
   0.2226234E+01      0.9233148E-01
   0.2250302E+01      0.9313989E-01
   0.2274369E+01      0.9447534E-01
   0.2298437E+01      0.9631858E-01
   0.2322504E+01      0.1574266E+00
   0.2346571E+01      0.1601683E+00
   0.2370639E+01      0.1636469E+00
   0.2394706E+01      0.1678621E+00
   0.2418774E+01      0.1367248E+00
   0.2442841E+01      0.1168453E+00
   0.2466908E+01      0.1216681E+00
   0.2490976E+01      0.1268355E+00
   0.2515043E+01      0.1321258E+00
   0.2539111E+01      0.1357052E+00
   0.2563178E+01      0.1306112E+00
   0.2587245E+01      0.1327731E+00
   0.2611313E+01      0.1374380E+00
   0.2635380E+01      0.1424196E+00
   0.2659448E+01      0.1485747E+00
   0.2683515E+01      0.1537535E+00
   0.2707582E+01      0.1582750E+00
   0.2731650E+01      0.1622678E+00
   0.2755717E+01      0.1657825E+00
   0.2779785E+01      0.1688369E+00
   0.2803852E+01      0.1714349E+00
   0.2827919E+01      0.1735757E+00
   0.2851987E+01      0.1752578E+00
   0.2876054E+01      0.1764815E+00
   0.2900122E+01      0.1772507E+00
   0.2924189E+01      0.1775734E+00
   0.2948256E+01      0.1774626E+00
   0.2972324E+01      0.1769361E+00
   0.2996391E+01      0.1760171E+00
   0.3020459E+01      0.1747340E+00
   0.3044526E+01      0.1731200E+00
   0.3068593E+01      0.1712133E+00
   0.3092661E+01      0.1690559E+00
   0.3116728E+01      0.1666930E+00
   0.3140796E+01      0.1641717E+00
   0.3164863E+01      0.1615392E+00
   0.3188930E+01      0.1588410E+00
   0.3212998E+01      0.1561181E+00
   0.3237065E+01      0.1534047E+00
   0.3261133E+01      0.1507258E+00
   0.3285200E+01      0.1480951E+00
   0.3309267E+01      0.1455143E+00
   0.3333335E+01      0.1429734E+00
   0.3357402E+01      0.1404526E+00
   0.3381470E+01      0.1379254E+00
   0.3405537E+01      0.1353625E+00
   0.3429604E+01      0.1327353E+00
   0.3453672E+01      0.1300200E+00
   0.3477739E+01      0.1272000E+00
   0.3501807E+01      0.1242679E+00
   0.3525874E+01      0.1212261E+00
   0.3549941E+01      0.1180873E+00
   0.3574009E+01      0.1148728E+00
   0.3598076E+01      0.1116129E+00
   0.3622144E+01      0.1083437E+00
   0.3646211E+01      0.1051067E+00
   0.3670278E+01      0.1019469E+00
   0.3694346E+01      0.9891321E-01
   0.3718413E+01      0.9606070E-01
   0.3742481E+01      0.9345607E-01
   0.3766548E+01      0.9119158E-01
   0.3790615E+01      0.8941756E-01
   0.3814683E+01      0.8843130E-01
   0.3838750E+01      0.8899003E-01
   0.3862818E+01      0.1961536E+00
   0.3886885E+01      0.5601068E+00
   0.3910952E+01      0.7139743E+00
   0.3935020E+01      0.7723830E+00
   0.3959087E+01      0.7168657E+00
   0.3983155E+01      0.5165636E+00
   0.4007222E+01      0.5121902E+00
   0.4031289E+01      0.5031394E+00
   0.4055357E+01      0.4911822E+00
   0.4079424E+01      0.4774311E+00
   0.4103492E+01      0.4626225E+00
   0.4127559E+01      0.4472655E+00
   0.4151626E+01      0.4317263E+00
   0.4175694E+01      0.4162768E+00
   0.4199761E+01      0.4011253E+00
   0.4223829E+01      0.3864350E+00
   0.4247896E+01      0.3723360E+00
   0.4271963E+01      0.3589326E+00
   0.4296031E+01      0.3463083E+00
   0.4320098E+01      0.3345286E+00
   0.4344166E+01      0.3236431E+00
   0.4368233E+01      0.3136861E+00
   0.4392300E+01      0.3046779E+00
   0.4416368E+01      0.2966234E+00
   0.4440435E+01      0.2895175E+00
   0.4464503E+01      0.2833373E+00
   0.4488570E+01      0.2780501E+00
   0.4512637E+01      0.2736109E+00
   0.4536705E+01      0.2699644E+00
   0.4560772E+01      0.2670465E+00
   0.4584840E+01      0.2647860E+00
   0.4608907E+01      0.2631069E+00
   0.4632974E+01      0.2619306E+00
   0.4657042E+01      0.2611774E+00
   0.4681109E+01      0.2607692E+00
   0.4705177E+01      0.2606309E+00
   0.4729244E+01      0.2606913E+00
   0.4753311E+01      0.2608845E+00
   0.4777379E+01      0.2611502E+00
   0.4801446E+01      0.2614340E+00
   0.4825514E+01      0.2616873E+00
   0.4849581E+01      0.2618670E+00
   0.4873648E+01      0.2619356E+00
   0.4897716E+01      0.2618611E+00
   0.4921783E+01      0.2616165E+00
   0.4945851E+01      0.2611802E+00
   0.4969918E+01      0.2605359E+00
   0.4993985E+01      0.2596727E+00
   0.5018053E+01      0.2585852E+00
   0.5042120E+01      0.2572733E+00
   0.5066188E+01      0.2557419E+00
   0.5090255E+01      0.2540009E+00
   0.5114322E+01      0.2520640E+00
   0.5138390E+01      0.2499486E+00
   0.5162457E+01      0.2476744E+00
   0.5186525E+01      0.2452630E+00
   0.5210592E+01      0.2427370E+00
   0.5234659E+01      0.2401190E+00
   0.5258727E+01      0.2374311E+00
   0.5282794E+01      0.2346942E+00
   0.5306862E+01      0.2319282E+00
   0.5330929E+01      0.2291510E+00
   0.5354996E+01      0.2263790E+00
   0.5379064E+01      0.2236266E+00
   0.5403131E+01      0.3481893E+00
   0.5427199E+01      0.3450535E+00
   0.5451266E+01      0.3418589E+00
   0.5475333E+01      0.3386224E+00
   0.5499401E+01      0.2885071E+00
   0.5523468E+01      0.2081703E+00
   0.5547536E+01      0.2058570E+00
   0.5571603E+01      0.2036402E+00
   0.5595670E+01      0.2015271E+00
   0.5619738E+01      0.1995254E+00
   0.5643805E+01      0.1976423E+00
   0.5667873E+01      0.1958857E+00
   0.5691940E+01      0.1942629E+00
   0.5716007E+01      0.1927817E+00
   0.5740075E+01      0.1914497E+00
   0.5764142E+01      0.1902744E+00
   0.5788210E+01      0.1892632E+00
   0.5812277E+01      0.1884232E+00
   0.5836344E+01      0.1877611E+00
   0.5860412E+01      0.1872833E+00
   0.5884479E+01      0.1869954E+00
   0.5908547E+01      0.1869024E+00
   0.5932614E+01      0.1870085E+00
   0.5956681E+01      0.1873171E+00
   0.5980749E+01      0.1878303E+00
   0.6004816E+01      0.1885493E+00
   0.6028884E+01      0.1894739E+00
   0.6052951E+01      0.1906024E+00
   0.6077018E+01      0.1919320E+00
   0.6101086E+01      0.1934583E+00
   0.6125153E+01      0.1951778E+00
   0.6149221E+01      0.1971258E+00
   0.6173288E+01      0.1990741E+00
   0.6197355E+01      0.2013075E+00
   0.6221423E+01      0.2036619E+00
   0.6245490E+01      0.2061300E+00
   0.6269558E+01      0.2086896E+00
   0.6293625E+01      0.2113138E+00
   0.6317692E+01      0.2139711E+00
   0.6341760E+01      0.2166262E+00
   0.6365827E+01      0.2192400E+00
   0.6389895E+01      0.2217708E+00
   0.6413962E+01      0.2241762E+00
   0.6438029E+01      0.2264160E+00
   0.6462097E+01      0.2284568E+00
   0.6486164E+01      0.2302779E+00
   0.6510232E+01      0.2318794E+00
   0.6534299E+01      0.2332916E+00
   0.6558366E+01      0.2345861E+00
   0.6582434E+01      0.2358905E+00
   0.6606501E+01      0.2374108E+00
   0.6630569E+01      0.2394808E+00
   0.6654636E+01      0.2426937E+00
   0.6678703E+01      0.2483428E+00
   0.6702771E+01      0.2603359E+00
   0.6726838E+01      0.4247662E+00
   0.6750906E+01      0.6311195E+00
   0.6774973E+01      0.6659723E+00
   0.6799040E+01      0.6474224E+00
   0.6823108E+01      0.6062235E+00
   0.6847175E+01      0.5565198E+00
   0.6871243E+01      0.5090037E+00
   0.6895310E+01      0.4495796E+00
   0.6919377E+01      0.4061891E+00
   0.6943445E+01      0.5186918E+00
   0.6967512E+01      0.5635892E+01
   0.6991580E+01      0.4149200E+00
   0.7015647E+01      0.3802607E+00
   0.7039714E+01      0.2932162E+00
   0.7063782E+01      0.2580499E+00
   0.7087849E+01      0.2508594E+00
   0.7111917E+01      0.2471102E+00
   0.7135984E+01      0.2461742E+00
   0.7160051E+01      0.2474528E+00
   0.7184119E+01      0.2503897E+00
   0.7208186E+01      0.2544791E+00
   0.7232254E+01      0.2592705E+00
   0.7256321E+01      0.2643710E+00
   0.7280388E+01      0.2694452E+00
   0.7304456E+01      0.2742144E+00
   0.7328523E+01      0.2784542E+00
   0.7352591E+01      0.2819926E+00
   0.7376658E+01      0.2847069E+00
   0.7400725E+01      0.2865227E+00
   0.7424793E+01      0.2874160E+00
   0.7448860E+01      0.2874211E+00
   0.7472928E+01      0.2866872E+00
   0.7496995E+01      0.2856697E+00
   0.7521062E+01      0.2864002E+00
   0.7545130E+01      0.3112460E+00
   0.7569197E+01      0.4184107E+00
   0.7593265E+01      0.2817583E+00
   0.7617332E+01      0.2675422E+00
   0.7641399E+01      0.2595466E+00
   0.7665467E+01      0.2527288E+00
   0.7689534E+01      0.2463086E+00
   0.7713602E+01      0.2401453E+00
   0.7737669E+01      0.2342558E+00
   0.7761736E+01      0.2287055E+00
   0.7785804E+01      0.2235739E+00
   0.7809871E+01      0.2189417E+00
   0.7833939E+01      0.2148851E+00
   0.7858006E+01      0.2114725E+00
   0.7882073E+01      0.2087637E+00
   0.7906141E+01      0.2068092E+00
   0.7930208E+01      0.2056513E+00
   0.7954276E+01      0.2053634E+00
   0.7978343E+01      0.2058901E+00
   0.8002410E+01      0.2074397E+00
   0.8026478E+01      0.5452688E+00
   0.8050545E+01      0.1004354E+01
   0.8074613E+01      0.1027085E+01
   0.8098680E+01      0.9375660E+00
   0.8122747E+01      0.8107755E+00
   0.8146815E+01      0.6803895E+00
   0.8170882E+01      0.5639270E+00
   0.8194950E+01      0.4705533E+00
   0.8219017E+01      0.4044092E+00
   0.8243084E+01      0.3663327E+00
   0.8267152E+01      0.3548867E+00
   0.8291219E+01      0.3670487E+00
   0.8315287E+01      0.3987203E+00
   0.8339354E+01      0.4451341E+00
   0.8363421E+01      0.5011957E+00
   0.8387489E+01      0.5617824E+00
   0.8411556E+01      0.6220070E+00
   0.8435624E+01      0.6774491E+00
   0.8459691E+01      0.7243554E+00
   0.8483758E+01      0.1150097E+01
   0.8507826E+01      0.1180197E+01
   0.8531893E+01      0.1188501E+01
   0.8555961E+01      0.1174871E+01
   0.8580028E+01      0.1053604E+01
   0.8604095E+01      0.7316840E+00
   0.8628163E+01      0.6925592E+00
   0.8652230E+01      0.6489195E+00
   0.8676298E+01      0.6048705E+00
   0.8700365E+01      0.5647687E+00
   0.8724432E+01      0.5329666E+00
   0.8748500E+01      0.5135407E+00
   0.8772567E+01      0.5100069E+00
   0.8796635E+01      0.5250248E+00
   0.8820702E+01      0.5600861E+00
   0.8844769E+01      0.6151715E+00
   0.8868837E+01      0.6883475E+00
   0.8892904E+01      0.7752331E+00
   0.8916972E+01      0.8682008E+00
   0.8941039E+01      0.9549711E+00
   0.8965106E+01      0.1015656E+01
   0.8989174E+01      0.1014668E+01
   0.9013241E+01      0.8652787E+00
   0.9037309E+01      0.3820212E+00
   0.9061376E+01      0.3866424E+00
   0.9085443E+01      0.3831868E+00
   0.9109511E+01      0.3766096E+00
   0.9133578E+01      0.3683057E+00
   0.9157646E+01      0.3589667E+00
   0.9181713E+01      0.3490323E+00
   0.9205780E+01      0.3388260E+00
   0.9229848E+01      0.3286086E+00
   0.9253915E+01      0.3186016E+00
   0.9277983E+01      0.3089993E+00
   0.9302050E+01      0.2999743E+00
   0.9326117E+01      0.2916802E+00
   0.9350185E+01      0.2842522E+00
   0.9374252E+01      0.2778070E+00
   0.9398320E+01      0.2724426E+00
   0.9422387E+01      0.2682376E+00
   0.9446454E+01      0.2652526E+00
   0.9470522E+01      0.2635330E+00
   0.9494589E+01      0.2631164E+00
   0.9518657E+01      0.2640503E+00
   0.9542724E+01      0.2664129E+00
   0.9566791E+01      0.2704228E+00
   0.9590859E+01      0.2765857E+00
   0.9614926E+01      0.2860863E+00
   0.9638994E+01      0.2988343E+00
   0.9663061E+01      0.2938731E+00
   0.9687128E+01      0.2844848E+00
   0.9711196E+01      0.2881450E+00
   0.9735263E+01      0.2945267E+00
   0.9759331E+01      0.2989850E+00
   0.9783398E+01      0.4222178E+00
   0.9807465E+01      0.3426532E+00
   0.9831533E+01      0.3473814E+00
   0.9855600E+01      0.3581658E+00
   0.9879668E+01      0.3719097E+00
   0.9903735E+01      0.3886117E+00
   0.9927802E+01      0.4087202E+00
   0.9951870E+01      0.4326628E+00
   0.9975937E+01      0.4606553E+00
   0.1000000E+02      0.4926228E+00
 &
 @autoscale
 @target G3.S0
