 @target G3.S0
 @type xy
  -0.1000000E+02      0.7435490E-13
  -0.9975937E+01     -0.6101078E-13
  -0.9951870E+01     -0.2359934E-13
  -0.9927802E+01     -0.7312886E-13
  -0.9903735E+01      0.2496327E-13
  -0.9879668E+01      0.8953672E-13
  -0.9855600E+01     -0.2100657E-12
  -0.9831533E+01     -0.1152591E-12
  -0.9807465E+01      0.6551787E-13
  -0.9783398E+01     -0.8179233E-13
  -0.9759331E+01      0.3771068E-13
  -0.9735263E+01     -0.1938685E-12
  -0.9711196E+01     -0.1172219E-12
  -0.9687128E+01     -0.1280546E-13
  -0.9663061E+01      0.7924982E-13
  -0.9638994E+01      0.1913221E-13
  -0.9614926E+01      0.3590484E-13
  -0.9590859E+01      0.4104921E-13
  -0.9566791E+01      0.4338417E-13
  -0.9542724E+01      0.2197376E-14
  -0.9518657E+01      0.1006354E-12
  -0.9494589E+01     -0.5058589E-13
  -0.9470522E+01      0.8249307E-13
  -0.9446454E+01     -0.1414266E-12
  -0.9422387E+01      0.5059355E-13
  -0.9398320E+01     -0.6997808E-13
  -0.9374252E+01     -0.4126844E-13
  -0.9350185E+01      0.2709443E-12
  -0.9326117E+01      0.3667216E-15
  -0.9302050E+01      0.4808043E-13
  -0.9277983E+01     -0.1000155E-12
  -0.9253915E+01     -0.1847439E-13
  -0.9229848E+01      0.6566645E-13
  -0.9205780E+01      0.2263633E-13
  -0.9181713E+01      0.1401793E-14
  -0.9157646E+01      0.1384633E-12
  -0.9133578E+01      0.2691279E-12
  -0.9109511E+01      0.1334083E-12
  -0.9085443E+01      0.2398047E-12
  -0.9061376E+01      0.4724407E-13
  -0.9037309E+01     -0.3412557E-12
  -0.9013241E+01      0.2786612E-12
  -0.8989174E+01      0.2346728E-12
  -0.8965106E+01     -0.5915499E-12
  -0.8941039E+01     -0.3889661E-12
  -0.8916972E+01      0.2789757E-12
  -0.8892904E+01      0.1257234E-12
  -0.8868837E+01      0.2717933E-12
  -0.8844769E+01     -0.1961317E-12
  -0.8820702E+01      0.8965871E-13
  -0.8796635E+01      0.1683182E-12
  -0.8772567E+01     -0.1260813E-11
  -0.8748500E+01     -0.1381933E-12
  -0.8724432E+01     -0.1804699E-11
  -0.8700365E+01     -0.6588911E-12
  -0.8676298E+01      0.3213520E-11
  -0.8652230E+01     -0.2779698E-11
  -0.8628163E+01     -0.7964030E-11
  -0.8604095E+01      0.6310842E-11
  -0.8580028E+01      0.7654935E+02
  -0.8555961E+01      0.4817037E+01
  -0.8531893E+01      0.3454560E+01
  -0.8507826E+01      0.2863810E+01
  -0.8483758E+01      0.2523150E+01
  -0.8459691E+01      0.2302178E+01
  -0.8435624E+01      0.2151742E+01
  -0.8411556E+01      0.2050030E+01
  -0.8387489E+01      0.1987928E+01
  -0.8363421E+01      0.1965251E+01
  -0.8339354E+01      0.1993710E+01
  -0.8315287E+01      0.2116067E+01
  -0.8291219E+01      0.2539758E+01
  -0.8267152E+01      0.8693725E+00
  -0.8243084E+01      0.8451829E+00
  -0.8219017E+01      0.8235023E+00
  -0.8194950E+01      0.8037547E+00
  -0.8170882E+01      0.7858334E+00
  -0.8146815E+01      0.7694320E+00
  -0.8122747E+01      0.7543533E+00
  -0.8098680E+01      0.7404356E+00
  -0.8074613E+01      0.7275443E+00
  -0.8050545E+01      0.7155669E+00
  -0.8026478E+01      0.7044080E+00
  -0.8002410E+01      0.6939865E+00
  -0.7978343E+01      0.6842330E+00
  -0.7954276E+01      0.6750874E+00
  -0.7930208E+01      0.6664976E+00
  -0.7906141E+01      0.6584184E+00
  -0.7882073E+01      0.6508101E+00
  -0.7858006E+01      0.6436377E+00
  -0.7833939E+01      0.6368706E+00
  -0.7809871E+01      0.6304814E+00
  -0.7785804E+01      0.6244461E+00
  -0.7761736E+01      0.6187431E+00
  -0.7737669E+01      0.6133533E+00
  -0.7713602E+01      0.6082596E+00
  -0.7689534E+01      0.6034468E+00
  -0.7665467E+01      0.5989014E+00
  -0.7641399E+01      0.5946110E+00
  -0.7617332E+01      0.5905649E+00
  -0.7593265E+01      0.5867535E+00
  -0.7569197E+01      0.5831680E+00
  -0.7545130E+01      0.5798010E+00
  -0.7521062E+01      0.5766458E+00
  -0.7496995E+01      0.5736964E+00
  -0.7472928E+01      0.5709480E+00
  -0.7448860E+01      0.5683960E+00
  -0.7424793E+01      0.5660369E+00
  -0.7400725E+01      0.5638678E+00
  -0.7376658E+01      0.5618864E+00
  -0.7352591E+01      0.5600909E+00
  -0.7328523E+01      0.5584803E+00
  -0.7304456E+01      0.5570541E+00
  -0.7280388E+01      0.5558124E+00
  -0.7256321E+01      0.5547561E+00
  -0.7232254E+01      0.5538864E+00
  -0.7208186E+01      0.5532053E+00
  -0.7184119E+01      0.5527155E+00
  -0.7160051E+01      0.5524202E+00
  -0.7135984E+01      0.5523234E+00
  -0.7111917E+01      0.5524299E+00
  -0.7087849E+01      0.5527453E+00
  -0.7063782E+01      0.5532760E+00
  -0.7039714E+01      0.5540291E+00
  -0.7015647E+01      0.5550132E+00
  -0.6991580E+01      0.5562375E+00
  -0.6967512E+01      0.5577126E+00
  -0.6943445E+01      0.5594505E+00
  -0.6919377E+01      0.5614645E+00
  -0.6895310E+01      0.5637695E+00
  -0.6871243E+01      0.5663824E+00
  -0.6847175E+01      0.5693219E+00
  -0.6823108E+01      0.5726091E+00
  -0.6799040E+01      0.5762678E+00
  -0.6774973E+01      0.5803246E+00
  -0.6750906E+01      0.5848096E+00
  -0.6726838E+01      0.5897567E+00
  -0.6702771E+01      0.5952046E+00
  -0.6678703E+01      0.6011968E+00
  -0.6654636E+01      0.6077833E+00
  -0.6630569E+01      0.6150212E+00
  -0.6606501E+01      0.6229760E+00
  -0.6582434E+01      0.6317587E+00
  -0.6558366E+01      0.2000738E+02
  -0.6534299E+01      0.1389249E+02
  -0.6510232E+01      0.1140147E+02
  -0.6486164E+01      0.9973269E+01
  -0.6462097E+01      0.9026196E+01
  -0.6438029E+01      0.8345303E+01
  -0.6413962E+01      0.3659807E+02
  -0.6389895E+01      0.2436649E+02
  -0.6365827E+01      0.2009424E+02
  -0.6341760E+01      0.1775052E+02
  -0.6317692E+01      0.1621985E+02
  -0.6293625E+01      0.1512406E+02
  -0.6269558E+01      0.1429585E+02
  -0.6245490E+01      0.1364893E+02
  -0.6221423E+01      0.1313446E+02
  -0.6197355E+01      0.3422988E+02
  -0.6173288E+01      0.2563906E+02
  -0.6149221E+01      0.2276681E+02
  -0.6125153E+01      0.2127148E+02
  -0.6101086E+01      0.2044703E+02
  -0.6077018E+01      0.2013140E+02
  -0.6052951E+01      0.2045754E+02
  -0.6028884E+01      0.2243399E+02
  -0.6004816E+01      0.1300897E+02
  -0.5980749E+01      0.1270712E+02
  -0.5956681E+01      0.1244916E+02
  -0.5932614E+01      0.1222812E+02
  -0.5908547E+01      0.3593214E+02
  -0.5884479E+01      0.2574967E+02
  -0.5860412E+01      0.2252854E+02
  -0.5836344E+01      0.2077021E+02
  -0.5812277E+01      0.1961886E+02
  -0.5788210E+01      0.1879411E+02
  -0.5764142E+01      0.1817314E+02
  -0.5740075E+01      0.1769272E+02
  -0.5716007E+01      0.1731674E+02
  -0.5691940E+01      0.1702323E+02
  -0.5667873E+01      0.1679828E+02
  -0.5643805E+01      0.1663307E+02
  -0.5619738E+01      0.1652217E+02
  -0.5595670E+01      0.1646269E+02
  -0.5571603E+01      0.1645386E+02
  -0.5547536E+01      0.1649685E+02
  -0.5523468E+01      0.1659499E+02
  -0.5499401E+01      0.1675426E+02
  -0.5475333E+01      0.1698456E+02
  -0.5451266E+01      0.1730208E+02
  -0.5427199E+01      0.1773474E+02
  -0.5403131E+01      0.1833520E+02
  -0.5379064E+01      0.1921866E+02
  -0.5354996E+01      0.2070901E+02
  -0.5330929E+01      0.2438391E+02
  -0.5306862E+01      0.1415030E+02
  -0.5282794E+01      0.1465588E+02
  -0.5258727E+01      0.1531432E+02
  -0.5234659E+01      0.1629390E+02
  -0.5210592E+01      0.1827433E+02
  -0.5186525E+01      0.1706402E+03
  -0.5162457E+01      0.3406102E+02
  -0.5138390E+01      0.2818736E+02
  -0.5114322E+01      0.2574533E+02
  -0.5090255E+01      0.2447984E+02
  -0.5066188E+01      0.2385825E+02
  -0.5042120E+01      0.2375131E+02
  -0.5018053E+01      0.5393690E+02
  -0.4993985E+01      0.4701151E+02
  -0.4969918E+01      0.4791865E+02
  -0.4945851E+01      0.8298162E+02
  -0.4921783E+01      0.1698587E+02
  -0.4897716E+01      0.1598737E+02
  -0.4873648E+01      0.1525704E+02
  -0.4849581E+01      0.1471457E+02
  -0.4825514E+01      0.1431330E+02
  -0.4801446E+01      0.1402504E+02
  -0.4777379E+01      0.1383278E+02
  -0.4753311E+01      0.1372701E+02
  -0.4729244E+01      0.1370394E+02
  -0.4705177E+01      0.1376476E+02
  -0.4681109E+01      0.1391585E+02
  -0.4657042E+01      0.5583058E+02
  -0.4632974E+01      0.3887665E+02
  -0.4608907E+01      0.3580798E+02
  -0.4584840E+01      0.3526246E+02
  -0.4560772E+01      0.3604261E+02
  -0.4536705E+01      0.3808302E+02
  -0.4512637E+01      0.5786457E+02
  -0.4488570E+01      0.5879761E+02
  -0.4464503E+01      0.8331020E+02
  -0.4440435E+01      0.2591654E+03
  -0.4416368E+01      0.1582858E+02
  -0.4392300E+01      0.1623865E+02
  -0.4368233E+01      0.1706617E+02
  -0.4344166E+01      0.1838962E+02
  -0.4320098E+01      0.2028607E+02
  -0.4296031E+01      0.2269928E+02
  -0.4271963E+01      0.2529573E+02
  -0.4247896E+01      0.2762265E+02
  -0.4223829E+01      0.2956597E+02
  -0.4199761E+01      0.3147362E+02
  -0.4175694E+01      0.3397955E+02
  -0.4151626E+01      0.3820286E+02
  -0.4127559E+01      0.6749468E+02
  -0.4103492E+01      0.9868717E+02
  -0.4079424E+01      0.9210707E+02
  -0.4055357E+01      0.6197283E+02
  -0.4031289E+01      0.5311896E+02
  -0.4007222E+01      0.3939587E+02
  -0.3983155E+01      0.3367009E+02
  -0.3959087E+01      0.3013064E+02
  -0.3935020E+01      0.2764229E+02
  -0.3910952E+01      0.2576824E+02
  -0.3886885E+01      0.2429356E+02
  -0.3862818E+01      0.2309713E+02
  -0.3838750E+01      0.2210445E+02
  -0.3814683E+01      0.2126674E+02
  -0.3790615E+01      0.2055062E+02
  -0.3766548E+01      0.1993243E+02
  -0.3742481E+01      0.1939499E+02
  -0.3718413E+01      0.1892563E+02
  -0.3694346E+01      0.1851489E+02
  -0.3670278E+01      0.1815581E+02
  -0.3646211E+01      0.1784333E+02
  -0.3622144E+01      0.1757412E+02
  -0.3598076E+01      0.1734634E+02
  -0.3574009E+01      0.1715979E+02
  -0.3549941E+01      0.1701617E+02
  -0.3525874E+01      0.1691966E+02
  -0.3501807E+01      0.1687821E+02
  -0.3477739E+01      0.1690598E+02
  -0.3453672E+01      0.1702877E+02
  -0.3429604E+01      0.1729703E+02
  -0.3405537E+01      0.1782404E+02
  -0.3381470E+01      0.1893669E+02
  -0.3357402E+01      0.3743748E+02
  -0.3333335E+01      0.1739833E+02
  -0.3309267E+01      0.1605703E+02
  -0.3285200E+01      0.1560005E+02
  -0.3261133E+01      0.1557678E+02
  -0.3237065E+01      0.1598809E+02
  -0.3212998E+01      0.1720821E+02
  -0.3188930E+01      0.2168954E+02
  -0.3164863E+01      0.3964092E+02
  -0.3140796E+01      0.2946060E+02
  -0.3116728E+01      0.2586003E+02
  -0.3092661E+01      0.2398704E+02
  -0.3068593E+01      0.2287420E+02
  -0.3044526E+01      0.2218496E+02
  -0.3020459E+01      0.2177053E+02
  -0.2996391E+01      0.2155677E+02
  -0.2972324E+01      0.2150569E+02
  -0.2948256E+01      0.2159987E+02
  -0.2924189E+01      0.2183685E+02
  -0.2900122E+01      0.8005575E+03
  -0.2876054E+01      0.6913392E+02
  -0.2851987E+01      0.5412773E+02
  -0.2827919E+01      0.4915691E+02
  -0.2803852E+01      0.4763666E+02
  -0.2779785E+01      0.4838040E+02
  -0.2755717E+01      0.5176308E+02
  -0.2731650E+01      0.1158825E+03
  -0.2707582E+01      0.1920975E+03
  -0.2683515E+01      0.2208182E+02
  -0.2659448E+01      0.2462461E+02
  -0.2635380E+01      0.2800130E+02
  -0.2611313E+01      0.3258794E+02
  -0.2587245E+01      0.2779826E+02
  -0.2563178E+01      0.2548192E+02
  -0.2539111E+01      0.2402240E+02
  -0.2515043E+01      0.2299011E+02
  -0.2490976E+01      0.2221205E+02
  -0.2466908E+01      0.2160236E+02
  -0.2442841E+01      0.2111262E+02
  -0.2418774E+01      0.2071298E+02
  -0.2394706E+01      0.2038388E+02
  -0.2370639E+01      0.2011188E+02
  -0.2346571E+01      0.1988742E+02
  -0.2322504E+01      0.1970353E+02
  -0.2298437E+01      0.1955504E+02
  -0.2274369E+01      0.1943805E+02
  -0.2250302E+01      0.1934965E+02
  -0.2226234E+01      0.1928767E+02
  -0.2202167E+01      0.1925052E+02
  -0.2178100E+01      0.1923712E+02
  -0.2154032E+01      0.1924680E+02
  -0.2129965E+01      0.9075117E+02
  -0.2105897E+01      0.3566133E+02
  -0.2081830E+01      0.3027950E+02
  -0.2057763E+01      0.2799517E+02
  -0.2033695E+01      0.2676190E+02
  -0.2009628E+01      0.2603496E+02
  -0.1985560E+01      0.2560183E+02
  -0.1961493E+01      0.2536246E+02
  -0.1937426E+01      0.2526459E+02
  -0.1913358E+01      0.2527967E+02
  -0.1889291E+01      0.2539254E+02
  -0.1865223E+01      0.2559659E+02
  -0.1841156E+01      0.2589161E+02
  -0.1817089E+01      0.2628307E+02
  -0.1793021E+01      0.2678250E+02
  -0.1768954E+01      0.2740906E+02
  -0.1744886E+01      0.2819274E+02
  -0.1720819E+01      0.2918062E+02
  -0.1696752E+01      0.3044944E+02
  -0.1672684E+01      0.3213320E+02
  -0.1648617E+01      0.3449336E+02
  -0.1624549E+01      0.3814643E+02
  -0.1600482E+01      0.4524389E+02
  -0.1576415E+01      0.6826343E+02
  -0.1552347E+01      0.4377590E+02
  -0.1528280E+01      0.1242408E+02
  -0.1504212E+01      0.1267674E+02
  -0.1480145E+01      0.1297936E+02
  -0.1456078E+01      0.1334429E+02
  -0.1432010E+01      0.1378940E+02
  -0.1407943E+01      0.1434013E+02
  -0.1383875E+01      0.1503784E+02
  -0.1359808E+01      0.1594939E+02
  -0.1335741E+01      0.1719540E+02
  -0.1311673E+01      0.1902062E+02
  -0.1287606E+01      0.2202728E+02
  -0.1263538E+01      0.2834137E+02
  -0.1239471E+01      0.3574522E+04
  -0.1215404E+01      0.3203040E+01
  -0.1191336E+01      0.3190835E+01
  -0.1167269E+01      0.3179210E+01
  -0.1143201E+01      0.3168107E+01
  -0.1119134E+01      0.3157471E+01
  -0.1095067E+01      0.3147250E+01
  -0.1070999E+01      0.3137398E+01
  -0.1046932E+01      0.3127869E+01
  -0.1022864E+01      0.3118623E+01
  -0.9987971E+00      0.3109621E+01
  -0.9747297E+00      0.3100825E+01
  -0.9506623E+00      0.3092202E+01
  -0.9265949E+00      0.3083718E+01
  -0.9025275E+00      0.3075341E+01
  -0.8784601E+00      0.3067042E+01
  -0.8543927E+00      0.3058793E+01
  -0.8303253E+00      0.3050566E+01
  -0.8062579E+00      0.3042335E+01
  -0.7821905E+00      0.3034077E+01
  -0.7581231E+00      0.3025767E+01
  -0.7340557E+00      0.3017383E+01
  -0.7099883E+00      0.3008905E+01
  -0.6859209E+00      0.3000311E+01
  -0.6618535E+00      0.2991584E+01
  -0.6377861E+00      0.2982705E+01
  -0.6137187E+00      0.2973658E+01
  -0.5896513E+00      0.2964427E+01
  -0.5655839E+00      0.2955000E+01
  -0.5415165E+00      0.2945362E+01
  -0.5174491E+00      0.2935502E+01
  -0.4933817E+00      0.2925410E+01
  -0.4693143E+00      0.2915078E+01
  -0.4452469E+00      0.2904497E+01
  -0.4211795E+00      0.2893662E+01
  -0.3971121E+00      0.2882567E+01
  -0.3730447E+00      0.2871210E+01
  -0.3489773E+00      0.2859589E+01
  -0.3249099E+00      0.1799944E+02
  -0.3008425E+00      0.1298035E+02
  -0.2767751E+00      0.1157175E+02
  -0.2527077E+00      0.1101782E+02
  -0.2286403E+00      0.1085168E+02
  -0.2045729E+00      0.1093046E+02
  -0.1805055E+00      0.1120736E+02
  -0.1564381E+00      0.1167983E+02
  -0.1323707E+00      0.1237782E+02
  -0.1083033E+00      0.1336906E+02
  -0.8423590E-01      0.1478195E+02
  -0.6016850E-01      0.1686445E+02
  -0.3610110E-01      0.2014484E+02
  -0.1203370E-01      0.2597068E+02
   0.1203370E-01      0.3915200E+02
   0.3610110E-01      0.1031145E+03
   0.6016850E-01      0.2625789E+01
   0.8423590E-01      0.2610445E+01
   0.1083033E+00      0.2595006E+01
   0.1323707E+00      0.2579488E+01
   0.1564381E+00      0.2563906E+01
   0.1805055E+00      0.2548275E+01
   0.2045729E+00      0.2532609E+01
   0.2286403E+00      0.2516924E+01
   0.2527077E+00      0.2501234E+01
   0.2767751E+00      0.2485554E+01
   0.3008425E+00      0.2469898E+01
   0.3249099E+00      0.2454281E+01
   0.3489773E+00      0.2438715E+01
   0.3730447E+00      0.2423214E+01
   0.3971121E+00      0.2407792E+01
   0.4211795E+00      0.2392461E+01
   0.4452469E+00      0.2377234E+01
   0.4693143E+00      0.2362123E+01
   0.4933817E+00      0.2347140E+01
   0.5174491E+00      0.2332298E+01
   0.5415165E+00      0.2317607E+01
   0.5655839E+00      0.2303079E+01
   0.5896513E+00      0.2288726E+01
   0.6137187E+00      0.2274559E+01
   0.6377861E+00      0.2260588E+01
   0.6618535E+00      0.2246826E+01
   0.6859209E+00      0.2233283E+01
   0.7099883E+00      0.2219971E+01
   0.7340557E+00      0.2206901E+01
   0.7581231E+00      0.2194088E+01
   0.7821905E+00      0.2181542E+01
   0.8062579E+00      0.2169277E+01
   0.8303253E+00      0.2157309E+01
   0.8543927E+00      0.2145652E+01
   0.8784601E+00      0.2134323E+01
   0.9025275E+00      0.2123341E+01
   0.9265949E+00      0.2112726E+01
   0.9506623E+00      0.2102501E+01
   0.9747297E+00      0.2092690E+01
   0.9987971E+00      0.2083324E+01
   0.1022864E+01      0.2074435E+01
   0.1046932E+01      0.2066062E+01
   0.1070999E+01      0.2058249E+01
   0.1095067E+01      0.2051048E+01
   0.1119134E+01      0.2044523E+01
   0.1143201E+01      0.2038747E+01
   0.1167269E+01      0.2033811E+01
   0.1191336E+01      0.2029826E+01
   0.1215404E+01      0.2026927E+01
   0.1239471E+01      0.2025289E+01
   0.1263538E+01      0.2025129E+01
   0.1287606E+01      0.2026736E+01
   0.1311673E+01      0.2030488E+01
   0.1335741E+01      0.2036903E+01
   0.1359808E+01      0.2046705E+01
   0.1383875E+01      0.2060947E+01
   0.1407943E+01      0.2081229E+01
   0.1432010E+01      0.2110123E+01
   0.1456078E+01      0.2152088E+01
   0.1480145E+01      0.2215729E+01
   0.1504212E+01      0.2320539E+01
   0.1528280E+01      0.2524844E+01
   0.1552347E+01      0.3168715E+01
   0.1576415E+01      0.6160676E+01
   0.1600482E+01      0.4393691E+01
   0.1624549E+01      0.3784134E+01
   0.1648617E+01      0.3449087E+01
   0.1672684E+01      0.3229104E+01
   0.1696752E+01      0.3070003E+01
   0.1720819E+01      0.2947650E+01
   0.1744886E+01      0.2849466E+01
   0.1768954E+01      0.2768169E+01
   0.1793021E+01      0.2699216E+01
   0.1817089E+01      0.2639608E+01
   0.1841156E+01      0.2587276E+01
   0.1865223E+01      0.2540740E+01
   0.1889291E+01      0.2498913E+01
   0.1913358E+01      0.2460972E+01
   0.1937426E+01      0.2426284E+01
   0.1961493E+01      0.2394353E+01
   0.1985560E+01      0.2364783E+01
   0.2009628E+01      0.2337255E+01
   0.2033695E+01      0.2311506E+01
   0.2057763E+01      0.2287322E+01
   0.2081830E+01      0.2264521E+01
   0.2105897E+01      0.2242951E+01
   0.2129965E+01      0.2222484E+01
   0.2154032E+01      0.2203010E+01
   0.2178100E+01      0.2184433E+01
   0.2202167E+01      0.2166670E+01
   0.2226234E+01      0.2149651E+01
   0.2250302E+01      0.2133311E+01
   0.2274369E+01      0.2117597E+01
   0.2298437E+01      0.2102459E+01
   0.2322504E+01      0.2087853E+01
   0.2346571E+01      0.2073741E+01
   0.2370639E+01      0.2060088E+01
   0.2394706E+01      0.2046863E+01
   0.2418774E+01      0.2117247E+01
   0.2442841E+01      0.2021585E+01
   0.2466908E+01      0.2009484E+01
   0.2490976E+01      0.1997714E+01
   0.2515043E+01      0.1986255E+01
   0.2539111E+01      0.1975089E+01
   0.2563178E+01      0.1964201E+01
   0.2587245E+01      0.1953576E+01
   0.2611313E+01      0.1943200E+01
   0.2635380E+01      0.1933061E+01
   0.2659448E+01      0.1923147E+01
   0.2683515E+01      0.1913448E+01
   0.2707582E+01      0.1903953E+01
   0.2731650E+01      0.1894654E+01
   0.2755717E+01      0.1885542E+01
   0.2779785E+01      0.1876608E+01
   0.2803852E+01      0.1867845E+01
   0.2827919E+01      0.1859247E+01
   0.2851987E+01      0.1850807E+01
   0.2876054E+01      0.1842518E+01
   0.2900122E+01      0.1834375E+01
   0.2924189E+01      0.1826372E+01
   0.2948256E+01      0.1818505E+01
   0.2972324E+01      0.1810768E+01
   0.2996391E+01      0.1803158E+01
   0.3020459E+01      0.1795668E+01
   0.3044526E+01      0.1788297E+01
   0.3068593E+01      0.1781039E+01
   0.3092661E+01      0.1773892E+01
   0.3116728E+01      0.1766851E+01
   0.3140796E+01      0.1759914E+01
   0.3164863E+01      0.1753078E+01
   0.3188930E+01      0.1746338E+01
   0.3212998E+01      0.1739694E+01
   0.3237065E+01      0.1733141E+01
   0.3261133E+01      0.1726678E+01
   0.3285200E+01      0.1720302E+01
   0.3309267E+01      0.1714011E+01
   0.3333335E+01      0.1707802E+01
   0.3357402E+01      0.1701674E+01
   0.3381470E+01      0.1695625E+01
   0.3405537E+01      0.1689652E+01
   0.3429604E+01      0.1683754E+01
   0.3453672E+01      0.1677929E+01
   0.3477739E+01      0.1672175E+01
   0.3501807E+01      0.1666491E+01
   0.3525874E+01      0.1660875E+01
   0.3549941E+01      0.1655327E+01
   0.3574009E+01      0.1649843E+01
   0.3598076E+01      0.1644424E+01
   0.3622144E+01      0.1639067E+01
   0.3646211E+01      0.1633772E+01
   0.3670278E+01      0.1628538E+01
   0.3694346E+01      0.1623362E+01
   0.3718413E+01      0.1618245E+01
   0.3742481E+01      0.1613185E+01
   0.3766548E+01      0.1608181E+01
   0.3790615E+01      0.1603232E+01
   0.3814683E+01      0.1598337E+01
   0.3838750E+01      0.1593496E+01
   0.3862818E+01      0.1588707E+01
   0.3886885E+01      0.1496673E+02
   0.3910952E+01      0.9083510E+01
   0.3935020E+01      0.7270882E+01
   0.3959087E+01      0.6307410E+01
   0.3983155E+01      0.5688860E+01
   0.4007222E+01      0.5250234E+01
   0.4031289E+01      0.4919261E+01
   0.4055357E+01      0.4658605E+01
   0.4079424E+01      0.4446779E+01
   0.4103492E+01      0.4270434E+01
   0.4127559E+01      0.4120791E+01
   0.4151626E+01      0.3991812E+01
   0.4175694E+01      0.3879191E+01
   0.4199761E+01      0.3779771E+01
   0.4223829E+01      0.3691176E+01
   0.4247896E+01      0.3611581E+01
   0.4271963E+01      0.3539559E+01
   0.4296031E+01      0.3473978E+01
   0.4320098E+01      0.3413926E+01
   0.4344166E+01      0.3358660E+01
   0.4368233E+01      0.3307568E+01
   0.4392300E+01      0.3260141E+01
   0.4416368E+01      0.3215952E+01
   0.4440435E+01      0.3174639E+01
   0.4464503E+01      0.3135895E+01
   0.4488570E+01      0.3099457E+01
   0.4512637E+01      0.3065095E+01
   0.4536705E+01      0.3032614E+01
   0.4560772E+01      0.3001840E+01
   0.4584840E+01      0.2972623E+01
   0.4608907E+01      0.2944829E+01
   0.4632974E+01      0.2918342E+01
   0.4657042E+01      0.2893057E+01
   0.4681109E+01      0.2868881E+01
   0.4705177E+01      0.2845731E+01
   0.4729244E+01      0.2823533E+01
   0.4753311E+01      0.2802221E+01
   0.4777379E+01      0.2781733E+01
   0.4801446E+01      0.2762015E+01
   0.4825514E+01      0.2743018E+01
   0.4849581E+01      0.2724696E+01
   0.4873648E+01      0.2707011E+01
   0.4897716E+01      0.2689922E+01
   0.4921783E+01      0.2673398E+01
   0.4945851E+01      0.2657407E+01
   0.4969918E+01      0.2641919E+01
   0.4993985E+01      0.2626910E+01
   0.5018053E+01      0.2612354E+01
   0.5042120E+01      0.2598230E+01
   0.5066188E+01      0.2584518E+01
   0.5090255E+01      0.2571197E+01
   0.5114322E+01      0.2558252E+01
   0.5138390E+01      0.2545665E+01
   0.5162457E+01      0.2533423E+01
   0.5186525E+01      0.2521511E+01
   0.5210592E+01      0.2509917E+01
   0.5234659E+01      0.2498629E+01
   0.5258727E+01      0.2487637E+01
   0.5282794E+01      0.2476930E+01
   0.5306862E+01      0.2466499E+01
   0.5330929E+01      0.2456336E+01
   0.5354996E+01      0.2446433E+01
   0.5379064E+01      0.2436784E+01
   0.5403131E+01      0.2427382E+01
   0.5427199E+01      0.2418221E+01
   0.5451266E+01      0.2409297E+01
   0.5475333E+01      0.2400603E+01
   0.5499401E+01      0.2392138E+01
   0.5523468E+01      0.2383897E+01
   0.5547536E+01      0.2375877E+01
   0.5571603E+01      0.2368077E+01
   0.5595670E+01      0.2360493E+01
   0.5619738E+01      0.2353127E+01
   0.5643805E+01      0.2345975E+01
   0.5667873E+01      0.2339040E+01
   0.5691940E+01      0.2332321E+01
   0.5716007E+01      0.2325820E+01
   0.5740075E+01      0.2319539E+01
   0.5764142E+01      0.2313481E+01
   0.5788210E+01      0.2307649E+01
   0.5812277E+01      0.2302049E+01
   0.5836344E+01      0.2296685E+01
   0.5860412E+01      0.2291564E+01
   0.5884479E+01      0.2286694E+01
   0.5908547E+01      0.2282085E+01
   0.5932614E+01      0.2277746E+01
   0.5956681E+01      0.2273691E+01
   0.5980749E+01      0.2269933E+01
   0.6004816E+01      0.2266489E+01
   0.6028884E+01      0.2263378E+01
   0.6052951E+01      0.2260622E+01
   0.6077018E+01      0.2258246E+01
   0.6101086E+01      0.2256280E+01
   0.6125153E+01      0.2254758E+01
   0.6149221E+01      0.2253721E+01
   0.6173288E+01      0.2253211E+01
   0.6197355E+01      0.2253287E+01
   0.6221423E+01      0.2254013E+01
   0.6245490E+01      0.2255465E+01
   0.6269558E+01      0.2257736E+01
   0.6293625E+01      0.2260936E+01
   0.6317692E+01      0.2265200E+01
   0.6341760E+01      0.2270695E+01
   0.6365827E+01      0.2277627E+01
   0.6389895E+01      0.2286255E+01
   0.6413962E+01      0.2296912E+01
   0.6438029E+01      0.2310029E+01
   0.6462097E+01      0.2326177E+01
   0.6486164E+01      0.2346132E+01
   0.6510232E+01      0.2370972E+01
   0.6534299E+01      0.2402254E+01
   0.6558366E+01      0.2442315E+01
   0.6582434E+01      0.2494849E+01
   0.6606501E+01      0.2566115E+01
   0.6630569E+01      0.2667763E+01
   0.6654636E+01      0.2824675E+01
   0.6678703E+01      0.3103501E+01
   0.6702771E+01      0.3788225E+01
   0.6726838E+01      0.2521471E+02
   0.6750906E+01      0.1148679E+02
   0.6774973E+01      0.8893603E+01
   0.6799040E+01      0.7636455E+01
   0.6823108E+01      0.6859927E+01
   0.6847175E+01      0.6319834E+01
   0.6871243E+01      0.5916449E+01
   0.6895310E+01      0.5600449E+01
   0.6919377E+01      0.5344281E+01
   0.6943445E+01      0.5131191E+01
   0.6967512E+01      0.4950326E+01
   0.6991580E+01      0.4794310E+01
   0.7015647E+01      0.4657931E+01
   0.7039714E+01      0.4537386E+01
   0.7063782E+01      0.4429830E+01
   0.7087849E+01      0.4333085E+01
   0.7111917E+01      0.4245450E+01
   0.7135984E+01      0.4165578E+01
   0.7160051E+01      0.4092384E+01
   0.7184119E+01      0.4024985E+01
   0.7208186E+01      0.3962653E+01
   0.7232254E+01      0.3904780E+01
   0.7256321E+01      0.3850859E+01
   0.7280388E+01      0.3800457E+01
   0.7304456E+01      0.3753206E+01
   0.7328523E+01      0.3708790E+01
   0.7352591E+01      0.3666936E+01
   0.7376658E+01      0.3627405E+01
   0.7400725E+01      0.3589990E+01
   0.7424793E+01      0.3554508E+01
   0.7448860E+01      0.3520798E+01
   0.7472928E+01      0.3488717E+01
   0.7496995E+01      0.3458137E+01
   0.7521062E+01      0.3428945E+01
   0.7545130E+01      0.3401040E+01
   0.7569197E+01      0.3374330E+01
   0.7593265E+01      0.3348731E+01
   0.7617332E+01      0.3324170E+01
   0.7641399E+01      0.3300579E+01
   0.7665467E+01      0.3277896E+01
   0.7689534E+01      0.3256064E+01
   0.7713602E+01      0.3235033E+01
   0.7737669E+01      0.3214756E+01
   0.7761736E+01      0.3195189E+01
   0.7785804E+01      0.3176293E+01
   0.7809871E+01      0.3158031E+01
   0.7833939E+01      0.3140370E+01
   0.7858006E+01      0.3123278E+01
   0.7882073E+01      0.3106726E+01
   0.7906141E+01      0.3090688E+01
   0.7930208E+01      0.3075140E+01
   0.7954276E+01      0.3060059E+01
   0.7978343E+01      0.3045419E+01
   0.8002410E+01      0.3031205E+01
   0.8026478E+01      0.3417996E+02
   0.8050545E+01      0.1315487E+02
   0.8074613E+01      0.1050048E+02
   0.8098680E+01      0.9284522E+01
   0.8122747E+01      0.8558399E+01
   0.8146815E+01      0.8067190E+01
   0.8170882E+01      0.7709800E+01
   0.8194950E+01      0.7437150E+01
   0.8219017E+01      0.7222184E+01
   0.8243084E+01      0.7048620E+01
   0.8267152E+01      0.6906000E+01
   0.8291219E+01      0.6787270E+01
   0.8315287E+01      0.6687481E+01
   0.8339354E+01      0.6603054E+01
   0.8363421E+01      0.6531334E+01
   0.8387489E+01      0.6470316E+01
   0.8411556E+01      0.6418467E+01
   0.8435624E+01      0.6374604E+01
   0.8459691E+01      0.6337816E+01
   0.8483758E+01      0.6307409E+01
   0.8507826E+01      0.6282872E+01
   0.8531893E+01      0.6263845E+01
   0.8555961E+01      0.6250116E+01
   0.8580028E+01      0.6241603E+01
   0.8604095E+01      0.6238364E+01
   0.8628163E+01      0.6240597E+01
   0.8652230E+01      0.6248665E+01
   0.8676298E+01      0.6263114E+01
   0.8700365E+01      0.6284721E+01
   0.8724432E+01      0.6314553E+01
   0.8748500E+01      0.6354062E+01
   0.8772567E+01      0.6405232E+01
   0.8796635E+01      0.6470802E+01
   0.8820702E+01      0.6554648E+01
   0.8844769E+01      0.6662418E+01
   0.8868837E+01      0.6802694E+01
   0.8892904E+01      0.6989262E+01
   0.8916972E+01      0.7245966E+01
   0.8941039E+01      0.7618591E+01
   0.8965106E+01      0.8210032E+01
   0.8989174E+01      0.9323171E+01
   0.9013241E+01      0.1262851E+02
   0.9037309E+01      0.4735453E+01
   0.9061376E+01      0.4188850E+01
   0.9085443E+01      0.4052854E+01
   0.9109511E+01      0.3990968E+01
   0.9133578E+01      0.3958945E+01
   0.9157646E+01      0.3943121E+01
   0.9181713E+01      0.3937752E+01
   0.9205780E+01      0.3939992E+01
   0.9229848E+01      0.3948283E+01
   0.9253915E+01      0.3961720E+01
   0.9277983E+01      0.3979755E+01
   0.9302050E+01      0.4002052E+01
   0.9326117E+01      0.4028396E+01
   0.9350185E+01      0.4058644E+01
   0.9374252E+01      0.4092684E+01
   0.9398320E+01      0.4130407E+01
   0.9422387E+01      0.4171680E+01
   0.9446454E+01      0.4216323E+01
   0.9470522E+01      0.4264087E+01
   0.9494589E+01      0.4314633E+01
   0.9518657E+01      0.4367511E+01
   0.9542724E+01      0.4422149E+01
   0.9566791E+01      0.4477846E+01
   0.9590859E+01      0.4533775E+01
   0.9614926E+01      0.4589001E+01
   0.9638994E+01      0.4642510E+01
   0.9663061E+01      0.4693257E+01
   0.9687128E+01      0.4740220E+01
   0.9711196E+01      0.4782460E+01
   0.9735263E+01      0.4819177E+01
   0.9759331E+01      0.4849762E+01
   0.9783398E+01      0.4873826E+01
   0.9807465E+01      0.4891212E+01
   0.9831533E+01      0.4901983E+01
   0.9855600E+01      0.4906404E+01
   0.9879668E+01      0.4904897E+01
   0.9903735E+01      0.4898003E+01
   0.9927802E+01      0.4886338E+01
   0.9951870E+01      0.4870553E+01
   0.9975937E+01      0.4851301E+01
   0.1000000E+02      0.4829283E+01
 &
