cpu-bind=MASK - cn1033, task  0  0 [46649]: mask 0xffffffffffffffff set
--------------------------------------------------------------------------
Open MPI failed an OFI Libfabric library call (fi_domain).  This is highly
unusual; your job may behave unpredictably (and/or abort) after this.

  Local host: cn1036
  Location: mtl_ofi_component.c:928
  Error: No data available (61)
--------------------------------------------------------------------------
[cn1033.scarf.rl.ac.uk:47651] [[4661,0],0] ORTE_ERROR_LOG: Data unpack would read past end of buffer in file util/show_help.c at line 501
[cn1033.scarf.rl.ac.uk:47651] 238 more processes have sent help message help-mtl-ofi.txt / OFI call fail
[cn1033.scarf.rl.ac.uk:47651] Set MCA parameter "orte_base_help_aggregate" to 0 to see all help / error messages
--------------------------------------------------------------------------
Open MPI failed an OFI Libfabric library call (fi_domain).  This is highly
unusual; your job may behave unpredictably (and/or abort) after this.

  Local host: cn1041
  Location: mtl_ofi_component.c:928
  Error: No data available (61)
--------------------------------------------------------------------------
[cn1033.scarf.rl.ac.uk:48436] 239 more processes have sent help message help-mtl-ofi.txt / OFI call fail
[cn1033.scarf.rl.ac.uk:48436] Set MCA parameter "orte_base_help_aggregate" to 0 to see all help / error messages
[1676642488.824080] [cn1033:48528:0]          mpool.c:43   UCX  WARN  object 0xb4a7e00 was not returned to mpool ucp_requests
[1676642488.823777] [cn1034:58483:0]          mpool.c:43   UCX  WARN  object 0xb0670c0 was not returned to mpool ucp_requests
[1676642488.824147] [cn1033:48523:0]          mpool.c:43   UCX  WARN  object 0x686b7c0 was not returned to mpool ucp_requests
[1676642488.824204] [cn1033:48518:0]          mpool.c:43   UCX  WARN  object 0x5e7a8c0 was not returned to mpool ucp_requests
[1676642488.824183] [cn1033:48527:0]          mpool.c:43   UCX  WARN  object 0xc2ee8c0 was not returned to mpool ucp_requests
[1676642488.824183] [cn1033:48530:0]          mpool.c:43   UCX  WARN  object 0xc120140 was not returned to mpool ucp_requests
[1676642488.824174] [cn1033:48510:0]          mpool.c:43   UCX  WARN  object 0xaeed9c0 was not returned to mpool ucp_requests
[1676642488.824193] [cn1033:48516:0]          mpool.c:43   UCX  WARN  object 0xb1e2780 was not returned to mpool ucp_requests
[1676642488.823817] [cn1034:58467:0]          mpool.c:43   UCX  WARN  object 0xb8abc00 was not returned to mpool ucp_requests
[1676642488.823858] [cn1034:58464:0]          mpool.c:43   UCX  WARN  object 0xa61f540 was not returned to mpool ucp_requests
[1676642488.824281] [cn1033:48512:0]          mpool.c:43   UCX  WARN  object 0xa9b23c0 was not returned to mpool ucp_requests
[1676642488.823882] [cn1034:58470:0]          mpool.c:43   UCX  WARN  object 0xabb4c40 was not returned to mpool ucp_requests
[1676642488.823884] [cn1034:58472:0]          mpool.c:43   UCX  WARN  object 0xa673fc0 was not returned to mpool ucp_requests
[1676642488.824338] [cn1033:48506:0]          mpool.c:43   UCX  WARN  object 0x648d140 was not returned to mpool ucp_requests
[1676642488.824342] [cn1033:48507:0]          mpool.c:43   UCX  WARN  object 0x671ed00 was not returned to mpool ucp_requests
[1676642488.823900] [cn1034:58480:0]          mpool.c:43   UCX  WARN  object 0xbaef480 was not returned to mpool ucp_requests
[1676642488.823899] [cn1034:58493:0]          mpool.c:43   UCX  WARN  object 0xae67ac0 was not returned to mpool ucp_requests
[1676642488.823938] [cn1034:58476:0]          mpool.c:43   UCX  WARN  object 0xac86940 was not returned to mpool ucp_requests
[1676642488.823973] [cn1034:58486:0]          mpool.c:43   UCX  WARN  object 0x527b2c0 was not returned to mpool ucp_requests
[1676642488.823948] [cn1034:58488:0]          mpool.c:43   UCX  WARN  object 0xa461140 was not returned to mpool ucp_requests
--------------------------------------------------------------------------
Open MPI failed an OFI Libfabric library call (fi_domain).  This is highly
unusual; your job may behave unpredictably (and/or abort) after this.

  Local host: cn1036
  Location: mtl_ofi_component.c:928
  Error: No data available (61)
--------------------------------------------------------------------------
[cn1033.scarf.rl.ac.uk:49044] 239 more processes have sent help message help-mtl-ofi.txt / OFI call fail
[cn1033.scarf.rl.ac.uk:49044] Set MCA parameter "orte_base_help_aggregate" to 0 to see all help / error messages
[1676643801.668888] [cn1033:49123:0]          mpool.c:43   UCX  WARN  object 0xbbcf900 was not returned to mpool ucp_requests
[1676643801.668885] [cn1033:49127:0]          mpool.c:43   UCX  WARN  object 0xbe25140 was not returned to mpool ucp_requests
[1676643801.668889] [cn1033:49129:0]          mpool.c:43   UCX  WARN  object 0xaf20700 was not returned to mpool ucp_requests
[1676643801.669261] [cn1033:49115:0]          mpool.c:43   UCX  WARN  object 0xb239780 was not returned to mpool ucp_requests
[1676643801.669283] [cn1033:49116:0]          mpool.c:43   UCX  WARN  object 0xb1b9a40 was not returned to mpool ucp_requests
[1676643801.669277] [cn1033:49120:0]          mpool.c:43   UCX  WARN  object 0xb047a40 was not returned to mpool ucp_requests
[1676643801.669013] [cn1033:49132:0]          mpool.c:43   UCX  WARN  object 0xbe8e200 was not returned to mpool ucp_requests
[1676643801.669224] [cn1033:49136:0]          mpool.c:43   UCX  WARN  object 0xc011a80 was not returned to mpool ucp_requests
[1676643801.669219] [cn1033:49138:0]          mpool.c:43   UCX  WARN  object 0xb5cba00 was not returned to mpool ucp_requests
[1676643801.669299] [cn1033:49111:0]          mpool.c:43   UCX  WARN  object 0xba464c0 was not returned to mpool ucp_requests
[1676643801.665801] [cn1034:59069:0]          mpool.c:43   UCX  WARN  object 0xc184980 was not returned to mpool ucp_requests
[1676643801.665822] [cn1034:59082:0]          mpool.c:43   UCX  WARN  object 0xadbfa00 was not returned to mpool ucp_requests
[1676643801.665905] [cn1034:59076:0]          mpool.c:43   UCX  WARN  object 0x542d580 was not returned to mpool ucp_requests
[1676643801.665867] [cn1034:59078:0]          mpool.c:43   UCX  WARN  object 0xa823d00 was not returned to mpool ucp_requests
[1676643801.665975] [cn1034:59093:0]          mpool.c:43   UCX  WARN  object 0x5e2aa40 was not returned to mpool ucp_requests
[1676643801.666021] [cn1034:59086:0]          mpool.c:43   UCX  WARN  object 0xc135dc0 was not returned to mpool ucp_requests
[1676643801.666022] [cn1034:59088:0]          mpool.c:43   UCX  WARN  object 0x5c26d80 was not returned to mpool ucp_requests
[1676643801.666054] [cn1034:59063:0]          mpool.c:43   UCX  WARN  object 0xb447180 was not returned to mpool ucp_requests
[1676643801.666042] [cn1034:59072:0]          mpool.c:43   UCX  WARN  object 0xb833140 was not returned to mpool ucp_requests
[1676643801.666118] [cn1034:59068:0]          mpool.c:43   UCX  WARN  object 0x664db00 was not returned to mpool ucp_requests
cp: cannot stat ‘0V-VH_z-0058.dat’: No such file or directory
cp: cannot stat ‘0V-VH_z-0058.dat’: No such file or directory
cp: cannot stat ‘0V-RHO_z-0058.dat’: No such file or directory
cp: cannot stat ‘0V-RHO_z-0058.dat’: No such file or directory
