cpu-bind=MASK - cn1023, task  0  0 [6763]: mask 0xffffffffffffffff set
-1.0989796330E+001
--------------------------------------------------------------------------
Open MPI failed an OFI Libfabric library call (fi_domain).  This is highly
unusual; your job may behave unpredictably (and/or abort) after this.

  Local host: cn1146
  Location: mtl_ofi_component.c:928
  Error: No data available (61)
--------------------------------------------------------------------------
[cn1023.scarf.rl.ac.uk:06807] 239 more processes have sent help message help-mtl-ofi.txt / OFI call fail
[cn1023.scarf.rl.ac.uk:06807] Set MCA parameter "orte_base_help_aggregate" to 0 to see all help / error messages
[1679318772.406111] [cn1023:6893 :0]          mpool.c:43   UCX  WARN  object 0xbc47b80 was not returned to mpool ucp_requests
[1679318772.406146] [cn1023:6897 :0]          mpool.c:43   UCX  WARN  object 0x67118c0 was not returned to mpool ucp_requests
[1679318772.406140] [cn1023:6900 :0]          mpool.c:43   UCX  WARN  object 0xa2c9bc0 was not returned to mpool ucp_requests
[1679318772.407978] [cn1023:6885 :0]          mpool.c:43   UCX  WARN  object 0xa811680 was not returned to mpool ucp_requests
[1679318772.407979] [cn1023:6888 :0]          mpool.c:43   UCX  WARN  object 0xbe27dc0 was not returned to mpool ucp_requests
[1679318772.408025] [cn1023:6883 :0]          mpool.c:43   UCX  WARN  object 0x55b9d40 was not returned to mpool ucp_requests
[1679318772.408044] [cn1023:6891 :0]          mpool.c:43   UCX  WARN  object 0x4f9e880 was not returned to mpool ucp_requests
[1679318772.408040] [cn1023:6880 :0]          mpool.c:43   UCX  WARN  object 0xb147a80 was not returned to mpool ucp_requests
[1679318772.408096] [cn1023:6876 :0]          mpool.c:43   UCX  WARN  object 0xb6d1bc0 was not returned to mpool ucp_requests
[1679318772.408164] [cn1023:6874 :0]          mpool.c:43   UCX  WARN  object 0xa9fa480 was not returned to mpool ucp_requests
cp: cannot stat ‘0V-VH_z-00.dat’: No such file or directory
cp: cannot stat ‘0V-VH_z-00.dat’: No such file or directory
cp: cannot stat ‘0V-RHO_z-00.dat’: No such file or directory
cp: cannot stat ‘0V-RHO_z-00.dat’: No such file or directory
