 @target G0.S0
 @type xy
  -0.9999831E+01      0.2983895E-03
  -0.9975764E+01      0.6528164E-03
  -0.9951697E+01      0.1268456E-02
  -0.9927630E+01      0.2297909E-02
  -0.9903563E+01      0.3989813E-02
  -0.9879496E+01      0.6761686E-02
  -0.9855429E+01      0.1133940E-01
  -0.9831362E+01      0.1995607E-01
  -0.9807295E+01      0.3583268E-01
  -0.9783228E+01      0.6605909E-01
  -0.9759161E+01      0.1269471E+00
  -0.9735094E+01      0.2557627E+00
  -0.9711027E+01      0.5090190E+00
  -0.9686960E+01      0.7910273E+00
  -0.9662893E+01      0.8662231E+00
  -0.9638826E+01      0.7348946E+00
  -0.9614759E+01      0.5560720E+00
  -0.9590692E+01      0.4227626E+00
  -0.9566625E+01      0.3352719E+00
  -0.9542558E+01      0.2779152E+00
  -0.9518491E+01      0.2392220E+00
  -0.9494424E+01      0.2123123E+00
  -0.9470357E+01      0.1931367E+00
  -0.9446290E+01      0.1792563E+00
  -0.9422223E+01      0.1691520E+00
  -0.9398156E+01      0.1624894E+00
  -0.9374089E+01      0.1585834E+00
  -0.9350022E+01      0.1564083E+00
  -0.9325955E+01      0.1556975E+00
  -0.9301888E+01      0.1562762E+00
  -0.9277821E+01      0.1580481E+00
  -0.9253754E+01      0.1608999E+00
  -0.9229687E+01      0.1714301E+00
  -0.9205620E+01      0.1796980E+00
  -0.9181553E+01      0.1886422E+00
  -0.9157486E+01      0.1987010E+00
  -0.9133419E+01      0.2102330E+00
  -0.9109352E+01      0.2294600E+00
  -0.9085285E+01      0.2522426E+00
  -0.9061218E+01      0.2747888E+00
  -0.9037151E+01      0.2991794E+00
  -0.9013084E+01      0.3261380E+00
  -0.8989017E+01      0.3562170E+00
  -0.8964950E+01      0.3899152E+00
  -0.8940883E+01      0.4277466E+00
  -0.8916816E+01      0.4702040E+00
  -0.8892749E+01      0.5177010E+00
  -0.8868682E+01      0.5705346E+00
  -0.8844615E+01      0.6287336E+00
  -0.8820548E+01      0.6918659E+00
  -0.8796481E+01      0.7587435E+00
  -0.8772415E+01      0.8270029E+00
  -0.8748348E+01      0.8925389E+00
  -0.8724281E+01      0.9487455E+00
  -0.8700214E+01      0.9818779E+00
  -0.8676147E+01      0.9850528E+00
  -0.8652080E+01      0.9654580E+00
  -0.8628013E+01      0.9250094E+00
  -0.8603946E+01      0.8679278E+00
  -0.8579879E+01      0.8002940E+00
  -0.8555812E+01      0.7282811E+00
  -0.8531745E+01      0.6569046E+00
  -0.8507678E+01      0.5895644E+00
  -0.8483611E+01      0.5282070E+00
  -0.8459544E+01      0.4737195E+00
  -0.8435477E+01      0.4263297E+00
  -0.8411410E+01      0.3859282E+00
  -0.8387343E+01      0.3523439E+00
  -0.8363276E+01      0.3254029E+00
  -0.8339209E+01      0.3073646E+00
  -0.8315142E+01      0.2968788E+00
  -0.8291075E+01      0.2957396E+00
  -0.8267008E+01      0.3077228E+00
  -0.8242941E+01      0.3397735E+00
  -0.8218874E+01      0.4082064E+00
  -0.8194807E+01      0.5344280E+00
  -0.8170740E+01      0.7456810E+00
  -0.8146673E+01      0.9276709E+00
  -0.8122606E+01      0.8171306E+00
  -0.8098539E+01      0.6882312E+00
  -0.8074472E+01      0.5858610E+00
  -0.8050405E+01      0.5207340E+00
  -0.8026338E+01      0.4656829E+00
  -0.8002271E+01      0.4198593E+00
  -0.7978204E+01      0.3825734E+00
  -0.7954137E+01      0.3526904E+00
  -0.7930070E+01      0.3290234E+00
  -0.7906003E+01      0.3111309E+00
  -0.7881936E+01      0.2996579E+00
  -0.7857869E+01      0.2918906E+00
  -0.7833802E+01      0.3069092E+00
  -0.7809735E+01      0.3206527E+00
  -0.7785668E+01      0.3315479E+00
  -0.7761601E+01      0.3410708E+00
  -0.7737534E+01      0.3501657E+00
  -0.7713467E+01      0.3597520E+00
  -0.7689400E+01      0.3719874E+00
  -0.7665333E+01      0.3993465E+00
  -0.7641266E+01      0.4271804E+00
  -0.7617199E+01      0.4350022E+00
  -0.7593132E+01      0.4641737E+00
  -0.7569065E+01      0.4990181E+00
  -0.7544998E+01      0.5376257E+00
  -0.7520932E+01      0.6005971E+00
  -0.7496865E+01      0.8794716E+00
  -0.7472798E+01      0.1330450E+01
  -0.7448731E+01      0.9294773E+00
  -0.7424664E+01      0.8132051E+00
  -0.7400597E+01      0.7854232E+00
  -0.7376530E+01      0.7830318E+00
  -0.7352463E+01      0.7845874E+00
  -0.7328396E+01      0.7900817E+00
  -0.7304329E+01      0.7927503E+00
  -0.7280262E+01      0.7725411E+00
  -0.7256195E+01      0.7529046E+00
  -0.7232128E+01      0.7264832E+00
  -0.7208061E+01      0.6914717E+00
  -0.7183994E+01      0.6510104E+00
  -0.7159927E+01      0.6056248E+00
  -0.7135860E+01      0.5567527E+00
  -0.7111793E+01      0.5060406E+00
  -0.7087726E+01      0.4545477E+00
  -0.7063659E+01      0.4117900E+00
  -0.7039592E+01      0.3781483E+00
  -0.7015525E+01      0.3390571E+00
  -0.6991458E+01      0.2970937E+00
  -0.6967391E+01      0.2591900E+00
  -0.6943324E+01      0.2532731E+00
  -0.6919257E+01      0.2289581E+00
  -0.6895190E+01      0.2004024E+00
  -0.6871123E+01      0.2144173E+00
  -0.6847056E+01      0.2742041E+00
  -0.6822989E+01      0.3693400E+00
  -0.6798922E+01      0.4265092E+00
  -0.6774855E+01      0.4386716E+00
  -0.6750788E+01      0.4750100E+00
  -0.6726721E+01      0.6231132E+00
  -0.6702654E+01      0.8683481E+00
  -0.6678587E+01      0.1054761E+01
  -0.6654520E+01      0.8636645E+00
  -0.6630453E+01      0.6957789E+00
  -0.6606386E+01      0.6318374E+00
  -0.6582319E+01      0.5954528E+00
  -0.6558252E+01      0.6088285E+00
  -0.6534185E+01      0.6415772E+00
  -0.6510118E+01      0.8175697E+00
  -0.6486051E+01      0.7449426E+00
  -0.6461984E+01      0.6440150E+00
  -0.6437917E+01      0.5558073E+00
  -0.6413850E+01      0.5238628E+00
  -0.6389783E+01      0.5182401E+00
  -0.6365716E+01      0.5287590E+00
  -0.6341649E+01      0.4503924E+00
  -0.6317582E+01      0.4774480E+00
  -0.6293515E+01      0.5704928E+00
  -0.6269449E+01      0.5553486E+00
  -0.6245382E+01      0.6043242E+00
  -0.6221315E+01      0.6132589E+00
  -0.6197248E+01      0.5474585E+00
  -0.6173181E+01      0.4603251E+00
  -0.6149114E+01      0.5563018E+00
  -0.6125047E+01      0.8924399E+00
  -0.6100980E+01      0.6618698E+00
  -0.6076913E+01      0.6968747E+00
  -0.6052846E+01      0.7092658E+00
  -0.6028779E+01      0.5267203E+00
  -0.6004712E+01      0.6679636E+00
  -0.5980645E+01      0.8042293E+00
  -0.5956578E+01      0.8456753E+00
  -0.5932511E+01      0.7842674E+00
  -0.5908444E+01      0.8152958E+00
  -0.5884377E+01      0.9203579E+00
  -0.5860310E+01      0.1006990E+01
  -0.5836243E+01      0.1071073E+01
  -0.5812176E+01      0.1026917E+01
  -0.5788109E+01      0.9210242E+00
  -0.5764042E+01      0.8954472E+00
  -0.5739975E+01      0.8472787E+00
  -0.5715908E+01      0.8306417E+00
  -0.5691841E+01      0.8375904E+00
  -0.5667774E+01      0.8474616E+00
  -0.5643707E+01      0.8326742E+00
  -0.5619640E+01      0.8047656E+00
  -0.5595573E+01      0.9702216E+00
  -0.5571506E+01      0.1116868E+01
  -0.5547439E+01      0.1206343E+01
  -0.5523372E+01      0.1287303E+01
  -0.5499305E+01      0.1153125E+01
  -0.5475238E+01      0.1071125E+01
  -0.5451171E+01      0.1294837E+01
  -0.5427104E+01      0.1219216E+01
  -0.5403037E+01      0.1132977E+01
  -0.5378970E+01      0.1121151E+01
  -0.5354903E+01      0.1242804E+01
  -0.5330836E+01      0.1157626E+01
  -0.5306769E+01      0.1044512E+01
  -0.5282702E+01      0.1246569E+01
  -0.5258635E+01      0.1087124E+01
  -0.5234568E+01      0.1023201E+01
  -0.5210501E+01      0.7123957E+00
  -0.5186434E+01      0.5619593E+00
  -0.5162367E+01      0.4744592E+00
  -0.5138300E+01      0.6605640E+00
  -0.5114233E+01      0.6629587E+00
  -0.5090166E+01      0.6865514E+00
  -0.5066099E+01      0.7824481E+00
  -0.5042032E+01      0.9511860E+00
  -0.5017966E+01      0.1321353E+01
  -0.4993899E+01      0.1168151E+01
  -0.4969832E+01      0.8939573E+00
  -0.4945765E+01      0.7023747E+00
  -0.4921698E+01      0.8736387E+00
  -0.4897631E+01      0.6969498E+00
  -0.4873564E+01      0.7098182E+00
  -0.4849497E+01      0.6996583E+00
  -0.4825430E+01      0.6808842E+00
  -0.4801363E+01      0.7540246E+00
  -0.4777296E+01      0.7735357E+00
  -0.4753229E+01      0.8051208E+00
  -0.4729162E+01      0.7774117E+00
  -0.4705095E+01      0.8408529E+00
  -0.4681028E+01      0.7416925E+00
  -0.4656961E+01      0.6743754E+00
  -0.4632894E+01      0.6075727E+00
  -0.4608827E+01      0.5797364E+00
  -0.4584760E+01      0.5148341E+00
  -0.4560693E+01      0.5008389E+00
  -0.4536626E+01      0.4237547E+00
  -0.4512559E+01      0.3867453E+00
  -0.4488492E+01      0.3651652E+00
  -0.4464425E+01      0.3834760E+00
  -0.4440358E+01      0.4505387E+00
  -0.4416291E+01      0.4224455E+00
  -0.4392224E+01      0.4144930E+00
  -0.4368157E+01      0.4352990E+00
  -0.4344090E+01      0.4081727E+00
  -0.4320023E+01      0.3575040E+00
  -0.4295956E+01      0.3253164E+00
  -0.4271889E+01      0.3270489E+00
  -0.4247822E+01      0.3327797E+00
  -0.4223755E+01      0.3426727E+00
  -0.4199688E+01      0.3813421E+00
  -0.4175621E+01      0.3294051E+00
  -0.4151554E+01      0.3905551E+00
  -0.4127487E+01      0.3530862E+00
  -0.4103420E+01      0.3608969E+00
  -0.4079353E+01      0.3712067E+00
  -0.4055286E+01      0.3744450E+00
  -0.4031219E+01      0.3759173E+00
  -0.4007152E+01      0.3719036E+00
  -0.3983085E+01      0.3605994E+00
  -0.3959018E+01      0.3592218E+00
  -0.3934951E+01      0.3704745E+00
  -0.3910884E+01      0.3869150E+00
  -0.3886817E+01      0.4097283E+00
  -0.3862750E+01      0.4479281E+00
  -0.3838683E+01      0.4685244E+00
  -0.3814616E+01      0.4768037E+00
  -0.3790549E+01      0.4678792E+00
  -0.3766482E+01      0.4995260E+00
  -0.3742416E+01      0.5453325E+00
  -0.3718349E+01      0.5799055E+00
  -0.3694282E+01      0.5858267E+00
  -0.3670215E+01      0.6011086E+00
  -0.3646148E+01      0.6255160E+00
  -0.3622081E+01      0.6316912E+00
  -0.3598014E+01      0.6458085E+00
  -0.3573947E+01      0.6321950E+00
  -0.3549880E+01      0.6192282E+00
  -0.3525813E+01      0.6418164E+00
  -0.3501746E+01      0.7896263E+00
  -0.3477679E+01      0.7550287E+00
  -0.3453612E+01      0.7399206E+00
  -0.3429545E+01      0.7554599E+00
  -0.3405478E+01      0.7956235E+00
  -0.3381411E+01      0.8999168E+00
  -0.3357344E+01      0.9614219E+00
  -0.3333277E+01      0.9489295E+00
  -0.3309210E+01      0.8679873E+00
  -0.3285143E+01      0.8892026E+00
  -0.3261076E+01      0.8738699E+00
  -0.3237009E+01      0.8494914E+00
  -0.3212942E+01      0.7959304E+00
  -0.3188875E+01      0.7894772E+00
  -0.3164808E+01      0.8113522E+00
  -0.3140741E+01      0.8040112E+00
  -0.3116674E+01      0.7857695E+00
  -0.3092607E+01      0.7630053E+00
  -0.3068540E+01      0.7405333E+00
  -0.3044473E+01      0.6798475E+00
  -0.3020406E+01      0.5988024E+00
  -0.2996339E+01      0.5139624E+00
  -0.2972272E+01      0.4817018E+00
  -0.2948205E+01      0.4676611E+00
  -0.2924138E+01      0.4394291E+00
  -0.2900071E+01      0.3861631E+00
  -0.2876004E+01      0.3859912E+00
  -0.2851937E+01      0.3949644E+00
  -0.2827870E+01      0.3319737E+00
  -0.2803803E+01      0.2891387E+00
  -0.2779736E+01      0.2685760E+00
  -0.2755669E+01      0.2537728E+00
  -0.2731602E+01      0.2527977E+00
  -0.2707535E+01      0.2479378E+00
  -0.2683468E+01      0.2623180E+00
  -0.2659401E+01      0.2680052E+00
  -0.2635334E+01      0.2032992E+00
  -0.2611267E+01      0.2180802E+00
  -0.2587200E+01      0.4760872E+00
  -0.2563133E+01      0.1401534E+00
  -0.2539066E+01      0.1210358E+00
  -0.2514999E+01      0.1209031E+00
  -0.2490933E+01      0.1470248E+00
  -0.2466866E+01      0.1568118E+00
  -0.2442799E+01      0.1202289E+00
  -0.2418732E+01      0.1227302E+00
  -0.2394665E+01      0.9939074E-01
  -0.2370598E+01      0.8422328E-01
  -0.2346531E+01      0.1035946E+00
  -0.2322464E+01      0.1286047E+00
  -0.2298397E+01      0.1296897E+00
  -0.2274330E+01      0.1171403E+00
  -0.2250263E+01      0.1252628E+00
  -0.2226196E+01      0.1340619E+00
  -0.2202129E+01      0.1529171E+00
  -0.2178062E+01      0.1695276E+00
  -0.2153995E+01      0.1882438E+00
  -0.2129928E+01      0.2503877E+00
  -0.2105861E+01      0.2118175E+00
  -0.2081794E+01      0.2268278E+00
  -0.2057727E+01      0.2441646E+00
  -0.2033660E+01      0.2628281E+00
  -0.2009593E+01      0.2875401E+00
  -0.1985526E+01      0.2864194E+00
  -0.1961459E+01      0.3237788E+00
  -0.1937392E+01      0.3572049E+00
  -0.1913325E+01      0.3943417E+00
  -0.1889258E+01      0.4348098E+00
  -0.1865191E+01      0.4759822E+00
  -0.1841124E+01      0.5140518E+00
  -0.1817057E+01      0.5458674E+00
  -0.1792990E+01      0.5703817E+00
  -0.1768923E+01      0.5885236E+00
  -0.1744856E+01      0.6020217E+00
  -0.1720789E+01      0.6123793E+00
  -0.1696722E+01      0.6209033E+00
  -0.1672655E+01      0.6219326E+00
  -0.1648588E+01      0.6205716E+00
  -0.1624521E+01      0.6149807E+00
  -0.1600454E+01      0.6160567E+00
  -0.1576387E+01      0.6172753E+00
  -0.1552320E+01      0.6183131E+00
  -0.1528253E+01      0.6188183E+00
  -0.1504186E+01      0.6182728E+00
  -0.1480119E+01      0.6159491E+00
  -0.1456052E+01      0.6109750E+00
  -0.1431985E+01      0.6025733E+00
  -0.1407918E+01      0.5904474E+00
  -0.1383851E+01      0.5750989E+00
  -0.1359784E+01      0.5577756E+00
  -0.1335717E+01      0.5399864E+00
  -0.1311650E+01      0.5229202E+00
  -0.1287583E+01      0.5071260E+00
  -0.1263516E+01      0.4924559E+00
  -0.1239450E+01      0.4783134E+00
  -0.1215383E+01      0.4749383E+00
  -0.1191316E+01      0.4687315E+00
  -0.1167249E+01      0.4614292E+00
  -0.1143182E+01      0.4534325E+00
  -0.1119115E+01      0.4449785E+00
  -0.1095048E+01      0.4362375E+00
  -0.1070981E+01      0.4273337E+00
  -0.1046914E+01      0.4183523E+00
  -0.1022847E+01      0.4093450E+00
  -0.9987797E+00      0.4003363E+00
  -0.9747127E+00      0.3913299E+00
  -0.9506457E+00      0.3823156E+00
  -0.9265788E+00      0.3732561E+00
  -0.9025118E+00      0.3640795E+00
  -0.8784448E+00      0.3544132E+00
  -0.8543778E+00      0.3449239E+00
  -0.8303108E+00      0.3353482E+00
  -0.8062439E+00      0.3256058E+00
  -0.7821769E+00      0.3155053E+00
  -0.7581099E+00      0.3040730E+00
  -0.7340429E+00      0.2949178E+00
  -0.7099759E+00      0.2861167E+00
  -0.6859090E+00      0.2775871E+00
  -0.6618420E+00      0.2693221E+00
  -0.6377750E+00      0.2613269E+00
  -0.6137080E+00      0.2536098E+00
  -0.5896410E+00      0.2461775E+00
  -0.5655740E+00      0.2390350E+00
  -0.5415071E+00      0.2321842E+00
  -0.5174401E+00      0.2256246E+00
  -0.4933731E+00      0.2193532E+00
  -0.4693061E+00      0.2133650E+00
  -0.4452391E+00      0.2076533E+00
  -0.4211722E+00      0.2022099E+00
  -0.3971052E+00      0.1970258E+00
  -0.3730382E+00      0.1920912E+00
  -0.3489712E+00      0.1873961E+00
  -0.3249042E+00      0.1829299E+00
  -0.3008373E+00      0.1786821E+00
  -0.2767703E+00      0.1746416E+00
  -0.2527033E+00      0.1707965E+00
  -0.2286363E+00      0.1671318E+00
  -0.2045693E+00      0.1636124E+00
  -0.1805024E+00      0.1606153E+00
  -0.1564354E+00      0.1577399E+00
  -0.1323684E+00      0.1549866E+00
  -0.1083014E+00      0.1523638E+00
  -0.8423443E-01      0.1498703E+00
  -0.6016745E-01      0.1475020E+00
  -0.3610047E-01      0.1452543E+00
  -0.1203349E-01      0.1431188E+00
   0.1203349E-01      0.1410910E+00
   0.3610047E-01      0.1391612E+00
   0.6016745E-01      0.1373182E+00
   0.8423443E-01      0.1355392E+00
   0.1083014E+00      0.1337975E+00
   0.1323684E+00      0.1320463E+00
   0.1564354E+00      0.1302181E+00
   0.1805024E+00      0.1298910E+00
   0.2045693E+00      0.1294276E+00
   0.2286363E+00      0.1289923E+00
   0.2527033E+00      0.1286095E+00
   0.2767703E+00      0.1282972E+00
   0.3008373E+00      0.1280595E+00
   0.3249042E+00      0.1278994E+00
   0.3489712E+00      0.1278188E+00
   0.3730382E+00      0.1278189E+00
   0.3971052E+00      0.1279006E+00
   0.4211722E+00      0.1280644E+00
   0.4452391E+00      0.1283111E+00
   0.4693061E+00      0.1286412E+00
   0.4933731E+00      0.1290547E+00
   0.5174401E+00      0.1295530E+00
   0.5415071E+00      0.1301351E+00
   0.5655740E+00      0.1308015E+00
   0.5896410E+00      0.1315512E+00
   0.6137080E+00      0.1323831E+00
   0.6377750E+00      0.1332931E+00
   0.6618420E+00      0.1342743E+00
   0.6859090E+00      0.1353118E+00
   0.7099759E+00      0.1363675E+00
   0.7340429E+00      0.1372830E+00
   0.7581099E+00      0.1389286E+00
   0.7821769E+00      0.1411963E+00
   0.8062439E+00      0.1435312E+00
   0.8303108E+00      0.1459871E+00
   0.8543778E+00      0.1485932E+00
   0.8784448E+00      0.1513649E+00
   0.9025118E+00      0.1543185E+00
   0.9265788E+00      0.1574643E+00
   0.9506457E+00      0.1608193E+00
   0.9747127E+00      0.1643980E+00
   0.9987797E+00      0.1682154E+00
   0.1022847E+01      0.1722889E+00
   0.1046914E+01      0.1766357E+00
   0.1070981E+01      0.1812776E+00
   0.1095048E+01      0.1862319E+00
   0.1119115E+01      0.1915248E+00
   0.1143182E+01      0.1971786E+00
   0.1167249E+01      0.2032161E+00
   0.1191316E+01      0.2096591E+00
   0.1215383E+01      0.2165154E+00
   0.1239450E+01      0.2236677E+00
   0.1263516E+01      0.2330925E+00
   0.1287583E+01      0.2426773E+00
   0.1311650E+01      0.2528263E+00
   0.1335717E+01      0.2636721E+00
   0.1359784E+01      0.2753004E+00
   0.1383851E+01      0.2877958E+00
   0.1407918E+01      0.3012384E+00
   0.1431985E+01      0.3157141E+00
   0.1456052E+01      0.3312972E+00
   0.1480119E+01      0.3480695E+00
   0.1504186E+01      0.3660980E+00
   0.1528253E+01      0.3854260E+00
   0.1552320E+01      0.4060543E+00
   0.1576387E+01      0.4278382E+00
   0.1600454E+01      0.4502008E+00
   0.1624521E+01      0.4731162E+00
   0.1648588E+01      0.5107903E+00
   0.1672655E+01      0.5487815E+00
   0.1696722E+01      0.5886425E+00
   0.1720789E+01      0.6303594E+00
   0.1744856E+01      0.6735827E+00
   0.1768923E+01      0.7174766E+00
   0.1792990E+01      0.7607095E+00
   0.1817057E+01      0.8012720E+00
   0.1841124E+01      0.8362240E+00
   0.1865191E+01      0.8611685E+00
   0.1889258E+01      0.8674924E+00
   0.1913325E+01      0.8704505E+00
   0.1937392E+01      0.8373564E+00
   0.1961459E+01      0.8812525E+00
   0.1985526E+01      0.8439089E+00
   0.2009593E+01      0.8304929E+00
   0.2033660E+01      0.7930159E+00
   0.2057727E+01      0.7374308E+00
   0.2081794E+01      0.7317770E+00
   0.2105861E+01      0.7383669E+00
   0.2129928E+01      0.7448529E+00
   0.2153995E+01      0.7508700E+00
   0.2178062E+01      0.7557921E+00
   0.2202129E+01      0.7589301E+00
   0.2226196E+01      0.7593999E+00
   0.2250263E+01      0.7553796E+00
   0.2274330E+01      0.7708527E+00
   0.2298397E+01      0.7530395E+00
   0.2322464E+01      0.7407483E+00
   0.2346531E+01      0.7250929E+00
   0.2370598E+01      0.7032211E+00
   0.2394665E+01      0.6709258E+00
   0.2418732E+01      0.6592902E+00
   0.2442799E+01      0.6483814E+00
   0.2466866E+01      0.6374138E+00
   0.2490933E+01      0.6250652E+00
   0.2514999E+01      0.6281378E+00
   0.2539066E+01      0.6241790E+00
   0.2563133E+01      0.6169690E+00
   0.2587200E+01      0.6072738E+00
   0.2611267E+01      0.5885268E+00
   0.2635334E+01      0.4692058E+00
   0.2659401E+01      0.4623455E+00
   0.2683468E+01      0.4538129E+00
   0.2707535E+01      0.4434369E+00
   0.2731602E+01      0.4319388E+00
   0.2755669E+01      0.4485950E+00
   0.2779736E+01      0.4299945E+00
   0.2803803E+01      0.3864393E+00
   0.2827870E+01      0.4073219E+00
   0.2851937E+01      0.3415568E+00
   0.2876004E+01      0.3320797E+00
   0.2900071E+01      0.3765292E+00
   0.2924138E+01      0.5857814E+00
   0.2948205E+01      0.4783269E+00
   0.2972272E+01      0.5045166E+00
   0.2996339E+01      0.5953025E+00
   0.3020406E+01      0.4568736E+00
   0.3044473E+01      0.3642967E+00
   0.3068540E+01      0.3479458E+00
   0.3092607E+01      0.3600943E+00
   0.3116674E+01      0.4196037E+00
   0.3140741E+01      0.5267187E+00
   0.3164808E+01      0.4696069E+00
   0.3188875E+01      0.3822342E+00
   0.3212942E+01      0.3392849E+00
   0.3237009E+01      0.3159326E+00
   0.3261076E+01      0.2996587E+00
   0.3285143E+01      0.2860586E+00
   0.3309210E+01      0.2738106E+00
   0.3333277E+01      0.2627216E+00
   0.3357344E+01      0.2529126E+00
   0.3381411E+01      0.2453788E+00
   0.3405478E+01      0.2416638E+00
   0.3429545E+01      0.2404858E+00
   0.3453612E+01      0.2431471E+00
   0.3477679E+01      0.2532455E+00
   0.3501746E+01      0.2806887E+00
   0.3525813E+01      0.3311008E+00
   0.3549880E+01      0.3057085E+00
   0.3573947E+01      0.2466046E+00
   0.3598014E+01      0.2272522E+00
   0.3622081E+01      0.2253251E+00
   0.3646148E+01      0.2397688E+00
   0.3670215E+01      0.3441336E+00
   0.3694282E+01      0.3280178E+00
   0.3718349E+01      0.2880221E+00
   0.3742416E+01      0.3079708E+00
   0.3766482E+01      0.2801413E+00
   0.3790549E+01      0.2320835E+00
   0.3814616E+01      0.2037202E+00
   0.3838683E+01      0.1894182E+00
   0.3862750E+01      0.1816396E+00
   0.3886817E+01      0.1774047E+00
   0.3910884E+01      0.1748540E+00
   0.3934951E+01      0.1734692E+00
   0.3959018E+01      0.1733258E+00
   0.3983085E+01      0.1714036E+00
   0.4007152E+01      0.1574080E+00
   0.4031219E+01      0.1464202E+00
   0.4055286E+01      0.1384052E+00
   0.4079353E+01      0.1344394E+00
   0.4103420E+01      0.1357649E+00
   0.4127487E+01      0.1425375E+00
   0.4151554E+01      0.1529769E+00
   0.4175621E+01      0.1653298E+00
   0.4199688E+01      0.1827559E+00
   0.4223755E+01      0.2154668E+00
   0.4247822E+01      0.2728161E+00
   0.4271889E+01      0.3469771E+00
   0.4295956E+01      0.3747553E+00
   0.4320023E+01      0.2609508E+00
   0.4344090E+01      0.1655366E+00
   0.4368157E+01      0.1097355E+00
   0.4392224E+01      0.8066380E-01
   0.4416291E+01      0.6344643E-01
   0.4440358E+01      0.5120155E-01
   0.4464425E+01      0.4158552E-01
   0.4488492E+01      0.3351113E-01
   0.4512559E+01      0.2640421E-01
   0.4536626E+01      0.2198747E-01
   0.4560693E+01      0.2201406E-01
   0.4584760E+01      0.2554165E-01
   0.4608827E+01      0.4119765E-01
   0.4632894E+01      0.1356093E-01
   0.4656961E+01      0.7375212E-25
   0.4681028E+01      0.1250816E-25
   0.4705095E+01      0.1548685E-25
   0.4729162E+01      0.2956910E-26
   0.4753229E+01      0.1551149E-26
   0.4777296E+01      0.7303637E-27
   0.4801363E+01      0.4524742E-27
   0.4825430E+01      0.2479159E-28
   0.4849497E+01      0.2428764E-28
   0.4873564E+01      0.1352301E-28
   0.4897631E+01      0.1528577E-28
   0.4921698E+01      0.9785252E-29
   0.4945765E+01      0.7395068E-29
   0.4969832E+01      0.8123779E-29
   0.4993899E+01      0.4674032E-29
   0.5017966E+01      0.3949965E-29
   0.5042032E+01      0.3358301E-29
   0.5066099E+01      0.2108662E-29
   0.5090166E+01      0.1685460E-29
   0.5114233E+01      0.1444723E-29
   0.5138300E+01      0.1729498E-29
   0.5162367E+01      0.2266896E-29
   0.5186434E+01      0.2372510E-29
   0.5210501E+01      0.1205138E-29
   0.5234568E+01      0.3198938E-29
   0.5258635E+01      0.2645275E-29
   0.5282702E+01      0.2912632E-29
   0.5306769E+01      0.4337110E-30
   0.5330836E+01      0.1762192E-29
   0.5354903E+01      0.9012857E-30
   0.5378970E+01      0.1425760E-29
   0.5403037E+01      0.3495596E-30
   0.5427104E+01      0.7191933E-30
   0.5451171E+01      0.5196198E-30
   0.5475238E+01      0.1200885E-29
   0.5499305E+01      0.3637457E-30
   0.5523372E+01      0.7911653E-30
   0.5547439E+01      0.3652093E-30
   0.5571506E+01      0.8091723E-30
   0.5595573E+01      0.3704082E-30
   0.5619640E+01      0.1233105E-29
   0.5643707E+01      0.2473830E-30
   0.5667774E+01      0.9564369E-30
   0.5691841E+01      0.8643192E-30
   0.5715908E+01      0.5648930E-30
   0.5739975E+01      0.5543367E-30
   0.5764042E+01      0.4329175E-30
   0.5788109E+01      0.1431086E-29
   0.5812176E+01      0.5497835E-30
   0.5836243E+01      0.1079654E-29
   0.5860310E+01      0.6008242E-30
   0.5884377E+01      0.6414289E-30
   0.5908444E+01      0.1327318E-30
   0.5932511E+01      0.1270275E-29
   0.5956578E+01      0.1139809E-29
   0.5980645E+01      0.9320380E-30
   0.6004712E+01      0.9994392E-31
   0.6028779E+01      0.4459115E-31
   0.6052846E+01      0.4291867E-30
   0.6076913E+01      0.7780153E-30
   0.6100980E+01      0.1141314E-29
   0.6125047E+01      0.1105272E-29
   0.6149114E+01      0.5205055E-30
   0.6173181E+01      0.2200969E-29
   0.6197248E+01      0.6725264E-30
   0.6221315E+01      0.4439042E-29
   0.6245382E+01      0.1087593E-28
   0.6269449E+01      0.1222334E-27
   0.6293515E+01      0.9152879E-28
   0.6317582E+01      0.5689984E-27
   0.6341649E+01      0.8632132E-29
   0.6365716E+01      0.1283214E-29
   0.6389783E+01      0.3676108E-30
   0.6413850E+01      0.1712437E-29
   0.6437917E+01      0.5274235E-30
   0.6461984E+01      0.1255874E-30
   0.6486051E+01      0.2755273E-30
   0.6510118E+01      0.2834596E-30
   0.6534185E+01      0.2309829E-30
   0.6558252E+01      0.3707036E-30
   0.6582319E+01      0.3254174E-30
   0.6606386E+01      0.3212089E-30
   0.6630453E+01      0.8296193E-31
   0.6654520E+01      0.8624996E-31
   0.6678587E+01      0.1003836E-30
   0.6702654E+01      0.1224976E-30
   0.6726721E+01      0.5569318E-31
   0.6750788E+01      0.1154452E-30
   0.6774855E+01      0.2182021E-30
   0.6798922E+01      0.1610669E-30
   0.6822989E+01      0.2745816E-31
   0.6847056E+01      0.1539407E-30
   0.6871123E+01      0.1034778E-30
   0.6895190E+01      0.4235661E-31
   0.6919257E+01      0.1155958E-30
   0.6943324E+01      0.1231683E-30
   0.6967391E+01      0.8043679E-31
   0.6991458E+01      0.2545989E-31
   0.7015525E+01      0.1502274E-30
   0.7039592E+01      0.1309998E-30
   0.7063659E+01      0.1719288E-30
   0.7087726E+01      0.1546516E-29
   0.7111793E+01      0.7334871E-31
   0.7135860E+01      0.9319664E-30
   0.7159927E+01      0.3492721E-29
   0.7183994E+01      0.3791766E-27
   0.7208061E+01      0.3868286E-29
   0.7232128E+01      0.7846071E-30
   0.7256195E+01      0.2771377E-30
   0.7280262E+01      0.1892439E-29
   0.7304329E+01      0.5960147E-31
   0.7328396E+01      0.2161419E-27
   0.7352463E+01      0.1239327E-29
   0.7376530E+01      0.6085303E-30
   0.7400597E+01      0.6865528E-31
   0.7424664E+01      0.2379297E-31
   0.7448731E+01      0.2544244E-30
   0.7472798E+01      0.1015783E-30
   0.7496865E+01      0.1835477E-30
   0.7520932E+01      0.2824423E-30
   0.7544998E+01      0.9714688E-31
   0.7569065E+01      0.2425427E-31
   0.7593132E+01      0.1229830E-30
   0.7617199E+01      0.3342736E-30
   0.7641266E+01      0.9135008E-31
   0.7665333E+01      0.9076928E-31
   0.7689400E+01      0.1437470E-30
   0.7713467E+01      0.5575169E-31
   0.7737534E+01      0.6779771E-31
   0.7761601E+01      0.7170426E-31
   0.7785668E+01      0.5073154E-31
   0.7809735E+01      0.2389225E-30
   0.7833802E+01      0.2162904E-30
   0.7857869E+01      0.1488397E-30
   0.7881936E+01      0.7014313E-31
   0.7906003E+01      0.7281992E-28
   0.7930070E+01      0.4353197E-29
   0.7954137E+01      0.9719065E-30
   0.7978204E+01      0.2880916E-30
   0.8002271E+01      0.4333380E-30
   0.8026338E+01      0.1644181E-29
   0.8050405E+01      0.7412467E-29
   0.8074472E+01      0.2935645E-31
   0.8098539E+01      0.1723682E-30
   0.8122606E+01      0.3064079E-30
   0.8146673E+01      0.4602802E-30
   0.8170740E+01      0.1047234E-29
   0.8194807E+01      0.7455719E-31
   0.8218874E+01      0.1710377E-29
   0.8242941E+01      0.8667756E-30
   0.8267008E+01      0.1106296E-30
   0.8291075E+01      0.5217910E-30
   0.8315142E+01      0.3453196E-30
   0.8339209E+01      0.4842369E-30
   0.8363276E+01      0.3044634E-30
   0.8387343E+01      0.2427659E-29
   0.8411410E+01      0.1848986E-29
   0.8435477E+01      0.1025225E-29
   0.8459544E+01      0.2320394E-29
   0.8483611E+01      0.8380563E-28
   0.8507678E+01      0.2434211E-27
   0.8531745E+01      0.2239948E-28
   0.8555812E+01      0.4532551E-29
   0.8579879E+01      0.2998769E-29
   0.8603946E+01      0.2076844E-29
   0.8628013E+01      0.1565829E-29
   0.8652080E+01      0.1155605E-29
   0.8676147E+01      0.1087629E-29
   0.8700214E+01      0.1765468E-29
   0.8724281E+01      0.6719886E-30
   0.8748348E+01      0.1530998E-29
   0.8772415E+01      0.1603014E-29
   0.8796481E+01      0.8596241E-29
   0.8820548E+01      0.7189845E-29
   0.8844615E+01      0.1789790E-28
   0.8868682E+01      0.1664517E-28
   0.8892749E+01      0.1466203E-29
   0.8916816E+01      0.5101726E-29
   0.8940883E+01      0.1138927E-29
   0.8964950E+01      0.4063171E-30
   0.8989017E+01      0.7634119E-31
   0.9013084E+01      0.4930903E-31
   0.9037151E+01      0.5353637E-30
   0.9061218E+01      0.2358756E-30
   0.9085285E+01      0.4378073E-30
   0.9109352E+01      0.5678023E-30
   0.9133419E+01      0.3702978E-31
   0.9157486E+01      0.6060434E-29
   0.9181553E+01      0.1098887E-30
   0.9205620E+01      0.5141281E-31
   0.9229687E+01      0.6674445E-31
   0.9253754E+01      0.2648009E-31
   0.9277821E+01      0.5634608E-32
   0.9301888E+01      0.2869884E-31
   0.9325955E+01      0.1209989E-31
   0.9350022E+01      0.2089197E-31
   0.9374089E+01      0.1794246E-31
   0.9398156E+01      0.2826047E-31
   0.9422223E+01      0.1830944E-31
   0.9446290E+01      0.9222277E-31
   0.9470357E+01      0.5684567E-32
   0.9494424E+01      0.7114158E-31
   0.9518491E+01      0.1504820E-30
   0.9542558E+01      0.1393198E-30
   0.9566625E+01      0.1390374E-30
   0.9590692E+01      0.6727927E-30
   0.9614759E+01      0.1181818E-29
   0.9638826E+01      0.3022733E-29
   0.9662893E+01      0.1742199E-28
   0.9686960E+01      0.4380819E-28
   0.9711027E+01      0.1043160E-28
   0.9735094E+01      0.1126205E-28
   0.9759161E+01      0.1486060E-28
   0.9783228E+01      0.7381023E-29
   0.9807295E+01      0.4075004E-29
   0.9831362E+01      0.2095378E-29
   0.9855429E+01      0.4982227E-28
   0.9879496E+01      0.5952697E-29
   0.9903563E+01      0.3684126E-27
   0.9927630E+01      0.1206594E-29
   0.9951697E+01      0.1427263E-29
   0.9975764E+01      0.1905928E-29
   0.9999831E+01      0.2422489E-29
 &
 @autoscale
 @target G1.S0
