 @target G2.S0
 @type xy
  -0.9999831E+01      0.2315263E+01
  -0.9975764E+01      0.3477916E+01
  -0.9951697E+01      0.3734906E+01
  -0.9927630E+01      0.3759379E+01
  -0.9903563E+01      0.3687596E+01
  -0.9879496E+01      0.3582183E+01
  -0.9855429E+01      0.3480021E+01
  -0.9831362E+01      0.6973381E+01
  -0.9807295E+01      0.7791080E+01
  -0.9783228E+01      0.8066767E+01
  -0.9759161E+01      0.8296098E+01
  -0.9735094E+01      0.8845998E+01
  -0.9711027E+01      0.9963802E+01
  -0.9686960E+01      0.1070697E+02
  -0.9662893E+01      0.9957542E+01
  -0.9638826E+01      0.8283815E+01
  -0.9614759E+01      0.6759145E+01
  -0.9590692E+01      0.5734630E+01
  -0.9566625E+01      0.5075548E+01
  -0.9542558E+01      0.4639157E+01
  -0.9518491E+01      0.4339978E+01
  -0.9494424E+01      0.4129332E+01
  -0.9470357E+01      0.3978130E+01
  -0.9446290E+01      0.3867797E+01
  -0.9422223E+01      0.3785765E+01
  -0.9398156E+01      0.5380489E+01
  -0.9374089E+01      0.5967840E+01
  -0.9350022E+01      0.5999132E+01
  -0.9325955E+01      0.5835383E+01
  -0.9301888E+01      0.5599882E+01
  -0.9277821E+01      0.5350950E+01
  -0.9253754E+01      0.5123365E+01
  -0.9229687E+01      0.6705297E+01
  -0.9205620E+01      0.6825343E+01
  -0.9181553E+01      0.6689280E+01
  -0.9157486E+01      0.6463478E+01
  -0.9133419E+01      0.6218587E+01
  -0.9109352E+01      0.8313304E+01
  -0.9085285E+01      0.1011321E+02
  -0.9061218E+01      0.1026799E+02
  -0.9037151E+01      0.9946712E+01
  -0.9013084E+01      0.9461664E+01
  -0.8989017E+01      0.8951066E+01
  -0.8964950E+01      0.8482603E+01
  -0.8940883E+01      0.8087958E+01
  -0.8916816E+01      0.7779253E+01
  -0.8892749E+01      0.7556751E+01
  -0.8868682E+01      0.7414615E+01
  -0.8844615E+01      0.7343564E+01
  -0.8820548E+01      0.7332956E+01
  -0.8796481E+01      0.7372180E+01
  -0.8772415E+01      0.7452131E+01
  -0.8748348E+01      0.7568913E+01
  -0.8724281E+01      0.7747619E+01
  -0.8700214E+01      0.1290222E+02
  -0.8676147E+01      0.1425265E+02
  -0.8652080E+01      0.1373311E+02
  -0.8628013E+01      0.1282016E+02
  -0.8603946E+01      0.1190591E+02
  -0.8579879E+01      0.1112245E+02
  -0.8555812E+01      0.1050355E+02
  -0.8531745E+01      0.1004160E+02
  -0.8507678E+01      0.9710974E+01
  -0.8483611E+01      0.9480266E+01
  -0.8459544E+01      0.9319241E+01
  -0.8435477E+01      0.9202699E+01
  -0.8411410E+01      0.9112136E+01
  -0.8387343E+01      0.9037802E+01
  -0.8363276E+01      0.8976433E+01
  -0.8339209E+01      0.1058125E+02
  -0.8315142E+01      0.1101440E+02
  -0.8291075E+01      0.1108639E+02
  -0.8267008E+01      0.1107226E+02
  -0.8242941E+01      0.1111988E+02
  -0.8218874E+01      0.1371881E+02
  -0.8194807E+01      0.1706127E+02
  -0.8170740E+01      0.1945789E+02
  -0.8146673E+01      0.2058421E+02
  -0.8122606E+01      0.1692853E+02
  -0.8098539E+01      0.1527699E+02
  -0.8074472E+01      0.2976995E+02
  -0.8050405E+01      0.1901048E+02
  -0.8026338E+01      0.1672760E+02
  -0.8002271E+01      0.1550661E+02
  -0.7978204E+01      0.1476297E+02
  -0.7954137E+01      0.1429270E+02
  -0.7930070E+01      0.1400083E+02
  -0.7906003E+01      0.1462395E+02
  -0.7881936E+01      0.1701340E+02
  -0.7857869E+01      0.1718359E+02
  -0.7833802E+01      0.6410085E+02
  -0.7809735E+01      0.4604506E+02
  -0.7785668E+01      0.3971663E+02
  -0.7761601E+01      0.3535122E+02
  -0.7737534E+01      0.3197474E+02
  -0.7713467E+01      0.2964801E+02
  -0.7689400E+01      0.2837101E+02
  -0.7665333E+01      0.2802935E+02
  -0.7641266E+01      0.2873897E+02
  -0.7617199E+01      0.2872602E+02
  -0.7593132E+01      0.3514251E+02
  -0.7569065E+01      0.3739493E+02
  -0.7544998E+01      0.3718390E+02
  -0.7520932E+01      0.3837267E+02
  -0.7496865E+01      0.4882711E+02
  -0.7472798E+01      0.5687095E+02
  -0.7448731E+01      0.4329736E+02
  -0.7424664E+01      0.4818779E+02
  -0.7400597E+01      0.4720539E+02
  -0.7376530E+01      0.4960891E+02
  -0.7352463E+01      0.4893285E+02
  -0.7328396E+01      0.5190584E+02
  -0.7304329E+01      0.5001097E+02
  -0.7280262E+01      0.7015930E+02
  -0.7256195E+01      0.6710884E+02
  -0.7232128E+01      0.5816895E+02
  -0.7208061E+01      0.4821242E+02
  -0.7183994E+01      0.4566781E+02
  -0.7159927E+01      0.4478170E+02
  -0.7135860E+01      0.4631015E+02
  -0.7111793E+01      0.4735399E+02
  -0.7087726E+01      0.4643017E+02
  -0.7063659E+01      0.5259453E+02
  -0.7039592E+01      0.6772964E+02
  -0.7015525E+01      0.7516373E+02
  -0.6991458E+01      0.8796751E+02
  -0.6967391E+01      0.9021854E+02
  -0.6943324E+01      0.8496456E+02
  -0.6919257E+01      0.8233179E+02
  -0.6895190E+01      0.7221107E+02
  -0.6871123E+01      0.6827655E+02
  -0.6847056E+01      0.6738289E+02
  -0.6822989E+01      0.5448414E+02
  -0.6798922E+01      0.5366657E+02
  -0.6774855E+01      0.5591260E+02
  -0.6750788E+01      0.5689098E+02
  -0.6726721E+01      0.6083001E+02
  -0.6702654E+01      0.7343251E+02
  -0.6678587E+01      0.8355069E+02
  -0.6654520E+01      0.7723146E+02
  -0.6630453E+01      0.7240855E+02
  -0.6606386E+01      0.7692177E+02
  -0.6582319E+01      0.8816202E+02
  -0.6558252E+01      0.8914184E+02
  -0.6534185E+01      0.7066668E+02
  -0.6510118E+01      0.7636204E+02
  -0.6486051E+01      0.7791562E+02
  -0.6461984E+01      0.6545171E+02
  -0.6437917E+01      0.6036858E+02
  -0.6413850E+01      0.5765693E+02
  -0.6389783E+01      0.5586011E+02
  -0.6365716E+01      0.5462159E+02
  -0.6341649E+01      0.4947203E+02
  -0.6317582E+01      0.4844576E+02
  -0.6293515E+01      0.5145149E+02
  -0.6269449E+01      0.5450953E+02
  -0.6245382E+01      0.5994238E+02
  -0.6221315E+01      0.6564964E+02
  -0.6197248E+01      0.6521376E+02
  -0.6173181E+01      0.6851041E+02
  -0.6149114E+01      0.7004006E+02
  -0.6125047E+01      0.7825804E+02
  -0.6100980E+01      0.6594424E+02
  -0.6076913E+01      0.5592652E+02
  -0.6052846E+01      0.5719991E+02
  -0.6028779E+01      0.5768385E+02
  -0.6004712E+01      0.5612263E+02
  -0.5980645E+01      0.5761094E+02
  -0.5956578E+01      0.6873568E+02
  -0.5932511E+01      0.6497713E+02
  -0.5908444E+01      0.6286513E+02
  -0.5884377E+01      0.6537827E+02
  -0.5860310E+01      0.6944429E+02
  -0.5836243E+01      0.7055142E+02
  -0.5812176E+01      0.6885891E+02
  -0.5788109E+01      0.7412968E+02
  -0.5764042E+01      0.7886059E+02
  -0.5739975E+01      0.7991629E+02
  -0.5715908E+01      0.8399424E+02
  -0.5691841E+01      0.8812258E+02
  -0.5667774E+01      0.8935399E+02
  -0.5643707E+01      0.9968792E+02
  -0.5619640E+01      0.8690944E+02
  -0.5595573E+01      0.1100253E+03
  -0.5571506E+01      0.1118706E+03
  -0.5547439E+01      0.1232610E+03
  -0.5523372E+01      0.1261540E+03
  -0.5499305E+01      0.1153075E+03
  -0.5475238E+01      0.1220336E+03
  -0.5451171E+01      0.1225063E+03
  -0.5427104E+01      0.1451635E+03
  -0.5403037E+01      0.1037422E+03
  -0.5378970E+01      0.1244316E+03
  -0.5354903E+01      0.9573669E+02
  -0.5330836E+01      0.1246249E+03
  -0.5306769E+01      0.9640040E+02
  -0.5282702E+01      0.8419990E+02
  -0.5258635E+01      0.7857463E+02
  -0.5234568E+01      0.8863018E+02
  -0.5210501E+01      0.7837506E+02
  -0.5186434E+01      0.1052803E+03
  -0.5162367E+01      0.1193335E+03
  -0.5138300E+01      0.1036329E+03
  -0.5114233E+01      0.1006007E+03
  -0.5090166E+01      0.9804218E+02
  -0.5066099E+01      0.1365113E+03
  -0.5042032E+01      0.1017280E+03
  -0.5017966E+01      0.1124726E+03
  -0.4993899E+01      0.1086365E+03
  -0.4969832E+01      0.1093777E+03
  -0.4945765E+01      0.1471540E+03
  -0.4921698E+01      0.1093391E+03
  -0.4897631E+01      0.1082884E+03
  -0.4873564E+01      0.1186859E+03
  -0.4849497E+01      0.1311597E+03
  -0.4825430E+01      0.1506466E+03
  -0.4801363E+01      0.1395010E+03
  -0.4777296E+01      0.3090383E+03
  -0.4753229E+01      0.1649338E+03
  -0.4729162E+01      0.1455731E+03
  -0.4705095E+01      0.1361761E+03
  -0.4681028E+01      0.1219079E+03
  -0.4656961E+01      0.1150619E+03
  -0.4632894E+01      0.1261401E+03
  -0.4608827E+01      0.1336010E+03
  -0.4584760E+01      0.1413703E+03
  -0.4560693E+01      0.1265038E+03
  -0.4536626E+01      0.1168864E+03
  -0.4512559E+01      0.1109011E+03
  -0.4488492E+01      0.1068215E+03
  -0.4464425E+01      0.1124847E+03
  -0.4440358E+01      0.1096840E+03
  -0.4416291E+01      0.1050804E+03
  -0.4392224E+01      0.1018776E+03
  -0.4368157E+01      0.9286439E+02
  -0.4344090E+01      0.7872518E+02
  -0.4320023E+01      0.9096755E+02
  -0.4295956E+01      0.7526663E+02
  -0.4271889E+01      0.7260062E+02
  -0.4247822E+01      0.7036604E+02
  -0.4223755E+01      0.1017745E+03
  -0.4199688E+01      0.8840712E+02
  -0.4175621E+01      0.9915173E+02
  -0.4151554E+01      0.1014171E+03
  -0.4127487E+01      0.9581798E+02
  -0.4103420E+01      0.1056480E+03
  -0.4079353E+01      0.1012925E+03
  -0.4055286E+01      0.9879901E+02
  -0.4031219E+01      0.9570533E+02
  -0.4007152E+01      0.9456856E+02
  -0.3983085E+01      0.9644108E+02
  -0.3959018E+01      0.1048226E+03
  -0.3934951E+01      0.1068603E+03
  -0.3910884E+01      0.1063554E+03
  -0.3886817E+01      0.1120030E+03
  -0.3862750E+01      0.1493538E+03
  -0.3838683E+01      0.1205694E+03
  -0.3814616E+01      0.1277892E+03
  -0.3790549E+01      0.1261261E+03
  -0.3766482E+01      0.1177635E+03
  -0.3742416E+01      0.1245144E+03
  -0.3718349E+01      0.1450621E+03
  -0.3694282E+01      0.1356198E+03
  -0.3670215E+01      0.1135490E+03
  -0.3646148E+01      0.1055092E+03
  -0.3622081E+01      0.9966395E+02
  -0.3598014E+01      0.9998814E+02
  -0.3573947E+01      0.1088816E+03
  -0.3549880E+01      0.9702692E+02
  -0.3525813E+01      0.1023593E+03
  -0.3501746E+01      0.1084790E+03
  -0.3477679E+01      0.1032021E+03
  -0.3453612E+01      0.1280564E+03
  -0.3429545E+01      0.1053549E+03
  -0.3405478E+01      0.1031005E+03
  -0.3381411E+01      0.1067176E+03
  -0.3357344E+01      0.1108056E+03
  -0.3333277E+01      0.1057131E+03
  -0.3309210E+01      0.1005931E+03
  -0.3285143E+01      0.1042450E+03
  -0.3261076E+01      0.1087379E+03
  -0.3237009E+01      0.1012523E+03
  -0.3212942E+01      0.1202013E+03
  -0.3188875E+01      0.9557325E+02
  -0.3164808E+01      0.9058942E+02
  -0.3140741E+01      0.8930148E+02
  -0.3116674E+01      0.8977456E+02
  -0.3092607E+01      0.9112249E+02
  -0.3068540E+01      0.9869130E+02
  -0.3044473E+01      0.9491505E+02
  -0.3020406E+01      0.9694157E+02
  -0.2996339E+01      0.9917420E+02
  -0.2972272E+01      0.9423512E+02
  -0.2948205E+01      0.1074330E+03
  -0.2924138E+01      0.1115820E+03
  -0.2900071E+01      0.1304462E+03
  -0.2876004E+01      0.1093055E+03
  -0.2851937E+01      0.1018396E+03
  -0.2827870E+01      0.9571549E+02
  -0.2803803E+01      0.9420340E+02
  -0.2779736E+01      0.1008663E+03
  -0.2755669E+01      0.9468696E+02
  -0.2731602E+01      0.9954814E+02
  -0.2707535E+01      0.1935144E+03
  -0.2683468E+01      0.1249493E+03
  -0.2659401E+01      0.1302745E+03
  -0.2635334E+01      0.1383248E+03
  -0.2611267E+01      0.1573555E+03
  -0.2587200E+01      0.1810943E+03
  -0.2563133E+01      0.1361431E+03
  -0.2539066E+01      0.1392094E+03
  -0.2514999E+01      0.1526759E+03
  -0.2490933E+01      0.1677872E+03
  -0.2466866E+01      0.1998759E+03
  -0.2442799E+01      0.1528278E+03
  -0.2418732E+01      0.1546172E+03
  -0.2394665E+01      0.1682293E+03
  -0.2370598E+01      0.1457577E+03
  -0.2346531E+01      0.1099366E+03
  -0.2322464E+01      0.8894281E+02
  -0.2298397E+01      0.1085257E+03
  -0.2274330E+01      0.2311168E+03
  -0.2250263E+01      0.1014160E+03
  -0.2226196E+01      0.4356257E+02
  -0.2202129E+01      0.4107957E+02
  -0.2178062E+01      0.3750856E+02
  -0.2153995E+01      0.4151300E+02
  -0.2129928E+01      0.5659887E+02
  -0.2105861E+01      0.1748233E+02
  -0.2081794E+01      0.1452525E+02
  -0.2057727E+01      0.1390489E+02
  -0.2033660E+01      0.1366149E+02
  -0.2009593E+01      0.1401898E+02
  -0.1985526E+01      0.2012061E+02
  -0.1961459E+01      0.1338631E+02
  -0.1937392E+01      0.1315291E+02
  -0.1913325E+01      0.1308969E+02
  -0.1889258E+01      0.1306507E+02
  -0.1865191E+01      0.1304336E+02
  -0.1841124E+01      0.1300405E+02
  -0.1817057E+01      0.1293808E+02
  -0.1792990E+01      0.1284727E+02
  -0.1768923E+01      0.1274208E+02
  -0.1744856E+01      0.1264060E+02
  -0.1720789E+01      0.1257932E+02
  -0.1696722E+01      0.1279957E+02
  -0.1672655E+01      0.2785579E+02
  -0.1648588E+01      0.1951979E+02
  -0.1624521E+01      0.2206887E+02
  -0.1600454E+01      0.2079200E+02
  -0.1576387E+01      0.1923635E+02
  -0.1552320E+01      0.1788694E+02
  -0.1528253E+01      0.1677866E+02
  -0.1504186E+01      0.1588154E+02
  -0.1480119E+01      0.1515560E+02
  -0.1456052E+01      0.1456408E+02
  -0.1431985E+01      0.1407570E+02
  -0.1407918E+01      0.1366489E+02
  -0.1383851E+01      0.1331197E+02
  -0.1359784E+01      0.1300323E+02
  -0.1335717E+01      0.1273020E+02
  -0.1311650E+01      0.1248823E+02
  -0.1287583E+01      0.1227549E+02
  -0.1263516E+01      0.1209473E+02
  -0.1239450E+01      0.1226432E+02
  -0.1215383E+01      0.1265218E+02
  -0.1191316E+01      0.1271166E+02
  -0.1167249E+01      0.1268711E+02
  -0.1143182E+01      0.1262087E+02
  -0.1119115E+01      0.1253045E+02
  -0.1095048E+01      0.1242519E+02
  -0.1070981E+01      0.1231084E+02
  -0.1046914E+01      0.1219125E+02
  -0.1022847E+01      0.1206923E+02
  -0.9987797E+00      0.1194697E+02
  -0.9747127E+00      0.1182638E+02
  -0.9506457E+00      0.1170952E+02
  -0.9265788E+00      0.1159964E+02
  -0.9025118E+00      0.1150894E+02
  -0.8784448E+00      0.1370685E+02
  -0.8543778E+00      0.1392795E+02
  -0.8303108E+00      0.1362872E+02
  -0.8062439E+00      0.1322577E+02
  -0.7821769E+00      0.1285230E+02
  -0.7581099E+00      0.1474728E+02
  -0.7340429E+00      0.1561991E+02
  -0.7099759E+00      0.1551731E+02
  -0.6859090E+00      0.1514163E+02
  -0.6618420E+00      0.1468402E+02
  -0.6377750E+00      0.1422140E+02
  -0.6137080E+00      0.1378695E+02
  -0.5896410E+00      0.1339392E+02
  -0.5655740E+00      0.1304581E+02
  -0.5415071E+00      0.1274136E+02
  -0.5174401E+00      0.1247704E+02
  -0.4933731E+00      0.1224845E+02
  -0.4693061E+00      0.1205102E+02
  -0.4452391E+00      0.1188036E+02
  -0.4211722E+00      0.1173250E+02
  -0.3971052E+00      0.1160390E+02
  -0.3730382E+00      0.1149150E+02
  -0.3489712E+00      0.1139272E+02
  -0.3249042E+00      0.1130539E+02
  -0.3008373E+00      0.1122780E+02
  -0.2767703E+00      0.1115870E+02
  -0.2527033E+00      0.1109750E+02
  -0.2286363E+00      0.1104509E+02
  -0.2045693E+00      0.1101241E+02
  -0.1805024E+00      0.1238714E+02
  -0.1564354E+00      0.1279510E+02
  -0.1323684E+00      0.1295653E+02
  -0.1083014E+00      0.1299633E+02
  -0.8423443E-01      0.1296465E+02
  -0.6016745E-01      0.1288857E+02
  -0.3610047E-01      0.1278487E+02
  -0.1203349E-01      0.1266480E+02
   0.1203349E-01      0.1253616E+02
   0.3610047E-01      0.1240468E+02
   0.6016745E-01      0.1227464E+02
   0.8423443E-01      0.1214945E+02
   0.1083014E+00      0.1203241E+02
   0.1323684E+00      0.1192996E+02
   0.1564354E+00      0.1271976E+02
   0.1805024E+00      0.1359149E+02
   0.2045693E+00      0.1383861E+02
   0.2286363E+00      0.1388238E+02
   0.2527033E+00      0.1382437E+02
   0.2767703E+00      0.1371107E+02
   0.3008373E+00      0.1356838E+02
   0.3249042E+00      0.1341215E+02
   0.3489712E+00      0.1325248E+02
   0.3730382E+00      0.1309592E+02
   0.3971052E+00      0.1294672E+02
   0.4211722E+00      0.1280754E+02
   0.4452391E+00      0.1267998E+02
   0.4693061E+00      0.1256484E+02
   0.4933731E+00      0.1246239E+02
   0.5174401E+00      0.1237256E+02
   0.5415071E+00      0.1229503E+02
   0.5655740E+00      0.1222932E+02
   0.5896410E+00      0.1217489E+02
   0.6137080E+00      0.1213121E+02
   0.6377750E+00      0.1209783E+02
   0.6618420E+00      0.1207458E+02
   0.6859090E+00      0.1206184E+02
   0.7099759E+00      0.1206180E+02
   0.7340429E+00      0.1208717E+02
   0.7581099E+00      0.1361889E+02
   0.7821769E+00      0.1420796E+02
   0.8062439E+00      0.1446396E+02
   0.8303108E+00      0.1456734E+02
   0.8543778E+00      0.1458460E+02
   0.8784448E+00      0.1455061E+02
   0.9025118E+00      0.1448643E+02
   0.9265788E+00      0.1440599E+02
   0.9506457E+00      0.1431871E+02
   0.9747127E+00      0.1423131E+02
   0.9987797E+00      0.1414845E+02
   0.1022847E+01      0.1407353E+02
   0.1046914E+01      0.1400889E+02
   0.1070981E+01      0.1395619E+02
   0.1095048E+01      0.1391652E+02
   0.1119115E+01      0.1389065E+02
   0.1143182E+01      0.1387907E+02
   0.1167249E+01      0.1388228E+02
   0.1191316E+01      0.1390092E+02
   0.1215383E+01      0.1393656E+02
   0.1239450E+01      0.1399956E+02
   0.1263516E+01      0.1487999E+02
   0.1287583E+01      0.1520120E+02
   0.1311650E+01      0.1540395E+02
   0.1335717E+01      0.1555351E+02
   0.1359784E+01      0.1567739E+02
   0.1383851E+01      0.1579132E+02
   0.1407918E+01      0.1590594E+02
   0.1431985E+01      0.1602920E+02
   0.1456052E+01      0.1616761E+02
   0.1480119E+01      0.1632690E+02
   0.1504186E+01      0.1651255E+02
   0.1528253E+01      0.1673034E+02
   0.1552320E+01      0.1698747E+02
   0.1576387E+01      0.1729547E+02
   0.1600454E+01      0.1768603E+02
   0.1624521E+01      0.2005709E+02
   0.1648588E+01      0.2229908E+02
   0.1672655E+01      0.2327069E+02
   0.1696722E+01      0.2391517E+02
   0.1720789E+01      0.2442082E+02
   0.1744856E+01      0.2486996E+02
   0.1768923E+01      0.2531110E+02
   0.1792990E+01      0.2577001E+02
   0.1817057E+01      0.2625664E+02
   0.1841124E+01      0.2676577E+02
   0.1865191E+01      0.2727514E+02
   0.1889258E+01      0.2778330E+02
   0.1913325E+01      0.2977120E+02
   0.1937392E+01      0.2845350E+02
   0.1961459E+01      0.2756119E+02
   0.1985526E+01      0.2442693E+02
   0.2009593E+01      0.2170265E+02
   0.2033660E+01      0.1989890E+02
   0.2057727E+01      0.1564841E+02
   0.2081794E+01      0.1346740E+02
   0.2105861E+01      0.1316489E+02
   0.2129928E+01      0.1295198E+02
   0.2153995E+01      0.1281305E+02
   0.2178062E+01      0.1274680E+02
   0.2202129E+01      0.1276494E+02
   0.2226196E+01      0.1293098E+02
   0.2250263E+01      0.1413692E+02
   0.2274330E+01      0.5861339E+02
   0.2298397E+01      0.1372831E+02
   0.2322464E+01      0.1377032E+02
   0.2346531E+01      0.1419725E+02
   0.2370598E+01      0.1492432E+02
   0.2394665E+01      0.1961599E+02
   0.2418732E+01      0.2203071E+02
   0.2442799E+01      0.2378652E+02
   0.2466866E+01      0.2606561E+02
   0.2490933E+01      0.3007391E+02
   0.2514999E+01      0.2003599E+02
   0.2539066E+01      0.1985120E+02
   0.2563133E+01      0.1984424E+02
   0.2587200E+01      0.1960714E+02
   0.2611267E+01      0.1884029E+02
   0.2635334E+01      0.1186074E+02
   0.2659401E+01      0.1228437E+02
   0.2683468E+01      0.1301883E+02
   0.2707535E+01      0.1425568E+02
   0.2731602E+01      0.1657651E+02
   0.2755669E+01      0.2275910E+02
   0.2779736E+01      0.2832097E+02
   0.2803803E+01      0.1828584E+02
   0.2827870E+01      0.1671641E+02
   0.2851937E+01      0.9066958E+01
   0.2876004E+01      0.9813424E+01
   0.2900071E+01      0.1219815E+02
   0.2924138E+01      0.1585079E+02
   0.2948205E+01      0.1152830E+02
   0.2972272E+01      0.1140332E+02
   0.2996339E+01      0.1409838E+02
   0.3020406E+01      0.1241776E+02
   0.3044473E+01      0.1065444E+02
   0.3068540E+01      0.1050974E+02
   0.3092607E+01      0.1072573E+02
   0.3116674E+01      0.1123828E+02
   0.3140741E+01      0.1152036E+02
   0.3164808E+01      0.8633799E+01
   0.3188875E+01      0.7756906E+01
   0.3212942E+01      0.7404182E+01
   0.3237009E+01      0.7267613E+01
   0.3261076E+01      0.7176291E+01
   0.3285143E+01      0.7120749E+01
   0.3309210E+01      0.7053627E+01
   0.3333277E+01      0.6961708E+01
   0.3357344E+01      0.6811981E+01
   0.3381411E+01      0.6491949E+01
   0.3405478E+01      0.6508262E+01
   0.3429545E+01      0.6527733E+01
   0.3453612E+01      0.6559504E+01
   0.3477679E+01      0.6634715E+01
   0.3501746E+01      0.6853096E+01
   0.3525813E+01      0.7321718E+01
   0.3549880E+01      0.7019078E+01
   0.3573947E+01      0.6009392E+01
   0.3598014E+01      0.5856904E+01
   0.3622081E+01      0.5911211E+01
   0.3646148E+01      0.6288968E+01
   0.3670215E+01      0.9298665E+01
   0.3694282E+01      0.8859709E+01
   0.3718349E+01      0.6734299E+01
   0.3742416E+01      0.6720319E+01
   0.3766482E+01      0.6557292E+01
   0.3790549E+01      0.6157518E+01
   0.3814616E+01      0.5829048E+01
   0.3838683E+01      0.5543081E+01
   0.3862750E+01      0.5720485E+01
   0.3886817E+01      0.6510849E+01
   0.3910884E+01      0.6484162E+01
   0.3934951E+01      0.6211215E+01
   0.3959018E+01      0.5763783E+01
   0.3983085E+01      0.4725224E+01
   0.4007152E+01      0.4466690E+01
   0.4031219E+01      0.4231299E+01
   0.4055286E+01      0.4303766E+01
   0.4079353E+01      0.4439936E+01
   0.4103420E+01      0.4621424E+01
   0.4127487E+01      0.4827196E+01
   0.4151554E+01      0.5041385E+01
   0.4175621E+01      0.5266404E+01
   0.4199688E+01      0.5530841E+01
   0.4223755E+01      0.5899640E+01
   0.4247822E+01      0.6630288E+01
   0.4271889E+01      0.7217170E+01
   0.4295956E+01      0.7865539E+01
   0.4320023E+01      0.4898322E+01
   0.4344090E+01      0.3876718E+01
   0.4368157E+01      0.3438358E+01
   0.4392224E+01      0.3340609E+01
   0.4416291E+01      0.3591978E+01
   0.4440358E+01      0.3978275E+01
   0.4464425E+01      0.4412654E+01
   0.4488492E+01      0.4699325E+01
   0.4512559E+01      0.4236961E+01
   0.4536626E+01      0.1445743E+01
   0.4560693E+01      0.1792296E+01
   0.4584760E+01      0.2222716E+01
   0.4608827E+01      0.2790317E+01
   0.4632894E+01      0.3198108E+01
   0.4656961E+01      0.1018674E-07
   0.4681028E+01      0.3706764E-11
   0.4705095E+01      0.1786601E-11
   0.4729162E+01      0.4333166E-12
   0.4753229E+01      0.7414934E-12
   0.4777296E+01      0.7512146E-12
   0.4801363E+01      0.5843226E-12
   0.4825430E+01      0.4403063E-12
   0.4849497E+01      0.2907216E-12
   0.4873564E+01      0.3214060E-12
   0.4897631E+01      0.1111075E-12
   0.4921698E+01     -0.2100449E-13
   0.4945765E+01      0.2660394E-12
   0.4969832E+01      0.2125847E-12
   0.4993899E+01      0.2638219E-12
   0.5017966E+01      0.3166872E-12
   0.5042032E+01      0.3084157E-12
   0.5066099E+01      0.2592062E-12
   0.5090166E+01      0.1114069E-12
   0.5114233E+01      0.1433414E-12
   0.5138300E+01      0.7496465E-13
   0.5162367E+01      0.1039329E-12
   0.5186434E+01      0.2986149E-13
   0.5210501E+01      0.5951654E-13
   0.5234568E+01      0.6829339E-13
   0.5258635E+01      0.1057753E-12
   0.5282702E+01      0.4414866E-13
   0.5306769E+01      0.1527348E-12
   0.5330836E+01      0.7046027E-13
   0.5354903E+01      0.7444285E-13
   0.5378970E+01      0.5342078E-13
   0.5403037E+01      0.8257143E-13
   0.5427104E+01      0.1566837E-12
   0.5451171E+01      0.3766195E-13
   0.5475238E+01      0.5665828E-13
   0.5499305E+01      0.6424324E-13
   0.5523372E+01      0.4891912E-13
   0.5547439E+01      0.3076492E-13
   0.5571506E+01      0.7036207E-13
   0.5595573E+01      0.3042097E-13
   0.5619640E+01      0.1664591E-12
   0.5643707E+01      0.6509314E-13
   0.5667774E+01      0.6173231E-13
   0.5691841E+01      0.7177369E-13
   0.5715908E+01      0.2475443E-13
   0.5739975E+01      0.6731257E-13
   0.5764042E+01      0.8238120E-13
   0.5788109E+01      0.2181119E-13
   0.5812176E+01      0.7286683E-13
   0.5836243E+01      0.5669835E-13
   0.5860310E+01      0.8216355E-13
   0.5884377E+01      0.8637301E-13
   0.5908444E+01      0.1107631E-12
   0.5932511E+01      0.9390117E-13
   0.5956578E+01      0.6471706E-13
   0.5980645E+01      0.9782578E-13
   0.6004712E+01      0.1145664E-12
   0.6028779E+01      0.1361173E-12
   0.6052846E+01      0.2256519E-12
   0.6076913E+01      0.1984231E-12
   0.6100980E+01      0.2469425E-12
   0.6125047E+01      0.3079870E-12
   0.6149114E+01      0.4166240E-12
   0.6173181E+01      0.6403609E-12
   0.6197248E+01     -0.5774643E-13
   0.6221315E+01      0.2938014E-11
   0.6245382E+01      0.2690522E-10
   0.6269449E+01      0.4670039E-10
   0.6293515E+01      0.1113620E-10
   0.6317582E+01      0.4445322E-12
   0.6341649E+01      0.1007894E-11
   0.6365716E+01      0.5616646E-12
   0.6389783E+01      0.3931635E-12
   0.6413850E+01      0.2873047E-12
   0.6437917E+01      0.2551335E-12
   0.6461984E+01      0.1853581E-12
   0.6486051E+01      0.1539936E-12
   0.6510118E+01      0.1469212E-12
   0.6534185E+01      0.1290937E-12
   0.6558252E+01      0.9989565E-13
   0.6582319E+01      0.8822414E-13
   0.6606386E+01      0.8254958E-13
   0.6630453E+01      0.9425749E-13
   0.6654520E+01      0.9032953E-13
   0.6678587E+01      0.8739610E-13
   0.6702654E+01      0.7843968E-13
   0.6726721E+01      0.8653824E-13
   0.6750788E+01      0.8499900E-13
   0.6774855E+01      0.8638297E-13
   0.6798922E+01      0.1027460E-12
   0.6822989E+01      0.1182828E-12
   0.6847056E+01      0.1210201E-12
   0.6871123E+01      0.1077222E-12
   0.6895190E+01      0.1132882E-12
   0.6919257E+01      0.1387361E-12
   0.6943324E+01      0.1767934E-12
   0.6967391E+01      0.2489850E-12
   0.6991458E+01      0.3659563E-12
   0.7015525E+01      0.5910324E-12
   0.7039592E+01      0.1149254E-11
   0.7063659E+01      0.3581273E-11
   0.7087726E+01      0.7236682E-10
   0.7111793E+01      0.1196920E-10
   0.7135860E+01      0.1754412E-11
   0.7159927E+01     -0.7859901E-12
   0.7183994E+01      0.1765626E-08
   0.7208061E+01     -0.1655726E-11
   0.7232128E+01     -0.1758582E-12
   0.7256195E+01      0.1225364E-12
   0.7280262E+01      0.1840072E-12
   0.7304329E+01      0.6983604E-12
   0.7328396E+01      0.1412822E-10
   0.7352463E+01      0.3966881E-12
   0.7376530E+01      0.3301878E-12
   0.7400597E+01      0.2098013E-12
   0.7424664E+01      0.1957524E-12
   0.7448731E+01      0.1806706E-12
   0.7472798E+01      0.1672319E-12
   0.7496865E+01      0.1797494E-12
   0.7520932E+01      0.1907302E-12
   0.7544998E+01      0.1899939E-12
   0.7569065E+01      0.2186885E-12
   0.7593132E+01      0.2271480E-12
   0.7617199E+01      0.2684395E-12
   0.7641266E+01      0.3154901E-12
   0.7665333E+01      0.3529509E-12
   0.7689400E+01      0.3852060E-12
   0.7713467E+01     -0.9205976E-11
   0.7737534E+01      0.6598598E-12
   0.7761601E+01      0.8268483E-12
   0.7785668E+01      0.1202271E-11
   0.7809735E+01      0.1832024E-11
   0.7833802E+01      0.3005946E-11
   0.7857869E+01      0.6401587E-11
   0.7881936E+01      0.2249268E-10
   0.7906003E+01      0.1746288E-08
   0.7930070E+01      0.3881646E-10
   0.7954137E+01      0.1028783E-10
   0.7978204E+01      0.1372074E-10
   0.8002271E+01      0.1147555E-08
   0.8026338E+01     -0.8374327E-10
   0.8050405E+01      0.2180096E-11
   0.8074472E+01     -0.3565320E-12
   0.8098539E+01     -0.1399731E-11
   0.8122606E+01     -0.5896227E-10
   0.8146673E+01     -0.4495272E-11
   0.8170740E+01     -0.5333340E-12
   0.8194807E+01     -0.3416354E-13
   0.8218874E+01      0.9969776E-13
   0.8242941E+01      0.1541378E-12
   0.8267008E+01      0.1742086E-12
   0.8291075E+01      0.1655432E-12
   0.8315142E+01      0.1798378E-12
   0.8339209E+01      0.1774150E-12
   0.8363276E+01      0.1748770E-12
   0.8387343E+01      0.1887134E-12
   0.8411410E+01      0.1935624E-12
   0.8435477E+01      0.2313772E-12
   0.8459544E+01      0.3639317E-12
   0.8483611E+01      0.1953646E-11
   0.8507678E+01      0.4685789E-11
   0.8531745E+01      0.5106629E-12
   0.8555812E+01      0.2474945E-12
   0.8579879E+01      0.1973303E-12
   0.8603946E+01      0.1653593E-12
   0.8628013E+01      0.1584504E-12
   0.8652080E+01      0.1481836E-12
   0.8676147E+01      0.1418182E-12
   0.8700214E+01      0.1036579E-12
   0.8724281E+01      0.3788259E-13
   0.8748348E+01     -0.7804926E-13
   0.8772415E+01     -0.2569229E-12
   0.8796481E+01     -0.1576764E-11
   0.8820548E+01     -0.1889607E-10
   0.8844615E+01      0.4207737E-09
   0.8868682E+01      0.2616481E-11
   0.8892749E+01      0.5451620E-12
   0.8916816E+01      0.3117604E-12
   0.8940883E+01      0.2217412E-12
   0.8964950E+01      0.2323743E-12
   0.8989017E+01      0.2386698E-12
   0.9013084E+01      0.2149591E-12
   0.9037151E+01      0.1874674E-12
   0.9061218E+01      0.7824302E-13
   0.9085285E+01     -0.2529722E-12
   0.9109352E+01     -0.1509533E-11
   0.9133419E+01     -0.1557991E-10
   0.9157486E+01     -0.3331037E-10
   0.9181553E+01     -0.2081095E-11
   0.9205620E+01      0.1645493E-13
   0.9229687E+01      0.5219413E-12
   0.9253754E+01      0.8244761E-12
   0.9277821E+01      0.1073795E-11
   0.9301888E+01      0.1338244E-11
   0.9325955E+01      0.1624571E-11
   0.9350022E+01      0.1973352E-11
   0.9374089E+01      0.2398003E-11
   0.9398156E+01      0.2963158E-11
   0.9422223E+01      0.3713695E-11
   0.9446290E+01      0.4751956E-11
   0.9470357E+01      0.6213348E-11
   0.9494424E+01      0.8392314E-11
   0.9518491E+01      0.1179961E-10
   0.9542558E+01      0.1751764E-10
   0.9566625E+01      0.2795579E-10
   0.9590692E+01      0.4980749E-10
   0.9614759E+01      0.1063569E-09
   0.9638826E+01      0.3261942E-09
   0.9662893E+01      0.3539836E-08
   0.9686960E+01     -0.4694743E-08
   0.9711027E+01      0.6186747E-08
   0.9735094E+01     -0.5051499E-08
   0.9759161E+01     -0.6193211E-09
   0.9783228E+01      0.3013181E-08
   0.9807295E+01      0.1139378E-08
   0.9831362E+01     -0.2451687E-09
   0.9855429E+01     -0.2193495E-07
   0.9879496E+01     -0.9160321E-09
   0.9903563E+01      0.3375791E-06
   0.9927630E+01      0.1605874E-10
   0.9951697E+01     -0.1997902E-10
   0.9975764E+01     -0.1050146E-10
   0.9999831E+01     -0.1556922E-11
 &
 @autoscale
 @target G3.S0
