 iscf   Eharris(eV)      E_KS(eV)   FreeEng(eV)    dHmax    dDmax   Ef(eV)
    1    -3670.9532    -3765.8601    -3765.8601  0.93867  0.00000 -4.92027
    2    -3707.0598    -3702.9569    -3702.9725  0.11745  0.00000 -2.78131
    3    -3706.2395    -3706.1822    -3706.1855  0.11703  0.00000 -3.03642
    4    -3706.8659    -3706.4355    -3706.4388  0.02048  0.00000 -3.59785
    5    -3706.9329    -3706.5607    -3706.5640  0.01555  0.00000 -3.66852
    6    -3706.9415    -3707.0114    -3707.0147  0.00385  0.00000 -3.50235
    7    -3706.9416    -3707.0714    -3707.0747  0.00269  0.00000 -3.49033
    8    -3706.9402    -3707.0013    -3707.0046  0.00141  0.00000 -3.51714
    9    -3706.9402    -3706.9834    -3706.9866  0.00153  0.00000 -3.51595
   10    -3706.9402    -3706.9415    -3706.9448  0.00115  0.00000 -3.51409
   11    -3706.9402    -3706.9360    -3706.9392  0.00088  0.00000 -3.51453
   12    -3706.9402    -3706.9405    -3706.9438  0.00031  0.00000 -3.51746
   13    -3706.9402    -3706.9426    -3706.9459  0.00014  0.00000 -3.51786
   14    -3706.9402    -3706.9429    -3706.9461  0.00007  0.00000 -3.51823
   15    -3706.9402    -3706.9426    -3706.9458  0.00008  0.00000 -3.51915
   16    -3706.9402    -3706.9425    -3706.9458  0.00007  0.00000 -3.51919
   17    -3706.9402    -3706.9420    -3706.9453  0.00003  0.00000 -3.51916
   18    -3706.9402    -3706.9415    -3706.9448  0.00003  0.00000 -3.51914
   19    -3706.9402    -3706.9404    -3706.9436  0.00002  0.00000 -3.51918
   20    -3706.9402    -3706.9403    -3706.9435  0.00001  0.00000 -3.51918
   21    -3706.9402    -3706.9402    -3706.9435  0.00001  0.00000 -3.51918
   22    -3706.9402    -3706.9402    -3706.9435  0.00000  0.00000 -3.51920
   23    -3706.9402    -3706.9402    -3706.9435  0.00000  0.00000 -3.51921
   24    -3706.9402    -3706.9402    -3706.9435  0.00000  0.00000 -3.51922
   25    -3706.9402    -3706.9402    -3706.9435  0.00000  0.00000 -3.51922
   26    -3706.9402    -3706.9402    -3706.9435  0.00000  0.00000 -3.51922
   27    -3706.9402    -3706.9402    -3706.9435  0.00000  0.00000 -3.51922
