cpu-bind=MASK - cn1152, task  0  0 [58246]: mask 0xffffffffffffffff set
-1.0999095290E+001
--------------------------------------------------------------------------
Open MPI failed an OFI Libfabric library call (fi_domain).  This is highly
unusual; your job may behave unpredictably (and/or abort) after this.

  Local host: cn1162
  Location: mtl_ofi_component.c:928
  Error: No data available (61)
--------------------------------------------------------------------------
[cn1152.scarf.rl.ac.uk:58286] 239 more processes have sent help message help-mtl-ofi.txt / OFI call fail
[cn1152.scarf.rl.ac.uk:58286] Set MCA parameter "orte_base_help_aggregate" to 0 to see all help / error messages
[1679309005.001415] [cn1152:58377:0]          mpool.c:43   UCX  WARN  object 0x53a6e80 was not returned to mpool ucp_requests
[1679309005.001442] [cn1152:58380:0]          mpool.c:43   UCX  WARN  object 0x66b3a80 was not returned to mpool ucp_requests
[1679309005.001593] [cn1152:58374:0]          mpool.c:43   UCX  WARN  object 0x6470e00 was not returned to mpool ucp_requests
[1679309005.003275] [cn1152:58368:0]          mpool.c:43   UCX  WARN  object 0x60b8780 was not returned to mpool ucp_requests
[1679309005.003321] [cn1152:58362:0]          mpool.c:43   UCX  WARN  object 0x68c3500 was not returned to mpool ucp_requests
[1679309005.003351] [cn1152:58372:0]          mpool.c:43   UCX  WARN  object 0xae21740 was not returned to mpool ucp_requests
[1679309005.003410] [cn1152:58354:0]          mpool.c:43   UCX  WARN  object 0xc0f1100 was not returned to mpool ucp_requests
[1679309005.003470] [cn1152:58366:0]          mpool.c:43   UCX  WARN  object 0xbf9a640 was not returned to mpool ucp_requests
[1679309005.003513] [cn1152:58357:0]          mpool.c:43   UCX  WARN  object 0x5b27180 was not returned to mpool ucp_requests
[1679309005.003517] [cn1152:58358:0]          mpool.c:43   UCX  WARN  object 0xb22e880 was not returned to mpool ucp_requests
cp: cannot stat ‘0V-VH_z-00.dat’: No such file or directory
cp: cannot stat ‘0V-VH_z-00.dat’: No such file or directory
cp: cannot stat ‘0V-RHO_z-00.dat’: No such file or directory
cp: cannot stat ‘0V-RHO_z-00.dat’: No such file or directory
