
  GRID BASED BADER ANALYSIS  (Version 0.28a 07/12/12)

  OPEN ... mx.RHO.cube         
  GAUSSIAN-STYLE INPUT FILE
  FFT-grid:   160 x 160 x 720
  CLOSE ... mx.RHO.cube         

  RUN TIME:    9.10 SECONDS

  CALCULATING BADER CHARGE DISTRIBUTION
                 0  10  25  50  75  100
  PERCENT DONE:  ********************** 

  REFINING AUTOMATICALLY
  ITERATION: 1
  EDGE POINTS:       7250839
  REASSIGNED POINTS:  795037
  ITERATION: 2
  CHECKED POINTS:    6226661
  REASSIGNED POINTS:   18762
  ITERATION: 3
  CHECKED POINTS:     191699
  REASSIGNED POINTS:    5671
  ITERATION: 4
  CHECKED POINTS:      45656
  REASSIGNED POINTS:    3114
  ITERATION: 5
  CHECKED POINTS:      19610
  REASSIGNED POINTS:    1815
  ITERATION: 6
  CHECKED POINTS:      10727
  REASSIGNED POINTS:    1319
  ITERATION: 7
  CHECKED POINTS:       7190
  REASSIGNED POINTS:     987
  ITERATION: 8
  CHECKED POINTS:       5268
  REASSIGNED POINTS:     595
  ITERATION: 9
  CHECKED POINTS:       3679
  REASSIGNED POINTS:     224
  ITERATION:10
  CHECKED POINTS:       2010
  REASSIGNED POINTS:      94
  ITERATION:11
  CHECKED POINTS:       1004
  REASSIGNED POINTS:      60
  ITERATION:12
  CHECKED POINTS:        745
  REASSIGNED POINTS:      56
  ITERATION:13
  CHECKED POINTS:        656
  REASSIGNED POINTS:      42
  ITERATION:14
  CHECKED POINTS:        534
  REASSIGNED POINTS:      27
  ITERATION:15
  CHECKED POINTS:        377
  REASSIGNED POINTS:      26
  ITERATION:16
  CHECKED POINTS:        371
  REASSIGNED POINTS:      28
  ITERATION:17
  CHECKED POINTS:        387
  REASSIGNED POINTS:      27
  ITERATION:18
  CHECKED POINTS:        362
  REASSIGNED POINTS:      31
  ITERATION:19
  CHECKED POINTS:        378
  REASSIGNED POINTS:      26
  ITERATION:20
  CHECKED POINTS:        319
  REASSIGNED POINTS:      15
  ITERATION:21
  CHECKED POINTS:        197
  REASSIGNED POINTS:      12
  ITERATION:22
  CHECKED POINTS:        181
  REASSIGNED POINTS:      13
  ITERATION:23
  CHECKED POINTS:        196
  REASSIGNED POINTS:       7
  ITERATION:24
  CHECKED POINTS:         91
  REASSIGNED POINTS:       8
  ITERATION:25
  CHECKED POINTS:        100
  REASSIGNED POINTS:       6
  ITERATION:26
  CHECKED POINTS:         64
  REASSIGNED POINTS:       5
  ITERATION:27
  CHECKED POINTS:         43
  REASSIGNED POINTS:       0

  RUN TIME:     542.17 SECONDS

  CALCULATING MINIMUM DISTANCES TO ATOMS
                 0  10  25  50  75  100
  PERCENT DONE:  **********************

  RUN TIME:   14.28 SECONDS

  WRITING BADER ATOMIC CHARGES TO ACF.dat
  WRITING BADER VOLUME CHARGES TO BCF.dat

  NUMBER OF BADER MAXIMA FOUND:        2729442
      SIGNIFICANT MAXIMA FOUND:           2342
           NUMBER OF ELECTRONS:     1222.98964
 
