 @target G0.S0
 @type xy
  -0.1000000E+02      0.1644052E-32
  -0.9975937E+01      0.8062301E-33
  -0.9951870E+01      0.4184292E-32
  -0.9927802E+01      0.2619345E-32
  -0.9903735E+01      0.1473716E-32
  -0.9879668E+01      0.2388441E-32
  -0.9855600E+01      0.2217089E-32
  -0.9831533E+01      0.1127050E-32
  -0.9807465E+01      0.8742277E-33
  -0.9783398E+01      0.1321732E-32
  -0.9759331E+01      0.1365757E-32
  -0.9735263E+01      0.0000000E+00
  -0.9711196E+01      0.1111842E-32
  -0.9687128E+01      0.2614487E-32
  -0.9663061E+01      0.4031876E-33
  -0.9638994E+01      0.2440015E-32
  -0.9614926E+01      0.1871420E-32
  -0.9590859E+01      0.3588427E-32
  -0.9566791E+01      0.9868188E-33
  -0.9542724E+01      0.0000000E+00
  -0.9518657E+01      0.1596013E-32
  -0.9494589E+01      0.1645433E-32
  -0.9470522E+01      0.6798641E-33
  -0.9446454E+01      0.1013208E-32
  -0.9422387E+01      0.2398840E-32
  -0.9398320E+01      0.7684900E-33
  -0.9374252E+01      0.2213699E-32
  -0.9350185E+01      0.2960603E-32
  -0.9326117E+01      0.7313934E-33
  -0.9302050E+01      0.1525386E-32
  -0.9277983E+01      0.8654918E-34
  -0.9253915E+01      0.2186251E-32
  -0.9229848E+01      0.1260346E-32
  -0.9205780E+01      0.3163122E-32
  -0.9181713E+01      0.8578999E-32
  -0.9157646E+01      0.5586794E-32
  -0.9133578E+01      0.1838838E-31
  -0.9109511E+01      0.2697781E-31
  -0.9085443E+01      0.5147474E-31
  -0.9061376E+01      0.4705696E-31
  -0.9037309E+01      0.4433942E-31
  -0.9013241E+01      0.2356711E-31
  -0.8989174E+01      0.5126227E-29
  -0.8965106E+01      0.0000000E+00
  -0.8941039E+01      0.1346073E-28
  -0.8916972E+01      0.1938957E-27
  -0.8892904E+01      0.1001598E-26
  -0.8868837E+01      0.0000000E+00
  -0.8844769E+01      0.6330639E-27
  -0.8820702E+01      0.2615823E-27
  -0.8796635E+01      0.1317102E-26
  -0.8772567E+01      0.4024066E-25
  -0.8748500E+01      0.1633327E-23
  -0.8724432E+01      0.9689959E-01
  -0.8700365E+01      0.1071770E+00
  -0.8676298E+01      0.1019329E+00
  -0.8652230E+01      0.9413869E-01
  -0.8628163E+01      0.8662685E-01
  -0.8604095E+01      0.8007598E-01
  -0.8580028E+01      0.7457972E-01
  -0.8555961E+01      0.7006543E-01
  -0.8531893E+01      0.6642351E-01
  -0.8507826E+01      0.6354954E-01
  -0.8483758E+01      0.6135721E-01
  -0.8459691E+01      0.5978149E-01
  -0.8435624E+01      0.5877864E-01
  -0.8411556E+01      0.5832608E-01
  -0.8387489E+01      0.5842325E-01
  -0.8363421E+01      0.5909436E-01
  -0.8339354E+01      0.6039463E-01
  -0.8315287E+01      0.6242238E-01
  -0.8291219E+01      0.6534297E-01
  -0.8267152E+01      0.6943868E-01
  -0.8243084E+01      0.7522569E-01
  -0.8219017E+01      0.8378186E-01
  -0.8194950E+01      0.9798069E-01
  -0.8170882E+01      0.1308936E+00
  -0.8146815E+01      0.2437659E+00
  -0.8122747E+01      0.5369521E+00
  -0.8098680E+01      0.5397987E+00
  -0.8074613E+01      0.5548008E+00
  -0.8050545E+01      0.5777081E+00
  -0.8026478E+01      0.6073255E+00
  -0.8002410E+01      0.6432381E+00
  -0.7978343E+01      0.6851417E+00
  -0.7954276E+01      0.7324798E+00
  -0.7930208E+01      0.7841078E+00
  -0.7906141E+01      0.8379223E+00
  -0.7882073E+01      0.8904979E+00
  -0.7858006E+01      0.9368921E+00
  -0.7833939E+01      0.9708690E+00
  -0.7809871E+01      0.9858810E+00
  -0.7785804E+01      0.9767013E+00
  -0.7761736E+01      0.9412487E+00
  -0.7737669E+01      0.8815231E+00
  -0.7713602E+01      0.8029308E+00
  -0.7689534E+01      0.7121463E+00
  -0.7665467E+01      0.6141085E+00
  -0.7641399E+01      0.5061722E+00
  -0.7617332E+01      0.3349166E+00
  -0.7593265E+01      0.6272816E+00
  -0.7569197E+01      0.4134362E+00
  -0.7545130E+01      0.4480020E+00
  -0.7521062E+01      0.4418928E+00
  -0.7496995E+01      0.4952107E+00
  -0.7472928E+01      0.8190329E+00
  -0.7448860E+01      0.1139765E+01
  -0.7424793E+01      0.5347074E+00
  -0.7400725E+01      0.3311333E+00
  -0.7376658E+01      0.2506106E+00
  -0.7352591E+01      0.2057074E+00
  -0.7328523E+01      0.1751039E+00
  -0.7304456E+01      0.1517826E+00
  -0.7280388E+01      0.1328139E+00
  -0.7256321E+01      0.1167317E+00
  -0.7232254E+01      0.1026839E+00
  -0.7208186E+01      0.9010717E-01
  -0.7184119E+01      0.7858482E-01
  -0.7160051E+01      0.6778245E-01
  -0.7135984E+01      0.5742589E-01
  -0.7111917E+01      0.4730580E-01
  -0.7087849E+01      0.3730342E-01
  -0.7063782E+01      0.2744778E-01
  -0.7039714E+01      0.1805940E-01
  -0.7015647E+01      0.1015358E-01
  -0.6991580E+01      0.6665275E-02
  -0.6967512E+01      0.1659117E-01
  -0.6943445E+01      0.7096649E-01
  -0.6919377E+01      0.2851102E+00
  -0.6895310E+01      0.8428009E+00
  -0.6871243E+01      0.9147807E+00
  -0.6847175E+01      0.5827424E+00
  -0.6823108E+01      0.3839444E+00
  -0.6799040E+01      0.2767999E+00
  -0.6774973E+01      0.2128255E+00
  -0.6750906E+01      0.1705818E+00
  -0.6726838E+01      0.1403436E+00
  -0.6702771E+01      0.1172684E+00
  -0.6678703E+01      0.9874368E-01
  -0.6654636E+01      0.8322672E-01
  -0.6630569E+01      0.6977329E-01
  -0.6606501E+01      0.5778120E-01
  -0.6582434E+01      0.4688794E-01
  -0.6558366E+01      0.3697848E-01
  -0.6534299E+01      0.2844456E-01
  -0.6510232E+01      0.2435024E-01
  -0.6486164E+01      0.1323884E-01
  -0.6462097E+01      0.2506735E-01
  -0.6438029E+01      0.1868132E+00
  -0.6413962E+01      0.5758144E-01
  -0.6389895E+01      0.2102267E+00
  -0.6365827E+01      0.4188709E+00
  -0.6341760E+01      0.3114479E+00
  -0.6317692E+01      0.3531737E+00
  -0.6293625E+01      0.5113940E+00
  -0.6269558E+01      0.4931721E+00
  -0.6245490E+01      0.8628997E+00
  -0.6221423E+01      0.9863453E+00
  -0.6197355E+01      0.1091070E+01
  -0.6173288E+01      0.6313929E+00
  -0.6149221E+01      0.6222189E+00
  -0.6125153E+01      0.5583742E+00
  -0.6101086E+01      0.8675428E+00
  -0.6077018E+01      0.3115830E+00
  -0.6052951E+01      0.1358169E+00
  -0.6028884E+01      0.1189480E+00
  -0.6004816E+01      0.1219924E+00
  -0.5980749E+01      0.1117642E+00
  -0.5956681E+01      0.1909443E+00
  -0.5932614E+01      0.2657427E+00
  -0.5908547E+01      0.6930104E+00
  -0.5884479E+01      0.9392087E+00
  -0.5860412E+01      0.6076185E+00
  -0.5836344E+01      0.4769258E+00
  -0.5812277E+01      0.2848234E+00
  -0.5788210E+01      0.1731344E+00
  -0.5764142E+01      0.2384837E+00
  -0.5740075E+01      0.3323291E+00
  -0.5716007E+01      0.4522819E+00
  -0.5691940E+01      0.5903819E+00
  -0.5667873E+01      0.7160770E+00
  -0.5643805E+01      0.9265604E+00
  -0.5619738E+01      0.8105962E+00
  -0.5595670E+01      0.7933454E+00
  -0.5571603E+01      0.8392688E+00
  -0.5547536E+01      0.9188146E+00
  -0.5523468E+01      0.9952420E+00
  -0.5499401E+01      0.1078359E+01
  -0.5475333E+01      0.1193372E+01
  -0.5451266E+01      0.1444044E+01
  -0.5427199E+01      0.1930630E+01
  -0.5403131E+01      0.1491654E+01
  -0.5379064E+01      0.1093167E+01
  -0.5354996E+01      0.9407181E+00
  -0.5330929E+01      0.1198632E+01
  -0.5306862E+01      0.1063087E+01
  -0.5282794E+01      0.8186097E+00
  -0.5258727E+01      0.6996403E+00
  -0.5234659E+01      0.2721353E+00
  -0.5210592E+01      0.2449290E+00
  -0.5186525E+01      0.2754606E+00
  -0.5162457E+01      0.3989594E+00
  -0.5138390E+01      0.5633531E+00
  -0.5114322E+01      0.8746706E+00
  -0.5090255E+01      0.6109761E+00
  -0.5066188E+01      0.5623633E+00
  -0.5042120E+01      0.9365185E-01
  -0.5018053E+01      0.5608018E-01
  -0.4993985E+01      0.2276320E+00
  -0.4969918E+01      0.3477494E+00
  -0.4945851E+01      0.6644750E+00
  -0.4921783E+01      0.9850069E+00
  -0.4897716E+01      0.8859784E+00
  -0.4873648E+01      0.8557592E+00
  -0.4849581E+01      0.1138291E+01
  -0.4825514E+01      0.1165226E+01
  -0.4801446E+01      0.6627151E+00
  -0.4777379E+01      0.3600674E+00
  -0.4753311E+01      0.3267325E+00
  -0.4729244E+01      0.1111365E+01
  -0.4705177E+01      0.8765157E+00
  -0.4681109E+01      0.5396659E+00
  -0.4657042E+01      0.9081662E+00
  -0.4632974E+01      0.1488236E+01
  -0.4608907E+01      0.1316881E+01
  -0.4584840E+01      0.1321146E+01
  -0.4560772E+01      0.1749329E+01
  -0.4536705E+01      0.1740854E+01
  -0.4512637E+01      0.1429734E+01
  -0.4488570E+01      0.1638309E+01
  -0.4464503E+01      0.1229918E+01
  -0.4440435E+01      0.1271783E+01
  -0.4416368E+01      0.1257072E+01
  -0.4392300E+01      0.1233497E+01
  -0.4368233E+01      0.1147401E+01
  -0.4344166E+01      0.1103192E+01
  -0.4320098E+01      0.9929585E+00
  -0.4296031E+01      0.9479465E+00
  -0.4271963E+01      0.5844314E+00
  -0.4247896E+01      0.7524926E+00
  -0.4223829E+01      0.6777875E+00
  -0.4199761E+01      0.6263232E+00
  -0.4175694E+01      0.4900923E+00
  -0.4151626E+01      0.3801164E+00
  -0.4127559E+01      0.3673060E+00
  -0.4103492E+01      0.3850357E+00
  -0.4079424E+01      0.4034344E+00
  -0.4055357E+01      0.2711039E+00
  -0.4031289E+01      0.1981714E+00
  -0.4007222E+01      0.1596134E+00
  -0.3983155E+01      0.1378792E+00
  -0.3959087E+01      0.8510605E-01
  -0.3935020E+01      0.2189072E-01
  -0.3910952E+01      0.3819149E+00
  -0.3886885E+01      0.1390524E+00
  -0.3862818E+01      0.8571120E-01
  -0.3838750E+01      0.6257723E-01
  -0.3814683E+01      0.6409905E-01
  -0.3790615E+01      0.6824358E+00
  -0.3766548E+01      0.8859529E+00
  -0.3742481E+01      0.5180292E+00
  -0.3718413E+01      0.8468271E+00
  -0.3694346E+01      0.6668111E+00
  -0.3670278E+01      0.5274597E+00
  -0.3646211E+01      0.5388807E+00
  -0.3622144E+01      0.4962456E+00
  -0.3598076E+01      0.4791604E+00
  -0.3574009E+01      0.4983975E+00
  -0.3549941E+01      0.5581270E+00
  -0.3525874E+01      0.6110799E+00
  -0.3501807E+01      0.6407586E+00
  -0.3477739E+01      0.6781882E+00
  -0.3453672E+01      0.7157996E+00
  -0.3429604E+01      0.7601193E+00
  -0.3405537E+01      0.9430797E+00
  -0.3381470E+01      0.1167453E+01
  -0.3357402E+01      0.1228980E+01
  -0.3333335E+01      0.1067055E+01
  -0.3309267E+01      0.9065541E+00
  -0.3285200E+01      0.7496788E+00
  -0.3261133E+01      0.6537748E+00
  -0.3237065E+01      0.5964379E+00
  -0.3212998E+01      0.6005739E+00
  -0.3188930E+01      0.7977630E+00
  -0.3164863E+01      0.9450624E+00
  -0.3140796E+01      0.9243760E+00
  -0.3116728E+01      0.8761343E+00
  -0.3092661E+01      0.8173362E+00
  -0.3068593E+01      0.7878478E+00
  -0.3044526E+01      0.7990300E+00
  -0.3020459E+01      0.8341810E+00
  -0.2996391E+01      0.8751240E+00
  -0.2972324E+01      0.9280520E+00
  -0.2948256E+01      0.9706789E+00
  -0.2924189E+01      0.9813374E+00
  -0.2900122E+01      0.9868279E+00
  -0.2876054E+01      0.9936183E+00
  -0.2851987E+01      0.9938654E+00
  -0.2827919E+01      0.9955567E+00
  -0.2803852E+01      0.9974758E+00
  -0.2779785E+01      0.9965323E+00
  -0.2755717E+01      0.9885788E+00
  -0.2731650E+01      0.3208993E+00
  -0.2707582E+01      0.8922860E-01
  -0.2683515E+01      0.8397754E-01
  -0.2659448E+01      0.1308437E+00
  -0.2635380E+01      0.1385158E+00
  -0.2611313E+01      0.1236651E+00
  -0.2587245E+01      0.1305013E+00
  -0.2563178E+01      0.1771035E+00
  -0.2539111E+01      0.2145147E+00
  -0.2515043E+01      0.2457426E+00
  -0.2490976E+01      0.2743144E+00
  -0.2466908E+01      0.3174859E+00
  -0.2442841E+01      0.3191817E+00
  -0.2418774E+01      0.3034086E+00
  -0.2394706E+01      0.2823000E+00
  -0.2370639E+01      0.2597260E+00
  -0.2346571E+01      0.2363163E+00
  -0.2322504E+01      0.2126468E+00
  -0.2298437E+01      0.1899256E+00
  -0.2274369E+01      0.1727451E+00
  -0.2250302E+01      0.1514845E+00
  -0.2226234E+01      0.1242726E+00
  -0.2202167E+01      0.1168419E+00
  -0.2178100E+01      0.1426683E+00
  -0.2154032E+01      0.1094494E+00
  -0.2129965E+01      0.1367392E+00
  -0.2105897E+01      0.1484450E+00
  -0.2081830E+01      0.1433441E+00
  -0.2057763E+01      0.1609651E+00
  -0.2033695E+01      0.1529135E+00
  -0.2009628E+01      0.1600953E+00
  -0.1985560E+01      0.1970743E+00
  -0.1961493E+01      0.2361999E+00
  -0.1937426E+01      0.2326567E+00
  -0.1913358E+01      0.2496351E+00
  -0.1889291E+01      0.2682040E+00
  -0.1865223E+01      0.2973295E+00
  -0.1841156E+01      0.3411656E+00
  -0.1817089E+01      0.4184096E+00
  -0.1793021E+01      0.4923104E+00
  -0.1768954E+01      0.5718726E+00
  -0.1744886E+01      0.6781999E+00
  -0.1720819E+01      0.7731416E+00
  -0.1696752E+01      0.8583269E+00
  -0.1672684E+01      0.9303263E+00
  -0.1648617E+01      0.9870089E+00
  -0.1624549E+01      0.1028109E+01
  -0.1600482E+01      0.1054804E+01
  -0.1576415E+01      0.1069245E+01
  -0.1552347E+01      0.1073779E+01
  -0.1528280E+01      0.1070803E+01
  -0.1504212E+01      0.1062549E+01
  -0.1480145E+01      0.1051066E+01
  -0.1456078E+01      0.1038198E+01
  -0.1432010E+01      0.1025548E+01
  -0.1407943E+01      0.1014436E+01
  -0.1383875E+01      0.1005859E+01
  -0.1359808E+01      0.1000468E+01
  -0.1335741E+01      0.9985453E+00
  -0.1311673E+01      0.9999770E+00
  -0.1287606E+01      0.1004178E+01
  -0.1263538E+01      0.1009954E+01
  -0.1239471E+01      0.1015272E+01
  -0.1215404E+01      0.1016914E+01
  -0.1191336E+01      0.1010028E+01
  -0.1167269E+01      0.9876667E+00
  -0.1143201E+01      0.9405571E+00
  -0.1119134E+01      0.8576040E+00
  -0.1095067E+01      0.7278302E+00
  -0.1070999E+01      0.5443971E+00
  -0.1046932E+01      0.3122631E+00
  -0.1022864E+01      0.8459000E-01
  -0.9987971E+00      0.5556159E+00
  -0.9747297E+00      0.6378901E+00
  -0.9506623E+00      0.6501405E+00
  -0.9265949E+00      0.6434969E+00
  -0.9025275E+00      0.6283368E+00
  -0.8784601E+00      0.6085374E+00
  -0.8543927E+00      0.5860083E+00
  -0.8303253E+00      0.5618663E+00
  -0.8062579E+00      0.5368443E+00
  -0.7821905E+00      0.5114599E+00
  -0.7581231E+00      0.4860949E+00
  -0.7340557E+00      0.4610370E+00
  -0.7099883E+00      0.4365036E+00
  -0.6859209E+00      0.4126568E+00
  -0.6618535E+00      0.3896142E+00
  -0.6377861E+00      0.3674570E+00
  -0.6137187E+00      0.3462366E+00
  -0.5896513E+00      0.3259799E+00
  -0.5655839E+00      0.3066937E+00
  -0.5415165E+00      0.2883691E+00
  -0.5174491E+00      0.2709841E+00
  -0.4933817E+00      0.2545068E+00
  -0.4693143E+00      0.2388970E+00
  -0.4452469E+00      0.2241084E+00
  -0.4211795E+00      0.2100893E+00
  -0.3971121E+00      0.1967833E+00
  -0.3730447E+00      0.1841291E+00
  -0.3489773E+00      0.1720598E+00
  -0.3249099E+00      0.1605007E+00
  -0.3008425E+00      0.1493654E+00
  -0.2767751E+00      0.1385487E+00
  -0.2527077E+00      0.1279124E+00
  -0.2286403E+00      0.1172575E+00
  -0.2045729E+00      0.1062597E+00
  -0.1805055E+00      0.9431019E-01
  -0.1564381E+00      0.7993255E-01
  -0.1323707E+00      0.5810975E-01
  -0.1083033E+00      0.2104325E+00
  -0.8423590E-01      0.1261989E+00
  -0.6016850E-01      0.1300538E+00
  -0.3610110E-01      0.1269075E+00
  -0.1203370E-01      0.1230656E+00
   0.1203370E-01      0.1189868E+00
   0.3610110E-01      0.1148196E+00
   0.6016850E-01      0.1106233E+00
   0.8423590E-01      0.1064160E+00
   0.1083033E+00      0.1021924E+00
   0.1323707E+00      0.9792930E-01
   0.1564381E+00      0.9358567E-01
   0.1805055E+00      0.8909948E-01
   0.2045729E+00      0.8538132E-01
   0.2286403E+00      0.7919589E-01
   0.2527077E+00      0.7333792E-01
   0.2767751E+00      0.6608065E-01
   0.3008425E+00      0.5509980E-01
   0.3249099E+00      0.6996798E-01
   0.3489773E+00      0.9363730E-01
   0.3730447E+00      0.1043025E+00
   0.3971121E+00      0.1107649E+00
   0.4211795E+00      0.1151460E+00
   0.4452469E+00      0.1182993E+00
   0.4693143E+00      0.1206609E+00
   0.4933817E+00      0.1224700E+00
   0.5174491E+00      0.1238803E+00
   0.5415165E+00      0.1249926E+00
   0.5655839E+00      0.1258766E+00
   0.5896513E+00      0.1265814E+00
   0.6137187E+00      0.1271466E+00
   0.6377861E+00      0.1275986E+00
   0.6618535E+00      0.1279600E+00
   0.6859209E+00      0.1282480E+00
   0.7099883E+00      0.1284769E+00
   0.7340557E+00      0.1286581E+00
   0.7581231E+00      0.1288012E+00
   0.7821905E+00      0.1289143E+00
   0.8062579E+00      0.1290042E+00
   0.8303253E+00      0.1290766E+00
   0.8543927E+00      0.1291363E+00
   0.8784601E+00      0.1291875E+00
   0.9025275E+00      0.1292336E+00
   0.9265949E+00      0.1292772E+00
   0.9506623E+00      0.1293206E+00
   0.9747297E+00      0.1293666E+00
   0.9987971E+00      0.1294244E+00
   0.1022864E+01      0.1292914E+00
   0.1046932E+01      0.1294483E+00
   0.1070999E+01      0.1294872E+00
   0.1095067E+01      0.1295064E+00
   0.1119134E+01      0.1295012E+00
   0.1143201E+01      0.1294593E+00
   0.1167269E+01      0.1293617E+00
   0.1191336E+01      0.1291799E+00
   0.1215404E+01      0.1288699E+00
   0.1239471E+01      0.1283620E+00
   0.1263538E+01      0.1275368E+00
   0.1287606E+01      0.1261712E+00
   0.1311673E+01      0.1237772E+00
   0.1335741E+01      0.1189234E+00
   0.1359808E+01      0.9959769E-01
   0.1383875E+01      0.1917071E+00
   0.1407943E+01      0.2049187E+00
   0.1432010E+01      0.2141901E+00
   0.1456078E+01      0.2227938E+00
   0.1480145E+01      0.2319755E+00
   0.1504212E+01      0.2431507E+00
   0.1528280E+01      0.2600567E+00
   0.1552347E+01      0.3377945E+00
   0.1576415E+01      0.2896022E+00
   0.1600482E+01      0.2646795E+00
   0.1624549E+01      0.2519613E+00
   0.1648617E+01      0.2446517E+00
   0.1672684E+01      0.2402402E+00
   0.1696752E+01      0.2374839E+00
   0.1720819E+01      0.2360557E+00
   0.1744886E+01      0.2354816E+00
   0.1768954E+01      0.2355820E+00
   0.1793021E+01      0.2362305E+00
   0.1817089E+01      0.2373415E+00
   0.1841156E+01      0.2388564E+00
   0.1865223E+01      0.2407345E+00
   0.1889291E+01      0.2429480E+00
   0.1913358E+01      0.2454781E+00
   0.1937426E+01      0.2483133E+00
   0.1961493E+01      0.2514487E+00
   0.1985560E+01      0.2548835E+00
   0.2009628E+01      0.2586224E+00
   0.2033695E+01      0.2626749E+00
   0.2057763E+01      0.2670557E+00
   0.2081830E+01      0.2717854E+00
   0.2105897E+01      0.2768919E+00
   0.2129965E+01      0.2824118E+00
   0.2154032E+01      0.2883929E+00
   0.2178100E+01      0.2948976E+00
   0.2202167E+01      0.3020078E+00
   0.2226234E+01      0.3098316E+00
   0.2250302E+01      0.3185129E+00
   0.2274369E+01      0.3282463E+00
   0.2298437E+01      0.3392956E+00
   0.2322504E+01      0.3520475E+00
   0.2346571E+01      0.3669982E+00
   0.2370639E+01      0.3849148E+00
   0.2394706E+01      0.4068957E+00
   0.2418774E+01      0.4345794E+00
   0.2442841E+01      0.4704398E+00
   0.2466908E+01      0.5182189E+00
   0.2490976E+01      0.5834201E+00
   0.2515043E+01      0.6732353E+00
   0.2539111E+01      0.7932328E+00
   0.2563178E+01      0.9334771E+00
   0.2587245E+01      0.1042809E+01
   0.2611313E+01      0.1057746E+01
   0.2635380E+01      0.1074994E+01
   0.2659448E+01      0.1548238E+01
   0.2683515E+01      0.1149557E+01
   0.2707582E+01      0.8086996E+00
   0.2731650E+01      0.7502808E+00
   0.2755717E+01      0.7767388E+00
   0.2779785E+01      0.8318928E+00
   0.2803852E+01      0.8893759E+00
   0.2827919E+01      0.9362559E+00
   0.2851987E+01      0.9690194E+00
   0.2876054E+01      0.9894769E+00
   0.2900122E+01      0.1001162E+01
   0.2924189E+01      0.1007308E+01
   0.2948256E+01      0.1010085E+01
   0.2972324E+01      0.1010199E+01
   0.2996391E+01      0.1004650E+01
   0.3020459E+01      0.9476902E+00
   0.3044526E+01      0.1001407E+01
   0.3068593E+01      0.1000809E+01
   0.3092661E+01      0.1007937E+01
   0.3116728E+01      0.9745594E+00
   0.3140796E+01      0.8680126E+00
   0.3164863E+01      0.8366655E+00
   0.3188930E+01      0.5655198E+00
   0.3212998E+01      0.3444358E+00
   0.3237065E+01      0.4807855E+00
   0.3261133E+01      0.9864301E+00
   0.3285200E+01      0.9617019E+00
   0.3309267E+01      0.9419079E+00
   0.3333335E+01      0.9281426E+00
   0.3357402E+01      0.9177752E+00
   0.3381470E+01      0.9128170E+00
   0.3405537E+01      0.9613938E+00
   0.3429604E+01      0.9831161E+00
   0.3453672E+01      0.1005945E+01
   0.3477739E+01      0.1008155E+01
   0.3501807E+01      0.1005098E+01
   0.3525874E+01      0.9900658E+00
   0.3549941E+01      0.9603652E+00
   0.3574009E+01      0.9121242E+00
   0.3598076E+01      0.8356636E+00
   0.3622144E+01      0.7217236E+00
   0.3646211E+01      0.6468852E+00
   0.3670278E+01      0.5244261E+00
   0.3694346E+01      0.7451929E+00
   0.3718413E+01      0.6701746E+00
   0.3742481E+01      0.6492197E+00
   0.3766548E+01      0.6348522E+00
   0.3790615E+01      0.6221996E+00
   0.3814683E+01      0.6102398E+00
   0.3838750E+01      0.5986829E+00
   0.3862818E+01      0.5874469E+00
   0.3886885E+01      0.5765195E+00
   0.3910952E+01      0.5659128E+00
   0.3935020E+01      0.5556464E+00
   0.3959087E+01      0.5457406E+00
   0.3983155E+01      0.5362137E+00
   0.4007222E+01      0.5270813E+00
   0.4031289E+01      0.5183561E+00
   0.4055357E+01      0.5100949E+00
   0.4079424E+01      0.5021652E+00
   0.4103492E+01      0.4947108E+00
   0.4127559E+01      0.4876888E+00
   0.4151626E+01      0.4811000E+00
   0.4175694E+01      0.4749448E+00
   0.4199761E+01      0.4692210E+00
   0.4223829E+01      0.4639259E+00
   0.4247896E+01      0.4590560E+00
   0.4271963E+01      0.4546078E+00
   0.4296031E+01      0.4505713E+00
   0.4320098E+01      0.4469456E+00
   0.4344166E+01      0.4437221E+00
   0.4368233E+01      0.4408937E+00
   0.4392300E+01      0.4384529E+00
   0.4416368E+01      0.4363918E+00
   0.4440435E+01      0.4347025E+00
   0.4464503E+01      0.4333773E+00
   0.4488570E+01      0.4324092E+00
   0.4512637E+01      0.4317928E+00
   0.4536705E+01      0.4315334E+00
   0.4560772E+01      0.4316158E+00
   0.4584840E+01      0.4320798E+00
   0.4608907E+01      0.4329729E+00
   0.4632974E+01      0.4344307E+00
   0.4657042E+01      0.4368230E+00
   0.4681109E+01      0.4414041E+00
   0.4705177E+01      0.4272827E+00
   0.4729244E+01      0.4167450E+00
   0.4753311E+01      0.4204150E+00
   0.4777379E+01      0.4294967E+00
   0.4801446E+01      0.4426736E+00
   0.4825514E+01      0.4590605E+00
   0.4849581E+01      0.4782640E+00
   0.4873648E+01      0.5001100E+00
   0.4897716E+01      0.5248859E+00
   0.4921783E+01      0.5561300E+00
   0.4945851E+01      0.5348937E+00
   0.4969918E+01      0.5316567E+00
   0.4993985E+01      0.5345510E+00
   0.5018053E+01      0.5408128E+00
   0.5042120E+01      0.5497026E+00
   0.5066188E+01      0.5610420E+00
   0.5090255E+01      0.5748389E+00
   0.5114322E+01      0.5910971E+00
   0.5138390E+01      0.6096596E+00
   0.5162457E+01      0.6300707E+00
   0.5186525E+01      0.6514910E+00
   0.5210592E+01      0.6727105E+00
   0.5234659E+01      0.6922888E+00
   0.5258727E+01      0.7087819E+00
   0.5282794E+01      0.7209859E+00
   0.5306862E+01      0.7281084E+00
   0.5330929E+01      0.7298302E+00
   0.5354996E+01      0.7262670E+00
   0.5379064E+01      0.7178658E+00
   0.5403131E+01      0.7052939E+00
   0.5427199E+01      0.6893312E+00
   0.5451266E+01      0.6707855E+00
   0.5475333E+01      0.6504308E+00
   0.5499401E+01      0.6289654E+00
   0.5523468E+01      0.6069881E+00
   0.5547536E+01      0.5849881E+00
   0.5571603E+01      0.5633451E+00
   0.5595670E+01      0.5423364E+00
   0.5619738E+01      0.5221485E+00
   0.5643805E+01      0.5028881E+00
   0.5667873E+01      0.4845930E+00
   0.5691940E+01      0.4672401E+00
   0.5716007E+01      0.4507481E+00
   0.5740075E+01      0.4349734E+00
   0.5764142E+01      0.4196937E+00
   0.5788210E+01      0.4045687E+00
   0.5812277E+01      0.3890492E+00
   0.5836344E+01      0.3721449E+00
   0.5860412E+01      0.3516678E+00
   0.5884479E+01      0.3194812E+00
   0.5908547E+01      0.2534085E+00
   0.5932614E+01      0.2421262E+00
   0.5956681E+01      0.2357101E+00
   0.5980749E+01      0.2315447E+00
   0.6004816E+01      0.2288607E+00
   0.6028884E+01      0.2273110E+00
   0.6052951E+01      0.2267095E+00
   0.6077018E+01      0.2269495E+00
   0.6101086E+01      0.2279691E+00
   0.6125153E+01      0.2297362E+00
   0.6149221E+01      0.2322396E+00
   0.6173288E+01      0.2354849E+00
   0.6197355E+01      0.2394918E+00
   0.6221423E+01      0.2442859E+00
   0.6245490E+01      0.2499360E+00
   0.6269558E+01      0.2564776E+00
   0.6293625E+01      0.2639915E+00
   0.6317692E+01      0.2725656E+00
   0.6341760E+01      0.2823044E+00
   0.6365827E+01      0.2933313E+00
   0.6389895E+01      0.3057947E+00
   0.6413962E+01      0.3198461E+00
   0.6438029E+01      0.3356975E+00
   0.6462097E+01      0.3535632E+00
   0.6486164E+01      0.3736936E+00
   0.6510232E+01      0.3963566E+00
   0.6534299E+01      0.4215243E+00
   0.6558366E+01      0.4510419E+00
   0.6582434E+01      0.4833573E+00
   0.6606501E+01      0.5196971E+00
   0.6630569E+01      0.5603225E+00
   0.6654636E+01      0.6054378E+00
   0.6678703E+01      0.6550532E+00
   0.6702771E+01      0.7088405E+00
   0.6726838E+01      0.7659461E+00
   0.6750906E+01      0.8247709E+00
   0.6774973E+01      0.8836127E+00
   0.6799040E+01      0.9391577E+00
   0.6823108E+01      0.9842810E+00
   0.6847175E+01      0.1014992E+01
   0.6871243E+01      0.1026931E+01
   0.6895310E+01      0.1017639E+01
   0.6919377E+01      0.9870654E+00
   0.6943445E+01      0.9378619E+00
   0.6967512E+01      0.8746999E+00
   0.6991580E+01      0.8031120E+00
   0.7015647E+01      0.7283494E+00
   0.7039714E+01      0.6546325E+00
   0.7063782E+01      0.5848815E+00
   0.7087849E+01      0.5208031E+00
   0.7111917E+01      0.4631519E+00
   0.7135984E+01      0.4120271E+00
   0.7160051E+01      0.3671258E+00
   0.7184119E+01      0.3279317E+00
   0.7208186E+01      0.2938409E+00
   0.7232254E+01      0.2642387E+00
   0.7256321E+01      0.2385434E+00
   0.7280388E+01      0.2162263E+00
   0.7304456E+01      0.1968197E+00
   0.7328523E+01      0.1799169E+00
   0.7352591E+01      0.1651681E+00
   0.7376658E+01      0.1522733E+00
   0.7400725E+01      0.1409827E+00
   0.7424793E+01      0.1310770E+00
   0.7448860E+01      0.1223759E+00
   0.7472928E+01      0.1147263E+00
   0.7496995E+01      0.1079986E+00
   0.7521062E+01      0.1020846E+00
   0.7545130E+01      0.9689346E-01
   0.7569197E+01      0.9235001E-01
   0.7593265E+01      0.8839260E-01
   0.7617332E+01      0.8497194E-01
   0.7641399E+01      0.8205033E-01
   0.7665467E+01      0.7960137E-01
   0.7689534E+01      0.7761048E-01
   0.7713602E+01      0.7607613E-01
   0.7737669E+01      0.7501241E-01
   0.7761736E+01      0.7445329E-01
   0.7785804E+01      0.7445982E-01
   0.7809871E+01      0.7513184E-01
   0.7833939E+01      0.7662767E-01
   0.7858006E+01      0.7919796E-01
   0.7882073E+01      0.8324576E-01
   0.7906141E+01      0.8943810E-01
   0.7930208E+01      0.9892402E-01
   0.7954276E+01      0.1137864E+00
   0.7978343E+01      0.1380437E+00
   0.8002410E+01      0.1800273E+00
   0.8026478E+01      0.2582949E+00
   0.8050545E+01      0.4149611E+00
   0.8074613E+01      0.7069068E+00
   0.8098680E+01      0.1034318E+01
   0.8122747E+01      0.8851388E+00
   0.8146815E+01      0.5723961E+00
   0.8170882E+01      0.3811861E+00
   0.8194950E+01      0.2794577E+00
   0.8219017E+01      0.2229810E+00
   0.8243084E+01      0.1897132E+00
   0.8267152E+01      0.1692498E+00
   0.8291219E+01      0.1564134E+00
   0.8315287E+01      0.1484544E+00
   0.8339354E+01      0.1438261E+00
   0.8363421E+01      0.1416182E+00
   0.8387489E+01      0.1412780E+00
   0.8411556E+01      0.1424654E+00
   0.8435624E+01      0.1449741E+00
   0.8459691E+01      0.1486917E+00
   0.8483758E+01      0.1535187E+00
   0.8507826E+01      0.1595178E+00
   0.8531893E+01      0.1666736E+00
   0.8555961E+01      0.1750533E+00
   0.8580028E+01      0.1847495E+00
   0.8604095E+01      0.1958842E+00
   0.8628163E+01      0.2086113E+00
   0.8652230E+01      0.2231185E+00
   0.8676298E+01      0.2396304E+00
   0.8700365E+01      0.2584130E+00
   0.8724432E+01      0.2797769E+00
   0.8748500E+01      0.3040816E+00
   0.8772567E+01      0.3317376E+00
   0.8796635E+01      0.3632059E+00
   0.8820702E+01      0.3989921E+00
   0.8844769E+01      0.4396319E+00
   0.8868837E+01      0.4856612E+00
   0.8892904E+01      0.5375670E+00
   0.8916972E+01      0.5957075E+00
   0.8941039E+01      0.6601973E+00
   0.8965106E+01      0.7307555E+00
   0.8989174E+01      0.8065296E+00
   0.9013241E+01      0.8859372E+00
   0.9037309E+01      0.9666009E+00
   0.9061376E+01      0.1045488E+01
   0.9085443E+01      0.1119364E+01
   0.9109511E+01      0.1185600E+01
   0.9133578E+01      0.1243228E+01
   0.9157646E+01      0.1294002E+01
   0.9181713E+01      0.1343172E+01
   0.9205780E+01      0.1399599E+01
   0.9229848E+01      0.1474354E+01
   0.9253915E+01      0.1574652E+01
   0.9277983E+01      0.1685864E+01
   0.9302050E+01      0.1742954E+01
   0.9326117E+01      0.1650684E+01
   0.9350185E+01      0.1389716E+01
   0.9374252E+01      0.1185265E+01
   0.9398320E+01      0.1037136E+01
   0.9422387E+01      0.9149589E+00
   0.9446454E+01      0.8163881E+00
   0.9470522E+01      0.7369873E+00
   0.9494589E+01      0.6726478E+00
   0.9518657E+01      0.6200574E+00
   0.9542724E+01      0.5766891E+00
   0.9566791E+01      0.5406459E+00
   0.9590859E+01      0.5105176E+00
   0.9614926E+01      0.4853333E+00
   0.9638994E+01      0.4661605E+00
   0.9663061E+01      0.4543904E+00
   0.9687128E+01      0.4643823E+00
   0.9711196E+01      0.4692725E+00
   0.9735263E+01      0.4739124E+00
   0.9759331E+01      0.4794189E+00
   0.9783398E+01      0.4862659E+00
   0.9807465E+01      0.4947108E+00
   0.9831533E+01      0.5048748E+00
   0.9855600E+01      0.5108217E+00
   0.9879668E+01      0.5320379E+00
   0.9903735E+01      0.5484285E+00
   0.9927802E+01      0.5672462E+00
   0.9951870E+01      0.5885288E+00
   0.9975937E+01      0.6123759E+00
   0.1000000E+02      0.6388954E+00
 &
 @autoscale
 @target G1.S0
