 @target G2.S0
 @type xy
  -0.1000000E+02      0.7409725E-13
  -0.9975937E+01     -0.4167133E-13
  -0.9951870E+01      0.4256982E-13
  -0.9927802E+01      0.2478298E-13
  -0.9903735E+01      0.2148056E-13
  -0.9879668E+01      0.5433553E-13
  -0.9855600E+01      0.1840562E-13
  -0.9831533E+01     -0.1969047E-13
  -0.9807465E+01      0.5292303E-13
  -0.9783398E+01      0.5505966E-13
  -0.9759331E+01      0.9786524E-14
  -0.9735263E+01      0.2646863E-13
  -0.9711196E+01      0.3171645E-13
  -0.9687128E+01     -0.5919486E-15
  -0.9663061E+01     -0.3015880E-13
  -0.9638994E+01     -0.8879175E-14
  -0.9614926E+01     -0.1007499E-13
  -0.9590859E+01      0.1411509E-13
  -0.9566791E+01      0.3867047E-14
  -0.9542724E+01     -0.2435551E-13
  -0.9518657E+01     -0.6084117E-13
  -0.9494589E+01      0.2028096E-13
  -0.9470522E+01      0.4779567E-14
  -0.9446454E+01      0.3674497E-14
  -0.9422387E+01     -0.5006669E-13
  -0.9398320E+01      0.3685926E-13
  -0.9374252E+01      0.6271697E-15
  -0.9350185E+01     -0.1061414E-13
  -0.9326117E+01     -0.2311440E-14
  -0.9302050E+01     -0.1273046E-13
  -0.9277983E+01     -0.2832513E-13
  -0.9253915E+01     -0.6144885E-13
  -0.9229848E+01      0.4160768E-13
  -0.9205780E+01      0.7932816E-14
  -0.9181713E+01     -0.4555235E-13
  -0.9157646E+01      0.6320932E-14
  -0.9133578E+01      0.2554901E-13
  -0.9109511E+01     -0.5339244E-13
  -0.9085443E+01     -0.2098991E-13
  -0.9061376E+01      0.4909495E-14
  -0.9037309E+01      0.2779143E-13
  -0.9013241E+01      0.4286499E-13
  -0.8989174E+01     -0.2229111E-13
  -0.8965106E+01      0.2386590E-13
  -0.8941039E+01      0.2656547E-13
  -0.8916972E+01      0.1671294E-13
  -0.8892904E+01     -0.4592924E-13
  -0.8868837E+01      0.4117759E-13
  -0.8844769E+01     -0.5284876E-13
  -0.8820702E+01      0.2942671E-13
  -0.8796635E+01     -0.3236778E-13
  -0.8772567E+01     -0.9059080E-13
  -0.8748500E+01      0.2134925E-11
  -0.8724432E+01      0.3844188E+00
  -0.8700365E+01      0.2024879E+00
  -0.8676298E+01      0.9307260E-01
  -0.8652230E+01      0.3456159E-01
  -0.8628163E+01      0.7823736E-02
  -0.8604095E+01      0.9593516E-03
  -0.8580028E+01      0.6389317E-02
  -0.8555961E+01      0.1908578E-01
  -0.8531893E+01      0.3560403E-01
  -0.8507826E+01      0.5353304E-01
  -0.8483758E+01      0.7116781E-01
  -0.8459691E+01      0.1309420E+00
  -0.8435624E+01      0.1516126E+00
  -0.8411556E+01      0.1679488E+00
  -0.8387489E+01      0.1794526E+00
  -0.8363421E+01      0.1911618E+00
  -0.8339354E+01      0.1250858E+00
  -0.8315287E+01      0.1228534E+00
  -0.8291219E+01      0.1176531E+00
  -0.8267152E+01      0.1098587E+00
  -0.8243084E+01      0.9998556E-01
  -0.8219017E+01      0.8880402E-01
  -0.8194950E+01      0.7794940E-01
  -0.8170882E+01      0.7623927E-01
  -0.8146815E+01      0.3823946E+01
  -0.8122747E+01      0.2908576E+00
  -0.8098680E+01      0.1066255E+00
  -0.8074613E+01      0.7122077E-01
  -0.8050545E+01      0.8794178E-01
  -0.8026478E+01      0.1242519E+00
  -0.8002410E+01      0.1649763E+00
  -0.7978343E+01      0.2021462E+00
  -0.7954276E+01      0.2314834E+00
  -0.7930208E+01      0.2508766E+00
  -0.7906141E+01      0.2596658E+00
  -0.7882073E+01      0.2583220E+00
  -0.7858006E+01      0.2483234E+00
  -0.7833939E+01      0.2320569E+00
  -0.7809871E+01      0.2125892E+00
  -0.7785804E+01      0.1931666E+00
  -0.7761736E+01      0.1765195E+00
  -0.7737669E+01      0.1642368E+00
  -0.7713602E+01      0.1565496E+00
  -0.7689534E+01      0.1526290E+00
  -0.7665467E+01      0.1512000E+00
  -0.7641399E+01      0.1515779E+00
  -0.7617332E+01      0.1690810E+00
  -0.7593265E+01      0.2688804E+00
  -0.7569197E+01      0.2195726E+00
  -0.7545130E+01      0.3291151E+00
  -0.7521062E+01      0.4024585E+00
  -0.7496995E+01      0.4321685E+00
  -0.7472928E+01      0.4176902E+00
  -0.7448860E+01      0.3845142E+00
  -0.7424793E+01      0.3705307E+00
  -0.7400725E+01      0.3390985E+00
  -0.7376658E+01      0.3084120E+00
  -0.7352591E+01      0.2858235E+00
  -0.7328523E+01      0.2743837E+00
  -0.7304456E+01      0.2750113E+00
  -0.7280388E+01      0.2872402E+00
  -0.7256321E+01      0.3091466E+00
  -0.7232254E+01      0.3370995E+00
  -0.7208186E+01      0.3653774E+00
  -0.7184119E+01      0.3862477E+00
  -0.7160051E+01      0.3912895E+00
  -0.7135984E+01      0.3742661E+00
  -0.7111917E+01      0.3343998E+00
  -0.7087849E+01      0.2777406E+00
  -0.7063782E+01      0.2153000E+00
  -0.7039714E+01      0.1591013E+00
  -0.7015647E+01      0.1185589E+00
  -0.6991580E+01      0.9869288E-01
  -0.6967512E+01      0.1001811E+00
  -0.6943445E+01      0.1204580E+00
  -0.6919377E+01      0.2529430E+00
  -0.6895310E+01      0.3276979E+00
  -0.6871243E+01      0.3611342E+00
  -0.6847175E+01      0.4012056E+00
  -0.6823108E+01      0.4105792E+00
  -0.6799040E+01      0.3518729E+00
  -0.6774973E+01      0.3754162E+00
  -0.6750906E+01      0.3892929E+00
  -0.6726838E+01      0.3934173E+00
  -0.6702771E+01      0.3882545E+00
  -0.6678703E+01      0.3746460E+00
  -0.6654636E+01      0.3538149E+00
  -0.6630569E+01      0.3272446E+00
  -0.6606501E+01      0.2967141E+00
  -0.6582434E+01      0.2643429E+00
  -0.6558366E+01      0.2327124E+00
  -0.6534299E+01      0.2052101E+00
  -0.6510232E+01      0.1907000E+00
  -0.6486164E+01      0.2920095E+00
  -0.6462097E+01      0.2100947E+00
  -0.6438029E+01      0.3157787E+00
  -0.6413962E+01      0.8345669E+00
  -0.6389895E+01      0.1297872E+01
  -0.6365827E+01      0.2622742E+01
  -0.6341760E+01      0.2341835E+01
  -0.6317692E+01      0.2029174E+01
  -0.6293625E+01      0.5721679E+01
  -0.6269558E+01      0.1776456E+01
  -0.6245490E+01      0.1148890E+01
  -0.6221423E+01      0.1284334E+01
  -0.6197355E+01      0.1346348E+01
  -0.6173288E+01      0.1073362E+01
  -0.6149221E+01      0.1273342E+01
  -0.6125153E+01      0.1461774E+01
  -0.6101086E+01      0.6174628E+01
  -0.6077018E+01      0.4912599E+01
  -0.6052951E+01      0.3745580E+01
  -0.6028884E+01      0.3278884E+01
  -0.6004816E+01      0.1610747E+01
  -0.5980749E+01      0.2029663E+01
  -0.5956681E+01      0.2519861E+00
  -0.5932614E+01      0.4567596E+00
  -0.5908547E+01      0.5692696E+00
  -0.5884479E+01      0.1122519E+01
  -0.5860412E+01      0.1176746E+01
  -0.5836344E+01      0.1074115E+01
  -0.5812277E+01      0.6784982E+00
  -0.5788210E+01      0.5390817E+00
  -0.5764142E+01      0.7096357E+00
  -0.5740075E+01      0.7968500E+00
  -0.5716007E+01      0.7238403E+00
  -0.5691940E+01      0.6728419E+00
  -0.5667873E+01      0.6344199E+00
  -0.5643805E+01      0.1767649E+01
  -0.5619738E+01      0.5691948E+00
  -0.5595670E+01      0.9747646E+00
  -0.5571603E+01      0.1084473E+01
  -0.5547536E+01      0.1362877E+01
  -0.5523468E+01      0.1462544E+01
  -0.5499401E+01      0.1447758E+01
  -0.5475333E+01      0.1346860E+01
  -0.5451266E+01      0.1183288E+01
  -0.5427199E+01      0.1022390E+01
  -0.5403131E+01      0.9398967E+00
  -0.5379064E+01      0.1233364E+01
  -0.5354996E+01      0.1191287E+01
  -0.5330929E+01      0.1459626E+01
  -0.5306862E+01      0.1227953E+01
  -0.5282794E+01      0.1083308E+01
  -0.5258727E+01      0.5922622E+00
  -0.5234659E+01      0.9455359E+00
  -0.5210592E+01      0.1420817E+01
  -0.5186525E+01      0.1422338E+01
  -0.5162457E+01      0.1387627E+01
  -0.5138390E+01      0.1329163E+01
  -0.5114322E+01      0.1442030E+01
  -0.5090255E+01      0.2275715E+01
  -0.5066188E+01      0.1020025E+01
  -0.5042120E+01      0.4439313E+00
  -0.5018053E+01      0.5379467E+00
  -0.4993985E+01      0.7189142E+00
  -0.4969918E+01      0.9722789E+00
  -0.4945851E+01      0.1171497E+01
  -0.4921783E+01      0.1624986E+01
  -0.4897716E+01      0.2965971E+01
  -0.4873648E+01      0.8282763E+00
  -0.4849581E+01      0.7847667E+00
  -0.4825514E+01      0.6740529E+00
  -0.4801446E+01      0.7783070E+00
  -0.4777379E+01      0.8307312E+00
  -0.4753311E+01      0.8642538E+00
  -0.4729244E+01      0.1454834E+01
  -0.4705177E+01      0.1480782E+01
  -0.4681109E+01      0.1058388E+01
  -0.4657042E+01      0.1094134E+01
  -0.4632974E+01      0.3674799E+01
  -0.4608907E+01      0.3173832E+01
  -0.4584840E+01      0.2216087E+01
  -0.4560772E+01      0.1873607E+01
  -0.4536705E+01      0.1414445E+01
  -0.4512637E+01      0.1485853E+01
  -0.4488570E+01      0.1393707E+01
  -0.4464503E+01      0.1960733E+01
  -0.4440435E+01      0.1721354E+01
  -0.4416368E+01      0.1847606E+01
  -0.4392300E+01      0.1763271E+01
  -0.4368233E+01      0.1872805E+01
  -0.4344166E+01      0.1734660E+01
  -0.4320098E+01      0.2007142E+01
  -0.4296031E+01      0.1802536E+01
  -0.4271963E+01      0.1895997E+01
  -0.4247896E+01      0.3224745E+01
  -0.4223829E+01      0.5517654E+01
  -0.4199761E+01      0.3679662E+01
  -0.4175694E+01      0.3879238E+01
  -0.4151626E+01      0.6891044E+01
  -0.4127559E+01      0.6178951E+01
  -0.4103492E+01      0.2150388E+01
  -0.4079424E+01      0.2107088E+01
  -0.4055357E+01      0.1841663E+01
  -0.4031289E+01      0.1740997E+01
  -0.4007222E+01      0.2265429E+01
  -0.3983155E+01      0.2084080E+01
  -0.3959087E+01      0.1813733E+01
  -0.3935020E+01      0.2144972E+01
  -0.3910952E+01      0.2232661E+01
  -0.3886885E+01      0.2004326E+01
  -0.3862818E+01      0.1438673E+01
  -0.3838750E+01      0.2158699E+01
  -0.3814683E+01      0.1891387E+01
  -0.3790615E+01      0.1838888E+01
  -0.3766548E+01      0.1648542E+01
  -0.3742481E+01      0.1101882E+01
  -0.3718413E+01      0.9293169E+00
  -0.3694346E+01      0.9442968E+00
  -0.3670278E+01      0.1603250E+01
  -0.3646211E+01      0.1363721E+01
  -0.3622144E+01      0.1084081E+01
  -0.3598076E+01      0.9533258E+00
  -0.3574009E+01      0.1093323E+01
  -0.3549941E+01      0.1270232E+01
  -0.3525874E+01      0.1400702E+01
  -0.3501807E+01      0.1474996E+01
  -0.3477739E+01      0.1502414E+01
  -0.3453672E+01      0.1578159E+01
  -0.3429604E+01      0.1852682E+01
  -0.3405537E+01      0.1793366E+01
  -0.3381470E+01      0.1219735E+01
  -0.3357402E+01      0.1049362E+01
  -0.3333335E+01      0.1154577E+01
  -0.3309267E+01      0.1482494E+01
  -0.3285200E+01      0.1552565E+01
  -0.3261133E+01      0.1747983E+01
  -0.3237065E+01      0.1846301E+01
  -0.3212998E+01      0.1653387E+01
  -0.3188930E+01      0.1951229E+01
  -0.3164863E+01      0.1888066E+01
  -0.3140796E+01      0.1737874E+01
  -0.3116728E+01      0.1821270E+01
  -0.3092661E+01      0.1735719E+01
  -0.3068593E+01      0.1648433E+01
  -0.3044526E+01      0.1714979E+01
  -0.3020459E+01      0.1712784E+01
  -0.2996391E+01      0.1789293E+01
  -0.2972324E+01      0.1831506E+01
  -0.2948256E+01      0.1366314E+01
  -0.2924189E+01      0.9069264E+00
  -0.2900122E+01      0.1004586E+01
  -0.2876054E+01      0.1098514E+01
  -0.2851987E+01      0.1150826E+01
  -0.2827919E+01      0.1110673E+01
  -0.2803852E+01      0.8470483E+00
  -0.2779785E+01      0.8521547E+00
  -0.2755717E+01      0.2562669E+01
  -0.2731650E+01      0.3331874E+01
  -0.2707582E+01      0.1203989E+01
  -0.2683515E+01      0.1014306E+01
  -0.2659448E+01      0.1013353E+01
  -0.2635380E+01      0.9922124E+00
  -0.2611313E+01      0.9190034E+00
  -0.2587245E+01      0.9549244E+00
  -0.2563178E+01      0.1163566E+01
  -0.2539111E+01      0.8687812E+00
  -0.2515043E+01      0.7353773E+00
  -0.2490976E+01      0.6702352E+00
  -0.2466908E+01      0.6134709E+00
  -0.2442841E+01      0.8521080E+00
  -0.2418774E+01      0.1057299E+01
  -0.2394706E+01      0.1306799E+01
  -0.2370639E+01      0.1515880E+01
  -0.2346571E+01      0.1399775E+01
  -0.2322504E+01      0.7551111E+00
  -0.2298437E+01      0.1123215E+01
  -0.2274369E+01      0.1278243E+01
  -0.2250302E+01      0.1462631E+01
  -0.2226234E+01      0.1556983E+01
  -0.2202167E+01      0.1698323E+01
  -0.2178100E+01      0.8287382E+00
  -0.2154032E+01      0.8624010E+00
  -0.2129965E+01      0.1230576E+01
  -0.2105897E+01      0.1616725E+01
  -0.2081830E+01      0.1382660E+01
  -0.2057763E+01      0.1507302E+01
  -0.2033695E+01      0.1401790E+01
  -0.2009628E+01      0.1614733E+01
  -0.1985560E+01      0.2985280E+01
  -0.1961493E+01      0.3696134E+01
  -0.1937426E+01      0.5468330E+01
  -0.1913358E+01      0.8626633E+01
  -0.1889291E+01      0.8150156E+01
  -0.1865223E+01      0.4063197E+01
  -0.1841156E+01      0.1583003E+01
  -0.1817089E+01      0.2603958E+01
  -0.1793021E+01      0.2646720E+01
  -0.1768954E+01      0.1351056E+00
  -0.1744886E+01      0.1289769E+00
  -0.1720819E+01      0.1255141E+00
  -0.1696752E+01      0.1227505E+00
  -0.1672684E+01      0.1206103E+00
  -0.1648617E+01      0.1190974E+00
  -0.1624549E+01      0.1181376E+00
  -0.1600482E+01      0.1177736E+00
  -0.1576415E+01      0.1177884E+00
  -0.1552347E+01      0.1181299E+00
  -0.1528280E+01      0.1186648E+00
  -0.1504212E+01      0.1192729E+00
  -0.1480145E+01      0.1198370E+00
  -0.1456078E+01      0.1202539E+00
  -0.1432010E+01      0.1204455E+00
  -0.1407943E+01      0.1203667E+00
  -0.1383875E+01      0.1200081E+00
  -0.1359808E+01      0.1193933E+00
  -0.1335741E+01      0.1185725E+00
  -0.1311673E+01      0.1176152E+00
  -0.1287606E+01      0.1166042E+00
  -0.1263538E+01      0.1156318E+00
  -0.1239471E+01      0.1147990E+00
  -0.1215404E+01      0.1142209E+00
  -0.1191336E+01      0.1140401E+00
  -0.1167269E+01      0.1144627E+00
  -0.1143201E+01      0.1158441E+00
  -0.1119134E+01      0.1189119E+00
  -0.1095067E+01      0.1253924E+00
  -0.1070999E+01      0.1400900E+00
  -0.1046932E+01      0.1803189E+00
  -0.1022864E+01      0.3615736E+00
  -0.9987971E+00      0.8113167E+00
  -0.9747297E+00      0.4291008E+00
  -0.9506623E+00      0.2855480E+00
  -0.9265949E+00      0.2165881E+00
  -0.9025275E+00      0.1828221E+00
  -0.8784601E+00      0.1679914E+00
  -0.8543927E+00      0.1638942E+00
  -0.8303253E+00      0.1659244E+00
  -0.8062579E+00      0.1713194E+00
  -0.7821905E+00      0.1783502E+00
  -0.7581231E+00      0.2824513E+00
  -0.7340557E+00      0.2910246E+00
  -0.7099883E+00      0.2988263E+00
  -0.6859209E+00      0.3054736E+00
  -0.6618535E+00      0.2703332E+00
  -0.6377861E+00      0.2139266E+00
  -0.6137187E+00      0.2162219E+00
  -0.5896513E+00      0.2173506E+00
  -0.5655839E+00      0.2173740E+00
  -0.5415165E+00      0.2163757E+00
  -0.5174491E+00      0.2144542E+00
  -0.4933817E+00      0.2117174E+00
  -0.4693143E+00      0.2082782E+00
  -0.4452469E+00      0.2042512E+00
  -0.4211795E+00      0.1997505E+00
  -0.3971121E+00      0.1948874E+00
  -0.3730447E+00      0.1897696E+00
  -0.3489773E+00      0.1845001E+00
  -0.3249099E+00      0.1791773E+00
  -0.3008425E+00      0.1738963E+00
  -0.2767751E+00      0.1687519E+00
  -0.2527077E+00      0.1638484E+00
  -0.2286403E+00      0.1593266E+00
  -0.2045729E+00      0.1554501E+00
  -0.1805055E+00      0.1529569E+00
  -0.1564381E+00      0.1548940E+00
  -0.1323707E+00      0.1869037E+00
  -0.1083033E+00      0.2487018E+01
  -0.8423590E-01      0.3518826E+00
  -0.6016850E-01      0.2232891E+00
  -0.3610110E-01      0.2208264E+00
  -0.1203370E-01      0.2537871E+00
   0.1203370E-01      0.2957123E+00
   0.3610110E-01      0.3353856E+00
   0.6016850E-01      0.3678492E+00
   0.8423590E-01      0.3912418E+00
   0.1083033E+00      0.4053648E+00
   0.1323707E+00      0.4109319E+00
   0.1564381E+00      0.4091448E+00
   0.1805055E+00      0.4014450E+00
   0.2045729E+00      0.3906316E+00
   0.2286403E+00      0.3744656E+00
   0.2527077E+00      0.3585725E+00
   0.2767751E+00      0.3442207E+00
   0.3008425E+00      0.3397981E+00
   0.3249099E+00      0.7590845E+00
   0.3489773E+00      0.6675099E+00
   0.3730447E+00      0.5496454E+00
   0.3971121E+00      0.4557324E+00
   0.4211795E+00      0.3843425E+00
   0.4452469E+00      0.3312804E+00
   0.4693143E+00      0.2929164E+00
   0.4933817E+00      0.2663401E+00
   0.5174491E+00      0.2492192E+00
   0.5415165E+00      0.2396473E+00
   0.5655839E+00      0.2360416E+00
   0.5896513E+00      0.2370723E+00
   0.6137187E+00      0.2416139E+00
   0.6377861E+00      0.2487135E+00
   0.6618535E+00      0.2575640E+00
   0.6859209E+00      0.2674859E+00
   0.7099883E+00      0.2779115E+00
   0.7340557E+00      0.2883718E+00
   0.7581231E+00      0.2984845E+00
   0.7821905E+00      0.4647446E+00
   0.8062579E+00      0.4773698E+00
   0.8303253E+00      0.4885406E+00
   0.8543927E+00      0.4980409E+00
   0.8784601E+00      0.4281112E+00
   0.9025275E+00      0.3390374E+00
   0.9265949E+00      0.3414121E+00
   0.9506623E+00      0.3424849E+00
   0.9747297E+00      0.3423097E+00
   0.9987971E+00      0.3409690E+00
   0.1022864E+01      0.3384843E+00
   0.1046932E+01      0.3351747E+00
   0.1070999E+01      0.3310216E+00
   0.1095067E+01      0.3262309E+00
   0.1119134E+01      0.3209853E+00
   0.1143201E+01      0.3154824E+00
   0.1167269E+01      0.3099343E+00
   0.1191336E+01      0.3045663E+00
   0.1215404E+01      0.2996169E+00
   0.1239471E+01      0.2953394E+00
   0.1263538E+01      0.2920126E+00
   0.1287606E+01      0.2899836E+00
   0.1311673E+01      0.2898731E+00
   0.1335741E+01      0.2940557E+00
   0.1359808E+01      0.3682052E+00
   0.1383875E+01      0.8740710E+00
   0.1407943E+01      0.6523546E+00
   0.1432010E+01      0.5307352E+00
   0.1456078E+01      0.4659741E+00
   0.1480145E+01      0.4379888E+00
   0.1504212E+01      0.4361266E+00
   0.1528280E+01      0.4530691E+00
   0.1552347E+01      0.3190409E+00
   0.1576415E+01      0.2440465E+00
   0.1600482E+01      0.2391680E+00
   0.1624549E+01      0.2451260E+00
   0.1648617E+01      0.2554515E+00
   0.1672684E+01      0.2674896E+00
   0.1696752E+01      0.2800588E+00
   0.1720819E+01      0.2923745E+00
   0.1744886E+01      0.3039151E+00
   0.1768954E+01      0.3143194E+00
   0.1793021E+01      0.3233420E+00
   0.1817089E+01      0.3308239E+00
   0.1841156E+01      0.3366724E+00
   0.1865223E+01      0.3408473E+00
   0.1889291E+01      0.3433503E+00
   0.1913358E+01      0.3442169E+00
   0.1937426E+01      0.3435094E+00
   0.1961493E+01      0.3413126E+00
   0.1985560E+01      0.3377286E+00
   0.2009628E+01      0.3328740E+00
   0.2033695E+01      0.3268770E+00
   0.2057763E+01      0.3198748E+00
   0.2081830E+01      0.3120117E+00
   0.2105897E+01      0.3034378E+00
   0.2129965E+01      0.2943068E+00
   0.2154032E+01      0.2847753E+00
   0.2178100E+01      0.2750013E+00
   0.2202167E+01      0.2651436E+00
   0.2226234E+01      0.2553604E+00
   0.2250302E+01      0.2458089E+00
   0.2274369E+01      0.2366450E+00
   0.2298437E+01      0.2280222E+00
   0.2322504E+01      0.3328694E+00
   0.2346571E+01      0.3220265E+00
   0.2370639E+01      0.3126680E+00
   0.2394706E+01      0.3050192E+00
   0.2418774E+01      0.2479476E+00
   0.2442841E+01      0.1965922E+00
   0.2466908E+01      0.1965101E+00
   0.2490976E+01      0.1986516E+00
   0.2515043E+01      0.2034597E+00
   0.2539111E+01      0.2112825E+00
   0.2563178E+01      0.2216138E+00
   0.2587245E+01      0.2315549E+00
   0.2611313E+01      0.2366432E+00
   0.2635380E+01      0.2371306E+00
   0.2659448E+01      0.2380808E+00
   0.2683515E+01      0.2430773E+00
   0.2707582E+01      0.2498583E+00
   0.2731650E+01      0.2572499E+00
   0.2755717E+01      0.2638560E+00
   0.2779785E+01      0.2688447E+00
   0.2803852E+01      0.2723437E+00
   0.2827919E+01      0.2751539E+00
   0.2851987E+01      0.2781940E+00
   0.2876054E+01      0.2821464E+00
   0.2900122E+01      0.2874315E+00
   0.2924189E+01      0.2943815E+00
   0.2948256E+01      0.3035220E+00
   0.2972324E+01      0.3161074E+00
   0.2996391E+01      0.3358465E+00
   0.3020459E+01      0.3688184E+00
   0.3044526E+01      0.2019506E+00
   0.3068593E+01      0.2163585E+00
   0.3092661E+01      0.2727324E+00
   0.3116728E+01      0.3553891E+00
   0.3140796E+01      0.6841986E+00
   0.3164863E+01      0.6693833E+00
   0.3188930E+01      0.4956342E+00
   0.3212998E+01      0.4591690E+00
   0.3237065E+01      0.4450894E+00
   0.3261133E+01      0.4002903E+00
   0.3285200E+01      0.4125103E+00
   0.3309267E+01      0.4150608E+00
   0.3333335E+01      0.4153679E+00
   0.3357402E+01      0.4132370E+00
   0.3381470E+01      0.3993767E+00
   0.3405537E+01      0.3439801E+00
   0.3429604E+01      0.3265341E+00
   0.3453672E+01      0.2756045E+00
   0.3477739E+01      0.2440803E+00
   0.3501807E+01      0.2374138E+00
   0.3525874E+01      0.2324269E+00
   0.3549941E+01      0.2277771E+00
   0.3574009E+01      0.2232315E+00
   0.3598076E+01      0.2282647E+00
   0.3622144E+01      0.2895277E+00
   0.3646211E+01      0.3145206E+00
   0.3670278E+01      0.4437313E+00
   0.3694346E+01      0.4320939E+00
   0.3718413E+01      0.3742619E+00
   0.3742481E+01      0.3698268E+00
   0.3766548E+01      0.3660023E+00
   0.3790615E+01      0.3622458E+00
   0.3814683E+01      0.3583265E+00
   0.3838750E+01      0.3541689E+00
   0.3862818E+01      0.5150538E+00
   0.3886885E+01      0.5082142E+00
   0.3910952E+01      0.5012482E+00
   0.3935020E+01      0.4942197E+00
   0.3959087E+01      0.4215399E+00
   0.3983155E+01      0.3252492E+00
   0.4007222E+01      0.3201918E+00
   0.4031289E+01      0.3152052E+00
   0.4055357E+01      0.3103371E+00
   0.4079424E+01      0.3056430E+00
   0.4103492E+01      0.3011598E+00
   0.4127559E+01      0.2969311E+00
   0.4151626E+01      0.2929943E+00
   0.4175694E+01      0.2893824E+00
   0.4199761E+01      0.2861245E+00
   0.4223829E+01      0.2832451E+00
   0.4247896E+01      0.2807646E+00
   0.4271963E+01      0.2787130E+00
   0.4296031E+01      0.2770532E+00
   0.4320098E+01      0.2758442E+00
   0.4344166E+01      0.2750691E+00
   0.4368233E+01      0.2747262E+00
   0.4392300E+01      0.2748094E+00
   0.4416368E+01      0.2753085E+00
   0.4440435E+01      0.2762088E+00
   0.4464503E+01      0.2774909E+00
   0.4488570E+01      0.2791303E+00
   0.4512637E+01      0.2810947E+00
   0.4536705E+01      0.2834155E+00
   0.4560772E+01      0.2858237E+00
   0.4584840E+01      0.2884251E+00
   0.4608907E+01      0.2909805E+00
   0.4632974E+01      0.2931070E+00
   0.4657042E+01      0.2937647E+00
   0.4681109E+01      0.2888077E+00
   0.4705177E+01      0.2245057E+00
   0.4729244E+01      0.2147650E+00
   0.4753311E+01      0.2138371E+00
   0.4777379E+01      0.2151038E+00
   0.4801446E+01      0.2175873E+00
   0.4825514E+01      0.2207319E+00
   0.4849581E+01      0.2243313E+00
   0.4873648E+01      0.2283459E+00
   0.4897716E+01      0.2330207E+00
   0.4921783E+01      0.2404876E+00
   0.4945851E+01      0.2840628E+00
   0.4969918E+01      0.3001675E+00
   0.4993985E+01      0.3125462E+00
   0.5018053E+01      0.3242133E+00
   0.5042120E+01      0.3362604E+00
   0.5066188E+01      0.3490117E+00
   0.5090255E+01      0.3621771E+00
   0.5114322E+01      0.3748812E+00
   0.5138390E+01      0.3857963E+00
   0.5162457E+01      0.3934440E+00
   0.5186525E+01      0.3965907E+00
   0.5210592E+01      0.3945809E+00
   0.5234659E+01      0.3874886E+00
   0.5258727E+01      0.3760708E+00
   0.5282794E+01      0.3615759E+00
   0.5306862E+01      0.3454878E+00
   0.5330929E+01      0.3292746E+00
   0.5354996E+01      0.3141972E+00
   0.5379064E+01      0.3012006E+00
   0.5403131E+01      0.4348809E+00
   0.5427199E+01      0.4242033E+00
   0.5451266E+01      0.4185658E+00
   0.5475333E+01      0.4176193E+00
   0.5499401E+01      0.3446825E+00
   0.5523468E+01      0.2822901E+00
   0.5547536E+01      0.2876029E+00
   0.5571603E+01      0.2944584E+00
   0.5595670E+01      0.3025034E+00
   0.5619738E+01      0.3114047E+00
   0.5643805E+01      0.3208531E+00
   0.5667873E+01      0.3305623E+00
   0.5691940E+01      0.3402650E+00
   0.5716007E+01      0.3497058E+00
   0.5740075E+01      0.3586304E+00
   0.5764142E+01      0.3667673E+00
   0.5788210E+01      0.3737969E+00
   0.5812277E+01      0.3792904E+00
   0.5836344E+01      0.3825670E+00
   0.5860412E+01      0.3822581E+00
   0.5884479E+01      0.3737498E+00
   0.5908547E+01      0.3488072E+00
   0.5932614E+01      0.3479185E+00
   0.5956681E+01      0.3470712E+00
   0.5980749E+01      0.3456551E+00
   0.6004816E+01      0.3435463E+00
   0.6028884E+01      0.3407255E+00
   0.6052951E+01      0.3372128E+00
   0.6077018E+01      0.3330477E+00
   0.6101086E+01      0.3282807E+00
   0.6125153E+01      0.3229698E+00
   0.6149221E+01      0.3171775E+00
   0.6173288E+01      0.3109693E+00
   0.6197355E+01      0.3044128E+00
   0.6221423E+01      0.2975750E+00
   0.6245490E+01      0.2905285E+00
   0.6269558E+01      0.2833371E+00
   0.6293625E+01      0.2760694E+00
   0.6317692E+01      0.2687910E+00
   0.6341760E+01      0.2615655E+00
   0.6365827E+01      0.2544558E+00
   0.6389895E+01      0.2475603E+00
   0.6413962E+01      0.2407878E+00
   0.6438029E+01      0.2343612E+00
   0.6462097E+01      0.2282613E+00
   0.6486164E+01      0.2225357E+00
   0.6510232E+01      0.2172237E+00
   0.6534299E+01      0.2123080E+00
   0.6558366E+01      0.2080606E+00
   0.6582434E+01      0.2042010E+00
   0.6606501E+01      0.2008921E+00
   0.6630569E+01      0.1981364E+00
   0.6654636E+01      0.1959358E+00
   0.6678703E+01      0.1942801E+00
   0.6702771E+01      0.1931440E+00
   0.6726838E+01      0.1924840E+00
   0.6750906E+01      0.1922416E+00
   0.6774973E+01      0.1998417E+00
   0.6799040E+01      0.2193333E+00
   0.6823108E+01      0.2290380E+00
   0.6847175E+01      0.2361220E+00
   0.6871243E+01      0.2415850E+00
   0.6895310E+01      0.2460108E+00
   0.6919377E+01      0.2497102E+00
   0.6943445E+01      0.3962400E+00
   0.6967512E+01      0.4031260E+00
   0.6991580E+01      0.4093805E+00
   0.7015647E+01      0.4150819E+00
   0.7039714E+01      0.3362527E+00
   0.7063782E+01      0.2661842E+00
   0.7087849E+01      0.2682651E+00
   0.7111917E+01      0.2700044E+00
   0.7135984E+01      0.2713495E+00
   0.7160051E+01      0.2722850E+00
   0.7184119E+01      0.2728405E+00
   0.7208186E+01      0.2730917E+00
   0.7232254E+01      0.2731561E+00
   0.7256321E+01      0.2731835E+00
   0.7280388E+01      0.2733432E+00
   0.7304456E+01      0.2738097E+00
   0.7328523E+01      0.2747488E+00
   0.7352591E+01      0.2763052E+00
   0.7376658E+01      0.2785916E+00
   0.7400725E+01      0.2816952E+00
   0.7424793E+01      0.2856486E+00
   0.7448860E+01      0.2904589E+00
   0.7472928E+01      0.2960955E+00
   0.7496995E+01      0.3024979E+00
   0.7521062E+01      0.3095817E+00
   0.7545130E+01      0.3172437E+00
   0.7569197E+01      0.3253681E+00
   0.7593265E+01      0.3338315E+00
   0.7617332E+01      0.3425078E+00
   0.7641399E+01      0.3512721E+00
   0.7665467E+01      0.3600036E+00
   0.7689534E+01      0.3685888E+00
   0.7713602E+01      0.3769226E+00
   0.7737669E+01      0.3849103E+00
   0.7761736E+01      0.3924681E+00
   0.7785804E+01      0.3995235E+00
   0.7809871E+01      0.4060157E+00
   0.7833939E+01      0.4118951E+00
   0.7858006E+01      0.4171233E+00
   0.7882073E+01      0.4216722E+00
   0.7906141E+01      0.4255233E+00
   0.7930208E+01      0.4286667E+00
   0.7954276E+01      0.4310976E+00
   0.7978343E+01      0.4328110E+00
   0.8002410E+01      0.4337840E+00
   0.8026478E+01      0.4339209E+00
   0.8050545E+01      0.4328675E+00
   0.8074613E+01      0.4279751E+00
   0.8098680E+01      0.4233479E+00
   0.8122747E+01      0.4190379E+00
   0.8146815E+01      0.4175940E+00
   0.8170882E+01      0.4158467E+00
   0.8194950E+01      0.4131545E+00
   0.8219017E+01      0.4096751E+00
   0.8243084E+01      0.4055854E+00
   0.8267152E+01      0.4010106E+00
   0.8291219E+01      0.3960407E+00
   0.8315287E+01      0.3907452E+00
   0.8339354E+01      0.3851814E+00
   0.8363421E+01      0.3793991E+00
   0.8387489E+01      0.3734429E+00
   0.8411556E+01      0.3673534E+00
   0.8435624E+01      0.3611694E+00
   0.8459691E+01      0.3549382E+00
   0.8483758E+01      0.5065837E+00
   0.8507826E+01      0.4974657E+00
   0.8531893E+01      0.4884560E+00
   0.8555961E+01      0.4796088E+00
   0.8580028E+01      0.3873559E+00
   0.8604095E+01      0.3177336E+00
   0.8628163E+01      0.3118226E+00
   0.8652230E+01      0.3060475E+00
   0.8676298E+01      0.3004256E+00
   0.8700365E+01      0.2949729E+00
   0.8724432E+01      0.2897046E+00
   0.8748500E+01      0.2846351E+00
   0.8772567E+01      0.2797786E+00
   0.8796635E+01      0.2751495E+00
   0.8820702E+01      0.2707625E+00
   0.8844769E+01      0.2666334E+00
   0.8868837E+01      0.2627794E+00
   0.8892904E+01      0.2592199E+00
   0.8916972E+01      0.2559766E+00
   0.8941039E+01      0.2530736E+00
   0.8965106E+01      0.2505374E+00
   0.8989174E+01      0.2483953E+00
   0.9013241E+01      0.2466738E+00
   0.9037309E+01      0.2453956E+00
   0.9061376E+01      0.2445774E+00
   0.9085443E+01      0.2442284E+00
   0.9109511E+01      0.2443552E+00
   0.9133578E+01      0.2449727E+00
   0.9157646E+01      0.2461261E+00
   0.9181713E+01      0.2479232E+00
   0.9205780E+01      0.2505783E+00
   0.9229848E+01      0.2544563E+00
   0.9253915E+01      0.2600528E+00
   0.9277983E+01      0.2676744E+00
   0.9302050E+01      0.2765097E+00
   0.9326117E+01      0.2842613E+00
   0.9350185E+01      0.2918063E+00
   0.9374252E+01      0.3137253E+00
   0.9398320E+01      0.3197558E+00
   0.9422387E+01      0.3254010E+00
   0.9446454E+01      0.3313939E+00
   0.9470522E+01      0.3377422E+00
   0.9494589E+01      0.3443889E+00
   0.9518657E+01      0.3513220E+00
   0.9542724E+01      0.3585936E+00
   0.9566791E+01      0.3663360E+00
   0.9590859E+01      0.3748155E+00
   0.9614926E+01      0.3846494E+00
   0.9638994E+01      0.3990341E+00
   0.9663061E+01      0.4364336E+00
   0.9687128E+01      0.4721280E+00
   0.9711196E+01      0.4955179E+00
   0.9735263E+01      0.5141946E+00
   0.9759331E+01      0.5300411E+00
   0.9783398E+01      0.5438850E+00
   0.9807465E+01      0.5561954E+00
   0.9831533E+01      0.5673591E+00
   0.9855600E+01      0.5883974E+00
   0.9879668E+01      0.5850290E+00
   0.9903735E+01      0.5932288E+00
   0.9927802E+01      0.6004302E+00
   0.9951870E+01      0.6068217E+00
   0.9975937E+01      0.6124724E+00
   0.1000000E+02      0.6174260E+00
 &
 @autoscale
 @target G3.S0
