 @target G3.S0
 @type xy
  -0.1000000E+02      0.3322412E-13
  -0.9975937E+01     -0.9490598E-14
  -0.9951870E+01      0.3243025E-15
  -0.9927802E+01     -0.5451710E-13
  -0.9903735E+01      0.1161981E-13
  -0.9879668E+01      0.2955026E-13
  -0.9855600E+01      0.1507282E-13
  -0.9831533E+01     -0.1642424E-13
  -0.9807465E+01      0.9724955E-14
  -0.9783398E+01     -0.3829896E-13
  -0.9759331E+01      0.2617003E-13
  -0.9735263E+01      0.2201700E-14
  -0.9711196E+01      0.2211113E-13
  -0.9687128E+01      0.1068628E-14
  -0.9663061E+01     -0.6037830E-13
  -0.9638994E+01      0.3395569E-13
  -0.9614926E+01     -0.3126173E-13
  -0.9590859E+01      0.1640591E-13
  -0.9566791E+01      0.3243237E-13
  -0.9542724E+01      0.1290288E-13
  -0.9518657E+01     -0.1465379E-13
  -0.9494589E+01     -0.4120544E-13
  -0.9470522E+01     -0.3322668E-13
  -0.9446454E+01     -0.3572093E-13
  -0.9422387E+01     -0.2612409E-14
  -0.9398320E+01     -0.1823091E-13
  -0.9374252E+01     -0.5931026E-13
  -0.9350185E+01     -0.7876893E-13
  -0.9326117E+01     -0.1800083E-13
  -0.9302050E+01      0.6332122E-13
  -0.9277983E+01     -0.1881530E-13
  -0.9253915E+01     -0.8003968E-13
  -0.9229848E+01      0.5996658E-13
  -0.9205780E+01     -0.5582230E-13
  -0.9181713E+01     -0.3748110E-13
  -0.9157646E+01     -0.2980379E-13
  -0.9133578E+01     -0.4813160E-13
  -0.9109511E+01      0.4875664E-13
  -0.9085443E+01     -0.1576695E-13
  -0.9061376E+01     -0.6309897E-13
  -0.9037309E+01      0.1486897E-12
  -0.9013241E+01     -0.2387453E-12
  -0.8989174E+01     -0.1213247E-12
  -0.8965106E+01      0.1364576E-12
  -0.8941039E+01     -0.7259201E-13
  -0.8916972E+01      0.1085900E-12
  -0.8892904E+01      0.2002695E-12
  -0.8868837E+01     -0.4037940E-12
  -0.8844769E+01     -0.5453170E-12
  -0.8820702E+01      0.1658274E-12
  -0.8796635E+01      0.3859288E-13
  -0.8772567E+01     -0.2173345E-11
  -0.8748500E+01     -0.1045772E-09
  -0.8724432E+01      0.4133387E+01
  -0.8700365E+01      0.2848652E+01
  -0.8676298E+01      0.2317576E+01
  -0.8652230E+01      0.2011058E+01
  -0.8628163E+01      0.1806668E+01
  -0.8604095E+01      0.1658784E+01
  -0.8580028E+01      0.1546007E+01
  -0.8555961E+01      0.1456785E+01
  -0.8531893E+01      0.1384256E+01
  -0.8507826E+01      0.1324045E+01
  -0.8483758E+01      0.1273210E+01
  -0.8459691E+01      0.1229684E+01
  -0.8435624E+01      0.1191963E+01
  -0.8411556E+01      0.1158921E+01
  -0.8387489E+01      0.1129690E+01
  -0.8363421E+01      0.1103593E+01
  -0.8339354E+01      0.1080088E+01
  -0.8315287E+01      0.1058738E+01
  -0.8291219E+01      0.1039185E+01
  -0.8267152E+01      0.1021135E+01
  -0.8243084E+01      0.1004347E+01
  -0.8219017E+01      0.9886201E+00
  -0.8194950E+01      0.9737900E+00
  -0.8170882E+01      0.9597219E+00
  -0.8146815E+01      0.1077959E+03
  -0.8122747E+01      0.9750385E+01
  -0.8098680E+01      0.7194828E+01
  -0.8074613E+01      0.6060037E+01
  -0.8050545E+01      0.5383672E+01
  -0.8026478E+01      0.4922856E+01
  -0.8002410E+01      0.4583761E+01
  -0.7978343E+01      0.4321479E+01
  -0.7954276E+01      0.4111469E+01
  -0.7930208E+01      0.3939042E+01
  -0.7906141E+01      0.3794796E+01
  -0.7882073E+01      0.3672398E+01
  -0.7858006E+01      0.3567402E+01
  -0.7833939E+01      0.3476579E+01
  -0.7809871E+01      0.3397514E+01
  -0.7785804E+01      0.3328353E+01
  -0.7761736E+01      0.3267642E+01
  -0.7737669E+01      0.3214211E+01
  -0.7713602E+01      0.3167099E+01
  -0.7689534E+01      0.3125504E+01
  -0.7665467E+01      0.3088736E+01
  -0.7641399E+01      0.3056198E+01
  -0.7617332E+01      0.3027358E+01
  -0.7593265E+01      0.3001738E+01
  -0.7569197E+01      0.2305817E+02
  -0.7545130E+01      0.9235302E+01
  -0.7521062E+01      0.7492694E+01
  -0.7496995E+01      0.6681520E+01
  -0.7472928E+01      0.6192042E+01
  -0.7448860E+01      0.5860237E+01
  -0.7424793E+01      0.5621051E+01
  -0.7400725E+01      0.5443011E+01
  -0.7376658E+01      0.5308911E+01
  -0.7352591E+01      0.5208503E+01
  -0.7328523E+01      0.5135187E+01
  -0.7304456E+01      0.5084252E+01
  -0.7280388E+01      0.5051734E+01
  -0.7256321E+01      0.5033520E+01
  -0.7232254E+01      0.5024627E+01
  -0.7208186E+01      0.5018810E+01
  -0.7184119E+01      0.5008896E+01
  -0.7160051E+01      0.4988137E+01
  -0.7135984E+01      0.4952237E+01
  -0.7111917E+01      0.4900832E+01
  -0.7087849E+01      0.4837273E+01
  -0.7063782E+01      0.4766906E+01
  -0.7039714E+01      0.4695098E+01
  -0.7015647E+01      0.4626035E+01
  -0.6991580E+01      0.4562425E+01
  -0.6967512E+01      0.4505730E+01
  -0.6943445E+01      0.4456552E+01
  -0.6919377E+01      0.4414977E+01
  -0.6895310E+01      0.4380831E+01
  -0.6871243E+01      0.4353830E+01
  -0.6847175E+01      0.4333678E+01
  -0.6823108E+01      0.4320116E+01
  -0.6799040E+01      0.4312950E+01
  -0.6774973E+01      0.4312069E+01
  -0.6750906E+01      0.4317444E+01
  -0.6726838E+01      0.4329145E+01
  -0.6702771E+01      0.4347338E+01
  -0.6678703E+01      0.4372299E+01
  -0.6654636E+01      0.4404429E+01
  -0.6630569E+01      0.4444269E+01
  -0.6606501E+01      0.4492533E+01
  -0.6582434E+01      0.4550142E+01
  -0.6558366E+01      0.4618286E+01
  -0.6534299E+01      0.4698505E+01
  -0.6510232E+01      0.4792813E+01
  -0.6486164E+01      0.4903886E+01
  -0.6462097E+01      0.5035359E+01
  -0.6438029E+01      0.5192330E+01
  -0.6413962E+01      0.4771033E+02
  -0.6389895E+01      0.2088415E+02
  -0.6365827E+01      0.4577568E+02
  -0.6341760E+01      0.3262087E+02
  -0.6317692E+01      0.2858827E+02
  -0.6293625E+01      0.2750340E+02
  -0.6269558E+01      0.4803270E+02
  -0.6245490E+01      0.2770338E+02
  -0.6221423E+01      0.2512028E+02
  -0.6197355E+01      0.2387284E+02
  -0.6173288E+01      0.2341097E+02
  -0.6149221E+01      0.2366087E+02
  -0.6125153E+01      0.2490941E+02
  -0.6101086E+01      0.9256262E+02
  -0.6077018E+01      0.3299125E+03
  -0.6052951E+01      0.5507669E+02
  -0.6028884E+01      0.5907146E+02
  -0.6004816E+01      0.2702539E+02
  -0.5980749E+01      0.3823056E+02
  -0.5956681E+01      0.1053628E+02
  -0.5932614E+01      0.1658961E+02
  -0.5908547E+01      0.1462942E+02
  -0.5884479E+01      0.2625310E+02
  -0.5860412E+01      0.2073534E+02
  -0.5836344E+01      0.2505673E+02
  -0.5812277E+01      0.1277853E+02
  -0.5788210E+01      0.1212164E+02
  -0.5764142E+01      0.3874841E+02
  -0.5740075E+01      0.1823730E+02
  -0.5716007E+01      0.1669900E+02
  -0.5691940E+01      0.1648097E+02
  -0.5667873E+01      0.1880157E+02
  -0.5643805E+01      0.1111962E+02
  -0.5619738E+01      0.1078677E+02
  -0.5595670E+01      0.1983624E+02
  -0.5571603E+01      0.4135222E+02
  -0.5547536E+01      0.2536024E+02
  -0.5523468E+01      0.2177196E+02
  -0.5499401E+01      0.1996569E+02
  -0.5475333E+01      0.1886063E+02
  -0.5451266E+01      0.1813479E+02
  -0.5427199E+01      0.1765782E+02
  -0.5403131E+01      0.1737287E+02
  -0.5379064E+01      0.1726355E+02
  -0.5354996E+01      0.1735146E+02
  -0.5330929E+01      0.2534699E+02
  -0.5306862E+01      0.2540460E+02
  -0.5282794E+01      0.3361177E+02
  -0.5258727E+01      0.1375664E+02
  -0.5234659E+01      0.7227628E+02
  -0.5210592E+01      0.2177332E+02
  -0.5186525E+01      0.1944166E+02
  -0.5162457E+01      0.1900899E+02
  -0.5138390E+01      0.1945023E+02
  -0.5114322E+01      0.2091664E+02
  -0.5090255E+01      0.2524808E+02
  -0.5066188E+01      0.3393641E+02
  -0.5042120E+01      0.1110054E+02
  -0.5018053E+01      0.1141966E+02
  -0.4993985E+01      0.1861295E+02
  -0.4969918E+01      0.1615761E+02
  -0.4945851E+01      0.3378331E+02
  -0.4921783E+01      0.2979617E+02
  -0.4897716E+01      0.6512880E+02
  -0.4873648E+01      0.1454165E+02
  -0.4849581E+01      0.1382849E+02
  -0.4825514E+01      0.1340356E+02
  -0.4801446E+01      0.1319283E+02
  -0.4777379E+01      0.1318127E+02
  -0.4753311E+01      0.1340712E+02
  -0.4729244E+01      0.2377656E+02
  -0.4705177E+01      0.2347442E+02
  -0.4681109E+01      0.1119253E+02
  -0.4657042E+01      0.1240845E+02
  -0.4632974E+01      0.1620485E+02
  -0.4608907E+01      0.5606215E+02
  -0.4584840E+01      0.7046916E+02
  -0.4560772E+01      0.2398117E+02
  -0.4536705E+01      0.1927414E+02
  -0.4512637E+01      0.1713194E+02
  -0.4488570E+01      0.1591382E+02
  -0.4464503E+01      0.7682897E+02
  -0.4440435E+01      0.3149876E+02
  -0.4416368E+01      0.3392591E+02
  -0.4392300E+01      0.3023451E+02
  -0.4368233E+01      0.2875346E+02
  -0.4344166E+01      0.2841394E+02
  -0.4320098E+01      0.5769901E+02
  -0.4296031E+01      0.3340507E+02
  -0.4271963E+01      0.3125730E+02
  -0.4247896E+01      0.4944225E+02
  -0.4223829E+01      0.1089115E+03
  -0.4199761E+01      0.7662723E+02
  -0.4175694E+01      0.8758593E+02
  -0.4151626E+01      0.8184040E+02
  -0.4127559E+01      0.1882367E+03
  -0.4103492E+01      0.3972288E+02
  -0.4079424E+01      0.3707211E+02
  -0.4055357E+01      0.3594399E+02
  -0.4031289E+01      0.3650838E+02
  -0.4007222E+01      0.5842111E+02
  -0.3983155E+01      0.3643778E+02
  -0.3959087E+01      0.5099344E+02
  -0.3935020E+01      0.2578412E+02
  -0.3910952E+01      0.2814526E+02
  -0.3886885E+01      0.3528529E+02
  -0.3862818E+01      0.3855851E+02
  -0.3838750E+01      0.3286687E+02
  -0.3814683E+01      0.1954622E+02
  -0.3790615E+01      0.2004919E+02
  -0.3766548E+01      0.2250100E+02
  -0.3742481E+01      0.1429578E+02
  -0.3718413E+01      0.1429492E+02
  -0.3694346E+01      0.1443346E+02
  -0.3670278E+01      0.1479136E+02
  -0.3646211E+01      0.3389356E+02
  -0.3622144E+01      0.3240347E+02
  -0.3598076E+01      0.2314231E+02
  -0.3574009E+01      0.2236230E+02
  -0.3549941E+01      0.2191731E+02
  -0.3525874E+01      0.2514067E+02
  -0.3501807E+01      0.2348010E+02
  -0.3477739E+01      0.2280649E+02
  -0.3453672E+01      0.2224499E+02
  -0.3429604E+01      0.3645274E+02
  -0.3405537E+01      0.2757186E+02
  -0.3381470E+01      0.2571464E+02
  -0.3357402E+01      0.2480946E+02
  -0.3333335E+01      0.3258250E+02
  -0.3309267E+01      0.3048787E+02
  -0.3285200E+01      0.4664272E+02
  -0.3261133E+01      0.3703554E+02
  -0.3237065E+01      0.4982912E+02
  -0.3212998E+01      0.2620125E+02
  -0.3188930E+01      0.2602587E+02
  -0.3164863E+01      0.2637649E+02
  -0.3140796E+01      0.2790165E+02
  -0.3116728E+01      0.3511585E+02
  -0.3092661E+01      0.3226664E+02
  -0.3068593E+01      0.3429910E+02
  -0.3044526E+01      0.4019724E+02
  -0.3020459E+01      0.3583876E+02
  -0.2996391E+01      0.3028880E+02
  -0.2972324E+01      0.2981441E+02
  -0.2948256E+01      0.3815565E+02
  -0.2924189E+01      0.2245646E+02
  -0.2900122E+01      0.2236347E+02
  -0.2876054E+01      0.2271291E+02
  -0.2851987E+01      0.2390929E+02
  -0.2827919E+01      0.2838741E+02
  -0.2803852E+01      0.1651875E+02
  -0.2779785E+01      0.1703038E+02
  -0.2755717E+01      0.6201070E+02
  -0.2731650E+01      0.3783563E+02
  -0.2707582E+01      0.1773993E+02
  -0.2683515E+01      0.1727980E+02
  -0.2659448E+01      0.1732253E+02
  -0.2635380E+01      0.1800241E+02
  -0.2611313E+01      0.2111913E+02
  -0.2587245E+01      0.1298983E+02
  -0.2563178E+01      0.2365327E+02
  -0.2539111E+01      0.1932874E+02
  -0.2515043E+01      0.1862773E+02
  -0.2490976E+01      0.1916213E+02
  -0.2466908E+01      0.1578521E+02
  -0.2442841E+01      0.1930479E+02
  -0.2418774E+01      0.1851261E+02
  -0.2394706E+01      0.1878104E+02
  -0.2370639E+01      0.1991366E+02
  -0.2346571E+01      0.2505308E+02
  -0.2322504E+01      0.1428885E+02
  -0.2298437E+01      0.1449651E+02
  -0.2274369E+01      0.1487945E+02
  -0.2250302E+01      0.1570629E+02
  -0.2226234E+01      0.3282847E+02
  -0.2202167E+01      0.1620847E+02
  -0.2178100E+01      0.1560832E+02
  -0.2154032E+01      0.1554026E+02
  -0.2129965E+01      0.1569097E+02
  -0.2105897E+01      0.3635910E+02
  -0.2081830E+01      0.3166680E+02
  -0.2057763E+01      0.3029071E+02
  -0.2033695E+01      0.3013623E+02
  -0.2009628E+01      0.3076269E+02
  -0.1985560E+01      0.4553521E+02
  -0.1961493E+01      0.5427714E+02
  -0.1937426E+01      0.7278722E+02
  -0.1913358E+01      0.9809829E+02
  -0.1889291E+01      0.1238909E+03
  -0.1865223E+01      0.6813264E+02
  -0.1841156E+01      0.1861271E+02
  -0.1817089E+01      0.2993133E+02
  -0.1793021E+01      0.3754334E+02
  -0.1768954E+01      0.2334253E+01
  -0.1744886E+01      0.2299003E+01
  -0.1720819E+01      0.2264470E+01
  -0.1696752E+01      0.2230701E+01
  -0.1672684E+01      0.2197734E+01
  -0.1648617E+01      0.2165603E+01
  -0.1624549E+01      0.2134333E+01
  -0.1600482E+01      0.2103944E+01
  -0.1576415E+01      0.2074446E+01
  -0.1552347E+01      0.2045848E+01
  -0.1528280E+01      0.2018149E+01
  -0.1504212E+01      0.1991345E+01
  -0.1480145E+01      0.1965424E+01
  -0.1456078E+01      0.1940375E+01
  -0.1432010E+01      0.1916180E+01
  -0.1407943E+01      0.1892820E+01
  -0.1383875E+01      0.1870272E+01
  -0.1359808E+01      0.1848513E+01
  -0.1335741E+01      0.1827518E+01
  -0.1311673E+01      0.1807261E+01
  -0.1287606E+01      0.1787716E+01
  -0.1263538E+01      0.1768857E+01
  -0.1239471E+01      0.1750656E+01
  -0.1215404E+01      0.1733088E+01
  -0.1191336E+01      0.1716126E+01
  -0.1167269E+01      0.1699746E+01
  -0.1143201E+01      0.1683922E+01
  -0.1119134E+01      0.1668630E+01
  -0.1095067E+01      0.1653848E+01
  -0.1070999E+01      0.1639552E+01
  -0.1046932E+01      0.1625722E+01
  -0.1022864E+01      0.1612336E+01
  -0.9987971E+00      0.1375195E+02
  -0.9747297E+00      0.7907893E+01
  -0.9506623E+00      0.6254743E+01
  -0.9265949E+00      0.5396105E+01
  -0.9025275E+00      0.4853696E+01
  -0.8784601E+00      0.4474715E+01
  -0.8543927E+00      0.4192889E+01
  -0.8303253E+00      0.3974154E+01
  -0.8062579E+00      0.3798972E+01
  -0.7821905E+00      0.3655242E+01
  -0.7581231E+00      0.3535024E+01
  -0.7340557E+00      0.3432875E+01
  -0.7099883E+00      0.3344929E+01
  -0.6859209E+00      0.3268356E+01
  -0.6618535E+00      0.3201039E+01
  -0.6377861E+00      0.3141356E+01
  -0.6137187E+00      0.3088047E+01
  -0.5896513E+00      0.3040112E+01
  -0.5655839E+00      0.2996754E+01
  -0.5415165E+00      0.2957324E+01
  -0.5174491E+00      0.2921289E+01
  -0.4933817E+00      0.2888209E+01
  -0.4693143E+00      0.2857717E+01
  -0.4452469E+00      0.2829503E+01
  -0.4211795E+00      0.2803303E+01
  -0.3971121E+00      0.2778893E+01
  -0.3730447E+00      0.2756080E+01
  -0.3489773E+00      0.2734695E+01
  -0.3249099E+00      0.2714594E+01
  -0.3008425E+00      0.2695650E+01
  -0.2767751E+00      0.2677750E+01
  -0.2527077E+00      0.2660796E+01
  -0.2286403E+00      0.2644699E+01
  -0.2045729E+00      0.2629383E+01
  -0.1805055E+00      0.2614776E+01
  -0.1564381E+00      0.2600817E+01
  -0.1323707E+00      0.2587449E+01
  -0.1083033E+00      0.2574621E+01
  -0.8423590E-01      0.3018289E+02
  -0.6016850E-01      0.1118847E+02
  -0.3610110E-01      0.8744024E+01
  -0.1203370E-01      0.7596175E+01
   0.1203370E-01      0.6894499E+01
   0.3610110E-01      0.6408890E+01
   0.6016850E-01      0.6047404E+01
   0.8423590E-01      0.5765052E+01
   0.1083033E+00      0.5536836E+01
   0.1323707E+00      0.5347592E+01
   0.1564381E+00      0.5187502E+01
   0.1805055E+00      0.5049889E+01
   0.2045729E+00      0.4932963E+01
   0.2286403E+00      0.4824466E+01
   0.2527077E+00      0.4730617E+01
   0.2767751E+00      0.4646495E+01
   0.3008425E+00      0.4570547E+01
   0.3249099E+00      0.1284006E+02
   0.3489773E+00      0.8901806E+01
   0.3730447E+00      0.7817024E+01
   0.3971121E+00      0.7239815E+01
   0.4211795E+00      0.6861141E+01
   0.4452469E+00      0.6584853E+01
   0.4693143E+00      0.6369895E+01
   0.4933817E+00      0.6195340E+01
   0.5174491E+00      0.6049216E+01
   0.5415165E+00      0.5924094E+01
   0.5655839E+00      0.5815070E+01
   0.5896513E+00      0.5718754E+01
   0.6137187E+00      0.5632709E+01
   0.6377861E+00      0.5555131E+01
   0.6618535E+00      0.5484652E+01
   0.6859209E+00      0.5420209E+01
   0.7099883E+00      0.5360966E+01
   0.7340557E+00      0.5306255E+01
   0.7581231E+00      0.5255534E+01
   0.7821905E+00      0.5208364E+01
   0.8062579E+00      0.5164383E+01
   0.8303253E+00      0.5123296E+01
   0.8543927E+00      0.5084859E+01
   0.8784601E+00      0.5048873E+01
   0.9025275E+00      0.5015178E+01
   0.9265949E+00      0.4983648E+01
   0.9506623E+00      0.4954189E+01
   0.9747297E+00      0.4926733E+01
   0.9987971E+00      0.4901241E+01
   0.1022864E+01      0.4877714E+01
   0.1046932E+01      0.4856128E+01
   0.1070999E+01      0.4836573E+01
   0.1095067E+01      0.4819115E+01
   0.1119134E+01      0.4803876E+01
   0.1143201E+01      0.4791022E+01
   0.1167269E+01      0.4780779E+01
   0.1191336E+01      0.4773443E+01
   0.1215404E+01      0.4769404E+01
   0.1239471E+01      0.4769175E+01
   0.1263538E+01      0.4773439E+01
   0.1287606E+01      0.4783113E+01
   0.1311673E+01      0.4799456E+01
   0.1335741E+01      0.4824236E+01
   0.1359808E+01      0.4860017E+01
   0.1383875E+01      0.1125999E+02
   0.1407943E+01      0.9427482E+01
   0.1432010E+01      0.8719397E+01
   0.1456078E+01      0.8398980E+01
   0.1480145E+01      0.8326392E+01
   0.1504212E+01      0.8546123E+01
   0.1528280E+01      0.9517689E+01
   0.1552347E+01      0.5348819E+01
   0.1576415E+01      0.5218498E+01
   0.1600482E+01      0.5107263E+01
   0.1624549E+01      0.5010633E+01
   0.1648617E+01      0.4925470E+01
   0.1672684E+01      0.4849511E+01
   0.1696752E+01      0.4781067E+01
   0.1720819E+01      0.4718857E+01
   0.1744886E+01      0.4661888E+01
   0.1768954E+01      0.4609374E+01
   0.1793021E+01      0.4560686E+01
   0.1817089E+01      0.4515312E+01
   0.1841156E+01      0.4472833E+01
   0.1865223E+01      0.4432902E+01
   0.1889291E+01      0.4395228E+01
   0.1913358E+01      0.4359563E+01
   0.1937426E+01      0.4325700E+01
   0.1961493E+01      0.4293460E+01
   0.1985560E+01      0.4262689E+01
   0.2009628E+01      0.4233254E+01
   0.2033695E+01      0.4205039E+01
   0.2057763E+01      0.4177945E+01
   0.2081830E+01      0.4151883E+01
   0.2105897E+01      0.4126776E+01
   0.2129965E+01      0.4102557E+01
   0.2154032E+01      0.4079168E+01
   0.2178100E+01      0.4056556E+01
   0.2202167E+01      0.4034677E+01
   0.2226234E+01      0.4013491E+01
   0.2250302E+01      0.3992966E+01
   0.2274369E+01      0.3973074E+01
   0.2298437E+01      0.3953790E+01
   0.2322504E+01      0.3935096E+01
   0.2346571E+01      0.3916978E+01
   0.2370639E+01      0.3899426E+01
   0.2394706E+01      0.3882436E+01
   0.2418774E+01      0.3866007E+01
   0.2442841E+01      0.3850146E+01
   0.2466908E+01      0.3834863E+01
   0.2490976E+01      0.3820178E+01
   0.2515043E+01      0.3806116E+01
   0.2539111E+01      0.3792714E+01
   0.2563178E+01      0.3780018E+01
   0.2587245E+01      0.3768091E+01
   0.2611313E+01      0.3757011E+01
   0.2635380E+01      0.3746881E+01
   0.2659448E+01      0.3737833E+01
   0.2683515E+01      0.3730042E+01
   0.2707582E+01      0.3723736E+01
   0.2731650E+01      0.3719220E+01
   0.2755717E+01      0.3716915E+01
   0.2779785E+01      0.3717402E+01
   0.2803852E+01      0.3721519E+01
   0.2827919E+01      0.3730508E+01
   0.2851987E+01      0.3746283E+01
   0.2876054E+01      0.3771963E+01
   0.2900122E+01      0.3812974E+01
   0.2924189E+01      0.3879664E+01
   0.2948256E+01      0.3994561E+01
   0.2972324E+01      0.4218369E+01
   0.2996391E+01      0.4800424E+01
   0.3020459E+01      0.1976375E+02
   0.3044526E+01      0.1935063E+01
   0.3068593E+01      0.1941809E+01
   0.3092661E+01      0.7175436E+01
   0.3116728E+01      0.4560342E+01
   0.3140796E+01      0.7351288E+01
   0.3164863E+01      0.5900136E+01
   0.3188930E+01      0.5289464E+01
   0.3212998E+01      0.4936070E+01
   0.3237065E+01      0.4709348E+01
   0.3261133E+01      0.4562188E+01
   0.3285200E+01      0.7384359E+01
   0.3309267E+01      0.6667197E+01
   0.3333335E+01      0.6463799E+01
   0.3357402E+01      0.6548386E+01
   0.3381470E+01      0.7822999E+01
   0.3405537E+01      0.5690684E+01
   0.3429604E+01      0.6451242E+01
   0.3453672E+01      0.5402966E+01
   0.3477739E+01      0.2909226E+01
   0.3501807E+01      0.2868052E+01
   0.3525874E+01      0.2831870E+01
   0.3549941E+01      0.2799622E+01
   0.3574009E+01      0.2770548E+01
   0.3598076E+01      0.2744089E+01
   0.3622144E+01      0.4501417E+01
   0.3646211E+01      0.3891426E+01
   0.3670278E+01      0.3714151E+01
   0.3694346E+01      0.3618159E+01
   0.3718413E+01      0.5126596E+01
   0.3742481E+01      0.4678790E+01
   0.3766548E+01      0.4492938E+01
   0.3790615E+01      0.4381116E+01
   0.3814683E+01      0.4302117E+01
   0.3838750E+01      0.4241013E+01
   0.3862818E+01      0.4190955E+01
   0.3886885E+01      0.4148321E+01
   0.3910952E+01      0.4111004E+01
   0.3935020E+01      0.4077689E+01
   0.3959087E+01      0.4047510E+01
   0.3983155E+01      0.4019878E+01
   0.4007222E+01      0.3994372E+01
   0.4031289E+01      0.3970691E+01
   0.4055357E+01      0.3948614E+01
   0.4079424E+01      0.3927970E+01
   0.4103492E+01      0.3908640E+01
   0.4127559E+01      0.3890532E+01
   0.4151626E+01      0.3873580E+01
   0.4175694E+01      0.3857741E+01
   0.4199761E+01      0.3842988E+01
   0.4223829E+01      0.3829314E+01
   0.4247896E+01      0.3816726E+01
   0.4271963E+01      0.3805249E+01
   0.4296031E+01      0.3794924E+01
   0.4320098E+01      0.3785814E+01
   0.4344166E+01      0.3778006E+01
   0.4368233E+01      0.3771617E+01
   0.4392300E+01      0.3766804E+01
   0.4416368E+01      0.3763775E+01
   0.4440435E+01      0.3762815E+01
   0.4464503E+01      0.3764314E+01
   0.4488570E+01      0.3768824E+01
   0.4512637E+01      0.3777155E+01
   0.4536705E+01      0.3790549E+01
   0.4560772E+01      0.3811015E+01
   0.4584840E+01      0.3842078E+01
   0.4608907E+01      0.3890565E+01
   0.4632974E+01      0.3971887E+01
   0.4657042E+01      0.4130768E+01
   0.4681109E+01      0.4591816E+01
   0.4705177E+01      0.2968157E+01
   0.4729244E+01      0.2955171E+01
   0.4753311E+01      0.2942408E+01
   0.4777379E+01      0.2929827E+01
   0.4801446E+01      0.2917463E+01
   0.4825514E+01      0.2905300E+01
   0.4849581E+01      0.2893336E+01
   0.4873648E+01      0.2881568E+01
   0.4897716E+01      0.2869997E+01
   0.4921783E+01      0.2858619E+01
   0.4945851E+01      0.4994936E+01
   0.4969918E+01      0.4607283E+01
   0.4993985E+01      0.4525095E+01
   0.5018053E+01      0.4525733E+01
   0.5042120E+01      0.4559330E+01
   0.5066188E+01      0.4604998E+01
   0.5090255E+01      0.4650112E+01
   0.5114322E+01      0.4685829E+01
   0.5138390E+01      0.4706439E+01
   0.5162457E+01      0.4709439E+01
   0.5186525E+01      0.4695251E+01
   0.5210592E+01      0.4666364E+01
   0.5234659E+01      0.4626255E+01
   0.5258727E+01      0.4578488E+01
   0.5282794E+01      0.4526173E+01
   0.5306862E+01      0.4471749E+01
   0.5330929E+01      0.4416996E+01
   0.5354996E+01      0.4363135E+01
   0.5379064E+01      0.4310957E+01
   0.5403131E+01      0.4260947E+01
   0.5427199E+01      0.4213379E+01
   0.5451266E+01      0.4168388E+01
   0.5475333E+01      0.4126025E+01
   0.5499401E+01      0.4086296E+01
   0.5523468E+01      0.4049184E+01
   0.5547536E+01      0.4014676E+01
   0.5571603E+01      0.3982773E+01
   0.5595670E+01      0.3953511E+01
   0.5619738E+01      0.3926975E+01
   0.5643805E+01      0.3903323E+01
   0.5667873E+01      0.3882817E+01
   0.5691940E+01      0.3865876E+01
   0.5716007E+01      0.3853162E+01
   0.5740075E+01      0.3845743E+01
   0.5764142E+01      0.3845406E+01
   0.5788210E+01      0.3855354E+01
   0.5812277E+01      0.3881928E+01
   0.5836344E+01      0.3939961E+01
   0.5860412E+01      0.4076184E+01
   0.5884479E+01      0.4612399E+01
   0.5908547E+01      0.3304140E+01
   0.5932614E+01      0.3281820E+01
   0.5956681E+01      0.3260110E+01
   0.5980749E+01      0.3238973E+01
   0.6004816E+01      0.3218378E+01
   0.6028884E+01      0.3198294E+01
   0.6052951E+01      0.3178695E+01
   0.6077018E+01      0.3159554E+01
   0.6101086E+01      0.3140847E+01
   0.6125153E+01      0.3122553E+01
   0.6149221E+01      0.3104652E+01
   0.6173288E+01      0.3087124E+01
   0.6197355E+01      0.3069952E+01
   0.6221423E+01      0.3053120E+01
   0.6245490E+01      0.3036612E+01
   0.6269558E+01      0.3020414E+01
   0.6293625E+01      0.3004513E+01
   0.6317692E+01      0.2988896E+01
   0.6341760E+01      0.2973553E+01
   0.6365827E+01      0.2958471E+01
   0.6389895E+01      0.2943643E+01
   0.6413962E+01      0.2929053E+01
   0.6438029E+01      0.2914699E+01
   0.6462097E+01      0.2900569E+01
   0.6486164E+01      0.2886655E+01
   0.6510232E+01      0.2872951E+01
   0.6534299E+01      0.2859457E+01
   0.6558366E+01      0.2846143E+01
   0.6582434E+01      0.2833024E+01
   0.6606501E+01      0.2820089E+01
   0.6630569E+01      0.2807332E+01
   0.6654636E+01      0.2794746E+01
   0.6678703E+01      0.2782328E+01
   0.6702771E+01      0.2770071E+01
   0.6726838E+01      0.2757973E+01
   0.6750906E+01      0.2746027E+01
   0.6774973E+01      0.7422893E+01
   0.6799040E+01      0.4042418E+01
   0.6823108E+01      0.3703348E+01
   0.6847175E+01      0.3551007E+01
   0.6871243E+01      0.3460928E+01
   0.6895310E+01      0.3400466E+01
   0.6919377E+01      0.3356811E+01
   0.6943445E+01      0.3323760E+01
   0.6967512E+01      0.3297876E+01
   0.6991580E+01      0.3277058E+01
   0.7015647E+01      0.3259916E+01
   0.7039714E+01      0.3245472E+01
   0.7063782E+01      0.3233002E+01
   0.7087849E+01      0.3221943E+01
   0.7111917E+01      0.3211845E+01
   0.7135984E+01      0.3202342E+01
   0.7160051E+01      0.3193135E+01
   0.7184119E+01      0.3183981E+01
   0.7208186E+01      0.3174685E+01
   0.7232254E+01      0.3165098E+01
   0.7256321E+01      0.3155111E+01
   0.7280388E+01      0.3144654E+01
   0.7304456E+01      0.3133687E+01
   0.7328523E+01      0.3122198E+01
   0.7352591E+01      0.3110199E+01
   0.7376658E+01      0.3097718E+01
   0.7400725E+01      0.3084798E+01
   0.7424793E+01      0.3071488E+01
   0.7448860E+01      0.3057844E+01
   0.7472928E+01      0.3043923E+01
   0.7496995E+01      0.3029781E+01
   0.7521062E+01      0.3015473E+01
   0.7545130E+01      0.3001050E+01
   0.7569197E+01      0.2986557E+01
   0.7593265E+01      0.2972038E+01
   0.7617332E+01      0.2957529E+01
   0.7641399E+01      0.2943063E+01
   0.7665467E+01      0.2928667E+01
   0.7689534E+01      0.2914366E+01
   0.7713602E+01      0.2900179E+01
   0.7737669E+01      0.2886123E+01
   0.7761736E+01      0.2872213E+01
   0.7785804E+01      0.2858459E+01
   0.7809871E+01      0.2844869E+01
   0.7833939E+01      0.2831451E+01
   0.7858006E+01      0.2818210E+01
   0.7882073E+01      0.2805149E+01
   0.7906141E+01      0.2792271E+01
   0.7930208E+01      0.2779578E+01
   0.7954276E+01      0.2767069E+01
   0.7978343E+01      0.2754745E+01
   0.8002410E+01      0.2742604E+01
   0.8026478E+01      0.2730647E+01
   0.8050545E+01      0.2718872E+01
   0.8074613E+01      0.2710548E+01
   0.8098680E+01      0.2695886E+01
   0.8122747E+01      0.2684620E+01
   0.8146815E+01      0.2673548E+01
   0.8170882E+01      0.2662650E+01
   0.8194950E+01      0.2651922E+01
   0.8219017E+01      0.2641361E+01
   0.8243084E+01      0.2630965E+01
   0.8267152E+01      0.2620732E+01
   0.8291219E+01      0.2610660E+01
   0.8315287E+01      0.2600746E+01
   0.8339354E+01      0.2590990E+01
   0.8363421E+01      0.2581390E+01
   0.8387489E+01      0.2571943E+01
   0.8411556E+01      0.2562649E+01
   0.8435624E+01      0.2553507E+01
   0.8459691E+01      0.2544516E+01
   0.8483758E+01      0.2535675E+01
   0.8507826E+01      0.2526982E+01
   0.8531893E+01      0.2518440E+01
   0.8555961E+01      0.2510046E+01
   0.8580028E+01      0.2501802E+01
   0.8604095E+01      0.2493708E+01
   0.8628163E+01      0.2485765E+01
   0.8652230E+01      0.2477974E+01
   0.8676298E+01      0.2470336E+01
   0.8700365E+01      0.2462854E+01
   0.8724432E+01      0.2455530E+01
   0.8748500E+01      0.2448367E+01
   0.8772567E+01      0.2441368E+01
   0.8796635E+01      0.2434537E+01
   0.8820702E+01      0.2427879E+01
   0.8844769E+01      0.2421399E+01
   0.8868837E+01      0.2415105E+01
   0.8892904E+01      0.2409002E+01
   0.8916972E+01      0.2403100E+01
   0.8941039E+01      0.2397408E+01
   0.8965106E+01      0.2391938E+01
   0.8989174E+01      0.2386703E+01
   0.9013241E+01      0.2381717E+01
   0.9037309E+01      0.2376998E+01
   0.9061376E+01      0.2372566E+01
   0.9085443E+01      0.2368446E+01
   0.9109511E+01      0.2364664E+01
   0.9133578E+01      0.2361255E+01
   0.9157646E+01      0.2358257E+01
   0.9181713E+01      0.2355716E+01
   0.9205780E+01      0.2353689E+01
   0.9229848E+01      0.2352245E+01
   0.9253915E+01      0.2351467E+01
   0.9277983E+01      0.2351458E+01
   0.9302050E+01      0.2352350E+01
   0.9326117E+01      0.2354308E+01
   0.9350185E+01      0.2357548E+01
   0.9374252E+01      0.3219284E+01
   0.9398320E+01      0.2946130E+01
   0.9422387E+01      0.2842135E+01
   0.9446454E+01      0.2789296E+01
   0.9470522E+01      0.2762337E+01
   0.9494589E+01      0.2753342E+01
   0.9518657E+01      0.2760773E+01
   0.9542724E+01      0.2787640E+01
   0.9566791E+01      0.2843804E+01
   0.9590859E+01      0.2957258E+01
   0.9614926E+01      0.3238205E+01
   0.9638994E+01      0.6463892E+01
   0.9663061E+01      0.4478433E+01
   0.9687128E+01      0.3291918E+01
   0.9711196E+01      0.2985206E+01
   0.9735263E+01      0.2824502E+01
   0.9759331E+01      0.2719894E+01
   0.9783398E+01      0.2643897E+01
   0.9807465E+01      0.2584889E+01
   0.9831533E+01      0.2536991E+01
   0.9855600E+01      0.2501679E+01
   0.9879668E+01      0.2462409E+01
   0.9903735E+01      0.2432309E+01
   0.9927802E+01      0.2405637E+01
   0.9951870E+01      0.2381725E+01
   0.9975937E+01      0.2360086E+01
   0.1000000E+02      0.2340354E+01
 &
