
#FDF: Opened INPUT_TMP.49018764   for input. Unit: 12

fdf-debug              0     # Default value
SystemName     mx                                                                                                                                  
SystemLabel     mx                                                                                                                                  
XML.Write              T     # Default value
Write.XML              T     # Default value
XML.AbortOnErrors              F     # Default value
XML.AbortOnWarnings              F     # Default value
alloc_report_level              0     # Default value
xc.functional     GGA                                                                                                                                 
xc.authors     PBE                                                                                                                                 
MM.Cutoff          30.00000000     Bohr     # Default value
MM.UnitsEnergy     eV     # Default value
MM.UnitsDistance     Ang     # Default value
WriteIonPlotFiles              F     # Default value
Atom.Debug.KB.Generation              F     # Default value
user-basis              F     # Default value
user-basis-netcdf              F     # Default value
ReparametrizePseudos              F     # Default value
Restricted.Radial.Grid              T     # Default value
Rmax.Radial.Grid          0.000000000         # Default value
PAO.BasisSize     DZP                                                                                                                                 
PAO.BasisType     split                                                                                                                               
PAO.SoftDefault              F     # Default value
PAO.SoftInnerRadius         0.9000000000         # Default value
PAO.SoftPotential          40.00000000         # Default value
PAO.SplitNorm         0.1500000000    
PAO.SplitNormH         -1.000000000         # Default value
Number_of_species                        2

%block ChemicalSpeciesLabel                                                    
 1   79   Au                                                                   
 2    1   H                                                                    
%endblock ChemicalSpeciesLabel                                                 
 

%block PAO.Basis                           # basis                             
Au 2                                                                           
n=6   0   2 P   1                   # n, l, Nzeta, Polarization, NzetaPol      
6.0 0.0                                                                        
n=5   2   1                         # n, l, Nzeta                              
5.5                                                                            
H     2      0.00                                                              
 n=1    0    2   E      2.07      0.50                                         
   5.75  1.5                                                                   
   1.000   1.000                                                               
 n=2    1    1   E      0.89      0.01                                         
   5.500                                                                       
   1.000                                                                       
%endblock PAO.Basis                                                            
 

%block Ps.lmax                                                                 
  Au    3                                                                      
  H     3                                                                      
%endblock Ps.lmax                                                              
 
FilterCutoff          0.000000000     Ry     # Default value
FilterTol          0.000000000     Ry     # Default value
KB.Rmax          6.000000000     Bohr     # Default value
PAO.EnergyShift         0.7349798845E-03         Ry
# Above item originally: PAO.EnergyShift          10.00000000     meV       
PAO.SplitTailNorm              F     # Default value
PAO.FixSplitTable              F     # Default value
PAO.NewSplitCode              F     # Default value
PAO.Filter              F     # Default value
PAO.Keep.Findp.Bug              F     # Default value
PAO.Filter              F     # Default value
PAO.Filter              F     # Default value
PAO.OldStylePolorbs              T     # Default value
PAO.SplitTailNorm              F     # Default value
PAO.FixSplitTable              F     # Default value
PAO.NewSplitCode              F     # Default value
PAO.Filter              F     # Default value
Vna.Filter              F     # Default value
FilterCutoff          0.000000000     Ry     # Default value
FilterTol          0.000000000     Ry     # Default value
KB.Rmax          6.000000000     Bohr     # Default value
PAO.EnergyShift         0.7349798845E-03         Ry
# Above item originally: PAO.EnergyShift          10.00000000     meV       
PAO.SplitTailNorm              F     # Default value
PAO.FixSplitTable              F     # Default value
PAO.NewSplitCode              F     # Default value
PAO.Filter              F     # Default value
PAO.Filter              F     # Default value
PAO.Filter              F     # Default value
PAO.OldStylePolorbs              T     # Default value
PAO.SplitTailNorm              F     # Default value
PAO.FixSplitTable              F     # Default value
PAO.NewSplitCode              F     # Default value
Vna.Filter              F     # Default value
PAO.BasisType     split                                                                                                                               
Atom-Setup-Only              F     # Default value
UseStructFile              F     # Default value
MD.UseStructFile              F     # Default value
LatticeConstant          1.889726878           Bohr
# Above item originally: LatticeConstant          1.000000000     Ang       

%block LatticeVectors                                                          
         8.86712000        0.00000000        0.00000000                        
         0.00000        8.86712000        0.00000000                           
         0.00000000        0.00000000       38.72                              
%endblock LatticeVectors                                                       
 

%block LatticeVectors                                                          
         8.86712000        0.00000000        0.00000000                        
         0.00000        8.86712000        0.00000000                           
         0.00000000        0.00000000       38.72                              
%endblock LatticeVectors                                                       
 
AtomicCoordinatesFormat     Ang                                                                                                                                 
NumberOfAtoms                      113
ZM.UnitsLength     Bohr           # Default value
ZM.UnitsAngle     rad            # Default value
ZM.ForceTolLength         0.1555740000E-02 Ry/Bohr     # Default value
ZM.ForceTolAngle         0.3565490000E-02 Ry/rad     # Default value
ZM.MaxDisplLength         0.2000000000     Bohr     # Default value
ZM.MaxDisplAngle         0.3000000000E-02 rad     # Default value
ZM.CalcAllForces              F     # Default value

%block AtomicCoordinatesAndAtomicSpecies                                       
    1.78720903    1.28067091    0.00000000   1  Au         1                   
    0.30935586    2.75852409    2.09000000   1  Au         2                   
    1.78720903    1.28067091    4.18000000   1  Au         3                   
    0.30935586    2.75852409    6.27000000   1  Au         4                   
    4.74291537    1.28067091    0.00000000   1  Au         5                   
    3.26506220    2.75852409    2.09000000   1  Au         6                   
    4.74291537    1.28067091    4.18000000   1  Au         7                   
    3.26506220    2.75852409    6.27000000   1  Au         8                   
    7.69862172    1.28067091    0.00000000   1  Au         9                   
    6.22076855    2.75852409    2.09000000   1  Au        10                   
    7.69862172    1.28067091    4.18000000   1  Au        11                   
    6.22076855    2.75852409    6.27000000   1  Au        12                   
    1.78720903    4.23637726    0.00000000   1  Au        13                   
    0.30935586    5.71423043    2.09000000   1  Au        14                   
    1.78720903    4.23637726    4.18000000   1  Au        15                   
    0.30935586    5.71423043    6.27000000   1  Au        16                   
    4.74291537    4.23637726    0.00000000   1  Au        17                   
    3.26506220    5.71423043    2.09000000   1  Au        18                   
    4.74291537    4.23637726    4.18000000   1  Au        19                   
    3.26506220    5.71423043    6.27000000   1  Au        20                   
    7.69862172    4.23637726    0.00000000   1  Au        21                   
    6.22076855    5.71423043    2.09000000   1  Au        22                   
    7.69862172    4.23637726    4.18000000   1  Au        23                   
    6.22076855    5.71423043    6.27000000   1  Au        24                   
    1.78720903    7.19208360    0.00000000   1  Au        25                   
    0.30935586    8.66993678    2.09000000   1  Au        26                   
    1.78720903    7.19208360    4.18000000   1  Au        27                   
    0.30935586    8.66993678    6.27000000   1  Au        28                   
    4.74291537    7.19208360    0.00000000   1  Au        29                   
    3.26506220    8.66993678    2.09000000   1  Au        30                   
    4.74291537    7.19208360    4.18000000   1  Au        31                   
    3.26506220    8.66993678    6.27000000   1  Au        32                   
    7.69862172    7.19208360    0.00000000   1  Au        33                   
    6.22076855    8.66993678    2.09000000   1  Au        34                   
    7.69862172    7.19208360    4.18000000   1  Au        35                   
    6.22076855    8.66993678    6.27000000   1  Au        36                   
    1.78720903    1.28067091    8.36000000   1  Au        37                   
    1.78720903    4.23637726    8.36000000   1  Au        38                   
    1.78720903    7.19208360    8.36000000   1  Au        39                   
    4.74291537    1.28067091    8.36000000   1  Au        40                   
    4.74291537    4.23637726    8.36000000   1  Au        41                   
    4.74291537    7.19208360    8.36000000   1  Au        42                   
    7.69862172    1.28067091    8.36000000   1  Au        43                   
    7.69862172    4.23637726    8.36000000   1  Au        44                   
    7.69862172    7.19208360    8.36000000   1  Au        45                   
    0.30935586    2.75852409   10.45000000   1  Au        46                   
    0.30935586    5.71423043   10.45000000   1  Au        47                   
    0.30935586    8.66993678   10.45000000   1  Au        48                   
    3.26506220    2.75852409   10.45000000   1  Au        49                   
    3.26506220    5.71423043   10.45000000   1  Au        50                   
    3.26506220    8.66993678   10.45000000   1  Au        51                   
    6.22076855    2.75852409   10.45000000   1  Au        52                   
    6.22076855    5.71423043   10.45000000   1  Au        53                   
    6.22076855    8.66993678   10.45000000   1  Au        54                   
    1.76724916    4.21570298   12.44238600   1  Au        55                   
    1.76655545    7.21290468   12.44214002   1  Au        56                   
    4.76381139    4.21511231   12.44245178   1  Au        57                   
    4.76489778    7.21285479   12.44191507   1  Au        58                   
    3.26704265    5.71647608   14.39363289   1  Au        59                   
    3.26688579    5.74368900   17.04884500   1  Au        60                   
    3.25344899    5.72008407   18.92671044   2  H         61                   
    3.26028861    5.72635255   19.79542680   2  H         62                   
    3.23406505    5.71187217   21.67297444   1  Au        63                   
    3.26369797    5.71418151   24.32776255   1  Au        64                   
    1.76578490    4.21423751   26.27721331   1  Au        65                   
    1.76544367    7.21360205   26.27720398   1  Au        66                   
    4.76435651    4.21498900   26.27688915   1  Au        67                   
    4.76426545    7.21310337   26.27714789   1  Au        68                   
    0.30935586    2.75852409   28.27000000   1  Au        69                   
    0.30935586    5.71423043   28.27000000   1  Au        70                   
    0.30935586    8.66993678   28.27000000   1  Au        71                   
    3.26506220    2.75852409   28.27000000   1  Au        72                   
    3.26506220    5.71423043   28.27000000   1  Au        73                   
    3.26506220    8.66993678   28.27000000   1  Au        74                   
    6.22076855    2.75852409   28.27000000   1  Au        75                   
    6.22076855    5.71423043   28.27000000   1  Au        76                   
    6.22076855    8.66993678   28.27000000   1  Au        77                   
    1.78720903    1.28067091   30.36000000   1  Au        78                   
    0.30935586    2.75852409   32.45000000   1  Au        79                   
    1.78720903    1.28067091   34.54000000   1  Au        80                   
    0.30935586    2.75852409   36.63000000   1  Au        81                   
    4.74291537    1.28067091   30.36000000   1  Au        82                   
    3.26506220    2.75852409   32.45000000   1  Au        83                   
    4.74291537    1.28067091   34.54000000   1  Au        84                   
    3.26506220    2.75852409   36.63000000   1  Au        85                   
    7.69862172    1.28067091   30.36000000   1  Au        86                   
    6.22076855    2.75852409   32.45000000   1  Au        87                   
    7.69862172    1.28067091   34.54000000   1  Au        88                   
    6.22076855    2.75852409   36.63000000   1  Au        89                   
    1.78720903    4.23637726   30.36000000   1  Au        90                   
    0.30935586    5.71423043   32.45000000   1  Au        91                   
    1.78720903    4.23637726   34.54000000   1  Au        92                   
    0.30935586    5.71423043   36.63000000   1  Au        93                   
    4.74291537    4.23637726   30.36000000   1  Au        94                   
    3.26506220    5.71423043   32.45000000   1  Au        95                   
    4.74291537    4.23637726   34.54000000   1  Au        96                   
    3.26506220    5.71423043   36.63000000   1  Au        97                   
    7.69862172    4.23637726   30.36000000   1  Au        98                   
    6.22076855    5.71423043   32.45000000   1  Au        99                   
    7.69862172    4.23637726   34.54000000   1  Au       100                   
    6.22076855    5.71423043   36.63000000   1  Au       101                   
    1.78720903    7.19208360   30.36000000   1  Au       102                   
    0.30935586    8.66993678   32.45000000   1  Au       103                   
    1.78720903    7.19208360   34.54000000   1  Au       104                   
    0.30935586    8.66993678   36.63000000   1  Au       105                   
    4.74291537    7.19208360   30.36000000   1  Au       106                   
    3.26506220    8.66993678   32.45000000   1  Au       107                   
    4.74291537    7.19208360   34.54000000   1  Au       108                   
    3.26506220    8.66993678   36.63000000   1  Au       109                   
    7.69862172    7.19208360   30.36000000   1  Au       110                   
    6.22076855    8.66993678   32.45000000   1  Au       111                   
    7.69862172    7.19208360   34.54000000   1  Au       112                   
    6.22076855    8.66993678   36.63000000   1  Au       113                   
%endblock AtomicCoordinatesAndAtomicSpecies                                    
 
UseSaveData              F     # Default value
MD.UseSaveXV              F     # Default value
MD.UseSaveZM              F     # Default value
WriteCoorInitial              T     # Default value
MD.TypeOfRun     cg                                                                                                                                  
MaxBondDistance          6.000000000     Bohr     # Default value
Output-Structure-Only              F     # Default value
SpinPolarized              F     # Default value
NonCollinearSpin              F     # Default value
LongOutput              F     # Default value
WriteDenchar              F     # Default value
WriteMullikenPop                        1
MeshCutoff          800.0000000             Ry
# Above item originally: MeshCutoff          800.0000000     Ry        
NetCharge          0.000000000         # Default value
MaxSCFIterations                      300
SCFMustConverge              F     # Default value
DM.NumberPulay                        6
DM.NumberBroyden              0     # Default value
DM.FIRE.Mixing              F     # Default value
DM.MixSCF1              F     # Default value
DM.PulayOnFile              F     # Default value
DM.Pulay.Avoid.First.After.Kick              F     # Default value
DM.MixingWeight         0.2000000000E-01
DM.OccupancyTolerance         0.1000000000E-11     # Default value
DM.NumberKick              0     # Default value
DM.KickMixingWeight         0.5000000000         # Default value
DM.Tolerance         0.1000000000E-03
DM.RequireEnergyConvergence              F     # Default value
DM.EnergyTolerance         0.7349806700E-05 Ry     # Default value
DM.RequireHarrisConvergence              F     # Default value
DM.HarrisTolerance         0.7349806700E-05 Ry     # Default value
UseSaveData              F     # Default value
DM.UseSaveDM              T
NeglNonOverlapInt              F     # Default value
SolutionMethod     diagon                                                                                                                              
Diag.DivideAndConquer              T     # Default value
Diag.Memory          1.000000000         # Default value
ElectronicTemperature         0.1900069269E-02         Ry
# Above item originally: ElectronicTemperature          300.0000000     K         
FixSpin              F     # Default value
ON.MaxNumIter           1000     # Default value
ON.etol         0.1000000000E-07     # Default value
ON.eta          0.000000000     Ry     # Default value
ON.eta_alpha          0.000000000     Ry     # Default value
ON.eta_beta          0.000000000     Ry     # Default value
On.RcLWF          9.500000000     Bohr     # Default value
ON.UseSaveLWF              F     # Default value
ON.functional     kim     # Default value
ON.ChemicalPotentialUse              F     # Default value
ON.ChemicalPotential              F     # Default value
ON.ChemicalPotentialRc          9.500000000     Bohr     # Default value
ON.ChemicalPotentialTemperature         0.5000000000E-01 Ry     # Default value
ON.ChemicalPotentialOrder            100     # Default value
MD.VariableCell              F
MD.TypeOfRun     cg                                                                                                                                  
MD.UseSaveCG              F     # Default value
Optim.Broyden              F     # Default value
MD.NumCGsteps                        0
MD.MaxCGDispl         0.1511781502           Bohr
# Above item originally: MD.MaxCGDispl         0.8000000000E-01 Ang       
MD.MaxForceTol         0.3889348769E-03    Ry/Bohr
# Above item originally: MD.MaxForceTol         0.1000000000E-01 eV/Ang    
MD.MaxStressTol         0.6797726840E-05 Ry/Bohr**3
# Above item originally: MD.MaxStressTol         0.1000000000     Gpa       
MD.InitialTimeStep              1     # Default value
MD.FinalTimeStep              1     # Default value
MD.LengthTimeStep          1.000000000     fs     # Default value
MD.Quench              F     # Default value
MD.FireQuench              F     # Default value
MD.InitialTemperature          0.000000000     K     # Default value
MD.TargetTemperature          0.000000000     K     # Default value
MD.TargetPressure          0.000000000     Ry/Bohr**3     # Default value
MD.NoseMass          100.0000000     Ry*fs**2     # Default value
MD.ParrinelloRahmanMass          100.0000000     Ry*fs**2     # Default value
MD.AnnealOption     TemperatureAndPressure     # Default value
MD.TauRelax          100.0000000     fs     # Default value
MD.BulkModulus         0.6797730000E-02 Ry/Bohr**3     # Default value
MD.FCDispl         0.3779453756E-01       Bohr
# Above item originally: MD.FCDispl         0.2000000000E-01 ang       
MD.FCfirst                       59
MD.FClast                       64
FC.Read              F     # Default value
MD.FCrestart             59     # Default value
MD.FCrestartix              1     # Default value
Eigenvectors              F     # Default value
IR              F     # Default value
UseSpatialDecomposition              F     # Default value
UseDomainDecomposition              F     # Default value
Harris_functional              F     # Default value
WriteKpoints              F     # Default value
WriteForces              T
WriteDM              T     # Default value
WriteDM.NetCDF              T     # Default value
WriteDM.History.NetCDF              F     # Default value
WriteDMHS.NetCDF              T     # Default value
WriteDMHS.History.NetCDF              F     # Default value
SCF.Read.Charge.NetCDF              F     # Default value
SCF.Read.Deformation.Charge.NetCDF              F     # Default value
SaveInitialChargeDensity              F     # Default value
UseNewDiagk              F     # Default value
WriteBands              F     # Default value
WriteKbands              F     # Default value
WriteEigenvalues              F     # Default value
WriteCoorStep              T
WriteMDhistory              F     # Default value
WriteMDXmol              F     # Default value
UseSaveData              F     # Default value
SaveHS              F
FixAuxiliaryCell              F     # Default value
NaiveAuxiliaryCell              F     # Default value
ReInitialiseDM              T     # Default value
DM.AllowReuse              T     # Default value
DM.AllowExtrapolation              T     # Default value
MullikenInSCF              F     # Default value
WarningMinimumAtomicDistance          1.000000000     Bohr     # Default value
BornCharge              F     # Default value
ChangeKgridInMD              F     # Default value
Diag.ParallelOverK              F     # Default value
MD.RelaxCellOnly              F     # Default value
MD.RemoveIntraMolecularPressure              F     # Default value
COOP.Write              T
SaveRho              T
SaveDeltaRho              F     # Default value
SaveElectrostaticPotential              T
SaveNeutralAtomPotential              F     # Default value
SaveTotalPotential              F     # Default value
SaveIonicCharge              F     # Default value
SaveTotalCharge              F     # Default value
RcSpatial          0.000000000     Bohr     # Default value
ProcessorGridX              1     # Default value
ProcessorGridY              1     # Default value
ProcessorGridZ              1     # Default value
processorY              2     # Default value
blocksize             24     # Default value
NumberOfEigenStates           1120     # Default value

%block kgrid_Monkhorst_Pack                                                    
  3   0   0    0.0                                                             
  0   3   0    0.0                                                             
  0   0   1    0.0                                                             
%endblock kgrid_Monkhorst_Pack                                                 
 

%block ProjectedDensityOfStates                                                
-11.00 5.00 0.200 1600 eV                                                      
%endblock ProjectedDensityOfStates                                             
 
PDOS.kgrid_cutoff          0.000000000     Bohr     # Default value
WFS.EnergyMin        -0.1797693135+309 Ry     # Default value
WFS.EnergyMax         0.1797693135+309 Ry     # Default value
LongOutput              F     # Default value
WriteWaveFunctions              F     # Default value
WriteWaveDebug              F     # Default value
ForceAuxCell              F     # Default value
AtomicCoordinatesFormat     Ang                                                                                                                                 
AtomCoorFormatOut     Ang                        # Default value
LatticeConstant          1.889726878           Bohr
# Above item originally: LatticeConstant          1.000000000     Ang       
DM.FormattedFiles              F     # Default value
DM.FormattedInput              F     # Default value
DM.FormattedOutput              F     # Default value
Harris_functional              F     # Default value
MeshSubDivisions              2     # Default value
LatticeConstant          1.889726878           Bohr
# Above item originally: LatticeConstant          1.000000000     Ang       

%block LatticeVectors                                                          
         8.86712000        0.00000000        0.00000000                        
         0.00000        8.86712000        0.00000000                           
         0.00000000        0.00000000       38.72                              
%endblock LatticeVectors                                                       
 

%block LatticeVectors                                                          
         8.86712000        0.00000000        0.00000000                        
         0.00000        8.86712000        0.00000000                           
         0.00000000        0.00000000       38.72                              
%endblock LatticeVectors                                                       
 
DirectPhi              F     # Default value
SlabDipoleCorrection              F     # Default value
Diag.ParallelOverK              F     # Default value
LatticeConstant          1.889726878           Bohr
# Above item originally: LatticeConstant          1.000000000     Ang       

%block LatticeVectors                                                          
         8.86712000        0.00000000        0.00000000                        
         0.00000        8.86712000        0.00000000                           
         0.00000000        0.00000000       38.72                              
%endblock LatticeVectors                                                       
 

%block LatticeVectors                                                          
         8.86712000        0.00000000        0.00000000                        
         0.00000        8.86712000        0.00000000                           
         0.00000000        0.00000000       38.72                              
%endblock LatticeVectors                                                       
 
Diag.AllInOne              F     # Default value
Diag.DivideAndConquer              T     # Default value
Diag.NoExpert              F     # Default value
Diag.PreRotate              F     # Default value
Diag.Use2D              T     # Default value
SingleExcitation              F     # Default value
OccupationFunction     FD     # Default value
OccupationFunction     FD     # Default value

%block GridCellSampling                                                        
  0.5  0.5   0.0                                                               
  0.5  0.0   0.5                                                               
  0.0  0.5   0.5                                                               
%endblock GridCellSampling                                                     
 

%block GeometryConstraints                                                     
   position   from  1 to  54                                                   
   position   from  -1 to  -45                                                 
%endblock GeometryConstraints                                                  
 
WriteCoorXmol              F     # Default value
WriteCoorCerius              F     # Default value
WFS.EnergyMin        -0.1797693135+309 Ry     # Default value
WFS.EnergyMax         0.1797693135+309 Ry     # Default value
WriteWaveDebug              F     # Default value

%block ProjectedDensityOfStates                                                
-11.00 5.00 0.200 1600 eV                                                      
%endblock ProjectedDensityOfStates                                             
 
Diag.ParallelOverK              F     # Default value
BasisPressure         0.2000000000     GPa     # Default value
OpticalCalculation              F     # Default value
