forrtl: No such file or directory
forrtl: No such file or directory
forrtl: No such file or directory
forrtl: No such file or directory
forrtl: No such file or directory
forrtl: No such file or directory
forrtl: No such file or directory
forrtl: No such file or directory
forrtl: No such file or directory
forrtl: No such file or directory
forrtl: No such file or directory
forrtl: No such file or directory
forrtl: No such file or directory
forrtl: No such file or directory
forrtl: No such file or directory
forrtl: No such file or directory
forrtl: No such file or directory
forrtl: No such file or directory
forrtl: No such file or directory
forrtl: No such file or directory
forrtl: No such file or directory
forrtl: No such file or directory
forrtl: No such file or directory
forrtl: No such file or directory
forrtl: No such file or directory
forrtl: No such file or directory
forrtl: No such file or directory
forrtl: No such file or directory
forrtl: No such file or directory
forrtl: No such file or directory
forrtl: No such file or directory
forrtl: severe (29): file not found, unit 12346, file /lustre/scratch/mmm1169/work/cp2k-smeagol-examples/melamine/siesta1-smeagol/au_from-h2/iv-curve/c2_leads-sz-custom_surf-tip-dzp/info.out23
Image              PC                Routine            Line        Source             
smeagol-1.2_csg    0000000002C4151E  Unknown               Unknown  Unknown
smeagol-1.2_csg    0000000002C5FEF5  Unknown               Unknown  Unknown
smeagol-1.2_csg    0000000000EF7CC3  Unknown               Unknown  Unknown
smeagol-1.2_csg    0000000000BDF0DC  Unknown               Unknown  Unknown
smeagol-1.2_csg    000000000040652E  Unknown               Unknown  Unknown
libc-2.17.so       00002B3FBAB95555  __libc_start_main     Unknown  Unknown
smeagol-1.2_csg    0000000000406429  Unknown               Unknown  Unknown
forrtl: No such file or directory
forrtl: No such file or directory
forrtl: No such file or directory
forrtl: No such file or directory
forrtl: No such file or directory
forrtl: No such file or directory
forrtl: severe (29): file not found, unit 12346, file /lustre/scratch/mmm1169/work/cp2k-smeagol-examples/melamine/siesta1-smeagol/au_from-h2/iv-curve/c2_leads-sz-custom_surf-tip-dzp/info.out22
Image              PC                Routine            Line        Source             
smeagol-1.2_csg    0000000002C4151E  Unknown               Unknown  Unknown
smeagol-1.2_csg    0000000002C5FEF5  Unknown               Unknown  Unknown
smeagol-1.2_csg    0000000000EF7CC3  Unknown               Unknown  Unknown
smeagol-1.2_csg    0000000000BDF0DC  Unknown               Unknown  Unknown
smeagol-1.2_csg    000000000040652E  Unknown               Unknown  Unknown
libc-2.17.so       00002B5920182555  __libc_start_main     Unknown  Unknown
smeagol-1.2_csg    0000000000406429  Unknown               Unknown  Unknown
forrtl: No such file or directory
forrtl: severe (29): file not found, unit 12346, file /lustre/scratch/mmm1169/work/cp2k-smeagol-examples/melamine/siesta1-smeagol/au_from-h2/iv-curve/c2_leads-sz-custom_surf-tip-dzp/info.out26
Image              PC                Routine            Line        Source             
smeagol-1.2_csg    0000000002C4151E  Unknown               Unknown  Unknown
smeagol-1.2_csg    0000000002C5FEF5  Unknown               Unknown  Unknown
smeagol-1.2_csg    0000000000EF7CC3  Unknown               Unknown  Unknown
smeagol-1.2_csg    0000000000BDF0DC  Unknown               Unknown  Unknown
smeagol-1.2_csg    000000000040652E  Unknown               Unknown  Unknown
libc-2.17.so       00002B7BB1399555  __libc_start_main     Unknown  Unknown
smeagol-1.2_csg    0000000000406429  Unknown               Unknown  Unknown
forrtl: No such file or directory
forrtl: No such file or directory
forrtl: severe (29): file not found, unit 12346, file /lustre/scratch/mmm1169/work/cp2k-smeagol-examples/melamine/siesta1-smeagol/au_from-h2/iv-curve/c2_leads-sz-custom_surf-tip-dzp/info.out24
Image              PC                Routine            Line        Source             
smeagol-1.2_csg    0000000002C4151E  Unknown               Unknown  Unknown
smeagol-1.2_csg    0000000002C5FEF5  Unknown               Unknown  Unknown
smeagol-1.2_csg    0000000000EF7CC3  Unknown               Unknown  Unknown
smeagol-1.2_csg    0000000000BDF0DC  Unknown               Unknown  Unknown
smeagol-1.2_csg    000000000040652E  Unknown               Unknown  Unknown
libc-2.17.so       00002ACFE1B69555  __libc_start_main     Unknown  Unknown
smeagol-1.2_csg    0000000000406429  Unknown               Unknown  Unknown
forrtl: severe (29): file not found, unit 12346, file /lustre/scratch/mmm1169/work/cp2k-smeagol-examples/melamine/siesta1-smeagol/au_from-h2/iv-curve/c2_leads-sz-custom_surf-tip-dzp/info.out25
Image              PC                Routine            Line        Source             
smeagol-1.2_csg    0000000002C4151E  Unknown               Unknown  Unknown
smeagol-1.2_csg    0000000002C5FEF5  Unknown               Unknown  Unknown
smeagol-1.2_csg    0000000000EF7CC3  Unknown               Unknown  Unknown
smeagol-1.2_csg    0000000000BDF0DC  Unknown               Unknown  Unknown
smeagol-1.2_csg    000000000040652E  Unknown               Unknown  Unknown
libc-2.17.so       00002ADD5A522555  __libc_start_main     Unknown  Unknown
smeagol-1.2_csg    0000000000406429  Unknown               Unknown  Unknown
forrtl: No such file or directory
forrtl: No such file or directory
forrtl: No such file or directory
forrtl: No such file or directory
forrtl: severe (29): file not found, unit 12346, file /lustre/scratch/mmm1169/work/cp2k-smeagol-examples/melamine/siesta1-smeagol/au_from-h2/iv-curve/c2_leads-sz-custom_surf-tip-dzp/info.out20
Image              PC                Routine            Line        Source             
smeagol-1.2_csg    0000000002C4151E  Unknown               Unknown  Unknown
smeagol-1.2_csg    0000000002C5FEF5  Unknown               Unknown  Unknown
smeagol-1.2_csg    0000000000EF7CC3  Unknown               Unknown  Unknown
smeagol-1.2_csg    0000000000BDF0DC  Unknown               Unknown  Unknown
smeagol-1.2_csg    000000000040652E  Unknown               Unknown  Unknown
libc-2.17.so       00002AF40E94A555  __libc_start_main     Unknown  Unknown
smeagol-1.2_csg    0000000000406429  Unknown               Unknown  Unknown
forrtl: No such file or directory
forrtl: No such file or directory
forrtl: No such file or directory
forrtl: severe (29): file not found, unit 12346, file /lustre/scratch/mmm1169/work/cp2k-smeagol-examples/melamine/siesta1-smeagol/au_from-h2/iv-curve/c2_leads-sz-custom_surf-tip-dzp/info.out21
Image              PC                Routine            Line        Source             
smeagol-1.2_csg    0000000002C4151E  Unknown               Unknown  Unknown
smeagol-1.2_csg    0000000002C5FEF5  Unknown               Unknown  Unknown
smeagol-1.2_csg    0000000000EF7CC3  Unknown               Unknown  Unknown
smeagol-1.2_csg    0000000000BDF0DC  Unknown               Unknown  Unknown
smeagol-1.2_csg    000000000040652E  Unknown               Unknown  Unknown
libc-2.17.so       00002B540EC08555  __libc_start_main     Unknown  Unknown
smeagol-1.2_csg    0000000000406429  Unknown               Unknown  Unknown
forrtl: severe (29): file not found, unit 12346, file /lustre/scratch/mmm1169/work/cp2k-smeagol-examples/melamine/siesta1-smeagol/au_from-h2/iv-curve/c2_leads-sz-custom_surf-tip-dzp/info.out27
Image              PC                Routine            Line        Source             
smeagol-1.2_csg    0000000002C4151E  Unknown               Unknown  Unknown
smeagol-1.2_csg    0000000002C5FEF5  Unknown               Unknown  Unknown
smeagol-1.2_csg    0000000000EF7CC3  Unknown               Unknown  Unknown
smeagol-1.2_csg    0000000000BDF0DC  Unknown               Unknown  Unknown
smeagol-1.2_csg    000000000040652E  Unknown               Unknown  Unknown
libc-2.17.so       00002B05F2F44555  __libc_start_main     Unknown  Unknown
smeagol-1.2_csg    0000000000406429  Unknown               Unknown  Unknown
forrtl: severe (29): file not found, unit 12346, file /lustre/scratch/mmm1169/work/cp2k-smeagol-examples/melamine/siesta1-smeagol/au_from-h2/iv-curve/c2_leads-sz-custom_surf-tip-dzp/info.out11
Image              PC                Routine            Line        Source             
smeagol-1.2_csg    0000000002C4151E  Unknown               Unknown  Unknown
smeagol-1.2_csg    0000000002C5FEF5  Unknown               Unknown  Unknown
smeagol-1.2_csg    0000000000EF7CC3  Unknown               Unknown  Unknown
smeagol-1.2_csg    0000000000BDF0DC  Unknown               Unknown  Unknown
smeagol-1.2_csg    000000000040652E  Unknown               Unknown  Unknown
libc-2.17.so       00002ABF59DCD555  __libc_start_main     Unknown  Unknown
smeagol-1.2_csg    0000000000406429  Unknown               Unknown  Unknown
forrtl: No such file or directory
forrtl: severe (29): file not found, unit 12346, file /lustre/scratch/mmm1169/work/cp2k-smeagol-examples/melamine/siesta1-smeagol/au_from-h2/iv-curve/c2_leads-sz-custom_surf-tip-dzp/info.out14
Image              PC                Routine            Line        Source             
smeagol-1.2_csg    0000000002C4151E  Unknown               Unknown  Unknown
smeagol-1.2_csg    0000000002C5FEF5  Unknown               Unknown  Unknown
smeagol-1.2_csg    0000000000EF7CC3  Unknown               Unknown  Unknown
smeagol-1.2_csg    0000000000BDF0DC  Unknown               Unknown  Unknown
smeagol-1.2_csg    000000000040652E  Unknown               Unknown  Unknown
libc-2.17.so       00002ACD03054555  __libc_start_main     Unknown  Unknown
smeagol-1.2_csg    0000000000406429  Unknown               Unknown  Unknown
forrtl: severe (29): file not found, unit 12346, file /lustre/scratch/mmm1169/work/cp2k-smeagol-examples/melamine/siesta1-smeagol/au_from-h2/iv-curve/c2_leads-sz-custom_surf-tip-dzp/info.out17
Image              PC                Routine            Line        Source             
smeagol-1.2_csg    0000000002C4151E  Unknown               Unknown  Unknown
smeagol-1.2_csg    0000000002C5FEF5  Unknown               Unknown  Unknown
smeagol-1.2_csg    0000000000EF7CC3  Unknown               Unknown  Unknown
smeagol-1.2_csg    0000000000BDF0DC  Unknown               Unknown  Unknown
smeagol-1.2_csg    000000000040652E  Unknown               Unknown  Unknown
libc-2.17.so       00002AF405686555  __libc_start_main     Unknown  Unknown
smeagol-1.2_csg    0000000000406429  Unknown               Unknown  Unknown
forrtl: No such file or directory
forrtl: severe (29): file not found, unit 12346, file /lustre/scratch/mmm1169/work/cp2k-smeagol-examples/melamine/siesta1-smeagol/au_from-h2/iv-curve/c2_leads-sz-custom_surf-tip-dzp/info.out13
Image              PC                Routine            Line        Source             
smeagol-1.2_csg    0000000002C4151E  Unknown               Unknown  Unknown
smeagol-1.2_csg    0000000002C5FEF5  Unknown               Unknown  Unknown
smeagol-1.2_csg    0000000000EF7CC3  Unknown               Unknown  Unknown
smeagol-1.2_csg    0000000000BDF0DC  Unknown               Unknown  Unknown
smeagol-1.2_csg    000000000040652E  Unknown               Unknown  Unknown
libc-2.17.so       00002B8E84F78555  __libc_start_main     Unknown  Unknown
smeagol-1.2_csg    0000000000406429  Unknown               Unknown  Unknown
forrtl: severe (29): file not found, unit 12346, file /lustre/scratch/mmm1169/work/cp2k-smeagol-examples/melamine/siesta1-smeagol/au_from-h2/iv-curve/c2_leads-sz-custom_surf-tip-dzp/info.out12
Image              PC                Routine            Line        Source             
smeagol-1.2_csg    0000000002C4151E  Unknown               Unknown  Unknown
smeagol-1.2_csg    0000000002C5FEF5  Unknown               Unknown  Unknown
smeagol-1.2_csg    0000000000EF7CC3  Unknown               Unknown  Unknown
smeagol-1.2_csg    0000000000BDF0DC  Unknown               Unknown  Unknown
smeagol-1.2_csg    000000000040652E  Unknown               Unknown  Unknown
libc-2.17.so       00002B982EB2C555  __libc_start_main     Unknown  Unknown
smeagol-1.2_csg    0000000000406429  Unknown               Unknown  Unknown
forrtl: No such file or directory
forrtl: No such file or directory
forrtl: No such file or directory
forrtl: No such file or directory
forrtl: severe (29): file not found, unit 12346, file /lustre/scratch/mmm1169/work/cp2k-smeagol-examples/melamine/siesta1-smeagol/au_from-h2/iv-curve/c2_leads-sz-custom_surf-tip-dzp/info.out16
Image              PC                Routine            Line        Source             
smeagol-1.2_csg    0000000002C4151E  Unknown               Unknown  Unknown
smeagol-1.2_csg    0000000002C5FEF5  Unknown               Unknown  Unknown
smeagol-1.2_csg    0000000000EF7CC3  Unknown               Unknown  Unknown
smeagol-1.2_csg    0000000000BDF0DC  Unknown               Unknown  Unknown
smeagol-1.2_csg    000000000040652E  Unknown               Unknown  Unknown
libc-2.17.so       00002AB31F700555  __libc_start_main     Unknown  Unknown
smeagol-1.2_csg    0000000000406429  Unknown               Unknown  Unknown
forrtl: severe (29): file not found, unit 12346, file /lustre/scratch/mmm1169/work/cp2k-smeagol-examples/melamine/siesta1-smeagol/au_from-h2/iv-curve/c2_leads-sz-custom_surf-tip-dzp/info.out10
Image              PC                Routine            Line        Source             
smeagol-1.2_csg    0000000002C4151E  Unknown               Unknown  Unknown
smeagol-1.2_csg    0000000002C5FEF5  Unknown               Unknown  Unknown
smeagol-1.2_csg    0000000000EF7CC3  Unknown               Unknown  Unknown
smeagol-1.2_csg    0000000000BDF0DC  Unknown               Unknown  Unknown
smeagol-1.2_csg    000000000040652E  Unknown               Unknown  Unknown
libc-2.17.so       00002B0CAB42E555  __libc_start_main     Unknown  Unknown
smeagol-1.2_csg    0000000000406429  Unknown               Unknown  Unknown
forrtl: severe (29): file not found, unit 12346, file /lustre/scratch/mmm1169/work/cp2k-smeagol-examples/melamine/siesta1-smeagol/au_from-h2/iv-curve/c2_leads-sz-custom_surf-tip-dzp/info.out19
Image              PC                Routine            Line        Source             
smeagol-1.2_csg    0000000002C4151E  Unknown               Unknown  Unknown
smeagol-1.2_csg    0000000002C5FEF5  Unknown               Unknown  Unknown
smeagol-1.2_csg    0000000000EF7CC3  Unknown               Unknown  Unknown
smeagol-1.2_csg    0000000000BDF0DC  Unknown               Unknown  Unknown
smeagol-1.2_csg    000000000040652E  Unknown               Unknown  Unknown
libc-2.17.so       00002B3D29E8B555  __libc_start_main     Unknown  Unknown
smeagol-1.2_csg    0000000000406429  Unknown               Unknown  Unknown
forrtl: No such file or directory
forrtl: severe (29): file not found, unit 12346, file /lustre/scratch/mmm1169/work/cp2k-smeagol-examples/melamine/siesta1-smeagol/au_from-h2/iv-curve/c2_leads-sz-custom_surf-tip-dzp/info.out15
Image              PC                Routine            Line        Source             
smeagol-1.2_csg    0000000002C4151E  Unknown               Unknown  Unknown
smeagol-1.2_csg    0000000002C5FEF5  Unknown               Unknown  Unknown
smeagol-1.2_csg    0000000000EF7CC3  Unknown               Unknown  Unknown
smeagol-1.2_csg    0000000000BDF0DC  Unknown               Unknown  Unknown
smeagol-1.2_csg    000000000040652E  Unknown               Unknown  Unknown
libc-2.17.so       00002AF079F5D555  __libc_start_main     Unknown  Unknown
smeagol-1.2_csg    0000000000406429  Unknown               Unknown  Unknown
forrtl: severe (29): file not found, unit 12346, file /lustre/scratch/mmm1169/work/cp2k-smeagol-examples/melamine/siesta1-smeagol/au_from-h2/iv-curve/c2_leads-sz-custom_surf-tip-dzp/info.out18
Image              PC                Routine            Line        Source             
smeagol-1.2_csg    0000000002C4151E  Unknown               Unknown  Unknown
smeagol-1.2_csg    0000000002C5FEF5  Unknown               Unknown  Unknown
smeagol-1.2_csg    0000000000EF7CC3  Unknown               Unknown  Unknown
smeagol-1.2_csg    0000000000BDF0DC  Unknown               Unknown  Unknown
smeagol-1.2_csg    000000000040652E  Unknown               Unknown  Unknown
libc-2.17.so       00002AC870954555  __libc_start_main     Unknown  Unknown
smeagol-1.2_csg    0000000000406429  Unknown               Unknown  Unknown
forrtl: severe (29): file not found, unit 12346, file /lustre/scratch/mmm1169/work/cp2k-smeagol-examples/melamine/siesta1-smeagol/au_from-h2/iv-curve/c2_leads-sz-custom_surf-tip-dzp/info.out37
Image              PC                Routine            Line        Source             
smeagol-1.2_csg    0000000002C4151E  Unknown               Unknown  Unknown
smeagol-1.2_csg    0000000002C5FEF5  Unknown               Unknown  Unknown
smeagol-1.2_csg    0000000000EF7CC3  Unknown               Unknown  Unknown
smeagol-1.2_csg    0000000000BDF0DC  Unknown               Unknown  Unknown
smeagol-1.2_csg    000000000040652E  Unknown               Unknown  Unknown
libc-2.17.so       00002AE454C94555  __libc_start_main     Unknown  Unknown
smeagol-1.2_csg    0000000000406429  Unknown               Unknown  Unknown
forrtl: severe (29): file not found, unit 12346, file /lustre/scratch/mmm1169/work/cp2k-smeagol-examples/melamine/siesta1-smeagol/au_from-h2/iv-curve/c2_leads-sz-custom_surf-tip-dzp/info.out38
Image              PC                Routine            Line        Source             
smeagol-1.2_csg    0000000002C4151E  Unknown               Unknown  Unknown
smeagol-1.2_csg    0000000002C5FEF5  Unknown               Unknown  Unknown
smeagol-1.2_csg    0000000000EF7CC3  Unknown               Unknown  Unknown
smeagol-1.2_csg    0000000000BDF0DC  Unknown               Unknown  Unknown
smeagol-1.2_csg    000000000040652E  Unknown               Unknown  Unknown
libc-2.17.so       00002AB6D8391555  __libc_start_main     Unknown  Unknown
smeagol-1.2_csg    0000000000406429  Unknown               Unknown  Unknown
forrtl: severe (29): file not found, unit 12346, file /lustre/scratch/mmm1169/work/cp2k-smeagol-examples/melamine/siesta1-smeagol/au_from-h2/iv-curve/c2_leads-sz-custom_surf-tip-dzp/info.out28
Image              PC                Routine            Line        Source             
smeagol-1.2_csg    0000000002C4151E  Unknown               Unknown  Unknown
smeagol-1.2_csg    0000000002C5FEF5  Unknown               Unknown  Unknown
smeagol-1.2_csg    0000000000EF7CC3  Unknown               Unknown  Unknown
smeagol-1.2_csg    0000000000BDF0DC  Unknown               Unknown  Unknown
smeagol-1.2_csg    000000000040652E  Unknown               Unknown  Unknown
libc-2.17.so       00002ACAE6D52555  __libc_start_main     Unknown  Unknown
smeagol-1.2_csg    0000000000406429  Unknown               Unknown  Unknown
forrtl: No such file or directory
forrtl: severe (29): file not found, unit 12346, file /lustre/scratch/mmm1169/work/cp2k-smeagol-examples/melamine/siesta1-smeagol/au_from-h2/iv-curve/c2_leads-sz-custom_surf-tip-dzp/info.out35
Image              PC                Routine            Line        Source             
smeagol-1.2_csg    0000000002C4151E  Unknown               Unknown  Unknown
smeagol-1.2_csg    0000000002C5FEF5  Unknown               Unknown  Unknown
smeagol-1.2_csg    0000000000EF7CC3  Unknown               Unknown  Unknown
smeagol-1.2_csg    0000000000BDF0DC  Unknown               Unknown  Unknown
smeagol-1.2_csg    000000000040652E  Unknown               Unknown  Unknown
libc-2.17.so       00002AB0E9910555  __libc_start_main     Unknown  Unknown
smeagol-1.2_csg    0000000000406429  Unknown               Unknown  Unknown
forrtl: severe (29): file not found, unit 12346, file /lustre/scratch/mmm1169/work/cp2k-smeagol-examples/melamine/siesta1-smeagol/au_from-h2/iv-curve/c2_leads-sz-custom_surf-tip-dzp/info.out9
Image              PC                Routine            Line        Source             
smeagol-1.2_csg    0000000002C4151E  Unknown               Unknown  Unknown
smeagol-1.2_csg    0000000002C5FEF5  Unknown               Unknown  Unknown
smeagol-1.2_csg    0000000000EF7CC3  Unknown               Unknown  Unknown
smeagol-1.2_csg    0000000000BDF0DC  Unknown               Unknown  Unknown
smeagol-1.2_csg    000000000040652E  Unknown               Unknown  Unknown
libc-2.17.so       00002ACF7A181555  __libc_start_main     Unknown  Unknown
smeagol-1.2_csg    0000000000406429  Unknown               Unknown  Unknown
forrtl: severe (29): file not found, unit 12346, file /lustre/scratch/mmm1169/work/cp2k-smeagol-examples/melamine/siesta1-smeagol/au_from-h2/iv-curve/c2_leads-sz-custom_surf-tip-dzp/info.out34
Image              PC                Routine            Line        Source             
smeagol-1.2_csg    0000000002C4151E  Unknown               Unknown  Unknown
smeagol-1.2_csg    0000000002C5FEF5  Unknown               Unknown  Unknown
smeagol-1.2_csg    0000000000EF7CC3  Unknown               Unknown  Unknown
smeagol-1.2_csg    0000000000BDF0DC  Unknown               Unknown  Unknown
smeagol-1.2_csg    000000000040652E  Unknown               Unknown  Unknown
libc-2.17.so       00002B1B9B41B555  __libc_start_main     Unknown  Unknown
smeagol-1.2_csg    0000000000406429  Unknown               Unknown  Unknown
forrtl: No such file or directory
forrtl: severe (29): file not found, unit 12346, file /lustre/scratch/mmm1169/work/cp2k-smeagol-examples/melamine/siesta1-smeagol/au_from-h2/iv-curve/c2_leads-sz-custom_surf-tip-dzp/info.out45
Image              PC                Routine            Line        Source             
smeagol-1.2_csg    0000000002C4151E  Unknown               Unknown  Unknown
smeagol-1.2_csg    0000000002C5FEF5  Unknown               Unknown  Unknown
smeagol-1.2_csg    0000000000EF7CC3  Unknown               Unknown  Unknown
smeagol-1.2_csg    0000000000BDF0DC  Unknown               Unknown  Unknown
smeagol-1.2_csg    000000000040652E  Unknown               Unknown  Unknown
libc-2.17.so       00002B652513A555  __libc_start_main     Unknown  Unknown
smeagol-1.2_csg    0000000000406429  Unknown               Unknown  Unknown
forrtl: severe (29): file not found, unit 12346, file /lustre/scratch/mmm1169/work/cp2k-smeagol-examples/melamine/siesta1-smeagol/au_from-h2/iv-curve/c2_leads-sz-custom_surf-tip-dzp/info.out47
Image              PC                Routine            Line        Source             
smeagol-1.2_csg    0000000002C4151E  Unknown               Unknown  Unknown
smeagol-1.2_csg    0000000002C5FEF5  Unknown               Unknown  Unknown
smeagol-1.2_csg    0000000000EF7CC3  Unknown               Unknown  Unknown
smeagol-1.2_csg    0000000000BDF0DC  Unknown               Unknown  Unknown
smeagol-1.2_csg    000000000040652E  Unknown               Unknown  Unknown
libc-2.17.so       00002AD3790E8555  __libc_start_main     Unknown  Unknown
smeagol-1.2_csg    0000000000406429  Unknown               Unknown  Unknown
forrtl: severe (29): file not found, unit 12346, file /lustre/scratch/mmm1169/work/cp2k-smeagol-examples/melamine/siesta1-smeagol/au_from-h2/iv-curve/c2_leads-sz-custom_surf-tip-dzp/info.out43
Image              PC                Routine            Line        Source             
smeagol-1.2_csg    0000000002C4151E  Unknown               Unknown  Unknown
smeagol-1.2_csg    0000000002C5FEF5  Unknown               Unknown  Unknown
smeagol-1.2_csg    0000000000EF7CC3  Unknown               Unknown  Unknown
smeagol-1.2_csg    0000000000BDF0DC  Unknown               Unknown  Unknown
smeagol-1.2_csg    000000000040652E  Unknown               Unknown  Unknown
libc-2.17.so       00002B231446F555  __libc_start_main     Unknown  Unknown
smeagol-1.2_csg    0000000000406429  Unknown               Unknown  Unknown
forrtl: severe (29): file not found, unit 12346, file /lustre/scratch/mmm1169/work/cp2k-smeagol-examples/melamine/siesta1-smeagol/au_from-h2/iv-curve/c2_leads-sz-custom_surf-tip-dzp/info.out44
Image              PC                Routine            Line        Source             
smeagol-1.2_csg    0000000002C4151E  Unknown               Unknown  Unknown
smeagol-1.2_csg    0000000002C5FEF5  Unknown               Unknown  Unknown
smeagol-1.2_csg    0000000000EF7CC3  Unknown               Unknown  Unknown
smeagol-1.2_csg    0000000000BDF0DC  Unknown               Unknown  Unknown
smeagol-1.2_csg    000000000040652E  Unknown               Unknown  Unknown
libc-2.17.so       00002B8F05ABF555  __libc_start_main     Unknown  Unknown
smeagol-1.2_csg    0000000000406429  Unknown               Unknown  Unknown
forrtl: severe (29): file not found, unit 12346, file /lustre/scratch/mmm1169/work/cp2k-smeagol-examples/melamine/siesta1-smeagol/au_from-h2/iv-curve/c2_leads-sz-custom_surf-tip-dzp/info.out48
Image              PC                Routine            Line        Source             
smeagol-1.2_csg    0000000002C4151E  Unknown               Unknown  Unknown
smeagol-1.2_csg    0000000002C5FEF5  Unknown               Unknown  Unknown
smeagol-1.2_csg    0000000000EF7CC3  Unknown               Unknown  Unknown
smeagol-1.2_csg    0000000000BDF0DC  Unknown               Unknown  Unknown
smeagol-1.2_csg    000000000040652E  Unknown               Unknown  Unknown
libc-2.17.so       00002AE349601555  __libc_start_main     Unknown  Unknown
smeagol-1.2_csg    0000000000406429  Unknown               Unknown  Unknown
forrtl: severe (29): file not found, unit 12346, file /lustre/scratch/mmm1169/work/cp2k-smeagol-examples/melamine/siesta1-smeagol/au_from-h2/iv-curve/c2_leads-sz-custom_surf-tip-dzp/info.out41
Image              PC                Routine            Line        Source             
smeagol-1.2_csg    0000000002C4151E  Unknown               Unknown  Unknown
smeagol-1.2_csg    0000000002C5FEF5  Unknown               Unknown  Unknown
smeagol-1.2_csg    0000000000EF7CC3  Unknown               Unknown  Unknown
smeagol-1.2_csg    0000000000BDF0DC  Unknown               Unknown  Unknown
smeagol-1.2_csg    000000000040652E  Unknown               Unknown  Unknown
libc-2.17.so       00002B6C51C9B555  __libc_start_main     Unknown  Unknown
smeagol-1.2_csg    0000000000406429  Unknown               Unknown  Unknown
forrtl: severe (29): file not found, unit 12346, file /lustre/scratch/mmm1169/work/cp2k-smeagol-examples/melamine/siesta1-smeagol/au_from-h2/iv-curve/c2_leads-sz-custom_surf-tip-dzp/info.out51
Image              PC                Routine            Line        Source             
smeagol-1.2_csg    0000000002C4151E  Unknown               Unknown  Unknown
smeagol-1.2_csg    0000000002C5FEF5  Unknown               Unknown  Unknown
smeagol-1.2_csg    0000000000EF7CC3  Unknown               Unknown  Unknown
smeagol-1.2_csg    0000000000BDF0DC  Unknown               Unknown  Unknown
smeagol-1.2_csg    000000000040652E  Unknown               Unknown  Unknown
libc-2.17.so       00002B742C182555  __libc_start_main     Unknown  Unknown
smeagol-1.2_csg    0000000000406429  Unknown               Unknown  Unknown
forrtl: severe (29): file not found, unit 12346, file /lustre/scratch/mmm1169/work/cp2k-smeagol-examples/melamine/siesta1-smeagol/au_from-h2/iv-curve/c2_leads-sz-custom_surf-tip-dzp/info.out40
Image              PC                Routine            Line        Source             
smeagol-1.2_csg    0000000002C4151E  Unknown               Unknown  Unknown
smeagol-1.2_csg    0000000002C5FEF5  Unknown               Unknown  Unknown
smeagol-1.2_csg    0000000000EF7CC3  Unknown               Unknown  Unknown
smeagol-1.2_csg    0000000000BDF0DC  Unknown               Unknown  Unknown
smeagol-1.2_csg    000000000040652E  Unknown               Unknown  Unknown
libc-2.17.so       00002BA1CC4AB555  __libc_start_main     Unknown  Unknown
smeagol-1.2_csg    0000000000406429  Unknown               Unknown  Unknown
forrtl: severe (29): file not found, unit 12346, file /lustre/scratch/mmm1169/work/cp2k-smeagol-examples/melamine/siesta1-smeagol/au_from-h2/iv-curve/c2_leads-sz-custom_surf-tip-dzp/info.out62
Image              PC                Routine            Line        Source             
smeagol-1.2_csg    0000000002C4151E  Unknown               Unknown  Unknown
smeagol-1.2_csg    0000000002C5FEF5  Unknown               Unknown  Unknown
smeagol-1.2_csg    0000000000EF7CC3  Unknown               Unknown  Unknown
smeagol-1.2_csg    0000000000BDF0DC  Unknown               Unknown  Unknown
smeagol-1.2_csg    000000000040652E  Unknown               Unknown  Unknown
libc-2.17.so       00002B77587CA555  __libc_start_main     Unknown  Unknown
smeagol-1.2_csg    0000000000406429  Unknown               Unknown  Unknown
forrtl: severe (29): file not found, unit 12346, file /lustre/scratch/mmm1169/work/cp2k-smeagol-examples/melamine/siesta1-smeagol/au_from-h2/iv-curve/c2_leads-sz-custom_surf-tip-dzp/info.out55
Image              PC                Routine            Line        Source             
smeagol-1.2_csg    0000000002C4151E  Unknown               Unknown  Unknown
smeagol-1.2_csg    0000000002C5FEF5  Unknown               Unknown  Unknown
smeagol-1.2_csg    0000000000EF7CC3  Unknown               Unknown  Unknown
smeagol-1.2_csg    0000000000BDF0DC  Unknown               Unknown  Unknown
smeagol-1.2_csg    000000000040652E  Unknown               Unknown  Unknown
libc-2.17.so       00002B096B0E6555  __libc_start_main     Unknown  Unknown
smeagol-1.2_csg    0000000000406429  Unknown               Unknown  Unknown
forrtl: severe (29): file not found, unit 12346, file /lustre/scratch/mmm1169/work/cp2k-smeagol-examples/melamine/siesta1-smeagol/au_from-h2/iv-curve/c2_leads-sz-custom_surf-tip-dzp/info.out56
Image              PC                Routine            Line        Source             
smeagol-1.2_csg    0000000002C4151E  Unknown               Unknown  Unknown
smeagol-1.2_csg    0000000002C5FEF5  Unknown               Unknown  Unknown
smeagol-1.2_csg    0000000000EF7CC3  Unknown               Unknown  Unknown
smeagol-1.2_csg    0000000000BDF0DC  Unknown               Unknown  Unknown
smeagol-1.2_csg    000000000040652E  Unknown               Unknown  Unknown
libc-2.17.so       00002AB006192555  __libc_start_main     Unknown  Unknown
smeagol-1.2_csg    0000000000406429  Unknown               Unknown  Unknown
forrtl: severe (29): file not found, unit 12346, file /lustre/scratch/mmm1169/work/cp2k-smeagol-examples/melamine/siesta1-smeagol/au_from-h2/iv-curve/c2_leads-sz-custom_surf-tip-dzp/info.out57
Image              PC                Routine            Line        Source             
smeagol-1.2_csg    0000000002C4151E  Unknown               Unknown  Unknown
smeagol-1.2_csg    0000000002C5FEF5  Unknown               Unknown  Unknown
smeagol-1.2_csg    0000000000EF7CC3  Unknown               Unknown  Unknown
smeagol-1.2_csg    0000000000BDF0DC  Unknown               Unknown  Unknown
smeagol-1.2_csg    000000000040652E  Unknown               Unknown  Unknown
libc-2.17.so       00002AC04DCC1555  __libc_start_main     Unknown  Unknown
smeagol-1.2_csg    0000000000406429  Unknown               Unknown  Unknown
forrtl: severe (29): file not found, unit 12346, file /lustre/scratch/mmm1169/work/cp2k-smeagol-examples/melamine/siesta1-smeagol/au_from-h2/iv-curve/c2_leads-sz-custom_surf-tip-dzp/info.out49
Image              PC                Routine            Line        Source             
smeagol-1.2_csg    0000000002C4151E  Unknown               Unknown  Unknown
smeagol-1.2_csg    0000000002C5FEF5  Unknown               Unknown  Unknown
smeagol-1.2_csg    0000000000EF7CC3  Unknown               Unknown  Unknown
smeagol-1.2_csg    0000000000BDF0DC  Unknown               Unknown  Unknown
smeagol-1.2_csg    000000000040652E  Unknown               Unknown  Unknown
libc-2.17.so       00002B3276CAF555  __libc_start_main     Unknown  Unknown
smeagol-1.2_csg    0000000000406429  Unknown               Unknown  Unknown
forrtl: severe (29): file not found, unit 12346, file /lustre/scratch/mmm1169/work/cp2k-smeagol-examples/melamine/siesta1-smeagol/au_from-h2/iv-curve/c2_leads-sz-custom_surf-tip-dzp/info.out54
Image              PC                Routine            Line        Source             
smeagol-1.2_csg    0000000002C4151E  Unknown               Unknown  Unknown
smeagol-1.2_csg    0000000002C5FEF5  Unknown               Unknown  Unknown
smeagol-1.2_csg    0000000000EF7CC3  Unknown               Unknown  Unknown
smeagol-1.2_csg    0000000000BDF0DC  Unknown               Unknown  Unknown
smeagol-1.2_csg    000000000040652E  Unknown               Unknown  Unknown
libc-2.17.so       00002B59A19C8555  __libc_start_main     Unknown  Unknown
smeagol-1.2_csg    0000000000406429  Unknown               Unknown  Unknown
forrtl: severe (29): file not found, unit 12346, file /lustre/scratch/mmm1169/work/cp2k-smeagol-examples/melamine/siesta1-smeagol/au_from-h2/iv-curve/c2_leads-sz-custom_surf-tip-dzp/info.out46
Image              PC                Routine            Line        Source             
smeagol-1.2_csg    0000000002C4151E  Unknown               Unknown  Unknown
smeagol-1.2_csg    0000000002C5FEF5  Unknown               Unknown  Unknown
smeagol-1.2_csg    0000000000EF7CC3  Unknown               Unknown  Unknown
smeagol-1.2_csg    0000000000BDF0DC  Unknown               Unknown  Unknown
smeagol-1.2_csg    000000000040652E  Unknown               Unknown  Unknown
libc-2.17.so       00002AEB8CCA6555  __libc_start_main     Unknown  Unknown
smeagol-1.2_csg    0000000000406429  Unknown               Unknown  Unknown
forrtl: severe (29): file not found, unit 12346, file /lustre/scratch/mmm1169/work/cp2k-smeagol-examples/melamine/siesta1-smeagol/au_from-h2/iv-curve/c2_leads-sz-custom_surf-tip-dzp/info.out50
Image              PC                Routine            Line        Source             
smeagol-1.2_csg    0000000002C4151E  Unknown               Unknown  Unknown
smeagol-1.2_csg    0000000002C5FEF5  Unknown               Unknown  Unknown
smeagol-1.2_csg    0000000000EF7CC3  Unknown               Unknown  Unknown
smeagol-1.2_csg    0000000000BDF0DC  Unknown               Unknown  Unknown
smeagol-1.2_csg    000000000040652E  Unknown               Unknown  Unknown
libc-2.17.so       00002B150E6D0555  __libc_start_main     Unknown  Unknown
smeagol-1.2_csg    0000000000406429  Unknown               Unknown  Unknown
forrtl: severe (29): file not found, unit 12346, file /lustre/scratch/mmm1169/work/cp2k-smeagol-examples/melamine/siesta1-smeagol/au_from-h2/iv-curve/c2_leads-sz-custom_surf-tip-dzp/info.out60
Image              PC                Routine            Line        Source             
smeagol-1.2_csg    0000000002C4151E  Unknown               Unknown  Unknown
smeagol-1.2_csg    0000000002C5FEF5  Unknown               Unknown  Unknown
smeagol-1.2_csg    0000000000EF7CC3  Unknown               Unknown  Unknown
smeagol-1.2_csg    0000000000BDF0DC  Unknown               Unknown  Unknown
smeagol-1.2_csg    000000000040652E  Unknown               Unknown  Unknown
libc-2.17.so       00002ABD189B6555  __libc_start_main     Unknown  Unknown
smeagol-1.2_csg    0000000000406429  Unknown               Unknown  Unknown
forrtl: severe (29): file not found, unit 12346, file /lustre/scratch/mmm1169/work/cp2k-smeagol-examples/melamine/siesta1-smeagol/au_from-h2/iv-curve/c2_leads-sz-custom_surf-tip-dzp/info.out61
Image              PC                Routine            Line        Source             
smeagol-1.2_csg    0000000002C4151E  Unknown               Unknown  Unknown
smeagol-1.2_csg    0000000002C5FEF5  Unknown               Unknown  Unknown
smeagol-1.2_csg    0000000000EF7CC3  Unknown               Unknown  Unknown
smeagol-1.2_csg    0000000000BDF0DC  Unknown               Unknown  Unknown
smeagol-1.2_csg    000000000040652E  Unknown               Unknown  Unknown
libc-2.17.so       00002B9BCF8C8555  __libc_start_main     Unknown  Unknown
smeagol-1.2_csg    0000000000406429  Unknown               Unknown  Unknown
forrtl: severe (29): file not found, unit 12346, file /lustre/scratch/mmm1169/work/cp2k-smeagol-examples/melamine/siesta1-smeagol/au_from-h2/iv-curve/c2_leads-sz-custom_surf-tip-dzp/info.out42
Image              PC                Routine            Line        Source             
smeagol-1.2_csg    0000000002C4151E  Unknown               Unknown  Unknown
smeagol-1.2_csg    0000000002C5FEF5  Unknown               Unknown  Unknown
smeagol-1.2_csg    0000000000EF7CC3  Unknown               Unknown  Unknown
smeagol-1.2_csg    0000000000BDF0DC  Unknown               Unknown  Unknown
smeagol-1.2_csg    000000000040652E  Unknown               Unknown  Unknown
libc-2.17.so       00002B7AFF83F555  __libc_start_main     Unknown  Unknown
smeagol-1.2_csg    0000000000406429  Unknown               Unknown  Unknown
forrtl: severe (29): file not found, unit 12346, file /lustre/scratch/mmm1169/work/cp2k-smeagol-examples/melamine/siesta1-smeagol/au_from-h2/iv-curve/c2_leads-sz-custom_surf-tip-dzp/info.out52
Image              PC                Routine            Line        Source             
smeagol-1.2_csg    0000000002C4151E  Unknown               Unknown  Unknown
smeagol-1.2_csg    0000000002C5FEF5  Unknown               Unknown  Unknown
smeagol-1.2_csg    0000000000EF7CC3  Unknown               Unknown  Unknown
smeagol-1.2_csg    0000000000BDF0DC  Unknown               Unknown  Unknown
smeagol-1.2_csg    000000000040652E  Unknown               Unknown  Unknown
libc-2.17.so       00002AFF67C39555  __libc_start_main     Unknown  Unknown
smeagol-1.2_csg    0000000000406429  Unknown               Unknown  Unknown
forrtl: severe (29): file not found, unit 12346, file /lustre/scratch/mmm1169/work/cp2k-smeagol-examples/melamine/siesta1-smeagol/au_from-h2/iv-curve/c2_leads-sz-custom_surf-tip-dzp/info.out53
Image              PC                Routine            Line        Source             
smeagol-1.2_csg    0000000002C4151E  Unknown               Unknown  Unknown
smeagol-1.2_csg    0000000002C5FEF5  Unknown               Unknown  Unknown
smeagol-1.2_csg    0000000000EF7CC3  Unknown               Unknown  Unknown
smeagol-1.2_csg    0000000000BDF0DC  Unknown               Unknown  Unknown
smeagol-1.2_csg    000000000040652E  Unknown               Unknown  Unknown
libc-2.17.so       00002BA9BB46C555  __libc_start_main     Unknown  Unknown
smeagol-1.2_csg    0000000000406429  Unknown               Unknown  Unknown
forrtl: severe (29): file not found, unit 12346, file /lustre/scratch/mmm1169/work/cp2k-smeagol-examples/melamine/siesta1-smeagol/au_from-h2/iv-curve/c2_leads-sz-custom_surf-tip-dzp/info.out59
Image              PC                Routine            Line        Source             
smeagol-1.2_csg    0000000002C4151E  Unknown               Unknown  Unknown
smeagol-1.2_csg    0000000002C5FEF5  Unknown               Unknown  Unknown
smeagol-1.2_csg    0000000000EF7CC3  Unknown               Unknown  Unknown
smeagol-1.2_csg    0000000000BDF0DC  Unknown               Unknown  Unknown
smeagol-1.2_csg    000000000040652E  Unknown               Unknown  Unknown
libc-2.17.so       00002AFE48AD0555  __libc_start_main     Unknown  Unknown
smeagol-1.2_csg    0000000000406429  Unknown               Unknown  Unknown
forrtl: severe (29): file not found, unit 12346, file /lustre/scratch/mmm1169/work/cp2k-smeagol-examples/melamine/siesta1-smeagol/au_from-h2/iv-curve/c2_leads-sz-custom_surf-tip-dzp/info.out63
Image              PC                Routine            Line        Source             
smeagol-1.2_csg    0000000002C4151E  Unknown               Unknown  Unknown
smeagol-1.2_csg    0000000002C5FEF5  Unknown               Unknown  Unknown
smeagol-1.2_csg    0000000000EF7CC3  Unknown               Unknown  Unknown
smeagol-1.2_csg    0000000000BDF0DC  Unknown               Unknown  Unknown
smeagol-1.2_csg    000000000040652E  Unknown               Unknown  Unknown
libc-2.17.so       00002B2619724555  __libc_start_main     Unknown  Unknown
smeagol-1.2_csg    0000000000406429  Unknown               Unknown  Unknown
forrtl: severe (29): file not found, unit 12346, file /lustre/scratch/mmm1169/work/cp2k-smeagol-examples/melamine/siesta1-smeagol/au_from-h2/iv-curve/c2_leads-sz-custom_surf-tip-dzp/info.out58
Image              PC                Routine            Line        Source             
smeagol-1.2_csg    0000000002C4151E  Unknown               Unknown  Unknown
smeagol-1.2_csg    0000000002C5FEF5  Unknown               Unknown  Unknown
smeagol-1.2_csg    0000000000EF7CC3  Unknown               Unknown  Unknown
smeagol-1.2_csg    0000000000BDF0DC  Unknown               Unknown  Unknown
smeagol-1.2_csg    000000000040652E  Unknown               Unknown  Unknown
libc-2.17.so       00002B39EA69E555  __libc_start_main     Unknown  Unknown
smeagol-1.2_csg    0000000000406429  Unknown               Unknown  Unknown
forrtl: severe (29): file not found, unit 12346, file /lustre/scratch/mmm1169/work/cp2k-smeagol-examples/melamine/siesta1-smeagol/au_from-h2/iv-curve/c2_leads-sz-custom_surf-tip-dzp/info.out29
Image              PC                Routine            Line        Source             
smeagol-1.2_csg    0000000002C4151E  Unknown               Unknown  Unknown
smeagol-1.2_csg    0000000002C5FEF5  Unknown               Unknown  Unknown
smeagol-1.2_csg    0000000000EF7CC3  Unknown               Unknown  Unknown
smeagol-1.2_csg    0000000000BDF0DC  Unknown               Unknown  Unknown
smeagol-1.2_csg    000000000040652E  Unknown               Unknown  Unknown
libc-2.17.so       00002B4C8C150555  __libc_start_main     Unknown  Unknown
smeagol-1.2_csg    0000000000406429  Unknown               Unknown  Unknown
forrtl: severe (29): file not found, unit 12346, file /lustre/scratch/mmm1169/work/cp2k-smeagol-examples/melamine/siesta1-smeagol/au_from-h2/iv-curve/c2_leads-sz-custom_surf-tip-dzp/info.out36
Image              PC                Routine            Line        Source             
smeagol-1.2_csg    0000000002C4151E  Unknown               Unknown  Unknown
smeagol-1.2_csg    0000000002C5FEF5  Unknown               Unknown  Unknown
smeagol-1.2_csg    0000000000EF7CC3  Unknown               Unknown  Unknown
smeagol-1.2_csg    0000000000BDF0DC  Unknown               Unknown  Unknown
smeagol-1.2_csg    000000000040652E  Unknown               Unknown  Unknown
libc-2.17.so       00002B580ECC6555  __libc_start_main     Unknown  Unknown
smeagol-1.2_csg    0000000000406429  Unknown               Unknown  Unknown
forrtl: severe (29): file not found, unit 12346, file /lustre/scratch/mmm1169/work/cp2k-smeagol-examples/melamine/siesta1-smeagol/au_from-h2/iv-curve/c2_leads-sz-custom_surf-tip-dzp/info.out39
Image              PC                Routine            Line        Source             
smeagol-1.2_csg    0000000002C4151E  Unknown               Unknown  Unknown
smeagol-1.2_csg    0000000002C5FEF5  Unknown               Unknown  Unknown
smeagol-1.2_csg    0000000000EF7CC3  Unknown               Unknown  Unknown
smeagol-1.2_csg    0000000000BDF0DC  Unknown               Unknown  Unknown
smeagol-1.2_csg    000000000040652E  Unknown               Unknown  Unknown
libc-2.17.so       00002AF90DEA1555  __libc_start_main     Unknown  Unknown
smeagol-1.2_csg    0000000000406429  Unknown               Unknown  Unknown
forrtl: severe (29): file not found, unit 12346, file /lustre/scratch/mmm1169/work/cp2k-smeagol-examples/melamine/siesta1-smeagol/au_from-h2/iv-curve/c2_leads-sz-custom_surf-tip-dzp/info.out31
Image              PC                Routine            Line        Source             
smeagol-1.2_csg    0000000002C4151E  Unknown               Unknown  Unknown
smeagol-1.2_csg    0000000002C5FEF5  Unknown               Unknown  Unknown
smeagol-1.2_csg    0000000000EF7CC3  Unknown               Unknown  Unknown
smeagol-1.2_csg    0000000000BDF0DC  Unknown               Unknown  Unknown
smeagol-1.2_csg    000000000040652E  Unknown               Unknown  Unknown
libc-2.17.so       00002AF2816D1555  __libc_start_main     Unknown  Unknown
smeagol-1.2_csg    0000000000406429  Unknown               Unknown  Unknown
forrtl: No such file or directory
forrtl: severe (29): file not found, unit 12346, file /lustre/scratch/mmm1169/work/cp2k-smeagol-examples/melamine/siesta1-smeagol/au_from-h2/iv-curve/c2_leads-sz-custom_surf-tip-dzp/info.out8
Image              PC                Routine            Line        Source             

Stack trace terminated abnormally.
forrtl: severe (29): file not found, unit 12346, file /lustre/scratch/mmm1169/work/cp2k-smeagol-examples/melamine/siesta1-smeagol/au_from-h2/iv-curve/c2_leads-sz-custom_surf-tip-dzp/info.out33
Image              PC                Routine            Line        Source             
smeagol-1.2_csg    0000000002C4151E  Unknown               Unknown  Unknown
smeagol-1.2_csg    0000000002C5FEF5  Unknown               Unknown  Unknown
smeagol-1.2_csg    0000000000EF7CC3  Unknown               Unknown  Unknown

Stack trace terminated abnormally.
