 @target G3.S0
 @type xy
  -0.2721140E+02      0.3937134E-18
  -0.2714328E+02      0.1574293E-17
  -0.2707517E+02     -0.9823303E-17
  -0.2700706E+02     -0.2703722E-16
  -0.2693894E+02     -0.1277069E-16
  -0.2687083E+02     -0.1484628E-16
  -0.2680271E+02      0.7675094E-17
  -0.2673460E+02     -0.1655527E-17
  -0.2666649E+02      0.5373992E-17
  -0.2659837E+02     -0.1818027E-16
  -0.2653026E+02     -0.1615175E-17
  -0.2646215E+02      0.2042158E-17
  -0.2639403E+02     -0.8240795E-17
  -0.2632592E+02     -0.1215255E-17
  -0.2625781E+02     -0.2073855E-17
  -0.2618969E+02      0.1292033E-16
  -0.2612158E+02      0.3150029E-17
  -0.2605346E+02      0.2962999E-18
  -0.2598535E+02     -0.1319937E-16
  -0.2591724E+02     -0.3411581E-17
  -0.2584912E+02      0.1641609E-17
  -0.2578101E+02     -0.1070686E-16
  -0.2571290E+02     -0.9416323E-17
  -0.2564478E+02      0.1618843E-16
  -0.2557667E+02     -0.1633872E-17
  -0.2550856E+02      0.1262060E-17
  -0.2544044E+02      0.9281029E-17
  -0.2537233E+02     -0.3048712E-17
  -0.2530421E+02     -0.3140300E-16
  -0.2523610E+02      0.2775502E-17
  -0.2516799E+02      0.1817889E-16
  -0.2509987E+02     -0.1282057E-17
  -0.2503176E+02     -0.9969276E-17
  -0.2496365E+02     -0.4846965E-17
  -0.2489553E+02      0.7438382E-17
  -0.2482742E+02      0.1558710E-16
  -0.2475931E+02      0.1318412E-16
  -0.2469119E+02     -0.5665420E-17
  -0.2462308E+02      0.3345346E-17
  -0.2455496E+02      0.2519156E-17
  -0.2448685E+02     -0.7802070E-17
  -0.2441874E+02     -0.4538096E-17
  -0.2435062E+02      0.7123089E-17
  -0.2428251E+02     -0.5210119E-17
  -0.2421440E+02     -0.1521702E-16
  -0.2414628E+02      0.2682147E-17
  -0.2407817E+02     -0.2381921E-17
  -0.2401006E+02      0.5138799E-17
  -0.2394194E+02     -0.1536061E-16
  -0.2387383E+02     -0.2487965E-16
  -0.2380571E+02      0.5007980E-17
  -0.2373760E+02      0.2334849E-17
  -0.2366949E+02      0.1167347E-17
  -0.2360137E+02      0.1006682E-16
  -0.2353326E+02     -0.7500500E-17
  -0.2346515E+02      0.1746417E-17
  -0.2339703E+02      0.1969715E-17
  -0.2332892E+02      0.4087178E-17
  -0.2326081E+02      0.1071955E-16
  -0.2319269E+02     -0.2010329E-16
  -0.2312458E+02     -0.8803653E-17
  -0.2305646E+02      0.2858909E-17
  -0.2298835E+02      0.7113645E-17
  -0.2292024E+02     -0.4250851E-17
  -0.2285212E+02      0.9600832E-17
  -0.2278401E+02     -0.1369858E-17
  -0.2271590E+02     -0.1936639E-17
  -0.2264778E+02      0.1086573E-16
  -0.2257967E+02     -0.2381160E-17
  -0.2251156E+02      0.1845077E-17
  -0.2244344E+02     -0.1976255E-16
  -0.2237533E+02      0.8016127E-17
  -0.2230721E+02      0.1749804E-16
  -0.2223910E+02     -0.6866783E-18
  -0.2217099E+02     -0.1272851E-17
  -0.2210287E+02      0.5800032E-17
  -0.2203476E+02     -0.3401124E-17
  -0.2196665E+02      0.5940373E-17
  -0.2189853E+02      0.2468785E-17
  -0.2183042E+02     -0.4952470E-17
  -0.2176231E+02      0.7290898E-17
  -0.2169419E+02     -0.1171685E-16
  -0.2162608E+02      0.9470271E-17
  -0.2155796E+02     -0.3263530E-17
  -0.2148985E+02     -0.5603341E-17
  -0.2142174E+02     -0.1131342E-18
  -0.2135362E+02     -0.5219332E-17
  -0.2128551E+02     -0.2005926E-17
  -0.2121740E+02      0.5256814E-17
  -0.2114928E+02      0.8027834E-18
  -0.2108117E+02      0.9762465E-17
  -0.2101306E+02      0.7499971E-17
  -0.2094494E+02     -0.2192036E-17
  -0.2087683E+02      0.4945763E-17
  -0.2080871E+02      0.1104581E-16
  -0.2074060E+02      0.1358903E-17
  -0.2067249E+02      0.2306750E-17
  -0.2060437E+02      0.3792361E-17
  -0.2053626E+02      0.1341048E-16
  -0.2046815E+02      0.6564175E-17
  -0.2040003E+02     -0.1326316E-16
  -0.2033192E+02      0.9033363E-17
  -0.2026381E+02     -0.6855404E-17
  -0.2019569E+02      0.1262220E-16
  -0.2012758E+02      0.1004203E-16
  -0.2005946E+02     -0.1163794E-16
  -0.1999135E+02     -0.1117625E-16
  -0.1992324E+02     -0.6090494E-17
  -0.1985512E+02     -0.6516227E-17
  -0.1978701E+02     -0.1984958E-17
  -0.1971890E+02      0.3717246E-17
  -0.1965078E+02     -0.1512127E-16
  -0.1958267E+02      0.1425618E-17
  -0.1951456E+02     -0.1323650E-16
  -0.1944644E+02     -0.5790267E-17
  -0.1937833E+02     -0.2459688E-17
  -0.1931021E+02      0.5114860E-17
  -0.1924210E+02     -0.5793116E-18
  -0.1917399E+02      0.1200199E-16
  -0.1910587E+02     -0.6604525E-17
  -0.1903776E+02     -0.6321197E-17
  -0.1896965E+02     -0.3967773E-17
  -0.1890153E+02      0.1589454E-17
  -0.1883342E+02      0.6458201E-17
  -0.1876531E+02      0.6645757E-17
  -0.1869719E+02     -0.3602650E-17
  -0.1862908E+02      0.7392671E-17
  -0.1856096E+02     -0.1260775E-16
  -0.1849285E+02      0.7387727E-19
  -0.1842474E+02     -0.1297635E-16
  -0.1835662E+02     -0.8372797E-17
  -0.1828851E+02      0.7085165E-17
  -0.1822040E+02      0.1827312E-16
  -0.1815228E+02      0.7329347E-17
  -0.1808417E+02     -0.1731007E-16
  -0.1801606E+02     -0.6078098E-17
  -0.1794794E+02      0.8013577E-17
  -0.1787983E+02      0.5506631E-17
  -0.1781171E+02     -0.2759646E-17
  -0.1774360E+02      0.5346589E-17
  -0.1767549E+02      0.1355485E-17
  -0.1760737E+02     -0.5519009E-17
  -0.1753926E+02      0.3789061E-17
  -0.1747115E+02      0.7983885E-17
  -0.1740303E+02     -0.6996784E-17
  -0.1733492E+02      0.3642024E-17
  -0.1726681E+02     -0.1958633E-17
  -0.1719869E+02     -0.2073063E-16
  -0.1713058E+02      0.5722711E-17
  -0.1706246E+02     -0.9019008E-17
  -0.1699435E+02     -0.3328548E-17
  -0.1692624E+02     -0.8116793E-17
  -0.1685812E+02      0.3574018E-17
  -0.1679001E+02     -0.6834018E-17
  -0.1672190E+02      0.4536934E-17
  -0.1665378E+02      0.3821981E-17
  -0.1658567E+02      0.7282611E-17
  -0.1651756E+02     -0.6488773E-17
  -0.1644944E+02      0.1771108E-17
  -0.1638133E+02      0.6034955E-17
  -0.1631321E+02     -0.4204950E-17
  -0.1624510E+02      0.1799972E-17
  -0.1617699E+02      0.7148314E-17
  -0.1610887E+02     -0.6755891E-18
  -0.1604076E+02     -0.4790318E-17
  -0.1597265E+02      0.1398196E-16
  -0.1590453E+02     -0.4024050E-18
  -0.1583642E+02     -0.5207063E-17
  -0.1576831E+02     -0.9765403E-17
  -0.1570019E+02      0.1981213E-18
  -0.1563208E+02     -0.9156773E-17
  -0.1556397E+02      0.5311294E-17
  -0.1549585E+02     -0.2940446E-17
  -0.1542774E+02     -0.1454559E-17
  -0.1535962E+02      0.5482482E-17
  -0.1529151E+02      0.2367154E-17
  -0.1522340E+02     -0.4276626E-17
  -0.1515528E+02      0.8534456E-17
  -0.1508717E+02      0.9840468E-18
  -0.1501906E+02      0.5627118E-18
  -0.1495094E+02      0.1873776E-17
  -0.1488283E+02      0.4896833E-17
  -0.1481472E+02     -0.1089790E-17
  -0.1474660E+02     -0.1365304E-17
  -0.1467849E+02     -0.4898626E-17
  -0.1461037E+02      0.1110565E-18
  -0.1454226E+02     -0.2233447E-17
  -0.1447415E+02     -0.2359735E-18
  -0.1440603E+02     -0.3573859E-17
  -0.1433792E+02      0.3794790E-17
  -0.1426981E+02     -0.5568113E-17
  -0.1420169E+02     -0.5868125E-17
  -0.1413358E+02      0.1644640E-17
  -0.1406547E+02     -0.3877806E-17
  -0.1399735E+02     -0.1614105E-17
  -0.1392924E+02     -0.2139098E-18
  -0.1386112E+02      0.8227787E-18
  -0.1379301E+02     -0.1132202E-18
  -0.1372490E+02     -0.7868194E-18
  -0.1365678E+02      0.3329345E-17
  -0.1358867E+02     -0.2570877E-17
  -0.1352056E+02      0.1387547E-18
  -0.1345244E+02     -0.1685426E-17
  -0.1338433E+02     -0.1091551E-18
  -0.1331622E+02     -0.2850784E-17
  -0.1324810E+02      0.1235592E-17
  -0.1317999E+02     -0.4275333E-17
  -0.1311187E+02      0.2988637E-17
  -0.1304376E+02     -0.3765520E-17
  -0.1297565E+02     -0.1208163E-17
  -0.1290753E+02     -0.2758847E-17
  -0.1283942E+02     -0.1083636E-17
  -0.1277131E+02     -0.9687320E-18
  -0.1270319E+02     -0.9355629E-18
  -0.1263508E+02     -0.5668423E-17
  -0.1256697E+02     -0.5797351E-17
  -0.1249885E+02      0.2050888E-17
  -0.1243074E+02      0.4092505E-17
  -0.1236262E+02      0.2705141E-18
  -0.1229451E+02     -0.1256537E-17
  -0.1222640E+02     -0.6312167E-18
  -0.1215828E+02     -0.1721106E-17
  -0.1209017E+02      0.2888924E-17
  -0.1202206E+02      0.1765177E-17
  -0.1195394E+02      0.3500813E-17
  -0.1188583E+02      0.5437258E-17
  -0.1181772E+02     -0.4917252E-18
  -0.1174960E+02      0.1550559E-17
  -0.1168149E+02      0.1272981E-17
  -0.1161337E+02      0.1494079E-17
  -0.1154526E+02     -0.3966467E-20
  -0.1147715E+02      0.3586459E-18
  -0.1140903E+02     -0.1151727E-17
  -0.1134092E+02     -0.1456036E-17
  -0.1127281E+02      0.4612424E-18
  -0.1120469E+02      0.1218793E-17
  -0.1113658E+02      0.1064944E-17
  -0.1106847E+02     -0.1350264E-17
  -0.1100035E+02      0.2191617E-18
  -0.1093224E+02      0.8036088E-19
  -0.1086412E+02     -0.2041726E-17
  -0.1079601E+02     -0.2722543E-18
  -0.1072790E+02     -0.1010995E-17
  -0.1065978E+02     -0.6479849E-18
  -0.1059167E+02      0.2777565E-17
  -0.1052356E+02     -0.6878337E-18
  -0.1045544E+02     -0.6556586E-18
  -0.1038733E+02      0.1957159E-17
  -0.1031922E+02     -0.4376808E-17
  -0.1025110E+02      0.1324951E-17
  -0.1018299E+02      0.7388889E-17
  -0.1011487E+02     -0.3812686E-17
  -0.1004676E+02      0.2424542E-18
  -0.9978647E+01      0.5885283E-18
  -0.9910534E+01     -0.1631134E-16
  -0.9842420E+01      0.6520033E-18
  -0.9774306E+01      0.1290548E-16
  -0.9706193E+01     -0.1358784E-16
  -0.9638079E+01     -0.3142193E-16
  -0.9569965E+01     -0.7883882E-17
  -0.9501852E+01      0.1709959E-17
  -0.9433738E+01      0.6309307E-17
  -0.9365624E+01     -0.4253679E-16
  -0.9297511E+01      0.5882450E-17
  -0.9229397E+01      0.4230756E-16
  -0.9161284E+01     -0.2326720E-16
  -0.9093170E+01      0.3347502E-16
  -0.9025056E+01      0.3369720E-16
  -0.8956943E+01     -0.3392964E-16
  -0.8888829E+01      0.1085691E-15
  -0.8820715E+01      0.2021627E-16
  -0.8752602E+01     -0.1790613E-15
  -0.8684488E+01      0.1516629E-16
  -0.8616375E+01      0.5798818E-15
  -0.8548261E+01      0.1361397E-15
  -0.8480147E+01     -0.6617685E-16
  -0.8412034E+01      0.9390763E-16
  -0.8343920E+01      0.3130341E-15
  -0.8275806E+01     -0.5054566E-15
  -0.8207693E+01      0.6807915E-16
  -0.8139579E+01      0.1257687E-14
  -0.8071465E+01     -0.1229638E-14
  -0.8003352E+01      0.4138883E-14
  -0.7935238E+01     -0.1491437E-14
  -0.7867125E+01     -0.5682367E-14
  -0.7799011E+01      0.5805740E-14
  -0.7730897E+01      0.7389564E-14
  -0.7662784E+01      0.4244338E-14
  -0.7594670E+01      0.1376080E-12
  -0.7526556E+01      0.3978152E+01
  -0.7458443E+01      0.1985873E+01
  -0.7390329E+01      0.1499557E+01
  -0.7322215E+01      0.1253255E+01
  -0.7254102E+01      0.1097931E+01
  -0.7185988E+01      0.9884819E+00
  -0.7117875E+01      0.9059568E+00
  -0.7049761E+01      0.8408168E+00
  -0.6981647E+01      0.7876694E+00
  -0.6913534E+01      0.7432078E+00
  -0.6845420E+01      0.5182779E+02
  -0.6777306E+01      0.9509818E+01
  -0.6709193E+01      0.6931427E+01
  -0.6641079E+01      0.5757859E+01
  -0.6572966E+01      0.5045544E+01
  -0.6504852E+01      0.4552076E+01
  -0.6436738E+01      0.4182913E+01
  -0.6368625E+01      0.3892481E+01
  -0.6300511E+01      0.3655715E+01
  -0.6232397E+01      0.3457522E+01
  -0.6164284E+01      0.3288204E+01
  -0.6096170E+01      0.2111795E+02
  -0.6028056E+01      0.1094391E+02
  -0.5959943E+01      0.8794428E+01
  -0.5891829E+01      0.7692452E+01
  -0.5823716E+01      0.6977798E+01
  -0.5755602E+01      0.6458389E+01
  -0.5687488E+01      0.6054638E+01
  -0.5619375E+01      0.5726633E+01
  -0.5551261E+01      0.5451757E+01
  -0.5483147E+01      0.5216048E+01
  -0.5415034E+01      0.5010336E+01
  -0.5346920E+01      0.4828791E+01
  -0.5278807E+01      0.4665258E+01
  -0.5210693E+01      0.4517980E+01
  -0.5142579E+01      0.4383861E+01
  -0.5074466E+01      0.4260902E+01
  -0.5006352E+01      0.4147522E+01
  -0.4938238E+01      0.4042448E+01
  -0.4870125E+01      0.3944643E+01
  -0.4802011E+01      0.3853247E+01
  -0.4733897E+01      0.3767544E+01
  -0.4665784E+01      0.3686930E+01
  -0.4597670E+01      0.1550540E+02
  -0.4529557E+01      0.1034752E+02
  -0.4461443E+01      0.8734313E+01
  -0.4393329E+01      0.7849967E+01
  -0.4325216E+01      0.7260819E+01
  -0.4257102E+01      0.6826205E+01
  -0.4188988E+01      0.6484838E+01
  -0.4120875E+01      0.6205129E+01
  -0.4052761E+01      0.5968893E+01
  -0.3984648E+01      0.5764806E+01
  -0.3916534E+01      0.5585385E+01
  -0.3848420E+01      0.5425456E+01
  -0.3780307E+01      0.5290967E+01
  -0.3712193E+01      0.2267853E+02
  -0.3644079E+01      0.1734796E+02
  -0.3575966E+01      0.1497399E+02
  -0.3507852E+01      0.1353481E+02
  -0.3439738E+01      0.1253311E+02
  -0.3371625E+01      0.1177852E+02
  -0.3303511E+01      0.1118021E+02
  -0.3235398E+01      0.1068857E+02
  -0.3167284E+01      0.1027381E+02
  -0.3099170E+01      0.9916850E+01
  -0.3031057E+01      0.9604824E+01
  -0.2962943E+01      0.9328430E+01
  -0.2894829E+01      0.9081082E+01
  -0.2826716E+01      0.8857919E+01
  -0.2758602E+01      0.8655062E+01
  -0.2690488E+01      0.8469520E+01
  -0.2622375E+01      0.8298915E+01
  -0.2554261E+01      0.8141326E+01
  -0.2486148E+01      0.7995182E+01
  -0.2418034E+01      0.7859182E+01
  -0.2349920E+01      0.7732237E+01
  -0.2281807E+01      0.7613429E+01
  -0.2213693E+01      0.7501977E+01
  -0.2145579E+01      0.7397212E+01
  -0.2077466E+01      0.7298557E+01
  -0.2009352E+01      0.7205509E+01
  -0.1941239E+01      0.7117633E+01
  -0.1873125E+01      0.7034545E+01
  -0.1805011E+01      0.6955907E+01
  -0.1736898E+01      0.6881422E+01
  -0.1668784E+01      0.6810825E+01
  -0.1600670E+01      0.6743882E+01
  -0.1532557E+01      0.6680383E+01
  -0.1464443E+01      0.6620141E+01
  -0.1396329E+01      0.6562990E+01
  -0.1328216E+01      0.6508779E+01
  -0.1260102E+01      0.6457375E+01
  -0.1191989E+01      0.3317200E+02
  -0.1123875E+01      0.1841377E+02
  -0.1055761E+01      0.1584197E+02
  -0.9876477E+00      0.1479160E+02
  -0.9195340E+00      0.1435883E+02
  -0.8514204E+00      0.1433493E+02
  -0.7833068E+00      0.1473476E+02
  -0.7151931E+00      0.1582074E+02
  -0.6470795E+00      0.1880477E+02
  -0.5789659E+00      0.7343824E+02
  -0.5108522E+00      0.6050564E+01
  -0.4427386E+00      0.6026421E+01
  -0.3746250E+00      0.6004270E+01
  -0.3065113E+00      0.1692878E+02
  -0.2383977E+00      0.1220964E+02
  -0.1702841E+00      0.1079917E+02
  -0.1021704E+00      0.1005407E+02
  -0.3405682E-01      0.9576268E+01
   0.3405682E-01      0.9237732E+01
   0.1021704E+00      0.8983035E+01
   0.1702841E+00      0.8783794E+01
   0.2383977E+00      0.8623795E+01
   0.3065113E+00      0.8493032E+01
   0.3746250E+00      0.8384971E+01
   0.4427386E+00      0.8295156E+01
   0.5108522E+00      0.8220446E+01
   0.5789659E+00      0.8158583E+01
   0.6470795E+00      0.6186853E+02
   0.7151931E+00      0.2776813E+02
   0.7833068E+00      0.2297762E+02
   0.8514204E+00      0.2087031E+02
   0.9195340E+00      0.1971689E+02
   0.9876477E+00      0.1905315E+02
   0.1055761E+01      0.1870376E+02
   0.1123875E+01      0.1859818E+02
   0.1191989E+01      0.1871407E+02
   0.1260102E+01      0.1907894E+02
   0.1328216E+01      0.1977219E+02
   0.1396329E+01      0.2099287E+02
   0.1464443E+01      0.2329188E+02
   0.1532557E+01      0.2897122E+02
   0.1600670E+01      0.8263902E+01
   0.1668784E+01      0.8333115E+01
   0.1736898E+01      0.8420129E+01
   0.1805011E+01      0.8520823E+01
   0.1873125E+01      0.8637216E+01
   0.1941239E+01      0.8771914E+01
   0.2009352E+01      0.8928334E+01
   0.2077466E+01      0.9111041E+01
   0.2145579E+01      0.9326283E+01
   0.2213693E+01      0.9582879E+01
   0.2281807E+01      0.9893750E+01
   0.2349920E+01      0.1027875E+02
   0.2418034E+01      0.1077035E+02
   0.2486148E+01      0.1142626E+02
   0.2554261E+01      0.1236206E+02
   0.2622375E+01      0.1385663E+02
   0.2690488E+01      0.1685810E+02
   0.2758602E+01      0.3056162E+02
   0.2826716E+01      0.4924027E+01
   0.2894829E+01      0.4987481E+01
   0.2962943E+01      0.5058222E+01
   0.3031057E+01      0.5137202E+01
   0.3099170E+01      0.5225603E+01
   0.3167284E+01      0.5324919E+01
   0.3235398E+01      0.5437089E+01
   0.3303511E+01      0.5564718E+01
   0.3371625E+01      0.5711482E+01
   0.3439738E+01      0.5882978E+01
   0.3507852E+01      0.6088780E+01
   0.3575966E+01      0.6348826E+01
   0.3644079E+01      0.6723561E+01
   0.3712193E+01      0.7777783E+01
   0.3780307E+01      0.1109180E+02
   0.3848420E+01      0.9939702E+01
   0.3916534E+01      0.9794755E+01
   0.3984648E+01      0.1001802E+02
   0.4052761E+01      0.1053713E+02
   0.4120875E+01      0.1146613E+02
   0.4188988E+01      0.1343444E+02
   0.4257102E+01      0.1019182E+02
   0.4325216E+01      0.1170687E+02
   0.4393329E+01      0.1453943E+02
   0.4461443E+01      0.2206474E+02
   0.4529557E+01      0.2933058E+01
   0.4597670E+01      0.2982344E+01
   0.4665784E+01      0.3051120E+01
   0.4733897E+01      0.3142184E+01
   0.4802011E+01      0.3260497E+01
   0.4870125E+01      0.3413883E+01
   0.4938238E+01      0.3614964E+01
   0.5006352E+01      0.3885171E+01
   0.5074466E+01      0.4264016E+01
   0.5142579E+01      0.4834216E+01
   0.5210693E+01      0.5809182E+01
   0.5278807E+01      0.8023153E+01
   0.5346920E+01      0.4557458E+02
   0.5415034E+01      0.1756559E-11
   0.5483147E+01      0.5183535E-12
   0.5551261E+01      0.1615218E-12
   0.5619375E+01     -0.3951531E-12
   0.5687488E+01     -0.3196437E-12
   0.5755602E+01     -0.2761099E-12
   0.5823716E+01      0.6052593E-13
   0.5891829E+01      0.8849559E-13
   0.5959943E+01     -0.2053638E-13
   0.6028056E+01      0.8038444E-13
   0.6096170E+01     -0.8911172E-13
   0.6164284E+01      0.1227847E-13
   0.6232397E+01     -0.1671170E-13
   0.6300511E+01     -0.1598949E-13
   0.6368625E+01      0.3979866E-13
   0.6436738E+01      0.2490530E-13
   0.6504852E+01      0.6190753E-14
   0.6572966E+01     -0.3119331E-13
   0.6641079E+01      0.3022338E-14
   0.6709193E+01      0.2808316E-13
   0.6777306E+01     -0.4721887E-14
   0.6845420E+01     -0.2178190E-13
   0.6913534E+01     -0.2264484E-13
   0.6981647E+01     -0.1591225E-13
   0.7049761E+01     -0.1326586E-13
   0.7117875E+01     -0.7039241E-14
   0.7185988E+01      0.8953556E-14
   0.7254102E+01     -0.5135589E-14
   0.7322215E+01      0.5831937E-14
   0.7390329E+01     -0.8438005E-14
   0.7458443E+01      0.3318141E-14
   0.7526556E+01      0.6716483E-15
   0.7594670E+01     -0.3363688E-14
   0.7662784E+01      0.9035419E-14
   0.7730897E+01     -0.8426983E-15
   0.7799011E+01     -0.3132241E-14
   0.7867125E+01      0.1230872E-13
   0.7935238E+01      0.6367153E-14
   0.8003352E+01     -0.1757490E-14
   0.8071465E+01      0.1503043E-14
   0.8139579E+01      0.6211464E-15
   0.8207693E+01     -0.3493661E-14
   0.8275806E+01      0.2037495E-14
   0.8343920E+01     -0.1483100E-14
   0.8412034E+01     -0.5421544E-14
   0.8480147E+01     -0.4948363E-14
   0.8548261E+01     -0.3887216E-14
   0.8616375E+01     -0.7068098E-15
   0.8684488E+01      0.2472699E-14
   0.8752602E+01     -0.6348455E-15
   0.8820715E+01     -0.1472242E-14
   0.8888829E+01     -0.9582654E-15
   0.8956943E+01     -0.2231927E-15
   0.9025056E+01      0.3486778E-14
   0.9093170E+01      0.1096441E-14
   0.9161284E+01     -0.1556775E-14
   0.9229397E+01      0.1376654E-14
   0.9297511E+01      0.7083681E-15
   0.9365624E+01     -0.1966858E-14
   0.9433738E+01     -0.1411916E-14
   0.9501852E+01      0.1274400E-14
   0.9569965E+01      0.1174074E-14
   0.9638079E+01     -0.2236364E-14
   0.9706193E+01      0.5399424E-15
   0.9774306E+01      0.8877257E-15
   0.9842420E+01      0.1234412E-14
   0.9910534E+01      0.1746287E-14
   0.9978647E+01      0.2205499E-14
   0.1004676E+02      0.8268333E-15
   0.1011487E+02     -0.3451861E-15
   0.1018299E+02     -0.6281837E-15
   0.1025110E+02      0.5183965E-15
   0.1031922E+02      0.9685137E-16
   0.1038733E+02      0.4744414E-15
   0.1045544E+02     -0.2153438E-14
   0.1052356E+02      0.1647755E-15
   0.1059167E+02     -0.1681776E-14
   0.1065978E+02      0.4596781E-15
   0.1072790E+02     -0.4102199E-15
   0.1079601E+02      0.1733184E-14
   0.1086412E+02     -0.7789376E-15
   0.1093224E+02     -0.7806314E-15
   0.1100035E+02     -0.1188131E-15
   0.1106847E+02     -0.8792196E-15
   0.1113658E+02     -0.6785797E-15
   0.1120469E+02      0.9175863E-15
   0.1127281E+02     -0.1047187E-15
   0.1134092E+02      0.1022429E-14
   0.1140903E+02     -0.2452735E-15
   0.1147715E+02     -0.3287806E-15
   0.1154526E+02      0.4884351E-15
   0.1161337E+02     -0.4853959E-15
   0.1168149E+02     -0.1000107E-14
   0.1174960E+02     -0.8220679E-15
   0.1181772E+02      0.1117281E-14
   0.1188583E+02      0.1123344E-14
   0.1195394E+02      0.2751357E-15
   0.1202206E+02      0.6518279E-15
   0.1209017E+02     -0.3500923E-15
   0.1215828E+02      0.1413403E-15
   0.1222640E+02      0.5693770E-15
   0.1229451E+02      0.4762205E-15
   0.1236262E+02     -0.3137789E-15
   0.1243074E+02      0.2247976E-15
   0.1249885E+02     -0.3672189E-15
   0.1256697E+02      0.4076082E-15
   0.1263508E+02      0.5070103E-15
   0.1270319E+02     -0.1348137E-15
   0.1277131E+02     -0.1002747E-14
   0.1283942E+02      0.5240369E-15
   0.1290753E+02     -0.7079780E-15
   0.1297565E+02      0.2543941E-15
   0.1304376E+02     -0.8738538E-15
   0.1311187E+02      0.1282850E-14
   0.1317999E+02      0.1222858E-15
   0.1324810E+02     -0.3677705E-15
   0.1331622E+02     -0.6803482E-15
   0.1338433E+02     -0.5005958E-15
   0.1345244E+02      0.7206935E-15
   0.1352056E+02      0.2352760E-15
   0.1358867E+02      0.5216839E-15
   0.1365678E+02     -0.8314371E-16
   0.1372490E+02      0.3672908E-15
   0.1379301E+02      0.5717591E-15
   0.1386112E+02      0.1251276E-14
   0.1392924E+02     -0.4631102E-15
   0.1399735E+02      0.7434599E-15
   0.1406547E+02      0.1656204E-15
   0.1413358E+02     -0.4445578E-15
   0.1420169E+02     -0.3582868E-15
   0.1426981E+02     -0.3558962E-15
   0.1433792E+02     -0.4353092E-15
   0.1440603E+02      0.7810881E-15
   0.1447415E+02     -0.7024624E-15
   0.1454226E+02      0.8808963E-15
   0.1461037E+02     -0.4287950E-15
   0.1467849E+02      0.1327853E-15
   0.1474660E+02      0.4402406E-15
   0.1481472E+02     -0.1312571E-16
   0.1488283E+02      0.3941991E-15
   0.1495094E+02     -0.2556613E-15
   0.1501906E+02     -0.4843341E-15
   0.1508717E+02      0.5904774E-16
   0.1515528E+02     -0.4367440E-15
   0.1522340E+02     -0.4686084E-16
   0.1529151E+02      0.6386293E-15
   0.1535962E+02     -0.3237507E-15
   0.1542774E+02     -0.3851228E-15
   0.1549585E+02     -0.6384553E-15
   0.1556397E+02      0.6244062E-15
   0.1563208E+02     -0.1501733E-16
   0.1570019E+02      0.3870226E-16
   0.1576831E+02      0.7007218E-15
   0.1583642E+02      0.6049454E-15
   0.1590453E+02     -0.1495587E-15
   0.1597265E+02     -0.2383665E-15
   0.1604076E+02      0.4870666E-16
   0.1610887E+02      0.1614916E-15
   0.1617699E+02     -0.7777202E-15
   0.1624510E+02      0.2244670E-15
   0.1631321E+02      0.3442605E-15
   0.1638133E+02     -0.3914381E-15
   0.1644944E+02     -0.5900717E-15
   0.1651756E+02     -0.7147167E-16
   0.1658567E+02      0.1710737E-15
   0.1665378E+02      0.3278088E-15
   0.1672190E+02      0.6843536E-16
   0.1679001E+02      0.2515195E-15
   0.1685812E+02     -0.7402073E-17
   0.1692624E+02     -0.4465834E-15
   0.1699435E+02      0.3022435E-16
   0.1706246E+02      0.6732767E-16
   0.1713058E+02     -0.5264440E-16
   0.1719869E+02      0.1481771E-15
   0.1726681E+02      0.5040436E-15
   0.1733492E+02     -0.1020269E-15
   0.1740303E+02      0.5997440E-16
   0.1747115E+02     -0.1871742E-15
   0.1753926E+02     -0.1206975E-15
   0.1760737E+02      0.2078352E-15
   0.1767549E+02      0.2356353E-15
   0.1774360E+02      0.2964898E-15
   0.1781171E+02     -0.2964765E-15
   0.1787983E+02     -0.2859325E-15
   0.1794794E+02     -0.8956346E-16
   0.1801606E+02     -0.3022570E-15
   0.1808417E+02      0.7944093E-16
   0.1815228E+02      0.3043531E-15
   0.1822040E+02     -0.2220031E-16
   0.1828851E+02      0.3573013E-16
   0.1835662E+02     -0.1936293E-15
   0.1842474E+02     -0.1210902E-15
   0.1849285E+02      0.2730283E-15
   0.1856096E+02      0.2305520E-15
   0.1862908E+02     -0.1894482E-16
   0.1869719E+02      0.4235003E-16
   0.1876531E+02     -0.2753619E-15
   0.1883342E+02     -0.2185347E-15
   0.1890153E+02     -0.2914684E-15
   0.1896965E+02     -0.1455209E-15
   0.1903776E+02      0.3343644E-15
   0.1910587E+02      0.4444692E-15
   0.1917399E+02      0.2189241E-15
   0.1924210E+02      0.2132408E-15
   0.1931021E+02     -0.1929417E-15
   0.1937833E+02      0.2649606E-15
   0.1944644E+02     -0.9917110E-16
   0.1951456E+02     -0.1872503E-15
   0.1958267E+02     -0.1966830E-15
   0.1965078E+02     -0.4839978E-15
   0.1971890E+02      0.2620923E-15
   0.1978701E+02      0.8018863E-16
   0.1985512E+02     -0.3381339E-17
   0.1992324E+02     -0.1232278E-15
   0.1999135E+02      0.1718799E-16
   0.2005946E+02      0.1081556E-15
   0.2012758E+02     -0.3599707E-15
   0.2019569E+02     -0.1839461E-15
   0.2026381E+02      0.6739422E-16
   0.2033192E+02     -0.1091291E-15
   0.2040003E+02     -0.2500183E-16
   0.2046815E+02      0.3391651E-15
   0.2053626E+02     -0.4807499E-15
   0.2060437E+02      0.2992349E-15
   0.2067249E+02      0.2552271E-15
   0.2074060E+02      0.1343437E-15
   0.2080871E+02      0.5502460E-16
   0.2087683E+02     -0.2243545E-15
   0.2094494E+02      0.5054061E-16
   0.2101306E+02      0.4782321E-15
   0.2108117E+02     -0.2770950E-15
   0.2114928E+02      0.6010723E-16
   0.2121740E+02     -0.4960316E-16
   0.2128551E+02      0.7726247E-16
   0.2135362E+02      0.2175471E-15
   0.2142174E+02      0.3700925E-15
   0.2148985E+02     -0.6085809E-16
   0.2155796E+02     -0.1645398E-15
   0.2162608E+02      0.2671759E-15
   0.2169419E+02      0.1953085E-15
   0.2176231E+02      0.1877394E-15
   0.2183042E+02      0.2043983E-15
   0.2189853E+02      0.2369451E-15
   0.2196665E+02     -0.2783025E-15
   0.2203476E+02     -0.2211986E-15
   0.2210287E+02      0.6541619E-17
   0.2217099E+02      0.2344630E-15
   0.2223910E+02     -0.1525223E-15
   0.2230721E+02      0.5102557E-16
   0.2237533E+02      0.1398607E-15
   0.2244344E+02      0.6826941E-16
   0.2251156E+02      0.1518721E-15
   0.2257967E+02     -0.8292814E-16
   0.2264778E+02     -0.1399393E-15
   0.2271590E+02      0.8112138E-16
   0.2278401E+02     -0.2068717E-15
   0.2285212E+02     -0.2796807E-16
   0.2292024E+02      0.8800454E-16
   0.2298835E+02     -0.1606337E-15
   0.2305646E+02      0.3443876E-16
   0.2312458E+02      0.7049977E-16
   0.2319269E+02      0.1612142E-15
   0.2326081E+02      0.1774256E-15
   0.2332892E+02      0.3114229E-16
   0.2339703E+02     -0.1295179E-15
   0.2346515E+02      0.2006311E-15
   0.2353326E+02      0.2952132E-15
   0.2360137E+02     -0.1496028E-15
   0.2366949E+02     -0.7785076E-16
   0.2373760E+02      0.1351703E-15
   0.2380571E+02     -0.8297613E-16
   0.2387383E+02     -0.1181923E-15
   0.2394194E+02     -0.1671109E-15
   0.2401006E+02      0.1086737E-15
   0.2407817E+02      0.4090963E-16
   0.2414628E+02      0.1430757E-16
   0.2421440E+02     -0.1664546E-15
   0.2428251E+02     -0.2476520E-16
   0.2435062E+02      0.3002046E-15
   0.2441874E+02     -0.2024533E-15
   0.2448685E+02      0.3306912E-16
   0.2455496E+02      0.1171030E-15
   0.2462308E+02      0.4332472E-17
   0.2469119E+02      0.3715989E-16
   0.2475931E+02     -0.7632217E-16
   0.2482742E+02      0.1512990E-15
   0.2489553E+02      0.5639894E-16
   0.2496365E+02      0.1513546E-16
   0.2503176E+02      0.7756682E-16
   0.2509987E+02     -0.1134447E-15
   0.2516799E+02     -0.1161450E-15
   0.2523610E+02      0.1950075E-15
   0.2530421E+02     -0.2384662E-16
   0.2537233E+02     -0.1967503E-15
   0.2544044E+02     -0.9446397E-16
   0.2550856E+02      0.8273465E-16
   0.2557667E+02     -0.5636079E-16
   0.2564478E+02     -0.1107502E-15
   0.2571290E+02      0.4690865E-16
   0.2578101E+02      0.3372293E-16
   0.2584912E+02      0.2040389E-16
   0.2591724E+02      0.1653945E-15
   0.2598535E+02      0.4417813E-16
   0.2605346E+02     -0.1821067E-16
   0.2612158E+02      0.8722911E-16
   0.2618969E+02     -0.6208282E-16
   0.2625781E+02     -0.1658572E-15
   0.2632592E+02     -0.3695228E-16
   0.2639403E+02     -0.8434994E-16
   0.2646215E+02      0.9239071E-16
   0.2653026E+02     -0.1249661E-16
   0.2659837E+02     -0.6289538E-16
   0.2666649E+02      0.9743570E-16
   0.2673460E+02     -0.2889626E-16
   0.2680271E+02     -0.6912021E-16
   0.2687083E+02      0.1682469E-16
   0.2693894E+02      0.1686414E-15
   0.2700706E+02      0.1045864E-15
   0.2707517E+02      0.1539626E-15
   0.2714328E+02      0.1225173E-15
   0.2721140E+02      0.2993215E-17
 &
