 iscf   Eharris(eV)      E_KS(eV)   FreeEng(eV)    dHmax    dDmax   Ef(eV)
    1   -99564.5781   -99526.7932   -99526.7932  0.90187  0.90187  0.00000
    2   -99564.5487   -99527.4782   -99527.4782  0.03447  0.88383  0.00000
    3   -99485.2353   -99473.2190   -99473.2190  1.73171  0.06512  0.00000
    4   -99527.4458   -99515.7236   -99515.7236  1.18611  0.07920  0.00000
    5   -99536.5508   -99538.9311   -99538.9311  0.78992  0.05267  0.00000
    6   -99541.1695   -99538.2699   -99538.2699  0.66616  0.04155  0.00000
    7   -99547.7533   -99541.8872   -99541.8872  0.69581  0.19236  0.00000
    8   -99522.7934   -99521.8372   -99521.8372  1.88290  0.07785  0.00000
    9   -99503.0780   -99502.3951   -99502.3951  2.47095  0.17805  0.00000
   10   -99456.7181   -99459.2240   -99459.2240  3.26515  0.04487  0.00000
   11   -99473.3179   -99488.5565   -99488.5565  2.67186  0.22069  0.00000
   12   -99533.5852   -99518.7577   -99518.7577  1.11913  0.13774  0.00000
   13   -99524.7325   -99526.4234   -99526.4234  1.67698  0.04239  0.00000
   14   -99520.5585   -99528.1182   -99528.1182  1.59292  0.07438  0.00000
   15   -99539.8287   -99539.4102   -99539.4102  0.19450  0.04893  0.00000
   16   -99528.3705   -99539.6330   -99539.6330  0.40265  0.08347  0.00000
   17   -99506.3928   -99507.8775   -99507.8775  1.44377  0.03420  0.00000
   18   -99497.5913   -99500.1369   -99500.1369  1.63022  0.03917  0.00000
   19   -99485.3605   -99480.1558   -99480.1558  2.15049  0.06348  0.00000
   20   -99516.8612   -99514.7503   -99514.7503  1.21402  0.04102  0.00000
   21   -99525.3715   -99523.5862   -99523.5862  0.83711  0.02114  0.00000
   22   -99529.5820   -99530.4800   -99530.4800  0.48537  0.01428  0.00000
   23   -99533.0577   -99527.8103   -99527.8103  0.62569  0.04174  0.00000
   24   -99535.0777   -99537.8677   -99537.8677  0.31340  0.01616  0.00000
   25   -99532.8874   -99534.1278   -99534.1278  0.26952  0.08602  0.00000
   26   -99531.8735   -99533.4107   -99533.4107  0.28748  0.03111  0.00000
   27   -99532.6604   -99530.1875   -99530.1875  0.49942  0.01538  0.00000
   28   -99534.9129   -99535.1283   -99535.1283  0.14518  0.04668  0.00000
   29   -99538.1795   -99535.2520   -99535.2520  0.08383  0.06242  0.00000
   30   -99535.5164   -99537.2982   -99537.2982  0.47846  0.02244  0.00000
   31   -99536.3280   -99536.4652   -99536.4652  0.18449  0.02143  0.00000
   32   -99533.1882   -99536.1632   -99536.1632  0.24528  0.03530  0.00000
   33   -99532.7101   -99530.9346   -99530.9346  0.37787  0.03195  0.00000
   34   -99534.7012   -99534.6117   -99534.6117  0.12655  0.02078  0.00000
   35   -99535.3883   -99534.6321   -99534.6321  0.12067  0.03219  0.00000
   36   -99536.3658   -99535.7646   -99535.7646  0.09439  0.05733  0.00000
   37   -99531.9913   -99536.0512   -99536.0512  0.07919  0.04348  0.00000
   38   -99529.5893   -99526.0661   -99526.0661  0.64750  0.04196  0.00000
   39   -99536.3406   -99535.1702   -99535.1702  0.11628  0.08893  0.00000
   40   -99536.6384   -99536.4619   -99536.4619  0.15467  0.00697  0.00000
   41   -99536.9949   -99536.6701   -99536.6701  0.14976  0.00552  0.00000
   42   -99537.4945   -99537.0392   -99537.0392  0.12214  0.01170  0.00000
   43   -99537.3048   -99537.5612   -99537.5612  0.10998  0.02949  0.00000
   44   -99537.1947   -99537.2039   -99537.2039  0.06696  0.01871  0.00000
   45   -99536.1264   -99537.2547   -99537.2547  0.02974  0.03799  0.00000
   46   -99535.0917   -99534.7749   -99534.7749  0.30065  0.01644  0.00000
   47   -99537.1910   -99535.8454   -99535.8454  0.19343  0.06169  0.00000
   48   -99536.0239   -99537.7629   -99537.7629  0.06531  0.06229  0.00000
   49   -99534.2674   -99534.3129   -99534.3129  0.34065  0.00054  0.00000
   50   -99534.4128   -99534.2062   -99534.2062  0.34681  0.00932  0.00000
   51   -99535.6420   -99534.6903   -99534.6903  0.32808  0.03594  0.00000
   52   -99535.6963   -99536.8528   -99536.8528  0.09615  0.04511  0.00000
   53   -99533.9503   -99533.8385   -99533.8385  0.40711  0.00331  0.00000
   54   -99534.2210   -99534.1439   -99534.1439  0.38421  0.00600  0.00000
   55   -99534.4647   -99534.6760   -99534.6760  0.31986  0.00253  0.00000
   56   -99534.1036   -99534.1622   -99534.1622  0.35687  0.00213  0.00000
   57   -99536.1922   -99533.9559   -99533.9559  0.37565  0.08031  0.00000
   58   -99536.7017   -99538.0250   -99538.0250  0.09667  0.05714  0.00000
   59   -99535.6638   -99536.2360   -99536.2360  0.15653  0.01653  0.00000
   60   -99534.0162   -99534.5626   -99534.5626  0.34291  0.01672  0.00000
   61   -99534.3942   -99533.1794   -99533.1794  0.44164  0.03569  0.00000
   62   -99535.8937   -99536.1602   -99536.1602  0.17665  0.00839  0.00000
   63   -99535.5741   -99535.6865   -99535.6865  0.21768  0.00642  0.00000
   64   -99535.4616   -99535.4309   -99535.4309  0.24605  0.01099  0.00000
   65   -99535.5457   -99535.2229   -99535.2229  0.29272  0.01620  0.00000
   66   -99537.2861   -99535.8484   -99535.8484  0.22908  0.05183  0.00000
   67   -99536.8113   -99538.1647   -99538.1647  0.07847  0.05780  0.00000
   68   -99535.9813   -99536.1763   -99536.1763  0.19238  0.00446  0.00000
   69   -99537.3889   -99535.7906   -99535.7906  0.22922  0.04131  0.00000
   70   -99538.3512   -99538.2321   -99538.2321  0.08719  0.00243  0.00000
   71   -99538.3982   -99538.3549   -99538.3549  0.10329  0.00596  0.00000
   72   -99538.4598   -99538.4165   -99538.4165  0.07455  0.00643  0.00000
   73   -99539.4038   -99538.4661   -99538.4661  0.08053  0.03272  0.00000
   74   -99537.9405   -99539.2934   -99539.2934  0.20210  0.04587  0.00000
   75   -99537.7391   -99537.9429   -99537.9429  0.02665  0.00612  0.00000
   76   -99537.7651   -99537.6634   -99537.6634  0.05853  0.00253  0.00000
   77   -99537.8324   -99537.8031   -99537.8031  0.04132  0.00125  0.00000
   78   -99538.0834   -99537.8316   -99537.8316  0.04190  0.00762  0.00000
   79   -99538.0718   -99538.1614   -99538.1614  0.00281  0.00292  0.00000
   80   -99538.1955   -99538.0404   -99538.0404  0.01968  0.00485  0.00000
   81   -99538.1254   -99538.2379   -99538.2379  0.00563  0.00367  0.00000
   82   -99538.1814   -99538.0929   -99538.0929  0.01472  0.00298  0.00000
   83   -99538.2119   -99538.2067   -99538.2067  0.00102  0.00040  0.00000
   84   -99538.1944   -99538.2135   -99538.2135  0.00241  0.00060  0.00000
   85   -99538.2000   -99538.1897   -99538.1897  0.00124  0.00025  0.00000
   86   -99538.1957   -99538.2031   -99538.2031  0.00068  0.00025  0.00000
   87   -99538.1957   -99538.1937   -99538.1937  0.00073  0.00010  0.00000
   88   -99538.1928   -99538.1967   -99538.1967  0.00025  0.00013  0.00000
   89   -99538.1922   -99538.1922   -99538.1922  0.00052  0.00009  0.00000
   90   -99538.1922   -99538.1924   -99538.1924  0.00033  0.00002  0.00000
   91   -99538.1915   -99538.1923   -99538.1923  0.00027  0.00003  0.00000
   92   -99538.1913   -99538.1917   -99538.1917  0.00015  0.00001  0.00000
   93   -99538.1889   -99538.1914   -99538.1914  0.00017  0.00004  0.00000
   94   -99538.1867   -99538.1891   -99538.1891  0.00019  0.00004  0.00000
   95   -99538.1867   -99538.1865   -99538.1865  0.00017  0.00000  0.00000
   96   -99538.1828   -99538.1866   -99538.1866  0.00014  0.00006  0.00000
   97   -99538.1819   -99538.1828   -99538.1828  0.00015  0.00001  0.00000
   98   -99538.1812   -99538.1818   -99538.1818  0.00013  0.00001  0.00000
   99   -99538.1805   -99538.1812   -99538.1812  0.00010  0.00002  0.00000
  100   -99538.1789   -99538.1804   -99538.1804  0.00011  0.00003  0.00000
  101   -99538.1786   -99538.1790   -99538.1790  0.00007  0.00001  0.00000
