cpu-bind=MASK - cn1000, task  0  0 [59527]: mask 0xffffffffffffffff set
--------------------------------------------------------------------------
Open MPI failed an OFI Libfabric library call (fi_domain).  This is highly
unusual; your job may behave unpredictably (and/or abort) after this.

  Local host: cn1128
  Location: mtl_ofi_component.c:928
  Error: No data available (61)
--------------------------------------------------------------------------
[cn1000.scarf.rl.ac.uk:60516] 239 more processes have sent help message help-mtl-ofi.txt / OFI call fail
[cn1000.scarf.rl.ac.uk:60516] Set MCA parameter "orte_base_help_aggregate" to 0 to see all help / error messages
--------------------------------------------------------------------------
Open MPI failed an OFI Libfabric library call (fi_domain).  This is highly
unusual; your job may behave unpredictably (and/or abort) after this.

  Local host: cn1130
  Location: mtl_ofi_component.c:928
  Error: No data available (61)
--------------------------------------------------------------------------
[cn1000.scarf.rl.ac.uk:61783] 239 more processes have sent help message help-mtl-ofi.txt / OFI call fail
[cn1000.scarf.rl.ac.uk:61783] Set MCA parameter "orte_base_help_aggregate" to 0 to see all help / error messages
[1678912550.327482] [cn1000:61850:0]          mpool.c:43   UCX  WARN  object 0xa8e8540 was not returned to mpool ucp_requests
[1678912550.315374] [cn1128:52848:0]          mpool.c:43   UCX  WARN  object 0xad36600 was not returned to mpool ucp_requests
[1678912550.315424] [cn1128:52846:0]          mpool.c:43   UCX  WARN  object 0x619d5c0 was not returned to mpool ucp_requests
[1678912550.315514] [cn1128:52850:0]          mpool.c:43   UCX  WARN  object 0xbbaa280 was not returned to mpool ucp_requests
[1678912550.327744] [cn1000:61862:0]          mpool.c:43   UCX  WARN  object 0xb380e40 was not returned to mpool ucp_requests
[1678912550.327783] [cn1000:61872:0]          mpool.c:43   UCX  WARN  object 0xb705e40 was not returned to mpool ucp_requests
[1678912550.327802] [cn1000:61857:0]          mpool.c:43   UCX  WARN  object 0x5a1fb00 was not returned to mpool ucp_requests
[1678912550.327932] [cn1000:61876:0]          mpool.c:43   UCX  WARN  object 0xc3e9040 was not returned to mpool ucp_requests
[1678912550.328134] [cn1000:61854:0]          mpool.c:43   UCX  WARN  object 0x52c8ec0 was not returned to mpool ucp_requests
[1678912550.328306] [cn1000:61868:0]          mpool.c:43   UCX  WARN  object 0xb4705c0 was not returned to mpool ucp_requests
[1678912550.328464] [cn1000:61859:0]          mpool.c:43   UCX  WARN  object 0x5159140 was not returned to mpool ucp_requests
[1678912550.328795] [cn1000:61865:0]          mpool.c:43   UCX  WARN  object 0x5d0b780 was not returned to mpool ucp_requests
[1678912550.329237] [cn1000:61878:0]          mpool.c:43   UCX  WARN  object 0xaf84cc0 was not returned to mpool ucp_requests
-1.0987820289E+001
rm: cannot remove ‘IV.log’: No such file or directory
rm: cannot remove ‘VI.log’: No such file or directory
--------------------------------------------------------------------------
Open MPI failed an OFI Libfabric library call (fi_domain).  This is highly
unusual; your job may behave unpredictably (and/or abort) after this.

  Local host: cn1000
  Location: mtl_ofi_component.c:928
  Error: No data available (61)
--------------------------------------------------------------------------
[cn1000.scarf.rl.ac.uk:62439] 239 more processes have sent help message help-mtl-ofi.txt / OFI call fail
[cn1000.scarf.rl.ac.uk:62439] Set MCA parameter "orte_base_help_aggregate" to 0 to see all help / error messages
[1678935212.053995] [cn1000:62533:0]          mpool.c:43   UCX  WARN  object 0x5a6a880 was not returned to mpool ucp_requests
[1678935212.054551] [cn1000:62507:0]          mpool.c:43   UCX  WARN  object 0x5d3f900 was not returned to mpool ucp_requests
[1678935212.054480] [cn1000:62509:0]          mpool.c:43   UCX  WARN  object 0xc2d47c0 was not returned to mpool ucp_requests
[1678935212.054565] [cn1000:62511:0]          mpool.c:43   UCX  WARN  object 0xbfbb400 was not returned to mpool ucp_requests
[1678935212.054317] [cn1000:62515:0]          mpool.c:43   UCX  WARN  object 0xae0f9c0 was not returned to mpool ucp_requests
[1678935212.054365] [cn1000:62518:0]          mpool.c:43   UCX  WARN  object 0x5dea5c0 was not returned to mpool ucp_requests
[1678935212.054401] [cn1000:62520:0]          mpool.c:43   UCX  WARN  object 0xa64a700 was not returned to mpool ucp_requests
[1678935212.054470] [cn1000:62524:0]          mpool.c:43   UCX  WARN  object 0xbbe9480 was not returned to mpool ucp_requests
[1678935212.054657] [cn1000:62526:0]          mpool.c:43   UCX  WARN  object 0x53c7ac0 was not returned to mpool ucp_requests
[1678935212.055608] [cn1000:62529:0]          mpool.c:43   UCX  WARN  object 0x622e100 was not returned to mpool ucp_requests
[1678935212.057050] [cn1128:53496:0]          mpool.c:43   UCX  WARN  object 0x6004540 was not returned to mpool ucp_requests
[1678935212.057115] [cn1128:53501:0]          mpool.c:43   UCX  WARN  object 0x658d740 was not returned to mpool ucp_requests
[1678935212.057214] [cn1128:53503:0]          mpool.c:43   UCX  WARN  object 0xc3d50c0 was not returned to mpool ucp_requests
--------------------------------------------------------------------------
Open MPI failed an OFI Libfabric library call (fi_domain).  This is highly
unusual; your job may behave unpredictably (and/or abort) after this.

  Local host: cn1129
  Location: mtl_ofi_component.c:928
  Error: No data available (61)
--------------------------------------------------------------------------
[cn1000.scarf.rl.ac.uk:47535] 239 more processes have sent help message help-mtl-ofi.txt / OFI call fail
[cn1000.scarf.rl.ac.uk:47535] Set MCA parameter "orte_base_help_aggregate" to 0 to see all help / error messages
[1678947408.883850] [cn1000:47890:0]          mpool.c:43   UCX  WARN  object 0xb1eb280 was not returned to mpool ucp_requests
[1678947408.883883] [cn1000:47887:0]          mpool.c:43   UCX  WARN  object 0x6390b80 was not returned to mpool ucp_requests
[1678947408.883896] [cn1000:47892:0]          mpool.c:43   UCX  WARN  object 0x6bae680 was not returned to mpool ucp_requests
[1678947408.884034] [cn1000:47888:0]          mpool.c:43   UCX  WARN  object 0xb806bc0 was not returned to mpool ucp_requests
[1678947408.884173] [cn1000:47889:0]          mpool.c:43   UCX  WARN  object 0xc2522c0 was not returned to mpool ucp_requests
[1678947408.884154] [cn1000:47891:0]          mpool.c:43   UCX  WARN  object 0xb1e6c00 was not returned to mpool ucp_requests
[1678947408.884085] [cn1000:47893:0]          mpool.c:43   UCX  WARN  object 0xab5e6c0 was not returned to mpool ucp_requests
[1678947408.884059] [cn1000:47894:0]          mpool.c:43   UCX  WARN  object 0xb297b80 was not returned to mpool ucp_requests
[1678947408.884306] [cn1000:47895:0]          mpool.c:43   UCX  WARN  object 0xa56f440 was not returned to mpool ucp_requests
[1678947408.884306] [cn1000:47899:0]          mpool.c:43   UCX  WARN  object 0x6110c00 was not returned to mpool ucp_requests
[1678947408.884693] [cn1128:38045:0]          mpool.c:43   UCX  WARN  object 0xaa838c0 was not returned to mpool ucp_requests
[1678947408.884732] [cn1128:38048:0]          mpool.c:43   UCX  WARN  object 0xbb10ec0 was not returned to mpool ucp_requests
[1678947408.886915] [cn1128:38047:0]          mpool.c:43   UCX  WARN  object 0xc1ea100 was not returned to mpool ucp_requests
--------------------------------------------------------------------------
Open MPI failed an OFI Libfabric library call (fi_domain).  This is highly
unusual; your job may behave unpredictably (and/or abort) after this.

  Local host: cn1000
  Location: mtl_ofi_component.c:928
  Error: No data available (61)
--------------------------------------------------------------------------
[cn1000.scarf.rl.ac.uk:11312] 239 more processes have sent help message help-mtl-ofi.txt / OFI call fail
[cn1000.scarf.rl.ac.uk:11312] Set MCA parameter "orte_base_help_aggregate" to 0 to see all help / error messages
[1678961909.956256] [cn1000:11352:0]          mpool.c:43   UCX  WARN  object 0xac25340 was not returned to mpool ucp_requests
[1678961909.957068] [cn1000:11349:0]          mpool.c:43   UCX  WARN  object 0xc1f5780 was not returned to mpool ucp_requests
[1678961909.958276] [cn1000:11350:0]          mpool.c:43   UCX  WARN  object 0xb758600 was not returned to mpool ucp_requests
[1678961909.957329] [cn1000:11351:0]          mpool.c:43   UCX  WARN  object 0xad16a80 was not returned to mpool ucp_requests
[1678961909.956478] [cn1000:11353:0]          mpool.c:43   UCX  WARN  object 0xc549100 was not returned to mpool ucp_requests
[1678961909.956565] [cn1000:11354:0]          mpool.c:43   UCX  WARN  object 0x684d640 was not returned to mpool ucp_requests
[1678961909.956485] [cn1000:11355:0]          mpool.c:43   UCX  WARN  object 0xa731600 was not returned to mpool ucp_requests
[1678961909.956522] [cn1000:11356:0]          mpool.c:43   UCX  WARN  object 0xbef0780 was not returned to mpool ucp_requests
[1678961909.956691] [cn1000:11357:0]          mpool.c:43   UCX  WARN  object 0x5defd40 was not returned to mpool ucp_requests
[1678961909.956844] [cn1000:11358:0]          mpool.c:43   UCX  WARN  object 0xb092b80 was not returned to mpool ucp_requests
[1678961909.956534] [cn1128:356  :0]          mpool.c:43   UCX  WARN  object 0xa20d440 was not returned to mpool ucp_requests
[1678961909.956533] [cn1128:357  :0]          mpool.c:43   UCX  WARN  object 0xa8a1ec0 was not returned to mpool ucp_requests
[1678961909.958104] [cn1128:358  :0]          mpool.c:43   UCX  WARN  object 0xb3c0480 was not returned to mpool ucp_requests
--------------------------------------------------------------------------
Open MPI failed an OFI Libfabric library call (fi_domain).  This is highly
unusual; your job may behave unpredictably (and/or abort) after this.

  Local host: cn1000
  Location: mtl_ofi_component.c:928
  Error: No data available (61)
--------------------------------------------------------------------------
[cn1000.scarf.rl.ac.uk:43279] 239 more processes have sent help message help-mtl-ofi.txt / OFI call fail
[cn1000.scarf.rl.ac.uk:43279] Set MCA parameter "orte_base_help_aggregate" to 0 to see all help / error messages
[1678968112.642732] [cn1000:43322:0]          mpool.c:43   UCX  WARN  object 0x6978500 was not returned to mpool ucp_requests
[1678968112.643512] [cn1000:43316:0]          mpool.c:43   UCX  WARN  object 0xb851100 was not returned to mpool ucp_requests
[1678968112.642805] [cn1000:43317:0]          mpool.c:43   UCX  WARN  object 0x5ebd900 was not returned to mpool ucp_requests
[1678968112.644171] [cn1000:43318:0]          mpool.c:43   UCX  WARN  object 0x6962540 was not returned to mpool ucp_requests
[1678968112.643538] [cn1000:43319:0]          mpool.c:43   UCX  WARN  object 0xb4b0d00 was not returned to mpool ucp_requests
[1678968112.643663] [cn1000:43320:0]          mpool.c:43   UCX  WARN  object 0xb8317c0 was not returned to mpool ucp_requests
[1678968112.643445] [cn1000:43321:0]          mpool.c:43   UCX  WARN  object 0xa6e1a00 was not returned to mpool ucp_requests
[1678968112.642808] [cn1000:43323:0]          mpool.c:43   UCX  WARN  object 0x5962000 was not returned to mpool ucp_requests
[1678968112.643643] [cn1000:43324:0]          mpool.c:43   UCX  WARN  object 0xb352a40 was not returned to mpool ucp_requests
[1678968112.643637] [cn1000:43325:0]          mpool.c:43   UCX  WARN  object 0xbb42400 was not returned to mpool ucp_requests
[1678968112.644018] [cn1128:32331:0]          mpool.c:43   UCX  WARN  object 0x5e8c800 was not returned to mpool ucp_requests
[1678968112.644076] [cn1128:32330:0]          mpool.c:43   UCX  WARN  object 0xb256a40 was not returned to mpool ucp_requests
[1678968112.646422] [cn1128:32329:0]          mpool.c:43   UCX  WARN  object 0xac60f00 was not returned to mpool ucp_requests
--------------------------------------------------------------------------
Open MPI failed an OFI Libfabric library call (fi_domain).  This is highly
unusual; your job may behave unpredictably (and/or abort) after this.

  Local host: cn1135
  Location: mtl_ofi_component.c:928
  Error: No data available (61)
--------------------------------------------------------------------------
[cn1000.scarf.rl.ac.uk:58109] 239 more processes have sent help message help-mtl-ofi.txt / OFI call fail
[cn1000.scarf.rl.ac.uk:58109] Set MCA parameter "orte_base_help_aggregate" to 0 to see all help / error messages
[1678973722.910611] [cn1000:58506:0]          mpool.c:43   UCX  WARN  object 0x593ab80 was not returned to mpool ucp_requests
[1678973722.910588] [cn1000:58508:0]          mpool.c:43   UCX  WARN  object 0xbd3a640 was not returned to mpool ucp_requests
[1678973722.910665] [cn1000:58498:0]          mpool.c:43   UCX  WARN  object 0xc0af6c0 was not returned to mpool ucp_requests
[1678973722.910687] [cn1000:58511:0]          mpool.c:43   UCX  WARN  object 0xbd686c0 was not returned to mpool ucp_requests
[1678973722.910753] [cn1000:58491:0]          mpool.c:43   UCX  WARN  object 0x65a7b40 was not returned to mpool ucp_requests
[1678973722.911693] [cn1000:58493:0]          mpool.c:43   UCX  WARN  object 0xb041600 was not returned to mpool ucp_requests
[1678973722.912916] [cn1000:58495:0]          mpool.c:43   UCX  WARN  object 0x651b340 was not returned to mpool ucp_requests
[1678973722.910799] [cn1000:58501:0]          mpool.c:43   UCX  WARN  object 0xbd4ec80 was not returned to mpool ucp_requests
[1678973722.911151] [cn1000:58514:0]          mpool.c:43   UCX  WARN  object 0xa61ed80 was not returned to mpool ucp_requests
[1678973722.911129] [cn1000:58517:0]          mpool.c:43   UCX  WARN  object 0xaa26fc0 was not returned to mpool ucp_requests
[1678973722.914776] [cn1128:46373:0]          mpool.c:43   UCX  WARN  object 0x5d2ab80 was not returned to mpool ucp_requests
[1678973722.914837] [cn1128:46379:0]          mpool.c:43   UCX  WARN  object 0xaed7640 was not returned to mpool ucp_requests
[1678973722.914920] [cn1128:46378:0]          mpool.c:43   UCX  WARN  object 0x6040440 was not returned to mpool ucp_requests
--------------------------------------------------------------------------
Open MPI failed an OFI Libfabric library call (fi_domain).  This is highly
unusual; your job may behave unpredictably (and/or abort) after this.

  Local host: cn1000
  Location: mtl_ofi_component.c:928
  Error: No data available (61)
--------------------------------------------------------------------------
[cn1000.scarf.rl.ac.uk:06089] 239 more processes have sent help message help-mtl-ofi.txt / OFI call fail
[cn1000.scarf.rl.ac.uk:06089] Set MCA parameter "orte_base_help_aggregate" to 0 to see all help / error messages
[1678980058.250252] [cn1000:6127 :0]          mpool.c:43   UCX  WARN  object 0xaf6e340 was not returned to mpool ucp_requests
[1678980058.250281] [cn1000:6130 :0]          mpool.c:43   UCX  WARN  object 0xa804fc0 was not returned to mpool ucp_requests
[1678980058.250392] [cn1000:6128 :0]          mpool.c:43   UCX  WARN  object 0xb98a380 was not returned to mpool ucp_requests
[1678980058.250461] [cn1000:6129 :0]          mpool.c:43   UCX  WARN  object 0x605fa40 was not returned to mpool ucp_requests
[1678980058.250385] [cn1000:6131 :0]          mpool.c:43   UCX  WARN  object 0xab986c0 was not returned to mpool ucp_requests
[1678980058.250471] [cn1000:6132 :0]          mpool.c:43   UCX  WARN  object 0xbc249c0 was not returned to mpool ucp_requests
[1678980058.250428] [cn1000:6133 :0]          mpool.c:43   UCX  WARN  object 0x58a8c40 was not returned to mpool ucp_requests
[1678980058.250416] [cn1000:6134 :0]          mpool.c:43   UCX  WARN  object 0xaaebf00 was not returned to mpool ucp_requests
[1678980058.250573] [cn1000:6135 :0]          mpool.c:43   UCX  WARN  object 0xbdd8500 was not returned to mpool ucp_requests
[1678980058.250605] [cn1000:6136 :0]          mpool.c:43   UCX  WARN  object 0xb7df2c0 was not returned to mpool ucp_requests
[1678980058.252509] [cn1128:58774:0]          mpool.c:43   UCX  WARN  object 0xb626e40 was not returned to mpool ucp_requests
[1678980058.254923] [cn1128:58775:0]          mpool.c:43   UCX  WARN  object 0xbe94e00 was not returned to mpool ucp_requests
[1678980058.255267] [cn1128:58773:0]          mpool.c:43   UCX  WARN  object 0x5e3c480 was not returned to mpool ucp_requests
--------------------------------------------------------------------------
Open MPI failed an OFI Libfabric library call (fi_domain).  This is highly
unusual; your job may behave unpredictably (and/or abort) after this.

  Local host: cn1130
  Location: mtl_ofi_component.c:928
  Error: No data available (61)
--------------------------------------------------------------------------
[cn1000.scarf.rl.ac.uk:20785] 239 more processes have sent help message help-mtl-ofi.txt / OFI call fail
[cn1000.scarf.rl.ac.uk:20785] Set MCA parameter "orte_base_help_aggregate" to 0 to see all help / error messages
[1678983859.535393] [cn1000:20851:0]          mpool.c:43   UCX  WARN  object 0xa6d35c0 was not returned to mpool ucp_requests
[1678983859.535350] [cn1000:20860:0]          mpool.c:43   UCX  WARN  object 0xb20fe80 was not returned to mpool ucp_requests
[1678983859.535409] [cn1000:20855:0]          mpool.c:43   UCX  WARN  object 0xbf5ab80 was not returned to mpool ucp_requests
[1678983859.535429] [cn1000:20857:0]          mpool.c:43   UCX  WARN  object 0xa700e80 was not returned to mpool ucp_requests
[1678983859.535409] [cn1000:20864:0]          mpool.c:43   UCX  WARN  object 0x66f2fc0 was not returned to mpool ucp_requests
[1678983859.535399] [cn1000:20866:0]          mpool.c:43   UCX  WARN  object 0x5731c40 was not returned to mpool ucp_requests
[1678983859.535438] [cn1000:20867:0]          mpool.c:43   UCX  WARN  object 0xa36fcc0 was not returned to mpool ucp_requests
[1678983859.535539] [cn1000:20871:0]          mpool.c:43   UCX  WARN  object 0xb6d71c0 was not returned to mpool ucp_requests
[1678983859.535562] [cn1000:20875:0]          mpool.c:43   UCX  WARN  object 0x5a64e80 was not returned to mpool ucp_requests
[1678983859.535579] [cn1000:20879:0]          mpool.c:43   UCX  WARN  object 0xb7b37c0 was not returned to mpool ucp_requests
[1678983859.535754] [cn1128:8177 :0]          mpool.c:43   UCX  WARN  object 0xba25cc0 was not returned to mpool ucp_requests
[1678983859.535733] [cn1128:8183 :0]          mpool.c:43   UCX  WARN  object 0xb6c2380 was not returned to mpool ucp_requests
[1678983859.535801] [cn1128:8181 :0]          mpool.c:43   UCX  WARN  object 0xbb99040 was not returned to mpool ucp_requests
--------------------------------------------------------------------------
Open MPI failed an OFI Libfabric library call (fi_domain).  This is highly
unusual; your job may behave unpredictably (and/or abort) after this.

  Local host: cn1000
  Location: mtl_ofi_component.c:928
  Error: No data available (61)
--------------------------------------------------------------------------
[cn1000.scarf.rl.ac.uk:29092] 239 more processes have sent help message help-mtl-ofi.txt / OFI call fail
[cn1000.scarf.rl.ac.uk:29092] Set MCA parameter "orte_base_help_aggregate" to 0 to see all help / error messages
[1678991617.821323] [cn1000:29444:0]          mpool.c:43   UCX  WARN  object 0xad9c300 was not returned to mpool ucp_requests
[1678991617.821333] [cn1000:29447:0]          mpool.c:43   UCX  WARN  object 0x6aadd40 was not returned to mpool ucp_requests
[1678991617.821403] [cn1000:29445:0]          mpool.c:43   UCX  WARN  object 0xaa87980 was not returned to mpool ucp_requests
[1678991617.821809] [cn1000:29448:0]          mpool.c:43   UCX  WARN  object 0x5a70000 was not returned to mpool ucp_requests
[1678991617.821719] [cn1000:29452:0]          mpool.c:43   UCX  WARN  object 0xbcbb980 was not returned to mpool ucp_requests
[1678991617.822326] [cn1000:29449:0]          mpool.c:43   UCX  WARN  object 0xab5a7c0 was not returned to mpool ucp_requests
[1678991617.821740] [cn1128:16740:0]          mpool.c:43   UCX  WARN  object 0xae44900 was not returned to mpool ucp_requests
[1678991617.822428] [cn1000:29450:0]          mpool.c:43   UCX  WARN  object 0xb452840 was not returned to mpool ucp_requests
[1678991617.822406] [cn1000:29453:0]          mpool.c:43   UCX  WARN  object 0xb6169c0 was not returned to mpool ucp_requests
[1678991617.821815] [cn1128:16742:0]          mpool.c:43   UCX  WARN  object 0xb040380 was not returned to mpool ucp_requests
[1678991617.822502] [cn1000:29458:0]          mpool.c:43   UCX  WARN  object 0xb17a4c0 was not returned to mpool ucp_requests
[1678991617.821920] [cn1128:16741:0]          mpool.c:43   UCX  WARN  object 0x56bb880 was not returned to mpool ucp_requests
[1678991617.822551] [cn1000:29446:0]          mpool.c:43   UCX  WARN  object 0xba59800 was not returned to mpool ucp_requests
--------------------------------------------------------------------------
Open MPI failed an OFI Libfabric library call (fi_domain).  This is highly
unusual; your job may behave unpredictably (and/or abort) after this.

  Local host: cn1129
  Location: mtl_ofi_component.c:928
  Error: No data available (61)
--------------------------------------------------------------------------
[cn1000.scarf.rl.ac.uk:46710] 239 more processes have sent help message help-mtl-ofi.txt / OFI call fail
[cn1000.scarf.rl.ac.uk:46710] Set MCA parameter "orte_base_help_aggregate" to 0 to see all help / error messages
slurmstepd: error: *** JOB 1275289 ON cn1000 CANCELLED AT 2023-03-16T20:29:11 DUE TO TIME LIMIT ***
