 @target G3.S0
 @type xy
  -0.1000000E+02      0.1808309E-16
  -0.9975937E+01     -0.3911380E-16
  -0.9951870E+01     -0.1798432E-15
  -0.9927802E+01     -0.9754490E-16
  -0.9903735E+01     -0.9913014E-16
  -0.9879668E+01     -0.5005402E-16
  -0.9855600E+01      0.3862087E-15
  -0.9831533E+01     -0.3241018E-15
  -0.9807465E+01      0.1434824E-15
  -0.9783398E+01     -0.7055542E-16
  -0.9759331E+01     -0.2099841E-15
  -0.9735263E+01      0.1101846E-15
  -0.9711196E+01      0.3666914E-16
  -0.9687128E+01     -0.6749231E-16
  -0.9663061E+01      0.1410015E-15
  -0.9638994E+01      0.2471818E-17
  -0.9614926E+01     -0.2084667E-15
  -0.9590859E+01      0.7257454E-16
  -0.9566791E+01     -0.1794036E-15
  -0.9542724E+01     -0.3402458E-16
  -0.9518657E+01      0.4932517E-18
  -0.9494589E+01      0.3095162E-17
  -0.9470522E+01      0.7198652E-16
  -0.9446454E+01     -0.9491735E-16
  -0.9422387E+01      0.8125898E-16
  -0.9398320E+01      0.6858808E-16
  -0.9374252E+01      0.2030416E-15
  -0.9350185E+01     -0.9519224E-16
  -0.9326117E+01     -0.2312908E-16
  -0.9302050E+01     -0.1493547E-15
  -0.9277983E+01      0.1581249E-15
  -0.9253915E+01      0.2984056E-16
  -0.9229848E+01      0.4150919E-16
  -0.9205780E+01      0.2885898E-16
  -0.9181713E+01     -0.7830730E-16
  -0.9157646E+01     -0.3506738E-15
  -0.9133578E+01     -0.1603507E-15
  -0.9109511E+01     -0.1111579E-15
  -0.9085443E+01     -0.7349017E-16
  -0.9061376E+01     -0.3096466E-16
  -0.9037309E+01      0.1227323E-15
  -0.9013241E+01      0.1098755E-16
  -0.8989174E+01      0.5426794E-16
  -0.8965106E+01      0.2127871E-16
  -0.8941039E+01     -0.4989457E-16
  -0.8916972E+01      0.1515309E-15
  -0.8892904E+01      0.6588442E-16
  -0.8868837E+01     -0.1210810E-15
  -0.8844769E+01      0.3164834E-15
  -0.8820702E+01     -0.2636565E-16
  -0.8796635E+01     -0.4942843E-16
  -0.8772567E+01     -0.5273164E-16
  -0.8748500E+01      0.1290116E-15
  -0.8724432E+01      0.2280222E-15
  -0.8700365E+01      0.1093328E-15
  -0.8676298E+01      0.6294050E-16
  -0.8652230E+01      0.3305928E-16
  -0.8628163E+01      0.7045441E-16
  -0.8604095E+01     -0.1286449E-15
  -0.8580028E+01      0.1598617E-16
  -0.8555961E+01      0.1001476E-15
  -0.8531893E+01     -0.1670117E-15
  -0.8507826E+01      0.3556642E-16
  -0.8483758E+01      0.7966122E-16
  -0.8459691E+01      0.1429333E-16
  -0.8435624E+01     -0.1480560E-16
  -0.8411556E+01      0.1962811E-16
  -0.8387489E+01     -0.1723259E-15
  -0.8363421E+01     -0.1659742E-15
  -0.8339354E+01      0.3419253E-16
  -0.8315287E+01      0.2217068E-15
  -0.8291219E+01      0.8738802E-16
  -0.8267152E+01      0.1768791E-15
  -0.8243084E+01     -0.1732587E-15
  -0.8219017E+01      0.1819288E-15
  -0.8194950E+01      0.8466034E-16
  -0.8170882E+01     -0.2330404E-15
  -0.8146815E+01      0.2369634E-15
  -0.8122747E+01     -0.9774570E-16
  -0.8098680E+01      0.1387812E-15
  -0.8074613E+01      0.7773964E-16
  -0.8050545E+01      0.1618197E-15
  -0.8026478E+01      0.1750586E-15
  -0.8002410E+01      0.3778021E-16
  -0.7978343E+01     -0.1450175E-15
  -0.7954276E+01      0.2652263E-15
  -0.7930208E+01     -0.1748547E-15
  -0.7906141E+01     -0.3525352E-15
  -0.7882073E+01     -0.1680962E-16
  -0.7858006E+01     -0.5928673E-17
  -0.7833939E+01     -0.4775545E-15
  -0.7809871E+01      0.8269141E-16
  -0.7785804E+01     -0.1077758E-15
  -0.7761736E+01     -0.2278260E-15
  -0.7737669E+01     -0.2915071E-15
  -0.7713602E+01     -0.5229625E-16
  -0.7689534E+01      0.1243729E-15
  -0.7665467E+01      0.1432837E-16
  -0.7641399E+01     -0.1186300E-15
  -0.7617332E+01      0.7754666E-16
  -0.7593265E+01     -0.2919251E-15
  -0.7569197E+01      0.2192957E-15
  -0.7545130E+01      0.3429241E-16
  -0.7521062E+01      0.1901799E-15
  -0.7496995E+01      0.2955662E-15
  -0.7472928E+01     -0.1111445E-15
  -0.7448860E+01      0.4445050E-15
  -0.7424793E+01     -0.1750909E-15
  -0.7400725E+01     -0.2843679E-15
  -0.7376658E+01      0.1278313E-15
  -0.7352591E+01      0.9018671E-16
  -0.7328523E+01     -0.3866837E-15
  -0.7304456E+01      0.1452980E-15
  -0.7280388E+01     -0.1078222E-15
  -0.7256321E+01      0.5300585E-16
  -0.7232254E+01      0.2562551E-15
  -0.7208186E+01     -0.7868824E-16
  -0.7184119E+01     -0.6504629E-16
  -0.7160051E+01     -0.3709775E-15
  -0.7135984E+01      0.8356423E-16
  -0.7111917E+01      0.3779239E-15
  -0.7087849E+01     -0.2417233E-15
  -0.7063782E+01      0.2761094E-15
  -0.7039714E+01      0.1065050E-15
  -0.7015647E+01     -0.1497485E-15
  -0.6991580E+01      0.1250898E-15
  -0.6967512E+01      0.1071436E-16
  -0.6943445E+01      0.1160950E-15
  -0.6919377E+01      0.2544222E-15
  -0.6895310E+01     -0.2080704E-15
  -0.6871243E+01      0.1381019E-15
  -0.6847175E+01     -0.3591352E-15
  -0.6823108E+01     -0.2329017E-16
  -0.6799040E+01      0.7859494E-16
  -0.6774973E+01      0.3043526E-15
  -0.6750906E+01      0.1636522E-15
  -0.6726838E+01     -0.9214708E-16
  -0.6702771E+01     -0.3795642E-15
  -0.6678703E+01      0.1090261E-16
  -0.6654636E+01      0.2560899E-15
  -0.6630569E+01     -0.8034420E-16
  -0.6606501E+01     -0.3772284E-15
  -0.6582434E+01     -0.1144181E-15
  -0.6558366E+01      0.3581952E-15
  -0.6534299E+01     -0.1641982E-16
  -0.6510232E+01      0.1281263E-15
  -0.6486164E+01     -0.1774154E-15
  -0.6462097E+01     -0.1593285E-15
  -0.6438029E+01      0.2429506E-15
  -0.6413962E+01      0.1062317E-15
  -0.6389895E+01     -0.1079215E-15
  -0.6365827E+01     -0.2994549E-16
  -0.6341760E+01     -0.6480996E-16
  -0.6317692E+01     -0.1063190E-15
  -0.6293625E+01     -0.6143306E-16
  -0.6269558E+01      0.2108511E-15
  -0.6245490E+01      0.2631683E-15
  -0.6221423E+01     -0.4457865E-16
  -0.6197355E+01      0.2075377E-15
  -0.6173288E+01      0.1384302E-15
  -0.6149221E+01      0.7564940E-16
  -0.6125153E+01     -0.1718969E-15
  -0.6101086E+01      0.1024133E-15
  -0.6077018E+01     -0.4573196E-16
  -0.6052951E+01      0.2650377E-16
  -0.6028884E+01     -0.1061876E-15
  -0.6004816E+01      0.3856831E-15
  -0.5980749E+01      0.2705031E-16
  -0.5956681E+01      0.8049109E-17
  -0.5932614E+01      0.2242631E-15
  -0.5908547E+01     -0.3644599E-16
  -0.5884479E+01     -0.2273046E-16
  -0.5860412E+01     -0.1386036E-15
  -0.5836344E+01      0.1045246E-15
  -0.5812277E+01     -0.8698553E-16
  -0.5788210E+01      0.2085965E-15
  -0.5764142E+01     -0.3555459E-16
  -0.5740075E+01     -0.2165613E-15
  -0.5716007E+01     -0.1339521E-15
  -0.5691940E+01     -0.8266157E-16
  -0.5667873E+01      0.2499337E-15
  -0.5643805E+01      0.1437693E-15
  -0.5619738E+01      0.2974711E-15
  -0.5595670E+01     -0.3351931E-15
  -0.5571603E+01     -0.2722727E-16
  -0.5547536E+01      0.3621588E-15
  -0.5523468E+01     -0.1376888E-15
  -0.5499401E+01      0.1360449E-15
  -0.5475333E+01     -0.1042632E-15
  -0.5451266E+01     -0.1195103E-15
  -0.5427199E+01      0.8942435E-16
  -0.5403131E+01     -0.1481232E-15
  -0.5379064E+01     -0.1026148E-15
  -0.5354996E+01      0.2606583E-15
  -0.5330929E+01      0.2737204E-15
  -0.5306862E+01      0.5935733E-15
  -0.5282794E+01      0.1004771E-15
  -0.5258727E+01     -0.8504863E-16
  -0.5234659E+01      0.1209216E-15
  -0.5210592E+01     -0.3392822E-15
  -0.5186525E+01     -0.5382228E-16
  -0.5162457E+01      0.1225552E-16
  -0.5138390E+01      0.4723660E-15
  -0.5114322E+01      0.2682143E-16
  -0.5090255E+01     -0.3399078E-15
  -0.5066188E+01     -0.6262270E-16
  -0.5042120E+01     -0.2930400E-16
  -0.5018053E+01      0.8779292E-16
  -0.4993985E+01     -0.6624557E-16
  -0.4969918E+01      0.3363459E-15
  -0.4945851E+01      0.1682380E-16
  -0.4921783E+01     -0.1917329E-15
  -0.4897716E+01      0.6803905E-15
  -0.4873648E+01     -0.2441831E-15
  -0.4849581E+01     -0.2526331E-15
  -0.4825514E+01      0.4306074E-15
  -0.4801446E+01      0.2557127E-15
  -0.4777379E+01      0.6757932E-16
  -0.4753311E+01     -0.9756379E-16
  -0.4729244E+01      0.9768351E-19
  -0.4705177E+01      0.3334218E-15
  -0.4681109E+01      0.2259196E-15
  -0.4657042E+01      0.8829112E-16
  -0.4632974E+01     -0.1403542E-15
  -0.4608907E+01     -0.3146544E-15
  -0.4584840E+01     -0.8570489E-16
  -0.4560772E+01      0.1035001E-15
  -0.4536705E+01     -0.4403417E-16
  -0.4512637E+01      0.8551108E-16
  -0.4488570E+01     -0.2394889E-15
  -0.4464503E+01     -0.8258373E-16
  -0.4440435E+01     -0.3045071E-16
  -0.4416368E+01     -0.9347626E-16
  -0.4392300E+01     -0.5583785E-15
  -0.4368233E+01     -0.9497740E-16
  -0.4344166E+01      0.1989270E-17
  -0.4320098E+01     -0.7520077E-16
  -0.4296031E+01      0.8411857E-16
  -0.4271963E+01     -0.8032532E-16
  -0.4247896E+01     -0.2653109E-15
  -0.4223829E+01     -0.2675020E-15
  -0.4199761E+01     -0.1511189E-15
  -0.4175694E+01      0.5101140E-16
  -0.4151626E+01     -0.2772653E-15
  -0.4127559E+01      0.1320360E-15
  -0.4103492E+01     -0.1014077E-15
  -0.4079424E+01      0.6358253E-15
  -0.4055357E+01     -0.8147576E-16
  -0.4031289E+01      0.9270408E-16
  -0.4007222E+01     -0.2240073E-15
  -0.3983155E+01     -0.2763826E-15
  -0.3959087E+01      0.1615260E-15
  -0.3935020E+01     -0.3693429E-17
  -0.3910952E+01     -0.3756045E-15
  -0.3886885E+01     -0.1067830E-15
  -0.3862818E+01     -0.5701410E-15
  -0.3838750E+01      0.1450341E-16
  -0.3814683E+01      0.2502808E-15
  -0.3790615E+01      0.2256795E-15
  -0.3766548E+01     -0.7892000E-17
  -0.3742481E+01      0.1490708E-15
  -0.3718413E+01     -0.4383275E-16
  -0.3694346E+01     -0.9632816E-16
  -0.3670278E+01      0.6586014E-16
  -0.3646211E+01     -0.2547281E-15
  -0.3622144E+01     -0.9156033E-16
  -0.3598076E+01     -0.1162615E-15
  -0.3574009E+01      0.2941483E-15
  -0.3549941E+01      0.1397261E-15
  -0.3525874E+01      0.9908949E-16
  -0.3501807E+01      0.4530446E-15
  -0.3477739E+01     -0.3153564E-15
  -0.3453672E+01      0.6097711E-15
  -0.3429604E+01      0.1903915E-15
  -0.3405537E+01      0.4101539E-16
  -0.3381470E+01      0.3807182E-15
  -0.3357402E+01     -0.7092361E-16
  -0.3333335E+01     -0.2050894E-15
  -0.3309267E+01      0.4749967E-15
  -0.3285200E+01     -0.4113070E-15
  -0.3261133E+01      0.3290537E-15
  -0.3237065E+01      0.3872486E-16
  -0.3212998E+01      0.2068466E-15
  -0.3188930E+01     -0.5161172E-15
  -0.3164863E+01      0.3728363E-15
  -0.3140796E+01      0.2325198E-16
  -0.3116728E+01      0.1155255E-15
  -0.3092661E+01      0.1733997E-15
  -0.3068593E+01      0.2481219E-15
  -0.3044526E+01      0.3081585E-15
  -0.3020459E+01     -0.4241689E-16
  -0.2996391E+01     -0.5063814E-15
  -0.2972324E+01     -0.1450582E-15
  -0.2948256E+01      0.3051346E-15
  -0.2924189E+01      0.4353979E-16
  -0.2900122E+01     -0.4144039E-15
  -0.2876054E+01      0.1157871E-15
  -0.2851987E+01      0.2378333E-15
  -0.2827919E+01      0.1616265E-15
  -0.2803852E+01     -0.2543877E-15
  -0.2779785E+01     -0.7021477E-16
  -0.2755717E+01     -0.1238262E-15
  -0.2731650E+01      0.2757361E-15
  -0.2707582E+01      0.7686050E-15
  -0.2683515E+01      0.3083648E-15
  -0.2659448E+01     -0.1307656E-15
  -0.2635380E+01     -0.1881920E-15
  -0.2611313E+01     -0.4407384E-15
  -0.2587245E+01      0.3318971E-15
  -0.2563178E+01     -0.2631493E-15
  -0.2539111E+01      0.3994290E-15
  -0.2515043E+01     -0.5236026E-15
  -0.2490976E+01     -0.5353865E-15
  -0.2466908E+01      0.8129169E-16
  -0.2442841E+01      0.4879156E-15
  -0.2418774E+01      0.1050672E-15
  -0.2394706E+01      0.2238962E-15
  -0.2370639E+01     -0.2338965E-15
  -0.2346571E+01      0.1531489E-15
  -0.2322504E+01      0.8286253E-15
  -0.2298437E+01     -0.3017256E-15
  -0.2274369E+01     -0.2898518E-15
  -0.2250302E+01      0.6629124E-15
  -0.2226234E+01      0.5167727E-16
  -0.2202167E+01      0.1992386E-15
  -0.2178100E+01      0.3754129E-16
  -0.2154032E+01     -0.6879276E-15
  -0.2129965E+01      0.4421376E-15
  -0.2105897E+01      0.9972491E-15
  -0.2081830E+01      0.8253115E-15
  -0.2057763E+01     -0.6788853E-15
  -0.2033695E+01     -0.1232689E-14
  -0.2009628E+01     -0.1592408E-14
  -0.1985560E+01      0.4042020E-15
  -0.1961493E+01     -0.1201815E-16
  -0.1937426E+01      0.1959836E-15
  -0.1913358E+01     -0.6984407E-15
  -0.1889291E+01     -0.1325506E-14
  -0.1865223E+01     -0.7737125E-15
  -0.1841156E+01      0.7776859E-15
  -0.1817089E+01      0.2425599E-15
  -0.1793021E+01      0.1569313E-14
  -0.1768954E+01     -0.4243816E-15
  -0.1744886E+01      0.3090133E-15
  -0.1720819E+01     -0.1748799E-14
  -0.1696752E+01      0.2485546E-14
  -0.1672684E+01      0.4394618E-14
  -0.1648617E+01     -0.5689021E-14
  -0.1624549E+01     -0.2333012E-14
  -0.1600482E+01     -0.7445427E-14
  -0.1576415E+01      0.1279078E-15
  -0.1552347E+01     -0.2982261E-14
  -0.1528280E+01      0.5236596E-14
  -0.1504212E+01     -0.1321157E-13
  -0.1480145E+01      0.2395670E-15
  -0.1456078E+01     -0.2013719E-13
  -0.1432010E+01      0.1335664E-13
  -0.1407943E+01      0.1473857E-14
  -0.1383875E+01      0.1944942E-13
  -0.1359808E+01     -0.1573716E-13
  -0.1335741E+01     -0.1763218E-13
  -0.1311673E+01      0.8982719E-13
  -0.1287606E+01     -0.4078717E-13
  -0.1263538E+01      0.8820126E-15
  -0.1239471E+01     -0.1104850E-12
  -0.1215404E+01     -0.3523188E-12
  -0.1191336E+01     -0.3725576E-13
  -0.1167269E+01     -0.1146381E-11
  -0.1143201E+01     -0.5180249E-11
  -0.1119134E+01      0.2521740E+02
  -0.1095067E+01      0.6215992E+01
  -0.1070999E+01      0.4450038E+01
  -0.1046932E+01      0.3640970E+01
  -0.1022864E+01      0.3151281E+01
  -0.9987971E+00      0.2813783E+01
  -0.9747297E+00      0.2562754E+01
  -0.9506623E+00      0.2366397E+01
  -0.9265949E+00      0.2207207E+01
  -0.9025275E+00      0.2074645E+01
  -0.8784601E+00      0.1961934E+01
  -0.8543927E+00      0.1864494E+01
  -0.8303253E+00      0.1779102E+01
  -0.8062579E+00      0.1703416E+01
  -0.7821905E+00      0.1635686E+01
  -0.7581231E+00      0.1574577E+01
  -0.7340557E+00      0.1519048E+01
  -0.7099883E+00      0.1468276E+01
  -0.6859209E+00      0.1421598E+01
  -0.6618535E+00      0.1378475E+01
  -0.6377861E+00      0.1338464E+01
  -0.6137187E+00      0.1301195E+01
  -0.5896513E+00      0.1266358E+01
  -0.5655839E+00      0.1233691E+01
  -0.5415165E+00      0.1202970E+01
  -0.5174491E+00      0.1174003E+01
  -0.4933817E+00      0.1146623E+01
  -0.4693143E+00      0.1120686E+01
  -0.4452469E+00      0.1096065E+01
  -0.4211795E+00      0.1072649E+01
  -0.3971121E+00      0.1050341E+01
  -0.3730447E+00      0.1029053E+01
  -0.3489773E+00      0.1008708E+01
  -0.3249099E+00      0.9892372E+00
  -0.3008425E+00      0.9705784E+00
  -0.2767751E+00      0.9526760E+00
  -0.2527077E+00      0.9354796E+00
  -0.2286403E+00      0.9189437E+00
  -0.2045729E+00      0.9030269E+00
  -0.1805055E+00      0.8876916E+00
  -0.1564381E+00      0.8729036E+00
  -0.1323707E+00      0.8586314E+00
  -0.1083033E+00      0.8448462E+00
  -0.8423590E-01      0.8315216E+00
  -0.6016850E-01      0.8186332E+00
  -0.3610110E-01      0.8061586E+00
  -0.1203370E-01      0.7940769E+00
   0.1203370E-01      0.7823690E+00
   0.3610110E-01      0.7710169E+00
   0.6016850E-01      0.7600042E+00
   0.8423590E-01      0.7493153E+00
   0.1083033E+00      0.7389358E+00
   0.1323707E+00      0.7288524E+00
   0.1564381E+00      0.7190524E+00
   0.1805055E+00      0.7095240E+00
   0.2045729E+00      0.7002563E+00
   0.2286403E+00      0.6912389E+00
   0.2527077E+00      0.6824619E+00
   0.2767751E+00      0.6739163E+00
   0.3008425E+00      0.6655933E+00
   0.3249099E+00      0.6574849E+00
   0.3489773E+00      0.6495833E+00
   0.3730447E+00      0.6418812E+00
   0.3971121E+00      0.6343718E+00
   0.4211795E+00      0.6270485E+00
   0.4452469E+00      0.6199051E+00
   0.4693143E+00      0.6129357E+00
   0.4933817E+00      0.6061349E+00
   0.5174491E+00      0.5994971E+00
   0.5415165E+00      0.5930175E+00
   0.5655839E+00      0.5866912E+00
   0.5896513E+00      0.5805136E+00
   0.6137187E+00      0.5744803E+00
   0.6377861E+00      0.5685872E+00
   0.6618535E+00      0.5628304E+00
   0.6859209E+00      0.5572059E+00
   0.7099883E+00      0.5517102E+00
   0.7340557E+00      0.5463397E+00
   0.7581231E+00      0.5410913E+00
   0.7821905E+00      0.5359616E+00
   0.8062579E+00      0.5309476E+00
   0.8303253E+00      0.5260465E+00
   0.8543927E+00      0.5212553E+00
   0.8784601E+00      0.5165715E+00
   0.9025275E+00      0.5119924E+00
   0.9265949E+00      0.5075156E+00
   0.9506623E+00      0.5031387E+00
   0.9747297E+00      0.4988594E+00
   0.9987971E+00      0.4946755E+00
   0.1022864E+01      0.4905850E+00
   0.1046932E+01      0.4865858E+00
   0.1070999E+01      0.4826760E+00
   0.1095067E+01      0.4788537E+00
   0.1119134E+01      0.4751171E+00
   0.1143201E+01      0.4714645E+00
   0.1167269E+01      0.4678943E+00
   0.1191336E+01      0.4644049E+00
   0.1215404E+01      0.4609947E+00
   0.1239471E+01      0.4576623E+00
   0.1263538E+01      0.4544064E+00
   0.1287606E+01      0.4512255E+00
   0.1311673E+01      0.4481183E+00
   0.1335741E+01      0.4450838E+00
   0.1359808E+01      0.4421205E+00
   0.1383875E+01      0.4392275E+00
   0.1407943E+01      0.4364037E+00
   0.1432010E+01      0.4336480E+00
   0.1456078E+01      0.4309594E+00
   0.1480145E+01      0.4283370E+00
   0.1504212E+01      0.4257799E+00
   0.1528280E+01      0.4232873E+00
   0.1552347E+01      0.4208584E+00
   0.1576415E+01      0.4184924E+00
   0.1600482E+01      0.4161885E+00
   0.1624549E+01      0.4139462E+00
   0.1648617E+01      0.4117648E+00
   0.1672684E+01      0.4096436E+00
   0.1696752E+01      0.4075823E+00
   0.1720819E+01      0.4055802E+00
   0.1744886E+01      0.4036368E+00
   0.1768954E+01      0.4017519E+00
   0.1793021E+01      0.3999249E+00
   0.1817089E+01      0.3981557E+00
   0.1841156E+01      0.3964437E+00
   0.1865223E+01      0.3947890E+00
   0.1889291E+01      0.3931911E+00
   0.1913358E+01      0.3916499E+00
   0.1937426E+01      0.3901654E+00
   0.1961493E+01      0.3887374E+00
   0.1985560E+01      0.3873660E+00
   0.2009628E+01      0.3860512E+00
   0.2033695E+01      0.3847930E+00
   0.2057763E+01      0.3835916E+00
   0.2081830E+01      0.3824471E+00
   0.2105897E+01      0.3813598E+00
   0.2129965E+01      0.3803300E+00
   0.2154032E+01      0.3793580E+00
   0.2178100E+01      0.3784442E+00
   0.2202167E+01      0.3775891E+00
   0.2226234E+01      0.3767933E+00
   0.2250302E+01      0.3760574E+00
   0.2274369E+01      0.3753820E+00
   0.2298437E+01      0.3747679E+00
   0.2322504E+01      0.3742160E+00
   0.2346571E+01      0.3737272E+00
   0.2370639E+01      0.3733025E+00
   0.2394706E+01      0.3729430E+00
   0.2418774E+01      0.3726500E+00
   0.2442841E+01      0.3724248E+00
   0.2466908E+01      0.3722689E+00
   0.2490976E+01      0.3721838E+00
   0.2515043E+01      0.3721712E+00
   0.2539111E+01      0.3722331E+00
   0.2563178E+01      0.3723714E+00
   0.2587245E+01      0.3725884E+00
   0.2611313E+01      0.3728863E+00
   0.2635380E+01      0.3732678E+00
   0.2659448E+01      0.3737357E+00
   0.2683515E+01      0.3742929E+00
   0.2707582E+01      0.3749427E+00
   0.2731650E+01      0.3756887E+00
   0.2755717E+01      0.3765347E+00
   0.2779785E+01      0.3774849E+00
   0.2803852E+01      0.3785438E+00
   0.2827919E+01      0.3797164E+00
   0.2851987E+01      0.3810080E+00
   0.2876054E+01      0.3824246E+00
   0.2900122E+01      0.3839726E+00
   0.2924189E+01      0.3856589E+00
   0.2948256E+01      0.3874914E+00
   0.2972324E+01      0.3894783E+00
   0.2996391E+01      0.3916292E+00
   0.3020459E+01      0.3939541E+00
   0.3044526E+01      0.3964645E+00
   0.3068593E+01      0.3991728E+00
   0.3092661E+01      0.4020932E+00
   0.3116728E+01      0.4052410E+00
   0.3140796E+01      0.4086336E+00
   0.3164863E+01      0.4122906E+00
   0.3188930E+01      0.4162337E+00
   0.3212998E+01      0.4204877E+00
   0.3237065E+01      0.4250806E+00
   0.3261133E+01      0.4300442E+00
   0.3285200E+01      0.4354151E+00
   0.3309267E+01      0.4412350E+00
   0.3333335E+01      0.4475526E+00
   0.3357402E+01      0.4544240E+00
   0.3381470E+01      0.4619154E+00
   0.3405537E+01      0.4701044E+00
   0.3429604E+01      0.4790836E+00
   0.3453672E+01      0.4889638E+00
   0.3477739E+01      0.4998792E+00
   0.3501807E+01      0.5119942E+00
   0.3525874E+01      0.5255123E+00
   0.3549941E+01      0.5406892E+00
   0.3574009E+01      0.5578514E+00
   0.3598076E+01      0.5774232E+00
   0.3622144E+01      0.5999678E+00
   0.3646211E+01      0.6262516E+00
   0.3670278E+01      0.6573493E+00
   0.3694346E+01      0.6948238E+00
   0.3718413E+01      0.7410525E+00
   0.3742481E+01      0.7998686E+00
   0.3766548E+01      0.8779498E+00
   0.3790615E+01      0.9882636E+00
   0.3814683E+01      0.1160523E+01
   0.3838750E+01      0.1485696E+01
   0.3862818E+01      0.2536507E+01
   0.3886885E+01     -0.7175789E-10
   0.3910952E+01     -0.9559302E-11
   0.3935020E+01      0.2291454E-12
   0.3959087E+01     -0.7041264E-11
   0.3983155E+01      0.1299576E-12
   0.4007222E+01     -0.7631601E-12
   0.4031289E+01     -0.4972892E-12
   0.4055357E+01     -0.3908844E-12
   0.4079424E+01      0.2643154E-12
   0.4103492E+01     -0.7878173E-13
   0.4127559E+01     -0.3462600E-13
   0.4151626E+01      0.4795928E-12
   0.4175694E+01     -0.2233853E-12
   0.4199761E+01     -0.5962561E-12
   0.4223829E+01      0.6314981E-13
   0.4247896E+01      0.6210424E-13
   0.4271963E+01     -0.4439434E-13
   0.4296031E+01     -0.1844600E-12
   0.4320098E+01      0.3551051E-12
   0.4344166E+01      0.1144064E-12
   0.4368233E+01      0.9064099E-13
   0.4392300E+01      0.9122869E-13
   0.4416368E+01      0.4499832E-13
   0.4440435E+01      0.1245693E-12
   0.4464503E+01      0.6844587E-14
   0.4488570E+01     -0.6872844E-13
   0.4512637E+01     -0.3011906E-13
   0.4536705E+01      0.1468213E-13
   0.4560772E+01     -0.4968874E-13
   0.4584840E+01     -0.1267122E-12
   0.4608907E+01      0.9740325E-13
   0.4632974E+01     -0.3956033E-13
   0.4657042E+01     -0.6119289E-14
   0.4681109E+01      0.1264125E-13
   0.4705177E+01      0.3196677E-13
   0.4729244E+01      0.5211706E-14
   0.4753311E+01      0.1614489E-13
   0.4777379E+01      0.1111557E-14
   0.4801446E+01     -0.1515924E-13
   0.4825514E+01      0.1068740E-13
   0.4849581E+01     -0.2414736E-13
   0.4873648E+01      0.4267152E-13
   0.4897716E+01      0.2668360E-13
   0.4921783E+01     -0.1498697E-13
   0.4945851E+01     -0.2459036E-13
   0.4969918E+01      0.2217468E-13
   0.4993985E+01     -0.1226339E-13
   0.5018053E+01      0.4863506E-13
   0.5042120E+01      0.6178163E-14
   0.5066188E+01      0.1022480E-13
   0.5090255E+01      0.2885361E-13
   0.5114322E+01     -0.3278610E-14
   0.5138390E+01     -0.4979270E-14
   0.5162457E+01     -0.2549012E-13
   0.5186525E+01      0.6710278E-14
   0.5210592E+01     -0.1433102E-13
   0.5234659E+01     -0.2358781E-13
   0.5258727E+01      0.1700696E-13
   0.5282794E+01      0.1072811E-13
   0.5306862E+01     -0.2795319E-13
   0.5330929E+01     -0.1386270E-13
   0.5354996E+01     -0.2865463E-13
   0.5379064E+01      0.3165645E-14
   0.5403131E+01     -0.2383212E-13
   0.5427199E+01     -0.1957658E-13
   0.5451266E+01      0.8785740E-14
   0.5475333E+01      0.1609502E-14
   0.5499401E+01      0.2215097E-13
   0.5523468E+01      0.2876903E-14
   0.5547536E+01      0.4170635E-16
   0.5571603E+01     -0.1702096E-13
   0.5595670E+01     -0.4314035E-14
   0.5619738E+01     -0.7622980E-14
   0.5643805E+01     -0.5232549E-14
   0.5667873E+01      0.5819114E-14
   0.5691940E+01     -0.8777867E-14
   0.5716007E+01     -0.7699624E-14
   0.5740075E+01     -0.1335555E-14
   0.5764142E+01     -0.2445447E-14
   0.5788210E+01     -0.6572749E-14
   0.5812277E+01     -0.3793142E-14
   0.5836344E+01      0.1033296E-13
   0.5860412E+01      0.4745692E-14
   0.5884479E+01     -0.6420006E-14
   0.5908547E+01     -0.1061039E-13
   0.5932614E+01      0.7929041E-15
   0.5956681E+01     -0.2559857E-14
   0.5980749E+01      0.6385231E-14
   0.6004816E+01      0.9183027E-14
   0.6028884E+01      0.3772213E-14
   0.6052951E+01      0.9771326E-14
   0.6077018E+01      0.1425510E-13
   0.6101086E+01      0.7578051E-15
   0.6125153E+01      0.4555283E-14
   0.6149221E+01      0.7814440E-14
   0.6173288E+01     -0.9505572E-14
   0.6197355E+01      0.2353695E-14
   0.6221423E+01      0.3904769E-14
   0.6245490E+01      0.2384300E-15
   0.6269558E+01      0.2457973E-14
   0.6293625E+01      0.1053086E-14
   0.6317692E+01      0.1081127E-13
   0.6341760E+01      0.3755869E-14
   0.6365827E+01      0.6683094E-14
   0.6389895E+01      0.8442927E-15
   0.6413962E+01      0.7574508E-15
   0.6438029E+01     -0.5570253E-14
   0.6462097E+01      0.1511507E-14
   0.6486164E+01     -0.8165047E-14
   0.6510232E+01      0.2635231E-15
   0.6534299E+01      0.4774477E-15
   0.6558366E+01     -0.4922244E-14
   0.6582434E+01      0.4242426E-14
   0.6606501E+01      0.7173520E-14
   0.6630569E+01      0.2247083E-14
   0.6654636E+01     -0.5903864E-14
   0.6678703E+01      0.4256883E-14
   0.6702771E+01     -0.3354736E-14
   0.6726838E+01      0.4456768E-14
   0.6750906E+01     -0.6436263E-15
   0.6774973E+01      0.9516228E-14
   0.6799040E+01      0.5940739E-17
   0.6823108E+01      0.8439013E-15
   0.6847175E+01      0.1204797E-13
   0.6871243E+01     -0.7407149E-14
   0.6895310E+01      0.8032365E-15
   0.6919377E+01     -0.7079580E-14
   0.6943445E+01     -0.8337192E-15
   0.6967512E+01      0.2489655E-14
   0.6991580E+01      0.4170677E-14
   0.7015647E+01     -0.2300349E-14
   0.7039714E+01     -0.2785529E-14
   0.7063782E+01     -0.9567707E-16
   0.7087849E+01      0.2628410E-14
   0.7111917E+01     -0.5398594E-14
   0.7135984E+01     -0.2716858E-14
   0.7160051E+01      0.3674613E-15
   0.7184119E+01      0.2832926E-14
   0.7208186E+01     -0.2798819E-14
   0.7232254E+01     -0.5773364E-14
   0.7256321E+01     -0.2600085E-14
   0.7280388E+01     -0.5963739E-15
   0.7304456E+01     -0.5084580E-14
   0.7328523E+01      0.5709796E-14
   0.7352591E+01      0.1058929E-14
   0.7376658E+01      0.1232715E-14
   0.7400725E+01     -0.1015317E-14
   0.7424793E+01     -0.1973156E-14
   0.7448860E+01      0.1392377E-14
   0.7472928E+01     -0.2041632E-14
   0.7496995E+01     -0.9951098E-16
   0.7521062E+01     -0.8621227E-15
   0.7545130E+01     -0.2496743E-14
   0.7569197E+01     -0.1323676E-14
   0.7593265E+01      0.4797569E-14
   0.7617332E+01     -0.4143948E-14
   0.7641399E+01     -0.9337153E-15
   0.7665467E+01     -0.2646455E-15
   0.7689534E+01     -0.3337430E-14
   0.7713602E+01     -0.1210026E-14
   0.7737669E+01      0.2628561E-14
   0.7761736E+01      0.6406226E-15
   0.7785804E+01     -0.4344145E-15
   0.7809871E+01     -0.5057533E-14
   0.7833939E+01     -0.4474425E-14
   0.7858006E+01     -0.1706275E-14
   0.7882073E+01     -0.2039007E-14
   0.7906141E+01      0.7044969E-15
   0.7930208E+01      0.1258713E-14
   0.7954276E+01      0.3359331E-14
   0.7978343E+01     -0.6744072E-15
   0.8002410E+01      0.3919127E-14
   0.8026478E+01     -0.5192430E-14
   0.8050545E+01     -0.2329698E-14
   0.8074613E+01      0.6875583E-15
   0.8098680E+01      0.3660827E-14
   0.8122747E+01     -0.9866756E-16
   0.8146815E+01      0.4288730E-14
   0.8170882E+01      0.2529224E-15
   0.8194950E+01     -0.2221055E-14
   0.8219017E+01     -0.3191466E-16
   0.8243084E+01     -0.1964160E-14
   0.8267152E+01     -0.8260104E-15
   0.8291219E+01     -0.8015944E-15
   0.8315287E+01     -0.2373115E-15
   0.8339354E+01      0.1110737E-14
   0.8363421E+01     -0.4728400E-14
   0.8387489E+01     -0.1039933E-14
   0.8411556E+01      0.1026994E-14
   0.8435624E+01     -0.3494521E-14
   0.8459691E+01     -0.8527966E-15
   0.8483758E+01      0.7640717E-15
   0.8507826E+01      0.4198483E-14
   0.8531893E+01      0.3961234E-14
   0.8555961E+01      0.1406593E-15
   0.8580028E+01     -0.1169828E-14
   0.8604095E+01      0.1231263E-14
   0.8628163E+01      0.1941708E-14
   0.8652230E+01     -0.2619182E-15
   0.8676298E+01      0.2862653E-14
   0.8700365E+01      0.7849020E-15
   0.8724432E+01     -0.3707023E-14
   0.8748500E+01      0.2542280E-14
   0.8772567E+01     -0.2587866E-14
   0.8796635E+01      0.9728150E-15
   0.8820702E+01     -0.1711963E-14
   0.8844769E+01     -0.1669095E-14
   0.8868837E+01     -0.8312982E-15
   0.8892904E+01     -0.1734500E-14
   0.8916972E+01      0.1816072E-14
   0.8941039E+01      0.2063114E-14
   0.8965106E+01     -0.3829935E-14
   0.8989174E+01     -0.3606776E-15
   0.9013241E+01     -0.1756705E-14
   0.9037309E+01      0.6017971E-15
   0.9061376E+01     -0.5678190E-15
   0.9085443E+01     -0.3472295E-15
   0.9109511E+01      0.7950233E-16
   0.9133578E+01      0.6620538E-15
   0.9157646E+01      0.6020677E-15
   0.9181713E+01     -0.7514558E-16
   0.9205780E+01     -0.7532873E-15
   0.9229848E+01     -0.1082336E-14
   0.9253915E+01     -0.8029669E-15
   0.9277983E+01     -0.2875830E-15
   0.9302050E+01     -0.3808655E-15
   0.9326117E+01     -0.3086838E-14
   0.9350185E+01     -0.1560459E-14
   0.9374252E+01      0.1890720E-15
   0.9398320E+01      0.8157168E-15
   0.9422387E+01      0.8929564E-15
   0.9446454E+01      0.5019807E-15
   0.9470522E+01     -0.2249120E-14
   0.9494589E+01      0.8771786E-15
   0.9518657E+01      0.1241316E-14
   0.9542724E+01      0.6274610E-15
   0.9566791E+01     -0.1916805E-14
   0.9590859E+01      0.2339586E-14
   0.9614926E+01      0.8952033E-15
   0.9638994E+01      0.1943680E-14
   0.9663061E+01      0.1039765E-14
   0.9687128E+01      0.1175496E-14
   0.9711196E+01     -0.2617587E-14
   0.9735263E+01     -0.1764573E-14
   0.9759331E+01     -0.3889934E-15
   0.9783398E+01     -0.5052663E-15
   0.9807465E+01      0.1141514E-14
   0.9831533E+01      0.9249733E-15
   0.9855600E+01     -0.1072256E-14
   0.9879668E+01      0.5935584E-15
   0.9903735E+01      0.1058821E-14
   0.9927802E+01      0.2304804E-15
   0.9951870E+01     -0.1740320E-14
   0.9975937E+01      0.1008957E-14
   0.1000000E+02     -0.3837805E-15
 &
