 iscf   Eharris(eV)      E_KS(eV)   FreeEng(eV)    dHmax    dDmax   Ef(eV)
    1      -31.3298      -31.3218      -31.3218   0.01027   0.00000 -4.72336
    2      -31.3292      -31.3291      -31.3291   0.00132   0.00000 -4.84469
    3      -31.3292      -31.3284      -31.3284   0.00044   0.00000 -4.83187
    4      -31.3292      -31.3291      -31.3291   0.00012   0.00000 -4.83293
    5      -31.3292      -31.3291      -31.3291   0.00012   0.00000 -4.83295
    6      -31.3292      -31.3291      -31.3291   0.00011   0.00000 -4.83297
    7      -31.3292      -31.3291      -31.3291   0.00011   0.00000 -4.83299
    8      -31.3292      -31.3291      -31.3291   0.00011   0.00000 -4.83301
    9      -31.3292      -31.3291      -31.3291   0.00010   0.00000 -4.83303
   10      -31.3292      -31.3291      -31.3291   0.00010   0.00000 -4.83305
   11      -31.3292      -31.3291      -31.3291   0.00010   0.00000 -4.83307
   12      -31.3292      -31.3291      -31.3291   0.00010   0.00000 -4.83309
   13      -31.3292      -31.3291      -31.3291   0.00009   0.00000 -4.83311
   14      -31.3292      -31.3291      -31.3291   0.00009   0.00000 -4.83313
   15      -31.3292      -31.3291      -31.3291   0.00009   0.00000 -4.83314
   16      -31.3292      -31.3291      -31.3291   0.00009   0.00000 -4.83316
   17      -31.3292      -31.3291      -31.3291   0.00008   0.00000 -4.83318
   18      -31.3292      -31.3291      -31.3291   0.00008   0.00000 -4.83319
   19      -31.3292      -31.3291      -31.3291   0.00008   0.00000 -4.83321
   20      -31.3292      -31.3291      -31.3291   0.00008   0.00000 -4.83322
   21      -31.3292      -31.3291      -31.3291   0.00008   0.00000 -4.83324
   22      -31.3292      -31.3291      -31.3291   0.00007   0.00000 -4.83325
   23      -31.3292      -31.3291      -31.3291   0.00007   0.00000 -4.83327
   24      -31.3292      -31.3291      -31.3291   0.00007   0.00000 -4.83328
   25      -31.3292      -31.3291      -31.3291   0.00007   0.00000 -4.83330
   26      -31.3292      -31.3291      -31.3291   0.00007   0.00000 -4.83331
   27      -31.3292      -31.3291      -31.3291   0.00007   0.00000 -4.83332
   28      -31.3292      -31.3291      -31.3291   0.00006   0.00000 -4.83334
   29      -31.3292      -31.3291      -31.3291   0.00006   0.00000 -4.83335
   30      -31.3292      -31.3291      -31.3291   0.00006   0.00000 -4.83336
   31      -31.3292      -31.3291      -31.3291   0.00006   0.00000 -4.83338
   32      -31.3292      -31.3291      -31.3291   0.00006   0.00000 -4.83339
   33      -31.3292      -31.3291      -31.3291   0.00006   0.00000 -4.83340
   34      -31.3292      -31.3291      -31.3291   0.00005   0.00000 -4.83341
   35      -31.3292      -31.3291      -31.3291   0.00005   0.00000 -4.83342
   36      -31.3292      -31.3291      -31.3291   0.00005   0.00000 -4.83343
   37      -31.3292      -31.3291      -31.3291   0.00005   0.00000 -4.83344
   38      -31.3292      -31.3291      -31.3291   0.00005   0.00000 -4.83345
   39      -31.3292      -31.3291      -31.3291   0.00005   0.00000 -4.83346
   40      -31.3292      -31.3291      -31.3291   0.00005   0.00000 -4.83347
   41      -31.3292      -31.3291      -31.3291   0.00005   0.00000 -4.83348
   42      -31.3292      -31.3291      -31.3291   0.00004   0.00000 -4.83349
   43      -31.3292      -31.3291      -31.3291   0.00004   0.00000 -4.83350
   44      -31.3292      -31.3291      -31.3291   0.00004   0.00000 -4.83351
   45      -31.3292      -31.3291      -31.3291   0.00004   0.00000 -4.83352
   46      -31.3292      -31.3291      -31.3291   0.00004   0.00000 -4.83353
   47      -31.3292      -31.3291      -31.3291   0.00004   0.00000 -4.83354
   48      -31.3292      -31.3291      -31.3291   0.00004   0.00000 -4.83355
   49      -31.3292      -31.3291      -31.3291   0.00004   0.00000 -4.83356
   50      -31.3292      -31.3291      -31.3291   0.00004   0.00000 -4.83356
   51      -31.3292      -31.3291      -31.3291   0.00004   0.00000 -4.83357
   52      -31.3292      -31.3291      -31.3291   0.00003   0.00000 -4.83358
   53      -31.3292      -31.3291      -31.3291   0.00003   0.00000 -4.83359
   54      -31.3292      -31.3291      -31.3291   0.00003   0.00000 -4.83359
   55      -31.3292      -31.3291      -31.3291   0.00003   0.00000 -4.83360
   56      -31.3292      -31.3291      -31.3291   0.00003   0.00000 -4.83361
   57      -31.3292      -31.3291      -31.3291   0.00003   0.00000 -4.83361
   58      -31.3292      -31.3291      -31.3291   0.00003   0.00000 -4.83362
   59      -31.3292      -31.3291      -31.3291   0.00003   0.00000 -4.83363
   60      -31.3292      -31.3291      -31.3291   0.00003   0.00000 -4.83363
   61      -31.3292      -31.3291      -31.3291   0.00003   0.00000 -4.83364
   62      -31.3292      -31.3291      -31.3291   0.00003   0.00000 -4.83365
   63      -31.3292      -31.3291      -31.3291   0.00003   0.00000 -4.83365
   64      -31.3292      -31.3292      -31.3292   0.00003   0.00000 -4.83366
   65      -31.3292      -31.3292      -31.3292   0.00003   0.00000 -4.83366
   66      -31.3292      -31.3292      -31.3292   0.00002   0.00000 -4.83367
   67      -31.3292      -31.3292      -31.3292   0.00002   0.00000 -4.83368
   68      -31.3292      -31.3292      -31.3292   0.00002   0.00000 -4.83368
   69      -31.3292      -31.3292      -31.3292   0.00002   0.00000 -4.83369
   70      -31.3292      -31.3292      -31.3292   0.00002   0.00000 -4.83369
   71      -31.3292      -31.3292      -31.3292   0.00002   0.00000 -4.83370
   72      -31.3292      -31.3292      -31.3292   0.00002   0.00000 -4.83370
   73      -31.3292      -31.3292      -31.3292   0.00002   0.00000 -4.83371
   74      -31.3292      -31.3292      -31.3292   0.00002   0.00000 -4.83371
