 @target G0.S0
 @type xy
  -0.9999831E+01      0.5323659E-03
  -0.9974800E+01      0.9886197E-03
  -0.9949769E+01      0.1875846E-02
  -0.9924738E+01      0.4776959E-02
  -0.9899707E+01      0.1035970E-01
  -0.9874676E+01      0.2086172E-01
  -0.9849645E+01      0.4062575E-01
  -0.9824614E+01      0.7826786E-01
  -0.9799584E+01      0.1502882E+00
  -0.9774553E+01      0.2812935E+00
  -0.9749522E+01      0.4736710E+00
  -0.9724491E+01      0.6419130E+00
  -0.9699460E+01      0.6967033E+00
  -0.9674429E+01      0.6511704E+00
  -0.9649398E+01      0.5509424E+00
  -0.9624368E+01      0.4500474E+00
  -0.9599337E+01      0.3719680E+00
  -0.9574306E+01      0.3159941E+00
  -0.9549275E+01      0.2761429E+00
  -0.9524244E+01      0.2473835E+00
  -0.9499213E+01      0.2262937E+00
  -0.9474182E+01      0.2106427E+00
  -0.9449152E+01      0.1989712E+00
  -0.9424121E+01      0.1903093E+00
  -0.9399090E+01      0.1840009E+00
  -0.9374059E+01      0.1795966E+00
  -0.9349028E+01      0.1830041E+00
  -0.9323997E+01      0.1925934E+00
  -0.9298966E+01      0.2030107E+00
  -0.9273935E+01      0.2143200E+00
  -0.9248905E+01      0.2266023E+00
  -0.9223874E+01      0.2399562E+00
  -0.9198843E+01      0.2544975E+00
  -0.9173812E+01      0.2703598E+00
  -0.9148781E+01      0.2876950E+00
  -0.9123750E+01      0.3066740E+00
  -0.9098719E+01      0.3274865E+00
  -0.9073689E+01      0.3503416E+00
  -0.9048658E+01      0.3754668E+00
  -0.9023627E+01      0.4031076E+00
  -0.8998596E+01      0.4335244E+00
  -0.8973565E+01      0.4669898E+00
  -0.8948534E+01      0.5037825E+00
  -0.8923503E+01      0.5441779E+00
  -0.8898472E+01      0.5884296E+00
  -0.8873442E+01      0.6367318E+00
  -0.8848411E+01      0.6891374E+00
  -0.8823380E+01      0.7453877E+00
  -0.8798349E+01      0.8045675E+00
  -0.8773318E+01      0.8644701E+00
  -0.8748287E+01      0.9206289E+00
  -0.8723256E+01      0.9654118E+00
  -0.8698226E+01      0.9886074E+00
  -0.8673195E+01      0.9813241E+00
  -0.8648164E+01      0.9417432E+00
  -0.8623133E+01      0.8767855E+00
  -0.8598102E+01      0.7975627E+00
  -0.8573071E+01      0.7140365E+00
  -0.8548040E+01      0.6329471E+00
  -0.8523010E+01      0.5581205E+00
  -0.8497979E+01      0.4913635E+00
  -0.8472948E+01      0.4332328E+00
  -0.8447917E+01      0.3835917E+00
  -0.8422886E+01      0.3420000E+00
  -0.8397855E+01      0.3079862E+00
  -0.8372824E+01      0.2812504E+00
  -0.8347793E+01      0.2618484E+00
  -0.8322763E+01      0.2503608E+00
  -0.8297732E+01      0.2539533E+00
  -0.8272701E+01      0.2740402E+00
  -0.8247670E+01      0.3188066E+00
  -0.8222639E+01      0.4212612E+00
  -0.8197608E+01      0.7116520E+00
  -0.8172577E+01      0.6579253E+00
  -0.8147547E+01      0.5791031E+00
  -0.8122516E+01      0.5163208E+00
  -0.8097485E+01      0.4599118E+00
  -0.8072454E+01      0.4055240E+00
  -0.8047423E+01      0.3549859E+00
  -0.8022392E+01      0.3113478E+00
  -0.7997361E+01      0.2757084E+00
  -0.7972330E+01      0.2476351E+00
  -0.7947300E+01      0.2262108E+00
  -0.7922269E+01      0.2107089E+00
  -0.7897238E+01      0.2010715E+00
  -0.7872207E+01      0.1991086E+00
  -0.7847176E+01      0.2360810E+00
  -0.7822145E+01      0.2839716E+00
  -0.7797114E+01      0.3617298E+00
  -0.7772084E+01      0.4442638E+00
  -0.7747053E+01      0.4428123E+00
  -0.7722022E+01      0.4527384E+00
  -0.7696991E+01      0.5734814E+00
  -0.7671960E+01      0.5390118E+00
  -0.7646929E+01      0.5245548E+00
  -0.7621898E+01      0.5813741E+00
  -0.7596868E+01      0.6419646E+00
  -0.7571837E+01      0.6762426E+00
  -0.7546806E+01      0.7471393E+00
  -0.7521775E+01      0.1058176E+01
  -0.7496744E+01      0.1477959E+01
  -0.7471713E+01      0.1091049E+01
  -0.7446682E+01      0.8855516E+00
  -0.7421651E+01      0.7999605E+00
  -0.7396621E+01      0.7835646E+00
  -0.7371590E+01      0.7706005E+00
  -0.7346559E+01      0.7581068E+00
  -0.7321528E+01      0.7433113E+00
  -0.7296497E+01      0.7250264E+00
  -0.7271466E+01      0.7032995E+00
  -0.7246435E+01      0.6788571E+00
  -0.7221405E+01      0.6524466E+00
  -0.7196374E+01      0.6242831E+00
  -0.7171343E+01      0.5937246E+00
  -0.7146312E+01      0.5591255E+00
  -0.7121281E+01      0.5175608E+00
  -0.7096250E+01      0.4535213E+00
  -0.7071219E+01      0.3893977E+00
  -0.7046188E+01      0.3229460E+00
  -0.7021158E+01      0.2824500E+00
  -0.6996127E+01      0.3283600E+00
  -0.6971096E+01      0.3976657E+00
  -0.6946065E+01      0.2756256E+00
  -0.6921034E+01      0.2316005E+00
  -0.6896003E+01      0.2278855E+00
  -0.6870972E+01      0.2498005E+00
  -0.6845942E+01      0.2541882E+00
  -0.6820911E+01      0.3716585E+00
  -0.6795880E+01      0.3851364E+00
  -0.6770849E+01      0.3713119E+00
  -0.6745818E+01      0.5044037E+00
  -0.6720787E+01      0.7096655E+00
  -0.6695756E+01      0.7645957E+00
  -0.6670725E+01      0.5915944E+00
  -0.6645695E+01      0.3595230E+00
  -0.6620664E+01      0.3094401E+00
  -0.6595633E+01      0.4673679E+00
  -0.6570602E+01      0.4619192E+00
  -0.6545571E+01      0.2484397E+00
  -0.6520540E+01      0.1868339E+00
  -0.6495509E+01      0.1744832E+00
  -0.6470479E+01      0.1787748E+00
  -0.6445448E+01      0.2039073E+00
  -0.6420417E+01      0.2607272E+00
  -0.6395386E+01      0.3680193E+00
  -0.6370355E+01      0.5202507E+00
  -0.6345324E+01      0.6754658E+00
  -0.6320293E+01      0.7750343E+00
  -0.6295263E+01      0.7935592E+00
  -0.6270232E+01      0.7633945E+00
  -0.6245201E+01      0.7283224E+00
  -0.6220170E+01      0.7605257E+00
  -0.6195139E+01      0.7702234E+00
  -0.6170108E+01      0.7927535E+00
  -0.6145077E+01      0.7793095E+00
  -0.6120046E+01      0.7549745E+00
  -0.6095016E+01      0.6261321E+00
  -0.6069985E+01      0.6346104E+00
  -0.6044954E+01      0.5366958E+00
  -0.6019923E+01      0.5538986E+00
  -0.5994892E+01      0.8014400E+00
  -0.5969861E+01      0.9912249E+00
  -0.5944830E+01      0.9170700E+00
  -0.5919800E+01      0.8716848E+00
  -0.5894769E+01      0.5599415E+00
  -0.5869738E+01      0.5040723E+00
  -0.5844707E+01      0.5117855E+00
  -0.5819676E+01      0.8177702E+00
  -0.5794645E+01      0.9845369E+00
  -0.5769614E+01      0.1215167E+01
  -0.5744583E+01      0.1295321E+01
  -0.5719553E+01      0.1274316E+01
  -0.5694522E+01      0.1193158E+01
  -0.5669491E+01      0.1119608E+01
  -0.5644460E+01      0.1094404E+01
  -0.5619429E+01      0.1056162E+01
  -0.5594398E+01      0.1032380E+01
  -0.5569367E+01      0.1196798E+01
  -0.5544337E+01      0.1167071E+01
  -0.5519306E+01      0.1201057E+01
  -0.5494275E+01      0.1420034E+01
  -0.5469244E+01      0.1123904E+01
  -0.5444213E+01      0.1069317E+01
  -0.5419182E+01      0.1040496E+01
  -0.5394151E+01      0.1029607E+01
  -0.5369121E+01      0.1013338E+01
  -0.5344090E+01      0.9745642E+00
  -0.5319059E+01      0.8895059E+00
  -0.5294028E+01      0.7917085E+00
  -0.5268997E+01      0.6663237E+00
  -0.5243966E+01      0.6174554E+00
  -0.5218935E+01      0.5902500E+00
  -0.5193904E+01      0.7336191E+00
  -0.5168874E+01      0.7522665E+00
  -0.5143843E+01      0.6722326E+00
  -0.5118812E+01      0.8456532E+00
  -0.5093781E+01      0.8623276E+00
  -0.5068750E+01      0.7081126E+00
  -0.5043719E+01      0.9077797E+00
  -0.5018688E+01      0.1112473E+01
  -0.4993658E+01      0.8280574E+00
  -0.4968627E+01      0.6143946E+00
  -0.4943596E+01      0.6680533E+00
  -0.4918565E+01      0.8868094E+00
  -0.4893534E+01      0.9256284E+00
  -0.4868503E+01      0.9410131E+00
  -0.4843472E+01      0.9967691E+00
  -0.4818441E+01      0.9999050E+00
  -0.4793411E+01      0.1027534E+01
  -0.4768380E+01      0.8910849E+00
  -0.4743349E+01      0.7746306E+00
  -0.4718318E+01      0.7724675E+00
  -0.4693287E+01      0.6254950E+00
  -0.4668256E+01      0.2816270E+00
  -0.4643225E+01      0.3295978E+00
  -0.4618195E+01      0.3495141E+00
  -0.4593164E+01      0.3357231E+00
  -0.4568133E+01      0.3244481E+00
  -0.4543102E+01      0.3152943E+00
  -0.4518071E+01      0.3088941E+00
  -0.4493040E+01      0.3040394E+00
  -0.4468009E+01      0.3161214E+00
  -0.4442979E+01      0.3773021E+00
  -0.4417948E+01      0.3814013E+00
  -0.4392917E+01      0.3612323E+00
  -0.4367886E+01      0.3285898E+00
  -0.4342855E+01      0.2936586E+00
  -0.4317824E+01      0.2638443E+00
  -0.4292793E+01      0.2415447E+00
  -0.4267762E+01      0.2258307E+00
  -0.4242732E+01      0.2147004E+00
  -0.4217701E+01      0.2064068E+00
  -0.4192670E+01      0.2053739E+00
  -0.4167639E+01      0.4132113E+00
  -0.4142608E+01      0.2599116E+00
  -0.4117577E+01      0.1987488E+00
  -0.4092546E+01      0.2026259E+00
  -0.4067516E+01      0.2696120E+00
  -0.4042485E+01      0.2944501E+00
  -0.4017454E+01      0.3181673E+00
  -0.3992423E+01      0.3530251E+00
  -0.3967392E+01      0.3879099E+00
  -0.3942361E+01      0.3986109E+00
  -0.3917330E+01      0.3975704E+00
  -0.3892299E+01      0.4425083E+00
  -0.3867269E+01      0.5106227E+00
  -0.3842238E+01      0.5687726E+00
  -0.3817207E+01      0.5418594E+00
  -0.3792176E+01      0.6178842E+00
  -0.3767145E+01      0.7808369E+00
  -0.3742114E+01      0.7885298E+00
  -0.3717083E+01      0.7926724E+00
  -0.3692053E+01      0.8210680E+00
  -0.3667022E+01      0.8790675E+00
  -0.3641991E+01      0.9175209E+00
  -0.3616960E+01      0.9547269E+00
  -0.3591929E+01      0.9688313E+00
  -0.3566898E+01      0.9504274E+00
  -0.3541867E+01      0.9802187E+00
  -0.3516837E+01      0.9847266E+00
  -0.3491806E+01      0.9720495E+00
  -0.3466775E+01      0.9629360E+00
  -0.3441744E+01      0.9554102E+00
  -0.3416713E+01      0.9461755E+00
  -0.3391682E+01      0.9354476E+00
  -0.3366651E+01      0.9649774E+00
  -0.3341620E+01      0.8999371E+00
  -0.3316590E+01      0.8100410E+00
  -0.3291559E+01      0.7426580E+00
  -0.3266528E+01      0.6840711E+00
  -0.3241497E+01      0.6890003E+00
  -0.3216466E+01      0.7074756E+00
  -0.3191435E+01      0.7414874E+00
  -0.3166404E+01      0.7647840E+00
  -0.3141374E+01      0.7248793E+00
  -0.3116343E+01      0.6776622E+00
  -0.3091312E+01      0.5517410E+00
  -0.3066281E+01      0.5049877E+00
  -0.3041250E+01      0.4857753E+00
  -0.3016219E+01      0.4456930E+00
  -0.2991188E+01      0.4030726E+00
  -0.2966157E+01      0.3704134E+00
  -0.2941127E+01      0.3514341E+00
  -0.2916096E+01      0.3663666E+00
  -0.2891065E+01      0.1539132E+00
  -0.2866034E+01      0.1467125E+00
  -0.2841003E+01      0.1557024E+00
  -0.2815972E+01      0.1512697E+00
  -0.2790941E+01      0.1386852E+00
  -0.2765911E+01      0.1406439E+00
  -0.2740880E+01      0.1519607E+00
  -0.2715849E+01      0.1730067E+00
  -0.2690818E+01      0.1624815E+00
  -0.2665787E+01      0.1713035E+00
  -0.2640756E+01      0.1834353E+00
  -0.2615725E+01      0.2261877E+00
  -0.2590695E+01      0.1107040E+00
  -0.2565664E+01      0.1053791E+00
  -0.2540633E+01      0.1006802E+00
  -0.2515602E+01      0.9850271E-01
  -0.2490571E+01      0.2707963E+00
  -0.2465540E+01      0.1951541E+00
  -0.2440509E+01      0.2238233E+00
  -0.2415478E+01      0.2084068E+00
  -0.2390448E+01      0.2059135E+00
  -0.2365417E+01      0.2178246E+00
  -0.2340386E+01      0.2431099E+00
  -0.2315355E+01      0.2676105E+00
  -0.2290324E+01      0.2511120E+00
  -0.2265293E+01      0.2746979E+00
  -0.2240262E+01      0.2983654E+00
  -0.2215232E+01      0.3205283E+00
  -0.2190201E+01      0.3385412E+00
  -0.2165170E+01      0.3501345E+00
  -0.2140139E+01      0.3545237E+00
  -0.2115108E+01      0.3531341E+00
  -0.2090077E+01      0.3498165E+00
  -0.2065046E+01      0.3699257E+00
  -0.2040015E+01      0.3997543E+00
  -0.2014985E+01      0.3902628E+00
  -0.1989954E+01      0.3851142E+00
  -0.1964923E+01      0.3853816E+00
  -0.1939892E+01      0.3904151E+00
  -0.1914861E+01      0.3997070E+00
  -0.1889830E+01      0.4127475E+00
  -0.1864799E+01      0.4288500E+00
  -0.1839769E+01      0.4470639E+00
  -0.1814738E+01      0.4661523E+00
  -0.1789707E+01      0.4847398E+00
  -0.1764676E+01      0.5015490E+00
  -0.1739645E+01      0.5156455E+00
  -0.1714614E+01      0.5265884E+00
  -0.1689583E+01      0.5344309E+00
  -0.1664553E+01      0.5395990E+00
  -0.1639522E+01      0.5427216E+00
  -0.1614491E+01      0.5444753E+00
  -0.1589460E+01      0.5454738E+00
  -0.1564429E+01      0.5462057E+00
  -0.1539398E+01      0.5470067E+00
  -0.1514367E+01      0.5480557E+00
  -0.1489336E+01      0.5493816E+00
  -0.1464306E+01      0.5508762E+00
  -0.1439275E+01      0.5523092E+00
  -0.1414244E+01      0.5533454E+00
  -0.1389213E+01      0.5535709E+00
  -0.1364182E+01      0.5525294E+00
  -0.1339151E+01      0.5497759E+00
  -0.1314120E+01      0.5449425E+00
  -0.1289090E+01      0.5378097E+00
  -0.1264059E+01      0.5283618E+00
  -0.1239028E+01      0.5168082E+00
  -0.1213997E+01      0.5035575E+00
  -0.1188966E+01      0.4891485E+00
  -0.1163935E+01      0.4741589E+00
  -0.1138904E+01      0.4591189E+00
  -0.1113873E+01      0.4444497E+00
  -0.1088843E+01      0.4304362E+00
  -0.1063812E+01      0.4172283E+00
  -0.1038781E+01      0.4048607E+00
  -0.1013750E+01      0.3932798E+00
  -0.9887192E+00      0.3823688E+00
  -0.9636883E+00      0.3719664E+00
  -0.9386574E+00      0.3618736E+00
  -0.9136266E+00      0.3518409E+00
  -0.8885957E+00      0.3414930E+00
  -0.8635648E+00      0.3297483E+00
  -0.8385340E+00      0.3137143E+00
  -0.8135031E+00      0.3025444E+00
  -0.7884722E+00      0.2919907E+00
  -0.7634414E+00      0.2817852E+00
  -0.7384105E+00      0.2718803E+00
  -0.7133797E+00      0.2622820E+00
  -0.6883488E+00      0.2530130E+00
  -0.6633179E+00      0.2440989E+00
  -0.6382871E+00      0.2355630E+00
  -0.6132562E+00      0.2274228E+00
  -0.5882253E+00      0.2196893E+00
  -0.5631945E+00      0.2123670E+00
  -0.5381636E+00      0.2054543E+00
  -0.5131327E+00      0.1989444E+00
  -0.4881019E+00      0.1928265E+00
  -0.4630710E+00      0.1870864E+00
  -0.4380401E+00      0.1817080E+00
  -0.4130093E+00      0.1766734E+00
  -0.3879784E+00      0.1719641E+00
  -0.3629475E+00      0.1675614E+00
  -0.3379167E+00      0.1634462E+00
  -0.3128858E+00      0.1596002E+00
  -0.2878549E+00      0.1560048E+00
  -0.2628241E+00      0.1526418E+00
  -0.2377932E+00      0.1494916E+00
  -0.2127624E+00      0.1465318E+00
  -0.1877315E+00      0.1437267E+00
  -0.1627006E+00      0.1409228E+00
  -0.1376698E+00      0.1400210E+00
  -0.1126389E+00      0.1389425E+00
  -0.8760803E-01      0.1378816E+00
  -0.6257716E-01      0.1368879E+00
  -0.3754630E-01      0.1359788E+00
  -0.1251543E-01      0.1351616E+00
   0.1251543E-01      0.1344399E+00
   0.3754630E-01      0.1338152E+00
   0.6257716E-01      0.1332880E+00
   0.8760803E-01      0.1328585E+00
   0.1126389E+00      0.1325266E+00
   0.1376698E+00      0.1322919E+00
   0.1627006E+00      0.1321546E+00
   0.1877315E+00      0.1321144E+00
   0.2127624E+00      0.1321717E+00
   0.2377932E+00      0.1323267E+00
   0.2628241E+00      0.1325800E+00
   0.2878549E+00      0.1329323E+00
   0.3128858E+00      0.1333848E+00
   0.3379167E+00      0.1339387E+00
   0.3629475E+00      0.1345957E+00
   0.3879784E+00      0.1353574E+00
   0.4130093E+00      0.1362262E+00
   0.4380401E+00      0.1372045E+00
   0.4630710E+00      0.1382952E+00
   0.4881019E+00      0.1395013E+00
   0.5131327E+00      0.1408264E+00
   0.5381636E+00      0.1422744E+00
   0.5631945E+00      0.1438497E+00
   0.5882253E+00      0.1455571E+00
   0.6132562E+00      0.1474020E+00
   0.6382871E+00      0.1493826E+00
   0.6633179E+00      0.1515268E+00
   0.6883488E+00      0.1538209E+00
   0.7133797E+00      0.1562791E+00
   0.7384105E+00      0.1589099E+00
   0.7634414E+00      0.1617224E+00
   0.7884722E+00      0.1647267E+00
   0.8135031E+00      0.1679338E+00
   0.8385340E+00      0.1713557E+00
   0.8635648E+00      0.1750056E+00
   0.8885957E+00      0.1788981E+00
   0.9136266E+00      0.1830490E+00
   0.9386574E+00      0.1874717E+00
   0.9636883E+00      0.1921957E+00
   0.9887192E+00      0.1972328E+00
   0.1013750E+01      0.2026071E+00
   0.1038781E+01      0.2083466E+00
   0.1063812E+01      0.2144771E+00
   0.1088843E+01      0.2210291E+00
   0.1113873E+01      0.2280359E+00
   0.1138904E+01      0.2355339E+00
   0.1163935E+01      0.2435633E+00
   0.1188966E+01      0.2521676E+00
   0.1213997E+01      0.2613947E+00
   0.1239028E+01      0.2712971E+00
   0.1264059E+01      0.2819316E+00
   0.1289090E+01      0.2933605E+00
   0.1314120E+01      0.3056509E+00
   0.1339151E+01      0.3188756E+00
   0.1364182E+01      0.3331124E+00
   0.1389213E+01      0.3484442E+00
   0.1414244E+01      0.3649582E+00
   0.1439275E+01      0.3827445E+00
   0.1464306E+01      0.4018936E+00
   0.1489336E+01      0.4224932E+00
   0.1514367E+01      0.4446204E+00
   0.1539398E+01      0.4683312E+00
   0.1564429E+01      0.4936375E+00
   0.1589460E+01      0.5204593E+00
   0.1614491E+01      0.5484907E+00
   0.1639522E+01      0.5765923E+00
   0.1664553E+01      0.6227118E+00
   0.1689583E+01      0.6903513E+00
   0.1714614E+01      0.7524277E+00
   0.1739645E+01      0.8122031E+00
   0.1764676E+01      0.8684556E+00
   0.1789707E+01      0.9186115E+00
   0.1814738E+01      0.9593013E+00
   0.1839769E+01      0.9867698E+00
   0.1864799E+01      0.9973370E+00
   0.1889830E+01      0.9878164E+00
   0.1914861E+01      0.9555870E+00
   0.1939892E+01      0.8973587E+00
   0.1964923E+01      0.7970018E+00
   0.1989954E+01      0.7803726E+00
   0.2014985E+01      0.6929532E+00
   0.2040015E+01      0.5650770E+00
   0.2065046E+01      0.4238174E+00
   0.2090077E+01      0.2660766E+00
   0.2115108E+01      0.2112164E+00
   0.2140139E+01      0.2323499E+00
   0.2165170E+01      0.2508542E+00
   0.2190201E+01      0.2679313E+00
   0.2215232E+01      0.2787197E+00
   0.2240262E+01      0.6135633E+00
   0.2265293E+01      0.3176856E+00
   0.2290324E+01      0.3296355E+00
   0.2315355E+01      0.3427448E+00
   0.2340386E+01      0.3564000E+00
   0.2365417E+01      0.3709261E+00
   0.2390448E+01      0.3867111E+00
   0.2415478E+01      0.4040961E+00
   0.2440509E+01      0.4233067E+00
   0.2465540E+01      0.4443835E+00
   0.2490571E+01      0.4670867E+00
   0.2515602E+01      0.4907683E+00
   0.2540633E+01      0.5142688E+00
   0.2565664E+01      0.5359371E+00
   0.2590695E+01      0.5539189E+00
   0.2615725E+01      0.5666335E+00
   0.2640756E+01      0.5732528E+00
   0.2665787E+01      0.5739181E+00
   0.2690818E+01      0.5696024E+00
   0.2715849E+01      0.5617385E+00
   0.2740880E+01      0.5518283E+00
   0.2765911E+01      0.5411794E+00
   0.2790941E+01      0.5307971E+00
   0.2815972E+01      0.5213895E+00
   0.2841003E+01      0.5134260E+00
   0.2866034E+01      0.5072094E+00
   0.2891065E+01      0.5029393E+00
   0.2916096E+01      0.5007592E+00
   0.2941127E+01      0.5007865E+00
   0.2966157E+01      0.5031234E+00
   0.2991188E+01      0.5078464E+00
   0.3016219E+01      0.5149661E+00
   0.3041250E+01      0.5243428E+00
   0.3066281E+01      0.5355417E+00
   0.3091312E+01      0.5476201E+00
   0.3116343E+01      0.5588905E+00
   0.3141374E+01      0.5668093E+00
   0.3166404E+01      0.5682723E+00
   0.3191435E+01      0.5605496E+00
   0.3216466E+01      0.5425939E+00
   0.3241497E+01      0.5158347E+00
   0.3266528E+01      0.4835797E+00
   0.3291559E+01      0.4495368E+00
   0.3316590E+01      0.4164935E+00
   0.3341620E+01      0.3858577E+00
   0.3366651E+01      0.3578497E+00
   0.3391682E+01      0.3318875E+00
   0.3416713E+01      0.3069536E+00
   0.3441744E+01      0.2962324E+00
   0.3466775E+01      0.2875938E+00
   0.3491806E+01      0.2806054E+00
   0.3516837E+01      0.2749127E+00
   0.3541867E+01      0.2702332E+00
   0.3566898E+01      0.2663439E+00
   0.3591929E+01      0.2630702E+00
   0.3616960E+01      0.2602749E+00
   0.3641991E+01      0.2578497E+00
   0.3667022E+01      0.2557080E+00
   0.3692053E+01      0.2537798E+00
   0.3717083E+01      0.2520068E+00
   0.3742114E+01      0.2503385E+00
   0.3767145E+01      0.2487291E+00
   0.3792176E+01      0.2471330E+00
   0.3817207E+01      0.2454992E+00
   0.3842238E+01      0.2437609E+00
   0.3867269E+01      0.2418042E+00
   0.3892299E+01      0.2393085E+00
   0.3917330E+01      0.2401183E+00
   0.3942361E+01      0.2441123E+00
   0.3967392E+01      0.2500822E+00
   0.3992423E+01      0.2597484E+00
   0.4017454E+01      0.2750171E+00
   0.4042485E+01      0.2976866E+00
   0.4067516E+01      0.3281315E+00
   0.4092546E+01      0.3632211E+00
   0.4117577E+01      0.3955461E+00
   0.4142608E+01      0.4166563E+00
   0.4167639E+01      0.4223299E+00
   0.4192670E+01      0.4143031E+00
   0.4217701E+01      0.3983458E+00
   0.4242732E+01      0.3844007E+00
   0.4267762E+01      0.4010039E+00
   0.4292793E+01      0.4409464E+00
   0.4317824E+01      0.1856415E+00
   0.4342855E+01      0.1673673E+00
   0.4367886E+01      0.1479555E+00
   0.4392917E+01      0.1279618E+00
   0.4417948E+01      0.1085183E+00
   0.4442979E+01      0.9114793E-01
   0.4468009E+01      0.7744026E-01
   0.4493040E+01      0.6908309E-01
   0.4518071E+01      0.6910657E-01
   0.4543102E+01      0.8783875E-01
   0.4568133E+01      0.1754855E+00
   0.4593164E+01      0.1665791E+00
   0.4618195E+01      0.2507870E-01
   0.4643225E+01      0.5029632E-02
   0.4668256E+01      0.6056934E-03
   0.4693287E+01      0.4029766E-26
   0.4718318E+01      0.1404468E-25
   0.4743349E+01      0.2657726E-26
   0.4768380E+01      0.1889437E-27
   0.4793411E+01      0.4326764E-27
   0.4818441E+01      0.1614232E-27
   0.4843472E+01      0.1516640E-27
   0.4868503E+01      0.1020767E-27
   0.4893534E+01      0.7875054E-29
   0.4918565E+01      0.3431188E-28
   0.4943596E+01      0.2128249E-29
   0.4968627E+01      0.5338151E-29
   0.4993658E+01      0.6086519E-31
   0.5018688E+01      0.3053893E-30
   0.5043719E+01      0.2209358E-31
   0.5068750E+01      0.1222162E-29
   0.5093781E+01      0.2653581E-29
   0.5118812E+01      0.0000000E+00
   0.5143843E+01      0.3841512E-30
   0.5168874E+01      0.0000000E+00
   0.5193904E+01      0.2281435E-29
   0.5218935E+01      0.1560033E-30
   0.5243966E+01      0.1638347E-30
   0.5268997E+01      0.2384249E-29
   0.5294028E+01      0.1029008E-29
   0.5319059E+01      0.2576834E-29
   0.5344090E+01      0.4188683E-29
   0.5369121E+01      0.4058397E-29
   0.5394151E+01      0.1668989E-29
   0.5419182E+01      0.3077720E-29
   0.5444213E+01      0.3803201E-29
   0.5469244E+01      0.4802076E-29
   0.5494275E+01      0.1807264E-29
   0.5519306E+01      0.6010211E-32
   0.5544337E+01      0.4586007E-29
   0.5569367E+01      0.2019966E-29
   0.5594398E+01      0.5541834E-30
   0.5619429E+01      0.4457616E-30
   0.5644460E+01      0.1833418E-31
   0.5669491E+01      0.0000000E+00
   0.5694522E+01      0.6179047E-30
   0.5719553E+01      0.3500473E-31
   0.5744583E+01      0.1359146E-29
   0.5769614E+01      0.1273164E-29
   0.5794645E+01      0.1324783E-29
   0.5819676E+01      0.1861387E-29
   0.5844707E+01      0.8905111E-30
   0.5869738E+01      0.9036229E-31
   0.5894769E+01      0.1401231E-30
   0.5919800E+01      0.3210844E-30
   0.5944830E+01      0.6387159E-30
   0.5969861E+01      0.1381870E-29
   0.5994892E+01      0.2062209E-29
   0.6019923E+01      0.6085960E-30
   0.6044954E+01      0.7167209E-30
   0.6069985E+01      0.4195416E-30
   0.6095016E+01      0.7766747E-30
   0.6120046E+01      0.3125679E-29
   0.6145077E+01      0.1001568E-29
   0.6170108E+01      0.4928706E-28
   0.6195139E+01      0.4925249E-30
   0.6220170E+01      0.5799794E-31
   0.6245201E+01      0.9677447E-29
   0.6270232E+01      0.1694993E-27
   0.6295263E+01      0.5196491E-27
   0.6320293E+01      0.5843618E-31
   0.6345324E+01      0.7326415E-29
   0.6370355E+01      0.1326369E-30
   0.6395386E+01      0.2176938E-31
   0.6420417E+01      0.2313676E-30
   0.6445448E+01      0.5121964E-30
   0.6470479E+01      0.2926496E-30
   0.6495509E+01      0.4480266E-30
   0.6520540E+01      0.6884457E-30
   0.6545571E+01      0.3501273E-30
   0.6570602E+01      0.8631015E-32
   0.6595633E+01      0.5361793E-30
   0.6620664E+01      0.0000000E+00
   0.6645695E+01      0.2461443E-30
   0.6670725E+01      0.3400891E-30
   0.6695756E+01      0.3422787E-31
   0.6720787E+01      0.3078279E-30
   0.6745818E+01      0.8380056E-31
   0.6770849E+01      0.2982900E-31
   0.6795880E+01      0.1770096E-31
   0.6820911E+01      0.3839126E-31
   0.6845942E+01      0.1137864E-30
   0.6870972E+01      0.2954086E-30
   0.6896003E+01      0.0000000E+00
   0.6921034E+01      0.2305392E-30
   0.6946065E+01      0.2906700E-31
   0.6971096E+01      0.3727213E-30
   0.6996127E+01      0.4898699E-30
   0.7021158E+01      0.4306312E-30
   0.7046188E+01      0.3418872E-31
   0.7071219E+01      0.4144032E-30
   0.7096250E+01      0.2874366E-29
   0.7121281E+01      0.1288397E-29
   0.7146312E+01      0.2009126E-30
   0.7171343E+01      0.8611181E-30
   0.7196374E+01      0.5635527E-31
   0.7221405E+01      0.3777397E-30
   0.7246435E+01      0.2530332E-30
   0.7271466E+01      0.1204285E-29
   0.7296497E+01      0.9135485E-28
   0.7321528E+01      0.2280919E-28
   0.7346559E+01      0.1081913E-28
   0.7371590E+01      0.5393710E-29
   0.7396621E+01      0.1030923E-30
   0.7421651E+01      0.9503861E-30
   0.7446682E+01      0.7688219E-31
   0.7471713E+01      0.0000000E+00
   0.7496744E+01      0.1020438E-29
   0.7521775E+01      0.7204371E-30
   0.7546806E+01      0.5057941E-30
   0.7571837E+01      0.0000000E+00
   0.7596868E+01      0.1065033E-31
   0.7621898E+01      0.0000000E+00
   0.7646929E+01      0.1967559E-30
   0.7671960E+01      0.9643300E-31
   0.7696991E+01      0.1823271E-30
   0.7722022E+01      0.3805174E-33
   0.7747053E+01      0.8825395E-31
   0.7772084E+01      0.2366885E-30
   0.7797114E+01      0.2179729E-30
   0.7822145E+01      0.1640417E-32
   0.7847176E+01      0.7583141E-31
   0.7872207E+01      0.1108391E-30
   0.7897238E+01      0.2433422E-30
   0.7922269E+01      0.1348256E-30
   0.7947300E+01      0.1223619E-30
   0.7972330E+01      0.8369874E-30
   0.7997361E+01      0.1556581E-29
   0.8022392E+01      0.0000000E+00
   0.8047423E+01      0.3656390E-33
   0.8072454E+01      0.1066464E-29
   0.8097485E+01      0.1604014E-30
   0.8122516E+01      0.1201896E-29
   0.8147547E+01      0.7512102E-30
   0.8172577E+01      0.5269550E-30
   0.8197608E+01      0.0000000E+00
   0.8222639E+01      0.2305366E-30
   0.8247670E+01      0.3568951E-30
   0.8272701E+01      0.2265045E-33
   0.8297732E+01      0.2529037E-30
   0.8322763E+01      0.1915987E-29
   0.8347793E+01      0.2127634E-32
   0.8372824E+01      0.5102661E-31
   0.8397855E+01      0.6511995E-29
   0.8422886E+01      0.2893501E-30
   0.8447917E+01      0.1713226E-28
   0.8472948E+01      0.2928393E-31
   0.8497979E+01      0.1187311E-27
   0.8523010E+01      0.2505413E-31
   0.8548040E+01      0.0000000E+00
   0.8573071E+01      0.0000000E+00
   0.8598102E+01      0.1598978E-29
   0.8623133E+01      0.0000000E+00
   0.8648164E+01      0.2807943E-30
   0.8673195E+01      0.3005018E-29
   0.8698226E+01      0.3854861E-30
   0.8723256E+01      0.6528606E-30
   0.8748287E+01      0.1921015E-30
   0.8773318E+01      0.6367125E-31
   0.8798349E+01      0.4562670E-31
   0.8823380E+01      0.5158166E-30
   0.8848411E+01      0.1090475E-30
   0.8873442E+01      0.6364921E-31
   0.8898472E+01      0.2739076E-30
   0.8923503E+01      0.5745295E-32
   0.8948534E+01      0.3401686E-31
   0.8973565E+01      0.6440969E-31
   0.8998596E+01      0.1325154E-30
   0.9023627E+01      0.7860099E-31
   0.9048658E+01      0.1452935E-31
   0.9073689E+01      0.6753540E-30
   0.9098719E+01      0.1450982E-30
   0.9123750E+01      0.5543062E-29
   0.9148781E+01      0.1893869E-32
   0.9173812E+01      0.1042674E-31
   0.9198843E+01      0.4596723E-30
   0.9223874E+01      0.2684104E-32
   0.9248905E+01      0.3614625E-33
   0.9273935E+01      0.0000000E+00
   0.9298966E+01      0.1602293E-32
   0.9323997E+01      0.0000000E+00
   0.9349028E+01      0.1123351E-30
   0.9374059E+01      0.0000000E+00
   0.9399090E+01      0.7575118E-31
   0.9424121E+01      0.1343073E-31
   0.9449152E+01      0.2296813E-31
   0.9474182E+01      0.1299983E-35
   0.9499213E+01      0.5449767E-31
   0.9524244E+01      0.7518410E-34
   0.9549275E+01      0.8830293E-31
   0.9574306E+01      0.1664401E-32
   0.9599337E+01      0.8243369E-31
   0.9624368E+01      0.7378585E-30
   0.9649398E+01      0.1760096E-29
   0.9674429E+01      0.2159310E-28
   0.9699460E+01      0.1436067E-30
   0.9724491E+01      0.2977446E-29
   0.9749522E+01      0.0000000E+00
   0.9774553E+01      0.7477930E-29
   0.9799584E+01      0.3393079E-30
   0.9824614E+01      0.9166983E-28
   0.9849645E+01      0.2065747E-28
   0.9874676E+01      0.0000000E+00
   0.9899707E+01      0.1522712E-29
   0.9924738E+01      0.3352656E-25
   0.9949769E+01      0.7569996E-31
   0.9974800E+01      0.1243092E-29
   0.9999831E+01      0.2847657E-30
 &
 @autoscale
 @target G1.S0
