 @target G2.S0
 @type xy
  -0.9999831E+01      0.7471597E+00
  -0.9974800E+01      0.7527185E+00
  -0.9949769E+01      0.4763802E+01
  -0.9924738E+01      0.9397963E+01
  -0.9899707E+01      0.1018956E+02
  -0.9874676E+01      0.9924679E+01
  -0.9849645E+01      0.9298335E+01
  -0.9824614E+01      0.8645048E+01
  -0.9799584E+01      0.8182575E+01
  -0.9774553E+01      0.8069448E+01
  -0.9749522E+01      0.8261979E+01
  -0.9724491E+01      0.8278848E+01
  -0.9699460E+01      0.7769300E+01
  -0.9674429E+01      0.6914493E+01
  -0.9649398E+01      0.5995862E+01
  -0.9624368E+01      0.5249552E+01
  -0.9599337E+01      0.4723306E+01
  -0.9574306E+01      0.4367431E+01
  -0.9549275E+01      0.4127484E+01
  -0.9524244E+01      0.3964182E+01
  -0.9499213E+01      0.3851109E+01
  -0.9474182E+01      0.3770458E+01
  -0.9449152E+01      0.3710048E+01
  -0.9424121E+01      0.3661490E+01
  -0.9399090E+01      0.3619047E+01
  -0.9374059E+01      0.3578904E+01
  -0.9349028E+01      0.1218392E+02
  -0.9323997E+01      0.1437722E+02
  -0.9298966E+01      0.1394463E+02
  -0.9273935E+01      0.1279181E+02
  -0.9248905E+01      0.1151856E+02
  -0.9223874E+01      0.1035730E+02
  -0.9198843E+01      0.9390678E+01
  -0.9173812E+01      0.8632921E+01
  -0.9148781E+01      0.8066764E+01
  -0.9123750E+01      0.7661988E+01
  -0.9098719E+01      0.7385077E+01
  -0.9073689E+01      0.7204235E+01
  -0.9048658E+01      0.7091835E+01
  -0.9023627E+01      0.7025409E+01
  -0.8998596E+01      0.6987799E+01
  -0.8973565E+01      0.6966841E+01
  -0.8948534E+01      0.6954798E+01
  -0.8923503E+01      0.6947680E+01
  -0.8898472E+01      0.6944512E+01
  -0.8873442E+01      0.6946505E+01
  -0.8848411E+01      0.6956452E+01
  -0.8823380E+01      0.6977569E+01
  -0.8798349E+01      0.7012444E+01
  -0.8773318E+01      0.7061163E+01
  -0.8748287E+01      0.7118561E+01
  -0.8723256E+01      0.7171073E+01
  -0.8698226E+01      0.7196327E+01
  -0.8673195E+01      0.7170760E+01
  -0.8648164E+01      0.7084052E+01
  -0.8623133E+01      0.6946403E+01
  -0.8598102E+01      0.6780186E+01
  -0.8573071E+01      0.6607066E+01
  -0.8548040E+01      0.6441998E+01
  -0.8523010E+01      0.6293429E+01
  -0.8497979E+01      0.6165365E+01
  -0.8472948E+01      0.6059212E+01
  -0.8447917E+01      0.5975081E+01
  -0.8422886E+01      0.5912705E+01
  -0.8397855E+01      0.5872174E+01
  -0.8372824E+01      0.5854718E+01
  -0.8347793E+01      0.5864014E+01
  -0.8322763E+01      0.5910492E+01
  -0.8297732E+01      0.1316403E+02
  -0.8272701E+01      0.1603405E+02
  -0.8247670E+01      0.1648636E+02
  -0.8222639E+01      0.1684154E+02
  -0.8197608E+01      0.1973018E+02
  -0.8172577E+01      0.1606122E+02
  -0.8147547E+01      0.1378208E+02
  -0.8122516E+01      0.1243633E+02
  -0.8097485E+01      0.1148158E+02
  -0.8072454E+01      0.1078164E+02
  -0.8047423E+01      0.1027736E+02
  -0.8022392E+01      0.9934208E+01
  -0.7997361E+01      0.9724558E+01
  -0.7972330E+01      0.9627215E+01
  -0.7947300E+01      0.9631708E+01
  -0.7922269E+01      0.9747036E+01
  -0.7897238E+01      0.1002943E+02
  -0.7872207E+01      0.1078179E+02
  -0.7847176E+01      0.2805642E+02
  -0.7822145E+01      0.2956720E+02
  -0.7797114E+01      0.6810144E+02
  -0.7772084E+01      0.9007944E+02
  -0.7747053E+01      0.6361789E+02
  -0.7722022E+01      0.5448315E+02
  -0.7696991E+01      0.5077674E+02
  -0.7671960E+01      0.4411362E+02
  -0.7646929E+01      0.3964679E+02
  -0.7621898E+01      0.3724743E+02
  -0.7596868E+01      0.3560316E+02
  -0.7571837E+01      0.3466810E+02
  -0.7546806E+01      0.3597264E+02
  -0.7521775E+01      0.5010306E+02
  -0.7496744E+01      0.5675280E+02
  -0.7471713E+01      0.4404115E+02
  -0.7446682E+01      0.3842390E+02
  -0.7421651E+01      0.3318021E+02
  -0.7396621E+01      0.3824938E+02
  -0.7371590E+01      0.3807186E+02
  -0.7346559E+01      0.3690235E+02
  -0.7321528E+01      0.3547834E+02
  -0.7296497E+01      0.3409011E+02
  -0.7271466E+01      0.3286677E+02
  -0.7246435E+01      0.3186393E+02
  -0.7221405E+01      0.3110150E+02
  -0.7196374E+01      0.3058338E+02
  -0.7171343E+01      0.3031019E+02
  -0.7146312E+01      0.3029251E+02
  -0.7121281E+01      0.3059373E+02
  -0.7096250E+01      0.4127508E+02
  -0.7071219E+01      0.4326667E+02
  -0.7046188E+01      0.4256452E+02
  -0.7021158E+01      0.1027547E+03
  -0.6996127E+01      0.8266338E+02
  -0.6971096E+01      0.7393753E+02
  -0.6946065E+01      0.6718620E+02
  -0.6921034E+01      0.1759620E+03
  -0.6896003E+01      0.1550677E+03
  -0.6870972E+01      0.2294412E+03
  -0.6845942E+01      0.8715587E+02
  -0.6820911E+01      0.8513389E+02
  -0.6795880E+01      0.6609466E+02
  -0.6770849E+01      0.4359210E+02
  -0.6745818E+01      0.4182952E+02
  -0.6720787E+01      0.4082163E+02
  -0.6695756E+01      0.4045174E+02
  -0.6670725E+01      0.7268854E+02
  -0.6645695E+01      0.6375804E+02
  -0.6620664E+01      0.5447979E+02
  -0.6595633E+01      0.5389972E+02
  -0.6570602E+01      0.5301939E+02
  -0.6545571E+01      0.4655652E+02
  -0.6520540E+01      0.4473036E+02
  -0.6495509E+01      0.4402369E+02
  -0.6470479E+01      0.4534119E+02
  -0.6445448E+01      0.5026796E+02
  -0.6420417E+01      0.5176776E+02
  -0.6395386E+01      0.5234332E+02
  -0.6370355E+01      0.5211842E+02
  -0.6345324E+01      0.5143412E+02
  -0.6320293E+01      0.5052103E+02
  -0.6295263E+01      0.4957833E+02
  -0.6270232E+01      0.4904568E+02
  -0.6245201E+01      0.4938026E+02
  -0.6220170E+01      0.6715039E+02
  -0.6195139E+01      0.6680370E+02
  -0.6170108E+01      0.7781294E+02
  -0.6145077E+01      0.8257551E+02
  -0.6120046E+01      0.7820589E+02
  -0.6095016E+01      0.7757829E+02
  -0.6069985E+01      0.5826996E+02
  -0.6044954E+01      0.5018649E+02
  -0.6019923E+01      0.4877457E+02
  -0.5994892E+01      0.7271661E+02
  -0.5969861E+01      0.6608270E+02
  -0.5944830E+01      0.6461518E+02
  -0.5919800E+01      0.6477758E+02
  -0.5894769E+01      0.6239222E+02
  -0.5869738E+01      0.6023199E+02
  -0.5844707E+01      0.6863103E+02
  -0.5819676E+01      0.8024841E+02
  -0.5794645E+01      0.8142144E+02
  -0.5769614E+01      0.8299795E+02
  -0.5744583E+01      0.1114568E+03
  -0.5719553E+01      0.8552237E+02
  -0.5694522E+01      0.8814194E+02
  -0.5669491E+01      0.1069613E+03
  -0.5644460E+01      0.1040743E+03
  -0.5619429E+01      0.9527763E+02
  -0.5594398E+01      0.7436165E+02
  -0.5569367E+01      0.8014912E+02
  -0.5544337E+01      0.8324900E+02
  -0.5519306E+01      0.1002683E+03
  -0.5494275E+01      0.9213998E+02
  -0.5469244E+01      0.8777612E+02
  -0.5444213E+01      0.1097035E+03
  -0.5419182E+01      0.1335047E+03
  -0.5394151E+01      0.9383657E+02
  -0.5369121E+01      0.9786322E+02
  -0.5344090E+01      0.1220169E+03
  -0.5319059E+01      0.8903808E+02
  -0.5294028E+01      0.7926238E+02
  -0.5268997E+01      0.7614824E+02
  -0.5243966E+01      0.7668283E+02
  -0.5218935E+01      0.8039398E+02
  -0.5193904E+01      0.1048833E+03
  -0.5168874E+01      0.1194081E+03
  -0.5143843E+01      0.1361570E+03
  -0.5118812E+01      0.1490729E+03
  -0.5093781E+01      0.1370681E+03
  -0.5068750E+01      0.1568723E+03
  -0.5043719E+01      0.1633441E+03
  -0.5018688E+01      0.1115524E+03
  -0.4993658E+01      0.1084040E+03
  -0.4968627E+01      0.9746802E+02
  -0.4943596E+01      0.8995040E+02
  -0.4918565E+01      0.8483355E+02
  -0.4893534E+01      0.8370415E+02
  -0.4868503E+01      0.8669638E+02
  -0.4843472E+01      0.8969940E+02
  -0.4818441E+01      0.9700487E+02
  -0.4793411E+01      0.1622876E+03
  -0.4768380E+01      0.1929444E+03
  -0.4743349E+01      0.3833829E+03
  -0.4718318E+01      0.2067627E+03
  -0.4693287E+01      0.1134806E+03
  -0.4668256E+01      0.9448849E+02
  -0.4643225E+01      0.1095613E+03
  -0.4618195E+01      0.8579462E+02
  -0.4593164E+01      0.1312692E+03
  -0.4568133E+01      0.1487667E+03
  -0.4543102E+01      0.1693826E+03
  -0.4518071E+01      0.9476459E+02
  -0.4493040E+01      0.8885688E+02
  -0.4468009E+01      0.8618765E+02
  -0.4442979E+01      0.8288442E+02
  -0.4417948E+01      0.7949906E+02
  -0.4392917E+01      0.7716742E+02
  -0.4367886E+01      0.7557196E+02
  -0.4342855E+01      0.7437681E+02
  -0.4317824E+01      0.7341770E+02
  -0.4292793E+01      0.7268805E+02
  -0.4267762E+01      0.7240234E+02
  -0.4242732E+01      0.7209450E+02
  -0.4217701E+01      0.6585309E+02
  -0.4192670E+01      0.6527172E+02
  -0.4167639E+01      0.1140336E+03
  -0.4142608E+01      0.1096571E+03
  -0.4117577E+01      0.8386558E+02
  -0.4092546E+01      0.9023711E+02
  -0.4067516E+01      0.1184334E+03
  -0.4042485E+01      0.1203805E+03
  -0.4017454E+01      0.1172532E+03
  -0.3992423E+01      0.1102605E+03
  -0.3967392E+01      0.1122345E+03
  -0.3942361E+01      0.1291613E+03
  -0.3917330E+01      0.1440664E+03
  -0.3892299E+01      0.1099256E+03
  -0.3867269E+01      0.1043270E+03
  -0.3842238E+01      0.1228500E+03
  -0.3817207E+01      0.1369279E+03
  -0.3792176E+01      0.1162049E+03
  -0.3767145E+01      0.1153213E+03
  -0.3742114E+01      0.1265417E+03
  -0.3717083E+01      0.1301523E+03
  -0.3692053E+01      0.1342387E+03
  -0.3667022E+01      0.1217617E+03
  -0.3641991E+01      0.1064690E+03
  -0.3616960E+01      0.8988917E+02
  -0.3591929E+01      0.8955494E+02
  -0.3566898E+01      0.1188218E+03
  -0.3541867E+01      0.1192722E+03
  -0.3516837E+01      0.9896958E+02
  -0.3491806E+01      0.9158422E+02
  -0.3466775E+01      0.8949553E+02
  -0.3441744E+01      0.9052444E+02
  -0.3416713E+01      0.1419165E+03
  -0.3391682E+01      0.1231752E+03
  -0.3366651E+01      0.1154485E+03
  -0.3341620E+01      0.1125283E+03
  -0.3316590E+01      0.1129642E+03
  -0.3291559E+01      0.1130867E+03
  -0.3266528E+01      0.9771284E+02
  -0.3241497E+01      0.7507628E+02
  -0.3216466E+01      0.7366370E+02
  -0.3191435E+01      0.7356526E+02
  -0.3166404E+01      0.7454967E+02
  -0.3141374E+01      0.7740765E+02
  -0.3116343E+01      0.8542284E+02
  -0.3091312E+01      0.9423483E+02
  -0.3066281E+01      0.8950634E+02
  -0.3041250E+01      0.8955315E+02
  -0.3016219E+01      0.1007963E+03
  -0.2991188E+01      0.1012370E+03
  -0.2966157E+01      0.9173995E+02
  -0.2941127E+01      0.7808049E+02
  -0.2916096E+01      0.7745953E+02
  -0.2891065E+01      0.7917562E+02
  -0.2866034E+01      0.8885767E+02
  -0.2841003E+01      0.1051191E+03
  -0.2815972E+01      0.1037096E+03
  -0.2790941E+01      0.1200476E+03
  -0.2765911E+01      0.9984305E+02
  -0.2740880E+01      0.1008319E+03
  -0.2715849E+01      0.1318205E+03
  -0.2690818E+01      0.1266508E+03
  -0.2665787E+01      0.5456955E+03
  -0.2640756E+01      0.1739257E+03
  -0.2615725E+01      0.1718436E+03
  -0.2590695E+01      0.1299183E+03
  -0.2565664E+01      0.1372743E+03
  -0.2540633E+01      0.1624380E+03
  -0.2515602E+01      0.1085291E+03
  -0.2490571E+01      0.1427943E+03
  -0.2465540E+01      0.1307402E+03
  -0.2440509E+01      0.1602632E+03
  -0.2415478E+01      0.1634287E+03
  -0.2390448E+01      0.1561894E+03
  -0.2365417E+01      0.1753540E+03
  -0.2340386E+01      0.1319746E+03
  -0.2315355E+01      0.1498605E+03
  -0.2290324E+01      0.4787555E+02
  -0.2265293E+01      0.4085726E+02
  -0.2240262E+01      0.4196727E+02
  -0.2215232E+01      0.4466436E+02
  -0.2190201E+01      0.4852553E+02
  -0.2165170E+01      0.5296338E+02
  -0.2140139E+01      0.5665012E+02
  -0.2115108E+01      0.5637856E+02
  -0.2090077E+01      0.3883450E+02
  -0.2065046E+01      0.1481593E+02
  -0.2040015E+01      0.1485555E+02
  -0.2014985E+01      0.1467677E+02
  -0.1989954E+01      0.1446395E+02
  -0.1964923E+01      0.1427453E+02
  -0.1939892E+01      0.1410875E+02
  -0.1914861E+01      0.1396289E+02
  -0.1889830E+01      0.1383284E+02
  -0.1864799E+01      0.1374124E+02
  -0.1839769E+01      0.1360281E+02
  -0.1814738E+01      0.1349437E+02
  -0.1789707E+01      0.1338550E+02
  -0.1764676E+01      0.1327349E+02
  -0.1739645E+01      0.1315684E+02
  -0.1714614E+01      0.1303514E+02
  -0.1689583E+01      0.1290882E+02
  -0.1664553E+01      0.1277883E+02
  -0.1639522E+01      0.1264641E+02
  -0.1614491E+01      0.1251296E+02
  -0.1589460E+01      0.1237988E+02
  -0.1564429E+01      0.1224857E+02
  -0.1539398E+01      0.1212026E+02
  -0.1514367E+01      0.1199599E+02
  -0.1489336E+01      0.1187652E+02
  -0.1464306E+01      0.1176230E+02
  -0.1439275E+01      0.1165343E+02
  -0.1414244E+01      0.1154968E+02
  -0.1389213E+01      0.1145054E+02
  -0.1364182E+01      0.1135520E+02
  -0.1339151E+01      0.1126270E+02
  -0.1314120E+01      0.1117199E+02
  -0.1289090E+01      0.1108206E+02
  -0.1264059E+01      0.1099211E+02
  -0.1239028E+01      0.1090167E+02
  -0.1213997E+01      0.1081068E+02
  -0.1188966E+01      0.1071943E+02
  -0.1163935E+01      0.1062856E+02
  -0.1138904E+01      0.1053885E+02
  -0.1113873E+01      0.1045121E+02
  -0.1088843E+01      0.1036648E+02
  -0.1063812E+01      0.1028552E+02
  -0.1038781E+01      0.1020915E+02
  -0.1013750E+01      0.1013826E+02
  -0.9887192E+00      0.1007403E+02
  -0.9636883E+00      0.1001828E+02
  -0.9386574E+00      0.9974392E+01
  -0.9136266E+00      0.9949856E+01
  -0.8885957E+00      0.9966876E+01
  -0.8635648E+00      0.1016263E+02
  -0.8385340E+00      0.2187376E+02
  -0.8135031E+00      0.2152334E+02
  -0.7884722E+00      0.1961377E+02
  -0.7634414E+00      0.1775036E+02
  -0.7384105E+00      0.1622340E+02
  -0.7133797E+00      0.1503914E+02
  -0.6883488E+00      0.1413861E+02
  -0.6633179E+00      0.1345668E+02
  -0.6382871E+00      0.1293782E+02
  -0.6132562E+00      0.1253865E+02
  -0.5882253E+00      0.1222658E+02
  -0.5631945E+00      0.1197764E+02
  -0.5381636E+00      0.1177444E+02
  -0.5131327E+00      0.1160441E+02
  -0.4881019E+00      0.1145858E+02
  -0.4630710E+00      0.1133053E+02
  -0.4380401E+00      0.1121575E+02
  -0.4130093E+00      0.1111105E+02
  -0.3879784E+00      0.1101427E+02
  -0.3629475E+00      0.1092397E+02
  -0.3379167E+00      0.1083927E+02
  -0.3128858E+00      0.1075977E+02
  -0.2878549E+00      0.1068555E+02
  -0.2628241E+00      0.1061725E+02
  -0.2377932E+00      0.1055646E+02
  -0.2127624E+00      0.1050700E+02
  -0.1877315E+00      0.1048002E+02
  -0.1627006E+00      0.1056037E+02
  -0.1376698E+00      0.1747467E+02
  -0.1126389E+00      0.1917150E+02
  -0.8760803E-01      0.1976206E+02
  -0.6257716E-01      0.1982005E+02
  -0.3754630E-01      0.1958483E+02
  -0.1251543E-01      0.1918473E+02
   0.1251543E-01      0.1869666E+02
   0.3754630E-01      0.1816941E+02
   0.6257716E-01      0.1763476E+02
   0.8760803E-01      0.1711353E+02
   0.1126389E+00      0.1661917E+02
   0.1376698E+00      0.1616004E+02
   0.1627006E+00      0.1574093E+02
   0.1877315E+00      0.1536405E+02
   0.2127624E+00      0.1502979E+02
   0.2377932E+00      0.1473727E+02
   0.2628241E+00      0.1448469E+02
   0.2878549E+00      0.1426962E+02
   0.3128858E+00      0.1408926E+02
   0.3379167E+00      0.1394057E+02
   0.3629475E+00      0.1382039E+02
   0.3879784E+00      0.1372556E+02
   0.4130093E+00      0.1365299E+02
   0.4380401E+00      0.1359969E+02
   0.4630710E+00      0.1356287E+02
   0.4881019E+00      0.1353988E+02
   0.5131327E+00      0.1352832E+02
   0.5381636E+00      0.1352600E+02
   0.5631945E+00      0.1353098E+02
   0.5882253E+00      0.1354154E+02
   0.6132562E+00      0.1355620E+02
   0.6382871E+00      0.1357369E+02
   0.6633179E+00      0.1359306E+02
   0.6883488E+00      0.1361342E+02
   0.7133797E+00      0.1363416E+02
   0.7384105E+00      0.1365483E+02
   0.7634414E+00      0.1367514E+02
   0.7884722E+00      0.1369493E+02
   0.8135031E+00      0.1371415E+02
   0.8385340E+00      0.1373288E+02
   0.8635648E+00      0.1375123E+02
   0.8885957E+00      0.1376940E+02
   0.9136266E+00      0.1378761E+02
   0.9386574E+00      0.1380624E+02
   0.9636883E+00      0.1382529E+02
   0.9887192E+00      0.1384530E+02
   0.1013750E+01      0.1386666E+02
   0.1038781E+01      0.1388943E+02
   0.1063812E+01      0.1391419E+02
   0.1088843E+01      0.1394129E+02
   0.1113873E+01      0.1397120E+02
   0.1138904E+01      0.1400444E+02
   0.1163935E+01      0.1404162E+02
   0.1188966E+01      0.1408345E+02
   0.1213997E+01      0.1413073E+02
   0.1239028E+01      0.1418438E+02
   0.1264059E+01      0.1424548E+02
   0.1289090E+01      0.1431521E+02
   0.1314120E+01      0.1439492E+02
   0.1339151E+01      0.1448611E+02
   0.1364182E+01      0.1459046E+02
   0.1389213E+01      0.1470983E+02
   0.1414244E+01      0.1484634E+02
   0.1439275E+01      0.1500239E+02
   0.1464306E+01      0.1518079E+02
   0.1489336E+01      0.1538496E+02
   0.1514367E+01      0.1561931E+02
   0.1539398E+01      0.1589000E+02
   0.1564429E+01      0.1620660E+02
   0.1589460E+01      0.1658648E+02
   0.1614491E+01      0.1706922E+02
   0.1639522E+01      0.1779454E+02
   0.1664553E+01      0.2633542E+02
   0.1689583E+01      0.3100677E+02
   0.1714614E+01      0.3248557E+02
   0.1739645E+01      0.3299719E+02
   0.1764676E+01      0.3314189E+02
   0.1789707E+01      0.3319103E+02
   0.1814738E+01      0.3328626E+02
   0.1839769E+01      0.3349949E+02
   0.1864799E+01      0.3385567E+02
   0.1889830E+01      0.3434262E+02
   0.1914861E+01      0.3491714E+02
   0.1939892E+01      0.3551780E+02
   0.1964923E+01      0.3619496E+02
   0.1989954E+01      0.3541322E+02
   0.2014985E+01      0.3402487E+02
   0.2040015E+01      0.3192270E+02
   0.2065046E+01      0.2791635E+02
   0.2090077E+01      0.1676086E+02
   0.2115108E+01      0.8108756E+01
   0.2140139E+01      0.7745423E+01
   0.2165170E+01      0.7520388E+01
   0.2190201E+01      0.7381993E+01
   0.2215232E+01      0.8614131E+01
   0.2240262E+01      0.2788065E+03
   0.2265293E+01      0.7328074E+01
   0.2290324E+01      0.8544914E+01
   0.2315355E+01      0.7080558E+01
   0.2340386E+01      0.7103436E+01
   0.2365417E+01      0.7153139E+01
   0.2390448E+01      0.7217229E+01
   0.2415478E+01      0.7284021E+01
   0.2440509E+01      0.7341092E+01
   0.2465540E+01      0.7377136E+01
   0.2490571E+01      0.7384919E+01
   0.2515602E+01      0.7363318E+01
   0.2540633E+01      0.7316940E+01
   0.2565664E+01      0.7253539E+01
   0.2590695E+01      0.7181379E+01
   0.2615725E+01      0.7107734E+01
   0.2640756E+01      0.7038669E+01
   0.2665787E+01      0.6979181E+01
   0.2690818E+01      0.6933193E+01
   0.2715849E+01      0.6903421E+01
   0.2740880E+01      0.6891349E+01
   0.2765911E+01      0.6897393E+01
   0.2790941E+01      0.6921207E+01
   0.2815972E+01      0.6961983E+01
   0.2841003E+01      0.7018711E+01
   0.2866034E+01      0.7090338E+01
   0.2891065E+01      0.7175865E+01
   0.2916096E+01      0.7274380E+01
   0.2941127E+01      0.7385054E+01
   0.2966157E+01      0.7507097E+01
   0.2991188E+01      0.7639676E+01
   0.3016219E+01      0.7781781E+01
   0.3041250E+01      0.7931992E+01
   0.3066281E+01      0.8088124E+01
   0.3091312E+01      0.8246723E+01
   0.3116343E+01      0.8402488E+01
   0.3141374E+01      0.8547954E+01
   0.3166404E+01      0.8674076E+01
   0.3191435E+01      0.8773828E+01
   0.3216466E+01      0.8855920E+01
   0.3241497E+01      0.8858068E+01
   0.3266528E+01      0.8844843E+01
   0.3291559E+01      0.8794317E+01
   0.3316590E+01      0.8699696E+01
   0.3341620E+01      0.8544786E+01
   0.3366651E+01      0.8295273E+01
   0.3391682E+01      0.7865774E+01
   0.3416713E+01      0.6457433E+01
   0.3441744E+01      0.6564853E+01
   0.3466775E+01      0.6674779E+01
   0.3491806E+01      0.6784792E+01
   0.3516837E+01      0.6892508E+01
   0.3541867E+01      0.6995562E+01
   0.3566898E+01      0.7091586E+01
   0.3591929E+01      0.7178165E+01
   0.3616960E+01      0.7252799E+01
   0.3641991E+01      0.7312833E+01
   0.3667022E+01      0.7355385E+01
   0.3692053E+01      0.7377217E+01
   0.3717083E+01      0.7374541E+01
   0.3742114E+01      0.7342700E+01
   0.3767145E+01      0.7275605E+01
   0.3792176E+01      0.7164680E+01
   0.3817207E+01      0.6996642E+01
   0.3842238E+01      0.6748093E+01
   0.3867269E+01      0.6368164E+01
   0.3892299E+01      0.5675220E+01
   0.3917330E+01      0.1221511E+02
   0.3942361E+01      0.1294057E+02
   0.3967392E+01      0.1188238E+02
   0.3992423E+01      0.1084792E+02
   0.4017454E+01      0.1017815E+02
   0.4042485E+01      0.9903731E+01
   0.4067516E+01      0.9955568E+01
   0.4092546E+01      0.1022849E+02
   0.4117577E+01      0.1062479E+02
   0.4142608E+01      0.1109142E+02
   0.4167639E+01      0.1161943E+02
   0.4192670E+01      0.1220394E+02
   0.4217701E+01      0.1281107E+02
   0.4242732E+01      0.1340578E+02
   0.4267762E+01      0.1439057E+02
   0.4292793E+01      0.1935796E+02
   0.4317824E+01      0.3967794E+01
   0.4342855E+01      0.3939210E+01
   0.4367886E+01      0.3911049E+01
   0.4392917E+01      0.3871705E+01
   0.4417948E+01      0.3811038E+01
   0.4442979E+01      0.3743173E+01
   0.4468009E+01      0.3722944E+01
   0.4493040E+01      0.3844169E+01
   0.4518071E+01      0.4234515E+01
   0.4543102E+01      0.5127204E+01
   0.4568133E+01      0.7555791E+01
   0.4593164E+01      0.9736743E+01
   0.4618195E+01      0.7829354E+01
   0.4643225E+01      0.7480722E+01
   0.4668256E+01      0.5091486E+01
   0.4693287E+01     -0.2838547E-10
   0.4718318E+01     -0.3589450E-11
   0.4743349E+01     -0.2307113E-11
   0.4768380E+01     -0.3337029E-12
   0.4793411E+01     -0.3674873E-12
   0.4818441E+01     -0.9186847E-15
   0.4843472E+01     -0.3001348E-12
   0.4868503E+01     -0.2547558E-12
   0.4893534E+01      0.2202153E-12
   0.4918565E+01     -0.1061678E-12
   0.4943596E+01     -0.9137430E-13
   0.4968627E+01     -0.2549971E-12
   0.4993658E+01     -0.2801728E-12
   0.5018688E+01     -0.1362836E-12
   0.5043719E+01     -0.3239861E-12
   0.5068750E+01     -0.6011576E-13
   0.5093781E+01     -0.2179599E-12
   0.5118812E+01     -0.1229183E-12
   0.5143843E+01     -0.1676256E-12
   0.5168874E+01     -0.6258035E-13
   0.5193904E+01     -0.4019948E-13
   0.5218935E+01     -0.8692847E-13
   0.5243966E+01      0.1210586E-12
   0.5268997E+01      0.3465056E-13
   0.5294028E+01      0.3777624E-13
   0.5319059E+01     -0.2289346E-13
   0.5344090E+01     -0.4251357E-13
   0.5369121E+01     -0.4666395E-13
   0.5394151E+01      0.2463029E-13
   0.5419182E+01     -0.4286409E-13
   0.5444213E+01      0.1180261E-12
   0.5469244E+01     -0.1325783E-12
   0.5494275E+01      0.1061182E-12
   0.5519306E+01     -0.4538121E-13
   0.5544337E+01      0.9035736E-13
   0.5569367E+01     -0.5284726E-14
   0.5594398E+01     -0.5370502E-14
   0.5619429E+01      0.2960590E-13
   0.5644460E+01      0.5151571E-13
   0.5669491E+01      0.1421530E-14
   0.5694522E+01     -0.4635368E-13
   0.5719553E+01     -0.5245791E-13
   0.5744583E+01     -0.4482520E-13
   0.5769614E+01     -0.5596080E-15
   0.5794645E+01      0.3984585E-14
   0.5819676E+01      0.1123900E-12
   0.5844707E+01      0.2834029E-13
   0.5869738E+01      0.1809865E-13
   0.5894769E+01      0.3753465E-13
   0.5919800E+01      0.1983124E-13
   0.5944830E+01     -0.1084189E-13
   0.5969861E+01      0.8358456E-13
   0.5994892E+01     -0.2137651E-13
   0.6019923E+01     -0.2546826E-13
   0.6044954E+01     -0.2989017E-13
   0.6069985E+01     -0.2280362E-13
   0.6095016E+01      0.1933783E-13
   0.6120046E+01     -0.1734756E-13
   0.6145077E+01      0.1572750E-13
   0.6170108E+01      0.5371862E-11
   0.6195139E+01      0.1629457E-13
   0.6220170E+01     -0.2010637E-12
   0.6245201E+01      0.3170419E-12
   0.6270232E+01      0.7044366E-13
   0.6295263E+01      0.9762109E-13
   0.6320293E+01     -0.3984934E-13
   0.6345324E+01      0.2092674E-14
   0.6370355E+01      0.2474036E-13
   0.6395386E+01     -0.4200484E-13
   0.6420417E+01      0.3143556E-14
   0.6445448E+01      0.1265205E-13
   0.6470479E+01     -0.4341773E-13
   0.6495509E+01      0.1709841E-13
   0.6520540E+01      0.3027022E-13
   0.6545571E+01     -0.2506428E-13
   0.6570602E+01     -0.3388657E-13
   0.6595633E+01      0.5417754E-13
   0.6620664E+01     -0.1384470E-13
   0.6645695E+01      0.4147055E-13
   0.6670725E+01      0.1339339E-13
   0.6695756E+01     -0.3795465E-13
   0.6720787E+01     -0.1849229E-13
   0.6745818E+01     -0.1450800E-13
   0.6770849E+01     -0.1261053E-13
   0.6795880E+01     -0.2499606E-13
   0.6820911E+01      0.7021570E-14
   0.6845942E+01      0.2020087E-13
   0.6870972E+01     -0.6949113E-14
   0.6896003E+01      0.2220432E-13
   0.6921034E+01     -0.8057171E-14
   0.6946065E+01      0.3623323E-14
   0.6971096E+01      0.1363915E-13
   0.6996127E+01     -0.2240531E-13
   0.7021158E+01      0.4424048E-14
   0.7046188E+01     -0.2907591E-13
   0.7071219E+01     -0.2353601E-11
   0.7096250E+01      0.6586531E-13
   0.7121281E+01      0.4851542E-14
   0.7146312E+01      0.2604243E-13
   0.7171343E+01     -0.2097589E-13
   0.7196374E+01      0.2844856E-13
   0.7221405E+01     -0.1499937E-13
   0.7246435E+01      0.1309402E-12
   0.7271466E+01      0.1603070E-12
   0.7296497E+01     -0.2706019E-11
   0.7321528E+01     -0.1210477E-11
   0.7346559E+01      0.1431748E-12
   0.7371590E+01      0.1155617E-12
   0.7396621E+01     -0.5205515E-15
   0.7421651E+01     -0.3709407E-13
   0.7446682E+01     -0.2802446E-14
   0.7471713E+01     -0.4491015E-13
   0.7496744E+01      0.3593134E-13
   0.7521775E+01      0.3833606E-13
   0.7546806E+01     -0.7302872E-14
   0.7571837E+01     -0.1674651E-13
   0.7596868E+01     -0.1615224E-13
   0.7621898E+01      0.3669320E-13
   0.7646929E+01      0.8369609E-13
   0.7671960E+01      0.4545399E-12
   0.7696991E+01      0.2227184E-10
   0.7722022E+01     -0.1673617E-12
   0.7747053E+01      0.5637648E-13
   0.7772084E+01     -0.2318567E-13
   0.7797114E+01      0.2283972E-13
   0.7822145E+01     -0.1357798E-13
   0.7847176E+01      0.5819837E-14
   0.7872207E+01     -0.1229695E-13
   0.7897238E+01     -0.4510492E-13
   0.7922269E+01     -0.2057670E-12
   0.7947300E+01      0.1002904E-12
   0.7972330E+01      0.4751171E-12
   0.7997361E+01      0.4759539E-11
   0.8022392E+01      0.2955027E-12
   0.8047423E+01     -0.8282440E-13
   0.8072454E+01     -0.5181467E-13
   0.8097485E+01     -0.6465305E-13
   0.8122516E+01     -0.2909908E-13
   0.8147547E+01     -0.1402636E-13
   0.8172577E+01      0.1448609E-13
   0.8197608E+01      0.5950062E-14
   0.8222639E+01      0.4807511E-14
   0.8247670E+01      0.5352395E-14
   0.8272701E+01      0.1637184E-13
   0.8297732E+01     -0.9923289E-14
   0.8322763E+01     -0.6648003E-14
   0.8347793E+01      0.1342061E-13
   0.8372824E+01      0.8794407E-14
   0.8397855E+01     -0.9467928E-14
   0.8422886E+01      0.8573414E-14
   0.8447917E+01      0.7563879E-13
   0.8472948E+01      0.4627811E-11
   0.8497979E+01      0.2045046E-12
   0.8523010E+01      0.6282518E-13
   0.8548040E+01      0.2738312E-14
   0.8573071E+01     -0.2303322E-14
   0.8598102E+01      0.2185759E-13
   0.8623133E+01      0.1927674E-14
   0.8648164E+01      0.1476055E-14
   0.8673195E+01      0.9976869E-14
   0.8698226E+01     -0.6134764E-14
   0.8723256E+01      0.1873491E-14
   0.8748287E+01     -0.1610482E-14
   0.8773318E+01     -0.4385701E-15
   0.8798349E+01      0.7333049E-14
   0.8823380E+01     -0.2162974E-14
   0.8848411E+01     -0.5021334E-14
   0.8873442E+01      0.6709785E-14
   0.8898472E+01     -0.1722638E-13
   0.8923503E+01      0.2576236E-14
   0.8948534E+01      0.2664350E-14
   0.8973565E+01      0.1234814E-13
   0.8998596E+01     -0.1352036E-13
   0.9023627E+01      0.2145656E-13
   0.9048658E+01     -0.3289023E-13
   0.9073689E+01      0.2926658E-12
   0.9098719E+01     -0.6117856E-11
   0.9123750E+01     -0.3150090E-12
   0.9148781E+01      0.2158099E-11
   0.9173812E+01      0.2996335E-12
   0.9198843E+01     -0.3730666E-13
   0.9223874E+01      0.1075643E-13
   0.9248905E+01      0.1351511E-13
   0.9273935E+01      0.2809614E-15
   0.9298966E+01     -0.9161387E-14
   0.9323997E+01      0.1229805E-15
   0.9349028E+01      0.1089797E-13
   0.9374059E+01     -0.4659376E-14
   0.9399090E+01     -0.9219893E-14
   0.9424121E+01     -0.3368526E-14
   0.9449152E+01      0.2754849E-14
   0.9474182E+01     -0.7860245E-14
   0.9499213E+01     -0.2054588E-14
   0.9524244E+01     -0.1090045E-13
   0.9549275E+01     -0.9672376E-15
   0.9574306E+01      0.1246795E-13
   0.9599337E+01     -0.1323583E-12
   0.9624368E+01      0.1014393E-11
   0.9649398E+01      0.5646321E-12
   0.9674429E+01      0.4799889E-12
   0.9699460E+01     -0.6636243E-13
   0.9724491E+01      0.7285755E-11
   0.9749522E+01     -0.1439796E-12
   0.9774553E+01      0.2964405E-11
   0.9799584E+01     -0.1123428E-12
   0.9824614E+01     -0.4075978E-10
   0.9849645E+01      0.2297480E-13
   0.9874676E+01      0.7046515E-14
   0.9899707E+01      0.3357492E-13
   0.9924738E+01      0.1009625E-08
   0.9949769E+01      0.1474630E-12
   0.9974800E+01     -0.1033113E-11
   0.9999831E+01     -0.3612415E-11
 &
 @autoscale
 @target G3.S0
