 @target G3.S0
 @type xy
  -0.9999831E+01      0.2076503E+00
  -0.9974800E+01      0.2037227E+00
  -0.9949769E+01      0.1041460E+02
  -0.9924738E+01      0.3983950E+01
  -0.9899707E+01      0.2971135E+01
  -0.9874676E+01      0.2489107E+01
  -0.9849645E+01      0.2193011E+01
  -0.9824614E+01      0.1987389E+01
  -0.9799584E+01      0.1833793E+01
  -0.9774553E+01      0.1713362E+01
  -0.9749522E+01      0.1615612E+01
  -0.9724491E+01      0.1534188E+01
  -0.9699460E+01      0.1464986E+01
  -0.9674429E+01      0.1405217E+01
  -0.9649398E+01      0.1352915E+01
  -0.9624368E+01      0.1306644E+01
  -0.9599337E+01      0.1265331E+01
  -0.9574306E+01      0.1228154E+01
  -0.9549275E+01      0.1194472E+01
  -0.9524244E+01      0.1163776E+01
  -0.9499213E+01      0.1135656E+01
  -0.9474182E+01      0.1109777E+01
  -0.9449152E+01      0.1085865E+01
  -0.9424121E+01      0.1063691E+01
  -0.9399090E+01      0.1043060E+01
  -0.9374059E+01      0.1023809E+01
  -0.9349028E+01      0.7121851E+01
  -0.9323997E+01      0.4628686E+01
  -0.9298966E+01      0.3817025E+01
  -0.9273935E+01      0.3375081E+01
  -0.9248905E+01      0.3085266E+01
  -0.9223874E+01      0.2875495E+01
  -0.9198843E+01      0.2714043E+01
  -0.9173812E+01      0.2584469E+01
  -0.9148781E+01      0.2477286E+01
  -0.9123750E+01      0.2386578E+01
  -0.9098719E+01      0.2308438E+01
  -0.9073689E+01      0.2240166E+01
  -0.9048658E+01      0.2179824E+01
  -0.9023627E+01      0.2125984E+01
  -0.8998596E+01      0.2077563E+01
  -0.8973565E+01      0.2033724E+01
  -0.8948534E+01      0.1993807E+01
  -0.8923503E+01      0.1957283E+01
  -0.8898472E+01      0.1923726E+01
  -0.8873442E+01      0.1892783E+01
  -0.8848411E+01      0.1864163E+01
  -0.8823380E+01      0.1837621E+01
  -0.8798349E+01      0.1812950E+01
  -0.8773318E+01      0.1789976E+01
  -0.8748287E+01      0.1768546E+01
  -0.8723256E+01      0.1748532E+01
  -0.8698226E+01      0.1729821E+01
  -0.8673195E+01      0.1712315E+01
  -0.8648164E+01      0.1695928E+01
  -0.8623133E+01      0.1680587E+01
  -0.8598102E+01      0.1666225E+01
  -0.8573071E+01      0.1652784E+01
  -0.8548040E+01      0.1640214E+01
  -0.8523010E+01      0.1628470E+01
  -0.8497979E+01      0.1617512E+01
  -0.8472948E+01      0.1607306E+01
  -0.8447917E+01      0.1597821E+01
  -0.8422886E+01      0.1589032E+01
  -0.8397855E+01      0.1580916E+01
  -0.8372824E+01      0.1573453E+01
  -0.8347793E+01      0.1566627E+01
  -0.8322763E+01      0.1560425E+01
  -0.8297732E+01      0.7985737E+01
  -0.8272701E+01      0.5142560E+01
  -0.8247670E+01      0.4317589E+01
  -0.8222639E+01      0.3884964E+01
  -0.8197608E+01      0.3608364E+01
  -0.8172577E+01      0.3412480E+01
  -0.8147547E+01      0.3264851E+01
  -0.8122516E+01      0.3148890E+01
  -0.8097485E+01      0.3055130E+01
  -0.8072454E+01      0.2977727E+01
  -0.8047423E+01      0.2912860E+01
  -0.8022392E+01      0.2857918E+01
  -0.7997361E+01      0.2811053E+01
  -0.7972330E+01      0.2770925E+01
  -0.7947300E+01      0.2736539E+01
  -0.7922269E+01      0.2707151E+01
  -0.7897238E+01      0.2682199E+01
  -0.7872207E+01      0.2661261E+01
  -0.7847176E+01      0.8522717E+01
  -0.7822145E+01      0.6486992E+01
  -0.7797114E+01      0.5703036E+01
  -0.7772084E+01      0.3146808E+02
  -0.7747053E+01      0.2055900E+02
  -0.7722022E+01      0.1631903E+02
  -0.7696991E+01      0.1398571E+02
  -0.7671960E+01      0.1248414E+02
  -0.7646929E+01      0.1142820E+02
  -0.7621898E+01      0.1064309E+02
  -0.7596868E+01      0.1003789E+02
  -0.7571837E+01      0.9561068E+01
  -0.7546806E+01      0.9182429E+01
  -0.7521775E+01      0.1388466E+02
  -0.7496744E+01      0.1191152E+02
  -0.7471713E+01      0.1129427E+02
  -0.7446682E+01      0.1133600E+02
  -0.7421651E+01      0.7563162E+02
  -0.7396621E+01      0.1238592E+02
  -0.7371590E+01      0.1098981E+02
  -0.7346559E+01      0.1028886E+02
  -0.7321528E+01      0.9828920E+01
  -0.7296497E+01      0.9492962E+01
  -0.7271466E+01      0.9234688E+01
  -0.7246435E+01      0.9031541E+01
  -0.7221405E+01      0.8871202E+01
  -0.7196374E+01      0.8746608E+01
  -0.7171343E+01      0.8653817E+01
  -0.7146312E+01      0.8591048E+01
  -0.7121281E+01      0.8558294E+01
  -0.7096250E+01      0.1544656E+02
  -0.7071219E+01      0.1202174E+02
  -0.7046188E+01      0.1126587E+02
  -0.7021158E+01      0.4525956E+02
  -0.6996127E+01      0.2250278E+02
  -0.6971096E+01      0.1956891E+02
  -0.6946065E+01      0.1862618E+02
  -0.6921034E+01      0.6022357E+02
  -0.6896003E+01      0.4549183E+02
  -0.6870972E+01      0.1061576E+03
  -0.6845942E+01      0.6326315E+02
  -0.6820911E+01      0.2754123E+02
  -0.6795880E+01      0.6630542E+02
  -0.6770849E+01      0.1197983E+02
  -0.6745818E+01      0.1195732E+02
  -0.6720787E+01      0.1510068E+02
  -0.6695756E+01      0.9062303E+01
  -0.6670725E+01      0.2933891E+02
  -0.6645695E+01      0.1777957E+02
  -0.6620664E+01      0.1535827E+02
  -0.6595633E+01      0.1411877E+02
  -0.6570602E+01      0.1332218E+02
  -0.6545571E+01      0.1275310E+02
  -0.6520540E+01      0.1232234E+02
  -0.6495509E+01      0.1198547E+02
  -0.6470479E+01      0.3563832E+02
  -0.6445448E+01      0.1708182E+02
  -0.6420417E+01      0.1549267E+02
  -0.6395386E+01      0.1474169E+02
  -0.6370355E+01      0.1429057E+02
  -0.6345324E+01      0.1400538E+02
  -0.6320293E+01      0.1384370E+02
  -0.6295263E+01      0.1380631E+02
  -0.6270232E+01      0.1395641E+02
  -0.6245201E+01      0.1475334E+02
  -0.6220170E+01      0.1983595E+02
  -0.6195139E+01      0.1769440E+02
  -0.6170108E+01      0.5690890E+02
  -0.6145077E+01      0.2466982E+02
  -0.6120046E+01      0.2527850E+02
  -0.6095016E+01      0.3659362E+02
  -0.6069985E+01      0.1144887E+02
  -0.6044954E+01      0.1109646E+02
  -0.6019923E+01      0.1085906E+02
  -0.5994892E+01      0.1823391E+02
  -0.5969861E+01      0.1544273E+02
  -0.5944830E+01      0.2816930E+02
  -0.5919800E+01      0.2071494E+02
  -0.5894769E+01      0.1565175E+02
  -0.5869738E+01      0.1462399E+02
  -0.5844707E+01      0.1397255E+02
  -0.5819676E+01      0.2794214E+02
  -0.5794645E+01      0.2338052E+02
  -0.5769614E+01      0.2163669E+02
  -0.5744583E+01      0.2074147E+02
  -0.5719553E+01      0.2390657E+02
  -0.5694522E+01      0.2254439E+02
  -0.5669491E+01      0.3499819E+02
  -0.5644460E+01      0.3250486E+02
  -0.5619429E+01      0.3566118E+02
  -0.5594398E+01      0.4707152E+02
  -0.5569367E+01      0.2355475E+02
  -0.5544337E+01      0.2275988E+02
  -0.5519306E+01      0.2335552E+02
  -0.5494275E+01      0.3202824E+02
  -0.5469244E+01      0.2296456E+02
  -0.5444213E+01      0.3020664E+02
  -0.5419182E+01      0.3306740E+02
  -0.5394151E+01      0.2554941E+02
  -0.5369121E+01      0.2800784E+02
  -0.5344090E+01      0.3664313E+02
  -0.5319059E+01      0.2192364E+02
  -0.5294028E+01      0.2090390E+02
  -0.5268997E+01      0.2111104E+02
  -0.5243966E+01      0.2193087E+02
  -0.5218935E+01      0.2355245E+02
  -0.5193904E+01      0.2662190E+02
  -0.5168874E+01      0.3279473E+02
  -0.5143843E+01      0.4507222E+02
  -0.5118812E+01      0.5855611E+02
  -0.5093781E+01      0.2768564E+02
  -0.5068750E+01      0.6016420E+02
  -0.5043719E+01      0.4313558E+02
  -0.5018688E+01      0.2279029E+02
  -0.4993658E+01      0.1937239E+02
  -0.4968627E+01      0.1782176E+02
  -0.4943596E+01      0.1693146E+02
  -0.4918565E+01      0.1642684E+02
  -0.4893534E+01      0.1624562E+02
  -0.4868503E+01      0.1647369E+02
  -0.4843472E+01      0.1758127E+02
  -0.4818441E+01      0.2281990E+02
  -0.4793411E+01      0.1179802E+03
  -0.4768380E+01      0.5214945E+02
  -0.4743349E+01      0.1140200E+03
  -0.4718318E+01      0.3731918E+02
  -0.4693287E+01      0.2474770E+02
  -0.4668256E+01      0.2340411E+02
  -0.4643225E+01      0.2473358E+02
  -0.4618195E+01      0.2327287E+02
  -0.4593164E+01      0.4803885E+02
  -0.4568133E+01      0.4315398E+02
  -0.4543102E+01      0.5547472E+02
  -0.4518071E+01      0.2367783E+02
  -0.4493040E+01      0.2340430E+02
  -0.4468009E+01      0.3429894E+02
  -0.4442979E+01      0.2133353E+02
  -0.4417948E+01      0.2061166E+02
  -0.4392917E+01      0.2021803E+02
  -0.4367886E+01      0.2000628E+02
  -0.4342855E+01      0.1996024E+02
  -0.4317824E+01      0.2012184E+02
  -0.4292793E+01      0.2062956E+02
  -0.4267762E+01      0.2195048E+02
  -0.4242732E+01      0.2721225E+02
  -0.4217701E+01      0.1650553E+02
  -0.4192670E+01      0.1775674E+02
  -0.4167639E+01      0.2869905E+02
  -0.4142608E+01      0.2168886E+02
  -0.4117577E+01      0.1890694E+02
  -0.4092546E+01      0.1816859E+02
  -0.4067516E+01      0.2855723E+02
  -0.4042485E+01      0.4120822E+02
  -0.4017454E+01      0.3047351E+02
  -0.3992423E+01      0.2817393E+02
  -0.3967392E+01      0.2724242E+02
  -0.3942361E+01      0.3089112E+02
  -0.3917330E+01      0.4151889E+02
  -0.3892299E+01      0.2507251E+02
  -0.3867269E+01      0.2511533E+02
  -0.3842238E+01      0.2610821E+02
  -0.3817207E+01      0.4208283E+02
  -0.3792176E+01      0.3026287E+02
  -0.3767145E+01      0.3146670E+02
  -0.3742114E+01      0.3936100E+02
  -0.3717083E+01      0.3790169E+02
  -0.3692053E+01      0.6304216E+02
  -0.3667022E+01      0.3943221E+02
  -0.3641991E+01      0.3493823E+02
  -0.3616960E+01      0.2279704E+02
  -0.3591929E+01      0.2291575E+02
  -0.3566898E+01      0.4096000E+02
  -0.3541867E+01      0.2562408E+02
  -0.3516837E+01      0.2464925E+02
  -0.3491806E+01      0.2448708E+02
  -0.3466775E+01      0.2477579E+02
  -0.3441744E+01      0.2557487E+02
  -0.3416713E+01      0.3880807E+02
  -0.3391682E+01      0.4765499E+02
  -0.3366651E+01      0.2959616E+02
  -0.3341620E+01      0.2929488E+02
  -0.3316590E+01      0.3081978E+02
  -0.3291559E+01      0.3801889E+02
  -0.3266528E+01      0.2577910E+02
  -0.3241497E+01      0.1693444E+02
  -0.3216466E+01      0.1683612E+02
  -0.3191435E+01      0.1680186E+02
  -0.3166404E+01      0.1682712E+02
  -0.3141374E+01      0.1691273E+02
  -0.3116343E+01      0.1706504E+02
  -0.3091312E+01      0.1729811E+02
  -0.3066281E+01      0.1763930E+02
  -0.3041250E+01      0.1814416E+02
  -0.3016219E+01      0.2479606E+02
  -0.2991188E+01      0.2369668E+02
  -0.2966157E+01      0.2899533E+02
  -0.2941127E+01      0.2248123E+02
  -0.2916096E+01      0.1852914E+02
  -0.2891065E+01      0.1872973E+02
  -0.2866034E+01      0.1957698E+02
  -0.2841003E+01      0.3685622E+02
  -0.2815972E+01      0.8127403E+02
  -0.2790941E+01      0.2346920E+02
  -0.2765911E+01      0.2320834E+02
  -0.2740880E+01      0.2340743E+02
  -0.2715849E+01      0.2399618E+02
  -0.2690818E+01      0.2511903E+02
  -0.2665787E+01      0.2718462E+03
  -0.2640756E+01      0.5125975E+02
  -0.2615725E+01      0.4221096E+02
  -0.2590695E+01      0.3425283E+02
  -0.2565664E+01      0.3726561E+02
  -0.2540633E+01      0.4963406E+02
  -0.2515602E+01      0.3080106E+02
  -0.2490571E+01      0.3267160E+02
  -0.2465540E+01      0.3281527E+02
  -0.2440509E+01      0.4270717E+02
  -0.2415478E+01      0.4616771E+02
  -0.2390448E+01      0.3908140E+02
  -0.2365417E+01      0.4955698E+02
  -0.2340386E+01      0.3520178E+02
  -0.2315355E+01      0.6110306E+02
  -0.2290324E+01      0.9204663E+01
  -0.2265293E+01      0.9408625E+01
  -0.2240262E+01      0.9705916E+01
  -0.2215232E+01      0.1012886E+02
  -0.2190201E+01      0.1073976E+02
  -0.2165170E+01      0.1166830E+02
  -0.2140139E+01      0.1323615E+02
  -0.2115108E+01      0.1658003E+02
  -0.2090077E+01      0.3526210E+02
  -0.2065046E+01      0.2996704E+01
  -0.2040015E+01      0.5251958E+01
  -0.2014985E+01      0.4019021E+01
  -0.1989954E+01      0.3750397E+01
  -0.1964923E+01      0.3608655E+01
  -0.1939892E+01      0.3512815E+01
  -0.1914861E+01      0.3439554E+01
  -0.1889830E+01      0.3379356E+01
  -0.1864799E+01      0.3327540E+01
  -0.1839769E+01      0.3281506E+01
  -0.1814738E+01      0.3239686E+01
  -0.1789707E+01      0.3201074E+01
  -0.1764676E+01      0.3164991E+01
  -0.1739645E+01      0.3130961E+01
  -0.1714614E+01      0.3098640E+01
  -0.1689583E+01      0.3067773E+01
  -0.1664553E+01      0.3038166E+01
  -0.1639522E+01      0.3009667E+01
  -0.1614491E+01      0.2982157E+01
  -0.1589460E+01      0.2955539E+01
  -0.1564429E+01      0.2929736E+01
  -0.1539398E+01      0.2904682E+01
  -0.1514367E+01      0.2880321E+01
  -0.1489336E+01      0.2856608E+01
  -0.1464306E+01      0.2833502E+01
  -0.1439275E+01      0.2810968E+01
  -0.1414244E+01      0.2788975E+01
  -0.1389213E+01      0.2767496E+01
  -0.1364182E+01      0.2746508E+01
  -0.1339151E+01      0.2725987E+01
  -0.1314120E+01      0.2705915E+01
  -0.1289090E+01      0.2686274E+01
  -0.1264059E+01      0.2667047E+01
  -0.1239028E+01      0.2648220E+01
  -0.1213997E+01      0.2629779E+01
  -0.1188966E+01      0.2611712E+01
  -0.1163935E+01      0.2594008E+01
  -0.1138904E+01      0.2576657E+01
  -0.1113873E+01      0.2559648E+01
  -0.1088843E+01      0.2542974E+01
  -0.1063812E+01      0.2526627E+01
  -0.1038781E+01      0.2510599E+01
  -0.1013750E+01      0.2494884E+01
  -0.9887192E+00      0.2479477E+01
  -0.9636883E+00      0.2464372E+01
  -0.9386574E+00      0.2449564E+01
  -0.9136266E+00      0.2435049E+01
  -0.8885957E+00      0.2420824E+01
  -0.8635648E+00      0.2406884E+01
  -0.8385340E+00      0.7863552E+01
  -0.8135031E+00      0.5797003E+01
  -0.7884722E+00      0.4987551E+01
  -0.7634414E+00      0.4519214E+01
  -0.7384105E+00      0.4202469E+01
  -0.7133797E+00      0.3969118E+01
  -0.6883488E+00      0.3787627E+01
  -0.6633179E+00      0.3641072E+01
  -0.6382871E+00      0.3519423E+01
  -0.6132562E+00      0.3416294E+01
  -0.5882253E+00      0.3327394E+01
  -0.5631945E+00      0.3249719E+01
  -0.5381636E+00      0.3181089E+01
  -0.5131327E+00      0.3119881E+01
  -0.4881019E+00      0.3064856E+01
  -0.4630710E+00      0.3015053E+01
  -0.4380401E+00      0.2969710E+01
  -0.4130093E+00      0.2928215E+01
  -0.3879784E+00      0.2890073E+01
  -0.3629475E+00      0.2854875E+01
  -0.3379167E+00      0.2822282E+01
  -0.3128858E+00      0.2792009E+01
  -0.2878549E+00      0.2763817E+01
  -0.2628241E+00      0.2737501E+01
  -0.2377932E+00      0.2712886E+01
  -0.2127624E+00      0.2689821E+01
  -0.1877315E+00      0.2668175E+01
  -0.1627006E+00      0.2647833E+01
  -0.1376698E+00      0.8308823E+01
  -0.1126389E+00      0.6566476E+01
  -0.8760803E-01      0.5820857E+01
  -0.6257716E-01      0.5380136E+01
  -0.3754630E-01      0.5079767E+01
  -0.1251543E-01      0.4857741E+01
   0.1251543E-01      0.4684787E+01
   0.3754630E-01      0.4545044E+01
   0.6257716E-01      0.4429069E+01
   0.8760803E-01      0.4330841E+01
   0.1126389E+00      0.4246313E+01
   0.1376698E+00      0.4172649E+01
   0.1627006E+00      0.4107795E+01
   0.1877315E+00      0.4050222E+01
   0.2127624E+00      0.3998761E+01
   0.2377932E+00      0.3952505E+01
   0.2628241E+00      0.3910736E+01
   0.2878549E+00      0.3872876E+01
   0.3128858E+00      0.3838457E+01
   0.3379167E+00      0.3807092E+01
   0.3629475E+00      0.3778460E+01
   0.3879784E+00      0.3752292E+01
   0.4130093E+00      0.3728361E+01
   0.4380401E+00      0.3706473E+01
   0.4630710E+00      0.3686462E+01
   0.4881019E+00      0.3668188E+01
   0.5131327E+00      0.3651526E+01
   0.5381636E+00      0.3636370E+01
   0.5631945E+00      0.3622629E+01
   0.5882253E+00      0.3610222E+01
   0.6132562E+00      0.3599079E+01
   0.6382871E+00      0.3589140E+01
   0.6633179E+00      0.3580352E+01
   0.6883488E+00      0.3572670E+01
   0.7133797E+00      0.3566055E+01
   0.7384105E+00      0.3560474E+01
   0.7634414E+00      0.3555899E+01
   0.7884722E+00      0.3552309E+01
   0.8135031E+00      0.3549684E+01
   0.8385340E+00      0.3548013E+01
   0.8635648E+00      0.3547284E+01
   0.8885957E+00      0.3547494E+01
   0.9136266E+00      0.3548641E+01
   0.9386574E+00      0.3550728E+01
   0.9636883E+00      0.3553763E+01
   0.9887192E+00      0.3557757E+01
   0.1013750E+01      0.3562725E+01
   0.1038781E+01      0.3568688E+01
   0.1063812E+01      0.3575670E+01
   0.1088843E+01      0.3583702E+01
   0.1113873E+01      0.3592818E+01
   0.1138904E+01      0.3603061E+01
   0.1163935E+01      0.3614477E+01
   0.1188966E+01      0.3627121E+01
   0.1213997E+01      0.3641055E+01
   0.1239028E+01      0.3656352E+01
   0.1264059E+01      0.3673091E+01
   0.1289090E+01      0.3691366E+01
   0.1314120E+01      0.3711279E+01
   0.1339151E+01      0.3732952E+01
   0.1364182E+01      0.3756518E+01
   0.1389213E+01      0.3782133E+01
   0.1414244E+01      0.3809975E+01
   0.1439275E+01      0.3840246E+01
   0.1464306E+01      0.3873183E+01
   0.1489336E+01      0.3909058E+01
   0.1514367E+01      0.3948188E+01
   0.1539398E+01      0.3990947E+01
   0.1564429E+01      0.4037774E+01
   0.1589460E+01      0.4089195E+01
   0.1614491E+01      0.4145837E+01
   0.1639522E+01      0.4208467E+01
   0.1664553E+01      0.1507010E+02
   0.1689583E+01      0.9708186E+01
   0.1714614E+01      0.8576881E+01
   0.1739645E+01      0.8091584E+01
   0.1764676E+01      0.7859469E+01
   0.1789707E+01      0.7767015E+01
   0.1814738E+01      0.7771175E+01
   0.1839769E+01      0.7856144E+01
   0.1864799E+01      0.8021665E+01
   0.1889830E+01      0.8282584E+01
   0.1914861E+01      0.8681035E+01
   0.1939892E+01      0.9351498E+01
   0.1964923E+01      0.1156102E+02
   0.1989954E+01      0.8965978E+01
   0.2014985E+01      0.9885209E+01
   0.2040015E+01      0.1142191E+02
   0.2065046E+01      0.1471097E+02
   0.2090077E+01      0.1519006E+02
   0.2115108E+01      0.1364053E+01
   0.2140139E+01      0.1365263E+01
   0.2165170E+01      0.1366621E+01
   0.2190201E+01      0.1368137E+01
   0.2215232E+01      0.1369818E+01
   0.2240262E+01      0.1371673E+01
   0.2265293E+01      0.1373710E+01
   0.2290324E+01      0.1375939E+01
   0.2315355E+01      0.1378369E+01
   0.2340386E+01      0.1381011E+01
   0.2365417E+01      0.1383875E+01
   0.2390448E+01      0.1386972E+01
   0.2415478E+01      0.1390315E+01
   0.2440509E+01      0.1393916E+01
   0.2465540E+01      0.1397789E+01
   0.2490571E+01      0.1401948E+01
   0.2515602E+01      0.1406409E+01
   0.2540633E+01      0.1411188E+01
   0.2565664E+01      0.1416304E+01
   0.2590695E+01      0.1421777E+01
   0.2615725E+01      0.1427627E+01
   0.2640756E+01      0.1433878E+01
   0.2665787E+01      0.1440556E+01
   0.2690818E+01      0.1447688E+01
   0.2715849E+01      0.1455306E+01
   0.2740880E+01      0.1463444E+01
   0.2765911E+01      0.1472140E+01
   0.2790941E+01      0.1481439E+01
   0.2815972E+01      0.1491387E+01
   0.2841003E+01      0.1502041E+01
   0.2866034E+01      0.1513463E+01
   0.2891065E+01      0.1525726E+01
   0.2916096E+01      0.1538913E+01
   0.2941127E+01      0.1553120E+01
   0.2966157E+01      0.1568464E+01
   0.2991188E+01      0.1585079E+01
   0.3016219E+01      0.1603129E+01
   0.3041250E+01      0.1622812E+01
   0.3066281E+01      0.1644372E+01
   0.3091312E+01      0.1668114E+01
   0.3116343E+01      0.1694426E+01
   0.3141374E+01      0.1723813E+01
   0.3166404E+01      0.1756945E+01
   0.3191435E+01      0.1794739E+01
   0.3216466E+01      0.1838493E+01
   0.3241497E+01      0.1890120E+01
   0.3266528E+01      0.1952594E+01
   0.3291559E+01      0.2030862E+01
   0.3316590E+01      0.2133953E+01
   0.3341620E+01      0.2280716E+01
   0.3366651E+01      0.2520038E+01
   0.3391682E+01      0.3047176E+01
   0.3416713E+01      0.1306461E+01
   0.3441744E+01      0.1324123E+01
   0.3466775E+01      0.1343180E+01
   0.3491806E+01      0.1363805E+01
   0.3516837E+01      0.1386205E+01
   0.3541867E+01      0.1410631E+01
   0.3566898E+01      0.1437393E+01
   0.3591929E+01      0.1466880E+01
   0.3616960E+01      0.1499590E+01
   0.3641991E+01      0.1536169E+01
   0.3667022E+01      0.1577486E+01
   0.3692053E+01      0.1624739E+01
   0.3717083E+01      0.1679648E+01
   0.3742114E+01      0.1744801E+01
   0.3767145E+01      0.1824336E+01
   0.3792176E+01      0.1925431E+01
   0.3817207E+01      0.2062041E+01
   0.3842238E+01      0.2266467E+01
   0.3867269E+01      0.2640506E+01
   0.3892299E+01      0.3905238E+01
   0.3917330E+01      0.4323829E+01
   0.3942361E+01      0.3079699E+01
   0.3967392E+01      0.2728916E+01
   0.3992423E+01      0.2570299E+01
   0.4017454E+01      0.2493576E+01
   0.4042485E+01      0.2463878E+01
   0.4067516E+01      0.2467346E+01
   0.4092546E+01      0.2498603E+01
   0.4117577E+01      0.2557002E+01
   0.4142608E+01      0.2645792E+01
   0.4167639E+01      0.2773041E+01
   0.4192670E+01      0.2955020E+01
   0.4217701E+01      0.3225621E+01
   0.4242732E+01      0.3666835E+01
   0.4267762E+01      0.4550758E+01
   0.4292793E+01      0.8210060E+01
   0.4317824E+01      0.8796165E+00
   0.4342855E+01      0.8885750E+00
   0.4367886E+01      0.9015896E+00
   0.4392917E+01      0.9191190E+00
   0.4417948E+01      0.9418564E+00
   0.4442979E+01      0.9708207E+00
   0.4468009E+01      0.1007513E+01
   0.4493040E+01      0.1054186E+01
   0.4518071E+01      0.1114357E+01
   0.4543102E+01      0.1193807E+01
   0.4568133E+01      0.1302821E+01
   0.4593164E+01      0.1461879E+01
   0.4618195E+01      0.1719677E+01
   0.4643225E+01      0.2236240E+01
   0.4668256E+01      0.4340265E+01
   0.4693287E+01     -0.4721807E-10
   0.4718318E+01     -0.4862617E-11
   0.4743349E+01     -0.2709855E-11
   0.4768380E+01     -0.4629282E-12
   0.4793411E+01     -0.4893475E-12
   0.4818441E+01      0.5541150E-13
   0.4843472E+01     -0.3054248E-12
   0.4868503E+01     -0.2549646E-12
   0.4893534E+01      0.1919280E-12
   0.4918565E+01     -0.1062349E-12
   0.4943596E+01     -0.1150593E-12
   0.4968627E+01     -0.1956446E-12
   0.4993658E+01     -0.2371232E-12
   0.5018688E+01     -0.1532561E-12
   0.5043719E+01     -0.2465098E-12
   0.5068750E+01     -0.2762880E-13
   0.5093781E+01     -0.1425472E-12
   0.5118812E+01     -0.6256335E-13
   0.5143843E+01     -0.8845214E-13
   0.5168874E+01     -0.3533814E-13
   0.5193904E+01     -0.1137708E-13
   0.5218935E+01     -0.6480451E-13
   0.5243966E+01      0.9265151E-13
   0.5268997E+01      0.3161059E-13
   0.5294028E+01      0.3271562E-13
   0.5319059E+01     -0.2311242E-13
   0.5344090E+01     -0.1146368E-13
   0.5369121E+01     -0.1340694E-13
   0.5394151E+01      0.4809121E-14
   0.5419182E+01     -0.1900135E-13
   0.5444213E+01      0.6924466E-13
   0.5469244E+01     -0.8249531E-13
   0.5494275E+01      0.6077103E-13
   0.5519306E+01     -0.2729226E-13
   0.5544337E+01      0.4417317E-13
   0.5569367E+01     -0.7822958E-14
   0.5594398E+01     -0.4186973E-15
   0.5619429E+01      0.1896754E-13
   0.5644460E+01      0.3490680E-13
   0.5669491E+01     -0.2405401E-14
   0.5694522E+01     -0.2958072E-13
   0.5719553E+01     -0.2460323E-13
   0.5744583E+01     -0.2794580E-13
   0.5769614E+01      0.9047017E-15
   0.5794645E+01      0.3970746E-14
   0.5819676E+01      0.6942689E-13
   0.5844707E+01      0.1948021E-13
   0.5869738E+01      0.1111458E-13
   0.5894769E+01      0.2151348E-13
   0.5919800E+01      0.1197860E-13
   0.5944830E+01     -0.6847211E-14
   0.5969861E+01      0.4745186E-13
   0.5994892E+01     -0.1088206E-13
   0.6019923E+01     -0.1152564E-13
   0.6044954E+01     -0.1703430E-13
   0.6069985E+01     -0.1461146E-13
   0.6095016E+01      0.1495756E-13
   0.6120046E+01     -0.2171657E-14
   0.6145077E+01      0.7506856E-14
   0.6170108E+01      0.1709464E-13
   0.6195139E+01     -0.1349196E-13
   0.6220170E+01     -0.4927153E-14
   0.6245201E+01      0.2477703E-13
   0.6270232E+01      0.7660494E-14
   0.6295263E+01      0.9089900E-14
   0.6320293E+01     -0.1584771E-13
   0.6345324E+01      0.4770795E-14
   0.6370355E+01      0.1795538E-13
   0.6395386E+01     -0.2709094E-13
   0.6420417E+01      0.1563382E-14
   0.6445448E+01      0.6820298E-14
   0.6470479E+01     -0.2348627E-13
   0.6495509E+01      0.1043110E-13
   0.6520540E+01      0.1549033E-13
   0.6545571E+01     -0.1629626E-13
   0.6570602E+01     -0.2131778E-13
   0.6595633E+01      0.3216214E-13
   0.6620664E+01     -0.7506250E-14
   0.6645695E+01      0.2580785E-13
   0.6670725E+01      0.8774971E-14
   0.6695756E+01     -0.2248235E-13
   0.6720787E+01     -0.9949675E-14
   0.6745818E+01     -0.6775349E-14
   0.6770849E+01     -0.8208796E-14
   0.6795880E+01     -0.1617908E-13
   0.6820911E+01      0.5543341E-14
   0.6845942E+01      0.1152547E-13
   0.6870972E+01     -0.5221870E-14
   0.6896003E+01      0.1061669E-13
   0.6921034E+01     -0.1687708E-14
   0.6946065E+01     -0.1505262E-14
   0.6971096E+01      0.5840400E-14
   0.6996127E+01     -0.1533335E-13
   0.7021158E+01      0.7033922E-14
   0.7046188E+01     -0.3014697E-14
   0.7071219E+01      0.1765208E-13
   0.7096250E+01      0.2329156E-13
   0.7121281E+01     -0.1657616E-14
   0.7146312E+01     -0.3297172E-14
   0.7171343E+01      0.1925983E-14
   0.7196374E+01     -0.6959964E-15
   0.7221405E+01      0.1542612E-14
   0.7246435E+01     -0.9428838E-14
   0.7271466E+01     -0.9031979E-15
   0.7296497E+01      0.4467667E-14
   0.7321528E+01     -0.2431557E-14
   0.7346559E+01     -0.4328517E-14
   0.7371590E+01      0.1911691E-14
   0.7396621E+01      0.5752244E-14
   0.7421651E+01      0.6047526E-14
   0.7446682E+01      0.6440064E-14
   0.7471713E+01      0.1332029E-14
   0.7496744E+01      0.1179116E-13
   0.7521775E+01      0.1145462E-13
   0.7546806E+01      0.2694855E-14
   0.7571837E+01      0.1992655E-14
   0.7596868E+01     -0.1343174E-13
   0.7621898E+01     -0.1501222E-13
   0.7646929E+01     -0.4989062E-14
   0.7671960E+01      0.7013606E-14
   0.7696991E+01     -0.1089137E-13
   0.7722022E+01     -0.3175293E-15
   0.7747053E+01      0.1122365E-13
   0.7772084E+01      0.3910905E-14
   0.7797114E+01      0.1321502E-13
   0.7822145E+01      0.4189772E-14
   0.7847176E+01     -0.1449047E-15
   0.7872207E+01     -0.2916841E-14
   0.7897238E+01      0.2711266E-14
   0.7922269E+01      0.4465387E-15
   0.7947300E+01      0.1268331E-13
   0.7972330E+01      0.8180765E-14
   0.7997361E+01      0.9717199E-14
   0.8022392E+01     -0.1155196E-14
   0.8047423E+01     -0.2018775E-14
   0.8072454E+01     -0.1412539E-13
   0.8097485E+01     -0.4383143E-14
   0.8122516E+01     -0.9333869E-14
   0.8147547E+01     -0.2691577E-14
   0.8172577E+01      0.9580873E-14
   0.8197608E+01      0.2633396E-14
   0.8222639E+01      0.1432451E-14
   0.8247670E+01      0.8226679E-15
   0.8272701E+01      0.6914313E-14
   0.8297732E+01     -0.4865740E-14
   0.8322763E+01     -0.3368039E-14
   0.8347793E+01      0.6420864E-14
   0.8372824E+01      0.6536281E-14
   0.8397855E+01     -0.2685595E-14
   0.8422886E+01      0.6877422E-14
   0.8447917E+01      0.3471058E-15
   0.8472948E+01     -0.2855348E-14
   0.8497979E+01      0.7588886E-14
   0.8523010E+01      0.8462050E-14
   0.8548040E+01      0.1860111E-14
   0.8573071E+01      0.1872250E-14
   0.8598102E+01      0.9528298E-14
   0.8623133E+01      0.1459983E-14
   0.8648164E+01     -0.2723455E-14
   0.8673195E+01      0.7102350E-14
   0.8698226E+01     -0.2435995E-14
   0.8723256E+01     -0.9872073E-15
   0.8748287E+01      0.2051969E-14
   0.8773318E+01      0.2804367E-14
   0.8798349E+01      0.6486920E-14
   0.8823380E+01     -0.2453670E-14
   0.8848411E+01     -0.9037844E-15
   0.8873442E+01      0.8308346E-15
   0.8898472E+01     -0.2978237E-14
   0.8923503E+01     -0.4207767E-15
   0.8948534E+01     -0.6039936E-16
   0.8973565E+01      0.2371834E-15
   0.8998596E+01     -0.3516507E-14
   0.9023627E+01     -0.4788723E-14
   0.9048658E+01     -0.3960365E-14
   0.9073689E+01     -0.9365589E-15
   0.9098719E+01     -0.5662957E-14
   0.9123750E+01     -0.8892931E-15
   0.9148781E+01     -0.2344478E-14
   0.9173812E+01     -0.8054616E-15
   0.9198843E+01      0.4488669E-15
   0.9223874E+01      0.1462432E-14
   0.9248905E+01     -0.3746854E-16
   0.9273935E+01      0.3389632E-14
   0.9298966E+01      0.1755448E-14
   0.9323997E+01     -0.6783471E-15
   0.9349028E+01      0.8905869E-14
   0.9374059E+01     -0.2208222E-14
   0.9399090E+01     -0.1272210E-14
   0.9424121E+01     -0.2514085E-14
   0.9449152E+01     -0.5684675E-15
   0.9474182E+01      0.4482589E-15
   0.9499213E+01     -0.2546060E-14
   0.9524244E+01      0.2103698E-15
   0.9549275E+01      0.1310516E-14
   0.9574306E+01      0.2882617E-14
   0.9599337E+01      0.1752511E-14
   0.9624368E+01     -0.1397734E-14
   0.9649398E+01      0.1976312E-14
   0.9674429E+01     -0.4499550E-14
   0.9699460E+01      0.1904392E-15
   0.9724491E+01     -0.6210487E-14
   0.9749522E+01      0.3491870E-15
   0.9774553E+01     -0.2567665E-14
   0.9799584E+01     -0.3224765E-14
   0.9824614E+01      0.2488718E-14
   0.9849645E+01     -0.2806931E-14
   0.9874676E+01     -0.3952952E-14
   0.9899707E+01      0.6445398E-14
   0.9924738E+01     -0.2687211E-14
   0.9949769E+01     -0.7577711E-14
   0.9974800E+01      0.4173075E-15
   0.9999831E+01     -0.5103272E-14
 &
