SIESTA 1.3.7  -- [1.3f1 release] (04 Feb 2004)
Architecture  : mpif90
Compiler flags:  -O3 -check bounds -fp-model strict
PARALLEL version

* Running on    2 nodes in parallel
>> Start of run:  30-OCT-2023  17:36:00

                           ***********************       
                           *  WELCOME TO SIESTA  *       
                           ***********************       

reinit: Reading from standard input
************************** Dump of input data file ****************************
SystemName                   au-chain_szv_shiftx_zerobias          # Descriptive name of the system
SystemLabel                     au-chain_szv_shiftx_zerobias               # Short name for naming files
NumberOfAtoms    9
NumberOfSpecies                 1               # Number of species
PAO.BasisType                   split
%block ChemicalSpeciesLabel
1 79 Au
%endblock ChemicalSpeciesLabel
%block PAO.Basis
  Au  2
n=6  0  1
6.500
1.00
n=5  2  1
5.850
1.00
%endblock PAO.Basis
%block PS.lmax
 Au   3
%endblock PS.lmax
LatticeConstant 1.000 Ang
%block LatticeVectors
  8.4    0.000   0.000    1
  0.000   8.4     0.000   1
  0.000   0.000     25.2 1
%endblock LatticeVectors
AtomicCoordinatesFormat Ang
%block AtomicCoordinatesAndAtomicSpecies
0.0 0.0 0.0 1 Au
0.0 0.0 2.8 1 Au
0.0 0.0 5.6 1 Au
0.0 0.0 8.4 1 Au
1.0 0.0 11.2 1 Au
0.0 0.0 14.0 1 Au
0.0 0.0 16.8 1 Au
0.0 0.0 19.6 1 Au
0.0 0.0 22.4 1 Au
%endblock AtomicCoordinatesAndAtomicSpecies
%block GeometryConstraints
   position   from  1 to 3
   position   from  7 to 9
%endblock GeometryConstraints
%block kgrid_Monkhorst_Pack
  2   0   0     0.0
  0   2   0     0.0
  0   0   1     0.0
%endblock kgrid_Monkhorst_Pack
xc.functional		LDA		# 'LDA', 'GGA'
xc.authors 	 		CA		# 'CA'='PZ', 'PW92', 'PBE'
SpinPolarized			F		# 'T', 'F'		
#FixSpin           F
#TotalSpin        0.0
NonCollinearSpin		F		# 'T', 'F'
MeshCutoff 	 		    200 Ry		# Equivalent plane wave cutoff for the grid
MaxSCFIterations                10000                2                10000                10000		10000
DM.MixingWeight			0.1
DM.NumberPulay			4	# Pulay convergency accelerator
DM.MixSCF1			    T
MixHamiltonian      T
DM.PulayOnFile			F		# Store in memory ('F') or in files ('T')
#DM.NumberKick         30
#DM.KickMixingWeight   0.1
DM.Tolerance 		1.0E-4
NeglNonOverlapInt		F		# 'F'=do not neglect
SolutionMethod			diagon
ElectronicTemperature		300 K		# Default value
DM.UseSaveDM 			T
#MD.UseSaveXV			T
#MD.UseSaveCG			T
WriteForces      T
WriteCoorXmol			T		# Write Atoms coordinates
SaveElectrostaticPotential      T
#SaveHS				T		# Save the Hamiltonian and Overlap matrices
SaveRho				T		# Save the valence pseudocharge density
#SaveDeltaRho			T
#WriteDenchar			T		# Write Denchar output
WriteMullikenPop		0 #write mulliken population of aromic and orbital charges
#-----
#smeagol
#-----
EMTransport              T
NEnergReal               640
NEnergImCircle           16
NEnergImLine             16
NPoles                   16
VInitial                 0.0d0 eV
VFinal                   0.0d0 eV
NIVPoints                0
Delta                    1.d-4
EnergLowestBound        -5.4d0 Ry
NSlices                  1
TrCoefficients		       T
AtomLeftVCte             2
AtomRightVCte            7
NTransmPoints            800
InitTransmRange          -2.0d0 Ry
FinalTransmRange          2.0d0 Ry
#PeriodicTransp           T
HartreeLeadsBottom      -1.83726919 eV
HartreeLeadsLeft         0.000  Ang
HartreeLeadsRight        0.000  Ang
#FullSlope                T
	TRC.EMDOS                T
        TRC.EMPDOS               F
        TRC.LeadsDOS             T
        TRC.LeadsPDOS            F
        Sigma.PDOS               F
        Sigma.DOSVV              F
%block SaveBiasSteps
 0
%endblock SaveBiasSteps
EM.CalculateForces           T
************************** End of input data file *****************************

reinit: -----------------------------------------------------------------------
reinit: System Name: au-chain_szv_shiftx_zerobias                               
reinit: -----------------------------------------------------------------------
reinit: System Label: au-chain_szv_shiftx_
reinit: -----------------------------------------------------------------------

initatom: Reading input for the pseudopotentials and atomic orbitals ----------
 Species number:            1  Label: Au Atomic number:          79
Ground state valence configuration:   6s01  5d10
Reading pseudopotential information in formatted form from Au.psf
relmxkb: Read Max KB Ang. Momentum=    3 for species Au
 Warning: Empty PAO shell. l =           1
 Will have a KB projector anyway...

<basis_specs>
===============================================================================
Au                   Z=  79    Mass=  196.97        Charge=  0.0000    
Lmxo=2 Lmxkb=3     BasisType=split      Semic=F
L=0  Nsemic=0  Cnfigmx=6
          n=1  nzeta=1  polorb=0
               vcte:    0.0000    
               rinn:    0.0000    
                rcs:    6.5000    
            lambdas:    1.0000    
L=1  Nsemic=0  Cnfigmx=6
L=2  Nsemic=0  Cnfigmx=5
          n=1  nzeta=1  polorb=0
               vcte:    0.0000    
               rinn:    0.0000    
                rcs:    5.8500    
            lambdas:    1.0000    
-------------------------------------------------------------------------------
L=0  Nkbl=1  erefs: 0.17977+309
L=1  Nkbl=1  erefs: 0.17977+309
L=2  Nkbl=1  erefs: 0.17977+309
L=3  Nkbl=1  erefs: 0.17977+309
===============================================================================
</basis_specs>

atom: Called for Au  (Z =  79)

read_vps: Pseudopotential generation method:
read_vps: ATM3      Troullier-Martins                       

read_vps: Pseudopotential generated from a relativistic atomic calculation
read_vps: There are spin-orbit pseudopotentials available

read_vps: Valence configuration (pseudopotential and basis set generation):
6s( 1.00) rc: 2.18
6p( 0.00) rc: 2.47
5d(10.00) rc: 1.79
5f( 0.00) rc: 2.00
Total valence charge:   11.00000

read_vps: Pseudopotential includes a core correction:
read_vps: Pseudo-core for xc-correction
comcore: Pseudo-core radius Rcore=  4.027091

xc_check: Exchange-correlation functional:
xc_check: Ceperley-Alder
V l=0 = -2*Zval/r beyond r=  2.9833
V l=1 = -2*Zval/r beyond r=  2.9833
V l=2 = -2*Zval/r beyond r=  2.9833
V l=3 = -2*Zval/r beyond r=  2.9833
All V_l potentials equal beyond r=  2.4425
This should be close to max(r_c) in ps generation
All pots = -2*Zval/r beyond r=  2.9833

VLOCAL1: 99.0% of the norm of Vloc inside      7.276 Ry
VLOCAL1: 99.9% of the norm of Vloc inside     16.582 Ry
atom: Maximum radius for 4*pi*r*r*local-pseudopot. charge    2.94627
atom: Maximum radius for r*vlocal+2*Zval:    2.60007
GHOST: No ghost state for L =  0
GHOST: No ghost state for L =  1
GHOST: No ghost state for L =  2
GHOST: No ghost state for L =  3

KBgen: Kleinman-Bylander projectors: 
   l= 0   rc=  3.175745   el= -0.445638   Ekb=  5.072790   kbcos=  0.276607
   l= 1   rc=  3.256140   el= -0.066324   Ekb=  2.703235   kbcos=  0.227171
   l= 2   rc=  3.020861   el= -0.526103   Ekb= -4.704026   kbcos= -0.643795
   l= 3   rc=  3.466145   el=  0.003438   Ekb= -2.516122   kbcos= -0.010529

KBgen: Total number of  Kleinman-Bylander projectors:   16
atom: -------------------------------------------------------------------------

atom: SANKEY-TYPE ORBITALS:

SPLIT: Orbitals with angular momentum L= 0

SPLIT: Basis orbitals for state 6s

   izeta = 1
                 lambda =    1.000000
                     rc =    6.557093
                 energy =   -0.435455
                kinetic =    0.389259
    potential(screened) =   -0.824714
       potential(ionic) =   -8.467175

SPLIT: Orbitals with angular momentum L= 2

SPLIT: Basis orbitals for state 5d

   izeta = 1
                 lambda =    1.000000
                     rc =    5.933100
                 energy =   -0.524775
                kinetic =    4.913203
    potential(screened) =   -5.437978
       potential(ionic) =  -15.883506
atom: Total number of Sankey-type orbitals:  6

atm_pop: Valence configuration(local Pseudopot. screening):
 6s( 1.00)                                                            
 6p( 0.00)                                                            
 5d(10.00)                                                            
Vna: chval, zval:   11.00000  11.00000

Vna:  Cut-off radius for the neutral-atom potential:   6.557093

atom: _________________________________________________________________________

prinput: Basis input ----------------------------------------------------------

PAO.BasisType split     

%block ChemicalSpeciesLabel
    1   79 Au                      # Species index, atomic number, species label
%endblock ChemicalSpeciesLabel

%block PAO.Basis                 # Define Basis set
Au          2                    # Species label, number of l-shells
 n=6   0   1                         # n, l, Nzeta 
   6.557   
   1.000   
 n=5   2   1                         # n, l, Nzeta 
   5.933   
   1.000   
%endblock PAO.Basis

prinput: ----------------------------------------------------------------------


siesta: ******************** Simulation parameters ****************************
siesta:
siesta: The following are some of the parameters of the simulation.
siesta: A complete list of the parameters used, including defect values,
siesta: can be found in file out.fdf
siesta:
coor:   Atomic-coordinates input format  =     Cartesian coordinates
coor:                                          (in Angstroms)
redata: Number of spin components        =     1
redata: SpinOrbit                        =     0
redata: Long output                      =     F
redata: Number of Atomic Species         =     1
redata: Charge density info will appear in .RHO file
redata: Write Mulliken Pop.              =     NO
redata: Write Hamilton Pop.              =     NO
redata: Mesh Cutoff                      =   200.0000  Ry
redata: Net charge of the system         =     0.0000 |e|
redata: Max. number of SCF Iter          = 10000
redata: One Pulay mixing every           =     4 iterations
redata: Mix DM in first SCF step ?       =     T
redata: Write Pulay info on disk?        =     F
redata: New DM Mixing Weight             =     0.1000
redata: No kicks to SCF
redata: DM Mixing Weight for Kicks       =     0.5000
redata: DM Tolerance for SCF             =     0.000100
redata: Use continuation files for DM    =     T
redata: Neglect nonoverlap interactions  =     F
redata: Method of Calculation            =     Diagonalization
redata: Divide and Conquer               =     F
redata: Electronic Temperature           =     0.0019  Ry
redata: Fix the spin of the system       =     F
redata: Dynamics option                  =     CG coord. optimization
redata: Variable cell                    =     F
redata: Use continuation files for CG    =     F
redata: Maximum number of CG moves       =     0
redata: Max atomic displ per move        =     0.2000  Bohr
redata: Force tolerance                  =     0.0016  Ry/Bohr
redata: ***********************************************************************

siesta: Atomic coordinates (Bohr) and species
siesta:      0.00000   0.00000   0.00000  1        1
siesta:      0.00000   0.00000   5.29124  1        2
siesta:      0.00000   0.00000  10.58247  1        3
siesta:      0.00000   0.00000  15.87371  1        4
siesta:      1.88973   0.00000  21.16494  1        5
siesta:      0.00000   0.00000  26.45618  1        6
siesta:      0.00000   0.00000  31.74741  1        7
siesta:      0.00000   0.00000  37.03865  1        8
siesta:      0.00000   0.00000  42.32988  1        9

initatomlists: Number of atoms, orbitals, and projectors:      9    54   144

siesta: System type = chain     
 Nodes, Orbitals           2          54
 blocksizedefault           8

* ProcessorY, Blocksize:    1   8


siesta: k-grid: Number of k-points =     4
siesta: k-grid: Cutoff             =     8.400 Ang
siesta: k-grid: Supercell and displacements
siesta: k-grid:    2   0   0      0.000
siesta: k-grid:    0   2   0      0.000
siesta: k-grid:    0   0   1      0.000
siesta: overlap:  rmaxh   veclen  direction
siesta: overlap:  20.0465 15.8737   1
siesta: overlap:  rmaxh   veclen  direction
siesta: overlap:  20.0465 15.8737   2
siesta: overlap:  rmaxh   veclen  direction
siesta: overlap:  20.0465 47.6211   3
 label:           1 Au                             1 s      
 label:           2 Au                             1 dxy    
 label:           3 Au                             1 dyz    
 label:           4 Au                             1 dz2    
 label:           5 Au                             1 dxz    
 label:           6 Au                             1 dx2-y2 
 label:           7 Au                             2 s      
 label:           8 Au                             2 dxy    
 label:           9 Au                             2 dyz    
 label:          10 Au                             2 dz2    
 label:          11 Au                             2 dxz    
 label:          12 Au                             2 dx2-y2 
 label:          13 Au                             3 s      
 label:          14 Au                             3 dxy    
 label:          15 Au                             3 dyz    
 label:          16 Au                             3 dz2    
 label:          17 Au                             3 dxz    
 label:          18 Au                             3 dx2-y2 
 label:          19 Au                             4 s      
 label:          20 Au                             4 dxy    
 label:          21 Au                             4 dyz    
 label:          22 Au                             4 dz2    
 label:          23 Au                             4 dxz    
 label:          24 Au                             4 dx2-y2 
 label:          25 Au                             5 s      
 label:          26 Au                             5 dxy    
 label:          27 Au                             5 dyz    
 label:          28 Au                             5 dz2    
 label:          29 Au                             5 dxz    
 label:          30 Au                             5 dx2-y2 
 label:          31 Au                             6 s      
 label:          32 Au                             6 dxy    
 label:          33 Au                             6 dyz    
 label:          34 Au                             6 dz2    
 label:          35 Au                             6 dxz    
 label:          36 Au                             6 dx2-y2 
 label:          37 Au                             7 s      
 label:          38 Au                             7 dxy    
 label:          39 Au                             7 dyz    
 label:          40 Au                             7 dz2    
 label:          41 Au                             7 dxz    
 label:          42 Au                             7 dx2-y2 
 label:          43 Au                             8 s      
 label:          44 Au                             8 dxy    
 label:          45 Au                             8 dyz    
 label:          46 Au                             8 dz2    
 label:          47 Au                             8 dxz    
 label:          48 Au                             8 dx2-y2 
 label:          49 Au                             9 s      
 label:          50 Au                             9 dxy    
 label:          51 Au                             9 dyz    
 label:          52 Au                             9 dz2    
 label:          53 Au                             9 dxz    
 label:          54 Au                             9 dx2-y2 

superc: Internal auxiliary supercell:     3 x     3 x     1  =       9
superc: Number of atoms, orbitals, and projectors:     81   486  1296
 
* Maximum dynamic memory allocated =     1 MB

siesta:                 ==============================
SMEAGOL                 Bias step =    0, V =  0.000 Ry
                            Begin CG move =      0
                        ==============================

superc: Internal auxiliary supercell:     3 x     3 x     1  =       9
superc: Number of atoms, orbitals, and projectors:     81   486  1296

read_ldau The LDA+U method used is from Czyzky PRB 49 14211
 NSCOBlocks=           0

InitMesh: MESH =    72 x    72 x   216 =     1119744
InitMesh: Mesh cutoff (required, used) =   200.000   203.052 Ry
 
* Maximum dynamic memory allocated =    57 MB
siesta: reading saved Hamiltonian
siesta: saved Hamiltonian not found

siesta: Program's energy decomposition (eV):
siesta: Eions   =     10845.004161
siesta: Ena     =       617.624380
siesta: Ekin    =      6064.079438
siesta: Enl     =     -2347.294996
siesta: DEna    =         0.000000
siesta: DUscf   =         0.000000
siesta: DUext   =         0.000000
siesta: Exc     =     -3729.631768
siesta: eta*DQ  =         0.000000
siesta: Emadel  =         0.000000
siesta: Eharris =    -10189.400260
siesta: Eso     =         0.000000
siesta: Etot    =    -10240.227107
siesta: FreeEng =    -10240.227107

siesta: iscf   Eharris(eV)      E_KS(eV)   FreeEng(eV)     dDmax   Ef(eV)
siesta:    1   -10189.4003   -10240.2271   -10240.2271   1.21307   0.0000
timer: Routine,Calls,Time,% = IterSCF        1       3.335  91.22
siesta:    2   -10244.9791   -10232.2767   -10232.2767   0.66052   0.0000
siesta:    3   -10245.6002   -10246.2383   -10246.2383   0.08299   0.0000
siesta:    4   -10245.4788   -10245.6843   -10245.6843   0.05924   0.0000
siesta:    5   -10244.6355   -10245.5348   -10245.5348   0.05262   0.0000
siesta:    6   -10247.5574   -10244.6255   -10244.6255   0.05489   0.0000
siesta:    7   -10246.6716   -10247.2030   -10247.2030   0.21381   0.0000
siesta:    8   -10244.8984   -10246.7901   -10246.7901   0.16276   0.0000
siesta:    9   -10245.5910   -10245.0313   -10245.0313   0.02287   0.0000
siesta:   10   -10245.4799   -10245.5871   -10245.5871   0.03077   0.0000
siesta:   11   -10245.3649   -10245.4851   -10245.4851   0.01676   0.0000
siesta:   12   -10245.3482   -10245.3672   -10245.3672   0.00274   0.0000
siesta:   13   -10245.3491   -10245.3483   -10245.3483   0.00057   0.0000
siesta:   14   -10245.3493   -10245.3491   -10245.3491   0.00021   0.0000
siesta:   15   -10245.3498   -10245.3493   -10245.3493   0.00015   0.0000
siesta:   16   -10245.3490   -10245.3497   -10245.3497   0.00007   0.0000
siesta:   17   -10245.3493   -10245.3490   -10245.3490   0.00003   0.0000
 Calculating transmission coefficient

siesta: E_KS(eV) =           -10245.3493

siesta: E_KS - E_eggbox =    -10245.3493

siesta: Atomic forces (eV/Ang):
     1   -0.000019    0.000000    0.000602
     2   -0.000291    0.000000   -0.009325
     3    0.046342   -0.000000    0.079873
     4    0.328984    0.000000    0.199850
     5   -0.381511    0.000000    0.000003
     6    0.328982   -0.000000   -0.215454
     7    0.046344   -0.000000   -0.095479
     8   -0.000292    0.000000   -0.006281
     9   -0.000015    0.000000   -0.008405
----------------------------------------
 Tot    0.368523    0.000000   -0.054615
----------------------------------------
 Max    0.381511
 Res    0.131707    sqrt( Sum f_i^2 / 3N )
----------------------------------------
 Max    0.381511    constrained
 
* Maximum dynamic memory allocated =    58 MB

coxmol: Writing XMOL coordinates into file au-chain_szv_shiftx_.xyz
 siesta: ERROR: PDOS implemented only with diagon

siesta: Program's energy decomposition (eV):
siesta:-Eions   =  -10845.004161
siesta: Ena     =     617.624380
siesta: Ekin    =    6003.609148
siesta: Enl     =   -2320.344891
siesta: DEna    =      17.247981
siesta: DUscf   =       0.679516
siesta: DUext   =       0.000000
siesta: Exc     =   -3719.161229
siesta: eta*DQ  =       0.000000
siesta: Emadel  =       0.000000
siesta: Ekinion =       0.000000
siesta: Eharris =  -10245.349252
siesta: Eso     =       0.000000
siesta: Etot    =  -10245.349256
siesta: FreeEng =  -10245.349256

siesta: Final energy (eV):
siesta:       Kinetic =    6003.609148
siesta:       Hartree =    6105.859771
siesta:    Ext. field =       0.000000
siesta:   Exch.-corr. =   -3719.161229
siesta:  Ion-electron =  -16899.143611
siesta:       Ion-ion =   -1736.513335
siesta:       Ekinion =       0.000000
siesta:         Total =  -10245.349256

siesta: Atomic forces (eV/Ang):
siesta:    1   -0.000019    0.000000    0.000602
siesta:    2   -0.000291    0.000000   -0.009325
siesta:    3    0.046342   -0.000000    0.079873
siesta:    4    0.328984    0.000000    0.199850
siesta:    5   -0.381511    0.000000    0.000003
siesta:    6    0.328982   -0.000000   -0.215454
siesta:    7    0.046344   -0.000000   -0.095479
siesta:    8   -0.000292    0.000000   -0.006281
siesta:    9   -0.000015    0.000000   -0.008405
siesta: ----------------------------------------
siesta:  Tot    0.368523    0.000000   -0.054615

siesta: Constrained forces (eV/Ang):
siesta:    1    0.000000    0.000000    0.000000
siesta:    2    0.000000    0.000000    0.000000
siesta:    3    0.000000    0.000000    0.000000
siesta:    4    0.328984    0.000000    0.199850
siesta:    5   -0.381511    0.000000    0.000003
siesta:    6    0.328982   -0.000000   -0.215454
siesta:    7    0.000000    0.000000    0.000000
siesta:    8    0.000000    0.000000    0.000000
siesta:    9    0.000000    0.000000    0.000000
siesta: ----------------------------------------
siesta:  Tot    0.276454   -0.000000   -0.015601

siesta: Stress tensor (static) (eV/Ang**3):
siesta:     0.001771    0.000000   -0.000000
siesta:     0.000000    0.001366    0.000000
siesta:    -0.000000    0.000000    0.016655

siesta: Cell volume =       1778.112000 Ang**3

siesta: Pressure (static):
siesta:                Solid            Molecule  Units
siesta:          -0.00007185         -0.00006646  Ry/Bohr**3
siesta:          -0.00659732         -0.00610193  eV/Ang**3
siesta:         -10.57018940         -9.77647669  kBar

siesta: Total spin polarization (Qup-Qdown) =    0.000000
siesta: Spin vector =    0.000000    0.000000    0.000000
siesta: No SpinPolK block detected...

siesta: Electric dipole (a.u.)  =   -0.020536    0.000000   -0.047847
siesta: Electric dipole (Debye) =   -0.052198    0.000000   -0.121615
 
* Maximum dynamic memory allocated : Node    0 =    58 MB
* Maximum memory occured during redistribXZ                   
* Maximum dynamic memory allocated : Node    1 =    57 MB

timer: CPU execution times:
timer:  Routine       Calls   Time/call    Tot.time        %
timer:  siesta            1      27.803      27.803   100.00
timer:  Setup             1       0.175       0.175     0.63
timer:  bands             1       0.000       0.000     0.00
timer:  writewave         1       0.001       0.001     0.00
timer:  KSV_init          1       0.000       0.000     0.00
timer:  IterMD            1      26.494      26.494    95.29
timer:  hsparse           2       0.007       0.015     0.05
timer:  overfsm           2       0.060       0.120     0.43
timer:  IterSCF          18       1.464      26.343    94.75
timer:  kinefsm           2       0.054       0.107     0.39
timer:  nlefsm            2       0.226       0.452     1.63
timer:  DHSCF            19       1.156      21.961    78.99
timer:  DHSCF1            1       0.124       0.124     0.45
timer:  DHSCF2            1       1.359       1.359     4.89
timer:  REORD           234       0.004       0.865     3.11
timer:  POISON           20       0.310       6.197    22.29
timer:  DHSCF3           19       1.008      19.147    68.87
timer:  rhoofd           19       0.289       5.500    19.78
timer:  CELLXC           19       0.070       1.332     4.79
timer:  vmat             18       0.175       3.151    11.33
timer:  emtrans          18       0.265       4.763    17.13
timer:  NEGFK            72       0.065       4.696    16.89
timer:  NEGFK_su         72       0.003       0.229     0.82
timer:  NEGFK_imag       68       0.006       0.387     1.39
timer:  NEGFK_col        68       0.000       0.026     0.09
timer:  DHSCF4            1       1.296       1.296     4.66
timer:  dfscf             1       1.153       1.153     4.15
timer:  TRANSM            4       1.003       4.014    14.44
timer:  CURRENT           4       0.007       0.027     0.10
  
>> End of run:  30-OCT-2023  17:36:14
