siesta: Atomic forces (eV/Ang):
     1    0.000000   -0.000000   -0.000008
     2    0.000000   -0.000000   -0.007798
     3   -0.000000   -0.000000   -0.007794
     4    0.000000    0.000000   -0.007805
     5    0.000000    0.000000   -0.007797
     6    0.000000    0.000000   -0.007785
     7    0.000000    0.000000   -0.007791
     8    0.000000    0.000000   -0.007800
     9    0.000000   -0.000000   -0.007803
----------------------------------------
 Tot    0.000001    0.000000   -0.062381
siesta: Atomic forces (eV/Ang):
     1    0.003925    0.000000    0.005804
     2   -0.016497    0.000000   -0.026459
     3    0.069944   -0.000000    0.070693
     4    0.320438    0.000000    0.194519
     5   -0.387057    0.000000   -0.000000
     6    0.320441   -0.000000   -0.210110
     7    0.069948    0.000000   -0.086301
     8   -0.016502   -0.000000    0.010853
     9    0.003927    0.000000   -0.013610
----------------------------------------
 Tot    0.368567    0.000000   -0.054612
--
siesta: Atomic forces (eV/Ang):
siesta:    1    0.003925    0.000000    0.005804
siesta:    2   -0.016497    0.000000   -0.026459
siesta:    3    0.069944   -0.000000    0.070693
siesta:    4    0.320438    0.000000    0.194519
siesta:    5   -0.387057    0.000000   -0.000000
siesta:    6    0.320441   -0.000000   -0.210110
siesta:    7    0.069948    0.000000   -0.086301
siesta:    8   -0.016502   -0.000000    0.010853
siesta:    9    0.003927    0.000000   -0.013610
siesta: ----------------------------------------
siesta:  Tot    0.368567    0.000000   -0.054612
siesta: Atomic forces (eV/Ang):
siesta:    1    0.003925    0.000000    0.005804
siesta:    2   -0.016497    0.000000   -0.026459
siesta:    3    0.069944   -0.000000    0.070693
siesta:    4    0.320438    0.000000    0.194519
siesta:    5   -0.387057    0.000000   -0.000000
siesta:    6    0.320441   -0.000000   -0.210110
siesta:    7    0.069948    0.000000   -0.086301
siesta:    8   -0.016502   -0.000000    0.010853
siesta:    9    0.003927    0.000000   -0.013610
siesta: ----------------------------------------
siesta:  Tot    0.368567    0.000000   -0.054612
--
siesta: Constrained forces (eV/Ang):
siesta:    1    0.000000    0.000000    0.000000
siesta:    2    0.000000    0.000000    0.000000
siesta:    3    0.000000    0.000000    0.000000
siesta:    4    0.320438    0.000000    0.194519
siesta:    5   -0.387057    0.000000   -0.000000
siesta:    6    0.320441   -0.000000   -0.210110
siesta:    7    0.000000    0.000000    0.000000
siesta:    8    0.000000    0.000000    0.000000
siesta:    9    0.000000    0.000000    0.000000
siesta: ----------------------------------------
siesta:  Tot    0.253821   -0.000000   -0.015591
