 iscf   Eharris(eV)      E_KS(eV)   FreeEng(eV)    dHmax    dDmax   Ef(eV)
    1   117066.0761   122599.3731   122599.3731118.02108576.96616  0.00000
    2    33792.8455    33586.8433    33586.8433113.27582195.59852  0.00000
    3    97201.5430    97672.7459    97672.7459107.85452226.94231  0.00000
    4    30208.8274    29930.7853    29930.7853113.53997100.48523  0.00000
    5    52080.9370    57354.4154    57354.4154103.55891*********  0.00000
    6 35362231.7120 35434594.0965 35434594.0965******************  0.00000
    7    19929.3471    29439.2748    29439.2748 42.36735188.03149  0.00000
    8    44661.1841    44042.4114    44042.4114 66.53937 29.68326  0.00000
    9    92330.5967    86731.9741    86731.9741130.14826 41.69542  0.00000
   10    27187.3060    27956.1786    27956.1786 33.94762 21.79703  0.00000
   11    27672.8875    24476.3842    24476.3842 39.06939286.12514  0.00000
   12    31916.4896    34842.8242    34842.8242 74.53398362.30113  0.00000
   13    26255.9447    25243.1154    25243.1154 36.62878 70.74510  0.00000
   14    31722.7728    30857.5275    30857.5275 64.78418323.11974  0.00000
   15    28659.1726    31341.2722    31341.2722 72.03732342.59773  0.00000
   16    26808.7768    25583.4877    25583.4877 47.84539*********  0.00000
   17   134037.2667   135628.0334   135628.0334153.93743*********  0.00000
   18    33934.4617    34543.6702    34543.6702 16.87395 59.12476  0.00000
   19    35450.3555    30952.1751    30952.1751 32.20183216.04869  0.00000
   20    87814.2959    92184.4306    92184.4306145.85973211.02179  0.00000
   21    32747.7982    29926.5654    29926.5654 36.57015443.93723  0.00000
   22    73582.0270    74966.6836    74966.6836116.33340301.44250  0.00000
   23    36671.5141    35432.4637    35432.4637 53.86225109.59032  0.00000
   24    28711.4268    29418.7984    29418.7984 36.04625 89.63710  0.00000
   25    29178.7452    27605.1778    27605.1778 43.59023 25.10124  0.00000
   26    28442.6148    28028.1020    28028.1020 46.02478114.82363  0.00000
   27    26623.1124    31150.7395    31150.7395 28.06278148.22715  0.00000
   28    36804.2465    34787.9918    34787.9918 66.92226 82.35726  0.00000
   29    27217.6443    30569.5535    30569.5535 23.54200 67.32480  0.00000
   30    40490.8570    30961.5441    30961.5441 32.78172897.04846  0.00000
   31  1143336.3695  1153272.3466  1153272.3466693.75106888.41593  0.00000
   32   397045.2479   404595.1694   404595.1694430.03647543.86090  0.00000
   33   485864.3395   477725.9686   477725.9686428.73573688.26181  0.00000
   34   429805.6904   430225.3152   430225.3152387.09806203.76410  0.00000
   35   426197.2816   422987.9868   422987.9868330.18880*********  0.00000
   36    44063.8934    41715.7262    41715.7262 31.95382407.13227  0.00000
   37    75874.0395    78925.3598    78925.3598 90.60829372.98141  0.00000
   38    34618.9729    40229.1000    40229.1000 45.05445 33.17241  0.00000
   39    30548.7716    31954.8810    31954.8810 34.23719 16.47915  0.00000
   40    36502.2171    32710.3211    32710.3211 32.29524114.42007  0.00000
   41    82580.9788    79181.0409    79181.0409130.20696123.25745  0.00000
   42    37581.5545    33642.7394    33642.7394 22.86080 28.89508  0.00000
   43    40553.3728    40905.0334    40905.0334 48.22619 56.45797  0.00000
   44    50092.1946    50391.4905    50391.4905 54.48652 11.86977  0.00000
   45    53119.0382    46053.2621    46053.2621 40.14672 64.70265  0.00000
   46    33922.0349    32521.1548    32521.1548 33.43240100.10856  0.00000
   47    31694.1316    35527.5949    35527.5949 35.04930 57.62610  0.00000
