cpu-bind=MASK - cn1057, task  0  0 [14723]: mask 0xffffffffffffffff set
--------------------------------------------------------------------------
Open MPI failed an OFI Libfabric library call (fi_domain).  This is highly
unusual; your job may behave unpredictably (and/or abort) after this.

  Local host: cn1059
  Location: mtl_ofi_component.c:928
  Error: No data available (61)
--------------------------------------------------------------------------
[cn1057.scarf.rl.ac.uk:15719] 119 more processes have sent help message help-mtl-ofi.txt / OFI call fail
[cn1057.scarf.rl.ac.uk:15719] Set MCA parameter "orte_base_help_aggregate" to 0 to see all help / error messages
--------------------------------------------------------------------------
Open MPI failed an OFI Libfabric library call (fi_domain).  This is highly
unusual; your job may behave unpredictably (and/or abort) after this.

  Local host: cn1057
  Location: mtl_ofi_component.c:928
  Error: No data available (61)
--------------------------------------------------------------------------
[cn1057.scarf.rl.ac.uk:16508] 119 more processes have sent help message help-mtl-ofi.txt / OFI call fail
[cn1057.scarf.rl.ac.uk:16508] Set MCA parameter "orte_base_help_aggregate" to 0 to see all help / error messages
-2.6865833731E+000
--------------------------------------------------------------------------
Open MPI failed an OFI Libfabric library call (fi_domain).  This is highly
unusual; your job may behave unpredictably (and/or abort) after this.

  Local host: cn1059
  Location: mtl_ofi_component.c:928
  Error: No data available (61)
--------------------------------------------------------------------------
[cn1057.scarf.rl.ac.uk:17122] 119 more processes have sent help message help-mtl-ofi.txt / OFI call fail
[cn1057.scarf.rl.ac.uk:17122] Set MCA parameter "orte_base_help_aggregate" to 0 to see all help / error messages
-2.6865833731E+000
--------------------------------------------------------------------------
Open MPI failed an OFI Libfabric library call (fi_domain).  This is highly
unusual; your job may behave unpredictably (and/or abort) after this.

  Local host: cn1060
  Location: mtl_ofi_component.c:928
  Error: No data available (61)
--------------------------------------------------------------------------
[cn1057.scarf.rl.ac.uk:17804] 119 more processes have sent help message help-mtl-ofi.txt / OFI call fail
[cn1057.scarf.rl.ac.uk:17804] Set MCA parameter "orte_base_help_aggregate" to 0 to see all help / error messages
