cpu-bind=MASK - cn1120, task  0  0 [39689]: mask 0xffffffffffffffff set
--------------------------------------------------------------------------
Open MPI failed an OFI Libfabric library call (fi_domain).  This is highly
unusual; your job may behave unpredictably (and/or abort) after this.

  Local host: cn1126
  Location: mtl_ofi_component.c:928
  Error: No data available (61)
--------------------------------------------------------------------------
[cn1120.scarf.rl.ac.uk:40680] 239 more processes have sent help message help-mtl-ofi.txt / OFI call fail
[cn1120.scarf.rl.ac.uk:40680] Set MCA parameter "orte_base_help_aggregate" to 0 to see all help / error messages
--------------------------------------------------------------------------
Open MPI failed an OFI Libfabric library call (fi_domain).  This is highly
unusual; your job may behave unpredictably (and/or abort) after this.

  Local host: cn1122
  Location: mtl_ofi_component.c:928
  Error: No data available (61)
--------------------------------------------------------------------------
[cn1120.scarf.rl.ac.uk:41858] 239 more processes have sent help message help-mtl-ofi.txt / OFI call fail
[cn1120.scarf.rl.ac.uk:41858] Set MCA parameter "orte_base_help_aggregate" to 0 to see all help / error messages
[1678914603.471109] [cn1120:41938:0]          mpool.c:43   UCX  WARN  object 0xb7436c0 was not returned to mpool ucp_requests
[1678914603.471123] [cn1120:41942:0]          mpool.c:43   UCX  WARN  object 0xa2aa200 was not returned to mpool ucp_requests
[1678914603.471194] [cn1120:41947:0]          mpool.c:43   UCX  WARN  object 0xa6eb640 was not returned to mpool ucp_requests
[1678914603.471294] [cn1120:41944:0]          mpool.c:43   UCX  WARN  object 0x52d3940 was not returned to mpool ucp_requests
[1678914603.471297] [cn1120:41951:0]          mpool.c:43   UCX  WARN  object 0xa80bd40 was not returned to mpool ucp_requests
[1678914603.471317] [cn1120:41956:0]          mpool.c:43   UCX  WARN  object 0xbd972c0 was not returned to mpool ucp_requests
[1678914603.471421] [cn1120:41931:0]          mpool.c:43   UCX  WARN  object 0x5e30d40 was not returned to mpool ucp_requests
[1678914603.471432] [cn1120:41933:0]          mpool.c:43   UCX  WARN  object 0x5c6c580 was not returned to mpool ucp_requests
[1678914603.471515] [cn1120:41929:0]          mpool.c:43   UCX  WARN  object 0x661d9c0 was not returned to mpool ucp_requests
[1678914603.464584] [cn1121:31411:0]          mpool.c:43   UCX  WARN  object 0xae44100 was not returned to mpool ucp_requests
[1678914603.471616] [cn1120:41925:0]          mpool.c:43   UCX  WARN  object 0xbcd37c0 was not returned to mpool ucp_requests
[1678914603.464756] [cn1121:31407:0]          mpool.c:43   UCX  WARN  object 0xbacd380 was not returned to mpool ucp_requests
[1678914603.464748] [cn1121:31410:0]          mpool.c:43   UCX  WARN  object 0xa942f40 was not returned to mpool ucp_requests
-1.0939261849E+001
--------------------------------------------------------------------------
Open MPI failed an OFI Libfabric library call (fi_domain).  This is highly
unusual; your job may behave unpredictably (and/or abort) after this.

  Local host: cn1120
  Location: mtl_ofi_component.c:928
  Error: No data available (61)
--------------------------------------------------------------------------
[cn1120.scarf.rl.ac.uk:42559] 239 more processes have sent help message help-mtl-ofi.txt / OFI call fail
[cn1120.scarf.rl.ac.uk:42559] Set MCA parameter "orte_base_help_aggregate" to 0 to see all help / error messages
[1678915415.367615] [cn1120:42639:0]          mpool.c:43   UCX  WARN  object 0x6cfbd00 was not returned to mpool ucp_requests
[1678915415.367637] [cn1120:42644:0]          mpool.c:43   UCX  WARN  object 0xbf04740 was not returned to mpool ucp_requests
[1678915415.367950] [cn1120:42633:0]          mpool.c:43   UCX  WARN  object 0xa907980 was not returned to mpool ucp_requests
[1678915415.367710] [cn1120:42637:0]          mpool.c:43   UCX  WARN  object 0xc038f40 was not returned to mpool ucp_requests
[1678915415.367888] [cn1120:42647:0]          mpool.c:43   UCX  WARN  object 0x6109ec0 was not returned to mpool ucp_requests
[1678915415.367778] [cn1120:42649:0]          mpool.c:43   UCX  WARN  object 0xc36e2c0 was not returned to mpool ucp_requests
[1678915415.367805] [cn1120:42651:0]          mpool.c:43   UCX  WARN  object 0xb327bc0 was not returned to mpool ucp_requests
[1678915415.368206] [cn1120:42625:0]          mpool.c:43   UCX  WARN  object 0xb855c00 was not returned to mpool ucp_requests
[1678915415.368270] [cn1120:42627:0]          mpool.c:43   UCX  WARN  object 0x6804c80 was not returned to mpool ucp_requests
[1678915415.368310] [cn1120:42630:0]          mpool.c:43   UCX  WARN  object 0xb55a4c0 was not returned to mpool ucp_requests
[1678915415.361499] [cn1121:32092:0]          mpool.c:43   UCX  WARN  object 0xb35a340 was not returned to mpool ucp_requests
[1678915415.361494] [cn1121:32097:0]          mpool.c:43   UCX  WARN  object 0xb879ec0 was not returned to mpool ucp_requests
[1678915415.361615] [cn1121:32095:0]          mpool.c:43   UCX  WARN  object 0xb430780 was not returned to mpool ucp_requests
cp: cannot stat ‘0V-VH_z-0035.dat’: No such file or directory
cp: cannot stat ‘0V-VH_z-0035.dat’: No such file or directory
cp: cannot stat ‘0V-RHO_z-0035.dat’: No such file or directory
cp: cannot stat ‘0V-RHO_z-0035.dat’: No such file or directory
