cpu-bind=MASK - cn1103, task  0  0 [60886]: mask 0xffffffffffffffff set
--------------------------------------------------------------------------
Open MPI failed an OFI Libfabric library call (fi_domain).  This is highly
unusual; your job may behave unpredictably (and/or abort) after this.

  Local host: cn1109
  Location: mtl_ofi_component.c:928
  Error: No data available (61)
--------------------------------------------------------------------------
[cn1103.scarf.rl.ac.uk:61884] 239 more processes have sent help message help-mtl-ofi.txt / OFI call fail
[cn1103.scarf.rl.ac.uk:61884] Set MCA parameter "orte_base_help_aggregate" to 0 to see all help / error messages
--------------------------------------------------------------------------
Open MPI failed an OFI Libfabric library call (fi_domain).  This is highly
unusual; your job may behave unpredictably (and/or abort) after this.

  Local host: cn1145
  Location: mtl_ofi_component.c:928
  Error: No data available (61)
--------------------------------------------------------------------------
[cn1103.scarf.rl.ac.uk:63147] 239 more processes have sent help message help-mtl-ofi.txt / OFI call fail
[cn1103.scarf.rl.ac.uk:63147] Set MCA parameter "orte_base_help_aggregate" to 0 to see all help / error messages
[1678864066.756101] [cn1103:63228:0]          mpool.c:43   UCX  WARN  object 0xa70c6c0 was not returned to mpool ucp_requests
[1678864066.756211] [cn1103:63226:0]          mpool.c:43   UCX  WARN  object 0x63e0dc0 was not returned to mpool ucp_requests
[1678864066.756269] [cn1103:63236:0]          mpool.c:43   UCX  WARN  object 0xa9ac800 was not returned to mpool ucp_requests
[1678864066.756282] [cn1103:63233:0]          mpool.c:43   UCX  WARN  object 0xb64ca80 was not returned to mpool ucp_requests
[1678864066.756388] [cn1103:63221:0]          mpool.c:43   UCX  WARN  object 0xc3a06c0 was not returned to mpool ucp_requests
[1678864066.756424] [cn1103:63216:0]          mpool.c:43   UCX  WARN  object 0x5e37480 was not returned to mpool ucp_requests
[1678864066.756447] [cn1103:63218:0]          mpool.c:43   UCX  WARN  object 0xbcb4ac0 was not returned to mpool ucp_requests
[1678864066.756620] [cn1103:63224:0]          mpool.c:43   UCX  WARN  object 0xa9f7100 was not returned to mpool ucp_requests
[1678864066.753352] [cn1104:53389:0]          mpool.c:43   UCX  WARN  object 0xb2f66c0 was not returned to mpool ucp_requests
[1678864066.753388] [cn1104:53392:0]          mpool.c:43   UCX  WARN  object 0xbffa740 was not returned to mpool ucp_requests
[1678864066.753380] [cn1104:53385:0]          mpool.c:43   UCX  WARN  object 0x59f2600 was not returned to mpool ucp_requests
[1678864066.756864] [cn1103:63238:0]          mpool.c:43   UCX  WARN  object 0xbe73780 was not returned to mpool ucp_requests
[1678864066.756919] [cn1103:63241:0]          mpool.c:43   UCX  WARN  object 0xb083b80 was not returned to mpool ucp_requests
-1.0987820289E+001
--------------------------------------------------------------------------
Open MPI failed an OFI Libfabric library call (fi_domain).  This is highly
unusual; your job may behave unpredictably (and/or abort) after this.

  Local host: cn1145
  Location: mtl_ofi_component.c:928
  Error: No data available (61)
--------------------------------------------------------------------------
[cn1103.scarf.rl.ac.uk:63767] 239 more processes have sent help message help-mtl-ofi.txt / OFI call fail
[cn1103.scarf.rl.ac.uk:63767] Set MCA parameter "orte_base_help_aggregate" to 0 to see all help / error messages
[1678864937.642478] [cn1103:63858:0]          mpool.c:43   UCX  WARN  object 0xbcc8640 was not returned to mpool ucp_requests
[1678864937.642853] [cn1103:63836:0]          mpool.c:43   UCX  WARN  object 0xba15640 was not returned to mpool ucp_requests
[1678864937.639389] [cn1104:54039:0]          mpool.c:43   UCX  WARN  object 0xb8ead80 was not returned to mpool ucp_requests
[1678864937.643017] [cn1103:63848:0]          mpool.c:43   UCX  WARN  object 0xad564c0 was not returned to mpool ucp_requests
[1678864937.643049] [cn1103:63850:0]          mpool.c:43   UCX  WARN  object 0xab96080 was not returned to mpool ucp_requests
[1678864937.643074] [cn1103:63854:0]          mpool.c:43   UCX  WARN  object 0xb1b9b40 was not returned to mpool ucp_requests
[1678864937.639594] [cn1104:54035:0]          mpool.c:43   UCX  WARN  object 0xa951ec0 was not returned to mpool ucp_requests
[1678864937.643118] [cn1103:63857:0]          mpool.c:43   UCX  WARN  object 0x5be93c0 was not returned to mpool ucp_requests
[1678864937.639781] [cn1104:54032:0]          mpool.c:43   UCX  WARN  object 0x4e91180 was not returned to mpool ucp_requests
[1678864937.643272] [cn1103:63861:0]          mpool.c:43   UCX  WARN  object 0x67e3fc0 was not returned to mpool ucp_requests
[1678864937.643312] [cn1103:63844:0]          mpool.c:43   UCX  WARN  object 0xbe727c0 was not returned to mpool ucp_requests
[1678864937.643392] [cn1103:63838:0]          mpool.c:43   UCX  WARN  object 0xb75ff00 was not returned to mpool ucp_requests
[1678864937.643381] [cn1103:63842:0]          mpool.c:43   UCX  WARN  object 0xbdbbf80 was not returned to mpool ucp_requests
cp: cannot stat ‘0V-VH_z-0035.dat’: No such file or directory
cp: cannot stat ‘0V-VH_z-0035.dat’: No such file or directory
cp: cannot stat ‘0V-RHO_z-0035.dat’: No such file or directory
cp: cannot stat ‘0V-RHO_z-0035.dat’: No such file or directory
