
  GRID BASED BADER ANALYSIS  (Version 0.28a 07/12/12)

  OPEN ... mx.RHO.cube         
  GAUSSIAN-STYLE INPUT FILE
  FFT-grid:   160 x 160 x 720
  CLOSE ... mx.RHO.cube         

  RUN TIME:    9.08 SECONDS

  CALCULATING BADER CHARGE DISTRIBUTION
                 0  10  25  50  75  100
  PERCENT DONE:  ********************** 

  REFINING AUTOMATICALLY
  ITERATION: 1
  EDGE POINTS:       7282719
  REASSIGNED POINTS:  795711
  ITERATION: 2
  CHECKED POINTS:    6265442
  REASSIGNED POINTS:   19092
  ITERATION: 3
  CHECKED POINTS:     192342
  REASSIGNED POINTS:    5873
  ITERATION: 4
  CHECKED POINTS:      47194
  REASSIGNED POINTS:    2768
  ITERATION: 5
  CHECKED POINTS:      18888
  REASSIGNED POINTS:    1167
  ITERATION: 6
  CHECKED POINTS:       9919
  REASSIGNED POINTS:     639
  ITERATION: 7
  CHECKED POINTS:       6103
  REASSIGNED POINTS:     451
  ITERATION: 8
  CHECKED POINTS:       4357
  REASSIGNED POINTS:     342
  ITERATION: 9
  CHECKED POINTS:       3292
  REASSIGNED POINTS:     219
  ITERATION:10
  CHECKED POINTS:       2351
  REASSIGNED POINTS:     171
  ITERATION:11
  CHECKED POINTS:       1938
  REASSIGNED POINTS:     139
  ITERATION:12
  CHECKED POINTS:       1688
  REASSIGNED POINTS:     172
  ITERATION:13
  CHECKED POINTS:       1627
  REASSIGNED POINTS:     134
  ITERATION:14
  CHECKED POINTS:       1469
  REASSIGNED POINTS:     112
  ITERATION:15
  CHECKED POINTS:       1312
  REASSIGNED POINTS:     105
  ITERATION:16
  CHECKED POINTS:       1162
  REASSIGNED POINTS:     117
  ITERATION:17
  CHECKED POINTS:       1211
  REASSIGNED POINTS:     105
  ITERATION:18
  CHECKED POINTS:       1162
  REASSIGNED POINTS:     103
  ITERATION:19
  CHECKED POINTS:       1100
  REASSIGNED POINTS:      91
  ITERATION:20
  CHECKED POINTS:        977
  REASSIGNED POINTS:      98
  ITERATION:21
  CHECKED POINTS:        986
  REASSIGNED POINTS:      93
  ITERATION:22
  CHECKED POINTS:        967
  REASSIGNED POINTS:     101
  ITERATION:23
  CHECKED POINTS:        976
  REASSIGNED POINTS:     105
  ITERATION:24
  CHECKED POINTS:       1023
  REASSIGNED POINTS:      97
  ITERATION:25
  CHECKED POINTS:        886
  REASSIGNED POINTS:      76
  ITERATION:26
  CHECKED POINTS:        733
  REASSIGNED POINTS:      68
  ITERATION:27
  CHECKED POINTS:        604
  REASSIGNED POINTS:      65
  ITERATION:28
  CHECKED POINTS:        560
  REASSIGNED POINTS:      61
  ITERATION:29
  CHECKED POINTS:        470
  REASSIGNED POINTS:      46
  ITERATION:30
  CHECKED POINTS:        372
  REASSIGNED POINTS:      39
  ITERATION:31
  CHECKED POINTS:        279
  REASSIGNED POINTS:      29
  ITERATION:32
  CHECKED POINTS:        181
  REASSIGNED POINTS:      16
  ITERATION:33
  CHECKED POINTS:        110
  REASSIGNED POINTS:       0

  RUN TIME:     566.08 SECONDS

  CALCULATING MINIMUM DISTANCES TO ATOMS
                 0  10  25  50  75  100
  PERCENT DONE:  **********************

  RUN TIME:   14.28 SECONDS

  WRITING BADER ATOMIC CHARGES TO ACF.dat
  WRITING BADER VOLUME CHARGES TO BCF.dat

  NUMBER OF BADER MAXIMA FOUND:        2726376
      SIGNIFICANT MAXIMA FOUND:           2372
           NUMBER OF ELECTRONS:     1222.98919
 
