 iscf   Eharris(eV)      E_KS(eV)   FreeEng(eV)    dHmax    dDmax   Ef(eV)
    1  -195855.5156  -196104.3686  -196104.3686  1.94510  1.94510  0.00000
    2  -195945.5945  -196054.5804  -196054.5804  1.34836  1.74752  0.00000
    3  -195632.8397  -195801.3425  -195801.3425  2.47579  1.29041  0.00000
    4  -187604.9066  -187250.4499  -187250.4499 24.68818  1.17931  0.00000
    5  -195849.6731  -195863.5891  -195863.5891  2.13956  0.38560  0.00000
    6  -195827.3073  -195823.7456  -195823.7456  1.60116  0.13047  0.00000
    7  -195884.2235  -195887.8786  -195887.8786  1.19657  0.11130  0.00000
    8  -195898.2365  -195898.8556  -195898.8556  0.65577  0.07846  0.00000
    9  -195904.0437  -195904.7020  -195904.7020  0.07967  0.00686  0.00000
   10  -195904.3763  -195904.0763  -195904.0763  0.05069  0.00663  0.00000
   11  -195904.4557  -195904.4626  -195904.4626  0.01605  0.00751  0.00000
   12  -195904.5463  -195904.4789  -195904.4789  0.02043  0.00277  0.00000
   13  -195904.7381  -195904.5712  -195904.5712  0.01197  0.01100  0.00000
   14  -195904.7653  -195904.7779  -195904.7779  0.00820  0.00242  0.00000
   15  -195904.7678  -195904.7689  -195904.7689  0.00432  0.00206  0.00000
   16  -195904.7275  -195904.7722  -195904.7722  0.00343  0.00121  0.00000
   17  -195904.6946  -195904.7249  -195904.7249  0.00228  0.00123  0.00000
   18  -195904.6953  -195904.6975  -195904.6975  0.00233  0.00050  0.00000
   19  -195904.6346  -195904.6941  -195904.6941  0.00178  0.00121  0.00000
   20  -195904.5991  -195904.6333  -195904.6333  0.00128  0.00063  0.00000
   21  -195904.5757  -195904.5983  -195904.5983  0.00078  0.00034  0.00000
   22  -195904.5846  -195904.5743  -195904.5743  0.00061  0.00026  0.00000
   23  -195904.5913  -195904.5853  -195904.5853  0.00052  0.00034  0.00000
   24  -195904.5917  -195904.5908  -195904.5908  0.00025  0.00013  0.00000
   25  -195904.5975  -195904.5920  -195904.5920  0.00026  0.00017  0.00000
   26  -195904.6030  -195904.5974  -195904.5974  0.00016  0.00005  0.00000
   27  -195904.6045  -195904.6030  -195904.6030  0.00012  0.00001  0.00000
   28  -195904.6057  -195904.6046  -195904.6046  0.00010  0.00004  0.00000
    1  -195908.6090  -195904.6057  -195904.6057  0.02393  0.12246  0.00000
    2  -195885.5692  -195893.7803  -195893.7803  0.65876  0.40920  0.00000
    3  -195813.7863  -195799.7095  -195799.7095  1.79679  0.28270  0.00000
    4  -195905.3652  -195906.3576  -195906.3576  0.08503  0.01789  0.00000
    5  -195904.9492  -195905.2607  -195905.2607  0.02877  0.00417  0.00000
    6  -195904.9208  -195904.9118  -195904.9118  0.01512  0.00177  0.00000
    7  -195904.8868  -195904.9295  -195904.9295  0.01230  0.00155  0.00000
    8  -195904.8321  -195904.8862  -195904.8862  0.00720  0.00141  0.00000
    9  -195904.8637  -195904.8300  -195904.8300  0.00658  0.00042  0.00000
   10  -195904.8428  -195904.8674  -195904.8674  0.00474  0.00065  0.00000
   11  -195904.8589  -195904.8383  -195904.8383  0.00334  0.00097  0.00000
   12  -195904.8697  -195904.8643  -195904.8643  0.00174  0.00045  0.00000
   13  -195904.8766  -195904.8691  -195904.8691  0.00087  0.00028  0.00000
   14  -195904.8831  -195904.8768  -195904.8768  0.00044  0.00019  0.00000
   15  -195904.8807  -195904.8834  -195904.8834  0.00025  0.00003  0.00000
   16  -195904.8835  -195904.8804  -195904.8804  0.00026  0.00006  0.00000
   17  -195904.8856  -195904.8838  -195904.8838  0.00014  0.00011  0.00000
   18  -195904.8856  -195904.8855  -195904.8855  0.00011  0.00001  0.00000
   19  -195904.8865  -195904.8856  -195904.8856  0.00009  0.00002  0.00000
    1  -195907.7925  -195904.8866  -195904.8866  0.02397  0.11905  0.00000
    2  -195888.2206  -195893.3683  -195893.3683  0.65814  0.40146  0.00000
    3  -195814.3624  -195802.5365  -195802.5365  1.78492  0.27680  0.00000
    4  -195905.4208  -195906.4258  -195906.4258  0.08643  0.01778  0.00000
    5  -195905.0746  -195905.3207  -195905.3207  0.02568  0.00413  0.00000
    6  -195905.0316  -195905.0402  -195905.0402  0.01527  0.00174  0.00000
    7  -195905.0128  -195905.0356  -195905.0356  0.01222  0.00112  0.00000
    8  -195904.9521  -195905.0131  -195905.0131  0.00834  0.00151  0.00000
    9  -195904.9780  -195904.9461  -195904.9461  0.00647  0.00060  0.00000
   10  -195904.9519  -195904.9837  -195904.9837  0.00428  0.00073  0.00000
   11  -195904.9673  -195904.9464  -195904.9464  0.00444  0.00066  0.00000
   12  -195904.9773  -195904.9709  -195904.9709  0.00153  0.00020  0.00000
   13  -195904.9838  -195904.9781  -195904.9781  0.00093  0.00021  0.00000
   14  -195904.9934  -195904.9842  -195904.9842  0.00067  0.00026  0.00000
   15  -195904.9910  -195904.9942  -195904.9942  0.00031  0.00009  0.00000
   16  -195904.9936  -195904.9904  -195904.9904  0.00030  0.00005  0.00000
   17  -195904.9964  -195904.9941  -195904.9941  0.00015  0.00010  0.00000
   18  -195904.9962  -195904.9965  -195904.9965  0.00010  0.00001  0.00000
    1  -195906.6756  -195904.9962  -195904.9962  0.02402  0.11805  0.00000
    2  -195890.9253  -195892.5534  -195892.5534  0.65118  0.40532  0.00000
    3  -195813.4840  -195803.9563  -195803.9563  1.77607  0.27761  0.00000
    4  -195905.3911  -195906.5617  -195906.5617  0.09691  0.01981  0.00000
    5  -195905.0049  -195905.2904  -195905.2904  0.02727  0.00420  0.00000
    6  -195904.9680  -195904.9629  -195904.9629  0.01538  0.00160  0.00000
    7  -195904.9361  -195904.9713  -195904.9713  0.01238  0.00125  0.00000
    8  -195904.8802  -195904.9361  -195904.9361  0.00788  0.00131  0.00000
    9  -195904.8976  -195904.8711  -195904.8711  0.00629  0.00040  0.00000
   10  -195904.8755  -195904.9032  -195904.9032  0.00429  0.00065  0.00000
   11  -195904.8934  -195904.8713  -195904.8713  0.00405  0.00071  0.00000
   12  -195904.9034  -195904.8967  -195904.8967  0.00156  0.00022  0.00000
   13  -195904.9112  -195904.9045  -195904.9045  0.00091  0.00021  0.00000
   14  -195904.9199  -195904.9117  -195904.9117  0.00059  0.00019  0.00000
   15  -195904.9187  -195904.9209  -195904.9209  0.00031  0.00008  0.00000
   16  -195904.9205  -195904.9182  -195904.9182  0.00027  0.00005  0.00000
   17  -195904.9238  -195904.9208  -195904.9208  0.00017  0.00011  0.00000
   18  -195904.9239  -195904.9240  -195904.9240  0.00012  0.00001  0.00000
   19  -195904.9243  -195904.9238  -195904.9238  0.00009  0.00001  0.00000
    1  -195905.4686  -195904.9243  -195904.9243  0.02401  0.11754  0.00000
    2  -195893.0002  -195891.7578  -195891.7578  0.65243  0.40236  0.00000
    3  -195810.3937  -195802.5309  -195802.5309  1.80475  0.27327  0.00000
    4  -195905.1579  -195906.5335  -195906.5335  0.10696  0.02223  0.00000
    5  -195904.6297  -195905.0569  -195905.0569  0.02876  0.00514  0.00000
    6  -195904.6494  -195904.5527  -195904.5527  0.01488  0.00228  0.00000
    7  -195904.6318  -195904.6689  -195904.6689  0.01175  0.00147  0.00000
    8  -195904.6058  -195904.6283  -195904.6283  0.00599  0.00136  0.00000
    9  -195904.6151  -195904.6015  -195904.6015  0.00421  0.00145  0.00000
   10  -195904.6436  -195904.6233  -195904.6233  0.00443  0.00124  0.00000
   11  -195904.6239  -195904.6437  -195904.6437  0.00124  0.00040  0.00000
   12  -195904.6350  -195904.6203  -195904.6203  0.00121  0.00019  0.00000
   13  -195904.6438  -195904.6372  -195904.6372  0.00054  0.00023  0.00000
   14  -195904.6466  -195904.6444  -195904.6444  0.00036  0.00017  0.00000
   15  -195904.6467  -195904.6468  -195904.6468  0.00016  0.00005  0.00000
   16  -195904.6478  -195904.6466  -195904.6466  0.00015  0.00004  0.00000
   17  -195904.6481  -195904.6479  -195904.6479  0.00013  0.00003  0.00000
   18  -195904.6490  -195904.6480  -195904.6480  0.00010  0.00001  0.00000
