cpu-bind=MASK - cn1057, task  0  0 [49710]: mask 0xffffffffffffffff set
--------------------------------------------------------------------------
Open MPI failed an OFI Libfabric library call (fi_domain).  This is highly
unusual; your job may behave unpredictably (and/or abort) after this.

  Local host: cn1065
  Location: mtl_ofi_component.c:928
  Error: No data available (61)
--------------------------------------------------------------------------
[cn1057.scarf.rl.ac.uk:50705] [[7561,0],0] ORTE_ERROR_LOG: Out of resource in file util/show_help.c at line 501
[cn1057.scarf.rl.ac.uk:50705] 238 more processes have sent help message help-mtl-ofi.txt / OFI call fail
[cn1057.scarf.rl.ac.uk:50705] Set MCA parameter "orte_base_help_aggregate" to 0 to see all help / error messages
[1677016722.359430] [cn1058:6037 :0]          mpool.c:43   UCX  WARN  object 0xb23f4c0 was not returned to mpool ucp_requests
[1677016722.353820] [cn1057:50747:0]          mpool.c:43   UCX  WARN  object 0x622ec40 was not returned to mpool ucp_requests
[1677016722.353856] [cn1057:50748:0]          mpool.c:43   UCX  WARN  object 0x6501380 was not returned to mpool ucp_requests
[1677016722.353927] [cn1057:50749:0]          mpool.c:43   UCX  WARN  object 0xb303ec0 was not returned to mpool ucp_requests
[1677016722.353899] [cn1057:50750:0]          mpool.c:43   UCX  WARN  object 0x6817dc0 was not returned to mpool ucp_requests
[1677016722.353846] [cn1057:50751:0]          mpool.c:43   UCX  WARN  object 0xb49be40 was not returned to mpool ucp_requests
[1677016722.353846] [cn1057:50752:0]          mpool.c:43   UCX  WARN  object 0xb84f000 was not returned to mpool ucp_requests
[1677016722.353895] [cn1057:50753:0]          mpool.c:43   UCX  WARN  object 0xaf99980 was not returned to mpool ucp_requests
[1677016722.353919] [cn1057:50754:0]          mpool.c:43   UCX  WARN  object 0xa945200 was not returned to mpool ucp_requests
[1677016722.353982] [cn1057:50755:0]          mpool.c:43   UCX  WARN  object 0xba68b40 was not returned to mpool ucp_requests
[1677016722.353988] [cn1057:50756:0]          mpool.c:43   UCX  WARN  object 0xb88bbc0 was not returned to mpool ucp_requests
grep: log_3_0V.out: No such file or directory
cp: cannot stat ‘0V-VH_z-00.dat’: No such file or directory
cp: cannot stat ‘0V-VH_z-00.dat’: No such file or directory
cp: cannot stat ‘0V-RHO_z-00.dat’: No such file or directory
cp: cannot stat ‘0V-RHO_z-00.dat’: No such file or directory
rm: cannot remove ‘*.txt’: No such file or directory
