
Lmod is automatically replacing "cce/15.0.0" with "gcc/11.2.0".


Lmod is automatically replacing "PrgEnv-cray/8.3.3" with "PrgEnv-gnu/8.3.3".


Due to MODULEPATH changes, the following have been reloaded:
  1) cray-mpich/8.1.23

Lmod has detected the following error: The following module(s) are unknown:
"cpe/21.09"

Please check the spelling or version number. Also try "module spider ..."
It is also possible your cache file is out-of-date; it may help to try:
  $ module --ignore-cache load "cpe/21.09"

Also make sure that all modulefiles written in TCL start with the string
#%Module



sed: can't read 2_dft_wfn.inp: No such file or directory
sed: can't read 3_0V.inp: No such file or directory
sed: can't read 4_V.inp: No such file or directory
sed: can't read 3_0V.inp: No such file or directory
0.1
mv: cannot stat '4_V.inp': No such file or directory
MPICH ERROR [Rank 9] [job id 5756918.0] [Fri Mar  1 16:02:12 2024] [nid005890] - Abort(338764943) (rank 9 in comm 0): Fatal error in PMPI_Buffer_detach: Other MPI error, error stack:
PMPI_Buffer_detach(132)........: MPI_Buffer_detach(buf=0x7ffc97f1f698, size=0x7ffc97f1f8bc) failed
MPIR_Bsend_detach(188).........: 
MPIR_Wait(93)..................: 
MPIR_Wait_impl(41).............: 
MPID_Progress_wait(193)........: 
MPIDI_Progress_test(89)........: 
MPIDI_OFI_handle_cq_error(1062): OFI poll failed (ofi_events.c:1064:MPIDI_OFI_handle_cq_error:Input/output error - transport retry counter exceeded)

aborting job:
Fatal error in PMPI_Buffer_detach: Other MPI error, error stack:
PMPI_Buffer_detach(132)........: MPI_Buffer_detach(buf=0x7ffc97f1f698, size=0x7ffc97f1f8bc) failed
MPIR_Bsend_detach(188).........: 
MPIR_Wait(93)..................: 
MPIR_Wait_impl(41).............: 
MPID_Progress_wait(193)........: 
MPIDI_Progress_test(89)........: 
MPIDI_OFI_handle_cq_error(1062): OFI poll failed (ofi_events.c:1064:MPIDI_OFI_handle_cq_error:Input/output error - transport retry counter exceeded)
srun: error: nid005890: task 9: Exited with exit code 255
srun: launch/slurm: _step_signal: Terminating StepId=5756918.0
srun: error: nid005935: tasks 32-35: Terminated
srun: error: nid005937: tasks 40-43: Terminated
srun: error: nid005884: tasks 4-7: Terminated
srun: error: nid005981: tasks 56-59: Terminated
srun: error: nid005939: tasks 44-47: Terminated
srun: error: nid005905: tasks 12-15: Terminated
srun: error: nid005927: tasks 28-31: Terminated
srun: error: nid005936: tasks 36-39: Terminated
srun: error: nid005923: tasks 20-23: Terminated
srun: error: nid005925: tasks 24-27: Terminated
srun: error: nid005945: tasks 48-51: Terminated
srun: error: nid005913: tasks 16-19: Terminated
srun: error: nid005890: tasks 8,10-11: Terminated
srun: error: nid005982: tasks 60-63: Terminated
srun: error: nid005963: tasks 52-55: Terminated
