Done.


###############################################################################
TCHPC Cluster: lonsdale
Job 163967 (sc-1.0) for User 'baim' in Account 'hpc_12_00447'
Finished at: Mon Nov  4 22:56:59 GMT 2013

Job completion status:
======================

       JobID    JobName      Account  Partition   NTasks  AllocCPUS  MaxVMSize    Elapsed      State ExitCode 
------------ ---------- ------------ ---------- -------- ---------- ---------- ---------- ---------- -------- 
163967           sc-1.0 hpc_12_00447    compute                   8              00:02:12    RUNNING      0:0 
163967.batch      batch hpc_12_00447                   1          1          0   00:02:12    RUNNING      0:0 


Job details:
============

JobId=163967 Name=sc-1.0
   UserId=baim(5349) GroupId=baim(9152)
   Priority=15122849 Account=hpc_12_00447 QOS=normal
   JobState=COMPLETING Reason=None Dependency=(null)
   Requeue=0 Restarts=0 BatchFlag=1 ExitCode=0:0
   DerivedExitCode=0:0
   RunTime=00:02:12 TimeLimit=03:00:00 TimeMin=N/A
   SubmitTime=2013-11-04T22:54:47 EligibleTime=2013-11-04T22:54:47
   StartTime=2013-11-04T22:54:47 EndTime=2013-11-04T22:56:59
   PreemptTime=None SuspendTime=None SecsPreSuspend=0
   Partition=compute AllocNode:Sid=lonsdale01:31335
   ReqNodeList=(null) ExcNodeList=(null)
   NodeList=lonsdale-n062
   BatchHost=lonsdale-n062
   NumNodes=1 NumCPUs=8 CPUs/Task=1 ReqS:C:T=*:*:*
     Nodes=lonsdale-n062 CPU_IDs=0-7 Mem=15200
   MinCPUsNode=1 MinMemoryCPU=1900M MinTmpDiskNode=0
   Features=(null) Gres=(null) Reservation=(null)
   Shared=0 Contiguous=0 Licenses=(null) Network=(null)
   Command=/home/users/baim/workspace/MD/gold/3d/100/jp/spd/newbasis/bias/h2/1.0/sc/sc.sh
   WorkDir=/home/users/baim/workspace/MD/gold/3d/100/jp/spd/newbasis/bias/h2/1.0/sc


Disk quota details:
===================

Quota Type           Name  Filesystem     Usage in MB     Limit in MB    % Used
-------------------------------------------------------------------------------
USER                 baim       /home          36,703          51,200    71.69%
USER                 baim   /projects             188               0       N/A

GROUP         pi-ssanvito   /projects       6,176,910       6,291,456    98.18%


SLURM Bank Statement:
=====================

User           Usage |        Account     Usage | Account Limit Available (CPU hrs)
---------- --------- + -------------- --------- + ------------- ---------

baim         129,419 |   HPC_12_00447   129,419 |       300,000   170,581
ssanvito           0 |   HPC_12_00447   129,419 |       300,000   170,581


Acknowledgements:
=================

Note that usage of TCHPC Resources *must* be acknowledged in all publications.

Please see this page for details relevant to this cluster:

http://www.tchpc.tcd.ie/resources/acknowledgementpolicy

################################################################################
