slurmd[lonsdale-n035]: *** JOB 161712 CANCELLED AT 2013-10-04T11:06:46 ***
mpirun: killing job...



###############################################################################
TCHPC Cluster: lonsdale
Job 161712 (freq-1.9) for User 'baim' in Account 'hpc_12_00447'
Finished at: Fri Oct  4 11:06:46 IST 2013

Job completion status:
======================

       JobID    JobName      Account  Partition   NTasks  AllocCPUS  MaxVMSize    Elapsed      State ExitCode 
------------ ---------- ------------ ---------- -------- ---------- ---------- ---------- ---------- -------- 
161712         freq-1.9 hpc_12_00447    compute                  48              10:48:55 CANCELLED+      0:0 
161712.0          orted hpc_12_00447                   5          5          0   10:48:55  CANCELLED      0:0 


Job details:
============

JobId=161712 Name=freq-1.9
   UserId=baim(5349) GroupId=baim(9152)
   Priority=12863524 Account=hpc_12_00447 QOS=normal
   JobState=COMPLETING Reason=None Dependency=(null)
   Requeue=0 Restarts=0 BatchFlag=1 ExitCode=0:0
   DerivedExitCode=0:0
   RunTime=10:48:55 TimeLimit=23:00:00 TimeMin=N/A
   SubmitTime=2013-10-01T17:36:05 EligibleTime=2013-10-01T17:36:05
   StartTime=2013-10-04T00:17:51 EndTime=2013-10-04T11:06:46
   PreemptTime=None SuspendTime=None SecsPreSuspend=0
   Partition=compute AllocNode:Sid=lonsdale01:710
   ReqNodeList=(null) ExcNodeList=(null)
   NodeList=lonsdale-n[035-039,041]
   BatchHost=lonsdale-n035
   NumNodes=6 NumCPUs=48 CPUs/Task=1 ReqS:C:T=*:*:*
     Nodes=lonsdale-n[035-039,041] CPU_IDs=0-7 Mem=15200
   MinCPUsNode=1 MinMemoryCPU=1900M MinTmpDiskNode=0
   Features=(null) Gres=(null) Reservation=(null)
   Shared=0 Contiguous=0 Licenses=(null) Network=(null)
   Command=/home/users/baim/workspace/MD/gold/3d/100/jp/spd/newbasis/bias/1.9/800/freq/freq.sh
   WorkDir=/home/users/baim/workspace/MD/gold/3d/100/jp/spd/newbasis/bias/1.9/800/freq


Disk quota details:
===================

Quota Type           Name  Filesystem     Usage in MB     Limit in MB    % Used
-------------------------------------------------------------------------------
USER                 baim       /home          41,541          51,200    81.14%
USER                 baim   /projects             188               0       N/A

GROUP         pi-ssanvito   /projects       6,127,193       6,291,456    97.39%


SLURM Bank Statement:
=====================

User           Usage |        Account     Usage | Account Limit Available (CPU hrs)
---------- --------- + -------------- --------- + ------------- ---------

baim         128,737 |   HPC_12_00447   128,737 |       300,000   171,263
ssanvito           0 |   HPC_12_00447   128,737 |       300,000   171,263


Acknowledgements:
=================

Note that usage of TCHPC Resources *must* be acknowledged in all publications.

Please see this page for details relevant to this cluster:

http://www.tchpc.tcd.ie/resources/acknowledgementpolicy

################################################################################
