slurmd[lonsdale-n049]: *** JOB 161657 CANCELLED AT 2013-10-01T17:31:16 DUE TO TIME LIMIT ***


###############################################################################
TCHPC Cluster: lonsdale
Job 161657 (freq-1.9) for User 'baim' in Account 'hpc_12_00447'
Finished at: Tue Oct  1 17:31:16 IST 2013

Job completion status:
======================

       JobID    JobName      Account  Partition   NTasks  AllocCPUS  MaxVMSize    Elapsed      State ExitCode 
------------ ---------- ------------ ---------- -------- ---------- ---------- ---------- ---------- -------- 
161657         freq-1.9 hpc_12_00447    compute                  48              23:00:22    TIMEOUT      0:1 
161657.0          orted hpc_12_00447                   5          5          0   23:00:19    TIMEOUT      0:0 


Job details:
============

JobId=161657 Name=freq-1.9
   UserId=baim(5349) GroupId=baim(9152)
   Priority=14999297 Account=hpc_12_00447 QOS=normal
   JobState=COMPLETING Reason=TimeLimit Dependency=(null)
   Requeue=0 Restarts=0 BatchFlag=1 ExitCode=0:1
   DerivedExitCode=0:0
   RunTime=23:00:22 TimeLimit=23:00:00 TimeMin=N/A
   SubmitTime=2013-09-30T16:45:24 EligibleTime=2013-09-30T16:45:24
   StartTime=2013-09-30T18:30:54 EndTime=2013-10-01T17:31:16
   PreemptTime=None SuspendTime=None SecsPreSuspend=0
   Partition=compute AllocNode:Sid=lonsdale01:15612
   ReqNodeList=(null) ExcNodeList=(null)
   NodeList=lonsdale-n[049,051-054,058]
   BatchHost=lonsdale-n049
   NumNodes=6 NumCPUs=48 CPUs/Task=1 ReqS:C:T=*:*:*
     Nodes=lonsdale-n[049,051-054,058] CPU_IDs=0-7 Mem=15200
   MinCPUsNode=1 MinMemoryCPU=1900M MinTmpDiskNode=0
   Features=(null) Gres=(null) Reservation=(null)
   Shared=0 Contiguous=0 Licenses=(null) Network=(null)
   Command=/home/users/baim/workspace/MD/gold/3d/100/jp/spd/newbasis/bias/1.9/800/freq/freq.sh
   WorkDir=/home/users/baim/workspace/MD/gold/3d/100/jp/spd/newbasis/bias/1.9/800/freq


Disk quota details:
===================

Quota Type           Name  Filesystem     Usage in MB     Limit in MB    % Used
-------------------------------------------------------------------------------
USER                 baim       /home          44,173          51,200    86.28%
USER                 baim   /projects             188               0       N/A

GROUP         pi-ssanvito   /projects       6,126,862       6,291,456    97.38%


SLURM Bank Statement:
=====================

User           Usage |        Account     Usage | Account Limit Available (CPU hrs)
---------- --------- + -------------- --------- + ------------- ---------

baim         127,834 |   HPC_12_00447   127,834 |       300,000   172,166
ssanvito           0 |   HPC_12_00447   127,834 |       300,000   172,166


Acknowledgements:
=================

Note that usage of TCHPC Resources *must* be acknowledged in all publications.

Please see this page for details relevant to this cluster:

http://www.tchpc.tcd.ie/resources/acknowledgementpolicy

################################################################################
