cpu-bind=MASK - cn1029, task  0  0 [50051]: mask 0xffffffffffffffff set
--------------------------------------------------------------------------
Open MPI failed an OFI Libfabric library call (fi_domain).  This is highly
unusual; your job may behave unpredictably (and/or abort) after this.

  Local host: cn1042
  Location: mtl_ofi_component.c:928
  Error: No data available (61)
--------------------------------------------------------------------------
[cn1029.scarf.rl.ac.uk:51062] 239 more processes have sent help message help-mtl-ofi.txt / OFI call fail
[cn1029.scarf.rl.ac.uk:51062] Set MCA parameter "orte_base_help_aggregate" to 0 to see all help / error messages
--------------------------------------------------------------------------
Open MPI failed an OFI Libfabric library call (fi_domain).  This is highly
unusual; your job may behave unpredictably (and/or abort) after this.

  Local host: cn1043
  Location: mtl_ofi_component.c:928
  Error: No data available (61)
--------------------------------------------------------------------------
[cn1029.scarf.rl.ac.uk:51759] 239 more processes have sent help message help-mtl-ofi.txt / OFI call fail
[cn1029.scarf.rl.ac.uk:51759] Set MCA parameter "orte_base_help_aggregate" to 0 to see all help / error messages
[1679049472.626973] [cn1029:51833:0]          mpool.c:43   UCX  WARN  object 0x644d440 was not returned to mpool ucp_requests
[1679049472.627021] [cn1029:51827:0]          mpool.c:43   UCX  WARN  object 0x6357380 was not returned to mpool ucp_requests
[1679049472.627099] [cn1029:51851:0]          mpool.c:43   UCX  WARN  object 0xa3c0100 was not returned to mpool ucp_requests
[1679049472.627115] [cn1029:51836:0]          mpool.c:43   UCX  WARN  object 0x5662100 was not returned to mpool ucp_requests
[1679049472.627143] [cn1029:51848:0]          mpool.c:43   UCX  WARN  object 0xb91f0c0 was not returned to mpool ucp_requests
[1679049472.627157] [cn1029:51832:0]          mpool.c:43   UCX  WARN  object 0x59b7e80 was not returned to mpool ucp_requests
[1679049472.627165] [cn1029:51845:0]          mpool.c:43   UCX  WARN  object 0xbf4db00 was not returned to mpool ucp_requests
[1679049472.627176] [cn1029:51855:0]          mpool.c:43   UCX  WARN  object 0xb95b340 was not returned to mpool ucp_requests
[1679049472.627208] [cn1029:51839:0]          mpool.c:43   UCX  WARN  object 0xa1fd500 was not returned to mpool ucp_requests
[1679049472.627199] [cn1029:51843:0]          mpool.c:43   UCX  WARN  object 0xbbae580 was not returned to mpool ucp_requests
-1.0989796330E+001
--------------------------------------------------------------------------
Open MPI failed an OFI Libfabric library call (fi_domain).  This is highly
unusual; your job may behave unpredictably (and/or abort) after this.

  Local host: cn1047
  Location: mtl_ofi_component.c:928
  Error: No data available (61)
--------------------------------------------------------------------------
[cn1029.scarf.rl.ac.uk:52377] 239 more processes have sent help message help-mtl-ofi.txt / OFI call fail
[cn1029.scarf.rl.ac.uk:52377] Set MCA parameter "orte_base_help_aggregate" to 0 to see all help / error messages
[1679050484.814210] [cn1029:52466:0]          mpool.c:43   UCX  WARN  object 0xafaed00 was not returned to mpool ucp_requests
[1679050484.814253] [cn1029:52463:0]          mpool.c:43   UCX  WARN  object 0xc1e0a00 was not returned to mpool ucp_requests
[1679050484.815409] [cn1029:52464:0]          mpool.c:43   UCX  WARN  object 0x4f0a9c0 was not returned to mpool ucp_requests
[1679050484.815819] [cn1029:52455:0]          mpool.c:43   UCX  WARN  object 0xa394d40 was not returned to mpool ucp_requests
[1679050484.815843] [cn1029:52460:0]          mpool.c:43   UCX  WARN  object 0xbf06c80 was not returned to mpool ucp_requests
[1679050484.815861] [cn1029:52449:0]          mpool.c:43   UCX  WARN  object 0xa6d75c0 was not returned to mpool ucp_requests
[1679050484.815861] [cn1029:52452:0]          mpool.c:43   UCX  WARN  object 0xa7c88c0 was not returned to mpool ucp_requests
[1679050484.815899] [cn1029:52462:0]          mpool.c:43   UCX  WARN  object 0xb786900 was not returned to mpool ucp_requests
[1679050484.817568] [cn1029:52448:0]          mpool.c:43   UCX  WARN  object 0x54f1980 was not returned to mpool ucp_requests
[1679050484.817785] [cn1029:52444:0]          mpool.c:43   UCX  WARN  object 0x5e91d00 was not returned to mpool ucp_requests
cp: cannot stat ‘0V-VH_z-0030.dat’: No such file or directory
cp: cannot stat ‘0V-VH_z-0030.dat’: No such file or directory
cp: cannot stat ‘0V-RHO_z-0030.dat’: No such file or directory
cp: cannot stat ‘0V-RHO_z-0030.dat’: No such file or directory
