slurmd[lonsdale-n001]: *** JOB 165616 CANCELLED AT 2013-12-02T13:54:55 ***
mpirun: killing job...



###############################################################################
TCHPC Cluster: lonsdale
Job 165616 (coop) for User 'baim' in Account 'hpc_12_00447'
Finished at: Mon Dec  2 13:54:55 GMT 2013

Job completion status:
======================

       JobID    JobName      Account  Partition   NTasks  AllocCPUS  MaxVMSize    Elapsed      State ExitCode 
------------ ---------- ------------ ---------- -------- ---------- ---------- ---------- ---------- -------- 
165616             coop hpc_12_00447      debug                   8              00:00:47 CANCELLED+      0:0 


Job details:
============

JobId=165616 Name=coop
   UserId=baim(5349) GroupId=baim(9152)
   Priority=18092191 Account=hpc_12_00447 QOS=normal
   JobState=COMPLETING Reason=None Dependency=(null)
   Requeue=0 Restarts=0 BatchFlag=1 ExitCode=0:0
   DerivedExitCode=0:0
   RunTime=00:00:47 TimeLimit=00:30:00 TimeMin=N/A
   SubmitTime=2013-12-02T13:54:07 EligibleTime=2013-12-02T13:54:08
   StartTime=2013-12-02T13:54:08 EndTime=2013-12-02T13:54:55
   PreemptTime=None SuspendTime=None SecsPreSuspend=0
   Partition=debug AllocNode:Sid=lonsdale01:391
   ReqNodeList=(null) ExcNodeList=(null)
   NodeList=lonsdale-n001
   BatchHost=lonsdale-n001
   NumNodes=1 NumCPUs=8 CPUs/Task=1 ReqS:C:T=*:*:*
     Nodes=lonsdale-n001 CPU_IDs=0-7 Mem=15200
   MinCPUsNode=1 MinMemoryCPU=1900M MinTmpDiskNode=0
   Features=(null) Gres=(null) Reservation=(null)
   Shared=0 Contiguous=0 Licenses=(null) Network=(null)
   Command=/home/users/baim/workspace/MD/gold/3d/100/jp/spd/newbasis/bias/fe_cohp/1/smg/coop.sh
   WorkDir=/home/users/baim/workspace/MD/gold/3d/100/jp/spd/newbasis/bias/fe_cohp/1/smg


Disk quota details:
===================

Quota Type           Name  Filesystem     Usage in MB     Limit in MB    % Used
-------------------------------------------------------------------------------
USER                 baim       /home          43,879          51,200    85.70%
USER                 baim   /projects             188               0       N/A

GROUP         pi-ssanvito   /projects       6,244,018       6,291,456    99.25%


SLURM Bank Statement:
=====================

User           Usage |        Account     Usage | Account Limit Available (CPU hrs)
---------- --------- + -------------- --------- + ------------- ---------

baim         129,537 |   HPC_12_00447   129,537 |       300,000   170,463
ssanvito           0 |   HPC_12_00447   129,537 |       300,000   170,463


Acknowledgements:
=================

Note that usage of TCHPC Resources *must* be acknowledged in all publications.

Please see this page for details relevant to this cluster:

http://www.tchpc.tcd.ie/resources/acknowledgementpolicy

################################################################################
